23:41:22 [INFO] === New MPC Session Started ===
23:41:22 [DEBUG] matplotlib data path: /usr/share/matplotlib/mpl-data
23:41:22 [DEBUG] CONFIGDIR=/home/max/.config/matplotlib
23:41:22 [DEBUG] interactive is False
23:41:22 [DEBUG] platform is linux
23:41:22 [DEBUG] loaded modules: ['sys', 'builtins', '_frozen_importlib', '_imp', '_thread', '_warnings', '_weakref', '_io', 'marshal', 'posix', '_frozen_importlib_external', 'time', 'zipimport', '_codecs', 'codecs', 'encodings.aliases', 'encodings', 'encodings.utf_8', '_signal', '_abc', 'abc', 'io', '__main__', '_stat', 'stat', '_collections_abc', 'genericpath', 'posixpath', 'os.path', 'os', '_sitebuiltins', 'types', 'importlib._bootstrap', 'importlib._bootstrap_external', 'warnings', 'importlib', 'importlib._abc', 'itertools', 'keyword', '_operator', 'operator', 'reprlib', '_collections', 'collections', '_functools', 'functools', 'contextlib', 'importlib.util', 'importlib.machinery', 'mpl_toolkits', 'phply', 'ruamel', 'zope', 'apport_python_hook', 'sitecustomize', 'site', 'crowdnav', 'crowdnav.env', 'gym.error', 'gym.version', 'collections.abc', 'enum', '_sre', 'sre_constants', 'sre_parse', 'sre_compile', '_locale', 'copyreg', 're', 'typing.io', 'typing.re', 'typing', 'numpy._utils._convertions', 'numpy._utils', 'numpy._globals', 'numpy.exceptions', 'numpy.version', 'numpy._distributor_init', 'numpy._utils._inspect', 'math', '_datetime', 'datetime', 'numpy.core._exceptions', 'numpy.dtypes', 'numpy.core._multiarray_umath', 'numpy.core.overrides', 'numpy.core.multiarray', 'numpy.core.umath', 'numbers', 'numpy.core._string_helpers', 'fnmatch', 'ntpath', 'errno', 'urllib', 'ipaddress', 'urllib.parse', 'pathlib', '_struct', 'struct', '_compat_pickle', '_pickle', 'pickle', 'numpy.compat.py3k', 'numpy.compat', 'numpy.core._dtype', 'numpy.core._type_aliases', 'numpy.core.numerictypes', '_contextvars', 'contextvars', 'numpy.core._ufunc_config', 'numpy.core._methods', 'numpy.core.fromnumeric', 'numpy.core.shape_base', 'numpy.core.arrayprint', 'numpy.core._asarray', 'numpy.core.numeric', 'numpy.core.defchararray', 'numpy.core.records', 'numpy.core.memmap', 'numpy.core.function_base', 'numpy.core._machar', 'numpy.core.getlimits', 'numpy.core.einsumfunc', 'numpy.core._multiarray_tests', 'numpy.core._add_newdocs', 'numpy.core._add_newdocs_scalars', 'numpy.core._dtype_ctypes', '_ast', 'ast', '_ctypes', 'ctypes._endian', 'ctypes', 'numpy.core._internal', 'numpy._pytesttester', 'numpy.core', 'numpy.__config__', 'numpy.lib.mixins', 'numpy.lib.ufunclike', 'numpy.lib.type_check', 'numpy.lib.scimath', 'numpy.lib.stride_tricks', 'numpy.lib.twodim_base', 'numpy.linalg._umath_linalg', '__future__', 'numpy._typing._nested_sequence', 'numpy._typing._nbit', 'numpy._typing._char_codes', 'numpy._typing._scalars', 'numpy._typing._shape', 'numpy._typing._dtype_like', 'numpy._typing._array_like', 'numpy._typing', 'numpy.linalg.linalg', 'numpy.linalg', 'numpy.matrixlib.defmatrix', 'numpy.matrixlib', 'numpy.lib.histograms', 'numpy.lib.function_base', 'numpy.lib.index_tricks', 'numpy.lib.nanfunctions', 'numpy.lib.shape_base', 'numpy.lib.polynomial', 'textwrap', 'signal', '_weakrefset', 'threading', 'fcntl', '_posixsubprocess', 'select', 'selectors', 'subprocess', 'platform', 'numpy.lib.utils', 'numpy.lib.arraysetops', 'weakref', 'numpy.lib.format', 'numpy.lib._datasource', 'numpy.lib._iotools', 'numpy.lib.npyio', 'numpy.lib.arrayterator', 'numpy.lib.arraypad', 'numpy.lib._version', 'numpy.lib', 'numpy.fft._pocketfft_internal', 'numpy.fft._pocketfft', 'numpy.fft.helper', 'numpy.fft', 'numpy.polynomial.polyutils', 'numpy.polynomial._polybase', 'numpy.polynomial.polynomial', 'numpy.polynomial.chebyshev', 'numpy.polynomial.legendre', 'numpy.polynomial.hermite', 'numpy.polynomial.hermite_e', 'numpy.polynomial.laguerre', 'numpy.polynomial', 'cython_runtime', '_cython_3_0_8', 'numpy.random._common', 'binascii', 'base64', '_hashlib', '_blake2', 'hashlib', 'hmac', '_bisect', 'bisect', '_random', '_sha512', 'random', 'secrets', 'numpy.random.bit_generator', 'numpy.random._bounded_integers', 'numpy.random._mt19937', 'numpy.random.mtrand', 'numpy.random._philox', 'numpy.random._pcg64', 'numpy.random._sfc64', 'numpy.random._generator', 'numpy.random._pickle', 'numpy.random', 'numpy.ctypeslib', '_opcode', 'opcode', 'dis', 'token', 'tokenize', 'linecache', 'inspect', 'numpy.ma.core', 'numpy.ma.extras', 'numpy.ma', 'numpy', 'gym.utils.colorize', 'gym.utils.ezpickle', 'gym.utils', 'gym.logger', 'gym.utils.seeding', 'gym.spaces.space', 'gym.spaces.box', 'gym.spaces.dict', 'gym.spaces.discrete', 'gym.spaces.multi_discrete', 'gym.spaces.graph', 'gym.spaces.multi_binary', 'gym.spaces.sequence', 'gym.spaces.text', 'gym.spaces.tuple', 'gym.spaces.utils', 'gym.spaces', 'gym.core', 'copy', '_heapq', 'heapq', 'difflib', 'dataclasses', 'cv2.load_config_py3', 'cv2.version', 'numpy._core', 'numpy._core._multiarray_umath', 'cv2.gapi.core', 'cv2.gapi.core.cpu', 'cv2.gapi.core.fluid', 'cv2.gapi.core.ocl', 'cv2.gapi.ie', 'cv2.gapi.ie.detail', 'cv2.gapi.imgproc', 'cv2.gapi.imgproc.fluid', 'cv2.gapi.oak', 'cv2.gapi.onnx', 'cv2.gapi.onnx.ep', 'cv2.gapi.ot', 'cv2.gapi.ot.cpu', 'cv2.gapi.ov', 'cv2.gapi.own', 'cv2.gapi.own.detail', 'cv2.gapi.render', 'cv2.gapi.render.ocv', 'cv2.gapi.streaming', 'cv2.gapi.video', 'cv2.gapi.wip', 'cv2.gapi.wip.draw', 'cv2.gapi.wip.gst', 'cv2.gapi.wip.onevpl', 'cv2.utils.fs', 'cv2.utils.nested', 'cv2.gapi', 'cv2.ogl', 'cv2.data', 'cv2.detail', 'cv2.flann', 'cv2.ml', 'cv2.aruco', 'cv2.qt', 'cv2.utils', 'cv2.typing', 'cv2.samples', 'cv2.barcode', 'cv2.segmentation', 'cv2.ocl', 'cv2.cuda', 'cv2.parallel', 'cv2.dnn', 'cv2.Error', 'cv2.videoio_registry', 'cv2.ipp', 'cv2.fisheye', 'cv2.misc.version', 'cv2.misc', 'cv2.mat_wrapper', 'cv2', 'gym.wrappers.atari_preprocessing', 'gym.wrappers.autoreset', 'gym.wrappers.clip_action', 'gym.wrappers.filter_observation', 'gym.wrappers.flatten_observation', 'gym.wrappers.frame_stack', 'gym.wrappers.gray_scale_observation', 'gym.wrappers.human_rendering', 'gym.wrappers.normalize', 'gym.wrappers.order_enforcing', 'gym.wrappers.record_episode_statistics', 'gym.wrappers.monitoring', '_json', 'json.scanner', 'json.decoder', 'json.encoder', 'json', 'zlib', '_compression', '_bz2', 'bz2', '_lzma', 'lzma', 'shutil', 'tempfile', 'gym.wrappers.monitoring.video_recorder', 'gym.wrappers.record_video', 'gym.wrappers.render_collection', 'gym.wrappers.rescale_action', 'gym.wrappers.resize_observation', 'gym.utils.step_api_compatibility', 'gym.wrappers.step_api_compatibility', 'gym.wrappers.time_aware_observation', 'gym.wrappers.time_limit', 'gym.wrappers.transform_observation', 'gym.wrappers.transform_reward', 'gym.wrappers.vector_list_info', 'gym.wrappers', 'gym.wrappers.compatibility', 'gym.utils.passive_env_checker', 'gym.wrappers.env_checker', '_csv', 'csv', 'email', 'zipfile', 'uu', 'quopri', '_socket', 'array', 'socket', 'locale', 'calendar', 'email._parseaddr', 'email.base64mime', '_string', 'string', 'email.quoprimime', 'email.errors', 'email.encoders', 'email.charset', 'email.utils', 'email.header', 'email._policybase', 'email._encoded_words', 'email.iterators', 'email.message', 'importlib.metadata._functools', 'importlib.metadata._text', 'importlib.metadata._adapters', 'importlib.metadata._meta', 'importlib.metadata._collections', 'importlib.metadata._itertools', 'importlib.abc', 'importlib.metadata', 'gym.envs.registration', 'gym.envs', 'multiprocessing.process', 'multiprocessing.reduction', 'multiprocessing.context', '__mp_main__', 'multiprocessing', 'gym.vector.utils.misc', 'gym.vector.utils.numpy_utils', 'gym.vector.utils.shared_memory', 'gym.vector.utils.spaces', 'gym.vector.utils', 'gym.vector.vector_env', 'gym.vector.async_vector_env', 'gym.vector.sync_vector_env', 'gym.vector', 'gym_notices', 'gym_notices.notices', 'gym', 'pybullet', 'pybullet_data', 'traceback', 'atexit', 'logging', 'crowdnav.logger_setup', 'crowdnav.config', 'crowdnav.kinematics', 'crowdnav.dynamics', 'crowdnav.sensors', 'crowdnav.control', 'crowdnav.control.align', 'crowdnav.control.track', 'crowdnav.planning', 'swig_runtime_data4', 'casadi._casadi', 'casadi.casadi', 'casadi', 'crowdnav.planning.mpc_runner', 'crowdnav.utils2', 'crowdnav.utils2.coord', 'crowdnav.planning.path_mgr', 'crowdnav.utils2.hud', 'crowdnav.mpc', 'crowdnav.world', 'crowdnav.utils', 'matplotlib', 'pprint', 'packaging.__about__', 'packaging', 'packaging._structures', 'packaging.version', 'matplotlib._api.deprecation', 'matplotlib._api', 'matplotlib._version', 'gzip', 'shlex', 'matplotlib._c_internal_utils', 'matplotlib.cbook', 'matplotlib.docstring', 'PIL._version', 'PIL', 'PIL.ImageMode', 'PIL.TiffTags', 'PIL._binary', 'PIL._util', 'PIL._imaging', 'PIL.Image', 'PIL.ImageChops', 'PIL.ImageFile', 'PIL.GimpGradientFile', 'PIL.GimpPaletteFile', 'PIL.ImageColor', 'PIL.PaletteFile', 'PIL.ImagePalette', 'PIL.ImageSequence', 'PIL.PngImagePlugin', 'matplotlib._path', 'matplotlib.bezier', 'matplotlib.path', 'matplotlib.transforms', 'matplotlib.ticker', 'matplotlib.scale', 'matplotlib._color_data', 'matplotlib.colors', 'pyparsing', 'matplotlib.fontconfig_pattern', 'matplotlib._enums', 'cycler', 'matplotlib.rcsetup', 'matplotlib.ft2font', 'dateutil._version', 'dateutil', 'kiwisolver']
23:41:22 [DEBUG] CACHEDIR=/home/max/.cache/matplotlib
23:41:22 [DEBUG] Using fontManager instance from /home/max/.cache/matplotlib/fontlist-v330.json
23:41:23 [DEBUG] Loaded backend TkAgg version unknown.
23:41:23 [INFO] CrowdNavPyBulletEnv initializing...
23:41:26 [INFO] World ready | grid: (112, 112), res: 0.1, N=10, T=0.1
23:41:28 [INFO] [MPC] state=(+3.25,-3.77,-3.13) wp0=(+2.75,-3.75) v=+0.109 ω=+1.216 wp_prog=0/66 ok=True iters=8
23:41:28 [DEBUG] [MPC IN] path_xy0..1=[[2.749999999999999, -3.7500000000000004], [2.6499999999999995, -3.7500000000000004]] theta_ref0..2=[0.0, -0.7853981633974483, -1.3744467859455345] weights=[18.0, 7.5, 0.25, 0.5, 0.18, 0.0] vmin_soft=0.080
23:41:29 [INFO] [MPC] state=(+3.24,-3.77,-3.10) wp0=(+2.75,-3.75) v=+0.109 ω=+1.098 wp_prog=0/66 ok=True iters=7
23:41:29 [DEBUG] [MPC IN] path_xy0..1=[[2.749999999999999, -3.7500000000000004], [2.6499999999999995, -3.7500000000000004]] theta_ref0..2=[0.0, -0.7853981633974483, -1.3744467859455345] weights=[18.0, 7.5, 0.25, 0.5, 0.18, 0.0] vmin_soft=0.080
23:41:29 [INFO] [MPC] state=(+3.24,-3.77,-3.04) wp0=(+2.75,-3.75) v=+0.109 ω=+0.910 wp_prog=0/66 ok=True iters=7
23:41:29 [DEBUG] [MPC IN] path_xy0..1=[[2.749999999999999, -3.7500000000000004], [2.6499999999999995, -3.7500000000000004]] theta_ref0..2=[0.0, -0.7853981633974483, -1.3744467859455345] weights=[18.0, 7.5, 0.25, 0.5, 0.18, 0.0] vmin_soft=0.080
23:41:29 [INFO] [MPC] state=(+3.23,-3.77,-2.95) wp0=(+2.75,-3.75) v=+0.109 ω=+0.573 wp_prog=0/66 ok=True iters=7
23:41:29 [DEBUG] [MPC IN] path_xy0..1=[[2.749999999999999, -3.7500000000000004], [2.6499999999999995, -3.7500000000000004]] theta_ref0..2=[0.0, -0.7853981633974483, -1.3744467859455345] weights=[18.0, 7.5, 0.25, 0.5, 0.18, 0.0] vmin_soft=0.080
23:41:29 [INFO] [MPC] state=(+3.22,-3.77,-2.89) wp0=(+2.75,-3.75) v=+0.109 ω=+0.313 wp_prog=0/66 ok=True iters=7
23:41:29 [DEBUG] [MPC IN] path_xy0..1=[[2.749999999999999, -3.7500000000000004], [2.6499999999999995, -3.7500000000000004]] theta_ref0..2=[0.0, -0.7853981633974483, -1.3744467859455345] weights=[18.0, 7.5, 0.25, 0.5, 0.18, 0.0] vmin_soft=0.080
23:41:29 [INFO] [MPC] state=(+3.21,-3.78,-2.86) wp0=(+2.75,-3.75) v=+0.109 ω=+0.198 wp_prog=0/66 ok=True iters=7
23:41:29 [DEBUG] [MPC IN] path_xy0..1=[[2.749999999999999, -3.7500000000000004], [2.6499999999999995, -3.7500000000000004]] theta_ref0..2=[0.0, -0.7853981633974483, -1.3744467859455345] weights=[18.0, 7.5, 0.25, 0.5, 0.18, 0.0] vmin_soft=0.080
23:41:29 [INFO] [MPC] state=(+3.20,-3.78,-2.84) wp0=(+2.75,-3.75) v=+0.109 ω=+0.118 wp_prog=0/66 ok=True iters=7
23:41:29 [DEBUG] [MPC IN] path_xy0..1=[[2.749999999999999, -3.7500000000000004], [2.6499999999999995, -3.7500000000000004]] theta_ref0..2=[0.0, -0.7853981633974483, -1.3744467859455345] weights=[18.0, 7.5, 0.25, 0.5, 0.18, 0.0] vmin_soft=0.080
23:41:30 [INFO] [MPC] state=(+3.19,-3.78,-2.83) wp0=(+2.75,-3.75) v=+0.109 ω=+0.061 wp_prog=0/66 ok=True iters=7
23:41:30 [DEBUG] [MPC IN] path_xy0..1=[[2.749999999999999, -3.7500000000000004], [2.6499999999999995, -3.7500000000000004]] theta_ref0..2=[0.0, -0.7853981633974483, -1.3744467859455345] weights=[18.0, 7.5, 0.25, 0.5, 0.18, 0.0] vmin_soft=0.080
23:41:30 [INFO] [MPC] state=(+3.18,-3.79,-2.82) wp0=(+2.75,-3.75) v=+0.109 ω=+0.022 wp_prog=0/66 ok=True iters=7
23:41:30 [DEBUG] [MPC IN] path_xy0..1=[[2.749999999999999, -3.7500000000000004], [2.6499999999999995, -3.7500000000000004]] theta_ref0..2=[0.0, -0.7853981633974483, -1.3744467859455345] weights=[18.0, 7.5, 0.25, 0.5, 0.18, 0.0] vmin_soft=0.080
23:41:30 [INFO] [MPC] state=(+3.17,-3.79,-2.82) wp0=(+2.75,-3.75) v=+0.109 ω=-0.004 wp_prog=0/66 ok=True iters=7
23:41:30 [DEBUG] [MPC IN] path_xy0..1=[[2.749999999999999, -3.7500000000000004], [2.6499999999999995, -3.7500000000000004]] theta_ref0..2=[0.0, -0.7853981633974483, -1.3744467859455345] weights=[18.0, 7.5, 0.25, 0.5, 0.18, 0.0] vmin_soft=0.080
23:41:30 [INFO] [MPC] state=(+3.16,-3.79,-2.82) wp0=(+2.75,-3.75) v=+0.109 ω=-0.021 wp_prog=1/66 ok=True iters=7
23:41:30 [DEBUG] [MPC IN] path_xy0..1=[[2.749999999999999, -3.7500000000000004], [2.6499999999999995, -3.7500000000000004]] theta_ref0..2=[0.0, -0.7853981633974483, -1.3744467859455345] weights=[18.0, 7.5, 0.25, 0.5, 0.18, 0.0] vmin_soft=0.080
23:41:30 [INFO] [MPC] state=(+3.15,-3.80,-2.82) wp0=(+2.75,-3.75) v=+0.109 ω=-0.032 wp_prog=1/66 ok=True iters=7
23:41:30 [DEBUG] [MPC IN] path_xy0..1=[[2.749999999999999, -3.7500000000000004], [2.6499999999999995, -3.7500000000000004]] theta_ref0..2=[0.0, -0.7853981633974483, -1.3744467859455345] weights=[18.0, 7.5, 0.25, 0.5, 0.18, 0.0] vmin_soft=0.080
23:41:30 [INFO] [MPC] state=(+3.14,-3.80,-2.83) wp0=(+2.75,-3.75) v=+0.109 ω=-0.227 wp_prog=1/66 ok=True iters=7
23:41:30 [DEBUG] [MPC IN] path_xy0..1=[[2.749999999999999, -3.7500000000000004], [2.6499999999999995, -3.7500000000000004]] theta_ref0..2=[0.0, -0.7853981633974483, -1.3744467859455345] weights=[18.0, 7.5, 0.25, 0.5, 0.18, 0.0] vmin_soft=0.080
23:41:31 [INFO] [MPC] state=(+3.12,-3.80,-2.85) wp0=(+2.75,-3.75) v=+0.109 ω=+0.018 wp_prog=1/66 ok=True iters=7
23:41:31 [DEBUG] [MPC IN] path_xy0..1=[[2.749999999999999, -3.7500000000000004], [2.6499999999999995, -3.7500000000000004]] theta_ref0..2=[0.0, -0.7853981633974483, -1.3744467859455345] weights=[18.0, 7.5, 0.25, 0.5, 0.18, 0.0] vmin_soft=0.080
23:41:31 [INFO] [MPC] state=(+3.11,-3.81,-2.85) wp0=(+2.75,-3.75) v=+0.109 ω=-0.200 wp_prog=1/66 ok=True iters=7
23:41:31 [DEBUG] [MPC IN] path_xy0..1=[[2.749999999999999, -3.7500000000000004], [2.6499999999999995, -3.7500000000000004]] theta_ref0..2=[0.0, -0.7853981633974483, -1.3744467859455345] weights=[18.0, 7.5, 0.25, 0.5, 0.18, 0.0] vmin_soft=0.080
23:41:31 [INFO] [MPC] state=(+3.10,-3.81,-2.87) wp0=(+2.75,-3.75) v=+0.109 ω=-0.157 wp_prog=1/66 ok=True iters=7
23:41:31 [DEBUG] [MPC IN] path_xy0..1=[[2.749999999999999, -3.7500000000000004], [2.6499999999999995, -3.7500000000000004]] theta_ref0..2=[0.0, -0.7853981633974483, -1.3744467859455345] weights=[18.0, 7.5, 0.25, 0.5, 0.18, 0.0] vmin_soft=0.080
23:41:31 [INFO] [MPC] state=(+3.09,-3.81,-2.89) wp0=(+2.75,-3.75) v=+0.109 ω=+0.079 wp_prog=1/66 ok=True iters=7
23:41:31 [DEBUG] [MPC IN] path_xy0..1=[[2.749999999999999, -3.7500000000000004], [2.6499999999999995, -3.7500000000000004]] theta_ref0..2=[0.0, -0.7853981633974483, -1.3744467859455345] weights=[18.0, 7.5, 0.25, 0.5, 0.18, 0.0] vmin_soft=0.080
23:41:31 [INFO] [MPC] state=(+3.08,-3.82,-2.88) wp0=(+2.75,-3.75) v=+0.109 ω=-0.167 wp_prog=1/66 ok=True iters=7
23:41:31 [DEBUG] [MPC IN] path_xy0..1=[[2.749999999999999, -3.7500000000000004], [2.6499999999999995, -3.7500000000000004]] theta_ref0..2=[0.0, -0.7853981633974483, -1.3744467859455345] weights=[18.0, 7.5, 0.25, 0.5, 0.18, 0.0] vmin_soft=0.080
23:41:31 [INFO] [MPC] state=(+3.07,-3.82,-2.90) wp0=(+2.75,-3.75) v=+0.109 ω=-0.134 wp_prog=1/66 ok=True iters=7
23:41:31 [DEBUG] [MPC IN] path_xy0..1=[[2.749999999999999, -3.7500000000000004], [2.6499999999999995, -3.7500000000000004]] theta_ref0..2=[0.0, -0.7853981633974483, -1.3744467859455345] weights=[18.0, 7.5, 0.25, 0.5, 0.18, 0.0] vmin_soft=0.080
23:41:32 [INFO] [MPC] state=(+3.06,-3.82,-2.91) wp0=(+2.75,-3.75) v=+0.109 ω=-0.296 wp_prog=2/66 ok=True iters=7
23:41:32 [DEBUG] [MPC IN] path_xy0..1=[[2.749999999999999, -3.7500000000000004], [2.6499999999999995, -3.7500000000000004]] theta_ref0..2=[0.0, -0.7853981633974483, -1.3744467859455345] weights=[18.0, 7.5, 0.25, 0.5, 0.18, 0.0] vmin_soft=0.080
23:41:32 [INFO] [MPC] state=(+3.05,-3.82,-2.94) wp0=(+2.65,-3.75) v=+0.109 ω=-0.295 wp_prog=2/66 ok=True iters=7
23:41:32 [DEBUG] [MPC IN] path_xy0..1=[[2.6499999999999995, -3.7500000000000004], [2.55, -3.7500000000000004]] theta_ref0..2=[0.0, -0.7853981633974483, -1.3744467859455345] weights=[18.0, 7.5, 0.25, 0.5, 0.18, 0.0] vmin_soft=0.080
23:41:32 [INFO] [MPC] state=(+3.04,-3.83,-2.97) wp0=(+2.65,-3.75) v=+0.109 ω=-0.156 wp_prog=2/66 ok=True iters=6
23:41:32 [DEBUG] [MPC IN] path_xy0..1=[[2.6499999999999995, -3.7500000000000004], [2.55, -3.7500000000000004]] theta_ref0..2=[0.0, -0.7853981633974483, -1.3744467859455345] weights=[18.0, 7.5, 0.25, 0.5, 0.06, 0.0] vmin_soft=0.030
23:41:32 [INFO] [MPC] state=(+3.03,-3.83,-2.99) wp0=(+2.65,-3.75) v=+0.109 ω=-0.115 wp_prog=2/66 ok=True iters=6
23:41:32 [DEBUG] [MPC IN] path_xy0..1=[[2.6499999999999995, -3.7500000000000004], [2.55, -3.7500000000000004]] theta_ref0..2=[0.0, -0.7853981633974483, -1.3744467859455345] weights=[18.0, 7.5, 0.25, 0.5, 0.06, 0.0] vmin_soft=0.030
23:41:32 [INFO] [MPC] state=(+3.02,-3.83,-3.00) wp0=(+2.65,-3.75) v=+0.109 ω=-0.420 wp_prog=2/66 ok=True iters=6
23:41:32 [DEBUG] [MPC IN] path_xy0..1=[[2.6499999999999995, -3.7500000000000004], [2.55, -3.7500000000000004]] theta_ref0..2=[0.0, -0.7853981633974483, -1.3744467859455345] weights=[18.0, 7.5, 0.25, 0.5, 0.06, 0.0] vmin_soft=0.030
23:41:32 [INFO] [MPC] state=(+3.01,-3.83,-3.04) wp0=(+2.65,-3.75) v=+0.109 ω=-0.302 wp_prog=2/66 ok=True iters=6
23:41:32 [DEBUG] [MPC IN] path_xy0..1=[[2.6499999999999995, -3.7500000000000004], [2.55, -3.7500000000000004]] theta_ref0..2=[0.0, -0.7853981633974483, -1.3744467859455345] weights=[18.0, 7.5, 0.25, 0.5, 0.06, 0.0] vmin_soft=0.030
23:41:33 [INFO] [MPC] state=(+2.99,-3.83,-3.07) wp0=(+2.65,-3.75) v=+0.109 ω=-0.154 wp_prog=2/66 ok=True iters=6
23:41:33 [DEBUG] [MPC IN] path_xy0..1=[[2.6499999999999995, -3.7500000000000004], [2.55, -3.7500000000000004]] theta_ref0..2=[0.0, -0.7853981633974483, -1.3744467859455345] weights=[18.0, 7.5, 0.25, 0.5, 0.06, 0.0] vmin_soft=0.030
23:41:33 [INFO] [MPC] state=(+2.98,-3.83,-3.09) wp0=(+2.65,-3.75) v=+0.109 ω=-0.215 wp_prog=2/66 ok=True iters=6
23:41:33 [DEBUG] [MPC IN] path_xy0..1=[[2.6499999999999995, -3.7500000000000004], [2.55, -3.7500000000000004]] theta_ref0..2=[0.0, -0.7853981633974483, -1.3744467859455345] weights=[18.0, 7.5, 0.25, 0.5, 0.06, 0.0] vmin_soft=0.030
23:41:33 [INFO] [MPC] state=(+2.97,-3.83,-3.11) wp0=(+2.65,-3.75) v=+0.109 ω=-0.167 wp_prog=2/66 ok=True iters=6
23:41:33 [DEBUG] [MPC IN] path_xy0..1=[[2.6499999999999995, -3.7500000000000004], [2.55, -3.7500000000000004]] theta_ref0..2=[0.0, -0.7853981633974483, -1.3744467859455345] weights=[18.0, 7.5, 0.25, 0.5, 0.06, 0.0] vmin_soft=0.030
23:41:33 [INFO] [MPC] state=(+2.96,-3.83,-3.13) wp0=(+2.65,-3.75) v=+0.109 ω=-0.122 wp_prog=2/66 ok=True iters=6
23:41:33 [DEBUG] [MPC IN] path_xy0..1=[[2.6499999999999995, -3.7500000000000004], [2.55, -3.7500000000000004]] theta_ref0..2=[0.0, -0.7853981633974483, -1.3744467859455345] weights=[18.0, 7.5, 0.25, 0.5, 0.06, 0.0] vmin_soft=0.030
23:41:33 [INFO] [MPC] state=(+2.95,-3.83,-3.14) wp0=(+2.65,-3.75) v=+0.109 ω=-0.392 wp_prog=3/66 ok=True iters=7
23:41:33 [DEBUG] [MPC IN] path_xy0..1=[[2.6499999999999995, -3.7500000000000004], [2.55, -3.7500000000000004]] theta_ref0..2=[0.0, -0.7853981633974483, -1.3744467859455345] weights=[18.0, 7.5, 0.25, 0.5, 0.06, 0.0] vmin_soft=0.030
23:41:33 [INFO] [MPC] state=(+2.94,-3.83,+3.10) wp0=(+2.55,-3.75) v=+0.109 ω=-0.366 wp_prog=3/66 ok=True iters=6
23:41:33 [DEBUG] [MPC IN] path_xy0..1=[[2.55, -3.7500000000000004], [2.45, -3.7500000000000004]] theta_ref0..2=[0.0, -0.7853981633974483, -1.3744467859455345] weights=[18.0, 7.5, 0.25, 0.5, 0.06, 0.0] vmin_soft=0.030
23:41:34 [INFO] [MPC] state=(+2.93,-3.83,+3.06) wp0=(+2.55,-3.75) v=+0.109 ω=-0.261 wp_prog=3/66 ok=True iters=6
23:41:34 [DEBUG] [MPC IN] path_xy0..1=[[2.55, -3.7500000000000004], [2.45, -3.7500000000000004]] theta_ref0..2=[0.0, -0.7853981633974483, -1.3744467859455345] weights=[18.0, 7.5, 0.25, 0.5, 0.06, 0.0] vmin_soft=0.030
23:41:34 [INFO] [MPC] state=(+2.92,-3.83,+3.03) wp0=(+2.55,-3.75) v=+0.109 ω=-0.194 wp_prog=3/66 ok=True iters=6
23:41:34 [DEBUG] [MPC IN] path_xy0..1=[[2.55, -3.7500000000000004], [2.45, -3.7500000000000004]] theta_ref0..2=[0.0, -0.7853981633974483, -1.3744467859455345] weights=[18.0, 7.5, 0.25, 0.5, 0.06, 0.0] vmin_soft=0.030
23:41:34 [INFO] [MPC] state=(+2.91,-3.83,+3.01) wp0=(+2.55,-3.75) v=+0.109 ω=-0.626 wp_prog=3/66 ok=True iters=6
23:41:34 [DEBUG] [MPC IN] path_xy0..1=[[2.55, -3.7500000000000004], [2.45, -3.7500000000000004]] theta_ref0..2=[0.0, -0.7853981633974483, -1.3744467859455345] weights=[18.0, 7.5, 0.25, 0.5, 0.06, 0.0] vmin_soft=0.030
23:41:34 [INFO] [MPC] state=(+2.90,-3.83,+2.95) wp0=(+2.55,-3.75) v=+0.109 ω=-0.037 wp_prog=3/66 ok=True iters=7
23:41:34 [DEBUG] [MPC IN] path_xy0..1=[[2.55, -3.7500000000000004], [2.45, -3.7500000000000004]] theta_ref0..2=[0.0, -0.7853981633974483, -1.3744467859455345] weights=[18.0, 7.5, 0.25, 0.5, 0.06, 0.0] vmin_soft=0.030
23:41:34 [INFO] [MPC] state=(+2.88,-3.83,+2.95) wp0=(+2.55,-3.75) v=+0.109 ω=-0.055 wp_prog=3/66 ok=True iters=7
23:41:34 [DEBUG] [MPC IN] path_xy0..1=[[2.55, -3.7500000000000004], [2.45, -3.7500000000000004]] theta_ref0..2=[0.0, -0.7853981633974483, -1.3744467859455345] weights=[18.0, 7.5, 0.25, 0.5, 0.06, 0.0] vmin_soft=0.030
23:41:34 [INFO] [MPC] state=(+2.87,-3.82,+2.94) wp0=(+2.55,-3.75) v=+0.109 ω=-0.587 wp_prog=3/66 ok=True iters=7
23:41:34 [DEBUG] [MPC IN] path_xy0..1=[[2.55, -3.7500000000000004], [2.45, -3.7500000000000004]] theta_ref0..2=[0.0, -0.7853981633974483, -1.3744467859455345] weights=[18.0, 7.5, 0.25, 0.5, 0.06, 0.0] vmin_soft=0.030
23:41:35 [INFO] [MPC] state=(+2.86,-3.82,+2.88) wp0=(+2.55,-3.75) v=+0.109 ω=-0.433 wp_prog=3/66 ok=True iters=6
23:41:35 [DEBUG] [MPC IN] path_xy0..1=[[2.55, -3.7500000000000004], [2.45, -3.7500000000000004]] theta_ref0..2=[0.0, -0.7853981633974483, -1.3744467859455345] weights=[18.0, 7.5, 0.25, 0.5, 0.06, 0.0] vmin_soft=0.030
23:41:35 [INFO] [MPC] state=(+2.85,-3.82,+2.84) wp0=(+2.55,-3.75) v=+0.109 ω=-0.315 wp_prog=4/66 ok=True iters=6
23:41:35 [DEBUG] [MPC IN] path_xy0..1=[[2.55, -3.7500000000000004], [2.45, -3.7500000000000004]] theta_ref0..2=[0.0, -0.7853981633974483, -1.3744467859455345] weights=[18.0, 7.5, 0.25, 0.5, 0.06, 0.0] vmin_soft=0.030
23:41:35 [INFO] [MPC] state=(+2.84,-3.81,+2.80) wp0=(+2.45,-3.75) v=+0.109 ω=-0.642 wp_prog=4/66 ok=True iters=6
23:41:35 [DEBUG] [MPC IN] path_xy0..1=[[2.45, -3.7500000000000004], [2.3499999999999996, -3.7500000000000004]] theta_ref0..2=[0.0, -0.7853981633974483, -6.661338147750939e-16] weights=[18.0, 7.5, 0.25, 0.5, 0.06, 0.0] vmin_soft=0.030
23:41:35 [INFO] [MPC] state=(+2.83,-3.81,+2.74) wp0=(+2.45,-3.75) v=+0.109 ω=-0.001 wp_prog=4/66 ok=True iters=7
23:41:35 [DEBUG] [MPC IN] path_xy0..1=[[2.45, -3.7500000000000004], [2.3499999999999996, -3.7500000000000004]] theta_ref0..2=[0.0, -0.7853981633974483, -6.661338147750939e-16] weights=[18.0, 7.5, 0.25, 0.5, 0.06, 0.0] vmin_soft=0.030
23:41:35 [INFO] [MPC] state=(+2.82,-3.81,+2.74) wp0=(+2.45,-3.75) v=+0.109 ω=-0.036 wp_prog=4/66 ok=True iters=6
23:41:35 [DEBUG] [MPC IN] path_xy0..1=[[2.45, -3.7500000000000004], [2.3499999999999996, -3.7500000000000004]] theta_ref0..2=[0.0, -0.7853981633974483, -6.661338147750939e-16] weights=[18.0, 7.5, 0.25, 0.5, 0.06, 0.0] vmin_soft=0.030
23:41:35 [INFO] [MPC] state=(+2.81,-3.80,+2.74) wp0=(+2.45,-3.75) v=+0.109 ω=-0.075 wp_prog=4/66 ok=True iters=6
23:41:35 [DEBUG] [MPC IN] path_xy0..1=[[2.45, -3.7500000000000004], [2.3499999999999996, -3.7500000000000004]] theta_ref0..2=[0.0, -0.7853981633974483, -6.661338147750939e-16] weights=[18.0, 7.5, 0.25, 0.5, 0.06, 0.0] vmin_soft=0.030
23:41:35 [INFO] [MPC] state=(+2.80,-3.80,+2.73) wp0=(+2.45,-3.75) v=+0.109 ω=-0.617 wp_prog=4/66 ok=True iters=6
23:41:35 [DEBUG] [MPC IN] path_xy0..1=[[2.45, -3.7500000000000004], [2.3499999999999996, -3.7500000000000004]] theta_ref0..2=[0.0, -0.7853981633974483, -6.661338147750939e-16] weights=[18.0, 7.5, 0.25, 0.5, 0.06, 0.0] vmin_soft=0.030
23:41:36 [INFO] [MPC] state=(+2.79,-3.79,+2.66) wp0=(+2.45,-3.75) v=+0.109 ω=-0.464 wp_prog=4/66 ok=True iters=6
23:41:36 [DEBUG] [MPC IN] path_xy0..1=[[2.45, -3.7500000000000004], [2.3499999999999996, -3.7500000000000004]] theta_ref0..2=[0.0, -0.7853981633974483, -6.661338147750939e-16] weights=[18.0, 7.5, 0.25, 0.5, 0.06, 0.0] vmin_soft=0.030
23:41:36 [INFO] [MPC] state=(+2.78,-3.79,+2.62) wp0=(+2.45,-3.75) v=+0.109 ω=+0.209 wp_prog=4/66 ok=True iters=7
23:41:36 [DEBUG] [MPC IN] path_xy0..1=[[2.45, -3.7500000000000004], [2.3499999999999996, -3.7500000000000004]] theta_ref0..2=[0.0, -0.7853981633974483, -6.661338147750939e-16] weights=[18.0, 7.5, 0.25, 0.5, 0.06, 0.0] vmin_soft=0.030
23:41:36 [INFO] [MPC] state=(+2.77,-3.78,+2.64) wp0=(+2.45,-3.75) v=+0.109 ω=+0.114 wp_prog=4/66 ok=True iters=6
23:41:36 [DEBUG] [MPC IN] path_xy0..1=[[2.45, -3.7500000000000004], [2.3499999999999996, -3.7500000000000004]] theta_ref0..2=[0.0, -0.7853981633974483, -6.661338147750939e-16] weights=[18.0, 7.5, 0.25, 0.5, 0.06, 0.0] vmin_soft=0.030
23:41:36 [INFO] [MPC] state=(+2.76,-3.77,+2.65) wp0=(+2.45,-3.75) v=+0.109 ω=+0.050 wp_prog=4/66 ok=True iters=6
23:41:36 [DEBUG] [MPC IN] path_xy0..1=[[2.45, -3.7500000000000004], [2.3499999999999996, -3.7500000000000004]] theta_ref0..2=[0.0, -0.7853981633974483, -6.661338147750939e-16] weights=[18.0, 7.5, 0.25, 0.5, 0.06, 0.0] vmin_soft=0.030
23:41:36 [INFO] [MPC] state=(+2.75,-3.77,+2.65) wp0=(+2.45,-3.75) v=+0.109 ω=-0.572 wp_prog=5/66 ok=True iters=7
23:41:36 [DEBUG] [MPC IN] path_xy0..1=[[2.45, -3.7500000000000004], [2.3499999999999996, -3.7500000000000004]] theta_ref0..2=[0.0, -0.7853981633974483, -6.661338147750939e-16] weights=[18.0, 7.5, 0.25, 0.5, 0.06, 0.0] vmin_soft=0.030
23:41:36 [INFO] [MPC] state=(+2.74,-3.76,+2.60) wp0=(+2.25,-3.65) v=+0.109 ω=-0.074 wp_prog=5/66 ok=True iters=7
23:41:36 [DEBUG] [MPC IN] path_xy0..1=[[2.25, -3.6500000000000004], [2.1499999999999995, -3.6500000000000004]] theta_ref0..2=[0.0, -0.7853981633974483, -1.3744467859455345] weights=[18.0, 7.5, 0.25, 0.5, 0.06, 0.0] vmin_soft=0.030
23:41:37 [INFO] [MPC] state=(+2.73,-3.76,+2.59) wp0=(+2.25,-3.65) v=+0.109 ω=-0.073 wp_prog=5/66 ok=True iters=6
23:41:37 [DEBUG] [MPC IN] path_xy0..1=[[2.25, -3.6500000000000004], [2.1499999999999995, -3.6500000000000004]] theta_ref0..2=[0.0, -0.7853981633974483, -1.3744467859455345] weights=[18.0, 7.5, 0.25, 0.5, 0.06, 0.0] vmin_soft=0.030
23:41:37 [INFO] [MPC] state=(+2.72,-3.75,+2.58) wp0=(+2.25,-3.65) v=+0.109 ω=-0.070 wp_prog=5/66 ok=True iters=6
23:41:37 [DEBUG] [MPC IN] path_xy0..1=[[2.25, -3.6500000000000004], [2.1499999999999995, -3.6500000000000004]] theta_ref0..2=[0.0, -0.7853981633974483, -1.3744467859455345] weights=[18.0, 7.5, 0.25, 0.5, 0.06, 0.0] vmin_soft=0.030
23:41:37 [INFO] [MPC] state=(+2.71,-3.75,+2.57) wp0=(+2.25,-3.65) v=+0.109 ω=-0.064 wp_prog=5/66 ok=True iters=6
23:41:37 [DEBUG] [MPC IN] path_xy0..1=[[2.25, -3.6500000000000004], [2.1499999999999995, -3.6500000000000004]] theta_ref0..2=[0.0, -0.7853981633974483, -1.3744467859455345] weights=[18.0, 7.5, 0.25, 0.5, 0.06, 0.0] vmin_soft=0.030
23:41:37 [INFO] [MPC] state=(+2.70,-3.74,+2.57) wp0=(+2.25,-3.65) v=+0.109 ω=-0.086 wp_prog=5/66 ok=True iters=6
23:41:37 [DEBUG] [MPC IN] path_xy0..1=[[2.25, -3.6500000000000004], [2.1499999999999995, -3.6500000000000004]] theta_ref0..2=[0.0, -0.7853981633974483, -1.3744467859455345] weights=[18.0, 7.5, 0.25, 0.5, 0.06, 0.0] vmin_soft=0.030
23:41:37 [INFO] [MPC] state=(+2.69,-3.73,+2.56) wp0=(+2.25,-3.65) v=+0.109 ω=-0.064 wp_prog=5/66 ok=True iters=6
23:41:37 [DEBUG] [MPC IN] path_xy0..1=[[2.25, -3.6500000000000004], [2.1499999999999995, -3.6500000000000004]] theta_ref0..2=[0.0, -0.7853981633974483, -1.3744467859455345] weights=[18.0, 7.5, 0.25, 0.5, 0.06, 0.0] vmin_soft=0.030
23:41:37 [INFO] [MPC] state=(+2.69,-3.73,+2.55) wp0=(+2.25,-3.65) v=+0.109 ω=-0.058 wp_prog=5/66 ok=True iters=6
23:41:37 [DEBUG] [MPC IN] path_xy0..1=[[2.25, -3.6500000000000004], [2.1499999999999995, -3.6500000000000004]] theta_ref0..2=[0.0, -0.7853981633974483, -1.3744467859455345] weights=[18.0, 7.5, 0.25, 0.5, 0.06, 0.0] vmin_soft=0.030
23:41:38 [INFO] [MPC] state=(+2.68,-3.72,+2.55) wp0=(+2.25,-3.65) v=+0.109 ω=-0.065 wp_prog=5/66 ok=True iters=6
23:41:38 [DEBUG] [MPC IN] path_xy0..1=[[2.25, -3.6500000000000004], [2.1499999999999995, -3.6500000000000004]] theta_ref0..2=[0.0, -0.7853981633974483, -1.3744467859455345] weights=[18.0, 7.5, 0.25, 0.5, 0.06, 0.0] vmin_soft=0.030
23:41:38 [INFO] [MPC] state=(+2.67,-3.71,+2.54) wp0=(+2.25,-3.65) v=+0.109 ω=-0.065 wp_prog=5/66 ok=True iters=6
23:41:38 [DEBUG] [MPC IN] path_xy0..1=[[2.25, -3.6500000000000004], [2.1499999999999995, -3.6500000000000004]] theta_ref0..2=[0.0, -0.7853981633974483, -1.3744467859455345] weights=[18.0, 7.5, 0.25, 0.5, 0.06, 0.0] vmin_soft=0.030
23:41:38 [INFO] [MPC] state=(+2.66,-3.71,+2.53) wp0=(+2.25,-3.65) v=+0.109 ω=-0.060 wp_prog=6/66 ok=True iters=6
23:41:38 [DEBUG] [MPC IN] path_xy0..1=[[2.25, -3.6500000000000004], [2.1499999999999995, -3.6500000000000004]] theta_ref0..2=[0.0, -0.7853981633974483, -1.3744467859455345] weights=[18.0, 7.5, 0.25, 0.5, 0.06, 0.0] vmin_soft=0.030
23:41:38 [INFO] [MPC] state=(+2.65,-3.70,+2.53) wp0=(+2.25,-3.65) v=+0.109 ω=-0.050 wp_prog=6/66 ok=True iters=6
23:41:38 [DEBUG] [MPC IN] path_xy0..1=[[2.25, -3.6500000000000004], [2.1499999999999995, -3.6500000000000004]] theta_ref0..2=[0.0, -0.7853981633974483, -1.3744467859455345] weights=[18.0, 7.5, 0.25, 0.5, 0.06, 0.0] vmin_soft=0.030
23:41:38 [INFO] [MPC] state=(+2.64,-3.70,+2.52) wp0=(+2.25,-3.65) v=+0.109 ω=-0.040 wp_prog=6/66 ok=True iters=6
23:41:38 [DEBUG] [MPC IN] path_xy0..1=[[2.25, -3.6500000000000004], [2.1499999999999995, -3.6500000000000004]] theta_ref0..2=[0.0, -0.7853981633974483, -1.3744467859455345] weights=[18.0, 7.5, 0.25, 0.5, 0.06, 0.0] vmin_soft=0.030
23:41:38 [INFO] [MPC] state=(+2.63,-3.69,+2.52) wp0=(+2.25,-3.65) v=+0.109 ω=-0.025 wp_prog=6/66 ok=True iters=6
23:41:38 [DEBUG] [MPC IN] path_xy0..1=[[2.25, -3.6500000000000004], [2.1499999999999995, -3.6500000000000004]] theta_ref0..2=[0.0, -0.7853981633974483, -1.3744467859455345] weights=[18.0, 7.5, 0.25, 0.5, 0.06, 0.0] vmin_soft=0.030
23:41:39 [INFO] [MPC] state=(+2.62,-3.68,+2.52) wp0=(+2.25,-3.65) v=+0.109 ω=-0.010 wp_prog=6/66 ok=True iters=6
23:41:39 [DEBUG] [MPC IN] path_xy0..1=[[2.25, -3.6500000000000004], [2.1499999999999995, -3.6500000000000004]] theta_ref0..2=[0.0, -0.7853981633974483, -1.3744467859455345] weights=[18.0, 7.5, 0.25, 0.5, 0.06, 0.0] vmin_soft=0.030
23:41:39 [INFO] [MPC] state=(+2.61,-3.68,+2.52) wp0=(+2.25,-3.65) v=+0.109 ω=+0.004 wp_prog=6/66 ok=True iters=6
23:41:39 [DEBUG] [MPC IN] path_xy0..1=[[2.25, -3.6500000000000004], [2.1499999999999995, -3.6500000000000004]] theta_ref0..2=[0.0, -0.7853981633974483, -1.3744467859455345] weights=[18.0, 7.5, 0.25, 0.5, 0.06, 0.0] vmin_soft=0.030
23:41:39 [INFO] [MPC] state=(+2.60,-3.67,+2.52) wp0=(+2.25,-3.65) v=+0.109 ω=+0.019 wp_prog=6/66 ok=True iters=6
23:41:39 [DEBUG] [MPC IN] path_xy0..1=[[2.25, -3.6500000000000004], [2.1499999999999995, -3.6500000000000004]] theta_ref0..2=[0.0, -0.7853981633974483, -1.3744467859455345] weights=[18.0, 7.5, 0.25, 0.5, 0.06, 0.0] vmin_soft=0.030
23:41:39 [INFO] [MPC] state=(+2.60,-3.66,+2.52) wp0=(+2.25,-3.65) v=+0.109 ω=+0.619 wp_prog=6/66 ok=True iters=7
23:41:39 [DEBUG] [MPC IN] path_xy0..1=[[2.25, -3.6500000000000004], [2.1499999999999995, -3.6500000000000004]] theta_ref0..2=[0.0, -0.7853981633974483, -1.3744467859455345] weights=[18.0, 7.5, 0.25, 0.5, 0.06, 0.0] vmin_soft=0.030
23:41:39 [INFO] [MPC] state=(+2.59,-3.66,+2.58) wp0=(+2.25,-3.65) v=+0.109 ω=-0.263 wp_prog=6/66 ok=True iters=7
23:41:39 [DEBUG] [MPC IN] path_xy0..1=[[2.25, -3.6500000000000004], [2.1499999999999995, -3.6500000000000004]] theta_ref0..2=[0.0, -0.7853981633974483, -1.3744467859455345] weights=[18.0, 7.5, 0.25, 0.5, 0.06, 0.0] vmin_soft=0.030
23:41:39 [INFO] [MPC] state=(+2.58,-3.65,+2.56) wp0=(+2.25,-3.65) v=+0.109 ω=-0.190 wp_prog=6/66 ok=True iters=6
23:41:39 [DEBUG] [MPC IN] path_xy0..1=[[2.25, -3.6500000000000004], [2.1499999999999995, -3.6500000000000004]] theta_ref0..2=[0.0, -0.7853981633974483, -1.3744467859455345] weights=[18.0, 7.5, 0.25, 0.5, 0.06, 0.0] vmin_soft=0.030
23:41:40 [INFO] [MPC] state=(+2.57,-3.64,+2.54) wp0=(+2.25,-3.65) v=+0.109 ω=-0.053 wp_prog=6/66 ok=True iters=6
23:41:40 [DEBUG] [MPC IN] path_xy0..1=[[2.25, -3.6500000000000004], [2.1499999999999995, -3.6500000000000004]] theta_ref0..2=[0.0, -0.7853981633974483, -1.3744467859455345] weights=[18.0, 7.5, 0.25, 0.5, 0.06, 0.0] vmin_soft=0.030
23:41:40 [INFO] [MPC] state=(+2.56,-3.64,+2.53) wp0=(+2.25,-3.65) v=+0.109 ω=-0.042 wp_prog=7/66 ok=True iters=7
23:41:40 [DEBUG] [MPC IN] path_xy0..1=[[2.25, -3.6500000000000004], [2.1499999999999995, -3.6500000000000004]] theta_ref0..2=[0.0, -0.7853981633974483, -1.3744467859455345] weights=[18.0, 7.5, 0.25, 0.5, 0.06, 0.0] vmin_soft=0.030
23:41:40 [INFO] [MPC] state=(+2.55,-3.63,+2.53) wp0=(+2.15,-3.65) v=+0.109 ω=+0.138 wp_prog=7/66 ok=True iters=7
23:41:40 [DEBUG] [MPC IN] path_xy0..1=[[2.1499999999999995, -3.6500000000000004], [2.05, -3.6500000000000004]] theta_ref0..2=[0.0, -0.7853981633974483, -1.3744467859455345] weights=[18.0, 7.5, 0.25, 0.5, 0.06, 0.0] vmin_soft=0.030
23:41:40 [INFO] [MPC] state=(+2.54,-3.63,+2.54) wp0=(+2.15,-3.65) v=+0.109 ω=+0.126 wp_prog=7/66 ok=True iters=7
23:41:40 [DEBUG] [MPC IN] path_xy0..1=[[2.1499999999999995, -3.6500000000000004], [2.05, -3.6500000000000004]] theta_ref0..2=[0.0, -0.7853981633974483, -1.3744467859455345] weights=[18.0, 7.5, 0.25, 0.5, 0.06, 0.0] vmin_soft=0.030
23:41:40 [INFO] [MPC] state=(+2.53,-3.62,+2.55) wp0=(+2.15,-3.65) v=+0.109 ω=+0.005 wp_prog=7/66 ok=True iters=7
23:41:40 [DEBUG] [MPC IN] path_xy0..1=[[2.1499999999999995, -3.6500000000000004], [2.05, -3.6500000000000004]] theta_ref0..2=[0.0, -0.7853981633974483, -1.3744467859455345] weights=[18.0, 7.5, 0.25, 0.5, 0.06, 0.0] vmin_soft=0.030
23:41:40 [INFO] [MPC] state=(+2.52,-3.61,+2.55) wp0=(+2.15,-3.65) v=+0.109 ω=-0.170 wp_prog=7/66 ok=True iters=6
23:41:40 [DEBUG] [MPC IN] path_xy0..1=[[2.1499999999999995, -3.6500000000000004], [2.05, -3.6500000000000004]] theta_ref0..2=[0.0, -0.7853981633974483, -1.3744467859455345] weights=[18.0, 7.5, 0.25, 0.5, 0.06, 0.0] vmin_soft=0.030
23:41:41 [INFO] [MPC] state=(+2.51,-3.61,+2.54) wp0=(+2.15,-3.65) v=+0.109 ω=-0.113 wp_prog=7/66 ok=True iters=6
23:41:41 [DEBUG] [MPC IN] path_xy0..1=[[2.1499999999999995, -3.6500000000000004], [2.05, -3.6500000000000004]] theta_ref0..2=[0.0, -0.7853981633974483, -1.3744467859455345] weights=[18.0, 7.5, 0.25, 0.5, 0.06, 0.0] vmin_soft=0.030
23:41:41 [INFO] [MPC] state=(+2.50,-3.60,+2.53) wp0=(+2.15,-3.65) v=+0.109 ω=-0.061 wp_prog=7/66 ok=True iters=6
23:41:41 [DEBUG] [MPC IN] path_xy0..1=[[2.1499999999999995, -3.6500000000000004], [2.05, -3.6500000000000004]] theta_ref0..2=[0.0, -0.7853981633974483, -1.3744467859455345] weights=[18.0, 7.5, 0.25, 0.5, 0.06, 0.0] vmin_soft=0.030
23:41:41 [INFO] [MPC] state=(+2.50,-3.59,+2.52) wp0=(+2.15,-3.65) v=+0.109 ω=-0.014 wp_prog=7/66 ok=True iters=6
23:41:41 [DEBUG] [MPC IN] path_xy0..1=[[2.1499999999999995, -3.6500000000000004], [2.05, -3.6500000000000004]] theta_ref0..2=[0.0, -0.7853981633974483, -1.3744467859455345] weights=[18.0, 7.5, 0.25, 0.5, 0.06, 0.0] vmin_soft=0.030
23:41:41 [INFO] [MPC] state=(+2.49,-3.59,+2.52) wp0=(+2.15,-3.65) v=+0.109 ω=+0.778 wp_prog=7/66 ok=True iters=7
23:41:41 [DEBUG] [MPC IN] path_xy0..1=[[2.1499999999999995, -3.6500000000000004], [2.05, -3.6500000000000004]] theta_ref0..2=[0.0, -0.7853981633974483, -1.3744467859455345] weights=[18.0, 7.5, 0.25, 0.5, 0.06, 0.0] vmin_soft=0.030
23:41:41 [INFO] [MPC] state=(+2.48,-3.58,+2.60) wp0=(+2.15,-3.65) v=+0.109 ω=+0.474 wp_prog=7/66 ok=True iters=6
23:41:41 [DEBUG] [MPC IN] path_xy0..1=[[2.1499999999999995, -3.6500000000000004], [2.05, -3.6500000000000004]] theta_ref0..2=[0.0, -0.7853981633974483, -1.3744467859455345] weights=[18.0, 7.5, 0.25, 0.5, 0.06, 0.0] vmin_soft=0.030
23:41:41 [INFO] [MPC] state=(+2.47,-3.58,+2.65) wp0=(+2.15,-3.65) v=+0.109 ω=+0.363 wp_prog=7/66 ok=True iters=6
23:41:41 [DEBUG] [MPC IN] path_xy0..1=[[2.1499999999999995, -3.6500000000000004], [2.05, -3.6500000000000004]] theta_ref0..2=[0.0, -0.7853981633974483, -1.3744467859455345] weights=[18.0, 7.5, 0.25, 0.5, 0.06, 0.0] vmin_soft=0.030
23:41:42 [INFO] [MPC] state=(+2.46,-3.57,+2.68) wp0=(+2.15,-3.65) v=+0.109 ω=+0.303 wp_prog=8/66 ok=True iters=6
23:41:42 [DEBUG] [MPC IN] path_xy0..1=[[2.1499999999999995, -3.6500000000000004], [2.05, -3.6500000000000004]] theta_ref0..2=[0.0, -0.7853981633974483, -1.3744467859455345] weights=[18.0, 7.5, 0.25, 0.5, 0.06, 0.0] vmin_soft=0.030
23:41:42 [INFO] [MPC] state=(+2.45,-3.57,+2.72) wp0=(+2.05,-3.65) v=+0.109 ω=+0.383 wp_prog=8/66 ok=True iters=6
23:41:42 [DEBUG] [MPC IN] path_xy0..1=[[2.05, -3.6500000000000004], [1.9500000000000002, -3.6500000000000004]] theta_ref0..2=[0.0, -0.7853981633974483, -1.3744467859455345] weights=[18.0, 7.5, 0.25, 0.5, 0.06, 0.0] vmin_soft=0.030
23:41:42 [INFO] [MPC] state=(+2.44,-3.56,+2.75) wp0=(+2.05,-3.65) v=+0.109 ω=+0.182 wp_prog=9/66 ok=True iters=6
23:41:42 [DEBUG] [MPC IN] path_xy0..1=[[2.05, -3.6500000000000004], [1.9500000000000002, -3.6500000000000004]] theta_ref0..2=[0.0, -0.7853981633974483, -1.3744467859455345] weights=[18.0, 7.5, 0.25, 0.5, 0.06, 0.0] vmin_soft=0.030
23:41:42 [INFO] [MPC] state=(+2.43,-3.56,+2.77) wp0=(+1.95,-3.65) v=+0.109 ω=+0.254 wp_prog=9/66 ok=True iters=6
23:41:42 [DEBUG] [MPC IN] path_xy0..1=[[1.9500000000000002, -3.6500000000000004], [1.8499999999999996, -3.6500000000000004]] theta_ref0..2=[0.0, -0.7853981633974483, -1.3744467859455345] weights=[18.0, 7.5, 0.25, 0.5, 0.06, 0.0] vmin_soft=0.030
23:41:42 [INFO] [MPC] state=(+2.42,-3.55,+2.80) wp0=(+1.95,-3.65) v=+0.109 ω=+0.256 wp_prog=9/66 ok=True iters=6
23:41:42 [DEBUG] [MPC IN] path_xy0..1=[[1.9500000000000002, -3.6500000000000004], [1.8499999999999996, -3.6500000000000004]] theta_ref0..2=[0.0, -0.7853981633974483, -1.3744467859455345] weights=[18.0, 7.5, 0.25, 0.5, 0.06, 0.0] vmin_soft=0.030
23:41:42 [INFO] [MPC] state=(+2.41,-3.55,+2.83) wp0=(+1.95,-3.65) v=+0.109 ω=+0.147 wp_prog=9/66 ok=True iters=6
23:41:42 [DEBUG] [MPC IN] path_xy0..1=[[1.9500000000000002, -3.6500000000000004], [1.8499999999999996, -3.6500000000000004]] theta_ref0..2=[0.0, -0.7853981633974483, -1.3744467859455345] weights=[18.0, 7.5, 0.25, 0.5, 0.06, 0.0] vmin_soft=0.030
23:41:43 [INFO] [MPC] state=(+2.40,-3.55,+2.84) wp0=(+1.95,-3.65) v=+0.109 ω=+0.040 wp_prog=9/66 ok=True iters=6
23:41:43 [DEBUG] [MPC IN] path_xy0..1=[[1.9500000000000002, -3.6500000000000004], [1.8499999999999996, -3.6500000000000004]] theta_ref0..2=[0.0, -0.7853981633974483, -1.3744467859455345] weights=[18.0, 7.5, 0.25, 0.5, 0.06, 0.0] vmin_soft=0.030
23:41:43 [INFO] [MPC] state=(+2.39,-3.54,+2.85) wp0=(+1.95,-3.65) v=+0.109 ω=+0.196 wp_prog=9/66 ok=True iters=7
23:41:43 [DEBUG] [MPC IN] path_xy0..1=[[1.9500000000000002, -3.6500000000000004], [1.8499999999999996, -3.6500000000000004]] theta_ref0..2=[0.0, -0.7853981633974483, -1.3744467859455345] weights=[18.0, 7.5, 0.25, 0.5, 0.06, 0.0] vmin_soft=0.030
23:41:43 [INFO] [MPC] state=(+2.38,-3.54,+2.87) wp0=(+1.95,-3.65) v=+0.109 ω=+0.290 wp_prog=9/66 ok=True iters=7
23:41:43 [DEBUG] [MPC IN] path_xy0..1=[[1.9500000000000002, -3.6500000000000004], [1.8499999999999996, -3.6500000000000004]] theta_ref0..2=[0.0, -0.7853981633974483, -1.3744467859455345] weights=[18.0, 7.5, 0.25, 0.5, 0.06, 0.0] vmin_soft=0.030
23:41:43 [INFO] [MPC] state=(+2.37,-3.54,+2.90) wp0=(+1.95,-3.65) v=+0.109 ω=+0.153 wp_prog=9/66 ok=True iters=7
23:41:43 [DEBUG] [MPC IN] path_xy0..1=[[1.9500000000000002, -3.6500000000000004], [1.8499999999999996, -3.6500000000000004]] theta_ref0..2=[0.0, -0.7853981633974483, -1.3744467859455345] weights=[18.0, 7.5, 0.25, 0.5, 0.06, 0.0] vmin_soft=0.030
23:41:43 [INFO] [MPC] state=(+2.36,-3.54,+2.91) wp0=(+1.95,-3.65) v=+0.109 ω=+0.038 wp_prog=9/66 ok=True iters=7
23:41:43 [DEBUG] [MPC IN] path_xy0..1=[[1.9500000000000002, -3.6500000000000004], [1.8499999999999996, -3.6500000000000004]] theta_ref0..2=[0.0, -0.7853981633974483, -1.3744467859455345] weights=[18.0, 7.5, 0.25, 0.5, 0.06, 0.0] vmin_soft=0.030
23:41:43 [INFO] [MPC] state=(+2.35,-3.53,+2.92) wp0=(+1.95,-3.65) v=+0.109 ω=+0.096 wp_prog=9/66 ok=True iters=7
23:41:43 [DEBUG] [MPC IN] path_xy0..1=[[1.9500000000000002, -3.6500000000000004], [1.8499999999999996, -3.6500000000000004]] theta_ref0..2=[0.0, -0.7853981633974483, -1.3744467859455345] weights=[18.0, 7.5, 0.25, 0.5, 0.06, 0.0] vmin_soft=0.030
23:41:44 [INFO] [MPC] state=(+2.34,-3.53,+2.93) wp0=(+1.95,-3.65) v=+0.109 ω=+0.276 wp_prog=9/66 ok=True iters=7
23:41:44 [DEBUG] [MPC IN] path_xy0..1=[[1.9500000000000002, -3.6500000000000004], [1.8499999999999996, -3.6500000000000004]] theta_ref0..2=[0.0, -0.7853981633974483, -1.3744467859455345] weights=[18.0, 7.5, 0.25, 0.5, 0.06, 0.0] vmin_soft=0.030
23:41:44 [INFO] [MPC] state=(+2.33,-3.53,+2.95) wp0=(+1.95,-3.65) v=+0.109 ω=+0.162 wp_prog=9/66 ok=True iters=7
23:41:44 [DEBUG] [MPC IN] path_xy0..1=[[1.9500000000000002, -3.6500000000000004], [1.8499999999999996, -3.6500000000000004]] theta_ref0..2=[0.0, -0.7853981633974483, -1.3744467859455345] weights=[18.0, 7.5, 0.25, 0.5, 0.06, 0.0] vmin_soft=0.030
23:41:44 [INFO] [MPC] state=(+2.31,-3.53,+2.97) wp0=(+1.95,-3.65) v=+0.109 ω=+0.050 wp_prog=9/66 ok=True iters=7
23:41:44 [DEBUG] [MPC IN] path_xy0..1=[[1.9500000000000002, -3.6500000000000004], [1.8499999999999996, -3.6500000000000004]] theta_ref0..2=[0.0, -0.7853981633974483, -1.3744467859455345] weights=[18.0, 7.5, 0.25, 0.5, 0.06, 0.0] vmin_soft=0.030
23:41:44 [INFO] [MPC] state=(+2.30,-3.52,+2.98) wp0=(+1.95,-3.65) v=+0.109 ω=-0.010 wp_prog=9/66 ok=True iters=7
23:41:44 [DEBUG] [MPC IN] path_xy0..1=[[1.9500000000000002, -3.6500000000000004], [1.8499999999999996, -3.6500000000000004]] theta_ref0..2=[0.0, -0.7853981633974483, -1.3744467859455345] weights=[18.0, 7.5, 0.25, 0.5, 0.06, 0.0] vmin_soft=0.030
23:41:44 [INFO] [MPC] state=(+2.29,-3.52,+2.97) wp0=(+1.95,-3.65) v=+0.109 ω=+1.407 wp_prog=9/66 ok=True iters=8
23:41:44 [DEBUG] [MPC IN] path_xy0..1=[[1.9500000000000002, -3.6500000000000004], [1.8499999999999996, -3.6500000000000004]] theta_ref0..2=[0.0, -0.7853981633974483, -1.3744467859455345] weights=[18.0, 7.5, 0.25, 0.5, 0.06, 0.0] vmin_soft=0.030
23:41:44 [INFO] [MPC] state=(+2.28,-3.52,+3.10) wp0=(+1.95,-3.65) v=+0.109 ω=+0.827 wp_prog=9/66 ok=True iters=7
23:41:44 [DEBUG] [MPC IN] path_xy0..1=[[1.9500000000000002, -3.6500000000000004], [1.8499999999999996, -3.6500000000000004]] theta_ref0..2=[0.0, -0.7853981633974483, -1.3744467859455345] weights=[18.0, 7.5, 0.25, 0.5, 0.06, 0.0] vmin_soft=0.030
23:41:45 [INFO] [MPC] state=(+2.27,-3.52,-3.10) wp0=(+1.95,-3.65) v=+0.109 ω=+0.497 wp_prog=9/66 ok=True iters=7
23:41:45 [DEBUG] [MPC IN] path_xy0..1=[[1.9500000000000002, -3.6500000000000004], [1.8499999999999996, -3.6500000000000004]] theta_ref0..2=[0.0, -0.7853981633974483, -1.3744467859455345] weights=[18.0, 7.5, 0.25, 0.5, 0.06, 0.0] vmin_soft=0.030
23:41:45 [INFO] [MPC] state=(+2.26,-3.52,-3.06) wp0=(+1.95,-3.65) v=+0.109 ω=+0.357 wp_prog=9/66 ok=True iters=7
23:41:45 [DEBUG] [MPC IN] path_xy0..1=[[1.9500000000000002, -3.6500000000000004], [1.8499999999999996, -3.6500000000000004]] theta_ref0..2=[0.0, -0.7853981633974483, -1.3744467859455345] weights=[18.0, 7.5, 0.25, 0.5, 0.06, 0.0] vmin_soft=0.030
23:41:45 [INFO] [MPC] state=(+2.25,-3.52,-3.02) wp0=(+1.95,-3.65) v=+0.109 ω=+0.104 wp_prog=10/66 ok=True iters=7
23:41:45 [DEBUG] [MPC IN] path_xy0..1=[[1.9500000000000002, -3.6500000000000004], [1.8499999999999996, -3.6500000000000004]] theta_ref0..2=[0.0, -0.7853981633974483, -1.3744467859455345] weights=[18.0, 7.5, 0.25, 0.5, 0.06, 0.0] vmin_soft=0.030
23:41:45 [INFO] [MPC] state=(+2.24,-3.52,-3.01) wp0=(+1.85,-3.65) v=+0.109 ω=-1.236 wp_prog=10/66 ok=True iters=8
23:41:45 [DEBUG] [MPC IN] path_xy0..1=[[1.8499999999999996, -3.6500000000000004], [1.75, -3.6500000000000004]] theta_ref0..2=[0.0, -0.7853981633974483, -1.3744467859455345] weights=[18.0, 7.5, 0.25, 0.5, 0.06, 0.0] vmin_soft=0.030
23:41:45 [INFO] [MPC] state=(+2.23,-3.53,-3.13) wp0=(+1.85,-3.65) v=+0.109 ω=+0.362 wp_prog=10/66 ok=True iters=8
23:41:45 [DEBUG] [MPC IN] path_xy0..1=[[1.8499999999999996, -3.6500000000000004], [1.75, -3.6500000000000004]] theta_ref0..2=[0.0, -0.7853981633974483, -1.3744467859455345] weights=[18.0, 7.5, 0.25, 0.5, 0.06, 0.0] vmin_soft=0.030
23:41:45 [INFO] [MPC] state=(+2.22,-3.53,-3.10) wp0=(+1.85,-3.65) v=+0.109 ω=+0.169 wp_prog=10/66 ok=True iters=7
23:41:45 [DEBUG] [MPC IN] path_xy0..1=[[1.8499999999999996, -3.6500000000000004], [1.75, -3.6500000000000004]] theta_ref0..2=[0.0, -0.7853981633974483, -1.3744467859455345] weights=[18.0, 7.5, 0.25, 0.5, 0.06, 0.0] vmin_soft=0.030
23:41:46 [INFO] [MPC] state=(+2.21,-3.53,-3.09) wp0=(+1.85,-3.65) v=+0.109 ω=-1.152 wp_prog=10/66 ok=True iters=8
23:41:46 [DEBUG] [MPC IN] path_xy0..1=[[1.8499999999999996, -3.6500000000000004], [1.75, -3.6500000000000004]] theta_ref0..2=[0.0, -0.7853981633974483, -1.3744467859455345] weights=[18.0, 7.5, 0.25, 0.5, 0.06, 0.0] vmin_soft=0.030
23:41:46 [INFO] [MPC] state=(+2.20,-3.53,+3.08) wp0=(+1.85,-3.65) v=+0.109 ω=+0.395 wp_prog=10/66 ok=True iters=8
23:41:46 [DEBUG] [MPC IN] path_xy0..1=[[1.8499999999999996, -3.6500000000000004], [1.75, -3.6500000000000004]] theta_ref0..2=[0.0, -0.7853981633974483, -1.3744467859455345] weights=[18.0, 7.5, 0.25, 0.5, 0.06, 0.0] vmin_soft=0.030
23:41:46 [INFO] [MPC] state=(+2.19,-3.53,+3.11) wp0=(+1.85,-3.65) v=+0.109 ω=+0.249 wp_prog=10/66 ok=True iters=6
23:41:46 [DEBUG] [MPC IN] path_xy0..1=[[1.8499999999999996, -3.6500000000000004], [1.75, -3.6500000000000004]] theta_ref0..2=[0.0, -0.7853981633974483, -1.3744467859455345] weights=[18.0, 7.5, 0.25, 0.5, 0.06, 0.0] vmin_soft=0.030
23:41:46 [INFO] [MPC] state=(+2.18,-3.53,+3.13) wp0=(+1.85,-3.65) v=+0.109 ω=+0.116 wp_prog=10/66 ok=True iters=6
23:41:46 [DEBUG] [MPC IN] path_xy0..1=[[1.8499999999999996, -3.6500000000000004], [1.75, -3.6500000000000004]] theta_ref0..2=[0.0, -0.7853981633974483, -1.3744467859455345] weights=[18.0, 7.5, 0.25, 0.5, 0.06, 0.0] vmin_soft=0.030
23:41:46 [INFO] [MPC] state=(+2.17,-3.53,-3.14) wp0=(+1.85,-3.65) v=+0.109 ω=-0.021 wp_prog=10/66 ok=True iters=6
23:41:46 [DEBUG] [MPC IN] path_xy0..1=[[1.8499999999999996, -3.6500000000000004], [1.75, -3.6500000000000004]] theta_ref0..2=[0.0, -0.7853981633974483, -1.3744467859455345] weights=[18.0, 7.5, 0.25, 0.5, 0.06, 0.0] vmin_soft=0.030
23:41:46 [INFO] [MPC] state=(+2.16,-3.53,+3.14) wp0=(+1.85,-3.65) v=+0.109 ω=-0.074 wp_prog=11/66 ok=True iters=6
23:41:46 [DEBUG] [MPC IN] path_xy0..1=[[1.8499999999999996, -3.6500000000000004], [1.75, -3.6500000000000004]] theta_ref0..2=[0.0, -0.7853981633974483, -1.3744467859455345] weights=[18.0, 7.5, 0.25, 0.5, 0.06, 0.0] vmin_soft=0.030
23:41:47 [INFO] [MPC] state=(+2.15,-3.53,+3.13) wp0=(+1.65,-3.65) v=+0.109 ω=-0.095 wp_prog=11/66 ok=True iters=7
23:41:47 [DEBUG] [MPC IN] path_xy0..1=[[1.6499999999999995, -3.6500000000000004], [1.5499999999999998, -3.6500000000000004]] theta_ref0..2=[0.0, -0.7853981633974483, -1.3744467859455345] weights=[18.0, 7.5, 0.25, 0.5, 0.06, 0.0] vmin_soft=0.030
23:41:47 [INFO] [MPC] state=(+2.14,-3.53,+3.12) wp0=(+1.65,-3.65) v=+0.109 ω=-0.105 wp_prog=11/66 ok=True iters=7
23:41:47 [DEBUG] [MPC IN] path_xy0..1=[[1.6499999999999995, -3.6500000000000004], [1.5499999999999998, -3.6500000000000004]] theta_ref0..2=[0.0, -0.7853981633974483, -1.3744467859455345] weights=[18.0, 7.5, 0.25, 0.5, 0.06, 0.0] vmin_soft=0.030
23:41:47 [INFO] [MPC] state=(+2.13,-3.52,+3.11) wp0=(+1.65,-3.65) v=+0.109 ω=-1.202 wp_prog=11/66 ok=True iters=8
23:41:47 [DEBUG] [MPC IN] path_xy0..1=[[1.6499999999999995, -3.6500000000000004], [1.5499999999999998, -3.6500000000000004]] theta_ref0..2=[0.0, -0.7853981633974483, -1.3744467859455345] weights=[18.0, 7.5, 0.25, 0.5, 0.06, 0.0] vmin_soft=0.030
23:41:47 [INFO] [MPC] state=(+2.11,-3.52,+2.99) wp0=(+1.65,-3.65) v=+0.109 ω=-0.693 wp_prog=11/66 ok=True iters=7
23:41:47 [DEBUG] [MPC IN] path_xy0..1=[[1.6499999999999995, -3.6500000000000004], [1.5499999999999998, -3.6500000000000004]] theta_ref0..2=[0.0, -0.7853981633974483, -1.3744467859455345] weights=[18.0, 7.5, 0.25, 0.5, 0.06, 0.0] vmin_soft=0.030
23:41:47 [INFO] [MPC] state=(+2.10,-3.52,+2.92) wp0=(+1.65,-3.65) v=+0.109 ω=+0.653 wp_prog=11/66 ok=True iters=8
23:41:47 [DEBUG] [MPC IN] path_xy0..1=[[1.6499999999999995, -3.6500000000000004], [1.5499999999999998, -3.6500000000000004]] theta_ref0..2=[0.0, -0.7853981633974483, -1.3744467859455345] weights=[18.0, 7.5, 0.25, 0.5, 0.06, 0.0] vmin_soft=0.030
23:41:47 [INFO] [MPC] state=(+2.09,-3.52,+2.98) wp0=(+1.65,-3.65) v=+0.109 ω=-0.677 wp_prog=11/66 ok=True iters=8
23:41:47 [DEBUG] [MPC IN] path_xy0..1=[[1.6499999999999995, -3.6500000000000004], [1.5499999999999998, -3.6500000000000004]] theta_ref0..2=[0.0, -0.7853981633974483, -1.3744467859455345] weights=[18.0, 7.5, 0.25, 0.5, 0.06, 0.0] vmin_soft=0.030
23:41:48 [INFO] [MPC] state=(+2.08,-3.52,+2.92) wp0=(+1.65,-3.65) v=+0.109 ω=+0.675 wp_prog=11/66 ok=True iters=8
23:41:48 [DEBUG] [MPC IN] path_xy0..1=[[1.6499999999999995, -3.6500000000000004], [1.5499999999999998, -3.6500000000000004]] theta_ref0..2=[0.0, -0.7853981633974483, -1.3744467859455345] weights=[18.0, 7.5, 0.25, 0.5, 0.06, 0.0] vmin_soft=0.030
23:41:48 [INFO] [MPC] state=(+2.07,-3.52,+2.98) wp0=(+1.65,-3.65) v=+0.109 ω=-0.667 wp_prog=11/66 ok=True iters=8
23:41:48 [DEBUG] [MPC IN] path_xy0..1=[[1.6499999999999995, -3.6500000000000004], [1.5499999999999998, -3.6500000000000004]] theta_ref0..2=[0.0, -0.7853981633974483, -1.3744467859455345] weights=[18.0, 7.5, 0.25, 0.5, 0.06, 0.0] vmin_soft=0.030
23:41:48 [INFO] [MPC] state=(+2.06,-3.51,+2.92) wp0=(+1.65,-3.65) v=+0.109 ω=+0.703 wp_prog=11/66 ok=True iters=8
23:41:48 [DEBUG] [MPC IN] path_xy0..1=[[1.6499999999999995, -3.6500000000000004], [1.5499999999999998, -3.6500000000000004]] theta_ref0..2=[0.0, -0.7853981633974483, -1.3744467859455345] weights=[18.0, 7.5, 0.25, 0.5, 0.06, 0.0] vmin_soft=0.030
23:41:48 [INFO] [MPC] state=(+2.05,-3.51,+2.99) wp0=(+1.65,-3.65) v=+0.109 ω=+0.573 wp_prog=12/66 ok=True iters=6
23:41:48 [DEBUG] [MPC IN] path_xy0..1=[[1.6499999999999995, -3.6500000000000004], [1.5499999999999998, -3.6500000000000004]] theta_ref0..2=[0.0, -0.7853981633974483, -1.3744467859455345] weights=[18.0, 7.5, 0.25, 0.5, 0.06, 0.0] vmin_soft=0.030
23:41:48 [INFO] [MPC] state=(+2.04,-3.51,+3.05) wp0=(+1.65,-3.65) v=+0.109 ω=-0.797 wp_prog=12/66 ok=True iters=8
23:41:48 [DEBUG] [MPC IN] path_xy0..1=[[1.6499999999999995, -3.6500000000000004], [1.5499999999999998, -3.6500000000000004]] theta_ref0..2=[0.0, -0.7853981633974483, -1.3744467859455345] weights=[18.0, 7.5, 0.25, 0.5, 0.06, 0.0] vmin_soft=0.030
23:41:48 [INFO] [MPC] state=(+2.03,-3.51,+2.98) wp0=(+1.65,-3.65) v=+0.109 ω=+0.601 wp_prog=12/66 ok=True iters=8
23:41:48 [DEBUG] [MPC IN] path_xy0..1=[[1.6499999999999995, -3.6500000000000004], [1.5499999999999998, -3.6500000000000004]] theta_ref0..2=[0.0, -0.7853981633974483, -1.3744467859455345] weights=[18.0, 7.5, 0.25, 0.5, 0.06, 0.0] vmin_soft=0.030
23:41:49 [INFO] [MPC] state=(+2.02,-3.51,+3.03) wp0=(+1.65,-3.65) v=+0.109 ω=-0.763 wp_prog=12/66 ok=True iters=8
23:41:49 [DEBUG] [MPC IN] path_xy0..1=[[1.6499999999999995, -3.6500000000000004], [1.5499999999999998, -3.6500000000000004]] theta_ref0..2=[0.0, -0.7853981633974483, -1.3744467859455345] weights=[18.0, 7.5, 0.25, 0.5, 0.06, 0.0] vmin_soft=0.030
23:41:49 [INFO] [MPC] state=(+2.01,-3.51,+2.96) wp0=(+1.65,-3.65) v=+0.109 ω=+0.662 wp_prog=12/66 ok=True iters=8
23:41:49 [DEBUG] [MPC IN] path_xy0..1=[[1.6499999999999995, -3.6500000000000004], [1.5499999999999998, -3.6500000000000004]] theta_ref0..2=[0.0, -0.7853981633974483, -1.3744467859455345] weights=[18.0, 7.5, 0.25, 0.5, 0.06, 0.0] vmin_soft=0.030
23:41:49 [INFO] [MPC] state=(+2.00,-3.50,+3.02) wp0=(+1.65,-3.65) v=+0.109 ω=+0.387 wp_prog=12/66 ok=True iters=6
23:41:49 [DEBUG] [MPC IN] path_xy0..1=[[1.6499999999999995, -3.6500000000000004], [1.5499999999999998, -3.6500000000000004]] theta_ref0..2=[0.0, -0.7853981633974483, -1.3744467859455345] weights=[18.0, 7.5, 0.25, 0.5, 0.06, 0.0] vmin_soft=0.030
23:41:49 [INFO] [MPC] state=(+1.99,-3.50,+3.06) wp0=(+1.65,-3.65) v=+0.109 ω=+0.327 wp_prog=12/66 ok=True iters=6
23:41:49 [DEBUG] [MPC IN] path_xy0..1=[[1.6499999999999995, -3.6500000000000004], [1.5499999999999998, -3.6500000000000004]] theta_ref0..2=[0.0, -0.7853981633974483, -1.3744467859455345] weights=[18.0, 7.5, 0.25, 0.5, 0.06, 0.0] vmin_soft=0.030
23:41:49 [INFO] [MPC] state=(+1.98,-3.50,+3.09) wp0=(+1.65,-3.65) v=+0.109 ω=+0.269 wp_prog=12/66 ok=True iters=6
23:41:49 [DEBUG] [MPC IN] path_xy0..1=[[1.6499999999999995, -3.6500000000000004], [1.5499999999999998, -3.6500000000000004]] theta_ref0..2=[0.0, -0.7853981633974483, -1.3744467859455345] weights=[18.0, 7.5, 0.25, 0.5, 0.06, 0.0] vmin_soft=0.030
23:41:49 [INFO] [MPC] state=(+1.97,-3.50,+3.12) wp0=(+1.65,-3.65) v=+0.109 ω=+0.070 wp_prog=12/66 ok=True iters=6
23:41:49 [DEBUG] [MPC IN] path_xy0..1=[[1.6499999999999995, -3.6500000000000004], [1.5499999999999998, -3.6500000000000004]] theta_ref0..2=[0.0, -0.7853981633974483, -1.3744467859455345] weights=[18.0, 7.5, 0.25, 0.5, 0.06, 0.0] vmin_soft=0.030
23:41:50 [INFO] [MPC] state=(+1.96,-3.50,+3.12) wp0=(+1.65,-3.65) v=+0.109 ω=-1.087 wp_prog=13/66 ok=True iters=8
23:41:50 [DEBUG] [MPC IN] path_xy0..1=[[1.6499999999999995, -3.6500000000000004], [1.5499999999999998, -3.6500000000000004]] theta_ref0..2=[0.0, -0.7853981633974483, -1.3744467859455345] weights=[18.0, 7.5, 0.25, 0.5, 0.06, 0.0] vmin_soft=0.030
23:41:50 [INFO] [MPC] state=(+1.94,-3.50,+3.02) wp0=(+1.55,-3.65) v=+0.109 ω=+0.368 wp_prog=13/66 ok=True iters=8
23:41:50 [DEBUG] [MPC IN] path_xy0..1=[[1.5499999999999998, -3.6500000000000004], [1.4500000000000002, -3.6500000000000004]] theta_ref0..2=[0.0, -0.7853981633974483, -1.3744467859455345] weights=[18.0, 7.5, 0.25, 0.5, 0.06, 0.0] vmin_soft=0.030
23:41:50 [INFO] [MPC] state=(+1.93,-3.50,+3.05) wp0=(+1.55,-3.65) v=+0.109 ω=+0.313 wp_prog=13/66 ok=True iters=6
23:41:50 [DEBUG] [MPC IN] path_xy0..1=[[1.5499999999999998, -3.6500000000000004], [1.4500000000000002, -3.6500000000000004]] theta_ref0..2=[0.0, -0.7853981633974483, -1.3744467859455345] weights=[18.0, 7.5, 0.25, 0.5, 0.06, 0.0] vmin_soft=0.030
23:41:50 [INFO] [MPC] state=(+1.92,-3.50,+3.08) wp0=(+1.55,-3.65) v=+0.109 ω=+0.258 wp_prog=13/66 ok=True iters=6
23:41:50 [DEBUG] [MPC IN] path_xy0..1=[[1.5499999999999998, -3.6500000000000004], [1.4500000000000002, -3.6500000000000004]] theta_ref0..2=[0.0, -0.7853981633974483, -1.3744467859455345] weights=[18.0, 7.5, 0.25, 0.5, 0.06, 0.0] vmin_soft=0.030
23:41:50 [INFO] [MPC] state=(+1.91,-3.50,+3.11) wp0=(+1.55,-3.65) v=+0.109 ω=+0.204 wp_prog=13/66 ok=True iters=6
23:41:50 [DEBUG] [MPC IN] path_xy0..1=[[1.5499999999999998, -3.6500000000000004], [1.4500000000000002, -3.6500000000000004]] theta_ref0..2=[0.0, -0.7853981633974483, -1.3744467859455345] weights=[18.0, 7.5, 0.25, 0.5, 0.06, 0.0] vmin_soft=0.030
23:41:50 [INFO] [MPC] state=(+1.90,-3.50,+3.13) wp0=(+1.55,-3.65) v=+0.109 ω=+0.162 wp_prog=13/66 ok=True iters=6
23:41:50 [DEBUG] [MPC IN] path_xy0..1=[[1.5499999999999998, -3.6500000000000004], [1.4500000000000002, -3.6500000000000004]] theta_ref0..2=[0.0, -0.7853981633974483, -1.3744467859455345] weights=[18.0, 7.5, 0.25, 0.5, 0.06, 0.0] vmin_soft=0.030
23:41:51 [INFO] [MPC] state=(+1.89,-3.50,-3.14) wp0=(+1.55,-3.65) v=+0.109 ω=+0.119 wp_prog=13/66 ok=True iters=6
23:41:51 [DEBUG] [MPC IN] path_xy0..1=[[1.5499999999999998, -3.6500000000000004], [1.4500000000000002, -3.6500000000000004]] theta_ref0..2=[0.0, -0.7853981633974483, -1.3744467859455345] weights=[18.0, 7.5, 0.25, 0.5, 0.06, 0.0] vmin_soft=0.030
23:41:51 [INFO] [MPC] state=(+1.88,-3.50,-3.13) wp0=(+1.55,-3.65) v=+0.109 ω=-1.149 wp_prog=13/66 ok=True iters=8
23:41:51 [DEBUG] [MPC IN] path_xy0..1=[[1.5499999999999998, -3.6500000000000004], [1.4500000000000002, -3.6500000000000004]] theta_ref0..2=[0.0, -0.7853981633974483, -1.3744467859455345] weights=[18.0, 7.5, 0.25, 0.5, 0.06, 0.0] vmin_soft=0.030
23:41:51 [INFO] [MPC] state=(+1.87,-3.50,+3.04) wp0=(+1.55,-3.65) v=+0.109 ω=-0.616 wp_prog=13/66 ok=True iters=7
23:41:51 [DEBUG] [MPC IN] path_xy0..1=[[1.5499999999999998, -3.6500000000000004], [1.4500000000000002, -3.6500000000000004]] theta_ref0..2=[0.0, -0.7853981633974483, -1.3744467859455345] weights=[18.0, 7.5, 0.25, 0.5, 0.06, 0.0] vmin_soft=0.030
23:41:51 [INFO] [MPC] state=(+1.86,-3.50,+2.97) wp0=(+1.55,-3.65) v=+0.109 ω=+0.789 wp_prog=14/66 ok=True iters=8
23:41:51 [DEBUG] [MPC IN] path_xy0..1=[[1.5499999999999998, -3.6500000000000004], [1.4500000000000002, -3.6500000000000004]] theta_ref0..2=[0.0, -0.7853981633974483, -1.3744467859455345] weights=[18.0, 7.5, 0.25, 0.5, 0.06, 0.0] vmin_soft=0.030
23:41:51 [INFO] [MPC] state=(+1.85,-3.49,+3.05) wp0=(+1.35,-3.65) v=+0.109 ω=+0.527 wp_prog=14/66 ok=True iters=7
23:41:51 [DEBUG] [MPC IN] path_xy0..1=[[1.3499999999999996, -3.6500000000000004], [1.25, -3.6500000000000004]] theta_ref0..2=[0.0, -0.7853981633974483, -1.3744467859455345] weights=[18.0, 7.5, 0.25, 0.5, 0.06, 0.0] vmin_soft=0.030
23:41:51 [INFO] [MPC] state=(+1.84,-3.49,+3.10) wp0=(+1.35,-3.65) v=+0.109 ω=+0.289 wp_prog=14/66 ok=True iters=6
23:41:51 [DEBUG] [MPC IN] path_xy0..1=[[1.3499999999999996, -3.6500000000000004], [1.25, -3.6500000000000004]] theta_ref0..2=[0.0, -0.7853981633974483, -1.3744467859455345] weights=[18.0, 7.5, 0.25, 0.5, 0.06, 0.0] vmin_soft=0.030
23:41:52 [INFO] [MPC] state=(+1.83,-3.49,+3.12) wp0=(+1.35,-3.65) v=+0.109 ω=+0.226 wp_prog=14/66 ok=True iters=6
23:41:52 [DEBUG] [MPC IN] path_xy0..1=[[1.3499999999999996, -3.6500000000000004], [1.25, -3.6500000000000004]] theta_ref0..2=[0.0, -0.7853981633974483, -1.3744467859455345] weights=[18.0, 7.5, 0.25, 0.5, 0.06, 0.0] vmin_soft=0.030
23:41:52 [INFO] [MPC] state=(+1.82,-3.49,-3.14) wp0=(+1.35,-3.65) v=+0.109 ω=+0.175 wp_prog=14/66 ok=True iters=6
23:41:52 [DEBUG] [MPC IN] path_xy0..1=[[1.3499999999999996, -3.6500000000000004], [1.25, -3.6500000000000004]] theta_ref0..2=[0.0, -0.7853981633974483, -1.3744467859455345] weights=[18.0, 7.5, 0.25, 0.5, 0.06, 0.0] vmin_soft=0.030
23:41:52 [INFO] [MPC] state=(+1.81,-3.49,-3.12) wp0=(+1.35,-3.65) v=+0.109 ω=+0.131 wp_prog=14/66 ok=True iters=6
23:41:52 [DEBUG] [MPC IN] path_xy0..1=[[1.3499999999999996, -3.6500000000000004], [1.25, -3.6500000000000004]] theta_ref0..2=[0.0, -0.7853981633974483, -1.3744467859455345] weights=[18.0, 7.5, 0.25, 0.5, 0.06, 0.0] vmin_soft=0.030
23:41:52 [INFO] [MPC] state=(+1.80,-3.49,-3.11) wp0=(+1.35,-3.65) v=+0.109 ω=-0.057 wp_prog=14/66 ok=True iters=6
23:41:52 [DEBUG] [MPC IN] path_xy0..1=[[1.3499999999999996, -3.6500000000000004], [1.25, -3.6500000000000004]] theta_ref0..2=[0.0, -0.7853981633974483, -1.3744467859455345] weights=[18.0, 7.5, 0.25, 0.5, 0.06, 0.0] vmin_soft=0.030
23:41:52 [INFO] [MPC] state=(+1.78,-3.49,-3.12) wp0=(+1.35,-3.65) v=+0.109 ω=-0.046 wp_prog=14/66 ok=True iters=6
23:41:52 [DEBUG] [MPC IN] path_xy0..1=[[1.3499999999999996, -3.6500000000000004], [1.25, -3.6500000000000004]] theta_ref0..2=[0.0, -0.7853981633974483, -1.3744467859455345] weights=[18.0, 7.5, 0.25, 0.5, 0.06, 0.0] vmin_soft=0.030
23:41:52 [INFO] [MPC] state=(+1.77,-3.49,-3.12) wp0=(+1.35,-3.65) v=+0.109 ω=-0.861 wp_prog=14/66 ok=True iters=7
23:41:52 [DEBUG] [MPC IN] path_xy0..1=[[1.3499999999999996, -3.6500000000000004], [1.25, -3.6500000000000004]] theta_ref0..2=[0.0, -0.7853981633974483, -1.3744467859455345] weights=[18.0, 7.5, 0.25, 0.5, 0.06, 0.0] vmin_soft=0.030
23:41:53 [INFO] [MPC] state=(+1.76,-3.49,+3.07) wp0=(+1.35,-3.65) v=+0.109 ω=+0.478 wp_prog=14/66 ok=True iters=8
23:41:53 [DEBUG] [MPC IN] path_xy0..1=[[1.3499999999999996, -3.6500000000000004], [1.25, -3.6500000000000004]] theta_ref0..2=[0.0, -0.7853981633974483, -1.3744467859455345] weights=[18.0, 7.5, 0.25, 0.5, 0.06, 0.0] vmin_soft=0.030
23:41:53 [INFO] [MPC] state=(+1.75,-3.49,+3.11) wp0=(+1.35,-3.65) v=+0.109 ω=+0.420 wp_prog=15/66 ok=True iters=6
23:41:53 [DEBUG] [MPC IN] path_xy0..1=[[1.3499999999999996, -3.6500000000000004], [1.25, -3.6500000000000004]] theta_ref0..2=[0.0, -0.7853981633974483, -1.3744467859455345] weights=[18.0, 7.5, 0.25, 0.5, 0.06, 0.0] vmin_soft=0.030
23:41:53 [INFO] [MPC] state=(+1.74,-3.49,-3.14) wp0=(+1.35,-3.65) v=+0.109 ω=+0.360 wp_prog=15/66 ok=True iters=6
23:41:53 [DEBUG] [MPC IN] path_xy0..1=[[1.3499999999999996, -3.6500000000000004], [1.25, -3.6500000000000004]] theta_ref0..2=[0.0, -0.7853981633974483, -1.3744467859455345] weights=[18.0, 7.5, 0.25, 0.5, 0.06, 0.0] vmin_soft=0.030
