21:31:03 [INFO] === New MPC Session Started ===
21:31:03 [DEBUG] matplotlib data path: /usr/share/matplotlib/mpl-data
21:31:03 [DEBUG] CONFIGDIR=/home/max/.config/matplotlib
21:31:03 [DEBUG] interactive is False
21:31:03 [DEBUG] platform is linux
21:31:03 [DEBUG] loaded modules: ['sys', 'builtins', '_frozen_importlib', '_imp', '_thread', '_warnings', '_weakref', '_io', 'marshal', 'posix', '_frozen_importlib_external', 'time', 'zipimport', '_codecs', 'codecs', 'encodings.aliases', 'encodings', 'encodings.utf_8', '_signal', '_abc', 'abc', 'io', '__main__', '_stat', 'stat', '_collections_abc', 'genericpath', 'posixpath', 'os.path', 'os', '_sitebuiltins', 'types', 'importlib._bootstrap', 'importlib._bootstrap_external', 'warnings', 'importlib', 'importlib._abc', 'itertools', 'keyword', '_operator', 'operator', 'reprlib', '_collections', 'collections', '_functools', 'functools', 'contextlib', 'importlib.util', 'importlib.machinery', 'mpl_toolkits', 'phply', 'ruamel', 'zope', 'apport_python_hook', 'sitecustomize', 'site', 'crowdnav', 'crowdnav.env', 'gym.error', 'gym.version', 'collections.abc', 'enum', '_sre', 'sre_constants', 'sre_parse', 'sre_compile', '_locale', 'copyreg', 're', 'typing.io', 'typing.re', 'typing', 'numpy._utils._convertions', 'numpy._utils', 'numpy._globals', 'numpy.exceptions', 'numpy.version', 'numpy._distributor_init', 'numpy._utils._inspect', 'math', '_datetime', 'datetime', 'numpy.core._exceptions', 'numpy.dtypes', 'numpy.core._multiarray_umath', 'numpy.core.overrides', 'numpy.core.multiarray', 'numpy.core.umath', 'numbers', 'numpy.core._string_helpers', 'fnmatch', 'ntpath', 'errno', 'urllib', 'ipaddress', 'urllib.parse', 'pathlib', '_struct', 'struct', '_compat_pickle', '_pickle', 'pickle', 'numpy.compat.py3k', 'numpy.compat', 'numpy.core._dtype', 'numpy.core._type_aliases', 'numpy.core.numerictypes', '_contextvars', 'contextvars', 'numpy.core._ufunc_config', 'numpy.core._methods', 'numpy.core.fromnumeric', 'numpy.core.shape_base', 'numpy.core.arrayprint', 'numpy.core._asarray', 'numpy.core.numeric', 'numpy.core.defchararray', 'numpy.core.records', 'numpy.core.memmap', 'numpy.core.function_base', 'numpy.core._machar', 'numpy.core.getlimits', 'numpy.core.einsumfunc', 'numpy.core._multiarray_tests', 'numpy.core._add_newdocs', 'numpy.core._add_newdocs_scalars', 'numpy.core._dtype_ctypes', '_ast', 'ast', '_ctypes', 'ctypes._endian', 'ctypes', 'numpy.core._internal', 'numpy._pytesttester', 'numpy.core', 'numpy.__config__', 'numpy.lib.mixins', 'numpy.lib.ufunclike', 'numpy.lib.type_check', 'numpy.lib.scimath', 'numpy.lib.stride_tricks', 'numpy.lib.twodim_base', 'numpy.linalg._umath_linalg', '__future__', 'numpy._typing._nested_sequence', 'numpy._typing._nbit', 'numpy._typing._char_codes', 'numpy._typing._scalars', 'numpy._typing._shape', 'numpy._typing._dtype_like', 'numpy._typing._array_like', 'numpy._typing', 'numpy.linalg.linalg', 'numpy.linalg', 'numpy.matrixlib.defmatrix', 'numpy.matrixlib', 'numpy.lib.histograms', 'numpy.lib.function_base', 'numpy.lib.index_tricks', 'numpy.lib.nanfunctions', 'numpy.lib.shape_base', 'numpy.lib.polynomial', 'textwrap', 'signal', '_weakrefset', 'threading', 'fcntl', '_posixsubprocess', 'select', 'selectors', 'subprocess', 'platform', 'numpy.lib.utils', 'numpy.lib.arraysetops', 'weakref', 'numpy.lib.format', 'numpy.lib._datasource', 'numpy.lib._iotools', 'numpy.lib.npyio', 'numpy.lib.arrayterator', 'numpy.lib.arraypad', 'numpy.lib._version', 'numpy.lib', 'numpy.fft._pocketfft_internal', 'numpy.fft._pocketfft', 'numpy.fft.helper', 'numpy.fft', 'numpy.polynomial.polyutils', 'numpy.polynomial._polybase', 'numpy.polynomial.polynomial', 'numpy.polynomial.chebyshev', 'numpy.polynomial.legendre', 'numpy.polynomial.hermite', 'numpy.polynomial.hermite_e', 'numpy.polynomial.laguerre', 'numpy.polynomial', 'cython_runtime', '_cython_3_0_8', 'numpy.random._common', 'binascii', 'base64', '_hashlib', '_blake2', 'hashlib', 'hmac', '_bisect', 'bisect', '_random', '_sha512', 'random', 'secrets', 'numpy.random.bit_generator', 'numpy.random._bounded_integers', 'numpy.random._mt19937', 'numpy.random.mtrand', 'numpy.random._philox', 'numpy.random._pcg64', 'numpy.random._sfc64', 'numpy.random._generator', 'numpy.random._pickle', 'numpy.random', 'numpy.ctypeslib', '_opcode', 'opcode', 'dis', 'token', 'tokenize', 'linecache', 'inspect', 'numpy.ma.core', 'numpy.ma.extras', 'numpy.ma', 'numpy', 'gym.utils.colorize', 'gym.utils.ezpickle', 'gym.utils', 'gym.logger', 'gym.utils.seeding', 'gym.spaces.space', 'gym.spaces.box', 'gym.spaces.dict', 'gym.spaces.discrete', 'gym.spaces.multi_discrete', 'gym.spaces.graph', 'gym.spaces.multi_binary', 'gym.spaces.sequence', 'gym.spaces.text', 'gym.spaces.tuple', 'gym.spaces.utils', 'gym.spaces', 'gym.core', 'copy', '_heapq', 'heapq', 'difflib', 'dataclasses', 'cv2.load_config_py3', 'cv2.version', 'numpy._core', 'numpy._core._multiarray_umath', 'cv2.gapi.core', 'cv2.gapi.core.cpu', 'cv2.gapi.core.fluid', 'cv2.gapi.core.ocl', 'cv2.gapi.ie', 'cv2.gapi.ie.detail', 'cv2.gapi.imgproc', 'cv2.gapi.imgproc.fluid', 'cv2.gapi.oak', 'cv2.gapi.onnx', 'cv2.gapi.onnx.ep', 'cv2.gapi.ot', 'cv2.gapi.ot.cpu', 'cv2.gapi.ov', 'cv2.gapi.own', 'cv2.gapi.own.detail', 'cv2.gapi.render', 'cv2.gapi.render.ocv', 'cv2.gapi.streaming', 'cv2.gapi.video', 'cv2.gapi.wip', 'cv2.gapi.wip.draw', 'cv2.gapi.wip.gst', 'cv2.gapi.wip.onevpl', 'cv2.utils.fs', 'cv2.utils.nested', 'cv2.gapi', 'cv2.ogl', 'cv2.data', 'cv2.detail', 'cv2.flann', 'cv2.ml', 'cv2.aruco', 'cv2.qt', 'cv2.utils', 'cv2.typing', 'cv2.samples', 'cv2.barcode', 'cv2.segmentation', 'cv2.ocl', 'cv2.cuda', 'cv2.parallel', 'cv2.dnn', 'cv2.Error', 'cv2.videoio_registry', 'cv2.ipp', 'cv2.fisheye', 'cv2.misc.version', 'cv2.misc', 'cv2.mat_wrapper', 'cv2', 'gym.wrappers.atari_preprocessing', 'gym.wrappers.autoreset', 'gym.wrappers.clip_action', 'gym.wrappers.filter_observation', 'gym.wrappers.flatten_observation', 'gym.wrappers.frame_stack', 'gym.wrappers.gray_scale_observation', 'gym.wrappers.human_rendering', 'gym.wrappers.normalize', 'gym.wrappers.order_enforcing', 'gym.wrappers.record_episode_statistics', 'gym.wrappers.monitoring', '_json', 'json.scanner', 'json.decoder', 'json.encoder', 'json', 'zlib', '_compression', '_bz2', 'bz2', '_lzma', 'lzma', 'shutil', 'tempfile', 'gym.wrappers.monitoring.video_recorder', 'gym.wrappers.record_video', 'gym.wrappers.render_collection', 'gym.wrappers.rescale_action', 'gym.wrappers.resize_observation', 'gym.utils.step_api_compatibility', 'gym.wrappers.step_api_compatibility', 'gym.wrappers.time_aware_observation', 'gym.wrappers.time_limit', 'gym.wrappers.transform_observation', 'gym.wrappers.transform_reward', 'gym.wrappers.vector_list_info', 'gym.wrappers', 'gym.wrappers.compatibility', 'gym.utils.passive_env_checker', 'gym.wrappers.env_checker', '_csv', 'csv', 'email', 'zipfile', 'uu', 'quopri', '_socket', 'array', 'socket', 'locale', 'calendar', 'email._parseaddr', 'email.base64mime', '_string', 'string', 'email.quoprimime', 'email.errors', 'email.encoders', 'email.charset', 'email.utils', 'email.header', 'email._policybase', 'email._encoded_words', 'email.iterators', 'email.message', 'importlib.metadata._functools', 'importlib.metadata._text', 'importlib.metadata._adapters', 'importlib.metadata._meta', 'importlib.metadata._collections', 'importlib.metadata._itertools', 'importlib.abc', 'importlib.metadata', 'gym.envs.registration', 'gym.envs', 'multiprocessing.process', 'multiprocessing.reduction', 'multiprocessing.context', '__mp_main__', 'multiprocessing', 'gym.vector.utils.misc', 'gym.vector.utils.numpy_utils', 'gym.vector.utils.shared_memory', 'gym.vector.utils.spaces', 'gym.vector.utils', 'gym.vector.vector_env', 'gym.vector.async_vector_env', 'gym.vector.sync_vector_env', 'gym.vector', 'gym_notices', 'gym_notices.notices', 'gym', 'pybullet', 'pybullet_data', 'traceback', 'atexit', 'logging', 'crowdnav.logger_setup', 'crowdnav.config', 'crowdnav.kinematics', 'crowdnav.dynamics', 'crowdnav.sensors', 'crowdnav.control', 'crowdnav.control.align', 'crowdnav.control.track', 'crowdnav.planning', 'swig_runtime_data4', 'casadi._casadi', 'casadi.casadi', 'casadi', 'crowdnav.planning.mpc_runner', 'crowdnav.planning.path_mgr', 'crowdnav.utils2', 'crowdnav.utils2.coord', 'crowdnav.planning.path_math', 'crowdnav.utils', 'matplotlib', 'pprint', 'packaging.__about__', 'packaging', 'packaging._structures', 'packaging.version', 'matplotlib._api.deprecation', 'matplotlib._api', 'matplotlib._version', 'gzip', 'shlex', 'matplotlib._c_internal_utils', 'matplotlib.cbook', 'matplotlib.docstring', 'PIL._version', 'PIL', 'PIL.ImageMode', 'PIL.TiffTags', 'PIL._binary', 'PIL._util', 'PIL._imaging', 'PIL.Image', 'PIL.ImageChops', 'PIL.ImageFile', 'PIL.GimpGradientFile', 'PIL.GimpPaletteFile', 'PIL.ImageColor', 'PIL.PaletteFile', 'PIL.ImagePalette', 'PIL.ImageSequence', 'PIL.PngImagePlugin', 'matplotlib._path', 'matplotlib.bezier', 'matplotlib.path', 'matplotlib.transforms', 'matplotlib.ticker', 'matplotlib.scale', 'matplotlib._color_data', 'matplotlib.colors', 'pyparsing', 'matplotlib.fontconfig_pattern', 'matplotlib._enums', 'cycler', 'matplotlib.rcsetup', 'matplotlib.ft2font', 'dateutil._version', 'dateutil', 'kiwisolver']
21:31:03 [DEBUG] CACHEDIR=/home/max/.cache/matplotlib
21:31:03 [DEBUG] Using fontManager instance from /home/max/.cache/matplotlib/fontlist-v330.json
21:31:03 [DEBUG] Loaded backend TkAgg version unknown.
21:31:03 [INFO] CrowdNavPyBulletEnv initializing...
21:31:07 [INFO] World ready | grid: (112, 112), res: 0.1, N=10, T=0.1
21:31:08 [INFO] [PROG] s*=0.00/3.54 (0.0%) dist_goal=2.68
21:31:08 [INFO] [MPC] state=(-3.06,-2.65,+0.75) wp0=(-2.99,-2.59) v=+0.030 ω=-2.400 ok=True iters=16
21:31:08 [INFO] [PROG] s*=0.00/3.54 (0.0%) dist_goal=2.68
21:31:08 [INFO] [MPC] state=(-3.05,-2.65,+0.53) wp0=(-2.99,-2.59) v=+0.030 ω=-2.400 ok=True iters=8
21:31:08 [INFO] [PROG] s*=0.00/3.54 (0.0%) dist_goal=2.67
21:31:08 [INFO] [MPC] state=(-3.05,-2.65,+0.29) wp0=(-2.99,-2.59) v=+0.200 ω=-2.400 ok=True iters=10
21:31:08 [INFO] [PROG] s*=0.00/3.54 (0.0%) dist_goal=2.67
21:31:08 [INFO] [MPC] state=(-3.04,-2.65,+0.15) wp0=(-2.99,-2.59) v=+0.200 ω=-2.400 ok=True iters=8
21:31:08 [INFO] [PROG] s*=0.00/3.54 (0.0%) dist_goal=2.66
21:31:08 [INFO] [MPC] state=(-3.03,-2.64,+0.02) wp0=(-2.99,-2.59) v=+0.200 ω=-2.400 ok=True iters=11
21:31:08 [INFO] [PROG] s*=0.01/3.54 (0.2%) dist_goal=2.66
21:31:08 [INFO] [MPC] state=(-3.02,-2.64,-0.11) wp0=(-2.99,-2.59) v=+0.200 ω=-1.796 ok=True iters=8
21:31:08 [INFO] [PROG] s*=0.01/3.54 (0.4%) dist_goal=2.66
21:31:08 [INFO] [MPC] state=(-3.00,-2.65,-0.21) wp0=(-2.98,-2.58) v=+0.200 ω=-1.278 ok=True iters=7
21:31:08 [INFO] [PROG] s*=0.02/3.54 (0.6%) dist_goal=2.65
21:31:08 [INFO] [MPC] state=(-2.99,-2.65,-0.28) wp0=(-2.98,-2.58) v=+0.200 ω=-1.096 ok=True iters=8
21:31:08 [INFO] [PROG] s*=0.03/3.54 (0.8%) dist_goal=2.65
21:31:08 [INFO] [MPC] state=(-2.97,-2.66,-0.34) wp0=(-2.97,-2.57) v=+0.200 ω=-0.876 ok=True iters=8
21:31:08 [INFO] [PROG] s*=0.04/3.54 (1.0%) dist_goal=2.65
21:31:08 [INFO] [MPC] state=(-2.96,-2.66,-0.39) wp0=(-2.97,-2.57) v=+0.200 ω=-0.638 ok=True iters=7
21:31:08 [INFO] [PROG] s*=0.04/3.54 (1.2%) dist_goal=2.65
21:31:08 [INFO] [MPC] state=(-2.94,-2.67,-0.42) wp0=(-2.96,-2.56) v=+0.200 ω=+0.143 ok=True iters=8
21:31:08 [INFO] [PROG] s*=0.05/3.54 (1.4%) dist_goal=2.65
21:31:08 [INFO] [MPC] state=(-2.92,-2.68,-0.41) wp0=(-2.96,-2.56) v=+0.200 ω=+0.776 ok=True iters=8
21:31:08 [INFO] [PROG] s*=0.17/3.54 (4.9%) dist_goal=2.65
21:31:08 [INFO] [MPC] state=(-2.90,-2.68,-0.37) wp0=(-2.84,-2.55) v=+0.200 ω=+0.776 ok=True iters=8
21:31:08 [INFO] [PROG] s*=0.19/3.54 (5.3%) dist_goal=2.65
21:31:08 [INFO] [MPC] state=(-2.89,-2.69,-0.32) wp0=(-2.82,-2.55) v=+0.200 ω=+1.114 ok=True iters=7
21:31:08 [INFO] [PROG] s*=0.20/3.54 (5.8%) dist_goal=2.65
21:31:08 [INFO] [MPC] state=(-2.87,-2.70,-0.26) wp0=(-2.81,-2.55) v=+0.200 ω=+1.040 ok=True iters=7
21:31:08 [INFO] [PROG] s*=0.22/3.54 (6.2%) dist_goal=2.64
21:31:08 [INFO] [MPC] state=(-2.86,-2.70,-0.20) wp0=(-2.79,-2.55) v=+0.200 ω=+1.252 ok=True iters=7
21:31:08 [INFO] [PROG] s*=0.24/3.54 (6.6%) dist_goal=2.64
21:31:08 [INFO] [MPC] state=(-2.84,-2.70,-0.14) wp0=(-2.78,-2.55) v=+0.200 ω=+0.973 ok=True iters=7
21:31:08 [INFO] [PROG] s*=0.25/3.54 (7.1%) dist_goal=2.64
21:31:08 [INFO] [MPC] state=(-2.83,-2.70,-0.08) wp0=(-2.76,-2.55) v=+0.200 ω=+0.722 ok=True iters=7
21:31:08 [INFO] [PROG] s*=0.27/3.54 (7.6%) dist_goal=2.63
21:31:08 [INFO] [MPC] state=(-2.81,-2.70,-0.04) wp0=(-2.74,-2.55) v=+0.200 ω=+0.649 ok=True iters=7
21:31:08 [INFO] [PROG] s*=0.29/3.54 (8.1%) dist_goal=2.62
21:31:08 [INFO] [MPC] state=(-2.79,-2.70,-0.01) wp0=(-2.73,-2.55) v=+0.200 ω=+0.866 ok=True iters=7
21:31:08 [INFO] [PROG] s*=0.30/3.54 (8.6%) dist_goal=2.62
21:31:08 [INFO] [MPC] state=(-2.78,-2.70,+0.03) wp0=(-2.71,-2.55) v=+0.200 ω=+0.757 ok=True iters=7
21:31:08 [INFO] [PROG] s*=0.32/3.54 (9.1%) dist_goal=2.61
21:31:08 [INFO] [MPC] state=(-2.76,-2.70,+0.07) wp0=(-2.69,-2.55) v=+0.200 ω=+0.043 ok=True iters=7
21:31:08 [INFO] [PROG] s*=0.34/3.54 (9.7%) dist_goal=2.60
21:31:08 [INFO] [MPC] state=(-2.74,-2.70,+0.08) wp0=(-2.67,-2.55) v=+0.200 ω=+0.005 ok=True iters=7
21:31:08 [INFO] [PROG] s*=0.36/3.54 (10.3%) dist_goal=2.59
21:31:08 [INFO] [MPC] state=(-2.72,-2.70,+0.08) wp0=(-2.65,-2.55) v=+0.200 ω=-0.023 ok=True iters=7
21:31:08 [INFO] [PROG] s*=0.38/3.54 (10.8%) dist_goal=2.58
21:31:08 [INFO] [MPC] state=(-2.70,-2.70,+0.08) wp0=(-2.63,-2.55) v=+0.200 ω=-0.045 ok=True iters=7
21:31:08 [INFO] [PROG] s*=0.40/3.54 (11.4%) dist_goal=2.58
21:31:08 [INFO] [MPC] state=(-2.68,-2.70,+0.07) wp0=(-2.61,-2.55) v=+0.200 ω=-0.060 ok=True iters=7
21:31:08 [INFO] [PROG] s*=0.42/3.54 (12.0%) dist_goal=2.57
21:31:08 [INFO] [MPC] state=(-2.66,-2.70,+0.07) wp0=(-2.59,-2.55) v=+0.200 ω=-0.070 ok=True iters=7
21:31:08 [INFO] [PROG] s*=0.44/3.54 (12.5%) dist_goal=2.56
21:31:08 [INFO] [MPC] state=(-2.64,-2.69,+0.06) wp0=(-2.57,-2.55) v=+0.200 ω=-0.553 ok=True iters=7
21:31:08 [INFO] [PROG] s*=0.46/3.54 (13.0%) dist_goal=2.56
21:31:08 [INFO] [MPC] state=(-2.62,-2.69,+0.03) wp0=(-2.55,-2.55) v=+0.200 ω=-0.294 ok=True iters=7
21:31:08 [INFO] [PROG] s*=0.48/3.54 (13.6%) dist_goal=2.55
21:31:08 [INFO] [MPC] state=(-2.60,-2.69,+0.00) wp0=(-2.53,-2.55) v=+0.200 ω=-0.236 ok=True iters=7
21:31:08 [INFO] [PROG] s*=0.50/3.54 (14.2%) dist_goal=2.54
21:31:08 [INFO] [MPC] state=(-2.58,-2.69,-0.02) wp0=(-2.51,-2.55) v=+0.200 ω=-0.192 ok=True iters=7
21:31:08 [INFO] [PROG] s*=0.52/3.54 (14.7%) dist_goal=2.54
21:31:08 [INFO] [MPC] state=(-2.56,-2.69,-0.03) wp0=(-2.49,-2.55) v=+0.200 ω=-0.145 ok=True iters=7
21:31:08 [INFO] [PROG] s*=0.54/3.54 (15.3%) dist_goal=2.54
21:31:08 [INFO] [MPC] state=(-2.54,-2.69,-0.05) wp0=(-2.47,-2.55) v=+0.200 ω=-0.102 ok=True iters=7
21:31:08 [INFO] [PROG] s*=0.56/3.54 (15.8%) dist_goal=2.53
21:31:08 [INFO] [MPC] state=(-2.52,-2.70,-0.06) wp0=(-2.45,-2.55) v=+0.200 ω=+0.544 ok=True iters=7
21:31:08 [INFO] [PROG] s*=0.58/3.54 (16.4%) dist_goal=2.53
21:31:08 [INFO] [MPC] state=(-2.50,-2.70,-0.03) wp0=(-2.43,-2.55) v=+0.200 ω=-0.122 ok=True iters=7
21:31:08 [INFO] [PROG] s*=0.60/3.54 (16.9%) dist_goal=2.52
21:31:08 [INFO] [MPC] state=(-2.48,-2.70,-0.04) wp0=(-2.41,-2.55) v=+0.200 ω=+0.520 ok=True iters=7
21:31:08 [INFO] [PROG] s*=0.62/3.54 (17.4%) dist_goal=2.52
21:31:08 [INFO] [MPC] state=(-2.46,-2.70,-0.01) wp0=(-2.39,-2.55) v=+0.200 ω=+0.294 ok=True iters=7
21:31:08 [INFO] [PROG] s*=0.64/3.54 (18.0%) dist_goal=2.51
21:31:08 [INFO] [MPC] state=(-2.44,-2.70,+0.01) wp0=(-2.38,-2.55) v=+0.200 ω=+0.254 ok=True iters=7
21:31:08 [INFO] [PROG] s*=0.66/3.54 (18.5%) dist_goal=2.51
21:31:08 [INFO] [MPC] state=(-2.43,-2.70,+0.02) wp0=(-2.36,-2.55) v=+0.200 ω=+0.204 ok=True iters=7
21:31:08 [INFO] [PROG] s*=0.68/3.54 (19.1%) dist_goal=2.50
21:31:08 [INFO] [MPC] state=(-2.41,-2.70,+0.04) wp0=(-2.34,-2.55) v=+0.200 ω=+0.023 ok=True iters=7
21:31:08 [INFO] [PROG] s*=0.70/3.54 (19.7%) dist_goal=2.50
21:31:08 [INFO] [MPC] state=(-2.39,-2.70,+0.04) wp0=(-2.32,-2.55) v=+0.200 ω=+0.005 ok=True iters=7
21:31:08 [INFO] [PROG] s*=0.72/3.54 (20.2%) dist_goal=2.49
21:31:08 [INFO] [MPC] state=(-2.37,-2.70,+0.04) wp0=(-2.30,-2.55) v=+0.200 ω=-0.297 ok=True iters=7
21:31:08 [INFO] [PROG] s*=0.74/3.54 (20.8%) dist_goal=2.49
21:31:08 [INFO] [MPC] state=(-2.35,-2.69,+0.02) wp0=(-2.28,-2.55) v=+0.200 ω=-0.254 ok=True iters=7
21:31:08 [INFO] [PROG] s*=0.76/3.54 (21.3%) dist_goal=2.49
21:31:08 [INFO] [MPC] state=(-2.33,-2.69,-0.00) wp0=(-2.26,-2.55) v=+0.200 ω=-0.215 ok=True iters=7
21:31:08 [INFO] [PROG] s*=0.78/3.54 (21.9%) dist_goal=2.48
21:31:08 [INFO] [MPC] state=(-2.31,-2.69,-0.02) wp0=(-2.24,-2.55) v=+0.200 ω=-0.167 ok=True iters=7
21:31:08 [INFO] [PROG] s*=0.80/3.54 (22.5%) dist_goal=2.48
21:31:08 [INFO] [MPC] state=(-2.29,-2.70,-0.03) wp0=(-2.22,-2.55) v=+0.200 ω=-0.117 ok=True iters=7
21:31:08 [INFO] [PROG] s*=0.82/3.54 (23.0%) dist_goal=2.48
21:31:08 [INFO] [MPC] state=(-2.27,-2.70,-0.04) wp0=(-2.20,-2.55) v=+0.200 ω=-0.069 ok=True iters=7
21:31:08 [INFO] [PROG] s*=0.83/3.54 (23.5%) dist_goal=2.48
21:31:08 [INFO] [MPC] state=(-2.25,-2.70,-0.05) wp0=(-2.18,-2.55) v=+0.200 ω=+0.585 ok=True iters=7
21:31:08 [INFO] [PROG] s*=0.85/3.54 (24.1%) dist_goal=2.47
21:31:08 [INFO] [MPC] state=(-2.23,-2.70,-0.02) wp0=(-2.16,-2.55) v=+0.200 ω=-0.076 ok=True iters=8
21:31:08 [INFO] [PROG] s*=0.87/3.54 (24.6%) dist_goal=2.47
21:31:08 [INFO] [MPC] state=(-2.21,-2.70,-0.03) wp0=(-2.14,-2.55) v=+0.200 ω=+0.578 ok=True iters=8
21:31:08 [INFO] [PROG] s*=0.89/3.54 (25.2%) dist_goal=2.47
21:31:08 [INFO] [MPC] state=(-2.19,-2.70,+0.01) wp0=(-2.12,-2.55) v=+0.200 ω=-0.086 ok=True iters=8
21:31:08 [INFO] [PROG] s*=0.91/3.54 (25.7%) dist_goal=2.47
21:31:08 [INFO] [MPC] state=(-2.17,-2.70,-0.00) wp0=(-2.10,-2.55) v=+0.200 ω=+0.421 ok=True iters=8
21:31:08 [INFO] [PROG] s*=0.93/3.54 (26.2%) dist_goal=2.46
21:31:08 [INFO] [MPC] state=(-2.15,-2.70,+0.02) wp0=(-2.08,-2.55) v=+0.200 ω=+0.402 ok=True iters=8
21:31:08 [INFO] [PROG] s*=0.95/3.54 (26.8%) dist_goal=2.46
21:31:08 [INFO] [MPC] state=(-2.13,-2.70,+0.05) wp0=(-2.06,-2.55) v=+0.200 ω=+0.214 ok=True iters=8
21:31:08 [INFO] [PROG] s*=0.97/3.54 (27.3%) dist_goal=2.46
21:31:08 [INFO] [MPC] state=(-2.11,-2.70,+0.06) wp0=(-2.04,-2.55) v=+0.200 ω=+0.429 ok=True iters=8
21:31:08 [INFO] [PROG] s*=0.99/3.54 (27.9%) dist_goal=2.45
21:31:08 [INFO] [MPC] state=(-2.09,-2.69,+0.08) wp0=(-2.02,-2.55) v=+0.200 ω=+0.246 ok=True iters=8
21:31:08 [INFO] [PROG] s*=1.01/3.54 (28.4%) dist_goal=2.45
21:31:08 [INFO] [MPC] state=(-2.07,-2.69,+0.10) wp0=(-2.01,-2.55) v=+0.200 ω=+0.242 ok=True iters=9
21:31:08 [INFO] [PROG] s*=1.03/3.54 (29.0%) dist_goal=2.45
21:31:08 [INFO] [MPC] state=(-2.06,-2.69,+0.12) wp0=(-1.99,-2.55) v=+0.200 ω=+0.086 ok=True iters=9
21:31:08 [INFO] [PROG] s*=1.05/3.54 (29.5%) dist_goal=2.44
21:31:08 [INFO] [MPC] state=(-2.04,-2.69,+0.13) wp0=(-1.97,-2.55) v=+0.200 ω=+0.335 ok=True iters=10
21:31:08 [INFO] [PROG] s*=1.06/3.54 (29.9%) dist_goal=2.44
21:31:08 [INFO] [MPC] state=(-2.02,-2.69,+0.15) wp0=(-1.95,-2.55) v=+0.200 ω=+1.149 ok=True iters=7
21:31:08 [INFO] [PROG] s*=1.07/3.54 (30.3%) dist_goal=2.43
21:31:08 [INFO] [MPC] state=(-2.00,-2.68,+0.21) wp0=(-1.94,-2.55) v=+0.200 ω=+1.810 ok=True iters=7
21:31:08 [INFO] [PROG] s*=1.08/3.54 (30.6%) dist_goal=2.43
21:31:08 [INFO] [MPC] state=(-1.99,-2.68,+0.31) wp0=(-1.93,-2.55) v=+0.200 ω=+1.899 ok=True iters=7
21:31:08 [INFO] [PROG] s*=1.10/3.54 (30.9%) dist_goal=2.42
21:31:08 [INFO] [MPC] state=(-1.98,-2.68,+0.41) wp0=(-1.92,-2.55) v=+0.200 ω=+1.700 ok=True iters=7
21:31:08 [INFO] [PROG] s*=1.11/3.54 (31.3%) dist_goal=2.41
21:31:08 [INFO] [MPC] state=(-1.97,-2.67,+0.50) wp0=(-1.90,-2.55) v=+0.200 ω=+1.682 ok=True iters=7
21:31:08 [INFO] [PROG] s*=1.12/3.54 (31.6%) dist_goal=2.41
21:31:08 [INFO] [MPC] state=(-1.95,-2.66,+0.59) wp0=(-1.89,-2.55) v=+0.200 ω=+1.590 ok=True iters=8
21:31:08 [INFO] [PROG] s*=1.13/3.54 (31.9%) dist_goal=2.40
21:31:08 [INFO] [MPC] state=(-1.94,-2.65,+0.68) wp0=(-1.88,-2.55) v=+0.200 ω=+1.590 ok=True iters=8
21:31:08 [INFO] [PROG] s*=1.14/3.54 (32.2%) dist_goal=2.39
21:31:08 [INFO] [MPC] state=(-1.93,-2.65,+0.76) wp0=(-1.87,-2.55) v=+0.200 ω=+1.178 ok=True iters=8
21:31:08 [INFO] [PROG] s*=1.15/3.54 (32.4%) dist_goal=2.37
21:31:08 [INFO] [MPC] state=(-1.92,-2.63,+0.83) wp0=(-1.86,-2.55) v=+0.200 ω=+1.085 ok=True iters=8
21:31:08 [INFO] [PROG] s*=1.16/3.54 (32.7%) dist_goal=2.36
21:31:08 [INFO] [MPC] state=(-1.91,-2.62,+0.89) wp0=(-1.85,-2.55) v=+0.200 ω=+0.891 ok=True iters=7
21:31:08 [INFO] [PROG] s*=1.17/3.54 (33.0%) dist_goal=2.35
21:31:08 [INFO] [MPC] state=(-1.90,-2.61,+0.94) wp0=(-1.85,-2.54) v=+0.200 ω=+0.735 ok=True iters=7
21:31:08 [INFO] [PROG] s*=1.18/3.54 (33.3%) dist_goal=2.33
21:31:08 [INFO] [MPC] state=(-1.89,-2.59,+0.98) wp0=(-1.85,-2.53) v=+0.200 ω=+0.425 ok=True iters=7
21:31:08 [INFO] [PROG] s*=1.19/3.54 (33.6%) dist_goal=2.31
21:31:08 [INFO] [MPC] state=(-1.88,-2.58,+1.01) wp0=(-1.85,-2.52) v=+0.200 ω=+0.325 ok=True iters=7
21:31:08 [INFO] [PROG] s*=1.20/3.54 (33.9%) dist_goal=2.30
21:31:08 [INFO] [MPC] state=(-1.87,-2.56,+1.03) wp0=(-1.85,-2.51) v=+0.200 ω=+0.242 ok=True iters=7
21:31:08 [INFO] [PROG] s*=1.23/3.54 (34.8%) dist_goal=2.28
21:31:08 [INFO] [MPC] state=(-1.86,-2.55,+1.05) wp0=(-1.85,-2.48) v=+0.200 ω=+0.473 ok=True iters=7
21:31:08 [INFO] [PROG] s*=1.25/3.54 (35.3%) dist_goal=2.26
21:31:08 [INFO] [MPC] state=(-1.85,-2.53,+1.08) wp0=(-1.85,-2.46) v=+0.200 ω=+0.410 ok=True iters=7
21:31:08 [INFO] [PROG] s*=1.27/3.54 (35.7%) dist_goal=2.25
21:31:08 [INFO] [MPC] state=(-1.84,-2.51,+1.10) wp0=(-1.85,-2.45) v=+0.200 ω=+0.346 ok=True iters=7
21:31:08 [INFO] [PROG] s*=1.28/3.54 (36.2%) dist_goal=2.23
21:31:08 [INFO] [MPC] state=(-1.83,-2.50,+1.13) wp0=(-1.85,-2.43) v=+0.200 ω=+0.315 ok=True iters=7
21:31:08 [INFO] [PROG] s*=1.30/3.54 (36.7%) dist_goal=2.21
21:31:08 [INFO] [MPC] state=(-1.83,-2.48,+1.15) wp0=(-1.85,-2.41) v=+0.200 ω=+0.315 ok=True iters=7
21:31:08 [INFO] [PROG] s*=1.32/3.54 (37.2%) dist_goal=2.19
21:31:08 [INFO] [MPC] state=(-1.82,-2.46,+1.17) wp0=(-1.85,-2.39) v=+0.200 ω=+0.284 ok=True iters=7
21:31:08 [INFO] [PROG] s*=1.34/3.54 (37.8%) dist_goal=2.17
21:31:08 [INFO] [MPC] state=(-1.81,-2.44,+1.19) wp0=(-1.85,-2.37) v=+0.200 ω=+0.231 ok=True iters=7
21:31:08 [INFO] [PROG] s*=1.36/3.54 (38.3%) dist_goal=2.16
21:31:08 [INFO] [MPC] state=(-1.80,-2.42,+1.21) wp0=(-1.85,-2.36) v=+0.200 ω=+0.276 ok=True iters=7
21:31:08 [INFO] [PROG] s*=1.37/3.54 (38.8%) dist_goal=2.14
21:31:08 [INFO] [MPC] state=(-1.80,-2.41,+1.23) wp0=(-1.85,-2.34) v=+0.200 ω=+0.257 ok=True iters=7
21:31:08 [INFO] [PROG] s*=1.39/3.54 (39.3%) dist_goal=2.12
21:31:08 [INFO] [MPC] state=(-1.79,-2.39,+1.24) wp0=(-1.85,-2.32) v=+0.200 ω=+0.282 ok=True iters=7
21:31:08 [INFO] [PROG] s*=1.41/3.54 (39.9%) dist_goal=2.10
21:31:08 [INFO] [MPC] state=(-1.78,-2.37,+1.26) wp0=(-1.85,-2.30) v=+0.200 ω=-0.025 ok=True iters=7
21:31:08 [INFO] [PROG] s*=1.43/3.54 (40.4%) dist_goal=2.08
21:31:08 [INFO] [MPC] state=(-1.78,-2.35,+1.26) wp0=(-1.85,-2.28) v=+0.200 ω=+0.397 ok=True iters=7
21:31:08 [INFO] [PROG] s*=1.45/3.54 (40.9%) dist_goal=2.06
21:31:08 [INFO] [MPC] state=(-1.77,-2.33,+1.29) wp0=(-1.85,-2.26) v=+0.200 ω=+0.390 ok=True iters=7
21:31:08 [INFO] [PROG] s*=1.47/3.54 (41.4%) dist_goal=2.05
21:31:08 [INFO] [MPC] state=(-1.77,-2.31,+1.31) wp0=(-1.85,-2.24) v=+0.200 ω=+0.378 ok=True iters=7
21:31:08 [INFO] [PROG] s*=1.49/3.54 (42.0%) dist_goal=2.03
21:31:08 [INFO] [MPC] state=(-1.76,-2.29,+1.33) wp0=(-1.85,-2.23) v=+0.200 ω=+0.045 ok=True iters=7
21:31:08 [INFO] [PROG] s*=1.51/3.54 (42.5%) dist_goal=2.01
21:31:08 [INFO] [MPC] state=(-1.76,-2.28,+1.34) wp0=(-1.85,-2.21) v=+0.200 ω=+0.090 ok=True iters=7
21:31:08 [INFO] [PROG] s*=1.53/3.54 (43.1%) dist_goal=1.99
21:31:08 [INFO] [MPC] state=(-1.75,-2.26,+1.35) wp0=(-1.85,-2.19) v=+0.200 ω=+0.120 ok=True iters=7
21:31:08 [INFO] [PROG] s*=1.55/3.54 (43.6%) dist_goal=1.97
21:31:08 [INFO] [MPC] state=(-1.75,-2.24,+1.36) wp0=(-1.85,-2.17) v=+0.200 ω=+0.141 ok=True iters=7
21:31:08 [INFO] [PROG] s*=1.56/3.54 (44.2%) dist_goal=1.95
21:31:08 [INFO] [MPC] state=(-1.74,-2.22,+1.37) wp0=(-1.85,-2.15) v=+0.200 ω=+0.289 ok=True iters=7
21:31:08 [INFO] [PROG] s*=1.58/3.54 (44.7%) dist_goal=1.93
21:31:08 [INFO] [MPC] state=(-1.74,-2.20,+1.39) wp0=(-1.85,-2.13) v=+0.200 ω=+0.499 ok=True iters=7
21:31:08 [INFO] [PROG] s*=1.60/3.54 (45.2%) dist_goal=1.91
21:31:08 [INFO] [MPC] state=(-1.74,-2.18,+1.42) wp0=(-1.85,-2.11) v=+0.200 ω=+0.453 ok=True iters=7
21:31:08 [INFO] [PROG] s*=1.62/3.54 (45.7%) dist_goal=1.90
21:31:08 [INFO] [MPC] state=(-1.74,-2.16,+1.45) wp0=(-1.85,-2.09) v=+0.200 ω=+0.405 ok=True iters=7
21:31:08 [INFO] [PROG] s*=1.64/3.54 (46.3%) dist_goal=1.88
21:31:08 [INFO] [MPC] state=(-1.73,-2.14,+1.48) wp0=(-1.85,-2.07) v=+0.200 ω=+0.230 ok=True iters=7
21:31:08 [INFO] [PROG] s*=1.66/3.54 (46.8%) dist_goal=1.86
21:31:08 [INFO] [MPC] state=(-1.73,-2.12,+1.49) wp0=(-1.85,-2.05) v=+0.200 ω=+0.204 ok=True iters=7
21:31:08 [INFO] [PROG] s*=1.68/3.54 (47.4%) dist_goal=1.84
21:31:08 [INFO] [MPC] state=(-1.73,-2.10,+1.51) wp0=(-1.85,-2.03) v=+0.200 ω=+0.529 ok=True iters=7
21:31:08 [INFO] [PROG] s*=1.70/3.54 (47.9%) dist_goal=1.82
21:31:08 [INFO] [MPC] state=(-1.73,-2.08,+1.54) wp0=(-1.85,-2.01) v=+0.200 ω=+0.024 ok=True iters=7
21:31:08 [INFO] [PROG] s*=1.72/3.54 (48.5%) dist_goal=1.80
21:31:08 [INFO] [MPC] state=(-1.73,-2.06,+1.54) wp0=(-1.85,-1.99) v=+0.200 ω=+0.023 ok=True iters=7
21:31:08 [INFO] [PROG] s*=1.74/3.54 (49.0%) dist_goal=1.78
21:31:08 [INFO] [MPC] state=(-1.73,-2.04,+1.54) wp0=(-1.85,-1.98) v=+0.200 ω=+0.463 ok=True iters=7
21:31:08 [INFO] [PROG] s*=1.75/3.54 (49.6%) dist_goal=1.76
21:31:08 [INFO] [MPC] state=(-1.73,-2.03,+1.56) wp0=(-1.85,-1.96) v=+0.200 ω=+0.290 ok=True iters=7
21:31:08 [INFO] [PROG] s*=1.77/3.54 (50.1%) dist_goal=1.74
21:31:08 [INFO] [MPC] state=(-1.73,-2.01,+1.58) wp0=(-1.85,-1.94) v=+0.200 ω=+0.233 ok=True iters=7
21:31:08 [INFO] [PROG] s*=1.79/3.54 (50.7%) dist_goal=1.72
21:31:08 [INFO] [MPC] state=(-1.73,-1.99,+1.60) wp0=(-1.85,-1.92) v=+0.200 ω=+0.091 ok=True iters=7
21:31:08 [INFO] [PROG] s*=1.81/3.54 (51.2%) dist_goal=1.70
21:31:08 [INFO] [MPC] state=(-1.73,-1.97,+1.61) wp0=(-1.85,-1.90) v=+0.200 ω=+0.059 ok=True iters=7
21:31:08 [INFO] [PROG] s*=1.83/3.54 (51.8%) dist_goal=1.68
21:31:08 [INFO] [MPC] state=(-1.73,-1.95,+1.61) wp0=(-1.85,-1.88) v=+0.200 ω=+0.032 ok=True iters=7
21:31:08 [INFO] [PROG] s*=1.86/3.54 (52.4%) dist_goal=1.66
21:31:08 [INFO] [MPC] state=(-1.73,-1.93,+1.62) wp0=(-1.85,-1.86) v=+0.200 ω=+0.011 ok=True iters=7
21:31:08 [INFO] [PROG] s*=1.87/3.54 (52.9%) dist_goal=1.64
21:31:08 [INFO] [MPC] state=(-1.73,-1.91,+1.62) wp0=(-1.85,-1.84) v=+0.200 ω=-0.225 ok=True iters=7
21:31:08 [INFO] [PROG] s*=1.89/3.54 (53.5%) dist_goal=1.62
21:31:08 [INFO] [MPC] state=(-1.73,-1.89,+1.60) wp0=(-1.85,-1.82) v=+0.200 ω=-0.191 ok=True iters=7
21:31:08 [INFO] [PROG] s*=1.91/3.54 (54.1%) dist_goal=1.60
21:31:08 [INFO] [MPC] state=(-1.73,-1.87,+1.59) wp0=(-1.85,-1.80) v=+0.200 ω=-0.152 ok=True iters=7
21:31:08 [INFO] [PROG] s*=1.94/3.54 (54.6%) dist_goal=1.58
21:31:08 [INFO] [MPC] state=(-1.73,-1.85,+1.57) wp0=(-1.85,-1.78) v=+0.200 ω=-0.112 ok=True iters=7
21:31:08 [INFO] [PROG] s*=1.96/3.54 (55.2%) dist_goal=1.56
21:31:08 [INFO] [MPC] state=(-1.73,-1.83,+1.56) wp0=(-1.85,-1.76) v=+0.200 ω=-0.083 ok=True iters=7
21:31:08 [INFO] [PROG] s*=1.98/3.54 (55.8%) dist_goal=1.54
21:31:08 [INFO] [MPC] state=(-1.73,-1.81,+1.55) wp0=(-1.85,-1.74) v=+0.200 ω=-0.057 ok=True iters=7
21:31:08 [INFO] [PROG] s*=2.00/3.54 (56.4%) dist_goal=1.52
21:31:08 [INFO] [MPC] state=(-1.73,-1.79,+1.55) wp0=(-1.85,-1.72) v=+0.200 ω=-0.036 ok=True iters=7
21:31:08 [INFO] [PROG] s*=2.01/3.54 (56.9%) dist_goal=1.50
21:31:08 [INFO] [MPC] state=(-1.73,-1.77,+1.54) wp0=(-1.85,-1.70) v=+0.200 ω=+0.419 ok=True iters=7
21:31:08 [INFO] [PROG] s*=2.03/3.54 (57.4%) dist_goal=1.48
21:31:08 [INFO] [MPC] state=(-1.73,-1.75,+1.57) wp0=(-1.85,-1.68) v=+0.200 ω=+0.355 ok=True iters=7
21:31:08 [INFO] [PROG] s*=2.05/3.54 (58.0%) dist_goal=1.46
21:31:08 [INFO] [MPC] state=(-1.73,-1.73,+1.59) wp0=(-1.85,-1.66) v=+0.200 ω=+0.303 ok=True iters=7
21:31:08 [INFO] [PROG] s*=2.07/3.54 (58.5%) dist_goal=1.44
21:31:08 [INFO] [MPC] state=(-1.73,-1.71,+1.60) wp0=(-1.85,-1.64) v=+0.200 ω=+0.152 ok=True iters=7
21:31:08 [INFO] [PROG] s*=2.09/3.54 (59.0%) dist_goal=1.43
21:31:08 [INFO] [MPC] state=(-1.73,-1.69,+1.61) wp0=(-1.85,-1.62) v=+0.200 ω=+0.547 ok=True iters=7
21:31:08 [INFO] [PROG] s*=2.11/3.54 (59.5%) dist_goal=1.41
21:31:08 [INFO] [MPC] state=(-1.73,-1.67,+1.64) wp0=(-1.85,-1.60) v=+0.200 ω=+0.461 ok=True iters=7
21:31:08 [INFO] [PROG] s*=2.13/3.54 (60.1%) dist_goal=1.39
21:31:08 [INFO] [MPC] state=(-1.74,-1.65,+1.67) wp0=(-1.85,-1.58) v=+0.200 ω=+0.370 ok=True iters=7
21:31:08 [INFO] [PROG] s*=2.15/3.54 (60.6%) dist_goal=1.37
21:31:08 [INFO] [MPC] state=(-1.74,-1.63,+1.69) wp0=(-1.85,-1.56) v=+0.200 ω=+0.187 ok=True iters=7
21:31:08 [INFO] [PROG] s*=2.17/3.54 (61.2%) dist_goal=1.35
21:31:08 [INFO] [MPC] state=(-1.74,-1.61,+1.71) wp0=(-1.85,-1.54) v=+0.200 ω=+0.123 ok=True iters=7
21:31:08 [INFO] [PROG] s*=2.19/3.54 (61.8%) dist_goal=1.33
21:31:08 [INFO] [MPC] state=(-1.74,-1.59,+1.72) wp0=(-1.85,-1.52) v=+0.200 ω=+0.121 ok=True iters=7
21:31:08 [INFO] [PROG] s*=2.21/3.54 (62.3%) dist_goal=1.31
21:31:08 [INFO] [MPC] state=(-1.75,-1.57,+1.73) wp0=(-1.85,-1.51) v=+0.200 ω=+0.381 ok=True iters=7
21:31:08 [INFO] [PROG] s*=2.23/3.54 (62.8%) dist_goal=1.29
21:31:08 [INFO] [MPC] state=(-1.75,-1.56,+1.75) wp0=(-1.85,-1.49) v=+0.200 ω=+0.179 ok=True iters=7
21:31:08 [INFO] [PROG] s*=2.24/3.54 (63.4%) dist_goal=1.27
21:31:08 [INFO] [MPC] state=(-1.75,-1.54,+1.77) wp0=(-1.85,-1.47) v=+0.200 ω=+0.107 ok=True iters=7
21:31:09 [INFO] [PROG] s*=2.26/3.54 (63.9%) dist_goal=1.25
21:31:09 [INFO] [MPC] state=(-1.76,-1.52,+1.78) wp0=(-1.85,-1.45) v=+0.200 ω=-0.071 ok=True iters=7
21:31:09 [INFO] [PROG] s*=2.28/3.54 (64.5%) dist_goal=1.23
21:31:09 [INFO] [MPC] state=(-1.76,-1.50,+1.77) wp0=(-1.85,-1.43) v=+0.200 ω=+0.117 ok=True iters=7
21:31:09 [INFO] [PROG] s*=2.30/3.54 (65.1%) dist_goal=1.21
21:31:09 [INFO] [MPC] state=(-1.77,-1.48,+1.78) wp0=(-1.85,-1.41) v=+0.200 ω=+0.053 ok=True iters=7
21:31:09 [INFO] [PROG] s*=2.32/3.54 (65.6%) dist_goal=1.19
21:31:09 [INFO] [MPC] state=(-1.77,-1.46,+1.79) wp0=(-1.85,-1.39) v=+0.200 ω=+0.012 ok=True iters=7
21:31:09 [INFO] [PROG] s*=2.34/3.54 (66.2%) dist_goal=1.17
21:31:09 [INFO] [MPC] state=(-1.77,-1.44,+1.79) wp0=(-1.85,-1.37) v=+0.200 ω=-0.001 ok=True iters=7
21:31:09 [INFO] [PROG] s*=2.36/3.54 (66.7%) dist_goal=1.15
21:31:09 [INFO] [MPC] state=(-1.78,-1.42,+1.79) wp0=(-1.85,-1.35) v=+0.200 ω=-0.015 ok=True iters=7
21:31:09 [INFO] [PROG] s*=2.38/3.54 (67.3%) dist_goal=1.13
21:31:09 [INFO] [MPC] state=(-1.78,-1.40,+1.79) wp0=(-1.85,-1.33) v=+0.200 ω=-0.016 ok=True iters=7
21:31:09 [INFO] [PROG] s*=2.40/3.54 (67.8%) dist_goal=1.11
21:31:09 [INFO] [MPC] state=(-1.79,-1.38,+1.78) wp0=(-1.85,-1.31) v=+0.200 ω=-0.277 ok=True iters=7
21:31:09 [INFO] [PROG] s*=2.42/3.54 (68.4%) dist_goal=1.09
21:31:09 [INFO] [MPC] state=(-1.79,-1.36,+1.77) wp0=(-1.85,-1.29) v=+0.200 ω=-0.113 ok=True iters=7
21:31:09 [INFO] [PROG] s*=2.44/3.54 (69.0%) dist_goal=1.07
21:31:09 [INFO] [MPC] state=(-1.80,-1.34,+1.75) wp0=(-1.85,-1.27) v=+0.200 ω=-0.361 ok=True iters=7
21:31:09 [INFO] [PROG] s*=2.46/3.54 (69.5%) dist_goal=1.05
21:31:09 [INFO] [MPC] state=(-1.80,-1.32,+1.73) wp0=(-1.85,-1.25) v=+0.200 ω=-0.356 ok=True iters=7
21:31:09 [INFO] [PROG] s*=2.48/3.54 (70.0%) dist_goal=1.03
21:31:09 [INFO] [MPC] state=(-1.80,-1.30,+1.71) wp0=(-1.85,-1.23) v=+0.200 ω=-0.476 ok=True iters=7
21:31:09 [INFO] [PROG] s*=2.50/3.54 (70.6%) dist_goal=1.01
21:31:09 [INFO] [MPC] state=(-1.80,-1.28,+1.68) wp0=(-1.85,-1.21) v=+0.200 ω=-0.146 ok=True iters=7
21:31:09 [INFO] [PROG] s*=2.52/3.54 (71.1%) dist_goal=0.99
21:31:09 [INFO] [MPC] state=(-1.81,-1.26,+1.67) wp0=(-1.85,-1.19) v=+0.200 ω=-0.441 ok=True iters=7
21:31:09 [INFO] [PROG] s*=2.54/3.54 (71.7%) dist_goal=0.97
21:31:09 [INFO] [MPC] state=(-1.81,-1.24,+1.64) wp0=(-1.85,-1.17) v=+0.200 ω=-0.446 ok=True iters=7
21:31:09 [INFO] [PROG] s*=2.56/3.54 (72.2%) dist_goal=0.96
21:31:09 [INFO] [MPC] state=(-1.81,-1.22,+1.61) wp0=(-1.85,-1.15) v=+0.200 ω=-0.444 ok=True iters=7
21:31:09 [INFO] [PROG] s*=2.57/3.54 (72.7%) dist_goal=0.94
21:31:09 [INFO] [MPC] state=(-1.81,-1.20,+1.58) wp0=(-1.85,-1.14) v=+0.200 ω=-0.644 ok=True iters=7
21:31:09 [INFO] [PROG] s*=2.59/3.54 (73.2%) dist_goal=0.92
21:31:09 [INFO] [MPC] state=(-1.81,-1.19,+1.54) wp0=(-1.85,-1.12) v=+0.200 ω=-0.575 ok=True iters=7
21:31:09 [INFO] [PROG] s*=2.61/3.54 (73.7%) dist_goal=0.90
21:31:09 [INFO] [MPC] state=(-1.81,-1.17,+1.50) wp0=(-1.85,-1.10) v=+0.200 ω=-0.459 ok=True iters=7
21:31:09 [INFO] [PROG] s*=2.63/3.54 (74.3%) dist_goal=0.88
21:31:09 [INFO] [MPC] state=(-1.81,-1.15,+1.47) wp0=(-1.85,-1.08) v=+0.200 ω=-0.450 ok=True iters=7
21:31:09 [INFO] [PROG] s*=2.65/3.54 (74.8%) dist_goal=0.86
21:31:09 [INFO] [MPC] state=(-1.80,-1.13,+1.44) wp0=(-1.85,-1.06) v=+0.200 ω=-0.558 ok=True iters=7
21:31:09 [INFO] [PROG] s*=2.67/3.54 (75.4%) dist_goal=0.84
21:31:09 [INFO] [MPC] state=(-1.80,-1.11,+1.41) wp0=(-1.85,-1.04) v=+0.200 ω=-0.164 ok=True iters=7
21:31:09 [INFO] [PROG] s*=2.69/3.54 (75.9%) dist_goal=0.83
21:31:09 [INFO] [MPC] state=(-1.80,-1.09,+1.39) wp0=(-1.85,-1.02) v=+0.200 ω=-0.358 ok=True iters=7
21:31:09 [INFO] [PROG] s*=2.71/3.54 (76.4%) dist_goal=0.81
21:31:09 [INFO] [MPC] state=(-1.79,-1.07,+1.37) wp0=(-1.85,-1.00) v=+0.200 ω=-0.307 ok=True iters=7
21:31:09 [INFO] [PROG] s*=2.73/3.54 (77.0%) dist_goal=0.79
21:31:09 [INFO] [MPC] state=(-1.79,-1.05,+1.35) wp0=(-1.85,-0.98) v=+0.200 ω=-0.100 ok=True iters=7
21:31:09 [INFO] [PROG] s*=2.75/3.54 (77.5%) dist_goal=0.77
21:31:09 [INFO] [MPC] state=(-1.78,-1.03,+1.34) wp0=(-1.85,-0.97) v=+0.197 ω=-0.030 ok=True iters=7
21:31:09 [INFO] [PROG] s*=2.77/3.54 (78.1%) dist_goal=0.75
21:31:09 [INFO] [MPC] state=(-1.78,-1.02,+1.34) wp0=(-1.85,-0.95) v=+0.192 ω=+0.059 ok=True iters=7
21:31:09 [INFO] [PROG] s*=2.78/3.54 (78.6%) dist_goal=0.73
21:31:09 [INFO] [MPC] state=(-1.78,-1.00,+1.34) wp0=(-1.85,-0.93) v=+0.187 ω=-0.234 ok=True iters=7
21:31:09 [INFO] [PROG] s*=2.80/3.54 (79.1%) dist_goal=0.71
21:31:09 [INFO] [MPC] state=(-1.77,-0.98,+1.32) wp0=(-1.85,-0.91) v=+0.183 ω=-0.073 ok=True iters=7
21:31:09 [INFO] [PROG] s*=2.82/3.54 (79.6%) dist_goal=0.70
21:31:09 [INFO] [MPC] state=(-1.77,-0.96,+1.31) wp0=(-1.85,-0.89) v=+0.179 ω=+0.073 ok=True iters=7
21:31:09 [INFO] [PROG] s*=2.84/3.54 (80.1%) dist_goal=0.68
21:31:09 [INFO] [MPC] state=(-1.76,-0.94,+1.32) wp0=(-1.85,-0.87) v=+0.174 ω=+0.112 ok=True iters=7
21:31:09 [INFO] [PROG] s*=2.85/3.54 (80.6%) dist_goal=0.67
21:31:09 [INFO] [MPC] state=(-1.76,-0.92,+1.33) wp0=(-1.85,-0.86) v=+0.170 ω=+0.133 ok=True iters=8
21:31:09 [INFO] [PROG] s*=2.87/3.54 (81.0%) dist_goal=0.65
21:31:09 [INFO] [MPC] state=(-1.75,-0.91,+1.35) wp0=(-1.85,-0.84) v=+0.166 ω=+0.141 ok=True iters=8
21:31:09 [INFO] [PROG] s*=2.89/3.54 (81.5%) dist_goal=0.63
21:31:09 [INFO] [MPC] state=(-1.75,-0.89,+1.36) wp0=(-1.85,-0.83) v=+0.162 ω=+0.144 ok=True iters=8
21:31:09 [INFO] [PROG] s*=2.90/3.54 (81.9%) dist_goal=0.62
21:31:09 [INFO] [MPC] state=(-1.75,-0.88,+1.38) wp0=(-1.85,-0.81) v=+0.159 ω=+0.140 ok=True iters=8
21:31:09 [INFO] [PROG] s*=2.92/3.54 (82.4%) dist_goal=0.60
21:31:09 [INFO] [MPC] state=(-1.74,-0.86,+1.39) wp0=(-1.85,-0.79) v=+0.155 ω=+0.239 ok=True iters=8
21:31:09 [INFO] [PROG] s*=2.93/3.54 (82.8%) dist_goal=0.59
21:31:09 [INFO] [MPC] state=(-1.74,-0.84,+1.41) wp0=(-1.85,-0.78) v=+0.151 ω=+0.086 ok=True iters=8
21:31:09 [INFO] [PROG] s*=2.95/3.54 (83.2%) dist_goal=0.58
21:31:09 [INFO] [MPC] state=(-1.74,-0.83,+1.42) wp0=(-1.85,-0.77) v=+0.148 ω=+0.407 ok=True iters=8
21:31:09 [INFO] [PROG] s*=2.96/3.54 (83.6%) dist_goal=0.56
21:31:09 [INFO] [MPC] state=(-1.74,-0.82,+1.46) wp0=(-1.85,-0.75) v=+0.144 ω=-0.052 ok=True iters=8
21:31:09 [INFO] [PROG] s*=2.97/3.54 (84.0%) dist_goal=0.55
21:31:09 [INFO] [MPC] state=(-1.74,-0.80,+1.46) wp0=(-1.85,-0.74) v=+0.141 ω=+0.335 ok=True iters=8
21:31:09 [INFO] [PROG] s*=2.99/3.54 (84.4%) dist_goal=0.54
21:31:09 [INFO] [MPC] state=(-1.73,-0.79,+1.49) wp0=(-1.85,-0.72) v=+0.137 ω=+0.162 ok=True iters=8
21:31:09 [INFO] [PROG] s*=3.00/3.54 (84.8%) dist_goal=0.52
21:31:09 [INFO] [MPC] state=(-1.73,-0.77,+1.51) wp0=(-1.85,-0.71) v=+0.134 ω=+0.119 ok=True iters=8
21:31:09 [INFO] [PROG] s*=3.01/3.54 (85.1%) dist_goal=0.51
21:31:09 [INFO] [MPC] state=(-1.73,-0.76,+1.52) wp0=(-1.85,-0.70) v=+0.131 ω=+0.043 ok=True iters=7
21:31:09 [INFO] [PROG] s*=3.03/3.54 (85.5%) dist_goal=0.50
21:31:09 [INFO] [MPC] state=(-1.73,-0.75,+1.53) wp0=(-1.85,-0.68) v=+0.128 ω=+0.038 ok=True iters=7
21:31:09 [INFO] [PROG] s*=3.04/3.54 (85.8%) dist_goal=0.49
21:31:09 [INFO] [MPC] state=(-1.73,-0.73,+1.53) wp0=(-1.85,-0.67) v=+0.125 ω=+0.034 ok=True iters=8
21:31:09 [INFO] [PROG] s*=3.05/3.54 (86.2%) dist_goal=0.47
21:31:09 [INFO] [MPC] state=(-1.73,-0.72,+1.53) wp0=(-1.85,-0.66) v=+0.122 ω=+0.029 ok=True iters=8
21:31:09 [INFO] [PROG] s*=3.06/3.54 (86.5%) dist_goal=0.46
21:31:09 [INFO] [MPC] state=(-1.73,-0.71,+1.54) wp0=(-1.85,-0.65) v=+0.119 ω=+0.025 ok=True iters=8
21:31:09 [INFO] [PROG] s*=3.08/3.54 (86.9%) dist_goal=0.45
21:31:09 [INFO] [MPC] state=(-1.73,-0.70,+1.54) wp0=(-1.85,-0.64) v=+0.116 ω=+0.022 ok=True iters=8
21:31:09 [INFO] [PROG] s*=3.09/3.54 (87.2%) dist_goal=0.44
21:31:09 [INFO] [MPC] state=(-1.73,-0.69,+1.54) wp0=(-1.85,-0.62) v=+0.113 ω=+0.019 ok=True iters=8
21:31:09 [INFO] [PROG] s*=3.10/3.54 (87.5%) dist_goal=0.43
21:31:09 [INFO] [MPC] state=(-1.73,-0.67,+1.54) wp0=(-1.85,-0.61) v=+0.110 ω=+0.016 ok=True iters=8
21:31:09 [INFO] [PROG] s*=3.11/3.54 (87.8%) dist_goal=0.42
21:31:09 [INFO] [MPC] state=(-1.73,-0.66,+1.54) wp0=(-1.85,-0.60) v=+0.108 ω=+0.014 ok=True iters=9
21:31:09 [INFO] [PROG] s*=3.12/3.54 (88.1%) dist_goal=0.41
21:31:09 [INFO] [MPC] state=(-1.73,-0.65,+1.55) wp0=(-1.85,-0.59) v=+0.105 ω=+0.012 ok=True iters=8
21:31:09 [INFO] [PROG] s*=3.13/3.54 (88.4%) dist_goal=0.40
21:31:09 [INFO] [MPC] state=(-1.73,-0.64,+1.55) wp0=(-1.85,-0.58) v=+0.103 ω=+0.011 ok=True iters=7
21:31:09 [INFO] [PROG] s*=3.14/3.54 (88.7%) dist_goal=0.39
21:31:09 [INFO] [MPC] state=(-1.73,-0.63,+1.55) wp0=(-1.85,-0.57) v=+0.100 ω=+0.010 ok=True iters=7
21:31:09 [INFO] [PROG] s*=3.15/3.54 (88.9%) dist_goal=0.38
21:31:09 [INFO] [MPC] state=(-1.73,-0.62,+1.55) wp0=(-1.85,-0.56) v=+0.098 ω=+0.246 ok=True iters=7
21:31:09 [INFO] [PROG] s*=3.16/3.54 (89.2%) dist_goal=0.37
21:31:09 [INFO] [MPC] state=(-1.73,-0.61,+1.57) wp0=(-1.85,-0.55) v=+0.096 ω=+0.176 ok=True iters=7
21:31:09 [INFO] [PROG] s*=3.17/3.54 (89.5%) dist_goal=0.36
21:31:09 [INFO] [MPC] state=(-1.73,-0.60,+1.59) wp0=(-1.85,-0.54) v=+0.093 ω=+0.113 ok=True iters=7
21:31:09 [INFO] [PROG] s*=3.18/3.54 (89.7%) dist_goal=0.36
21:31:09 [INFO] [MPC] state=(-1.73,-0.59,+1.60) wp0=(-1.85,-0.53) v=+0.091 ω=+0.038 ok=True iters=7
21:31:09 [INFO] [PROG] s*=3.19/3.54 (90.0%) dist_goal=0.35
21:31:09 [INFO] [MPC] state=(-1.73,-0.58,+1.60) wp0=(-1.85,-0.53) v=+0.089 ω=+0.023 ok=True iters=7
21:31:09 [INFO] [PROG] s*=3.19/3.54 (90.2%) dist_goal=0.34
21:31:09 [INFO] [MPC] state=(-1.73,-0.58,+1.60) wp0=(-1.85,-0.52) v=+0.087 ω=+0.011 ok=True iters=7
21:31:09 [INFO] [PROG] s*=3.20/3.54 (90.4%) dist_goal=0.33
21:31:09 [INFO] [MPC] state=(-1.73,-0.57,+1.61) wp0=(-1.85,-0.51) v=+0.085 ω=+0.003 ok=True iters=7
21:31:09 [INFO] [PROG] s*=3.21/3.54 (90.7%) dist_goal=0.32
21:31:09 [INFO] [MPC] state=(-1.73,-0.56,+1.61) wp0=(-1.85,-0.50) v=+0.083 ω=-0.003 ok=True iters=7
21:31:09 [INFO] [PROG] s*=3.22/3.54 (90.9%) dist_goal=0.32
21:31:09 [INFO] [MPC] state=(-1.73,-0.55,+1.61) wp0=(-1.85,-0.49) v=+0.081 ω=-0.007 ok=True iters=7
21:31:09 [INFO] [PROG] s*=3.23/3.54 (91.1%) dist_goal=0.31
21:31:09 [INFO] [MPC] state=(-1.73,-0.54,+1.61) wp0=(-1.85,-0.48) v=+0.079 ω=-0.176 ok=True iters=7
21:31:09 [INFO] [PROG] s*=3.24/3.54 (91.4%) dist_goal=0.30
21:31:09 [INFO] [MPC] state=(-1.73,-0.53,+1.59) wp0=(-1.85,-0.48) v=+0.077 ω=-0.112 ok=True iters=7
21:31:09 [INFO] [PROG] s*=3.24/3.54 (91.6%) dist_goal=0.29
21:31:09 [INFO] [MPC] state=(-1.73,-0.53,+1.57) wp0=(-1.85,-0.47) v=+0.075 ω=-0.076 ok=True iters=7
21:31:09 [INFO] [PROG] s*=3.25/3.54 (91.8%) dist_goal=0.29
21:31:09 [INFO] [MPC] state=(-1.73,-0.52,+1.57) wp0=(-1.85,-0.46) v=+0.074 ω=-0.051 ok=True iters=7
21:31:09 [INFO] [PROG] s*=3.26/3.54 (92.0%) dist_goal=0.28
21:31:09 [INFO] [MPC] state=(-1.73,-0.51,+1.56) wp0=(-1.85,-0.45) v=+0.072 ω=-0.034 ok=True iters=7
21:31:09 [INFO] [PROG] s*=3.26/3.54 (92.2%) dist_goal=0.27
21:31:09 [INFO] [MPC] state=(-1.73,-0.50,+1.56) wp0=(-1.85,-0.45) v=+0.070 ω=-0.022 ok=True iters=7
21:31:09 [INFO] [PROG] s*=3.27/3.54 (92.4%) dist_goal=0.27
21:31:09 [INFO] [MPC] state=(-1.73,-0.50,+1.56) wp0=(-1.85,-0.44) v=+0.069 ω=-0.014 ok=True iters=7
21:31:09 [INFO] [PROG] s*=3.28/3.54 (92.6%) dist_goal=0.26
21:31:09 [INFO] [MPC] state=(-1.73,-0.49,+1.56) wp0=(-1.85,-0.43) v=+0.067 ω=-0.008 ok=True iters=7
21:31:09 [INFO] [PROG] s*=3.28/3.54 (92.7%) dist_goal=0.26
21:31:09 [INFO] [MPC] state=(-1.73,-0.48,+1.55) wp0=(-1.85,-0.43) v=+0.066 ω=-0.004 ok=True iters=7
21:31:09 [INFO] [PROG] s*=3.29/3.54 (92.9%) dist_goal=0.25
21:31:09 [INFO] [MPC] state=(-1.73,-0.48,+1.55) wp0=(-1.85,-0.42) v=+0.064 ω=-0.001 ok=True iters=7
21:31:09 [INFO] [PROG] s*=3.30/3.54 (93.1%) dist_goal=0.25
21:31:09 [INFO] [MPC] state=(-1.73,-0.47,+1.55) wp0=(-1.85,-0.41) v=+0.063 ω=+0.000 ok=True iters=7
21:31:09 [INFO] [PROG] s*=3.30/3.54 (93.3%) dist_goal=0.24
21:31:09 [INFO] [MPC] state=(-1.73,-0.46,+1.55) wp0=(-1.85,-0.41) v=+0.062 ω=+0.001 ok=True iters=7
21:31:09 [INFO] [PROG] s*=3.31/3.54 (93.4%) dist_goal=0.24
21:31:09 [INFO] [MPC] state=(-1.73,-0.46,+1.55) wp0=(-1.85,-0.40) v=+0.060 ω=+0.002 ok=True iters=7
21:31:09 [INFO] [PROG] s*=3.31/3.54 (93.6%) dist_goal=0.23
21:31:09 [INFO] [MPC] state=(-1.73,-0.45,+1.56) wp0=(-1.85,-0.40) v=+0.059 ω=+0.002 ok=True iters=7
21:31:09 [INFO] [PROG] s*=3.32/3.54 (93.8%) dist_goal=0.23
21:31:09 [INFO] [MPC] state=(-1.73,-0.45,+1.56) wp0=(-1.85,-0.39) v=+0.058 ω=+0.003 ok=True iters=7
21:31:09 [INFO] [PROG] s*=3.33/3.54 (93.9%) dist_goal=0.22
21:31:09 [INFO] [MPC] state=(-1.73,-0.44,+1.56) wp0=(-1.85,-0.39) v=+0.057 ω=+0.003 ok=True iters=8
21:31:09 [INFO] [PROG] s*=3.33/3.54 (94.1%) dist_goal=0.22
21:31:09 [INFO] [MPC] state=(-1.73,-0.44,+1.56) wp0=(-1.85,-0.38) v=+0.055 ω=+0.003 ok=True iters=8
21:31:09 [INFO] [PROG] s*=3.34/3.54 (94.2%) dist_goal=0.21
21:31:09 [INFO] [MPC] state=(-1.73,-0.43,+1.56) wp0=(-1.85,-0.37) v=+0.054 ω=+0.003 ok=True iters=8
21:31:09 [INFO] [PROG] s*=3.34/3.54 (94.4%) dist_goal=0.21
21:31:09 [INFO] [MPC] state=(-1.73,-0.42,+1.56) wp0=(-1.85,-0.37) v=+0.053 ω=+0.168 ok=True iters=8
21:31:09 [INFO] [PROG] s*=3.35/3.54 (94.5%) dist_goal=0.20
21:31:09 [INFO] [MPC] state=(-1.73,-0.42,+1.57) wp0=(-1.85,-0.36) v=+0.052 ω=-0.052 ok=True iters=8
21:31:09 [INFO] [PROG] s*=3.35/3.54 (94.7%) dist_goal=0.20
21:31:09 [INFO] [MPC] state=(-1.73,-0.41,+1.57) wp0=(-1.85,-0.36) v=+0.051 ω=+0.124 ok=True iters=8
21:31:09 [INFO] [PROG] s*=3.36/3.54 (94.8%) dist_goal=0.20
21:31:09 [INFO] [MPC] state=(-1.73,-0.41,+1.58) wp0=(-1.85,-0.35) v=+0.050 ω=+0.082 ok=True iters=8
21:31:09 [INFO] [PROG] s*=3.36/3.54 (94.9%) dist_goal=0.19
21:31:09 [INFO] [MPC] state=(-1.73,-0.40,+1.59) wp0=(-1.85,-0.35) v=+0.049 ω=+0.057 ok=True iters=8
21:31:09 [INFO] [PROG] s*=3.37/3.54 (95.1%) dist_goal=0.19
21:31:09 [INFO] [MPC] state=(-1.73,-0.40,+1.59) wp0=(-1.85,-0.35) v=+0.048 ω=+0.037 ok=True iters=8
21:31:09 [INFO] [PROG] s*=3.37/3.54 (95.2%) dist_goal=0.19
21:31:09 [INFO] [MPC] state=(-1.73,-0.40,+1.60) wp0=(-1.85,-0.34) v=+0.047 ω=+0.011 ok=True iters=8
21:31:09 [INFO] [PROG] s*=3.38/3.54 (95.3%) dist_goal=0.18
21:31:09 [INFO] [MPC] state=(-1.73,-0.39,+1.60) wp0=(-1.85,-0.34) v=+0.046 ω=+0.004 ok=True iters=8
21:31:09 [INFO] [PROG] s*=3.38/3.54 (95.4%) dist_goal=0.18
21:31:09 [INFO] [MPC] state=(-1.73,-0.39,+1.60) wp0=(-1.85,-0.33) v=+0.046 ω=+0.000 ok=True iters=8
