21:38:34 [INFO] === New MPC Session Started ===
21:38:34 [DEBUG] matplotlib data path: /usr/share/matplotlib/mpl-data
21:38:34 [DEBUG] CONFIGDIR=/home/max/.config/matplotlib
21:38:34 [DEBUG] interactive is False
21:38:34 [DEBUG] platform is linux
21:38:34 [DEBUG] loaded modules: ['sys', 'builtins', '_frozen_importlib', '_imp', '_thread', '_warnings', '_weakref', '_io', 'marshal', 'posix', '_frozen_importlib_external', 'time', 'zipimport', '_codecs', 'codecs', 'encodings.aliases', 'encodings', 'encodings.utf_8', '_signal', '_abc', 'abc', 'io', '__main__', '_stat', 'stat', '_collections_abc', 'genericpath', 'posixpath', 'os.path', 'os', '_sitebuiltins', 'types', 'importlib._bootstrap', 'importlib._bootstrap_external', 'warnings', 'importlib', 'importlib._abc', 'itertools', 'keyword', '_operator', 'operator', 'reprlib', '_collections', 'collections', '_functools', 'functools', 'contextlib', 'importlib.util', 'importlib.machinery', 'mpl_toolkits', 'phply', 'ruamel', 'zope', 'apport_python_hook', 'sitecustomize', 'site', 'crowdnav', 'crowdnav.env', 'gym.error', 'gym.version', 'collections.abc', 'enum', '_sre', 'sre_constants', 'sre_parse', 'sre_compile', '_locale', 'copyreg', 're', 'typing.io', 'typing.re', 'typing', 'numpy._utils._convertions', 'numpy._utils', 'numpy._globals', 'numpy.exceptions', 'numpy.version', 'numpy._distributor_init', 'numpy._utils._inspect', 'math', '_datetime', 'datetime', 'numpy.core._exceptions', 'numpy.dtypes', 'numpy.core._multiarray_umath', 'numpy.core.overrides', 'numpy.core.multiarray', 'numpy.core.umath', 'numbers', 'numpy.core._string_helpers', 'fnmatch', 'ntpath', 'errno', 'urllib', 'ipaddress', 'urllib.parse', 'pathlib', '_struct', 'struct', '_compat_pickle', '_pickle', 'pickle', 'numpy.compat.py3k', 'numpy.compat', 'numpy.core._dtype', 'numpy.core._type_aliases', 'numpy.core.numerictypes', '_contextvars', 'contextvars', 'numpy.core._ufunc_config', 'numpy.core._methods', 'numpy.core.fromnumeric', 'numpy.core.shape_base', 'numpy.core.arrayprint', 'numpy.core._asarray', 'numpy.core.numeric', 'numpy.core.defchararray', 'numpy.core.records', 'numpy.core.memmap', 'numpy.core.function_base', 'numpy.core._machar', 'numpy.core.getlimits', 'numpy.core.einsumfunc', 'numpy.core._multiarray_tests', 'numpy.core._add_newdocs', 'numpy.core._add_newdocs_scalars', 'numpy.core._dtype_ctypes', '_ast', 'ast', '_ctypes', 'ctypes._endian', 'ctypes', 'numpy.core._internal', 'numpy._pytesttester', 'numpy.core', 'numpy.__config__', 'numpy.lib.mixins', 'numpy.lib.ufunclike', 'numpy.lib.type_check', 'numpy.lib.scimath', 'numpy.lib.stride_tricks', 'numpy.lib.twodim_base', 'numpy.linalg._umath_linalg', '__future__', 'numpy._typing._nested_sequence', 'numpy._typing._nbit', 'numpy._typing._char_codes', 'numpy._typing._scalars', 'numpy._typing._shape', 'numpy._typing._dtype_like', 'numpy._typing._array_like', 'numpy._typing', 'numpy.linalg.linalg', 'numpy.linalg', 'numpy.matrixlib.defmatrix', 'numpy.matrixlib', 'numpy.lib.histograms', 'numpy.lib.function_base', 'numpy.lib.index_tricks', 'numpy.lib.nanfunctions', 'numpy.lib.shape_base', 'numpy.lib.polynomial', 'textwrap', 'signal', '_weakrefset', 'threading', 'fcntl', '_posixsubprocess', 'select', 'selectors', 'subprocess', 'platform', 'numpy.lib.utils', 'numpy.lib.arraysetops', 'weakref', 'numpy.lib.format', 'numpy.lib._datasource', 'numpy.lib._iotools', 'numpy.lib.npyio', 'numpy.lib.arrayterator', 'numpy.lib.arraypad', 'numpy.lib._version', 'numpy.lib', 'numpy.fft._pocketfft_internal', 'numpy.fft._pocketfft', 'numpy.fft.helper', 'numpy.fft', 'numpy.polynomial.polyutils', 'numpy.polynomial._polybase', 'numpy.polynomial.polynomial', 'numpy.polynomial.chebyshev', 'numpy.polynomial.legendre', 'numpy.polynomial.hermite', 'numpy.polynomial.hermite_e', 'numpy.polynomial.laguerre', 'numpy.polynomial', 'cython_runtime', '_cython_3_0_8', 'numpy.random._common', 'binascii', 'base64', '_hashlib', '_blake2', 'hashlib', 'hmac', '_bisect', 'bisect', '_random', '_sha512', 'random', 'secrets', 'numpy.random.bit_generator', 'numpy.random._bounded_integers', 'numpy.random._mt19937', 'numpy.random.mtrand', 'numpy.random._philox', 'numpy.random._pcg64', 'numpy.random._sfc64', 'numpy.random._generator', 'numpy.random._pickle', 'numpy.random', 'numpy.ctypeslib', '_opcode', 'opcode', 'dis', 'token', 'tokenize', 'linecache', 'inspect', 'numpy.ma.core', 'numpy.ma.extras', 'numpy.ma', 'numpy', 'gym.utils.colorize', 'gym.utils.ezpickle', 'gym.utils', 'gym.logger', 'gym.utils.seeding', 'gym.spaces.space', 'gym.spaces.box', 'gym.spaces.dict', 'gym.spaces.discrete', 'gym.spaces.multi_discrete', 'gym.spaces.graph', 'gym.spaces.multi_binary', 'gym.spaces.sequence', 'gym.spaces.text', 'gym.spaces.tuple', 'gym.spaces.utils', 'gym.spaces', 'gym.core', 'copy', '_heapq', 'heapq', 'difflib', 'dataclasses', 'cv2.load_config_py3', 'cv2.version', 'numpy._core', 'numpy._core._multiarray_umath', 'cv2.gapi.core', 'cv2.gapi.core.cpu', 'cv2.gapi.core.fluid', 'cv2.gapi.core.ocl', 'cv2.gapi.ie', 'cv2.gapi.ie.detail', 'cv2.gapi.imgproc', 'cv2.gapi.imgproc.fluid', 'cv2.gapi.oak', 'cv2.gapi.onnx', 'cv2.gapi.onnx.ep', 'cv2.gapi.ot', 'cv2.gapi.ot.cpu', 'cv2.gapi.ov', 'cv2.gapi.own', 'cv2.gapi.own.detail', 'cv2.gapi.render', 'cv2.gapi.render.ocv', 'cv2.gapi.streaming', 'cv2.gapi.video', 'cv2.gapi.wip', 'cv2.gapi.wip.draw', 'cv2.gapi.wip.gst', 'cv2.gapi.wip.onevpl', 'cv2.utils.fs', 'cv2.utils.nested', 'cv2.gapi', 'cv2.ogl', 'cv2.data', 'cv2.detail', 'cv2.flann', 'cv2.ml', 'cv2.aruco', 'cv2.qt', 'cv2.utils', 'cv2.typing', 'cv2.samples', 'cv2.barcode', 'cv2.segmentation', 'cv2.ocl', 'cv2.cuda', 'cv2.parallel', 'cv2.dnn', 'cv2.Error', 'cv2.videoio_registry', 'cv2.ipp', 'cv2.fisheye', 'cv2.misc.version', 'cv2.misc', 'cv2.mat_wrapper', 'cv2', 'gym.wrappers.atari_preprocessing', 'gym.wrappers.autoreset', 'gym.wrappers.clip_action', 'gym.wrappers.filter_observation', 'gym.wrappers.flatten_observation', 'gym.wrappers.frame_stack', 'gym.wrappers.gray_scale_observation', 'gym.wrappers.human_rendering', 'gym.wrappers.normalize', 'gym.wrappers.order_enforcing', 'gym.wrappers.record_episode_statistics', 'gym.wrappers.monitoring', '_json', 'json.scanner', 'json.decoder', 'json.encoder', 'json', 'zlib', '_compression', '_bz2', 'bz2', '_lzma', 'lzma', 'shutil', 'tempfile', 'gym.wrappers.monitoring.video_recorder', 'gym.wrappers.record_video', 'gym.wrappers.render_collection', 'gym.wrappers.rescale_action', 'gym.wrappers.resize_observation', 'gym.utils.step_api_compatibility', 'gym.wrappers.step_api_compatibility', 'gym.wrappers.time_aware_observation', 'gym.wrappers.time_limit', 'gym.wrappers.transform_observation', 'gym.wrappers.transform_reward', 'gym.wrappers.vector_list_info', 'gym.wrappers', 'gym.wrappers.compatibility', 'gym.utils.passive_env_checker', 'gym.wrappers.env_checker', '_csv', 'csv', 'email', 'zipfile', 'uu', 'quopri', '_socket', 'array', 'socket', 'locale', 'calendar', 'email._parseaddr', 'email.base64mime', '_string', 'string', 'email.quoprimime', 'email.errors', 'email.encoders', 'email.charset', 'email.utils', 'email.header', 'email._policybase', 'email._encoded_words', 'email.iterators', 'email.message', 'importlib.metadata._functools', 'importlib.metadata._text', 'importlib.metadata._adapters', 'importlib.metadata._meta', 'importlib.metadata._collections', 'importlib.metadata._itertools', 'importlib.abc', 'importlib.metadata', 'gym.envs.registration', 'gym.envs', 'multiprocessing.process', 'multiprocessing.reduction', 'multiprocessing.context', '__mp_main__', 'multiprocessing', 'gym.vector.utils.misc', 'gym.vector.utils.numpy_utils', 'gym.vector.utils.shared_memory', 'gym.vector.utils.spaces', 'gym.vector.utils', 'gym.vector.vector_env', 'gym.vector.async_vector_env', 'gym.vector.sync_vector_env', 'gym.vector', 'gym_notices', 'gym_notices.notices', 'gym', 'pybullet', 'pybullet_data', 'traceback', 'atexit', 'logging', 'crowdnav.logger_setup', 'crowdnav.config', 'crowdnav.kinematics', 'crowdnav.dynamics', 'crowdnav.sensors', 'crowdnav.control', 'crowdnav.control.align', 'crowdnav.control.track', 'crowdnav.planning', 'swig_runtime_data4', 'casadi._casadi', 'casadi.casadi', 'casadi', 'crowdnav.planning.mpc_runner', 'crowdnav.planning.path_mgr', 'crowdnav.utils2', 'crowdnav.utils2.coord', 'crowdnav.planning.path_math', 'crowdnav.utils', 'matplotlib', 'pprint', 'packaging.__about__', 'packaging', 'packaging._structures', 'packaging.version', 'matplotlib._api.deprecation', 'matplotlib._api', 'matplotlib._version', 'gzip', 'shlex', 'matplotlib._c_internal_utils', 'matplotlib.cbook', 'matplotlib.docstring', 'PIL._version', 'PIL', 'PIL.ImageMode', 'PIL.TiffTags', 'PIL._binary', 'PIL._util', 'PIL._imaging', 'PIL.Image', 'PIL.ImageChops', 'PIL.ImageFile', 'PIL.GimpGradientFile', 'PIL.GimpPaletteFile', 'PIL.ImageColor', 'PIL.PaletteFile', 'PIL.ImagePalette', 'PIL.ImageSequence', 'PIL.PngImagePlugin', 'matplotlib._path', 'matplotlib.bezier', 'matplotlib.path', 'matplotlib.transforms', 'matplotlib.ticker', 'matplotlib.scale', 'matplotlib._color_data', 'matplotlib.colors', 'pyparsing', 'matplotlib.fontconfig_pattern', 'matplotlib._enums', 'cycler', 'matplotlib.rcsetup', 'matplotlib.ft2font', 'dateutil._version', 'dateutil', 'kiwisolver']
21:38:35 [DEBUG] CACHEDIR=/home/max/.cache/matplotlib
21:38:35 [DEBUG] Using fontManager instance from /home/max/.cache/matplotlib/fontlist-v330.json
21:38:35 [DEBUG] Loaded backend TkAgg version unknown.
21:38:35 [INFO] CrowdNavPyBulletEnv initializing...
21:38:38 [INFO] World ready | grid: (112, 112), res: 0.1, N=10, T=0.1
21:38:39 [INFO] [PROG] s*=0.02/2.20 (0.9%) dist_goal=2.13
21:38:39 [INFO] [MPC] state=(-2.02,+0.20,-3.05) wp0=(-2.05,+0.15) v=+0.030 ω=+2.400 ok=True iters=19
21:38:39 [INFO] [PROG] s*=0.02/2.20 (0.9%) dist_goal=2.13
21:38:39 [INFO] [MPC] state=(-2.02,+0.20,-2.87) wp0=(-2.05,+0.15) v=+0.030 ω=+2.400 ok=True iters=12
21:38:39 [INFO] [PROG] s*=0.02/2.20 (1.1%) dist_goal=2.12
21:38:39 [INFO] [MPC] state=(-2.02,+0.20,-2.63) wp0=(-2.05,+0.15) v=+0.200 ω=+2.400 ok=True iters=12
21:38:39 [INFO] [PROG] s*=0.03/2.20 (1.4%) dist_goal=2.11
21:38:39 [INFO] [MPC] state=(-2.03,+0.20,-2.50) wp0=(-2.06,+0.15) v=+0.200 ω=+2.400 ok=True iters=9
21:38:39 [INFO] [PROG] s*=0.04/2.20 (1.8%) dist_goal=2.10
21:38:39 [INFO] [MPC] state=(-2.04,+0.19,-2.37) wp0=(-2.07,+0.15) v=+0.200 ω=+1.867 ok=True iters=9
21:38:39 [INFO] [PROG] s*=0.05/2.20 (2.3%) dist_goal=2.09
21:38:39 [INFO] [MPC] state=(-2.05,+0.18,-2.27) wp0=(-2.08,+0.15) v=+0.200 ω=+1.091 ok=True iters=7
21:38:39 [INFO] [PROG] s*=0.09/2.20 (3.9%) dist_goal=2.08
21:38:39 [INFO] [MPC] state=(-2.06,+0.17,-2.21) wp0=(-2.12,+0.15) v=+0.200 ω=+0.687 ok=True iters=8
21:38:39 [INFO] [PROG] s*=0.10/2.20 (4.4%) dist_goal=2.07
21:38:39 [INFO] [MPC] state=(-2.07,+0.15,-2.17) wp0=(-2.13,+0.15) v=+0.200 ω=+0.001 ok=True iters=7
21:38:39 [INFO] [PROG] s*=0.11/2.20 (4.9%) dist_goal=2.06
21:38:39 [INFO] [MPC] state=(-2.08,+0.14,-2.17) wp0=(-2.14,+0.15) v=+0.200 ω=-0.383 ok=True iters=8
21:38:39 [INFO] [PROG] s*=0.12/2.20 (5.4%) dist_goal=2.05
21:38:39 [INFO] [MPC] state=(-2.09,+0.12,-2.19) wp0=(-2.15,+0.15) v=+0.200 ω=-0.621 ok=True iters=7
21:38:39 [INFO] [PROG] s*=0.13/2.20 (5.9%) dist_goal=2.04
21:38:39 [INFO] [MPC] state=(-2.10,+0.11,-2.23) wp0=(-2.16,+0.15) v=+0.200 ω=-0.757 ok=True iters=7
21:38:39 [INFO] [PROG] s*=0.14/2.20 (6.5%) dist_goal=2.03
21:38:39 [INFO] [MPC] state=(-2.11,+0.09,-2.27) wp0=(-2.17,+0.15) v=+0.200 ω=-0.840 ok=True iters=7
21:38:39 [INFO] [PROG] s*=0.15/2.20 (7.0%) dist_goal=2.02
21:38:39 [INFO] [MPC] state=(-2.12,+0.08,-2.32) wp0=(-2.18,+0.15) v=+0.200 ω=-0.883 ok=True iters=7
21:38:39 [INFO] [PROG] s*=0.17/2.20 (7.6%) dist_goal=2.01
21:38:39 [INFO] [MPC] state=(-2.13,+0.07,-2.37) wp0=(-2.20,+0.15) v=+0.200 ω=-1.337 ok=True iters=7
21:38:39 [INFO] [PROG] s*=0.18/2.20 (8.1%) dist_goal=1.99
21:38:39 [INFO] [MPC] state=(-2.15,+0.06,-2.44) wp0=(-2.21,+0.15) v=+0.200 ω=-1.237 ok=True iters=7
21:38:39 [INFO] [PROG] s*=0.19/2.20 (8.8%) dist_goal=1.98
21:38:39 [INFO] [MPC] state=(-2.16,+0.05,-2.51) wp0=(-2.22,+0.15) v=+0.200 ω=-1.203 ok=True iters=7
21:38:39 [INFO] [PROG] s*=0.21/2.20 (9.4%) dist_goal=1.97
21:38:39 [INFO] [MPC] state=(-2.17,+0.04,-2.57) wp0=(-2.24,+0.15) v=+0.200 ω=-1.094 ok=True iters=7
21:38:39 [INFO] [PROG] s*=0.22/2.20 (10.1%) dist_goal=1.95
21:38:39 [INFO] [MPC] state=(-2.19,+0.03,-2.63) wp0=(-2.25,+0.15) v=+0.200 ω=-1.071 ok=True iters=7
21:38:39 [INFO] [PROG] s*=0.24/2.20 (10.8%) dist_goal=1.94
21:38:39 [INFO] [MPC] state=(-2.20,+0.02,-2.69) wp0=(-2.27,+0.15) v=+0.200 ω=-1.041 ok=True iters=7
21:38:39 [INFO] [PROG] s*=0.25/2.20 (11.5%) dist_goal=1.92
21:38:39 [INFO] [MPC] state=(-2.22,+0.01,-2.75) wp0=(-2.28,+0.15) v=+0.200 ω=-1.344 ok=True iters=7
21:38:39 [INFO] [PROG] s*=0.27/2.20 (12.2%) dist_goal=1.91
21:38:39 [INFO] [MPC] state=(-2.23,+0.01,-2.82) wp0=(-2.30,+0.15) v=+0.200 ω=-1.133 ok=True iters=7
21:38:39 [INFO] [PROG] s*=0.28/2.20 (12.9%) dist_goal=1.89
21:38:39 [INFO] [MPC] state=(-2.25,+0.00,-2.88) wp0=(-2.31,+0.15) v=+0.200 ω=-1.353 ok=True iters=7
21:38:39 [INFO] [PROG] s*=0.30/2.20 (13.6%) dist_goal=1.88
21:38:39 [INFO] [MPC] state=(-2.26,-0.00,-2.96) wp0=(-2.33,+0.15) v=+0.200 ω=-1.238 ok=True iters=7
21:38:39 [INFO] [PROG] s*=0.32/2.20 (14.4%) dist_goal=1.86
21:38:39 [INFO] [MPC] state=(-2.28,-0.00,-3.03) wp0=(-2.35,+0.15) v=+0.200 ω=-0.795 ok=True iters=7
21:38:39 [INFO] [PROG] s*=0.33/2.20 (15.2%) dist_goal=1.84
21:38:39 [INFO] [MPC] state=(-2.30,-0.00,-3.07) wp0=(-2.36,+0.15) v=+0.200 ω=-0.711 ok=True iters=7
21:38:39 [INFO] [PROG] s*=0.35/2.20 (16.0%) dist_goal=1.83
21:38:39 [INFO] [MPC] state=(-2.31,-0.01,-3.12) wp0=(-2.38,+0.15) v=+0.200 ω=-0.906 ok=True iters=7
21:38:39 [INFO] [PROG] s*=0.37/2.20 (16.8%) dist_goal=1.81
21:38:39 [INFO] [MPC] state=(-2.33,-0.01,-3.17) wp0=(-2.40,+0.15) v=+0.200 ω=-0.771 ok=True iters=7
21:38:39 [INFO] [PROG] s*=0.39/2.20 (17.6%) dist_goal=1.79
21:38:39 [INFO] [MPC] state=(-2.35,-0.00,-3.22) wp0=(-2.42,+0.15) v=+0.200 ω=-0.037 ok=True iters=7
21:38:39 [INFO] [PROG] s*=0.41/2.20 (18.6%) dist_goal=1.77
21:38:39 [INFO] [MPC] state=(-2.37,-0.00,-3.23) wp0=(-2.44,+0.15) v=+0.200 ω=+0.020 ok=True iters=7
21:38:39 [INFO] [PROG] s*=0.43/2.20 (19.5%) dist_goal=1.75
21:38:39 [INFO] [MPC] state=(-2.39,-0.00,-3.23) wp0=(-2.46,+0.15) v=+0.200 ω=+0.045 ok=True iters=7
21:38:39 [INFO] [PROG] s*=0.45/2.20 (20.4%) dist_goal=1.73
21:38:39 [INFO] [MPC] state=(-2.41,+0.00,-3.23) wp0=(-2.48,+0.15) v=+0.200 ω=+0.062 ok=True iters=7
21:38:39 [INFO] [PROG] s*=0.47/2.20 (21.3%) dist_goal=1.71
21:38:39 [INFO] [MPC] state=(-2.43,+0.00,-3.22) wp0=(-2.50,+0.15) v=+0.200 ω=+0.075 ok=True iters=7
21:38:39 [INFO] [PROG] s*=0.49/2.20 (22.2%) dist_goal=1.69
21:38:39 [INFO] [MPC] state=(-2.45,+0.00,-3.21) wp0=(-2.52,+0.15) v=+0.200 ω=+0.083 ok=True iters=7
21:38:39 [INFO] [PROG] s*=0.51/2.20 (23.0%) dist_goal=1.67
21:38:39 [INFO] [MPC] state=(-2.47,+0.01,-3.21) wp0=(-2.54,+0.15) v=+0.200 ω=+0.564 ok=True iters=7
21:38:39 [INFO] [PROG] s*=0.53/2.20 (23.9%) dist_goal=1.65
21:38:39 [INFO] [MPC] state=(-2.49,+0.01,-3.17) wp0=(-2.56,+0.15) v=+0.200 ω=+0.311 ok=True iters=7
21:38:39 [INFO] [PROG] s*=0.55/2.20 (24.8%) dist_goal=1.63
21:38:39 [INFO] [MPC] state=(-2.51,+0.01,-3.15) wp0=(-2.58,+0.15) v=+0.200 ω=+0.275 ok=True iters=7
21:38:39 [INFO] [PROG] s*=0.56/2.20 (25.7%) dist_goal=1.61
21:38:39 [INFO] [MPC] state=(-2.53,+0.01,-3.14) wp0=(-2.59,+0.15) v=+0.200 ω=+0.238 ok=True iters=7
21:38:39 [INFO] [PROG] s*=0.58/2.20 (26.6%) dist_goal=1.59
21:38:39 [INFO] [MPC] state=(-2.54,+0.01,-3.12) wp0=(-2.61,+0.15) v=+0.200 ω=+0.199 ok=True iters=7
21:38:39 [INFO] [PROG] s*=0.60/2.20 (27.5%) dist_goal=1.57
21:38:39 [INFO] [MPC] state=(-2.56,+0.01,-3.11) wp0=(-2.63,+0.15) v=+0.200 ω=+0.158 ok=True iters=7
21:38:39 [INFO] [PROG] s*=0.62/2.20 (28.4%) dist_goal=1.55
21:38:39 [INFO] [MPC] state=(-2.58,+0.01,-3.10) wp0=(-2.65,+0.15) v=+0.200 ω=+0.122 ok=True iters=7
21:38:39 [INFO] [PROG] s*=0.64/2.20 (29.3%) dist_goal=1.53
21:38:39 [INFO] [MPC] state=(-2.60,+0.00,-3.09) wp0=(-2.67,+0.15) v=+0.200 ω=-0.041 ok=True iters=7
21:38:39 [INFO] [PROG] s*=0.66/2.20 (30.1%) dist_goal=1.51
21:38:39 [INFO] [MPC] state=(-2.62,+0.00,-3.09) wp0=(-2.69,+0.15) v=+0.200 ω=-0.533 ok=True iters=7
21:38:39 [INFO] [PROG] s*=0.68/2.20 (31.0%) dist_goal=1.49
21:38:39 [INFO] [MPC] state=(-2.64,+0.00,-3.13) wp0=(-2.71,+0.15) v=+0.200 ω=+0.142 ok=True iters=7
21:38:39 [INFO] [PROG] s*=0.70/2.20 (31.9%) dist_goal=1.48
21:38:39 [INFO] [MPC] state=(-2.66,+0.00,-3.12) wp0=(-2.73,+0.15) v=+0.200 ω=+0.121 ok=True iters=7
21:38:39 [INFO] [PROG] s*=0.72/2.20 (32.8%) dist_goal=1.46
21:38:39 [INFO] [MPC] state=(-2.68,+0.00,-3.11) wp0=(-2.75,+0.15) v=+0.200 ω=-0.516 ok=True iters=7
21:38:39 [INFO] [PROG] s*=0.74/2.20 (33.7%) dist_goal=1.44
21:38:39 [INFO] [MPC] state=(-2.70,+0.00,-3.15) wp0=(-2.77,+0.15) v=+0.200 ω=-0.265 ok=True iters=7
21:38:39 [INFO] [PROG] s*=0.76/2.20 (34.5%) dist_goal=1.42
21:38:39 [INFO] [MPC] state=(-2.72,+0.00,-3.17) wp0=(-2.79,+0.15) v=+0.200 ω=-0.208 ok=True iters=7
21:38:39 [INFO] [PROG] s*=0.78/2.20 (35.5%) dist_goal=1.40
21:38:39 [INFO] [MPC] state=(-2.74,+0.00,-3.18) wp0=(-2.81,+0.15) v=+0.200 ω=-0.012 ok=True iters=7
21:38:39 [INFO] [PROG] s*=0.80/2.20 (36.4%) dist_goal=1.38
21:38:39 [INFO] [MPC] state=(-2.76,+0.00,-3.18) wp0=(-2.83,+0.15) v=+0.200 ω=+0.005 ok=True iters=7
21:38:39 [INFO] [PROG] s*=0.82/2.20 (37.3%) dist_goal=1.36
21:38:39 [INFO] [MPC] state=(-2.78,+0.00,-3.18) wp0=(-2.85,+0.15) v=+0.200 ω=+0.304 ok=True iters=7
21:38:39 [INFO] [PROG] s*=0.84/2.20 (38.1%) dist_goal=1.34
21:38:39 [INFO] [MPC] state=(-2.80,+0.01,-3.17) wp0=(-2.87,+0.15) v=+0.200 ω=+0.276 ok=True iters=7
21:38:39 [INFO] [PROG] s*=0.86/2.20 (39.0%) dist_goal=1.32
21:38:39 [INFO] [MPC] state=(-2.82,+0.01,-3.15) wp0=(-2.89,+0.15) v=+0.200 ω=+0.238 ok=True iters=7
21:38:39 [INFO] [PROG] s*=0.88/2.20 (39.9%) dist_goal=1.30
21:38:39 [INFO] [MPC] state=(-2.84,+0.01,-3.14) wp0=(-2.91,+0.15) v=+0.200 ω=+0.207 ok=True iters=7
21:38:39 [INFO] [PROG] s*=0.90/2.20 (40.8%) dist_goal=1.28
21:38:39 [INFO] [MPC] state=(-2.86,+0.01,-3.12) wp0=(-2.93,+0.15) v=+0.200 ω=+0.168 ok=True iters=7
21:38:39 [INFO] [PROG] s*=0.92/2.20 (41.7%) dist_goal=1.26
21:38:39 [INFO] [MPC] state=(-2.88,+0.01,-3.11) wp0=(-2.95,+0.15) v=+0.200 ω=+0.132 ok=True iters=7
21:38:39 [INFO] [PROG] s*=0.94/2.20 (42.6%) dist_goal=1.24
21:38:39 [INFO] [MPC] state=(-2.90,+0.00,-3.10) wp0=(-2.97,+0.15) v=+0.200 ω=+0.096 ok=True iters=7
21:38:39 [INFO] [PROG] s*=0.96/2.20 (43.5%) dist_goal=1.22
21:38:39 [INFO] [MPC] state=(-2.92,+0.00,-3.09) wp0=(-2.99,+0.15) v=+0.200 ω=-0.547 ok=True iters=7
21:38:39 [INFO] [PROG] s*=0.98/2.20 (44.4%) dist_goal=1.20
21:38:39 [INFO] [MPC] state=(-2.94,+0.00,-3.13) wp0=(-3.01,+0.15) v=+0.200 ω=+0.133 ok=True iters=7
21:38:39 [INFO] [PROG] s*=1.00/2.20 (45.3%) dist_goal=1.18
21:38:39 [INFO] [MPC] state=(-2.96,+0.00,-3.12) wp0=(-3.03,+0.15) v=+0.200 ω=+0.110 ok=True iters=7
21:38:39 [INFO] [PROG] s*=1.01/2.20 (46.1%) dist_goal=1.16
21:38:39 [INFO] [MPC] state=(-2.98,+0.00,-3.11) wp0=(-3.04,+0.15) v=+0.200 ω=-0.528 ok=True iters=7
21:38:39 [INFO] [PROG] s*=1.03/2.20 (47.0%) dist_goal=1.15
21:38:39 [INFO] [MPC] state=(-2.99,+0.00,-3.14) wp0=(-3.06,+0.15) v=+0.200 ω=-0.280 ok=True iters=7
21:38:39 [INFO] [PROG] s*=1.05/2.20 (47.9%) dist_goal=1.13
21:38:39 [INFO] [MPC] state=(-3.01,+0.00,-3.17) wp0=(-3.08,+0.15) v=+0.200 ω=-0.222 ok=True iters=7
21:38:39 [INFO] [PROG] s*=1.07/2.20 (48.8%) dist_goal=1.11
21:38:39 [INFO] [MPC] state=(-3.03,+0.00,-3.18) wp0=(-3.10,+0.15) v=+0.200 ω=-0.022 ok=True iters=7
21:38:39 [INFO] [PROG] s*=1.09/2.20 (49.7%) dist_goal=1.09
21:38:39 [INFO] [MPC] state=(-3.05,+0.00,-3.19) wp0=(-3.12,+0.15) v=+0.200 ω=-0.003 ok=True iters=7
21:38:39 [INFO] [PROG] s*=1.11/2.20 (50.7%) dist_goal=1.07
21:38:39 [INFO] [MPC] state=(-3.07,+0.00,-3.19) wp0=(-3.14,+0.15) v=+0.200 ω=+0.012 ok=True iters=7
21:38:39 [INFO] [PROG] s*=1.13/2.20 (51.5%) dist_goal=1.05
21:38:39 [INFO] [MPC] state=(-3.09,+0.01,-3.19) wp0=(-3.16,+0.15) v=+0.200 ω=+0.311 ok=True iters=7
21:38:39 [INFO] [PROG] s*=1.15/2.20 (52.4%) dist_goal=1.03
21:38:39 [INFO] [MPC] state=(-3.11,+0.01,-3.17) wp0=(-3.18,+0.15) v=+0.200 ω=+0.281 ok=True iters=7
21:38:39 [INFO] [PROG] s*=1.17/2.20 (53.3%) dist_goal=1.01
21:38:39 [INFO] [MPC] state=(-3.13,+0.01,-3.15) wp0=(-3.20,+0.15) v=+0.200 ω=+0.244 ok=True iters=7
21:38:39 [INFO] [PROG] s*=1.19/2.20 (54.2%) dist_goal=0.99
21:38:39 [INFO] [MPC] state=(-3.15,+0.01,-3.14) wp0=(-3.22,+0.15) v=+0.200 ω=+0.212 ok=True iters=7
21:38:39 [INFO] [PROG] s*=1.21/2.20 (55.1%) dist_goal=0.97
21:38:39 [INFO] [MPC] state=(-3.17,+0.01,-3.12) wp0=(-3.24,+0.15) v=+0.200 ω=+0.172 ok=True iters=7
21:38:39 [INFO] [PROG] s*=1.23/2.20 (56.0%) dist_goal=0.95
21:38:39 [INFO] [MPC] state=(-3.19,+0.01,-3.11) wp0=(-3.26,+0.15) v=+0.200 ω=+0.135 ok=True iters=7
21:38:39 [INFO] [PROG] s*=1.25/2.20 (56.9%) dist_goal=0.93
21:38:39 [INFO] [MPC] state=(-3.21,+0.00,-3.10) wp0=(-3.28,+0.15) v=+0.200 ω=+0.100 ok=True iters=7
21:38:39 [INFO] [PROG] s*=1.27/2.20 (57.7%) dist_goal=0.91
21:38:39 [INFO] [MPC] state=(-3.23,+0.00,-3.09) wp0=(-3.30,+0.15) v=+0.200 ω=-0.545 ok=True iters=7
21:38:39 [INFO] [PROG] s*=1.29/2.20 (58.6%) dist_goal=0.89
21:38:39 [INFO] [MPC] state=(-3.25,+0.00,-3.12) wp0=(-3.32,+0.15) v=+0.200 ω=+0.132 ok=True iters=7
21:38:39 [INFO] [PROG] s*=1.31/2.20 (59.6%) dist_goal=0.87
21:38:39 [INFO] [MPC] state=(-3.27,+0.00,-3.12) wp0=(-3.34,+0.15) v=+0.200 ω=+0.112 ok=True iters=7
21:38:39 [INFO] [PROG] s*=1.33/2.20 (60.4%) dist_goal=0.85
21:38:39 [INFO] [MPC] state=(-3.29,+0.00,-3.11) wp0=(-3.36,+0.15) v=+0.200 ω=-0.526 ok=True iters=7
21:38:39 [INFO] [PROG] s*=1.35/2.20 (61.3%) dist_goal=0.84
21:38:39 [INFO] [MPC] state=(-3.31,+0.00,-3.14) wp0=(-3.38,+0.15) v=+0.200 ω=-0.276 ok=True iters=7
21:38:39 [INFO] [PROG] s*=1.37/2.20 (62.2%) dist_goal=0.82
21:38:39 [INFO] [MPC] state=(-3.33,+0.00,-3.16) wp0=(-3.40,+0.15) v=+0.200 ω=-0.222 ok=True iters=7
21:38:39 [INFO] [PROG] s*=1.39/2.20 (63.1%) dist_goal=0.80
21:38:39 [INFO] [MPC] state=(-3.35,+0.00,-3.18) wp0=(-3.42,+0.15) v=+0.200 ω=-0.026 ok=True iters=7
21:38:39 [INFO] [PROG] s*=1.41/2.20 (64.0%) dist_goal=0.78
21:38:39 [INFO] [MPC] state=(-3.37,+0.00,-3.18) wp0=(-3.44,+0.15) v=+0.199 ω=-0.005 ok=True iters=7
21:38:39 [INFO] [PROG] s*=1.43/2.20 (64.9%) dist_goal=0.76
21:38:39 [INFO] [MPC] state=(-3.39,+0.00,-3.18) wp0=(-3.46,+0.15) v=+0.194 ω=+0.011 ok=True iters=7
21:38:39 [INFO] [PROG] s*=1.45/2.20 (65.7%) dist_goal=0.74
21:38:39 [INFO] [MPC] state=(-3.41,+0.01,-3.18) wp0=(-3.48,+0.15) v=+0.189 ω=+0.313 ok=True iters=7
21:38:39 [INFO] [PROG] s*=1.46/2.20 (66.6%) dist_goal=0.72
21:38:39 [INFO] [MPC] state=(-3.43,+0.01,-3.16) wp0=(-3.49,+0.15) v=+0.184 ω=+0.268 ok=True iters=7
21:38:39 [INFO] [PROG] s*=1.48/2.20 (67.4%) dist_goal=0.70
21:38:39 [INFO] [MPC] state=(-3.44,+0.01,-3.14) wp0=(-3.51,+0.15) v=+0.180 ω=+0.214 ok=True iters=7
21:38:39 [INFO] [PROG] s*=1.50/2.20 (68.2%) dist_goal=0.69
21:38:39 [INFO] [MPC] state=(-3.46,+0.01,-3.12) wp0=(-3.53,+0.15) v=+0.176 ω=+0.162 ok=True iters=8
21:38:39 [INFO] [PROG] s*=1.52/2.20 (69.0%) dist_goal=0.67
21:38:39 [INFO] [MPC] state=(-3.48,+0.00,-3.10) wp0=(-3.55,+0.15) v=+0.171 ω=+0.120 ok=True iters=8
21:38:39 [INFO] [PROG] s*=1.53/2.20 (69.7%) dist_goal=0.65
21:38:39 [INFO] [MPC] state=(-3.50,+0.00,-3.09) wp0=(-3.56,+0.15) v=+0.167 ω=-0.488 ok=True iters=8
21:38:39 [INFO] [PROG] s*=1.55/2.20 (70.5%) dist_goal=0.64
21:38:39 [INFO] [MPC] state=(-3.51,+0.00,-3.15) wp0=(-3.58,+0.15) v=+0.163 ω=+0.208 ok=True iters=8
21:38:39 [INFO] [PROG] s*=1.57/2.20 (71.2%) dist_goal=0.62
21:38:39 [INFO] [MPC] state=(-3.53,+0.00,-3.13) wp0=(-3.60,+0.15) v=+0.159 ω=+0.159 ok=True iters=8
21:38:39 [INFO] [PROG] s*=1.58/2.20 (71.9%) dist_goal=0.61
21:38:39 [INFO] [MPC] state=(-3.55,+0.00,-3.11) wp0=(-3.61,+0.15) v=+0.155 ω=+0.121 ok=True iters=8
21:38:39 [INFO] [PROG] s*=1.60/2.20 (72.6%) dist_goal=0.59
21:38:39 [INFO] [MPC] state=(-3.56,+0.00,-3.10) wp0=(-3.63,+0.15) v=+0.152 ω=-0.461 ok=True iters=8
21:38:39 [INFO] [PROG] s*=1.61/2.20 (73.3%) dist_goal=0.58
21:38:39 [INFO] [MPC] state=(-3.58,+0.00,-3.15) wp0=(-3.64,+0.15) v=+0.148 ω=+0.208 ok=True iters=8
21:38:39 [INFO] [PROG] s*=1.63/2.20 (73.9%) dist_goal=0.56
21:38:39 [INFO] [MPC] state=(-3.59,+0.00,-3.13) wp0=(-3.66,+0.15) v=+0.144 ω=+0.160 ok=True iters=8
21:38:39 [INFO] [PROG] s*=1.64/2.20 (74.6%) dist_goal=0.55
21:38:39 [INFO] [MPC] state=(-3.61,+0.00,-3.12) wp0=(-3.67,+0.15) v=+0.141 ω=+0.120 ok=True iters=8
21:38:39 [INFO] [PROG] s*=1.65/2.20 (75.2%) dist_goal=0.54
21:38:39 [INFO] [MPC] state=(-3.62,+0.00,-3.11) wp0=(-3.68,+0.15) v=+0.137 ω=-0.436 ok=True iters=7
21:38:39 [INFO] [PROG] s*=1.67/2.20 (75.8%) dist_goal=0.52
21:38:39 [INFO] [MPC] state=(-3.63,+0.00,-3.16) wp0=(-3.70,+0.15) v=+0.134 ω=-0.189 ok=True iters=7
21:38:39 [INFO] [PROG] s*=1.68/2.20 (76.4%) dist_goal=0.51
21:38:39 [INFO] [MPC] state=(-3.65,+0.00,-3.18) wp0=(-3.71,+0.15) v=+0.131 ω=-0.024 ok=True iters=7
21:38:39 [INFO] [PROG] s*=1.69/2.20 (77.0%) dist_goal=0.50
21:38:39 [INFO] [MPC] state=(-3.66,+0.00,-3.18) wp0=(-3.72,+0.15) v=+0.128 ω=-0.009 ok=True iters=7
21:38:39 [INFO] [PROG] s*=1.71/2.20 (77.6%) dist_goal=0.49
21:38:39 [INFO] [MPC] state=(-3.67,+0.00,-3.18) wp0=(-3.74,+0.15) v=+0.125 ω=+0.002 ok=True iters=7
21:38:39 [INFO] [PROG] s*=1.72/2.20 (78.1%) dist_goal=0.47
21:38:39 [INFO] [MPC] state=(-3.69,+0.00,-3.18) wp0=(-3.75,+0.15) v=+0.122 ω=+0.009 ok=True iters=7
21:38:39 [INFO] [PROG] s*=1.73/2.20 (78.6%) dist_goal=0.46
21:38:39 [INFO] [MPC] state=(-3.70,+0.00,-3.18) wp0=(-3.76,+0.15) v=+0.119 ω=+0.295 ok=True iters=7
21:38:39 [INFO] [PROG] s*=1.74/2.20 (79.2%) dist_goal=0.45
21:38:39 [INFO] [MPC] state=(-3.71,+0.00,-3.15) wp0=(-3.77,+0.15) v=+0.116 ω=+0.225 ok=True iters=7
21:38:39 [INFO] [PROG] s*=1.75/2.20 (79.7%) dist_goal=0.44
21:38:39 [INFO] [MPC] state=(-3.72,+0.00,-3.13) wp0=(-3.78,+0.15) v=+0.113 ω=+0.173 ok=True iters=7
21:38:39 [INFO] [PROG] s*=1.76/2.20 (80.2%) dist_goal=0.43
21:38:39 [INFO] [MPC] state=(-3.73,+0.00,-3.12) wp0=(-3.79,+0.15) v=+0.111 ω=+0.121 ok=True iters=7
21:38:39 [INFO] [PROG] s*=1.77/2.20 (80.7%) dist_goal=0.42
21:38:39 [INFO] [MPC] state=(-3.74,+0.00,-3.11) wp0=(-3.80,+0.15) v=+0.108 ω=+0.086 ok=True iters=7
21:38:39 [INFO] [PROG] s*=1.78/2.20 (81.1%) dist_goal=0.41
21:38:39 [INFO] [MPC] state=(-3.75,+0.00,-3.10) wp0=(-3.81,+0.15) v=+0.105 ω=-0.390 ok=True iters=7
21:38:39 [INFO] [PROG] s*=1.80/2.20 (81.6%) dist_goal=0.40
21:38:39 [INFO] [MPC] state=(-3.76,+0.00,-3.14) wp0=(-3.83,+0.15) v=+0.103 ω=+0.176 ok=True iters=7
21:38:39 [INFO] [PROG] s*=1.80/2.20 (82.0%) dist_goal=0.39
21:38:39 [INFO] [MPC] state=(-3.78,+0.00,-3.13) wp0=(-3.83,+0.15) v=+0.101 ω=+0.126 ok=True iters=7
21:38:39 [INFO] [PROG] s*=1.81/2.20 (82.5%) dist_goal=0.38
21:38:39 [INFO] [MPC] state=(-3.78,+0.00,-3.11) wp0=(-3.84,+0.15) v=+0.098 ω=+0.090 ok=True iters=7
21:38:39 [INFO] [PROG] s*=1.82/2.20 (82.9%) dist_goal=0.38
21:38:39 [INFO] [MPC] state=(-3.79,+0.00,-3.11) wp0=(-3.85,+0.15) v=+0.096 ω=-0.362 ok=True iters=7
21:38:39 [INFO] [PROG] s*=1.83/2.20 (83.4%) dist_goal=0.37
21:38:39 [INFO] [MPC] state=(-3.80,+0.00,-3.15) wp0=(-3.86,+0.15) v=+0.094 ω=-0.163 ok=True iters=7
21:38:39 [INFO] [PROG] s*=1.84/2.20 (83.8%) dist_goal=0.36
21:38:39 [INFO] [MPC] state=(-3.81,+0.00,-3.16) wp0=(-3.87,+0.15) v=+0.092 ω=-0.103 ok=True iters=7
21:38:39 [INFO] [PROG] s*=1.85/2.20 (84.2%) dist_goal=0.35
21:38:39 [INFO] [MPC] state=(-3.82,+0.00,-3.18) wp0=(-3.88,+0.15) v=+0.090 ω=-0.004 ok=True iters=7
21:38:39 [INFO] [PROG] s*=1.86/2.20 (84.6%) dist_goal=0.34
21:38:39 [INFO] [MPC] state=(-3.83,+0.00,-3.18) wp0=(-3.89,+0.15) v=+0.088 ω=+0.002 ok=True iters=7
21:38:39 [INFO] [PROG] s*=1.87/2.20 (85.0%) dist_goal=0.33
21:38:39 [INFO] [MPC] state=(-3.84,+0.00,-3.18) wp0=(-3.90,+0.15) v=+0.086 ω=+0.007 ok=True iters=7
21:38:39 [INFO] [PROG] s*=1.88/2.20 (85.3%) dist_goal=0.33
21:38:39 [INFO] [MPC] state=(-3.85,+0.00,-3.17) wp0=(-3.91,+0.15) v=+0.084 ω=+0.265 ok=True iters=7
21:38:39 [INFO] [PROG] s*=1.89/2.20 (85.7%) dist_goal=0.32
21:38:39 [INFO] [MPC] state=(-3.86,+0.00,-3.15) wp0=(-3.92,+0.15) v=+0.082 ω=+0.197 ok=True iters=7
21:38:39 [INFO] [PROG] s*=1.89/2.20 (86.0%) dist_goal=0.31
21:38:39 [INFO] [MPC] state=(-3.87,+0.00,-3.13) wp0=(-3.92,+0.15) v=+0.080 ω=+0.147 ok=True iters=8
21:38:39 [INFO] [PROG] s*=1.90/2.20 (86.4%) dist_goal=0.31
21:38:39 [INFO] [MPC] state=(-3.87,+0.00,-3.12) wp0=(-3.93,+0.15) v=+0.078 ω=+0.100 ok=True iters=8
21:38:39 [INFO] [PROG] s*=1.91/2.20 (86.7%) dist_goal=0.30
21:38:39 [INFO] [MPC] state=(-3.88,+0.00,-3.11) wp0=(-3.94,+0.15) v=+0.077 ω=+0.064 ok=True iters=8
21:38:39 [INFO] [PROG] s*=1.92/2.20 (87.1%) dist_goal=0.29
21:38:39 [INFO] [MPC] state=(-3.89,+0.00,-3.10) wp0=(-3.95,+0.15) v=+0.075 ω=+0.040 ok=True iters=7
21:38:39 [INFO] [PROG] s*=1.92/2.20 (87.4%) dist_goal=0.29
21:38:39 [INFO] [MPC] state=(-3.90,+0.00,-3.10) wp0=(-3.95,+0.15) v=+0.073 ω=-0.324 ok=True iters=7
21:38:39 [INFO] [PROG] s*=1.93/2.20 (87.7%) dist_goal=0.28
21:38:39 [INFO] [MPC] state=(-3.90,+0.00,-3.14) wp0=(-3.96,+0.15) v=+0.072 ω=+0.124 ok=True iters=7
21:38:39 [INFO] [PROG] s*=1.94/2.20 (88.0%) dist_goal=0.28
21:38:39 [INFO] [MPC] state=(-3.91,+0.00,-3.12) wp0=(-3.97,+0.15) v=+0.070 ω=+0.084 ok=True iters=7
21:38:39 [INFO] [PROG] s*=1.94/2.20 (88.4%) dist_goal=0.27
21:38:39 [INFO] [MPC] state=(-3.92,+0.00,-3.11) wp0=(-3.97,+0.15) v=+0.069 ω=+0.053 ok=True iters=7
21:38:39 [INFO] [PROG] s*=1.95/2.20 (88.7%) dist_goal=0.26
21:38:39 [INFO] [MPC] state=(-3.92,+0.00,-3.11) wp0=(-3.98,+0.15) v=+0.068 ω=-0.291 ok=True iters=7
21:38:39 [INFO] [PROG] s*=1.96/2.20 (89.0%) dist_goal=0.26
21:38:39 [INFO] [MPC] state=(-3.93,+0.00,-3.14) wp0=(-3.99,+0.15) v=+0.066 ω=-0.154 ok=True iters=8
21:38:39 [INFO] [PROG] s*=1.96/2.20 (89.3%) dist_goal=0.25
21:38:39 [INFO] [MPC] state=(-3.94,+0.00,-3.16) wp0=(-3.99,+0.15) v=+0.065 ω=-0.091 ok=True iters=8
21:38:39 [INFO] [PROG] s*=1.97/2.20 (89.5%) dist_goal=0.25
21:38:39 [INFO] [MPC] state=(-3.94,+0.00,-3.17) wp0=(-4.00,+0.15) v=+0.063 ω=-0.055 ok=True iters=8
21:38:39 [INFO] [PROG] s*=1.98/2.20 (89.8%) dist_goal=0.24
21:38:39 [INFO] [MPC] state=(-3.95,+0.00,-3.17) wp0=(-4.01,+0.15) v=+0.062 ω=+0.002 ok=True iters=8
21:38:39 [INFO] [PROG] s*=1.98/2.20 (90.1%) dist_goal=0.24
21:38:39 [INFO] [MPC] state=(-3.96,+0.00,-3.17) wp0=(-4.01,+0.15) v=+0.061 ω=+0.004 ok=True iters=8
21:38:39 [INFO] [PROG] s*=1.99/2.20 (90.4%) dist_goal=0.23
21:38:39 [INFO] [MPC] state=(-3.96,+0.00,-3.17) wp0=(-4.02,+0.15) v=+0.060 ω=+0.005 ok=True iters=8
21:38:39 [INFO] [PROG] s*=1.99/2.20 (90.6%) dist_goal=0.23
21:38:39 [INFO] [MPC] state=(-3.97,+0.00,-3.17) wp0=(-4.02,+0.15) v=+0.058 ω=+0.218 ok=True iters=8
21:38:39 [INFO] [PROG] s*=2.00/2.20 (90.9%) dist_goal=0.23
21:38:39 [INFO] [MPC] state=(-3.97,+0.00,-3.15) wp0=(-4.03,+0.15) v=+0.057 ω=+0.159 ok=True iters=9
21:38:39 [INFO] [PROG] s*=2.00/2.20 (91.1%) dist_goal=0.22
21:38:39 [INFO] [MPC] state=(-3.98,+0.00,-3.14) wp0=(-4.03,+0.15) v=+0.056 ω=+0.111 ok=True iters=9
21:38:39 [INFO] [PROG] s*=2.01/2.20 (91.3%) dist_goal=0.22
21:38:39 [INFO] [MPC] state=(-3.98,+0.00,-3.13) wp0=(-4.04,+0.15) v=+0.055 ω=+0.075 ok=True iters=9
21:38:39 [INFO] [PROG] s*=2.01/2.20 (91.6%) dist_goal=0.21
21:38:39 [INFO] [MPC] state=(-3.99,+0.00,-3.12) wp0=(-4.04,+0.15) v=+0.054 ω=+0.051 ok=True iters=9
21:38:39 [INFO] [PROG] s*=2.02/2.20 (91.8%) dist_goal=0.21
21:38:39 [INFO] [MPC] state=(-3.99,+0.00,-3.11) wp0=(-4.05,+0.15) v=+0.053 ω=+0.034 ok=True iters=9
21:38:39 [INFO] [PROG] s*=2.03/2.20 (92.1%) dist_goal=0.21
21:38:39 [INFO] [MPC] state=(-4.00,+0.00,-3.11) wp0=(-4.06,+0.15) v=+0.053 ω=+0.021 ok=True iters=9
21:38:39 [INFO] [PROG] s*=2.03/2.20 (92.3%) dist_goal=0.20
21:38:39 [INFO] [MPC] state=(-4.01,+0.00,-3.11) wp0=(-4.06,+0.15) v=+0.052 ω=-0.247 ok=True iters=9
21:38:39 [INFO] [PROG] s*=2.03/2.20 (92.5%) dist_goal=0.20
21:38:39 [INFO] [MPC] state=(-4.01,+0.00,-3.14) wp0=(-4.06,+0.15) v=+0.051 ω=+0.099 ok=True iters=9
21:38:39 [INFO] [PROG] s*=2.04/2.20 (92.7%) dist_goal=0.20
21:38:39 [INFO] [MPC] state=(-4.01,+0.00,-3.13) wp0=(-4.07,+0.15) v=+0.050 ω=+0.068 ok=True iters=9
21:38:39 [INFO] [PROG] s*=2.04/2.20 (92.9%) dist_goal=0.19
21:38:39 [INFO] [MPC] state=(-4.02,+0.00,-3.12) wp0=(-4.07,+0.15) v=+0.049 ω=+0.048 ok=True iters=9
21:38:39 [INFO] [PROG] s*=2.05/2.20 (93.1%) dist_goal=0.19
21:38:39 [INFO] [MPC] state=(-4.02,+0.00,-3.12) wp0=(-4.08,+0.15) v=+0.048 ω=+0.031 ok=True iters=9
21:38:39 [INFO] [PROG] s*=2.05/2.20 (93.4%) dist_goal=0.19
21:38:39 [INFO] [MPC] state=(-4.03,+0.00,-3.12) wp0=(-4.08,+0.15) v=+0.048 ω=-0.221 ok=True iters=9
21:38:39 [INFO] [PROG] s*=2.06/2.20 (93.6%) dist_goal=0.19
21:38:39 [INFO] [MPC] state=(-4.03,+0.00,-3.14) wp0=(-4.09,+0.15) v=+0.047 ω=-0.109 ok=True iters=9
21:38:39 [INFO] [PROG] s*=2.06/2.20 (93.8%) dist_goal=0.18
21:38:39 [INFO] [MPC] state=(-4.04,+0.00,-3.15) wp0=(-4.09,+0.15) v=+0.046 ω=-0.066 ok=True iters=9
21:38:39 [INFO] [PROG] s*=2.07/2.20 (94.0%) dist_goal=0.18
21:38:39 [INFO] [MPC] state=(-4.04,+0.00,-3.16) wp0=(-4.10,+0.15) v=+0.046 ω=-0.042 ok=True iters=9
21:38:39 [INFO] [PROG] s*=2.07/2.20 (94.2%) dist_goal=0.18
21:38:39 [INFO] [MPC] state=(-4.05,+0.00,-3.16) wp0=(-4.10,+0.15) v=+0.045 ω=-0.025 ok=True iters=9
21:38:39 [INFO] [PROG] s*=2.08/2.20 (94.4%) dist_goal=0.17
21:38:39 [INFO] [MPC] state=(-4.05,+0.00,-3.17) wp0=(-4.11,+0.15) v=+0.044 ω=+0.005 ok=True iters=9
21:38:39 [INFO] [PROG] s*=2.08/2.20 (94.6%) dist_goal=0.17
21:38:39 [INFO] [MPC] state=(-4.06,+0.00,-3.17) wp0=(-4.11,+0.15) v=+0.044 ω=+0.178 ok=True iters=9
21:38:39 [INFO] [PROG] s*=2.08/2.20 (94.7%) dist_goal=0.17
21:38:39 [INFO] [MPC] state=(-4.06,+0.00,-3.15) wp0=(-4.11,+0.15) v=+0.043 ω=+0.121 ok=True iters=9
21:38:39 [INFO] [PROG] s*=2.09/2.20 (94.9%) dist_goal=0.17
21:38:39 [INFO] [MPC] state=(-4.06,+0.00,-3.14) wp0=(-4.12,+0.15) v=+0.043 ω=+0.091 ok=True iters=9
21:38:39 [INFO] [PROG] s*=2.09/2.20 (95.1%) dist_goal=0.17
21:38:39 [INFO] [MPC] state=(-4.07,+0.00,-3.13) wp0=(-4.12,+0.15) v=+0.042 ω=+0.061 ok=True iters=9
21:38:39 [ERROR] Error in step()
Traceback (most recent call last):
  File "/home/max/thesis_proj/pybullet2/crowdnav/env.py", line 707, in step
    theta_ref = _make_theta_ref(path_xy, self._theta_ref_prev, k_strong=3, alpha=0.25)
  File "/home/max/thesis_proj/pybullet2/crowdnav/env.py", line 95, in _make_theta_ref
    if theta_prev is not None and len(theta_prev) == len(ref):
UnboundLocalError: local variable 'ref' referenced before assignment
