21:37:01 [INFO] === New MPC Session Started ===
21:37:01 [DEBUG] matplotlib data path: /usr/share/matplotlib/mpl-data
21:37:01 [DEBUG] CONFIGDIR=/home/max/.config/matplotlib
21:37:01 [DEBUG] interactive is False
21:37:01 [DEBUG] platform is linux
21:37:01 [DEBUG] loaded modules: ['sys', 'builtins', '_frozen_importlib', '_imp', '_thread', '_warnings', '_weakref', '_io', 'marshal', 'posix', '_frozen_importlib_external', 'time', 'zipimport', '_codecs', 'codecs', 'encodings.aliases', 'encodings', 'encodings.utf_8', '_signal', '_abc', 'abc', 'io', '__main__', '_stat', 'stat', '_collections_abc', 'genericpath', 'posixpath', 'os.path', 'os', '_sitebuiltins', 'types', 'importlib._bootstrap', 'importlib._bootstrap_external', 'warnings', 'importlib', 'importlib._abc', 'itertools', 'keyword', '_operator', 'operator', 'reprlib', '_collections', 'collections', '_functools', 'functools', 'contextlib', 'importlib.util', 'importlib.machinery', 'mpl_toolkits', 'phply', 'ruamel', 'zope', 'apport_python_hook', 'sitecustomize', 'site', 'crowdnav', 'crowdnav.env', 'gym.error', 'gym.version', 'collections.abc', 'enum', '_sre', 'sre_constants', 'sre_parse', 'sre_compile', '_locale', 'copyreg', 're', 'typing.io', 'typing.re', 'typing', 'numpy._utils._convertions', 'numpy._utils', 'numpy._globals', 'numpy.exceptions', 'numpy.version', 'numpy._distributor_init', 'numpy._utils._inspect', 'math', '_datetime', 'datetime', 'numpy.core._exceptions', 'numpy.dtypes', 'numpy.core._multiarray_umath', 'numpy.core.overrides', 'numpy.core.multiarray', 'numpy.core.umath', 'numbers', 'numpy.core._string_helpers', 'fnmatch', 'ntpath', 'errno', 'urllib', 'ipaddress', 'urllib.parse', 'pathlib', '_struct', 'struct', '_compat_pickle', '_pickle', 'pickle', 'numpy.compat.py3k', 'numpy.compat', 'numpy.core._dtype', 'numpy.core._type_aliases', 'numpy.core.numerictypes', '_contextvars', 'contextvars', 'numpy.core._ufunc_config', 'numpy.core._methods', 'numpy.core.fromnumeric', 'numpy.core.shape_base', 'numpy.core.arrayprint', 'numpy.core._asarray', 'numpy.core.numeric', 'numpy.core.defchararray', 'numpy.core.records', 'numpy.core.memmap', 'numpy.core.function_base', 'numpy.core._machar', 'numpy.core.getlimits', 'numpy.core.einsumfunc', 'numpy.core._multiarray_tests', 'numpy.core._add_newdocs', 'numpy.core._add_newdocs_scalars', 'numpy.core._dtype_ctypes', '_ast', 'ast', '_ctypes', 'ctypes._endian', 'ctypes', 'numpy.core._internal', 'numpy._pytesttester', 'numpy.core', 'numpy.__config__', 'numpy.lib.mixins', 'numpy.lib.ufunclike', 'numpy.lib.type_check', 'numpy.lib.scimath', 'numpy.lib.stride_tricks', 'numpy.lib.twodim_base', 'numpy.linalg._umath_linalg', '__future__', 'numpy._typing._nested_sequence', 'numpy._typing._nbit', 'numpy._typing._char_codes', 'numpy._typing._scalars', 'numpy._typing._shape', 'numpy._typing._dtype_like', 'numpy._typing._array_like', 'numpy._typing', 'numpy.linalg.linalg', 'numpy.linalg', 'numpy.matrixlib.defmatrix', 'numpy.matrixlib', 'numpy.lib.histograms', 'numpy.lib.function_base', 'numpy.lib.index_tricks', 'numpy.lib.nanfunctions', 'numpy.lib.shape_base', 'numpy.lib.polynomial', 'textwrap', 'signal', '_weakrefset', 'threading', 'fcntl', '_posixsubprocess', 'select', 'selectors', 'subprocess', 'platform', 'numpy.lib.utils', 'numpy.lib.arraysetops', 'weakref', 'numpy.lib.format', 'numpy.lib._datasource', 'numpy.lib._iotools', 'numpy.lib.npyio', 'numpy.lib.arrayterator', 'numpy.lib.arraypad', 'numpy.lib._version', 'numpy.lib', 'numpy.fft._pocketfft_internal', 'numpy.fft._pocketfft', 'numpy.fft.helper', 'numpy.fft', 'numpy.polynomial.polyutils', 'numpy.polynomial._polybase', 'numpy.polynomial.polynomial', 'numpy.polynomial.chebyshev', 'numpy.polynomial.legendre', 'numpy.polynomial.hermite', 'numpy.polynomial.hermite_e', 'numpy.polynomial.laguerre', 'numpy.polynomial', 'cython_runtime', '_cython_3_0_8', 'numpy.random._common', 'binascii', 'base64', '_hashlib', '_blake2', 'hashlib', 'hmac', '_bisect', 'bisect', '_random', '_sha512', 'random', 'secrets', 'numpy.random.bit_generator', 'numpy.random._bounded_integers', 'numpy.random._mt19937', 'numpy.random.mtrand', 'numpy.random._philox', 'numpy.random._pcg64', 'numpy.random._sfc64', 'numpy.random._generator', 'numpy.random._pickle', 'numpy.random', 'numpy.ctypeslib', '_opcode', 'opcode', 'dis', 'token', 'tokenize', 'linecache', 'inspect', 'numpy.ma.core', 'numpy.ma.extras', 'numpy.ma', 'numpy', 'gym.utils.colorize', 'gym.utils.ezpickle', 'gym.utils', 'gym.logger', 'gym.utils.seeding', 'gym.spaces.space', 'gym.spaces.box', 'gym.spaces.dict', 'gym.spaces.discrete', 'gym.spaces.multi_discrete', 'gym.spaces.graph', 'gym.spaces.multi_binary', 'gym.spaces.sequence', 'gym.spaces.text', 'gym.spaces.tuple', 'gym.spaces.utils', 'gym.spaces', 'gym.core', 'copy', '_heapq', 'heapq', 'difflib', 'dataclasses', 'cv2.load_config_py3', 'cv2.version', 'numpy._core', 'numpy._core._multiarray_umath', 'cv2.gapi.core', 'cv2.gapi.core.cpu', 'cv2.gapi.core.fluid', 'cv2.gapi.core.ocl', 'cv2.gapi.ie', 'cv2.gapi.ie.detail', 'cv2.gapi.imgproc', 'cv2.gapi.imgproc.fluid', 'cv2.gapi.oak', 'cv2.gapi.onnx', 'cv2.gapi.onnx.ep', 'cv2.gapi.ot', 'cv2.gapi.ot.cpu', 'cv2.gapi.ov', 'cv2.gapi.own', 'cv2.gapi.own.detail', 'cv2.gapi.render', 'cv2.gapi.render.ocv', 'cv2.gapi.streaming', 'cv2.gapi.video', 'cv2.gapi.wip', 'cv2.gapi.wip.draw', 'cv2.gapi.wip.gst', 'cv2.gapi.wip.onevpl', 'cv2.utils.fs', 'cv2.utils.nested', 'cv2.gapi', 'cv2.ogl', 'cv2.data', 'cv2.detail', 'cv2.flann', 'cv2.ml', 'cv2.aruco', 'cv2.qt', 'cv2.utils', 'cv2.typing', 'cv2.samples', 'cv2.barcode', 'cv2.segmentation', 'cv2.ocl', 'cv2.cuda', 'cv2.parallel', 'cv2.dnn', 'cv2.Error', 'cv2.videoio_registry', 'cv2.ipp', 'cv2.fisheye', 'cv2.misc.version', 'cv2.misc', 'cv2.mat_wrapper', 'cv2', 'gym.wrappers.atari_preprocessing', 'gym.wrappers.autoreset', 'gym.wrappers.clip_action', 'gym.wrappers.filter_observation', 'gym.wrappers.flatten_observation', 'gym.wrappers.frame_stack', 'gym.wrappers.gray_scale_observation', 'gym.wrappers.human_rendering', 'gym.wrappers.normalize', 'gym.wrappers.order_enforcing', 'gym.wrappers.record_episode_statistics', 'gym.wrappers.monitoring', '_json', 'json.scanner', 'json.decoder', 'json.encoder', 'json', 'zlib', '_compression', '_bz2', 'bz2', '_lzma', 'lzma', 'shutil', 'tempfile', 'gym.wrappers.monitoring.video_recorder', 'gym.wrappers.record_video', 'gym.wrappers.render_collection', 'gym.wrappers.rescale_action', 'gym.wrappers.resize_observation', 'gym.utils.step_api_compatibility', 'gym.wrappers.step_api_compatibility', 'gym.wrappers.time_aware_observation', 'gym.wrappers.time_limit', 'gym.wrappers.transform_observation', 'gym.wrappers.transform_reward', 'gym.wrappers.vector_list_info', 'gym.wrappers', 'gym.wrappers.compatibility', 'gym.utils.passive_env_checker', 'gym.wrappers.env_checker', '_csv', 'csv', 'email', 'zipfile', 'uu', 'quopri', '_socket', 'array', 'socket', 'locale', 'calendar', 'email._parseaddr', 'email.base64mime', '_string', 'string', 'email.quoprimime', 'email.errors', 'email.encoders', 'email.charset', 'email.utils', 'email.header', 'email._policybase', 'email._encoded_words', 'email.iterators', 'email.message', 'importlib.metadata._functools', 'importlib.metadata._text', 'importlib.metadata._adapters', 'importlib.metadata._meta', 'importlib.metadata._collections', 'importlib.metadata._itertools', 'importlib.abc', 'importlib.metadata', 'gym.envs.registration', 'gym.envs', 'multiprocessing.process', 'multiprocessing.reduction', 'multiprocessing.context', '__mp_main__', 'multiprocessing', 'gym.vector.utils.misc', 'gym.vector.utils.numpy_utils', 'gym.vector.utils.shared_memory', 'gym.vector.utils.spaces', 'gym.vector.utils', 'gym.vector.vector_env', 'gym.vector.async_vector_env', 'gym.vector.sync_vector_env', 'gym.vector', 'gym_notices', 'gym_notices.notices', 'gym', 'pybullet', 'pybullet_data', 'traceback', 'atexit', 'logging', 'crowdnav.logger_setup', 'crowdnav.config', 'crowdnav.kinematics', 'crowdnav.dynamics', 'crowdnav.sensors', 'crowdnav.control', 'crowdnav.control.align', 'crowdnav.control.track', 'crowdnav.planning', 'swig_runtime_data4', 'casadi._casadi', 'casadi.casadi', 'casadi', 'crowdnav.planning.mpc_runner', 'crowdnav.planning.path_mgr', 'crowdnav.utils2', 'crowdnav.utils2.coord', 'crowdnav.planning.path_math', 'crowdnav.utils', 'matplotlib', 'pprint', 'packaging.__about__', 'packaging', 'packaging._structures', 'packaging.version', 'matplotlib._api.deprecation', 'matplotlib._api', 'matplotlib._version', 'gzip', 'shlex', 'matplotlib._c_internal_utils', 'matplotlib.cbook', 'matplotlib.docstring', 'PIL._version', 'PIL', 'PIL.ImageMode', 'PIL.TiffTags', 'PIL._binary', 'PIL._util', 'PIL._imaging', 'PIL.Image', 'PIL.ImageChops', 'PIL.ImageFile', 'PIL.GimpGradientFile', 'PIL.GimpPaletteFile', 'PIL.ImageColor', 'PIL.PaletteFile', 'PIL.ImagePalette', 'PIL.ImageSequence', 'PIL.PngImagePlugin', 'matplotlib._path', 'matplotlib.bezier', 'matplotlib.path', 'matplotlib.transforms', 'matplotlib.ticker', 'matplotlib.scale', 'matplotlib._color_data', 'matplotlib.colors', 'pyparsing', 'matplotlib.fontconfig_pattern', 'matplotlib._enums', 'cycler', 'matplotlib.rcsetup', 'matplotlib.ft2font', 'dateutil._version', 'dateutil', 'kiwisolver']
21:37:01 [DEBUG] CACHEDIR=/home/max/.cache/matplotlib
21:37:01 [DEBUG] Using fontManager instance from /home/max/.cache/matplotlib/fontlist-v330.json
21:37:01 [DEBUG] Loaded backend TkAgg version unknown.
21:37:01 [INFO] CrowdNavPyBulletEnv initializing...
21:37:04 [INFO] World ready | grid: (112, 112), res: 0.1, N=10, T=0.1
21:37:05 [INFO] [PROG] s*=0.00/6.21 (0.0%) dist_goal=5.05
21:37:05 [INFO] [MPC] state=(-1.85,-2.34,-0.83) wp0=(-1.79,-2.41) v=+0.200 ω=-0.905 ok=True iters=6
21:37:05 [INFO] [PROG] s*=0.00/6.21 (0.0%) dist_goal=5.03
21:37:05 [INFO] [MPC] state=(-1.84,-2.35,-0.86) wp0=(-1.79,-2.41) v=+0.200 ω=-1.931 ok=True iters=8
21:37:05 [INFO] [PROG] s*=0.00/6.21 (0.0%) dist_goal=5.02
21:37:05 [INFO] [MPC] state=(-1.83,-2.36,-0.96) wp0=(-1.79,-2.41) v=+0.200 ω=-1.717 ok=True iters=7
21:37:05 [INFO] [PROG] s*=0.02/6.21 (0.3%) dist_goal=5.01
21:37:05 [INFO] [MPC] state=(-1.83,-2.37,-1.05) wp0=(-1.78,-2.42) v=+0.200 ω=-1.120 ok=True iters=8
21:37:05 [INFO] [PROG] s*=0.03/6.21 (0.5%) dist_goal=5.00
21:37:05 [INFO] [MPC] state=(-1.82,-2.39,-1.11) wp0=(-1.77,-2.43) v=+0.200 ω=-1.085 ok=True iters=8
21:37:05 [INFO] [PROG] s*=0.05/6.21 (0.8%) dist_goal=4.98
21:37:05 [INFO] [MPC] state=(-1.81,-2.40,-1.17) wp0=(-1.76,-2.44) v=+0.200 ω=-0.840 ok=True iters=7
21:37:05 [INFO] [PROG] s*=0.07/6.21 (1.1%) dist_goal=4.97
21:37:05 [INFO] [MPC] state=(-1.80,-2.42,-1.22) wp0=(-1.75,-2.46) v=+0.200 ω=-0.283 ok=True iters=8
21:37:05 [INFO] [PROG] s*=0.09/6.21 (1.4%) dist_goal=4.95
21:37:05 [INFO] [MPC] state=(-1.80,-2.44,-1.23) wp0=(-1.75,-2.47) v=+0.200 ω=+0.267 ok=True iters=7
21:37:05 [INFO] [PROG] s*=0.13/6.21 (2.2%) dist_goal=4.94
21:37:05 [INFO] [MPC] state=(-1.79,-2.45,-1.22) wp0=(-1.75,-2.52) v=+0.200 ω=+0.109 ok=True iters=7
21:37:05 [INFO] [PROG] s*=0.15/6.21 (2.5%) dist_goal=4.93
21:37:05 [INFO] [MPC] state=(-1.78,-2.47,-1.21) wp0=(-1.75,-2.54) v=+0.200 ω=+0.300 ok=True iters=7
21:37:05 [INFO] [PROG] s*=0.17/6.21 (2.8%) dist_goal=4.91
21:37:05 [INFO] [MPC] state=(-1.78,-2.49,-1.19) wp0=(-1.74,-2.56) v=+0.200 ω=+0.123 ok=True iters=7
21:37:05 [INFO] [PROG] s*=0.19/6.21 (3.0%) dist_goal=4.90
21:37:05 [INFO] [MPC] state=(-1.77,-2.51,-1.18) wp0=(-1.73,-2.57) v=+0.200 ω=-0.239 ok=True iters=7
21:37:05 [INFO] [PROG] s*=0.21/6.21 (3.3%) dist_goal=4.88
21:37:05 [INFO] [MPC] state=(-1.76,-2.53,-1.19) wp0=(-1.72,-2.58) v=+0.200 ω=-0.269 ok=True iters=7
21:37:05 [INFO] [PROG] s*=0.22/6.21 (3.6%) dist_goal=4.87
21:37:05 [INFO] [MPC] state=(-1.75,-2.55,-1.21) wp0=(-1.71,-2.59) v=+0.200 ω=-0.299 ok=True iters=7
21:37:05 [INFO] [PROG] s*=0.24/6.21 (3.9%) dist_goal=4.85
21:37:05 [INFO] [MPC] state=(-1.75,-2.56,-1.23) wp0=(-1.69,-2.61) v=+0.200 ω=-0.222 ok=True iters=7
21:37:05 [INFO] [PROG] s*=0.26/6.21 (4.2%) dist_goal=4.84
21:37:05 [INFO] [MPC] state=(-1.74,-2.58,-1.25) wp0=(-1.68,-2.62) v=+0.200 ω=-0.261 ok=True iters=7
21:37:05 [INFO] [PROG] s*=0.28/6.21 (4.4%) dist_goal=4.83
21:37:05 [INFO] [MPC] state=(-1.73,-2.60,-1.27) wp0=(-1.67,-2.63) v=+0.200 ω=-0.539 ok=True iters=8
21:37:05 [INFO] [PROG] s*=0.29/6.21 (4.7%) dist_goal=4.81
21:37:05 [INFO] [MPC] state=(-1.73,-2.62,-1.30) wp0=(-1.66,-2.64) v=+0.200 ω=-0.385 ok=True iters=8
21:37:05 [INFO] [PROG] s*=0.31/6.21 (5.0%) dist_goal=4.80
21:37:05 [INFO] [MPC] state=(-1.72,-2.64,-1.32) wp0=(-1.65,-2.65) v=+0.200 ω=-0.381 ok=True iters=8
21:37:05 [INFO] [PROG] s*=0.33/6.21 (5.2%) dist_goal=4.79
21:37:05 [INFO] [MPC] state=(-1.72,-2.66,-1.35) wp0=(-1.63,-2.67) v=+0.200 ω=-0.371 ok=True iters=8
21:37:05 [INFO] [PROG] s*=0.34/6.21 (5.5%) dist_goal=4.78
21:37:05 [INFO] [MPC] state=(-1.72,-2.68,-1.37) wp0=(-1.62,-2.68) v=+0.200 ω=-0.705 ok=True iters=8
21:37:05 [INFO] [PROG] s*=0.35/6.21 (5.7%) dist_goal=4.77
21:37:05 [INFO] [MPC] state=(-1.71,-2.69,-1.41) wp0=(-1.61,-2.69) v=+0.200 ω=-1.015 ok=True iters=8
21:37:05 [INFO] [PROG] s*=0.37/6.21 (5.9%) dist_goal=4.76
21:37:05 [INFO] [MPC] state=(-1.71,-2.71,-1.47) wp0=(-1.61,-2.69) v=+0.200 ω=-1.073 ok=True iters=7
21:37:05 [INFO] [PROG] s*=0.38/6.21 (6.1%) dist_goal=4.76
21:37:05 [INFO] [MPC] state=(-1.71,-2.73,-1.53) wp0=(-1.60,-2.70) v=+0.200 ω=-1.033 ok=True iters=8
21:37:05 [INFO] [PROG] s*=0.39/6.21 (6.3%) dist_goal=4.75
21:37:05 [INFO] [MPC] state=(-1.71,-2.74,-1.59) wp0=(-1.59,-2.71) v=+0.200 ω=-0.940 ok=True iters=8
21:37:05 [INFO] [PROG] s*=0.40/6.21 (6.4%) dist_goal=4.75
21:37:05 [INFO] [MPC] state=(-1.71,-2.76,-1.65) wp0=(-1.58,-2.72) v=+0.200 ω=-0.717 ok=True iters=8
21:37:05 [INFO] [PROG] s*=0.41/6.21 (6.6%) dist_goal=4.74
21:37:05 [INFO] [MPC] state=(-1.71,-2.78,-1.69) wp0=(-1.57,-2.73) v=+0.200 ω=-0.657 ok=True iters=8
21:37:05 [INFO] [PROG] s*=0.42/6.21 (6.8%) dist_goal=4.74
21:37:05 [INFO] [MPC] state=(-1.71,-2.80,-1.73) wp0=(-1.57,-2.73) v=+0.200 ω=-0.510 ok=True iters=8
21:37:05 [INFO] [PROG] s*=0.58/6.21 (9.3%) dist_goal=4.73
21:37:05 [INFO] [MPC] state=(-1.72,-2.82,-1.76) wp0=(-1.55,-2.88) v=+0.200 ω=-0.241 ok=True iters=8
21:37:05 [INFO] [PROG] s*=0.60/6.21 (9.6%) dist_goal=4.73
21:37:05 [INFO] [MPC] state=(-1.72,-2.83,-1.77) wp0=(-1.55,-2.90) v=+0.200 ω=+0.194 ok=True iters=7
21:37:05 [INFO] [PROG] s*=0.62/6.21 (9.9%) dist_goal=4.72
21:37:05 [INFO] [MPC] state=(-1.72,-2.85,-1.76) wp0=(-1.55,-2.92) v=+0.200 ω=+0.203 ok=True iters=7
21:37:05 [INFO] [PROG] s*=0.64/6.21 (10.3%) dist_goal=4.72
21:37:05 [INFO] [MPC] state=(-1.73,-2.87,-1.74) wp0=(-1.55,-2.94) v=+0.200 ω=+0.212 ok=True iters=7
21:37:05 [INFO] [PROG] s*=0.66/6.21 (10.6%) dist_goal=4.72
21:37:05 [INFO] [MPC] state=(-1.73,-2.89,-1.73) wp0=(-1.55,-2.96) v=+0.200 ω=+0.197 ok=True iters=7
21:37:05 [INFO] [PROG] s*=0.68/6.21 (10.9%) dist_goal=4.71
21:37:05 [INFO] [MPC] state=(-1.73,-2.91,-1.71) wp0=(-1.55,-2.98) v=+0.200 ω=+0.516 ok=True iters=7
21:37:05 [INFO] [PROG] s*=0.69/6.21 (11.2%) dist_goal=4.71
21:37:05 [INFO] [MPC] state=(-1.74,-2.93,-1.68) wp0=(-1.55,-3.00) v=+0.200 ω=+0.448 ok=True iters=7
21:37:05 [INFO] [PROG] s*=0.71/6.21 (11.4%) dist_goal=4.70
21:37:05 [INFO] [MPC] state=(-1.74,-2.95,-1.65) wp0=(-1.55,-3.02) v=+0.200 ω=+0.720 ok=True iters=7
21:37:05 [INFO] [PROG] s*=0.73/6.21 (11.7%) dist_goal=4.70
21:37:05 [INFO] [MPC] state=(-1.74,-2.97,-1.62) wp0=(-1.55,-3.03) v=+0.200 ω=+0.609 ok=True iters=7
21:37:05 [INFO] [PROG] s*=0.75/6.21 (12.0%) dist_goal=4.69
21:37:05 [INFO] [MPC] state=(-1.74,-2.98,-1.58) wp0=(-1.55,-3.05) v=+0.200 ω=+0.531 ok=True iters=8
21:37:05 [INFO] [PROG] s*=0.76/6.21 (12.3%) dist_goal=4.68
21:37:05 [INFO] [MPC] state=(-1.74,-3.00,-1.56) wp0=(-1.55,-3.07) v=+0.200 ω=+0.463 ok=True iters=8
21:37:05 [INFO] [PROG] s*=0.78/6.21 (12.6%) dist_goal=4.68
21:37:05 [INFO] [MPC] state=(-1.74,-3.02,-1.53) wp0=(-1.55,-3.09) v=+0.200 ω=+0.690 ok=True iters=8
21:37:05 [INFO] [PROG] s*=0.80/6.21 (12.9%) dist_goal=4.67
21:37:05 [INFO] [MPC] state=(-1.74,-3.04,-1.50) wp0=(-1.55,-3.11) v=+0.200 ω=+0.586 ok=True iters=8
21:37:05 [INFO] [PROG] s*=0.82/6.21 (13.2%) dist_goal=4.66
21:37:05 [INFO] [MPC] state=(-1.74,-3.06,-1.46) wp0=(-1.55,-3.12) v=+0.200 ω=+0.452 ok=True iters=8
21:37:05 [INFO] [PROG] s*=0.84/6.21 (13.5%) dist_goal=4.65
21:37:05 [INFO] [MPC] state=(-1.73,-3.07,-1.44) wp0=(-1.55,-3.14) v=+0.200 ω=+0.378 ok=True iters=8
21:37:05 [INFO] [PROG] s*=0.86/6.21 (13.8%) dist_goal=4.64
21:37:05 [INFO] [MPC] state=(-1.73,-3.09,-1.41) wp0=(-1.55,-3.16) v=+0.200 ω=+0.244 ok=True iters=8
21:37:05 [INFO] [PROG] s*=0.87/6.21 (14.1%) dist_goal=4.63
21:37:05 [INFO] [MPC] state=(-1.73,-3.11,-1.39) wp0=(-1.55,-3.18) v=+0.200 ω=+0.643 ok=True iters=8
21:37:05 [INFO] [PROG] s*=0.89/6.21 (14.4%) dist_goal=4.62
21:37:05 [INFO] [MPC] state=(-1.73,-3.13,-1.36) wp0=(-1.55,-3.20) v=+0.200 ω=+0.463 ok=True iters=9
21:37:05 [INFO] [PROG] s*=0.91/6.21 (14.6%) dist_goal=4.61
21:37:05 [INFO] [MPC] state=(-1.72,-3.15,-1.33) wp0=(-1.55,-3.22) v=+0.200 ω=+0.397 ok=True iters=9
21:37:05 [INFO] [PROG] s*=0.93/6.21 (14.9%) dist_goal=4.60
21:37:05 [INFO] [MPC] state=(-1.72,-3.17,-1.30) wp0=(-1.55,-3.23) v=+0.200 ω=+0.239 ok=True iters=10
21:37:05 [INFO] [PROG] s*=0.94/6.21 (15.2%) dist_goal=4.59
21:37:05 [INFO] [MPC] state=(-1.71,-3.18,-1.29) wp0=(-1.55,-3.25) v=+0.200 ω=+1.141 ok=True iters=7
21:37:05 [INFO] [PROG] s*=0.95/6.21 (15.4%) dist_goal=4.58
21:37:05 [INFO] [MPC] state=(-1.71,-3.20,-1.23) wp0=(-1.55,-3.26) v=+0.200 ω=+1.970 ok=True iters=7
21:37:05 [INFO] [PROG] s*=0.97/6.21 (15.5%) dist_goal=4.57
21:37:05 [INFO] [MPC] state=(-1.70,-3.21,-1.12) wp0=(-1.55,-3.27) v=+0.200 ω=+1.895 ok=True iters=8
21:37:06 [INFO] [PROG] s*=0.98/6.21 (15.7%) dist_goal=4.56
21:37:06 [INFO] [MPC] state=(-1.70,-3.22,-1.02) wp0=(-1.55,-3.28) v=+0.200 ω=+1.826 ok=True iters=7
21:37:06 [INFO] [PROG] s*=0.99/6.21 (15.9%) dist_goal=4.55
21:37:06 [INFO] [MPC] state=(-1.69,-3.23,-0.92) wp0=(-1.55,-3.29) v=+0.200 ω=+1.318 ok=True iters=8
21:37:06 [INFO] [PROG] s*=1.00/6.21 (16.1%) dist_goal=4.54
21:37:06 [INFO] [MPC] state=(-1.68,-3.24,-0.85) wp0=(-1.55,-3.30) v=+0.200 ω=+1.271 ok=True iters=8
21:37:06 [INFO] [PROG] s*=1.01/6.21 (16.2%) dist_goal=4.52
21:37:06 [INFO] [MPC] state=(-1.67,-3.25,-0.78) wp0=(-1.55,-3.31) v=+0.200 ω=+1.260 ok=True iters=7
21:37:06 [INFO] [PROG] s*=1.02/6.21 (16.4%) dist_goal=4.51
21:37:06 [INFO] [MPC] state=(-1.66,-3.26,-0.71) wp0=(-1.55,-3.32) v=+0.200 ω=+0.774 ok=True iters=8
21:37:06 [INFO] [PROG] s*=1.03/6.21 (16.6%) dist_goal=4.49
21:37:06 [INFO] [MPC] state=(-1.64,-3.27,-0.66) wp0=(-1.55,-3.34) v=+0.200 ω=+0.559 ok=True iters=8
21:37:06 [INFO] [PROG] s*=1.04/6.21 (16.8%) dist_goal=4.47
21:37:06 [INFO] [MPC] state=(-1.63,-3.29,-0.63) wp0=(-1.55,-3.35) v=+0.200 ω=+0.383 ok=True iters=7
21:37:06 [INFO] [PROG] s*=1.05/6.21 (16.9%) dist_goal=4.45
21:37:06 [INFO] [MPC] state=(-1.61,-3.30,-0.60) wp0=(-1.54,-3.35) v=+0.200 ω=+0.220 ok=True iters=8
21:37:06 [INFO] [PROG] s*=1.06/6.21 (17.1%) dist_goal=4.43
21:37:06 [INFO] [MPC] state=(-1.60,-3.31,-0.59) wp0=(-1.53,-3.35) v=+0.200 ω=+0.103 ok=True iters=8
21:37:06 [INFO] [PROG] s*=1.07/6.21 (17.3%) dist_goal=4.42
21:37:06 [INFO] [MPC] state=(-1.58,-3.32,-0.58) wp0=(-1.52,-3.35) v=+0.200 ω=-0.004 ok=True iters=7
21:37:06 [INFO] [PROG] s*=1.09/6.21 (17.5%) dist_goal=4.40
21:37:06 [INFO] [MPC] state=(-1.56,-3.33,-0.58) wp0=(-1.51,-3.35) v=+0.200 ω=-0.054 ok=True iters=7
21:37:06 [INFO] [PROG] s*=1.11/6.21 (17.9%) dist_goal=4.38
21:37:06 [INFO] [MPC] state=(-1.55,-3.34,-0.58) wp0=(-1.48,-3.35) v=+0.200 ω=+0.003 ok=True iters=7
21:37:06 [INFO] [PROG] s*=1.13/6.21 (18.2%) dist_goal=4.36
21:37:06 [INFO] [MPC] state=(-1.53,-3.35,-0.58) wp0=(-1.46,-3.35) v=+0.200 ω=+0.022 ok=True iters=7
21:37:06 [INFO] [PROG] s*=1.15/6.21 (18.5%) dist_goal=4.34
21:37:06 [INFO] [MPC] state=(-1.51,-3.36,-0.58) wp0=(-1.45,-3.35) v=+0.200 ω=+0.117 ok=True iters=7
21:37:06 [INFO] [PROG] s*=1.17/6.21 (18.8%) dist_goal=4.32
21:37:06 [INFO] [MPC] state=(-1.50,-3.38,-0.57) wp0=(-1.43,-3.35) v=+0.200 ω=+0.165 ok=True iters=7
21:37:06 [INFO] [PROG] s*=1.18/6.21 (19.0%) dist_goal=4.30
21:37:06 [INFO] [MPC] state=(-1.48,-3.39,-0.55) wp0=(-1.41,-3.35) v=+0.200 ω=+0.085 ok=True iters=7
21:37:06 [INFO] [PROG] s*=1.20/6.21 (19.3%) dist_goal=4.28
21:37:06 [INFO] [MPC] state=(-1.46,-3.40,-0.55) wp0=(-1.39,-3.35) v=+0.200 ω=+0.308 ok=True iters=7
21:37:06 [INFO] [PROG] s*=1.22/6.21 (19.6%) dist_goal=4.26
21:37:06 [INFO] [MPC] state=(-1.44,-3.41,-0.52) wp0=(-1.38,-3.35) v=+0.200 ω=+0.281 ok=True iters=7
21:37:06 [INFO] [PROG] s*=1.23/6.21 (19.8%) dist_goal=4.24
21:37:06 [INFO] [MPC] state=(-1.43,-3.42,-0.50) wp0=(-1.36,-3.35) v=+0.200 ω=+0.325 ok=True iters=7
21:37:06 [INFO] [PROG] s*=1.25/6.21 (20.1%) dist_goal=4.22
21:37:06 [INFO] [MPC] state=(-1.41,-3.43,-0.48) wp0=(-1.34,-3.35) v=+0.200 ω=+0.348 ok=True iters=7
21:37:06 [INFO] [PROG] s*=1.27/6.21 (20.4%) dist_goal=4.20
21:37:06 [INFO] [MPC] state=(-1.39,-3.43,-0.46) wp0=(-1.33,-3.35) v=+0.200 ω=+0.326 ok=True iters=7
21:37:06 [INFO] [PROG] s*=1.29/6.21 (20.7%) dist_goal=4.18
21:37:06 [INFO] [MPC] state=(-1.38,-3.44,-0.44) wp0=(-1.31,-3.35) v=+0.200 ω=+0.309 ok=True iters=7
21:37:06 [INFO] [PROG] s*=1.30/6.21 (21.0%) dist_goal=4.17
21:37:06 [INFO] [MPC] state=(-1.36,-3.45,-0.42) wp0=(-1.29,-3.35) v=+0.200 ω=+0.364 ok=True iters=7
21:37:06 [INFO] [PROG] s*=1.32/6.21 (21.2%) dist_goal=4.15
21:37:06 [INFO] [MPC] state=(-1.34,-3.46,-0.39) wp0=(-1.27,-3.35) v=+0.200 ω=+0.405 ok=True iters=7
21:37:06 [INFO] [PROG] s*=1.34/6.21 (21.5%) dist_goal=4.13
21:37:06 [INFO] [MPC] state=(-1.32,-3.47,-0.37) wp0=(-1.26,-3.35) v=+0.200 ω=+0.424 ok=True iters=7
21:37:06 [INFO] [PROG] s*=1.35/6.21 (21.8%) dist_goal=4.11
21:37:06 [INFO] [MPC] state=(-1.31,-3.47,-0.34) wp0=(-1.24,-3.35) v=+0.200 ω=+0.794 ok=True iters=7
21:37:06 [INFO] [PROG] s*=1.37/6.21 (22.1%) dist_goal=4.09
21:37:06 [INFO] [MPC] state=(-1.29,-3.48,-0.30) wp0=(-1.22,-3.35) v=+0.200 ω=+0.735 ok=True iters=7
21:37:06 [INFO] [PROG] s*=1.39/6.21 (22.4%) dist_goal=4.07
21:37:06 [INFO] [MPC] state=(-1.27,-3.48,-0.25) wp0=(-1.20,-3.35) v=+0.200 ω=+0.318 ok=True iters=7
21:37:06 [INFO] [PROG] s*=1.41/6.21 (22.7%) dist_goal=4.05
21:37:06 [INFO] [MPC] state=(-1.25,-3.49,-0.23) wp0=(-1.19,-3.35) v=+0.200 ω=+0.287 ok=True iters=7
21:37:06 [INFO] [PROG] s*=1.43/6.21 (23.0%) dist_goal=4.04
21:37:06 [INFO] [MPC] state=(-1.24,-3.49,-0.21) wp0=(-1.17,-3.35) v=+0.200 ω=+0.312 ok=True iters=7
21:37:06 [INFO] [PROG] s*=1.45/6.21 (23.3%) dist_goal=4.02
21:37:06 [INFO] [MPC] state=(-1.22,-3.50,-0.19) wp0=(-1.15,-3.35) v=+0.200 ω=+0.328 ok=True iters=7
21:37:06 [INFO] [PROG] s*=1.46/6.21 (23.5%) dist_goal=4.00
21:37:06 [INFO] [MPC] state=(-1.20,-3.50,-0.17) wp0=(-1.13,-3.35) v=+0.200 ω=+0.774 ok=True iters=7
21:37:06 [INFO] [PROG] s*=1.48/6.21 (23.8%) dist_goal=3.98
21:37:06 [INFO] [MPC] state=(-1.18,-3.50,-0.12) wp0=(-1.11,-3.35) v=+0.200 ω=+0.719 ok=True iters=7
21:37:06 [INFO] [PROG] s*=1.50/6.21 (24.1%) dist_goal=3.97
21:37:06 [INFO] [MPC] state=(-1.16,-3.50,-0.08) wp0=(-1.10,-3.35) v=+0.200 ω=+0.947 ok=True iters=7
21:37:06 [INFO] [PROG] s*=1.52/6.21 (24.4%) dist_goal=3.95
21:37:06 [INFO] [MPC] state=(-1.15,-3.50,-0.03) wp0=(-1.08,-3.35) v=+0.200 ω=+0.320 ok=True iters=7
21:37:06 [INFO] [PROG] s*=1.53/6.21 (24.7%) dist_goal=3.93
21:37:06 [INFO] [MPC] state=(-1.13,-3.51,-0.01) wp0=(-1.06,-3.35) v=+0.200 ω=+0.588 ok=True iters=7
21:37:06 [INFO] [PROG] s*=1.55/6.21 (25.0%) dist_goal=3.91
21:37:06 [INFO] [MPC] state=(-1.11,-3.51,+0.02) wp0=(-1.04,-3.35) v=+0.200 ω=+0.530 ok=True iters=7
21:37:06 [INFO] [PROG] s*=1.57/6.21 (25.3%) dist_goal=3.90
21:37:06 [INFO] [MPC] state=(-1.09,-3.50,+0.05) wp0=(-1.03,-3.35) v=+0.200 ω=+0.458 ok=True iters=7
21:37:06 [INFO] [PROG] s*=1.59/6.21 (25.6%) dist_goal=3.88
21:37:06 [INFO] [MPC] state=(-1.08,-3.50,+0.07) wp0=(-1.01,-3.35) v=+0.200 ω=+0.266 ok=True iters=7
21:37:06 [INFO] [PROG] s*=1.61/6.21 (25.9%) dist_goal=3.86
21:37:06 [INFO] [MPC] state=(-1.06,-3.50,+0.09) wp0=(-0.99,-3.35) v=+0.200 ω=+0.218 ok=True iters=7
21:37:06 [INFO] [PROG] s*=1.63/6.21 (26.2%) dist_goal=3.84
21:37:06 [INFO] [MPC] state=(-1.04,-3.50,+0.10) wp0=(-0.97,-3.35) v=+0.200 ω=+0.166 ok=True iters=7
21:37:06 [INFO] [PROG] s*=1.65/6.21 (26.5%) dist_goal=3.82
21:37:06 [INFO] [MPC] state=(-1.02,-3.50,+0.12) wp0=(-0.95,-3.35) v=+0.200 ω=+0.107 ok=True iters=7
21:37:06 [INFO] [PROG] s*=1.67/6.21 (26.8%) dist_goal=3.81
21:37:06 [INFO] [MPC] state=(-1.00,-3.50,+0.13) wp0=(-0.93,-3.35) v=+0.200 ω=+0.327 ok=True iters=7
21:37:06 [INFO] [PROG] s*=1.69/6.21 (27.1%) dist_goal=3.79
21:37:06 [INFO] [MPC] state=(-0.98,-3.49,+0.15) wp0=(-0.91,-3.35) v=+0.200 ω=-0.295 ok=True iters=7
21:37:06 [INFO] [PROG] s*=1.71/6.21 (27.4%) dist_goal=3.77
21:37:06 [INFO] [MPC] state=(-0.96,-3.49,+0.13) wp0=(-0.89,-3.35) v=+0.200 ω=-0.280 ok=True iters=7
21:37:06 [INFO] [PROG] s*=1.72/6.21 (27.7%) dist_goal=3.76
21:37:06 [INFO] [MPC] state=(-0.94,-3.49,+0.11) wp0=(-0.87,-3.35) v=+0.200 ω=-0.549 ok=True iters=7
21:37:06 [INFO] [PROG] s*=1.74/6.21 (28.1%) dist_goal=3.74
21:37:06 [INFO] [MPC] state=(-0.92,-3.49,+0.08) wp0=(-0.85,-3.35) v=+0.200 ω=-0.486 ok=True iters=7
21:37:06 [INFO] [PROG] s*=1.76/6.21 (28.4%) dist_goal=3.72
21:37:06 [INFO] [MPC] state=(-0.90,-3.48,+0.05) wp0=(-0.83,-3.35) v=+0.200 ω=-0.263 ok=True iters=7
21:37:06 [INFO] [PROG] s*=1.78/6.21 (28.7%) dist_goal=3.70
21:37:06 [INFO] [MPC] state=(-0.88,-3.48,+0.03) wp0=(-0.81,-3.35) v=+0.200 ω=-0.223 ok=True iters=7
21:37:06 [INFO] [PROG] s*=1.80/6.21 (29.0%) dist_goal=3.68
21:37:06 [INFO] [MPC] state=(-0.86,-3.48,+0.01) wp0=(-0.79,-3.35) v=+0.200 ω=-0.191 ok=True iters=7
21:37:06 [INFO] [PROG] s*=1.82/6.21 (29.3%) dist_goal=3.66
21:37:06 [INFO] [MPC] state=(-0.84,-3.48,-0.01) wp0=(-0.77,-3.35) v=+0.200 ω=-0.150 ok=True iters=7
21:37:06 [INFO] [PROG] s*=1.84/6.21 (29.7%) dist_goal=3.64
21:37:06 [INFO] [MPC] state=(-0.82,-3.48,-0.02) wp0=(-0.75,-3.35) v=+0.200 ω=-0.120 ok=True iters=7
21:37:06 [INFO] [PROG] s*=1.86/6.21 (30.0%) dist_goal=3.62
21:37:06 [INFO] [MPC] state=(-0.80,-3.48,-0.03) wp0=(-0.73,-3.35) v=+0.200 ω=-0.094 ok=True iters=7
21:37:06 [INFO] [PROG] s*=1.88/6.21 (30.3%) dist_goal=3.60
21:37:06 [INFO] [MPC] state=(-0.78,-3.48,-0.04) wp0=(-0.71,-3.35) v=+0.200 ω=-0.069 ok=True iters=7
21:37:06 [INFO] [PROG] s*=1.90/6.21 (30.6%) dist_goal=3.58
21:37:06 [INFO] [MPC] state=(-0.76,-3.49,-0.05) wp0=(-0.69,-3.35) v=+0.200 ω=-0.051 ok=True iters=7
21:37:06 [INFO] [PROG] s*=1.92/6.21 (31.0%) dist_goal=3.57
21:37:06 [INFO] [MPC] state=(-0.74,-3.49,-0.05) wp0=(-0.67,-3.35) v=+0.200 ω=-0.121 ok=True iters=7
21:37:06 [INFO] [PROG] s*=1.94/6.21 (31.3%) dist_goal=3.55
21:37:06 [INFO] [MPC] state=(-0.72,-3.49,-0.06) wp0=(-0.65,-3.35) v=+0.200 ω=-0.087 ok=True iters=7
21:37:06 [INFO] [PROG] s*=1.96/6.21 (31.6%) dist_goal=3.53
21:37:06 [INFO] [MPC] state=(-0.70,-3.49,-0.07) wp0=(-0.63,-3.35) v=+0.200 ω=-0.056 ok=True iters=7
21:37:06 [INFO] [PROG] s*=1.98/6.21 (31.9%) dist_goal=3.51
21:37:06 [INFO] [MPC] state=(-0.68,-3.49,-0.08) wp0=(-0.61,-3.35) v=+0.200 ω=-0.035 ok=True iters=7
21:37:06 [INFO] [PROG] s*=2.00/6.21 (32.3%) dist_goal=3.49
21:37:06 [INFO] [MPC] state=(-0.66,-3.49,-0.08) wp0=(-0.59,-3.35) v=+0.200 ω=-0.019 ok=True iters=7
21:37:06 [INFO] [PROG] s*=2.02/6.21 (32.6%) dist_goal=3.47
21:37:06 [INFO] [MPC] state=(-0.64,-3.49,-0.08) wp0=(-0.57,-3.35) v=+0.200 ω=-0.008 ok=True iters=7
21:37:06 [INFO] [PROG] s*=2.04/6.21 (32.9%) dist_goal=3.45
21:37:06 [INFO] [MPC] state=(-0.62,-3.50,-0.08) wp0=(-0.55,-3.35) v=+0.200 ω=-0.278 ok=True iters=7
21:37:06 [INFO] [PROG] s*=2.06/6.21 (33.2%) dist_goal=3.43
21:37:06 [INFO] [MPC] state=(-0.60,-3.50,-0.10) wp0=(-0.53,-3.35) v=+0.200 ω=-0.212 ok=True iters=7
21:37:06 [INFO] [PROG] s*=2.08/6.21 (33.5%) dist_goal=3.41
21:37:06 [INFO] [MPC] state=(-0.58,-3.50,-0.12) wp0=(-0.51,-3.35) v=+0.200 ω=+0.256 ok=True iters=7
21:37:06 [INFO] [PROG] s*=2.10/6.21 (33.8%) dist_goal=3.39
21:37:06 [INFO] [MPC] state=(-0.56,-3.50,-0.10) wp0=(-0.49,-3.35) v=+0.200 ω=+0.212 ok=True iters=7
21:37:06 [INFO] [PROG] s*=2.12/6.21 (34.2%) dist_goal=3.37
21:37:06 [INFO] [MPC] state=(-0.54,-3.50,-0.08) wp0=(-0.47,-3.35) v=+0.200 ω=+0.114 ok=True iters=7
21:37:06 [INFO] [PROG] s*=2.14/6.21 (34.5%) dist_goal=3.35
21:37:06 [INFO] [MPC] state=(-0.52,-3.50,-0.07) wp0=(-0.45,-3.35) v=+0.200 ω=+0.087 ok=True iters=7
21:37:06 [INFO] [PROG] s*=2.16/6.21 (34.8%) dist_goal=3.33
21:37:06 [INFO] [MPC] state=(-0.50,-3.51,-0.06) wp0=(-0.43,-3.35) v=+0.200 ω=+0.236 ok=True iters=7
21:37:06 [INFO] [PROG] s*=2.18/6.21 (35.1%) dist_goal=3.31
21:37:06 [INFO] [MPC] state=(-0.48,-3.51,-0.05) wp0=(-0.41,-3.35) v=+0.200 ω=+0.192 ok=True iters=7
21:37:06 [INFO] [PROG] s*=2.20/6.21 (35.4%) dist_goal=3.30
21:37:06 [INFO] [MPC] state=(-0.46,-3.51,-0.03) wp0=(-0.39,-3.35) v=+0.200 ω=+0.277 ok=True iters=7
21:37:06 [INFO] [PROG] s*=2.22/6.21 (35.7%) dist_goal=3.28
21:37:06 [INFO] [MPC] state=(-0.44,-3.51,-0.01) wp0=(-0.37,-3.35) v=+0.200 ω=+0.372 ok=True iters=7
21:37:06 [INFO] [PROG] s*=2.24/6.21 (36.0%) dist_goal=3.26
21:37:06 [INFO] [MPC] state=(-0.42,-3.51,+0.01) wp0=(-0.35,-3.35) v=+0.200 ω=+0.299 ok=True iters=7
21:37:06 [INFO] [PROG] s*=2.26/6.21 (36.4%) dist_goal=3.24
21:37:06 [INFO] [MPC] state=(-0.40,-3.51,+0.02) wp0=(-0.33,-3.35) v=+0.200 ω=+0.186 ok=True iters=7
21:37:06 [INFO] [PROG] s*=2.28/6.21 (36.7%) dist_goal=3.22
21:37:06 [INFO] [MPC] state=(-0.38,-3.51,+0.04) wp0=(-0.31,-3.35) v=+0.200 ω=+0.136 ok=True iters=7
21:37:06 [INFO] [PROG] s*=2.30/6.21 (37.0%) dist_goal=3.21
21:37:06 [INFO] [MPC] state=(-0.36,-3.51,+0.05) wp0=(-0.29,-3.35) v=+0.200 ω=+0.102 ok=True iters=7
21:37:06 [INFO] [PROG] s*=2.32/6.21 (37.3%) dist_goal=3.19
21:37:06 [INFO] [MPC] state=(-0.34,-3.51,+0.06) wp0=(-0.27,-3.35) v=+0.200 ω=+0.111 ok=True iters=7
21:37:06 [INFO] [PROG] s*=2.34/6.21 (37.7%) dist_goal=3.17
21:37:06 [INFO] [MPC] state=(-0.32,-3.50,+0.07) wp0=(-0.25,-3.35) v=+0.200 ω=+0.036 ok=True iters=7
21:37:06 [INFO] [PROG] s*=2.36/6.21 (38.0%) dist_goal=3.15
21:37:06 [INFO] [MPC] state=(-0.30,-3.50,+0.07) wp0=(-0.23,-3.35) v=+0.200 ω=-0.235 ok=True iters=7
21:37:06 [INFO] [PROG] s*=2.38/6.21 (38.3%) dist_goal=3.13
21:37:06 [INFO] [MPC] state=(-0.28,-3.50,+0.05) wp0=(-0.21,-3.35) v=+0.200 ω=-0.207 ok=True iters=7
21:37:06 [INFO] [PROG] s*=2.40/6.21 (38.6%) dist_goal=3.11
21:37:06 [INFO] [MPC] state=(-0.26,-3.50,+0.04) wp0=(-0.19,-3.35) v=+0.200 ω=-0.214 ok=True iters=7
21:37:06 [INFO] [PROG] s*=2.42/6.21 (38.9%) dist_goal=3.10
21:37:06 [INFO] [MPC] state=(-0.24,-3.50,+0.02) wp0=(-0.17,-3.35) v=+0.200 ω=-0.106 ok=True iters=7
21:37:06 [INFO] [PROG] s*=2.44/6.21 (39.3%) dist_goal=3.08
21:37:06 [INFO] [MPC] state=(-0.22,-3.50,+0.01) wp0=(-0.15,-3.35) v=+0.200 ω=-0.285 ok=True iters=7
21:37:06 [INFO] [PROG] s*=2.46/6.21 (39.6%) dist_goal=3.06
21:37:06 [INFO] [MPC] state=(-0.20,-3.50,-0.01) wp0=(-0.13,-3.35) v=+0.200 ω=-0.221 ok=True iters=7
21:37:06 [INFO] [PROG] s*=2.48/6.21 (39.9%) dist_goal=3.04
21:37:06 [INFO] [MPC] state=(-0.18,-3.50,-0.03) wp0=(-0.12,-3.35) v=+0.200 ω=-0.271 ok=True iters=7
21:37:06 [INFO] [PROG] s*=2.50/6.21 (40.2%) dist_goal=3.02
21:37:06 [INFO] [MPC] state=(-0.17,-3.50,-0.05) wp0=(-0.10,-3.35) v=+0.200 ω=-0.221 ok=True iters=7
21:37:06 [INFO] [PROG] s*=2.52/6.21 (40.5%) dist_goal=3.00
21:37:06 [INFO] [MPC] state=(-0.15,-3.50,-0.06) wp0=(-0.08,-3.35) v=+0.200 ω=-0.204 ok=True iters=7
21:37:06 [INFO] [PROG] s*=2.54/6.21 (40.9%) dist_goal=2.98
21:37:06 [INFO] [MPC] state=(-0.13,-3.50,-0.08) wp0=(-0.06,-3.35) v=+0.200 ω=-0.141 ok=True iters=7
21:37:06 [INFO] [PROG] s*=2.56/6.21 (41.2%) dist_goal=2.96
21:37:06 [INFO] [MPC] state=(-0.11,-3.51,-0.09) wp0=(-0.04,-3.35) v=+0.200 ω=-0.208 ok=True iters=7
21:37:06 [INFO] [PROG] s*=2.58/6.21 (41.5%) dist_goal=2.95
21:37:06 [INFO] [MPC] state=(-0.09,-3.51,-0.11) wp0=(-0.02,-3.35) v=+0.200 ω=-0.243 ok=True iters=7
21:37:06 [INFO] [PROG] s*=2.60/6.21 (41.8%) dist_goal=2.93
21:37:06 [INFO] [MPC] state=(-0.07,-3.51,-0.12) wp0=(+0.00,-3.35) v=+0.200 ω=-0.133 ok=True iters=7
21:37:06 [INFO] [PROG] s*=2.62/6.21 (42.1%) dist_goal=2.91
21:37:06 [INFO] [MPC] state=(-0.05,-3.51,-0.13) wp0=(+0.02,-3.35) v=+0.200 ω=-0.185 ok=True iters=7
21:37:06 [INFO] [PROG] s*=2.64/6.21 (42.5%) dist_goal=2.89
21:37:06 [INFO] [MPC] state=(-0.03,-3.52,-0.15) wp0=(+0.04,-3.35) v=+0.200 ω=-0.143 ok=True iters=7
21:37:06 [INFO] [PROG] s*=2.66/6.21 (42.8%) dist_goal=2.87
21:37:06 [INFO] [MPC] state=(-0.01,-3.52,-0.16) wp0=(+0.06,-3.35) v=+0.200 ω=-0.053 ok=True iters=7
21:37:06 [INFO] [PROG] s*=2.68/6.21 (43.1%) dist_goal=2.85
21:37:06 [INFO] [MPC] state=(+0.01,-3.52,-0.17) wp0=(+0.08,-3.35) v=+0.200 ω=-0.203 ok=True iters=7
21:37:06 [INFO] [PROG] s*=2.70/6.21 (43.4%) dist_goal=2.83
21:37:06 [INFO] [MPC] state=(+0.03,-3.53,-0.18) wp0=(+0.10,-3.35) v=+0.200 ω=-0.105 ok=True iters=7
21:37:06 [INFO] [PROG] s*=2.72/6.21 (43.7%) dist_goal=2.81
21:37:06 [INFO] [MPC] state=(+0.05,-3.53,-0.19) wp0=(+0.12,-3.35) v=+0.200 ω=-0.187 ok=True iters=7
21:37:06 [INFO] [PROG] s*=2.74/6.21 (44.0%) dist_goal=2.79
21:37:06 [INFO] [MPC] state=(+0.07,-3.53,-0.21) wp0=(+0.14,-3.35) v=+0.200 ω=-0.094 ok=True iters=7
21:37:06 [INFO] [PROG] s*=2.76/6.21 (44.4%) dist_goal=2.77
21:37:06 [INFO] [MPC] state=(+0.09,-3.54,-0.22) wp0=(+0.16,-3.35) v=+0.200 ω=-0.022 ok=True iters=7
21:37:06 [INFO] [PROG] s*=2.78/6.21 (44.7%) dist_goal=2.75
21:37:06 [INFO] [MPC] state=(+0.11,-3.54,-0.22) wp0=(+0.18,-3.35) v=+0.200 ω=-0.033 ok=True iters=7
21:37:06 [INFO] [PROG] s*=2.80/6.21 (45.0%) dist_goal=2.73
21:37:06 [INFO] [MPC] state=(+0.13,-3.55,-0.22) wp0=(+0.20,-3.35) v=+0.200 ω=+0.004 ok=True iters=7
21:37:06 [INFO] [PROG] s*=2.82/6.21 (45.3%) dist_goal=2.71
21:37:06 [INFO] [MPC] state=(+0.15,-3.55,-0.22) wp0=(+0.22,-3.35) v=+0.200 ω=+0.019 ok=True iters=7
21:37:06 [INFO] [PROG] s*=2.84/6.21 (45.6%) dist_goal=2.69
21:37:06 [INFO] [MPC] state=(+0.17,-3.56,-0.22) wp0=(+0.24,-3.35) v=+0.200 ω=+0.027 ok=True iters=7
21:37:06 [INFO] [PROG] s*=2.86/6.21 (46.0%) dist_goal=2.67
21:37:06 [INFO] [MPC] state=(+0.19,-3.56,-0.21) wp0=(+0.26,-3.35) v=+0.200 ω=+0.049 ok=True iters=7
21:37:06 [INFO] [PROG] s*=2.88/6.21 (46.3%) dist_goal=2.65
21:37:06 [INFO] [MPC] state=(+0.21,-3.56,-0.21) wp0=(+0.28,-3.35) v=+0.200 ω=+0.036 ok=True iters=7
21:37:06 [INFO] [PROG] s*=2.90/6.21 (46.6%) dist_goal=2.63
21:37:06 [INFO] [MPC] state=(+0.23,-3.57,-0.21) wp0=(+0.30,-3.35) v=+0.200 ω=+0.025 ok=True iters=7
21:37:06 [INFO] [PROG] s*=2.92/6.21 (46.9%) dist_goal=2.61
21:37:06 [INFO] [MPC] state=(+0.25,-3.57,-0.20) wp0=(+0.32,-3.35) v=+0.200 ω=+0.014 ok=True iters=7
21:37:06 [INFO] [PROG] s*=2.94/6.21 (47.2%) dist_goal=2.59
21:37:06 [INFO] [MPC] state=(+0.27,-3.58,-0.20) wp0=(+0.34,-3.35) v=+0.200 ω=-0.133 ok=True iters=7
21:37:06 [INFO] [PROG] s*=2.95/6.21 (47.5%) dist_goal=2.57
21:37:06 [INFO] [MPC] state=(+0.29,-3.58,-0.21) wp0=(+0.36,-3.35) v=+0.200 ω=-0.680 ok=True iters=8
21:37:06 [INFO] [PROG] s*=2.97/6.21 (47.8%) dist_goal=2.56
21:37:06 [INFO] [MPC] state=(+0.31,-3.59,-0.25) wp0=(+0.37,-3.35) v=+0.200 ω=-1.168 ok=True iters=9
21:37:06 [INFO] [PROG] s*=2.98/6.21 (48.0%) dist_goal=2.54
21:37:06 [INFO] [MPC] state=(+0.32,-3.59,-0.31) wp0=(+0.39,-3.35) v=+0.200 ω=-1.149 ok=True iters=9
21:37:06 [INFO] [PROG] s*=3.21/6.21 (51.6%) dist_goal=2.52
21:37:06 [INFO] [MPC] state=(+0.34,-3.60,-0.38) wp0=(+0.56,-3.46) v=+0.200 ω=-1.083 ok=True iters=9
21:37:06 [INFO] [PROG] s*=3.22/6.21 (51.9%) dist_goal=2.51
21:37:06 [INFO] [MPC] state=(+0.36,-3.60,-0.44) wp0=(+0.58,-3.48) v=+0.200 ω=-0.973 ok=True iters=7
21:37:06 [INFO] [PROG] s*=3.24/6.21 (52.1%) dist_goal=2.49
21:37:06 [INFO] [MPC] state=(+0.37,-3.61,-0.49) wp0=(+0.59,-3.49) v=+0.200 ω=-0.736 ok=True iters=7
21:37:06 [INFO] [PROG] s*=3.26/6.21 (52.4%) dist_goal=2.47
21:37:06 [INFO] [MPC] state=(+0.39,-3.62,-0.53) wp0=(+0.60,-3.50) v=+0.200 ω=-0.539 ok=True iters=7
21:37:06 [INFO] [PROG] s*=3.28/6.21 (52.7%) dist_goal=2.45
21:37:06 [INFO] [MPC] state=(+0.40,-3.63,-0.56) wp0=(+0.61,-3.51) v=+0.200 ω=-0.317 ok=True iters=7
21:37:06 [INFO] [PROG] s*=3.30/6.21 (53.1%) dist_goal=2.43
21:37:06 [INFO] [MPC] state=(+0.42,-3.64,-0.58) wp0=(+0.63,-3.53) v=+0.200 ω=-0.194 ok=True iters=7
21:37:06 [INFO] [PROG] s*=3.32/6.21 (53.4%) dist_goal=2.41
21:37:06 [INFO] [MPC] state=(+0.44,-3.65,-0.60) wp0=(+0.64,-3.54) v=+0.200 ω=-0.091 ok=True iters=7
21:37:06 [INFO] [PROG] s*=3.34/6.21 (53.7%) dist_goal=2.39
21:37:06 [INFO] [MPC] state=(+0.45,-3.66,-0.61) wp0=(+0.66,-3.56) v=+0.200 ω=+0.040 ok=True iters=7
21:37:06 [INFO] [PROG] s*=3.36/6.21 (54.0%) dist_goal=2.37
21:37:06 [INFO] [MPC] state=(+0.47,-3.67,-0.60) wp0=(+0.67,-3.57) v=+0.200 ω=+0.118 ok=True iters=7
21:37:06 [INFO] [PROG] s*=3.37/6.21 (54.3%) dist_goal=2.35
21:37:06 [INFO] [MPC] state=(+0.49,-3.69,-0.59) wp0=(+0.68,-3.58) v=+0.200 ω=+0.807 ok=True iters=7
21:37:06 [INFO] [PROG] s*=3.39/6.21 (54.5%) dist_goal=2.34
21:37:06 [INFO] [MPC] state=(+0.50,-3.69,-0.55) wp0=(+0.69,-3.59) v=+0.200 ω=+1.248 ok=True iters=7
21:37:06 [INFO] [PROG] s*=3.40/6.21 (54.8%) dist_goal=2.32
21:37:06 [INFO] [MPC] state=(+0.51,-3.70,-0.48) wp0=(+0.70,-3.60) v=+0.200 ω=+1.220 ok=True iters=7
21:37:06 [INFO] [PROG] s*=3.42/6.21 (55.0%) dist_goal=2.31
21:37:06 [INFO] [MPC] state=(+0.53,-3.71,-0.41) wp0=(+0.71,-3.61) v=+0.200 ω=+1.125 ok=True iters=7
21:37:06 [INFO] [PROG] s*=3.43/6.21 (55.2%) dist_goal=2.29
21:37:06 [INFO] [MPC] state=(+0.54,-3.71,-0.35) wp0=(+0.72,-3.62) v=+0.200 ω=+1.056 ok=True iters=7
21:37:06 [INFO] [PROG] s*=3.45/6.21 (55.4%) dist_goal=2.27
21:37:06 [INFO] [MPC] state=(+0.56,-3.72,-0.29) wp0=(+0.73,-3.63) v=+0.200 ω=+0.922 ok=True iters=7
21:37:06 [INFO] [PROG] s*=3.46/6.21 (55.7%) dist_goal=2.26
21:37:06 [INFO] [MPC] state=(+0.57,-3.72,-0.24) wp0=(+0.74,-3.64) v=+0.200 ω=+0.672 ok=True iters=7
21:37:06 [INFO] [PROG] s*=3.48/6.21 (55.9%) dist_goal=2.24
21:37:06 [INFO] [MPC] state=(+0.59,-3.73,-0.20) wp0=(+0.76,-3.65) v=+0.200 ω=+0.548 ok=True iters=7
21:37:06 [INFO] [PROG] s*=3.49/6.21 (56.2%) dist_goal=2.22
21:37:06 [INFO] [MPC] state=(+0.61,-3.73,-0.16) wp0=(+0.77,-3.65) v=+0.200 ω=+0.442 ok=True iters=7
21:37:06 [INFO] [PROG] s*=3.51/6.21 (56.4%) dist_goal=2.20
21:37:06 [INFO] [MPC] state=(+0.63,-3.73,-0.14) wp0=(+0.79,-3.65) v=+0.200 ω=+0.406 ok=True iters=7
21:37:06 [INFO] [PROG] s*=3.52/6.21 (56.6%) dist_goal=2.19
21:37:06 [INFO] [MPC] state=(+0.64,-3.74,-0.11) wp0=(+0.80,-3.65) v=+0.200 ω=+0.334 ok=True iters=7
21:37:06 [INFO] [PROG] s*=3.52/6.21 (56.6%) dist_goal=2.17
21:37:06 [INFO] [MPC] state=(+0.66,-3.74,-0.09) wp0=(+0.80,-3.65) v=+0.200 ω=+0.266 ok=True iters=7
21:37:06 [INFO] [PROG] s*=3.52/6.21 (56.6%) dist_goal=2.15
21:37:06 [INFO] [MPC] state=(+0.68,-3.74,-0.07) wp0=(+0.80,-3.65) v=+0.200 ω=+0.273 ok=True iters=7
21:37:06 [INFO] [PROG] s*=3.52/6.21 (56.6%) dist_goal=2.13
21:37:06 [INFO] [MPC] state=(+0.70,-3.74,-0.05) wp0=(+0.80,-3.65) v=+0.200 ω=+0.353 ok=True iters=7
21:37:06 [INFO] [PROG] s*=3.52/6.21 (56.6%) dist_goal=2.11
21:37:06 [INFO] [MPC] state=(+0.72,-3.74,-0.03) wp0=(+0.80,-3.65) v=+0.200 ω=+0.298 ok=True iters=7
21:37:06 [INFO] [PROG] s*=3.53/6.21 (56.8%) dist_goal=2.10
21:37:06 [INFO] [MPC] state=(+0.74,-3.74,-0.01) wp0=(+0.81,-3.65) v=+0.200 ω=+0.357 ok=True iters=7
21:37:06 [INFO] [PROG] s*=3.55/6.21 (57.1%) dist_goal=2.08
21:37:06 [INFO] [MPC] state=(+0.76,-3.74,+0.01) wp0=(+0.83,-3.65) v=+0.200 ω=+0.310 ok=True iters=7
21:37:06 [INFO] [PROG] s*=3.57/6.21 (57.4%) dist_goal=2.06
21:37:06 [INFO] [MPC] state=(+0.78,-3.74,+0.02) wp0=(+0.85,-3.65) v=+0.200 ω=+0.275 ok=True iters=7
21:37:06 [INFO] [PROG] s*=3.59/6.21 (57.7%) dist_goal=2.05
21:37:06 [INFO] [MPC] state=(+0.80,-3.74,+0.04) wp0=(+0.87,-3.65) v=+0.200 ω=+0.253 ok=True iters=7
21:37:06 [INFO] [PROG] s*=3.60/6.21 (58.0%) dist_goal=2.03
21:37:06 [INFO] [MPC] state=(+0.82,-3.74,+0.06) wp0=(+0.89,-3.65) v=+0.200 ω=+0.334 ok=True iters=7
21:37:06 [INFO] [PROG] s*=3.62/6.21 (58.3%) dist_goal=2.01
21:37:06 [INFO] [MPC] state=(+0.84,-3.74,+0.08) wp0=(+0.91,-3.65) v=+0.200 ω=+0.293 ok=True iters=7
21:37:06 [INFO] [PROG] s*=3.64/6.21 (58.6%) dist_goal=2.00
21:37:06 [INFO] [MPC] state=(+0.86,-3.74,+0.10) wp0=(+0.92,-3.65) v=+0.200 ω=+0.279 ok=True iters=7
21:37:06 [INFO] [PROG] s*=3.66/6.21 (58.9%) dist_goal=1.98
21:37:06 [INFO] [MPC] state=(+0.87,-3.74,+0.12) wp0=(+0.94,-3.65) v=+0.200 ω=+0.257 ok=True iters=7
21:37:06 [INFO] [PROG] s*=3.68/6.21 (59.3%) dist_goal=1.96
21:37:06 [INFO] [MPC] state=(+0.89,-3.73,+0.13) wp0=(+0.96,-3.65) v=+0.200 ω=+0.239 ok=True iters=7
21:37:06 [INFO] [PROG] s*=3.70/6.21 (59.6%) dist_goal=1.95
21:37:06 [INFO] [MPC] state=(+0.91,-3.73,+0.15) wp0=(+0.98,-3.65) v=+0.200 ω=+0.360 ok=True iters=7
21:37:06 [INFO] [PROG] s*=3.72/6.21 (59.9%) dist_goal=1.94
21:37:06 [INFO] [MPC] state=(+0.93,-3.73,+0.18) wp0=(+1.00,-3.65) v=+0.200 ω=+0.363 ok=True iters=7
21:37:06 [INFO] [PROG] s*=3.74/6.21 (60.2%) dist_goal=1.92
21:37:06 [INFO] [MPC] state=(+0.95,-3.72,+0.20) wp0=(+1.02,-3.65) v=+0.200 ω=+0.334 ok=True iters=7
21:37:06 [INFO] [PROG] s*=3.76/6.21 (60.5%) dist_goal=1.91
21:37:06 [INFO] [MPC] state=(+0.97,-3.72,+0.22) wp0=(+1.04,-3.65) v=+0.200 ω=+0.440 ok=True iters=7
21:37:06 [INFO] [PROG] s*=3.78/6.21 (60.7%) dist_goal=1.89
21:37:06 [INFO] [MPC] state=(+0.99,-3.72,+0.25) wp0=(+1.06,-3.65) v=+0.200 ω=+0.399 ok=True iters=7
21:37:06 [INFO] [PROG] s*=3.79/6.21 (61.0%) dist_goal=1.88
21:37:06 [INFO] [MPC] state=(+1.01,-3.71,+0.27) wp0=(+1.07,-3.65) v=+0.200 ω=+0.359 ok=True iters=7
21:37:06 [INFO] [PROG] s*=3.81/6.21 (61.3%) dist_goal=1.87
21:37:06 [INFO] [MPC] state=(+1.02,-3.70,+0.29) wp0=(+1.09,-3.65) v=+0.200 ω=+0.312 ok=True iters=7
21:37:06 [INFO] [PROG] s*=3.83/6.21 (61.6%) dist_goal=1.85
21:37:06 [INFO] [MPC] state=(+1.04,-3.70,+0.31) wp0=(+1.11,-3.65) v=+0.200 ω=+0.295 ok=True iters=7
21:37:06 [INFO] [PROG] s*=3.85/6.21 (61.9%) dist_goal=1.84
21:37:06 [INFO] [MPC] state=(+1.06,-3.69,+0.33) wp0=(+1.13,-3.65) v=+0.200 ω=+0.270 ok=True iters=7
21:37:06 [INFO] [PROG] s*=3.87/6.21 (62.2%) dist_goal=1.83
21:37:06 [INFO] [MPC] state=(+1.08,-3.69,+0.35) wp0=(+1.15,-3.65) v=+0.200 ω=+0.365 ok=True iters=7
21:37:06 [INFO] [PROG] s*=3.88/6.21 (62.5%) dist_goal=1.82
21:37:06 [INFO] [MPC] state=(+1.10,-3.68,+0.38) wp0=(+1.17,-3.65) v=+0.200 ω=+0.312 ok=True iters=7
21:37:06 [INFO] [PROG] s*=3.90/6.21 (62.8%) dist_goal=1.81
21:37:06 [INFO] [MPC] state=(+1.12,-3.67,+0.40) wp0=(+1.18,-3.65) v=+0.200 ω=+0.105 ok=True iters=7
21:37:06 [INFO] [PROG] s*=3.92/6.21 (63.1%) dist_goal=1.80
21:37:06 [INFO] [MPC] state=(+1.13,-3.66,+0.41) wp0=(+1.20,-3.65) v=+0.200 ω=+0.092 ok=True iters=7
21:37:06 [INFO] [PROG] s*=3.94/6.21 (63.4%) dist_goal=1.79
21:37:06 [INFO] [MPC] state=(+1.15,-3.66,+0.42) wp0=(+1.22,-3.65) v=+0.200 ω=+0.201 ok=True iters=7
21:37:06 [INFO] [PROG] s*=3.96/6.21 (63.7%) dist_goal=1.78
21:37:06 [INFO] [MPC] state=(+1.17,-3.65,+0.43) wp0=(+1.24,-3.65) v=+0.200 ω=+0.161 ok=True iters=7
21:37:06 [INFO] [PROG] s*=3.98/6.21 (64.0%) dist_goal=1.77
21:37:06 [INFO] [MPC] state=(+1.19,-3.64,+0.44) wp0=(+1.26,-3.65) v=+0.200 ω=+0.112 ok=True iters=7
21:37:06 [INFO] [PROG] s*=3.99/6.21 (64.3%) dist_goal=1.76
21:37:06 [INFO] [MPC] state=(+1.21,-3.63,+0.45) wp0=(+1.28,-3.65) v=+0.200 ω=-0.179 ok=True iters=7
21:37:06 [INFO] [PROG] s*=4.01/6.21 (64.6%) dist_goal=1.75
21:37:06 [INFO] [MPC] state=(+1.23,-3.62,+0.44) wp0=(+1.29,-3.65) v=+0.200 ω=-0.153 ok=True iters=7
21:37:07 [INFO] [PROG] s*=4.03/6.21 (64.9%) dist_goal=1.74
21:37:07 [INFO] [MPC] state=(+1.24,-3.61,+0.43) wp0=(+1.31,-3.65) v=+0.200 ω=-0.120 ok=True iters=7
21:37:07 [INFO] [PROG] s*=4.05/6.21 (65.2%) dist_goal=1.73
21:37:07 [INFO] [MPC] state=(+1.26,-3.60,+0.42) wp0=(+1.33,-3.65) v=+0.200 ω=-0.096 ok=True iters=7
21:37:07 [INFO] [PROG] s*=4.07/6.21 (65.5%) dist_goal=1.72
21:37:07 [INFO] [MPC] state=(+1.28,-3.60,+0.41) wp0=(+1.35,-3.65) v=+0.200 ω=-0.088 ok=True iters=7
21:37:07 [INFO] [PROG] s*=4.09/6.21 (65.8%) dist_goal=1.71
21:37:07 [INFO] [MPC] state=(+1.30,-3.59,+0.40) wp0=(+1.37,-3.65) v=+0.200 ω=-0.076 ok=True iters=7
21:37:07 [INFO] [PROG] s*=4.11/6.21 (66.1%) dist_goal=1.70
21:37:07 [INFO] [MPC] state=(+1.32,-3.58,+0.39) wp0=(+1.39,-3.65) v=+0.200 ω=-0.072 ok=True iters=7
21:37:07 [INFO] [PROG] s*=4.12/6.21 (66.4%) dist_goal=1.69
21:37:07 [INFO] [MPC] state=(+1.34,-3.57,+0.38) wp0=(+1.41,-3.65) v=+0.200 ω=-0.455 ok=True iters=7
21:37:07 [INFO] [PROG] s*=4.14/6.21 (66.7%) dist_goal=1.68
21:37:07 [INFO] [MPC] state=(+1.36,-3.57,+0.35) wp0=(+1.42,-3.65) v=+0.200 ω=-0.397 ok=True iters=7
21:37:07 [INFO] [PROG] s*=4.16/6.21 (67.0%) dist_goal=1.67
21:37:07 [INFO] [MPC] state=(+1.37,-3.56,+0.33) wp0=(+1.44,-3.65) v=+0.200 ω=-0.313 ok=True iters=7
21:37:07 [INFO] [PROG] s*=4.18/6.21 (67.3%) dist_goal=1.66
21:37:07 [INFO] [MPC] state=(+1.39,-3.55,+0.31) wp0=(+1.46,-3.65) v=+0.200 ω=-0.271 ok=True iters=7
21:37:07 [INFO] [PROG] s*=4.20/6.21 (67.6%) dist_goal=1.65
21:37:07 [INFO] [MPC] state=(+1.41,-3.55,+0.29) wp0=(+1.48,-3.65) v=+0.200 ω=-0.234 ok=True iters=7
21:37:07 [INFO] [PROG] s*=4.22/6.21 (67.9%) dist_goal=1.64
21:37:07 [INFO] [MPC] state=(+1.43,-3.54,+0.27) wp0=(+1.50,-3.65) v=+0.200 ω=-0.474 ok=True iters=7
21:37:07 [INFO] [PROG] s*=4.24/6.21 (68.2%) dist_goal=1.63
21:37:07 [INFO] [MPC] state=(+1.45,-3.54,+0.24) wp0=(+1.52,-3.65) v=+0.200 ω=-0.410 ok=True iters=7
21:37:07 [INFO] [PROG] s*=4.25/6.21 (68.5%) dist_goal=1.62
21:37:07 [INFO] [MPC] state=(+1.47,-3.53,+0.22) wp0=(+1.54,-3.65) v=+0.200 ω=-0.351 ok=True iters=7
21:37:07 [INFO] [PROG] s*=4.27/6.21 (68.8%) dist_goal=1.61
21:37:07 [INFO] [MPC] state=(+1.49,-3.53,+0.19) wp0=(+1.56,-3.65) v=+0.200 ω=-0.216 ok=True iters=7
21:37:07 [INFO] [PROG] s*=4.29/6.21 (69.1%) dist_goal=1.59
21:37:07 [INFO] [MPC] state=(+1.51,-3.52,+0.18) wp0=(+1.58,-3.65) v=+0.200 ω=-0.181 ok=True iters=7
21:37:07 [INFO] [PROG] s*=4.31/6.21 (69.4%) dist_goal=1.58
21:37:07 [INFO] [MPC] state=(+1.53,-3.52,+0.17) wp0=(+1.60,-3.65) v=+0.200 ω=-0.152 ok=True iters=7
21:37:07 [INFO] [PROG] s*=4.33/6.21 (69.7%) dist_goal=1.57
21:37:07 [INFO] [MPC] state=(+1.55,-3.52,+0.15) wp0=(+1.62,-3.65) v=+0.200 ω=-0.126 ok=True iters=7
21:37:07 [INFO] [PROG] s*=4.35/6.21 (70.1%) dist_goal=1.56
21:37:07 [INFO] [MPC] state=(+1.57,-3.51,+0.14) wp0=(+1.64,-3.65) v=+0.200 ω=-0.103 ok=True iters=7
21:37:07 [INFO] [PROG] s*=4.37/6.21 (70.4%) dist_goal=1.55
21:37:07 [INFO] [MPC] state=(+1.59,-3.51,+0.13) wp0=(+1.66,-3.65) v=+0.200 ω=-0.085 ok=True iters=7
21:37:07 [INFO] [PROG] s*=4.39/6.21 (70.7%) dist_goal=1.54
21:37:07 [INFO] [MPC] state=(+1.61,-3.51,+0.12) wp0=(+1.68,-3.65) v=+0.200 ω=-0.074 ok=True iters=7
21:37:07 [INFO] [PROG] s*=4.41/6.21 (71.0%) dist_goal=1.52
21:37:07 [INFO] [MPC] state=(+1.63,-3.51,+0.12) wp0=(+1.69,-3.65) v=+0.200 ω=-0.481 ok=True iters=7
21:37:07 [INFO] [PROG] s*=4.43/6.21 (71.3%) dist_goal=1.51
21:37:07 [INFO] [MPC] state=(+1.64,-3.50,+0.09) wp0=(+1.71,-3.65) v=+0.200 ω=-0.415 ok=True iters=7
21:37:07 [INFO] [PROG] s*=4.45/6.21 (71.6%) dist_goal=1.50
21:37:07 [INFO] [MPC] state=(+1.66,-3.50,+0.06) wp0=(+1.73,-3.65) v=+0.200 ω=-0.351 ok=True iters=7
21:37:07 [INFO] [PROG] s*=4.47/6.21 (71.9%) dist_goal=1.49
21:37:07 [INFO] [MPC] state=(+1.68,-3.50,+0.04) wp0=(+1.75,-3.65) v=+0.200 ω=-0.291 ok=True iters=7
21:37:07 [INFO] [PROG] s*=4.49/6.21 (72.3%) dist_goal=1.48
21:37:07 [INFO] [MPC] state=(+1.70,-3.50,+0.02) wp0=(+1.77,-3.65) v=+0.200 ω=+0.301 ok=True iters=7
21:37:07 [INFO] [PROG] s*=4.51/6.21 (72.6%) dist_goal=1.47
21:37:07 [INFO] [MPC] state=(+1.72,-3.50,+0.03) wp0=(+1.79,-3.65) v=+0.200 ω=-0.269 ok=True iters=7
21:37:07 [INFO] [PROG] s*=4.53/6.21 (72.9%) dist_goal=1.45
21:37:07 [INFO] [MPC] state=(+1.74,-3.50,+0.01) wp0=(+1.81,-3.65) v=+0.200 ω=-0.212 ok=True iters=7
21:37:07 [INFO] [PROG] s*=4.55/6.21 (73.2%) dist_goal=1.44
21:37:07 [INFO] [MPC] state=(+1.76,-3.50,-0.00) wp0=(+1.83,-3.65) v=+0.200 ω=+0.199 ok=True iters=7
21:37:07 [INFO] [PROG] s*=4.57/6.21 (73.5%) dist_goal=1.43
21:37:07 [INFO] [MPC] state=(+1.78,-3.50,+0.01) wp0=(+1.85,-3.65) v=+0.200 ω=+0.165 ok=True iters=7
21:37:07 [INFO] [PROG] s*=4.59/6.21 (73.8%) dist_goal=1.42
21:37:07 [INFO] [MPC] state=(+1.80,-3.50,+0.02) wp0=(+1.87,-3.65) v=+0.200 ω=+0.129 ok=True iters=7
21:37:07 [INFO] [PROG] s*=4.61/6.21 (74.2%) dist_goal=1.41
21:37:07 [INFO] [MPC] state=(+1.82,-3.50,+0.03) wp0=(+1.89,-3.65) v=+0.200 ω=+0.081 ok=True iters=7
21:37:07 [INFO] [PROG] s*=4.63/6.21 (74.5%) dist_goal=1.40
21:37:07 [INFO] [MPC] state=(+1.84,-3.50,+0.04) wp0=(+1.91,-3.65) v=+0.200 ω=-0.476 ok=True iters=7
21:37:07 [INFO] [PROG] s*=4.65/6.21 (74.8%) dist_goal=1.39
21:37:07 [INFO] [MPC] state=(+1.86,-3.50,+0.00) wp0=(+1.93,-3.65) v=+0.200 ω=+0.092 ok=True iters=7
21:37:07 [INFO] [PROG] s*=4.67/6.21 (75.1%) dist_goal=1.38
21:37:07 [INFO] [MPC] state=(+1.88,-3.50,+0.01) wp0=(+1.95,-3.65) v=+0.200 ω=-0.450 ok=True iters=7
21:37:07 [INFO] [PROG] s*=4.69/6.21 (75.4%) dist_goal=1.36
21:37:07 [INFO] [MPC] state=(+1.90,-3.50,-0.02) wp0=(+1.97,-3.65) v=+0.200 ω=-0.396 ok=True iters=7
21:37:07 [INFO] [PROG] s*=4.71/6.21 (75.7%) dist_goal=1.35
21:37:07 [INFO] [MPC] state=(+1.92,-3.50,-0.05) wp0=(+1.99,-3.65) v=+0.200 ω=-0.229 ok=True iters=7
21:37:07 [INFO] [PROG] s*=4.73/6.21 (76.0%) dist_goal=1.34
21:37:07 [INFO] [MPC] state=(+1.94,-3.50,-0.06) wp0=(+2.01,-3.65) v=+0.200 ω=-0.205 ok=True iters=7
21:37:07 [INFO] [PROG] s*=4.75/6.21 (76.4%) dist_goal=1.33
21:37:07 [INFO] [MPC] state=(+1.96,-3.50,-0.08) wp0=(+2.03,-3.65) v=+0.200 ω=-0.187 ok=True iters=7
21:37:07 [INFO] [PROG] s*=4.77/6.21 (76.7%) dist_goal=1.32
21:37:07 [INFO] [MPC] state=(+1.98,-3.50,-0.09) wp0=(+2.05,-3.65) v=+0.200 ω=-0.171 ok=True iters=7
21:37:07 [INFO] [PROG] s*=4.79/6.21 (77.0%) dist_goal=1.31
21:37:07 [INFO] [MPC] state=(+2.00,-3.51,-0.11) wp0=(+2.07,-3.65) v=+0.200 ω=-0.159 ok=True iters=7
21:37:07 [INFO] [PROG] s*=4.81/6.21 (77.3%) dist_goal=1.29
21:37:07 [INFO] [MPC] state=(+2.02,-3.51,-0.12) wp0=(+2.09,-3.65) v=+0.200 ω=-0.147 ok=True iters=7
21:37:07 [INFO] [PROG] s*=4.83/6.21 (77.6%) dist_goal=1.28
21:37:07 [INFO] [MPC] state=(+2.04,-3.51,-0.13) wp0=(+2.11,-3.65) v=+0.200 ω=-0.139 ok=True iters=7
21:37:07 [INFO] [PROG] s*=4.85/6.21 (78.0%) dist_goal=1.27
21:37:07 [INFO] [MPC] state=(+2.06,-3.51,-0.14) wp0=(+2.13,-3.65) v=+0.200 ω=-0.132 ok=True iters=7
21:37:07 [INFO] [PROG] s*=4.86/6.21 (78.3%) dist_goal=1.26
21:37:07 [INFO] [MPC] state=(+2.08,-3.52,-0.16) wp0=(+2.15,-3.65) v=+0.200 ω=-0.353 ok=True iters=7
21:37:07 [INFO] [PROG] s*=4.88/6.21 (78.6%) dist_goal=1.25
21:37:07 [INFO] [MPC] state=(+2.10,-3.52,-0.18) wp0=(+2.16,-3.65) v=+0.200 ω=-0.713 ok=True iters=7
21:37:07 [INFO] [PROG] s*=4.90/6.21 (78.8%) dist_goal=1.24
21:37:07 [INFO] [MPC] state=(+2.11,-3.52,-0.22) wp0=(+2.18,-3.65) v=+0.200 ω=-1.005 ok=True iters=7
21:37:07 [INFO] [PROG] s*=4.92/6.21 (79.1%) dist_goal=1.22
21:37:07 [INFO] [MPC] state=(+2.13,-3.53,-0.28) wp0=(+2.20,-3.65) v=+0.200 ω=-0.603 ok=True iters=7
21:37:07 [INFO] [PROG] s*=4.93/6.21 (79.4%) dist_goal=1.21
21:37:07 [INFO] [MPC] state=(+2.15,-3.53,-0.31) wp0=(+2.21,-3.65) v=+0.200 ω=-0.664 ok=True iters=7
21:37:07 [INFO] [PROG] s*=4.95/6.21 (79.7%) dist_goal=1.20
21:37:07 [INFO] [MPC] state=(+2.16,-3.54,-0.35) wp0=(+2.23,-3.65) v=+0.200 ω=-0.627 ok=True iters=7
21:37:07 [INFO] [PROG] s*=4.97/6.21 (79.9%) dist_goal=1.19
21:37:07 [INFO] [MPC] state=(+2.18,-3.55,-0.39) wp0=(+2.25,-3.65) v=+0.200 ω=-0.482 ok=True iters=7
21:37:07 [INFO] [PROG] s*=4.99/6.21 (80.2%) dist_goal=1.17
21:37:07 [INFO] [MPC] state=(+2.20,-3.55,-0.42) wp0=(+2.26,-3.66) v=+0.200 ω=-0.104 ok=True iters=7
21:37:07 [INFO] [PROG] s*=5.01/6.21 (80.5%) dist_goal=1.16
21:37:07 [INFO] [MPC] state=(+2.22,-3.56,-0.43) wp0=(+2.28,-3.68) v=+0.200 ω=-0.056 ok=True iters=7
21:37:07 [INFO] [PROG] s*=5.02/6.21 (80.8%) dist_goal=1.14
21:37:07 [INFO] [MPC] state=(+2.24,-3.57,-0.43) wp0=(+2.29,-3.69) v=+0.200 ω=+0.082 ok=True iters=7
21:37:07 [INFO] [PROG] s*=5.02/6.21 (80.8%) dist_goal=1.13
21:37:07 [INFO] [MPC] state=(+2.26,-3.58,-0.42) wp0=(+2.29,-3.69) v=+0.200 ω=+0.030 ok=True iters=7
21:37:07 [INFO] [PROG] s*=5.02/6.21 (80.8%) dist_goal=1.11
21:37:07 [INFO] [MPC] state=(+2.27,-3.59,-0.42) wp0=(+2.29,-3.69) v=+0.200 ω=-0.003 ok=True iters=7
21:37:07 [INFO] [PROG] s*=5.03/6.21 (80.9%) dist_goal=1.10
21:37:07 [INFO] [MPC] state=(+2.29,-3.60,-0.42) wp0=(+2.29,-3.69) v=+0.200 ω=-0.015 ok=True iters=7
21:37:07 [INFO] [PROG] s*=5.05/6.21 (81.2%) dist_goal=1.09
21:37:07 [INFO] [MPC] state=(+2.31,-3.60,-0.42) wp0=(+2.31,-3.71) v=+0.200 ω=+0.058 ok=True iters=7
21:37:07 [INFO] [PROG] s*=5.07/6.21 (81.5%) dist_goal=1.07
21:37:07 [INFO] [MPC] state=(+2.33,-3.61,-0.41) wp0=(+2.32,-3.72) v=+0.200 ω=-0.225 ok=True iters=7
21:37:07 [INFO] [PROG] s*=5.09/6.21 (81.8%) dist_goal=1.06
21:37:07 [INFO] [MPC] state=(+2.35,-3.62,-0.43) wp0=(+2.33,-3.73) v=+0.200 ω=-0.218 ok=True iters=7
21:37:07 [INFO] [PROG] s*=5.10/6.21 (82.1%) dist_goal=1.05
21:37:07 [INFO] [MPC] state=(+2.37,-3.63,-0.45) wp0=(+2.35,-3.75) v=+0.200 ω=-0.022 ok=True iters=7
21:37:07 [INFO] [PROG] s*=5.12/6.21 (82.5%) dist_goal=1.03
21:37:07 [INFO] [MPC] state=(+2.38,-3.64,-0.45) wp0=(+2.36,-3.76) v=+0.200 ω=-0.077 ok=True iters=7
21:37:07 [INFO] [PROG] s*=5.14/6.21 (82.8%) dist_goal=1.02
21:37:07 [INFO] [MPC] state=(+2.40,-3.65,-0.46) wp0=(+2.37,-3.77) v=+0.200 ω=-0.113 ok=True iters=7
21:37:07 [INFO] [PROG] s*=5.16/6.21 (83.1%) dist_goal=1.01
21:37:07 [INFO] [MPC] state=(+2.42,-3.66,-0.47) wp0=(+2.39,-3.79) v=+0.200 ω=-0.141 ok=True iters=7
21:37:07 [INFO] [PROG] s*=5.18/6.21 (83.4%) dist_goal=0.99
21:37:07 [INFO] [MPC] state=(+2.44,-3.67,-0.48) wp0=(+2.40,-3.80) v=+0.200 ω=-0.169 ok=True iters=7
21:37:07 [INFO] [PROG] s*=5.20/6.21 (83.7%) dist_goal=0.98
21:37:07 [INFO] [MPC] state=(+2.46,-3.68,-0.49) wp0=(+2.41,-3.81) v=+0.200 ω=-0.251 ok=True iters=7
21:37:07 [INFO] [PROG] s*=5.22/6.21 (84.0%) dist_goal=0.97
21:37:07 [INFO] [MPC] state=(+2.47,-3.68,-0.51) wp0=(+2.43,-3.83) v=+0.200 ω=-0.256 ok=True iters=7
21:37:07 [INFO] [PROG] s*=5.24/6.21 (84.3%) dist_goal=0.96
21:37:07 [INFO] [MPC] state=(+2.49,-3.69,-0.53) wp0=(+2.44,-3.84) v=+0.200 ω=-0.258 ok=True iters=7
21:37:07 [INFO] [PROG] s*=5.26/6.21 (84.6%) dist_goal=0.94
21:37:07 [INFO] [MPC] state=(+2.51,-3.70,-0.54) wp0=(+2.46,-3.86) v=+0.200 ω=-0.263 ok=True iters=7
21:37:07 [INFO] [PROG] s*=5.28/6.21 (84.9%) dist_goal=0.93
21:37:07 [INFO] [MPC] state=(+2.52,-3.72,-0.56) wp0=(+2.47,-3.87) v=+0.200 ω=-0.265 ok=True iters=7
21:37:07 [INFO] [PROG] s*=5.30/6.21 (85.3%) dist_goal=0.92
21:37:07 [INFO] [MPC] state=(+2.54,-3.73,-0.58) wp0=(+2.48,-3.88) v=+0.200 ω=-0.269 ok=True iters=7
21:37:07 [INFO] [PROG] s*=5.32/6.21 (85.6%) dist_goal=0.90
21:37:07 [INFO] [MPC] state=(+2.56,-3.74,-0.60) wp0=(+2.50,-3.90) v=+0.200 ω=-0.274 ok=True iters=7
21:37:07 [INFO] [PROG] s*=5.34/6.21 (85.9%) dist_goal=0.89
21:37:07 [INFO] [MPC] state=(+2.57,-3.75,-0.62) wp0=(+2.51,-3.91) v=+0.200 ω=-0.276 ok=True iters=7
21:37:07 [INFO] [PROG] s*=5.36/6.21 (86.2%) dist_goal=0.88
21:37:07 [INFO] [MPC] state=(+2.59,-3.76,-0.64) wp0=(+2.52,-3.92) v=+0.200 ω=-0.280 ok=True iters=7
21:37:07 [INFO] [PROG] s*=5.38/6.21 (86.5%) dist_goal=0.87
21:37:07 [INFO] [MPC] state=(+2.61,-3.77,-0.65) wp0=(+2.54,-3.94) v=+0.200 ω=-0.282 ok=True iters=7
21:37:07 [INFO] [PROG] s*=5.40/6.21 (86.8%) dist_goal=0.85
21:37:07 [INFO] [MPC] state=(+2.62,-3.78,-0.67) wp0=(+2.55,-3.95) v=+0.200 ω=-0.286 ok=True iters=7
21:37:07 [INFO] [PROG] s*=5.42/6.21 (87.2%) dist_goal=0.84
21:37:07 [INFO] [MPC] state=(+2.64,-3.80,-0.69) wp0=(+2.57,-3.97) v=+0.200 ω=-0.287 ok=True iters=7
21:37:07 [INFO] [PROG] s*=5.43/6.21 (87.4%) dist_goal=0.83
21:37:07 [INFO] [MPC] state=(+2.65,-3.81,-0.71) wp0=(+2.58,-3.98) v=+0.200 ω=-0.740 ok=True iters=7
21:37:07 [INFO] [PROG] s*=5.45/6.21 (87.7%) dist_goal=0.82
21:37:07 [INFO] [MPC] state=(+2.67,-3.82,-0.75) wp0=(+2.59,-3.99) v=+0.200 ω=-1.174 ok=True iters=7
21:37:07 [INFO] [PROG] s*=5.47/6.21 (88.0%) dist_goal=0.80
21:37:07 [INFO] [MPC] state=(+2.68,-3.83,-0.82) wp0=(+2.60,-4.00) v=+0.200 ω=-1.342 ok=True iters=7
21:37:07 [INFO] [PROG] s*=5.48/6.21 (88.2%) dist_goal=0.79
21:37:07 [INFO] [MPC] state=(+2.69,-3.85,-0.89) wp0=(+2.61,-4.01) v=+0.200 ω=-1.260 ok=True iters=7
21:37:07 [INFO] [PROG] s*=5.50/6.21 (88.5%) dist_goal=0.78
21:37:07 [INFO] [MPC] state=(+2.70,-3.86,-0.96) wp0=(+2.62,-4.02) v=+0.198 ω=-1.163 ok=True iters=7
21:37:07 [INFO] [PROG] s*=5.51/6.21 (88.7%) dist_goal=0.77
21:37:07 [INFO] [MPC] state=(+2.71,-3.87,-1.02) wp0=(+2.64,-4.04) v=+0.195 ω=-1.016 ok=True iters=7
21:37:07 [INFO] [PROG] s*=5.53/6.21 (89.0%) dist_goal=0.75
21:37:07 [INFO] [MPC] state=(+2.71,-3.89,-1.08) wp0=(+2.65,-4.05) v=+0.191 ω=-0.830 ok=True iters=7
21:37:07 [INFO] [PROG] s*=5.55/6.21 (89.3%) dist_goal=0.74
21:37:07 [INFO] [MPC] state=(+2.72,-3.90,-1.13) wp0=(+2.65,-4.06) v=+0.188 ω=-0.643 ok=True iters=7
21:37:07 [INFO] [PROG] s*=5.56/6.21 (89.5%) dist_goal=0.72
21:37:07 [INFO] [MPC] state=(+2.73,-3.92,-1.18) wp0=(+2.65,-4.08) v=+0.184 ω=-0.483 ok=True iters=7
21:37:07 [INFO] [PROG] s*=5.58/6.21 (89.8%) dist_goal=0.70
21:37:07 [INFO] [MPC] state=(+2.74,-3.94,-1.22) wp0=(+2.65,-4.10) v=+0.180 ω=-0.348 ok=True iters=7
21:37:07 [INFO] [PROG] s*=5.58/6.21 (89.9%) dist_goal=0.69
21:37:07 [INFO] [MPC] state=(+2.74,-3.95,-1.25) wp0=(+2.65,-4.10) v=+0.176 ω=-0.225 ok=True iters=7
21:37:07 [INFO] [PROG] s*=5.58/6.21 (89.9%) dist_goal=0.67
21:37:07 [INFO] [MPC] state=(+2.75,-3.97,-1.27) wp0=(+2.65,-4.10) v=+0.172 ω=-0.137 ok=True iters=7
21:37:07 [INFO] [PROG] s*=5.58/6.21 (89.9%) dist_goal=0.66
21:37:07 [INFO] [MPC] state=(+2.75,-3.99,-1.29) wp0=(+2.65,-4.10) v=+0.168 ω=-0.082 ok=True iters=7
21:37:07 [INFO] [PROG] s*=5.58/6.21 (89.9%) dist_goal=0.64
21:37:07 [INFO] [MPC] state=(+2.76,-4.00,-1.30) wp0=(+2.65,-4.10) v=+0.164 ω=-0.047 ok=True iters=7
21:37:07 [INFO] [PROG] s*=5.58/6.21 (89.9%) dist_goal=0.63
21:37:07 [INFO] [MPC] state=(+2.76,-4.02,-1.30) wp0=(+2.65,-4.10) v=+0.160 ω=-0.027 ok=True iters=7
21:37:07 [INFO] [PROG] s*=5.58/6.21 (89.9%) dist_goal=0.61
21:37:07 [INFO] [MPC] state=(+2.77,-4.03,-1.30) wp0=(+2.65,-4.10) v=+0.157 ω=-0.019 ok=True iters=8
21:37:07 [INFO] [PROG] s*=5.60/6.21 (90.1%) dist_goal=0.60
21:37:07 [INFO] [MPC] state=(+2.77,-4.05,-1.31) wp0=(+2.65,-4.12) v=+0.153 ω=-0.015 ok=True iters=8
21:37:07 [INFO] [PROG] s*=5.61/6.21 (90.3%) dist_goal=0.58
21:37:07 [INFO] [MPC] state=(+2.78,-4.07,-1.31) wp0=(+2.65,-4.13) v=+0.150 ω=-0.023 ok=True iters=8
21:37:07 [INFO] [PROG] s*=5.63/6.21 (90.6%) dist_goal=0.57
21:37:07 [INFO] [MPC] state=(+2.78,-4.08,-1.31) wp0=(+2.65,-4.14) v=+0.146 ω=-0.030 ok=True iters=8
21:37:07 [INFO] [PROG] s*=5.64/6.21 (90.8%) dist_goal=0.56
21:37:07 [INFO] [MPC] state=(+2.78,-4.09,-1.31) wp0=(+2.65,-4.16) v=+0.143 ω=-0.035 ok=True iters=8
21:37:07 [INFO] [PROG] s*=5.66/6.21 (91.0%) dist_goal=0.55
21:37:07 [INFO] [MPC] state=(+2.79,-4.11,-1.32) wp0=(+2.65,-4.17) v=+0.140 ω=-0.062 ok=True iters=8
21:37:07 [INFO] [PROG] s*=5.67/6.21 (91.2%) dist_goal=0.53
21:37:07 [INFO] [MPC] state=(+2.79,-4.12,-1.32) wp0=(+2.65,-4.19) v=+0.137 ω=-0.052 ok=True iters=8
21:37:07 [INFO] [PROG] s*=5.68/6.21 (91.4%) dist_goal=0.52
21:37:07 [INFO] [MPC] state=(+2.79,-4.14,-1.33) wp0=(+2.65,-4.20) v=+0.134 ω=-0.045 ok=True iters=9
21:37:07 [INFO] [PROG] s*=5.70/6.21 (91.7%) dist_goal=0.51
21:37:07 [INFO] [MPC] state=(+2.80,-4.15,-1.33) wp0=(+2.65,-4.21) v=+0.131 ω=-0.040 ok=True iters=7
21:37:07 [INFO] [PROG] s*=5.71/6.21 (91.9%) dist_goal=0.50
21:37:07 [INFO] [MPC] state=(+2.80,-4.16,-1.34) wp0=(+2.65,-4.22) v=+0.128 ω=-0.038 ok=True iters=7
21:37:07 [INFO] [PROG] s*=5.72/6.21 (92.1%) dist_goal=0.49
21:37:07 [INFO] [MPC] state=(+2.80,-4.17,-1.34) wp0=(+2.65,-4.24) v=+0.125 ω=-0.038 ok=True iters=7
21:37:07 [INFO] [PROG] s*=5.73/6.21 (92.2%) dist_goal=0.48
21:37:07 [INFO] [MPC] state=(+2.81,-4.19,-1.35) wp0=(+2.65,-4.25) v=+0.122 ω=-0.037 ok=True iters=7
21:37:07 [INFO] [PROG] s*=5.74/6.21 (92.4%) dist_goal=0.47
21:37:07 [INFO] [MPC] state=(+2.81,-4.20,-1.35) wp0=(+2.65,-4.26) v=+0.120 ω=-0.037 ok=True iters=7
21:37:07 [INFO] [PROG] s*=5.76/6.21 (92.6%) dist_goal=0.46
21:37:07 [INFO] [MPC] state=(+2.81,-4.21,-1.35) wp0=(+2.65,-4.27) v=+0.117 ω=-0.037 ok=True iters=7
21:37:07 [INFO] [PROG] s*=5.77/6.21 (92.8%) dist_goal=0.45
21:37:07 [INFO] [MPC] state=(+2.81,-4.22,-1.36) wp0=(+2.65,-4.28) v=+0.115 ω=-0.036 ok=True iters=7
21:37:07 [INFO] [PROG] s*=5.78/6.21 (93.0%) dist_goal=0.44
21:37:07 [INFO] [MPC] state=(+2.82,-4.23,-1.36) wp0=(+2.65,-4.29) v=+0.112 ω=-0.036 ok=True iters=7
21:37:07 [INFO] [PROG] s*=5.79/6.21 (93.2%) dist_goal=0.43
21:37:07 [INFO] [MPC] state=(+2.82,-4.24,-1.36) wp0=(+2.65,-4.31) v=+0.110 ω=-0.036 ok=True iters=7
21:37:07 [INFO] [PROG] s*=5.80/6.21 (93.3%) dist_goal=0.42
21:37:07 [INFO] [MPC] state=(+2.82,-4.26,-1.37) wp0=(+2.65,-4.32) v=+0.108 ω=-0.037 ok=True iters=7
21:37:07 [INFO] [PROG] s*=5.81/6.21 (93.5%) dist_goal=0.41
21:37:07 [INFO] [MPC] state=(+2.82,-4.27,-1.37) wp0=(+2.65,-4.33) v=+0.105 ω=-0.039 ok=True iters=7
21:37:07 [INFO] [PROG] s*=5.82/6.21 (93.7%) dist_goal=0.40
21:37:07 [INFO] [MPC] state=(+2.83,-4.28,-1.38) wp0=(+2.65,-4.34) v=+0.103 ω=-0.039 ok=True iters=7
21:37:07 [INFO] [PROG] s*=5.83/6.21 (93.8%) dist_goal=0.40
21:37:07 [INFO] [MPC] state=(+2.83,-4.29,-1.38) wp0=(+2.65,-4.35) v=+0.101 ω=-0.040 ok=True iters=7
21:37:07 [INFO] [PROG] s*=5.84/6.21 (94.0%) dist_goal=0.39
21:37:07 [INFO] [MPC] state=(+2.83,-4.30,-1.38) wp0=(+2.65,-4.36) v=+0.099 ω=-0.040 ok=True iters=7
21:37:07 [INFO] [PROG] s*=5.85/6.21 (94.1%) dist_goal=0.38
21:37:07 [INFO] [MPC] state=(+2.83,-4.31,-1.39) wp0=(+2.65,-4.37) v=+0.097 ω=-0.040 ok=True iters=7
21:37:07 [INFO] [PROG] s*=5.86/6.21 (94.3%) dist_goal=0.37
21:37:07 [INFO] [MPC] state=(+2.83,-4.32,-1.39) wp0=(+2.65,-4.38) v=+0.095 ω=-0.040 ok=True iters=7
21:37:07 [INFO] [PROG] s*=5.87/6.21 (94.4%) dist_goal=0.37
21:37:07 [INFO] [MPC] state=(+2.84,-4.33,-1.40) wp0=(+2.65,-4.38) v=+0.093 ω=-0.040 ok=True iters=7
21:37:07 [INFO] [PROG] s*=5.88/6.21 (94.6%) dist_goal=0.36
21:37:07 [INFO] [MPC] state=(+2.84,-4.33,-1.40) wp0=(+2.65,-4.39) v=+0.092 ω=-0.040 ok=True iters=7
21:37:07 [INFO] [PROG] s*=5.89/6.21 (94.7%) dist_goal=0.35
21:37:07 [INFO] [MPC] state=(+2.84,-4.34,-1.40) wp0=(+2.65,-4.40) v=+0.090 ω=-0.040 ok=True iters=7
21:37:07 [INFO] [PROG] s*=5.90/6.21 (94.9%) dist_goal=0.35
21:37:07 [INFO] [MPC] state=(+2.84,-4.35,-1.41) wp0=(+2.65,-4.41) v=+0.088 ω=-0.039 ok=True iters=7
21:37:07 [INFO] [PROG] s*=5.90/6.21 (95.0%) dist_goal=0.34
21:37:07 [INFO] [MPC] state=(+2.84,-4.36,-1.41) wp0=(+2.65,-4.42) v=+0.087 ω=-0.055 ok=True iters=7
21:37:07 [INFO] [PROG] s*=5.91/6.21 (95.1%) dist_goal=0.33
21:37:07 [INFO] [MPC] state=(+2.84,-4.37,-1.42) wp0=(+2.65,-4.43) v=+0.085 ω=-0.047 ok=True iters=7
21:37:07 [INFO] [PROG] s*=5.92/6.21 (95.3%) dist_goal=0.33
21:37:07 [INFO] [MPC] state=(+2.84,-4.38,-1.42) wp0=(+2.65,-4.44) v=+0.083 ω=-0.041 ok=True iters=7
21:37:07 [INFO] [PROG] s*=5.93/6.21 (95.4%) dist_goal=0.32
21:37:07 [INFO] [MPC] state=(+2.85,-4.39,-1.43) wp0=(+2.65,-4.44) v=+0.082 ω=-0.037 ok=True iters=7
21:37:07 [INFO] [PROG] s*=5.94/6.21 (95.5%) dist_goal=0.32
21:37:07 [INFO] [MPC] state=(+2.85,-4.39,-1.43) wp0=(+2.65,-4.45) v=+0.080 ω=-0.035 ok=True iters=7
21:37:07 [INFO] [PROG] s*=5.94/6.21 (95.7%) dist_goal=0.31
21:37:07 [INFO] [MPC] state=(+2.85,-4.40,-1.43) wp0=(+2.65,-4.46) v=+0.079 ω=-0.033 ok=True iters=7
21:37:07 [INFO] [PROG] s*=5.95/6.21 (95.8%) dist_goal=0.31
21:37:07 [INFO] [MPC] state=(+2.85,-4.41,-1.44) wp0=(+2.65,-4.47) v=+0.078 ω=-0.031 ok=True iters=7
21:37:07 [INFO] [PROG] s*=5.96/6.21 (95.9%) dist_goal=0.30
21:37:07 [INFO] [MPC] state=(+2.85,-4.42,-1.44) wp0=(+2.65,-4.48) v=+0.076 ω=-0.030 ok=True iters=7
21:37:07 [INFO] [PROG] s*=5.97/6.21 (96.0%) dist_goal=0.30
21:37:07 [INFO] [MPC] state=(+2.85,-4.43,-1.44) wp0=(+2.65,-4.48) v=+0.075 ω=-0.029 ok=True iters=7
21:37:07 [INFO] [PROG] s*=5.98/6.21 (96.2%) dist_goal=0.29
21:37:07 [INFO] [MPC] state=(+2.85,-4.43,-1.45) wp0=(+2.65,-4.49) v=+0.074 ω=-0.028 ok=True iters=7
21:37:07 [INFO] [PROG] s*=5.98/6.21 (96.3%) dist_goal=0.29
21:37:07 [INFO] [MPC] state=(+2.85,-4.44,-1.45) wp0=(+2.65,-4.50) v=+0.073 ω=-0.028 ok=True iters=7
21:37:07 [INFO] [PROG] s*=5.99/6.21 (96.4%) dist_goal=0.28
21:37:07 [INFO] [MPC] state=(+2.85,-4.45,-1.45) wp0=(+2.65,-4.51) v=+0.072 ω=-0.027 ok=True iters=7
21:37:07 [INFO] [PROG] s*=6.00/6.21 (96.5%) dist_goal=0.28
21:37:07 [INFO] [MPC] state=(+2.85,-4.46,-1.45) wp0=(+2.65,-4.51) v=+0.071 ω=-0.027 ok=True iters=7
21:37:07 [INFO] [PROG] s*=6.00/6.21 (96.6%) dist_goal=0.27
21:37:07 [INFO] [MPC] state=(+2.86,-4.46,-1.46) wp0=(+2.65,-4.52) v=+0.070 ω=-0.027 ok=True iters=7
21:37:07 [INFO] [PROG] s*=6.01/6.21 (96.7%) dist_goal=0.27
21:37:07 [INFO] [MPC] state=(+2.86,-4.47,-1.46) wp0=(+2.65,-4.53) v=+0.069 ω=-0.026 ok=True iters=7
21:37:07 [INFO] [PROG] s*=6.02/6.21 (96.8%) dist_goal=0.27
21:37:07 [INFO] [MPC] state=(+2.86,-4.48,-1.46) wp0=(+2.65,-4.53) v=+0.068 ω=-0.026 ok=True iters=8
21:37:07 [INFO] [PROG] s*=6.02/6.21 (96.9%) dist_goal=0.26
21:37:07 [INFO] [MPC] state=(+2.86,-4.48,-1.46) wp0=(+2.65,-4.54) v=+0.067 ω=-0.026 ok=True iters=8
21:37:07 [INFO] [PROG] s*=6.03/6.21 (97.0%) dist_goal=0.26
21:37:07 [INFO] [MPC] state=(+2.86,-4.49,-1.47) wp0=(+2.65,-4.55) v=+0.066 ω=-0.026 ok=True iters=8
21:37:07 [INFO] [PROG] s*=6.04/6.21 (97.1%) dist_goal=0.26
21:37:07 [INFO] [MPC] state=(+2.86,-4.50,-1.47) wp0=(+2.65,-4.55) v=+0.065 ω=-0.025 ok=True iters=8
21:37:07 [INFO] [PROG] s*=6.04/6.21 (97.2%) dist_goal=0.25
21:37:07 [INFO] [MPC] state=(+2.86,-4.50,-1.47) wp0=(+2.65,-4.56) v=+0.064 ω=-0.025 ok=True iters=8
21:37:07 [INFO] [PROG] s*=6.05/6.21 (97.3%) dist_goal=0.25
21:37:07 [INFO] [MPC] state=(+2.86,-4.51,-1.47) wp0=(+2.65,-4.56) v=+0.063 ω=-0.024 ok=True iters=8
21:37:07 [INFO] [PROG] s*=6.06/6.21 (97.4%) dist_goal=0.25
21:37:07 [INFO] [MPC] state=(+2.86,-4.51,-1.48) wp0=(+2.65,-4.57) v=+0.063 ω=-0.023 ok=True iters=8
21:37:07 [INFO] [PROG] s*=6.06/6.21 (97.5%) dist_goal=0.25
21:37:07 [INFO] [MPC] state=(+2.86,-4.52,-1.48) wp0=(+2.65,-4.58) v=+0.062 ω=-0.023 ok=True iters=8
21:37:07 [INFO] [PROG] s*=6.07/6.21 (97.6%) dist_goal=0.24
21:37:07 [INFO] [MPC] state=(+2.86,-4.53,-1.48) wp0=(+2.65,-4.58) v=+0.061 ω=-0.022 ok=True iters=8
21:37:07 [INFO] [PROG] s*=6.07/6.21 (97.7%) dist_goal=0.24
21:37:07 [INFO] [MPC] state=(+2.86,-4.53,-1.48) wp0=(+2.65,-4.59) v=+0.061 ω=-0.021 ok=True iters=8
21:37:07 [INFO] [PROG] s*=6.08/6.21 (97.8%) dist_goal=0.24
21:37:07 [INFO] [MPC] state=(+2.86,-4.54,-1.48) wp0=(+2.65,-4.60) v=+0.060 ω=-0.335 ok=True iters=9
21:37:07 [INFO] [PROG] s*=6.09/6.21 (97.9%) dist_goal=0.24
21:37:07 [INFO] [MPC] state=(+2.86,-4.55,-1.52) wp0=(+2.65,-4.60) v=+0.059 ω=+0.100 ok=True iters=8
21:37:07 [INFO] [PROG] s*=6.09/6.21 (98.0%) dist_goal=0.23
21:37:07 [INFO] [MPC] state=(+2.86,-4.55,-1.51) wp0=(+2.65,-4.61) v=+0.059 ω=+0.064 ok=True iters=9
21:37:07 [INFO] [PROG] s*=6.10/6.21 (98.1%) dist_goal=0.23
21:37:07 [INFO] [MPC] state=(+2.86,-4.56,-1.51) wp0=(+2.65,-4.61) v=+0.058 ω=+0.038 ok=True iters=9
21:37:07 [INFO] [PROG] s*=6.10/6.21 (98.2%) dist_goal=0.23
21:37:07 [INFO] [MPC] state=(+2.86,-4.56,-1.50) wp0=(+2.65,-4.62) v=+0.058 ω=+0.018 ok=True iters=9
21:37:07 [INFO] [PROG] s*=6.11/6.21 (98.3%) dist_goal=0.23
21:37:07 [INFO] [MPC] state=(+2.87,-4.57,-1.50) wp0=(+2.65,-4.62) v=+0.058 ω=-0.300 ok=True iters=9
21:37:07 [ERROR] Error in step()
Traceback (most recent call last):
  File "/home/max/thesis_proj/pybullet2/crowdnav/env.py", line 707, in step
    theta_ref = _make_theta_ref(path_xy, self._theta_ref_prev, k_strong=3, alpha=0.25)
  File "/home/max/thesis_proj/pybullet2/crowdnav/env.py", line 95, in _make_theta_ref
    if theta_prev is not None and len(theta_prev) == len(ref):
UnboundLocalError: local variable 'ref' referenced before assignment
