20:46:08 [INFO] === New MPC Session Started ===
20:46:08 [DEBUG] matplotlib data path: /home/max/.local/lib/python3.10/site-packages/matplotlib/mpl-data
20:46:08 [DEBUG] CONFIGDIR=/home/max/.config/matplotlib
20:46:08 [DEBUG] interactive is False
20:46:08 [DEBUG] platform is linux
20:46:08 [DEBUG] CACHEDIR=/home/max/.cache/matplotlib
20:46:08 [DEBUG] Using fontManager instance from /home/max/.cache/matplotlib/fontlist-v390.json
20:46:09 [INFO] CrowdNavPyBulletEnv initializing...
20:46:13 [INFO] World ready | grid: (112, 112), res: 0.1, N=10, T=0.1
20:46:14 [INFO] [PROG] s*=0.00/2.87 (0.0%) dist_goal=2.64
20:46:14 [INFO] [MPC] state=(+5.04,-3.57,-3.09) wp0=(+4.97,-3.55) v=+0.200 ω=-1.183 ok=True iters=7
20:46:14 [INFO] [PROG] s*=0.00/2.87 (0.0%) dist_goal=2.62
20:46:14 [INFO] [MPC] state=(+5.03,-3.57,-3.15) wp0=(+4.97,-3.55) v=+0.200 ω=-1.015 ok=True iters=7
20:46:14 [INFO] [PROG] s*=0.02/2.87 (0.6%) dist_goal=2.61
20:46:14 [INFO] [MPC] state=(+5.02,-3.57,-3.23) wp0=(+4.95,-3.55) v=+0.200 ω=-0.693 ok=True iters=7
20:46:14 [INFO] [PROG] s*=0.04/2.87 (1.3%) dist_goal=2.59
20:46:14 [INFO] [MPC] state=(+5.00,-3.56,-3.27) wp0=(+4.93,-3.55) v=+0.200 ω=-0.612 ok=True iters=7
20:46:14 [INFO] [PROG] s*=0.05/2.87 (1.9%) dist_goal=2.57
20:46:14 [INFO] [MPC] state=(+4.98,-3.56,-3.30) wp0=(+4.92,-3.55) v=+0.200 ω=-0.518 ok=True iters=7
20:46:14 [INFO] [PROG] s*=0.07/2.87 (2.6%) dist_goal=2.56
20:46:14 [INFO] [MPC] state=(+4.97,-3.56,-3.34) wp0=(+4.90,-3.55) v=+0.200 ω=-0.031 ok=True iters=7
20:46:14 [INFO] [PROG] s*=0.09/2.87 (3.3%) dist_goal=2.54
20:46:14 [INFO] [MPC] state=(+4.95,-3.55,-3.34) wp0=(+4.88,-3.55) v=+0.200 ω=-0.336 ok=True iters=7
20:46:14 [INFO] [PROG] s*=0.11/2.87 (3.9%) dist_goal=2.52
20:46:14 [INFO] [MPC] state=(+4.93,-3.55,-3.36) wp0=(+4.86,-3.55) v=+0.200 ω=-0.279 ok=True iters=7
20:46:14 [INFO] [PROG] s*=0.13/2.87 (4.6%) dist_goal=2.51
20:46:14 [INFO] [MPC] state=(+4.91,-3.55,-3.38) wp0=(+4.84,-3.55) v=+0.200 ω=-0.214 ok=True iters=7
20:46:14 [INFO] [PROG] s*=0.15/2.87 (5.3%) dist_goal=2.49
20:46:14 [INFO] [MPC] state=(+4.89,-3.54,-3.40) wp0=(+4.82,-3.55) v=+0.200 ω=+0.249 ok=True iters=7
20:46:14 [INFO] [PROG] s*=0.17/2.87 (5.9%) dist_goal=2.48
20:46:14 [INFO] [MPC] state=(+4.87,-3.54,-3.38) wp0=(+4.80,-3.55) v=+0.200 ω=+0.221 ok=True iters=7
20:46:14 [INFO] [PROG] s*=0.19/2.87 (6.6%) dist_goal=2.46
20:46:14 [INFO] [MPC] state=(+4.85,-3.53,-3.36) wp0=(+4.78,-3.55) v=+0.200 ω=+0.198 ok=True iters=7
20:46:14 [INFO] [PROG] s*=0.21/2.87 (7.3%) dist_goal=2.44
20:46:14 [INFO] [MPC] state=(+4.83,-3.53,-3.35) wp0=(+4.76,-3.55) v=+0.200 ω=+0.178 ok=True iters=7
20:46:14 [INFO] [PROG] s*=0.23/2.87 (8.0%) dist_goal=2.43
20:46:14 [INFO] [MPC] state=(+4.81,-3.52,-3.33) wp0=(+4.74,-3.55) v=+0.200 ω=+0.078 ok=True iters=7
20:46:14 [INFO] [PROG] s*=0.25/2.87 (8.7%) dist_goal=2.41
20:46:14 [INFO] [MPC] state=(+4.79,-3.52,-3.33) wp0=(+4.72,-3.55) v=+0.200 ω=+0.086 ok=True iters=7
20:46:14 [INFO] [PROG] s*=0.27/2.87 (9.3%) dist_goal=2.39
20:46:14 [INFO] [MPC] state=(+4.77,-3.52,-3.32) wp0=(+4.70,-3.55) v=+0.200 ω=+0.615 ok=True iters=7
20:46:14 [INFO] [PROG] s*=0.29/2.87 (10.0%) dist_goal=2.38
20:46:14 [INFO] [MPC] state=(+4.75,-3.51,-3.28) wp0=(+4.68,-3.55) v=+0.200 ω=+0.014 ok=True iters=7
20:46:14 [INFO] [PROG] s*=0.31/2.87 (10.7%) dist_goal=2.36
20:46:14 [INFO] [MPC] state=(+4.73,-3.51,-3.28) wp0=(+4.66,-3.55) v=+0.200 ω=+0.028 ok=True iters=7
20:46:14 [INFO] [PROG] s*=0.32/2.87 (11.3%) dist_goal=2.34
20:46:14 [INFO] [MPC] state=(+4.71,-3.51,-3.27) wp0=(+4.65,-3.55) v=+0.200 ω=+0.575 ok=True iters=7
20:46:14 [INFO] [PROG] s*=0.34/2.87 (12.0%) dist_goal=2.33
20:46:14 [INFO] [MPC] state=(+4.70,-3.51,-3.24) wp0=(+4.63,-3.55) v=+0.200 ω=+0.396 ok=True iters=7
20:46:14 [INFO] [PROG] s*=0.36/2.87 (12.6%) dist_goal=2.31
20:46:14 [INFO] [MPC] state=(+4.68,-3.50,-3.22) wp0=(+4.61,-3.55) v=+0.200 ω=+0.348 ok=True iters=7
20:46:14 [INFO] [PROG] s*=0.38/2.87 (13.3%) dist_goal=2.29
20:46:14 [INFO] [MPC] state=(+4.66,-3.50,-3.19) wp0=(+4.59,-3.55) v=+0.200 ω=+0.302 ok=True iters=7
20:46:14 [INFO] [PROG] s*=0.40/2.87 (14.0%) dist_goal=2.28
20:46:14 [INFO] [MPC] state=(+4.64,-3.50,-3.18) wp0=(+4.57,-3.55) v=+0.200 ω=-0.283 ok=True iters=7
20:46:14 [INFO] [PROG] s*=0.42/2.87 (14.6%) dist_goal=2.26
20:46:14 [INFO] [MPC] state=(+4.62,-3.50,-3.20) wp0=(+4.55,-3.55) v=+0.200 ω=+0.611 ok=True iters=7
20:46:14 [INFO] [PROG] s*=0.43/2.87 (15.1%) dist_goal=2.25
20:46:14 [INFO] [MPC] state=(+4.60,-3.50,-3.16) wp0=(+4.54,-3.55) v=+0.200 ω=+0.918 ok=True iters=7
20:46:14 [INFO] [PROG] s*=0.45/2.87 (15.8%) dist_goal=2.23
20:46:14 [INFO] [MPC] state=(+4.59,-3.50,-3.12) wp0=(+4.52,-3.55) v=+0.200 ω=+0.510 ok=True iters=8
20:46:14 [INFO] [PROG] s*=0.47/2.87 (16.4%) dist_goal=2.21
20:46:14 [INFO] [MPC] state=(+4.57,-3.50,-3.09) wp0=(+4.50,-3.55) v=+0.200 ω=+0.567 ok=True iters=8
20:46:14 [INFO] [PROG] s*=0.49/2.87 (17.0%) dist_goal=2.20
20:46:14 [INFO] [MPC] state=(+4.55,-3.50,-3.06) wp0=(+4.48,-3.55) v=+0.200 ω=+0.611 ok=True iters=8
20:46:14 [INFO] [PROG] s*=0.51/2.87 (17.6%) dist_goal=2.18
20:46:14 [INFO] [MPC] state=(+4.53,-3.50,-3.03) wp0=(+4.46,-3.55) v=+0.200 ω=+0.466 ok=True iters=8
20:46:14 [INFO] [PROG] s*=0.53/2.87 (18.3%) dist_goal=2.16
20:46:14 [INFO] [MPC] state=(+4.51,-3.51,-3.00) wp0=(+4.45,-3.55) v=+0.200 ω=+0.364 ok=True iters=8
20:46:14 [INFO] [PROG] s*=0.54/2.87 (19.0%) dist_goal=2.14
20:46:14 [INFO] [MPC] state=(+4.49,-3.51,-2.98) wp0=(+4.43,-3.57) v=+0.200 ω=+0.275 ok=True iters=7
20:46:14 [INFO] [PROG] s*=0.56/2.87 (19.6%) dist_goal=2.12
20:46:14 [INFO] [MPC] state=(+4.48,-3.51,-2.96) wp0=(+4.42,-3.58) v=+0.200 ω=-0.615 ok=True iters=7
20:46:14 [INFO] [PROG] s*=0.57/2.87 (19.8%) dist_goal=2.11
20:46:14 [INFO] [MPC] state=(+4.46,-3.52,-2.99) wp0=(+4.41,-3.59) v=+0.200 ω=-0.680 ok=True iters=7
20:46:14 [INFO] [PROG] s*=0.57/2.87 (19.8%) dist_goal=2.09
20:46:14 [INFO] [MPC] state=(+4.44,-3.52,-3.03) wp0=(+4.41,-3.59) v=+0.200 ω=-0.745 ok=True iters=8
20:46:14 [INFO] [PROG] s*=0.58/2.87 (20.2%) dist_goal=2.07
20:46:14 [INFO] [MPC] state=(+4.42,-3.52,-3.08) wp0=(+4.41,-3.59) v=+0.200 ω=-0.875 ok=True iters=8
20:46:14 [INFO] [PROG] s*=0.59/2.87 (20.7%) dist_goal=2.06
20:46:14 [INFO] [MPC] state=(+4.40,-3.52,-3.13) wp0=(+4.40,-3.60) v=+0.200 ω=-0.344 ok=True iters=8
20:46:14 [INFO] [PROG] s*=0.61/2.87 (21.2%) dist_goal=2.04
20:46:14 [INFO] [MPC] state=(+4.39,-3.52,-3.16) wp0=(+4.39,-3.61) v=+0.200 ω=-0.324 ok=True iters=8
20:46:14 [INFO] [PROG] s*=0.62/2.87 (21.6%) dist_goal=2.02
20:46:14 [INFO] [MPC] state=(+4.37,-3.52,-3.18) wp0=(+4.38,-3.62) v=+0.200 ω=-0.148 ok=True iters=8
20:46:14 [INFO] [PROG] s*=0.63/2.87 (22.1%) dist_goal=2.01
20:46:14 [INFO] [MPC] state=(+4.35,-3.52,-3.20) wp0=(+4.37,-3.63) v=+0.200 ω=-0.133 ok=True iters=8
20:46:14 [INFO] [PROG] s*=0.65/2.87 (22.5%) dist_goal=1.99
20:46:14 [INFO] [MPC] state=(+4.33,-3.52,-3.21) wp0=(+4.36,-3.64) v=+0.200 ω=-0.046 ok=True iters=8
20:46:14 [INFO] [PROG] s*=0.78/2.87 (27.0%) dist_goal=1.97
20:46:14 [INFO] [MPC] state=(+4.31,-3.52,-3.21) wp0=(+4.24,-3.65) v=+0.200 ω=+0.032 ok=True iters=8
20:46:14 [INFO] [PROG] s*=0.79/2.87 (27.5%) dist_goal=1.96
20:46:14 [INFO] [MPC] state=(+4.29,-3.51,-3.21) wp0=(+4.22,-3.65) v=+0.200 ω=+1.699 ok=True iters=7
20:46:14 [INFO] [PROG] s*=0.80/2.87 (27.9%) dist_goal=1.95
20:46:14 [INFO] [MPC] state=(+4.27,-3.51,-3.13) wp0=(+4.21,-3.65) v=+0.200 ω=+1.392 ok=True iters=7
20:46:14 [INFO] [PROG] s*=0.82/2.87 (28.4%) dist_goal=1.93
20:46:14 [INFO] [MPC] state=(+4.26,-3.51,-3.06) wp0=(+4.19,-3.65) v=+0.200 ω=+1.345 ok=True iters=7
20:46:14 [INFO] [PROG] s*=0.83/2.87 (28.9%) dist_goal=1.92
20:46:14 [INFO] [MPC] state=(+4.24,-3.52,-2.99) wp0=(+4.18,-3.65) v=+0.200 ω=+1.508 ok=True iters=7
20:46:14 [INFO] [PROG] s*=0.85/2.87 (29.5%) dist_goal=1.91
20:46:14 [INFO] [MPC] state=(+4.23,-3.52,-2.91) wp0=(+4.17,-3.65) v=+0.200 ω=+0.852 ok=True iters=7
20:46:14 [INFO] [PROG] s*=0.86/2.87 (30.0%) dist_goal=1.89
20:46:14 [INFO] [MPC] state=(+4.22,-3.52,-2.86) wp0=(+4.15,-3.65) v=+0.200 ω=+0.659 ok=True iters=7
20:46:14 [INFO] [PROG] s*=0.88/2.87 (30.6%) dist_goal=1.87
20:46:14 [INFO] [MPC] state=(+4.20,-3.53,-2.82) wp0=(+4.14,-3.66) v=+0.200 ω=+0.555 ok=True iters=7
20:46:14 [INFO] [PROG] s*=0.90/2.87 (31.3%) dist_goal=1.85
20:46:14 [INFO] [MPC] state=(+4.18,-3.53,-2.78) wp0=(+4.12,-3.68) v=+0.200 ω=-0.169 ok=True iters=7
20:46:14 [INFO] [PROG] s*=0.91/2.87 (31.7%) dist_goal=1.83
20:46:14 [INFO] [MPC] state=(+4.16,-3.54,-2.80) wp0=(+4.11,-3.69) v=+0.200 ω=-0.585 ok=True iters=7
20:46:14 [INFO] [PROG] s*=0.91/2.87 (31.7%) dist_goal=1.81
20:46:14 [INFO] [MPC] state=(+4.14,-3.55,-2.83) wp0=(+4.11,-3.69) v=+0.200 ω=-0.605 ok=True iters=8
20:46:14 [INFO] [PROG] s*=0.91/2.87 (31.7%) dist_goal=1.80
20:46:14 [INFO] [MPC] state=(+4.13,-3.55,-2.87) wp0=(+4.11,-3.69) v=+0.200 ω=-0.503 ok=True iters=8
20:46:14 [INFO] [PROG] s*=0.91/2.87 (31.7%) dist_goal=1.78
20:46:14 [INFO] [MPC] state=(+4.11,-3.56,-2.90) wp0=(+4.11,-3.69) v=+0.200 ω=-0.396 ok=True iters=8
20:46:14 [INFO] [PROG] s*=0.91/2.87 (31.7%) dist_goal=1.76
20:46:14 [INFO] [MPC] state=(+4.09,-3.56,-2.92) wp0=(+4.11,-3.69) v=+0.200 ω=-0.182 ok=True iters=8
20:46:14 [INFO] [PROG] s*=0.93/2.87 (32.2%) dist_goal=1.74
20:46:14 [INFO] [MPC] state=(+4.07,-3.57,-2.94) wp0=(+4.10,-3.70) v=+0.200 ω=-0.122 ok=True iters=8
20:46:14 [INFO] [PROG] s*=0.94/2.87 (32.8%) dist_goal=1.72
20:46:14 [INFO] [MPC] state=(+4.05,-3.57,-2.95) wp0=(+4.09,-3.71) v=+0.200 ω=-0.260 ok=True iters=8
20:46:14 [INFO] [PROG] s*=0.96/2.87 (33.4%) dist_goal=1.70
20:46:14 [INFO] [MPC] state=(+4.03,-3.57,-2.97) wp0=(+4.08,-3.72) v=+0.200 ω=-0.299 ok=True iters=9
20:46:14 [INFO] [PROG] s*=0.97/2.87 (33.9%) dist_goal=1.68
20:46:14 [INFO] [MPC] state=(+4.01,-3.58,-2.99) wp0=(+4.07,-3.73) v=+0.200 ω=-0.447 ok=True iters=9
20:46:14 [INFO] [PROG] s*=1.13/2.87 (39.3%) dist_goal=1.67
20:46:14 [INFO] [MPC] state=(+3.99,-3.58,-3.01) wp0=(+3.93,-3.77) v=+0.200 ω=+0.031 ok=True iters=8
20:46:14 [INFO] [PROG] s*=1.14/2.87 (39.8%) dist_goal=1.65
20:46:14 [INFO] [MPC] state=(+3.97,-3.58,-3.01) wp0=(+3.92,-3.78) v=+0.200 ω=+1.695 ok=True iters=7
20:46:14 [INFO] [PROG] s*=1.15/2.87 (40.1%) dist_goal=1.64
20:46:14 [INFO] [MPC] state=(+3.96,-3.59,-2.93) wp0=(+3.91,-3.79) v=+0.200 ω=+1.255 ok=True iters=7
20:46:14 [INFO] [PROG] s*=1.15/2.87 (40.1%) dist_goal=1.62
20:46:14 [INFO] [MPC] state=(+3.94,-3.59,-2.86) wp0=(+3.91,-3.79) v=+0.200 ω=+1.119 ok=True iters=7
20:46:14 [INFO] [PROG] s*=1.15/2.87 (40.1%) dist_goal=1.61
20:46:14 [INFO] [MPC] state=(+3.93,-3.59,-2.80) wp0=(+3.91,-3.79) v=+0.200 ω=+0.953 ok=True iters=7
20:46:14 [INFO] [PROG] s*=1.15/2.87 (40.1%) dist_goal=1.59
20:46:14 [INFO] [MPC] state=(+3.91,-3.60,-2.74) wp0=(+3.91,-3.79) v=+0.200 ω=+0.616 ok=True iters=7
20:46:14 [INFO] [PROG] s*=1.15/2.87 (40.1%) dist_goal=1.57
20:46:14 [INFO] [MPC] state=(+3.90,-3.61,-2.71) wp0=(+3.91,-3.79) v=+0.200 ω=+0.521 ok=True iters=7
20:46:14 [INFO] [PROG] s*=1.15/2.87 (40.1%) dist_goal=1.55
20:46:14 [INFO] [MPC] state=(+3.88,-3.62,-2.68) wp0=(+3.91,-3.79) v=+0.200 ω=+0.433 ok=True iters=7
20:46:14 [INFO] [PROG] s*=1.15/2.87 (40.1%) dist_goal=1.53
20:46:14 [INFO] [MPC] state=(+3.86,-3.62,-2.65) wp0=(+3.91,-3.79) v=+0.200 ω=+0.241 ok=True iters=7
20:46:14 [INFO] [PROG] s*=1.16/2.87 (40.4%) dist_goal=1.51
20:46:14 [INFO] [MPC] state=(+3.85,-3.63,-2.63) wp0=(+3.91,-3.79) v=+0.200 ω=+0.377 ok=True iters=7
20:46:14 [INFO] [PROG] s*=1.18/2.87 (41.1%) dist_goal=1.49
20:46:14 [INFO] [MPC] state=(+3.83,-3.64,-2.61) wp0=(+3.90,-3.80) v=+0.200 ω=+0.311 ok=True iters=7
20:46:14 [INFO] [PROG] s*=1.20/2.87 (41.8%) dist_goal=1.47
20:46:14 [INFO] [MPC] state=(+3.81,-3.65,-2.59) wp0=(+3.88,-3.82) v=+0.200 ω=+0.081 ok=True iters=7
20:46:14 [INFO] [PROG] s*=1.22/2.87 (42.5%) dist_goal=1.45
20:46:14 [INFO] [MPC] state=(+3.80,-3.66,-2.58) wp0=(+3.87,-3.83) v=+0.200 ω=+0.217 ok=True iters=7
20:46:14 [INFO] [PROG] s*=1.24/2.87 (43.1%) dist_goal=1.43
20:46:14 [INFO] [MPC] state=(+3.78,-3.68,-2.57) wp0=(+3.85,-3.85) v=+0.200 ω=+0.167 ok=True iters=7
20:46:14 [INFO] [PROG] s*=1.26/2.87 (43.8%) dist_goal=1.41
20:46:14 [INFO] [MPC] state=(+3.76,-3.69,-2.55) wp0=(+3.84,-3.86) v=+0.200 ω=+0.125 ok=True iters=7
20:46:14 [INFO] [PROG] s*=1.28/2.87 (44.5%) dist_goal=1.39
20:46:14 [INFO] [MPC] state=(+3.75,-3.70,-2.54) wp0=(+3.83,-3.87) v=+0.200 ω=-0.114 ok=True iters=7
20:46:14 [INFO] [PROG] s*=1.30/2.87 (45.2%) dist_goal=1.38
20:46:14 [INFO] [MPC] state=(+3.73,-3.71,-2.55) wp0=(+3.81,-3.89) v=+0.200 ω=-0.743 ok=True iters=8
20:46:14 [INFO] [PROG] s*=1.31/2.87 (45.7%) dist_goal=1.36
20:46:14 [INFO] [MPC] state=(+3.71,-3.72,-2.59) wp0=(+3.80,-3.90) v=+0.200 ω=-1.161 ok=True iters=9
20:46:14 [INFO] [PROG] s*=1.33/2.87 (46.3%) dist_goal=1.34
20:46:14 [INFO] [MPC] state=(+3.70,-3.73,-2.66) wp0=(+3.79,-3.91) v=+0.200 ω=-1.025 ok=True iters=9
20:46:14 [INFO] [PROG] s*=1.35/2.87 (46.8%) dist_goal=1.32
20:46:14 [INFO] [MPC] state=(+3.69,-3.73,-2.71) wp0=(+3.78,-3.92) v=+0.200 ω=-0.958 ok=True iters=9
20:46:14 [INFO] [PROG] s*=1.53/2.87 (53.4%) dist_goal=1.31
20:46:14 [INFO] [MPC] state=(+3.67,-3.74,-2.77) wp0=(+3.60,-3.95) v=+0.200 ω=-0.738 ok=True iters=9
20:46:14 [INFO] [PROG] s*=1.55/2.87 (53.9%) dist_goal=1.29
20:46:14 [INFO] [MPC] state=(+3.65,-3.75,-2.81) wp0=(+3.59,-3.95) v=+0.200 ω=+1.236 ok=True iters=7
20:46:14 [INFO] [PROG] s*=1.56/2.87 (54.4%) dist_goal=1.28
20:46:14 [INFO] [MPC] state=(+3.64,-3.75,-2.74) wp0=(+3.57,-3.95) v=+0.200 ω=+1.084 ok=True iters=7
20:46:14 [INFO] [PROG] s*=1.58/2.87 (54.9%) dist_goal=1.26
20:46:14 [INFO] [MPC] state=(+3.62,-3.76,-2.68) wp0=(+3.56,-3.95) v=+0.200 ω=+0.888 ok=True iters=7
20:46:14 [INFO] [PROG] s*=1.59/2.87 (55.4%) dist_goal=1.24
20:46:14 [INFO] [MPC] state=(+3.61,-3.77,-2.63) wp0=(+3.55,-3.95) v=+0.200 ω=+0.621 ok=True iters=7
20:46:14 [INFO] [PROG] s*=1.61/2.87 (56.0%) dist_goal=1.22
20:46:14 [INFO] [MPC] state=(+3.59,-3.78,-2.60) wp0=(+3.53,-3.97) v=+0.200 ω=+0.500 ok=True iters=7
20:46:14 [INFO] [PROG] s*=1.62/2.87 (56.5%) dist_goal=1.20
20:46:14 [INFO] [MPC] state=(+3.58,-3.79,-2.57) wp0=(+3.52,-3.98) v=+0.200 ω=-0.014 ok=True iters=7
20:46:14 [INFO] [PROG] s*=1.64/2.87 (56.9%) dist_goal=1.18
20:46:14 [INFO] [MPC] state=(+3.56,-3.80,-2.57) wp0=(+3.51,-3.99) v=+0.200 ω=-0.579 ok=True iters=7
20:46:14 [INFO] [PROG] s*=1.64/2.87 (56.9%) dist_goal=1.17
20:46:14 [INFO] [MPC] state=(+3.55,-3.81,-2.60) wp0=(+3.51,-3.99) v=+0.200 ω=-0.725 ok=True iters=7
20:46:14 [INFO] [PROG] s*=1.64/2.87 (56.9%) dist_goal=1.15
20:46:14 [INFO] [MPC] state=(+3.53,-3.82,-2.64) wp0=(+3.51,-3.99) v=+0.200 ω=-0.573 ok=True iters=7
20:46:14 [INFO] [PROG] s*=1.64/2.87 (56.9%) dist_goal=1.13
20:46:14 [INFO] [MPC] state=(+3.51,-3.83,-2.68) wp0=(+3.51,-3.99) v=+0.200 ω=-0.444 ok=True iters=7
20:46:14 [INFO] [PROG] s*=1.64/2.87 (56.9%) dist_goal=1.11
20:46:14 [INFO] [MPC] state=(+3.50,-3.83,-2.71) wp0=(+3.51,-3.99) v=+0.200 ω=-0.260 ok=True iters=8
20:46:14 [INFO] [PROG] s*=1.64/2.87 (56.9%) dist_goal=1.09
20:46:14 [INFO] [MPC] state=(+3.48,-3.84,-2.72) wp0=(+3.51,-3.99) v=+0.200 ω=-0.191 ok=True iters=8
20:46:14 [INFO] [PROG] s*=1.65/2.87 (57.4%) dist_goal=1.07
20:46:14 [INFO] [MPC] state=(+3.46,-3.85,-2.74) wp0=(+3.51,-3.99) v=+0.200 ω=-0.131 ok=True iters=8
20:46:14 [INFO] [PROG] s*=1.67/2.87 (58.0%) dist_goal=1.05
20:46:14 [INFO] [MPC] state=(+3.44,-3.86,-2.75) wp0=(+3.49,-4.01) v=+0.200 ω=-0.257 ok=True iters=8
20:46:14 [INFO] [PROG] s*=1.68/2.87 (58.6%) dist_goal=1.03
20:46:14 [INFO] [MPC] state=(+3.42,-3.87,-2.77) wp0=(+3.48,-4.02) v=+0.200 ω=-0.299 ok=True iters=8
20:46:14 [INFO] [PROG] s*=1.70/2.87 (59.2%) dist_goal=1.01
20:46:14 [INFO] [MPC] state=(+3.40,-3.87,-2.79) wp0=(+3.47,-4.03) v=+0.200 ω=-0.367 ok=True iters=9
20:46:14 [INFO] [PROG] s*=1.86/2.87 (64.8%) dist_goal=0.99
20:46:14 [INFO] [MPC] state=(+3.39,-3.88,-2.81) wp0=(+3.33,-4.07) v=+0.200 ω=+0.016 ok=True iters=8
20:46:14 [INFO] [PROG] s*=1.88/2.87 (65.3%) dist_goal=0.98
20:46:14 [INFO] [MPC] state=(+3.37,-3.89,-2.81) wp0=(+3.32,-4.08) v=+0.200 ω=+0.879 ok=True iters=7
20:46:14 [INFO] [PROG] s*=1.88/2.87 (65.3%) dist_goal=0.96
20:46:14 [INFO] [MPC] state=(+3.35,-3.89,-2.76) wp0=(+3.31,-4.09) v=+0.200 ω=+0.159 ok=True iters=8
20:46:14 [INFO] [PROG] s*=1.88/2.87 (65.3%) dist_goal=0.94
20:46:14 [INFO] [MPC] state=(+3.33,-3.90,-2.75) wp0=(+3.31,-4.09) v=+0.200 ω=+0.077 ok=True iters=7
20:46:14 [INFO] [PROG] s*=1.88/2.87 (65.3%) dist_goal=0.92
20:46:14 [INFO] [MPC] state=(+3.31,-3.91,-2.74) wp0=(+3.31,-4.09) v=+0.200 ω=+0.049 ok=True iters=7
20:46:14 [INFO] [PROG] s*=1.88/2.87 (65.3%) dist_goal=0.90
20:46:14 [INFO] [MPC] state=(+3.30,-3.92,-2.73) wp0=(+3.31,-4.09) v=+0.200 ω=+0.032 ok=True iters=8
20:46:14 [INFO] [PROG] s*=1.88/2.87 (65.3%) dist_goal=0.88
20:46:14 [INFO] [MPC] state=(+3.28,-3.92,-2.73) wp0=(+3.31,-4.09) v=+0.200 ω=+0.021 ok=True iters=8
20:46:14 [INFO] [PROG] s*=1.88/2.87 (65.4%) dist_goal=0.86
20:46:14 [INFO] [MPC] state=(+3.26,-3.93,-2.73) wp0=(+3.31,-4.09) v=+0.200 ω=+0.047 ok=True iters=8
20:46:14 [INFO] [PROG] s*=1.90/2.87 (66.0%) dist_goal=0.84
20:46:14 [INFO] [MPC] state=(+3.24,-3.94,-2.72) wp0=(+3.30,-4.10) v=+0.200 ω=+0.007 ok=True iters=8
20:46:14 [INFO] [PROG] s*=1.92/2.87 (66.7%) dist_goal=0.82
20:46:14 [INFO] [MPC] state=(+3.22,-3.95,-2.72) wp0=(+3.29,-4.11) v=+0.200 ω=-0.244 ok=True iters=9
20:46:14 [INFO] [PROG] s*=1.93/2.87 (67.3%) dist_goal=0.80
20:46:14 [INFO] [MPC] state=(+3.20,-3.96,-2.74) wp0=(+3.27,-4.13) v=+0.200 ω=-0.369 ok=True iters=9
20:46:14 [INFO] [PROG] s*=2.10/2.87 (73.2%) dist_goal=0.78
20:46:14 [INFO] [MPC] state=(+3.18,-3.96,-2.77) wp0=(+3.13,-4.17) v=+0.200 ω=-0.351 ok=True iters=9
20:46:14 [INFO] [PROG] s*=2.12/2.87 (73.7%) dist_goal=0.76
20:46:14 [INFO] [MPC] state=(+3.17,-3.97,-2.79) wp0=(+3.12,-4.18) v=+0.195 ω=+0.894 ok=True iters=7
20:46:14 [INFO] [PROG] s*=2.12/2.87 (73.7%) dist_goal=0.75
20:46:14 [INFO] [MPC] state=(+3.15,-3.98,-2.74) wp0=(+3.11,-4.19) v=+0.191 ω=+0.098 ok=True iters=8
20:46:14 [INFO] [PROG] s*=2.12/2.87 (73.7%) dist_goal=0.73
20:46:14 [INFO] [MPC] state=(+3.13,-3.99,-2.72) wp0=(+3.11,-4.19) v=+0.187 ω=-0.013 ok=True iters=7
20:46:14 [INFO] [PROG] s*=2.12/2.87 (73.7%) dist_goal=0.71
20:46:14 [INFO] [MPC] state=(+3.12,-3.99,-2.73) wp0=(+3.11,-4.19) v=+0.182 ω=-0.037 ok=True iters=8
20:46:14 [INFO] [PROG] s*=2.12/2.87 (73.7%) dist_goal=0.69
20:46:14 [INFO] [MPC] state=(+3.10,-4.00,-2.73) wp0=(+3.11,-4.19) v=+0.177 ω=-0.042 ok=True iters=8
20:46:14 [INFO] [PROG] s*=2.12/2.87 (73.7%) dist_goal=0.68
20:46:14 [INFO] [MPC] state=(+3.08,-4.01,-2.73) wp0=(+3.11,-4.19) v=+0.173 ω=-0.010 ok=True iters=8
20:46:14 [INFO] [PROG] s*=2.12/2.87 (73.7%) dist_goal=0.66
20:46:14 [INFO] [MPC] state=(+3.07,-4.01,-2.74) wp0=(+3.11,-4.19) v=+0.169 ω=-0.065 ok=True iters=8
20:46:14 [INFO] [PROG] s*=2.12/2.87 (73.7%) dist_goal=0.64
20:46:14 [INFO] [MPC] state=(+3.05,-4.02,-2.74) wp0=(+3.11,-4.19) v=+0.165 ω=-0.061 ok=True iters=9
20:46:14 [INFO] [PROG] s*=2.13/2.87 (74.0%) dist_goal=0.63
20:46:14 [INFO] [MPC] state=(+3.04,-4.03,-2.75) wp0=(+3.11,-4.19) v=+0.138 ω=-0.060 ok=True iters=10
20:46:14 [INFO] [PROG] s*=2.13/2.87 (74.3%) dist_goal=0.62
20:46:14 [INFO] [MPC] state=(+3.02,-4.03,-2.75) wp0=(+3.10,-4.20) v=+0.068 ω=-0.223 ok=True iters=13
20:46:14 [INFO] [PROG] s*=2.14/2.87 (74.4%) dist_goal=0.62
20:46:14 [INFO] [MPC] state=(+3.02,-4.04,-2.77) wp0=(+3.10,-4.20) v=+0.030 ω=-0.223 ok=True iters=12
20:46:14 [INFO] [PROG] s*=2.14/2.87 (74.5%) dist_goal=0.62
20:46:14 [INFO] [MPC] state=(+3.01,-4.04,-2.80) wp0=(+3.10,-4.20) v=+0.030 ω=-0.206 ok=True iters=12
20:46:14 [INFO] [PROG] s*=2.14/2.87 (74.6%) dist_goal=0.61
20:46:14 [INFO] [MPC] state=(+3.01,-4.04,-2.82) wp0=(+3.10,-4.20) v=+0.030 ω=-0.304 ok=True iters=12
20:46:14 [INFO] [PROG] s*=2.14/2.87 (74.7%) dist_goal=0.61
20:46:14 [INFO] [MPC] state=(+3.01,-4.04,-2.85) wp0=(+3.10,-4.20) v=+0.030 ω=-0.270 ok=True iters=11
20:46:14 [INFO] [PROG] s*=2.15/2.87 (74.8%) dist_goal=0.61
20:46:14 [INFO] [MPC] state=(+3.00,-4.04,-2.88) wp0=(+3.09,-4.21) v=+0.030 ω=-0.245 ok=True iters=10
20:46:14 [INFO] [PROG] s*=2.15/2.87 (74.8%) dist_goal=0.61
20:46:14 [INFO] [MPC] state=(+3.00,-4.04,-2.90) wp0=(+3.09,-4.21) v=+0.030 ω=-0.227 ok=True iters=11
20:46:14 [INFO] [PROG] s*=2.15/2.87 (74.9%) dist_goal=0.60
20:46:14 [INFO] [MPC] state=(+3.00,-4.04,-2.93) wp0=(+3.09,-4.21) v=+0.030 ω=-0.126 ok=True iters=11
20:46:14 [INFO] [PROG] s*=2.16/2.87 (75.0%) dist_goal=0.60
20:46:14 [INFO] [MPC] state=(+2.99,-4.04,-2.94) wp0=(+3.09,-4.21) v=+0.030 ω=-0.204 ok=True iters=11
20:46:14 [INFO] [PROG] s*=2.16/2.87 (75.1%) dist_goal=0.60
20:46:14 [INFO] [MPC] state=(+2.99,-4.04,-2.96) wp0=(+3.09,-4.21) v=+0.030 ω=-0.190 ok=True iters=13
20:46:14 [INFO] [PROG] s*=2.16/2.87 (75.2%) dist_goal=0.60
20:46:14 [INFO] [MPC] state=(+2.99,-4.04,-2.98) wp0=(+3.09,-4.21) v=+0.030 ω=-0.175 ok=True iters=12
20:46:14 [INFO] [PROG] s*=2.16/2.87 (75.3%) dist_goal=0.59
20:46:14 [INFO] [MPC] state=(+2.99,-4.04,-3.00) wp0=(+3.08,-4.22) v=+0.030 ω=-0.154 ok=True iters=10
20:46:14 [INFO] [PROG] s*=2.16/2.87 (75.3%) dist_goal=0.59
20:46:14 [INFO] [MPC] state=(+2.98,-4.04,-3.01) wp0=(+3.08,-4.22) v=+0.030 ω=-0.139 ok=True iters=9
20:46:14 [INFO] [PROG] s*=2.17/2.87 (75.4%) dist_goal=0.59
20:46:14 [INFO] [MPC] state=(+2.98,-4.05,-3.03) wp0=(+3.08,-4.22) v=+0.030 ω=-0.126 ok=True iters=10
20:46:14 [INFO] [PROG] s*=2.17/2.87 (75.5%) dist_goal=0.59
20:46:14 [INFO] [MPC] state=(+2.98,-4.05,-3.04) wp0=(+3.08,-4.22) v=+0.030 ω=-0.102 ok=True iters=11
20:46:14 [INFO] [PROG] s*=2.17/2.87 (75.6%) dist_goal=0.58
20:46:14 [INFO] [MPC] state=(+2.97,-4.05,-3.05) wp0=(+3.08,-4.22) v=+0.030 ω=-0.081 ok=True iters=11
20:46:14 [INFO] [PROG] s*=2.17/2.87 (75.7%) dist_goal=0.58
20:46:14 [INFO] [MPC] state=(+2.97,-4.05,-3.06) wp0=(+3.08,-4.22) v=+0.030 ω=-0.064 ok=True iters=13
20:46:14 [INFO] [PROG] s*=2.34/2.87 (81.6%) dist_goal=0.58
20:46:14 [INFO] [MPC] state=(+2.97,-4.05,-3.06) wp0=(+2.93,-4.27) v=+0.030 ω=-0.068 ok=True iters=10
20:46:14 [INFO] [PROG] s*=2.35/2.87 (81.7%) dist_goal=0.58
20:46:14 [INFO] [MPC] state=(+2.97,-4.05,-3.07) wp0=(+2.92,-4.28) v=+0.060 ω=+1.748 ok=True iters=9
20:46:14 [INFO] [PROG] s*=2.36/2.87 (82.1%) dist_goal=0.57
20:46:14 [INFO] [MPC] state=(+2.96,-4.05,-2.93) wp0=(+2.92,-4.28) v=+0.144 ω=+1.155 ok=True iters=9
20:46:14 [INFO] [PROG] s*=2.36/2.87 (82.1%) dist_goal=0.55
20:46:14 [INFO] [MPC] state=(+2.95,-4.05,-2.82) wp0=(+2.91,-4.29) v=+0.142 ω=+0.332 ok=True iters=9
20:46:14 [INFO] [PROG] s*=2.36/2.87 (82.1%) dist_goal=0.54
20:46:14 [INFO] [MPC] state=(+2.94,-4.05,-2.79) wp0=(+2.91,-4.29) v=+0.139 ω=+0.066 ok=True iters=11
20:46:14 [INFO] [PROG] s*=2.36/2.87 (82.1%) dist_goal=0.54
20:46:14 [INFO] [MPC] state=(+2.93,-4.06,-2.78) wp0=(+2.91,-4.29) v=+0.031 ω=+0.026 ok=True iters=13
20:46:14 [INFO] [PROG] s*=2.36/2.87 (82.1%) dist_goal=0.54
20:46:14 [INFO] [MPC] state=(+2.92,-4.06,-2.78) wp0=(+2.91,-4.29) v=+0.030 ω=-0.017 ok=True iters=11
20:46:14 [INFO] [PROG] s*=2.36/2.87 (82.1%) dist_goal=0.53
20:46:14 [INFO] [MPC] state=(+2.92,-4.06,-2.78) wp0=(+2.91,-4.29) v=+0.030 ω=-0.042 ok=True iters=13
20:46:14 [INFO] [PROG] s*=2.36/2.87 (82.1%) dist_goal=0.53
20:46:14 [INFO] [MPC] state=(+2.92,-4.06,-2.79) wp0=(+2.91,-4.29) v=+0.030 ω=-0.067 ok=True iters=11
20:46:14 [INFO] [PROG] s*=2.36/2.87 (82.1%) dist_goal=0.53
20:46:14 [INFO] [MPC] state=(+2.91,-4.06,-2.79) wp0=(+2.91,-4.29) v=+0.030 ω=-0.086 ok=True iters=14
20:46:14 [INFO] [PROG] s*=2.36/2.87 (82.1%) dist_goal=0.53
20:46:14 [INFO] [MPC] state=(+2.91,-4.07,-2.80) wp0=(+2.91,-4.29) v=+0.030 ω=-0.100 ok=True iters=13
20:46:14 [INFO] [PROG] s*=2.36/2.87 (82.1%) dist_goal=0.52
20:46:14 [INFO] [MPC] state=(+2.91,-4.07,-2.81) wp0=(+2.91,-4.29) v=+0.030 ω=-0.109 ok=True iters=11
20:46:14 [INFO] [PROG] s*=2.36/2.87 (82.1%) dist_goal=0.52
20:46:14 [INFO] [MPC] state=(+2.91,-4.07,-2.82) wp0=(+2.91,-4.29) v=+0.030 ω=-0.116 ok=True iters=12
20:46:14 [INFO] [PROG] s*=2.36/2.87 (82.1%) dist_goal=0.52
20:46:14 [INFO] [MPC] state=(+2.90,-4.07,-2.83) wp0=(+2.91,-4.29) v=+0.030 ω=-0.111 ok=True iters=13
20:46:14 [INFO] [PROG] s*=2.36/2.87 (82.1%) dist_goal=0.51
20:46:14 [INFO] [MPC] state=(+2.90,-4.07,-2.85) wp0=(+2.91,-4.29) v=+0.030 ω=-0.065 ok=True iters=10
20:46:14 [INFO] [PROG] s*=2.36/2.87 (82.1%) dist_goal=0.51
20:46:14 [INFO] [MPC] state=(+2.90,-4.07,-2.85) wp0=(+2.91,-4.29) v=+0.030 ω=-0.129 ok=True iters=12
20:46:14 [INFO] [PROG] s*=2.36/2.87 (82.1%) dist_goal=0.51
20:46:14 [INFO] [MPC] state=(+2.89,-4.07,-2.87) wp0=(+2.91,-4.29) v=+0.030 ω=-0.113 ok=True iters=11
20:46:14 [INFO] [PROG] s*=2.36/2.87 (82.1%) dist_goal=0.51
20:46:14 [INFO] [MPC] state=(+2.89,-4.07,-2.88) wp0=(+2.91,-4.29) v=+0.030 ω=-0.099 ok=True iters=14
20:46:14 [INFO] [PROG] s*=2.36/2.87 (82.1%) dist_goal=0.50
20:46:14 [INFO] [MPC] state=(+2.89,-4.07,-2.89) wp0=(+2.91,-4.29) v=+0.030 ω=-0.083 ok=True iters=12
20:46:14 [INFO] [PROG] s*=2.36/2.87 (82.1%) dist_goal=0.50
20:46:14 [INFO] [MPC] state=(+2.89,-4.07,-2.89) wp0=(+2.91,-4.29) v=+0.030 ω=-0.067 ok=True iters=11
20:46:15 [INFO] [PROG] s*=2.36/2.87 (82.1%) dist_goal=0.50
20:46:15 [INFO] [MPC] state=(+2.88,-4.07,-2.90) wp0=(+2.91,-4.29) v=+0.030 ω=-0.056 ok=True iters=11
20:46:15 [INFO] [PROG] s*=2.36/2.87 (82.1%) dist_goal=0.50
20:46:15 [INFO] [MPC] state=(+2.88,-4.07,-2.91) wp0=(+2.91,-4.29) v=+0.030 ω=-0.045 ok=True iters=13
20:46:15 [INFO] [PROG] s*=2.36/2.87 (82.1%) dist_goal=0.49
20:46:15 [INFO] [MPC] state=(+2.88,-4.08,-2.91) wp0=(+2.91,-4.29) v=+0.030 ω=-0.035 ok=True iters=11
20:46:15 [INFO] [PROG] s*=2.36/2.87 (82.1%) dist_goal=0.49
20:46:15 [INFO] [MPC] state=(+2.87,-4.08,-2.92) wp0=(+2.91,-4.29) v=+0.030 ω=-0.029 ok=True iters=11
20:46:15 [INFO] [PROG] s*=2.36/2.87 (82.1%) dist_goal=0.49
20:46:15 [INFO] [MPC] state=(+2.87,-4.08,-2.92) wp0=(+2.91,-4.29) v=+0.030 ω=-0.025 ok=True iters=11
20:46:15 [INFO] [PROG] s*=2.36/2.87 (82.1%) dist_goal=0.49
20:46:15 [INFO] [MPC] state=(+2.87,-4.08,-2.92) wp0=(+2.91,-4.29) v=+0.030 ω=-0.022 ok=True iters=13
20:46:15 [INFO] [PROG] s*=2.36/2.87 (82.1%) dist_goal=0.49
20:46:15 [INFO] [MPC] state=(+2.87,-4.08,-2.92) wp0=(+2.91,-4.29) v=+0.030 ω=-0.017 ok=True iters=12
20:46:15 [INFO] [PROG] s*=2.36/2.87 (82.1%) dist_goal=0.48
20:46:15 [INFO] [MPC] state=(+2.86,-4.08,-2.92) wp0=(+2.91,-4.29) v=+0.030 ω=-0.012 ok=True iters=14
20:46:15 [INFO] [PROG] s*=2.36/2.87 (82.1%) dist_goal=0.48
20:46:15 [INFO] [MPC] state=(+2.86,-4.08,-2.93) wp0=(+2.91,-4.29) v=+0.030 ω=-0.010 ok=True iters=12
20:46:15 [INFO] [PROG] s*=2.36/2.87 (82.1%) dist_goal=0.48
20:46:15 [INFO] [MPC] state=(+2.86,-4.08,-2.93) wp0=(+2.91,-4.29) v=+0.030 ω=-0.008 ok=True iters=9
20:46:15 [INFO] [PROG] s*=2.36/2.87 (82.1%) dist_goal=0.48
20:46:15 [INFO] [MPC] state=(+2.85,-4.08,-2.93) wp0=(+2.91,-4.29) v=+0.030 ω=-0.007 ok=True iters=9
20:46:15 [INFO] [PROG] s*=2.36/2.87 (82.1%) dist_goal=0.47
20:46:15 [INFO] [MPC] state=(+2.85,-4.08,-2.93) wp0=(+2.91,-4.29) v=+0.030 ω=-0.007 ok=True iters=10
20:46:15 [INFO] [PROG] s*=2.36/2.87 (82.1%) dist_goal=0.47
20:46:15 [INFO] [MPC] state=(+2.85,-4.08,-2.93) wp0=(+2.91,-4.29) v=+0.030 ω=-0.006 ok=True iters=12
20:46:15 [INFO] [PROG] s*=2.36/2.87 (82.1%) dist_goal=0.47
20:46:15 [INFO] [MPC] state=(+2.85,-4.08,-2.93) wp0=(+2.91,-4.29) v=+0.030 ω=-0.004 ok=True iters=10
20:46:15 [INFO] [PROG] s*=2.36/2.87 (82.1%) dist_goal=0.47
20:46:15 [INFO] [MPC] state=(+2.84,-4.08,-2.93) wp0=(+2.91,-4.29) v=+0.030 ω=-0.004 ok=True iters=9
20:46:15 [INFO] [PROG] s*=2.36/2.87 (82.1%) dist_goal=0.47
20:46:15 [INFO] [MPC] state=(+2.84,-4.08,-2.93) wp0=(+2.91,-4.29) v=+0.030 ω=-0.003 ok=True iters=9
20:46:15 [INFO] [PROG] s*=2.36/2.87 (82.1%) dist_goal=0.46
20:46:15 [INFO] [MPC] state=(+2.84,-4.09,-2.93) wp0=(+2.91,-4.29) v=+0.030 ω=-0.003 ok=True iters=10
20:46:15 [INFO] [PROG] s*=2.36/2.87 (82.1%) dist_goal=0.46
20:46:15 [INFO] [MPC] state=(+2.84,-4.09,-2.93) wp0=(+2.91,-4.29) v=+0.030 ω=-0.003 ok=True iters=10
20:46:15 [INFO] [PROG] s*=2.36/2.87 (82.1%) dist_goal=0.46
20:46:15 [INFO] [MPC] state=(+2.83,-4.09,-2.93) wp0=(+2.91,-4.29) v=+0.030 ω=-0.003 ok=True iters=13
20:46:15 [INFO] [PROG] s*=2.36/2.87 (82.1%) dist_goal=0.46
20:46:15 [INFO] [MPC] state=(+2.83,-4.09,-2.93) wp0=(+2.91,-4.29) v=+0.030 ω=-0.003 ok=True iters=10
20:46:15 [INFO] [PROG] s*=2.36/2.87 (82.1%) dist_goal=0.45
20:46:15 [INFO] [MPC] state=(+2.83,-4.09,-2.93) wp0=(+2.91,-4.29) v=+0.030 ω=-0.002 ok=True iters=9
20:46:15 [INFO] [PROG] s*=2.36/2.87 (82.1%) dist_goal=0.45
20:46:15 [INFO] [MPC] state=(+2.82,-4.09,-2.93) wp0=(+2.91,-4.29) v=+0.030 ω=-0.003 ok=True iters=8
20:46:15 [INFO] [PROG] s*=2.36/2.87 (82.1%) dist_goal=0.45
20:46:15 [INFO] [MPC] state=(+2.82,-4.09,-2.93) wp0=(+2.91,-4.29) v=+0.030 ω=-0.002 ok=True iters=10
20:46:15 [INFO] [PROG] s*=2.36/2.87 (82.1%) dist_goal=0.45
20:46:15 [INFO] [MPC] state=(+2.82,-4.09,-2.93) wp0=(+2.91,-4.29) v=+0.030 ω=-0.003 ok=True iters=11
20:46:15 [INFO] [PROG] s*=2.36/2.87 (82.1%) dist_goal=0.45
20:46:15 [INFO] [MPC] state=(+2.82,-4.09,-2.93) wp0=(+2.91,-4.29) v=+0.030 ω=-0.003 ok=True iters=11
20:46:15 [INFO] [PROG] s*=2.36/2.87 (82.1%) dist_goal=0.44
20:46:15 [INFO] [MPC] state=(+2.81,-4.09,-2.93) wp0=(+2.91,-4.29) v=+0.030 ω=-0.003 ok=True iters=10
20:46:15 [INFO] [PROG] s*=2.36/2.87 (82.1%) dist_goal=0.44
20:46:15 [INFO] [MPC] state=(+2.81,-4.09,-2.93) wp0=(+2.91,-4.29) v=+0.030 ω=-0.003 ok=True iters=10
20:46:15 [INFO] [PROG] s*=2.36/2.87 (82.1%) dist_goal=0.44
20:46:15 [INFO] [MPC] state=(+2.81,-4.09,-2.94) wp0=(+2.91,-4.29) v=+0.030 ω=-0.003 ok=True iters=9
20:46:15 [INFO] [PROG] s*=2.36/2.87 (82.1%) dist_goal=0.44
20:46:15 [INFO] [MPC] state=(+2.80,-4.09,-2.94) wp0=(+2.91,-4.29) v=+0.030 ω=-0.004 ok=True iters=9
20:46:15 [INFO] [PROG] s*=2.36/2.87 (82.1%) dist_goal=0.43
20:46:15 [INFO] [MPC] state=(+2.80,-4.09,-2.94) wp0=(+2.91,-4.29) v=+0.030 ω=-0.004 ok=True iters=9
20:46:15 [INFO] [PROG] s*=2.36/2.87 (82.1%) dist_goal=0.43
20:46:15 [INFO] [MPC] state=(+2.80,-4.09,-2.94) wp0=(+2.91,-4.29) v=+0.030 ω=-0.004 ok=True iters=9
20:46:15 [INFO] [PROG] s*=2.36/2.87 (82.2%) dist_goal=0.43
20:46:15 [INFO] [MPC] state=(+2.80,-4.09,-2.94) wp0=(+2.91,-4.29) v=+0.030 ω=-0.004 ok=True iters=9
20:46:15 [INFO] [PROG] s*=2.36/2.87 (82.3%) dist_goal=0.43
20:46:15 [INFO] [MPC] state=(+2.79,-4.10,-2.94) wp0=(+2.91,-4.29) v=+0.030 ω=-0.069 ok=True iters=9
20:46:15 [INFO] [PROG] s*=2.37/2.87 (82.4%) dist_goal=0.43
20:46:15 [INFO] [MPC] state=(+2.79,-4.10,-2.94) wp0=(+2.91,-4.29) v=+0.030 ω=-0.114 ok=True iters=8
20:46:15 [INFO] [PROG] s*=2.37/2.87 (82.5%) dist_goal=0.42
20:46:15 [INFO] [MPC] state=(+2.79,-4.10,-2.96) wp0=(+2.91,-4.29) v=+0.030 ω=-0.100 ok=True iters=8
20:46:15 [INFO] [PROG] s*=2.37/2.87 (82.5%) dist_goal=0.42
20:46:15 [INFO] [MPC] state=(+2.78,-4.10,-2.97) wp0=(+2.91,-4.29) v=+0.030 ω=-0.092 ok=True iters=8
20:46:15 [INFO] [PROG] s*=2.37/2.87 (82.6%) dist_goal=0.42
20:46:15 [INFO] [MPC] state=(+2.78,-4.10,-2.98) wp0=(+2.90,-4.30) v=+0.030 ω=-0.087 ok=True iters=8
20:46:15 [INFO] [PROG] s*=2.38/2.87 (82.7%) dist_goal=0.42
20:46:15 [INFO] [MPC] state=(+2.78,-4.10,-2.98) wp0=(+2.90,-4.30) v=+0.030 ω=-0.106 ok=True iters=8
20:46:15 [INFO] [PROG] s*=2.38/2.87 (82.8%) dist_goal=0.42
20:46:15 [INFO] [MPC] state=(+2.78,-4.10,-2.99) wp0=(+2.90,-4.30) v=+0.030 ω=-0.097 ok=True iters=8
20:46:15 [INFO] [PROG] s*=2.38/2.87 (82.9%) dist_goal=0.41
20:46:15 [INFO] [MPC] state=(+2.77,-4.10,-3.00) wp0=(+2.90,-4.30) v=+0.030 ω=-0.093 ok=True iters=8
20:46:15 [INFO] [PROG] s*=2.38/2.87 (83.0%) dist_goal=0.41
20:46:15 [INFO] [MPC] state=(+2.77,-4.10,-3.01) wp0=(+2.90,-4.30) v=+0.030 ω=-0.090 ok=True iters=8
20:46:15 [INFO] [PROG] s*=2.39/2.87 (83.0%) dist_goal=0.41
20:46:15 [INFO] [MPC] state=(+2.77,-4.10,-3.02) wp0=(+2.90,-4.30) v=+0.030 ω=-0.089 ok=True iters=8
20:46:15 [INFO] [PROG] s*=2.39/2.87 (83.1%) dist_goal=0.41
20:46:15 [INFO] [MPC] state=(+2.76,-4.10,-3.03) wp0=(+2.90,-4.30) v=+0.030 ω=-0.087 ok=True iters=8
20:46:15 [INFO] [PROG] s*=2.39/2.87 (83.2%) dist_goal=0.41
20:46:15 [INFO] [MPC] state=(+2.76,-4.10,-3.04) wp0=(+2.89,-4.31) v=+0.030 ω=-0.086 ok=True iters=8
20:46:15 [INFO] [PROG] s*=2.39/2.87 (83.3%) dist_goal=0.40
20:46:15 [INFO] [MPC] state=(+2.76,-4.10,-3.05) wp0=(+2.89,-4.31) v=+0.030 ω=-0.086 ok=True iters=8
20:46:15 [INFO] [PROG] s*=2.39/2.87 (83.3%) dist_goal=0.40
20:46:15 [INFO] [MPC] state=(+2.76,-4.10,-3.06) wp0=(+2.89,-4.31) v=+0.030 ω=-0.085 ok=True iters=8
20:46:15 [INFO] [PROG] s*=2.40/2.87 (83.4%) dist_goal=0.40
20:46:15 [INFO] [MPC] state=(+2.75,-4.10,-3.07) wp0=(+2.89,-4.31) v=+0.030 ω=-0.083 ok=True iters=8
20:46:15 [INFO] [PROG] s*=2.60/2.87 (90.6%) dist_goal=0.40
20:46:15 [INFO] [MPC] state=(+2.75,-4.10,-3.07) wp0=(+2.71,-4.39) v=+0.030 ω=-0.079 ok=True iters=8
20:46:15 [INFO] [PROG] s*=2.60/2.87 (90.6%) dist_goal=0.40
20:46:15 [INFO] [MPC] state=(+2.75,-4.10,-3.08) wp0=(+2.71,-4.39) v=+0.030 ω=+2.400 ok=True iters=10
20:46:15 [INFO] [PROG] s*=2.60/2.87 (90.6%) dist_goal=0.40
20:46:15 [INFO] [MPC] state=(+2.75,-4.10,-2.90) wp0=(+2.71,-4.39) v=+0.030 ω=+2.078 ok=True iters=10
20:46:15 [INFO] [PROG] s*=2.60/2.87 (90.6%) dist_goal=0.40
20:46:15 [INFO] [MPC] state=(+2.75,-4.10,-2.69) wp0=(+2.71,-4.39) v=+0.030 ω=+1.371 ok=True iters=9
20:46:15 [INFO] [PROG] s*=2.60/2.87 (90.6%) dist_goal=0.39
20:46:15 [INFO] [MPC] state=(+2.74,-4.10,-2.55) wp0=(+2.71,-4.39) v=+0.030 ω=+0.907 ok=True iters=9
20:46:15 [INFO] [PROG] s*=2.60/2.87 (90.6%) dist_goal=0.39
20:46:15 [INFO] [MPC] state=(+2.74,-4.11,-2.46) wp0=(+2.71,-4.39) v=+0.030 ω=+0.618 ok=True iters=9
20:46:15 [INFO] [PROG] s*=2.60/2.87 (90.6%) dist_goal=0.39
20:46:15 [INFO] [MPC] state=(+2.74,-4.11,-2.40) wp0=(+2.71,-4.39) v=+0.030 ω=+0.399 ok=True iters=9
20:46:15 [INFO] [PROG] s*=2.60/2.87 (90.6%) dist_goal=0.39
20:46:15 [INFO] [MPC] state=(+2.74,-4.11,-2.36) wp0=(+2.71,-4.39) v=+0.030 ω=+0.288 ok=True iters=9
20:46:15 [INFO] [PROG] s*=2.60/2.87 (90.6%) dist_goal=0.38
20:46:15 [INFO] [MPC] state=(+2.74,-4.11,-2.33) wp0=(+2.71,-4.39) v=+0.030 ω=+0.191 ok=True iters=9
20:46:15 [INFO] [PROG] s*=2.60/2.87 (90.6%) dist_goal=0.38
20:46:15 [INFO] [MPC] state=(+2.73,-4.11,-2.31) wp0=(+2.71,-4.39) v=+0.030 ω=+0.129 ok=True iters=9
20:46:15 [INFO] [PROG] s*=2.60/2.87 (90.6%) dist_goal=0.38
20:46:15 [INFO] [MPC] state=(+2.73,-4.11,-2.29) wp0=(+2.71,-4.39) v=+0.030 ω=+0.088 ok=True iters=8
20:46:15 [INFO] [PROG] s*=2.60/2.87 (90.6%) dist_goal=0.38
20:46:15 [INFO] [MPC] state=(+2.73,-4.12,-2.29) wp0=(+2.71,-4.39) v=+0.030 ω=+0.063 ok=True iters=8
20:46:15 [INFO] [PROG] s*=2.60/2.87 (90.6%) dist_goal=0.37
20:46:15 [INFO] [MPC] state=(+2.73,-4.12,-2.28) wp0=(+2.71,-4.39) v=+0.030 ω=+0.045 ok=True iters=8
20:46:15 [INFO] [PROG] s*=2.60/2.87 (90.6%) dist_goal=0.37
20:46:15 [INFO] [MPC] state=(+2.73,-4.12,-2.27) wp0=(+2.71,-4.39) v=+0.030 ω=+0.034 ok=True iters=8
20:46:15 [INFO] [PROG] s*=2.60/2.87 (90.6%) dist_goal=0.37
20:46:15 [INFO] [MPC] state=(+2.73,-4.12,-2.27) wp0=(+2.71,-4.39) v=+0.030 ω=+0.029 ok=True iters=8
20:46:15 [INFO] [PROG] s*=2.60/2.87 (90.6%) dist_goal=0.36
20:46:15 [INFO] [MPC] state=(+2.72,-4.13,-2.27) wp0=(+2.71,-4.39) v=+0.030 ω=+0.024 ok=True iters=8
20:46:15 [INFO] [PROG] s*=2.60/2.87 (90.6%) dist_goal=0.36
20:46:15 [INFO] [MPC] state=(+2.72,-4.13,-2.26) wp0=(+2.71,-4.39) v=+0.030 ω=+0.022 ok=True iters=8
20:46:15 [INFO] [PROG] s*=2.60/2.87 (90.6%) dist_goal=0.36
20:46:15 [INFO] [MPC] state=(+2.72,-4.13,-2.26) wp0=(+2.71,-4.39) v=+0.030 ω=+0.020 ok=True iters=8
20:46:15 [INFO] [PROG] s*=2.60/2.87 (90.6%) dist_goal=0.36
20:46:15 [INFO] [MPC] state=(+2.72,-4.13,-2.26) wp0=(+2.71,-4.39) v=+0.030 ω=+0.019 ok=True iters=8
20:46:15 [INFO] [PROG] s*=2.60/2.87 (90.6%) dist_goal=0.35
20:46:15 [INFO] [MPC] state=(+2.72,-4.13,-2.26) wp0=(+2.71,-4.39) v=+0.030 ω=+0.020 ok=True iters=8
20:46:15 [INFO] [PROG] s*=2.60/2.87 (90.6%) dist_goal=0.35
20:46:15 [INFO] [MPC] state=(+2.71,-4.14,-2.25) wp0=(+2.71,-4.39) v=+0.030 ω=+0.019 ok=True iters=8
20:46:15 [INFO] [PROG] s*=2.60/2.87 (90.6%) dist_goal=0.35
20:46:15 [INFO] [MPC] state=(+2.71,-4.14,-2.25) wp0=(+2.71,-4.39) v=+0.030 ω=+0.021 ok=True iters=8
20:46:15 [INFO] [PROG] s*=2.60/2.87 (90.6%) dist_goal=0.34
20:46:15 [INFO] [MPC] state=(+2.71,-4.14,-2.25) wp0=(+2.71,-4.39) v=+0.030 ω=+0.024 ok=True iters=8
20:46:15 [INFO] [PROG] s*=2.60/2.87 (90.6%) dist_goal=0.34
20:46:15 [INFO] [MPC] state=(+2.71,-4.14,-2.25) wp0=(+2.71,-4.39) v=+0.030 ω=+0.023 ok=True iters=9
20:46:15 [INFO] [PROG] s*=2.60/2.87 (90.6%) dist_goal=0.34
20:46:15 [INFO] [MPC] state=(+2.71,-4.15,-2.25) wp0=(+2.71,-4.39) v=+0.030 ω=+0.024 ok=True iters=9
20:46:15 [INFO] [PROG] s*=2.60/2.87 (90.6%) dist_goal=0.34
20:46:15 [INFO] [MPC] state=(+2.70,-4.15,-2.24) wp0=(+2.71,-4.39) v=+0.030 ω=+0.024 ok=True iters=9
20:46:15 [INFO] [PROG] s*=2.60/2.87 (90.6%) dist_goal=0.33
20:46:15 [INFO] [MPC] state=(+2.70,-4.15,-2.24) wp0=(+2.71,-4.39) v=+0.030 ω=+0.025 ok=True iters=9
20:46:15 [INFO] [PROG] s*=2.60/2.87 (90.6%) dist_goal=0.33
20:46:15 [INFO] [MPC] state=(+2.70,-4.15,-2.24) wp0=(+2.71,-4.39) v=+0.030 ω=+0.077 ok=True iters=9
20:46:15 [INFO] [PROG] s*=2.60/2.87 (90.6%) dist_goal=0.33
20:46:15 [INFO] [MPC] state=(+2.70,-4.16,-2.23) wp0=(+2.71,-4.39) v=+0.030 ω=+0.062 ok=True iters=9
20:46:15 [INFO] [PROG] s*=2.60/2.87 (90.6%) dist_goal=0.32
20:46:15 [INFO] [MPC] state=(+2.70,-4.16,-2.22) wp0=(+2.71,-4.39) v=+0.030 ω=+0.053 ok=True iters=9
20:46:15 [INFO] [PROG] s*=2.60/2.87 (90.6%) dist_goal=0.32
20:46:15 [INFO] [MPC] state=(+2.69,-4.16,-2.22) wp0=(+2.71,-4.39) v=+0.030 ω=+0.047 ok=True iters=9
20:46:15 [INFO] [PROG] s*=2.60/2.87 (90.6%) dist_goal=0.32
20:46:15 [INFO] [MPC] state=(+2.69,-4.16,-2.21) wp0=(+2.71,-4.39) v=+0.030 ω=+0.043 ok=True iters=9
20:46:15 [INFO] [PROG] s*=2.60/2.87 (90.6%) dist_goal=0.32
20:46:15 [INFO] [MPC] state=(+2.69,-4.16,-2.21) wp0=(+2.71,-4.39) v=+0.030 ω=+0.042 ok=True iters=9
20:46:15 [INFO] [PROG] s*=2.60/2.87 (90.6%) dist_goal=0.31
20:46:15 [INFO] [MPC] state=(+2.69,-4.17,-2.20) wp0=(+2.71,-4.39) v=+0.030 ω=+0.040 ok=True iters=9
20:46:15 [INFO] [PROG] s*=2.60/2.87 (90.6%) dist_goal=0.31
20:46:15 [INFO] [MPC] state=(+2.69,-4.17,-2.20) wp0=(+2.71,-4.39) v=+0.030 ω=+0.040 ok=True iters=9
20:46:15 [INFO] [PROG] s*=2.60/2.87 (90.6%) dist_goal=0.31
20:46:15 [INFO] [MPC] state=(+2.69,-4.17,-2.19) wp0=(+2.71,-4.39) v=+0.030 ω=+0.042 ok=True iters=9
20:46:15 [INFO] [PROG] s*=2.60/2.87 (90.6%) dist_goal=0.30
20:46:15 [INFO] [MPC] state=(+2.68,-4.17,-2.19) wp0=(+2.71,-4.39) v=+0.030 ω=+0.041 ok=True iters=9
20:46:15 [INFO] [PROG] s*=2.60/2.87 (90.6%) dist_goal=0.30
20:46:15 [INFO] [MPC] state=(+2.68,-4.18,-2.19) wp0=(+2.71,-4.39) v=+0.030 ω=+0.043 ok=True iters=9
20:46:15 [INFO] [PROG] s*=2.60/2.87 (90.6%) dist_goal=0.30
20:46:15 [INFO] [MPC] state=(+2.68,-4.18,-2.18) wp0=(+2.71,-4.39) v=+0.030 ω=+0.048 ok=True iters=8
20:46:15 [INFO] [PROG] s*=2.60/2.87 (90.6%) dist_goal=0.30
20:46:15 [INFO] [MPC] state=(+2.68,-4.18,-2.18) wp0=(+2.71,-4.39) v=+0.030 ω=+0.048 ok=True iters=8
20:46:15 [INFO] [PROG] s*=2.60/2.87 (90.6%) dist_goal=0.29
20:46:15 [INFO] [MPC] state=(+2.68,-4.18,-2.17) wp0=(+2.71,-4.39) v=+0.030 ω=+0.049 ok=True iters=8
20:46:15 [INFO] [PROG] s*=2.60/2.87 (90.6%) dist_goal=0.29
20:46:15 [INFO] [MPC] state=(+2.68,-4.19,-2.17) wp0=(+2.71,-4.39) v=+0.030 ω=+0.050 ok=True iters=8
20:46:15 [INFO] [PROG] s*=2.60/2.87 (90.6%) dist_goal=0.29
20:46:15 [INFO] [MPC] state=(+2.67,-4.19,-2.16) wp0=(+2.71,-4.39) v=+0.030 ω=+0.051 ok=True iters=8
20:46:15 [INFO] [PROG] s*=2.60/2.87 (90.6%) dist_goal=0.28
20:46:15 [INFO] [MPC] state=(+2.67,-4.19,-2.16) wp0=(+2.71,-4.39) v=+0.030 ω=+0.053 ok=True iters=8
20:46:15 [INFO] [PROG] s*=2.60/2.87 (90.6%) dist_goal=0.28
20:46:15 [INFO] [MPC] state=(+2.67,-4.19,-2.15) wp0=(+2.71,-4.39) v=+0.030 ω=+0.052 ok=True iters=8
20:46:15 [INFO] [PROG] s*=2.60/2.87 (90.6%) dist_goal=0.28
20:46:15 [INFO] [MPC] state=(+2.67,-4.20,-2.14) wp0=(+2.71,-4.39) v=+0.030 ω=+0.055 ok=True iters=8
20:46:15 [INFO] [PROG] s*=2.60/2.87 (90.6%) dist_goal=0.28
20:46:15 [INFO] [MPC] state=(+2.67,-4.20,-2.14) wp0=(+2.71,-4.39) v=+0.030 ω=+0.057 ok=True iters=8
20:46:15 [INFO] [PROG] s*=2.60/2.87 (90.6%) dist_goal=0.27
20:46:15 [INFO] [MPC] state=(+2.67,-4.20,-2.13) wp0=(+2.71,-4.39) v=+0.030 ω=+0.058 ok=True iters=8
20:46:15 [INFO] [PROG] s*=2.60/2.87 (90.6%) dist_goal=0.27
20:46:15 [INFO] [MPC] state=(+2.66,-4.20,-2.13) wp0=(+2.71,-4.39) v=+0.030 ω=+0.062 ok=True iters=8
20:46:15 [INFO] [PROG] s*=2.60/2.87 (90.6%) dist_goal=0.27
20:46:15 [INFO] [MPC] state=(+2.66,-4.20,-2.12) wp0=(+2.71,-4.39) v=+0.030 ω=+0.157 ok=True iters=8
20:46:15 [INFO] [PROG] s*=2.60/2.87 (90.6%) dist_goal=0.26
20:46:15 [INFO] [MPC] state=(+2.66,-4.21,-2.10) wp0=(+2.71,-4.39) v=+0.030 ω=+0.127 ok=True iters=8
20:46:15 [INFO] [PROG] s*=2.60/2.87 (90.6%) dist_goal=0.26
20:46:15 [INFO] [MPC] state=(+2.66,-4.21,-2.09) wp0=(+2.71,-4.39) v=+0.030 ω=+0.110 ok=True iters=8
20:46:15 [INFO] [PROG] s*=2.60/2.87 (90.6%) dist_goal=0.26
20:46:15 [INFO] [MPC] state=(+2.66,-4.21,-2.08) wp0=(+2.71,-4.39) v=+0.030 ω=+0.100 ok=True iters=8
20:46:15 [INFO] [PROG] s*=2.60/2.87 (90.6%) dist_goal=0.26
20:46:15 [INFO] [MPC] state=(+2.66,-4.21,-2.07) wp0=(+2.71,-4.39) v=+0.030 ω=+0.092 ok=True iters=8
20:46:15 [INFO] [PROG] s*=2.60/2.87 (90.6%) dist_goal=0.25
20:46:15 [INFO] [MPC] state=(+2.65,-4.22,-2.06) wp0=(+2.71,-4.39) v=+0.030 ω=+0.089 ok=True iters=8
20:46:15 [INFO] [PROG] s*=2.60/2.87 (90.6%) dist_goal=0.25
20:46:15 [INFO] [MPC] state=(+2.65,-4.22,-2.05) wp0=(+2.71,-4.39) v=+0.030 ω=+0.088 ok=True iters=8
20:46:15 [INFO] [PROG] s*=2.60/2.87 (90.6%) dist_goal=0.25
20:46:15 [INFO] [MPC] state=(+2.65,-4.22,-2.04) wp0=(+2.71,-4.39) v=+0.030 ω=+0.086 ok=True iters=8
20:46:15 [INFO] [PROG] s*=2.60/2.87 (90.6%) dist_goal=0.24
20:46:15 [INFO] [MPC] state=(+2.65,-4.22,-2.03) wp0=(+2.71,-4.39) v=+0.030 ω=+0.086 ok=True iters=8
20:46:15 [INFO] [PROG] s*=2.60/2.87 (90.6%) dist_goal=0.24
20:46:15 [INFO] [MPC] state=(+2.65,-4.23,-2.02) wp0=(+2.71,-4.39) v=+0.030 ω=+0.087 ok=True iters=8
20:46:15 [INFO] [PROG] s*=2.60/2.87 (90.6%) dist_goal=0.24
20:46:15 [INFO] [MPC] state=(+2.65,-4.23,-2.01) wp0=(+2.71,-4.39) v=+0.030 ω=+0.090 ok=True iters=8
20:46:15 [INFO] [PROG] s*=2.60/2.87 (90.6%) dist_goal=0.24
20:46:15 [INFO] [MPC] state=(+2.65,-4.23,-2.00) wp0=(+2.71,-4.39) v=+0.030 ω=+0.092 ok=True iters=8
20:46:15 [INFO] [PROG] s*=2.60/2.87 (90.6%) dist_goal=0.23
20:46:15 [INFO] [MPC] state=(+2.65,-4.23,-1.99) wp0=(+2.71,-4.39) v=+0.030 ω=+0.203 ok=True iters=9
20:46:15 [INFO] [PROG] s*=2.60/2.87 (90.6%) dist_goal=0.23
20:46:15 [INFO] [MPC] state=(+2.64,-4.24,-1.97) wp0=(+2.71,-4.39) v=+0.030 ω=+0.170 ok=True iters=9
20:46:15 [INFO] [PROG] s*=2.60/2.87 (90.6%) dist_goal=0.23
20:46:15 [INFO] [MPC] state=(+2.64,-4.24,-1.96) wp0=(+2.71,-4.39) v=+0.030 ω=+0.148 ok=True iters=9
20:46:15 [INFO] [PROG] s*=2.60/2.87 (90.7%) dist_goal=0.22
20:46:15 [INFO] [MPC] state=(+2.64,-4.24,-1.94) wp0=(+2.71,-4.39) v=+0.030 ω=+0.133 ok=True iters=9
20:46:15 [INFO] [PROG] s*=2.61/2.87 (90.7%) dist_goal=0.22
20:46:15 [INFO] [MPC] state=(+2.64,-4.25,-1.93) wp0=(+2.71,-4.39) v=+0.030 ω=+0.121 ok=True iters=9
20:46:15 [INFO] [PROG] s*=2.61/2.87 (90.8%) dist_goal=0.22
20:46:15 [INFO] [MPC] state=(+2.64,-4.25,-1.91) wp0=(+2.71,-4.39) v=+0.030 ω=+0.116 ok=True iters=9
20:46:15 [INFO] [PROG] s*=2.61/2.87 (90.9%) dist_goal=0.22
20:46:15 [INFO] [MPC] state=(+2.64,-4.25,-1.90) wp0=(+2.71,-4.39) v=+0.030 ω=+0.109 ok=True iters=9
20:46:15 [INFO] [PROG] s*=2.61/2.87 (91.0%) dist_goal=0.21
20:46:15 [INFO] [MPC] state=(+2.64,-4.25,-1.89) wp0=(+2.71,-4.39) v=+0.030 ω=+0.110 ok=True iters=9
20:46:15 [INFO] [PROG] s*=2.62/2.87 (91.1%) dist_goal=0.21
20:46:15 [INFO] [MPC] state=(+2.64,-4.26,-1.88) wp0=(+2.70,-4.40) v=+0.030 ω=+0.105 ok=True iters=9
20:46:15 [INFO] [PROG] s*=2.62/2.87 (91.2%) dist_goal=0.21
20:46:15 [INFO] [MPC] state=(+2.64,-4.26,-1.87) wp0=(+2.70,-4.40) v=+0.030 ω=+0.202 ok=True iters=9
20:46:15 [INFO] [PROG] s*=2.62/2.87 (91.3%) dist_goal=0.21
20:46:15 [INFO] [MPC] state=(+2.64,-4.26,-1.85) wp0=(+2.70,-4.40) v=+0.030 ω=+0.174 ok=True iters=9
20:46:15 [INFO] [PROG] s*=2.62/2.87 (91.3%) dist_goal=0.20
20:46:15 [INFO] [MPC] state=(+2.63,-4.26,-1.83) wp0=(+2.70,-4.40) v=+0.030 ω=+0.148 ok=True iters=9
20:46:15 [INFO] [PROG] s*=2.63/2.87 (91.4%) dist_goal=0.20
20:46:15 [INFO] [MPC] state=(+2.63,-4.27,-1.81) wp0=(+2.70,-4.40) v=+0.030 ω=+0.134 ok=True iters=9
20:46:15 [INFO] [PROG] s*=2.63/2.87 (91.5%) dist_goal=0.20
20:46:15 [INFO] [MPC] state=(+2.63,-4.27,-1.80) wp0=(+2.70,-4.40) v=+0.030 ω=+0.125 ok=True iters=9
20:46:15 [INFO] [PROG] s*=2.63/2.87 (91.6%) dist_goal=0.19
20:46:15 [INFO] [MPC] state=(+2.63,-4.27,-1.79) wp0=(+2.69,-4.41) v=+0.030 ω=+0.115 ok=True iters=9
20:46:15 [INFO] [PROG] s*=2.63/2.87 (91.7%) dist_goal=0.19
20:46:15 [INFO] [MPC] state=(+2.63,-4.27,-1.77) wp0=(+2.69,-4.41) v=+0.030 ω=+0.115 ok=True iters=9
20:46:15 [INFO] [PROG] s*=2.64/2.87 (91.7%) dist_goal=0.19
20:46:15 [INFO] [MPC] state=(+2.63,-4.28,-1.76) wp0=(+2.69,-4.41) v=+0.030 ω=+0.105 ok=True iters=9
20:46:15 [INFO] [PROG] s*=2.64/2.87 (91.8%) dist_goal=0.19
20:46:15 [INFO] [MPC] state=(+2.63,-4.28,-1.75) wp0=(+2.69,-4.41) v=+0.030 ω=+0.100 ok=True iters=9
20:46:15 [INFO] [PROG] s*=2.64/2.87 (91.9%) dist_goal=0.18
20:46:15 [INFO] [MPC] state=(+2.63,-4.28,-1.74) wp0=(+2.69,-4.41) v=+0.030 ω=+0.169 ok=True iters=9
20:46:15 [INFO] [PROG] s*=2.64/2.87 (92.0%) dist_goal=0.18
20:46:15 [INFO] [MPC] state=(+2.63,-4.28,-1.72) wp0=(+2.69,-4.41) v=+0.030 ω=+0.150 ok=True iters=9
20:46:15 [INFO] [PROG] s*=2.64/2.87 (92.1%) dist_goal=0.18
20:46:15 [INFO] [MPC] state=(+2.63,-4.29,-1.71) wp0=(+2.68,-4.42) v=+0.030 ω=+0.135 ok=True iters=9
20:46:15 [INFO] [PROG] s*=2.65/2.87 (92.1%) dist_goal=0.18
20:46:15 [INFO] [MPC] state=(+2.63,-4.29,-1.69) wp0=(+2.68,-4.42) v=+0.030 ω=-0.036 ok=True iters=8
20:46:15 [INFO] [PROG] s*=2.65/2.87 (92.2%) dist_goal=0.17
20:46:15 [INFO] [MPC] state=(+2.63,-4.29,-1.70) wp0=(+2.68,-4.42) v=+0.030 ω=-0.217 ok=True iters=9
20:46:15 [INFO] [PROG] s*=2.65/2.87 (92.3%) dist_goal=0.17
20:46:15 [INFO] [MPC] state=(+2.63,-4.30,-1.72) wp0=(+2.68,-4.42) v=+0.030 ω=-0.357 ok=True iters=9
20:46:15 [INFO] [PROG] s*=2.65/2.87 (92.4%) dist_goal=0.17
20:46:15 [INFO] [MPC] state=(+2.63,-4.30,-1.76) wp0=(+2.68,-4.42) v=+0.030 ω=-0.504 ok=True iters=9
20:46:15 [INFO] [PROG] s*=2.66/2.87 (92.5%) dist_goal=0.16
20:46:15 [INFO] [MPC] state=(+2.63,-4.30,-1.81) wp0=(+2.67,-4.43) v=+0.030 ω=-0.803 ok=True iters=10
20:46:15 [INFO] [PROG] s*=2.66/2.87 (92.6%) dist_goal=0.16
20:46:15 [INFO] [MPC] state=(+2.63,-4.31,-1.89) wp0=(+2.67,-4.43) v=+0.030 ω=-0.968 ok=True iters=8
20:46:15 [INFO] [PROG] s*=2.66/2.87 (92.8%) dist_goal=0.16
20:46:15 [INFO] [MPC] state=(+2.62,-4.31,-1.99) wp0=(+2.67,-4.43) v=+0.030 ω=-1.609 ok=True iters=11
20:46:15 [INFO] [PROG] s*=2.67/2.87 (92.9%) dist_goal=0.15
20:46:15 [INFO] [MPC] state=(+2.62,-4.31,-2.15) wp0=(+2.67,-4.43) v=+0.030 ω=-2.264 ok=True iters=13
20:46:15 [INFO] [PROG] s*=2.67/2.87 (93.1%) dist_goal=0.15
20:46:15 [INFO] [MPC] state=(+2.62,-4.32,-2.37) wp0=(+2.66,-4.44) v=+0.030 ω=-1.728 ok=True iters=14
20:46:15 [INFO] [PROG] s*=2.68/2.87 (93.2%) dist_goal=0.14
20:46:15 [INFO] [MPC] state=(+2.62,-4.32,-2.55) wp0=(+2.66,-4.44) v=+0.030 ω=-2.400 ok=True iters=11
20:46:15 [INFO] [PROG] s*=2.68/2.87 (93.3%) dist_goal=0.14
20:46:15 [INFO] [MPC] state=(+2.61,-4.32,-2.78) wp0=(+2.66,-4.44) v=+0.030 ω=-2.400 ok=True iters=11
20:46:15 [INFO] [PROG] s*=2.68/2.87 (93.4%) dist_goal=0.14
20:46:15 [INFO] [MPC] state=(+2.61,-4.32,-3.01) wp0=(+2.66,-4.44) v=+0.030 ω=-2.400 ok=True iters=11
20:46:15 [INFO] [PROG] s*=2.69/2.87 (93.5%) dist_goal=0.14
20:46:15 [INFO] [MPC] state=(+2.60,-4.32,-3.23) wp0=(+2.66,-4.44) v=+0.030 ω=-2.400 ok=True iters=10
20:46:15 [INFO] [PROG] s*=2.69/2.87 (93.5%) dist_goal=0.14
20:46:15 [INFO] [MPC] state=(+2.60,-4.32,-3.47) wp0=(+2.65,-4.45) v=+0.030 ω=-2.400 ok=True iters=10
20:46:15 [INFO] [PROG] s*=2.69/2.87 (93.5%) dist_goal=0.14
20:46:15 [INFO] [MPC] state=(+2.60,-4.32,-3.69) wp0=(+2.65,-4.45) v=+0.030 ω=-2.137 ok=True iters=11
20:46:15 [ERROR] Error in step()
Traceback (most recent call last):
  File "/home/max/thesis_proj/pybullet2/crowdnav/env.py", line 707, in step
    theta_ref = _make_theta_ref(path_xy, self._theta_ref_prev, k_strong=3, alpha=0.25)
  File "/home/max/thesis_proj/pybullet2/crowdnav/env.py", line 95, in _make_theta_ref
    if theta_prev is not None and len(theta_prev) == len(ref):
UnboundLocalError: local variable 'ref' referenced before assignment
