20:08:05 [INFO] === New MPC Session Started ===
20:08:05 [DEBUG] matplotlib data path: /usr/share/matplotlib/mpl-data
20:08:05 [DEBUG] CONFIGDIR=/home/max/.config/matplotlib
20:08:05 [DEBUG] interactive is False
20:08:05 [DEBUG] platform is linux
20:08:05 [DEBUG] loaded modules: ['sys', 'builtins', '_frozen_importlib', '_imp', '_thread', '_warnings', '_weakref', '_io', 'marshal', 'posix', '_frozen_importlib_external', 'time', 'zipimport', '_codecs', 'codecs', 'encodings.aliases', 'encodings', 'encodings.utf_8', '_signal', '_abc', 'abc', 'io', '__main__', '_stat', 'stat', '_collections_abc', 'genericpath', 'posixpath', 'os.path', 'os', '_sitebuiltins', 'types', 'importlib._bootstrap', 'importlib._bootstrap_external', 'warnings', 'importlib', 'importlib._abc', 'itertools', 'keyword', '_operator', 'operator', 'reprlib', '_collections', 'collections', '_functools', 'functools', 'contextlib', 'importlib.util', 'importlib.machinery', 'mpl_toolkits', 'phply', 'ruamel', 'zope', 'apport_python_hook', 'sitecustomize', 'site', 'crowdnav', 'crowdnav.env', 'gym.error', 'gym.version', 'collections.abc', 'enum', '_sre', 'sre_constants', 'sre_parse', 'sre_compile', '_locale', 'copyreg', 're', 'typing.io', 'typing.re', 'typing', 'numpy._utils._convertions', 'numpy._utils', 'numpy._globals', 'numpy.exceptions', 'numpy.version', 'numpy._distributor_init', 'numpy._utils._inspect', 'math', '_datetime', 'datetime', 'numpy.core._exceptions', 'numpy.dtypes', 'numpy.core._multiarray_umath', 'numpy.core.overrides', 'numpy.core.multiarray', 'numpy.core.umath', 'numbers', 'numpy.core._string_helpers', 'fnmatch', 'ntpath', 'errno', 'urllib', 'ipaddress', 'urllib.parse', 'pathlib', '_struct', 'struct', '_compat_pickle', '_pickle', 'pickle', 'numpy.compat.py3k', 'numpy.compat', 'numpy.core._dtype', 'numpy.core._type_aliases', 'numpy.core.numerictypes', '_contextvars', 'contextvars', 'numpy.core._ufunc_config', 'numpy.core._methods', 'numpy.core.fromnumeric', 'numpy.core.shape_base', 'numpy.core.arrayprint', 'numpy.core._asarray', 'numpy.core.numeric', 'numpy.core.defchararray', 'numpy.core.records', 'numpy.core.memmap', 'numpy.core.function_base', 'numpy.core._machar', 'numpy.core.getlimits', 'numpy.core.einsumfunc', 'numpy.core._multiarray_tests', 'numpy.core._add_newdocs', 'numpy.core._add_newdocs_scalars', 'numpy.core._dtype_ctypes', '_ast', 'ast', '_ctypes', 'ctypes._endian', 'ctypes', 'numpy.core._internal', 'numpy._pytesttester', 'numpy.core', 'numpy.__config__', 'numpy.lib.mixins', 'numpy.lib.ufunclike', 'numpy.lib.type_check', 'numpy.lib.scimath', 'numpy.lib.stride_tricks', 'numpy.lib.twodim_base', 'numpy.linalg._umath_linalg', '__future__', 'numpy._typing._nested_sequence', 'numpy._typing._nbit', 'numpy._typing._char_codes', 'numpy._typing._scalars', 'numpy._typing._shape', 'numpy._typing._dtype_like', 'numpy._typing._array_like', 'numpy._typing', 'numpy.linalg.linalg', 'numpy.linalg', 'numpy.matrixlib.defmatrix', 'numpy.matrixlib', 'numpy.lib.histograms', 'numpy.lib.function_base', 'numpy.lib.index_tricks', 'numpy.lib.nanfunctions', 'numpy.lib.shape_base', 'numpy.lib.polynomial', 'textwrap', 'signal', '_weakrefset', 'threading', 'fcntl', '_posixsubprocess', 'select', 'selectors', 'subprocess', 'platform', 'numpy.lib.utils', 'numpy.lib.arraysetops', 'weakref', 'numpy.lib.format', 'numpy.lib._datasource', 'numpy.lib._iotools', 'numpy.lib.npyio', 'numpy.lib.arrayterator', 'numpy.lib.arraypad', 'numpy.lib._version', 'numpy.lib', 'numpy.fft._pocketfft_internal', 'numpy.fft._pocketfft', 'numpy.fft.helper', 'numpy.fft', 'numpy.polynomial.polyutils', 'numpy.polynomial._polybase', 'numpy.polynomial.polynomial', 'numpy.polynomial.chebyshev', 'numpy.polynomial.legendre', 'numpy.polynomial.hermite', 'numpy.polynomial.hermite_e', 'numpy.polynomial.laguerre', 'numpy.polynomial', 'cython_runtime', '_cython_3_0_8', 'numpy.random._common', 'binascii', 'base64', '_hashlib', '_blake2', 'hashlib', 'hmac', '_bisect', 'bisect', '_random', '_sha512', 'random', 'secrets', 'numpy.random.bit_generator', 'numpy.random._bounded_integers', 'numpy.random._mt19937', 'numpy.random.mtrand', 'numpy.random._philox', 'numpy.random._pcg64', 'numpy.random._sfc64', 'numpy.random._generator', 'numpy.random._pickle', 'numpy.random', 'numpy.ctypeslib', '_opcode', 'opcode', 'dis', 'token', 'tokenize', 'linecache', 'inspect', 'numpy.ma.core', 'numpy.ma.extras', 'numpy.ma', 'numpy', 'gym.utils.colorize', 'gym.utils.ezpickle', 'gym.utils', 'gym.logger', 'gym.utils.seeding', 'gym.spaces.space', 'gym.spaces.box', 'gym.spaces.dict', 'gym.spaces.discrete', 'gym.spaces.multi_discrete', 'gym.spaces.graph', 'gym.spaces.multi_binary', 'gym.spaces.sequence', 'gym.spaces.text', 'gym.spaces.tuple', 'gym.spaces.utils', 'gym.spaces', 'gym.core', 'copy', '_heapq', 'heapq', 'difflib', 'dataclasses', 'cv2.load_config_py3', 'cv2.version', 'numpy._core', 'numpy._core._multiarray_umath', 'cv2.gapi.core', 'cv2.gapi.core.cpu', 'cv2.gapi.core.fluid', 'cv2.gapi.core.ocl', 'cv2.gapi.ie', 'cv2.gapi.ie.detail', 'cv2.gapi.imgproc', 'cv2.gapi.imgproc.fluid', 'cv2.gapi.oak', 'cv2.gapi.onnx', 'cv2.gapi.onnx.ep', 'cv2.gapi.ot', 'cv2.gapi.ot.cpu', 'cv2.gapi.ov', 'cv2.gapi.own', 'cv2.gapi.own.detail', 'cv2.gapi.render', 'cv2.gapi.render.ocv', 'cv2.gapi.streaming', 'cv2.gapi.video', 'cv2.gapi.wip', 'cv2.gapi.wip.draw', 'cv2.gapi.wip.gst', 'cv2.gapi.wip.onevpl', 'cv2.utils.fs', 'cv2.utils.nested', 'cv2.gapi', 'cv2.ogl', 'cv2.data', 'cv2.detail', 'cv2.flann', 'cv2.ml', 'cv2.aruco', 'cv2.qt', 'cv2.utils', 'cv2.typing', 'cv2.samples', 'cv2.barcode', 'cv2.segmentation', 'cv2.ocl', 'cv2.cuda', 'cv2.parallel', 'cv2.dnn', 'cv2.Error', 'cv2.videoio_registry', 'cv2.ipp', 'cv2.fisheye', 'cv2.misc.version', 'cv2.misc', 'cv2.mat_wrapper', 'cv2', 'gym.wrappers.atari_preprocessing', 'gym.wrappers.autoreset', 'gym.wrappers.clip_action', 'gym.wrappers.filter_observation', 'gym.wrappers.flatten_observation', 'gym.wrappers.frame_stack', 'gym.wrappers.gray_scale_observation', 'gym.wrappers.human_rendering', 'gym.wrappers.normalize', 'gym.wrappers.order_enforcing', 'gym.wrappers.record_episode_statistics', 'gym.wrappers.monitoring', '_json', 'json.scanner', 'json.decoder', 'json.encoder', 'json', 'zlib', '_compression', '_bz2', 'bz2', '_lzma', 'lzma', 'shutil', 'tempfile', 'gym.wrappers.monitoring.video_recorder', 'gym.wrappers.record_video', 'gym.wrappers.render_collection', 'gym.wrappers.rescale_action', 'gym.wrappers.resize_observation', 'gym.utils.step_api_compatibility', 'gym.wrappers.step_api_compatibility', 'gym.wrappers.time_aware_observation', 'gym.wrappers.time_limit', 'gym.wrappers.transform_observation', 'gym.wrappers.transform_reward', 'gym.wrappers.vector_list_info', 'gym.wrappers', 'gym.wrappers.compatibility', 'gym.utils.passive_env_checker', 'gym.wrappers.env_checker', '_csv', 'csv', 'email', 'zipfile', 'uu', 'quopri', '_socket', 'array', 'socket', 'locale', 'calendar', 'email._parseaddr', 'email.base64mime', '_string', 'string', 'email.quoprimime', 'email.errors', 'email.encoders', 'email.charset', 'email.utils', 'email.header', 'email._policybase', 'email._encoded_words', 'email.iterators', 'email.message', 'importlib.metadata._functools', 'importlib.metadata._text', 'importlib.metadata._adapters', 'importlib.metadata._meta', 'importlib.metadata._collections', 'importlib.metadata._itertools', 'importlib.abc', 'importlib.metadata', 'gym.envs.registration', 'gym.envs', 'multiprocessing.process', 'multiprocessing.reduction', 'multiprocessing.context', '__mp_main__', 'multiprocessing', 'gym.vector.utils.misc', 'gym.vector.utils.numpy_utils', 'gym.vector.utils.shared_memory', 'gym.vector.utils.spaces', 'gym.vector.utils', 'gym.vector.vector_env', 'gym.vector.async_vector_env', 'gym.vector.sync_vector_env', 'gym.vector', 'gym_notices', 'gym_notices.notices', 'gym', 'pybullet', 'pybullet_data', 'traceback', 'atexit', 'logging', 'crowdnav.logger_setup', 'crowdnav.config', 'crowdnav.kinematics', 'crowdnav.dynamics', 'crowdnav.sensors', 'crowdnav.control', 'crowdnav.control.align', 'crowdnav.control.track', 'crowdnav.planning', 'swig_runtime_data4', 'casadi._casadi', 'casadi.casadi', 'casadi', 'crowdnav.planning.mpc_runner', 'crowdnav.planning.path_mgr', 'crowdnav.utils2', 'crowdnav.utils2.coord', 'crowdnav.planning.path_math', 'crowdnav.utils', 'matplotlib', 'pprint', 'packaging.__about__', 'packaging', 'packaging._structures', 'packaging.version', 'matplotlib._api.deprecation', 'matplotlib._api', 'matplotlib._version', 'gzip', 'shlex', 'matplotlib._c_internal_utils', 'matplotlib.cbook', 'matplotlib.docstring', 'PIL._version', 'PIL', 'PIL.ImageMode', 'PIL.TiffTags', 'PIL._binary', 'PIL._util', 'PIL._imaging', 'PIL.Image', 'PIL.ImageChops', 'PIL.ImageFile', 'PIL.GimpGradientFile', 'PIL.GimpPaletteFile', 'PIL.ImageColor', 'PIL.PaletteFile', 'PIL.ImagePalette', 'PIL.ImageSequence', 'PIL.PngImagePlugin', 'matplotlib._path', 'matplotlib.bezier', 'matplotlib.path', 'matplotlib.transforms', 'matplotlib.ticker', 'matplotlib.scale', 'matplotlib._color_data', 'matplotlib.colors', 'pyparsing', 'matplotlib.fontconfig_pattern', 'matplotlib._enums', 'cycler', 'matplotlib.rcsetup', 'matplotlib.ft2font', 'dateutil._version', 'dateutil', 'kiwisolver']
20:08:05 [DEBUG] CACHEDIR=/home/max/.cache/matplotlib
20:08:05 [DEBUG] Using fontManager instance from /home/max/.cache/matplotlib/fontlist-v330.json
20:08:05 [DEBUG] Loaded backend TkAgg version unknown.
20:08:05 [INFO] CrowdNavPyBulletEnv initializing...
20:08:08 [INFO] World ready | grid: (112, 112), res: 0.1, N=10, T=0.1
20:08:09 [DEBUG] kappa_max=6.506 vcap_curv=0.369 vmax_local=0.200 vmin_soft=0.030
20:08:09 [INFO] [PROG] s*=0.00/3.37 (2600.0%) dist_goal=3.20
20:08:09 [INFO] [MPC] state=(-1.05,-3.25,+0.05) wp0=(-0.75,-3.65) v=+0.200 ω=-2.400 ok=True iters=11
20:08:09 [DEBUG] kappa_max=6.506 vcap_curv=0.369 vmax_local=0.200 vmin_soft=0.030
20:08:09 [INFO] [PROG] s*=0.00/3.37 (2600.0%) dist_goal=3.19
20:08:09 [INFO] [MPC] state=(-1.05,-3.24,+0.00) wp0=(-0.75,-3.65) v=+0.200 ω=-2.400 ok=True iters=8
20:08:09 [DEBUG] kappa_max=6.506 vcap_curv=0.369 vmax_local=0.200 vmin_soft=0.030
20:08:09 [INFO] [PROG] s*=0.00/3.37 (2600.0%) dist_goal=3.18
20:08:09 [INFO] [MPC] state=(-1.03,-3.25,-0.14) wp0=(-0.75,-3.65) v=+0.200 ω=-2.400 ok=True iters=8
20:08:09 [DEBUG] kappa_max=6.506 vcap_curv=0.369 vmax_local=0.200 vmin_soft=0.030
20:08:09 [INFO] [PROG] s*=0.00/3.37 (2600.0%) dist_goal=3.17
20:08:09 [INFO] [MPC] state=(-1.02,-3.25,-0.27) wp0=(-0.75,-3.65) v=+0.200 ω=-2.400 ok=True iters=9
20:08:09 [DEBUG] kappa_max=6.506 vcap_curv=0.369 vmax_local=0.200 vmin_soft=0.030
20:08:09 [INFO] [PROG] s*=0.00/3.37 (2600.0%) dist_goal=3.16
20:08:09 [INFO] [MPC] state=(-1.01,-3.25,-0.36) wp0=(-0.75,-3.65) v=+0.200 ω=-2.400 ok=True iters=8
20:08:09 [DEBUG] kappa_max=6.506 vcap_curv=0.369 vmax_local=0.200 vmin_soft=0.030
20:08:09 [INFO] [PROG] s*=0.00/3.37 (2600.0%) dist_goal=3.16
20:08:09 [INFO] [MPC] state=(-1.01,-3.26,-0.42) wp0=(-0.75,-3.65) v=+0.200 ω=-2.400 ok=True iters=8
20:08:09 [DEBUG] kappa_max=6.506 vcap_curv=0.369 vmax_local=0.200 vmin_soft=0.030
20:08:09 [INFO] [PROG] s*=0.00/3.37 (2600.0%) dist_goal=3.14
20:08:09 [INFO] [MPC] state=(-1.00,-3.26,-0.50) wp0=(-0.75,-3.65) v=+0.200 ω=-2.400 ok=True iters=8
20:08:09 [DEBUG] kappa_max=6.506 vcap_curv=0.369 vmax_local=0.200 vmin_soft=0.030
20:08:09 [INFO] [PROG] s*=0.00/3.37 (2600.0%) dist_goal=3.13
20:08:09 [INFO] [MPC] state=(-0.99,-3.27,-0.62) wp0=(-0.75,-3.65) v=+0.200 ω=-2.400 ok=True iters=8
20:08:09 [DEBUG] kappa_max=6.506 vcap_curv=0.369 vmax_local=0.200 vmin_soft=0.030
20:08:09 [INFO] [PROG] s*=0.00/3.37 (2600.0%) dist_goal=3.12
20:08:09 [INFO] [MPC] state=(-0.98,-3.28,-0.75) wp0=(-0.75,-3.65) v=+0.200 ω=-2.029 ok=True iters=10
20:08:10 [DEBUG] kappa_max=6.506 vcap_curv=0.369 vmax_local=0.200 vmin_soft=0.030
20:08:10 [INFO] [PROG] s*=0.00/3.27 (2500.0%) dist_goal=3.10
20:08:10 [INFO] [MPC] state=(-0.97,-3.29,-0.86) wp0=(-0.65,-3.65) v=+0.200 ω=-1.315 ok=True iters=8
20:08:10 [DEBUG] kappa_max=6.506 vcap_curv=0.369 vmax_local=0.200 vmin_soft=0.030
20:08:10 [INFO] [PROG] s*=0.00/3.27 (2500.0%) dist_goal=3.09
20:08:10 [INFO] [MPC] state=(-0.96,-3.30,-0.92) wp0=(-0.65,-3.65) v=+0.200 ω=-0.708 ok=True iters=6
20:08:10 [DEBUG] kappa_max=6.506 vcap_curv=0.369 vmax_local=0.200 vmin_soft=0.030
20:08:10 [INFO] [PROG] s*=0.00/3.27 (2500.0%) dist_goal=3.07
20:08:10 [INFO] [MPC] state=(-0.95,-3.31,-0.97) wp0=(-0.65,-3.65) v=+0.200 ω=-0.209 ok=True iters=6
20:08:10 [DEBUG] kappa_max=6.506 vcap_curv=0.369 vmax_local=0.200 vmin_soft=0.030
20:08:10 [INFO] [PROG] s*=1.00/3.27 (2500.0%) dist_goal=3.05
20:08:10 [INFO] [MPC] state=(-0.94,-3.33,-0.98) wp0=(-0.65,-3.65) v=+0.200 ω=+0.283 ok=True iters=6
20:08:10 [DEBUG] kappa_max=6.506 vcap_curv=0.369 vmax_local=0.200 vmin_soft=0.030
20:08:10 [INFO] [PROG] s*=1.00/3.27 (2500.0%) dist_goal=3.03
20:08:10 [INFO] [MPC] state=(-0.93,-3.34,-0.96) wp0=(-0.65,-3.65) v=+0.200 ω=+0.428 ok=True iters=7
20:08:10 [DEBUG] kappa_max=6.506 vcap_curv=0.369 vmax_local=0.200 vmin_soft=0.030
20:08:10 [INFO] [PROG] s*=0.00/3.17 (2400.0%) dist_goal=3.01
20:08:10 [INFO] [MPC] state=(-0.92,-3.36,-0.94) wp0=(-0.55,-3.65) v=+0.200 ω=+0.434 ok=True iters=6
20:08:10 [DEBUG] kappa_max=6.506 vcap_curv=0.369 vmax_local=0.200 vmin_soft=0.030
20:08:10 [INFO] [PROG] s*=0.00/3.17 (2400.0%) dist_goal=2.99
20:08:10 [INFO] [MPC] state=(-0.91,-3.37,-0.91) wp0=(-0.55,-3.65) v=+0.200 ω=+0.445 ok=True iters=6
20:08:10 [DEBUG] kappa_max=6.506 vcap_curv=0.369 vmax_local=0.200 vmin_soft=0.030
20:08:10 [INFO] [PROG] s*=0.00/3.17 (2400.0%) dist_goal=2.98
20:08:10 [INFO] [MPC] state=(-0.90,-3.39,-0.88) wp0=(-0.55,-3.65) v=+0.200 ω=+0.688 ok=True iters=6
20:08:10 [DEBUG] kappa_max=6.506 vcap_curv=0.369 vmax_local=0.200 vmin_soft=0.030
20:08:10 [INFO] [PROG] s*=0.00/3.17 (2400.0%) dist_goal=2.96
20:08:10 [INFO] [MPC] state=(-0.88,-3.40,-0.84) wp0=(-0.55,-3.65) v=+0.200 ω=+0.652 ok=True iters=6
20:08:10 [DEBUG] kappa_max=6.506 vcap_curv=0.369 vmax_local=0.200 vmin_soft=0.030
20:08:10 [INFO] [PROG] s*=0.00/3.17 (2400.0%) dist_goal=2.94
20:08:10 [INFO] [MPC] state=(-0.87,-3.42,-0.80) wp0=(-0.55,-3.65) v=+0.200 ω=+0.620 ok=True iters=6
20:08:11 [DEBUG] kappa_max=0.000 vcap_curv=0.200 vmax_local=0.200 vmin_soft=0.030
20:08:11 [INFO] [PROG] s*=0.00/3.03 (2300.0%) dist_goal=2.92
20:08:11 [INFO] [MPC] state=(-0.86,-3.43,-0.77) wp0=(-0.45,-3.65) v=+0.200 ω=+0.465 ok=True iters=6
20:08:11 [DEBUG] kappa_max=0.000 vcap_curv=0.200 vmax_local=0.200 vmin_soft=0.030
20:08:11 [INFO] [PROG] s*=0.00/3.03 (2300.0%) dist_goal=2.90
20:08:11 [INFO] [MPC] state=(-0.85,-3.44,-0.74) wp0=(-0.45,-3.65) v=+0.200 ω=+0.367 ok=True iters=6
20:08:11 [DEBUG] kappa_max=0.000 vcap_curv=0.200 vmax_local=0.200 vmin_soft=0.030
20:08:11 [INFO] [PROG] s*=0.00/3.03 (2300.0%) dist_goal=2.88
20:08:11 [INFO] [MPC] state=(-0.83,-3.45,-0.71) wp0=(-0.45,-3.65) v=+0.200 ω=+0.564 ok=True iters=6
20:08:11 [DEBUG] kappa_max=0.000 vcap_curv=0.200 vmax_local=0.200 vmin_soft=0.030
20:08:11 [INFO] [PROG] s*=0.00/3.03 (2300.0%) dist_goal=2.87
20:08:11 [INFO] [MPC] state=(-0.82,-3.47,-0.68) wp0=(-0.45,-3.65) v=+0.200 ω=+0.438 ok=True iters=6
20:08:11 [DEBUG] kappa_max=0.000 vcap_curv=0.200 vmax_local=0.200 vmin_soft=0.030
20:08:11 [INFO] [PROG] s*=0.00/3.03 (2300.0%) dist_goal=2.85
20:08:11 [INFO] [MPC] state=(-0.80,-3.48,-0.65) wp0=(-0.45,-3.65) v=+0.200 ω=+0.351 ok=True iters=6
20:08:12 [DEBUG] kappa_max=0.000 vcap_curv=0.200 vmax_local=0.200 vmin_soft=0.030
20:08:12 [INFO] [PROG] s*=0.00/2.93 (2200.0%) dist_goal=2.83
20:08:12 [INFO] [MPC] state=(-0.79,-3.49,-0.63) wp0=(-0.35,-3.75) v=+0.200 ω=+0.492 ok=True iters=6
20:08:12 [DEBUG] kappa_max=0.000 vcap_curv=0.200 vmax_local=0.200 vmin_soft=0.030
20:08:12 [INFO] [PROG] s*=0.00/2.93 (2200.0%) dist_goal=2.81
20:08:12 [INFO] [MPC] state=(-0.77,-3.50,-0.60) wp0=(-0.35,-3.75) v=+0.200 ω=+0.446 ok=True iters=6
20:08:12 [DEBUG] kappa_max=0.000 vcap_curv=0.200 vmax_local=0.200 vmin_soft=0.030
20:08:12 [INFO] [PROG] s*=0.00/2.93 (2200.0%) dist_goal=2.79
20:08:12 [INFO] [MPC] state=(-0.76,-3.51,-0.57) wp0=(-0.35,-3.75) v=+0.200 ω=+0.657 ok=True iters=6
20:08:12 [DEBUG] kappa_max=0.000 vcap_curv=0.200 vmax_local=0.200 vmin_soft=0.030
20:08:12 [INFO] [PROG] s*=0.00/2.93 (2200.0%) dist_goal=2.77
20:08:12 [INFO] [MPC] state=(-0.74,-3.52,-0.53) wp0=(-0.35,-3.75) v=+0.200 ω=+0.750 ok=True iters=6
20:08:12 [DEBUG] kappa_max=0.000 vcap_curv=0.200 vmax_local=0.200 vmin_soft=0.030
20:08:12 [INFO] [PROG] s*=0.00/2.93 (2200.0%) dist_goal=2.76
20:08:12 [INFO] [MPC] state=(-0.73,-3.53,-0.49) wp0=(-0.35,-3.75) v=+0.200 ω=+0.800 ok=True iters=6
20:08:13 [DEBUG] kappa_max=0.000 vcap_curv=0.200 vmax_local=0.200 vmin_soft=0.030
20:08:13 [INFO] [PROG] s*=0.00/2.88 (2200.0%) dist_goal=2.74
20:08:13 [INFO] [MPC] state=(-0.71,-3.54,-0.45) wp0=(-0.35,-3.75) v=+0.200 ω=+0.661 ok=True iters=6
20:08:13 [DEBUG] kappa_max=0.000 vcap_curv=0.200 vmax_local=0.200 vmin_soft=0.030
20:08:13 [INFO] [PROG] s*=0.00/2.88 (2200.0%) dist_goal=2.72
20:08:13 [INFO] [MPC] state=(-0.69,-3.54,-0.41) wp0=(-0.35,-3.75) v=+0.200 ω=+0.684 ok=True iters=6
20:08:13 [DEBUG] kappa_max=0.000 vcap_curv=0.200 vmax_local=0.200 vmin_soft=0.030
20:08:13 [INFO] [PROG] s*=0.00/2.88 (2200.0%) dist_goal=2.70
20:08:13 [INFO] [MPC] state=(-0.68,-3.55,-0.37) wp0=(-0.35,-3.75) v=+0.200 ω=+0.280 ok=True iters=6
20:08:13 [DEBUG] kappa_max=0.000 vcap_curv=0.200 vmax_local=0.200 vmin_soft=0.030
20:08:13 [INFO] [PROG] s*=0.00/2.88 (2200.0%) dist_goal=2.69
20:08:13 [INFO] [MPC] state=(-0.66,-3.56,-0.35) wp0=(-0.35,-3.75) v=+0.200 ω=+0.352 ok=True iters=6
20:08:13 [DEBUG] kappa_max=0.000 vcap_curv=0.200 vmax_local=0.200 vmin_soft=0.030
20:08:13 [INFO] [PROG] s*=0.00/2.88 (2200.0%) dist_goal=2.67
20:08:13 [INFO] [MPC] state=(-0.64,-3.56,-0.32) wp0=(-0.35,-3.75) v=+0.200 ω=+0.271 ok=True iters=6
20:08:14 [DEBUG] kappa_max=0.000 vcap_curv=0.200 vmax_local=0.200 vmin_soft=0.030
20:08:14 [INFO] [PROG] s*=0.00/2.78 (2100.0%) dist_goal=2.65
20:08:14 [INFO] [MPC] state=(-0.62,-3.57,-0.31) wp0=(-0.25,-3.85) v=+0.200 ω=+0.076 ok=True iters=6
20:08:14 [DEBUG] kappa_max=0.000 vcap_curv=0.200 vmax_local=0.200 vmin_soft=0.030
20:08:14 [INFO] [PROG] s*=0.00/2.78 (2100.0%) dist_goal=2.63
20:08:14 [INFO] [MPC] state=(-0.60,-3.58,-0.30) wp0=(-0.25,-3.85) v=+0.200 ω=+0.016 ok=True iters=6
20:08:14 [DEBUG] kappa_max=0.000 vcap_curv=0.200 vmax_local=0.200 vmin_soft=0.030
20:08:14 [INFO] [PROG] s*=0.00/2.78 (2100.0%) dist_goal=2.61
20:08:14 [INFO] [MPC] state=(-0.58,-3.58,-0.30) wp0=(-0.25,-3.85) v=+0.200 ω=-0.142 ok=True iters=6
20:08:14 [DEBUG] kappa_max=0.000 vcap_curv=0.200 vmax_local=0.200 vmin_soft=0.030
20:08:14 [INFO] [PROG] s*=0.00/2.78 (2100.0%) dist_goal=2.59
20:08:14 [INFO] [MPC] state=(-0.57,-3.59,-0.31) wp0=(-0.25,-3.85) v=+0.200 ω=-0.121 ok=True iters=6
20:08:14 [DEBUG] kappa_max=0.000 vcap_curv=0.200 vmax_local=0.200 vmin_soft=0.030
20:08:14 [INFO] [PROG] s*=1.00/2.78 (2100.0%) dist_goal=2.57
20:08:14 [INFO] [MPC] state=(-0.55,-3.59,-0.32) wp0=(-0.25,-3.85) v=+0.200 ω=-0.107 ok=True iters=6
20:08:14 [DEBUG] kappa_max=0.000 vcap_curv=0.200 vmax_local=0.200 vmin_soft=0.030
20:08:14 [INFO] [PROG] s*=0.00/2.63 (2000.0%) dist_goal=2.56
20:08:14 [INFO] [MPC] state=(-0.53,-3.60,-0.33) wp0=(-0.15,-3.95) v=+0.200 ω=-0.190 ok=True iters=6
20:08:14 [DEBUG] kappa_max=0.000 vcap_curv=0.200 vmax_local=0.200 vmin_soft=0.030
20:08:14 [INFO] [PROG] s*=0.00/2.63 (2000.0%) dist_goal=2.54
20:08:14 [INFO] [MPC] state=(-0.51,-3.61,-0.34) wp0=(-0.15,-3.95) v=+0.200 ω=-0.167 ok=True iters=6
20:08:14 [DEBUG] kappa_max=0.000 vcap_curv=0.200 vmax_local=0.200 vmin_soft=0.030
20:08:14 [INFO] [PROG] s*=0.00/2.63 (2000.0%) dist_goal=2.52
20:08:14 [INFO] [MPC] state=(-0.49,-3.62,-0.36) wp0=(-0.15,-3.95) v=+0.200 ω=-0.148 ok=True iters=6
20:08:14 [DEBUG] kappa_max=0.000 vcap_curv=0.200 vmax_local=0.200 vmin_soft=0.030
20:08:14 [INFO] [PROG] s*=0.00/2.63 (2000.0%) dist_goal=2.50
20:08:14 [INFO] [MPC] state=(-0.47,-3.62,-0.37) wp0=(-0.15,-3.95) v=+0.200 ω=-0.134 ok=True iters=6
20:08:14 [DEBUG] kappa_max=0.000 vcap_curv=0.200 vmax_local=0.200 vmin_soft=0.030
20:08:14 [INFO] [PROG] s*=1.00/2.63 (2000.0%) dist_goal=2.48
20:08:14 [INFO] [MPC] state=(-0.45,-3.63,-0.38) wp0=(-0.15,-3.95) v=+0.200 ω=-0.126 ok=True iters=6
