22:36:29 [INFO] === New MPC Session Started ===
22:36:29 [DEBUG] matplotlib data path: /home/max/.local/lib/python3.10/site-packages/matplotlib/mpl-data
22:36:29 [DEBUG] CONFIGDIR=/home/max/.config/matplotlib
22:36:29 [DEBUG] interactive is False
22:36:29 [DEBUG] platform is linux
22:36:29 [DEBUG] CACHEDIR=/home/max/.cache/matplotlib
22:36:29 [DEBUG] Using fontManager instance from /home/max/.cache/matplotlib/fontlist-v390.json
22:36:29 [INFO] CrowdNavPyBulletEnv initializing...
22:36:32 [INFO] World ready | grid: (112, 112), res: 0.1, N=10, T=0.1
22:36:34 [INFO] [PROG] s*=0.00/9.60 (0.0%) dist_goal=4.76
22:36:34 [INFO] [MPC] state=(+3.76,-1.95,-0.83) wp0=(+3.83,-1.95) v=+0.200 ω=+1.375 ok=True iters=9
22:36:34 [INFO] [PROG] s*=0.00/9.60 (0.0%) dist_goal=4.78
22:36:34 [INFO] [MPC] state=(+3.77,-1.96,-0.79) wp0=(+3.83,-1.95) v=+0.200 ω=+0.540 ok=True iters=7
22:36:34 [INFO] [PROG] s*=0.01/9.60 (0.1%) dist_goal=4.80
22:36:34 [INFO] [MPC] state=(+3.78,-1.97,-0.75) wp0=(+3.84,-1.95) v=+0.200 ω=-0.757 ok=True iters=7
22:36:34 [INFO] [PROG] s*=0.12/9.60 (1.2%) dist_goal=4.81
22:36:34 [INFO] [MPC] state=(+3.79,-1.99,-0.80) wp0=(+3.85,-2.05) v=+0.200 ω=-0.997 ok=True iters=7
22:36:34 [INFO] [PROG] s*=0.13/9.60 (1.4%) dist_goal=4.83
22:36:34 [INFO] [MPC] state=(+3.80,-2.00,-0.85) wp0=(+3.85,-2.06) v=+0.200 ω=-1.988 ok=True iters=7
22:36:34 [INFO] [PROG] s*=0.14/9.60 (1.5%) dist_goal=4.84
22:36:34 [INFO] [MPC] state=(+3.81,-2.01,-0.96) wp0=(+3.85,-2.07) v=+0.200 ω=-1.762 ok=True iters=6
22:36:34 [INFO] [PROG] s*=0.15/9.60 (1.6%) dist_goal=4.86
22:36:34 [INFO] [MPC] state=(+3.82,-2.02,-1.05) wp0=(+3.85,-2.08) v=+0.200 ω=-1.793 ok=True iters=6
22:36:34 [INFO] [PROG] s*=0.17/9.60 (1.7%) dist_goal=4.87
22:36:34 [INFO] [MPC] state=(+3.83,-2.03,-1.14) wp0=(+3.85,-2.10) v=+0.200 ω=-1.971 ok=True iters=6
22:36:34 [INFO] [PROG] s*=0.18/9.60 (1.9%) dist_goal=4.88
22:36:34 [INFO] [MPC] state=(+3.83,-2.05,-1.25) wp0=(+3.85,-2.11) v=+0.200 ω=-2.344 ok=True iters=9
22:36:34 [INFO] [PROG] s*=0.19/9.60 (2.0%) dist_goal=4.89
22:36:34 [INFO] [MPC] state=(+3.83,-2.06,-1.37) wp0=(+3.85,-2.12) v=+0.200 ω=-2.400 ok=True iters=7
22:36:34 [INFO] [PROG] s*=0.20/9.60 (2.1%) dist_goal=4.90
22:36:34 [INFO] [MPC] state=(+3.84,-2.07,-1.50) wp0=(+3.85,-2.13) v=+0.200 ω=-1.969 ok=True iters=7
22:36:34 [INFO] [PROG] s*=0.22/9.60 (2.3%) dist_goal=4.91
22:36:34 [INFO] [MPC] state=(+3.84,-2.08,-1.60) wp0=(+3.85,-2.15) v=+0.200 ω=-1.291 ok=True iters=6
22:36:34 [INFO] [PROG] s*=0.23/9.60 (2.4%) dist_goal=4.92
22:36:34 [INFO] [MPC] state=(+3.83,-2.10,-1.68) wp0=(+3.85,-2.16) v=+0.200 ω=-1.132 ok=True iters=6
22:36:34 [INFO] [PROG] s*=0.25/9.60 (2.6%) dist_goal=4.94
22:36:34 [INFO] [MPC] state=(+3.83,-2.11,-1.74) wp0=(+3.85,-2.18) v=+0.200 ω=-0.025 ok=True iters=7
22:36:34 [INFO] [PROG] s*=0.27/9.60 (2.8%) dist_goal=4.95
22:36:34 [INFO] [MPC] state=(+3.83,-2.13,-1.75) wp0=(+3.85,-2.20) v=+0.200 ω=+0.084 ok=True iters=6
22:36:34 [INFO] [PROG] s*=0.29/9.60 (3.0%) dist_goal=4.96
22:36:34 [INFO] [MPC] state=(+3.83,-2.15,-1.74) wp0=(+3.85,-2.22) v=+0.200 ω=+0.855 ok=True iters=8
22:36:34 [INFO] [PROG] s*=0.30/9.60 (3.1%) dist_goal=4.98
22:36:34 [INFO] [MPC] state=(+3.82,-2.17,-1.70) wp0=(+3.85,-2.23) v=+0.200 ω=+1.505 ok=True iters=8
22:36:34 [INFO] [PROG] s*=0.32/9.60 (3.3%) dist_goal=4.99
22:36:34 [INFO] [MPC] state=(+3.82,-2.18,-1.62) wp0=(+3.85,-2.25) v=+0.200 ω=+0.472 ok=True iters=8
22:36:34 [INFO] [PROG] s*=0.34/9.60 (3.5%) dist_goal=5.00
22:36:34 [INFO] [MPC] state=(+3.82,-2.20,-1.59) wp0=(+3.85,-2.27) v=+0.200 ω=+0.854 ok=True iters=8
22:36:34 [INFO] [PROG] s*=0.35/9.60 (3.7%) dist_goal=5.02
22:36:34 [INFO] [MPC] state=(+3.82,-2.22,-1.55) wp0=(+3.85,-2.28) v=+0.200 ω=+0.786 ok=True iters=7
22:36:34 [INFO] [PROG] s*=0.37/9.60 (3.9%) dist_goal=5.03
22:36:34 [INFO] [MPC] state=(+3.82,-2.23,-1.51) wp0=(+3.85,-2.30) v=+0.200 ω=+0.470 ok=True iters=7
22:36:34 [INFO] [PROG] s*=0.39/9.60 (4.1%) dist_goal=5.05
22:36:34 [INFO] [MPC] state=(+3.82,-2.25,-1.48) wp0=(+3.85,-2.32) v=+0.200 ω=-0.314 ok=True iters=7
22:36:34 [INFO] [PROG] s*=0.41/9.60 (4.3%) dist_goal=5.07
22:36:34 [INFO] [MPC] state=(+3.82,-2.27,-1.50) wp0=(+3.85,-2.34) v=+0.200 ω=-0.325 ok=True iters=7
22:36:34 [INFO] [PROG] s*=0.43/9.60 (4.5%) dist_goal=5.08
22:36:34 [INFO] [MPC] state=(+3.83,-2.29,-1.52) wp0=(+3.85,-2.36) v=+0.200 ω=-0.322 ok=True iters=7
22:36:34 [INFO] [PROG] s*=0.45/9.60 (4.7%) dist_goal=5.10
22:36:34 [INFO] [MPC] state=(+3.83,-2.31,-1.55) wp0=(+3.85,-2.38) v=+0.200 ω=-0.044 ok=True iters=7
22:36:34 [INFO] [PROG] s*=0.47/9.60 (4.9%) dist_goal=5.12
22:36:34 [INFO] [MPC] state=(+3.83,-2.33,-1.55) wp0=(+3.85,-2.40) v=+0.200 ω=-0.048 ok=True iters=7
22:36:34 [INFO] [PROG] s*=0.49/9.60 (5.1%) dist_goal=5.13
22:36:34 [INFO] [MPC] state=(+3.83,-2.35,-1.56) wp0=(+3.85,-2.42) v=+0.200 ω=-0.717 ok=True iters=7
22:36:34 [INFO] [PROG] s*=0.51/9.60 (5.3%) dist_goal=5.15
22:36:34 [INFO] [MPC] state=(+3.83,-2.37,-1.60) wp0=(+3.85,-2.44) v=+0.200 ω=+0.304 ok=True iters=8
22:36:34 [INFO] [PROG] s*=0.53/9.60 (5.5%) dist_goal=5.17
22:36:34 [INFO] [MPC] state=(+3.83,-2.39,-1.59) wp0=(+3.85,-2.46) v=+0.200 ω=+0.029 ok=True iters=7
22:36:34 [INFO] [PROG] s*=0.55/9.60 (5.7%) dist_goal=5.18
22:36:34 [INFO] [MPC] state=(+3.83,-2.41,-1.59) wp0=(+3.85,-2.48) v=+0.200 ω=+0.033 ok=True iters=7
22:36:34 [INFO] [PROG] s*=0.57/9.60 (5.9%) dist_goal=5.20
22:36:34 [INFO] [MPC] state=(+3.83,-2.43,-1.58) wp0=(+3.85,-2.50) v=+0.200 ω=+0.035 ok=True iters=7
22:36:34 [INFO] [PROG] s*=0.59/9.60 (6.1%) dist_goal=5.22
22:36:34 [INFO] [MPC] state=(+3.83,-2.45,-1.58) wp0=(+3.85,-2.52) v=+0.200 ω=+0.034 ok=True iters=7
22:36:34 [INFO] [PROG] s*=0.61/9.60 (6.3%) dist_goal=5.23
22:36:34 [INFO] [MPC] state=(+3.83,-2.47,-1.58) wp0=(+3.85,-2.54) v=+0.200 ω=+0.032 ok=True iters=7
22:36:34 [INFO] [PROG] s*=0.63/9.60 (6.5%) dist_goal=5.25
22:36:34 [INFO] [MPC] state=(+3.83,-2.49,-1.57) wp0=(+3.85,-2.56) v=+0.200 ω=+0.027 ok=True iters=7
22:36:34 [INFO] [PROG] s*=0.65/9.60 (6.8%) dist_goal=5.27
22:36:34 [INFO] [MPC] state=(+3.83,-2.51,-1.57) wp0=(+3.85,-2.58) v=+0.200 ω=+0.022 ok=True iters=7
22:36:34 [INFO] [PROG] s*=0.67/9.60 (7.0%) dist_goal=5.29
22:36:34 [INFO] [MPC] state=(+3.83,-2.53,-1.57) wp0=(+3.85,-2.60) v=+0.200 ω=+0.016 ok=True iters=7
22:36:34 [INFO] [PROG] s*=0.69/9.60 (7.2%) dist_goal=5.30
22:36:34 [INFO] [MPC] state=(+3.83,-2.55,-1.57) wp0=(+3.85,-2.62) v=+0.200 ω=+0.010 ok=True iters=7
22:36:34 [INFO] [PROG] s*=0.71/9.60 (7.4%) dist_goal=5.32
22:36:34 [INFO] [MPC] state=(+3.83,-2.57,-1.56) wp0=(+3.85,-2.64) v=+0.200 ω=+0.004 ok=True iters=7
22:36:34 [INFO] [PROG] s*=0.73/9.60 (7.6%) dist_goal=5.34
22:36:34 [INFO] [MPC] state=(+3.83,-2.59,-1.56) wp0=(+3.85,-2.66) v=+0.200 ω=-0.002 ok=True iters=7
22:36:34 [INFO] [PROG] s*=0.75/9.60 (7.8%) dist_goal=5.36
22:36:34 [INFO] [MPC] state=(+3.83,-2.61,-1.56) wp0=(+3.85,-2.68) v=+0.200 ω=-0.006 ok=True iters=7
22:36:34 [INFO] [PROG] s*=0.77/9.60 (8.0%) dist_goal=5.37
22:36:34 [INFO] [MPC] state=(+3.83,-2.63,-1.56) wp0=(+3.85,-2.70) v=+0.200 ω=-0.010 ok=True iters=7
22:36:34 [INFO] [PROG] s*=0.79/9.60 (8.2%) dist_goal=5.39
22:36:34 [INFO] [MPC] state=(+3.83,-2.65,-1.56) wp0=(+3.85,-2.72) v=+0.200 ω=-0.013 ok=True iters=7
22:36:34 [INFO] [PROG] s*=0.81/9.60 (8.4%) dist_goal=5.41
22:36:34 [INFO] [MPC] state=(+3.83,-2.67,-1.56) wp0=(+3.85,-2.74) v=+0.200 ω=-0.015 ok=True iters=7
22:36:34 [INFO] [PROG] s*=0.83/9.60 (8.7%) dist_goal=5.43
22:36:34 [INFO] [MPC] state=(+3.83,-2.69,-1.57) wp0=(+3.85,-2.76) v=+0.200 ω=-0.016 ok=True iters=7
22:36:34 [INFO] [PROG] s*=0.85/9.60 (8.9%) dist_goal=5.44
22:36:34 [INFO] [MPC] state=(+3.83,-2.71,-1.57) wp0=(+3.85,-2.78) v=+0.200 ω=-0.016 ok=True iters=7
22:36:34 [INFO] [PROG] s*=0.87/9.60 (9.1%) dist_goal=5.46
22:36:34 [INFO] [MPC] state=(+3.83,-2.73,-1.57) wp0=(+3.85,-2.80) v=+0.200 ω=-0.015 ok=True iters=7
22:36:34 [INFO] [PROG] s*=0.89/9.60 (9.3%) dist_goal=5.48
22:36:34 [INFO] [MPC] state=(+3.83,-2.75,-1.57) wp0=(+3.85,-2.82) v=+0.200 ω=-0.014 ok=True iters=7
22:36:34 [INFO] [PROG] s*=0.91/9.60 (9.5%) dist_goal=5.49
22:36:34 [INFO] [MPC] state=(+3.83,-2.77,-1.57) wp0=(+3.85,-2.84) v=+0.200 ω=-0.012 ok=True iters=7
22:36:34 [INFO] [PROG] s*=0.93/9.60 (9.7%) dist_goal=5.51
22:36:34 [INFO] [MPC] state=(+3.83,-2.79,-1.57) wp0=(+3.85,-2.86) v=+0.200 ω=-0.010 ok=True iters=7
22:36:34 [INFO] [PROG] s*=0.95/9.60 (9.9%) dist_goal=5.53
22:36:34 [INFO] [MPC] state=(+3.83,-2.81,-1.57) wp0=(+3.85,-2.88) v=+0.200 ω=-0.009 ok=True iters=7
22:36:34 [INFO] [PROG] s*=0.97/9.60 (10.1%) dist_goal=5.55
22:36:34 [INFO] [MPC] state=(+3.83,-2.83,-1.57) wp0=(+3.85,-2.90) v=+0.200 ω=-0.007 ok=True iters=7
22:36:34 [INFO] [PROG] s*=0.99/9.60 (10.3%) dist_goal=5.56
22:36:34 [INFO] [MPC] state=(+3.83,-2.85,-1.57) wp0=(+3.85,-2.92) v=+0.200 ω=-0.005 ok=True iters=7
22:36:34 [INFO] [PROG] s*=1.01/9.60 (10.6%) dist_goal=5.58
22:36:34 [INFO] [MPC] state=(+3.83,-2.87,-1.57) wp0=(+3.85,-2.94) v=+0.200 ω=+0.039 ok=True iters=8
22:36:34 [INFO] [PROG] s*=1.03/9.60 (10.8%) dist_goal=5.60
22:36:34 [INFO] [MPC] state=(+3.83,-2.89,-1.57) wp0=(+3.85,-2.96) v=+0.200 ω=-0.011 ok=True iters=7
22:36:34 [INFO] [PROG] s*=1.05/9.60 (11.0%) dist_goal=5.62
22:36:34 [INFO] [MPC] state=(+3.83,-2.91,-1.57) wp0=(+3.85,-2.98) v=+0.200 ω=-0.014 ok=True iters=7
22:36:34 [INFO] [PROG] s*=1.07/9.60 (11.2%) dist_goal=5.64
22:36:34 [INFO] [MPC] state=(+3.83,-2.93,-1.57) wp0=(+3.85,-3.00) v=+0.200 ω=-0.019 ok=True iters=7
22:36:34 [INFO] [PROG] s*=1.09/9.60 (11.4%) dist_goal=5.65
22:36:34 [INFO] [MPC] state=(+3.83,-2.95,-1.57) wp0=(+3.85,-3.02) v=+0.200 ω=-0.023 ok=True iters=8
22:36:34 [INFO] [PROG] s*=1.11/9.60 (11.6%) dist_goal=5.67
22:36:34 [INFO] [MPC] state=(+3.83,-2.97,-1.57) wp0=(+3.85,-3.04) v=+0.200 ω=-0.028 ok=True iters=8
22:36:34 [INFO] [PROG] s*=1.13/9.60 (11.8%) dist_goal=5.69
22:36:34 [INFO] [MPC] state=(+3.83,-2.99,-1.58) wp0=(+3.85,-3.06) v=+0.200 ω=-0.031 ok=True iters=8
22:36:34 [INFO] [PROG] s*=1.15/9.60 (12.0%) dist_goal=5.71
22:36:34 [INFO] [MPC] state=(+3.83,-3.01,-1.58) wp0=(+3.85,-3.08) v=+0.200 ω=-0.036 ok=True iters=8
22:36:34 [INFO] [PROG] s*=1.18/9.60 (12.2%) dist_goal=5.72
22:36:34 [INFO] [MPC] state=(+3.83,-3.03,-1.58) wp0=(+3.85,-3.11) v=+0.200 ω=-0.039 ok=True iters=9
22:36:34 [INFO] [PROG] s*=1.20/9.60 (12.5%) dist_goal=5.74
22:36:34 [INFO] [MPC] state=(+3.83,-3.06,-1.59) wp0=(+3.85,-3.13) v=+0.200 ω=-0.043 ok=True iters=9
22:36:34 [INFO] [PROG] s*=1.22/9.60 (12.7%) dist_goal=5.76
22:36:34 [INFO] [MPC] state=(+3.83,-3.08,-1.59) wp0=(+3.85,-3.15) v=+0.200 ω=-0.044 ok=True iters=9
22:36:34 [INFO] [PROG] s*=1.24/9.60 (12.9%) dist_goal=5.78
22:36:34 [INFO] [MPC] state=(+3.82,-3.10,-1.59) wp0=(+3.85,-3.17) v=+0.200 ω=-0.077 ok=True iters=10
22:36:34 [INFO] [PROG] s*=1.26/9.60 (13.1%) dist_goal=5.79
22:36:34 [INFO] [MPC] state=(+3.82,-3.12,-1.60) wp0=(+3.85,-3.19) v=+0.200 ω=+0.201 ok=True iters=10
22:36:34 [INFO] [PROG] s*=1.28/9.60 (13.3%) dist_goal=5.81
22:36:34 [INFO] [MPC] state=(+3.82,-3.14,-1.59) wp0=(+3.85,-3.21) v=+0.200 ω=-0.146 ok=True iters=13
22:36:35 [INFO] [PROG] s*=1.30/9.60 (13.5%) dist_goal=5.83
22:36:35 [INFO] [MPC] state=(+3.82,-3.16,-1.60) wp0=(+3.85,-3.23) v=+0.200 ω=+0.122 ok=True iters=10
22:36:35 [INFO] [PROG] s*=1.31/9.60 (13.7%) dist_goal=5.84
22:36:35 [INFO] [MPC] state=(+3.82,-3.18,-1.59) wp0=(+3.85,-3.24) v=+0.200 ω=-0.518 ok=True iters=10
22:36:35 [INFO] [PROG] s*=1.33/9.60 (13.9%) dist_goal=5.86
22:36:35 [INFO] [MPC] state=(+3.82,-3.19,-1.63) wp0=(+3.85,-3.26) v=+0.200 ω=-1.145 ok=True iters=8
22:36:35 [INFO] [PROG] s*=1.35/9.60 (14.0%) dist_goal=5.87
22:36:35 [INFO] [MPC] state=(+3.82,-3.21,-1.69) wp0=(+3.85,-3.28) v=+0.200 ω=-1.600 ok=True iters=8
22:36:35 [INFO] [PROG] s*=1.36/9.60 (14.2%) dist_goal=5.88
22:36:35 [INFO] [MPC] state=(+3.82,-3.23,-1.78) wp0=(+3.85,-3.29) v=+0.200 ω=-1.318 ok=True iters=9
22:36:35 [INFO] [PROG] s*=1.38/9.60 (14.3%) dist_goal=5.89
22:36:35 [INFO] [MPC] state=(+3.81,-3.24,-1.85) wp0=(+3.85,-3.31) v=+0.200 ω=-1.336 ok=True iters=9
22:36:35 [INFO] [PROG] s*=1.39/9.60 (14.5%) dist_goal=5.90
22:36:35 [INFO] [MPC] state=(+3.81,-3.26,-1.92) wp0=(+3.85,-3.32) v=+0.200 ω=-1.352 ok=True iters=9
22:36:35 [INFO] [PROG] s*=1.40/9.60 (14.6%) dist_goal=5.91
22:36:35 [INFO] [MPC] state=(+3.80,-3.27,-2.00) wp0=(+3.85,-3.33) v=+0.200 ω=-1.106 ok=True iters=10
22:36:35 [INFO] [PROG] s*=1.53/9.60 (16.0%) dist_goal=5.92
22:36:35 [INFO] [MPC] state=(+3.80,-3.28,-2.05) wp0=(+3.74,-3.35) v=+0.200 ω=-1.027 ok=True iters=9
22:36:35 [INFO] [PROG] s*=1.54/9.60 (16.1%) dist_goal=5.93
22:36:35 [INFO] [MPC] state=(+3.79,-3.30,-2.11) wp0=(+3.73,-3.35) v=+0.200 ω=-1.087 ok=True iters=8
22:36:35 [INFO] [PROG] s*=1.55/9.60 (16.2%) dist_goal=5.94
22:36:35 [INFO] [MPC] state=(+3.78,-3.31,-2.17) wp0=(+3.72,-3.35) v=+0.200 ω=-0.992 ok=True iters=8
22:36:35 [INFO] [PROG] s*=1.56/9.60 (16.3%) dist_goal=5.94
22:36:35 [INFO] [MPC] state=(+3.77,-3.33,-2.23) wp0=(+3.71,-3.35) v=+0.200 ω=-0.899 ok=True iters=8
22:36:35 [INFO] [PROG] s*=1.57/9.60 (16.4%) dist_goal=5.95
22:36:35 [INFO] [MPC] state=(+3.76,-3.34,-2.28) wp0=(+3.70,-3.35) v=+0.200 ω=-0.818 ok=True iters=8
22:36:35 [INFO] [PROG] s*=1.59/9.60 (16.5%) dist_goal=5.96
22:36:35 [INFO] [MPC] state=(+3.75,-3.35,-2.32) wp0=(+3.68,-3.35) v=+0.200 ω=-0.750 ok=True iters=8
22:36:35 [INFO] [PROG] s*=1.60/9.60 (16.7%) dist_goal=5.96
22:36:35 [INFO] [MPC] state=(+3.73,-3.37,-2.36) wp0=(+3.67,-3.35) v=+0.200 ω=-0.708 ok=True iters=8
22:36:35 [INFO] [PROG] s*=1.61/9.60 (16.8%) dist_goal=5.97
22:36:35 [INFO] [MPC] state=(+3.72,-3.38,-2.40) wp0=(+3.66,-3.35) v=+0.200 ω=-0.664 ok=True iters=8
22:36:35 [INFO] [PROG] s*=1.63/9.60 (17.0%) dist_goal=5.97
22:36:35 [INFO] [MPC] state=(+3.71,-3.39,-2.44) wp0=(+3.64,-3.35) v=+0.200 ω=-0.620 ok=True iters=8
22:36:35 [INFO] [PROG] s*=1.64/9.60 (17.1%) dist_goal=5.97
22:36:35 [INFO] [MPC] state=(+3.69,-3.40,-2.48) wp0=(+3.63,-3.35) v=+0.200 ω=-0.565 ok=True iters=8
22:36:35 [INFO] [PROG] s*=1.66/9.60 (17.3%) dist_goal=5.98
22:36:35 [INFO] [MPC] state=(+3.68,-3.41,-2.51) wp0=(+3.61,-3.35) v=+0.200 ω=-0.545 ok=True iters=8
22:36:35 [INFO] [PROG] s*=1.67/9.60 (17.4%) dist_goal=5.98
22:36:35 [INFO] [MPC] state=(+3.66,-3.43,-2.54) wp0=(+3.60,-3.35) v=+0.200 ω=-0.541 ok=True iters=8
22:36:35 [INFO] [PROG] s*=1.69/9.60 (17.6%) dist_goal=5.98
22:36:35 [INFO] [MPC] state=(+3.65,-3.44,-2.58) wp0=(+3.58,-3.35) v=+0.200 ω=-0.528 ok=True iters=8
22:36:35 [INFO] [PROG] s*=1.71/9.60 (17.8%) dist_goal=5.98
22:36:35 [INFO] [MPC] state=(+3.63,-3.45,-2.61) wp0=(+3.56,-3.35) v=+0.200 ω=-0.434 ok=True iters=8
22:36:35 [INFO] [PROG] s*=1.72/9.60 (18.0%) dist_goal=5.98
22:36:35 [INFO] [MPC] state=(+3.61,-3.46,-2.63) wp0=(+3.55,-3.35) v=+0.200 ω=-0.408 ok=True iters=8
22:36:35 [INFO] [PROG] s*=1.74/9.60 (18.1%) dist_goal=5.98
22:36:35 [INFO] [MPC] state=(+3.60,-3.46,-2.66) wp0=(+3.53,-3.35) v=+0.200 ω=-0.287 ok=True iters=8
22:36:35 [INFO] [PROG] s*=1.76/9.60 (18.3%) dist_goal=5.98
22:36:35 [INFO] [MPC] state=(+3.58,-3.47,-2.68) wp0=(+3.51,-3.35) v=+0.200 ω=-0.317 ok=True iters=8
22:36:35 [INFO] [PROG] s*=1.78/9.60 (18.5%) dist_goal=5.98
22:36:35 [INFO] [MPC] state=(+3.56,-3.48,-2.70) wp0=(+3.49,-3.35) v=+0.200 ω=-0.330 ok=True iters=8
22:36:35 [INFO] [PROG] s*=1.80/9.60 (18.7%) dist_goal=5.98
22:36:35 [INFO] [MPC] state=(+3.54,-3.49,-2.72) wp0=(+3.47,-3.35) v=+0.200 ω=-0.336 ok=True iters=8
22:36:35 [INFO] [PROG] s*=1.81/9.60 (18.9%) dist_goal=5.98
22:36:35 [INFO] [MPC] state=(+3.52,-3.50,-2.75) wp0=(+3.46,-3.35) v=+0.200 ω=-0.332 ok=True iters=8
22:36:35 [INFO] [PROG] s*=1.83/9.60 (19.1%) dist_goal=5.98
22:36:35 [INFO] [MPC] state=(+3.51,-3.51,-2.77) wp0=(+3.44,-3.35) v=+0.200 ω=-0.289 ok=True iters=8
22:36:35 [INFO] [PROG] s*=1.85/9.60 (19.3%) dist_goal=5.98
22:36:35 [INFO] [MPC] state=(+3.49,-3.51,-2.79) wp0=(+3.42,-3.35) v=+0.200 ω=-0.292 ok=True iters=8
22:36:35 [INFO] [PROG] s*=1.87/9.60 (19.5%) dist_goal=5.98
22:36:35 [INFO] [MPC] state=(+3.47,-3.52,-2.81) wp0=(+3.40,-3.35) v=+0.200 ω=-0.292 ok=True iters=8
22:36:35 [INFO] [PROG] s*=1.89/9.60 (19.7%) dist_goal=5.98
22:36:35 [INFO] [MPC] state=(+3.45,-3.53,-2.83) wp0=(+3.38,-3.35) v=+0.200 ω=-0.286 ok=True iters=8
22:36:35 [INFO] [PROG] s*=1.91/9.60 (19.9%) dist_goal=5.98
22:36:35 [INFO] [MPC] state=(+3.43,-3.53,-2.85) wp0=(+3.36,-3.35) v=+0.200 ω=-0.277 ok=True iters=8
22:36:35 [INFO] [PROG] s*=1.93/9.60 (20.1%) dist_goal=5.97
22:36:35 [INFO] [MPC] state=(+3.41,-3.54,-2.86) wp0=(+3.34,-3.35) v=+0.200 ω=-0.263 ok=True iters=8
22:36:35 [INFO] [PROG] s*=1.94/9.60 (20.3%) dist_goal=5.97
22:36:35 [INFO] [MPC] state=(+3.39,-3.54,-2.88) wp0=(+3.33,-3.35) v=+0.200 ω=-0.250 ok=True iters=8
22:36:35 [INFO] [PROG] s*=1.96/9.60 (20.5%) dist_goal=5.97
22:36:35 [INFO] [MPC] state=(+3.38,-3.55,-2.90) wp0=(+3.31,-3.35) v=+0.200 ω=-0.234 ok=True iters=8
22:36:35 [INFO] [PROG] s*=1.98/9.60 (20.7%) dist_goal=5.96
22:36:35 [INFO] [MPC] state=(+3.36,-3.55,-2.92) wp0=(+3.29,-3.35) v=+0.200 ω=-0.218 ok=True iters=8
22:36:35 [INFO] [PROG] s*=2.00/9.60 (20.9%) dist_goal=5.96
22:36:35 [INFO] [MPC] state=(+3.34,-3.56,-2.93) wp0=(+3.27,-3.35) v=+0.200 ω=-0.202 ok=True iters=8
22:36:35 [INFO] [PROG] s*=2.02/9.60 (21.1%) dist_goal=5.96
22:36:35 [INFO] [MPC] state=(+3.32,-3.56,-2.95) wp0=(+3.25,-3.35) v=+0.200 ω=-0.275 ok=True iters=8
22:36:35 [INFO] [PROG] s*=2.04/9.60 (21.3%) dist_goal=5.95
22:36:35 [INFO] [MPC] state=(+3.30,-3.56,-2.97) wp0=(+3.23,-3.35) v=+0.200 ω=-0.152 ok=True iters=7
22:36:35 [INFO] [PROG] s*=2.06/9.60 (21.5%) dist_goal=5.95
22:36:35 [INFO] [MPC] state=(+3.28,-3.57,-2.98) wp0=(+3.21,-3.35) v=+0.200 ω=-0.139 ok=True iters=7
22:36:35 [INFO] [PROG] s*=2.08/9.60 (21.7%) dist_goal=5.94
22:36:35 [INFO] [MPC] state=(+3.26,-3.57,-2.99) wp0=(+3.19,-3.35) v=+0.200 ω=-0.125 ok=True iters=7
22:36:35 [INFO] [PROG] s*=2.10/9.60 (21.9%) dist_goal=5.94
22:36:35 [INFO] [MPC] state=(+3.24,-3.57,-3.00) wp0=(+3.17,-3.35) v=+0.200 ω=-0.113 ok=True iters=7
22:36:35 [INFO] [PROG] s*=2.12/9.60 (22.1%) dist_goal=5.93
22:36:35 [INFO] [MPC] state=(+3.22,-3.58,-3.01) wp0=(+3.15,-3.35) v=+0.200 ω=-0.101 ok=True iters=7
22:36:35 [INFO] [PROG] s*=2.14/9.60 (22.3%) dist_goal=5.93
22:36:35 [INFO] [MPC] state=(+3.20,-3.58,-3.02) wp0=(+3.13,-3.35) v=+0.200 ω=-0.088 ok=True iters=7
22:36:35 [INFO] [PROG] s*=2.16/9.60 (22.5%) dist_goal=5.92
22:36:35 [INFO] [MPC] state=(+3.18,-3.58,-3.03) wp0=(+3.11,-3.35) v=+0.200 ω=-0.078 ok=True iters=7
22:36:35 [INFO] [PROG] s*=2.18/9.60 (22.7%) dist_goal=5.92
22:36:35 [INFO] [MPC] state=(+3.16,-3.58,-3.04) wp0=(+3.09,-3.35) v=+0.200 ω=-0.070 ok=True iters=7
22:36:35 [INFO] [PROG] s*=2.20/9.60 (23.0%) dist_goal=5.91
22:36:35 [INFO] [MPC] state=(+3.14,-3.59,-3.05) wp0=(+3.07,-3.35) v=+0.200 ω=-0.063 ok=True iters=7
22:36:35 [INFO] [PROG] s*=2.22/9.60 (23.2%) dist_goal=5.91
22:36:35 [INFO] [MPC] state=(+3.12,-3.59,-3.05) wp0=(+3.05,-3.35) v=+0.200 ω=-0.058 ok=True iters=7
22:36:35 [INFO] [PROG] s*=2.24/9.60 (23.4%) dist_goal=5.90
22:36:35 [INFO] [MPC] state=(+3.10,-3.59,-3.06) wp0=(+3.03,-3.35) v=+0.200 ω=-0.054 ok=True iters=7
22:36:35 [INFO] [PROG] s*=2.26/9.60 (23.6%) dist_goal=5.89
22:36:35 [INFO] [MPC] state=(+3.08,-3.59,-3.06) wp0=(+3.01,-3.35) v=+0.200 ω=-0.049 ok=True iters=7
22:36:35 [INFO] [PROG] s*=2.28/9.60 (23.8%) dist_goal=5.89
22:36:35 [INFO] [MPC] state=(+3.06,-3.59,-3.07) wp0=(+2.99,-3.35) v=+0.200 ω=-0.045 ok=True iters=7
22:36:35 [INFO] [PROG] s*=2.30/9.60 (24.0%) dist_goal=5.88
22:36:35 [INFO] [MPC] state=(+3.04,-3.59,-3.07) wp0=(+2.97,-3.35) v=+0.200 ω=-0.042 ok=True iters=7
22:36:35 [INFO] [PROG] s*=2.33/9.60 (24.2%) dist_goal=5.88
22:36:35 [INFO] [MPC] state=(+3.02,-3.60,-3.08) wp0=(+2.94,-3.35) v=+0.200 ω=-0.039 ok=True iters=7
22:36:35 [INFO] [PROG] s*=2.35/9.60 (24.4%) dist_goal=5.87
22:36:35 [INFO] [MPC] state=(+2.99,-3.60,-3.08) wp0=(+2.92,-3.35) v=+0.200 ω=-0.037 ok=True iters=7
22:36:35 [INFO] [PROG] s*=2.37/9.60 (24.6%) dist_goal=5.87
22:36:35 [INFO] [MPC] state=(+2.97,-3.60,-3.08) wp0=(+2.90,-3.35) v=+0.200 ω=-0.035 ok=True iters=7
22:36:35 [INFO] [PROG] s*=2.39/9.60 (24.9%) dist_goal=5.86
22:36:35 [INFO] [MPC] state=(+2.95,-3.60,-3.09) wp0=(+2.88,-3.35) v=+0.200 ω=-0.033 ok=True iters=7
22:36:35 [INFO] [PROG] s*=2.41/9.60 (25.1%) dist_goal=5.86
22:36:35 [INFO] [MPC] state=(+2.93,-3.60,-3.09) wp0=(+2.86,-3.35) v=+0.200 ω=-0.138 ok=True iters=7
22:36:35 [INFO] [PROG] s*=2.43/9.60 (25.3%) dist_goal=5.85
22:36:35 [INFO] [MPC] state=(+2.91,-3.60,-3.10) wp0=(+2.84,-3.35) v=+0.200 ω=-0.106 ok=True iters=7
22:36:35 [INFO] [PROG] s*=2.45/9.60 (25.5%) dist_goal=5.84
22:36:35 [INFO] [MPC] state=(+2.89,-3.60,-3.11) wp0=(+2.82,-3.35) v=+0.200 ω=-0.079 ok=True iters=7
22:36:35 [INFO] [PROG] s*=2.47/9.60 (25.7%) dist_goal=5.84
22:36:35 [INFO] [MPC] state=(+2.87,-3.60,-3.12) wp0=(+2.80,-3.35) v=+0.200 ω=-0.058 ok=True iters=7
22:36:35 [INFO] [PROG] s*=2.49/9.60 (25.9%) dist_goal=5.83
22:36:35 [INFO] [MPC] state=(+2.85,-3.60,-3.13) wp0=(+2.78,-3.35) v=+0.200 ω=-0.044 ok=True iters=7
22:36:35 [INFO] [PROG] s*=2.51/9.60 (26.1%) dist_goal=5.83
22:36:35 [INFO] [MPC] state=(+2.83,-3.60,-3.13) wp0=(+2.76,-3.35) v=+0.200 ω=-0.235 ok=True iters=7
22:36:35 [INFO] [PROG] s*=2.53/9.60 (26.3%) dist_goal=5.82
22:36:35 [INFO] [MPC] state=(+2.81,-3.60,-3.15) wp0=(+2.74,-3.35) v=+0.200 ω=-0.174 ok=True iters=7
22:36:35 [INFO] [PROG] s*=2.55/9.60 (26.5%) dist_goal=5.81
22:36:35 [INFO] [MPC] state=(+2.79,-3.60,-3.17) wp0=(+2.72,-3.35) v=+0.200 ω=-0.134 ok=True iters=7
22:36:35 [INFO] [PROG] s*=2.57/9.60 (26.7%) dist_goal=5.81
22:36:35 [INFO] [MPC] state=(+2.77,-3.60,-3.18) wp0=(+2.70,-3.35) v=+0.200 ω=-0.188 ok=True iters=7
22:36:35 [INFO] [PROG] s*=2.59/9.60 (27.0%) dist_goal=5.80
22:36:35 [INFO] [MPC] state=(+2.75,-3.60,-3.19) wp0=(+2.68,-3.35) v=+0.200 ω=-0.144 ok=True iters=7
22:36:35 [INFO] [PROG] s*=2.61/9.60 (27.2%) dist_goal=5.79
22:36:35 [INFO] [MPC] state=(+2.73,-3.60,-3.21) wp0=(+2.66,-3.35) v=+0.200 ω=-0.109 ok=True iters=7
22:36:35 [INFO] [PROG] s*=2.63/9.60 (27.4%) dist_goal=5.79
22:36:35 [INFO] [MPC] state=(+2.71,-3.60,-3.22) wp0=(+2.64,-3.35) v=+0.200 ω=-0.313 ok=True iters=7
22:36:35 [INFO] [PROG] s*=2.65/9.60 (27.6%) dist_goal=5.78
22:36:35 [INFO] [MPC] state=(+2.69,-3.60,-3.24) wp0=(+2.62,-3.35) v=+0.200 ω=-0.257 ok=True iters=7
22:36:35 [INFO] [PROG] s*=2.67/9.60 (27.8%) dist_goal=5.77
22:36:35 [INFO] [MPC] state=(+2.67,-3.59,-3.25) wp0=(+2.60,-3.35) v=+0.200 ω=-0.204 ok=True iters=7
22:36:35 [INFO] [PROG] s*=2.69/9.60 (28.0%) dist_goal=5.76
22:36:35 [INFO] [MPC] state=(+2.65,-3.59,-3.27) wp0=(+2.58,-3.35) v=+0.200 ω=-0.282 ok=True iters=7
22:36:35 [INFO] [PROG] s*=2.71/9.60 (28.2%) dist_goal=5.75
22:36:35 [INFO] [MPC] state=(+2.63,-3.59,-3.29) wp0=(+2.56,-3.35) v=+0.200 ω=-0.063 ok=True iters=7
22:36:35 [INFO] [PROG] s*=2.73/9.60 (28.4%) dist_goal=5.74
22:36:35 [INFO] [MPC] state=(+2.61,-3.59,-3.29) wp0=(+2.54,-3.35) v=+0.200 ω=-0.074 ok=True iters=7
22:36:35 [INFO] [PROG] s*=2.75/9.60 (28.6%) dist_goal=5.74
22:36:35 [INFO] [MPC] state=(+2.59,-3.58,-3.30) wp0=(+2.52,-3.35) v=+0.200 ω=-0.271 ok=True iters=7
22:36:35 [INFO] [PROG] s*=2.77/9.60 (28.8%) dist_goal=5.73
22:36:35 [INFO] [MPC] state=(+2.57,-3.58,-3.32) wp0=(+2.50,-3.35) v=+0.200 ω=-0.195 ok=True iters=7
22:36:35 [INFO] [PROG] s*=2.79/9.60 (29.0%) dist_goal=5.72
22:36:35 [INFO] [MPC] state=(+2.55,-3.58,-3.33) wp0=(+2.48,-3.35) v=+0.200 ω=-0.151 ok=True iters=7
22:36:35 [INFO] [PROG] s*=2.80/9.60 (29.2%) dist_goal=5.71
22:36:35 [INFO] [MPC] state=(+2.53,-3.57,-3.35) wp0=(+2.47,-3.35) v=+0.200 ω=-0.111 ok=True iters=7
22:36:35 [INFO] [PROG] s*=2.82/9.60 (29.4%) dist_goal=5.70
22:36:35 [INFO] [MPC] state=(+2.52,-3.57,-3.36) wp0=(+2.45,-3.35) v=+0.200 ω=-0.016 ok=True iters=7
22:36:35 [INFO] [PROG] s*=2.84/9.60 (29.6%) dist_goal=5.69
22:36:35 [INFO] [MPC] state=(+2.50,-3.56,-3.36) wp0=(+2.43,-3.35) v=+0.200 ω=+0.029 ok=True iters=7
22:36:35 [INFO] [PROG] s*=2.86/9.60 (29.8%) dist_goal=5.68
22:36:35 [INFO] [MPC] state=(+2.48,-3.56,-3.36) wp0=(+2.41,-3.35) v=+0.200 ω=-0.167 ok=True iters=7
22:36:35 [INFO] [PROG] s*=2.88/9.60 (30.0%) dist_goal=5.67
22:36:35 [INFO] [MPC] state=(+2.46,-3.55,-3.37) wp0=(+2.39,-3.35) v=+0.200 ω=+0.069 ok=True iters=7
22:36:35 [INFO] [PROG] s*=2.90/9.60 (30.2%) dist_goal=5.66
22:36:35 [INFO] [MPC] state=(+2.44,-3.55,-3.36) wp0=(+2.37,-3.35) v=+0.200 ω=+0.029 ok=True iters=7
22:36:35 [INFO] [PROG] s*=2.92/9.60 (30.5%) dist_goal=5.65
22:36:35 [INFO] [MPC] state=(+2.42,-3.55,-3.36) wp0=(+2.35,-3.35) v=+0.200 ω=+0.131 ok=True iters=7
22:36:35 [INFO] [PROG] s*=2.94/9.60 (30.7%) dist_goal=5.65
22:36:35 [INFO] [MPC] state=(+2.40,-3.54,-3.35) wp0=(+2.33,-3.35) v=+0.200 ω=+0.148 ok=True iters=7
22:36:35 [INFO] [PROG] s*=2.96/9.60 (30.9%) dist_goal=5.64
22:36:35 [INFO] [MPC] state=(+2.38,-3.54,-3.33) wp0=(+2.31,-3.35) v=+0.200 ω=-0.060 ok=True iters=7
22:36:35 [INFO] [PROG] s*=2.98/9.60 (31.1%) dist_goal=5.63
22:36:35 [INFO] [MPC] state=(+2.36,-3.53,-3.34) wp0=(+2.29,-3.35) v=+0.200 ω=-0.027 ok=True iters=7
22:36:35 [INFO] [PROG] s*=3.00/9.60 (31.3%) dist_goal=5.62
22:36:35 [INFO] [MPC] state=(+2.34,-3.53,-3.34) wp0=(+2.27,-3.35) v=+0.200 ω=+0.085 ok=True iters=7
22:36:35 [INFO] [PROG] s*=3.02/9.60 (31.5%) dist_goal=5.61
22:36:35 [INFO] [MPC] state=(+2.32,-3.53,-3.33) wp0=(+2.25,-3.35) v=+0.200 ω=+0.052 ok=True iters=7
22:36:35 [INFO] [PROG] s*=3.04/9.60 (31.7%) dist_goal=5.60
22:36:35 [INFO] [MPC] state=(+2.30,-3.52,-3.33) wp0=(+2.23,-3.35) v=+0.200 ω=+0.034 ok=True iters=7
22:36:35 [INFO] [PROG] s*=3.06/9.60 (31.9%) dist_goal=5.60
22:36:35 [INFO] [MPC] state=(+2.28,-3.52,-3.32) wp0=(+2.21,-3.35) v=+0.200 ω=+0.464 ok=True iters=7
22:36:35 [INFO] [PROG] s*=3.08/9.60 (32.1%) dist_goal=5.59
22:36:35 [INFO] [MPC] state=(+2.26,-3.51,-3.30) wp0=(+2.19,-3.35) v=+0.200 ω=+0.290 ok=True iters=7
22:36:35 [INFO] [PROG] s*=3.10/9.60 (32.3%) dist_goal=5.58
22:36:35 [INFO] [MPC] state=(+2.24,-3.51,-3.28) wp0=(+2.17,-3.35) v=+0.200 ω=+0.632 ok=True iters=7
22:36:35 [INFO] [PROG] s*=3.12/9.60 (32.5%) dist_goal=5.58
22:36:35 [INFO] [MPC] state=(+2.22,-3.51,-3.24) wp0=(+2.15,-3.35) v=+0.200 ω=+0.075 ok=True iters=7
22:36:35 [INFO] [PROG] s*=3.14/9.60 (32.7%) dist_goal=5.57
22:36:35 [INFO] [MPC] state=(+2.20,-3.51,-3.23) wp0=(+2.13,-3.35) v=+0.200 ω=+0.444 ok=True iters=7
22:36:35 [INFO] [PROG] s*=3.16/9.60 (32.9%) dist_goal=5.57
22:36:35 [INFO] [MPC] state=(+2.18,-3.51,-3.20) wp0=(+2.11,-3.35) v=+0.200 ω=+0.343 ok=True iters=7
22:36:35 [INFO] [PROG] s*=3.18/9.60 (33.1%) dist_goal=5.56
22:36:35 [INFO] [MPC] state=(+2.16,-3.51,-3.19) wp0=(+2.09,-3.35) v=+0.200 ω=+0.188 ok=True iters=7
22:36:35 [INFO] [PROG] s*=3.20/9.60 (33.3%) dist_goal=5.56
22:36:35 [INFO] [MPC] state=(+2.14,-3.50,-3.17) wp0=(+2.07,-3.35) v=+0.200 ω=+0.124 ok=True iters=7
22:36:35 [INFO] [PROG] s*=3.22/9.60 (33.5%) dist_goal=5.55
22:36:35 [INFO] [MPC] state=(+2.12,-3.50,-3.16) wp0=(+2.05,-3.35) v=+0.200 ω=+0.070 ok=True iters=7
22:36:35 [INFO] [PROG] s*=3.24/9.60 (33.7%) dist_goal=5.55
22:36:35 [INFO] [MPC] state=(+2.10,-3.50,-3.15) wp0=(+2.03,-3.35) v=+0.200 ω=-0.102 ok=True iters=7
22:36:35 [INFO] [PROG] s*=3.26/9.60 (33.9%) dist_goal=5.55
22:36:35 [INFO] [MPC] state=(+2.08,-3.50,-3.17) wp0=(+2.01,-3.35) v=+0.200 ω=-0.094 ok=True iters=7
22:36:35 [INFO] [PROG] s*=3.28/9.60 (34.1%) dist_goal=5.54
22:36:35 [INFO] [MPC] state=(+2.06,-3.50,-3.18) wp0=(+1.99,-3.35) v=+0.200 ω=-0.372 ok=True iters=7
22:36:35 [INFO] [PROG] s*=3.29/9.60 (34.3%) dist_goal=5.54
22:36:35 [INFO] [MPC] state=(+2.04,-3.50,-3.20) wp0=(+1.98,-3.35) v=+0.200 ω=-0.324 ok=True iters=7
22:36:35 [INFO] [PROG] s*=3.31/9.60 (34.5%) dist_goal=5.53
22:36:35 [INFO] [MPC] state=(+2.03,-3.50,-3.22) wp0=(+1.96,-3.35) v=+0.200 ω=-0.274 ok=True iters=7
22:36:35 [INFO] [PROG] s*=3.33/9.60 (34.7%) dist_goal=5.53
22:36:35 [INFO] [MPC] state=(+2.01,-3.50,-3.24) wp0=(+1.94,-3.35) v=+0.200 ω=+0.314 ok=True iters=7
22:36:35 [INFO] [PROG] s*=3.35/9.60 (34.9%) dist_goal=5.52
22:36:35 [INFO] [MPC] state=(+1.99,-3.50,-3.22) wp0=(+1.92,-3.35) v=+0.200 ω=-0.147 ok=True iters=7
22:36:35 [INFO] [PROG] s*=3.37/9.60 (35.1%) dist_goal=5.52
22:36:35 [INFO] [MPC] state=(+1.97,-3.50,-3.23) wp0=(+1.90,-3.35) v=+0.200 ω=-0.115 ok=True iters=7
22:36:35 [INFO] [PROG] s*=3.39/9.60 (35.3%) dist_goal=5.51
22:36:35 [INFO] [MPC] state=(+1.95,-3.49,-3.24) wp0=(+1.88,-3.35) v=+0.200 ω=-0.078 ok=True iters=7
22:36:35 [INFO] [PROG] s*=3.41/9.60 (35.6%) dist_goal=5.51
22:36:35 [INFO] [MPC] state=(+1.93,-3.49,-3.25) wp0=(+1.86,-3.35) v=+0.200 ω=-0.040 ok=True iters=7
22:36:35 [INFO] [PROG] s*=3.43/9.60 (35.7%) dist_goal=5.50
22:36:35 [INFO] [MPC] state=(+1.91,-3.49,-3.25) wp0=(+1.84,-3.35) v=+0.200 ω=+0.535 ok=True iters=7
22:36:35 [INFO] [PROG] s*=3.45/9.60 (35.9%) dist_goal=5.50
22:36:35 [INFO] [MPC] state=(+1.89,-3.49,-3.22) wp0=(+1.82,-3.35) v=+0.200 ω=+0.470 ok=True iters=7
22:36:35 [INFO] [PROG] s*=3.47/9.60 (36.1%) dist_goal=5.49
22:36:35 [INFO] [MPC] state=(+1.87,-3.49,-3.19) wp0=(+1.80,-3.35) v=+0.200 ω=-0.124 ok=True iters=7
22:36:35 [INFO] [PROG] s*=3.49/9.60 (36.3%) dist_goal=5.49
22:36:35 [INFO] [MPC] state=(+1.85,-3.49,-3.21) wp0=(+1.78,-3.35) v=+0.200 ω=+0.453 ok=True iters=7
22:36:35 [INFO] [PROG] s*=3.51/9.60 (36.5%) dist_goal=5.49
22:36:35 [INFO] [MPC] state=(+1.83,-3.48,-3.18) wp0=(+1.76,-3.35) v=+0.200 ω=+0.237 ok=True iters=7
22:36:35 [INFO] [PROG] s*=3.53/9.60 (36.7%) dist_goal=5.48
22:36:35 [INFO] [MPC] state=(+1.81,-3.48,-3.17) wp0=(+1.74,-3.35) v=+0.200 ω=+0.210 ok=True iters=7
22:36:35 [INFO] [PROG] s*=3.55/9.60 (37.0%) dist_goal=5.48
22:36:35 [INFO] [MPC] state=(+1.79,-3.48,-3.15) wp0=(+1.72,-3.35) v=+0.200 ω=+0.176 ok=True iters=7
22:36:35 [INFO] [PROG] s*=3.57/9.60 (37.2%) dist_goal=5.48
22:36:35 [INFO] [MPC] state=(+1.77,-3.48,-3.14) wp0=(+1.70,-3.35) v=+0.200 ω=+0.151 ok=True iters=7
22:36:35 [INFO] [PROG] s*=3.59/9.60 (37.4%) dist_goal=5.48
22:36:35 [INFO] [MPC] state=(+1.75,-3.48,-3.13) wp0=(+1.68,-3.35) v=+0.200 ω=+0.122 ok=True iters=7
22:36:35 [INFO] [PROG] s*=3.61/9.60 (37.6%) dist_goal=5.47
22:36:35 [INFO] [MPC] state=(+1.73,-3.48,-3.12) wp0=(+1.66,-3.35) v=+0.200 ω=+0.092 ok=True iters=7
22:36:35 [INFO] [PROG] s*=3.63/9.60 (37.8%) dist_goal=5.47
22:36:35 [INFO] [MPC] state=(+1.71,-3.48,-3.11) wp0=(+1.64,-3.35) v=+0.200 ω=+0.070 ok=True iters=7
22:36:35 [INFO] [PROG] s*=3.65/9.60 (38.0%) dist_goal=5.47
22:36:35 [INFO] [MPC] state=(+1.69,-3.49,-3.10) wp0=(+1.62,-3.35) v=+0.200 ω=+0.055 ok=True iters=7
22:36:35 [INFO] [PROG] s*=3.67/9.60 (38.2%) dist_goal=5.47
22:36:35 [INFO] [MPC] state=(+1.67,-3.49,-3.10) wp0=(+1.60,-3.35) v=+0.200 ω=+0.041 ok=True iters=7
22:36:35 [INFO] [PROG] s*=3.69/9.60 (38.4%) dist_goal=5.47
22:36:35 [INFO] [MPC] state=(+1.65,-3.49,-3.09) wp0=(+1.58,-3.35) v=+0.200 ω=+0.030 ok=True iters=7
22:36:35 [INFO] [PROG] s*=3.71/9.60 (38.6%) dist_goal=5.47
22:36:35 [INFO] [MPC] state=(+1.63,-3.49,-3.09) wp0=(+1.56,-3.35) v=+0.200 ω=+0.104 ok=True iters=7
22:36:35 [INFO] [PROG] s*=3.73/9.60 (38.8%) dist_goal=5.47
22:36:35 [INFO] [MPC] state=(+1.61,-3.49,-3.08) wp0=(+1.54,-3.35) v=+0.200 ω=+0.070 ok=True iters=7
22:36:35 [INFO] [PROG] s*=3.75/9.60 (39.0%) dist_goal=5.47
22:36:35 [INFO] [MPC] state=(+1.59,-3.49,-3.07) wp0=(+1.52,-3.35) v=+0.200 ω=+0.040 ok=True iters=7
22:36:35 [INFO] [PROG] s*=3.77/9.60 (39.3%) dist_goal=5.47
22:36:35 [INFO] [MPC] state=(+1.57,-3.49,-3.07) wp0=(+1.50,-3.35) v=+0.200 ω=+0.010 ok=True iters=7
22:36:35 [INFO] [PROG] s*=3.79/9.60 (39.5%) dist_goal=5.47
22:36:35 [INFO] [MPC] state=(+1.55,-3.49,-3.07) wp0=(+1.48,-3.35) v=+0.200 ω=-0.012 ok=True iters=7
22:36:35 [INFO] [PROG] s*=3.81/9.60 (39.7%) dist_goal=5.47
22:36:35 [INFO] [MPC] state=(+1.53,-3.49,-3.07) wp0=(+1.46,-3.35) v=+0.200 ω=-0.031 ok=True iters=7
22:36:35 [INFO] [PROG] s*=3.83/9.60 (39.9%) dist_goal=5.47
22:36:35 [INFO] [MPC] state=(+1.51,-3.50,-3.07) wp0=(+1.44,-3.35) v=+0.200 ω=+0.230 ok=True iters=8
22:36:35 [INFO] [PROG] s*=3.85/9.60 (40.1%) dist_goal=5.47
22:36:35 [INFO] [MPC] state=(+1.49,-3.50,-3.05) wp0=(+1.42,-3.35) v=+0.200 ω=+0.156 ok=True iters=8
22:36:35 [INFO] [PROG] s*=3.87/9.60 (40.3%) dist_goal=5.47
22:36:35 [INFO] [MPC] state=(+1.47,-3.50,-3.04) wp0=(+1.40,-3.35) v=+0.200 ω=-0.333 ok=True iters=8
22:36:35 [INFO] [PROG] s*=3.89/9.60 (40.5%) dist_goal=5.47
22:36:35 [INFO] [MPC] state=(+1.45,-3.50,-3.06) wp0=(+1.38,-3.35) v=+0.200 ω=-0.249 ok=True iters=8
22:36:35 [INFO] [PROG] s*=3.91/9.60 (40.7%) dist_goal=5.47
22:36:35 [INFO] [MPC] state=(+1.43,-3.50,-3.08) wp0=(+1.36,-3.35) v=+0.200 ω=-0.240 ok=True iters=8
22:36:35 [INFO] [PROG] s*=3.93/9.60 (40.9%) dist_goal=5.47
22:36:35 [INFO] [MPC] state=(+1.41,-3.50,-3.10) wp0=(+1.34,-3.35) v=+0.200 ω=-0.232 ok=True iters=8
22:36:35 [INFO] [PROG] s*=3.95/9.60 (41.1%) dist_goal=5.46
22:36:35 [INFO] [MPC] state=(+1.39,-3.50,-3.12) wp0=(+1.32,-3.35) v=+0.200 ω=-0.557 ok=True iters=8
22:36:35 [INFO] [PROG] s*=3.96/9.60 (41.3%) dist_goal=5.46
22:36:35 [INFO] [MPC] state=(+1.37,-3.50,-3.15) wp0=(+1.31,-3.35) v=+0.200 ω=-0.503 ok=True iters=9
22:36:35 [INFO] [PROG] s*=3.98/9.60 (41.5%) dist_goal=5.46
22:36:35 [INFO] [MPC] state=(+1.36,-3.50,-3.19) wp0=(+1.29,-3.35) v=+0.200 ω=-0.440 ok=True iters=9
22:36:35 [INFO] [PROG] s*=4.00/9.60 (41.7%) dist_goal=5.46
22:36:35 [INFO] [MPC] state=(+1.34,-3.50,-3.22) wp0=(+1.27,-3.35) v=+0.200 ω=-0.346 ok=True iters=10
22:36:35 [INFO] [PROG] s*=4.02/9.60 (41.9%) dist_goal=5.46
22:36:35 [INFO] [MPC] state=(+1.32,-3.50,-3.24) wp0=(+1.25,-3.35) v=+0.200 ω=-1.186 ok=True iters=7
22:36:35 [INFO] [PROG] s*=4.03/9.60 (42.0%) dist_goal=5.45
22:36:35 [INFO] [MPC] state=(+1.30,-3.50,-3.30) wp0=(+1.24,-3.35) v=+0.200 ω=-2.205 ok=True iters=9
22:36:35 [INFO] [PROG] s*=4.04/9.60 (42.1%) dist_goal=5.45
22:36:35 [INFO] [MPC] state=(+1.29,-3.50,-3.41) wp0=(+1.23,-3.35) v=+0.200 ω=-2.289 ok=True iters=11
22:36:35 [INFO] [PROG] s*=4.05/9.60 (42.2%) dist_goal=5.44
22:36:35 [INFO] [MPC] state=(+1.28,-3.49,-3.53) wp0=(+1.22,-3.35) v=+0.200 ω=-2.156 ok=True iters=8
22:36:35 [INFO] [PROG] s*=4.07/9.60 (42.4%) dist_goal=5.43
22:36:35 [INFO] [MPC] state=(+1.27,-3.49,-3.65) wp0=(+1.20,-3.35) v=+0.200 ω=-1.802 ok=True iters=12
22:36:35 [INFO] [PROG] s*=4.08/9.60 (42.5%) dist_goal=5.43
22:36:35 [INFO] [MPC] state=(+1.25,-3.48,-3.74) wp0=(+1.19,-3.35) v=+0.200 ω=-2.209 ok=True iters=13
22:36:36 [INFO] [PROG] s*=4.08/9.60 (42.5%) dist_goal=5.42
22:36:36 [INFO] [MPC] state=(+1.24,-3.47,-3.86) wp0=(+1.19,-3.35) v=+0.200 ω=-2.400 ok=True iters=10
22:36:36 [INFO] [PROG] s*=4.09/9.60 (42.6%) dist_goal=5.41
22:36:36 [INFO] [MPC] state=(+1.24,-3.46,-3.98) wp0=(+1.18,-3.35) v=+0.200 ω=-2.310 ok=True iters=10
22:36:36 [INFO] [PROG] s*=4.09/9.60 (42.6%) dist_goal=5.40
22:36:36 [INFO] [MPC] state=(+1.23,-3.45,-4.11) wp0=(+1.18,-3.35) v=+0.030 ω=-1.895 ok=True iters=9
22:36:36 [INFO] [PROG] s*=4.10/9.60 (42.7%) dist_goal=5.40
22:36:36 [INFO] [MPC] state=(+1.23,-3.45,-4.29) wp0=(+1.17,-3.35) v=+0.030 ω=-1.267 ok=True iters=9
22:36:36 [INFO] [PROG] s*=4.10/9.60 (42.7%) dist_goal=5.39
22:36:36 [INFO] [MPC] state=(+1.22,-3.45,-4.42) wp0=(+1.17,-3.35) v=+0.030 ω=-0.851 ok=True iters=9
22:36:36 [INFO] [PROG] s*=4.10/9.60 (42.7%) dist_goal=5.39
22:36:36 [INFO] [MPC] state=(+1.22,-3.44,-4.50) wp0=(+1.17,-3.35) v=+0.030 ω=-0.543 ok=True iters=9
22:36:36 [INFO] [PROG] s*=4.10/9.60 (42.7%) dist_goal=5.39
22:36:36 [INFO] [MPC] state=(+1.22,-3.44,-4.56) wp0=(+1.17,-3.35) v=+0.030 ω=-0.357 ok=True iters=9
22:36:36 [INFO] [PROG] s*=4.10/9.60 (42.7%) dist_goal=5.39
22:36:36 [INFO] [MPC] state=(+1.22,-3.44,-4.59) wp0=(+1.17,-3.35) v=+0.030 ω=-0.242 ok=True iters=11
22:36:36 [INFO] [PROG] s*=4.10/9.60 (42.7%) dist_goal=5.38
22:36:36 [INFO] [MPC] state=(+1.22,-3.43,-4.62) wp0=(+1.17,-3.35) v=+0.030 ω=-0.155 ok=True iters=13
22:36:36 [INFO] [PROG] s*=4.10/9.60 (42.7%) dist_goal=5.38
22:36:36 [INFO] [MPC] state=(+1.22,-3.43,-4.63) wp0=(+1.17,-3.35) v=+0.030 ω=-0.097 ok=True iters=11
22:36:36 [INFO] [PROG] s*=4.10/9.60 (42.7%) dist_goal=5.38
22:36:36 [INFO] [MPC] state=(+1.22,-3.43,-4.64) wp0=(+1.17,-3.35) v=+0.030 ω=-0.066 ok=True iters=11
22:36:36 [INFO] [PROG] s*=4.10/9.60 (42.7%) dist_goal=5.37
22:36:36 [INFO] [MPC] state=(+1.22,-3.42,-4.65) wp0=(+1.17,-3.35) v=+0.030 ω=-0.042 ok=True iters=10
22:36:36 [INFO] [PROG] s*=4.10/9.60 (42.7%) dist_goal=5.37
22:36:36 [INFO] [MPC] state=(+1.22,-3.42,-4.65) wp0=(+1.17,-3.35) v=+0.030 ω=-0.025 ok=True iters=10
22:36:36 [INFO] [PROG] s*=4.10/9.60 (42.7%) dist_goal=5.37
22:36:36 [INFO] [MPC] state=(+1.22,-3.42,-4.66) wp0=(+1.17,-3.35) v=+0.030 ω=-0.013 ok=True iters=10
22:36:36 [INFO] [PROG] s*=4.10/9.60 (42.7%) dist_goal=5.36
22:36:36 [INFO] [MPC] state=(+1.22,-3.42,-4.66) wp0=(+1.17,-3.35) v=+0.030 ω=-0.006 ok=True iters=11
22:36:36 [INFO] [PROG] s*=4.10/9.60 (42.7%) dist_goal=5.36
22:36:36 [INFO] [MPC] state=(+1.22,-3.41,-4.66) wp0=(+1.17,-3.35) v=+0.030 ω=+0.001 ok=True iters=12
22:36:36 [INFO] [PROG] s*=4.10/9.60 (42.7%) dist_goal=5.36
22:36:36 [INFO] [MPC] state=(+1.22,-3.41,-4.66) wp0=(+1.17,-3.35) v=+0.030 ω=+0.004 ok=True iters=10
22:36:36 [INFO] [PROG] s*=4.10/9.60 (42.7%) dist_goal=5.36
22:36:36 [INFO] [MPC] state=(+1.22,-3.41,-4.66) wp0=(+1.17,-3.35) v=+0.030 ω=+0.008 ok=True iters=9
22:36:36 [INFO] [PROG] s*=4.10/9.60 (42.7%) dist_goal=5.35
22:36:36 [INFO] [MPC] state=(+1.22,-3.40,-4.66) wp0=(+1.17,-3.35) v=+0.030 ω=+0.010 ok=True iters=9
22:36:36 [INFO] [PROG] s*=4.10/9.60 (42.7%) dist_goal=5.35
22:36:36 [INFO] [MPC] state=(+1.22,-3.40,-4.65) wp0=(+1.17,-3.35) v=+0.030 ω=+0.010 ok=True iters=9
22:36:36 [INFO] [PROG] s*=4.10/9.60 (42.7%) dist_goal=5.35
22:36:36 [INFO] [MPC] state=(+1.22,-3.40,-4.65) wp0=(+1.17,-3.35) v=+0.030 ω=+0.010 ok=True iters=8
22:36:36 [INFO] [PROG] s*=4.10/9.60 (42.7%) dist_goal=5.35
22:36:36 [INFO] [MPC] state=(+1.22,-3.40,-4.65) wp0=(+1.17,-3.35) v=+0.030 ω=+0.008 ok=True iters=9
22:36:36 [INFO] [PROG] s*=4.10/9.60 (42.7%) dist_goal=5.34
22:36:36 [INFO] [MPC] state=(+1.22,-3.39,-4.65) wp0=(+1.17,-3.35) v=+0.030 ω=+0.008 ok=True iters=9
22:36:36 [INFO] [PROG] s*=4.10/9.60 (42.7%) dist_goal=5.34
22:36:36 [INFO] [MPC] state=(+1.22,-3.39,-4.65) wp0=(+1.17,-3.35) v=+0.030 ω=+0.009 ok=True iters=10
22:36:36 [INFO] [PROG] s*=4.10/9.60 (42.7%) dist_goal=5.34
22:36:36 [INFO] [MPC] state=(+1.22,-3.39,-4.65) wp0=(+1.17,-3.35) v=+0.030 ω=+0.008 ok=True iters=11
22:36:36 [INFO] [PROG] s*=4.10/9.60 (42.7%) dist_goal=5.33
22:36:36 [INFO] [MPC] state=(+1.22,-3.38,-4.65) wp0=(+1.17,-3.35) v=+0.030 ω=+0.011 ok=True iters=14
22:36:36 [INFO] [PROG] s*=4.10/9.60 (42.7%) dist_goal=5.33
22:36:36 [INFO] [MPC] state=(+1.22,-3.38,-4.65) wp0=(+1.17,-3.35) v=+0.030 ω=+0.009 ok=True iters=11
22:36:36 [INFO] [PROG] s*=4.10/9.60 (42.7%) dist_goal=5.33
22:36:36 [INFO] [MPC] state=(+1.22,-3.38,-4.64) wp0=(+1.17,-3.35) v=+0.030 ω=+0.012 ok=True iters=11
22:36:36 [INFO] [PROG] s*=4.10/9.60 (42.7%) dist_goal=5.33
22:36:36 [INFO] [MPC] state=(+1.22,-3.38,-4.64) wp0=(+1.17,-3.35) v=+0.030 ω=+0.013 ok=True iters=10
22:36:36 [INFO] [PROG] s*=4.10/9.60 (42.7%) dist_goal=5.32
22:36:36 [INFO] [MPC] state=(+1.22,-3.37,-4.64) wp0=(+1.17,-3.35) v=+0.030 ω=+0.064 ok=True iters=10
22:36:36 [INFO] [PROG] s*=4.10/9.60 (42.7%) dist_goal=5.32
22:36:36 [INFO] [MPC] state=(+1.22,-3.37,-4.64) wp0=(+1.17,-3.35) v=+0.030 ω=+0.053 ok=True iters=10
22:36:36 [INFO] [PROG] s*=4.10/9.60 (42.7%) dist_goal=5.32
22:36:36 [INFO] [MPC] state=(+1.22,-3.37,-4.63) wp0=(+1.17,-3.35) v=+0.030 ω=+0.042 ok=True iters=9
22:36:36 [INFO] [PROG] s*=4.10/9.60 (42.7%) dist_goal=5.31
22:36:36 [INFO] [MPC] state=(+1.22,-3.36,-4.63) wp0=(+1.17,-3.35) v=+0.030 ω=+0.001 ok=True iters=9
22:36:36 [INFO] [PROG] s*=4.10/9.60 (42.7%) dist_goal=5.31
22:36:36 [INFO] [MPC] state=(+1.22,-3.36,-4.62) wp0=(+1.17,-3.35) v=+0.030 ω=+0.011 ok=True iters=9
22:36:36 [INFO] [PROG] s*=4.10/9.60 (42.7%) dist_goal=5.31
22:36:36 [INFO] [MPC] state=(+1.22,-3.36,-4.62) wp0=(+1.17,-3.35) v=+0.030 ω=+0.017 ok=True iters=9
22:36:36 [INFO] [PROG] s*=4.10/9.60 (42.7%) dist_goal=5.31
22:36:36 [INFO] [MPC] state=(+1.22,-3.36,-4.62) wp0=(+1.17,-3.35) v=+0.030 ω=+0.024 ok=True iters=9
22:36:36 [INFO] [PROG] s*=4.10/9.60 (42.7%) dist_goal=5.30
22:36:36 [INFO] [MPC] state=(+1.22,-3.35,-4.62) wp0=(+1.17,-3.35) v=+0.030 ω=+0.030 ok=True iters=9
22:36:36 [INFO] [PROG] s*=4.10/9.60 (42.8%) dist_goal=5.30
22:36:36 [INFO] [MPC] state=(+1.22,-3.35,-4.62) wp0=(+1.17,-3.35) v=+0.030 ω=+0.030 ok=True iters=9
22:36:36 [INFO] [PROG] s*=4.10/9.60 (42.8%) dist_goal=5.30
22:36:36 [INFO] [MPC] state=(+1.22,-3.35,-4.61) wp0=(+1.17,-3.35) v=+0.030 ω=+0.027 ok=True iters=8
22:36:36 [INFO] [PROG] s*=4.10/9.60 (42.8%) dist_goal=5.29
22:36:36 [INFO] [MPC] state=(+1.22,-3.34,-4.61) wp0=(+1.17,-3.35) v=+0.030 ω=+0.023 ok=True iters=8
22:36:36 [INFO] [PROG] s*=4.10/9.60 (42.8%) dist_goal=5.29
22:36:36 [INFO] [MPC] state=(+1.22,-3.34,-4.61) wp0=(+1.17,-3.35) v=+0.030 ω=+0.023 ok=True iters=8
22:36:36 [INFO] [PROG] s*=4.11/9.60 (42.8%) dist_goal=5.29
22:36:36 [INFO] [MPC] state=(+1.22,-3.34,-4.60) wp0=(+1.16,-3.35) v=+0.030 ω=+0.022 ok=True iters=8
22:36:36 [INFO] [PROG] s*=4.11/9.60 (42.8%) dist_goal=5.29
22:36:36 [INFO] [MPC] state=(+1.21,-3.34,-4.60) wp0=(+1.16,-3.35) v=+0.030 ω=+0.023 ok=True iters=8
22:36:36 [INFO] [PROG] s*=4.11/9.60 (42.8%) dist_goal=5.28
22:36:36 [INFO] [MPC] state=(+1.21,-3.33,-4.60) wp0=(+1.16,-3.35) v=+0.030 ω=+0.026 ok=True iters=8
22:36:36 [INFO] [PROG] s*=4.11/9.60 (42.8%) dist_goal=5.28
22:36:36 [INFO] [MPC] state=(+1.21,-3.33,-4.60) wp0=(+1.16,-3.35) v=+0.030 ω=+0.026 ok=True iters=8
22:36:36 [INFO] [PROG] s*=4.11/9.60 (42.8%) dist_goal=5.28
22:36:36 [INFO] [MPC] state=(+1.21,-3.33,-4.59) wp0=(+1.16,-3.35) v=+0.030 ω=+0.030 ok=True iters=8
22:36:36 [INFO] [PROG] s*=4.11/9.60 (42.8%) dist_goal=5.27
22:36:36 [INFO] [MPC] state=(+1.21,-3.32,-4.59) wp0=(+1.16,-3.35) v=+0.030 ω=+0.032 ok=True iters=8
22:36:36 [INFO] [PROG] s*=4.11/9.60 (42.8%) dist_goal=5.27
22:36:36 [INFO] [MPC] state=(+1.21,-3.32,-4.59) wp0=(+1.16,-3.35) v=+0.030 ω=+0.035 ok=True iters=8
22:36:36 [INFO] [PROG] s*=4.11/9.60 (42.8%) dist_goal=5.27
22:36:36 [INFO] [MPC] state=(+1.21,-3.32,-4.58) wp0=(+1.16,-3.35) v=+0.030 ω=+0.107 ok=True iters=8
22:36:36 [INFO] [PROG] s*=4.11/9.60 (42.8%) dist_goal=5.27
22:36:36 [INFO] [MPC] state=(+1.21,-3.32,-4.57) wp0=(+1.16,-3.35) v=+0.030 ω=+0.095 ok=True iters=8
22:36:36 [INFO] [PROG] s*=4.11/9.60 (42.8%) dist_goal=5.26
22:36:36 [INFO] [MPC] state=(+1.21,-3.31,-4.56) wp0=(+1.16,-3.35) v=+0.030 ω=+0.070 ok=True iters=8
22:36:36 [INFO] [PROG] s*=4.11/9.60 (42.8%) dist_goal=5.26
22:36:36 [INFO] [MPC] state=(+1.21,-3.31,-4.56) wp0=(+1.16,-3.35) v=+0.030 ω=+0.055 ok=True iters=8
22:36:36 [INFO] [PROG] s*=4.11/9.60 (42.8%) dist_goal=5.26
22:36:36 [INFO] [MPC] state=(+1.21,-3.31,-4.55) wp0=(+1.16,-3.35) v=+0.030 ω=+0.045 ok=True iters=8
22:36:36 [INFO] [PROG] s*=4.11/9.60 (42.8%) dist_goal=5.26
22:36:36 [INFO] [MPC] state=(+1.21,-3.31,-4.54) wp0=(+1.16,-3.35) v=+0.030 ω=+0.041 ok=True iters=8
22:36:36 [INFO] [PROG] s*=4.11/9.60 (42.8%) dist_goal=5.25
22:36:36 [INFO] [MPC] state=(+1.21,-3.30,-4.54) wp0=(+1.16,-3.35) v=+0.030 ω=+0.043 ok=True iters=8
22:36:36 [INFO] [PROG] s*=4.11/9.60 (42.8%) dist_goal=5.25
22:36:36 [INFO] [MPC] state=(+1.21,-3.30,-4.54) wp0=(+1.16,-3.35) v=+0.030 ω=+0.043 ok=True iters=8
22:36:36 [INFO] [PROG] s*=4.11/9.60 (42.8%) dist_goal=5.25
22:36:36 [INFO] [MPC] state=(+1.21,-3.30,-4.53) wp0=(+1.16,-3.35) v=+0.030 ω=-0.011 ok=True iters=8
22:36:36 [INFO] [PROG] s*=4.23/9.60 (44.0%) dist_goal=5.24
22:36:36 [INFO] [MPC] state=(+1.21,-3.29,-4.53) wp0=(+1.15,-3.24) v=+0.030 ω=+0.011 ok=True iters=8
22:36:36 [INFO] [PROG] s*=4.23/9.60 (44.1%) dist_goal=5.24
22:36:36 [INFO] [MPC] state=(+1.21,-3.29,-4.53) wp0=(+1.15,-3.24) v=+0.030 ω=+0.017 ok=True iters=8
22:36:36 [INFO] [PROG] s*=4.23/9.60 (44.1%) dist_goal=5.24
22:36:36 [INFO] [MPC] state=(+1.21,-3.29,-4.53) wp0=(+1.15,-3.24) v=+0.030 ω=+0.040 ok=True iters=8
22:36:36 [INFO] [PROG] s*=4.24/9.60 (44.1%) dist_goal=5.24
22:36:36 [INFO] [MPC] state=(+1.21,-3.29,-4.53) wp0=(+1.15,-3.23) v=+0.030 ω=+0.034 ok=True iters=8
22:36:36 [INFO] [PROG] s*=4.24/9.60 (44.2%) dist_goal=5.23
22:36:36 [INFO] [MPC] state=(+1.21,-3.28,-4.52) wp0=(+1.15,-3.23) v=+0.030 ω=+0.028 ok=True iters=8
22:36:36 [INFO] [PROG] s*=4.24/9.60 (44.2%) dist_goal=5.23
22:36:36 [INFO] [MPC] state=(+1.21,-3.28,-4.52) wp0=(+1.15,-3.23) v=+0.030 ω=+0.026 ok=True iters=8
22:36:36 [INFO] [PROG] s*=4.24/9.60 (44.2%) dist_goal=5.23
22:36:36 [INFO] [MPC] state=(+1.20,-3.28,-4.52) wp0=(+1.15,-3.23) v=+0.030 ω=+0.025 ok=True iters=8
22:36:36 [INFO] [PROG] s*=4.25/9.60 (44.2%) dist_goal=5.23
22:36:36 [INFO] [MPC] state=(+1.20,-3.28,-4.51) wp0=(+1.15,-3.22) v=+0.030 ω=+2.261 ok=True iters=10
22:36:36 [INFO] [PROG] s*=4.25/9.60 (44.2%) dist_goal=5.22
22:36:36 [INFO] [MPC] state=(+1.20,-3.27,-4.31) wp0=(+1.15,-3.22) v=+0.030 ω=+2.072 ok=True iters=9
22:36:36 [INFO] [PROG] s*=4.26/9.60 (44.4%) dist_goal=5.21
22:36:36 [INFO] [MPC] state=(+1.20,-3.27,-4.10) wp0=(+1.15,-3.21) v=+0.200 ω=+0.812 ok=True iters=9
22:36:36 [INFO] [PROG] s*=4.27/9.60 (44.5%) dist_goal=5.20
22:36:36 [INFO] [MPC] state=(+1.19,-3.26,-4.03) wp0=(+1.15,-3.20) v=+0.200 ω=+0.175 ok=True iters=8
22:36:36 [INFO] [PROG] s*=4.28/9.60 (44.6%) dist_goal=5.19
22:36:36 [INFO] [MPC] state=(+1.18,-3.25,-4.01) wp0=(+1.15,-3.19) v=+0.200 ω=-1.745 ok=True iters=13
22:36:36 [INFO] [PROG] s*=4.30/9.60 (44.8%) dist_goal=5.17
22:36:36 [INFO] [MPC] state=(+1.17,-3.24,-4.10) wp0=(+1.15,-3.17) v=+0.200 ω=-0.664 ok=True iters=9
22:36:36 [INFO] [PROG] s*=4.30/9.60 (44.8%) dist_goal=5.17
22:36:36 [INFO] [MPC] state=(+1.16,-3.22,-4.14) wp0=(+1.15,-3.17) v=+0.030 ω=-1.355 ok=True iters=12
22:36:36 [INFO] [PROG] s*=4.31/9.60 (44.9%) dist_goal=5.16
22:36:36 [INFO] [MPC] state=(+1.16,-3.22,-4.25) wp0=(+1.15,-3.16) v=+0.030 ω=-1.009 ok=True iters=14
22:36:36 [INFO] [PROG] s*=4.31/9.60 (44.9%) dist_goal=5.16
22:36:36 [INFO] [MPC] state=(+1.16,-3.21,-4.36) wp0=(+1.15,-3.16) v=+0.030 ω=-0.670 ok=True iters=17
22:36:36 [INFO] [PROG] s*=4.31/9.60 (44.9%) dist_goal=5.16
22:36:36 [INFO] [MPC] state=(+1.16,-3.21,-4.42) wp0=(+1.15,-3.16) v=+0.030 ω=-0.411 ok=True iters=15
22:36:36 [INFO] [PROG] s*=4.32/9.60 (45.0%) dist_goal=5.15
22:36:36 [INFO] [MPC] state=(+1.16,-3.21,-4.46) wp0=(+1.15,-3.15) v=+0.200 ω=+0.623 ok=True iters=8
22:36:36 [INFO] [PROG] s*=4.34/9.60 (45.2%) dist_goal=5.13
22:36:36 [INFO] [MPC] state=(+1.15,-3.20,-4.51) wp0=(+1.15,-3.13) v=+0.200 ω=+0.591 ok=True iters=9
22:36:36 [INFO] [PROG] s*=4.36/9.60 (45.4%) dist_goal=5.11
22:36:36 [INFO] [MPC] state=(+1.15,-3.18,-4.48) wp0=(+1.15,-3.11) v=+0.200 ω=+0.441 ok=True iters=19
22:36:36 [INFO] [PROG] s*=4.38/9.60 (45.6%) dist_goal=5.09
22:36:36 [INFO] [MPC] state=(+1.14,-3.16,-4.45) wp0=(+1.15,-3.09) v=+0.200 ω=+0.101 ok=True iters=7
22:36:36 [INFO] [PROG] s*=4.40/9.60 (45.8%) dist_goal=5.07
22:36:36 [INFO] [MPC] state=(+1.14,-3.14,-4.44) wp0=(+1.15,-3.07) v=+0.200 ω=-0.876 ok=True iters=8
22:36:36 [INFO] [PROG] s*=4.42/9.60 (46.0%) dist_goal=5.06
22:36:36 [INFO] [MPC] state=(+1.14,-3.12,-4.49) wp0=(+1.15,-3.05) v=+0.200 ω=+0.036 ok=True iters=7
22:36:36 [INFO] [PROG] s*=4.43/9.60 (46.2%) dist_goal=5.04
22:36:36 [INFO] [MPC] state=(+1.13,-3.10,-4.49) wp0=(+1.15,-3.04) v=+0.200 ω=-1.032 ok=True iters=7
22:36:36 [INFO] [PROG] s*=4.45/9.60 (46.4%) dist_goal=5.02
22:36:36 [INFO] [MPC] state=(+1.13,-3.09,-4.55) wp0=(+1.15,-3.02) v=+0.200 ω=-0.773 ok=True iters=6
22:36:36 [INFO] [PROG] s*=4.47/9.60 (46.5%) dist_goal=5.00
22:36:36 [INFO] [MPC] state=(+1.12,-3.07,-4.59) wp0=(+1.15,-3.00) v=+0.200 ω=-0.493 ok=True iters=6
22:36:36 [INFO] [PROG] s*=4.49/9.60 (46.7%) dist_goal=4.98
22:36:36 [INFO] [MPC] state=(+1.12,-3.05,-4.62) wp0=(+1.15,-2.98) v=+0.200 ω=-0.497 ok=True iters=6
22:36:36 [INFO] [PROG] s*=4.51/9.60 (46.9%) dist_goal=4.96
22:36:36 [INFO] [MPC] state=(+1.12,-3.03,-4.65) wp0=(+1.15,-2.96) v=+0.200 ω=-0.489 ok=True iters=6
22:36:36 [INFO] [PROG] s*=4.52/9.60 (47.1%) dist_goal=4.95
22:36:36 [INFO] [MPC] state=(+1.12,-3.01,-4.68) wp0=(+1.15,-2.95) v=+0.200 ω=-0.867 ok=True iters=6
22:36:36 [INFO] [PROG] s*=4.54/9.60 (47.3%) dist_goal=4.93
22:36:36 [INFO] [MPC] state=(+1.12,-3.00,-4.74) wp0=(+1.15,-2.93) v=+0.200 ω=-0.783 ok=True iters=6
22:36:36 [INFO] [PROG] s*=4.56/9.60 (47.5%) dist_goal=4.91
22:36:36 [INFO] [MPC] state=(+1.12,-2.98,-4.78) wp0=(+1.15,-2.91) v=+0.200 ω=-0.449 ok=True iters=6
22:36:36 [INFO] [PROG] s*=4.58/9.60 (47.7%) dist_goal=4.89
22:36:36 [INFO] [MPC] state=(+1.12,-2.96,-4.81) wp0=(+1.15,-2.89) v=+0.200 ω=+0.340 ok=True iters=7
22:36:36 [INFO] [PROG] s*=4.60/9.60 (47.9%) dist_goal=4.87
22:36:36 [INFO] [MPC] state=(+1.12,-2.94,-4.79) wp0=(+1.15,-2.87) v=+0.200 ω=+0.354 ok=True iters=6
22:36:36 [INFO] [PROG] s*=4.62/9.60 (48.1%) dist_goal=4.85
22:36:36 [INFO] [MPC] state=(+1.13,-2.92,-4.77) wp0=(+1.15,-2.85) v=+0.200 ω=+0.353 ok=True iters=6
22:36:36 [INFO] [PROG] s*=4.64/9.60 (48.3%) dist_goal=4.84
22:36:36 [INFO] [MPC] state=(+1.13,-2.90,-4.75) wp0=(+1.15,-2.83) v=+0.200 ω=+0.344 ok=True iters=6
22:36:36 [INFO] [PROG] s*=4.65/9.60 (48.5%) dist_goal=4.82
22:36:36 [INFO] [MPC] state=(+1.13,-2.88,-4.73) wp0=(+1.15,-2.82) v=+0.200 ω=+0.735 ok=True iters=6
22:36:36 [INFO] [PROG] s*=4.67/9.60 (48.6%) dist_goal=4.80
22:36:36 [INFO] [MPC] state=(+1.13,-2.87,-4.69) wp0=(+1.15,-2.80) v=+0.200 ω=+0.676 ok=True iters=6
22:36:36 [INFO] [PROG] s*=4.69/9.60 (48.8%) dist_goal=4.78
22:36:36 [INFO] [MPC] state=(+1.13,-2.85,-4.66) wp0=(+1.15,-2.78) v=+0.200 ω=-0.336 ok=True iters=7
22:36:36 [INFO] [PROG] s*=4.71/9.60 (49.0%) dist_goal=4.76
22:36:36 [INFO] [MPC] state=(+1.13,-2.83,-4.68) wp0=(+1.15,-2.76) v=+0.200 ω=-0.334 ok=True iters=6
22:36:36 [INFO] [PROG] s*=4.73/9.60 (49.2%) dist_goal=4.74
22:36:36 [INFO] [MPC] state=(+1.13,-2.81,-4.70) wp0=(+1.15,-2.74) v=+0.200 ω=-0.042 ok=True iters=6
22:36:36 [INFO] [PROG] s*=4.75/9.60 (49.5%) dist_goal=4.72
22:36:36 [INFO] [MPC] state=(+1.13,-2.79,-4.70) wp0=(+1.15,-2.72) v=+0.200 ω=-0.040 ok=True iters=6
22:36:36 [INFO] [PROG] s*=4.77/9.60 (49.7%) dist_goal=4.70
22:36:36 [INFO] [MPC] state=(+1.13,-2.77,-4.71) wp0=(+1.15,-2.70) v=+0.200 ω=-0.037 ok=True iters=6
22:36:36 [INFO] [PROG] s*=4.79/9.60 (49.9%) dist_goal=4.68
22:36:36 [INFO] [MPC] state=(+1.13,-2.75,-4.71) wp0=(+1.15,-2.68) v=+0.200 ω=-0.032 ok=True iters=6
22:36:36 [INFO] [PROG] s*=4.81/9.60 (50.1%) dist_goal=4.66
22:36:36 [INFO] [MPC] state=(+1.13,-2.73,-4.71) wp0=(+1.15,-2.66) v=+0.200 ω=-0.026 ok=True iters=6
22:36:36 [INFO] [PROG] s*=4.83/9.60 (50.3%) dist_goal=4.64
22:36:36 [INFO] [MPC] state=(+1.13,-2.71,-4.72) wp0=(+1.15,-2.64) v=+0.200 ω=-0.020 ok=True iters=6
22:36:36 [INFO] [PROG] s*=4.85/9.60 (50.5%) dist_goal=4.62
22:36:36 [INFO] [MPC] state=(+1.13,-2.69,-4.72) wp0=(+1.15,-2.62) v=+0.200 ω=-0.015 ok=True iters=6
22:36:36 [INFO] [PROG] s*=4.87/9.60 (50.7%) dist_goal=4.60
22:36:36 [INFO] [MPC] state=(+1.13,-2.67,-4.72) wp0=(+1.15,-2.60) v=+0.200 ω=-0.009 ok=True iters=6
22:36:36 [INFO] [PROG] s*=4.89/9.60 (50.9%) dist_goal=4.58
22:36:36 [INFO] [MPC] state=(+1.13,-2.65,-4.72) wp0=(+1.15,-2.58) v=+0.200 ω=-0.004 ok=True iters=6
22:36:36 [INFO] [PROG] s*=4.91/9.60 (51.1%) dist_goal=4.56
22:36:36 [INFO] [MPC] state=(+1.13,-2.63,-4.72) wp0=(+1.15,-2.56) v=+0.200 ω=+0.000 ok=True iters=6
22:36:36 [INFO] [PROG] s*=4.93/9.60 (51.4%) dist_goal=4.54
22:36:36 [INFO] [MPC] state=(+1.13,-2.61,-4.72) wp0=(+1.15,-2.54) v=+0.200 ω=+0.004 ok=True iters=6
22:36:36 [INFO] [PROG] s*=4.95/9.60 (51.6%) dist_goal=4.52
22:36:36 [INFO] [MPC] state=(+1.13,-2.59,-4.72) wp0=(+1.15,-2.52) v=+0.200 ω=+0.006 ok=True iters=6
22:36:36 [INFO] [PROG] s*=4.97/9.60 (51.8%) dist_goal=4.50
22:36:36 [INFO] [MPC] state=(+1.13,-2.57,-4.72) wp0=(+1.15,-2.50) v=+0.200 ω=+0.008 ok=True iters=6
22:36:36 [INFO] [PROG] s*=4.99/9.60 (52.0%) dist_goal=4.48
22:36:36 [INFO] [MPC] state=(+1.13,-2.55,-4.72) wp0=(+1.15,-2.48) v=+0.200 ω=+0.009 ok=True iters=6
22:36:36 [INFO] [PROG] s*=5.01/9.60 (52.2%) dist_goal=4.46
22:36:36 [INFO] [MPC] state=(+1.13,-2.53,-4.72) wp0=(+1.15,-2.46) v=+0.200 ω=+0.009 ok=True iters=6
22:36:36 [INFO] [PROG] s*=5.03/9.60 (52.4%) dist_goal=4.44
22:36:36 [INFO] [MPC] state=(+1.13,-2.51,-4.71) wp0=(+1.15,-2.44) v=+0.200 ω=+0.008 ok=True iters=6
22:36:36 [INFO] [PROG] s*=5.05/9.60 (52.6%) dist_goal=4.42
22:36:36 [INFO] [MPC] state=(+1.13,-2.49,-4.71) wp0=(+1.15,-2.42) v=+0.200 ω=+0.008 ok=True iters=6
22:36:36 [INFO] [PROG] s*=5.07/9.60 (52.8%) dist_goal=4.40
22:36:36 [INFO] [MPC] state=(+1.13,-2.47,-4.71) wp0=(+1.15,-2.40) v=+0.200 ω=+0.006 ok=True iters=6
22:36:36 [INFO] [PROG] s*=5.09/9.60 (53.0%) dist_goal=4.38
22:36:36 [INFO] [MPC] state=(+1.13,-2.45,-4.71) wp0=(+1.15,-2.38) v=+0.200 ω=+0.004 ok=True iters=6
22:36:36 [INFO] [PROG] s*=5.11/9.60 (53.3%) dist_goal=4.36
22:36:36 [INFO] [MPC] state=(+1.13,-2.43,-4.71) wp0=(+1.15,-2.36) v=+0.200 ω=+0.003 ok=True iters=6
22:36:36 [INFO] [PROG] s*=5.13/9.60 (53.5%) dist_goal=4.34
22:36:36 [INFO] [MPC] state=(+1.13,-2.41,-4.71) wp0=(+1.15,-2.34) v=+0.200 ω=+0.001 ok=True iters=6
22:36:36 [INFO] [PROG] s*=5.15/9.60 (53.7%) dist_goal=4.32
22:36:36 [INFO] [MPC] state=(+1.13,-2.39,-4.71) wp0=(+1.15,-2.32) v=+0.200 ω=-0.001 ok=True iters=6
22:36:36 [INFO] [PROG] s*=5.17/9.60 (53.9%) dist_goal=4.30
22:36:36 [INFO] [MPC] state=(+1.13,-2.37,-4.71) wp0=(+1.15,-2.30) v=+0.200 ω=-0.002 ok=True iters=6
22:36:36 [INFO] [PROG] s*=5.19/9.60 (54.1%) dist_goal=4.28
22:36:36 [INFO] [MPC] state=(+1.13,-2.35,-4.71) wp0=(+1.15,-2.28) v=+0.200 ω=-0.003 ok=True iters=6
22:36:36 [INFO] [PROG] s*=5.21/9.60 (54.3%) dist_goal=4.26
22:36:36 [INFO] [MPC] state=(+1.13,-2.33,-4.71) wp0=(+1.15,-2.26) v=+0.200 ω=-0.004 ok=True iters=6
22:36:36 [INFO] [PROG] s*=5.23/9.60 (54.5%) dist_goal=4.24
22:36:36 [INFO] [MPC] state=(+1.13,-2.31,-4.71) wp0=(+1.15,-2.24) v=+0.200 ω=-0.005 ok=True iters=6
22:36:36 [INFO] [PROG] s*=5.25/9.60 (54.7%) dist_goal=4.22
22:36:36 [INFO] [MPC] state=(+1.13,-2.29,-4.71) wp0=(+1.15,-2.22) v=+0.200 ω=-0.005 ok=True iters=6
22:36:36 [INFO] [PROG] s*=5.28/9.60 (55.0%) dist_goal=4.20
22:36:36 [INFO] [MPC] state=(+1.13,-2.27,-4.71) wp0=(+1.15,-2.19) v=+0.200 ω=-0.006 ok=True iters=6
22:36:36 [INFO] [PROG] s*=5.30/9.60 (55.2%) dist_goal=4.18
22:36:36 [INFO] [MPC] state=(+1.13,-2.24,-4.71) wp0=(+1.15,-2.17) v=+0.200 ω=-0.006 ok=True iters=6
22:36:36 [INFO] [PROG] s*=5.32/9.60 (55.4%) dist_goal=4.15
22:36:36 [INFO] [MPC] state=(+1.13,-2.22,-4.71) wp0=(+1.15,-2.15) v=+0.200 ω=-0.006 ok=True iters=6
22:36:36 [INFO] [PROG] s*=5.34/9.60 (55.6%) dist_goal=4.13
22:36:36 [INFO] [MPC] state=(+1.13,-2.20,-4.71) wp0=(+1.15,-2.13) v=+0.200 ω=-0.006 ok=True iters=6
22:36:36 [INFO] [PROG] s*=5.36/9.60 (55.8%) dist_goal=4.11
22:36:36 [INFO] [MPC] state=(+1.13,-2.18,-4.71) wp0=(+1.15,-2.11) v=+0.200 ω=-0.005 ok=True iters=6
22:36:36 [INFO] [PROG] s*=5.38/9.60 (56.0%) dist_goal=4.09
22:36:36 [INFO] [MPC] state=(+1.13,-2.16,-4.71) wp0=(+1.15,-2.09) v=+0.200 ω=-0.005 ok=True iters=6
22:36:36 [INFO] [PROG] s*=5.40/9.60 (56.2%) dist_goal=4.07
22:36:36 [INFO] [MPC] state=(+1.13,-2.14,-4.71) wp0=(+1.15,-2.07) v=+0.200 ω=-0.005 ok=True iters=6
22:36:36 [INFO] [PROG] s*=5.42/9.60 (56.4%) dist_goal=4.05
22:36:36 [INFO] [MPC] state=(+1.13,-2.12,-4.71) wp0=(+1.15,-2.05) v=+0.200 ω=-0.004 ok=True iters=6
22:36:36 [INFO] [PROG] s*=5.44/9.60 (56.6%) dist_goal=4.03
22:36:36 [INFO] [MPC] state=(+1.13,-2.10,-4.71) wp0=(+1.15,-2.03) v=+0.200 ω=-0.004 ok=True iters=6
22:36:36 [INFO] [PROG] s*=5.46/9.60 (56.9%) dist_goal=4.01
22:36:36 [INFO] [MPC] state=(+1.13,-2.08,-4.71) wp0=(+1.15,-2.01) v=+0.200 ω=-0.004 ok=True iters=6
22:36:36 [INFO] [PROG] s*=5.48/9.60 (57.1%) dist_goal=3.99
22:36:36 [INFO] [MPC] state=(+1.13,-2.06,-4.71) wp0=(+1.15,-1.99) v=+0.200 ω=-0.004 ok=True iters=6
22:36:36 [INFO] [PROG] s*=5.50/9.60 (57.3%) dist_goal=3.97
22:36:36 [INFO] [MPC] state=(+1.13,-2.04,-4.71) wp0=(+1.15,-1.97) v=+0.200 ω=-0.003 ok=True iters=6
22:36:36 [INFO] [PROG] s*=5.52/9.60 (57.5%) dist_goal=3.95
22:36:36 [INFO] [MPC] state=(+1.13,-2.02,-4.71) wp0=(+1.15,-1.95) v=+0.200 ω=-0.003 ok=True iters=6
22:36:36 [INFO] [PROG] s*=5.54/9.60 (57.7%) dist_goal=3.93
22:36:36 [INFO] [MPC] state=(+1.13,-2.00,-4.71) wp0=(+1.15,-1.93) v=+0.200 ω=-0.003 ok=True iters=6
22:36:36 [INFO] [PROG] s*=5.56/9.60 (57.9%) dist_goal=3.91
22:36:36 [INFO] [MPC] state=(+1.13,-1.98,-4.71) wp0=(+1.15,-1.91) v=+0.200 ω=-0.003 ok=True iters=6
22:36:36 [INFO] [PROG] s*=5.58/9.60 (58.1%) dist_goal=3.89
22:36:36 [INFO] [MPC] state=(+1.13,-1.96,-4.71) wp0=(+1.15,-1.89) v=+0.200 ω=-0.003 ok=True iters=6
22:36:36 [INFO] [PROG] s*=5.60/9.60 (58.3%) dist_goal=3.87
22:36:36 [INFO] [MPC] state=(+1.13,-1.94,-4.71) wp0=(+1.15,-1.87) v=+0.200 ω=-0.003 ok=True iters=6
22:36:37 [INFO] [PROG] s*=5.62/9.60 (58.5%) dist_goal=3.85
22:36:37 [INFO] [MPC] state=(+1.13,-1.92,-4.71) wp0=(+1.15,-1.85) v=+0.200 ω=-0.003 ok=True iters=6
22:36:37 [INFO] [PROG] s*=5.64/9.60 (58.8%) dist_goal=3.83
22:36:37 [INFO] [MPC] state=(+1.13,-1.90,-4.71) wp0=(+1.15,-1.83) v=+0.200 ω=-0.003 ok=True iters=6
22:36:37 [INFO] [PROG] s*=5.66/9.60 (59.0%) dist_goal=3.81
22:36:37 [INFO] [MPC] state=(+1.13,-1.88,-4.71) wp0=(+1.15,-1.81) v=+0.200 ω=-0.003 ok=True iters=6
22:36:37 [INFO] [PROG] s*=5.68/9.60 (59.2%) dist_goal=3.79
22:36:37 [INFO] [MPC] state=(+1.13,-1.86,-4.71) wp0=(+1.15,-1.79) v=+0.200 ω=-0.002 ok=True iters=6
22:36:37 [INFO] [PROG] s*=5.70/9.60 (59.4%) dist_goal=3.77
22:36:37 [INFO] [MPC] state=(+1.13,-1.84,-4.71) wp0=(+1.15,-1.77) v=+0.200 ω=-0.003 ok=True iters=6
22:36:37 [INFO] [PROG] s*=5.72/9.60 (59.6%) dist_goal=3.75
22:36:37 [INFO] [MPC] state=(+1.13,-1.82,-4.71) wp0=(+1.15,-1.75) v=+0.200 ω=-0.002 ok=True iters=6
22:36:37 [INFO] [PROG] s*=5.74/9.60 (59.8%) dist_goal=3.73
22:36:37 [INFO] [MPC] state=(+1.13,-1.80,-4.71) wp0=(+1.15,-1.73) v=+0.200 ω=-0.002 ok=True iters=6
22:36:37 [INFO] [PROG] s*=5.76/9.60 (60.0%) dist_goal=3.71
22:36:37 [INFO] [MPC] state=(+1.13,-1.78,-4.71) wp0=(+1.15,-1.71) v=+0.200 ω=-0.002 ok=True iters=6
22:36:37 [INFO] [PROG] s*=5.78/9.60 (60.2%) dist_goal=3.69
22:36:37 [INFO] [MPC] state=(+1.13,-1.76,-4.71) wp0=(+1.15,-1.69) v=+0.200 ω=-0.002 ok=True iters=6
22:36:37 [INFO] [PROG] s*=5.80/9.60 (60.4%) dist_goal=3.67
22:36:37 [INFO] [MPC] state=(+1.13,-1.74,-4.71) wp0=(+1.15,-1.67) v=+0.200 ω=-0.002 ok=True iters=6
22:36:37 [INFO] [PROG] s*=5.82/9.60 (60.7%) dist_goal=3.65
22:36:37 [INFO] [MPC] state=(+1.13,-1.72,-4.71) wp0=(+1.15,-1.65) v=+0.200 ω=-0.002 ok=True iters=6
22:36:37 [INFO] [PROG] s*=5.84/9.60 (60.9%) dist_goal=3.63
22:36:37 [INFO] [MPC] state=(+1.13,-1.70,-4.71) wp0=(+1.15,-1.63) v=+0.200 ω=-0.002 ok=True iters=6
22:36:37 [INFO] [PROG] s*=5.86/9.60 (61.1%) dist_goal=3.61
22:36:37 [INFO] [MPC] state=(+1.13,-1.68,-4.71) wp0=(+1.15,-1.61) v=+0.200 ω=-0.002 ok=True iters=6
22:36:37 [INFO] [PROG] s*=5.88/9.60 (61.3%) dist_goal=3.59
22:36:37 [INFO] [MPC] state=(+1.13,-1.66,-4.71) wp0=(+1.15,-1.59) v=+0.200 ω=-0.002 ok=True iters=6
22:36:37 [INFO] [PROG] s*=5.90/9.60 (61.5%) dist_goal=3.57
22:36:37 [INFO] [MPC] state=(+1.13,-1.64,-4.71) wp0=(+1.15,-1.57) v=+0.200 ω=-0.002 ok=True iters=6
22:36:37 [INFO] [PROG] s*=5.92/9.60 (61.7%) dist_goal=3.55
22:36:37 [INFO] [MPC] state=(+1.13,-1.62,-4.71) wp0=(+1.15,-1.55) v=+0.200 ω=-0.002 ok=True iters=6
22:36:37 [INFO] [PROG] s*=5.94/9.60 (61.9%) dist_goal=3.53
22:36:37 [INFO] [MPC] state=(+1.13,-1.60,-4.71) wp0=(+1.15,-1.53) v=+0.200 ω=-0.002 ok=True iters=6
22:36:37 [INFO] [PROG] s*=5.96/9.60 (62.1%) dist_goal=3.51
22:36:37 [INFO] [MPC] state=(+1.13,-1.58,-4.71) wp0=(+1.15,-1.51) v=+0.200 ω=-0.002 ok=True iters=6
22:36:37 [INFO] [PROG] s*=5.98/9.60 (62.3%) dist_goal=3.49
22:36:37 [INFO] [MPC] state=(+1.13,-1.56,-4.71) wp0=(+1.15,-1.49) v=+0.200 ω=-0.002 ok=True iters=6
22:36:37 [INFO] [PROG] s*=6.01/9.60 (62.6%) dist_goal=3.47
22:36:37 [INFO] [MPC] state=(+1.13,-1.54,-4.71) wp0=(+1.15,-1.46) v=+0.200 ω=-0.002 ok=True iters=6
22:36:37 [INFO] [PROG] s*=6.03/9.60 (62.8%) dist_goal=3.45
22:36:37 [INFO] [MPC] state=(+1.13,-1.51,-4.71) wp0=(+1.15,-1.44) v=+0.200 ω=-0.002 ok=True iters=6
22:36:37 [INFO] [PROG] s*=6.05/9.60 (63.0%) dist_goal=3.43
22:36:37 [INFO] [MPC] state=(+1.13,-1.49,-4.71) wp0=(+1.15,-1.42) v=+0.200 ω=-0.002 ok=True iters=6
22:36:37 [INFO] [PROG] s*=6.07/9.60 (63.2%) dist_goal=3.40
22:36:37 [INFO] [MPC] state=(+1.13,-1.47,-4.71) wp0=(+1.15,-1.40) v=+0.200 ω=-0.002 ok=True iters=6
22:36:37 [INFO] [PROG] s*=6.09/9.60 (63.4%) dist_goal=3.38
22:36:37 [INFO] [MPC] state=(+1.13,-1.45,-4.71) wp0=(+1.15,-1.38) v=+0.200 ω=-0.002 ok=True iters=6
22:36:37 [INFO] [PROG] s*=6.11/9.60 (63.6%) dist_goal=3.36
22:36:37 [INFO] [MPC] state=(+1.13,-1.43,-4.71) wp0=(+1.15,-1.36) v=+0.200 ω=-0.002 ok=True iters=6
22:36:37 [INFO] [PROG] s*=6.13/9.60 (63.8%) dist_goal=3.34
22:36:37 [INFO] [MPC] state=(+1.13,-1.41,-4.71) wp0=(+1.15,-1.34) v=+0.200 ω=-0.002 ok=True iters=6
22:36:37 [INFO] [PROG] s*=6.15/9.60 (64.0%) dist_goal=3.32
22:36:37 [INFO] [MPC] state=(+1.13,-1.39,-4.71) wp0=(+1.15,-1.32) v=+0.200 ω=-0.002 ok=True iters=6
22:36:37 [INFO] [PROG] s*=6.17/9.60 (64.2%) dist_goal=3.30
22:36:37 [INFO] [MPC] state=(+1.13,-1.37,-4.71) wp0=(+1.15,-1.30) v=+0.200 ω=-0.002 ok=True iters=6
22:36:37 [INFO] [PROG] s*=6.19/9.60 (64.5%) dist_goal=3.28
22:36:37 [INFO] [MPC] state=(+1.13,-1.35,-4.71) wp0=(+1.15,-1.28) v=+0.200 ω=-0.002 ok=True iters=6
22:36:37 [INFO] [PROG] s*=6.21/9.60 (64.7%) dist_goal=3.26
22:36:37 [INFO] [MPC] state=(+1.13,-1.33,-4.71) wp0=(+1.15,-1.26) v=+0.200 ω=-0.002 ok=True iters=6
22:36:37 [INFO] [PROG] s*=6.23/9.60 (64.9%) dist_goal=3.24
22:36:37 [INFO] [MPC] state=(+1.13,-1.31,-4.71) wp0=(+1.15,-1.24) v=+0.200 ω=-0.002 ok=True iters=6
22:36:37 [INFO] [PROG] s*=6.25/9.60 (65.1%) dist_goal=3.22
22:36:37 [INFO] [MPC] state=(+1.13,-1.29,-4.71) wp0=(+1.15,-1.22) v=+0.200 ω=-0.002 ok=True iters=6
22:36:37 [INFO] [PROG] s*=6.27/9.60 (65.3%) dist_goal=3.20
22:36:37 [INFO] [MPC] state=(+1.13,-1.27,-4.71) wp0=(+1.15,-1.20) v=+0.200 ω=-0.002 ok=True iters=6
22:36:37 [INFO] [PROG] s*=6.29/9.60 (65.5%) dist_goal=3.18
22:36:37 [INFO] [MPC] state=(+1.13,-1.25,-4.71) wp0=(+1.15,-1.18) v=+0.200 ω=-0.002 ok=True iters=6
22:36:37 [INFO] [PROG] s*=6.31/9.60 (65.7%) dist_goal=3.16
22:36:37 [INFO] [MPC] state=(+1.13,-1.23,-4.71) wp0=(+1.15,-1.16) v=+0.200 ω=-0.002 ok=True iters=6
22:36:37 [INFO] [PROG] s*=6.33/9.60 (65.9%) dist_goal=3.14
22:36:37 [INFO] [MPC] state=(+1.13,-1.21,-4.71) wp0=(+1.15,-1.14) v=+0.200 ω=-0.002 ok=True iters=6
22:36:37 [INFO] [PROG] s*=6.35/9.60 (66.1%) dist_goal=3.12
22:36:37 [INFO] [MPC] state=(+1.13,-1.19,-4.71) wp0=(+1.15,-1.12) v=+0.200 ω=-0.002 ok=True iters=6
22:36:37 [INFO] [PROG] s*=6.37/9.60 (66.4%) dist_goal=3.10
22:36:37 [INFO] [MPC] state=(+1.13,-1.17,-4.71) wp0=(+1.15,-1.10) v=+0.200 ω=-0.002 ok=True iters=6
22:36:37 [INFO] [PROG] s*=6.39/9.60 (66.6%) dist_goal=3.08
22:36:37 [INFO] [MPC] state=(+1.13,-1.15,-4.71) wp0=(+1.15,-1.08) v=+0.200 ω=-0.002 ok=True iters=6
22:36:37 [INFO] [PROG] s*=6.41/9.60 (66.8%) dist_goal=3.06
22:36:37 [INFO] [MPC] state=(+1.13,-1.13,-4.71) wp0=(+1.15,-1.06) v=+0.200 ω=-0.002 ok=True iters=6
22:36:37 [INFO] [PROG] s*=6.43/9.60 (67.0%) dist_goal=3.04
22:36:37 [INFO] [MPC] state=(+1.13,-1.11,-4.71) wp0=(+1.15,-1.04) v=+0.200 ω=-0.001 ok=True iters=6
22:36:37 [INFO] [PROG] s*=6.45/9.60 (67.2%) dist_goal=3.02
22:36:37 [INFO] [MPC] state=(+1.13,-1.09,-4.71) wp0=(+1.15,-1.02) v=+0.200 ω=-0.002 ok=True iters=6
22:36:37 [INFO] [PROG] s*=6.47/9.60 (67.4%) dist_goal=3.00
22:36:37 [INFO] [MPC] state=(+1.13,-1.07,-4.71) wp0=(+1.15,-1.00) v=+0.200 ω=-0.002 ok=True iters=6
22:36:37 [INFO] [PROG] s*=6.49/9.60 (67.6%) dist_goal=2.98
22:36:37 [INFO] [MPC] state=(+1.13,-1.05,-4.71) wp0=(+1.15,-0.98) v=+0.200 ω=-0.002 ok=True iters=6
22:36:37 [INFO] [PROG] s*=6.51/9.60 (67.8%) dist_goal=2.96
22:36:37 [INFO] [MPC] state=(+1.13,-1.03,-4.71) wp0=(+1.15,-0.96) v=+0.200 ω=-0.002 ok=True iters=6
22:36:37 [INFO] [PROG] s*=6.53/9.60 (68.0%) dist_goal=2.94
22:36:37 [INFO] [MPC] state=(+1.13,-1.01,-4.71) wp0=(+1.15,-0.94) v=+0.200 ω=-0.002 ok=True iters=6
22:36:37 [INFO] [PROG] s*=6.55/9.60 (68.3%) dist_goal=2.92
22:36:37 [INFO] [MPC] state=(+1.13,-0.99,-4.71) wp0=(+1.15,-0.92) v=+0.200 ω=-0.002 ok=True iters=6
22:36:37 [INFO] [PROG] s*=6.57/9.60 (68.5%) dist_goal=2.90
22:36:37 [INFO] [MPC] state=(+1.13,-0.97,-4.71) wp0=(+1.15,-0.90) v=+0.200 ω=-0.003 ok=True iters=6
22:36:37 [INFO] [PROG] s*=6.59/9.60 (68.7%) dist_goal=2.88
22:36:37 [INFO] [MPC] state=(+1.13,-0.95,-4.71) wp0=(+1.15,-0.88) v=+0.200 ω=-0.003 ok=True iters=6
22:36:37 [INFO] [PROG] s*=6.61/9.60 (68.9%) dist_goal=2.86
22:36:37 [INFO] [MPC] state=(+1.13,-0.93,-4.71) wp0=(+1.15,-0.86) v=+0.200 ω=-0.003 ok=True iters=6
22:36:37 [INFO] [PROG] s*=6.63/9.60 (69.1%) dist_goal=2.84
22:36:37 [INFO] [MPC] state=(+1.13,-0.91,-4.71) wp0=(+1.15,-0.84) v=+0.200 ω=-0.003 ok=True iters=6
22:36:37 [INFO] [PROG] s*=6.65/9.60 (69.3%) dist_goal=2.82
22:36:37 [INFO] [MPC] state=(+1.13,-0.89,-4.71) wp0=(+1.15,-0.82) v=+0.200 ω=-0.003 ok=True iters=6
22:36:37 [INFO] [PROG] s*=6.67/9.60 (69.5%) dist_goal=2.80
22:36:37 [INFO] [MPC] state=(+1.13,-0.87,-4.71) wp0=(+1.15,-0.80) v=+0.200 ω=-0.003 ok=True iters=6
22:36:37 [INFO] [PROG] s*=6.69/9.60 (69.7%) dist_goal=2.78
22:36:37 [INFO] [MPC] state=(+1.13,-0.85,-4.71) wp0=(+1.15,-0.78) v=+0.200 ω=-0.004 ok=True iters=6
22:36:37 [INFO] [PROG] s*=6.72/9.60 (69.9%) dist_goal=2.76
22:36:37 [INFO] [MPC] state=(+1.13,-0.83,-4.71) wp0=(+1.15,-0.75) v=+0.200 ω=-0.004 ok=True iters=6
22:36:37 [INFO] [PROG] s*=6.74/9.60 (70.2%) dist_goal=2.74
22:36:37 [INFO] [MPC] state=(+1.13,-0.80,-4.71) wp0=(+1.15,-0.73) v=+0.200 ω=-0.003 ok=True iters=6
22:36:37 [INFO] [PROG] s*=6.76/9.60 (70.4%) dist_goal=2.72
22:36:37 [INFO] [MPC] state=(+1.13,-0.78,-4.71) wp0=(+1.15,-0.71) v=+0.200 ω=-0.004 ok=True iters=6
22:36:37 [INFO] [PROG] s*=6.78/9.60 (70.6%) dist_goal=2.70
22:36:37 [INFO] [MPC] state=(+1.13,-0.76,-4.71) wp0=(+1.15,-0.69) v=+0.200 ω=-0.004 ok=True iters=6
22:36:37 [INFO] [PROG] s*=6.80/9.60 (70.8%) dist_goal=2.67
22:36:37 [INFO] [MPC] state=(+1.13,-0.74,-4.71) wp0=(+1.15,-0.67) v=+0.200 ω=-0.003 ok=True iters=6
22:36:37 [INFO] [PROG] s*=6.82/9.60 (71.0%) dist_goal=2.65
22:36:37 [INFO] [MPC] state=(+1.13,-0.72,-4.71) wp0=(+1.15,-0.65) v=+0.200 ω=-0.003 ok=True iters=6
22:36:37 [INFO] [PROG] s*=6.84/9.60 (71.2%) dist_goal=2.63
22:36:37 [INFO] [MPC] state=(+1.13,-0.70,-4.71) wp0=(+1.15,-0.63) v=+0.200 ω=-0.003 ok=True iters=6
22:36:37 [INFO] [PROG] s*=6.86/9.60 (71.4%) dist_goal=2.61
22:36:37 [INFO] [MPC] state=(+1.13,-0.68,-4.71) wp0=(+1.15,-0.61) v=+0.200 ω=-0.003 ok=True iters=6
22:36:37 [INFO] [PROG] s*=6.88/9.60 (71.6%) dist_goal=2.59
22:36:37 [INFO] [MPC] state=(+1.13,-0.66,-4.71) wp0=(+1.15,-0.59) v=+0.200 ω=-0.003 ok=True iters=6
22:36:37 [INFO] [PROG] s*=6.90/9.60 (71.8%) dist_goal=2.57
22:36:37 [INFO] [MPC] state=(+1.13,-0.64,-4.71) wp0=(+1.15,-0.57) v=+0.200 ω=-0.003 ok=True iters=6
22:36:37 [INFO] [PROG] s*=6.92/9.60 (72.1%) dist_goal=2.55
22:36:37 [INFO] [MPC] state=(+1.13,-0.62,-4.71) wp0=(+1.15,-0.55) v=+0.200 ω=-0.003 ok=True iters=6
22:36:37 [INFO] [PROG] s*=6.94/9.60 (72.3%) dist_goal=2.53
22:36:37 [INFO] [MPC] state=(+1.13,-0.60,-4.71) wp0=(+1.15,-0.53) v=+0.200 ω=-0.003 ok=True iters=6
22:36:37 [INFO] [PROG] s*=6.96/9.60 (72.5%) dist_goal=2.51
22:36:37 [INFO] [MPC] state=(+1.13,-0.58,-4.71) wp0=(+1.15,-0.51) v=+0.200 ω=-0.003 ok=True iters=6
22:36:37 [INFO] [PROG] s*=6.98/9.60 (72.7%) dist_goal=2.49
22:36:37 [INFO] [MPC] state=(+1.13,-0.56,-4.71) wp0=(+1.15,-0.49) v=+0.200 ω=-0.003 ok=True iters=6
22:36:37 [INFO] [PROG] s*=7.00/9.60 (72.9%) dist_goal=2.47
22:36:37 [INFO] [MPC] state=(+1.13,-0.54,-4.71) wp0=(+1.15,-0.47) v=+0.200 ω=-0.003 ok=True iters=6
22:36:37 [INFO] [PROG] s*=7.02/9.60 (73.1%) dist_goal=2.45
22:36:37 [INFO] [MPC] state=(+1.13,-0.52,-4.71) wp0=(+1.15,-0.45) v=+0.200 ω=-0.003 ok=True iters=6
22:36:37 [INFO] [PROG] s*=7.04/9.60 (73.3%) dist_goal=2.43
22:36:37 [INFO] [MPC] state=(+1.13,-0.50,-4.71) wp0=(+1.15,-0.43) v=+0.200 ω=-0.003 ok=True iters=6
22:36:37 [INFO] [PROG] s*=7.06/9.60 (73.5%) dist_goal=2.41
22:36:37 [INFO] [MPC] state=(+1.13,-0.48,-4.71) wp0=(+1.15,-0.41) v=+0.200 ω=-0.003 ok=True iters=6
22:36:37 [INFO] [PROG] s*=7.08/9.60 (73.7%) dist_goal=2.39
22:36:37 [INFO] [MPC] state=(+1.13,-0.46,-4.71) wp0=(+1.15,-0.39) v=+0.200 ω=-0.003 ok=True iters=6
22:36:37 [INFO] [PROG] s*=7.10/9.60 (74.0%) dist_goal=2.37
22:36:37 [INFO] [MPC] state=(+1.13,-0.44,-4.71) wp0=(+1.15,-0.37) v=+0.200 ω=-0.003 ok=True iters=6
22:36:37 [INFO] [PROG] s*=7.12/9.60 (74.2%) dist_goal=2.35
22:36:37 [INFO] [MPC] state=(+1.13,-0.42,-4.71) wp0=(+1.15,-0.35) v=+0.200 ω=-0.003 ok=True iters=6
22:36:37 [INFO] [PROG] s*=7.14/9.60 (74.4%) dist_goal=2.33
22:36:37 [INFO] [MPC] state=(+1.13,-0.40,-4.71) wp0=(+1.15,-0.33) v=+0.200 ω=-0.003 ok=True iters=6
22:36:37 [INFO] [PROG] s*=7.16/9.60 (74.6%) dist_goal=2.31
22:36:37 [INFO] [MPC] state=(+1.13,-0.38,-4.71) wp0=(+1.15,-0.31) v=+0.200 ω=-0.003 ok=True iters=6
22:36:37 [INFO] [PROG] s*=7.18/9.60 (74.8%) dist_goal=2.29
22:36:37 [INFO] [MPC] state=(+1.13,-0.36,-4.71) wp0=(+1.15,-0.29) v=+0.200 ω=-0.003 ok=True iters=6
22:36:37 [INFO] [PROG] s*=7.20/9.60 (75.0%) dist_goal=2.27
22:36:37 [INFO] [MPC] state=(+1.13,-0.34,-4.71) wp0=(+1.15,-0.27) v=+0.200 ω=-0.004 ok=True iters=6
22:36:37 [INFO] [PROG] s*=7.22/9.60 (75.2%) dist_goal=2.25
22:36:37 [INFO] [MPC] state=(+1.13,-0.32,-4.71) wp0=(+1.15,-0.25) v=+0.200 ω=-0.004 ok=True iters=6
22:36:37 [INFO] [PROG] s*=7.24/9.60 (75.4%) dist_goal=2.23
22:36:37 [INFO] [MPC] state=(+1.13,-0.30,-4.71) wp0=(+1.15,-0.23) v=+0.200 ω=-0.004 ok=True iters=6
22:36:37 [INFO] [PROG] s*=7.26/9.60 (75.7%) dist_goal=2.21
22:36:37 [INFO] [MPC] state=(+1.13,-0.28,-4.71) wp0=(+1.15,-0.21) v=+0.200 ω=-0.003 ok=True iters=6
22:36:37 [INFO] [PROG] s*=7.28/9.60 (75.9%) dist_goal=2.19
22:36:37 [INFO] [MPC] state=(+1.13,-0.26,-4.71) wp0=(+1.15,-0.19) v=+0.200 ω=-0.003 ok=True iters=6
22:36:37 [INFO] [PROG] s*=7.30/9.60 (76.1%) dist_goal=2.17
22:36:37 [INFO] [MPC] state=(+1.13,-0.24,-4.71) wp0=(+1.15,-0.17) v=+0.200 ω=-0.003 ok=True iters=6
22:36:37 [INFO] [PROG] s*=7.32/9.60 (76.3%) dist_goal=2.15
22:36:37 [INFO] [MPC] state=(+1.13,-0.22,-4.71) wp0=(+1.15,-0.15) v=+0.200 ω=-0.003 ok=True iters=6
22:36:37 [INFO] [PROG] s*=7.34/9.60 (76.5%) dist_goal=2.13
22:36:37 [INFO] [MPC] state=(+1.13,-0.20,-4.71) wp0=(+1.15,-0.13) v=+0.200 ω=-0.003 ok=True iters=6
22:36:37 [INFO] [PROG] s*=7.36/9.60 (76.7%) dist_goal=2.11
22:36:37 [INFO] [MPC] state=(+1.13,-0.18,-4.71) wp0=(+1.15,-0.11) v=+0.200 ω=-0.035 ok=True iters=8
22:36:37 [INFO] [PROG] s*=7.38/9.60 (76.9%) dist_goal=2.09
22:36:37 [INFO] [MPC] state=(+1.13,-0.16,-4.72) wp0=(+1.15,-0.09) v=+0.200 ω=+0.004 ok=True iters=6
22:36:37 [INFO] [PROG] s*=7.40/9.60 (77.1%) dist_goal=2.07
22:36:37 [INFO] [MPC] state=(+1.13,-0.14,-4.72) wp0=(+1.15,-0.07) v=+0.200 ω=+0.005 ok=True iters=6
22:36:37 [INFO] [PROG] s*=7.42/9.60 (77.3%) dist_goal=2.05
22:36:37 [INFO] [MPC] state=(+1.13,-0.12,-4.71) wp0=(+1.15,-0.05) v=+0.200 ω=+0.005 ok=True iters=6
22:36:37 [INFO] [PROG] s*=7.44/9.60 (77.6%) dist_goal=2.03
22:36:37 [INFO] [MPC] state=(+1.13,-0.10,-4.71) wp0=(+1.15,-0.03) v=+0.200 ω=+0.005 ok=True iters=6
22:36:37 [INFO] [PROG] s*=7.47/9.60 (77.8%) dist_goal=2.01
22:36:37 [INFO] [MPC] state=(+1.13,-0.08,-4.71) wp0=(+1.15,-0.00) v=+0.200 ω=+0.004 ok=True iters=6
22:36:37 [INFO] [PROG] s*=7.49/9.60 (78.0%) dist_goal=1.99
22:36:37 [INFO] [MPC] state=(+1.13,-0.05,-4.71) wp0=(+1.15,+0.02) v=+0.200 ω=+0.003 ok=True iters=6
22:36:37 [INFO] [PROG] s*=7.51/9.60 (78.2%) dist_goal=1.97
22:36:37 [INFO] [MPC] state=(+1.13,-0.03,-4.71) wp0=(+1.15,+0.04) v=+0.200 ω=+0.002 ok=True iters=6
22:36:37 [INFO] [PROG] s*=7.53/9.60 (78.4%) dist_goal=1.95
22:36:37 [INFO] [MPC] state=(+1.13,-0.01,-4.71) wp0=(+1.15,+0.06) v=+0.200 ω=+0.001 ok=True iters=6
22:36:37 [INFO] [PROG] s*=7.55/9.60 (78.6%) dist_goal=1.93
22:36:37 [INFO] [MPC] state=(+1.13,+0.01,-4.71) wp0=(+1.15,+0.08) v=+0.200 ω=-0.000 ok=True iters=6
22:36:37 [INFO] [PROG] s*=7.57/9.60 (78.8%) dist_goal=1.90
22:36:37 [INFO] [MPC] state=(+1.13,+0.03,-4.71) wp0=(+1.15,+0.10) v=+0.200 ω=-0.001 ok=True iters=6
22:36:37 [INFO] [PROG] s*=7.59/9.60 (79.0%) dist_goal=1.88
22:36:37 [INFO] [MPC] state=(+1.13,+0.05,-4.71) wp0=(+1.15,+0.12) v=+0.200 ω=-0.002 ok=True iters=6
22:36:37 [INFO] [PROG] s*=7.61/9.60 (79.2%) dist_goal=1.86
22:36:37 [INFO] [MPC] state=(+1.13,+0.07,-4.71) wp0=(+1.15,+0.14) v=+0.200 ω=-0.003 ok=True iters=6
22:36:37 [INFO] [PROG] s*=7.63/9.60 (79.5%) dist_goal=1.84
22:36:37 [INFO] [MPC] state=(+1.13,+0.09,-4.71) wp0=(+1.15,+0.16) v=+0.200 ω=-0.003 ok=True iters=6
22:36:37 [INFO] [PROG] s*=7.65/9.60 (79.7%) dist_goal=1.82
22:36:37 [INFO] [MPC] state=(+1.13,+0.11,-4.71) wp0=(+1.15,+0.18) v=+0.200 ω=-0.004 ok=True iters=6
22:36:37 [INFO] [PROG] s*=7.67/9.60 (79.9%) dist_goal=1.80
22:36:37 [INFO] [MPC] state=(+1.13,+0.13,-4.71) wp0=(+1.15,+0.20) v=+0.200 ω=-0.005 ok=True iters=6
22:36:37 [INFO] [PROG] s*=7.69/9.60 (80.1%) dist_goal=1.78
22:36:37 [INFO] [MPC] state=(+1.13,+0.15,-4.71) wp0=(+1.15,+0.22) v=+0.200 ω=-0.004 ok=True iters=6
22:36:37 [INFO] [PROG] s*=7.71/9.60 (80.3%) dist_goal=1.76
22:36:37 [INFO] [MPC] state=(+1.13,+0.17,-4.71) wp0=(+1.15,+0.24) v=+0.200 ω=-0.005 ok=True iters=6
22:36:37 [INFO] [PROG] s*=7.73/9.60 (80.5%) dist_goal=1.74
22:36:37 [INFO] [MPC] state=(+1.13,+0.19,-4.71) wp0=(+1.15,+0.26) v=+0.200 ω=-0.004 ok=True iters=6
22:36:37 [INFO] [PROG] s*=7.75/9.60 (80.7%) dist_goal=1.72
22:36:37 [INFO] [MPC] state=(+1.13,+0.21,-4.71) wp0=(+1.15,+0.28) v=+0.200 ω=-0.004 ok=True iters=6
22:36:37 [INFO] [PROG] s*=7.77/9.60 (80.9%) dist_goal=1.70
22:36:37 [INFO] [MPC] state=(+1.13,+0.23,-4.71) wp0=(+1.15,+0.30) v=+0.200 ω=-0.004 ok=True iters=6
22:36:37 [INFO] [PROG] s*=7.79/9.60 (81.1%) dist_goal=1.68
22:36:37 [INFO] [MPC] state=(+1.13,+0.25,-4.71) wp0=(+1.15,+0.32) v=+0.200 ω=-0.003 ok=True iters=6
22:36:37 [INFO] [PROG] s*=7.81/9.60 (81.4%) dist_goal=1.66
22:36:37 [INFO] [MPC] state=(+1.13,+0.27,-4.71) wp0=(+1.15,+0.34) v=+0.200 ω=-0.004 ok=True iters=6
22:36:37 [INFO] [PROG] s*=7.83/9.60 (81.6%) dist_goal=1.64
22:36:37 [INFO] [MPC] state=(+1.13,+0.29,-4.71) wp0=(+1.15,+0.36) v=+0.200 ω=-0.003 ok=True iters=6
22:36:37 [INFO] [PROG] s*=7.85/9.60 (81.8%) dist_goal=1.62
22:36:37 [INFO] [MPC] state=(+1.13,+0.31,-4.71) wp0=(+1.15,+0.38) v=+0.200 ω=-0.003 ok=True iters=6
22:36:37 [INFO] [PROG] s*=7.87/9.60 (82.0%) dist_goal=1.60
22:36:37 [INFO] [MPC] state=(+1.13,+0.33,-4.71) wp0=(+1.15,+0.40) v=+0.200 ω=-0.003 ok=True iters=6
22:36:37 [INFO] [PROG] s*=7.89/9.60 (82.2%) dist_goal=1.58
22:36:37 [INFO] [MPC] state=(+1.13,+0.35,-4.71) wp0=(+1.15,+0.42) v=+0.200 ω=-0.003 ok=True iters=6
22:36:37 [INFO] [PROG] s*=7.91/9.60 (82.4%) dist_goal=1.56
22:36:37 [INFO] [MPC] state=(+1.13,+0.37,-4.71) wp0=(+1.15,+0.44) v=+0.200 ω=-0.002 ok=True iters=6
22:36:37 [INFO] [PROG] s*=7.93/9.60 (82.6%) dist_goal=1.54
22:36:37 [INFO] [MPC] state=(+1.13,+0.39,-4.71) wp0=(+1.15,+0.46) v=+0.200 ω=-0.002 ok=True iters=6
22:36:37 [INFO] [PROG] s*=7.95/9.60 (82.8%) dist_goal=1.52
22:36:37 [INFO] [MPC] state=(+1.13,+0.41,-4.71) wp0=(+1.15,+0.48) v=+0.200 ω=-0.002 ok=True iters=6
22:36:37 [INFO] [PROG] s*=7.97/9.60 (83.0%) dist_goal=1.50
22:36:37 [INFO] [MPC] state=(+1.13,+0.43,-4.71) wp0=(+1.15,+0.50) v=+0.200 ω=-0.002 ok=True iters=6
22:36:37 [INFO] [PROG] s*=7.99/9.60 (83.3%) dist_goal=1.48
22:36:37 [INFO] [MPC] state=(+1.13,+0.45,-4.71) wp0=(+1.15,+0.52) v=+0.200 ω=-0.002 ok=True iters=6
22:36:37 [INFO] [PROG] s*=8.01/9.60 (83.5%) dist_goal=1.46
22:36:37 [INFO] [MPC] state=(+1.13,+0.47,-4.71) wp0=(+1.15,+0.54) v=+0.200 ω=-0.002 ok=True iters=6
22:36:37 [INFO] [PROG] s*=8.03/9.60 (83.7%) dist_goal=1.44
22:36:37 [INFO] [MPC] state=(+1.13,+0.49,-4.71) wp0=(+1.15,+0.56) v=+0.200 ω=-0.002 ok=True iters=6
22:36:37 [INFO] [PROG] s*=8.05/9.60 (83.9%) dist_goal=1.42
22:36:37 [INFO] [MPC] state=(+1.13,+0.51,-4.71) wp0=(+1.15,+0.58) v=+0.200 ω=-0.002 ok=True iters=6
22:36:37 [INFO] [PROG] s*=8.07/9.60 (84.1%) dist_goal=1.40
22:36:37 [INFO] [MPC] state=(+1.13,+0.53,-4.71) wp0=(+1.15,+0.60) v=+0.200 ω=-0.002 ok=True iters=6
22:36:37 [INFO] [PROG] s*=8.09/9.60 (84.3%) dist_goal=1.38
22:36:37 [INFO] [MPC] state=(+1.13,+0.55,-4.71) wp0=(+1.15,+0.62) v=+0.200 ω=-0.002 ok=True iters=6
22:36:37 [INFO] [PROG] s*=8.11/9.60 (84.5%) dist_goal=1.36
22:36:37 [INFO] [MPC] state=(+1.13,+0.57,-4.71) wp0=(+1.15,+0.64) v=+0.200 ω=-0.002 ok=True iters=6
22:36:37 [INFO] [PROG] s*=8.13/9.60 (84.7%) dist_goal=1.34
22:36:37 [INFO] [MPC] state=(+1.13,+0.59,-4.71) wp0=(+1.15,+0.66) v=+0.200 ω=-0.002 ok=True iters=6
22:36:37 [INFO] [PROG] s*=8.15/9.60 (84.9%) dist_goal=1.32
22:36:37 [INFO] [MPC] state=(+1.13,+0.61,-4.71) wp0=(+1.15,+0.68) v=+0.200 ω=-0.002 ok=True iters=6
22:36:37 [INFO] [PROG] s*=8.17/9.60 (85.2%) dist_goal=1.30
22:36:37 [INFO] [MPC] state=(+1.13,+0.63,-4.71) wp0=(+1.15,+0.70) v=+0.200 ω=-0.002 ok=True iters=6
22:36:37 [INFO] [PROG] s*=8.20/9.60 (85.4%) dist_goal=1.28
22:36:37 [INFO] [MPC] state=(+1.13,+0.65,-4.71) wp0=(+1.15,+0.73) v=+0.200 ω=-0.002 ok=True iters=6
22:36:37 [INFO] [PROG] s*=8.22/9.60 (85.6%) dist_goal=1.26
22:36:37 [INFO] [MPC] state=(+1.13,+0.68,-4.71) wp0=(+1.15,+0.75) v=+0.200 ω=-0.002 ok=True iters=6
22:36:37 [INFO] [PROG] s*=8.24/9.60 (85.8%) dist_goal=1.24
22:36:37 [INFO] [MPC] state=(+1.13,+0.70,-4.71) wp0=(+1.15,+0.77) v=+0.200 ω=-0.002 ok=True iters=6
22:36:37 [INFO] [PROG] s*=8.26/9.60 (86.0%) dist_goal=1.22
22:36:37 [INFO] [MPC] state=(+1.13,+0.72,-4.71) wp0=(+1.15,+0.79) v=+0.200 ω=-0.002 ok=True iters=6
22:36:37 [INFO] [PROG] s*=8.28/9.60 (86.2%) dist_goal=1.20
22:36:37 [INFO] [MPC] state=(+1.13,+0.74,-4.71) wp0=(+1.15,+0.81) v=+0.200 ω=-0.002 ok=True iters=6
22:36:37 [INFO] [PROG] s*=8.30/9.60 (86.4%) dist_goal=1.18
22:36:37 [INFO] [MPC] state=(+1.13,+0.76,-4.71) wp0=(+1.15,+0.83) v=+0.200 ω=-0.002 ok=True iters=6
22:36:37 [INFO] [PROG] s*=8.32/9.60 (86.6%) dist_goal=1.16
22:36:37 [INFO] [MPC] state=(+1.13,+0.78,-4.71) wp0=(+1.15,+0.85) v=+0.200 ω=-0.002 ok=True iters=6
22:36:37 [INFO] [PROG] s*=8.34/9.60 (86.8%) dist_goal=1.14
22:36:37 [INFO] [MPC] state=(+1.13,+0.80,-4.71) wp0=(+1.15,+0.87) v=+0.200 ω=-0.002 ok=True iters=6
22:36:37 [INFO] [PROG] s*=8.36/9.60 (87.1%) dist_goal=1.12
22:36:37 [INFO] [MPC] state=(+1.13,+0.82,-4.71) wp0=(+1.15,+0.89) v=+0.200 ω=-0.002 ok=True iters=6
22:36:37 [INFO] [PROG] s*=8.38/9.60 (87.3%) dist_goal=1.09
22:36:37 [INFO] [MPC] state=(+1.13,+0.84,-4.71) wp0=(+1.15,+0.91) v=+0.200 ω=-0.002 ok=True iters=6
22:36:37 [INFO] [PROG] s*=8.40/9.60 (87.5%) dist_goal=1.07
22:36:37 [INFO] [MPC] state=(+1.13,+0.86,-4.71) wp0=(+1.15,+0.93) v=+0.200 ω=-0.002 ok=True iters=6
22:36:37 [INFO] [PROG] s*=8.42/9.60 (87.7%) dist_goal=1.05
22:36:37 [INFO] [MPC] state=(+1.13,+0.88,-4.71) wp0=(+1.15,+0.95) v=+0.200 ω=-0.002 ok=True iters=6
22:36:37 [INFO] [PROG] s*=8.44/9.60 (87.9%) dist_goal=1.03
22:36:37 [INFO] [MPC] state=(+1.13,+0.90,-4.71) wp0=(+1.15,+0.97) v=+0.200 ω=-0.002 ok=True iters=6
22:36:37 [INFO] [PROG] s*=8.46/9.60 (88.1%) dist_goal=1.01
22:36:37 [INFO] [MPC] state=(+1.13,+0.92,-4.71) wp0=(+1.15,+0.99) v=+0.200 ω=-0.002 ok=True iters=6
22:36:37 [INFO] [PROG] s*=8.48/9.60 (88.3%) dist_goal=0.99
22:36:37 [INFO] [MPC] state=(+1.13,+0.94,-4.71) wp0=(+1.15,+1.01) v=+0.200 ω=-0.002 ok=True iters=6
22:36:37 [INFO] [PROG] s*=8.50/9.60 (88.5%) dist_goal=0.97
22:36:37 [INFO] [MPC] state=(+1.13,+0.96,-4.71) wp0=(+1.15,+1.03) v=+0.200 ω=-0.002 ok=True iters=6
22:36:37 [INFO] [PROG] s*=8.52/9.60 (88.7%) dist_goal=0.95
22:36:37 [INFO] [MPC] state=(+1.13,+0.98,-4.71) wp0=(+1.15,+1.05) v=+0.200 ω=-0.002 ok=True iters=6
22:36:37 [INFO] [PROG] s*=8.54/9.60 (89.0%) dist_goal=0.93
22:36:37 [INFO] [MPC] state=(+1.13,+1.00,-4.71) wp0=(+1.15,+1.07) v=+0.200 ω=-0.003 ok=True iters=6
22:36:37 [INFO] [PROG] s*=8.56/9.60 (89.2%) dist_goal=0.91
22:36:37 [INFO] [MPC] state=(+1.13,+1.02,-4.71) wp0=(+1.15,+1.09) v=+0.200 ω=-0.003 ok=True iters=6
22:36:37 [INFO] [PROG] s*=8.58/9.60 (89.4%) dist_goal=0.89
22:36:37 [INFO] [MPC] state=(+1.13,+1.04,-4.71) wp0=(+1.15,+1.11) v=+0.200 ω=-0.003 ok=True iters=6
22:36:37 [INFO] [PROG] s*=8.60/9.60 (89.6%) dist_goal=0.87
22:36:37 [INFO] [MPC] state=(+1.13,+1.06,-4.71) wp0=(+1.15,+1.13) v=+0.200 ω=-0.003 ok=True iters=6
22:36:37 [INFO] [PROG] s*=8.62/9.60 (89.8%) dist_goal=0.85
22:36:37 [INFO] [MPC] state=(+1.13,+1.08,-4.71) wp0=(+1.15,+1.15) v=+0.200 ω=-0.003 ok=True iters=6
22:36:38 [INFO] [PROG] s*=8.64/9.60 (90.0%) dist_goal=0.83
22:36:38 [INFO] [MPC] state=(+1.13,+1.10,-4.71) wp0=(+1.15,+1.17) v=+0.200 ω=-0.003 ok=True iters=6
22:36:38 [INFO] [PROG] s*=8.66/9.60 (90.2%) dist_goal=0.81
22:36:38 [INFO] [MPC] state=(+1.13,+1.12,-4.71) wp0=(+1.15,+1.19) v=+0.200 ω=-0.003 ok=True iters=6
22:36:38 [INFO] [PROG] s*=8.68/9.60 (90.4%) dist_goal=0.79
22:36:38 [INFO] [MPC] state=(+1.13,+1.14,-4.71) wp0=(+1.15,+1.21) v=+0.200 ω=-0.003 ok=True iters=6
22:36:38 [INFO] [PROG] s*=8.70/9.60 (90.6%) dist_goal=0.77
22:36:38 [INFO] [MPC] state=(+1.13,+1.16,-4.71) wp0=(+1.15,+1.23) v=+0.198 ω=-0.003 ok=True iters=6
22:36:38 [INFO] [PROG] s*=8.72/9.60 (90.8%) dist_goal=0.75
22:36:38 [INFO] [MPC] state=(+1.13,+1.18,-4.71) wp0=(+1.15,+1.25) v=+0.193 ω=-0.002 ok=True iters=6
22:36:38 [INFO] [PROG] s*=8.74/9.60 (91.0%) dist_goal=0.73
22:36:38 [INFO] [MPC] state=(+1.13,+1.20,-4.71) wp0=(+1.15,+1.27) v=+0.188 ω=-0.002 ok=True iters=6
22:36:38 [INFO] [PROG] s*=8.76/9.60 (91.2%) dist_goal=0.71
22:36:38 [INFO] [MPC] state=(+1.13,+1.22,-4.71) wp0=(+1.15,+1.29) v=+0.183 ω=-0.001 ok=True iters=7
22:36:38 [INFO] [PROG] s*=8.78/9.60 (91.4%) dist_goal=0.70
22:36:38 [INFO] [MPC] state=(+1.13,+1.24,-4.71) wp0=(+1.15,+1.31) v=+0.179 ω=-0.001 ok=True iters=7
22:36:38 [INFO] [PROG] s*=8.80/9.60 (91.6%) dist_goal=0.68
22:36:38 [INFO] [MPC] state=(+1.13,+1.26,-4.71) wp0=(+1.15,+1.33) v=+0.174 ω=-0.001 ok=True iters=7
22:36:38 [INFO] [PROG] s*=8.81/9.60 (91.8%) dist_goal=0.66
22:36:38 [INFO] [MPC] state=(+1.13,+1.28,-4.71) wp0=(+1.15,+1.34) v=+0.170 ω=-0.001 ok=True iters=7
22:36:38 [INFO] [PROG] s*=8.83/9.60 (92.0%) dist_goal=0.65
22:36:38 [INFO] [MPC] state=(+1.13,+1.29,-4.71) wp0=(+1.15,+1.36) v=+0.166 ω=-0.001 ok=True iters=7
22:36:38 [INFO] [PROG] s*=8.85/9.60 (92.1%) dist_goal=0.63
22:36:38 [INFO] [MPC] state=(+1.13,+1.31,-4.71) wp0=(+1.15,+1.38) v=+0.161 ω=-0.001 ok=True iters=7
22:36:38 [INFO] [PROG] s*=8.86/9.60 (92.3%) dist_goal=0.61
22:36:38 [INFO] [MPC] state=(+1.13,+1.33,-4.71) wp0=(+1.15,+1.39) v=+0.157 ω=-0.001 ok=True iters=7
22:36:38 [INFO] [PROG] s*=8.88/9.60 (92.5%) dist_goal=0.60
22:36:38 [INFO] [MPC] state=(+1.13,+1.34,-4.71) wp0=(+1.15,+1.41) v=+0.153 ω=-0.001 ok=True iters=7
22:36:38 [INFO] [PROG] s*=8.89/9.60 (92.6%) dist_goal=0.58
22:36:38 [INFO] [MPC] state=(+1.13,+1.36,-4.71) wp0=(+1.15,+1.42) v=+0.150 ω=-0.001 ok=True iters=7
22:36:38 [INFO] [PROG] s*=8.91/9.60 (92.8%) dist_goal=0.57
22:36:38 [INFO] [MPC] state=(+1.13,+1.37,-4.71) wp0=(+1.15,+1.44) v=+0.146 ω=-0.001 ok=True iters=7
22:36:38 [INFO] [PROG] s*=8.92/9.60 (92.9%) dist_goal=0.55
22:36:38 [INFO] [MPC] state=(+1.13,+1.39,-4.71) wp0=(+1.15,+1.45) v=+0.142 ω=-0.001 ok=True iters=7
22:36:38 [INFO] [PROG] s*=8.94/9.60 (93.1%) dist_goal=0.54
22:36:38 [INFO] [MPC] state=(+1.13,+1.40,-4.71) wp0=(+1.15,+1.47) v=+0.139 ω=-0.001 ok=True iters=7
22:36:38 [INFO] [PROG] s*=8.95/9.60 (93.2%) dist_goal=0.53
22:36:38 [INFO] [MPC] state=(+1.13,+1.42,-4.71) wp0=(+1.15,+1.48) v=+0.135 ω=-0.002 ok=True iters=7
22:36:38 [INFO] [PROG] s*=8.96/9.60 (93.4%) dist_goal=0.51
22:36:38 [INFO] [MPC] state=(+1.13,+1.43,-4.71) wp0=(+1.15,+1.49) v=+0.132 ω=-0.002 ok=True iters=7
22:36:38 [INFO] [PROG] s*=8.97/9.60 (93.5%) dist_goal=0.50
22:36:38 [INFO] [MPC] state=(+1.13,+1.44,-4.71) wp0=(+1.15,+1.50) v=+0.128 ω=-0.003 ok=True iters=7
22:36:38 [INFO] [PROG] s*=8.99/9.60 (93.6%) dist_goal=0.49
22:36:38 [INFO] [MPC] state=(+1.13,+1.45,-4.71) wp0=(+1.15,+1.52) v=+0.125 ω=-0.003 ok=True iters=7
22:36:38 [INFO] [PROG] s*=9.00/9.60 (93.7%) dist_goal=0.48
22:36:38 [INFO] [MPC] state=(+1.13,+1.47,-4.71) wp0=(+1.15,+1.53) v=+0.122 ω=-0.003 ok=True iters=7
22:36:38 [INFO] [PROG] s*=9.01/9.60 (93.9%) dist_goal=0.46
22:36:38 [INFO] [MPC] state=(+1.13,+1.48,-4.71) wp0=(+1.15,+1.54) v=+0.119 ω=-0.003 ok=True iters=7
22:36:38 [INFO] [PROG] s*=9.02/9.60 (94.0%) dist_goal=0.45
22:36:38 [INFO] [MPC] state=(+1.13,+1.49,-4.71) wp0=(+1.15,+1.55) v=+0.116 ω=-0.003 ok=True iters=7
22:36:38 [INFO] [PROG] s*=9.04/9.60 (94.1%) dist_goal=0.44
22:36:38 [INFO] [MPC] state=(+1.13,+1.50,-4.71) wp0=(+1.15,+1.57) v=+0.113 ω=-0.002 ok=True iters=7
22:36:38 [INFO] [PROG] s*=9.05/9.60 (94.2%) dist_goal=0.43
22:36:38 [INFO] [MPC] state=(+1.13,+1.52,-4.71) wp0=(+1.15,+1.58) v=+0.110 ω=+0.001 ok=True iters=7
22:36:38 [INFO] [PROG] s*=9.06/9.60 (94.3%) dist_goal=0.42
22:36:38 [INFO] [MPC] state=(+1.13,+1.53,-4.71) wp0=(+1.15,+1.59) v=+0.108 ω=+0.003 ok=True iters=7
22:36:38 [INFO] [PROG] s*=9.07/9.60 (94.5%) dist_goal=0.41
22:36:38 [INFO] [MPC] state=(+1.13,+1.54,-4.71) wp0=(+1.15,+1.60) v=+0.105 ω=+0.004 ok=True iters=7
22:36:38 [INFO] [PROG] s*=9.08/9.60 (94.6%) dist_goal=0.40
22:36:38 [INFO] [MPC] state=(+1.13,+1.55,-4.71) wp0=(+1.15,+1.61) v=+0.102 ω=+0.005 ok=True iters=7
22:36:38 [INFO] [PROG] s*=9.09/9.60 (94.7%) dist_goal=0.39
22:36:38 [INFO] [MPC] state=(+1.13,+1.56,-4.71) wp0=(+1.15,+1.62) v=+0.100 ω=+0.007 ok=True iters=7
22:36:38 [INFO] [PROG] s*=9.10/9.60 (94.8%) dist_goal=0.38
22:36:38 [INFO] [MPC] state=(+1.13,+1.57,-4.71) wp0=(+1.15,+1.63) v=+0.097 ω=+0.008 ok=True iters=7
22:36:38 [INFO] [PROG] s*=9.11/9.60 (94.9%) dist_goal=0.37
22:36:38 [INFO] [MPC] state=(+1.13,+1.58,-4.71) wp0=(+1.15,+1.64) v=+0.095 ω=+0.008 ok=True iters=7
22:36:38 [INFO] [PROG] s*=9.12/9.60 (95.0%) dist_goal=0.36
22:36:38 [INFO] [MPC] state=(+1.13,+1.59,-4.71) wp0=(+1.15,+1.65) v=+0.093 ω=+0.008 ok=True iters=7
22:36:38 [INFO] [PROG] s*=9.13/9.60 (95.1%) dist_goal=0.35
22:36:38 [INFO] [MPC] state=(+1.13,+1.60,-4.71) wp0=(+1.15,+1.66) v=+0.090 ω=+0.009 ok=True iters=8
22:36:38 [INFO] [PROG] s*=9.13/9.60 (95.1%) dist_goal=0.34
22:36:38 [INFO] [MPC] state=(+1.13,+1.61,-4.70) wp0=(+1.15,+1.66) v=+0.088 ω=+0.006 ok=True iters=8
22:36:38 [INFO] [PROG] s*=9.14/9.60 (95.2%) dist_goal=0.34
22:36:38 [INFO] [MPC] state=(+1.13,+1.61,-4.70) wp0=(+1.15,+1.67) v=+0.086 ω=+0.002 ok=True iters=8
22:36:38 [INFO] [PROG] s*=9.15/9.60 (95.3%) dist_goal=0.33
22:36:38 [INFO] [MPC] state=(+1.13,+1.62,-4.70) wp0=(+1.15,+1.68) v=+0.084 ω=-0.001 ok=True iters=8
22:36:38 [INFO] [PROG] s*=9.16/9.60 (95.4%) dist_goal=0.32
22:36:38 [INFO] [MPC] state=(+1.13,+1.63,-4.70) wp0=(+1.15,+1.69) v=+0.082 ω=-0.004 ok=True iters=8
22:36:38 [INFO] [PROG] s*=9.17/9.60 (95.5%) dist_goal=0.31
22:36:38 [INFO] [MPC] state=(+1.13,+1.64,-4.70) wp0=(+1.15,+1.70) v=+0.080 ω=-0.006 ok=True iters=9
22:36:38 [INFO] [PROG] s*=9.18/9.60 (95.6%) dist_goal=0.30
22:36:38 [INFO] [MPC] state=(+1.13,+1.65,-4.70) wp0=(+1.15,+1.71) v=+0.078 ω=-0.007 ok=True iters=9
22:36:38 [INFO] [PROG] s*=9.18/9.60 (95.7%) dist_goal=0.30
22:36:38 [INFO] [MPC] state=(+1.13,+1.66,-4.70) wp0=(+1.15,+1.71) v=+0.076 ω=-0.007 ok=True iters=9
22:36:38 [INFO] [PROG] s*=9.19/9.60 (95.7%) dist_goal=0.29
22:36:38 [INFO] [MPC] state=(+1.13,+1.66,-4.70) wp0=(+1.15,+1.72) v=+0.074 ω=-0.008 ok=True iters=9
22:36:38 [INFO] [PROG] s*=9.20/9.60 (95.8%) dist_goal=0.28
22:36:38 [INFO] [MPC] state=(+1.12,+1.67,-4.71) wp0=(+1.15,+1.73) v=+0.072 ω=-0.008 ok=True iters=9
22:36:38 [INFO] [PROG] s*=9.20/9.60 (95.9%) dist_goal=0.28
22:36:38 [INFO] [MPC] state=(+1.12,+1.68,-4.71) wp0=(+1.15,+1.73) v=+0.071 ω=-0.007 ok=True iters=9
22:36:38 [INFO] [PROG] s*=9.21/9.60 (96.0%) dist_goal=0.27
22:36:38 [INFO] [MPC] state=(+1.12,+1.68,-4.71) wp0=(+1.15,+1.74) v=+0.069 ω=-0.007 ok=True iters=9
22:36:38 [INFO] [PROG] s*=9.22/9.60 (96.0%) dist_goal=0.26
22:36:38 [INFO] [MPC] state=(+1.12,+1.69,-4.71) wp0=(+1.15,+1.75) v=+0.067 ω=-0.007 ok=True iters=9
22:36:38 [INFO] [PROG] s*=9.22/9.60 (96.1%) dist_goal=0.26
22:36:38 [INFO] [MPC] state=(+1.12,+1.70,-4.71) wp0=(+1.15,+1.75) v=+0.066 ω=-0.006 ok=True iters=9
22:36:38 [INFO] [PROG] s*=9.23/9.60 (96.2%) dist_goal=0.25
22:36:38 [INFO] [MPC] state=(+1.12,+1.70,-4.71) wp0=(+1.15,+1.76) v=+0.064 ω=-0.005 ok=True iters=9
22:36:38 [INFO] [PROG] s*=9.24/9.60 (96.2%) dist_goal=0.24
22:36:38 [INFO] [MPC] state=(+1.12,+1.71,-4.71) wp0=(+1.15,+1.77) v=+0.063 ω=-0.005 ok=True iters=9
22:36:38 [INFO] [PROG] s*=9.24/9.60 (96.3%) dist_goal=0.24
22:36:38 [INFO] [MPC] state=(+1.12,+1.72,-4.71) wp0=(+1.15,+1.77) v=+0.061 ω=-0.004 ok=True iters=9
22:36:38 [INFO] [PROG] s*=9.25/9.60 (96.3%) dist_goal=0.23
22:36:38 [INFO] [MPC] state=(+1.12,+1.72,-4.71) wp0=(+1.15,+1.78) v=+0.060 ω=-0.004 ok=True iters=9
22:36:38 [INFO] [PROG] s*=9.25/9.60 (96.4%) dist_goal=0.23
22:36:38 [INFO] [MPC] state=(+1.12,+1.73,-4.71) wp0=(+1.15,+1.78) v=+0.058 ω=-0.003 ok=True iters=8
22:36:38 [INFO] [PROG] s*=9.26/9.60 (96.5%) dist_goal=0.22
22:36:38 [INFO] [MPC] state=(+1.12,+1.73,-4.71) wp0=(+1.15,+1.79) v=+0.057 ω=-0.003 ok=True iters=8
22:36:38 [INFO] [PROG] s*=9.27/9.60 (96.5%) dist_goal=0.22
22:36:38 [INFO] [MPC] state=(+1.12,+1.74,-4.71) wp0=(+1.15,+1.80) v=+0.056 ω=-0.003 ok=True iters=10
22:36:38 [INFO] [PROG] s*=9.27/9.60 (96.6%) dist_goal=0.21
22:36:38 [INFO] [MPC] state=(+1.12,+1.75,-4.71) wp0=(+1.15,+1.80) v=+0.054 ω=-0.003 ok=True iters=10
22:36:38 [INFO] [PROG] s*=9.28/9.60 (96.6%) dist_goal=0.21
22:36:38 [INFO] [MPC] state=(+1.12,+1.75,-4.71) wp0=(+1.15,+1.81) v=+0.053 ω=-0.003 ok=True iters=10
22:36:38 [INFO] [PROG] s*=9.28/9.60 (96.7%) dist_goal=0.20
22:36:38 [INFO] [MPC] state=(+1.12,+1.76,-4.71) wp0=(+1.15,+1.81) v=+0.052 ω=-0.003 ok=True iters=10
22:36:38 [INFO] [PROG] s*=9.29/9.60 (96.7%) dist_goal=0.20
22:36:38 [INFO] [MPC] state=(+1.12,+1.76,-4.71) wp0=(+1.15,+1.82) v=+0.051 ω=+0.009 ok=True iters=10
22:36:38 [INFO] [PROG] s*=9.29/9.60 (96.8%) dist_goal=0.19
22:36:38 [INFO] [MPC] state=(+1.12,+1.77,-4.71) wp0=(+1.15,+1.82) v=+0.049 ω=-0.006 ok=True iters=10
22:36:38 [INFO] [PROG] s*=9.30/9.60 (96.8%) dist_goal=0.19
22:36:38 [INFO] [MPC] state=(+1.12,+1.77,-4.71) wp0=(+1.15,+1.83) v=+0.048 ω=-0.005 ok=True iters=10
22:36:38 [INFO] [PROG] s*=9.30/9.60 (96.9%) dist_goal=0.18
22:36:38 [INFO] [MPC] state=(+1.12,+1.78,-4.71) wp0=(+1.15,+1.83) v=+0.047 ω=-0.004 ok=True iters=9
22:36:38 [INFO] [PROG] s*=9.31/9.60 (96.9%) dist_goal=0.18
22:36:38 [INFO] [MPC] state=(+1.12,+1.78,-4.71) wp0=(+1.15,+1.84) v=+0.046 ω=-0.003 ok=True iters=9
22:36:38 [INFO] [PROG] s*=9.31/9.60 (97.0%) dist_goal=0.18
22:36:38 [INFO] [MPC] state=(+1.12,+1.79,-4.71) wp0=(+1.15,+1.84) v=+0.045 ω=-0.003 ok=True iters=9
22:36:38 [INFO] [PROG] s*=9.31/9.60 (97.0%) dist_goal=0.17
22:36:38 [INFO] [MPC] state=(+1.12,+1.79,-4.71) wp0=(+1.15,+1.84) v=+0.044 ω=-0.003 ok=True iters=9
22:36:38 [INFO] [PROG] s*=9.32/9.60 (97.1%) dist_goal=0.17
22:36:38 [INFO] [MPC] state=(+1.12,+1.79,-4.71) wp0=(+1.15,+1.85) v=+0.043 ω=-0.002 ok=True iters=9
22:36:38 [INFO] [PROG] s*=9.32/9.60 (97.1%) dist_goal=0.17
22:36:38 [INFO] [MPC] state=(+1.12,+1.80,-4.71) wp0=(+1.15,+1.85) v=+0.042 ω=-0.002 ok=True iters=9
22:36:38 [INFO] [PROG] s*=9.33/9.60 (97.1%) dist_goal=0.16
22:36:38 [INFO] [MPC] state=(+1.12,+1.80,-4.71) wp0=(+1.15,+1.86) v=+0.041 ω=-0.002 ok=True iters=10
22:36:38 [INFO] [PROG] s*=9.33/9.60 (97.2%) dist_goal=0.16
22:36:38 [INFO] [MPC] state=(+1.12,+1.81,-4.71) wp0=(+1.15,+1.86) v=+0.040 ω=-0.002 ok=True iters=10
22:36:38 [INFO] [PROG] s*=9.33/9.60 (97.2%) dist_goal=0.15
22:36:38 [INFO] [MPC] state=(+1.12,+1.81,-4.71) wp0=(+1.15,+1.86) v=+0.040 ω=-0.002 ok=True iters=10
22:36:38 [INFO] [PROG] s*=9.34/9.60 (97.3%) dist_goal=0.15
22:36:38 [INFO] [MPC] state=(+1.12,+1.81,-4.71) wp0=(+1.15,+1.87) v=+0.039 ω=-0.001 ok=True iters=10
22:36:38 [INFO] [PROG] s*=9.34/9.60 (97.3%) dist_goal=0.15
22:36:38 [INFO] [MPC] state=(+1.12,+1.82,-4.71) wp0=(+1.15,+1.87) v=+0.038 ω=-0.002 ok=True iters=10
22:36:38 [INFO] [PROG] s*=9.35/9.60 (97.3%) dist_goal=0.15
22:36:38 [INFO] [MPC] state=(+1.12,+1.82,-4.71) wp0=(+1.15,+1.88) v=+0.037 ω=-0.001 ok=True iters=10
22:36:38 [INFO] [PROG] s*=9.35/9.60 (97.4%) dist_goal=0.14
22:36:38 [INFO] [MPC] state=(+1.12,+1.83,-4.71) wp0=(+1.15,+1.88) v=+0.036 ω=-0.002 ok=True iters=10
22:36:38 [INFO] [PROG] s*=9.35/9.60 (97.4%) dist_goal=0.14
22:36:38 [INFO] [MPC] state=(+1.12,+1.83,-4.71) wp0=(+1.15,+1.88) v=+0.036 ω=-0.002 ok=True iters=10
22:36:38 [INFO] [PROG] s*=9.36/9.60 (97.5%) dist_goal=0.14
22:36:38 [INFO] [MPC] state=(+1.12,+1.83,-4.71) wp0=(+1.15,+1.89) v=+0.035 ω=-0.002 ok=True iters=10
22:36:38 [INFO] [PROG] s*=9.36/9.60 (97.5%) dist_goal=0.13
22:36:38 [INFO] [MPC] state=(+1.12,+1.84,-4.71) wp0=(+1.15,+1.89) v=+0.034 ω=-0.001 ok=True iters=10
22:36:38 [INFO] [PROG] s*=9.36/9.60 (97.5%) dist_goal=0.13
22:36:38 [INFO] [MPC] state=(+1.12,+1.84,-4.71) wp0=(+1.15,+1.89) v=+0.033 ω=-0.002 ok=True iters=10
22:36:38 [INFO] [PROG] s*=9.36/9.60 (97.6%) dist_goal=0.13
22:36:38 [INFO] [MPC] state=(+1.12,+1.84,-4.71) wp0=(+1.15,+1.89) v=+0.033 ω=-0.001 ok=True iters=9
22:36:38 [INFO] [PROG] s*=9.37/9.60 (97.6%) dist_goal=0.13
22:36:38 [INFO] [MPC] state=(+1.12,+1.84,-4.71) wp0=(+1.15,+1.90) v=+0.032 ω=-0.002 ok=True iters=10
22:36:38 [INFO] [PROG] s*=9.37/9.60 (97.6%) dist_goal=0.12
22:36:38 [INFO] [MPC] state=(+1.12,+1.85,-4.71) wp0=(+1.15,+1.90) v=+0.032 ω=-0.001 ok=True iters=10
22:36:38 [INFO] [PROG] s*=9.37/9.60 (97.6%) dist_goal=0.12
22:36:38 [INFO] [MPC] state=(+1.12,+1.85,-4.71) wp0=(+1.15,+1.90) v=+0.031 ω=+0.104 ok=True iters=10
22:36:38 [INFO] [PROG] s*=9.38/9.60 (97.7%) dist_goal=0.12
22:36:38 [INFO] [MPC] state=(+1.12,+1.85,-4.70) wp0=(+1.15,+1.91) v=+0.030 ω=+0.450 ok=True iters=10
22:36:38 [INFO] [PROG] s*=9.38/9.60 (97.7%) dist_goal=0.12
22:36:38 [INFO] [MPC] state=(+1.12,+1.86,-4.66) wp0=(+1.15,+1.91) v=+0.030 ω=+0.685 ok=True iters=5
22:36:38 [INFO] [PROG] s*=9.38/9.60 (97.7%) dist_goal=0.12
22:36:38 [INFO] [MPC] state=(+1.12,+1.86,-4.59) wp0=(+1.15,+1.91) v=+0.030 ω=+0.902 ok=True iters=5
22:36:38 [INFO] [PROG] s*=9.38/9.60 (97.7%) dist_goal=0.11
22:36:38 [INFO] [MPC] state=(+1.12,+1.86,-4.50) wp0=(+1.15,+1.91) v=+0.030 ω=+0.976 ok=True iters=5
22:36:38 [INFO] [PROG] s*=9.38/9.60 (97.8%) dist_goal=0.11
22:36:38 [INFO] [MPC] state=(+1.12,+1.86,-4.40) wp0=(+1.15,+1.91) v=+0.030 ω=+0.794 ok=True iters=5
22:36:38 [INFO] [PROG] s*=9.39/9.60 (97.8%) dist_goal=0.11
22:36:38 [INFO] [MPC] state=(+1.12,+1.86,-4.32) wp0=(+1.15,+1.92) v=+0.030 ω=+1.384 ok=True iters=6
22:36:38 [INFO] [PROG] s*=9.39/9.60 (97.8%) dist_goal=0.11
22:36:38 [INFO] [MPC] state=(+1.12,+1.87,-4.19) wp0=(+1.15,+1.92) v=+0.030 ω=+1.197 ok=True iters=5
22:36:38 [INFO] [PROG] s*=9.39/9.60 (97.8%) dist_goal=0.11
22:36:38 [INFO] [MPC] state=(+1.12,+1.87,-4.07) wp0=(+1.15,+1.92) v=+0.030 ω=+1.083 ok=True iters=5
22:36:38 [INFO] [PROG] s*=9.39/9.60 (97.8%) dist_goal=0.10
22:36:38 [INFO] [MPC] state=(+1.12,+1.87,-3.96) wp0=(+1.15,+1.92) v=+0.030 ω=+1.024 ok=True iters=5
22:36:38 [INFO] [PROG] s*=9.39/9.60 (97.8%) dist_goal=0.10
22:36:38 [INFO] [MPC] state=(+1.12,+1.87,-3.85) wp0=(+1.15,+1.92) v=+0.030 ω=+0.897 ok=True iters=5
22:36:38 [INFO] [PROG] s*=9.39/9.60 (97.9%) dist_goal=0.10
22:36:38 [INFO] [MPC] state=(+1.11,+1.87,-3.76) wp0=(+1.15,+1.92) v=+0.030 ω=+0.481 ok=True iters=5
