22:37:40 [INFO] === New MPC Session Started ===
22:37:40 [DEBUG] matplotlib data path: /home/max/.local/lib/python3.10/site-packages/matplotlib/mpl-data
22:37:40 [DEBUG] CONFIGDIR=/home/max/.config/matplotlib
22:37:40 [DEBUG] interactive is False
22:37:40 [DEBUG] platform is linux
22:37:40 [DEBUG] CACHEDIR=/home/max/.cache/matplotlib
22:37:40 [DEBUG] Using fontManager instance from /home/max/.cache/matplotlib/fontlist-v390.json
22:37:40 [INFO] CrowdNavPyBulletEnv initializing...
22:37:43 [INFO] World ready | grid: (112, 112), res: 0.1, N=10, T=0.1
22:37:44 [INFO] [PROG] s*=0.00/3.24 (0.0%) dist_goal=3.19
22:37:44 [INFO] [MPC] state=(-1.85,+3.47,-0.06) wp0=(-1.77,+3.45) v=+0.200 ω=+0.395 ok=True iters=6
22:37:44 [INFO] [PROG] s*=0.00/3.24 (0.0%) dist_goal=3.17
22:37:44 [INFO] [MPC] state=(-1.84,+3.47,-0.10) wp0=(-1.77,+3.45) v=+0.200 ω=+0.543 ok=True iters=7
22:37:44 [INFO] [PROG] s*=0.02/3.24 (0.5%) dist_goal=3.16
22:37:44 [INFO] [MPC] state=(-1.82,+3.46,-0.10) wp0=(-1.75,+3.45) v=+0.200 ω=+0.515 ok=True iters=7
22:37:44 [INFO] [PROG] s*=0.04/3.24 (1.1%) dist_goal=3.14
22:37:44 [INFO] [MPC] state=(-1.80,+3.46,-0.06) wp0=(-1.73,+3.45) v=+0.200 ω=+0.315 ok=True iters=7
22:37:44 [INFO] [PROG] s*=0.05/3.24 (1.7%) dist_goal=3.12
22:37:44 [INFO] [MPC] state=(-1.78,+3.46,-0.05) wp0=(-1.72,+3.45) v=+0.200 ω=+0.226 ok=True iters=7
22:37:44 [INFO] [PROG] s*=0.07/3.24 (2.3%) dist_goal=3.10
22:37:44 [INFO] [MPC] state=(-1.77,+3.46,-0.03) wp0=(-1.70,+3.45) v=+0.200 ω=+0.154 ok=True iters=7
22:37:44 [INFO] [PROG] s*=0.09/3.24 (2.9%) dist_goal=3.08
22:37:44 [INFO] [MPC] state=(-1.75,+3.46,-0.02) wp0=(-1.68,+3.45) v=+0.200 ω=+0.072 ok=True iters=7
22:37:44 [INFO] [PROG] s*=0.12/3.24 (3.5%) dist_goal=3.06
22:37:44 [INFO] [MPC] state=(-1.73,+3.46,-0.01) wp0=(-1.65,+3.45) v=+0.200 ω=+0.041 ok=True iters=7
22:37:44 [INFO] [PROG] s*=0.14/3.24 (4.2%) dist_goal=3.04
22:37:44 [INFO] [MPC] state=(-1.70,+3.46,-0.01) wp0=(-1.63,+3.45) v=+0.200 ω=+0.020 ok=True iters=7
22:37:44 [INFO] [PROG] s*=0.16/3.24 (4.8%) dist_goal=3.02
22:37:44 [INFO] [MPC] state=(-1.68,+3.46,-0.00) wp0=(-1.61,+3.45) v=+0.200 ω=+0.007 ok=True iters=7
22:37:44 [INFO] [PROG] s*=0.18/3.24 (5.4%) dist_goal=3.00
22:37:44 [INFO] [MPC] state=(-1.66,+3.46,-0.00) wp0=(-1.59,+3.45) v=+0.200 ω=+0.000 ok=True iters=7
22:37:44 [INFO] [PROG] s*=0.20/3.24 (6.0%) dist_goal=2.98
22:37:44 [INFO] [MPC] state=(-1.64,+3.46,-0.00) wp0=(-1.57,+3.45) v=+0.200 ω=-0.026 ok=True iters=7
22:37:44 [INFO] [PROG] s*=0.22/3.24 (6.7%) dist_goal=2.96
22:37:44 [INFO] [MPC] state=(-1.62,+3.46,-0.01) wp0=(-1.55,+3.45) v=+0.200 ω=-0.017 ok=True iters=7
22:37:44 [INFO] [PROG] s*=0.24/3.24 (7.3%) dist_goal=2.93
22:37:44 [INFO] [MPC] state=(-1.60,+3.46,-0.01) wp0=(-1.53,+3.45) v=+0.200 ω=-0.010 ok=True iters=7
22:37:44 [INFO] [PROG] s*=0.26/3.24 (7.9%) dist_goal=2.91
22:37:44 [INFO] [MPC] state=(-1.58,+3.46,-0.01) wp0=(-1.51,+3.45) v=+0.200 ω=-0.006 ok=True iters=7
22:37:44 [INFO] [PROG] s*=0.28/3.24 (8.5%) dist_goal=2.89
22:37:44 [INFO] [MPC] state=(-1.56,+3.46,-0.01) wp0=(-1.49,+3.45) v=+0.200 ω=-0.004 ok=True iters=7
22:37:44 [INFO] [PROG] s*=0.30/3.24 (9.2%) dist_goal=2.87
22:37:44 [INFO] [MPC] state=(-1.54,+3.46,-0.01) wp0=(-1.47,+3.45) v=+0.200 ω=-0.001 ok=True iters=7
22:37:44 [INFO] [PROG] s*=0.32/3.24 (9.8%) dist_goal=2.85
22:37:44 [INFO] [MPC] state=(-1.52,+3.46,-0.01) wp0=(-1.45,+3.45) v=+0.200 ω=-0.001 ok=True iters=7
22:37:44 [INFO] [PROG] s*=0.34/3.24 (10.4%) dist_goal=2.83
22:37:44 [INFO] [MPC] state=(-1.50,+3.46,-0.01) wp0=(-1.43,+3.45) v=+0.200 ω=-0.002 ok=True iters=7
22:37:44 [INFO] [PROG] s*=0.36/3.24 (11.0%) dist_goal=2.81
22:37:44 [INFO] [MPC] state=(-1.48,+3.46,-0.01) wp0=(-1.41,+3.45) v=+0.200 ω=-0.002 ok=True iters=7
22:37:44 [INFO] [PROG] s*=0.38/3.24 (11.7%) dist_goal=2.79
22:37:44 [INFO] [MPC] state=(-1.46,+3.46,-0.01) wp0=(-1.39,+3.45) v=+0.200 ω=-0.006 ok=True iters=7
22:37:44 [INFO] [PROG] s*=0.40/3.24 (12.3%) dist_goal=2.77
22:37:44 [INFO] [MPC] state=(-1.44,+3.46,-0.01) wp0=(-1.37,+3.45) v=+0.200 ω=-0.004 ok=True iters=7
22:37:44 [INFO] [PROG] s*=0.42/3.24 (12.9%) dist_goal=2.75
22:37:44 [INFO] [MPC] state=(-1.42,+3.46,-0.01) wp0=(-1.35,+3.45) v=+0.200 ω=-0.003 ok=True iters=7
22:37:44 [INFO] [PROG] s*=0.44/3.24 (13.5%) dist_goal=2.73
22:37:44 [INFO] [MPC] state=(-1.40,+3.46,-0.01) wp0=(-1.33,+3.45) v=+0.200 ω=-0.002 ok=True iters=7
22:37:44 [INFO] [PROG] s*=0.46/3.24 (14.2%) dist_goal=2.71
22:37:44 [INFO] [MPC] state=(-1.38,+3.46,-0.01) wp0=(-1.31,+3.45) v=+0.200 ω=-0.001 ok=True iters=7
22:37:44 [INFO] [PROG] s*=0.48/3.24 (14.8%) dist_goal=2.69
22:37:44 [INFO] [MPC] state=(-1.36,+3.46,-0.01) wp0=(-1.29,+3.45) v=+0.200 ω=-0.001 ok=True iters=7
22:37:44 [INFO] [PROG] s*=0.50/3.24 (15.4%) dist_goal=2.67
22:37:44 [INFO] [MPC] state=(-1.34,+3.46,-0.01) wp0=(-1.27,+3.45) v=+0.200 ω=-0.001 ok=True iters=7
22:37:44 [INFO] [PROG] s*=0.52/3.24 (16.0%) dist_goal=2.65
22:37:44 [INFO] [MPC] state=(-1.32,+3.46,-0.01) wp0=(-1.25,+3.45) v=+0.200 ω=-0.001 ok=True iters=7
22:37:44 [INFO] [PROG] s*=0.54/3.24 (16.7%) dist_goal=2.63
22:37:44 [INFO] [MPC] state=(-1.30,+3.46,-0.01) wp0=(-1.23,+3.45) v=+0.200 ω=-0.001 ok=True iters=7
22:37:44 [INFO] [PROG] s*=0.56/3.24 (17.3%) dist_goal=2.61
22:37:44 [INFO] [MPC] state=(-1.28,+3.46,-0.01) wp0=(-1.21,+3.45) v=+0.200 ω=-0.001 ok=True iters=7
22:37:44 [INFO] [PROG] s*=0.58/3.24 (17.9%) dist_goal=2.59
22:37:44 [INFO] [MPC] state=(-1.26,+3.46,-0.01) wp0=(-1.19,+3.45) v=+0.200 ω=-0.001 ok=True iters=7
22:37:44 [INFO] [PROG] s*=0.60/3.24 (18.5%) dist_goal=2.57
22:37:44 [INFO] [MPC] state=(-1.24,+3.46,-0.01) wp0=(-1.17,+3.45) v=+0.200 ω=-0.002 ok=True iters=7
22:37:44 [INFO] [PROG] s*=0.62/3.24 (19.2%) dist_goal=2.55
22:37:44 [INFO] [MPC] state=(-1.22,+3.46,-0.01) wp0=(-1.15,+3.45) v=+0.200 ω=-0.002 ok=True iters=7
22:37:44 [INFO] [PROG] s*=0.64/3.24 (19.8%) dist_goal=2.53
22:37:44 [INFO] [MPC] state=(-1.20,+3.46,-0.01) wp0=(-1.13,+3.45) v=+0.200 ω=-0.003 ok=True iters=7
22:37:44 [INFO] [PROG] s*=0.66/3.24 (20.4%) dist_goal=2.51
22:37:44 [INFO] [MPC] state=(-1.18,+3.46,-0.01) wp0=(-1.11,+3.45) v=+0.200 ω=-0.003 ok=True iters=7
22:37:44 [INFO] [PROG] s*=0.68/3.24 (21.0%) dist_goal=2.49
22:37:44 [INFO] [MPC] state=(-1.16,+3.46,-0.01) wp0=(-1.09,+3.45) v=+0.200 ω=-0.002 ok=True iters=7
22:37:44 [INFO] [PROG] s*=0.70/3.24 (21.7%) dist_goal=2.47
22:37:44 [INFO] [MPC] state=(-1.14,+3.46,-0.01) wp0=(-1.07,+3.45) v=+0.200 ω=-0.005 ok=True iters=7
22:37:44 [INFO] [PROG] s*=0.72/3.24 (22.3%) dist_goal=2.45
22:37:44 [INFO] [MPC] state=(-1.12,+3.46,-0.01) wp0=(-1.05,+3.45) v=+0.200 ω=-0.004 ok=True iters=7
22:37:44 [INFO] [PROG] s*=0.74/3.24 (22.9%) dist_goal=2.43
22:37:44 [INFO] [MPC] state=(-1.10,+3.46,-0.01) wp0=(-1.03,+3.45) v=+0.200 ω=-0.003 ok=True iters=7
22:37:44 [INFO] [PROG] s*=0.76/3.24 (23.5%) dist_goal=2.41
22:37:44 [INFO] [MPC] state=(-1.08,+3.46,-0.01) wp0=(-1.01,+3.45) v=+0.200 ω=-0.002 ok=True iters=7
22:37:44 [INFO] [PROG] s*=0.78/3.24 (24.2%) dist_goal=2.39
22:37:44 [INFO] [MPC] state=(-1.06,+3.46,-0.01) wp0=(-0.99,+3.45) v=+0.200 ω=-0.002 ok=True iters=7
22:37:44 [INFO] [PROG] s*=0.80/3.24 (24.8%) dist_goal=2.37
22:37:44 [INFO] [MPC] state=(-1.04,+3.46,-0.01) wp0=(-0.97,+3.45) v=+0.200 ω=-0.002 ok=True iters=7
22:37:44 [INFO] [PROG] s*=0.82/3.24 (25.4%) dist_goal=2.35
22:37:44 [INFO] [MPC] state=(-1.02,+3.46,-0.01) wp0=(-0.95,+3.45) v=+0.200 ω=-0.002 ok=True iters=7
22:37:44 [INFO] [PROG] s*=0.84/3.24 (26.0%) dist_goal=2.33
22:37:44 [INFO] [MPC] state=(-1.00,+3.46,-0.01) wp0=(-0.93,+3.45) v=+0.200 ω=-0.002 ok=True iters=7
22:37:44 [INFO] [PROG] s*=0.86/3.24 (26.7%) dist_goal=2.31
22:37:44 [INFO] [MPC] state=(-0.98,+3.45,-0.01) wp0=(-0.91,+3.45) v=+0.200 ω=-0.002 ok=True iters=7
22:37:44 [INFO] [PROG] s*=0.88/3.24 (27.3%) dist_goal=2.29
22:37:44 [INFO] [MPC] state=(-0.96,+3.45,-0.01) wp0=(-0.89,+3.45) v=+0.200 ω=-0.002 ok=True iters=7
22:37:44 [INFO] [PROG] s*=0.90/3.24 (27.9%) dist_goal=2.27
22:37:44 [INFO] [MPC] state=(-0.94,+3.45,-0.01) wp0=(-0.87,+3.45) v=+0.200 ω=-0.002 ok=True iters=7
22:37:44 [INFO] [PROG] s*=0.93/3.24 (28.5%) dist_goal=2.25
22:37:44 [INFO] [MPC] state=(-0.92,+3.45,-0.01) wp0=(-0.84,+3.45) v=+0.200 ω=-0.002 ok=True iters=7
22:37:44 [INFO] [PROG] s*=0.95/3.24 (29.2%) dist_goal=2.23
22:37:44 [INFO] [MPC] state=(-0.89,+3.45,-0.01) wp0=(-0.82,+3.45) v=+0.200 ω=-0.002 ok=True iters=7
22:37:44 [INFO] [PROG] s*=0.97/3.24 (29.8%) dist_goal=2.21
22:37:44 [INFO] [MPC] state=(-0.87,+3.45,-0.01) wp0=(-0.80,+3.45) v=+0.200 ω=-0.002 ok=True iters=7
22:37:44 [INFO] [PROG] s*=0.99/3.24 (30.4%) dist_goal=2.19
22:37:44 [INFO] [MPC] state=(-0.85,+3.45,-0.00) wp0=(-0.78,+3.45) v=+0.200 ω=-0.002 ok=True iters=7
22:37:44 [INFO] [PROG] s*=1.01/3.24 (31.0%) dist_goal=2.17
22:37:44 [INFO] [MPC] state=(-0.83,+3.45,-0.00) wp0=(-0.76,+3.45) v=+0.200 ω=-0.002 ok=True iters=7
22:37:44 [INFO] [PROG] s*=1.03/3.24 (31.7%) dist_goal=2.15
22:37:44 [INFO] [MPC] state=(-0.81,+3.45,-0.00) wp0=(-0.74,+3.45) v=+0.200 ω=-0.002 ok=True iters=7
22:37:44 [INFO] [PROG] s*=1.05/3.24 (32.3%) dist_goal=2.13
22:37:44 [INFO] [MPC] state=(-0.79,+3.45,-0.00) wp0=(-0.72,+3.45) v=+0.200 ω=-0.002 ok=True iters=7
22:37:44 [INFO] [PROG] s*=1.07/3.24 (32.9%) dist_goal=2.10
22:37:44 [INFO] [MPC] state=(-0.77,+3.45,-0.00) wp0=(-0.70,+3.45) v=+0.200 ω=-0.004 ok=True iters=7
22:37:44 [INFO] [PROG] s*=1.09/3.24 (33.5%) dist_goal=2.08
22:37:44 [INFO] [MPC] state=(-0.75,+3.45,-0.00) wp0=(-0.68,+3.45) v=+0.200 ω=-0.003 ok=True iters=7
22:37:44 [INFO] [PROG] s*=1.11/3.24 (34.2%) dist_goal=2.06
22:37:44 [INFO] [MPC] state=(-0.73,+3.45,-0.00) wp0=(-0.66,+3.45) v=+0.200 ω=-0.003 ok=True iters=7
22:37:44 [INFO] [PROG] s*=1.13/3.24 (34.8%) dist_goal=2.04
22:37:44 [INFO] [MPC] state=(-0.71,+3.45,-0.00) wp0=(-0.64,+3.45) v=+0.200 ω=-0.002 ok=True iters=7
22:37:44 [INFO] [PROG] s*=1.15/3.24 (35.4%) dist_goal=2.02
22:37:44 [INFO] [MPC] state=(-0.69,+3.45,-0.00) wp0=(-0.62,+3.45) v=+0.200 ω=-0.002 ok=True iters=7
22:37:44 [INFO] [PROG] s*=1.17/3.24 (36.1%) dist_goal=2.00
22:37:44 [INFO] [MPC] state=(-0.67,+3.45,-0.00) wp0=(-0.60,+3.45) v=+0.200 ω=-0.002 ok=True iters=7
22:37:44 [INFO] [PROG] s*=1.19/3.24 (36.7%) dist_goal=1.98
22:37:44 [INFO] [MPC] state=(-0.65,+3.45,-0.00) wp0=(-0.58,+3.45) v=+0.200 ω=-0.002 ok=True iters=7
22:37:44 [INFO] [PROG] s*=1.21/3.24 (37.3%) dist_goal=1.96
22:37:44 [INFO] [MPC] state=(-0.63,+3.45,-0.00) wp0=(-0.56,+3.45) v=+0.200 ω=-0.002 ok=True iters=7
22:37:44 [INFO] [PROG] s*=1.23/3.24 (37.9%) dist_goal=1.94
22:37:44 [INFO] [MPC] state=(-0.61,+3.45,-0.00) wp0=(-0.54,+3.45) v=+0.200 ω=-0.002 ok=True iters=7
22:37:44 [INFO] [PROG] s*=1.25/3.24 (38.6%) dist_goal=1.92
22:37:44 [INFO] [MPC] state=(-0.59,+3.45,-0.00) wp0=(-0.52,+3.45) v=+0.200 ω=-0.002 ok=True iters=7
22:37:44 [INFO] [PROG] s*=1.27/3.24 (39.2%) dist_goal=1.90
22:37:44 [INFO] [MPC] state=(-0.57,+3.45,-0.00) wp0=(-0.50,+3.45) v=+0.200 ω=-0.002 ok=True iters=7
22:37:44 [INFO] [PROG] s*=1.29/3.24 (39.8%) dist_goal=1.88
22:37:44 [INFO] [MPC] state=(-0.55,+3.45,-0.00) wp0=(-0.48,+3.45) v=+0.200 ω=-0.002 ok=True iters=7
22:37:44 [INFO] [PROG] s*=1.31/3.24 (40.4%) dist_goal=1.86
22:37:44 [INFO] [MPC] state=(-0.53,+3.45,-0.00) wp0=(-0.46,+3.45) v=+0.200 ω=-0.002 ok=True iters=7
22:37:44 [INFO] [PROG] s*=1.33/3.24 (41.1%) dist_goal=1.84
22:37:44 [INFO] [MPC] state=(-0.51,+3.45,-0.00) wp0=(-0.44,+3.45) v=+0.200 ω=-0.002 ok=True iters=7
22:37:44 [INFO] [PROG] s*=1.35/3.24 (41.7%) dist_goal=1.82
22:37:44 [INFO] [MPC] state=(-0.49,+3.45,-0.00) wp0=(-0.42,+3.45) v=+0.200 ω=-0.002 ok=True iters=7
22:37:44 [INFO] [PROG] s*=1.37/3.24 (42.3%) dist_goal=1.80
22:37:44 [INFO] [MPC] state=(-0.47,+3.45,-0.00) wp0=(-0.40,+3.45) v=+0.200 ω=-0.002 ok=True iters=7
22:37:44 [INFO] [PROG] s*=1.39/3.24 (42.9%) dist_goal=1.78
22:37:44 [INFO] [MPC] state=(-0.45,+3.45,-0.00) wp0=(-0.38,+3.45) v=+0.200 ω=-0.002 ok=True iters=7
22:37:44 [INFO] [PROG] s*=1.41/3.24 (43.6%) dist_goal=1.76
22:37:44 [INFO] [MPC] state=(-0.43,+3.45,-0.00) wp0=(-0.36,+3.45) v=+0.200 ω=-0.002 ok=True iters=7
22:37:44 [INFO] [PROG] s*=1.43/3.24 (44.2%) dist_goal=1.74
22:37:44 [INFO] [MPC] state=(-0.41,+3.45,-0.00) wp0=(-0.34,+3.45) v=+0.200 ω=-0.002 ok=True iters=7
22:37:44 [INFO] [PROG] s*=1.45/3.24 (44.8%) dist_goal=1.72
22:37:44 [INFO] [MPC] state=(-0.39,+3.45,-0.00) wp0=(-0.32,+3.45) v=+0.200 ω=-0.002 ok=True iters=7
22:37:44 [INFO] [PROG] s*=1.47/3.24 (45.4%) dist_goal=1.70
22:37:44 [INFO] [MPC] state=(-0.37,+3.45,-0.00) wp0=(-0.30,+3.45) v=+0.200 ω=-0.002 ok=True iters=7
22:37:44 [INFO] [PROG] s*=1.49/3.24 (46.1%) dist_goal=1.68
22:37:44 [INFO] [MPC] state=(-0.35,+3.45,-0.00) wp0=(-0.28,+3.45) v=+0.200 ω=-0.002 ok=True iters=7
22:37:44 [INFO] [PROG] s*=1.51/3.24 (46.7%) dist_goal=1.66
22:37:44 [INFO] [MPC] state=(-0.33,+3.45,-0.00) wp0=(-0.26,+3.45) v=+0.200 ω=-0.002 ok=True iters=7
22:37:44 [INFO] [PROG] s*=1.53/3.24 (47.3%) dist_goal=1.64
22:37:44 [INFO] [MPC] state=(-0.31,+3.45,-0.00) wp0=(-0.24,+3.45) v=+0.200 ω=-0.002 ok=True iters=7
22:37:44 [INFO] [PROG] s*=1.55/3.24 (47.9%) dist_goal=1.62
22:37:44 [INFO] [MPC] state=(-0.29,+3.45,-0.00) wp0=(-0.22,+3.45) v=+0.200 ω=-0.004 ok=True iters=7
22:37:44 [INFO] [PROG] s*=1.57/3.24 (48.6%) dist_goal=1.60
22:37:44 [INFO] [MPC] state=(-0.27,+3.45,-0.00) wp0=(-0.20,+3.45) v=+0.200 ω=-0.003 ok=True iters=7
22:37:44 [INFO] [PROG] s*=1.59/3.24 (49.2%) dist_goal=1.58
22:37:44 [INFO] [MPC] state=(-0.25,+3.45,-0.00) wp0=(-0.18,+3.45) v=+0.200 ω=-0.003 ok=True iters=7
22:37:44 [INFO] [PROG] s*=1.61/3.24 (49.8%) dist_goal=1.56
22:37:44 [INFO] [MPC] state=(-0.23,+3.45,-0.00) wp0=(-0.16,+3.45) v=+0.200 ω=-0.003 ok=True iters=7
22:37:44 [INFO] [PROG] s*=1.64/3.24 (50.4%) dist_goal=1.54
22:37:44 [INFO] [MPC] state=(-0.21,+3.45,-0.00) wp0=(-0.13,+3.45) v=+0.200 ω=-0.003 ok=True iters=7
22:37:44 [INFO] [PROG] s*=1.66/3.24 (51.1%) dist_goal=1.52
22:37:44 [INFO] [MPC] state=(-0.18,+3.45,-0.00) wp0=(-0.11,+3.45) v=+0.200 ω=-0.003 ok=True iters=7
22:37:44 [INFO] [PROG] s*=1.68/3.24 (51.7%) dist_goal=1.50
22:37:44 [INFO] [MPC] state=(-0.16,+3.45,-0.00) wp0=(-0.09,+3.45) v=+0.200 ω=-0.003 ok=True iters=7
22:37:44 [INFO] [PROG] s*=1.70/3.24 (52.3%) dist_goal=1.48
22:37:44 [INFO] [MPC] state=(-0.14,+3.45,-0.00) wp0=(-0.07,+3.45) v=+0.200 ω=-0.003 ok=True iters=7
22:37:44 [INFO] [PROG] s*=1.72/3.24 (52.9%) dist_goal=1.46
22:37:44 [INFO] [MPC] state=(-0.12,+3.45,-0.00) wp0=(-0.05,+3.45) v=+0.200 ω=-0.003 ok=True iters=7
22:37:44 [INFO] [PROG] s*=1.74/3.24 (53.6%) dist_goal=1.44
22:37:44 [INFO] [MPC] state=(-0.10,+3.45,-0.00) wp0=(-0.03,+3.45) v=+0.200 ω=-0.003 ok=True iters=7
22:37:44 [INFO] [PROG] s*=1.76/3.24 (54.2%) dist_goal=1.42
22:37:44 [INFO] [MPC] state=(-0.08,+3.45,-0.00) wp0=(-0.01,+3.45) v=+0.200 ω=-0.003 ok=True iters=7
22:37:44 [INFO] [PROG] s*=1.78/3.24 (54.8%) dist_goal=1.40
22:37:44 [INFO] [MPC] state=(-0.06,+3.45,-0.00) wp0=(+0.01,+3.45) v=+0.200 ω=-0.003 ok=True iters=7
22:37:44 [INFO] [PROG] s*=1.80/3.24 (55.4%) dist_goal=1.38
22:37:44 [INFO] [MPC] state=(-0.04,+3.45,-0.00) wp0=(+0.03,+3.45) v=+0.200 ω=-0.003 ok=True iters=7
22:37:44 [INFO] [PROG] s*=1.82/3.24 (56.1%) dist_goal=1.36
22:37:44 [INFO] [MPC] state=(-0.02,+3.45,-0.00) wp0=(+0.05,+3.45) v=+0.200 ω=-0.003 ok=True iters=7
22:37:44 [INFO] [PROG] s*=1.84/3.24 (56.7%) dist_goal=1.34
22:37:44 [INFO] [MPC] state=(-0.00,+3.45,-0.00) wp0=(+0.07,+3.45) v=+0.200 ω=-0.003 ok=True iters=7
22:37:44 [INFO] [PROG] s*=1.86/3.24 (57.3%) dist_goal=1.32
22:37:44 [INFO] [MPC] state=(+0.02,+3.45,-0.00) wp0=(+0.09,+3.45) v=+0.200 ω=-0.003 ok=True iters=7
22:37:44 [INFO] [PROG] s*=1.88/3.24 (57.9%) dist_goal=1.30
22:37:44 [INFO] [MPC] state=(+0.04,+3.45,-0.00) wp0=(+0.11,+3.45) v=+0.200 ω=-0.003 ok=True iters=7
22:37:44 [INFO] [PROG] s*=1.90/3.24 (58.6%) dist_goal=1.28
22:37:44 [INFO] [MPC] state=(+0.06,+3.45,-0.00) wp0=(+0.13,+3.45) v=+0.200 ω=-0.003 ok=True iters=7
22:37:44 [INFO] [PROG] s*=1.92/3.24 (59.2%) dist_goal=1.25
22:37:44 [INFO] [MPC] state=(+0.08,+3.45,-0.00) wp0=(+0.15,+3.45) v=+0.200 ω=-0.003 ok=True iters=7
22:37:44 [INFO] [PROG] s*=1.94/3.24 (59.8%) dist_goal=1.23
22:37:44 [INFO] [MPC] state=(+0.10,+3.45,-0.00) wp0=(+0.17,+3.45) v=+0.200 ω=-0.003 ok=True iters=7
22:37:44 [INFO] [PROG] s*=1.96/3.24 (60.5%) dist_goal=1.21
22:37:44 [INFO] [MPC] state=(+0.12,+3.45,-0.00) wp0=(+0.19,+3.45) v=+0.200 ω=-0.003 ok=True iters=7
22:37:44 [INFO] [PROG] s*=1.98/3.24 (61.1%) dist_goal=1.19
22:37:44 [INFO] [MPC] state=(+0.14,+3.45,-0.00) wp0=(+0.21,+3.45) v=+0.200 ω=-0.003 ok=True iters=7
22:37:44 [INFO] [PROG] s*=2.00/3.24 (61.7%) dist_goal=1.17
22:37:44 [INFO] [MPC] state=(+0.16,+3.45,-0.00) wp0=(+0.23,+3.45) v=+0.200 ω=-0.003 ok=True iters=7
22:37:44 [INFO] [PROG] s*=2.02/3.24 (62.3%) dist_goal=1.15
22:37:44 [INFO] [MPC] state=(+0.18,+3.45,-0.00) wp0=(+0.25,+3.45) v=+0.200 ω=-0.004 ok=True iters=7
22:37:44 [INFO] [PROG] s*=2.04/3.24 (63.0%) dist_goal=1.13
22:37:44 [INFO] [MPC] state=(+0.20,+3.45,-0.00) wp0=(+0.27,+3.45) v=+0.200 ω=-0.004 ok=True iters=7
22:37:44 [INFO] [PROG] s*=2.06/3.24 (63.6%) dist_goal=1.11
22:37:44 [INFO] [MPC] state=(+0.22,+3.45,-0.00) wp0=(+0.29,+3.45) v=+0.200 ω=-0.003 ok=True iters=7
22:37:44 [INFO] [PROG] s*=2.08/3.24 (64.2%) dist_goal=1.09
22:37:44 [INFO] [MPC] state=(+0.24,+3.45,-0.00) wp0=(+0.31,+3.45) v=+0.200 ω=-0.003 ok=True iters=7
22:37:44 [INFO] [PROG] s*=2.10/3.24 (64.8%) dist_goal=1.07
22:37:44 [INFO] [MPC] state=(+0.26,+3.45,-0.00) wp0=(+0.33,+3.45) v=+0.200 ω=-0.002 ok=True iters=7
22:37:44 [INFO] [PROG] s*=2.12/3.24 (65.5%) dist_goal=1.05
22:37:44 [INFO] [MPC] state=(+0.28,+3.45,-0.00) wp0=(+0.35,+3.45) v=+0.200 ω=-0.003 ok=True iters=7
22:37:44 [INFO] [PROG] s*=2.14/3.24 (66.1%) dist_goal=1.03
22:37:44 [INFO] [MPC] state=(+0.30,+3.45,-0.00) wp0=(+0.37,+3.45) v=+0.200 ω=-0.003 ok=True iters=7
22:37:44 [INFO] [PROG] s*=2.16/3.24 (66.7%) dist_goal=1.01
22:37:44 [INFO] [MPC] state=(+0.32,+3.45,-0.00) wp0=(+0.39,+3.45) v=+0.200 ω=-0.003 ok=True iters=7
22:37:44 [INFO] [PROG] s*=2.18/3.24 (67.3%) dist_goal=0.99
22:37:44 [INFO] [MPC] state=(+0.34,+3.45,-0.00) wp0=(+0.41,+3.45) v=+0.200 ω=-0.003 ok=True iters=7
22:37:44 [INFO] [PROG] s*=2.20/3.24 (68.0%) dist_goal=0.97
22:37:44 [INFO] [MPC] state=(+0.36,+3.45,-0.00) wp0=(+0.43,+3.45) v=+0.200 ω=-0.003 ok=True iters=7
22:37:44 [INFO] [PROG] s*=2.22/3.24 (68.6%) dist_goal=0.95
22:37:44 [INFO] [MPC] state=(+0.38,+3.45,-0.00) wp0=(+0.45,+3.45) v=+0.200 ω=-0.003 ok=True iters=7
22:37:44 [INFO] [PROG] s*=2.24/3.24 (69.2%) dist_goal=0.93
22:37:44 [INFO] [MPC] state=(+0.40,+3.45,-0.00) wp0=(+0.47,+3.45) v=+0.200 ω=-0.003 ok=True iters=7
22:37:44 [INFO] [PROG] s*=2.26/3.24 (69.8%) dist_goal=0.91
22:37:44 [INFO] [MPC] state=(+0.42,+3.45,-0.00) wp0=(+0.49,+3.45) v=+0.200 ω=-0.002 ok=True iters=7
22:37:44 [INFO] [PROG] s*=2.28/3.24 (70.5%) dist_goal=0.89
22:37:44 [INFO] [MPC] state=(+0.44,+3.45,-0.00) wp0=(+0.51,+3.45) v=+0.200 ω=-0.002 ok=True iters=7
22:37:44 [INFO] [PROG] s*=2.30/3.24 (71.1%) dist_goal=0.87
22:37:44 [INFO] [MPC] state=(+0.46,+3.45,-0.00) wp0=(+0.53,+3.45) v=+0.200 ω=-0.002 ok=True iters=7
22:37:44 [INFO] [PROG] s*=2.32/3.24 (71.7%) dist_goal=0.85
22:37:44 [INFO] [MPC] state=(+0.48,+3.45,-0.00) wp0=(+0.55,+3.45) v=+0.200 ω=-0.002 ok=True iters=7
22:37:44 [INFO] [PROG] s*=2.34/3.24 (72.3%) dist_goal=0.83
22:37:44 [INFO] [MPC] state=(+0.50,+3.45,-0.00) wp0=(+0.57,+3.45) v=+0.200 ω=-0.002 ok=True iters=7
22:37:44 [INFO] [PROG] s*=2.37/3.24 (73.0%) dist_goal=0.81
22:37:44 [INFO] [MPC] state=(+0.52,+3.45,-0.00) wp0=(+0.60,+3.45) v=+0.200 ω=-0.002 ok=True iters=7
22:37:44 [INFO] [PROG] s*=2.39/3.24 (73.6%) dist_goal=0.79
22:37:44 [INFO] [MPC] state=(+0.55,+3.45,-0.00) wp0=(+0.62,+3.45) v=+0.200 ω=-0.002 ok=True iters=7
22:37:44 [INFO] [PROG] s*=2.41/3.24 (74.2%) dist_goal=0.77
22:37:44 [INFO] [MPC] state=(+0.57,+3.45,-0.00) wp0=(+0.64,+3.45) v=+0.198 ω=-0.002 ok=True iters=7
22:37:44 [INFO] [PROG] s*=2.43/3.24 (74.8%) dist_goal=0.75
22:37:44 [INFO] [MPC] state=(+0.59,+3.45,-0.00) wp0=(+0.66,+3.45) v=+0.193 ω=-0.002 ok=True iters=7
22:37:44 [INFO] [PROG] s*=2.44/3.24 (75.4%) dist_goal=0.73
22:37:44 [INFO] [MPC] state=(+0.61,+3.45,-0.00) wp0=(+0.67,+3.45) v=+0.188 ω=-0.002 ok=True iters=7
22:37:44 [INFO] [PROG] s*=2.46/3.24 (76.0%) dist_goal=0.71
22:37:44 [INFO] [MPC] state=(+0.62,+3.45,-0.00) wp0=(+0.69,+3.45) v=+0.183 ω=-0.002 ok=True iters=7
22:37:44 [INFO] [PROG] s*=2.48/3.24 (76.5%) dist_goal=0.70
22:37:44 [INFO] [MPC] state=(+0.64,+3.45,-0.00) wp0=(+0.71,+3.45) v=+0.179 ω=-0.002 ok=True iters=7
22:37:44 [INFO] [PROG] s*=2.50/3.24 (77.1%) dist_goal=0.68
22:37:44 [INFO] [MPC] state=(+0.66,+3.45,-0.00) wp0=(+0.73,+3.45) v=+0.174 ω=-0.002 ok=True iters=7
22:37:44 [INFO] [PROG] s*=2.52/3.24 (77.6%) dist_goal=0.66
22:37:44 [INFO] [MPC] state=(+0.68,+3.45,-0.00) wp0=(+0.75,+3.45) v=+0.170 ω=-0.002 ok=True iters=8
22:37:44 [INFO] [PROG] s*=2.53/3.24 (78.1%) dist_goal=0.65
22:37:44 [INFO] [MPC] state=(+0.70,+3.45,-0.00) wp0=(+0.76,+3.45) v=+0.165 ω=-0.002 ok=True iters=8
22:37:44 [INFO] [PROG] s*=2.55/3.24 (78.6%) dist_goal=0.63
22:37:44 [INFO] [MPC] state=(+0.71,+3.45,-0.00) wp0=(+0.78,+3.45) v=+0.161 ω=-0.002 ok=True iters=8
22:37:44 [INFO] [PROG] s*=2.56/3.24 (79.1%) dist_goal=0.61
22:37:44 [INFO] [MPC] state=(+0.73,+3.45,-0.00) wp0=(+0.79,+3.45) v=+0.157 ω=-0.003 ok=True iters=8
22:37:44 [INFO] [PROG] s*=2.58/3.24 (79.6%) dist_goal=0.60
22:37:44 [INFO] [MPC] state=(+0.74,+3.45,-0.00) wp0=(+0.81,+3.45) v=+0.153 ω=-0.003 ok=True iters=8
22:37:44 [INFO] [PROG] s*=2.60/3.24 (80.1%) dist_goal=0.58
22:37:44 [INFO] [MPC] state=(+0.76,+3.45,-0.00) wp0=(+0.83,+3.45) v=+0.150 ω=-0.002 ok=True iters=8
22:37:44 [INFO] [PROG] s*=2.61/3.24 (80.5%) dist_goal=0.57
22:37:44 [INFO] [MPC] state=(+0.78,+3.45,-0.00) wp0=(+0.84,+3.45) v=+0.146 ω=-0.003 ok=True iters=8
22:37:44 [INFO] [PROG] s*=2.62/3.24 (81.0%) dist_goal=0.55
22:37:44 [INFO] [MPC] state=(+0.79,+3.45,-0.00) wp0=(+0.85,+3.45) v=+0.142 ω=-0.003 ok=True iters=8
22:37:44 [INFO] [PROG] s*=2.64/3.24 (81.4%) dist_goal=0.54
22:37:44 [INFO] [MPC] state=(+0.80,+3.45,-0.00) wp0=(+0.87,+3.45) v=+0.139 ω=-0.001 ok=True iters=8
22:37:44 [INFO] [PROG] s*=2.65/3.24 (81.8%) dist_goal=0.53
22:37:44 [INFO] [MPC] state=(+0.82,+3.45,-0.00) wp0=(+0.88,+3.45) v=+0.135 ω=+0.005 ok=True iters=8
22:37:44 [INFO] [PROG] s*=2.67/3.24 (82.2%) dist_goal=0.51
22:37:44 [INFO] [MPC] state=(+0.83,+3.45,+0.00) wp0=(+0.90,+3.45) v=+0.132 ω=+0.008 ok=True iters=7
22:37:44 [INFO] [PROG] s*=2.68/3.24 (82.6%) dist_goal=0.50
22:37:44 [INFO] [MPC] state=(+0.85,+3.45,+0.00) wp0=(+0.91,+3.45) v=+0.129 ω=+0.010 ok=True iters=7
22:37:44 [INFO] [PROG] s*=2.69/3.24 (83.0%) dist_goal=0.49
22:37:44 [INFO] [MPC] state=(+0.86,+3.45,+0.00) wp0=(+0.92,+3.45) v=+0.125 ω=+0.014 ok=True iters=7
22:37:44 [INFO] [PROG] s*=2.70/3.24 (83.4%) dist_goal=0.48
22:37:44 [INFO] [MPC] state=(+0.87,+3.45,+0.00) wp0=(+0.93,+3.45) v=+0.122 ω=+0.016 ok=True iters=7
22:37:44 [INFO] [PROG] s*=2.72/3.24 (83.8%) dist_goal=0.47
22:37:44 [INFO] [MPC] state=(+0.88,+3.45,+0.01) wp0=(+0.95,+3.45) v=+0.119 ω=+0.016 ok=True iters=7
22:37:45 [INFO] [PROG] s*=2.73/3.24 (84.1%) dist_goal=0.45
22:37:45 [INFO] [MPC] state=(+0.90,+3.45,+0.01) wp0=(+0.96,+3.45) v=+0.116 ω=+0.018 ok=True iters=7
22:37:45 [INFO] [PROG] s*=2.74/3.24 (84.5%) dist_goal=0.44
22:37:45 [INFO] [MPC] state=(+0.91,+3.45,+0.01) wp0=(+0.97,+3.45) v=+0.114 ω=+0.020 ok=True iters=7
22:37:45 [INFO] [PROG] s*=2.75/3.24 (84.8%) dist_goal=0.43
22:37:45 [INFO] [MPC] state=(+0.92,+3.45,+0.01) wp0=(+0.98,+3.45) v=+0.111 ω=+0.020 ok=True iters=7
22:37:45 [INFO] [PROG] s*=2.76/3.24 (85.2%) dist_goal=0.42
22:37:45 [INFO] [MPC] state=(+0.93,+3.45,+0.01) wp0=(+0.99,+3.45) v=+0.108 ω=+0.020 ok=True iters=7
22:37:45 [INFO] [PROG] s*=2.77/3.24 (85.5%) dist_goal=0.41
22:37:45 [INFO] [MPC] state=(+0.94,+3.45,+0.02) wp0=(+1.00,+3.45) v=+0.105 ω=+0.021 ok=True iters=7
22:37:45 [INFO] [PROG] s*=2.78/3.24 (85.8%) dist_goal=0.40
22:37:45 [INFO] [MPC] state=(+0.95,+3.45,+0.02) wp0=(+1.01,+3.45) v=+0.103 ω=+0.013 ok=True iters=7
22:37:45 [INFO] [PROG] s*=2.79/3.24 (86.1%) dist_goal=0.39
22:37:45 [INFO] [MPC] state=(+0.96,+3.45,+0.02) wp0=(+1.02,+3.45) v=+0.100 ω=+0.008 ok=True iters=7
22:37:45 [INFO] [PROG] s*=2.80/3.24 (86.4%) dist_goal=0.38
22:37:45 [INFO] [MPC] state=(+0.97,+3.45,+0.02) wp0=(+1.03,+3.45) v=+0.098 ω=+0.004 ok=True iters=7
22:37:45 [INFO] [PROG] s*=2.81/3.24 (86.7%) dist_goal=0.37
22:37:45 [INFO] [MPC] state=(+0.98,+3.45,+0.02) wp0=(+1.04,+3.45) v=+0.095 ω=+0.001 ok=True iters=7
22:37:45 [INFO] [PROG] s*=2.82/3.24 (87.0%) dist_goal=0.36
22:37:45 [INFO] [MPC] state=(+0.99,+3.45,+0.02) wp0=(+1.05,+3.45) v=+0.093 ω=-0.001 ok=True iters=7
22:37:45 [INFO] [PROG] s*=2.83/3.24 (87.3%) dist_goal=0.35
22:37:45 [INFO] [MPC] state=(+1.00,+3.45,+0.02) wp0=(+1.06,+3.45) v=+0.091 ω=-0.002 ok=True iters=7
22:37:45 [INFO] [PROG] s*=2.84/3.24 (87.6%) dist_goal=0.35
22:37:45 [INFO] [MPC] state=(+1.01,+3.45,+0.02) wp0=(+1.07,+3.45) v=+0.089 ω=-0.002 ok=True iters=7
22:37:45 [INFO] [PROG] s*=2.85/3.24 (87.8%) dist_goal=0.34
22:37:45 [INFO] [MPC] state=(+1.02,+3.45,+0.02) wp0=(+1.08,+3.45) v=+0.087 ω=-0.003 ok=True iters=7
22:37:45 [INFO] [PROG] s*=2.86/3.24 (88.1%) dist_goal=0.33
22:37:45 [INFO] [MPC] state=(+1.03,+3.45,+0.02) wp0=(+1.09,+3.45) v=+0.084 ω=-0.003 ok=True iters=7
22:37:45 [INFO] [PROG] s*=2.86/3.24 (88.3%) dist_goal=0.32
22:37:45 [INFO] [MPC] state=(+1.04,+3.45,+0.02) wp0=(+1.09,+3.45) v=+0.082 ω=-0.003 ok=True iters=7
22:37:45 [INFO] [PROG] s*=2.87/3.24 (88.6%) dist_goal=0.31
22:37:45 [INFO] [MPC] state=(+1.04,+3.45,+0.02) wp0=(+1.10,+3.45) v=+0.080 ω=-0.003 ok=True iters=7
22:37:45 [INFO] [PROG] s*=2.88/3.24 (88.8%) dist_goal=0.31
22:37:45 [INFO] [MPC] state=(+1.05,+3.45,+0.02) wp0=(+1.11,+3.45) v=+0.078 ω=-0.003 ok=True iters=7
22:37:45 [INFO] [PROG] s*=2.89/3.24 (89.1%) dist_goal=0.30
22:37:45 [INFO] [MPC] state=(+1.06,+3.45,+0.02) wp0=(+1.12,+3.45) v=+0.077 ω=-0.003 ok=True iters=7
22:37:45 [INFO] [PROG] s*=2.89/3.24 (89.3%) dist_goal=0.29
22:37:45 [INFO] [MPC] state=(+1.07,+3.45,+0.02) wp0=(+1.12,+3.45) v=+0.075 ω=-0.003 ok=True iters=7
22:37:45 [INFO] [PROG] s*=2.90/3.24 (89.5%) dist_goal=0.29
22:37:45 [INFO] [MPC] state=(+1.07,+3.45,+0.02) wp0=(+1.13,+3.45) v=+0.073 ω=-0.003 ok=True iters=7
22:37:45 [INFO] [PROG] s*=2.91/3.24 (89.7%) dist_goal=0.28
22:37:45 [INFO] [MPC] state=(+1.08,+3.45,+0.02) wp0=(+1.14,+3.45) v=+0.071 ω=-0.003 ok=True iters=7
22:37:45 [INFO] [PROG] s*=2.92/3.24 (90.0%) dist_goal=0.27
22:37:45 [INFO] [MPC] state=(+1.09,+3.45,+0.02) wp0=(+1.15,+3.45) v=+0.070 ω=-0.003 ok=True iters=7
22:37:45 [INFO] [PROG] s*=2.92/3.24 (90.2%) dist_goal=0.27
22:37:45 [INFO] [MPC] state=(+1.10,+3.45,+0.02) wp0=(+1.15,+3.45) v=+0.068 ω=-0.003 ok=True iters=7
22:37:45 [INFO] [PROG] s*=2.93/3.24 (90.4%) dist_goal=0.26
22:37:45 [INFO] [MPC] state=(+1.10,+3.45,+0.02) wp0=(+1.16,+3.45) v=+0.066 ω=-0.003 ok=True iters=7
22:37:45 [INFO] [PROG] s*=2.94/3.24 (90.6%) dist_goal=0.25
22:37:45 [INFO] [MPC] state=(+1.11,+3.45,+0.02) wp0=(+1.17,+3.45) v=+0.065 ω=-0.003 ok=True iters=8
22:37:45 [INFO] [PROG] s*=2.94/3.24 (90.8%) dist_goal=0.25
22:37:45 [INFO] [MPC] state=(+1.12,+3.45,+0.02) wp0=(+1.17,+3.45) v=+0.063 ω=-0.003 ok=True iters=8
22:37:45 [INFO] [PROG] s*=2.95/3.24 (91.0%) dist_goal=0.24
22:37:45 [INFO] [MPC] state=(+1.12,+3.45,+0.02) wp0=(+1.18,+3.45) v=+0.062 ω=-0.003 ok=True iters=8
22:37:45 [INFO] [PROG] s*=2.95/3.24 (91.1%) dist_goal=0.24
22:37:45 [INFO] [MPC] state=(+1.13,+3.45,+0.02) wp0=(+1.18,+3.45) v=+0.060 ω=-0.003 ok=True iters=8
22:37:45 [INFO] [PROG] s*=2.96/3.24 (91.3%) dist_goal=0.23
22:37:45 [INFO] [MPC] state=(+1.13,+3.45,+0.02) wp0=(+1.19,+3.45) v=+0.059 ω=+0.269 ok=True iters=8
22:37:45 [INFO] [PROG] s*=2.96/3.24 (91.5%) dist_goal=0.23
22:37:45 [INFO] [MPC] state=(+1.14,+3.45,+0.04) wp0=(+1.19,+3.45) v=+0.058 ω=+0.524 ok=True iters=8
22:37:45 [INFO] [PROG] s*=2.97/3.24 (91.6%) dist_goal=0.22
22:37:45 [INFO] [MPC] state=(+1.14,+3.45,+0.09) wp0=(+1.20,+3.45) v=+0.057 ω=+0.714 ok=True iters=8
22:37:45 [INFO] [PROG] s*=2.97/3.24 (91.8%) dist_goal=0.22
22:37:45 [INFO] [MPC] state=(+1.15,+3.46,+0.16) wp0=(+1.20,+3.45) v=+0.055 ω=+0.848 ok=True iters=9
22:37:45 [INFO] [PROG] s*=2.98/3.24 (91.9%) dist_goal=0.21
22:37:45 [INFO] [MPC] state=(+1.15,+3.46,+0.25) wp0=(+1.21,+3.45) v=+0.054 ω=+0.912 ok=True iters=9
22:37:45 [INFO] [PROG] s*=2.98/3.24 (92.0%) dist_goal=0.21
22:37:45 [INFO] [MPC] state=(+1.16,+3.46,+0.34) wp0=(+1.21,+3.45) v=+0.053 ω=+0.913 ok=True iters=9
22:37:45 [INFO] [PROG] s*=2.99/3.24 (92.2%) dist_goal=0.20
22:37:45 [INFO] [MPC] state=(+1.16,+3.46,+0.44) wp0=(+1.22,+3.45) v=+0.052 ω=+0.722 ok=True iters=9
22:37:45 [INFO] [PROG] s*=2.99/3.24 (92.3%) dist_goal=0.20
22:37:45 [INFO] [MPC] state=(+1.17,+3.46,+0.51) wp0=(+1.22,+3.45) v=+0.051 ω=+0.558 ok=True iters=10
22:37:45 [INFO] [PROG] s*=3.00/3.24 (92.4%) dist_goal=0.19
22:37:45 [INFO] [MPC] state=(+1.17,+3.46,+0.57) wp0=(+1.23,+3.45) v=+0.050 ω=+0.449 ok=True iters=10
22:37:45 [INFO] [PROG] s*=3.00/3.24 (92.5%) dist_goal=0.19
22:37:45 [INFO] [MPC] state=(+1.18,+3.47,+0.61) wp0=(+1.23,+3.45) v=+0.048 ω=+0.382 ok=True iters=10
22:37:45 [INFO] [PROG] s*=3.00/3.24 (92.6%) dist_goal=0.18
22:37:45 [INFO] [MPC] state=(+1.18,+3.47,+0.65) wp0=(+1.23,+3.45) v=+0.047 ω=+0.328 ok=True iters=10
22:37:45 [INFO] [PROG] s*=3.01/3.24 (92.7%) dist_goal=0.18
22:37:45 [INFO] [MPC] state=(+1.18,+3.47,+0.68) wp0=(+1.24,+3.45) v=+0.046 ω=+0.289 ok=True iters=10
22:37:45 [INFO] [PROG] s*=3.01/3.24 (92.8%) dist_goal=0.18
22:37:45 [INFO] [MPC] state=(+1.19,+3.48,+0.71) wp0=(+1.24,+3.45) v=+0.045 ω=+0.195 ok=True iters=10
22:37:45 [INFO] [PROG] s*=3.01/3.24 (92.9%) dist_goal=0.17
22:37:45 [INFO] [MPC] state=(+1.19,+3.48,+0.73) wp0=(+1.24,+3.45) v=+0.044 ω=+0.127 ok=True iters=10
22:37:45 [INFO] [PROG] s*=3.02/3.24 (93.0%) dist_goal=0.17
22:37:45 [INFO] [MPC] state=(+1.19,+3.48,+0.74) wp0=(+1.25,+3.45) v=+0.043 ω=+0.084 ok=True iters=10
22:37:45 [INFO] [PROG] s*=3.02/3.24 (93.1%) dist_goal=0.16
22:37:45 [INFO] [MPC] state=(+1.20,+3.48,+0.75) wp0=(+1.25,+3.45) v=+0.042 ω=+0.056 ok=True iters=10
22:37:45 [INFO] [PROG] s*=3.02/3.24 (93.2%) dist_goal=0.16
22:37:45 [INFO] [MPC] state=(+1.20,+3.49,+0.76) wp0=(+1.25,+3.45) v=+0.041 ω=+0.038 ok=True iters=10
22:37:45 [INFO] [PROG] s*=3.02/3.24 (93.3%) dist_goal=0.16
22:37:45 [INFO] [MPC] state=(+1.20,+3.49,+0.76) wp0=(+1.25,+3.45) v=+0.040 ω=+0.025 ok=True iters=10
22:37:45 [INFO] [PROG] s*=3.03/3.24 (93.4%) dist_goal=0.15
22:37:45 [INFO] [MPC] state=(+1.20,+3.49,+0.77) wp0=(+1.25,+3.45) v=+0.039 ω=+0.017 ok=True iters=11
22:37:45 [INFO] [PROG] s*=3.03/3.24 (93.5%) dist_goal=0.15
22:37:45 [INFO] [MPC] state=(+1.21,+3.50,+0.77) wp0=(+1.26,+3.46) v=+0.038 ω=+0.011 ok=True iters=11
22:37:45 [INFO] [PROG] s*=3.03/3.24 (93.5%) dist_goal=0.15
22:37:45 [INFO] [MPC] state=(+1.21,+3.50,+0.77) wp0=(+1.26,+3.46) v=+0.037 ω=+0.009 ok=True iters=10
22:37:45 [INFO] [PROG] s*=3.03/3.24 (93.6%) dist_goal=0.14
22:37:45 [INFO] [MPC] state=(+1.21,+3.50,+0.77) wp0=(+1.26,+3.46) v=+0.037 ω=+0.006 ok=True iters=10
22:37:45 [INFO] [PROG] s*=3.04/3.24 (93.7%) dist_goal=0.14
22:37:45 [INFO] [MPC] state=(+1.21,+3.50,+0.77) wp0=(+1.26,+3.46) v=+0.036 ω=+0.005 ok=True iters=9
22:37:45 [INFO] [PROG] s*=3.04/3.24 (93.8%) dist_goal=0.14
22:37:45 [INFO] [MPC] state=(+1.22,+3.51,+0.77) wp0=(+1.26,+3.46) v=+0.035 ω=+0.004 ok=True iters=9
22:37:45 [INFO] [PROG] s*=3.04/3.24 (93.9%) dist_goal=0.13
22:37:45 [INFO] [MPC] state=(+1.22,+3.51,+0.77) wp0=(+1.27,+3.47) v=+0.034 ω=+0.004 ok=True iters=9
22:37:45 [INFO] [PROG] s*=3.10/3.24 (95.5%) dist_goal=0.13
22:37:45 [INFO] [MPC] state=(+1.22,+3.51,+0.77) wp0=(+1.30,+3.50) v=+0.033 ω=+0.003 ok=True iters=9
22:37:45 [INFO] [PROG] s*=3.10/3.24 (95.6%) dist_goal=0.13
22:37:45 [INFO] [MPC] state=(+1.22,+3.51,+0.77) wp0=(+1.31,+3.51) v=+0.033 ω=+0.003 ok=True iters=9
22:37:45 [INFO] [PROG] s*=3.10/3.24 (95.7%) dist_goal=0.12
22:37:45 [INFO] [MPC] state=(+1.23,+3.52,+0.77) wp0=(+1.31,+3.51) v=+0.032 ω=+0.002 ok=True iters=9
22:37:45 [INFO] [PROG] s*=3.11/3.24 (95.8%) dist_goal=0.12
22:37:45 [INFO] [MPC] state=(+1.23,+3.52,+0.77) wp0=(+1.31,+3.51) v=+0.031 ω=+0.003 ok=True iters=9
22:37:45 [INFO] [PROG] s*=3.11/3.24 (95.9%) dist_goal=0.12
22:37:45 [INFO] [MPC] state=(+1.23,+3.52,+0.77) wp0=(+1.31,+3.51) v=+0.031 ω=+0.002 ok=True iters=9
22:37:45 [INFO] [PROG] s*=3.11/3.24 (96.0%) dist_goal=0.12
22:37:45 [INFO] [MPC] state=(+1.23,+3.52,+0.77) wp0=(+1.32,+3.52) v=+0.030 ω=+0.003 ok=True iters=5
22:37:45 [INFO] [PROG] s*=3.12/3.24 (96.1%) dist_goal=0.11
22:37:45 [INFO] [MPC] state=(+1.24,+3.52,+0.77) wp0=(+1.32,+3.52) v=+0.030 ω=+0.002 ok=True iters=5
22:37:45 [INFO] [PROG] s*=3.12/3.24 (96.2%) dist_goal=0.11
22:37:45 [INFO] [MPC] state=(+1.24,+3.53,+0.77) wp0=(+1.32,+3.52) v=+0.030 ω=+0.002 ok=True iters=5
22:37:45 [INFO] [PROG] s*=3.12/3.24 (96.3%) dist_goal=0.11
22:37:45 [INFO] [MPC] state=(+1.24,+3.53,+0.77) wp0=(+1.32,+3.52) v=+0.030 ω=+0.002 ok=True iters=5
22:37:45 [INFO] [PROG] s*=3.12/3.24 (96.4%) dist_goal=0.11
22:37:45 [INFO] [MPC] state=(+1.24,+3.53,+0.77) wp0=(+1.32,+3.52) v=+0.030 ω=+0.000 ok=True iters=5
22:37:45 [INFO] [PROG] s*=3.13/3.24 (96.5%) dist_goal=0.10
22:37:45 [INFO] [MPC] state=(+1.24,+3.53,+0.77) wp0=(+1.33,+3.53) v=+0.030 ω=+0.001 ok=True iters=5
22:37:45 [INFO] [PROG] s*=3.13/3.24 (96.6%) dist_goal=0.10
22:37:45 [INFO] [MPC] state=(+1.25,+3.53,+0.77) wp0=(+1.33,+3.53) v=+0.030 ω=-0.001 ok=True iters=5
22:37:45 [INFO] [PROG] s*=3.13/3.24 (96.7%) dist_goal=0.10
22:37:45 [INFO] [MPC] state=(+1.25,+3.54,+0.77) wp0=(+1.33,+3.53) v=+0.030 ω=-0.000 ok=True iters=5
