08:42:25 [INFO] === New MPC Session Started ===
08:42:25 [DEBUG] matplotlib data path: /home/max/.local/lib/python3.10/site-packages/matplotlib/mpl-data
08:42:25 [DEBUG] CONFIGDIR=/home/max/.config/matplotlib
08:42:25 [DEBUG] interactive is False
08:42:25 [DEBUG] platform is linux
08:42:25 [DEBUG] CACHEDIR=/home/max/.cache/matplotlib
08:42:26 [DEBUG] Using fontManager instance from /home/max/.cache/matplotlib/fontlist-v390.json
08:42:26 [INFO] CrowdNavPyBulletEnv initializing...
08:42:29 [INFO] World ready | grid: (112, 112), res: 0.1, N=10, T=0.1
08:42:31 [INFO] [PROG] s*=0.00/9.92 (0.0%) dist_goal=8.26
08:42:31 [INFO] [MPC] state=(+0.45,+5.35,-2.30) wp0=(+0.39,+5.29) v=+0.200 ω=+0.508 ok=True iters=7
08:42:31 [INFO] [PROG] s*=0.00/9.92 (0.0%) dist_goal=8.24
08:42:31 [INFO] [MPC] state=(+0.44,+5.34,-2.30) wp0=(+0.39,+5.29) v=+0.200 ω=-0.828 ok=True iters=8
08:42:31 [INFO] [PROG] s*=0.02/9.92 (0.2%) dist_goal=8.23
08:42:31 [INFO] [MPC] state=(+0.43,+5.33,-2.35) wp0=(+0.38,+5.28) v=+0.200 ω=-0.879 ok=True iters=8
08:42:31 [INFO] [PROG] s*=0.04/9.92 (0.4%) dist_goal=8.22
08:42:31 [INFO] [MPC] state=(+0.41,+5.32,-2.39) wp0=(+0.37,+5.27) v=+0.200 ω=-1.032 ok=True iters=7
08:42:31 [INFO] [PROG] s*=0.05/9.92 (0.5%) dist_goal=8.20
08:42:31 [INFO] [MPC] state=(+0.40,+5.31,-2.45) wp0=(+0.36,+5.26) v=+0.200 ω=-0.825 ok=True iters=7
08:42:31 [INFO] [PROG] s*=0.07/9.92 (0.7%) dist_goal=8.19
08:42:31 [INFO] [MPC] state=(+0.39,+5.29,-2.50) wp0=(+0.34,+5.25) v=+0.200 ω=-0.487 ok=True iters=7
08:42:31 [INFO] [PROG] s*=0.09/9.92 (0.9%) dist_goal=8.17
08:42:31 [INFO] [MPC] state=(+0.37,+5.28,-2.53) wp0=(+0.32,+5.25) v=+0.200 ω=-0.710 ok=True iters=8
08:42:31 [INFO] [PROG] s*=0.12/9.92 (1.2%) dist_goal=8.16
08:42:31 [INFO] [MPC] state=(+0.36,+5.27,-2.57) wp0=(+0.29,+5.25) v=+0.200 ω=-0.645 ok=True iters=8
08:42:31 [INFO] [PROG] s*=0.13/9.92 (1.4%) dist_goal=8.15
08:42:31 [INFO] [MPC] state=(+0.34,+5.26,-2.60) wp0=(+0.28,+5.25) v=+0.200 ω=-0.987 ok=True iters=8
08:42:31 [INFO] [PROG] s*=0.15/9.92 (1.5%) dist_goal=8.14
08:42:31 [INFO] [MPC] state=(+0.33,+5.25,-2.66) wp0=(+0.26,+5.25) v=+0.200 ω=-1.320 ok=True iters=8
08:42:31 [INFO] [PROG] s*=0.16/9.92 (1.6%) dist_goal=8.13
08:42:31 [INFO] [MPC] state=(+0.31,+5.25,-2.73) wp0=(+0.25,+5.25) v=+0.200 ω=-1.571 ok=True iters=8
08:42:31 [INFO] [PROG] s*=0.18/9.92 (1.8%) dist_goal=8.12
08:42:31 [INFO] [MPC] state=(+0.30,+5.24,-2.81) wp0=(+0.24,+5.24) v=+0.200 ω=-1.744 ok=True iters=8
08:42:31 [INFO] [PROG] s*=0.19/9.92 (1.9%) dist_goal=8.12
08:42:31 [INFO] [MPC] state=(+0.29,+5.24,-2.91) wp0=(+0.23,+5.23) v=+0.200 ω=-1.942 ok=True iters=8
08:42:31 [INFO] [PROG] s*=0.20/9.92 (2.1%) dist_goal=8.11
08:42:31 [INFO] [MPC] state=(+0.27,+5.24,-3.01) wp0=(+0.22,+5.22) v=+0.200 ω=-1.393 ok=True iters=7
08:42:31 [INFO] [PROG] s*=0.23/9.92 (2.3%) dist_goal=8.11
08:42:31 [INFO] [MPC] state=(+0.26,+5.23,-3.09) wp0=(+0.20,+5.20) v=+0.200 ω=-1.780 ok=True iters=7
08:42:31 [INFO] [PROG] s*=0.24/9.92 (2.4%) dist_goal=8.11
08:42:31 [INFO] [MPC] state=(+0.24,+5.23,-3.18) wp0=(+0.20,+5.20) v=+0.200 ω=-1.552 ok=True iters=7
08:42:31 [INFO] [PROG] s*=0.25/9.92 (2.5%) dist_goal=8.11
08:42:31 [INFO] [MPC] state=(+0.23,+5.24,-3.27) wp0=(+0.19,+5.19) v=+0.200 ω=-1.372 ok=True iters=7
08:42:31 [INFO] [PROG] s*=0.25/9.92 (2.6%) dist_goal=8.11
08:42:31 [INFO] [MPC] state=(+0.21,+5.24,-3.34) wp0=(+0.18,+5.18) v=+0.200 ω=-0.647 ok=True iters=8
08:42:31 [INFO] [PROG] s*=0.26/9.92 (2.7%) dist_goal=8.11
08:42:31 [INFO] [MPC] state=(+0.20,+5.24,-3.39) wp0=(+0.18,+5.18) v=+0.200 ω=-0.493 ok=True iters=7
08:42:31 [INFO] [PROG] s*=0.27/9.92 (2.8%) dist_goal=8.11
08:42:31 [INFO] [MPC] state=(+0.18,+5.25,-3.42) wp0=(+0.17,+5.17) v=+0.200 ω=+0.160 ok=True iters=7
08:42:31 [INFO] [PROG] s*=0.28/9.92 (2.9%) dist_goal=8.11
08:42:31 [INFO] [MPC] state=(+0.16,+5.25,-3.40) wp0=(+0.16,+5.16) v=+0.200 ω=+0.209 ok=True iters=8
08:42:31 [INFO] [PROG] s*=0.29/9.92 (3.0%) dist_goal=8.11
08:42:31 [INFO] [MPC] state=(+0.14,+5.26,-3.39) wp0=(+0.16,+5.16) v=+0.200 ω=+0.690 ok=True iters=8
08:42:31 [INFO] [PROG] s*=0.30/9.92 (3.0%) dist_goal=8.11
08:42:31 [INFO] [MPC] state=(+0.12,+5.26,-3.35) wp0=(+0.15,+5.15) v=+0.200 ω=+1.151 ok=True iters=8
08:42:31 [INFO] [PROG] s*=0.41/9.92 (4.1%) dist_goal=8.11
08:42:31 [INFO] [MPC] state=(+0.11,+5.26,-3.28) wp0=(+0.04,+5.15) v=+0.200 ω=+0.883 ok=True iters=8
08:42:31 [INFO] [PROG] s*=0.43/9.92 (4.3%) dist_goal=8.10
08:42:31 [INFO] [MPC] state=(+0.09,+5.27,-3.23) wp0=(+0.02,+5.15) v=+0.200 ω=+0.639 ok=True iters=7
08:42:31 [INFO] [PROG] s*=0.45/9.92 (4.5%) dist_goal=8.10
08:42:31 [INFO] [MPC] state=(+0.07,+5.27,-3.20) wp0=(+0.01,+5.15) v=+0.200 ω=+0.579 ok=True iters=7
08:42:31 [INFO] [PROG] s*=0.46/9.92 (4.7%) dist_goal=8.10
08:42:31 [INFO] [MPC] state=(+0.06,+5.27,-3.17) wp0=(-0.01,+5.15) v=+0.200 ω=+0.810 ok=True iters=7
08:42:31 [INFO] [PROG] s*=0.48/9.92 (4.8%) dist_goal=8.09
08:42:31 [INFO] [MPC] state=(+0.04,+5.27,-3.13) wp0=(-0.03,+5.15) v=+0.200 ω=+0.712 ok=True iters=7
08:42:31 [INFO] [PROG] s*=0.50/9.92 (5.0%) dist_goal=8.09
08:42:31 [INFO] [MPC] state=(+0.02,+5.27,-3.09) wp0=(-0.04,+5.15) v=+0.200 ω=+0.767 ok=True iters=7
08:42:31 [INFO] [PROG] s*=0.51/9.92 (5.2%) dist_goal=8.08
08:42:31 [INFO] [MPC] state=(+0.01,+5.27,-3.05) wp0=(-0.06,+5.15) v=+0.200 ω=+0.912 ok=True iters=7
08:42:31 [INFO] [PROG] s*=0.53/9.92 (5.3%) dist_goal=8.08
08:42:31 [INFO] [MPC] state=(-0.01,+5.26,-3.00) wp0=(-0.08,+5.15) v=+0.200 ω=+0.763 ok=True iters=7
08:42:31 [INFO] [PROG] s*=0.55/9.92 (5.5%) dist_goal=8.07
08:42:31 [INFO] [MPC] state=(-0.03,+5.26,-2.96) wp0=(-0.10,+5.15) v=+0.200 ω=+0.449 ok=True iters=7
08:42:31 [INFO] [PROG] s*=0.57/9.92 (5.7%) dist_goal=8.06
08:42:31 [INFO] [MPC] state=(-0.05,+5.26,-2.93) wp0=(-0.11,+5.15) v=+0.200 ω=+0.338 ok=True iters=7
08:42:31 [INFO] [PROG] s*=0.59/9.92 (5.9%) dist_goal=8.05
08:42:31 [INFO] [MPC] state=(-0.06,+5.25,-2.91) wp0=(-0.13,+5.15) v=+0.200 ω=+0.233 ok=True iters=7
08:42:31 [INFO] [PROG] s*=0.61/9.92 (6.1%) dist_goal=8.04
08:42:31 [INFO] [MPC] state=(-0.08,+5.25,-2.89) wp0=(-0.15,+5.15) v=+0.200 ω=+0.133 ok=True iters=7
08:42:31 [INFO] [PROG] s*=0.63/9.92 (6.3%) dist_goal=8.03
08:42:31 [INFO] [MPC] state=(-0.10,+5.24,-2.88) wp0=(-0.17,+5.15) v=+0.200 ω=+0.173 ok=True iters=7
08:42:31 [INFO] [PROG] s*=0.64/9.92 (6.5%) dist_goal=8.03
08:42:31 [INFO] [MPC] state=(-0.12,+5.24,-2.87) wp0=(-0.19,+5.15) v=+0.200 ω=+0.077 ok=True iters=7
08:42:31 [INFO] [PROG] s*=0.66/9.92 (6.7%) dist_goal=8.02
08:42:31 [INFO] [MPC] state=(-0.14,+5.23,-2.86) wp0=(-0.21,+5.15) v=+0.200 ω=-0.003 ok=True iters=7
08:42:31 [INFO] [PROG] s*=0.68/9.92 (6.9%) dist_goal=8.01
08:42:31 [INFO] [MPC] state=(-0.16,+5.23,-2.86) wp0=(-0.23,+5.15) v=+0.200 ω=-0.309 ok=True iters=7
08:42:31 [INFO] [PROG] s*=0.70/9.92 (7.1%) dist_goal=8.00
08:42:31 [INFO] [MPC] state=(-0.18,+5.22,-2.88) wp0=(-0.25,+5.15) v=+0.200 ω=-0.519 ok=True iters=7
08:42:31 [INFO] [PROG] s*=0.72/9.92 (7.3%) dist_goal=7.99
08:42:31 [INFO] [MPC] state=(-0.20,+5.22,-2.91) wp0=(-0.27,+5.15) v=+0.200 ω=-0.303 ok=True iters=7
08:42:31 [INFO] [PROG] s*=0.74/9.92 (7.4%) dist_goal=7.99
08:42:31 [INFO] [MPC] state=(-0.22,+5.21,-2.93) wp0=(-0.29,+5.15) v=+0.200 ω=-0.552 ok=True iters=7
08:42:31 [INFO] [PROG] s*=0.76/9.92 (7.6%) dist_goal=7.98
08:42:31 [INFO] [MPC] state=(-0.24,+5.21,-2.96) wp0=(-0.31,+5.15) v=+0.200 ω=-0.321 ok=True iters=7
08:42:31 [INFO] [PROG] s*=0.78/9.92 (7.8%) dist_goal=7.97
08:42:31 [INFO] [MPC] state=(-0.26,+5.21,-2.99) wp0=(-0.32,+5.15) v=+0.200 ω=-0.585 ok=True iters=7
08:42:31 [INFO] [PROG] s*=0.79/9.92 (8.0%) dist_goal=7.97
08:42:31 [INFO] [MPC] state=(-0.27,+5.20,-3.02) wp0=(-0.34,+5.15) v=+0.200 ω=-0.999 ok=True iters=7
08:42:31 [INFO] [PROG] s*=0.81/9.92 (8.2%) dist_goal=7.96
08:42:31 [INFO] [MPC] state=(-0.29,+5.20,-3.07) wp0=(-0.36,+5.15) v=+0.200 ω=-0.932 ok=True iters=7
08:42:31 [INFO] [PROG] s*=0.83/9.92 (8.3%) dist_goal=7.96
08:42:31 [INFO] [MPC] state=(-0.31,+5.20,-3.13) wp0=(-0.37,+5.15) v=+0.200 ω=-0.912 ok=True iters=9
08:42:31 [INFO] [PROG] s*=0.84/9.92 (8.5%) dist_goal=7.96
08:42:31 [INFO] [MPC] state=(-0.32,+5.20,-3.19) wp0=(-0.39,+5.15) v=+0.200 ω=-0.748 ok=True iters=8
08:42:31 [INFO] [PROG] s*=0.86/9.92 (8.7%) dist_goal=7.96
08:42:31 [INFO] [MPC] state=(-0.34,+5.20,-3.23) wp0=(-0.41,+5.15) v=+0.200 ω=-0.669 ok=True iters=8
08:42:31 [INFO] [PROG] s*=0.88/9.92 (8.9%) dist_goal=7.96
08:42:31 [INFO] [MPC] state=(-0.36,+5.20,-3.27) wp0=(-0.43,+5.15) v=+0.200 ω=-0.836 ok=True iters=8
08:42:31 [INFO] [PROG] s*=0.90/9.92 (9.1%) dist_goal=7.96
08:42:31 [INFO] [MPC] state=(-0.38,+5.21,-3.32) wp0=(-0.45,+5.15) v=+0.200 ω=-0.278 ok=True iters=7
08:42:31 [INFO] [PROG] s*=0.92/9.92 (9.2%) dist_goal=7.96
08:42:31 [INFO] [MPC] state=(-0.40,+5.21,-3.34) wp0=(-0.46,+5.15) v=+0.200 ω=-0.567 ok=True iters=7
08:42:31 [INFO] [PROG] s*=0.94/9.92 (9.4%) dist_goal=7.96
08:42:31 [INFO] [MPC] state=(-0.41,+5.21,-3.37) wp0=(-0.48,+5.15) v=+0.200 ω=+0.067 ok=True iters=7
08:42:31 [INFO] [PROG] s*=0.96/9.92 (9.6%) dist_goal=7.96
08:42:31 [INFO] [MPC] state=(-0.43,+5.22,-3.37) wp0=(-0.50,+5.15) v=+0.200 ω=-0.199 ok=True iters=7
08:42:31 [INFO] [PROG] s*=0.98/9.92 (9.8%) dist_goal=7.97
08:42:31 [INFO] [MPC] state=(-0.45,+5.22,-3.38) wp0=(-0.52,+5.15) v=+0.200 ω=-0.126 ok=True iters=7
08:42:31 [INFO] [PROG] s*=1.00/9.92 (10.0%) dist_goal=7.97
08:42:31 [INFO] [MPC] state=(-0.47,+5.23,-3.39) wp0=(-0.54,+5.15) v=+0.200 ω=+0.087 ok=True iters=7
08:42:31 [INFO] [PROG] s*=1.02/9.92 (10.2%) dist_goal=7.97
08:42:31 [INFO] [MPC] state=(-0.49,+5.23,-3.39) wp0=(-0.56,+5.15) v=+0.200 ω=+0.154 ok=True iters=7
08:42:31 [INFO] [PROG] s*=1.03/9.92 (10.4%) dist_goal=7.97
08:42:31 [INFO] [MPC] state=(-0.51,+5.24,-3.37) wp0=(-0.58,+5.15) v=+0.200 ω=+0.201 ok=True iters=7
08:42:31 [INFO] [PROG] s*=1.05/9.92 (10.6%) dist_goal=7.97
08:42:31 [INFO] [MPC] state=(-0.53,+5.24,-3.36) wp0=(-0.60,+5.15) v=+0.200 ω=-0.204 ok=True iters=7
08:42:31 [INFO] [PROG] s*=1.07/9.92 (10.8%) dist_goal=7.98
08:42:31 [INFO] [MPC] state=(-0.55,+5.25,-3.37) wp0=(-0.62,+5.15) v=+0.200 ω=+0.508 ok=True iters=7
08:42:31 [INFO] [PROG] s*=1.09/9.92 (11.0%) dist_goal=7.98
08:42:31 [INFO] [MPC] state=(-0.57,+5.25,-3.34) wp0=(-0.64,+5.15) v=+0.200 ω=+0.380 ok=True iters=7
08:42:31 [INFO] [PROG] s*=1.11/9.92 (11.2%) dist_goal=7.98
08:42:31 [INFO] [MPC] state=(-0.59,+5.26,-3.32) wp0=(-0.66,+5.15) v=+0.200 ω=+0.380 ok=True iters=7
08:42:31 [INFO] [PROG] s*=1.13/9.92 (11.4%) dist_goal=7.98
08:42:31 [INFO] [MPC] state=(-0.61,+5.26,-3.29) wp0=(-0.68,+5.15) v=+0.200 ω=+0.372 ok=True iters=7
08:42:31 [INFO] [PROG] s*=1.15/9.92 (11.6%) dist_goal=7.98
08:42:31 [INFO] [MPC] state=(-0.63,+5.26,-3.27) wp0=(-0.69,+5.15) v=+0.200 ω=+0.357 ok=True iters=8
08:42:31 [INFO] [PROG] s*=1.16/9.92 (11.7%) dist_goal=7.98
08:42:31 [INFO] [MPC] state=(-0.64,+5.26,-3.25) wp0=(-0.71,+5.15) v=+0.200 ω=+0.627 ok=True iters=8
08:42:31 [INFO] [PROG] s*=1.18/9.92 (11.9%) dist_goal=7.98
08:42:31 [INFO] [MPC] state=(-0.66,+5.27,-3.21) wp0=(-0.73,+5.15) v=+0.200 ω=+0.571 ok=True iters=8
08:42:31 [INFO] [PROG] s*=1.20/9.92 (12.1%) dist_goal=7.97
08:42:31 [INFO] [MPC] state=(-0.68,+5.27,-3.18) wp0=(-0.75,+5.15) v=+0.200 ω=+0.515 ok=True iters=8
08:42:31 [INFO] [PROG] s*=1.22/9.92 (12.3%) dist_goal=7.97
08:42:31 [INFO] [MPC] state=(-0.70,+5.27,-3.15) wp0=(-0.77,+5.15) v=+0.200 ω=+0.295 ok=True iters=8
08:42:31 [INFO] [PROG] s*=1.24/9.92 (12.5%) dist_goal=7.97
08:42:31 [INFO] [MPC] state=(-0.72,+5.27,-3.13) wp0=(-0.79,+5.15) v=+0.200 ω=+0.247 ok=True iters=8
08:42:31 [INFO] [PROG] s*=1.26/9.92 (12.7%) dist_goal=7.97
08:42:31 [INFO] [MPC] state=(-0.74,+5.27,-3.12) wp0=(-0.81,+5.15) v=+0.200 ω=+0.208 ok=True iters=8
08:42:31 [INFO] [PROG] s*=1.28/9.92 (12.9%) dist_goal=7.96
08:42:31 [INFO] [MPC] state=(-0.76,+5.27,-3.11) wp0=(-0.83,+5.15) v=+0.200 ω=+0.014 ok=True iters=8
08:42:31 [INFO] [PROG] s*=1.30/9.92 (13.1%) dist_goal=7.96
08:42:31 [INFO] [MPC] state=(-0.78,+5.27,-3.10) wp0=(-0.85,+5.15) v=+0.200 ω=-0.002 ok=True iters=8
08:42:31 [INFO] [PROG] s*=1.32/9.92 (13.3%) dist_goal=7.96
08:42:31 [INFO] [MPC] state=(-0.80,+5.26,-3.10) wp0=(-0.87,+5.15) v=+0.200 ω=-0.015 ok=True iters=8
08:42:31 [INFO] [PROG] s*=1.34/9.92 (13.5%) dist_goal=7.95
08:42:31 [INFO] [MPC] state=(-0.82,+5.26,-3.10) wp0=(-0.89,+5.15) v=+0.200 ω=-0.024 ok=True iters=8
08:42:31 [INFO] [PROG] s*=1.36/9.92 (13.7%) dist_goal=7.95
08:42:31 [INFO] [MPC] state=(-0.84,+5.26,-3.11) wp0=(-0.91,+5.15) v=+0.200 ω=-0.031 ok=True iters=8
08:42:31 [INFO] [PROG] s*=1.38/9.92 (13.9%) dist_goal=7.95
08:42:31 [INFO] [MPC] state=(-0.86,+5.26,-3.11) wp0=(-0.93,+5.15) v=+0.200 ω=-0.035 ok=True iters=8
08:42:31 [INFO] [PROG] s*=1.40/9.92 (14.1%) dist_goal=7.95
08:42:31 [INFO] [MPC] state=(-0.88,+5.26,-3.11) wp0=(-0.95,+5.15) v=+0.200 ω=-0.326 ok=True iters=8
08:42:31 [INFO] [PROG] s*=1.42/9.92 (14.3%) dist_goal=7.95
08:42:31 [INFO] [MPC] state=(-0.90,+5.26,-3.14) wp0=(-0.97,+5.15) v=+0.200 ω=-0.271 ok=True iters=8
08:42:31 [INFO] [PROG] s*=1.44/9.92 (14.5%) dist_goal=7.94
08:42:31 [INFO] [MPC] state=(-0.92,+5.26,-3.16) wp0=(-0.99,+5.15) v=+0.200 ω=-0.219 ok=True iters=8
08:42:31 [INFO] [PROG] s*=1.46/9.92 (14.7%) dist_goal=7.94
08:42:31 [INFO] [MPC] state=(-0.94,+5.26,-3.18) wp0=(-1.01,+5.15) v=+0.200 ω=-0.171 ok=True iters=8
08:42:31 [INFO] [PROG] s*=1.48/9.92 (14.9%) dist_goal=7.94
08:42:31 [INFO] [MPC] state=(-0.96,+5.26,-3.19) wp0=(-1.02,+5.15) v=+0.200 ω=+0.484 ok=True iters=8
08:42:31 [INFO] [PROG] s*=1.50/9.92 (15.1%) dist_goal=7.94
08:42:31 [INFO] [MPC] state=(-0.97,+5.26,-3.17) wp0=(-1.04,+5.15) v=+0.200 ω=+0.276 ok=True iters=8
08:42:31 [INFO] [PROG] s*=1.52/9.92 (15.3%) dist_goal=7.94
08:42:31 [INFO] [MPC] state=(-0.99,+5.26,-3.15) wp0=(-1.06,+5.15) v=+0.200 ω=+0.236 ok=True iters=8
08:42:31 [INFO] [PROG] s*=1.54/9.92 (15.5%) dist_goal=7.94
08:42:31 [INFO] [MPC] state=(-1.01,+5.26,-3.13) wp0=(-1.08,+5.15) v=+0.200 ω=+0.199 ok=True iters=8
08:42:31 [INFO] [PROG] s*=1.55/9.92 (15.7%) dist_goal=7.94
08:42:31 [INFO] [MPC] state=(-1.03,+5.26,-3.12) wp0=(-1.10,+5.15) v=+0.200 ω=+0.156 ok=True iters=8
08:42:31 [INFO] [PROG] s*=1.58/9.92 (15.9%) dist_goal=7.93
08:42:31 [INFO] [MPC] state=(-1.05,+5.26,-3.11) wp0=(-1.12,+5.15) v=+0.200 ω=-0.023 ok=True iters=8
08:42:31 [INFO] [PROG] s*=1.60/9.92 (16.1%) dist_goal=7.93
08:42:31 [INFO] [MPC] state=(-1.07,+5.26,-3.11) wp0=(-1.14,+5.15) v=+0.200 ω=-0.029 ok=True iters=8
08:42:31 [INFO] [PROG] s*=1.61/9.92 (16.3%) dist_goal=7.93
08:42:31 [INFO] [MPC] state=(-1.09,+5.26,-3.11) wp0=(-1.16,+5.15) v=+0.200 ω=-0.320 ok=True iters=8
08:42:31 [INFO] [PROG] s*=1.63/9.92 (16.5%) dist_goal=7.93
08:42:31 [INFO] [MPC] state=(-1.11,+5.26,-3.14) wp0=(-1.18,+5.15) v=+0.200 ω=-0.266 ok=True iters=8
08:42:31 [INFO] [PROG] s*=1.65/9.92 (16.7%) dist_goal=7.93
08:42:31 [INFO] [MPC] state=(-1.13,+5.26,-3.16) wp0=(-1.20,+5.15) v=+0.200 ω=-0.208 ok=True iters=8
08:42:31 [INFO] [PROG] s*=1.67/9.92 (16.9%) dist_goal=7.93
08:42:31 [INFO] [MPC] state=(-1.15,+5.26,-3.17) wp0=(-1.22,+5.15) v=+0.200 ω=-0.146 ok=True iters=8
08:42:31 [INFO] [PROG] s*=1.69/9.92 (17.1%) dist_goal=7.93
08:42:31 [INFO] [MPC] state=(-1.17,+5.26,-3.19) wp0=(-1.24,+5.15) v=+0.200 ω=+0.522 ok=True iters=8
08:42:31 [INFO] [PROG] s*=1.71/9.92 (17.2%) dist_goal=7.93
08:42:31 [INFO] [MPC] state=(-1.19,+5.26,-3.16) wp0=(-1.26,+5.15) v=+0.200 ω=+0.317 ok=True iters=9
08:42:31 [INFO] [PROG] s*=1.73/9.92 (17.4%) dist_goal=7.92
08:42:31 [INFO] [MPC] state=(-1.21,+5.26,-3.14) wp0=(-1.28,+5.15) v=+0.200 ω=+0.292 ok=True iters=8
08:42:31 [INFO] [PROG] s*=1.75/9.92 (17.6%) dist_goal=7.92
08:42:31 [INFO] [MPC] state=(-1.23,+5.26,-3.12) wp0=(-1.30,+5.15) v=+0.200 ω=+0.272 ok=True iters=8
08:42:31 [INFO] [PROG] s*=1.77/9.92 (17.8%) dist_goal=7.92
08:42:31 [INFO] [MPC] state=(-1.25,+5.26,-3.11) wp0=(-1.32,+5.15) v=+0.200 ω=+0.102 ok=True iters=8
08:42:31 [INFO] [PROG] s*=1.79/9.92 (18.0%) dist_goal=7.92
08:42:31 [INFO] [MPC] state=(-1.27,+5.26,-3.10) wp0=(-1.34,+5.15) v=+0.200 ω=+0.101 ok=True iters=8
08:42:31 [INFO] [PROG] s*=1.81/9.92 (18.2%) dist_goal=7.92
08:42:31 [INFO] [MPC] state=(-1.29,+5.26,-3.09) wp0=(-1.36,+5.15) v=+0.200 ω=+0.296 ok=True iters=8
08:42:31 [INFO] [PROG] s*=1.83/9.92 (18.4%) dist_goal=7.91
08:42:31 [INFO] [MPC] state=(-1.31,+5.26,-3.07) wp0=(-1.38,+5.15) v=+0.200 ω=+0.276 ok=True iters=8
08:42:31 [INFO] [PROG] s*=1.85/9.92 (18.6%) dist_goal=7.91
08:42:31 [INFO] [MPC] state=(-1.33,+5.26,-3.05) wp0=(-1.39,+5.15) v=+0.200 ω=+0.258 ok=True iters=9
08:42:31 [INFO] [PROG] s*=1.87/9.92 (18.8%) dist_goal=7.91
08:42:31 [INFO] [MPC] state=(-1.34,+5.26,-3.03) wp0=(-1.41,+5.15) v=+0.200 ω=+0.238 ok=True iters=10
08:42:31 [INFO] [PROG] s*=1.88/9.92 (19.0%) dist_goal=7.91
08:42:31 [INFO] [MPC] state=(-1.36,+5.25,-3.02) wp0=(-1.43,+5.15) v=+0.200 ω=+0.683 ok=True iters=10
08:42:31 [INFO] [PROG] s*=1.90/9.92 (19.1%) dist_goal=7.90
08:42:31 [INFO] [MPC] state=(-1.38,+5.25,-2.98) wp0=(-1.45,+5.15) v=+0.200 ω=+1.261 ok=True iters=8
08:42:31 [INFO] [PROG] s*=1.91/9.92 (19.3%) dist_goal=7.90
08:42:31 [INFO] [MPC] state=(-1.40,+5.25,-2.91) wp0=(-1.46,+5.15) v=+0.200 ω=+1.973 ok=True iters=7
08:42:31 [INFO] [PROG] s*=1.92/9.92 (19.4%) dist_goal=7.89
08:42:31 [INFO] [MPC] state=(-1.41,+5.24,-2.80) wp0=(-1.47,+5.15) v=+0.200 ω=+1.802 ok=True iters=8
08:42:31 [INFO] [PROG] s*=1.93/9.92 (19.5%) dist_goal=7.89
08:42:31 [INFO] [MPC] state=(-1.42,+5.24,-2.71) wp0=(-1.48,+5.15) v=+0.200 ω=+1.777 ok=True iters=7
08:42:31 [INFO] [PROG] s*=1.95/9.92 (19.6%) dist_goal=7.88
08:42:31 [INFO] [MPC] state=(-1.43,+5.23,-2.61) wp0=(-1.49,+5.15) v=+0.200 ω=+1.519 ok=True iters=8
08:42:31 [INFO] [PROG] s*=1.96/9.92 (19.7%) dist_goal=7.87
08:42:31 [INFO] [MPC] state=(-1.44,+5.23,-2.53) wp0=(-1.50,+5.15) v=+0.200 ω=+1.425 ok=True iters=8
08:42:31 [INFO] [PROG] s*=1.97/9.92 (19.8%) dist_goal=7.86
08:42:31 [INFO] [MPC] state=(-1.45,+5.22,-2.45) wp0=(-1.52,+5.15) v=+0.200 ω=+1.079 ok=True iters=8
08:42:31 [INFO] [PROG] s*=1.98/9.92 (20.0%) dist_goal=7.85
08:42:31 [INFO] [MPC] state=(-1.47,+5.21,-2.39) wp0=(-1.53,+5.15) v=+0.200 ω=+0.861 ok=True iters=8
08:42:31 [INFO] [PROG] s*=1.99/9.92 (20.1%) dist_goal=7.83
08:42:31 [INFO] [MPC] state=(-1.48,+5.20,-2.34) wp0=(-1.54,+5.15) v=+0.200 ω=+0.671 ok=True iters=8
08:42:31 [INFO] [PROG] s*=2.01/9.92 (20.2%) dist_goal=7.82
08:42:31 [INFO] [MPC] state=(-1.49,+5.18,-2.30) wp0=(-1.55,+5.15) v=+0.200 ω=+0.336 ok=True iters=8
08:42:31 [INFO] [PROG] s*=2.02/9.92 (20.3%) dist_goal=7.80
08:42:31 [INFO] [MPC] state=(-1.50,+5.17,-2.28) wp0=(-1.55,+5.13) v=+0.200 ω=+0.270 ok=True iters=7
08:42:31 [INFO] [PROG] s*=2.03/9.92 (20.5%) dist_goal=7.79
08:42:31 [INFO] [MPC] state=(-1.52,+5.15,-2.26) wp0=(-1.55,+5.12) v=+0.200 ω=+0.249 ok=True iters=7
08:42:31 [INFO] [PROG] s*=2.08/9.92 (21.0%) dist_goal=7.77
08:42:31 [INFO] [MPC] state=(-1.53,+5.14,-2.24) wp0=(-1.55,+5.07) v=+0.200 ω=+0.187 ok=True iters=8
08:42:31 [INFO] [PROG] s*=2.10/9.92 (21.1%) dist_goal=7.76
08:42:31 [INFO] [MPC] state=(-1.54,+5.12,-2.23) wp0=(-1.55,+5.06) v=+0.200 ω=+0.247 ok=True iters=7
08:42:31 [INFO] [PROG] s*=2.11/9.92 (21.3%) dist_goal=7.74
08:42:31 [INFO] [MPC] state=(-1.55,+5.11,-2.21) wp0=(-1.55,+5.04) v=+0.200 ω=+0.140 ok=True iters=7
08:42:31 [INFO] [PROG] s*=2.13/9.92 (21.5%) dist_goal=7.72
08:42:31 [INFO] [MPC] state=(-1.56,+5.09,-2.20) wp0=(-1.55,+5.02) v=+0.200 ω=+0.143 ok=True iters=7
08:42:31 [INFO] [PROG] s*=2.15/9.92 (21.6%) dist_goal=7.71
08:42:31 [INFO] [MPC] state=(-1.58,+5.07,-2.18) wp0=(-1.55,+5.01) v=+0.200 ω=+0.258 ok=True iters=7
08:42:31 [INFO] [PROG] s*=2.16/9.92 (21.8%) dist_goal=7.69
08:42:31 [INFO] [MPC] state=(-1.59,+5.06,-2.17) wp0=(-1.55,+4.99) v=+0.200 ω=+0.325 ok=True iters=7
08:42:31 [INFO] [PROG] s*=2.18/9.92 (21.9%) dist_goal=7.68
08:42:31 [INFO] [MPC] state=(-1.60,+5.04,-2.14) wp0=(-1.55,+4.98) v=+0.200 ω=+0.361 ok=True iters=7
08:42:31 [INFO] [PROG] s*=2.19/9.92 (22.1%) dist_goal=7.66
08:42:31 [INFO] [MPC] state=(-1.61,+5.03,-2.12) wp0=(-1.55,+4.96) v=+0.200 ω=+0.368 ok=True iters=7
08:42:31 [INFO] [PROG] s*=2.21/9.92 (22.3%) dist_goal=7.64
08:42:31 [INFO] [MPC] state=(-1.62,+5.01,-2.10) wp0=(-1.55,+4.94) v=+0.200 ω=+0.356 ok=True iters=7
08:42:31 [INFO] [PROG] s*=2.23/9.92 (22.4%) dist_goal=7.63
08:42:31 [INFO] [MPC] state=(-1.63,+4.99,-2.07) wp0=(-1.55,+4.93) v=+0.200 ω=+0.356 ok=True iters=7
08:42:31 [INFO] [PROG] s*=2.24/9.92 (22.6%) dist_goal=7.61
08:42:31 [INFO] [MPC] state=(-1.64,+4.98,-2.05) wp0=(-1.55,+4.91) v=+0.200 ω=+0.398 ok=True iters=7
08:42:31 [INFO] [PROG] s*=2.26/9.92 (22.8%) dist_goal=7.59
08:42:31 [INFO] [MPC] state=(-1.64,+4.96,-2.02) wp0=(-1.55,+4.89) v=+0.200 ω=+0.700 ok=True iters=7
08:42:31 [INFO] [PROG] s*=2.28/9.92 (22.9%) dist_goal=7.58
08:42:31 [INFO] [MPC] state=(-1.65,+4.94,-1.98) wp0=(-1.55,+4.88) v=+0.200 ω=+0.656 ok=True iters=7
08:42:31 [INFO] [PROG] s*=2.29/9.92 (23.1%) dist_goal=7.56
08:42:31 [INFO] [MPC] state=(-1.66,+4.93,-1.94) wp0=(-1.55,+4.86) v=+0.200 ω=+0.267 ok=True iters=7
08:42:31 [INFO] [PROG] s*=2.31/9.92 (23.3%) dist_goal=7.54
08:42:31 [INFO] [MPC] state=(-1.67,+4.91,-1.93) wp0=(-1.55,+4.84) v=+0.200 ω=+0.310 ok=True iters=7
08:42:31 [INFO] [PROG] s*=2.33/9.92 (23.5%) dist_goal=7.52
08:42:31 [INFO] [MPC] state=(-1.67,+4.89,-1.91) wp0=(-1.55,+4.82) v=+0.200 ω=+0.335 ok=True iters=7
08:42:31 [INFO] [PROG] s*=2.35/9.92 (23.7%) dist_goal=7.50
08:42:31 [INFO] [MPC] state=(-1.68,+4.87,-1.88) wp0=(-1.55,+4.80) v=+0.200 ω=+0.345 ok=True iters=7
08:42:31 [INFO] [PROG] s*=2.37/9.92 (23.9%) dist_goal=7.49
08:42:31 [INFO] [MPC] state=(-1.68,+4.85,-1.86) wp0=(-1.55,+4.79) v=+0.200 ω=+0.346 ok=True iters=7
08:42:31 [INFO] [PROG] s*=2.39/9.92 (24.0%) dist_goal=7.47
08:42:31 [INFO] [MPC] state=(-1.69,+4.84,-1.84) wp0=(-1.55,+4.77) v=+0.200 ω=+0.295 ok=True iters=7
08:42:31 [INFO] [PROG] s*=2.41/9.92 (24.2%) dist_goal=7.45
08:42:31 [INFO] [MPC] state=(-1.69,+4.82,-1.82) wp0=(-1.55,+4.75) v=+0.200 ω=+0.294 ok=True iters=7
08:42:31 [INFO] [PROG] s*=2.42/9.92 (24.4%) dist_goal=7.43
08:42:31 [INFO] [MPC] state=(-1.70,+4.80,-1.80) wp0=(-1.55,+4.73) v=+0.200 ω=+0.035 ok=True iters=7
08:42:31 [INFO] [PROG] s*=2.44/9.92 (24.6%) dist_goal=7.41
08:42:31 [INFO] [MPC] state=(-1.70,+4.78,-1.79) wp0=(-1.55,+4.71) v=+0.200 ω=+0.464 ok=True iters=7
08:42:31 [INFO] [PROG] s*=2.46/9.92 (24.8%) dist_goal=7.39
08:42:31 [INFO] [MPC] state=(-1.71,+4.76,-1.76) wp0=(-1.55,+4.69) v=+0.200 ω=+0.430 ok=True iters=7
08:42:31 [INFO] [PROG] s*=2.48/9.92 (25.0%) dist_goal=7.37
08:42:31 [INFO] [MPC] state=(-1.71,+4.74,-1.74) wp0=(-1.55,+4.67) v=+0.200 ω=+0.620 ok=True iters=7
08:42:31 [INFO] [PROG] s*=2.50/9.92 (25.2%) dist_goal=7.36
08:42:31 [INFO] [MPC] state=(-1.71,+4.72,-1.70) wp0=(-1.55,+4.66) v=+0.200 ω=+0.550 ok=True iters=7
08:42:31 [INFO] [PROG] s*=2.52/9.92 (25.4%) dist_goal=7.34
08:42:31 [INFO] [MPC] state=(-1.72,+4.71,-1.67) wp0=(-1.55,+4.64) v=+0.200 ω=+0.357 ok=True iters=7
08:42:31 [INFO] [PROG] s*=2.54/9.92 (25.5%) dist_goal=7.32
08:42:31 [INFO] [MPC] state=(-1.72,+4.69,-1.65) wp0=(-1.55,+4.62) v=+0.200 ω=+0.309 ok=True iters=7
08:42:31 [INFO] [PROG] s*=2.55/9.92 (25.7%) dist_goal=7.30
08:42:31 [INFO] [MPC] state=(-1.72,+4.67,-1.63) wp0=(-1.55,+4.60) v=+0.200 ω=+0.269 ok=True iters=7
08:42:31 [INFO] [PROG] s*=2.57/9.92 (25.9%) dist_goal=7.28
08:42:31 [INFO] [MPC] state=(-1.72,+4.65,-1.61) wp0=(-1.55,+4.58) v=+0.200 ω=+0.149 ok=True iters=7
08:42:31 [INFO] [PROG] s*=2.59/9.92 (26.1%) dist_goal=7.26
08:42:31 [INFO] [MPC] state=(-1.72,+4.63,-1.60) wp0=(-1.55,+4.56) v=+0.200 ω=+0.124 ok=True iters=7
08:42:31 [INFO] [PROG] s*=2.61/9.92 (26.3%) dist_goal=7.24
08:42:31 [INFO] [MPC] state=(-1.72,+4.61,-1.59) wp0=(-1.55,+4.54) v=+0.200 ω=+0.103 ok=True iters=7
08:42:31 [INFO] [PROG] s*=2.64/9.92 (26.6%) dist_goal=7.22
08:42:31 [INFO] [MPC] state=(-1.72,+4.59,-1.58) wp0=(-1.55,+4.52) v=+0.200 ω=+0.077 ok=True iters=7
08:42:31 [INFO] [PROG] s*=2.66/9.92 (26.8%) dist_goal=7.20
08:42:31 [INFO] [MPC] state=(-1.72,+4.57,-1.57) wp0=(-1.55,+4.50) v=+0.200 ω=+0.056 ok=True iters=7
08:42:31 [INFO] [PROG] s*=2.68/9.92 (27.0%) dist_goal=7.18
08:42:31 [INFO] [MPC] state=(-1.72,+4.55,-1.56) wp0=(-1.55,+4.48) v=+0.200 ω=+0.039 ok=True iters=7
08:42:32 [INFO] [PROG] s*=2.70/9.92 (27.2%) dist_goal=7.16
08:42:32 [INFO] [MPC] state=(-1.72,+4.53,-1.56) wp0=(-1.55,+4.46) v=+0.200 ω=+0.027 ok=True iters=7
08:42:32 [INFO] [PROG] s*=2.72/9.92 (27.4%) dist_goal=7.14
08:42:32 [INFO] [MPC] state=(-1.72,+4.51,-1.56) wp0=(-1.55,+4.44) v=+0.200 ω=+0.017 ok=True iters=7
08:42:32 [INFO] [PROG] s*=2.74/9.92 (27.6%) dist_goal=7.12
08:42:32 [INFO] [MPC] state=(-1.72,+4.49,-1.56) wp0=(-1.55,+4.42) v=+0.200 ω=+0.009 ok=True iters=7
08:42:32 [INFO] [PROG] s*=2.76/9.92 (27.8%) dist_goal=7.10
08:42:32 [INFO] [MPC] state=(-1.72,+4.47,-1.55) wp0=(-1.55,+4.40) v=+0.200 ω=+0.002 ok=True iters=7
08:42:32 [INFO] [PROG] s*=2.78/9.92 (28.0%) dist_goal=7.08
08:42:32 [INFO] [MPC] state=(-1.72,+4.45,-1.55) wp0=(-1.55,+4.38) v=+0.200 ω=-0.003 ok=True iters=7
08:42:32 [INFO] [PROG] s*=2.80/9.92 (28.2%) dist_goal=7.06
08:42:32 [INFO] [MPC] state=(-1.72,+4.43,-1.55) wp0=(-1.55,+4.36) v=+0.200 ω=-0.008 ok=True iters=7
08:42:32 [INFO] [PROG] s*=2.82/9.92 (28.4%) dist_goal=7.04
08:42:32 [INFO] [MPC] state=(-1.72,+4.41,-1.55) wp0=(-1.55,+4.34) v=+0.200 ω=-0.098 ok=True iters=7
08:42:32 [INFO] [PROG] s*=2.84/9.92 (28.6%) dist_goal=7.02
08:42:32 [INFO] [MPC] state=(-1.72,+4.39,-1.57) wp0=(-1.55,+4.32) v=+0.200 ω=-0.071 ok=True iters=7
08:42:32 [INFO] [PROG] s*=2.86/9.92 (28.8%) dist_goal=7.00
08:42:32 [INFO] [MPC] state=(-1.72,+4.37,-1.57) wp0=(-1.55,+4.29) v=+0.200 ω=-0.052 ok=True iters=7
08:42:32 [INFO] [PROG] s*=2.88/9.92 (29.0%) dist_goal=6.98
08:42:32 [INFO] [MPC] state=(-1.72,+4.34,-1.58) wp0=(-1.55,+4.28) v=+0.200 ω=-0.439 ok=True iters=7
08:42:32 [INFO] [PROG] s*=2.90/9.92 (29.2%) dist_goal=6.96
08:42:32 [INFO] [MPC] state=(-1.72,+4.33,-1.61) wp0=(-1.55,+4.26) v=+0.200 ω=-0.221 ok=True iters=7
08:42:32 [INFO] [PROG] s*=2.92/9.92 (29.4%) dist_goal=6.94
08:42:32 [INFO] [MPC] state=(-1.72,+4.31,-1.62) wp0=(-1.55,+4.24) v=+0.200 ω=-0.169 ok=True iters=7
08:42:32 [INFO] [PROG] s*=2.94/9.92 (29.6%) dist_goal=6.92
08:42:32 [INFO] [MPC] state=(-1.72,+4.29,-1.64) wp0=(-1.55,+4.22) v=+0.200 ω=-0.120 ok=True iters=7
08:42:32 [INFO] [PROG] s*=2.96/9.92 (29.8%) dist_goal=6.90
08:42:32 [INFO] [MPC] state=(-1.72,+4.27,-1.65) wp0=(-1.55,+4.20) v=+0.200 ω=-0.081 ok=True iters=7
08:42:32 [INFO] [PROG] s*=2.98/9.92 (30.0%) dist_goal=6.88
08:42:32 [INFO] [MPC] state=(-1.72,+4.25,-1.65) wp0=(-1.55,+4.18) v=+0.200 ω=-0.380 ok=True iters=7
08:42:32 [INFO] [PROG] s*=3.00/9.92 (30.2%) dist_goal=6.86
08:42:32 [INFO] [MPC] state=(-1.73,+4.23,-1.68) wp0=(-1.55,+4.16) v=+0.200 ω=-0.157 ok=True iters=7
08:42:32 [INFO] [PROG] s*=3.02/9.92 (30.4%) dist_goal=6.84
08:42:32 [INFO] [MPC] state=(-1.73,+4.21,-1.69) wp0=(-1.55,+4.14) v=+0.200 ω=-0.098 ok=True iters=7
08:42:32 [INFO] [PROG] s*=3.04/9.92 (30.6%) dist_goal=6.82
08:42:32 [INFO] [MPC] state=(-1.73,+4.19,-1.70) wp0=(-1.55,+4.12) v=+0.200 ω=-0.043 ok=True iters=7
08:42:32 [INFO] [PROG] s*=3.06/9.92 (30.8%) dist_goal=6.80
08:42:32 [INFO] [MPC] state=(-1.73,+4.17,-1.70) wp0=(-1.55,+4.10) v=+0.200 ω=-0.024 ok=True iters=7
08:42:32 [INFO] [PROG] s*=3.08/9.92 (31.0%) dist_goal=6.78
08:42:32 [INFO] [MPC] state=(-1.74,+4.15,-1.71) wp0=(-1.55,+4.08) v=+0.200 ω=-0.005 ok=True iters=7
08:42:32 [INFO] [PROG] s*=3.10/9.92 (31.2%) dist_goal=6.76
08:42:32 [INFO] [MPC] state=(-1.74,+4.13,-1.71) wp0=(-1.55,+4.06) v=+0.200 ω=+0.023 ok=True iters=7
08:42:32 [INFO] [PROG] s*=3.12/9.92 (31.4%) dist_goal=6.74
08:42:32 [INFO] [MPC] state=(-1.74,+4.11,-1.70) wp0=(-1.55,+4.04) v=+0.200 ω=+0.037 ok=True iters=7
08:42:32 [INFO] [PROG] s*=3.14/9.92 (31.6%) dist_goal=6.72
08:42:32 [INFO] [MPC] state=(-1.75,+4.09,-1.70) wp0=(-1.55,+4.02) v=+0.200 ω=-0.190 ok=True iters=7
08:42:32 [INFO] [PROG] s*=3.16/9.92 (31.8%) dist_goal=6.70
08:42:32 [INFO] [MPC] state=(-1.75,+4.07,-1.72) wp0=(-1.55,+4.00) v=+0.200 ω=-0.114 ok=True iters=7
08:42:32 [INFO] [PROG] s*=3.18/9.92 (32.0%) dist_goal=6.68
08:42:32 [INFO] [MPC] state=(-1.75,+4.05,-1.73) wp0=(-1.55,+3.98) v=+0.200 ω=+0.295 ok=True iters=7
08:42:32 [INFO] [PROG] s*=3.20/9.92 (32.2%) dist_goal=6.66
08:42:32 [INFO] [MPC] state=(-1.75,+4.03,-1.71) wp0=(-1.55,+3.96) v=+0.200 ω=+0.250 ok=True iters=7
08:42:32 [INFO] [PROG] s*=3.22/9.92 (32.4%) dist_goal=6.64
08:42:32 [INFO] [MPC] state=(-1.76,+4.01,-1.69) wp0=(-1.55,+3.94) v=+0.200 ω=+0.215 ok=True iters=7
08:42:32 [INFO] [PROG] s*=3.24/9.92 (32.6%) dist_goal=6.62
08:42:32 [INFO] [MPC] state=(-1.76,+3.99,-1.67) wp0=(-1.55,+3.92) v=+0.200 ω=+0.153 ok=True iters=7
08:42:32 [INFO] [PROG] s*=3.26/9.92 (32.8%) dist_goal=6.60
08:42:32 [INFO] [MPC] state=(-1.76,+3.97,-1.66) wp0=(-1.55,+3.90) v=+0.200 ω=+0.125 ok=True iters=7
08:42:32 [INFO] [PROG] s*=3.27/9.92 (33.0%) dist_goal=6.58
08:42:32 [INFO] [MPC] state=(-1.76,+3.95,-1.65) wp0=(-1.55,+3.88) v=+0.200 ω=+0.469 ok=True iters=7
08:42:32 [INFO] [PROG] s*=3.29/9.92 (33.2%) dist_goal=6.56
08:42:32 [INFO] [MPC] state=(-1.76,+3.93,-1.62) wp0=(-1.55,+3.86) v=+0.200 ω=+0.462 ok=True iters=7
08:42:32 [INFO] [PROG] s*=3.31/9.92 (33.3%) dist_goal=6.54
08:42:32 [INFO] [MPC] state=(-1.76,+3.91,-1.59) wp0=(-1.55,+3.84) v=+0.200 ω=+0.616 ok=True iters=7
08:42:32 [INFO] [PROG] s*=3.33/9.92 (33.5%) dist_goal=6.52
08:42:32 [INFO] [MPC] state=(-1.76,+3.89,-1.56) wp0=(-1.55,+3.82) v=+0.200 ω=+0.236 ok=True iters=7
08:42:32 [INFO] [PROG] s*=3.35/9.92 (33.7%) dist_goal=6.51
08:42:32 [INFO] [MPC] state=(-1.76,+3.87,-1.55) wp0=(-1.55,+3.80) v=+0.200 ω=+0.167 ok=True iters=7
08:42:32 [INFO] [PROG] s*=3.37/9.92 (33.9%) dist_goal=6.49
08:42:32 [INFO] [MPC] state=(-1.76,+3.85,-1.54) wp0=(-1.55,+3.79) v=+0.200 ω=+0.520 ok=True iters=7
08:42:32 [INFO] [PROG] s*=3.39/9.92 (34.1%) dist_goal=6.47
08:42:32 [INFO] [MPC] state=(-1.76,+3.84,-1.51) wp0=(-1.55,+3.77) v=+0.200 ω=+0.362 ok=True iters=7
08:42:32 [INFO] [PROG] s*=3.40/9.92 (34.3%) dist_goal=6.45
08:42:32 [INFO] [MPC] state=(-1.76,+3.82,-1.49) wp0=(-1.55,+3.75) v=+0.200 ω=+0.618 ok=True iters=7
08:42:32 [INFO] [PROG] s*=3.42/9.92 (34.5%) dist_goal=6.43
08:42:32 [INFO] [MPC] state=(-1.76,+3.80,-1.45) wp0=(-1.55,+3.73) v=+0.200 ω=+0.136 ok=True iters=7
08:42:32 [INFO] [PROG] s*=3.44/9.92 (34.7%) dist_goal=6.41
08:42:32 [INFO] [MPC] state=(-1.76,+3.78,-1.44) wp0=(-1.55,+3.71) v=+0.200 ω=+0.299 ok=True iters=7
08:42:32 [INFO] [PROG] s*=3.46/9.92 (34.9%) dist_goal=6.39
08:42:32 [INFO] [MPC] state=(-1.75,+3.76,-1.42) wp0=(-1.55,+3.69) v=+0.200 ω=+0.264 ok=True iters=7
08:42:32 [INFO] [PROG] s*=3.48/9.92 (35.1%) dist_goal=6.37
08:42:32 [INFO] [MPC] state=(-1.75,+3.74,-1.40) wp0=(-1.55,+3.67) v=+0.200 ω=+0.153 ok=True iters=7
08:42:32 [INFO] [PROG] s*=3.50/9.92 (35.3%) dist_goal=6.35
08:42:32 [INFO] [MPC] state=(-1.75,+3.72,-1.39) wp0=(-1.55,+3.65) v=+0.200 ω=+0.040 ok=True iters=7
08:42:32 [INFO] [PROG] s*=3.52/9.92 (35.5%) dist_goal=6.33
08:42:32 [INFO] [MPC] state=(-1.74,+3.70,-1.38) wp0=(-1.55,+3.63) v=+0.200 ω=-0.023 ok=True iters=7
08:42:32 [INFO] [PROG] s*=3.54/9.92 (35.7%) dist_goal=6.31
08:42:32 [INFO] [MPC] state=(-1.74,+3.68,-1.39) wp0=(-1.55,+3.61) v=+0.200 ω=-0.133 ok=True iters=7
08:42:32 [INFO] [PROG] s*=3.56/9.92 (35.9%) dist_goal=6.29
08:42:32 [INFO] [MPC] state=(-1.74,+3.66,-1.40) wp0=(-1.55,+3.59) v=+0.200 ω=-0.143 ok=True iters=7
08:42:32 [INFO] [PROG] s*=3.58/9.92 (36.1%) dist_goal=6.27
08:42:32 [INFO] [MPC] state=(-1.73,+3.64,-1.41) wp0=(-1.55,+3.57) v=+0.200 ω=-0.149 ok=True iters=7
08:42:32 [INFO] [PROG] s*=3.60/9.92 (36.3%) dist_goal=6.25
08:42:32 [INFO] [MPC] state=(-1.73,+3.62,-1.42) wp0=(-1.55,+3.55) v=+0.200 ω=-0.150 ok=True iters=7
08:42:32 [INFO] [PROG] s*=3.62/9.92 (36.5%) dist_goal=6.23
08:42:32 [INFO] [MPC] state=(-1.73,+3.60,-1.43) wp0=(-1.55,+3.53) v=+0.200 ω=-0.150 ok=True iters=7
08:42:32 [INFO] [PROG] s*=3.64/9.92 (36.7%) dist_goal=6.21
08:42:32 [INFO] [MPC] state=(-1.72,+3.58,-1.45) wp0=(-1.55,+3.51) v=+0.200 ω=-0.036 ok=True iters=7
08:42:32 [INFO] [PROG] s*=3.66/9.92 (36.9%) dist_goal=6.19
08:42:32 [INFO] [MPC] state=(-1.72,+3.56,-1.45) wp0=(-1.55,+3.49) v=+0.200 ω=-0.493 ok=True iters=7
08:42:32 [INFO] [PROG] s*=3.68/9.92 (37.1%) dist_goal=6.17
08:42:32 [INFO] [MPC] state=(-1.72,+3.54,-1.48) wp0=(-1.55,+3.47) v=+0.200 ω=-0.355 ok=True iters=7
08:42:32 [INFO] [PROG] s*=3.70/9.92 (37.3%) dist_goal=6.15
08:42:32 [INFO] [MPC] state=(-1.72,+3.52,-1.50) wp0=(-1.55,+3.45) v=+0.200 ω=-0.305 ok=True iters=7
08:42:32 [INFO] [PROG] s*=3.72/9.92 (37.5%) dist_goal=6.13
08:42:32 [INFO] [MPC] state=(-1.72,+3.50,-1.53) wp0=(-1.55,+3.43) v=+0.200 ω=-0.126 ok=True iters=7
08:42:32 [INFO] [PROG] s*=3.74/9.92 (37.7%) dist_goal=6.11
08:42:32 [INFO] [MPC] state=(-1.72,+3.48,-1.54) wp0=(-1.55,+3.41) v=+0.200 ω=-0.105 ok=True iters=7
08:42:32 [INFO] [PROG] s*=3.76/9.92 (37.9%) dist_goal=6.09
08:42:32 [INFO] [MPC] state=(-1.71,+3.46,-1.55) wp0=(-1.55,+3.39) v=+0.200 ω=-0.085 ok=True iters=7
08:42:32 [INFO] [PROG] s*=3.78/9.92 (38.1%) dist_goal=6.07
08:42:32 [INFO] [MPC] state=(-1.71,+3.44,-1.55) wp0=(-1.55,+3.37) v=+0.200 ω=-0.068 ok=True iters=7
08:42:32 [INFO] [PROG] s*=3.80/9.92 (38.3%) dist_goal=6.05
08:42:32 [INFO] [MPC] state=(-1.71,+3.42,-1.56) wp0=(-1.55,+3.35) v=+0.200 ω=-0.052 ok=True iters=7
08:42:32 [INFO] [PROG] s*=3.82/9.92 (38.5%) dist_goal=6.03
08:42:32 [INFO] [MPC] state=(-1.71,+3.40,-1.57) wp0=(-1.55,+3.33) v=+0.200 ω=-0.038 ok=True iters=7
08:42:32 [INFO] [PROG] s*=3.84/9.92 (38.7%) dist_goal=6.01
08:42:32 [INFO] [MPC] state=(-1.71,+3.38,-1.57) wp0=(-1.55,+3.31) v=+0.200 ω=-0.028 ok=True iters=7
08:42:32 [INFO] [PROG] s*=3.86/9.92 (38.9%) dist_goal=5.99
08:42:32 [INFO] [MPC] state=(-1.71,+3.36,-1.57) wp0=(-1.55,+3.29) v=+0.200 ω=-0.020 ok=True iters=7
08:42:32 [INFO] [PROG] s*=3.88/9.92 (39.1%) dist_goal=5.97
08:42:32 [INFO] [MPC] state=(-1.71,+3.34,-1.58) wp0=(-1.55,+3.27) v=+0.200 ω=-0.015 ok=True iters=7
08:42:32 [INFO] [PROG] s*=3.90/9.92 (39.3%) dist_goal=5.95
08:42:32 [INFO] [MPC] state=(-1.71,+3.32,-1.58) wp0=(-1.55,+3.25) v=+0.200 ω=-0.010 ok=True iters=7
08:42:32 [INFO] [PROG] s*=3.92/9.92 (39.5%) dist_goal=5.93
08:42:32 [INFO] [MPC] state=(-1.71,+3.30,-1.58) wp0=(-1.55,+3.23) v=+0.200 ω=-0.007 ok=True iters=7
08:42:32 [INFO] [PROG] s*=3.94/9.92 (39.7%) dist_goal=5.91
08:42:32 [INFO] [MPC] state=(-1.71,+3.28,-1.58) wp0=(-1.55,+3.21) v=+0.200 ω=-0.004 ok=True iters=7
08:42:32 [INFO] [PROG] s*=3.96/9.92 (39.9%) dist_goal=5.89
08:42:32 [INFO] [MPC] state=(-1.71,+3.26,-1.58) wp0=(-1.55,+3.19) v=+0.200 ω=-0.002 ok=True iters=7
08:42:32 [INFO] [PROG] s*=3.98/9.92 (40.1%) dist_goal=5.87
08:42:32 [INFO] [MPC] state=(-1.71,+3.24,-1.58) wp0=(-1.55,+3.17) v=+0.200 ω=-0.001 ok=True iters=7
08:42:32 [INFO] [PROG] s*=4.00/9.92 (40.3%) dist_goal=5.85
08:42:32 [INFO] [MPC] state=(-1.71,+3.22,-1.58) wp0=(-1.55,+3.15) v=+0.200 ω=+0.000 ok=True iters=7
08:42:32 [INFO] [PROG] s*=4.02/9.92 (40.5%) dist_goal=5.83
08:42:32 [INFO] [MPC] state=(-1.72,+3.20,-1.58) wp0=(-1.55,+3.13) v=+0.200 ω=+0.254 ok=True iters=8
08:42:32 [INFO] [PROG] s*=4.04/9.92 (40.7%) dist_goal=5.81
08:42:32 [INFO] [MPC] state=(-1.72,+3.18,-1.56) wp0=(-1.55,+3.11) v=+0.200 ω=-0.039 ok=True iters=7
08:42:32 [INFO] [PROG] s*=4.06/9.92 (40.9%) dist_goal=5.79
08:42:32 [INFO] [MPC] state=(-1.71,+3.16,-1.57) wp0=(-1.55,+3.09) v=+0.200 ω=-0.032 ok=True iters=7
08:42:32 [INFO] [PROG] s*=4.08/9.92 (41.1%) dist_goal=5.77
08:42:32 [INFO] [MPC] state=(-1.71,+3.14,-1.57) wp0=(-1.55,+3.07) v=+0.200 ω=-0.025 ok=True iters=7
08:42:32 [INFO] [PROG] s*=4.10/9.92 (41.3%) dist_goal=5.75
08:42:32 [INFO] [MPC] state=(-1.71,+3.12,-1.57) wp0=(-1.55,+3.05) v=+0.200 ω=-0.020 ok=True iters=7
08:42:32 [INFO] [PROG] s*=4.12/9.92 (41.5%) dist_goal=5.73
08:42:32 [INFO] [MPC] state=(-1.71,+3.10,-1.57) wp0=(-1.55,+3.03) v=+0.200 ω=+0.245 ok=True iters=8
08:42:32 [INFO] [PROG] s*=4.14/9.92 (41.7%) dist_goal=5.71
08:42:32 [INFO] [MPC] state=(-1.71,+3.08,-1.56) wp0=(-1.55,+3.01) v=+0.200 ω=-0.055 ok=True iters=7
08:42:32 [INFO] [PROG] s*=4.16/9.92 (41.9%) dist_goal=5.69
08:42:32 [INFO] [MPC] state=(-1.71,+3.06,-1.56) wp0=(-1.55,+2.99) v=+0.200 ω=-0.470 ok=True iters=7
08:42:32 [INFO] [PROG] s*=4.18/9.92 (42.1%) dist_goal=5.67
08:42:32 [INFO] [MPC] state=(-1.71,+3.04,-1.60) wp0=(-1.55,+2.97) v=+0.200 ω=-0.229 ok=True iters=7
08:42:32 [INFO] [PROG] s*=4.20/9.92 (42.3%) dist_goal=5.65
08:42:32 [INFO] [MPC] state=(-1.72,+3.02,-1.61) wp0=(-1.55,+2.95) v=+0.200 ω=-0.175 ok=True iters=7
08:42:32 [INFO] [PROG] s*=4.22/9.92 (42.5%) dist_goal=5.63
08:42:32 [INFO] [MPC] state=(-1.72,+3.00,-1.63) wp0=(-1.55,+2.93) v=+0.200 ω=-0.125 ok=True iters=7
08:42:32 [INFO] [PROG] s*=4.24/9.92 (42.7%) dist_goal=5.61
08:42:32 [INFO] [MPC] state=(-1.72,+2.98,-1.64) wp0=(-1.55,+2.91) v=+0.200 ω=-0.081 ok=True iters=7
08:42:32 [INFO] [PROG] s*=4.26/9.92 (42.9%) dist_goal=5.59
08:42:32 [INFO] [MPC] state=(-1.72,+2.96,-1.65) wp0=(-1.55,+2.89) v=+0.200 ω=-0.113 ok=True iters=7
08:42:32 [INFO] [PROG] s*=4.28/9.92 (43.1%) dist_goal=5.57
08:42:32 [INFO] [MPC] state=(-1.72,+2.94,-1.66) wp0=(-1.55,+2.87) v=+0.200 ω=-0.066 ok=True iters=7
08:42:32 [INFO] [PROG] s*=4.30/9.92 (43.4%) dist_goal=5.55
08:42:32 [INFO] [MPC] state=(-1.72,+2.92,-1.66) wp0=(-1.55,+2.85) v=+0.200 ω=-0.029 ok=True iters=7
08:42:32 [INFO] [PROG] s*=4.32/9.92 (43.6%) dist_goal=5.53
08:42:32 [INFO] [MPC] state=(-1.72,+2.90,-1.67) wp0=(-1.55,+2.83) v=+0.200 ω=-0.027 ok=True iters=7
08:42:32 [INFO] [PROG] s*=4.34/9.92 (43.8%) dist_goal=5.51
08:42:32 [INFO] [MPC] state=(-1.73,+2.88,-1.67) wp0=(-1.55,+2.81) v=+0.200 ω=-0.309 ok=True iters=7
08:42:32 [INFO] [PROG] s*=4.36/9.92 (44.0%) dist_goal=5.49
08:42:32 [INFO] [MPC] state=(-1.73,+2.86,-1.69) wp0=(-1.55,+2.79) v=+0.200 ω=-0.100 ok=True iters=7
08:42:32 [INFO] [PROG] s*=4.38/9.92 (44.2%) dist_goal=5.47
08:42:32 [INFO] [MPC] state=(-1.73,+2.84,-1.70) wp0=(-1.55,+2.77) v=+0.200 ω=-0.046 ok=True iters=7
08:42:32 [INFO] [PROG] s*=4.40/9.92 (44.4%) dist_goal=5.45
08:42:32 [INFO] [MPC] state=(-1.73,+2.82,-1.70) wp0=(-1.55,+2.75) v=+0.200 ω=-0.022 ok=True iters=7
08:42:32 [INFO] [PROG] s*=4.42/9.92 (44.6%) dist_goal=5.43
08:42:32 [INFO] [MPC] state=(-1.74,+2.80,-1.71) wp0=(-1.55,+2.73) v=+0.200 ω=-0.009 ok=True iters=7
08:42:32 [INFO] [PROG] s*=4.44/9.92 (44.8%) dist_goal=5.41
08:42:32 [INFO] [MPC] state=(-1.74,+2.78,-1.71) wp0=(-1.55,+2.71) v=+0.200 ω=+0.020 ok=True iters=7
08:42:32 [INFO] [PROG] s*=4.46/9.92 (45.0%) dist_goal=5.39
08:42:32 [INFO] [MPC] state=(-1.74,+2.76,-1.70) wp0=(-1.55,+2.69) v=+0.200 ω=+0.038 ok=True iters=7
08:42:32 [INFO] [PROG] s*=4.48/9.92 (45.2%) dist_goal=5.37
08:42:32 [INFO] [MPC] state=(-1.75,+2.74,-1.70) wp0=(-1.55,+2.67) v=+0.200 ω=-0.193 ok=True iters=7
08:42:32 [INFO] [PROG] s*=4.50/9.92 (45.4%) dist_goal=5.35
08:42:32 [INFO] [MPC] state=(-1.75,+2.72,-1.71) wp0=(-1.55,+2.65) v=+0.200 ω=-0.116 ok=True iters=7
08:42:32 [INFO] [PROG] s*=4.52/9.92 (45.6%) dist_goal=5.33
08:42:32 [INFO] [MPC] state=(-1.75,+2.70,-1.73) wp0=(-1.55,+2.63) v=+0.200 ω=+0.291 ok=True iters=7
08:42:32 [INFO] [PROG] s*=4.54/9.92 (45.8%) dist_goal=5.31
08:42:32 [INFO] [MPC] state=(-1.75,+2.68,-1.71) wp0=(-1.55,+2.61) v=+0.200 ω=+0.250 ok=True iters=7
08:42:32 [INFO] [PROG] s*=4.56/9.92 (46.0%) dist_goal=5.29
08:42:32 [INFO] [MPC] state=(-1.76,+2.66,-1.69) wp0=(-1.55,+2.59) v=+0.200 ω=-0.126 ok=True iters=7
08:42:32 [INFO] [PROG] s*=4.58/9.92 (46.2%) dist_goal=5.27
08:42:32 [INFO] [MPC] state=(-1.76,+2.64,-1.70) wp0=(-1.55,+2.57) v=+0.200 ω=+0.299 ok=True iters=7
08:42:32 [INFO] [PROG] s*=4.60/9.92 (46.3%) dist_goal=5.25
08:42:32 [INFO] [MPC] state=(-1.76,+2.62,-1.68) wp0=(-1.55,+2.55) v=+0.200 ω=+0.314 ok=True iters=7
08:42:32 [INFO] [PROG] s*=4.62/9.92 (46.5%) dist_goal=5.24
08:42:32 [INFO] [MPC] state=(-1.76,+2.60,-1.66) wp0=(-1.55,+2.53) v=+0.200 ω=+0.493 ok=True iters=7
08:42:32 [INFO] [PROG] s*=4.64/9.92 (46.7%) dist_goal=5.22
08:42:32 [INFO] [MPC] state=(-1.76,+2.58,-1.63) wp0=(-1.55,+2.52) v=+0.200 ω=+0.491 ok=True iters=7
08:42:32 [INFO] [PROG] s*=4.65/9.92 (46.9%) dist_goal=5.20
08:42:32 [INFO] [MPC] state=(-1.77,+2.57,-1.60) wp0=(-1.55,+2.50) v=+0.200 ω=+0.419 ok=True iters=7
08:42:32 [INFO] [PROG] s*=4.67/9.92 (47.1%) dist_goal=5.18
08:42:32 [INFO] [MPC] state=(-1.77,+2.55,-1.58) wp0=(-1.55,+2.48) v=+0.200 ω=+0.643 ok=True iters=7
08:42:32 [INFO] [PROG] s*=4.69/9.92 (47.3%) dist_goal=5.16
08:42:32 [INFO] [MPC] state=(-1.77,+2.53,-1.55) wp0=(-1.55,+2.46) v=+0.200 ω=+0.199 ok=True iters=7
08:42:32 [INFO] [PROG] s*=4.71/9.92 (47.5%) dist_goal=5.14
08:42:32 [INFO] [MPC] state=(-1.76,+2.51,-1.53) wp0=(-1.55,+2.44) v=+0.200 ω=+0.501 ok=True iters=7
08:42:32 [INFO] [PROG] s*=4.73/9.92 (47.6%) dist_goal=5.13
08:42:32 [INFO] [MPC] state=(-1.76,+2.49,-1.51) wp0=(-1.55,+2.42) v=+0.200 ω=+0.375 ok=True iters=7
08:42:32 [INFO] [PROG] s*=4.75/9.92 (47.8%) dist_goal=5.11
08:42:32 [INFO] [MPC] state=(-1.76,+2.47,-1.48) wp0=(-1.55,+2.41) v=+0.200 ω=+0.598 ok=True iters=7
08:42:32 [INFO] [PROG] s*=4.77/9.92 (48.0%) dist_goal=5.09
08:42:32 [INFO] [MPC] state=(-1.76,+2.46,-1.45) wp0=(-1.55,+2.39) v=+0.200 ω=+0.154 ok=True iters=7
08:42:32 [INFO] [PROG] s*=4.79/9.92 (48.2%) dist_goal=5.07
08:42:32 [INFO] [MPC] state=(-1.76,+2.44,-1.44) wp0=(-1.55,+2.37) v=+0.200 ω=+0.069 ok=True iters=7
08:42:32 [INFO] [PROG] s*=4.81/9.92 (48.4%) dist_goal=5.05
08:42:32 [INFO] [MPC] state=(-1.76,+2.42,-1.43) wp0=(-1.55,+2.35) v=+0.200 ω=+0.329 ok=True iters=7
08:42:32 [INFO] [PROG] s*=4.82/9.92 (48.6%) dist_goal=5.03
08:42:32 [INFO] [MPC] state=(-1.75,+2.40,-1.41) wp0=(-1.55,+2.33) v=+0.200 ω=+0.207 ok=True iters=7
08:42:32 [INFO] [PROG] s*=4.84/9.92 (48.8%) dist_goal=5.01
08:42:32 [INFO] [MPC] state=(-1.75,+2.38,-1.39) wp0=(-1.55,+2.31) v=+0.200 ω=+0.083 ok=True iters=7
08:42:32 [INFO] [PROG] s*=4.86/9.92 (49.0%) dist_goal=4.99
08:42:32 [INFO] [MPC] state=(-1.75,+2.36,-1.38) wp0=(-1.55,+2.29) v=+0.200 ω=+0.006 ok=True iters=7
08:42:32 [INFO] [PROG] s*=4.88/9.92 (49.2%) dist_goal=4.97
08:42:32 [INFO] [MPC] state=(-1.74,+2.34,-1.38) wp0=(-1.55,+2.27) v=+0.200 ω=-0.046 ok=True iters=7
08:42:32 [INFO] [PROG] s*=4.90/9.92 (49.4%) dist_goal=4.95
08:42:32 [INFO] [MPC] state=(-1.74,+2.32,-1.39) wp0=(-1.55,+2.25) v=+0.200 ω=-0.147 ok=True iters=7
08:42:32 [INFO] [PROG] s*=4.92/9.92 (49.6%) dist_goal=4.93
08:42:32 [INFO] [MPC] state=(-1.73,+2.30,-1.40) wp0=(-1.55,+2.23) v=+0.200 ω=-0.154 ok=True iters=7
08:42:32 [INFO] [PROG] s*=4.94/9.92 (49.8%) dist_goal=4.91
08:42:32 [INFO] [MPC] state=(-1.73,+2.28,-1.41) wp0=(-1.55,+2.21) v=+0.200 ω=-0.158 ok=True iters=7
08:42:32 [INFO] [PROG] s*=4.96/9.92 (50.0%) dist_goal=4.89
08:42:32 [INFO] [MPC] state=(-1.73,+2.26,-1.43) wp0=(-1.55,+2.19) v=+0.200 ω=-0.157 ok=True iters=7
08:42:32 [INFO] [PROG] s*=4.98/9.92 (50.2%) dist_goal=4.87
08:42:32 [INFO] [MPC] state=(-1.72,+2.24,-1.44) wp0=(-1.55,+2.17) v=+0.200 ω=-0.154 ok=True iters=7
08:42:32 [INFO] [PROG] s*=5.00/9.92 (50.4%) dist_goal=4.85
08:42:32 [INFO] [MPC] state=(-1.72,+2.22,-1.45) wp0=(-1.55,+2.15) v=+0.200 ω=-0.039 ok=True iters=7
08:42:32 [INFO] [PROG] s*=5.02/9.92 (50.6%) dist_goal=4.83
08:42:32 [INFO] [MPC] state=(-1.72,+2.20,-1.46) wp0=(-1.55,+2.13) v=+0.200 ω=-0.495 ok=True iters=7
08:42:32 [INFO] [PROG] s*=5.04/9.92 (50.8%) dist_goal=4.81
08:42:32 [INFO] [MPC] state=(-1.72,+2.18,-1.49) wp0=(-1.55,+2.11) v=+0.200 ω=-0.355 ok=True iters=7
08:42:32 [INFO] [PROG] s*=5.06/9.92 (51.0%) dist_goal=4.79
08:42:32 [INFO] [MPC] state=(-1.72,+2.16,-1.51) wp0=(-1.55,+2.09) v=+0.200 ω=-0.304 ok=True iters=7
08:42:32 [INFO] [PROG] s*=5.08/9.92 (51.2%) dist_goal=4.77
08:42:32 [INFO] [MPC] state=(-1.72,+2.14,-1.53) wp0=(-1.55,+2.07) v=+0.200 ω=-0.127 ok=True iters=7
08:42:32 [INFO] [PROG] s*=5.10/9.92 (51.4%) dist_goal=4.75
08:42:32 [INFO] [MPC] state=(-1.71,+2.12,-1.54) wp0=(-1.55,+2.05) v=+0.200 ω=-0.096 ok=True iters=7
08:42:32 [INFO] [PROG] s*=5.12/9.92 (51.6%) dist_goal=4.73
08:42:32 [INFO] [MPC] state=(-1.71,+2.10,-1.55) wp0=(-1.55,+2.03) v=+0.200 ω=-0.074 ok=True iters=7
08:42:32 [INFO] [PROG] s*=5.14/9.92 (51.8%) dist_goal=4.71
08:42:32 [INFO] [MPC] state=(-1.71,+2.08,-1.56) wp0=(-1.55,+2.01) v=+0.200 ω=-0.058 ok=True iters=7
08:42:32 [INFO] [PROG] s*=5.16/9.92 (52.0%) dist_goal=4.69
08:42:32 [INFO] [MPC] state=(-1.71,+2.06,-1.57) wp0=(-1.55,+1.99) v=+0.200 ω=-0.044 ok=True iters=7
08:42:32 [INFO] [PROG] s*=5.18/9.92 (52.2%) dist_goal=4.67
08:42:32 [INFO] [MPC] state=(-1.71,+2.04,-1.57) wp0=(-1.55,+1.97) v=+0.200 ω=-0.034 ok=True iters=7
08:42:32 [INFO] [PROG] s*=5.20/9.92 (52.4%) dist_goal=4.65
08:42:32 [INFO] [MPC] state=(-1.71,+2.02,-1.57) wp0=(-1.55,+1.95) v=+0.200 ω=-0.025 ok=True iters=7
08:42:32 [INFO] [PROG] s*=5.22/9.92 (52.6%) dist_goal=4.63
08:42:32 [INFO] [MPC] state=(-1.71,+2.00,-1.58) wp0=(-1.55,+1.93) v=+0.200 ω=-0.018 ok=True iters=7
08:42:32 [INFO] [PROG] s*=5.24/9.92 (52.8%) dist_goal=4.61
08:42:32 [INFO] [MPC] state=(-1.71,+1.98,-1.58) wp0=(-1.55,+1.91) v=+0.200 ω=-0.013 ok=True iters=7
08:42:32 [INFO] [PROG] s*=5.26/9.92 (53.0%) dist_goal=4.59
08:42:32 [INFO] [MPC] state=(-1.71,+1.96,-1.58) wp0=(-1.55,+1.89) v=+0.200 ω=-0.009 ok=True iters=7
08:42:32 [INFO] [PROG] s*=5.28/9.92 (53.3%) dist_goal=4.57
08:42:32 [INFO] [MPC] state=(-1.71,+1.94,-1.58) wp0=(-1.55,+1.87) v=+0.200 ω=-0.005 ok=True iters=7
08:42:32 [INFO] [PROG] s*=5.31/9.92 (53.5%) dist_goal=4.55
08:42:32 [INFO] [MPC] state=(-1.71,+1.92,-1.58) wp0=(-1.55,+1.85) v=+0.200 ω=-0.002 ok=True iters=7
08:42:32 [INFO] [PROG] s*=5.33/9.92 (53.7%) dist_goal=4.53
08:42:32 [INFO] [MPC] state=(-1.71,+1.90,-1.58) wp0=(-1.55,+1.83) v=+0.200 ω=-0.000 ok=True iters=7
08:42:32 [INFO] [PROG] s*=5.35/9.92 (53.9%) dist_goal=4.51
08:42:32 [INFO] [MPC] state=(-1.71,+1.88,-1.58) wp0=(-1.55,+1.81) v=+0.200 ω=+0.001 ok=True iters=7
08:42:32 [INFO] [PROG] s*=5.37/9.92 (54.1%) dist_goal=4.49
08:42:32 [INFO] [MPC] state=(-1.71,+1.86,-1.58) wp0=(-1.55,+1.79) v=+0.200 ω=+0.002 ok=True iters=7
08:42:32 [INFO] [PROG] s*=5.39/9.92 (54.3%) dist_goal=4.47
08:42:32 [INFO] [MPC] state=(-1.71,+1.84,-1.58) wp0=(-1.55,+1.77) v=+0.200 ω=+0.002 ok=True iters=7
08:42:32 [INFO] [PROG] s*=5.41/9.92 (54.5%) dist_goal=4.45
08:42:32 [INFO] [MPC] state=(-1.72,+1.82,-1.58) wp0=(-1.55,+1.75) v=+0.200 ω=+0.003 ok=True iters=7
08:42:32 [INFO] [PROG] s*=5.43/9.92 (54.7%) dist_goal=4.43
08:42:32 [INFO] [MPC] state=(-1.72,+1.80,-1.58) wp0=(-1.55,+1.73) v=+0.200 ω=+0.003 ok=True iters=7
08:42:32 [INFO] [PROG] s*=5.45/9.92 (54.9%) dist_goal=4.41
08:42:32 [INFO] [MPC] state=(-1.72,+1.78,-1.58) wp0=(-1.55,+1.71) v=+0.200 ω=+0.003 ok=True iters=7
08:42:32 [INFO] [PROG] s*=5.47/9.92 (55.1%) dist_goal=4.39
08:42:32 [INFO] [MPC] state=(-1.72,+1.76,-1.58) wp0=(-1.55,+1.69) v=+0.200 ω=+0.002 ok=True iters=7
08:42:32 [INFO] [PROG] s*=5.49/9.92 (55.3%) dist_goal=4.37
08:42:32 [INFO] [MPC] state=(-1.72,+1.74,-1.58) wp0=(-1.55,+1.67) v=+0.200 ω=+0.003 ok=True iters=7
08:42:32 [INFO] [PROG] s*=5.51/9.92 (55.5%) dist_goal=4.35
08:42:32 [INFO] [MPC] state=(-1.72,+1.72,-1.57) wp0=(-1.55,+1.65) v=+0.200 ω=+0.002 ok=True iters=7
08:42:32 [INFO] [PROG] s*=5.53/9.92 (55.7%) dist_goal=4.33
08:42:32 [INFO] [MPC] state=(-1.72,+1.70,-1.57) wp0=(-1.55,+1.63) v=+0.200 ω=-0.422 ok=True iters=7
08:42:32 [INFO] [PROG] s*=5.55/9.92 (55.9%) dist_goal=4.31
08:42:32 [INFO] [MPC] state=(-1.72,+1.68,-1.60) wp0=(-1.55,+1.61) v=+0.200 ω=-0.194 ok=True iters=7
08:42:32 [INFO] [PROG] s*=5.57/9.92 (56.1%) dist_goal=4.29
08:42:32 [INFO] [MPC] state=(-1.72,+1.66,-1.62) wp0=(-1.55,+1.59) v=+0.200 ω=-0.144 ok=True iters=7
08:42:32 [INFO] [PROG] s*=5.59/9.92 (56.3%) dist_goal=4.27
08:42:32 [INFO] [MPC] state=(-1.72,+1.64,-1.63) wp0=(-1.55,+1.57) v=+0.200 ω=-0.100 ok=True iters=7
08:42:32 [INFO] [PROG] s*=5.61/9.92 (56.5%) dist_goal=4.25
08:42:32 [INFO] [MPC] state=(-1.72,+1.62,-1.64) wp0=(-1.55,+1.55) v=+0.200 ω=-0.129 ok=True iters=7
08:42:32 [INFO] [PROG] s*=5.63/9.92 (56.7%) dist_goal=4.23
08:42:32 [INFO] [MPC] state=(-1.72,+1.60,-1.65) wp0=(-1.55,+1.53) v=+0.200 ω=-0.082 ok=True iters=7
08:42:32 [INFO] [PROG] s*=5.65/9.92 (56.9%) dist_goal=4.21
08:42:32 [INFO] [MPC] state=(-1.72,+1.58,-1.66) wp0=(-1.55,+1.51) v=+0.200 ω=-0.040 ok=True iters=7
08:42:33 [INFO] [PROG] s*=5.67/9.92 (57.1%) dist_goal=4.19
08:42:33 [INFO] [MPC] state=(-1.72,+1.56,-1.66) wp0=(-1.55,+1.48) v=+0.200 ω=-0.027 ok=True iters=7
08:42:33 [INFO] [PROG] s*=5.69/9.92 (57.3%) dist_goal=4.17
08:42:33 [INFO] [MPC] state=(-1.73,+1.53,-1.67) wp0=(-1.55,+1.47) v=+0.200 ω=-0.320 ok=True iters=7
08:42:33 [INFO] [PROG] s*=5.71/9.92 (57.5%) dist_goal=4.15
08:42:33 [INFO] [MPC] state=(-1.73,+1.52,-1.69) wp0=(-1.55,+1.45) v=+0.200 ω=-0.109 ok=True iters=7
08:42:33 [INFO] [PROG] s*=5.73/9.92 (57.7%) dist_goal=4.13
08:42:33 [INFO] [MPC] state=(-1.73,+1.50,-1.70) wp0=(-1.55,+1.43) v=+0.200 ω=-0.054 ok=True iters=7
08:42:33 [INFO] [PROG] s*=5.75/9.92 (57.9%) dist_goal=4.11
08:42:33 [INFO] [MPC] state=(-1.73,+1.48,-1.70) wp0=(-1.55,+1.41) v=+0.200 ω=-0.022 ok=True iters=7
08:42:33 [INFO] [PROG] s*=5.77/9.92 (58.1%) dist_goal=4.09
08:42:33 [INFO] [MPC] state=(-1.74,+1.46,-1.71) wp0=(-1.55,+1.38) v=+0.200 ω=-0.014 ok=True iters=7
08:42:33 [INFO] [PROG] s*=5.79/9.92 (58.3%) dist_goal=4.07
08:42:33 [INFO] [MPC] state=(-1.74,+1.43,-1.71) wp0=(-1.55,+1.36) v=+0.200 ω=+0.016 ok=True iters=7
08:42:33 [INFO] [PROG] s*=5.81/9.92 (58.5%) dist_goal=4.05
08:42:33 [INFO] [MPC] state=(-1.74,+1.41,-1.70) wp0=(-1.55,+1.34) v=+0.200 ω=+0.037 ok=True iters=7
08:42:33 [INFO] [PROG] s*=5.83/9.92 (58.7%) dist_goal=4.03
08:42:33 [INFO] [MPC] state=(-1.74,+1.39,-1.70) wp0=(-1.55,+1.33) v=+0.200 ω=-0.196 ok=True iters=7
08:42:33 [INFO] [PROG] s*=5.85/9.92 (58.9%) dist_goal=4.01
08:42:33 [INFO] [MPC] state=(-1.75,+1.38,-1.71) wp0=(-1.55,+1.31) v=+0.200 ω=-0.119 ok=True iters=7
08:42:33 [INFO] [PROG] s*=5.87/9.92 (59.1%) dist_goal=3.99
08:42:33 [INFO] [MPC] state=(-1.75,+1.36,-1.73) wp0=(-1.55,+1.29) v=+0.200 ω=+0.278 ok=True iters=7
08:42:33 [INFO] [PROG] s*=5.89/9.92 (59.3%) dist_goal=3.97
08:42:33 [INFO] [MPC] state=(-1.75,+1.34,-1.71) wp0=(-1.55,+1.27) v=+0.200 ω=+0.249 ok=True iters=7
08:42:33 [INFO] [PROG] s*=5.91/9.92 (59.5%) dist_goal=3.95
08:42:33 [INFO] [MPC] state=(-1.76,+1.32,-1.69) wp0=(-1.55,+1.25) v=+0.200 ω=-0.127 ok=True iters=7
08:42:33 [INFO] [PROG] s*=5.93/9.92 (59.7%) dist_goal=3.93
08:42:33 [INFO] [MPC] state=(-1.76,+1.30,-1.70) wp0=(-1.55,+1.23) v=+0.200 ω=+0.286 ok=True iters=7
08:42:33 [INFO] [PROG] s*=5.94/9.92 (59.9%) dist_goal=3.91
08:42:33 [INFO] [MPC] state=(-1.76,+1.28,-1.68) wp0=(-1.55,+1.21) v=+0.200 ω=+0.317 ok=True iters=7
08:42:33 [INFO] [PROG] s*=5.96/9.92 (60.1%) dist_goal=3.89
08:42:33 [INFO] [MPC] state=(-1.76,+1.26,-1.66) wp0=(-1.55,+1.19) v=+0.200 ω=+0.480 ok=True iters=7
08:42:33 [INFO] [PROG] s*=5.98/9.92 (60.3%) dist_goal=3.87
08:42:33 [INFO] [MPC] state=(-1.76,+1.24,-1.63) wp0=(-1.55,+1.17) v=+0.200 ω=+0.475 ok=True iters=7
08:42:33 [INFO] [PROG] s*=6.00/9.92 (60.5%) dist_goal=3.85
08:42:33 [INFO] [MPC] state=(-1.76,+1.22,-1.60) wp0=(-1.55,+1.15) v=+0.200 ω=+0.418 ok=True iters=7
08:42:33 [INFO] [PROG] s*=6.02/9.92 (60.6%) dist_goal=3.84
08:42:33 [INFO] [MPC] state=(-1.77,+1.20,-1.58) wp0=(-1.55,+1.14) v=+0.200 ω=+0.624 ok=True iters=7
08:42:33 [INFO] [PROG] s*=6.04/9.92 (60.8%) dist_goal=3.82
08:42:33 [INFO] [MPC] state=(-1.77,+1.19,-1.55) wp0=(-1.55,+1.12) v=+0.200 ω=+0.197 ok=True iters=7
08:42:33 [INFO] [PROG] s*=6.06/9.92 (61.0%) dist_goal=3.80
08:42:33 [INFO] [MPC] state=(-1.76,+1.17,-1.53) wp0=(-1.55,+1.10) v=+0.200 ω=+0.483 ok=True iters=7
08:42:33 [INFO] [PROG] s*=6.08/9.92 (61.2%) dist_goal=3.78
08:42:33 [INFO] [MPC] state=(-1.76,+1.15,-1.51) wp0=(-1.55,+1.08) v=+0.200 ω=+0.194 ok=True iters=8
08:42:33 [INFO] [PROG] s*=6.09/9.92 (61.4%) dist_goal=3.76
08:42:33 [INFO] [MPC] state=(-1.76,+1.13,-1.49) wp0=(-1.55,+1.06) v=+0.200 ω=+0.292 ok=True iters=7
08:42:33 [INFO] [PROG] s*=6.11/9.92 (61.6%) dist_goal=3.74
08:42:33 [INFO] [MPC] state=(-1.76,+1.11,-1.47) wp0=(-1.55,+1.04) v=+0.200 ω=+0.241 ok=True iters=7
08:42:33 [INFO] [PROG] s*=6.13/9.92 (61.8%) dist_goal=3.72
08:42:33 [INFO] [MPC] state=(-1.76,+1.09,-1.46) wp0=(-1.55,+1.02) v=+0.200 ω=+0.148 ok=True iters=7
08:42:33 [INFO] [PROG] s*=6.15/9.92 (62.0%) dist_goal=3.70
08:42:33 [INFO] [MPC] state=(-1.76,+1.07,-1.44) wp0=(-1.55,+1.00) v=+0.200 ω=+0.393 ok=True iters=7
08:42:33 [INFO] [PROG] s*=6.17/9.92 (62.2%) dist_goal=3.68
08:42:33 [INFO] [MPC] state=(-1.75,+1.05,-1.42) wp0=(-1.55,+0.98) v=+0.200 ω=+0.262 ok=True iters=7
08:42:33 [INFO] [PROG] s*=6.19/9.92 (62.4%) dist_goal=3.66
08:42:33 [INFO] [MPC] state=(-1.75,+1.03,-1.40) wp0=(-1.55,+0.96) v=+0.200 ω=+0.128 ok=True iters=7
08:42:33 [INFO] [PROG] s*=6.21/9.92 (62.6%) dist_goal=3.64
08:42:33 [INFO] [MPC] state=(-1.75,+1.01,-1.39) wp0=(-1.55,+0.94) v=+0.200 ω=+0.043 ok=True iters=7
08:42:33 [INFO] [PROG] s*=6.23/9.92 (62.8%) dist_goal=3.62
08:42:33 [INFO] [MPC] state=(-1.74,+0.99,-1.38) wp0=(-1.55,+0.92) v=+0.200 ω=-0.021 ok=True iters=7
08:42:33 [INFO] [PROG] s*=6.25/9.92 (63.0%) dist_goal=3.60
08:42:33 [INFO] [MPC] state=(-1.74,+0.97,-1.39) wp0=(-1.55,+0.90) v=+0.200 ω=-0.131 ok=True iters=7
08:42:33 [INFO] [PROG] s*=6.27/9.92 (63.2%) dist_goal=3.58
08:42:33 [INFO] [MPC] state=(-1.74,+0.95,-1.40) wp0=(-1.55,+0.88) v=+0.200 ω=-0.141 ok=True iters=7
08:42:33 [INFO] [PROG] s*=6.29/9.92 (63.4%) dist_goal=3.56
08:42:33 [INFO] [MPC] state=(-1.73,+0.93,-1.41) wp0=(-1.55,+0.86) v=+0.200 ω=-0.147 ok=True iters=7
08:42:33 [INFO] [PROG] s*=6.31/9.92 (63.6%) dist_goal=3.54
08:42:33 [INFO] [MPC] state=(-1.73,+0.91,-1.42) wp0=(-1.55,+0.84) v=+0.200 ω=-0.149 ok=True iters=7
08:42:33 [INFO] [PROG] s*=6.33/9.92 (63.8%) dist_goal=3.52
08:42:33 [INFO] [MPC] state=(-1.73,+0.89,-1.44) wp0=(-1.55,+0.82) v=+0.200 ω=-0.147 ok=True iters=7
08:42:33 [INFO] [PROG] s*=6.35/9.92 (64.0%) dist_goal=3.50
08:42:33 [INFO] [MPC] state=(-1.72,+0.87,-1.45) wp0=(-1.55,+0.80) v=+0.200 ω=-0.034 ok=True iters=7
08:42:33 [INFO] [PROG] s*=6.37/9.92 (64.2%) dist_goal=3.48
08:42:33 [INFO] [MPC] state=(-1.72,+0.85,-1.45) wp0=(-1.55,+0.78) v=+0.200 ω=-0.492 ok=True iters=7
08:42:33 [INFO] [PROG] s*=6.39/9.92 (64.4%) dist_goal=3.46
08:42:33 [INFO] [MPC] state=(-1.72,+0.83,-1.48) wp0=(-1.55,+0.76) v=+0.200 ω=-0.352 ok=True iters=7
08:42:33 [INFO] [PROG] s*=6.41/9.92 (64.6%) dist_goal=3.44
08:42:33 [INFO] [MPC] state=(-1.72,+0.81,-1.50) wp0=(-1.55,+0.74) v=+0.200 ω=-0.304 ok=True iters=7
08:42:33 [INFO] [PROG] s*=6.43/9.92 (64.8%) dist_goal=3.42
08:42:33 [INFO] [MPC] state=(-1.72,+0.79,-1.52) wp0=(-1.55,+0.72) v=+0.200 ω=-0.128 ok=True iters=7
08:42:33 [INFO] [PROG] s*=6.45/9.92 (65.0%) dist_goal=3.40
08:42:33 [INFO] [MPC] state=(-1.72,+0.77,-1.54) wp0=(-1.55,+0.70) v=+0.200 ω=-0.101 ok=True iters=7
08:42:33 [INFO] [PROG] s*=6.47/9.92 (65.2%) dist_goal=3.38
08:42:33 [INFO] [MPC] state=(-1.71,+0.75,-1.55) wp0=(-1.55,+0.68) v=+0.200 ω=-0.079 ok=True iters=7
08:42:33 [INFO] [PROG] s*=6.49/9.92 (65.4%) dist_goal=3.36
08:42:33 [INFO] [MPC] state=(-1.71,+0.73,-1.56) wp0=(-1.55,+0.66) v=+0.200 ω=-0.062 ok=True iters=7
08:42:33 [INFO] [PROG] s*=6.51/9.92 (65.6%) dist_goal=3.34
08:42:33 [INFO] [MPC] state=(-1.71,+0.71,-1.56) wp0=(-1.55,+0.64) v=+0.200 ω=-0.049 ok=True iters=7
08:42:33 [INFO] [PROG] s*=6.53/9.92 (65.8%) dist_goal=3.32
08:42:33 [INFO] [MPC] state=(-1.71,+0.69,-1.57) wp0=(-1.55,+0.62) v=+0.200 ω=-0.038 ok=True iters=7
08:42:33 [INFO] [PROG] s*=6.55/9.92 (66.0%) dist_goal=3.30
08:42:33 [INFO] [MPC] state=(-1.71,+0.67,-1.57) wp0=(-1.55,+0.60) v=+0.200 ω=-0.029 ok=True iters=7
08:42:33 [INFO] [PROG] s*=6.57/9.92 (66.2%) dist_goal=3.28
08:42:33 [INFO] [MPC] state=(-1.71,+0.65,-1.57) wp0=(-1.55,+0.58) v=+0.200 ω=-0.022 ok=True iters=7
08:42:33 [INFO] [PROG] s*=6.59/9.92 (66.4%) dist_goal=3.26
08:42:33 [INFO] [MPC] state=(-1.71,+0.63,-1.57) wp0=(-1.55,+0.56) v=+0.200 ω=-0.016 ok=True iters=7
08:42:33 [INFO] [PROG] s*=6.61/9.92 (66.6%) dist_goal=3.24
08:42:33 [INFO] [MPC] state=(-1.71,+0.61,-1.58) wp0=(-1.55,+0.54) v=+0.200 ω=-0.012 ok=True iters=7
08:42:33 [INFO] [PROG] s*=6.63/9.92 (66.8%) dist_goal=3.22
08:42:33 [INFO] [MPC] state=(-1.71,+0.59,-1.58) wp0=(-1.55,+0.52) v=+0.200 ω=-0.008 ok=True iters=7
08:42:33 [INFO] [PROG] s*=6.65/9.92 (67.0%) dist_goal=3.20
08:42:33 [INFO] [MPC] state=(-1.71,+0.57,-1.58) wp0=(-1.55,+0.50) v=+0.200 ω=-0.005 ok=True iters=7
08:42:33 [INFO] [PROG] s*=6.67/9.92 (67.2%) dist_goal=3.18
08:42:33 [INFO] [MPC] state=(-1.71,+0.55,-1.58) wp0=(-1.55,+0.48) v=+0.200 ω=-0.003 ok=True iters=7
08:42:33 [INFO] [PROG] s*=6.69/9.92 (67.4%) dist_goal=3.16
08:42:33 [INFO] [MPC] state=(-1.71,+0.53,-1.58) wp0=(-1.55,+0.46) v=+0.200 ω=-0.001 ok=True iters=7
08:42:33 [INFO] [PROG] s*=6.71/9.92 (67.6%) dist_goal=3.14
08:42:33 [INFO] [MPC] state=(-1.71,+0.51,-1.58) wp0=(-1.55,+0.44) v=+0.200 ω=+0.000 ok=True iters=7
08:42:33 [INFO] [PROG] s*=6.73/9.92 (67.8%) dist_goal=3.12
08:42:33 [INFO] [MPC] state=(-1.72,+0.49,-1.58) wp0=(-1.55,+0.42) v=+0.200 ω=+0.001 ok=True iters=7
08:42:33 [INFO] [PROG] s*=6.75/9.92 (68.1%) dist_goal=3.10
08:42:33 [INFO] [MPC] state=(-1.72,+0.47,-1.58) wp0=(-1.55,+0.40) v=+0.200 ω=+0.002 ok=True iters=7
08:42:33 [INFO] [PROG] s*=6.77/9.92 (68.3%) dist_goal=3.08
08:42:33 [INFO] [MPC] state=(-1.72,+0.45,-1.58) wp0=(-1.55,+0.38) v=+0.200 ω=+0.002 ok=True iters=7
08:42:33 [INFO] [PROG] s*=6.79/9.92 (68.5%) dist_goal=3.06
08:42:33 [INFO] [MPC] state=(-1.72,+0.43,-1.58) wp0=(-1.55,+0.36) v=+0.200 ω=+0.002 ok=True iters=7
08:42:33 [INFO] [PROG] s*=6.81/9.92 (68.7%) dist_goal=3.04
08:42:33 [INFO] [MPC] state=(-1.72,+0.41,-1.58) wp0=(-1.55,+0.34) v=+0.200 ω=+0.003 ok=True iters=7
08:42:33 [INFO] [PROG] s*=6.83/9.92 (68.9%) dist_goal=3.02
08:42:33 [INFO] [MPC] state=(-1.72,+0.39,-1.57) wp0=(-1.55,+0.32) v=+0.200 ω=+0.002 ok=True iters=7
08:42:33 [INFO] [PROG] s*=6.85/9.92 (69.1%) dist_goal=3.00
08:42:33 [INFO] [MPC] state=(-1.72,+0.37,-1.57) wp0=(-1.55,+0.30) v=+0.200 ω=+0.002 ok=True iters=7
08:42:33 [INFO] [PROG] s*=6.87/9.92 (69.3%) dist_goal=2.98
08:42:33 [INFO] [MPC] state=(-1.72,+0.35,-1.57) wp0=(-1.55,+0.28) v=+0.200 ω=-0.422 ok=True iters=7
08:42:33 [INFO] [PROG] s*=6.89/9.92 (69.5%) dist_goal=2.96
08:42:33 [INFO] [MPC] state=(-1.72,+0.33,-1.60) wp0=(-1.55,+0.26) v=+0.200 ω=-0.198 ok=True iters=7
08:42:33 [INFO] [PROG] s*=6.91/9.92 (69.7%) dist_goal=2.94
08:42:33 [INFO] [MPC] state=(-1.72,+0.31,-1.62) wp0=(-1.55,+0.24) v=+0.200 ω=-0.148 ok=True iters=7
08:42:33 [INFO] [PROG] s*=6.93/9.92 (69.9%) dist_goal=2.92
08:42:33 [INFO] [MPC] state=(-1.72,+0.29,-1.63) wp0=(-1.55,+0.22) v=+0.200 ω=-0.103 ok=True iters=7
08:42:33 [INFO] [PROG] s*=6.95/9.92 (70.1%) dist_goal=2.90
08:42:33 [INFO] [MPC] state=(-1.72,+0.27,-1.64) wp0=(-1.55,+0.20) v=+0.200 ω=-0.131 ok=True iters=7
08:42:33 [INFO] [PROG] s*=6.97/9.92 (70.3%) dist_goal=2.88
08:42:33 [INFO] [MPC] state=(-1.72,+0.25,-1.65) wp0=(-1.55,+0.18) v=+0.200 ω=-0.084 ok=True iters=7
08:42:33 [INFO] [PROG] s*=6.99/9.92 (70.5%) dist_goal=2.86
08:42:33 [INFO] [MPC] state=(-1.72,+0.23,-1.66) wp0=(-1.55,+0.16) v=+0.200 ω=-0.042 ok=True iters=7
08:42:33 [INFO] [PROG] s*=7.02/9.92 (70.7%) dist_goal=2.84
08:42:33 [INFO] [MPC] state=(-1.72,+0.21,-1.66) wp0=(-1.55,+0.14) v=+0.200 ω=-0.020 ok=True iters=7
08:42:33 [INFO] [PROG] s*=7.03/9.92 (70.9%) dist_goal=2.82
08:42:33 [INFO] [MPC] state=(-1.73,+0.19,-1.67) wp0=(-1.55,+0.12) v=+0.200 ω=-0.323 ok=True iters=7
08:42:33 [INFO] [PROG] s*=7.05/9.92 (71.1%) dist_goal=2.80
08:42:33 [INFO] [MPC] state=(-1.73,+0.17,-1.69) wp0=(-1.55,+0.10) v=+0.200 ω=-0.114 ok=True iters=7
08:42:33 [INFO] [PROG] s*=7.07/9.92 (71.3%) dist_goal=2.78
08:42:33 [INFO] [MPC] state=(-1.73,+0.15,-1.70) wp0=(-1.55,+0.08) v=+0.200 ω=-0.058 ok=True iters=7
08:42:33 [INFO] [PROG] s*=7.09/9.92 (71.5%) dist_goal=2.76
08:42:33 [INFO] [MPC] state=(-1.73,+0.13,-1.70) wp0=(-1.55,+0.06) v=+0.200 ω=-0.021 ok=True iters=7
08:42:33 [INFO] [PROG] s*=7.11/9.92 (71.7%) dist_goal=2.74
08:42:33 [INFO] [MPC] state=(-1.74,+0.11,-1.70) wp0=(-1.55,+0.04) v=+0.200 ω=-0.018 ok=True iters=7
08:42:33 [INFO] [PROG] s*=7.14/9.92 (71.9%) dist_goal=2.72
08:42:33 [INFO] [MPC] state=(-1.74,+0.09,-1.71) wp0=(-1.55,+0.02) v=+0.200 ω=+0.014 ok=True iters=7
08:42:33 [INFO] [PROG] s*=7.16/9.92 (72.1%) dist_goal=2.70
08:42:33 [INFO] [MPC] state=(-1.74,+0.07,-1.70) wp0=(-1.55,-0.00) v=+0.200 ω=+0.035 ok=True iters=7
08:42:33 [INFO] [PROG] s*=7.18/9.92 (72.3%) dist_goal=2.68
08:42:33 [INFO] [MPC] state=(-1.74,+0.05,-1.70) wp0=(-1.55,-0.02) v=+0.200 ω=+0.037 ok=True iters=7
08:42:33 [INFO] [PROG] s*=7.19/9.92 (72.5%) dist_goal=2.66
08:42:33 [INFO] [MPC] state=(-1.75,+0.03,-1.70) wp0=(-1.55,-0.04) v=+0.200 ω=-0.184 ok=True iters=7
08:42:33 [INFO] [PROG] s*=7.22/9.92 (72.7%) dist_goal=2.64
08:42:33 [INFO] [MPC] state=(-1.75,+0.01,-1.71) wp0=(-1.55,-0.06) v=+0.200 ω=-0.110 ok=True iters=7
08:42:33 [INFO] [PROG] s*=7.23/9.92 (72.9%) dist_goal=2.62
08:42:33 [INFO] [MPC] state=(-1.75,-0.01,-1.72) wp0=(-1.55,-0.08) v=+0.200 ω=+0.297 ok=True iters=7
08:42:33 [INFO] [PROG] s*=7.25/9.92 (73.1%) dist_goal=2.60
08:42:33 [INFO] [MPC] state=(-1.76,-0.03,-1.70) wp0=(-1.55,-0.10) v=+0.200 ω=+0.251 ok=True iters=7
08:42:33 [INFO] [PROG] s*=7.27/9.92 (73.3%) dist_goal=2.58
08:42:33 [INFO] [MPC] state=(-1.76,-0.05,-1.68) wp0=(-1.55,-0.12) v=+0.200 ω=+0.237 ok=True iters=7
08:42:33 [INFO] [PROG] s*=7.29/9.92 (73.5%) dist_goal=2.56
08:42:33 [INFO] [MPC] state=(-1.76,-0.07,-1.67) wp0=(-1.55,-0.14) v=+0.200 ω=+0.151 ok=True iters=7
08:42:33 [INFO] [PROG] s*=7.31/9.92 (73.7%) dist_goal=2.54
08:42:33 [INFO] [MPC] state=(-1.76,-0.09,-1.65) wp0=(-1.55,-0.16) v=+0.200 ω=+0.453 ok=True iters=7
08:42:33 [INFO] [PROG] s*=7.33/9.92 (73.9%) dist_goal=2.53
08:42:33 [INFO] [MPC] state=(-1.76,-0.11,-1.63) wp0=(-1.55,-0.18) v=+0.200 ω=+0.451 ok=True iters=7
08:42:33 [INFO] [PROG] s*=7.35/9.92 (74.0%) dist_goal=2.51
08:42:33 [INFO] [MPC] state=(-1.76,-0.13,-1.60) wp0=(-1.55,-0.20) v=+0.200 ω=+0.396 ok=True iters=7
08:42:33 [INFO] [PROG] s*=7.37/9.92 (74.2%) dist_goal=2.49
08:42:33 [INFO] [MPC] state=(-1.76,-0.15,-1.58) wp0=(-1.55,-0.21) v=+0.200 ω=+0.604 ok=True iters=7
08:42:33 [INFO] [PROG] s*=7.39/9.92 (74.4%) dist_goal=2.47
08:42:33 [INFO] [MPC] state=(-1.76,-0.16,-1.55) wp0=(-1.55,-0.23) v=+0.200 ω=+0.186 ok=True iters=7
08:42:33 [INFO] [PROG] s*=7.40/9.92 (74.6%) dist_goal=2.45
08:42:33 [INFO] [MPC] state=(-1.76,-0.18,-1.54) wp0=(-1.55,-0.25) v=+0.200 ω=+0.471 ok=True iters=7
08:42:33 [INFO] [PROG] s*=7.42/9.92 (74.8%) dist_goal=2.43
08:42:33 [INFO] [MPC] state=(-1.76,-0.20,-1.51) wp0=(-1.55,-0.27) v=+0.200 ω=+0.378 ok=True iters=7
08:42:33 [INFO] [PROG] s*=7.44/9.92 (75.0%) dist_goal=2.41
08:42:33 [INFO] [MPC] state=(-1.76,-0.22,-1.49) wp0=(-1.55,-0.29) v=+0.200 ω=+0.265 ok=True iters=7
08:42:33 [INFO] [PROG] s*=7.46/9.92 (75.2%) dist_goal=2.39
08:42:33 [INFO] [MPC] state=(-1.76,-0.24,-1.47) wp0=(-1.55,-0.31) v=+0.200 ω=+0.218 ok=True iters=7
08:42:33 [INFO] [PROG] s*=7.48/9.92 (75.4%) dist_goal=2.37
08:42:33 [INFO] [MPC] state=(-1.76,-0.26,-1.45) wp0=(-1.55,-0.33) v=+0.200 ω=+0.128 ok=True iters=7
08:42:33 [INFO] [PROG] s*=7.50/9.92 (75.6%) dist_goal=2.35
08:42:33 [INFO] [MPC] state=(-1.76,-0.28,-1.44) wp0=(-1.55,-0.35) v=+0.200 ω=+0.374 ok=True iters=7
08:42:33 [INFO] [PROG] s*=7.52/9.92 (75.8%) dist_goal=2.33
08:42:33 [INFO] [MPC] state=(-1.75,-0.30,-1.42) wp0=(-1.55,-0.37) v=+0.200 ω=+0.249 ok=True iters=7
08:42:33 [INFO] [PROG] s*=7.54/9.92 (76.0%) dist_goal=2.32
08:42:33 [INFO] [MPC] state=(-1.75,-0.32,-1.40) wp0=(-1.55,-0.39) v=+0.200 ω=-0.168 ok=True iters=7
08:42:33 [INFO] [PROG] s*=7.56/9.92 (76.2%) dist_goal=2.30
08:42:33 [INFO] [MPC] state=(-1.75,-0.34,-1.42) wp0=(-1.55,-0.41) v=+0.200 ω=+0.118 ok=True iters=7
08:42:33 [INFO] [PROG] s*=7.58/9.92 (76.4%) dist_goal=2.27
08:42:33 [INFO] [MPC] state=(-1.74,-0.36,-1.40) wp0=(-1.55,-0.43) v=+0.200 ω=+0.040 ok=True iters=7
08:42:33 [INFO] [PROG] s*=7.60/9.92 (76.6%) dist_goal=2.26
08:42:33 [INFO] [MPC] state=(-1.74,-0.38,-1.40) wp0=(-1.55,-0.45) v=+0.200 ω=+0.337 ok=True iters=7
08:42:33 [INFO] [PROG] s*=7.62/9.92 (76.8%) dist_goal=2.24
08:42:33 [INFO] [MPC] state=(-1.74,-0.40,-1.38) wp0=(-1.55,-0.47) v=+0.200 ω=-0.200 ok=True iters=7
08:42:33 [INFO] [PROG] s*=7.64/9.92 (77.0%) dist_goal=2.22
08:42:33 [INFO] [MPC] state=(-1.73,-0.42,-1.39) wp0=(-1.55,-0.48) v=+0.200 ω=-0.203 ok=True iters=7
08:42:33 [INFO] [PROG] s*=7.66/9.92 (77.2%) dist_goal=2.20
08:42:33 [INFO] [MPC] state=(-1.73,-0.43,-1.41) wp0=(-1.55,-0.50) v=+0.200 ω=-0.199 ok=True iters=7
08:42:33 [INFO] [PROG] s*=7.68/9.92 (77.4%) dist_goal=2.18
08:42:33 [INFO] [MPC] state=(-1.73,-0.45,-1.42) wp0=(-1.55,-0.52) v=+0.200 ω=-0.193 ok=True iters=7
08:42:33 [INFO] [PROG] s*=7.70/9.92 (77.6%) dist_goal=2.16
08:42:33 [INFO] [MPC] state=(-1.72,-0.47,-1.44) wp0=(-1.55,-0.54) v=+0.200 ω=-0.184 ok=True iters=7
08:42:33 [INFO] [PROG] s*=7.72/9.92 (77.7%) dist_goal=2.14
08:42:33 [INFO] [MPC] state=(-1.72,-0.49,-1.45) wp0=(-1.55,-0.56) v=+0.200 ω=-0.502 ok=True iters=7
08:42:33 [INFO] [PROG] s*=7.74/9.92 (77.9%) dist_goal=2.12
08:42:33 [INFO] [MPC] state=(-1.72,-0.51,-1.48) wp0=(-1.55,-0.58) v=+0.200 ω=-0.361 ok=True iters=7
08:42:33 [INFO] [PROG] s*=7.75/9.92 (78.1%) dist_goal=2.10
08:42:33 [INFO] [MPC] state=(-1.72,-0.53,-1.51) wp0=(-1.55,-0.60) v=+0.200 ω=-0.309 ok=True iters=7
08:42:33 [INFO] [PROG] s*=7.77/9.92 (78.3%) dist_goal=2.08
08:42:33 [INFO] [MPC] state=(-1.72,-0.55,-1.53) wp0=(-1.55,-0.62) v=+0.200 ω=-0.132 ok=True iters=7
08:42:33 [INFO] [PROG] s*=7.80/9.92 (78.5%) dist_goal=2.06
08:42:33 [INFO] [MPC] state=(-1.71,-0.57,-1.54) wp0=(-1.55,-0.64) v=+0.200 ω=-0.100 ok=True iters=7
08:42:33 [INFO] [PROG] s*=7.82/9.92 (78.8%) dist_goal=2.04
08:42:33 [INFO] [MPC] state=(-1.71,-0.59,-1.55) wp0=(-1.55,-0.66) v=+0.200 ω=-0.077 ok=True iters=7
08:42:33 [INFO] [PROG] s*=7.84/9.92 (79.0%) dist_goal=2.02
08:42:33 [INFO] [MPC] state=(-1.71,-0.61,-1.56) wp0=(-1.55,-0.68) v=+0.200 ω=-0.060 ok=True iters=7
08:42:33 [INFO] [PROG] s*=7.86/9.92 (79.2%) dist_goal=2.00
08:42:33 [INFO] [MPC] state=(-1.71,-0.63,-1.57) wp0=(-1.55,-0.70) v=+0.200 ω=-0.046 ok=True iters=7
08:42:33 [INFO] [PROG] s*=7.88/9.92 (79.4%) dist_goal=1.98
08:42:33 [INFO] [MPC] state=(-1.71,-0.65,-1.57) wp0=(-1.55,-0.72) v=+0.200 ω=-0.035 ok=True iters=7
08:42:33 [INFO] [PROG] s*=7.90/9.92 (79.6%) dist_goal=1.96
08:42:33 [INFO] [MPC] state=(-1.71,-0.67,-1.57) wp0=(-1.55,-0.74) v=+0.200 ω=-0.026 ok=True iters=7
08:42:33 [INFO] [PROG] s*=7.92/9.92 (79.8%) dist_goal=1.94
08:42:33 [INFO] [MPC] state=(-1.71,-0.69,-1.58) wp0=(-1.55,-0.76) v=+0.200 ω=-0.019 ok=True iters=7
08:42:33 [INFO] [PROG] s*=7.94/9.92 (80.0%) dist_goal=1.92
08:42:33 [INFO] [MPC] state=(-1.71,-0.71,-1.58) wp0=(-1.55,-0.78) v=+0.200 ω=-0.013 ok=True iters=7
08:42:33 [INFO] [PROG] s*=7.96/9.92 (80.2%) dist_goal=1.90
08:42:33 [INFO] [MPC] state=(-1.71,-0.73,-1.58) wp0=(-1.55,-0.80) v=+0.200 ω=-0.008 ok=True iters=7
08:42:33 [INFO] [PROG] s*=7.98/9.92 (80.4%) dist_goal=1.88
08:42:33 [INFO] [MPC] state=(-1.71,-0.75,-1.58) wp0=(-1.55,-0.82) v=+0.200 ω=-0.005 ok=True iters=7
08:42:33 [INFO] [PROG] s*=8.00/9.92 (80.6%) dist_goal=1.86
08:42:33 [INFO] [MPC] state=(-1.71,-0.77,-1.58) wp0=(-1.55,-0.85) v=+0.200 ω=-0.003 ok=True iters=7
08:42:33 [INFO] [PROG] s*=8.02/9.92 (80.8%) dist_goal=1.84
08:42:33 [INFO] [MPC] state=(-1.71,-0.80,-1.58) wp0=(-1.55,-0.87) v=+0.200 ω=-0.001 ok=True iters=7
08:42:33 [INFO] [PROG] s*=8.04/9.92 (81.0%) dist_goal=1.82
08:42:33 [INFO] [MPC] state=(-1.71,-0.82,-1.58) wp0=(-1.55,-0.89) v=+0.200 ω=+0.000 ok=True iters=7
08:42:33 [INFO] [PROG] s*=8.06/9.92 (81.2%) dist_goal=1.80
08:42:33 [INFO] [MPC] state=(-1.71,-0.84,-1.58) wp0=(-1.55,-0.91) v=+0.200 ω=+0.002 ok=True iters=7
08:42:33 [INFO] [PROG] s*=8.08/9.92 (81.4%) dist_goal=1.77
08:42:33 [INFO] [MPC] state=(-1.71,-0.86,-1.58) wp0=(-1.55,-0.93) v=+0.200 ω=+0.003 ok=True iters=7
08:42:33 [INFO] [PROG] s*=8.10/9.92 (81.6%) dist_goal=1.75
08:42:33 [INFO] [MPC] state=(-1.72,-0.88,-1.58) wp0=(-1.55,-0.95) v=+0.200 ω=+0.003 ok=True iters=7
08:42:33 [INFO] [PROG] s*=8.12/9.92 (81.8%) dist_goal=1.73
08:42:33 [INFO] [MPC] state=(-1.72,-0.90,-1.58) wp0=(-1.55,-0.97) v=+0.200 ω=+0.003 ok=True iters=7
08:42:33 [INFO] [PROG] s*=8.14/9.92 (82.0%) dist_goal=1.71
08:42:33 [INFO] [MPC] state=(-1.72,-0.92,-1.58) wp0=(-1.55,-0.99) v=+0.200 ω=+0.004 ok=True iters=7
08:42:33 [INFO] [PROG] s*=8.16/9.92 (82.2%) dist_goal=1.69
08:42:33 [INFO] [MPC] state=(-1.72,-0.94,-1.58) wp0=(-1.55,-1.01) v=+0.200 ω=+0.003 ok=True iters=7
08:42:33 [INFO] [PROG] s*=8.18/9.92 (82.4%) dist_goal=1.67
08:42:33 [INFO] [MPC] state=(-1.72,-0.96,-1.58) wp0=(-1.55,-1.03) v=+0.200 ω=+0.003 ok=True iters=7
08:42:33 [INFO] [PROG] s*=8.20/9.92 (82.6%) dist_goal=1.65
08:42:33 [INFO] [MPC] state=(-1.72,-0.98,-1.58) wp0=(-1.55,-1.05) v=+0.200 ω=+0.003 ok=True iters=7
08:42:33 [INFO] [PROG] s*=8.22/9.92 (82.8%) dist_goal=1.63
08:42:33 [INFO] [MPC] state=(-1.72,-1.00,-1.57) wp0=(-1.55,-1.07) v=+0.200 ω=-0.421 ok=True iters=7
08:42:33 [INFO] [PROG] s*=8.24/9.92 (83.0%) dist_goal=1.61
08:42:33 [INFO] [MPC] state=(-1.72,-1.02,-1.61) wp0=(-1.55,-1.09) v=+0.200 ω=-0.188 ok=True iters=7
08:42:33 [INFO] [PROG] s*=8.26/9.92 (83.2%) dist_goal=1.59
08:42:33 [INFO] [MPC] state=(-1.72,-1.04,-1.62) wp0=(-1.55,-1.11) v=+0.200 ω=-0.128 ok=True iters=7
08:42:33 [INFO] [PROG] s*=8.28/9.92 (83.4%) dist_goal=1.57
08:42:33 [INFO] [MPC] state=(-1.72,-1.06,-1.64) wp0=(-1.55,-1.13) v=+0.200 ω=-0.084 ok=True iters=7
08:42:33 [INFO] [PROG] s*=8.30/9.92 (83.6%) dist_goal=1.55
08:42:33 [INFO] [MPC] state=(-1.72,-1.08,-1.64) wp0=(-1.55,-1.15) v=+0.200 ω=-0.117 ok=True iters=7
08:42:33 [INFO] [PROG] s*=8.32/9.92 (83.8%) dist_goal=1.53
08:42:33 [INFO] [MPC] state=(-1.72,-1.10,-1.65) wp0=(-1.55,-1.17) v=+0.200 ω=-0.070 ok=True iters=7
08:42:33 [INFO] [PROG] s*=8.34/9.92 (84.0%) dist_goal=1.51
08:42:33 [INFO] [MPC] state=(-1.72,-1.12,-1.66) wp0=(-1.55,-1.19) v=+0.200 ω=-0.032 ok=True iters=7
08:42:33 [INFO] [PROG] s*=8.36/9.92 (84.2%) dist_goal=1.49
08:42:33 [INFO] [MPC] state=(-1.72,-1.14,-1.66) wp0=(-1.55,-1.21) v=+0.200 ω=-0.003 ok=True iters=7
08:42:33 [INFO] [PROG] s*=8.38/9.92 (84.4%) dist_goal=1.47
08:42:33 [INFO] [MPC] state=(-1.73,-1.16,-1.66) wp0=(-1.55,-1.23) v=+0.200 ω=-0.321 ok=True iters=7
08:42:33 [INFO] [PROG] s*=8.40/9.92 (84.6%) dist_goal=1.45
08:42:33 [INFO] [MPC] state=(-1.73,-1.18,-1.68) wp0=(-1.55,-1.25) v=+0.200 ω=-0.113 ok=True iters=7
08:42:33 [INFO] [PROG] s*=8.42/9.92 (84.8%) dist_goal=1.43
08:42:33 [INFO] [MPC] state=(-1.73,-1.20,-1.70) wp0=(-1.55,-1.27) v=+0.200 ω=-0.058 ok=True iters=7
08:42:33 [INFO] [PROG] s*=8.44/9.92 (85.0%) dist_goal=1.41
08:42:33 [INFO] [MPC] state=(-1.73,-1.22,-1.70) wp0=(-1.55,-1.29) v=+0.200 ω=-0.017 ok=True iters=7
08:42:33 [INFO] [PROG] s*=8.46/9.92 (85.3%) dist_goal=1.40
08:42:33 [INFO] [MPC] state=(-1.74,-1.24,-1.70) wp0=(-1.55,-1.31) v=+0.200 ω=-0.019 ok=True iters=7
08:42:33 [INFO] [PROG] s*=8.48/9.92 (85.5%) dist_goal=1.38
08:42:33 [INFO] [MPC] state=(-1.74,-1.26,-1.70) wp0=(-1.55,-1.33) v=+0.200 ω=+0.012 ok=True iters=7
08:42:33 [INFO] [PROG] s*=8.50/9.92 (85.7%) dist_goal=1.36
08:42:33 [INFO] [MPC] state=(-1.74,-1.28,-1.70) wp0=(-1.55,-1.35) v=+0.200 ω=+0.033 ok=True iters=7
08:42:33 [INFO] [PROG] s*=8.52/9.92 (85.9%) dist_goal=1.34
08:42:33 [INFO] [MPC] state=(-1.74,-1.30,-1.70) wp0=(-1.55,-1.37) v=+0.200 ω=+0.038 ok=True iters=7
08:42:33 [INFO] [PROG] s*=8.54/9.92 (86.1%) dist_goal=1.32
08:42:33 [INFO] [MPC] state=(-1.75,-1.32,-1.70) wp0=(-1.55,-1.39) v=+0.200 ω=-0.186 ok=True iters=7
08:42:33 [INFO] [PROG] s*=8.56/9.92 (86.3%) dist_goal=1.30
08:42:33 [INFO] [MPC] state=(-1.75,-1.34,-1.71) wp0=(-1.55,-1.41) v=+0.200 ω=-0.112 ok=True iters=7
08:42:33 [INFO] [PROG] s*=8.58/9.92 (86.5%) dist_goal=1.28
08:42:33 [INFO] [MPC] state=(-1.75,-1.36,-1.72) wp0=(-1.55,-1.43) v=+0.200 ω=+0.296 ok=True iters=7
08:42:33 [INFO] [PROG] s*=8.60/9.92 (86.7%) dist_goal=1.26
08:42:33 [INFO] [MPC] state=(-1.76,-1.38,-1.70) wp0=(-1.55,-1.45) v=+0.200 ω=+0.252 ok=True iters=7
08:42:34 [INFO] [PROG] s*=8.62/9.92 (86.8%) dist_goal=1.24
08:42:34 [INFO] [MPC] state=(-1.76,-1.40,-1.68) wp0=(-1.55,-1.47) v=+0.200 ω=+0.228 ok=True iters=7
08:42:34 [INFO] [PROG] s*=8.64/9.92 (87.0%) dist_goal=1.22
08:42:34 [INFO] [MPC] state=(-1.76,-1.42,-1.67) wp0=(-1.55,-1.49) v=+0.200 ω=+0.153 ok=True iters=7
08:42:34 [INFO] [PROG] s*=8.66/9.92 (87.2%) dist_goal=1.20
08:42:34 [INFO] [MPC] state=(-1.76,-1.44,-1.65) wp0=(-1.55,-1.51) v=+0.200 ω=+0.121 ok=True iters=7
08:42:34 [INFO] [PROG] s*=8.68/9.92 (87.4%) dist_goal=1.18
08:42:34 [INFO] [MPC] state=(-1.76,-1.46,-1.64) wp0=(-1.55,-1.52) v=+0.200 ω=+0.482 ok=True iters=7
08:42:34 [INFO] [PROG] s*=8.70/9.92 (87.6%) dist_goal=1.16
08:42:34 [INFO] [MPC] state=(-1.76,-1.47,-1.61) wp0=(-1.55,-1.54) v=+0.200 ω=+0.462 ok=True iters=7
08:42:34 [INFO] [PROG] s*=8.71/9.92 (87.8%) dist_goal=1.15
08:42:34 [INFO] [MPC] state=(-1.77,-1.49,-1.59) wp0=(-1.55,-1.56) v=+0.200 ω=+0.635 ok=True iters=7
08:42:34 [INFO] [PROG] s*=8.73/9.92 (88.0%) dist_goal=1.13
08:42:34 [INFO] [MPC] state=(-1.77,-1.51,-1.56) wp0=(-1.55,-1.58) v=+0.200 ω=+0.239 ok=True iters=7
08:42:34 [INFO] [PROG] s*=8.75/9.92 (88.2%) dist_goal=1.11
08:42:34 [INFO] [MPC] state=(-1.76,-1.53,-1.54) wp0=(-1.55,-1.60) v=+0.200 ω=+0.491 ok=True iters=7
08:42:34 [INFO] [PROG] s*=8.77/9.92 (88.4%) dist_goal=1.09
08:42:34 [INFO] [MPC] state=(-1.76,-1.55,-1.52) wp0=(-1.55,-1.62) v=+0.200 ω=+0.417 ok=True iters=7
08:42:34 [INFO] [PROG] s*=8.79/9.92 (88.6%) dist_goal=1.07
08:42:34 [INFO] [MPC] state=(-1.76,-1.57,-1.49) wp0=(-1.55,-1.64) v=+0.200 ω=+0.300 ok=True iters=7
08:42:34 [INFO] [PROG] s*=8.81/9.92 (88.8%) dist_goal=1.05
08:42:34 [INFO] [MPC] state=(-1.76,-1.59,-1.47) wp0=(-1.55,-1.66) v=+0.200 ω=+0.236 ok=True iters=7
08:42:34 [INFO] [PROG] s*=8.83/9.92 (89.0%) dist_goal=1.03
08:42:34 [INFO] [MPC] state=(-1.76,-1.61,-1.45) wp0=(-1.55,-1.68) v=+0.200 ω=+0.150 ok=True iters=7
08:42:34 [INFO] [PROG] s*=8.85/9.92 (89.1%) dist_goal=1.01
08:42:34 [INFO] [MPC] state=(-1.76,-1.63,-1.44) wp0=(-1.55,-1.69) v=+0.200 ω=+0.344 ok=True iters=7
08:42:34 [INFO] [PROG] s*=8.87/9.92 (89.3%) dist_goal=0.99
08:42:34 [INFO] [MPC] state=(-1.75,-1.64,-1.42) wp0=(-1.55,-1.71) v=+0.200 ω=+0.272 ok=True iters=7
08:42:34 [INFO] [PROG] s*=8.89/9.92 (89.5%) dist_goal=0.97
08:42:34 [INFO] [MPC] state=(-1.75,-1.66,-1.40) wp0=(-1.55,-1.73) v=+0.200 ω=+0.161 ok=True iters=7
08:42:34 [INFO] [PROG] s*=8.91/9.92 (89.7%) dist_goal=0.95
08:42:34 [INFO] [MPC] state=(-1.75,-1.68,-1.39) wp0=(-1.55,-1.75) v=+0.200 ω=+0.045 ok=True iters=7
08:42:34 [INFO] [PROG] s*=8.93/9.92 (89.9%) dist_goal=0.93
08:42:34 [INFO] [MPC] state=(-1.74,-1.70,-1.38) wp0=(-1.55,-1.77) v=+0.200 ω=-0.020 ok=True iters=7
08:42:34 [INFO] [PROG] s*=8.95/9.92 (90.1%) dist_goal=0.91
08:42:34 [INFO] [MPC] state=(-1.74,-1.72,-1.39) wp0=(-1.55,-1.79) v=+0.200 ω=-0.130 ok=True iters=7
08:42:34 [INFO] [PROG] s*=8.97/9.92 (90.3%) dist_goal=0.89
08:42:34 [INFO] [MPC] state=(-1.74,-1.74,-1.40) wp0=(-1.55,-1.81) v=+0.200 ω=-0.140 ok=True iters=7
08:42:34 [INFO] [PROG] s*=8.99/9.92 (90.5%) dist_goal=0.87
08:42:34 [INFO] [MPC] state=(-1.73,-1.76,-1.41) wp0=(-1.55,-1.83) v=+0.200 ω=-0.147 ok=True iters=7
08:42:34 [INFO] [PROG] s*=9.01/9.92 (90.7%) dist_goal=0.85
08:42:34 [INFO] [MPC] state=(-1.73,-1.78,-1.42) wp0=(-1.55,-1.85) v=+0.200 ω=-0.149 ok=True iters=7
08:42:34 [INFO] [PROG] s*=9.03/9.92 (90.9%) dist_goal=0.83
08:42:34 [INFO] [MPC] state=(-1.73,-1.80,-1.43) wp0=(-1.55,-1.87) v=+0.200 ω=-0.147 ok=True iters=7
08:42:34 [INFO] [PROG] s*=9.05/9.92 (91.1%) dist_goal=0.81
08:42:34 [INFO] [MPC] state=(-1.72,-1.82,-1.45) wp0=(-1.55,-1.89) v=+0.200 ω=-0.034 ok=True iters=7
08:42:34 [INFO] [PROG] s*=9.06/9.92 (91.3%) dist_goal=0.79
08:42:34 [INFO] [MPC] state=(-1.72,-1.84,-1.45) wp0=(-1.55,-1.91) v=+0.200 ω=-0.493 ok=True iters=7
08:42:34 [INFO] [PROG] s*=9.08/9.92 (91.5%) dist_goal=0.77
08:42:34 [INFO] [MPC] state=(-1.72,-1.86,-1.48) wp0=(-1.55,-1.93) v=+0.198 ω=-0.357 ok=True iters=7
08:42:34 [INFO] [PROG] s*=9.10/9.92 (91.7%) dist_goal=0.75
08:42:34 [INFO] [MPC] state=(-1.72,-1.88,-1.50) wp0=(-1.55,-1.95) v=+0.193 ω=-0.302 ok=True iters=7
08:42:34 [INFO] [PROG] s*=9.12/9.92 (91.9%) dist_goal=0.73
08:42:34 [INFO] [MPC] state=(-1.72,-1.90,-1.53) wp0=(-1.55,-1.97) v=+0.188 ω=-0.120 ok=True iters=7
08:42:34 [INFO] [PROG] s*=9.14/9.92 (92.1%) dist_goal=0.72
08:42:34 [INFO] [MPC] state=(-1.72,-1.92,-1.54) wp0=(-1.55,-1.99) v=+0.183 ω=-0.097 ok=True iters=7
08:42:34 [INFO] [PROG] s*=9.16/9.92 (92.3%) dist_goal=0.70
08:42:34 [INFO] [MPC] state=(-1.72,-1.94,-1.55) wp0=(-1.55,-2.01) v=+0.179 ω=-0.075 ok=True iters=7
08:42:34 [INFO] [PROG] s*=9.18/9.92 (92.5%) dist_goal=0.68
08:42:34 [INFO] [MPC] state=(-1.72,-1.96,-1.56) wp0=(-1.55,-2.02) v=+0.174 ω=-0.059 ok=True iters=7
08:42:34 [INFO] [PROG] s*=9.19/9.92 (92.6%) dist_goal=0.66
08:42:34 [INFO] [MPC] state=(-1.72,-1.97,-1.57) wp0=(-1.55,-2.04) v=+0.170 ω=-0.046 ok=True iters=8
08:42:34 [INFO] [PROG] s*=9.21/9.92 (92.8%) dist_goal=0.65
08:42:34 [INFO] [MPC] state=(-1.71,-1.99,-1.57) wp0=(-1.55,-2.06) v=+0.166 ω=-0.036 ok=True iters=8
08:42:34 [INFO] [PROG] s*=9.23/9.92 (93.0%) dist_goal=0.63
08:42:34 [INFO] [MPC] state=(-1.71,-2.01,-1.57) wp0=(-1.55,-2.07) v=+0.161 ω=-0.028 ok=True iters=8
08:42:34 [INFO] [PROG] s*=9.24/9.92 (93.1%) dist_goal=0.61
08:42:34 [INFO] [MPC] state=(-1.72,-2.02,-1.58) wp0=(-1.55,-2.09) v=+0.157 ω=-0.021 ok=True iters=8
08:42:34 [INFO] [PROG] s*=9.26/9.92 (93.3%) dist_goal=0.60
08:42:34 [INFO] [MPC] state=(-1.72,-2.04,-1.58) wp0=(-1.55,-2.11) v=+0.153 ω=-0.016 ok=True iters=8
08:42:34 [INFO] [PROG] s*=9.27/9.92 (93.4%) dist_goal=0.58
08:42:34 [INFO] [MPC] state=(-1.72,-2.06,-1.58) wp0=(-1.55,-2.12) v=+0.150 ω=-0.012 ok=True iters=8
08:42:34 [INFO] [PROG] s*=9.29/9.92 (93.6%) dist_goal=0.57
08:42:34 [INFO] [MPC] state=(-1.72,-2.07,-1.58) wp0=(-1.55,-2.14) v=+0.146 ω=-0.008 ok=True iters=8
08:42:34 [INFO] [PROG] s*=9.30/9.92 (93.7%) dist_goal=0.55
08:42:34 [INFO] [MPC] state=(-1.72,-2.09,-1.58) wp0=(-1.55,-2.15) v=+0.142 ω=-0.006 ok=True iters=8
08:42:34 [INFO] [PROG] s*=9.32/9.92 (93.9%) dist_goal=0.54
08:42:34 [INFO] [MPC] state=(-1.72,-2.10,-1.58) wp0=(-1.55,-2.16) v=+0.139 ω=-0.003 ok=True iters=8
08:42:34 [INFO] [PROG] s*=9.33/9.92 (94.0%) dist_goal=0.53
08:42:34 [INFO] [MPC] state=(-1.72,-2.11,-1.58) wp0=(-1.55,-2.18) v=+0.135 ω=-0.007 ok=True iters=7
08:42:34 [INFO] [PROG] s*=9.34/9.92 (94.1%) dist_goal=0.51
08:42:34 [INFO] [MPC] state=(-1.72,-2.13,-1.58) wp0=(-1.55,-2.19) v=+0.132 ω=-0.009 ok=True iters=7
08:42:34 [INFO] [PROG] s*=9.36/9.92 (94.3%) dist_goal=0.50
08:42:34 [INFO] [MPC] state=(-1.72,-2.14,-1.58) wp0=(-1.55,-2.20) v=+0.128 ω=-0.011 ok=True iters=7
08:42:34 [INFO] [PROG] s*=9.37/9.92 (94.4%) dist_goal=0.49
08:42:34 [INFO] [MPC] state=(-1.72,-2.15,-1.58) wp0=(-1.55,-2.22) v=+0.125 ω=-0.013 ok=True iters=7
08:42:34 [INFO] [PROG] s*=9.38/9.92 (94.5%) dist_goal=0.48
08:42:34 [INFO] [MPC] state=(-1.72,-2.17,-1.58) wp0=(-1.55,-2.23) v=+0.122 ω=-0.014 ok=True iters=7
08:42:34 [INFO] [PROG] s*=9.39/9.92 (94.7%) dist_goal=0.46
08:42:34 [INFO] [MPC] state=(-1.72,-2.18,-1.59) wp0=(-1.55,-2.24) v=+0.119 ω=-0.015 ok=True iters=7
08:42:34 [INFO] [PROG] s*=9.41/9.92 (94.8%) dist_goal=0.45
08:42:34 [INFO] [MPC] state=(-1.72,-2.19,-1.59) wp0=(-1.55,-2.25) v=+0.116 ω=-0.016 ok=True iters=7
08:42:34 [INFO] [PROG] s*=9.42/9.92 (94.9%) dist_goal=0.44
08:42:34 [INFO] [MPC] state=(-1.72,-2.20,-1.59) wp0=(-1.55,-2.26) v=+0.113 ω=-0.017 ok=True iters=7
08:42:34 [INFO] [PROG] s*=9.43/9.92 (95.0%) dist_goal=0.43
08:42:34 [INFO] [MPC] state=(-1.72,-2.21,-1.59) wp0=(-1.55,-2.27) v=+0.110 ω=-0.017 ok=True iters=7
08:42:34 [INFO] [PROG] s*=9.44/9.92 (95.1%) dist_goal=0.42
08:42:34 [INFO] [MPC] state=(-1.72,-2.22,-1.59) wp0=(-1.55,-2.29) v=+0.108 ω=-0.017 ok=True iters=7
08:42:34 [INFO] [PROG] s*=9.45/9.92 (95.2%) dist_goal=0.41
08:42:34 [INFO] [MPC] state=(-1.72,-2.24,-1.59) wp0=(-1.55,-2.30) v=+0.105 ω=-0.017 ok=True iters=7
08:42:34 [INFO] [PROG] s*=9.46/9.92 (95.3%) dist_goal=0.40
08:42:34 [INFO] [MPC] state=(-1.72,-2.25,-1.59) wp0=(-1.55,-2.31) v=+0.102 ω=-0.014 ok=True iters=7
08:42:34 [INFO] [PROG] s*=9.47/9.92 (95.4%) dist_goal=0.39
08:42:34 [INFO] [MPC] state=(-1.72,-2.26,-1.60) wp0=(-1.55,-2.32) v=+0.100 ω=-0.008 ok=True iters=7
08:42:34 [INFO] [PROG] s*=9.48/9.92 (95.5%) dist_goal=0.38
08:42:34 [INFO] [MPC] state=(-1.72,-2.27,-1.60) wp0=(-1.55,-2.33) v=+0.097 ω=-0.003 ok=True iters=7
08:42:34 [INFO] [PROG] s*=9.49/9.92 (95.6%) dist_goal=0.37
08:42:34 [INFO] [MPC] state=(-1.72,-2.28,-1.60) wp0=(-1.55,-2.34) v=+0.095 ω=+0.000 ok=True iters=7
08:42:34 [INFO] [PROG] s*=9.50/9.92 (95.7%) dist_goal=0.36
08:42:34 [INFO] [MPC] state=(-1.72,-2.29,-1.60) wp0=(-1.55,-2.35) v=+0.093 ω=+0.002 ok=True iters=7
08:42:34 [INFO] [PROG] s*=9.51/9.92 (95.8%) dist_goal=0.35
08:42:34 [INFO] [MPC] state=(-1.72,-2.30,-1.60) wp0=(-1.55,-2.35) v=+0.090 ω=+0.004 ok=True iters=7
08:42:34 [INFO] [PROG] s*=9.52/9.92 (95.9%) dist_goal=0.34
08:42:34 [INFO] [MPC] state=(-1.72,-2.30,-1.60) wp0=(-1.55,-2.36) v=+0.088 ω=+0.005 ok=True iters=7
08:42:34 [INFO] [PROG] s*=9.52/9.92 (96.0%) dist_goal=0.34
08:42:34 [INFO] [MPC] state=(-1.72,-2.31,-1.60) wp0=(-1.55,-2.37) v=+0.086 ω=+0.005 ok=True iters=7
08:42:34 [INFO] [PROG] s*=9.53/9.92 (96.1%) dist_goal=0.33
08:42:34 [INFO] [MPC] state=(-1.72,-2.32,-1.59) wp0=(-1.55,-2.38) v=+0.084 ω=+0.006 ok=True iters=7
08:42:34 [INFO] [PROG] s*=9.54/9.92 (96.1%) dist_goal=0.32
08:42:34 [INFO] [MPC] state=(-1.72,-2.33,-1.59) wp0=(-1.55,-2.39) v=+0.082 ω=+0.005 ok=True iters=7
08:42:34 [INFO] [PROG] s*=9.55/9.92 (96.2%) dist_goal=0.31
08:42:34 [INFO] [MPC] state=(-1.72,-2.34,-1.59) wp0=(-1.55,-2.40) v=+0.080 ω=+0.005 ok=True iters=7
08:42:34 [INFO] [PROG] s*=9.56/9.92 (96.3%) dist_goal=0.30
08:42:34 [INFO] [MPC] state=(-1.72,-2.35,-1.59) wp0=(-1.55,-2.40) v=+0.078 ω=-0.035 ok=True iters=7
08:42:34 [INFO] [PROG] s*=9.56/9.92 (96.4%) dist_goal=0.30
08:42:34 [INFO] [MPC] state=(-1.72,-2.35,-1.60) wp0=(-1.55,-2.41) v=+0.076 ω=-0.022 ok=True iters=7
08:42:34 [INFO] [PROG] s*=9.57/9.92 (96.4%) dist_goal=0.29
08:42:34 [INFO] [MPC] state=(-1.72,-2.36,-1.60) wp0=(-1.55,-2.42) v=+0.074 ω=-0.013 ok=True iters=7
08:42:34 [INFO] [PROG] s*=9.58/9.92 (96.5%) dist_goal=0.28
08:42:34 [INFO] [MPC] state=(-1.72,-2.37,-1.60) wp0=(-1.55,-2.43) v=+0.072 ω=-0.006 ok=True iters=7
08:42:34 [INFO] [PROG] s*=9.59/9.92 (96.6%) dist_goal=0.28
08:42:34 [INFO] [MPC] state=(-1.72,-2.38,-1.60) wp0=(-1.55,-2.43) v=+0.071 ω=-0.002 ok=True iters=7
08:42:34 [INFO] [PROG] s*=9.59/9.92 (96.7%) dist_goal=0.27
08:42:34 [INFO] [MPC] state=(-1.72,-2.38,-1.60) wp0=(-1.55,-2.44) v=+0.069 ω=+0.001 ok=True iters=7
08:42:34 [INFO] [PROG] s*=9.60/9.92 (96.7%) dist_goal=0.26
08:42:34 [INFO] [MPC] state=(-1.72,-2.39,-1.60) wp0=(-1.55,-2.45) v=+0.067 ω=+0.003 ok=True iters=7
08:42:34 [INFO] [PROG] s*=9.61/9.92 (96.8%) dist_goal=0.26
08:42:34 [INFO] [MPC] state=(-1.72,-2.40,-1.60) wp0=(-1.55,-2.45) v=+0.066 ω=+0.004 ok=True iters=7
08:42:34 [INFO] [PROG] s*=9.61/9.92 (96.9%) dist_goal=0.25
08:42:34 [INFO] [MPC] state=(-1.72,-2.40,-1.60) wp0=(-1.55,-2.46) v=+0.064 ω=+0.005 ok=True iters=7
08:42:34 [INFO] [PROG] s*=9.62/9.92 (96.9%) dist_goal=0.25
08:42:34 [INFO] [MPC] state=(-1.72,-2.41,-1.60) wp0=(-1.55,-2.47) v=+0.063 ω=-0.147 ok=True iters=7
08:42:34 [INFO] [PROG] s*=9.63/9.92 (97.0%) dist_goal=0.24
08:42:34 [INFO] [MPC] state=(-1.72,-2.42,-1.61) wp0=(-1.55,-2.47) v=+0.061 ω=-0.097 ok=True iters=7
08:42:34 [INFO] [PROG] s*=9.63/9.92 (97.0%) dist_goal=0.23
08:42:34 [INFO] [MPC] state=(-1.72,-2.42,-1.62) wp0=(-1.55,-2.48) v=+0.060 ω=-0.062 ok=True iters=7
08:42:34 [INFO] [PROG] s*=9.64/9.92 (97.1%) dist_goal=0.23
08:42:34 [INFO] [MPC] state=(-1.72,-2.43,-1.63) wp0=(-1.55,-2.48) v=+0.058 ω=-0.037 ok=True iters=7
08:42:34 [INFO] [PROG] s*=9.64/9.92 (97.2%) dist_goal=0.22
08:42:34 [INFO] [MPC] state=(-1.72,-2.43,-1.63) wp0=(-1.55,-2.49) v=+0.057 ω=-0.265 ok=True iters=8
08:42:34 [INFO] [PROG] s*=9.65/9.92 (97.2%) dist_goal=0.22
08:42:34 [INFO] [MPC] state=(-1.72,-2.44,-1.66) wp0=(-1.55,-2.50) v=+0.056 ω=-0.524 ok=True iters=8
08:42:34 [INFO] [PROG] s*=9.65/9.92 (97.3%) dist_goal=0.21
08:42:34 [INFO] [MPC] state=(-1.72,-2.45,-1.71) wp0=(-1.55,-2.50) v=+0.054 ω=-0.703 ok=True iters=8
08:42:34 [INFO] [PROG] s*=9.66/9.92 (97.3%) dist_goal=0.21
08:42:34 [INFO] [MPC] state=(-1.73,-2.45,-1.79) wp0=(-1.55,-2.51) v=+0.053 ω=-0.830 ok=True iters=8
08:42:34 [INFO] [PROG] s*=9.66/9.92 (97.4%) dist_goal=0.20
08:42:34 [INFO] [MPC] state=(-1.73,-2.46,-1.87) wp0=(-1.55,-2.51) v=+0.052 ω=-0.940 ok=True iters=9
08:42:34 [INFO] [PROG] s*=9.67/9.92 (97.4%) dist_goal=0.20
08:42:34 [INFO] [MPC] state=(-1.73,-2.46,-1.97) wp0=(-1.55,-2.52) v=+0.051 ω=-0.855 ok=True iters=10
08:42:34 [INFO] [PROG] s*=9.67/9.92 (97.5%) dist_goal=0.20
08:42:34 [INFO] [MPC] state=(-1.73,-2.47,-2.05) wp0=(-1.55,-2.52) v=+0.050 ω=-0.553 ok=True iters=11
08:42:34 [ERROR] Error in step()
Traceback (most recent call last):
  File "/home/max/thesis_proj/pybullet2/crowdnav/env.py", line 707, in step
    theta_ref = _make_theta_ref(path_xy, self._theta_ref_prev, k_strong=3, alpha=0.25)
  File "/home/max/thesis_proj/pybullet2/crowdnav/env.py", line 95, in _make_theta_ref
    if theta_prev is not None and len(theta_prev) == len(ref):
UnboundLocalError: local variable 'ref' referenced before assignment
