21:40:17 [INFO] === New MPC Session Started ===
21:40:17 [DEBUG] matplotlib data path: /usr/share/matplotlib/mpl-data
21:40:17 [DEBUG] CONFIGDIR=/home/max/.config/matplotlib
21:40:17 [DEBUG] interactive is False
21:40:17 [DEBUG] platform is linux
21:40:17 [DEBUG] loaded modules: ['sys', 'builtins', '_frozen_importlib', '_imp', '_thread', '_warnings', '_weakref', '_io', 'marshal', 'posix', '_frozen_importlib_external', 'time', 'zipimport', '_codecs', 'codecs', 'encodings.aliases', 'encodings', 'encodings.utf_8', '_signal', '_abc', 'abc', 'io', '__main__', '_stat', 'stat', '_collections_abc', 'genericpath', 'posixpath', 'os.path', 'os', '_sitebuiltins', 'types', 'importlib._bootstrap', 'importlib._bootstrap_external', 'warnings', 'importlib', 'importlib._abc', 'itertools', 'keyword', '_operator', 'operator', 'reprlib', '_collections', 'collections', '_functools', 'functools', 'contextlib', 'importlib.util', 'importlib.machinery', 'mpl_toolkits', 'phply', 'ruamel', 'zope', 'apport_python_hook', 'sitecustomize', 'site', 'crowdnav', 'crowdnav.env', 'gym.error', 'gym.version', 'collections.abc', 'enum', '_sre', 'sre_constants', 'sre_parse', 'sre_compile', '_locale', 'copyreg', 're', 'typing.io', 'typing.re', 'typing', 'numpy._utils._convertions', 'numpy._utils', 'numpy._globals', 'numpy.exceptions', 'numpy.version', 'numpy._distributor_init', 'numpy._utils._inspect', 'math', '_datetime', 'datetime', 'numpy.core._exceptions', 'numpy.dtypes', 'numpy.core._multiarray_umath', 'numpy.core.overrides', 'numpy.core.multiarray', 'numpy.core.umath', 'numbers', 'numpy.core._string_helpers', 'fnmatch', 'ntpath', 'errno', 'urllib', 'ipaddress', 'urllib.parse', 'pathlib', '_struct', 'struct', '_compat_pickle', '_pickle', 'pickle', 'numpy.compat.py3k', 'numpy.compat', 'numpy.core._dtype', 'numpy.core._type_aliases', 'numpy.core.numerictypes', '_contextvars', 'contextvars', 'numpy.core._ufunc_config', 'numpy.core._methods', 'numpy.core.fromnumeric', 'numpy.core.shape_base', 'numpy.core.arrayprint', 'numpy.core._asarray', 'numpy.core.numeric', 'numpy.core.defchararray', 'numpy.core.records', 'numpy.core.memmap', 'numpy.core.function_base', 'numpy.core._machar', 'numpy.core.getlimits', 'numpy.core.einsumfunc', 'numpy.core._multiarray_tests', 'numpy.core._add_newdocs', 'numpy.core._add_newdocs_scalars', 'numpy.core._dtype_ctypes', '_ast', 'ast', '_ctypes', 'ctypes._endian', 'ctypes', 'numpy.core._internal', 'numpy._pytesttester', 'numpy.core', 'numpy.__config__', 'numpy.lib.mixins', 'numpy.lib.ufunclike', 'numpy.lib.type_check', 'numpy.lib.scimath', 'numpy.lib.stride_tricks', 'numpy.lib.twodim_base', 'numpy.linalg._umath_linalg', '__future__', 'numpy._typing._nested_sequence', 'numpy._typing._nbit', 'numpy._typing._char_codes', 'numpy._typing._scalars', 'numpy._typing._shape', 'numpy._typing._dtype_like', 'numpy._typing._array_like', 'numpy._typing', 'numpy.linalg.linalg', 'numpy.linalg', 'numpy.matrixlib.defmatrix', 'numpy.matrixlib', 'numpy.lib.histograms', 'numpy.lib.function_base', 'numpy.lib.index_tricks', 'numpy.lib.nanfunctions', 'numpy.lib.shape_base', 'numpy.lib.polynomial', 'textwrap', 'signal', '_weakrefset', 'threading', 'fcntl', '_posixsubprocess', 'select', 'selectors', 'subprocess', 'platform', 'numpy.lib.utils', 'numpy.lib.arraysetops', 'weakref', 'numpy.lib.format', 'numpy.lib._datasource', 'numpy.lib._iotools', 'numpy.lib.npyio', 'numpy.lib.arrayterator', 'numpy.lib.arraypad', 'numpy.lib._version', 'numpy.lib', 'numpy.fft._pocketfft_internal', 'numpy.fft._pocketfft', 'numpy.fft.helper', 'numpy.fft', 'numpy.polynomial.polyutils', 'numpy.polynomial._polybase', 'numpy.polynomial.polynomial', 'numpy.polynomial.chebyshev', 'numpy.polynomial.legendre', 'numpy.polynomial.hermite', 'numpy.polynomial.hermite_e', 'numpy.polynomial.laguerre', 'numpy.polynomial', 'cython_runtime', '_cython_3_0_8', 'numpy.random._common', 'binascii', 'base64', '_hashlib', '_blake2', 'hashlib', 'hmac', '_bisect', 'bisect', '_random', '_sha512', 'random', 'secrets', 'numpy.random.bit_generator', 'numpy.random._bounded_integers', 'numpy.random._mt19937', 'numpy.random.mtrand', 'numpy.random._philox', 'numpy.random._pcg64', 'numpy.random._sfc64', 'numpy.random._generator', 'numpy.random._pickle', 'numpy.random', 'numpy.ctypeslib', '_opcode', 'opcode', 'dis', 'token', 'tokenize', 'linecache', 'inspect', 'numpy.ma.core', 'numpy.ma.extras', 'numpy.ma', 'numpy', 'gym.utils.colorize', 'gym.utils.ezpickle', 'gym.utils', 'gym.logger', 'gym.utils.seeding', 'gym.spaces.space', 'gym.spaces.box', 'gym.spaces.dict', 'gym.spaces.discrete', 'gym.spaces.multi_discrete', 'gym.spaces.graph', 'gym.spaces.multi_binary', 'gym.spaces.sequence', 'gym.spaces.text', 'gym.spaces.tuple', 'gym.spaces.utils', 'gym.spaces', 'gym.core', 'copy', '_heapq', 'heapq', 'difflib', 'dataclasses', 'cv2.load_config_py3', 'cv2.version', 'numpy._core', 'numpy._core._multiarray_umath', 'cv2.gapi.core', 'cv2.gapi.core.cpu', 'cv2.gapi.core.fluid', 'cv2.gapi.core.ocl', 'cv2.gapi.ie', 'cv2.gapi.ie.detail', 'cv2.gapi.imgproc', 'cv2.gapi.imgproc.fluid', 'cv2.gapi.oak', 'cv2.gapi.onnx', 'cv2.gapi.onnx.ep', 'cv2.gapi.ot', 'cv2.gapi.ot.cpu', 'cv2.gapi.ov', 'cv2.gapi.own', 'cv2.gapi.own.detail', 'cv2.gapi.render', 'cv2.gapi.render.ocv', 'cv2.gapi.streaming', 'cv2.gapi.video', 'cv2.gapi.wip', 'cv2.gapi.wip.draw', 'cv2.gapi.wip.gst', 'cv2.gapi.wip.onevpl', 'cv2.utils.fs', 'cv2.utils.nested', 'cv2.gapi', 'cv2.ogl', 'cv2.data', 'cv2.detail', 'cv2.flann', 'cv2.ml', 'cv2.aruco', 'cv2.qt', 'cv2.utils', 'cv2.typing', 'cv2.samples', 'cv2.barcode', 'cv2.segmentation', 'cv2.ocl', 'cv2.cuda', 'cv2.parallel', 'cv2.dnn', 'cv2.Error', 'cv2.videoio_registry', 'cv2.ipp', 'cv2.fisheye', 'cv2.misc.version', 'cv2.misc', 'cv2.mat_wrapper', 'cv2', 'gym.wrappers.atari_preprocessing', 'gym.wrappers.autoreset', 'gym.wrappers.clip_action', 'gym.wrappers.filter_observation', 'gym.wrappers.flatten_observation', 'gym.wrappers.frame_stack', 'gym.wrappers.gray_scale_observation', 'gym.wrappers.human_rendering', 'gym.wrappers.normalize', 'gym.wrappers.order_enforcing', 'gym.wrappers.record_episode_statistics', 'gym.wrappers.monitoring', '_json', 'json.scanner', 'json.decoder', 'json.encoder', 'json', 'zlib', '_compression', '_bz2', 'bz2', '_lzma', 'lzma', 'shutil', 'tempfile', 'gym.wrappers.monitoring.video_recorder', 'gym.wrappers.record_video', 'gym.wrappers.render_collection', 'gym.wrappers.rescale_action', 'gym.wrappers.resize_observation', 'gym.utils.step_api_compatibility', 'gym.wrappers.step_api_compatibility', 'gym.wrappers.time_aware_observation', 'gym.wrappers.time_limit', 'gym.wrappers.transform_observation', 'gym.wrappers.transform_reward', 'gym.wrappers.vector_list_info', 'gym.wrappers', 'gym.wrappers.compatibility', 'gym.utils.passive_env_checker', 'gym.wrappers.env_checker', '_csv', 'csv', 'email', 'zipfile', 'uu', 'quopri', '_socket', 'array', 'socket', 'locale', 'calendar', 'email._parseaddr', 'email.base64mime', '_string', 'string', 'email.quoprimime', 'email.errors', 'email.encoders', 'email.charset', 'email.utils', 'email.header', 'email._policybase', 'email._encoded_words', 'email.iterators', 'email.message', 'importlib.metadata._functools', 'importlib.metadata._text', 'importlib.metadata._adapters', 'importlib.metadata._meta', 'importlib.metadata._collections', 'importlib.metadata._itertools', 'importlib.abc', 'importlib.metadata', 'gym.envs.registration', 'gym.envs', 'multiprocessing.process', 'multiprocessing.reduction', 'multiprocessing.context', '__mp_main__', 'multiprocessing', 'gym.vector.utils.misc', 'gym.vector.utils.numpy_utils', 'gym.vector.utils.shared_memory', 'gym.vector.utils.spaces', 'gym.vector.utils', 'gym.vector.vector_env', 'gym.vector.async_vector_env', 'gym.vector.sync_vector_env', 'gym.vector', 'gym_notices', 'gym_notices.notices', 'gym', 'pybullet', 'pybullet_data', 'traceback', 'atexit', 'logging', 'crowdnav.logger_setup', 'crowdnav.config', 'crowdnav.kinematics', 'crowdnav.dynamics', 'crowdnav.sensors', 'crowdnav.control', 'crowdnav.control.align', 'crowdnav.control.track', 'crowdnav.planning', 'swig_runtime_data4', 'casadi._casadi', 'casadi.casadi', 'casadi', 'crowdnav.planning.mpc_runner', 'crowdnav.planning.path_mgr', 'crowdnav.utils2', 'crowdnav.utils2.coord', 'crowdnav.planning.path_math', 'crowdnav.utils', 'matplotlib', 'pprint', 'packaging.__about__', 'packaging', 'packaging._structures', 'packaging.version', 'matplotlib._api.deprecation', 'matplotlib._api', 'matplotlib._version', 'gzip', 'shlex', 'matplotlib._c_internal_utils', 'matplotlib.cbook', 'matplotlib.docstring', 'PIL._version', 'PIL', 'PIL.ImageMode', 'PIL.TiffTags', 'PIL._binary', 'PIL._util', 'PIL._imaging', 'PIL.Image', 'PIL.ImageChops', 'PIL.ImageFile', 'PIL.GimpGradientFile', 'PIL.GimpPaletteFile', 'PIL.ImageColor', 'PIL.PaletteFile', 'PIL.ImagePalette', 'PIL.ImageSequence', 'PIL.PngImagePlugin', 'matplotlib._path', 'matplotlib.bezier', 'matplotlib.path', 'matplotlib.transforms', 'matplotlib.ticker', 'matplotlib.scale', 'matplotlib._color_data', 'matplotlib.colors', 'pyparsing', 'matplotlib.fontconfig_pattern', 'matplotlib._enums', 'cycler', 'matplotlib.rcsetup', 'matplotlib.ft2font', 'dateutil._version', 'dateutil', 'kiwisolver']
21:40:17 [DEBUG] CACHEDIR=/home/max/.cache/matplotlib
21:40:17 [DEBUG] Using fontManager instance from /home/max/.cache/matplotlib/fontlist-v330.json
21:40:17 [DEBUG] Loaded backend TkAgg version unknown.
21:40:17 [INFO] CrowdNavPyBulletEnv initializing...
21:40:22 [INFO] World ready | grid: (112, 112), res: 0.1, N=10, T=0.1
21:40:23 [INFO] [PROG] s*=0.00/5.94 (0.0%) dist_goal=2.63
21:40:23 [INFO] [MPC] state=(-3.75,+2.65,-3.10) wp0=(-3.83,+2.65) v=+0.200 ω=-2.400 ok=True iters=9
21:40:23 [INFO] [PROG] s*=0.00/5.94 (0.0%) dist_goal=2.63
21:40:23 [INFO] [MPC] state=(-3.76,+2.65,-3.14) wp0=(-3.83,+2.65) v=+0.200 ω=-2.400 ok=True iters=8
21:40:23 [INFO] [PROG] s*=0.00/5.94 (0.0%) dist_goal=2.64
21:40:23 [INFO] [MPC] state=(-3.77,+2.65,-3.27) wp0=(-3.83,+2.65) v=+0.200 ω=-1.923 ok=True iters=7
21:40:23 [INFO] [PROG] s*=0.01/5.94 (0.2%) dist_goal=2.64
21:40:23 [INFO] [MPC] state=(-3.78,+2.65,-3.38) wp0=(-3.84,+2.65) v=+0.200 ω=-1.346 ok=True iters=7
21:40:23 [INFO] [PROG] s*=0.03/5.94 (0.5%) dist_goal=2.65
21:40:23 [INFO] [MPC] state=(-3.79,+2.66,-3.45) wp0=(-3.86,+2.65) v=+0.200 ω=-1.075 ok=True iters=7
21:40:23 [INFO] [PROG] s*=0.04/5.94 (0.8%) dist_goal=2.66
21:40:23 [INFO] [MPC] state=(-3.81,+2.66,-3.51) wp0=(-3.87,+2.65) v=+0.200 ω=-0.812 ok=True iters=7
21:40:23 [INFO] [PROG] s*=0.06/5.94 (1.1%) dist_goal=2.67
21:40:23 [INFO] [MPC] state=(-3.82,+2.67,-3.55) wp0=(-3.89,+2.65) v=+0.200 ω=-0.017 ok=True iters=7
21:40:23 [INFO] [PROG] s*=0.08/5.94 (1.3%) dist_goal=2.68
21:40:23 [INFO] [MPC] state=(-3.84,+2.68,-3.56) wp0=(-3.91,+2.65) v=+0.200 ω=+0.637 ok=True iters=7
21:40:23 [INFO] [PROG] s*=0.10/5.94 (1.6%) dist_goal=2.69
21:40:23 [INFO] [MPC] state=(-3.86,+2.69,-3.52) wp0=(-3.93,+2.65) v=+0.200 ω=+0.650 ok=True iters=7
21:40:23 [INFO] [PROG] s*=0.11/5.94 (1.9%) dist_goal=2.70
21:40:23 [INFO] [MPC] state=(-3.88,+2.69,-3.48) wp0=(-3.94,+2.65) v=+0.200 ω=+0.957 ok=True iters=7
21:40:23 [INFO] [PROG] s*=0.13/5.94 (2.2%) dist_goal=2.71
21:40:23 [INFO] [MPC] state=(-3.89,+2.70,-3.43) wp0=(-3.96,+2.65) v=+0.200 ω=+0.909 ok=True iters=7
21:40:23 [INFO] [PROG] s*=0.14/5.94 (2.4%) dist_goal=2.72
21:40:23 [INFO] [MPC] state=(-3.91,+2.70,-3.38) wp0=(-3.97,+2.65) v=+0.200 ω=+1.149 ok=True iters=7
21:40:23 [INFO] [PROG] s*=0.16/5.94 (2.7%) dist_goal=2.72
21:40:23 [INFO] [MPC] state=(-3.92,+2.70,-3.31) wp0=(-3.99,+2.65) v=+0.200 ω=+1.343 ok=True iters=7
21:40:23 [INFO] [PROG] s*=0.17/5.94 (2.9%) dist_goal=2.72
21:40:23 [INFO] [MPC] state=(-3.94,+2.71,-3.24) wp0=(-4.00,+2.65) v=+0.200 ω=+1.080 ok=True iters=7
21:40:23 [INFO] [PROG] s*=0.19/5.94 (3.2%) dist_goal=2.73
21:40:23 [INFO] [MPC] state=(-3.95,+2.71,-3.19) wp0=(-4.02,+2.65) v=+0.200 ω=+0.775 ok=True iters=7
21:40:23 [INFO] [PROG] s*=0.21/5.94 (3.5%) dist_goal=2.73
21:40:23 [INFO] [MPC] state=(-3.97,+2.71,-3.15) wp0=(-4.04,+2.65) v=+0.200 ω=+0.688 ok=True iters=8
21:40:23 [INFO] [PROG] s*=0.22/5.94 (3.8%) dist_goal=2.74
21:40:23 [INFO] [MPC] state=(-3.99,+2.71,-3.11) wp0=(-4.05,+2.65) v=+0.200 ω=+0.600 ok=True iters=8
21:40:23 [INFO] [PROG] s*=0.24/5.94 (4.1%) dist_goal=2.74
21:40:23 [INFO] [MPC] state=(-4.00,+2.71,-3.08) wp0=(-4.07,+2.65) v=+0.200 ω=+0.382 ok=True iters=8
21:40:23 [INFO] [PROG] s*=0.26/5.94 (4.4%) dist_goal=2.74
21:40:23 [INFO] [MPC] state=(-4.02,+2.71,-3.06) wp0=(-4.09,+2.65) v=+0.200 ω=+0.304 ok=True iters=8
21:40:23 [INFO] [PROG] s*=0.28/5.94 (4.7%) dist_goal=2.75
21:40:23 [INFO] [MPC] state=(-4.04,+2.70,-3.04) wp0=(-4.11,+2.65) v=+0.200 ω=-0.240 ok=True iters=8
21:40:23 [INFO] [PROG] s*=0.30/5.94 (5.1%) dist_goal=2.75
21:40:23 [INFO] [MPC] state=(-4.06,+2.70,-3.05) wp0=(-4.13,+2.65) v=+0.200 ω=-0.233 ok=True iters=8
21:40:23 [INFO] [PROG] s*=0.32/5.94 (5.4%) dist_goal=2.75
21:40:23 [INFO] [MPC] state=(-4.08,+2.70,-3.07) wp0=(-4.15,+2.65) v=+0.200 ω=-0.221 ok=True iters=8
21:40:23 [INFO] [PROG] s*=0.34/5.94 (5.7%) dist_goal=2.76
21:40:23 [INFO] [MPC] state=(-4.10,+2.70,-3.09) wp0=(-4.17,+2.65) v=+0.200 ω=-0.203 ok=True iters=8
21:40:23 [INFO] [PROG] s*=0.36/5.94 (6.1%) dist_goal=2.76
21:40:23 [INFO] [MPC] state=(-4.12,+2.70,-3.10) wp0=(-4.19,+2.65) v=+0.200 ω=-0.183 ok=True iters=8
21:40:23 [INFO] [PROG] s*=0.38/5.94 (6.4%) dist_goal=2.77
21:40:23 [INFO] [MPC] state=(-4.14,+2.70,-3.12) wp0=(-4.21,+2.65) v=+0.200 ω=-0.447 ok=True iters=8
21:40:23 [INFO] [PROG] s*=0.40/5.94 (6.7%) dist_goal=2.77
21:40:23 [INFO] [MPC] state=(-4.16,+2.70,-3.15) wp0=(-4.23,+2.65) v=+0.200 ω=-0.382 ok=True iters=8
21:40:23 [INFO] [PROG] s*=0.42/5.94 (7.0%) dist_goal=2.78
21:40:23 [INFO] [MPC] state=(-4.18,+2.70,-3.17) wp0=(-4.25,+2.65) v=+0.200 ω=+0.297 ok=True iters=8
21:40:23 [INFO] [PROG] s*=0.44/5.94 (7.4%) dist_goal=2.79
21:40:23 [INFO] [MPC] state=(-4.20,+2.70,-3.16) wp0=(-4.27,+2.65) v=+0.200 ω=+0.107 ok=True iters=8
21:40:23 [INFO] [PROG] s*=0.46/5.94 (7.7%) dist_goal=2.79
21:40:23 [INFO] [MPC] state=(-4.22,+2.70,-3.15) wp0=(-4.29,+2.65) v=+0.200 ω=+0.083 ok=True iters=8
21:40:23 [INFO] [PROG] s*=0.48/5.94 (8.1%) dist_goal=2.80
21:40:23 [INFO] [MPC] state=(-4.24,+2.70,-3.14) wp0=(-4.31,+2.65) v=+0.200 ω=+0.061 ok=True iters=8
21:40:23 [INFO] [PROG] s*=0.50/5.94 (8.4%) dist_goal=2.81
21:40:23 [INFO] [MPC] state=(-4.26,+2.70,-3.13) wp0=(-4.33,+2.65) v=+0.200 ω=+0.044 ok=True iters=8
21:40:23 [INFO] [PROG] s*=0.52/5.94 (8.7%) dist_goal=2.81
21:40:23 [INFO] [MPC] state=(-4.28,+2.70,-3.13) wp0=(-4.35,+2.65) v=+0.200 ω=+0.030 ok=True iters=8
21:40:23 [INFO] [PROG] s*=0.54/5.94 (9.1%) dist_goal=2.82
21:40:23 [INFO] [MPC] state=(-4.30,+2.70,-3.13) wp0=(-4.37,+2.65) v=+0.200 ω=-0.421 ok=True iters=8
21:40:23 [INFO] [PROG] s*=0.56/5.94 (9.4%) dist_goal=2.83
21:40:23 [INFO] [MPC] state=(-4.32,+2.70,-3.16) wp0=(-4.39,+2.65) v=+0.200 ω=-0.350 ok=True iters=8
21:40:23 [INFO] [PROG] s*=0.58/5.94 (9.7%) dist_goal=2.83
21:40:23 [INFO] [MPC] state=(-4.34,+2.70,-3.18) wp0=(-4.41,+2.65) v=+0.200 ω=+0.326 ok=True iters=8
21:40:23 [INFO] [PROG] s*=0.60/5.94 (10.0%) dist_goal=2.84
21:40:23 [INFO] [MPC] state=(-4.36,+2.70,-3.16) wp0=(-4.43,+2.65) v=+0.200 ω=+0.134 ok=True iters=8
21:40:23 [INFO] [PROG] s*=0.62/5.94 (10.4%) dist_goal=2.85
21:40:23 [INFO] [MPC] state=(-4.38,+2.70,-3.15) wp0=(-4.45,+2.65) v=+0.200 ω=+0.110 ok=True iters=8
21:40:23 [INFO] [PROG] s*=0.64/5.94 (10.7%) dist_goal=2.86
21:40:23 [INFO] [MPC] state=(-4.40,+2.70,-3.14) wp0=(-4.47,+2.65) v=+0.200 ω=+0.091 ok=True iters=8
21:40:23 [INFO] [PROG] s*=0.66/5.94 (11.1%) dist_goal=2.86
21:40:23 [INFO] [MPC] state=(-4.42,+2.70,-3.14) wp0=(-4.49,+2.65) v=+0.200 ω=+0.068 ok=True iters=8
21:40:23 [INFO] [PROG] s*=0.68/5.94 (11.4%) dist_goal=2.87
21:40:23 [INFO] [MPC] state=(-4.44,+2.70,-3.13) wp0=(-4.51,+2.65) v=+0.200 ω=+0.046 ok=True iters=8
21:40:23 [INFO] [PROG] s*=0.70/5.94 (11.7%) dist_goal=2.88
21:40:23 [INFO] [MPC] state=(-4.46,+2.70,-3.12) wp0=(-4.53,+2.65) v=+0.200 ω=+0.028 ok=True iters=8
21:40:23 [INFO] [PROG] s*=0.72/5.94 (12.1%) dist_goal=2.89
21:40:23 [INFO] [MPC] state=(-4.48,+2.70,-3.12) wp0=(-4.55,+2.65) v=+0.200 ω=+0.013 ok=True iters=8
21:40:23 [INFO] [PROG] s*=0.74/5.94 (12.4%) dist_goal=2.89
21:40:23 [INFO] [MPC] state=(-4.50,+2.70,-3.12) wp0=(-4.57,+2.65) v=+0.200 ω=+0.001 ok=True iters=8
21:40:23 [INFO] [PROG] s*=0.76/5.94 (12.7%) dist_goal=2.90
21:40:23 [INFO] [MPC] state=(-4.52,+2.70,-3.12) wp0=(-4.59,+2.65) v=+0.200 ω=-0.445 ok=True iters=8
21:40:23 [INFO] [PROG] s*=0.78/5.94 (13.1%) dist_goal=2.91
21:40:23 [INFO] [MPC] state=(-4.54,+2.70,-3.15) wp0=(-4.61,+2.65) v=+0.200 ω=-0.382 ok=True iters=8
21:40:23 [INFO] [PROG] s*=0.79/5.94 (13.4%) dist_goal=2.92
21:40:23 [INFO] [MPC] state=(-4.56,+2.70,-3.18) wp0=(-4.62,+2.65) v=+0.200 ω=+0.300 ok=True iters=8
21:40:23 [INFO] [PROG] s*=0.81/5.94 (13.7%) dist_goal=2.93
21:40:23 [INFO] [MPC] state=(-4.57,+2.70,-3.16) wp0=(-4.64,+2.65) v=+0.200 ω=-0.340 ok=True iters=8
21:40:23 [INFO] [PROG] s*=0.83/5.94 (14.0%) dist_goal=2.93
21:40:23 [INFO] [MPC] state=(-4.59,+2.70,-3.18) wp0=(-4.66,+2.65) v=+0.200 ω=+0.336 ok=True iters=8
21:40:23 [INFO] [PROG] s*=0.85/5.94 (14.4%) dist_goal=2.94
21:40:23 [INFO] [MPC] state=(-4.61,+2.70,-3.16) wp0=(-4.68,+2.65) v=+0.200 ω=+0.143 ok=True iters=8
21:40:23 [INFO] [PROG] s*=0.87/5.94 (14.7%) dist_goal=2.95
21:40:23 [INFO] [MPC] state=(-4.63,+2.70,-3.15) wp0=(-4.70,+2.65) v=+0.200 ω=+0.118 ok=True iters=8
21:40:23 [INFO] [PROG] s*=0.89/5.94 (15.0%) dist_goal=2.96
21:40:23 [INFO] [MPC] state=(-4.65,+2.70,-3.14) wp0=(-4.72,+2.65) v=+0.200 ω=+0.090 ok=True iters=8
21:40:23 [INFO] [PROG] s*=0.91/5.94 (15.4%) dist_goal=2.97
21:40:23 [INFO] [MPC] state=(-4.67,+2.70,-3.13) wp0=(-4.74,+2.65) v=+0.200 ω=+0.068 ok=True iters=8
21:40:23 [INFO] [PROG] s*=0.93/5.94 (15.7%) dist_goal=2.98
21:40:23 [INFO] [MPC] state=(-4.69,+2.70,-3.13) wp0=(-4.76,+2.65) v=+0.200 ω=+0.050 ok=True iters=8
21:40:23 [INFO] [PROG] s*=0.95/5.94 (16.0%) dist_goal=2.99
21:40:23 [INFO] [MPC] state=(-4.71,+2.70,-3.12) wp0=(-4.78,+2.65) v=+0.200 ω=+0.033 ok=True iters=8
21:40:23 [INFO] [PROG] s*=0.97/5.94 (16.4%) dist_goal=3.00
21:40:23 [INFO] [MPC] state=(-4.73,+2.70,-3.12) wp0=(-4.80,+2.65) v=+0.200 ω=+0.017 ok=True iters=8
21:40:23 [INFO] [PROG] s*=0.99/5.94 (16.7%) dist_goal=3.01
21:40:23 [INFO] [MPC] state=(-4.75,+2.70,-3.12) wp0=(-4.82,+2.65) v=+0.200 ω=+0.004 ok=True iters=8
21:40:23 [INFO] [PROG] s*=1.01/5.94 (17.0%) dist_goal=3.01
21:40:23 [INFO] [MPC] state=(-4.77,+2.70,-3.12) wp0=(-4.84,+2.65) v=+0.200 ω=-0.443 ok=True iters=8
21:40:23 [INFO] [PROG] s*=1.03/5.94 (17.4%) dist_goal=3.02
21:40:23 [INFO] [MPC] state=(-4.79,+2.70,-3.15) wp0=(-4.86,+2.65) v=+0.200 ω=-0.365 ok=True iters=8
21:40:23 [INFO] [PROG] s*=1.05/5.94 (17.7%) dist_goal=3.03
21:40:23 [INFO] [MPC] state=(-4.81,+2.70,-3.18) wp0=(-4.88,+2.65) v=+0.200 ω=+0.317 ok=True iters=8
21:40:23 [INFO] [PROG] s*=1.07/5.94 (18.0%) dist_goal=3.04
21:40:23 [INFO] [MPC] state=(-4.83,+2.70,-3.16) wp0=(-4.90,+2.65) v=+0.200 ω=+0.128 ok=True iters=9
21:40:23 [INFO] [PROG] s*=1.09/5.94 (18.4%) dist_goal=3.05
21:40:23 [INFO] [MPC] state=(-4.85,+2.70,-3.15) wp0=(-4.92,+2.65) v=+0.200 ω=+0.119 ok=True iters=9
21:40:23 [INFO] [PROG] s*=1.11/5.94 (18.7%) dist_goal=3.06
21:40:23 [INFO] [MPC] state=(-4.87,+2.70,-3.14) wp0=(-4.94,+2.65) v=+0.200 ω=+0.113 ok=True iters=9
21:40:23 [INFO] [PROG] s*=1.13/5.94 (19.0%) dist_goal=3.07
21:40:23 [INFO] [MPC] state=(-4.89,+2.70,-3.13) wp0=(-4.96,+2.65) v=+0.200 ω=+0.099 ok=True iters=9
21:40:23 [INFO] [PROG] s*=1.15/5.94 (19.4%) dist_goal=3.08
21:40:23 [INFO] [MPC] state=(-4.91,+2.70,-3.12) wp0=(-4.98,+2.65) v=+0.200 ω=+0.091 ok=True iters=9
21:40:23 [INFO] [PROG] s*=1.17/5.94 (19.7%) dist_goal=3.09
21:40:23 [INFO] [MPC] state=(-4.93,+2.70,-3.11) wp0=(-5.00,+2.65) v=+0.200 ω=-0.059 ok=True iters=9
21:40:23 [INFO] [PROG] s*=1.19/5.94 (20.0%) dist_goal=3.10
21:40:23 [INFO] [MPC] state=(-4.95,+2.70,-3.12) wp0=(-5.02,+2.65) v=+0.200 ω=-0.322 ok=True iters=9
21:40:23 [INFO] [PROG] s*=1.21/5.94 (20.4%) dist_goal=3.11
21:40:23 [INFO] [MPC] state=(-4.97,+2.70,-3.14) wp0=(-5.04,+2.65) v=+0.200 ω=-0.248 ok=True iters=9
21:40:23 [INFO] [PROG] s*=1.23/5.94 (20.7%) dist_goal=3.12
21:40:23 [INFO] [MPC] state=(-4.99,+2.70,-3.16) wp0=(-5.06,+2.65) v=+0.200 ω=-0.171 ok=True iters=10
21:40:23 [INFO] [PROG] s*=1.25/5.94 (21.0%) dist_goal=3.13
21:40:23 [INFO] [MPC] state=(-5.01,+2.70,-3.17) wp0=(-5.08,+2.65) v=+0.200 ω=+0.538 ok=True iters=11
21:40:23 [INFO] [PROG] s*=1.27/5.94 (21.3%) dist_goal=3.14
21:40:23 [INFO] [MPC] state=(-5.03,+2.70,-3.15) wp0=(-5.10,+2.65) v=+0.200 ω=+0.364 ok=True iters=11
21:40:23 [INFO] [PROG] s*=1.29/5.94 (21.6%) dist_goal=3.15
21:40:23 [INFO] [MPC] state=(-5.05,+2.70,-3.13) wp0=(-5.12,+2.65) v=+0.200 ω=+0.366 ok=True iters=14
21:40:23 [INFO] [PROG] s*=1.31/5.94 (22.0%) dist_goal=3.16
21:40:23 [INFO] [MPC] state=(-5.07,+2.70,-3.10) wp0=(-5.14,+2.65) v=+0.200 ω=+0.191 ok=True iters=11
21:40:23 [INFO] [PROG] s*=1.32/5.94 (22.2%) dist_goal=3.17
21:40:23 [INFO] [MPC] state=(-5.09,+2.70,-3.09) wp0=(-5.15,+2.65) v=+0.200 ω=+1.317 ok=True iters=8
21:40:23 [INFO] [PROG] s*=1.33/5.94 (22.4%) dist_goal=3.18
21:40:23 [INFO] [MPC] state=(-5.10,+2.69,-3.03) wp0=(-5.16,+2.65) v=+0.200 ω=+1.963 ok=True iters=8
21:40:23 [INFO] [PROG] s*=1.34/5.94 (22.6%) dist_goal=3.18
21:40:23 [INFO] [MPC] state=(-5.11,+2.69,-2.93) wp0=(-5.17,+2.65) v=+0.200 ω=+1.782 ok=True iters=14
21:40:23 [INFO] [PROG] s*=1.36/5.94 (22.8%) dist_goal=3.18
21:40:23 [INFO] [MPC] state=(-5.12,+2.69,-2.83) wp0=(-5.19,+2.65) v=+0.200 ω=+1.587 ok=True iters=11
21:40:23 [INFO] [PROG] s*=1.37/5.94 (23.0%) dist_goal=3.19
21:40:23 [INFO] [MPC] state=(-5.14,+2.68,-2.74) wp0=(-5.20,+2.65) v=+0.200 ω=+2.126 ok=True iters=10
21:40:23 [INFO] [PROG] s*=1.38/5.94 (23.1%) dist_goal=3.19
21:40:23 [INFO] [MPC] state=(-5.15,+2.68,-2.63) wp0=(-5.21,+2.65) v=+0.200 ω=+2.400 ok=True iters=11
21:40:23 [INFO] [PROG] s*=1.38/5.94 (23.3%) dist_goal=3.18
21:40:23 [INFO] [MPC] state=(-5.16,+2.67,-2.50) wp0=(-5.21,+2.65) v=+0.200 ω=+2.390 ok=True iters=13
21:40:23 [INFO] [PROG] s*=1.39/5.94 (23.3%) dist_goal=3.18
21:40:23 [INFO] [MPC] state=(-5.16,+2.67,-2.37) wp0=(-5.22,+2.65) v=+0.080 ω=+2.088 ok=True iters=10
21:40:23 [INFO] [PROG] s*=1.39/5.94 (23.4%) dist_goal=3.18
21:40:23 [INFO] [MPC] state=(-5.17,+2.66,-2.19) wp0=(-5.22,+2.65) v=+0.080 ω=+1.390 ok=True iters=9
21:40:23 [INFO] [PROG] s*=1.39/5.94 (23.4%) dist_goal=3.18
21:40:23 [INFO] [MPC] state=(-5.17,+2.66,-2.05) wp0=(-5.22,+2.65) v=+0.080 ω=+0.916 ok=True iters=9
21:40:23 [INFO] [PROG] s*=1.40/5.94 (23.5%) dist_goal=3.17
21:40:23 [INFO] [MPC] state=(-5.17,+2.65,-1.95) wp0=(-5.23,+2.65) v=+0.080 ω=+0.733 ok=True iters=9
21:40:23 [INFO] [PROG] s*=1.40/5.94 (23.5%) dist_goal=3.17
21:40:23 [INFO] [MPC] state=(-5.18,+2.65,-1.88) wp0=(-5.23,+2.65) v=+0.080 ω=+0.249 ok=True iters=9
21:40:23 [INFO] [PROG] s*=1.40/5.94 (23.6%) dist_goal=3.16
21:40:23 [INFO] [MPC] state=(-5.18,+2.64,-1.85) wp0=(-5.23,+2.65) v=+0.080 ω=+0.068 ok=True iters=9
21:40:23 [INFO] [PROG] s*=1.40/5.94 (23.6%) dist_goal=3.16
21:40:23 [INFO] [MPC] state=(-5.18,+2.63,-1.85) wp0=(-5.23,+2.65) v=+0.080 ω=-0.043 ok=True iters=10
21:40:23 [INFO] [PROG] s*=1.40/5.94 (23.6%) dist_goal=3.15
21:40:23 [INFO] [MPC] state=(-5.18,+2.62,-1.85) wp0=(-5.23,+2.65) v=+0.080 ω=-0.122 ok=True iters=10
21:40:23 [INFO] [PROG] s*=1.41/5.94 (23.7%) dist_goal=3.15
21:40:23 [INFO] [MPC] state=(-5.18,+2.61,-1.86) wp0=(-5.24,+2.65) v=+0.080 ω=-0.200 ok=True iters=8
21:40:23 [INFO] [PROG] s*=1.41/5.94 (23.7%) dist_goal=3.14
21:40:23 [INFO] [MPC] state=(-5.19,+2.61,-1.88) wp0=(-5.24,+2.65) v=+0.080 ω=-0.542 ok=True iters=9
21:40:23 [INFO] [PROG] s*=1.53/5.94 (25.7%) dist_goal=3.14
21:40:23 [INFO] [MPC] state=(-5.19,+2.60,-1.94) wp0=(-5.25,+2.54) v=+0.080 ω=-0.175 ok=True iters=10
21:40:23 [INFO] [PROG] s*=1.54/5.94 (25.9%) dist_goal=3.13
21:40:23 [INFO] [MPC] state=(-5.19,+2.59,-1.96) wp0=(-5.25,+2.53) v=+0.080 ω=-0.185 ok=True iters=9
21:40:23 [INFO] [PROG] s*=1.54/5.94 (26.0%) dist_goal=3.13
21:40:23 [INFO] [MPC] state=(-5.20,+2.58,-1.97) wp0=(-5.25,+2.53) v=+0.080 ω=-0.215 ok=True iters=9
21:40:23 [INFO] [PROG] s*=1.55/5.94 (26.1%) dist_goal=3.13
21:40:23 [INFO] [MPC] state=(-5.20,+2.58,-2.00) wp0=(-5.25,+2.52) v=+0.080 ω=-1.605 ok=True iters=9
21:40:23 [INFO] [PROG] s*=1.56/5.94 (26.3%) dist_goal=3.12
21:40:23 [INFO] [MPC] state=(-5.20,+2.57,-2.15) wp0=(-5.25,+2.51) v=+0.200 ω=-0.905 ok=True iters=12
21:40:23 [INFO] [PROG] s*=1.58/5.94 (26.6%) dist_goal=3.12
21:40:23 [INFO] [MPC] state=(-5.21,+2.56,-2.21) wp0=(-5.25,+2.49) v=+0.200 ω=-0.626 ok=True iters=15
21:40:23 [INFO] [PROG] s*=1.59/5.94 (26.8%) dist_goal=3.11
21:40:23 [INFO] [MPC] state=(-5.22,+2.54,-2.25) wp0=(-5.25,+2.48) v=+0.200 ω=-0.209 ok=True iters=12
21:40:23 [INFO] [PROG] s*=1.61/5.94 (27.1%) dist_goal=3.11
21:40:23 [INFO] [MPC] state=(-5.24,+2.53,-2.26) wp0=(-5.25,+2.46) v=+0.200 ω=-0.006 ok=True iters=12
21:40:23 [INFO] [PROG] s*=1.62/5.94 (27.3%) dist_goal=3.10
21:40:23 [INFO] [MPC] state=(-5.25,+2.51,-2.26) wp0=(-5.25,+2.45) v=+0.200 ω=+0.716 ok=True iters=9
21:40:23 [INFO] [PROG] s*=1.64/5.94 (27.6%) dist_goal=3.10
21:40:23 [INFO] [MPC] state=(-5.26,+2.50,-2.22) wp0=(-5.25,+2.43) v=+0.200 ω=+0.793 ok=True iters=11
21:40:23 [INFO] [PROG] s*=1.65/5.94 (27.8%) dist_goal=3.09
21:40:23 [INFO] [MPC] state=(-5.27,+2.48,-2.18) wp0=(-5.25,+2.42) v=+0.200 ω=+0.869 ok=True iters=11
21:40:23 [INFO] [PROG] s*=1.67/5.94 (28.0%) dist_goal=3.09
21:40:23 [INFO] [MPC] state=(-5.28,+2.47,-2.13) wp0=(-5.25,+2.40) v=+0.200 ω=+0.763 ok=True iters=9
21:40:23 [INFO] [PROG] s*=1.68/5.94 (28.3%) dist_goal=3.08
21:40:23 [INFO] [MPC] state=(-5.29,+2.45,-2.08) wp0=(-5.25,+2.39) v=+0.200 ω=+0.793 ok=True iters=9
21:40:23 [INFO] [PROG] s*=1.70/5.94 (28.6%) dist_goal=3.08
21:40:23 [INFO] [MPC] state=(-5.30,+2.44,-2.04) wp0=(-5.25,+2.37) v=+0.200 ω=+0.849 ok=True iters=9
21:40:23 [INFO] [PROG] s*=1.71/5.94 (28.8%) dist_goal=3.07
21:40:23 [INFO] [MPC] state=(-5.31,+2.42,-1.99) wp0=(-5.25,+2.36) v=+0.200 ω=+0.703 ok=True iters=8
21:40:23 [INFO] [PROG] s*=1.73/5.94 (29.1%) dist_goal=3.06
21:40:23 [INFO] [MPC] state=(-5.31,+2.41,-1.95) wp0=(-5.25,+2.34) v=+0.200 ω=+0.774 ok=True iters=8
21:40:23 [INFO] [PROG] s*=1.75/5.94 (29.4%) dist_goal=3.05
21:40:23 [INFO] [MPC] state=(-5.32,+2.39,-1.90) wp0=(-5.25,+2.32) v=+0.200 ω=+0.808 ok=True iters=7
21:40:23 [INFO] [PROG] s*=1.76/5.94 (29.7%) dist_goal=3.04
21:40:23 [INFO] [MPC] state=(-5.32,+2.37,-1.86) wp0=(-5.25,+2.31) v=+0.200 ω=+0.123 ok=True iters=6
21:40:23 [INFO] [PROG] s*=1.78/5.94 (30.0%) dist_goal=3.03
21:40:23 [INFO] [MPC] state=(-5.33,+2.36,-1.85) wp0=(-5.25,+2.29) v=+0.200 ω=+0.875 ok=True iters=6
21:40:23 [INFO] [PROG] s*=1.80/5.94 (30.2%) dist_goal=3.02
21:40:23 [INFO] [MPC] state=(-5.33,+2.34,-1.80) wp0=(-5.25,+2.27) v=+0.200 ω=+0.886 ok=True iters=6
21:40:23 [INFO] [PROG] s*=1.81/5.94 (30.5%) dist_goal=3.01
21:40:23 [INFO] [MPC] state=(-5.34,+2.32,-1.75) wp0=(-5.25,+2.26) v=+0.200 ω=+0.870 ok=True iters=6
21:40:23 [INFO] [PROG] s*=1.83/5.94 (30.8%) dist_goal=3.00
21:40:23 [INFO] [MPC] state=(-5.34,+2.31,-1.70) wp0=(-5.25,+2.24) v=+0.200 ω=+0.835 ok=True iters=6
21:40:23 [INFO] [PROG] s*=1.85/5.94 (31.1%) dist_goal=2.98
21:40:23 [INFO] [MPC] state=(-5.34,+2.29,-1.65) wp0=(-5.25,+2.22) v=+0.200 ω=+0.556 ok=True iters=6
21:40:23 [INFO] [PROG] s*=1.87/5.94 (31.4%) dist_goal=2.97
21:40:23 [INFO] [MPC] state=(-5.34,+2.27,-1.62) wp0=(-5.25,+2.20) v=+0.200 ω=+0.531 ok=True iters=6
21:40:23 [INFO] [PROG] s*=1.88/5.94 (31.7%) dist_goal=2.96
21:40:23 [INFO] [MPC] state=(-5.34,+2.25,-1.59) wp0=(-5.25,+2.19) v=+0.200 ω=+0.886 ok=True iters=6
21:40:23 [INFO] [PROG] s*=1.90/5.94 (32.0%) dist_goal=2.95
21:40:23 [INFO] [MPC] state=(-5.34,+2.24,-1.55) wp0=(-5.25,+2.17) v=+0.200 ω=+0.808 ok=True iters=6
21:40:23 [INFO] [PROG] s*=1.92/5.94 (32.3%) dist_goal=2.93
21:40:23 [INFO] [MPC] state=(-5.34,+2.22,-1.50) wp0=(-5.25,+2.15) v=+0.200 ω=-0.163 ok=True iters=6
21:40:23 [INFO] [PROG] s*=1.94/5.94 (32.6%) dist_goal=2.92
21:40:23 [INFO] [MPC] state=(-5.34,+2.20,-1.51) wp0=(-5.25,+2.13) v=+0.200 ω=-0.183 ok=True iters=6
21:40:23 [INFO] [PROG] s*=1.96/5.94 (33.0%) dist_goal=2.90
21:40:23 [INFO] [MPC] state=(-5.34,+2.18,-1.52) wp0=(-5.25,+2.11) v=+0.200 ω=-0.185 ok=True iters=6
21:40:23 [INFO] [PROG] s*=1.98/5.94 (33.3%) dist_goal=2.89
21:40:23 [INFO] [MPC] state=(-5.34,+2.16,-1.54) wp0=(-5.25,+2.09) v=+0.200 ω=-0.177 ok=True iters=6
21:40:23 [INFO] [PROG] s*=2.00/5.94 (33.6%) dist_goal=2.87
21:40:23 [INFO] [MPC] state=(-5.34,+2.14,-1.55) wp0=(-5.25,+2.07) v=+0.200 ω=+0.068 ok=True iters=6
21:40:23 [INFO] [PROG] s*=2.02/5.94 (34.0%) dist_goal=2.86
21:40:23 [INFO] [MPC] state=(-5.34,+2.12,-1.55) wp0=(-5.25,+2.05) v=+0.200 ω=+0.043 ok=True iters=6
21:40:23 [INFO] [PROG] s*=2.04/5.94 (34.3%) dist_goal=2.84
21:40:23 [INFO] [MPC] state=(-5.34,+2.10,-1.54) wp0=(-5.25,+2.03) v=+0.200 ω=-0.209 ok=True iters=6
21:40:23 [INFO] [PROG] s*=2.06/5.94 (34.6%) dist_goal=2.83
21:40:23 [INFO] [MPC] state=(-5.34,+2.08,-1.56) wp0=(-5.25,+2.01) v=+0.200 ω=-0.580 ok=True iters=6
21:40:23 [INFO] [PROG] s*=2.08/5.94 (34.9%) dist_goal=2.82
21:40:23 [INFO] [MPC] state=(-5.34,+2.06,-1.59) wp0=(-5.25,+1.99) v=+0.200 ω=-0.514 ok=True iters=6
21:40:24 [INFO] [PROG] s*=2.09/5.94 (35.2%) dist_goal=2.80
21:40:24 [INFO] [MPC] state=(-5.34,+2.04,-1.63) wp0=(-5.25,+1.98) v=+0.200 ω=+0.444 ok=True iters=6
21:40:24 [INFO] [PROG] s*=2.11/5.94 (35.6%) dist_goal=2.79
21:40:24 [INFO] [MPC] state=(-5.34,+2.03,-1.61) wp0=(-5.25,+1.96) v=+0.200 ω=+0.429 ok=True iters=6
21:40:24 [INFO] [PROG] s*=2.13/5.94 (35.9%) dist_goal=2.78
21:40:24 [INFO] [MPC] state=(-5.34,+2.01,-1.58) wp0=(-5.25,+1.94) v=+0.200 ω=+0.148 ok=True iters=6
21:40:24 [INFO] [PROG] s*=2.15/5.94 (36.2%) dist_goal=2.76
21:40:24 [INFO] [MPC] state=(-5.34,+1.99,-1.57) wp0=(-5.25,+1.92) v=+0.200 ω=+0.128 ok=True iters=6
21:40:24 [INFO] [PROG] s*=2.17/5.94 (36.6%) dist_goal=2.75
21:40:24 [INFO] [MPC] state=(-5.34,+1.97,-1.56) wp0=(-5.25,+1.90) v=+0.200 ω=+0.102 ok=True iters=6
21:40:24 [INFO] [PROG] s*=2.19/5.94 (36.9%) dist_goal=2.73
21:40:24 [INFO] [MPC] state=(-5.34,+1.95,-1.55) wp0=(-5.25,+1.88) v=+0.200 ω=+0.079 ok=True iters=6
21:40:24 [INFO] [PROG] s*=2.21/5.94 (37.2%) dist_goal=2.72
21:40:24 [INFO] [MPC] state=(-5.34,+1.93,-1.55) wp0=(-5.25,+1.86) v=+0.200 ω=-0.177 ok=True iters=6
21:40:24 [INFO] [PROG] s*=2.23/5.94 (37.6%) dist_goal=2.71
21:40:24 [INFO] [MPC] state=(-5.34,+1.91,-1.56) wp0=(-5.25,+1.84) v=+0.200 ω=+0.081 ok=True iters=6
21:40:24 [INFO] [PROG] s*=2.25/5.94 (37.9%) dist_goal=2.69
21:40:24 [INFO] [MPC] state=(-5.34,+1.89,-1.56) wp0=(-5.25,+1.82) v=+0.200 ω=+0.062 ok=True iters=6
21:40:24 [INFO] [PROG] s*=2.27/5.94 (38.2%) dist_goal=2.68
21:40:24 [INFO] [MPC] state=(-5.34,+1.87,-1.55) wp0=(-5.25,+1.80) v=+0.200 ω=-0.577 ok=True iters=6
21:40:24 [INFO] [PROG] s*=2.29/5.94 (38.5%) dist_goal=2.67
21:40:24 [INFO] [MPC] state=(-5.34,+1.85,-1.59) wp0=(-5.25,+1.78) v=+0.200 ω=-0.513 ok=True iters=6
21:40:24 [INFO] [PROG] s*=2.31/5.94 (38.8%) dist_goal=2.66
21:40:24 [INFO] [MPC] state=(-5.34,+1.83,-1.62) wp0=(-5.25,+1.76) v=+0.200 ω=+0.442 ok=True iters=6
21:40:24 [INFO] [PROG] s*=2.33/5.94 (39.2%) dist_goal=2.65
21:40:24 [INFO] [MPC] state=(-5.34,+1.81,-1.60) wp0=(-5.25,+1.74) v=+0.200 ω=+0.425 ok=True iters=6
21:40:24 [INFO] [PROG] s*=2.35/5.94 (39.5%) dist_goal=2.63
21:40:24 [INFO] [MPC] state=(-5.34,+1.79,-1.58) wp0=(-5.25,+1.72) v=+0.200 ω=+0.139 ok=True iters=6
21:40:24 [INFO] [PROG] s*=2.37/5.94 (39.8%) dist_goal=2.62
21:40:24 [INFO] [MPC] state=(-5.34,+1.77,-1.57) wp0=(-5.25,+1.70) v=+0.200 ω=+0.119 ok=True iters=6
21:40:24 [INFO] [PROG] s*=2.39/5.94 (40.2%) dist_goal=2.61
21:40:24 [INFO] [MPC] state=(-5.34,+1.75,-1.56) wp0=(-5.25,+1.68) v=+0.200 ω=+0.091 ok=True iters=6
21:40:24 [INFO] [PROG] s*=2.41/5.94 (40.5%) dist_goal=2.59
21:40:24 [INFO] [MPC] state=(-5.34,+1.73,-1.55) wp0=(-5.25,+1.66) v=+0.200 ω=+0.065 ok=True iters=6
21:40:24 [INFO] [PROG] s*=2.42/5.94 (40.8%) dist_goal=2.58
21:40:24 [INFO] [MPC] state=(-5.34,+1.71,-1.54) wp0=(-5.25,+1.65) v=+0.200 ω=+0.696 ok=True iters=6
21:40:24 [INFO] [PROG] s*=2.44/5.94 (41.1%) dist_goal=2.57
21:40:24 [INFO] [MPC] state=(-5.34,+1.70,-1.51) wp0=(-5.25,+1.63) v=+0.200 ω=+0.612 ok=True iters=6
21:40:24 [INFO] [PROG] s*=2.46/5.94 (41.4%) dist_goal=2.55
21:40:24 [INFO] [MPC] state=(-5.34,+1.68,-1.47) wp0=(-5.25,+1.61) v=+0.200 ω=-0.075 ok=True iters=6
21:40:24 [INFO] [PROG] s*=2.48/5.94 (41.7%) dist_goal=2.54
21:40:24 [INFO] [MPC] state=(-5.33,+1.66,-1.48) wp0=(-5.25,+1.59) v=+0.200 ω=+0.736 ok=True iters=7
21:40:24 [INFO] [PROG] s*=2.50/5.94 (42.0%) dist_goal=2.53
21:40:24 [INFO] [MPC] state=(-5.33,+1.64,-1.44) wp0=(-5.25,+1.57) v=+0.200 ω=+0.400 ok=True iters=6
21:40:24 [INFO] [PROG] s*=2.52/5.94 (42.4%) dist_goal=2.51
21:40:24 [INFO] [MPC] state=(-5.33,+1.62,-1.41) wp0=(-5.25,+1.55) v=+0.200 ω=+0.310 ok=True iters=6
21:40:24 [INFO] [PROG] s*=2.53/5.94 (42.7%) dist_goal=2.50
21:40:24 [INFO] [MPC] state=(-5.33,+1.60,-1.39) wp0=(-5.25,+1.54) v=+0.200 ω=+0.747 ok=True iters=6
21:40:24 [INFO] [PROG] s*=2.55/5.94 (42.9%) dist_goal=2.49
21:40:24 [INFO] [MPC] state=(-5.32,+1.59,-1.35) wp0=(-5.25,+1.52) v=+0.200 ω=+0.617 ok=True iters=6
21:40:24 [INFO] [PROG] s*=2.57/5.94 (43.2%) dist_goal=2.47
21:40:24 [INFO] [MPC] state=(-5.32,+1.57,-1.31) wp0=(-5.25,+1.50) v=+0.200 ω=+0.480 ok=True iters=6
21:40:24 [INFO] [PROG] s*=2.59/5.94 (43.5%) dist_goal=2.46
21:40:24 [INFO] [MPC] state=(-5.31,+1.55,-1.28) wp0=(-5.25,+1.48) v=+0.200 ω=+0.382 ok=True iters=6
21:40:24 [INFO] [PROG] s*=2.61/5.94 (43.9%) dist_goal=2.44
21:40:24 [INFO] [MPC] state=(-5.31,+1.53,-1.26) wp0=(-5.25,+1.46) v=+0.200 ω=-0.154 ok=True iters=6
21:40:24 [INFO] [PROG] s*=2.62/5.94 (44.2%) dist_goal=2.42
21:40:24 [INFO] [MPC] state=(-5.30,+1.51,-1.27) wp0=(-5.25,+1.45) v=+0.200 ω=+0.340 ok=True iters=6
21:40:24 [INFO] [PROG] s*=2.64/5.94 (44.5%) dist_goal=2.41
21:40:24 [INFO] [MPC] state=(-5.30,+1.50,-1.25) wp0=(-5.25,+1.43) v=+0.200 ω=+0.246 ok=True iters=6
21:40:24 [INFO] [PROG] s*=2.66/5.94 (44.8%) dist_goal=2.39
21:40:24 [INFO] [MPC] state=(-5.29,+1.48,-1.23) wp0=(-5.25,+1.41) v=+0.200 ω=-0.043 ok=True iters=6
21:40:24 [INFO] [PROG] s*=2.68/5.94 (45.1%) dist_goal=2.37
21:40:24 [INFO] [MPC] state=(-5.28,+1.46,-1.24) wp0=(-5.25,+1.39) v=+0.200 ω=-0.020 ok=True iters=6
21:40:24 [INFO] [PROG] s*=2.70/5.94 (45.5%) dist_goal=2.36
21:40:24 [INFO] [MPC] state=(-5.28,+1.44,-1.24) wp0=(-5.25,+1.37) v=+0.200 ω=-0.062 ok=True iters=6
21:40:24 [INFO] [PROG] s*=2.72/5.94 (45.8%) dist_goal=2.34
21:40:24 [INFO] [MPC] state=(-5.27,+1.42,-1.24) wp0=(-5.25,+1.35) v=+0.200 ω=+0.085 ok=True iters=7
21:40:24 [INFO] [PROG] s*=2.74/5.94 (46.1%) dist_goal=2.32
21:40:24 [INFO] [MPC] state=(-5.26,+1.40,-1.24) wp0=(-5.25,+1.33) v=+0.200 ω=+0.206 ok=True iters=7
21:40:24 [INFO] [PROG] s*=2.76/5.94 (46.4%) dist_goal=2.31
21:40:24 [INFO] [MPC] state=(-5.26,+1.38,-1.22) wp0=(-5.25,+1.31) v=+0.200 ω=+0.103 ok=True iters=7
21:40:24 [INFO] [PROG] s*=2.77/5.94 (46.7%) dist_goal=2.29
21:40:24 [INFO] [MPC] state=(-5.25,+1.36,-1.21) wp0=(-5.25,+1.30) v=+0.200 ω=-0.678 ok=True iters=8
21:40:24 [INFO] [PROG] s*=2.79/5.94 (47.0%) dist_goal=2.28
21:40:24 [INFO] [MPC] state=(-5.24,+1.35,-1.25) wp0=(-5.25,+1.28) v=+0.200 ω=-0.807 ok=True iters=13
21:40:24 [INFO] [PROG] s*=2.81/5.94 (47.3%) dist_goal=2.26
21:40:24 [INFO] [MPC] state=(-5.24,+1.33,-1.30) wp0=(-5.25,+1.26) v=+0.200 ω=-0.577 ok=True iters=11
21:40:24 [INFO] [PROG] s*=2.82/5.94 (47.5%) dist_goal=2.25
21:40:24 [INFO] [MPC] state=(-5.23,+1.31,-1.33) wp0=(-5.25,+1.25) v=+0.142 ω=-0.582 ok=True iters=11
21:40:24 [INFO] [PROG] s*=2.83/5.94 (47.6%) dist_goal=2.25
21:40:24 [INFO] [MPC] state=(-5.23,+1.30,-1.39) wp0=(-5.25,+1.24) v=+0.030 ω=-0.507 ok=True iters=9
21:40:24 [INFO] [PROG] s*=2.83/5.94 (47.7%) dist_goal=2.25
21:40:24 [INFO] [MPC] state=(-5.23,+1.29,-1.44) wp0=(-5.25,+1.24) v=+0.030 ω=-0.420 ok=True iters=8
21:40:24 [INFO] [PROG] s*=2.83/5.94 (47.7%) dist_goal=2.25
21:40:24 [INFO] [MPC] state=(-5.23,+1.29,-1.48) wp0=(-5.25,+1.24) v=+0.030 ω=-0.222 ok=True iters=10
21:40:24 [INFO] [PROG] s*=2.84/5.94 (47.8%) dist_goal=2.25
21:40:24 [INFO] [MPC] state=(-5.23,+1.29,-1.50) wp0=(-5.25,+1.23) v=+0.030 ω=-0.145 ok=True iters=10
21:40:24 [INFO] [PROG] s*=2.84/5.94 (47.8%) dist_goal=2.24
21:40:24 [INFO] [MPC] state=(-5.23,+1.28,-1.52) wp0=(-5.25,+1.23) v=+0.030 ω=-0.100 ok=True iters=10
21:40:24 [INFO] [PROG] s*=2.84/5.94 (47.9%) dist_goal=2.24
21:40:24 [INFO] [MPC] state=(-5.23,+1.28,-1.53) wp0=(-5.25,+1.23) v=+0.030 ω=-0.068 ok=True iters=9
21:40:24 [INFO] [PROG] s*=2.85/5.94 (47.9%) dist_goal=2.24
21:40:24 [INFO] [MPC] state=(-5.23,+1.28,-1.53) wp0=(-5.25,+1.22) v=+0.030 ω=-0.047 ok=True iters=9
21:40:24 [INFO] [PROG] s*=2.85/5.94 (48.0%) dist_goal=2.24
21:40:24 [INFO] [MPC] state=(-5.23,+1.27,-1.54) wp0=(-5.25,+1.22) v=+0.030 ω=-0.136 ok=True iters=10
21:40:24 [INFO] [PROG] s*=2.85/5.94 (48.0%) dist_goal=2.24
21:40:24 [INFO] [MPC] state=(-5.23,+1.27,-1.55) wp0=(-5.25,+1.22) v=+0.030 ω=-0.087 ok=True iters=9
21:40:24 [INFO] [PROG] s*=2.86/5.94 (48.1%) dist_goal=2.24
21:40:24 [INFO] [MPC] state=(-5.23,+1.27,-1.56) wp0=(-5.25,+1.21) v=+0.030 ω=-0.065 ok=True iters=10
21:40:24 [INFO] [PROG] s*=2.86/5.94 (48.1%) dist_goal=2.23
21:40:24 [INFO] [MPC] state=(-5.23,+1.26,-1.57) wp0=(-5.25,+1.21) v=+0.030 ω=-0.046 ok=True iters=12
21:40:24 [INFO] [PROG] s*=2.86/5.94 (48.2%) dist_goal=2.23
21:40:24 [INFO] [MPC] state=(-5.23,+1.26,-1.57) wp0=(-5.25,+1.21) v=+0.030 ω=-0.040 ok=True iters=11
21:40:24 [INFO] [PROG] s*=2.86/5.94 (48.2%) dist_goal=2.23
21:40:24 [INFO] [MPC] state=(-5.23,+1.26,-1.58) wp0=(-5.25,+1.21) v=+0.030 ω=-0.035 ok=True iters=9
21:40:24 [INFO] [PROG] s*=2.87/5.94 (48.3%) dist_goal=2.23
21:40:24 [INFO] [MPC] state=(-5.23,+1.26,-1.58) wp0=(-5.25,+1.20) v=+0.030 ω=-0.031 ok=True iters=9
21:40:24 [INFO] [PROG] s*=2.87/5.94 (48.3%) dist_goal=2.23
21:40:24 [INFO] [MPC] state=(-5.23,+1.25,-1.58) wp0=(-5.25,+1.20) v=+0.030 ω=-0.026 ok=True iters=9
21:40:24 [INFO] [PROG] s*=2.87/5.94 (48.3%) dist_goal=2.23
21:40:24 [INFO] [MPC] state=(-5.23,+1.25,-1.59) wp0=(-5.25,+1.20) v=+0.030 ω=-0.022 ok=True iters=8
21:40:24 [INFO] [PROG] s*=2.88/5.94 (48.4%) dist_goal=2.23
21:40:24 [INFO] [MPC] state=(-5.23,+1.25,-1.59) wp0=(-5.25,+1.19) v=+0.030 ω=-0.019 ok=True iters=8
21:40:24 [INFO] [PROG] s*=2.88/5.94 (48.4%) dist_goal=2.22
21:40:24 [INFO] [MPC] state=(-5.23,+1.24,-1.59) wp0=(-5.25,+1.19) v=+0.030 ω=-0.019 ok=True iters=8
21:40:24 [INFO] [PROG] s*=2.88/5.94 (48.5%) dist_goal=2.22
21:40:24 [INFO] [MPC] state=(-5.23,+1.24,-1.59) wp0=(-5.25,+1.19) v=+0.030 ω=-0.132 ok=True iters=10
21:40:24 [INFO] [PROG] s*=2.88/5.94 (48.5%) dist_goal=2.22
21:40:24 [INFO] [MPC] state=(-5.23,+1.24,-1.60) wp0=(-5.25,+1.19) v=+0.030 ω=-0.017 ok=True iters=10
21:40:24 [INFO] [PROG] s*=2.89/5.94 (48.6%) dist_goal=2.22
21:40:24 [INFO] [MPC] state=(-5.23,+1.24,-1.61) wp0=(-5.25,+1.18) v=+0.030 ω=-0.020 ok=True iters=9
21:40:24 [INFO] [PROG] s*=2.89/5.94 (48.6%) dist_goal=2.22
21:40:24 [INFO] [MPC] state=(-5.23,+1.23,-1.61) wp0=(-5.25,+1.18) v=+0.030 ω=-0.024 ok=True iters=8
21:40:24 [INFO] [PROG] s*=2.89/5.94 (48.7%) dist_goal=2.22
21:40:24 [INFO] [MPC] state=(-5.23,+1.23,-1.61) wp0=(-5.25,+1.18) v=+0.030 ω=-0.027 ok=True iters=9
21:40:24 [INFO] [PROG] s*=2.90/5.94 (48.7%) dist_goal=2.22
21:40:24 [INFO] [MPC] state=(-5.23,+1.23,-1.61) wp0=(-5.25,+1.17) v=+0.030 ω=-0.029 ok=True iters=10
21:40:24 [INFO] [PROG] s*=2.90/5.94 (48.8%) dist_goal=2.21
21:40:24 [INFO] [MPC] state=(-5.23,+1.22,-1.62) wp0=(-5.25,+1.17) v=+0.030 ω=-0.033 ok=True iters=12
21:40:24 [INFO] [PROG] s*=2.90/5.94 (48.8%) dist_goal=2.21
21:40:24 [INFO] [MPC] state=(-5.23,+1.22,-1.62) wp0=(-5.25,+1.17) v=+0.030 ω=-0.035 ok=True iters=11
21:40:24 [INFO] [PROG] s*=2.90/5.94 (48.9%) dist_goal=2.21
21:40:24 [INFO] [MPC] state=(-5.23,+1.22,-1.62) wp0=(-5.25,+1.17) v=+0.030 ω=-0.040 ok=True iters=10
21:40:24 [INFO] [PROG] s*=2.91/5.94 (48.9%) dist_goal=2.21
21:40:24 [INFO] [MPC] state=(-5.23,+1.22,-1.63) wp0=(-5.25,+1.16) v=+0.030 ω=-0.046 ok=True iters=10
21:40:24 [INFO] [PROG] s*=2.91/5.94 (49.0%) dist_goal=2.21
21:40:24 [INFO] [MPC] state=(-5.23,+1.21,-1.63) wp0=(-5.25,+1.16) v=+0.030 ω=-0.048 ok=True iters=9
21:40:24 [INFO] [PROG] s*=2.91/5.94 (49.0%) dist_goal=2.21
21:40:24 [INFO] [MPC] state=(-5.23,+1.21,-1.64) wp0=(-5.25,+1.16) v=+0.030 ω=-0.039 ok=True iters=9
21:40:24 [INFO] [PROG] s*=2.92/5.94 (49.1%) dist_goal=2.21
21:40:24 [INFO] [MPC] state=(-5.23,+1.21,-1.64) wp0=(-5.25,+1.15) v=+0.030 ω=-0.154 ok=True iters=8
21:40:24 [INFO] [PROG] s*=2.92/5.94 (49.1%) dist_goal=2.20
21:40:24 [INFO] [MPC] state=(-5.23,+1.20,-1.66) wp0=(-5.25,+1.15) v=+0.030 ω=-0.109 ok=True iters=8
21:40:24 [INFO] [PROG] s*=2.93/5.94 (49.3%) dist_goal=2.20
21:40:24 [INFO] [MPC] state=(-5.23,+1.20,-1.67) wp0=(-5.25,+1.14) v=+0.200 ω=+0.151 ok=True iters=14
21:40:24 [INFO] [PROG] s*=2.93/5.94 (49.4%) dist_goal=2.20
21:40:24 [INFO] [MPC] state=(-5.23,+1.19,-1.72) wp0=(-5.25,+1.14) v=+0.030 ω=+0.035 ok=True iters=9
21:40:24 [INFO] [PROG] s*=2.94/5.94 (49.4%) dist_goal=2.20
21:40:24 [INFO] [MPC] state=(-5.23,+1.19,-1.73) wp0=(-5.25,+1.13) v=+0.030 ω=+0.026 ok=True iters=9
21:40:24 [INFO] [PROG] s*=2.94/5.94 (49.5%) dist_goal=2.20
21:40:24 [INFO] [MPC] state=(-5.23,+1.18,-1.73) wp0=(-5.25,+1.13) v=+0.030 ω=+0.001 ok=True iters=9
21:40:24 [INFO] [PROG] s*=2.94/5.94 (49.5%) dist_goal=2.20
21:40:24 [INFO] [MPC] state=(-5.23,+1.18,-1.73) wp0=(-5.25,+1.13) v=+0.030 ω=-0.018 ok=True iters=9
21:40:24 [INFO] [PROG] s*=2.94/5.94 (49.6%) dist_goal=2.19
21:40:24 [INFO] [MPC] state=(-5.23,+1.18,-1.73) wp0=(-5.25,+1.13) v=+0.030 ω=-0.032 ok=True iters=8
21:40:24 [INFO] [PROG] s*=2.95/5.94 (49.6%) dist_goal=2.19
21:40:24 [INFO] [MPC] state=(-5.23,+1.18,-1.73) wp0=(-5.25,+1.12) v=+0.030 ω=-0.045 ok=True iters=8
21:40:24 [INFO] [PROG] s*=2.95/5.94 (49.7%) dist_goal=2.19
21:40:24 [INFO] [MPC] state=(-5.23,+1.17,-1.74) wp0=(-5.25,+1.12) v=+0.030 ω=-0.055 ok=True iters=8
21:40:24 [INFO] [PROG] s*=2.95/5.94 (49.7%) dist_goal=2.19
21:40:24 [INFO] [MPC] state=(-5.24,+1.17,-1.74) wp0=(-5.25,+1.12) v=+0.030 ω=-0.068 ok=True iters=11
21:40:24 [INFO] [PROG] s*=2.96/5.94 (49.8%) dist_goal=2.19
21:40:24 [INFO] [MPC] state=(-5.24,+1.17,-1.75) wp0=(-5.25,+1.11) v=+0.030 ω=-2.400 ok=True iters=16
21:40:24 [INFO] [PROG] s*=2.97/5.94 (49.9%) dist_goal=2.19
21:40:24 [INFO] [MPC] state=(-5.24,+1.16,-1.96) wp0=(-5.25,+1.10) v=+0.200 ω=-1.612 ok=True iters=12
21:40:24 [INFO] [PROG] s*=2.98/5.94 (50.2%) dist_goal=2.19
21:40:24 [INFO] [MPC] state=(-5.24,+1.15,-2.08) wp0=(-5.25,+1.09) v=+0.200 ω=-0.924 ok=True iters=8
21:40:24 [INFO] [PROG] s*=3.00/5.94 (50.4%) dist_goal=2.19
21:40:24 [INFO] [MPC] state=(-5.25,+1.14,-2.13) wp0=(-5.25,+1.07) v=+0.200 ω=-0.465 ok=True iters=8
21:40:24 [INFO] [PROG] s*=3.01/5.94 (50.7%) dist_goal=2.19
21:40:24 [INFO] [MPC] state=(-5.26,+1.12,-2.16) wp0=(-5.25,+1.06) v=+0.200 ω=-0.178 ok=True iters=7
21:40:24 [INFO] [PROG] s*=3.03/5.94 (51.0%) dist_goal=2.20
21:40:24 [INFO] [MPC] state=(-5.27,+1.11,-2.18) wp0=(-5.25,+1.04) v=+0.200 ω=+0.236 ok=True iters=7
21:40:24 [INFO] [PROG] s*=3.05/5.94 (51.3%) dist_goal=2.20
21:40:24 [INFO] [MPC] state=(-5.29,+1.09,-2.16) wp0=(-5.25,+1.02) v=+0.200 ω=+0.401 ok=True iters=7
21:40:24 [INFO] [PROG] s*=3.06/5.94 (51.5%) dist_goal=2.20
21:40:24 [INFO] [MPC] state=(-5.30,+1.07,-2.13) wp0=(-5.25,+1.01) v=+0.200 ω=+0.561 ok=True iters=7
21:40:24 [INFO] [PROG] s*=3.07/5.94 (51.7%) dist_goal=2.20
21:40:24 [INFO] [MPC] state=(-5.31,+1.06,-2.10) wp0=(-5.25,+1.00) v=+0.200 ω=+1.320 ok=True iters=7
21:40:24 [INFO] [PROG] s*=3.09/5.94 (52.0%) dist_goal=2.20
21:40:24 [INFO] [MPC] state=(-5.31,+1.05,-2.03) wp0=(-5.25,+0.98) v=+0.200 ω=+1.308 ok=True iters=7
21:40:24 [INFO] [PROG] s*=3.10/5.94 (52.2%) dist_goal=2.20
21:40:24 [INFO] [MPC] state=(-5.32,+1.03,-1.96) wp0=(-5.25,+0.97) v=+0.200 ω=+1.081 ok=True iters=6
21:40:24 [INFO] [PROG] s*=3.12/5.94 (52.5%) dist_goal=2.20
21:40:24 [INFO] [MPC] state=(-5.32,+1.02,-1.90) wp0=(-5.25,+0.95) v=+0.200 ω=+1.090 ok=True iters=6
21:40:24 [INFO] [PROG] s*=3.13/5.94 (52.8%) dist_goal=2.19
21:40:24 [INFO] [MPC] state=(-5.33,+1.00,-1.84) wp0=(-5.25,+0.94) v=+0.200 ω=+0.843 ok=True iters=6
21:40:24 [INFO] [PROG] s*=3.15/5.94 (53.0%) dist_goal=2.19
21:40:24 [INFO] [MPC] state=(-5.33,+0.99,-1.79) wp0=(-5.25,+0.92) v=+0.200 ω=+0.848 ok=True iters=6
21:40:24 [INFO] [PROG] s*=3.17/5.94 (53.3%) dist_goal=2.18
21:40:24 [INFO] [MPC] state=(-5.34,+0.97,-1.74) wp0=(-5.25,+0.90) v=+0.200 ω=+0.837 ok=True iters=6
21:40:24 [INFO] [PROG] s*=3.19/5.94 (53.6%) dist_goal=2.18
21:40:24 [INFO] [MPC] state=(-5.34,+0.95,-1.70) wp0=(-5.25,+0.88) v=+0.200 ω=+0.567 ok=True iters=6
21:40:24 [INFO] [PROG] s*=3.20/5.94 (53.9%) dist_goal=2.17
21:40:24 [INFO] [MPC] state=(-5.34,+0.93,-1.66) wp0=(-5.25,+0.87) v=+0.200 ω=+0.558 ok=True iters=6
21:40:24 [INFO] [PROG] s*=3.22/5.94 (54.2%) dist_goal=2.17
21:40:24 [INFO] [MPC] state=(-5.34,+0.92,-1.63) wp0=(-5.25,+0.85) v=+0.200 ω=+0.535 ok=True iters=6
21:40:24 [INFO] [PROG] s*=3.24/5.94 (54.5%) dist_goal=2.16
21:40:24 [INFO] [MPC] state=(-5.34,+0.90,-1.60) wp0=(-5.25,+0.83) v=+0.200 ω=+0.895 ok=True iters=6
21:40:24 [INFO] [PROG] s*=3.25/5.94 (54.8%) dist_goal=2.15
21:40:24 [INFO] [MPC] state=(-5.34,+0.88,-1.56) wp0=(-5.25,+0.82) v=+0.200 ω=+0.822 ok=True iters=6
21:40:24 [INFO] [PROG] s*=3.27/5.94 (55.1%) dist_goal=2.14
21:40:24 [INFO] [MPC] state=(-5.34,+0.87,-1.51) wp0=(-5.25,+0.80) v=+0.200 ω=-0.145 ok=True iters=6
21:40:24 [INFO] [PROG] s*=3.29/5.94 (55.4%) dist_goal=2.14
21:40:24 [INFO] [MPC] state=(-5.34,+0.85,-1.52) wp0=(-5.25,+0.78) v=+0.200 ω=-0.163 ok=True iters=6
21:40:24 [INFO] [PROG] s*=3.31/5.94 (55.8%) dist_goal=2.13
21:40:24 [INFO] [MPC] state=(-5.34,+0.83,-1.53) wp0=(-5.25,+0.76) v=+0.200 ω=-0.162 ok=True iters=6
21:40:24 [INFO] [PROG] s*=3.33/5.94 (56.1%) dist_goal=2.12
21:40:24 [INFO] [MPC] state=(-5.34,+0.81,-1.55) wp0=(-5.25,+0.74) v=+0.200 ω=+0.079 ok=True iters=6
21:40:24 [INFO] [PROG] s*=3.35/5.94 (56.5%) dist_goal=2.11
21:40:24 [INFO] [MPC] state=(-5.34,+0.79,-1.54) wp0=(-5.25,+0.72) v=+0.200 ω=-0.181 ok=True iters=6
21:40:24 [INFO] [PROG] s*=3.37/5.94 (56.8%) dist_goal=2.11
21:40:24 [INFO] [MPC] state=(-5.34,+0.77,-1.55) wp0=(-5.25,+0.70) v=+0.200 ω=+0.065 ok=True iters=6
21:40:24 [INFO] [PROG] s*=3.39/5.94 (57.1%) dist_goal=2.10
21:40:24 [INFO] [MPC] state=(-5.34,+0.75,-1.55) wp0=(-5.25,+0.68) v=+0.200 ω=+0.043 ok=True iters=6
21:40:24 [INFO] [PROG] s*=3.41/5.94 (57.4%) dist_goal=2.09
21:40:24 [INFO] [MPC] state=(-5.34,+0.73,-1.54) wp0=(-5.25,+0.66) v=+0.200 ω=-0.595 ok=True iters=6
21:40:24 [INFO] [PROG] s*=3.43/5.94 (57.8%) dist_goal=2.09
21:40:24 [INFO] [MPC] state=(-5.34,+0.71,-1.58) wp0=(-5.25,+0.64) v=+0.200 ω=-0.528 ok=True iters=6
21:40:24 [INFO] [PROG] s*=3.45/5.94 (58.1%) dist_goal=2.08
21:40:24 [INFO] [MPC] state=(-5.34,+0.69,-1.62) wp0=(-5.25,+0.62) v=+0.200 ω=+0.427 ok=True iters=6
21:40:24 [INFO] [PROG] s*=3.47/5.94 (58.4%) dist_goal=2.08
21:40:24 [INFO] [MPC] state=(-5.34,+0.67,-1.60) wp0=(-5.25,+0.60) v=+0.200 ω=+0.407 ok=True iters=6
21:40:24 [INFO] [PROG] s*=3.49/5.94 (58.7%) dist_goal=2.07
21:40:24 [INFO] [MPC] state=(-5.34,+0.65,-1.57) wp0=(-5.25,+0.58) v=+0.200 ω=+0.121 ok=True iters=6
21:40:24 [INFO] [PROG] s*=3.51/5.94 (59.1%) dist_goal=2.07
21:40:24 [INFO] [MPC] state=(-5.34,+0.63,-1.56) wp0=(-5.25,+0.56) v=+0.200 ω=+0.099 ok=True iters=6
21:40:24 [INFO] [PROG] s*=3.53/5.94 (59.4%) dist_goal=2.06
21:40:24 [INFO] [MPC] state=(-5.34,+0.61,-1.55) wp0=(-5.25,+0.54) v=+0.200 ω=+0.072 ok=True iters=6
21:40:24 [INFO] [PROG] s*=3.55/5.94 (59.7%) dist_goal=2.06
21:40:24 [INFO] [MPC] state=(-5.34,+0.59,-1.55) wp0=(-5.25,+0.52) v=+0.200 ω=+0.052 ok=True iters=6
21:40:24 [INFO] [PROG] s*=3.57/5.94 (60.1%) dist_goal=2.05
21:40:24 [INFO] [MPC] state=(-5.34,+0.57,-1.54) wp0=(-5.25,+0.50) v=+0.200 ω=-0.192 ok=True iters=6
21:40:24 [INFO] [PROG] s*=3.59/5.94 (60.4%) dist_goal=2.05
21:40:24 [INFO] [MPC] state=(-5.34,+0.55,-1.56) wp0=(-5.25,+0.48) v=+0.200 ω=-0.553 ok=True iters=7
21:40:24 [INFO] [PROG] s*=3.61/5.94 (60.7%) dist_goal=2.04
21:40:24 [INFO] [MPC] state=(-5.34,+0.53,-1.59) wp0=(-5.25,+0.46) v=+0.200 ω=-0.484 ok=True iters=7
21:40:24 [INFO] [PROG] s*=3.62/5.94 (61.0%) dist_goal=2.04
21:40:24 [INFO] [MPC] state=(-5.34,+0.51,-1.63) wp0=(-5.25,+0.45) v=+0.200 ω=+0.488 ok=True iters=7
21:40:24 [INFO] [PROG] s*=3.64/5.94 (61.3%) dist_goal=2.04
21:40:24 [INFO] [MPC] state=(-5.34,+0.50,-1.60) wp0=(-5.25,+0.43) v=+0.200 ω=+0.480 ok=True iters=7
21:40:24 [INFO] [PROG] s*=3.66/5.94 (61.6%) dist_goal=2.03
21:40:24 [INFO] [MPC] state=(-5.34,+0.48,-1.58) wp0=(-5.25,+0.41) v=+0.200 ω=+0.200 ok=True iters=7
21:40:24 [INFO] [PROG] s*=3.68/5.94 (62.0%) dist_goal=2.03
21:40:24 [INFO] [MPC] state=(-5.34,+0.46,-1.57) wp0=(-5.25,+0.39) v=+0.200 ω=+0.195 ok=True iters=7
21:40:24 [INFO] [PROG] s*=3.70/5.94 (62.3%) dist_goal=2.02
21:40:24 [INFO] [MPC] state=(-5.34,+0.44,-1.55) wp0=(-5.25,+0.37) v=+0.200 ω=+0.182 ok=True iters=7
21:40:24 [INFO] [PROG] s*=3.72/5.94 (62.6%) dist_goal=2.02
21:40:24 [INFO] [MPC] state=(-5.34,+0.42,-1.54) wp0=(-5.25,+0.35) v=+0.200 ω=-0.061 ok=True iters=8
21:40:24 [INFO] [PROG] s*=3.74/5.94 (63.0%) dist_goal=2.01
21:40:24 [INFO] [MPC] state=(-5.34,+0.40,-1.54) wp0=(-5.25,+0.33) v=+0.200 ω=-0.041 ok=True iters=8
21:40:24 [INFO] [PROG] s*=3.76/5.94 (63.3%) dist_goal=2.01
21:40:24 [INFO] [MPC] state=(-5.34,+0.38,-1.55) wp0=(-5.25,+0.31) v=+0.200 ω=+0.287 ok=True iters=9
21:40:24 [INFO] [PROG] s*=3.78/5.94 (63.6%) dist_goal=2.01
21:40:24 [INFO] [MPC] state=(-5.34,+0.36,-1.53) wp0=(-5.25,+0.29) v=+0.200 ω=+0.264 ok=True iters=9
21:40:24 [INFO] [PROG] s*=3.80/5.94 (63.9%) dist_goal=2.00
21:40:24 [INFO] [MPC] state=(-5.34,+0.34,-1.52) wp0=(-5.25,+0.27) v=+0.200 ω=+0.254 ok=True iters=9
21:40:24 [INFO] [PROG] s*=3.81/5.94 (64.2%) dist_goal=2.00
21:40:24 [INFO] [MPC] state=(-5.33,+0.32,-1.50) wp0=(-5.25,+0.26) v=+0.200 ω=+1.442 ok=True iters=8
21:40:24 [INFO] [PROG] s*=3.83/5.94 (64.4%) dist_goal=2.00
21:40:24 [INFO] [MPC] state=(-5.33,+0.31,-1.43) wp0=(-5.25,+0.24) v=+0.200 ω=+1.689 ok=True iters=6
21:40:24 [INFO] [PROG] s*=3.84/5.94 (64.6%) dist_goal=1.99
21:40:24 [INFO] [MPC] state=(-5.33,+0.29,-1.34) wp0=(-5.25,+0.23) v=+0.200 ω=+1.436 ok=True iters=7
21:40:24 [INFO] [PROG] s*=3.85/5.94 (64.9%) dist_goal=1.98
21:40:24 [INFO] [MPC] state=(-5.33,+0.28,-1.26) wp0=(-5.25,+0.22) v=+0.200 ω=+1.360 ok=True iters=7
21:40:24 [INFO] [PROG] s*=3.87/5.94 (65.1%) dist_goal=1.98
21:40:24 [INFO] [MPC] state=(-5.32,+0.27,-1.19) wp0=(-5.25,+0.20) v=+0.200 ω=+1.476 ok=True iters=7
21:40:24 [INFO] [PROG] s*=3.88/5.94 (65.3%) dist_goal=1.97
21:40:24 [INFO] [MPC] state=(-5.32,+0.25,-1.11) wp0=(-5.25,+0.19) v=+0.200 ω=+1.462 ok=True iters=7
21:40:24 [INFO] [PROG] s*=3.89/5.94 (65.5%) dist_goal=1.96
21:40:24 [INFO] [MPC] state=(-5.31,+0.24,-1.03) wp0=(-5.25,+0.18) v=+0.200 ω=+0.801 ok=True iters=7
21:40:24 [INFO] [PROG] s*=3.91/5.94 (65.8%) dist_goal=1.95
21:40:24 [INFO] [MPC] state=(-5.30,+0.23,-0.98) wp0=(-5.25,+0.16) v=+0.200 ω=+0.700 ok=True iters=7
21:40:24 [INFO] [PROG] s*=3.92/5.94 (66.0%) dist_goal=1.93
21:40:24 [INFO] [MPC] state=(-5.29,+0.21,-0.94) wp0=(-5.25,+0.15) v=+0.200 ω=+0.594 ok=True iters=7
21:40:24 [INFO] [PROG] s*=3.94/5.94 (66.3%) dist_goal=1.92
21:40:24 [INFO] [MPC] state=(-5.28,+0.20,-0.91) wp0=(-5.23,+0.15) v=+0.200 ω=+0.604 ok=True iters=7
21:40:24 [INFO] [PROG] s*=3.95/5.94 (66.5%) dist_goal=1.91
21:40:24 [INFO] [MPC] state=(-5.27,+0.18,-0.87) wp0=(-5.22,+0.15) v=+0.200 ω=+0.313 ok=True iters=7
21:40:24 [INFO] [PROG] s*=3.98/5.94 (66.9%) dist_goal=1.90
21:40:24 [INFO] [MPC] state=(-5.26,+0.17,-0.85) wp0=(-5.19,+0.15) v=+0.200 ω=+0.323 ok=True iters=7
21:40:24 [INFO] [PROG] s*=3.99/5.94 (67.2%) dist_goal=1.88
21:40:24 [INFO] [MPC] state=(-5.24,+0.15,-0.83) wp0=(-5.18,+0.15) v=+0.200 ω=+0.418 ok=True iters=7
21:40:24 [INFO] [PROG] s*=4.00/5.94 (67.4%) dist_goal=1.87
21:40:24 [INFO] [MPC] state=(-5.23,+0.14,-0.80) wp0=(-5.17,+0.15) v=+0.200 ω=+0.429 ok=True iters=7
21:40:24 [INFO] [PROG] s*=4.02/5.94 (67.6%) dist_goal=1.85
21:40:24 [INFO] [MPC] state=(-5.22,+0.13,-0.78) wp0=(-5.15,+0.15) v=+0.200 ω=+0.479 ok=True iters=7
21:40:24 [INFO] [PROG] s*=4.03/5.94 (67.9%) dist_goal=1.84
21:40:24 [INFO] [MPC] state=(-5.20,+0.11,-0.75) wp0=(-5.14,+0.15) v=+0.200 ω=+0.342 ok=True iters=7
21:40:24 [INFO] [PROG] s*=4.05/5.94 (68.1%) dist_goal=1.82
21:40:24 [INFO] [MPC] state=(-5.19,+0.10,-0.73) wp0=(-5.12,+0.15) v=+0.200 ω=+0.363 ok=True iters=7
21:40:24 [INFO] [PROG] s*=4.06/5.94 (68.3%) dist_goal=1.81
21:40:24 [INFO] [MPC] state=(-5.17,+0.09,-0.70) wp0=(-5.11,+0.15) v=+0.200 ω=+0.603 ok=True iters=7
21:40:24 [INFO] [PROG] s*=4.07/5.94 (68.6%) dist_goal=1.80
21:40:24 [INFO] [MPC] state=(-5.16,+0.08,-0.67) wp0=(-5.10,+0.15) v=+0.200 ω=+0.791 ok=True iters=7
21:40:24 [INFO] [PROG] s*=4.09/5.94 (68.8%) dist_goal=1.78
21:40:24 [INFO] [MPC] state=(-5.15,+0.07,-0.62) wp0=(-5.08,+0.15) v=+0.200 ω=+0.767 ok=True iters=7
21:40:24 [INFO] [PROG] s*=4.10/5.94 (69.1%) dist_goal=1.77
21:40:24 [INFO] [MPC] state=(-5.13,+0.06,-0.58) wp0=(-5.07,+0.15) v=+0.200 ω=+0.787 ok=True iters=7
21:40:24 [INFO] [PROG] s*=4.12/5.94 (69.3%) dist_goal=1.75
21:40:24 [INFO] [MPC] state=(-5.12,+0.05,-0.53) wp0=(-5.05,+0.15) v=+0.200 ω=+1.255 ok=True iters=7
21:40:24 [INFO] [PROG] s*=4.13/5.94 (69.5%) dist_goal=1.74
21:40:24 [INFO] [MPC] state=(-5.10,+0.04,-0.46) wp0=(-5.04,+0.15) v=+0.200 ω=+0.998 ok=True iters=7
21:40:24 [INFO] [PROG] s*=4.15/5.94 (69.8%) dist_goal=1.72
21:40:24 [INFO] [MPC] state=(-5.09,+0.03,-0.41) wp0=(-5.02,+0.15) v=+0.200 ω=+0.887 ok=True iters=7
21:40:24 [INFO] [PROG] s*=4.16/5.94 (70.1%) dist_goal=1.71
21:40:24 [INFO] [MPC] state=(-5.07,+0.03,-0.36) wp0=(-5.01,+0.15) v=+0.200 ω=+0.754 ok=True iters=7
21:40:24 [INFO] [PROG] s*=4.18/5.94 (70.3%) dist_goal=1.69
21:40:24 [INFO] [MPC] state=(-5.06,+0.02,-0.31) wp0=(-4.99,+0.15) v=+0.200 ω=+0.709 ok=True iters=7
21:40:24 [INFO] [PROG] s*=4.19/5.94 (70.6%) dist_goal=1.68
21:40:24 [INFO] [MPC] state=(-5.04,+0.02,-0.27) wp0=(-4.98,+0.15) v=+0.200 ω=+1.157 ok=True iters=7
21:40:24 [INFO] [PROG] s*=4.21/5.94 (70.9%) dist_goal=1.66
21:40:24 [INFO] [MPC] state=(-5.03,+0.01,-0.21) wp0=(-4.96,+0.15) v=+0.200 ω=+0.449 ok=True iters=7
21:40:24 [INFO] [PROG] s*=4.23/5.94 (71.2%) dist_goal=1.64
21:40:24 [INFO] [MPC] state=(-5.01,+0.01,-0.18) wp0=(-4.94,+0.15) v=+0.200 ω=+0.910 ok=True iters=7
21:40:24 [INFO] [PROG] s*=4.25/5.94 (71.5%) dist_goal=1.62
21:40:24 [INFO] [MPC] state=(-4.99,+0.01,-0.13) wp0=(-4.92,+0.15) v=+0.200 ω=+0.216 ok=True iters=7
21:40:24 [INFO] [PROG] s*=4.27/5.94 (71.8%) dist_goal=1.60
21:40:24 [INFO] [MPC] state=(-4.97,+0.00,-0.11) wp0=(-4.90,+0.15) v=+0.200 ω=+0.676 ok=True iters=7
21:40:24 [INFO] [PROG] s*=4.28/5.94 (72.1%) dist_goal=1.59
21:40:24 [INFO] [MPC] state=(-4.95,+0.00,-0.07) wp0=(-4.89,+0.15) v=+0.200 ω=+0.613 ok=True iters=7
21:40:24 [INFO] [PROG] s*=4.30/5.94 (72.4%) dist_goal=1.57
21:40:24 [INFO] [MPC] state=(-4.94,+0.00,-0.04) wp0=(-4.87,+0.15) v=+0.200 ω=+0.552 ok=True iters=7
21:40:25 [INFO] [PROG] s*=4.32/5.94 (72.7%) dist_goal=1.55
21:40:25 [INFO] [MPC] state=(-4.92,+0.00,-0.01) wp0=(-4.85,+0.15) v=+0.200 ω=+0.326 ok=True iters=7
21:40:25 [INFO] [PROG] s*=4.34/5.94 (73.0%) dist_goal=1.53
21:40:25 [INFO] [MPC] state=(-4.90,+0.00,+0.01) wp0=(-4.83,+0.15) v=+0.200 ω=+0.281 ok=True iters=7
21:40:25 [INFO] [PROG] s*=4.36/5.94 (73.4%) dist_goal=1.51
21:40:25 [INFO] [MPC] state=(-4.88,+0.00,+0.02) wp0=(-4.81,+0.15) v=+0.200 ω=+0.229 ok=True iters=7
21:40:25 [INFO] [PROG] s*=4.38/5.94 (73.7%) dist_goal=1.49
21:40:25 [INFO] [MPC] state=(-4.86,+0.00,+0.04) wp0=(-4.79,+0.15) v=+0.200 ω=+0.044 ok=True iters=7
21:40:25 [INFO] [PROG] s*=4.40/5.94 (74.0%) dist_goal=1.47
21:40:25 [INFO] [MPC] state=(-4.84,+0.00,+0.04) wp0=(-4.77,+0.15) v=+0.200 ω=+0.021 ok=True iters=7
21:40:25 [INFO] [PROG] s*=4.42/5.94 (74.4%) dist_goal=1.45
21:40:25 [INFO] [MPC] state=(-4.82,+0.00,+0.04) wp0=(-4.75,+0.15) v=+0.200 ω=+0.002 ok=True iters=7
21:40:25 [INFO] [PROG] s*=4.44/5.94 (74.7%) dist_goal=1.43
21:40:25 [INFO] [MPC] state=(-4.80,+0.00,+0.04) wp0=(-4.73,+0.15) v=+0.200 ω=-0.014 ok=True iters=7
21:40:25 [INFO] [PROG] s*=4.46/5.94 (75.1%) dist_goal=1.41
21:40:25 [INFO] [MPC] state=(-4.78,+0.01,+0.04) wp0=(-4.71,+0.15) v=+0.200 ω=-0.313 ok=True iters=7
21:40:25 [INFO] [PROG] s*=4.48/5.94 (75.4%) dist_goal=1.39
21:40:25 [INFO] [MPC] state=(-4.76,+0.01,+0.02) wp0=(-4.69,+0.15) v=+0.200 ω=-0.271 ok=True iters=7
21:40:25 [INFO] [PROG] s*=4.50/5.94 (75.7%) dist_goal=1.37
21:40:25 [INFO] [MPC] state=(-4.74,+0.01,-0.00) wp0=(-4.67,+0.15) v=+0.200 ω=-0.224 ok=True iters=7
21:40:25 [INFO] [PROG] s*=4.52/5.94 (76.1%) dist_goal=1.35
21:40:25 [INFO] [MPC] state=(-4.72,+0.01,-0.02) wp0=(-4.65,+0.15) v=+0.200 ω=-0.181 ok=True iters=7
21:40:25 [INFO] [PROG] s*=4.54/5.94 (76.4%) dist_goal=1.33
21:40:25 [INFO] [MPC] state=(-4.70,+0.01,-0.04) wp0=(-4.63,+0.15) v=+0.200 ω=-0.129 ok=True iters=7
21:40:25 [INFO] [PROG] s*=4.56/5.94 (76.7%) dist_goal=1.31
21:40:25 [INFO] [MPC] state=(-4.68,+0.00,-0.05) wp0=(-4.61,+0.15) v=+0.200 ω=-0.089 ok=True iters=7
21:40:25 [INFO] [PROG] s*=4.58/5.94 (77.0%) dist_goal=1.29
21:40:25 [INFO] [MPC] state=(-4.66,+0.00,-0.06) wp0=(-4.59,+0.15) v=+0.200 ω=+0.555 ok=True iters=7
21:40:25 [INFO] [PROG] s*=4.60/5.94 (77.4%) dist_goal=1.27
21:40:25 [INFO] [MPC] state=(-4.64,+0.00,-0.03) wp0=(-4.57,+0.15) v=+0.200 ω=-0.111 ok=True iters=7
21:40:25 [INFO] [PROG] s*=4.62/5.94 (77.7%) dist_goal=1.26
21:40:25 [INFO] [MPC] state=(-4.62,+0.00,-0.04) wp0=(-4.55,+0.15) v=+0.200 ω=+0.532 ok=True iters=7
21:40:25 [INFO] [PROG] s*=4.63/5.94 (78.0%) dist_goal=1.24
21:40:25 [INFO] [MPC] state=(-4.60,+0.00,-0.01) wp0=(-4.54,+0.15) v=+0.200 ω=+0.306 ok=True iters=7
21:40:25 [INFO] [PROG] s*=4.65/5.94 (78.3%) dist_goal=1.22
21:40:25 [INFO] [MPC] state=(-4.59,+0.00,+0.01) wp0=(-4.52,+0.15) v=+0.200 ω=+0.263 ok=True iters=7
21:40:25 [INFO] [PROG] s*=4.67/5.94 (78.7%) dist_goal=1.20
21:40:25 [INFO] [MPC] state=(-4.57,+0.00,+0.03) wp0=(-4.50,+0.15) v=+0.200 ω=+0.068 ok=True iters=7
21:40:25 [INFO] [PROG] s*=4.69/5.94 (79.0%) dist_goal=1.18
21:40:25 [INFO] [MPC] state=(-4.55,+0.00,+0.03) wp0=(-4.48,+0.15) v=+0.200 ω=+0.041 ok=True iters=7
21:40:25 [INFO] [PROG] s*=4.71/5.94 (79.3%) dist_goal=1.16
21:40:25 [INFO] [MPC] state=(-4.53,+0.00,+0.04) wp0=(-4.46,+0.15) v=+0.200 ω=+0.020 ok=True iters=7
21:40:25 [INFO] [PROG] s*=4.73/5.94 (79.7%) dist_goal=1.14
21:40:25 [INFO] [MPC] state=(-4.51,+0.00,+0.04) wp0=(-4.44,+0.15) v=+0.200 ω=+0.002 ok=True iters=7
21:40:25 [INFO] [PROG] s*=4.75/5.94 (80.0%) dist_goal=1.12
21:40:25 [INFO] [MPC] state=(-4.49,+0.00,+0.04) wp0=(-4.42,+0.15) v=+0.200 ω=-0.300 ok=True iters=7
21:40:25 [INFO] [PROG] s*=4.77/5.94 (80.3%) dist_goal=1.10
21:40:25 [INFO] [MPC] state=(-4.47,+0.01,+0.02) wp0=(-4.40,+0.15) v=+0.200 ω=-0.260 ok=True iters=7
21:40:25 [INFO] [PROG] s*=4.79/5.94 (80.7%) dist_goal=1.08
21:40:25 [INFO] [MPC] state=(-4.45,+0.01,+0.00) wp0=(-4.38,+0.15) v=+0.200 ω=-0.220 ok=True iters=7
21:40:25 [INFO] [PROG] s*=4.81/5.94 (81.0%) dist_goal=1.06
21:40:25 [INFO] [MPC] state=(-4.43,+0.01,-0.02) wp0=(-4.36,+0.15) v=+0.200 ω=-0.170 ok=True iters=7
21:40:25 [INFO] [PROG] s*=4.83/5.94 (81.4%) dist_goal=1.04
21:40:25 [INFO] [MPC] state=(-4.41,+0.00,-0.03) wp0=(-4.34,+0.15) v=+0.200 ω=-0.127 ok=True iters=7
21:40:25 [INFO] [PROG] s*=4.85/5.94 (81.7%) dist_goal=1.02
21:40:25 [INFO] [MPC] state=(-4.39,+0.00,-0.05) wp0=(-4.32,+0.15) v=+0.200 ω=-0.087 ok=True iters=7
21:40:25 [INFO] [PROG] s*=4.87/5.94 (82.0%) dist_goal=1.00
21:40:25 [INFO] [MPC] state=(-4.37,+0.00,-0.05) wp0=(-4.30,+0.15) v=+0.200 ω=+0.555 ok=True iters=7
21:40:25 [INFO] [PROG] s*=4.89/5.94 (82.3%) dist_goal=0.98
21:40:25 [INFO] [MPC] state=(-4.35,+0.00,-0.02) wp0=(-4.28,+0.15) v=+0.200 ω=-0.113 ok=True iters=7
21:40:25 [INFO] [PROG] s*=4.91/5.94 (82.6%) dist_goal=0.96
21:40:25 [INFO] [MPC] state=(-4.33,+0.00,-0.03) wp0=(-4.26,+0.15) v=+0.200 ω=+0.527 ok=True iters=7
21:40:25 [INFO] [PROG] s*=4.93/5.94 (83.0%) dist_goal=0.94
21:40:25 [INFO] [MPC] state=(-4.31,+0.00,-0.01) wp0=(-4.24,+0.15) v=+0.200 ω=+0.303 ok=True iters=7
21:40:25 [INFO] [PROG] s*=4.95/5.94 (83.3%) dist_goal=0.92
21:40:25 [INFO] [MPC] state=(-4.29,+0.00,+0.01) wp0=(-4.22,+0.15) v=+0.200 ω=+0.255 ok=True iters=7
21:40:25 [INFO] [PROG] s*=4.97/5.94 (83.6%) dist_goal=0.90
21:40:25 [INFO] [MPC] state=(-4.27,+0.00,+0.03) wp0=(-4.20,+0.15) v=+0.200 ω=+0.065 ok=True iters=7
21:40:25 [INFO] [PROG] s*=4.99/5.94 (84.0%) dist_goal=0.88
21:40:25 [INFO] [MPC] state=(-4.25,+0.00,+0.03) wp0=(-4.18,+0.15) v=+0.200 ω=+0.039 ok=True iters=7
21:40:25 [INFO] [PROG] s*=5.01/5.94 (84.3%) dist_goal=0.86
21:40:25 [INFO] [MPC] state=(-4.23,+0.00,+0.04) wp0=(-4.16,+0.15) v=+0.200 ω=+0.018 ok=True iters=7
21:40:25 [INFO] [PROG] s*=5.03/5.94 (84.6%) dist_goal=0.84
21:40:25 [INFO] [MPC] state=(-4.21,+0.00,+0.04) wp0=(-4.14,+0.15) v=+0.200 ω=+0.000 ok=True iters=7
21:40:25 [INFO] [PROG] s*=5.05/5.94 (85.0%) dist_goal=0.82
21:40:25 [INFO] [MPC] state=(-4.19,+0.00,+0.04) wp0=(-4.12,+0.15) v=+0.200 ω=-0.301 ok=True iters=7
21:40:25 [INFO] [PROG] s*=5.07/5.94 (85.3%) dist_goal=0.80
21:40:25 [INFO] [MPC] state=(-4.17,+0.01,+0.02) wp0=(-4.10,+0.15) v=+0.200 ω=-0.264 ok=True iters=7
21:40:25 [INFO] [PROG] s*=5.09/5.94 (85.6%) dist_goal=0.78
21:40:25 [INFO] [MPC] state=(-4.15,+0.01,-0.00) wp0=(-4.08,+0.15) v=+0.200 ω=-0.213 ok=True iters=7
21:40:25 [INFO] [PROG] s*=5.11/5.94 (86.0%) dist_goal=0.76
21:40:25 [INFO] [MPC] state=(-4.13,+0.01,-0.02) wp0=(-4.06,+0.15) v=+0.196 ω=-0.172 ok=True iters=7
21:40:25 [INFO] [PROG] s*=5.13/5.94 (86.3%) dist_goal=0.74
21:40:25 [INFO] [MPC] state=(-4.11,+0.00,-0.04) wp0=(-4.04,+0.15) v=+0.191 ω=-0.122 ok=True iters=7
21:40:25 [INFO] [PROG] s*=5.14/5.94 (86.6%) dist_goal=0.73
21:40:25 [INFO] [MPC] state=(-4.09,+0.00,-0.05) wp0=(-4.03,+0.15) v=+0.186 ω=+0.510 ok=True iters=7
21:40:25 [INFO] [PROG] s*=5.16/5.94 (86.9%) dist_goal=0.71
21:40:25 [INFO] [MPC] state=(-4.08,+0.00,-0.01) wp0=(-4.01,+0.15) v=+0.182 ω=-0.159 ok=True iters=7
21:40:25 [INFO] [PROG] s*=5.18/5.94 (87.2%) dist_goal=0.69
21:40:25 [INFO] [MPC] state=(-4.06,+0.00,-0.03) wp0=(-3.99,+0.15) v=+0.177 ω=-0.117 ok=True iters=7
21:40:25 [INFO] [PROG] s*=5.20/5.94 (87.5%) dist_goal=0.67
21:40:25 [INFO] [MPC] state=(-4.04,+0.00,-0.04) wp0=(-3.97,+0.15) v=+0.173 ω=+0.496 ok=True iters=8
21:40:25 [INFO] [PROG] s*=5.21/5.94 (87.8%) dist_goal=0.66
21:40:25 [INFO] [MPC] state=(-4.02,+0.00,+0.00) wp0=(-3.96,+0.15) v=+0.169 ω=+0.245 ok=True iters=8
21:40:25 [INFO] [PROG] s*=5.23/5.94 (88.0%) dist_goal=0.64
21:40:25 [INFO] [MPC] state=(-4.01,+0.00,+0.03) wp0=(-3.94,+0.15) v=+0.164 ω=+0.176 ok=True iters=8
21:40:25 [INFO] [PROG] s*=5.25/5.94 (88.3%) dist_goal=0.62
21:40:25 [INFO] [MPC] state=(-3.99,+0.00,+0.04) wp0=(-3.92,+0.15) v=+0.160 ω=+0.005 ok=True iters=8
21:40:25 [INFO] [PROG] s*=5.26/5.94 (88.6%) dist_goal=0.61
21:40:25 [INFO] [MPC] state=(-3.97,+0.00,+0.04) wp0=(-3.91,+0.15) v=+0.156 ω=-0.009 ok=True iters=8
21:40:25 [INFO] [PROG] s*=5.28/5.94 (88.8%) dist_goal=0.59
21:40:25 [INFO] [MPC] state=(-3.96,+0.00,+0.04) wp0=(-3.89,+0.15) v=+0.152 ω=-0.019 ok=True iters=8
21:40:25 [INFO] [PROG] s*=5.29/5.94 (89.1%) dist_goal=0.58
21:40:25 [INFO] [MPC] state=(-3.94,+0.00,+0.04) wp0=(-3.88,+0.15) v=+0.148 ω=-0.315 ok=True iters=8
21:40:25 [INFO] [PROG] s*=5.31/5.94 (89.3%) dist_goal=0.56
21:40:25 [INFO] [MPC] state=(-3.93,+0.01,+0.00) wp0=(-3.86,+0.15) v=+0.145 ω=-0.227 ok=True iters=8
21:40:25 [INFO] [PROG] s*=5.32/5.94 (89.6%) dist_goal=0.55
21:40:25 [INFO] [MPC] state=(-3.91,+0.01,-0.02) wp0=(-3.85,+0.15) v=+0.141 ω=-0.159 ok=True iters=8
21:40:25 [INFO] [PROG] s*=5.34/5.94 (89.8%) dist_goal=0.54
21:40:25 [INFO] [MPC] state=(-3.90,+0.00,-0.04) wp0=(-3.83,+0.15) v=+0.137 ω=-0.105 ok=True iters=7
21:40:25 [INFO] [PROG] s*=5.35/5.94 (90.0%) dist_goal=0.52
21:40:25 [INFO] [MPC] state=(-3.88,+0.00,-0.05) wp0=(-3.82,+0.15) v=+0.134 ω=+0.439 ok=True iters=7
21:40:25 [INFO] [PROG] s*=5.36/5.94 (90.3%) dist_goal=0.51
21:40:25 [INFO] [MPC] state=(-3.87,+0.00,-0.01) wp0=(-3.81,+0.15) v=+0.131 ω=-0.173 ok=True iters=7
21:40:25 [INFO] [PROG] s*=5.38/5.94 (90.5%) dist_goal=0.50
21:40:25 [INFO] [MPC] state=(-3.86,+0.00,-0.03) wp0=(-3.79,+0.15) v=+0.127 ω=-0.125 ok=True iters=7
21:40:25 [INFO] [PROG] s*=5.39/5.94 (90.7%) dist_goal=0.49
21:40:25 [INFO] [MPC] state=(-3.84,+0.00,-0.04) wp0=(-3.78,+0.15) v=+0.124 ω=+0.403 ok=True iters=7
21:40:25 [INFO] [PROG] s*=5.40/5.94 (90.9%) dist_goal=0.47
21:40:25 [INFO] [MPC] state=(-3.83,+0.00,-0.01) wp0=(-3.77,+0.15) v=+0.121 ω=-0.180 ok=True iters=7
21:40:25 [INFO] [PROG] s*=5.41/5.94 (91.1%) dist_goal=0.46
21:40:25 [INFO] [MPC] state=(-3.82,+0.00,-0.02) wp0=(-3.76,+0.15) v=+0.118 ω=-0.132 ok=True iters=7
21:40:25 [INFO] [PROG] s*=5.42/5.94 (91.3%) dist_goal=0.45
21:40:25 [INFO] [MPC] state=(-3.81,+0.00,-0.04) wp0=(-3.75,+0.15) v=+0.115 ω=+0.374 ok=True iters=7
21:40:25 [INFO] [PROG] s*=5.43/5.94 (91.4%) dist_goal=0.44
21:40:25 [INFO] [MPC] state=(-3.80,+0.00,-0.01) wp0=(-3.74,+0.15) v=+0.113 ω=+0.187 ok=True iters=7
21:40:25 [INFO] [PROG] s*=5.44/5.94 (91.6%) dist_goal=0.43
21:40:25 [INFO] [MPC] state=(-3.79,+0.00,+0.01) wp0=(-3.73,+0.15) v=+0.110 ω=+0.123 ok=True iters=7
21:40:25 [INFO] [PROG] s*=5.45/5.94 (91.8%) dist_goal=0.42
21:40:25 [INFO] [MPC] state=(-3.78,+0.00,+0.02) wp0=(-3.72,+0.15) v=+0.107 ω=+0.073 ok=True iters=7
21:40:25 [INFO] [PROG] s*=5.47/5.94 (92.0%) dist_goal=0.41
21:40:25 [INFO] [MPC] state=(-3.77,+0.00,+0.03) wp0=(-3.70,+0.15) v=+0.104 ω=-0.034 ok=True iters=7
21:40:25 [INFO] [PROG] s*=5.48/5.94 (92.2%) dist_goal=0.40
21:40:25 [INFO] [MPC] state=(-3.75,+0.00,+0.03) wp0=(-3.69,+0.15) v=+0.102 ω=-0.036 ok=True iters=7
21:40:25 [INFO] [PROG] s*=5.49/5.94 (92.3%) dist_goal=0.39
21:40:25 [INFO] [MPC] state=(-3.74,+0.00,+0.02) wp0=(-3.68,+0.15) v=+0.099 ω=-0.301 ok=True iters=7
21:40:25 [INFO] [PROG] s*=5.50/5.94 (92.5%) dist_goal=0.38
21:40:25 [INFO] [MPC] state=(-3.73,+0.00,-0.01) wp0=(-3.67,+0.15) v=+0.097 ω=-0.211 ok=True iters=7
21:40:25 [INFO] [PROG] s*=5.50/5.94 (92.6%) dist_goal=0.37
21:40:25 [INFO] [MPC] state=(-3.72,+0.00,-0.03) wp0=(-3.67,+0.15) v=+0.094 ω=+0.282 ok=True iters=7
21:40:25 [INFO] [PROG] s*=5.51/5.94 (92.8%) dist_goal=0.36
21:40:25 [INFO] [MPC] state=(-3.72,+0.00,-0.01) wp0=(-3.66,+0.15) v=+0.092 ω=-0.194 ok=True iters=7
21:40:25 [INFO] [PROG] s*=5.52/5.94 (92.9%) dist_goal=0.35
21:40:25 [INFO] [MPC] state=(-3.71,+0.00,-0.03) wp0=(-3.65,+0.15) v=+0.090 ω=+0.273 ok=True iters=7
21:40:25 [INFO] [PROG] s*=5.53/5.94 (93.1%) dist_goal=0.34
21:40:25 [INFO] [MPC] state=(-3.70,+0.00,-0.01) wp0=(-3.64,+0.15) v=+0.088 ω=+0.136 ok=True iters=7
21:40:25 [INFO] [PROG] s*=5.54/5.94 (93.2%) dist_goal=0.33
21:40:25 [INFO] [MPC] state=(-3.69,+0.00,+0.00) wp0=(-3.63,+0.15) v=+0.086 ω=+0.095 ok=True iters=7
21:40:25 [INFO] [PROG] s*=5.55/5.94 (93.4%) dist_goal=0.33
21:40:25 [INFO] [MPC] state=(-3.68,+0.00,+0.01) wp0=(-3.62,+0.15) v=+0.084 ω=+0.065 ok=True iters=7
21:40:25 [INFO] [PROG] s*=5.56/5.94 (93.5%) dist_goal=0.32
21:40:25 [INFO] [MPC] state=(-3.67,+0.00,+0.02) wp0=(-3.61,+0.15) v=+0.082 ω=+0.039 ok=True iters=8
21:40:25 [INFO] [PROG] s*=5.56/5.94 (93.6%) dist_goal=0.31
21:40:25 [INFO] [MPC] state=(-3.66,+0.00,+0.02) wp0=(-3.61,+0.15) v=+0.080 ω=+0.020 ok=True iters=8
21:40:25 [INFO] [PROG] s*=5.57/5.94 (93.8%) dist_goal=0.30
21:40:25 [INFO] [MPC] state=(-3.66,+0.00,+0.03) wp0=(-3.60,+0.15) v=+0.078 ω=-0.288 ok=True iters=7
21:40:25 [INFO] [PROG] s*=5.58/5.94 (93.9%) dist_goal=0.30
21:40:25 [INFO] [MPC] state=(-3.65,+0.00,-0.01) wp0=(-3.59,+0.15) v=+0.076 ω=-0.192 ok=True iters=8
21:40:25 [INFO] [PROG] s*=5.59/5.94 (94.0%) dist_goal=0.29
21:40:25 [INFO] [MPC] state=(-3.64,+0.00,-0.03) wp0=(-3.58,+0.15) v=+0.074 ω=-0.124 ok=True iters=8
21:40:25 [INFO] [PROG] s*=5.59/5.94 (94.1%) dist_goal=0.28
21:40:25 [INFO] [MPC] state=(-3.63,+0.00,-0.04) wp0=(-3.58,+0.15) v=+0.072 ω=+0.260 ok=True iters=8
21:40:25 [INFO] [PROG] s*=5.60/5.94 (94.2%) dist_goal=0.27
21:40:25 [INFO] [MPC] state=(-3.63,+0.00,-0.02) wp0=(-3.57,+0.15) v=+0.070 ω=+0.141 ok=True iters=7
21:40:25 [INFO] [PROG] s*=5.61/5.94 (94.4%) dist_goal=0.27
21:40:25 [INFO] [MPC] state=(-3.62,+0.00,-0.01) wp0=(-3.56,+0.15) v=+0.069 ω=+0.103 ok=True iters=7
21:40:25 [INFO] [PROG] s*=5.61/5.94 (94.5%) dist_goal=0.26
21:40:25 [INFO] [MPC] state=(-3.61,+0.00,+0.00) wp0=(-3.56,+0.15) v=+0.067 ω=+0.067 ok=True iters=7
21:40:25 [INFO] [PROG] s*=5.62/5.94 (94.6%) dist_goal=0.26
21:40:25 [INFO] [MPC] state=(-3.61,+0.00,+0.01) wp0=(-3.55,+0.15) v=+0.065 ω=+0.040 ok=True iters=8
21:40:25 [INFO] [PROG] s*=5.63/5.94 (94.7%) dist_goal=0.25
21:40:25 [INFO] [MPC] state=(-3.60,+0.00,+0.02) wp0=(-3.54,+0.15) v=+0.064 ω=+0.022 ok=True iters=8
21:40:25 [INFO] [PROG] s*=5.63/5.94 (94.8%) dist_goal=0.24
21:40:25 [INFO] [MPC] state=(-3.59,+0.00,+0.02) wp0=(-3.54,+0.15) v=+0.062 ω=+0.010 ok=True iters=8
21:40:25 [INFO] [PROG] s*=5.64/5.94 (94.9%) dist_goal=0.24
21:40:25 [INFO] [MPC] state=(-3.59,+0.00,+0.02) wp0=(-3.53,+0.15) v=+0.061 ω=+0.002 ok=True iters=8
21:40:25 [INFO] [PROG] s*=5.64/5.94 (95.0%) dist_goal=0.23
21:40:25 [INFO] [MPC] state=(-3.58,+0.00,+0.02) wp0=(-3.53,+0.15) v=+0.059 ω=-0.003 ok=True iters=8
21:40:25 [INFO] [PROG] s*=5.65/5.94 (95.1%) dist_goal=0.23
21:40:25 [INFO] [MPC] state=(-3.58,+0.00,+0.02) wp0=(-3.52,+0.15) v=+0.058 ω=-0.247 ok=True iters=8
21:40:25 [INFO] [PROG] s*=5.66/5.94 (95.2%) dist_goal=0.22
21:40:25 [INFO] [MPC] state=(-3.57,+0.00,-0.01) wp0=(-3.51,+0.15) v=+0.056 ω=-0.179 ok=True iters=8
21:40:25 [INFO] [PROG] s*=5.66/5.94 (95.3%) dist_goal=0.21
21:40:25 [INFO] [MPC] state=(-3.56,+0.00,-0.03) wp0=(-3.51,+0.15) v=+0.055 ω=-0.391 ok=True iters=8
21:40:25 [INFO] [PROG] s*=5.67/5.94 (95.4%) dist_goal=0.21
21:40:25 [INFO] [MPC] state=(-3.56,+0.00,-0.07) wp0=(-3.50,+0.15) v=+0.054 ω=-0.332 ok=True iters=9
21:40:25 [INFO] [PROG] s*=5.67/5.94 (95.5%) dist_goal=0.20
21:40:25 [INFO] [MPC] state=(-3.55,+0.00,-0.10) wp0=(-3.50,+0.15) v=+0.052 ω=-0.599 ok=True iters=9
21:40:25 [INFO] [PROG] s*=5.68/5.94 (95.6%) dist_goal=0.20
21:40:25 [INFO] [MPC] state=(-3.55,+0.00,-0.17) wp0=(-3.49,+0.15) v=+0.051 ω=-0.767 ok=True iters=9
21:40:25 [INFO] [PROG] s*=5.68/5.94 (95.6%) dist_goal=0.19
21:40:25 [INFO] [MPC] state=(-3.54,-0.00,-0.25) wp0=(-3.49,+0.15) v=+0.050 ω=-0.857 ok=True iters=9
21:40:25 [INFO] [PROG] s*=5.69/5.94 (95.7%) dist_goal=0.19
21:40:25 [INFO] [MPC] state=(-3.54,-0.00,-0.33) wp0=(-3.48,+0.15) v=+0.049 ω=-0.788 ok=True iters=15
21:40:25 [INFO] [PROG] s*=5.69/5.94 (95.8%) dist_goal=0.19
21:40:25 [INFO] [MPC] state=(-3.53,-0.00,-0.41) wp0=(-3.48,+0.15) v=+0.048 ω=-0.602 ok=True iters=12
21:40:25 [INFO] [PROG] s*=5.69/5.94 (95.8%) dist_goal=0.18
21:40:25 [INFO] [MPC] state=(-3.53,-0.01,-0.47) wp0=(-3.48,+0.15) v=+0.030 ω=-0.514 ok=True iters=8
21:40:25 [INFO] [PROG] s*=5.70/5.94 (95.9%) dist_goal=0.18
21:40:25 [INFO] [MPC] state=(-3.53,-0.01,-0.53) wp0=(-3.47,+0.15) v=+0.030 ω=-0.411 ok=True iters=13
21:40:25 [INFO] [PROG] s*=5.70/5.94 (95.9%) dist_goal=0.18
21:40:25 [INFO] [MPC] state=(-3.52,-0.01,-0.57) wp0=(-3.47,+0.15) v=+0.030 ω=-0.291 ok=True iters=11
21:40:25 [ERROR] Error in step()
Traceback (most recent call last):
  File "/home/max/thesis_proj/pybullet2/crowdnav/env.py", line 707, in step
    theta_ref = _make_theta_ref(path_xy, self._theta_ref_prev, k_strong=3, alpha=0.25)
  File "/home/max/thesis_proj/pybullet2/crowdnav/env.py", line 95, in _make_theta_ref
    if theta_prev is not None and len(theta_prev) == len(ref):
UnboundLocalError: local variable 'ref' referenced before assignment
