20:07:00 [INFO] === New MPC Session Started ===
20:07:00 [DEBUG] matplotlib data path: /usr/share/matplotlib/mpl-data
20:07:00 [DEBUG] CONFIGDIR=/home/max/.config/matplotlib
20:07:00 [DEBUG] interactive is False
20:07:00 [DEBUG] platform is linux
20:07:00 [DEBUG] loaded modules: ['sys', 'builtins', '_frozen_importlib', '_imp', '_thread', '_warnings', '_weakref', '_io', 'marshal', 'posix', '_frozen_importlib_external', 'time', 'zipimport', '_codecs', 'codecs', 'encodings.aliases', 'encodings', 'encodings.utf_8', '_signal', '_abc', 'abc', 'io', '__main__', '_stat', 'stat', '_collections_abc', 'genericpath', 'posixpath', 'os.path', 'os', '_sitebuiltins', 'types', 'importlib._bootstrap', 'importlib._bootstrap_external', 'warnings', 'importlib', 'importlib._abc', 'itertools', 'keyword', '_operator', 'operator', 'reprlib', '_collections', 'collections', '_functools', 'functools', 'contextlib', 'importlib.util', 'importlib.machinery', 'mpl_toolkits', 'phply', 'ruamel', 'zope', 'apport_python_hook', 'sitecustomize', 'site', 'crowdnav', 'crowdnav.env', 'gym.error', 'gym.version', 'collections.abc', 'enum', '_sre', 'sre_constants', 'sre_parse', 'sre_compile', '_locale', 'copyreg', 're', 'typing.io', 'typing.re', 'typing', 'numpy._utils._convertions', 'numpy._utils', 'numpy._globals', 'numpy.exceptions', 'numpy.version', 'numpy._distributor_init', 'numpy._utils._inspect', 'math', '_datetime', 'datetime', 'numpy.core._exceptions', 'numpy.dtypes', 'numpy.core._multiarray_umath', 'numpy.core.overrides', 'numpy.core.multiarray', 'numpy.core.umath', 'numbers', 'numpy.core._string_helpers', 'fnmatch', 'ntpath', 'errno', 'urllib', 'ipaddress', 'urllib.parse', 'pathlib', '_struct', 'struct', '_compat_pickle', '_pickle', 'pickle', 'numpy.compat.py3k', 'numpy.compat', 'numpy.core._dtype', 'numpy.core._type_aliases', 'numpy.core.numerictypes', '_contextvars', 'contextvars', 'numpy.core._ufunc_config', 'numpy.core._methods', 'numpy.core.fromnumeric', 'numpy.core.shape_base', 'numpy.core.arrayprint', 'numpy.core._asarray', 'numpy.core.numeric', 'numpy.core.defchararray', 'numpy.core.records', 'numpy.core.memmap', 'numpy.core.function_base', 'numpy.core._machar', 'numpy.core.getlimits', 'numpy.core.einsumfunc', 'numpy.core._multiarray_tests', 'numpy.core._add_newdocs', 'numpy.core._add_newdocs_scalars', 'numpy.core._dtype_ctypes', '_ast', 'ast', '_ctypes', 'ctypes._endian', 'ctypes', 'numpy.core._internal', 'numpy._pytesttester', 'numpy.core', 'numpy.__config__', 'numpy.lib.mixins', 'numpy.lib.ufunclike', 'numpy.lib.type_check', 'numpy.lib.scimath', 'numpy.lib.stride_tricks', 'numpy.lib.twodim_base', 'numpy.linalg._umath_linalg', '__future__', 'numpy._typing._nested_sequence', 'numpy._typing._nbit', 'numpy._typing._char_codes', 'numpy._typing._scalars', 'numpy._typing._shape', 'numpy._typing._dtype_like', 'numpy._typing._array_like', 'numpy._typing', 'numpy.linalg.linalg', 'numpy.linalg', 'numpy.matrixlib.defmatrix', 'numpy.matrixlib', 'numpy.lib.histograms', 'numpy.lib.function_base', 'numpy.lib.index_tricks', 'numpy.lib.nanfunctions', 'numpy.lib.shape_base', 'numpy.lib.polynomial', 'textwrap', 'signal', '_weakrefset', 'threading', 'fcntl', '_posixsubprocess', 'select', 'selectors', 'subprocess', 'platform', 'numpy.lib.utils', 'numpy.lib.arraysetops', 'weakref', 'numpy.lib.format', 'numpy.lib._datasource', 'numpy.lib._iotools', 'numpy.lib.npyio', 'numpy.lib.arrayterator', 'numpy.lib.arraypad', 'numpy.lib._version', 'numpy.lib', 'numpy.fft._pocketfft_internal', 'numpy.fft._pocketfft', 'numpy.fft.helper', 'numpy.fft', 'numpy.polynomial.polyutils', 'numpy.polynomial._polybase', 'numpy.polynomial.polynomial', 'numpy.polynomial.chebyshev', 'numpy.polynomial.legendre', 'numpy.polynomial.hermite', 'numpy.polynomial.hermite_e', 'numpy.polynomial.laguerre', 'numpy.polynomial', 'cython_runtime', '_cython_3_0_8', 'numpy.random._common', 'binascii', 'base64', '_hashlib', '_blake2', 'hashlib', 'hmac', '_bisect', 'bisect', '_random', '_sha512', 'random', 'secrets', 'numpy.random.bit_generator', 'numpy.random._bounded_integers', 'numpy.random._mt19937', 'numpy.random.mtrand', 'numpy.random._philox', 'numpy.random._pcg64', 'numpy.random._sfc64', 'numpy.random._generator', 'numpy.random._pickle', 'numpy.random', 'numpy.ctypeslib', '_opcode', 'opcode', 'dis', 'token', 'tokenize', 'linecache', 'inspect', 'numpy.ma.core', 'numpy.ma.extras', 'numpy.ma', 'numpy', 'gym.utils.colorize', 'gym.utils.ezpickle', 'gym.utils', 'gym.logger', 'gym.utils.seeding', 'gym.spaces.space', 'gym.spaces.box', 'gym.spaces.dict', 'gym.spaces.discrete', 'gym.spaces.multi_discrete', 'gym.spaces.graph', 'gym.spaces.multi_binary', 'gym.spaces.sequence', 'gym.spaces.text', 'gym.spaces.tuple', 'gym.spaces.utils', 'gym.spaces', 'gym.core', 'copy', '_heapq', 'heapq', 'difflib', 'dataclasses', 'cv2.load_config_py3', 'cv2.version', 'numpy._core', 'numpy._core._multiarray_umath', 'cv2.gapi.core', 'cv2.gapi.core.cpu', 'cv2.gapi.core.fluid', 'cv2.gapi.core.ocl', 'cv2.gapi.ie', 'cv2.gapi.ie.detail', 'cv2.gapi.imgproc', 'cv2.gapi.imgproc.fluid', 'cv2.gapi.oak', 'cv2.gapi.onnx', 'cv2.gapi.onnx.ep', 'cv2.gapi.ot', 'cv2.gapi.ot.cpu', 'cv2.gapi.ov', 'cv2.gapi.own', 'cv2.gapi.own.detail', 'cv2.gapi.render', 'cv2.gapi.render.ocv', 'cv2.gapi.streaming', 'cv2.gapi.video', 'cv2.gapi.wip', 'cv2.gapi.wip.draw', 'cv2.gapi.wip.gst', 'cv2.gapi.wip.onevpl', 'cv2.utils.fs', 'cv2.utils.nested', 'cv2.gapi', 'cv2.ogl', 'cv2.data', 'cv2.detail', 'cv2.flann', 'cv2.ml', 'cv2.aruco', 'cv2.qt', 'cv2.utils', 'cv2.typing', 'cv2.samples', 'cv2.barcode', 'cv2.segmentation', 'cv2.ocl', 'cv2.cuda', 'cv2.parallel', 'cv2.dnn', 'cv2.Error', 'cv2.videoio_registry', 'cv2.ipp', 'cv2.fisheye', 'cv2.misc.version', 'cv2.misc', 'cv2.mat_wrapper', 'cv2', 'gym.wrappers.atari_preprocessing', 'gym.wrappers.autoreset', 'gym.wrappers.clip_action', 'gym.wrappers.filter_observation', 'gym.wrappers.flatten_observation', 'gym.wrappers.frame_stack', 'gym.wrappers.gray_scale_observation', 'gym.wrappers.human_rendering', 'gym.wrappers.normalize', 'gym.wrappers.order_enforcing', 'gym.wrappers.record_episode_statistics', 'gym.wrappers.monitoring', '_json', 'json.scanner', 'json.decoder', 'json.encoder', 'json', 'zlib', '_compression', '_bz2', 'bz2', '_lzma', 'lzma', 'shutil', 'tempfile', 'gym.wrappers.monitoring.video_recorder', 'gym.wrappers.record_video', 'gym.wrappers.render_collection', 'gym.wrappers.rescale_action', 'gym.wrappers.resize_observation', 'gym.utils.step_api_compatibility', 'gym.wrappers.step_api_compatibility', 'gym.wrappers.time_aware_observation', 'gym.wrappers.time_limit', 'gym.wrappers.transform_observation', 'gym.wrappers.transform_reward', 'gym.wrappers.vector_list_info', 'gym.wrappers', 'gym.wrappers.compatibility', 'gym.utils.passive_env_checker', 'gym.wrappers.env_checker', '_csv', 'csv', 'email', 'zipfile', 'uu', 'quopri', '_socket', 'array', 'socket', 'locale', 'calendar', 'email._parseaddr', 'email.base64mime', '_string', 'string', 'email.quoprimime', 'email.errors', 'email.encoders', 'email.charset', 'email.utils', 'email.header', 'email._policybase', 'email._encoded_words', 'email.iterators', 'email.message', 'importlib.metadata._functools', 'importlib.metadata._text', 'importlib.metadata._adapters', 'importlib.metadata._meta', 'importlib.metadata._collections', 'importlib.metadata._itertools', 'importlib.abc', 'importlib.metadata', 'gym.envs.registration', 'gym.envs', 'multiprocessing.process', 'multiprocessing.reduction', 'multiprocessing.context', '__mp_main__', 'multiprocessing', 'gym.vector.utils.misc', 'gym.vector.utils.numpy_utils', 'gym.vector.utils.shared_memory', 'gym.vector.utils.spaces', 'gym.vector.utils', 'gym.vector.vector_env', 'gym.vector.async_vector_env', 'gym.vector.sync_vector_env', 'gym.vector', 'gym_notices', 'gym_notices.notices', 'gym', 'pybullet', 'pybullet_data', 'traceback', 'atexit', 'logging', 'crowdnav.logger_setup', 'crowdnav.config', 'crowdnav.kinematics', 'crowdnav.dynamics', 'crowdnav.sensors', 'crowdnav.control', 'crowdnav.control.align', 'crowdnav.control.track', 'crowdnav.planning', 'swig_runtime_data4', 'casadi._casadi', 'casadi.casadi', 'casadi', 'crowdnav.planning.mpc_runner', 'crowdnav.utils2', 'crowdnav.utils2.coord', 'crowdnav.planning.path_mgr', 'crowdnav.utils2.hud', 'crowdnav.mpc', 'crowdnav.world', 'crowdnav.utils', 'matplotlib', 'pprint', 'packaging.__about__', 'packaging', 'packaging._structures', 'packaging.version', 'matplotlib._api.deprecation', 'matplotlib._api', 'matplotlib._version', 'gzip', 'shlex', 'matplotlib._c_internal_utils', 'matplotlib.cbook', 'matplotlib.docstring', 'PIL._version', 'PIL', 'PIL.ImageMode', 'PIL.TiffTags', 'PIL._binary', 'PIL._util', 'PIL._imaging', 'PIL.Image', 'PIL.ImageChops', 'PIL.ImageFile', 'PIL.GimpGradientFile', 'PIL.GimpPaletteFile', 'PIL.ImageColor', 'PIL.PaletteFile', 'PIL.ImagePalette', 'PIL.ImageSequence', 'PIL.PngImagePlugin', 'matplotlib._path', 'matplotlib.bezier', 'matplotlib.path', 'matplotlib.transforms', 'matplotlib.ticker', 'matplotlib.scale', 'matplotlib._color_data', 'matplotlib.colors', 'pyparsing', 'matplotlib.fontconfig_pattern', 'matplotlib._enums', 'cycler', 'matplotlib.rcsetup', 'matplotlib.ft2font', 'dateutil._version', 'dateutil', 'kiwisolver']
20:07:00 [DEBUG] CACHEDIR=/home/max/.cache/matplotlib
20:07:00 [DEBUG] Using fontManager instance from /home/max/.cache/matplotlib/fontlist-v330.json
20:07:00 [DEBUG] Loaded backend TkAgg version unknown.
20:07:00 [INFO] CrowdNavPyBulletEnv initializing...
20:07:03 [INFO] World ready | grid: (112, 112), res: 0.1, N=10, T=0.1
20:07:04 [DEBUG] corner=0.00 vmax_loc=0.20
20:07:04 [INFO] [MPC] state=(+2.45,+1.44,-1.53) wp0=(+2.45,+1.05) v=+0.200 ω=+2.400 wp_prog=0/26 ok=True iters=11
20:07:04 [DEBUG] [MPC IN] path_xy0..1=[[2.45, 1.0499999999999998], [2.45, 0.9500000000000002]] theta_ref0..2=[-1.5707963267948966, -1.5707963267948966, -1.5707963267948966] weights=[5.0, 5.0, 0.1, 0.5, 0.3, 0.1] vmin_soft=0.080
20:07:04 [DEBUG] corner=0.00 vmax_loc=0.20
20:07:04 [INFO] [MPC] state=(+2.45,+1.44,-1.49) wp0=(+2.45,+1.05) v=+0.200 ω=+2.400 wp_prog=0/26 ok=True iters=7
20:07:04 [DEBUG] [MPC IN] path_xy0..1=[[2.45, 1.0499999999999998], [2.45, 0.9500000000000002]] theta_ref0..2=[-1.5707963267948966, -1.5707963267948966, -1.5707963267948966] weights=[5.0, 5.0, 0.1, 0.5, 0.3, 0.1] vmin_soft=0.080
20:07:04 [DEBUG] corner=0.00 vmax_loc=0.20
20:07:04 [INFO] [MPC] state=(+2.45,+1.43,-1.44) wp0=(+2.45,+1.05) v=+0.200 ω=+2.400 wp_prog=0/26 ok=True iters=7
20:07:04 [DEBUG] [MPC IN] path_xy0..1=[[2.45, 1.0499999999999998], [2.45, 0.9500000000000002]] theta_ref0..2=[-1.5707963267948966, -1.5707963267948966, -1.5707963267948966] weights=[5.0, 5.0, 0.1, 0.5, 0.3, 0.1] vmin_soft=0.080
20:07:04 [DEBUG] corner=0.00 vmax_loc=0.20
20:07:04 [INFO] [MPC] state=(+2.45,+1.43,-1.36) wp0=(+2.45,+1.05) v=+0.200 ω=+2.400 wp_prog=0/26 ok=True iters=7
20:07:04 [DEBUG] [MPC IN] path_xy0..1=[[2.45, 1.0499999999999998], [2.45, 0.9500000000000002]] theta_ref0..2=[-1.5707963267948966, -1.5707963267948966, -1.5707963267948966] weights=[5.0, 5.0, 0.1, 0.5, 0.3, 0.1] vmin_soft=0.080
20:07:04 [DEBUG] corner=0.00 vmax_loc=0.20
20:07:04 [INFO] [MPC] state=(+2.46,+1.42,-1.24) wp0=(+2.45,+1.05) v=+0.200 ω=+2.400 wp_prog=0/26 ok=True iters=11
20:07:04 [DEBUG] [MPC IN] path_xy0..1=[[2.45, 1.0499999999999998], [2.45, 0.9500000000000002]] theta_ref0..2=[-1.5707963267948966, -1.5707963267948966, -1.5707963267948966] weights=[5.0, 5.0, 0.1, 0.5, 0.3, 0.1] vmin_soft=0.080
20:07:04 [DEBUG] corner=0.00 vmax_loc=0.20
20:07:04 [INFO] [MPC] state=(+2.46,+1.41,-1.11) wp0=(+2.45,+1.05) v=+0.200 ω=+1.331 wp_prog=0/26 ok=True iters=8
20:07:04 [DEBUG] [MPC IN] path_xy0..1=[[2.45, 1.0499999999999998], [2.45, 0.9500000000000002]] theta_ref0..2=[-1.5707963267948966, -1.5707963267948966, -1.5707963267948966] weights=[5.0, 5.0, 0.1, 0.5, 0.3, 0.1] vmin_soft=0.080
20:07:04 [DEBUG] corner=0.00 vmax_loc=0.20
20:07:04 [INFO] [MPC] state=(+2.47,+1.40,-1.03) wp0=(+2.45,+1.05) v=+0.200 ω=-1.299 wp_prog=0/26 ok=True iters=8
20:07:04 [DEBUG] [MPC IN] path_xy0..1=[[2.45, 1.0499999999999998], [2.45, 0.9500000000000002]] theta_ref0..2=[-1.5707963267948966, -1.5707963267948966, -1.5707963267948966] weights=[5.0, 5.0, 0.1, 0.5, 0.3, 0.1] vmin_soft=0.080
20:07:04 [DEBUG] corner=0.00 vmax_loc=0.20
20:07:04 [INFO] [MPC] state=(+2.48,+1.38,-1.10) wp0=(+2.45,+1.05) v=+0.200 ω=-2.400 wp_prog=0/26 ok=True iters=8
20:07:04 [DEBUG] [MPC IN] path_xy0..1=[[2.45, 1.0499999999999998], [2.45, 0.9500000000000002]] theta_ref0..2=[-1.5707963267948966, -1.5707963267948966, -1.5707963267948966] weights=[5.0, 5.0, 0.1, 0.5, 0.3, 0.1] vmin_soft=0.080
20:07:04 [DEBUG] corner=0.00 vmax_loc=0.20
20:07:04 [INFO] [MPC] state=(+2.48,+1.37,-1.22) wp0=(+2.45,+1.05) v=+0.200 ω=-2.400 wp_prog=0/26 ok=True iters=10
20:07:04 [DEBUG] [MPC IN] path_xy0..1=[[2.45, 1.0499999999999998], [2.45, 0.9500000000000002]] theta_ref0..2=[-1.5707963267948966, -1.5707963267948966, -1.5707963267948966] weights=[5.0, 5.0, 0.1, 0.5, 0.3, 0.1] vmin_soft=0.080
20:07:04 [DEBUG] corner=0.00 vmax_loc=0.20
20:07:04 [INFO] [MPC] state=(+2.48,+1.36,-1.34) wp0=(+2.45,+1.05) v=+0.200 ω=-2.400 wp_prog=0/26 ok=True iters=8
20:07:04 [DEBUG] [MPC IN] path_xy0..1=[[2.45, 1.0499999999999998], [2.45, 0.9500000000000002]] theta_ref0..2=[-1.5707963267948966, -1.5707963267948966, -1.5707963267948966] weights=[5.0, 5.0, 0.1, 0.5, 0.3, 0.1] vmin_soft=0.080
20:07:04 [DEBUG] corner=0.00 vmax_loc=0.20
20:07:04 [INFO] [MPC] state=(+2.49,+1.35,-1.47) wp0=(+2.45,+1.05) v=+0.200 ω=-2.400 wp_prog=1/26 ok=True iters=8
20:07:04 [DEBUG] [MPC IN] path_xy0..1=[[2.45, 1.0499999999999998], [2.45, 0.9500000000000002]] theta_ref0..2=[-1.5707963267948966, -1.5707963267948966, -1.5707963267948966] weights=[5.0, 5.0, 0.1, 0.5, 0.3, 0.1] vmin_soft=0.080
20:07:04 [DEBUG] corner=0.00 vmax_loc=0.20
20:07:04 [INFO] [MPC] state=(+2.49,+1.34,-1.59) wp0=(+2.45,+0.85) v=+0.200 ω=-2.400 wp_prog=1/26 ok=True iters=9
20:07:04 [DEBUG] [MPC IN] path_xy0..1=[[2.45, 0.8499999999999996], [2.45, 0.75]] theta_ref0..2=[-1.5707963267948966, -1.5707963267948966, -1.5707963267948966] weights=[5.0, 5.0, 0.1, 0.5, 0.3, 0.1] vmin_soft=0.080
20:07:04 [DEBUG] corner=0.00 vmax_loc=0.20
20:07:04 [INFO] [MPC] state=(+2.49,+1.33,-1.71) wp0=(+2.45,+0.85) v=+0.200 ω=-2.400 wp_prog=1/26 ok=True iters=8
20:07:04 [DEBUG] [MPC IN] path_xy0..1=[[2.45, 0.8499999999999996], [2.45, 0.75]] theta_ref0..2=[-1.5707963267948966, -1.5707963267948966, -1.5707963267948966] weights=[5.0, 5.0, 0.1, 0.5, 0.3, 0.1] vmin_soft=0.080
20:07:04 [DEBUG] corner=0.00 vmax_loc=0.20
20:07:04 [INFO] [MPC] state=(+2.48,+1.32,-1.84) wp0=(+2.45,+0.85) v=+0.200 ω=-0.036 wp_prog=1/26 ok=True iters=8
20:07:04 [DEBUG] [MPC IN] path_xy0..1=[[2.45, 0.8499999999999996], [2.45, 0.75]] theta_ref0..2=[-1.5707963267948966, -1.5707963267948966, -1.5707963267948966] weights=[5.0, 5.0, 0.1, 0.5, 0.3, 0.1] vmin_soft=0.080
20:07:04 [DEBUG] corner=0.00 vmax_loc=0.20
20:07:04 [INFO] [MPC] state=(+2.48,+1.30,-1.87) wp0=(+2.45,+0.85) v=+0.200 ω=+0.119 wp_prog=1/26 ok=True iters=6
20:07:04 [DEBUG] [MPC IN] path_xy0..1=[[2.45, 0.8499999999999996], [2.45, 0.75]] theta_ref0..2=[-1.5707963267948966, -1.5707963267948966, -1.5707963267948966] weights=[5.0, 5.0, 0.1, 0.5, 0.3, 0.1] vmin_soft=0.080
20:07:04 [DEBUG] corner=0.00 vmax_loc=0.20
20:07:04 [INFO] [MPC] state=(+2.47,+1.28,-1.86) wp0=(+2.45,+0.85) v=+0.200 ω=+2.400 wp_prog=1/26 ok=True iters=10
20:07:04 [DEBUG] [MPC IN] path_xy0..1=[[2.45, 0.8499999999999996], [2.45, 0.75]] theta_ref0..2=[-1.5707963267948966, -1.5707963267948966, -1.5707963267948966] weights=[5.0, 5.0, 0.1, 0.5, 0.3, 0.1] vmin_soft=0.080
20:07:04 [DEBUG] corner=0.00 vmax_loc=0.20
20:07:04 [INFO] [MPC] state=(+2.47,+1.27,-1.74) wp0=(+2.45,+0.85) v=+0.200 ω=+2.400 wp_prog=1/26 ok=True iters=8
20:07:04 [DEBUG] [MPC IN] path_xy0..1=[[2.45, 0.8499999999999996], [2.45, 0.75]] theta_ref0..2=[-1.5707963267948966, -1.5707963267948966, -1.5707963267948966] weights=[5.0, 5.0, 0.1, 0.5, 0.3, 0.1] vmin_soft=0.080
20:07:04 [DEBUG] corner=0.00 vmax_loc=0.20
20:07:04 [INFO] [MPC] state=(+2.47,+1.26,-1.62) wp0=(+2.45,+0.85) v=+0.200 ω=+2.400 wp_prog=1/26 ok=True iters=9
20:07:04 [DEBUG] [MPC IN] path_xy0..1=[[2.45, 0.8499999999999996], [2.45, 0.75]] theta_ref0..2=[-1.5707963267948966, -1.5707963267948966, -1.5707963267948966] weights=[5.0, 5.0, 0.1, 0.5, 0.3, 0.1] vmin_soft=0.080
20:07:04 [DEBUG] corner=0.00 vmax_loc=0.20
20:07:04 [INFO] [MPC] state=(+2.47,+1.25,-1.51) wp0=(+2.45,+0.85) v=+0.200 ω=+2.400 wp_prog=2/26 ok=True iters=9
20:07:04 [DEBUG] [MPC IN] path_xy0..1=[[2.45, 0.8499999999999996], [2.45, 0.75]] theta_ref0..2=[-1.5707963267948966, -1.5707963267948966, -1.5707963267948966] weights=[5.0, 5.0, 0.1, 0.5, 0.1, 0.1] vmin_soft=0.030
20:07:04 [DEBUG] corner=0.00 vmax_loc=0.20
20:07:04 [INFO] [MPC] state=(+2.47,+1.24,-1.39) wp0=(+2.45,+0.85) v=+0.200 ω=+0.915 wp_prog=2/26 ok=True iters=8
20:07:04 [DEBUG] [MPC IN] path_xy0..1=[[2.45, 0.8499999999999996], [2.45, 0.75]] theta_ref0..2=[-1.5707963267948966, -1.5707963267948966, -1.5707963267948966] weights=[5.0, 5.0, 0.1, 0.5, 0.1, 0.1] vmin_soft=0.030
20:07:04 [DEBUG] corner=0.00 vmax_loc=0.20
20:07:04 [INFO] [MPC] state=(+2.47,+1.23,-1.33) wp0=(+2.45,+0.85) v=+0.200 ω=-1.379 wp_prog=2/26 ok=True iters=8
20:07:04 [DEBUG] [MPC IN] path_xy0..1=[[2.45, 0.8499999999999996], [2.45, 0.75]] theta_ref0..2=[-1.5707963267948966, -1.5707963267948966, -1.5707963267948966] weights=[5.0, 5.0, 0.1, 0.5, 0.1, 0.1] vmin_soft=0.030
20:07:04 [DEBUG] corner=0.00 vmax_loc=0.20
20:07:04 [INFO] [MPC] state=(+2.47,+1.21,-1.40) wp0=(+2.45,+0.85) v=+0.200 ω=-0.992 wp_prog=2/26 ok=True iters=7
20:07:04 [DEBUG] [MPC IN] path_xy0..1=[[2.45, 0.8499999999999996], [2.45, 0.75]] theta_ref0..2=[-1.5707963267948966, -1.5707963267948966, -1.5707963267948966] weights=[5.0, 5.0, 0.1, 0.5, 0.1, 0.1] vmin_soft=0.030
20:07:04 [DEBUG] corner=0.00 vmax_loc=0.20
20:07:04 [INFO] [MPC] state=(+2.48,+1.20,-1.46) wp0=(+2.45,+0.85) v=+0.200 ω=-0.579 wp_prog=2/26 ok=True iters=7
20:07:04 [DEBUG] [MPC IN] path_xy0..1=[[2.45, 0.8499999999999996], [2.45, 0.75]] theta_ref0..2=[-1.5707963267948966, -1.5707963267948966, -1.5707963267948966] weights=[5.0, 5.0, 0.1, 0.5, 0.1, 0.1] vmin_soft=0.030
20:07:04 [DEBUG] corner=0.00 vmax_loc=0.20
20:07:04 [INFO] [MPC] state=(+2.48,+1.18,-1.50) wp0=(+2.45,+0.85) v=+0.200 ω=-2.400 wp_prog=2/26 ok=True iters=11
20:07:04 [DEBUG] [MPC IN] path_xy0..1=[[2.45, 0.8499999999999996], [2.45, 0.75]] theta_ref0..2=[-1.5707963267948966, -1.5707963267948966, -1.5707963267948966] weights=[5.0, 5.0, 0.1, 0.5, 0.1, 0.1] vmin_soft=0.030
20:07:04 [DEBUG] corner=0.00 vmax_loc=0.20
20:07:04 [INFO] [MPC] state=(+2.48,+1.17,-1.61) wp0=(+2.45,+0.85) v=+0.200 ω=-1.844 wp_prog=2/26 ok=True iters=9
20:07:04 [DEBUG] [MPC IN] path_xy0..1=[[2.45, 0.8499999999999996], [2.45, 0.75]] theta_ref0..2=[-1.5707963267948966, -1.5707963267948966, -1.5707963267948966] weights=[5.0, 5.0, 0.1, 0.5, 0.1, 0.1] vmin_soft=0.030
20:07:04 [DEBUG] corner=0.00 vmax_loc=0.20
20:07:04 [INFO] [MPC] state=(+2.48,+1.15,-1.72) wp0=(+2.45,+0.85) v=+0.200 ω=-0.879 wp_prog=3/26 ok=True iters=7
20:07:04 [DEBUG] [MPC IN] path_xy0..1=[[2.45, 0.8499999999999996], [2.45, 0.75]] theta_ref0..2=[-1.5707963267948966, -1.5707963267948966, -1.5707963267948966] weights=[5.0, 5.0, 0.1, 0.5, 0.1, 0.1] vmin_soft=0.030
20:07:04 [DEBUG] corner=0.00 vmax_loc=0.20
20:07:04 [INFO] [MPC] state=(+2.47,+1.14,-1.78) wp0=(+2.45,+0.65) v=+0.200 ω=+1.424 wp_prog=3/26 ok=True iters=8
20:07:04 [DEBUG] [MPC IN] path_xy0..1=[[2.45, 0.6499999999999995], [2.45, 0.5499999999999998]] theta_ref0..2=[-1.5707963267948966, -1.5707963267948966, -1.5707963267948966] weights=[5.0, 5.0, 0.1, 0.5, 0.1, 0.1] vmin_soft=0.030
20:07:04 [DEBUG] corner=0.00 vmax_loc=0.20
20:07:04 [INFO] [MPC] state=(+2.47,+1.12,-1.70) wp0=(+2.45,+0.65) v=+0.200 ω=+2.400 wp_prog=3/26 ok=True iters=8
20:07:04 [DEBUG] [MPC IN] path_xy0..1=[[2.45, 0.6499999999999995], [2.45, 0.5499999999999998]] theta_ref0..2=[-1.5707963267948966, -1.5707963267948966, -1.5707963267948966] weights=[5.0, 5.0, 0.1, 0.5, 0.1, 0.1] vmin_soft=0.030
20:07:04 [DEBUG] corner=0.00 vmax_loc=0.20
20:07:04 [INFO] [MPC] state=(+2.47,+1.11,-1.58) wp0=(+2.45,+0.65) v=+0.200 ω=+1.805 wp_prog=3/26 ok=True iters=9
20:07:04 [DEBUG] [MPC IN] path_xy0..1=[[2.45, 0.6499999999999995], [2.45, 0.5499999999999998]] theta_ref0..2=[-1.5707963267948966, -1.5707963267948966, -1.5707963267948966] weights=[5.0, 5.0, 0.1, 0.5, 0.1, 0.1] vmin_soft=0.030
20:07:04 [DEBUG] corner=0.00 vmax_loc=0.20
20:07:04 [INFO] [MPC] state=(+2.47,+1.10,-1.50) wp0=(+2.45,+0.65) v=+0.200 ω=-0.414 wp_prog=3/26 ok=True iters=8
20:07:04 [DEBUG] [MPC IN] path_xy0..1=[[2.45, 0.6499999999999995], [2.45, 0.5499999999999998]] theta_ref0..2=[-1.5707963267948966, -1.5707963267948966, -1.5707963267948966] weights=[5.0, 5.0, 0.1, 0.5, 0.1, 0.1] vmin_soft=0.030
20:07:04 [DEBUG] corner=0.00 vmax_loc=0.20
20:07:04 [INFO] [MPC] state=(+2.47,+1.09,-1.50) wp0=(+2.45,+0.65) v=+0.200 ω=-0.450 wp_prog=3/26 ok=True iters=6
20:07:04 [DEBUG] [MPC IN] path_xy0..1=[[2.45, 0.6499999999999995], [2.45, 0.5499999999999998]] theta_ref0..2=[-1.5707963267948966, -1.5707963267948966, -1.5707963267948966] weights=[5.0, 5.0, 0.1, 0.5, 0.1, 0.1] vmin_soft=0.030
20:07:04 [DEBUG] corner=0.00 vmax_loc=0.20
20:07:04 [INFO] [MPC] state=(+2.47,+1.07,-1.53) wp0=(+2.45,+0.65) v=+0.200 ω=-0.463 wp_prog=4/26 ok=True iters=6
20:07:04 [DEBUG] [MPC IN] path_xy0..1=[[2.45, 0.6499999999999995], [2.45, 0.5499999999999998]] theta_ref0..2=[-1.5707963267948966, -1.5707963267948966, -1.5707963267948966] weights=[5.0, 5.0, 0.1, 0.5, 0.1, 0.1] vmin_soft=0.030
20:07:04 [DEBUG] corner=0.00 vmax_loc=0.20
20:07:04 [INFO] [MPC] state=(+2.48,+1.05,-1.56) wp0=(+2.45,+0.65) v=+0.200 ω=-0.029 wp_prog=4/26 ok=True iters=7
20:07:04 [DEBUG] [MPC IN] path_xy0..1=[[2.45, 0.6499999999999995], [2.45, 0.5499999999999998]] theta_ref0..2=[-1.5707963267948966, -1.5707963267948966, -1.5707963267948966] weights=[5.0, 5.0, 0.1, 0.5, 0.1, 0.1] vmin_soft=0.030
20:07:04 [DEBUG] corner=0.00 vmax_loc=0.20
20:07:04 [INFO] [MPC] state=(+2.48,+1.03,-1.56) wp0=(+2.45,+0.65) v=+0.200 ω=-0.030 wp_prog=4/26 ok=True iters=7
20:07:04 [DEBUG] [MPC IN] path_xy0..1=[[2.45, 0.6499999999999995], [2.45, 0.5499999999999998]] theta_ref0..2=[-1.5707963267948966, -1.5707963267948966, -1.5707963267948966] weights=[5.0, 5.0, 0.1, 0.5, 0.1, 0.1] vmin_soft=0.030
20:07:04 [DEBUG] corner=0.00 vmax_loc=0.20
20:07:04 [INFO] [MPC] state=(+2.48,+1.01,-1.56) wp0=(+2.45,+0.65) v=+0.200 ω=-0.031 wp_prog=4/26 ok=True iters=7
20:07:04 [DEBUG] [MPC IN] path_xy0..1=[[2.45, 0.6499999999999995], [2.45, 0.5499999999999998]] theta_ref0..2=[-1.5707963267948966, -1.5707963267948966, -1.5707963267948966] weights=[5.0, 5.0, 0.1, 0.5, 0.1, 0.1] vmin_soft=0.030
20:07:04 [DEBUG] corner=0.00 vmax_loc=0.20
20:07:04 [INFO] [MPC] state=(+2.48,+0.99,-1.57) wp0=(+2.45,+0.65) v=+0.200 ω=-0.031 wp_prog=4/26 ok=True iters=7
20:07:04 [DEBUG] [MPC IN] path_xy0..1=[[2.45, 0.6499999999999995], [2.45, 0.5499999999999998]] theta_ref0..2=[-1.5707963267948966, -1.5707963267948966, -1.5707963267948966] weights=[5.0, 5.0, 0.1, 0.5, 0.1, 0.1] vmin_soft=0.030
20:07:04 [DEBUG] corner=0.00 vmax_loc=0.20
20:07:04 [INFO] [MPC] state=(+2.48,+0.97,-1.57) wp0=(+2.45,+0.65) v=+0.200 ω=-0.030 wp_prog=5/26 ok=True iters=7
20:07:04 [DEBUG] [MPC IN] path_xy0..1=[[2.45, 0.6499999999999995], [2.45, 0.5499999999999998]] theta_ref0..2=[-1.5707963267948966, -1.5707963267948966, -1.5707963267948966] weights=[5.0, 5.0, 0.1, 0.5, 0.1, 0.1] vmin_soft=0.030
20:07:04 [DEBUG] corner=0.00 vmax_loc=0.20
20:07:04 [INFO] [MPC] state=(+2.48,+0.95,-1.57) wp0=(+2.45,+0.55) v=+0.200 ω=-0.027 wp_prog=5/26 ok=True iters=7
20:07:04 [DEBUG] [MPC IN] path_xy0..1=[[2.45, 0.5499999999999998], [2.45, 0.4500000000000002]] theta_ref0..2=[-1.5707963267948966, -1.5707963267948966, -1.5707963267948966] weights=[5.0, 5.0, 0.1, 0.5, 0.1, 0.1] vmin_soft=0.030
20:07:04 [DEBUG] corner=0.00 vmax_loc=0.20
20:07:04 [INFO] [MPC] state=(+2.48,+0.93,-1.57) wp0=(+2.45,+0.55) v=+0.200 ω=-0.023 wp_prog=5/26 ok=True iters=7
20:07:04 [DEBUG] [MPC IN] path_xy0..1=[[2.45, 0.5499999999999998], [2.45, 0.4500000000000002]] theta_ref0..2=[-1.5707963267948966, -1.5707963267948966, -1.5707963267948966] weights=[5.0, 5.0, 0.1, 0.5, 0.1, 0.1] vmin_soft=0.030
20:07:04 [DEBUG] corner=0.00 vmax_loc=0.20
20:07:04 [INFO] [MPC] state=(+2.48,+0.91,-1.58) wp0=(+2.45,+0.55) v=+0.200 ω=-0.018 wp_prog=5/26 ok=True iters=7
20:07:04 [DEBUG] [MPC IN] path_xy0..1=[[2.45, 0.5499999999999998], [2.45, 0.4500000000000002]] theta_ref0..2=[-1.5707963267948966, -1.5707963267948966, -1.5707963267948966] weights=[5.0, 5.0, 0.1, 0.5, 0.1, 0.1] vmin_soft=0.030
20:07:04 [DEBUG] corner=0.00 vmax_loc=0.20
20:07:04 [INFO] [MPC] state=(+2.48,+0.89,-1.58) wp0=(+2.45,+0.55) v=+0.200 ω=-0.012 wp_prog=5/26 ok=True iters=7
20:07:04 [DEBUG] [MPC IN] path_xy0..1=[[2.45, 0.5499999999999998], [2.45, 0.4500000000000002]] theta_ref0..2=[-1.5707963267948966, -1.5707963267948966, -1.5707963267948966] weights=[5.0, 5.0, 0.1, 0.5, 0.1, 0.1] vmin_soft=0.030
20:07:04 [DEBUG] corner=0.00 vmax_loc=0.20
20:07:04 [INFO] [MPC] state=(+2.48,+0.87,-1.58) wp0=(+2.45,+0.55) v=+0.200 ω=-0.007 wp_prog=6/26 ok=True iters=7
20:07:04 [DEBUG] [MPC IN] path_xy0..1=[[2.45, 0.5499999999999998], [2.45, 0.4500000000000002]] theta_ref0..2=[-1.5707963267948966, -1.5707963267948966, -1.5707963267948966] weights=[5.0, 5.0, 0.1, 0.5, 0.1, 0.1] vmin_soft=0.030
20:07:04 [DEBUG] corner=0.00 vmax_loc=0.20
20:07:04 [INFO] [MPC] state=(+2.47,+0.85,-1.58) wp0=(+2.45,+0.35) v=+0.200 ω=-0.001 wp_prog=6/26 ok=True iters=7
20:07:04 [DEBUG] [MPC IN] path_xy0..1=[[2.45, 0.34999999999999964], [2.45, 0.25]] theta_ref0..2=[-1.5707963267948966, -1.5707963267948966, -1.5707963267948966] weights=[5.0, 5.0, 0.1, 0.5, 0.1, 0.1] vmin_soft=0.030
20:07:04 [DEBUG] corner=0.00 vmax_loc=0.20
20:07:04 [INFO] [MPC] state=(+2.47,+0.83,-1.58) wp0=(+2.45,+0.35) v=+0.200 ω=+0.004 wp_prog=6/26 ok=True iters=7
20:07:04 [DEBUG] [MPC IN] path_xy0..1=[[2.45, 0.34999999999999964], [2.45, 0.25]] theta_ref0..2=[-1.5707963267948966, -1.5707963267948966, -1.5707963267948966] weights=[5.0, 5.0, 0.1, 0.5, 0.1, 0.1] vmin_soft=0.030
20:07:04 [DEBUG] corner=0.00 vmax_loc=0.20
20:07:04 [INFO] [MPC] state=(+2.47,+0.81,-1.58) wp0=(+2.45,+0.35) v=+0.200 ω=+0.008 wp_prog=6/26 ok=True iters=7
20:07:04 [DEBUG] [MPC IN] path_xy0..1=[[2.45, 0.34999999999999964], [2.45, 0.25]] theta_ref0..2=[-1.5707963267948966, -1.5707963267948966, -1.5707963267948966] weights=[5.0, 5.0, 0.1, 0.5, 0.1, 0.1] vmin_soft=0.030
20:07:04 [DEBUG] corner=0.00 vmax_loc=0.20
20:07:04 [INFO] [MPC] state=(+2.47,+0.79,-1.58) wp0=(+2.45,+0.35) v=+0.200 ω=+0.011 wp_prog=6/26 ok=True iters=7
20:07:04 [DEBUG] [MPC IN] path_xy0..1=[[2.45, 0.34999999999999964], [2.45, 0.25]] theta_ref0..2=[-1.5707963267948966, -1.5707963267948966, -1.5707963267948966] weights=[5.0, 5.0, 0.1, 0.5, 0.1, 0.1] vmin_soft=0.030
20:07:04 [DEBUG] corner=0.00 vmax_loc=0.20
20:07:04 [INFO] [MPC] state=(+2.47,+0.77,-1.58) wp0=(+2.45,+0.35) v=+0.200 ω=+0.013 wp_prog=7/26 ok=True iters=7
20:07:04 [DEBUG] [MPC IN] path_xy0..1=[[2.45, 0.34999999999999964], [2.45, 0.25]] theta_ref0..2=[-1.5707963267948966, -1.5707963267948966, -1.5707963267948966] weights=[5.0, 5.0, 0.1, 0.5, 0.1, 0.1] vmin_soft=0.030
20:07:04 [DEBUG] corner=0.00 vmax_loc=0.20
20:07:04 [INFO] [MPC] state=(+2.47,+0.75,-1.58) wp0=(+2.45,+0.35) v=+0.200 ω=+0.015 wp_prog=7/26 ok=True iters=7
20:07:04 [DEBUG] [MPC IN] path_xy0..1=[[2.45, 0.34999999999999964], [2.45, 0.25]] theta_ref0..2=[-1.5707963267948966, -1.5707963267948966, -1.5707963267948966] weights=[5.0, 5.0, 0.1, 0.5, 0.1, 0.1] vmin_soft=0.030
20:07:04 [DEBUG] corner=0.00 vmax_loc=0.20
20:07:04 [INFO] [MPC] state=(+2.47,+0.73,-1.57) wp0=(+2.45,+0.35) v=+0.200 ω=+0.015 wp_prog=7/26 ok=True iters=7
20:07:04 [DEBUG] [MPC IN] path_xy0..1=[[2.45, 0.34999999999999964], [2.45, 0.25]] theta_ref0..2=[-1.5707963267948966, -1.5707963267948966, -1.5707963267948966] weights=[5.0, 5.0, 0.1, 0.5, 0.1, 0.1] vmin_soft=0.030
20:07:04 [DEBUG] corner=0.00 vmax_loc=0.20
20:07:04 [INFO] [MPC] state=(+2.47,+0.71,-1.57) wp0=(+2.45,+0.35) v=+0.200 ω=+0.014 wp_prog=7/26 ok=True iters=7
20:07:04 [DEBUG] [MPC IN] path_xy0..1=[[2.45, 0.34999999999999964], [2.45, 0.25]] theta_ref0..2=[-1.5707963267948966, -1.5707963267948966, -1.5707963267948966] weights=[5.0, 5.0, 0.1, 0.5, 0.1, 0.1] vmin_soft=0.030
20:07:04 [DEBUG] corner=0.00 vmax_loc=0.20
20:07:04 [INFO] [MPC] state=(+2.47,+0.68,-1.57) wp0=(+2.45,+0.35) v=+0.200 ω=+0.013 wp_prog=7/26 ok=True iters=7
20:07:04 [DEBUG] [MPC IN] path_xy0..1=[[2.45, 0.34999999999999964], [2.45, 0.25]] theta_ref0..2=[-1.5707963267948966, -1.5707963267948966, -1.5707963267948966] weights=[5.0, 5.0, 0.1, 0.5, 0.1, 0.1] vmin_soft=0.030
20:07:04 [DEBUG] corner=0.00 vmax_loc=0.20
20:07:04 [INFO] [MPC] state=(+2.47,+0.66,-1.57) wp0=(+2.45,+0.35) v=+0.200 ω=+0.011 wp_prog=8/26 ok=True iters=7
20:07:04 [DEBUG] [MPC IN] path_xy0..1=[[2.45, 0.34999999999999964], [2.45, 0.25]] theta_ref0..2=[-1.5707963267948966, -1.5707963267948966, -1.5707963267948966] weights=[5.0, 5.0, 0.1, 0.5, 0.1, 0.1] vmin_soft=0.030
20:07:04 [DEBUG] corner=0.00 vmax_loc=0.20
20:07:04 [INFO] [MPC] state=(+2.47,+0.64,-1.57) wp0=(+2.45,+0.15) v=+0.200 ω=+0.008 wp_prog=8/26 ok=True iters=7
20:07:04 [DEBUG] [MPC IN] path_xy0..1=[[2.45, 0.14999999999999947], [2.45, 0.04999999999999982]] theta_ref0..2=[-1.5707963267948966, -1.5707963267948966, -1.5707963267948966] weights=[5.0, 5.0, 0.1, 0.5, 0.1, 0.1] vmin_soft=0.030
20:07:04 [DEBUG] corner=0.00 vmax_loc=0.20
20:07:04 [INFO] [MPC] state=(+2.47,+0.62,-1.57) wp0=(+2.45,+0.15) v=+0.200 ω=+0.005 wp_prog=8/26 ok=True iters=7
20:07:04 [DEBUG] [MPC IN] path_xy0..1=[[2.45, 0.14999999999999947], [2.45, 0.04999999999999982]] theta_ref0..2=[-1.5707963267948966, -1.5707963267948966, -1.5707963267948966] weights=[5.0, 5.0, 0.1, 0.5, 0.1, 0.1] vmin_soft=0.030
20:07:04 [DEBUG] corner=0.00 vmax_loc=0.20
20:07:04 [INFO] [MPC] state=(+2.47,+0.60,-1.57) wp0=(+2.45,+0.15) v=+0.200 ω=+0.002 wp_prog=8/26 ok=True iters=7
20:07:04 [DEBUG] [MPC IN] path_xy0..1=[[2.45, 0.14999999999999947], [2.45, 0.04999999999999982]] theta_ref0..2=[-1.5707963267948966, -1.5707963267948966, -1.5707963267948966] weights=[5.0, 5.0, 0.1, 0.5, 0.1, 0.1] vmin_soft=0.030
20:07:04 [DEBUG] corner=0.00 vmax_loc=0.20
20:07:04 [INFO] [MPC] state=(+2.47,+0.58,-1.57) wp0=(+2.45,+0.15) v=+0.200 ω=-0.001 wp_prog=8/26 ok=True iters=7
20:07:04 [DEBUG] [MPC IN] path_xy0..1=[[2.45, 0.14999999999999947], [2.45, 0.04999999999999982]] theta_ref0..2=[-1.5707963267948966, -1.5707963267948966, -1.5707963267948966] weights=[5.0, 5.0, 0.1, 0.5, 0.1, 0.1] vmin_soft=0.030
20:07:04 [DEBUG] corner=0.00 vmax_loc=0.20
20:07:04 [INFO] [MPC] state=(+2.47,+0.56,-1.57) wp0=(+2.45,+0.15) v=+0.200 ω=-0.004 wp_prog=9/26 ok=True iters=7
20:07:04 [DEBUG] [MPC IN] path_xy0..1=[[2.45, 0.14999999999999947], [2.45, 0.04999999999999982]] theta_ref0..2=[-1.5707963267948966, -1.5707963267948966, -1.5707963267948966] weights=[5.0, 5.0, 0.1, 0.5, 0.1, 0.1] vmin_soft=0.030
20:07:04 [DEBUG] corner=0.00 vmax_loc=0.20
20:07:04 [INFO] [MPC] state=(+2.47,+0.54,-1.57) wp0=(+2.45,+0.15) v=+0.200 ω=-0.006 wp_prog=9/26 ok=True iters=7
20:07:04 [DEBUG] [MPC IN] path_xy0..1=[[2.45, 0.14999999999999947], [2.45, 0.04999999999999982]] theta_ref0..2=[-1.5707963267948966, -1.5707963267948966, -1.5707963267948966] weights=[5.0, 5.0, 0.1, 0.5, 0.1, 0.1] vmin_soft=0.030
20:07:04 [DEBUG] corner=0.00 vmax_loc=0.20
20:07:04 [INFO] [MPC] state=(+2.47,+0.52,-1.57) wp0=(+2.45,+0.15) v=+0.200 ω=-0.009 wp_prog=9/26 ok=True iters=7
20:07:04 [DEBUG] [MPC IN] path_xy0..1=[[2.45, 0.14999999999999947], [2.45, 0.04999999999999982]] theta_ref0..2=[-1.5707963267948966, -1.5707963267948966, -1.5707963267948966] weights=[5.0, 5.0, 0.1, 0.5, 0.1, 0.1] vmin_soft=0.030
20:07:04 [DEBUG] corner=0.00 vmax_loc=0.20
20:07:04 [INFO] [MPC] state=(+2.47,+0.50,-1.57) wp0=(+2.45,+0.15) v=+0.200 ω=-0.011 wp_prog=9/26 ok=True iters=7
20:07:04 [DEBUG] [MPC IN] path_xy0..1=[[2.45, 0.14999999999999947], [2.45, 0.04999999999999982]] theta_ref0..2=[-1.5707963267948966, -1.5707963267948966, -1.5707963267948966] weights=[5.0, 5.0, 0.1, 0.5, 0.1, 0.1] vmin_soft=0.030
20:07:04 [DEBUG] corner=0.00 vmax_loc=0.20
20:07:04 [INFO] [MPC] state=(+2.47,+0.48,-1.57) wp0=(+2.45,+0.15) v=+0.200 ω=-0.012 wp_prog=9/26 ok=True iters=7
20:07:04 [DEBUG] [MPC IN] path_xy0..1=[[2.45, 0.14999999999999947], [2.45, 0.04999999999999982]] theta_ref0..2=[-1.5707963267948966, -1.5707963267948966, -1.5707963267948966] weights=[5.0, 5.0, 0.1, 0.5, 0.1, 0.1] vmin_soft=0.030
20:07:04 [DEBUG] corner=0.00 vmax_loc=0.20
20:07:04 [INFO] [MPC] state=(+2.47,+0.46,-1.57) wp0=(+2.45,+0.15) v=+0.200 ω=-0.013 wp_prog=10/26 ok=True iters=7
20:07:04 [DEBUG] [MPC IN] path_xy0..1=[[2.45, 0.14999999999999947], [2.45, 0.04999999999999982]] theta_ref0..2=[-1.5707963267948966, -1.5707963267948966, -1.5707963267948966] weights=[5.0, 5.0, 0.1, 0.5, 0.1, 0.1] vmin_soft=0.030
20:07:04 [DEBUG] corner=0.00 vmax_loc=0.20
20:07:04 [INFO] [MPC] state=(+2.47,+0.44,-1.57) wp0=(+2.45,+0.05) v=+0.200 ω=-0.013 wp_prog=10/26 ok=True iters=7
20:07:04 [DEBUG] [MPC IN] path_xy0..1=[[2.45, 0.04999999999999982], [2.45, -0.04999999999999982]] theta_ref0..2=[-1.5707963267948966, -1.5707963267948966, -1.5707963267948966] weights=[5.0, 5.0, 0.1, 0.5, 0.1, 0.1] vmin_soft=0.030
20:07:04 [DEBUG] corner=0.00 vmax_loc=0.20
20:07:04 [INFO] [MPC] state=(+2.47,+0.42,-1.57) wp0=(+2.45,+0.05) v=+0.200 ω=-0.012 wp_prog=10/26 ok=True iters=7
20:07:04 [DEBUG] [MPC IN] path_xy0..1=[[2.45, 0.04999999999999982], [2.45, -0.04999999999999982]] theta_ref0..2=[-1.5707963267948966, -1.5707963267948966, -1.5707963267948966] weights=[5.0, 5.0, 0.1, 0.5, 0.1, 0.1] vmin_soft=0.030
20:07:04 [DEBUG] corner=0.00 vmax_loc=0.20
20:07:04 [INFO] [MPC] state=(+2.47,+0.40,-1.57) wp0=(+2.45,+0.05) v=+0.200 ω=-0.012 wp_prog=10/26 ok=True iters=7
20:07:04 [DEBUG] [MPC IN] path_xy0..1=[[2.45, 0.04999999999999982], [2.45, -0.04999999999999982]] theta_ref0..2=[-1.5707963267948966, -1.5707963267948966, -1.5707963267948966] weights=[5.0, 5.0, 0.1, 0.5, 0.1, 0.1] vmin_soft=0.030
20:07:04 [DEBUG] corner=0.00 vmax_loc=0.20
20:07:04 [INFO] [MPC] state=(+2.47,+0.38,-1.57) wp0=(+2.45,+0.05) v=+0.200 ω=-0.010 wp_prog=10/26 ok=True iters=7
20:07:04 [DEBUG] [MPC IN] path_xy0..1=[[2.45, 0.04999999999999982], [2.45, -0.04999999999999982]] theta_ref0..2=[-1.5707963267948966, -1.5707963267948966, -1.5707963267948966] weights=[5.0, 5.0, 0.1, 0.5, 0.1, 0.1] vmin_soft=0.030
20:07:04 [DEBUG] corner=0.00 vmax_loc=0.20
20:07:04 [INFO] [MPC] state=(+2.47,+0.36,-1.57) wp0=(+2.45,+0.05) v=+0.200 ω=-0.009 wp_prog=11/26 ok=True iters=7
20:07:04 [DEBUG] [MPC IN] path_xy0..1=[[2.45, 0.04999999999999982], [2.45, -0.04999999999999982]] theta_ref0..2=[-1.5707963267948966, -1.5707963267948966, -1.5707963267948966] weights=[5.0, 5.0, 0.1, 0.5, 0.1, 0.1] vmin_soft=0.030
20:07:04 [DEBUG] corner=0.00 vmax_loc=0.20
20:07:04 [INFO] [MPC] state=(+2.47,+0.34,-1.57) wp0=(+2.45,-0.15) v=+0.200 ω=-0.006 wp_prog=11/26 ok=True iters=7
20:07:04 [DEBUG] [MPC IN] path_xy0..1=[[2.45, -0.15000000000000036], [2.45, -0.25]] theta_ref0..2=[-1.5707963267948966, -1.5707963267948966, -1.5707963267948966] weights=[5.0, 5.0, 0.1, 0.5, 0.1, 0.1] vmin_soft=0.030
20:07:04 [DEBUG] corner=0.00 vmax_loc=0.20
20:07:04 [INFO] [MPC] state=(+2.47,+0.32,-1.57) wp0=(+2.45,-0.15) v=+0.200 ω=-0.004 wp_prog=11/26 ok=True iters=7
20:07:04 [DEBUG] [MPC IN] path_xy0..1=[[2.45, -0.15000000000000036], [2.45, -0.25]] theta_ref0..2=[-1.5707963267948966, -1.5707963267948966, -1.5707963267948966] weights=[5.0, 5.0, 0.1, 0.5, 0.1, 0.1] vmin_soft=0.030
20:07:04 [DEBUG] corner=0.00 vmax_loc=0.20
20:07:04 [INFO] [MPC] state=(+2.47,+0.30,-1.57) wp0=(+2.45,-0.15) v=+0.200 ω=-0.003 wp_prog=11/26 ok=True iters=7
20:07:04 [DEBUG] [MPC IN] path_xy0..1=[[2.45, -0.15000000000000036], [2.45, -0.25]] theta_ref0..2=[-1.5707963267948966, -1.5707963267948966, -1.5707963267948966] weights=[5.0, 5.0, 0.1, 0.5, 0.1, 0.1] vmin_soft=0.030
20:07:04 [DEBUG] corner=0.00 vmax_loc=0.20
20:07:04 [INFO] [MPC] state=(+2.47,+0.28,-1.57) wp0=(+2.45,-0.15) v=+0.200 ω=-0.001 wp_prog=11/26 ok=True iters=7
20:07:04 [DEBUG] [MPC IN] path_xy0..1=[[2.45, -0.15000000000000036], [2.45, -0.25]] theta_ref0..2=[-1.5707963267948966, -1.5707963267948966, -1.5707963267948966] weights=[5.0, 5.0, 0.1, 0.5, 0.1, 0.1] vmin_soft=0.030
20:07:04 [DEBUG] corner=0.00 vmax_loc=0.20
20:07:04 [INFO] [MPC] state=(+2.47,+0.26,-1.57) wp0=(+2.45,-0.15) v=+0.200 ω=+0.001 wp_prog=12/26 ok=True iters=7
20:07:04 [DEBUG] [MPC IN] path_xy0..1=[[2.45, -0.15000000000000036], [2.45, -0.25]] theta_ref0..2=[-1.5707963267948966, -1.5707963267948966, -1.5707963267948966] weights=[5.0, 5.0, 0.1, 0.5, 0.1, 0.1] vmin_soft=0.030
20:07:04 [DEBUG] corner=0.00 vmax_loc=0.20
20:07:04 [INFO] [MPC] state=(+2.47,+0.24,-1.57) wp0=(+2.45,-0.15) v=+0.200 ω=+0.002 wp_prog=12/26 ok=True iters=7
20:07:04 [DEBUG] [MPC IN] path_xy0..1=[[2.45, -0.15000000000000036], [2.45, -0.25]] theta_ref0..2=[-1.5707963267948966, -1.5707963267948966, -1.5707963267948966] weights=[5.0, 5.0, 0.1, 0.5, 0.1, 0.1] vmin_soft=0.030
20:07:04 [DEBUG] corner=0.00 vmax_loc=0.20
20:07:04 [INFO] [MPC] state=(+2.47,+0.22,-1.57) wp0=(+2.45,-0.15) v=+0.200 ω=+0.003 wp_prog=12/26 ok=True iters=7
20:07:04 [DEBUG] [MPC IN] path_xy0..1=[[2.45, -0.15000000000000036], [2.45, -0.25]] theta_ref0..2=[-1.5707963267948966, -1.5707963267948966, -1.5707963267948966] weights=[5.0, 5.0, 0.1, 0.5, 0.1, 0.1] vmin_soft=0.030
20:07:04 [DEBUG] corner=0.00 vmax_loc=0.20
20:07:04 [INFO] [MPC] state=(+2.47,+0.20,-1.57) wp0=(+2.45,-0.15) v=+0.200 ω=+0.004 wp_prog=12/26 ok=True iters=7
20:07:04 [DEBUG] [MPC IN] path_xy0..1=[[2.45, -0.15000000000000036], [2.45, -0.25]] theta_ref0..2=[-1.5707963267948966, -1.5707963267948966, -1.5707963267948966] weights=[5.0, 5.0, 0.1, 0.5, 0.1, 0.1] vmin_soft=0.030
20:07:04 [DEBUG] corner=0.00 vmax_loc=0.20
20:07:04 [INFO] [MPC] state=(+2.47,+0.18,-1.57) wp0=(+2.45,-0.15) v=+0.200 ω=+0.004 wp_prog=12/26 ok=True iters=7
20:07:04 [DEBUG] [MPC IN] path_xy0..1=[[2.45, -0.15000000000000036], [2.45, -0.25]] theta_ref0..2=[-1.5707963267948966, -1.5707963267948966, -1.5707963267948966] weights=[5.0, 5.0, 0.1, 0.5, 0.1, 0.1] vmin_soft=0.030
20:07:04 [DEBUG] corner=0.00 vmax_loc=0.20
20:07:04 [INFO] [MPC] state=(+2.47,+0.16,-1.57) wp0=(+2.45,-0.15) v=+0.200 ω=+0.004 wp_prog=13/26 ok=True iters=7
20:07:04 [DEBUG] [MPC IN] path_xy0..1=[[2.45, -0.15000000000000036], [2.45, -0.25]] theta_ref0..2=[-1.5707963267948966, -1.5707963267948966, -1.5707963267948966] weights=[5.0, 5.0, 0.1, 0.5, 0.1, 0.1] vmin_soft=0.030
20:07:04 [DEBUG] corner=0.00 vmax_loc=0.20
20:07:04 [INFO] [MPC] state=(+2.47,+0.14,-1.57) wp0=(+2.45,-0.35) v=+0.200 ω=+0.004 wp_prog=13/26 ok=True iters=7
20:07:04 [DEBUG] [MPC IN] path_xy0..1=[[2.45, -0.35000000000000053], [2.45, -0.4500000000000002]] theta_ref0..2=[-1.5707963267948966, -1.5707963267948966, -1.5707963267948966] weights=[5.0, 5.0, 0.1, 0.5, 0.1, 0.1] vmin_soft=0.030
20:07:04 [DEBUG] corner=0.00 vmax_loc=0.20
20:07:04 [INFO] [MPC] state=(+2.47,+0.12,-1.57) wp0=(+2.45,-0.35) v=+0.200 ω=+0.003 wp_prog=13/26 ok=True iters=7
20:07:04 [DEBUG] [MPC IN] path_xy0..1=[[2.45, -0.35000000000000053], [2.45, -0.4500000000000002]] theta_ref0..2=[-1.5707963267948966, -1.5707963267948966, -1.5707963267948966] weights=[5.0, 5.0, 0.1, 0.5, 0.1, 0.1] vmin_soft=0.030
20:07:04 [DEBUG] corner=0.00 vmax_loc=0.20
20:07:04 [INFO] [MPC] state=(+2.47,+0.10,-1.57) wp0=(+2.45,-0.35) v=+0.200 ω=+0.002 wp_prog=13/26 ok=True iters=7
20:07:04 [DEBUG] [MPC IN] path_xy0..1=[[2.45, -0.35000000000000053], [2.45, -0.4500000000000002]] theta_ref0..2=[-1.5707963267948966, -1.5707963267948966, -1.5707963267948966] weights=[5.0, 5.0, 0.1, 0.5, 0.1, 0.1] vmin_soft=0.030
20:07:04 [DEBUG] corner=0.00 vmax_loc=0.20
20:07:04 [INFO] [MPC] state=(+2.47,+0.08,-1.57) wp0=(+2.45,-0.35) v=+0.200 ω=+0.001 wp_prog=13/26 ok=True iters=7
20:07:04 [DEBUG] [MPC IN] path_xy0..1=[[2.45, -0.35000000000000053], [2.45, -0.4500000000000002]] theta_ref0..2=[-1.5707963267948966, -1.5707963267948966, -1.5707963267948966] weights=[5.0, 5.0, 0.1, 0.5, 0.1, 0.1] vmin_soft=0.030
20:07:04 [DEBUG] corner=0.00 vmax_loc=0.20
20:07:04 [INFO] [MPC] state=(+2.47,+0.06,-1.57) wp0=(+2.45,-0.35) v=+0.200 ω=-0.000 wp_prog=14/26 ok=True iters=7
20:07:04 [DEBUG] [MPC IN] path_xy0..1=[[2.45, -0.35000000000000053], [2.45, -0.4500000000000002]] theta_ref0..2=[-1.5707963267948966, -1.5707963267948966, -1.5707963267948966] weights=[5.0, 5.0, 0.1, 0.5, 0.1, 0.1] vmin_soft=0.030
20:07:04 [DEBUG] corner=0.00 vmax_loc=0.20
20:07:04 [INFO] [MPC] state=(+2.47,+0.04,-1.57) wp0=(+2.45,-0.35) v=+0.200 ω=-0.001 wp_prog=14/26 ok=True iters=7
20:07:04 [DEBUG] [MPC IN] path_xy0..1=[[2.45, -0.35000000000000053], [2.45, -0.4500000000000002]] theta_ref0..2=[-1.5707963267948966, -1.5707963267948966, -1.5707963267948966] weights=[5.0, 5.0, 0.1, 0.5, 0.1, 0.1] vmin_soft=0.030
20:07:04 [DEBUG] corner=0.00 vmax_loc=0.20
20:07:04 [INFO] [MPC] state=(+2.47,+0.02,-1.57) wp0=(+2.45,-0.35) v=+0.200 ω=-0.002 wp_prog=14/26 ok=True iters=7
20:07:04 [DEBUG] [MPC IN] path_xy0..1=[[2.45, -0.35000000000000053], [2.45, -0.4500000000000002]] theta_ref0..2=[-1.5707963267948966, -1.5707963267948966, -1.5707963267948966] weights=[5.0, 5.0, 0.1, 0.5, 0.1, 0.1] vmin_soft=0.030
20:07:04 [DEBUG] corner=0.00 vmax_loc=0.20
20:07:04 [INFO] [MPC] state=(+2.47,-0.00,-1.57) wp0=(+2.45,-0.35) v=+0.200 ω=-0.003 wp_prog=14/26 ok=True iters=7
20:07:04 [DEBUG] [MPC IN] path_xy0..1=[[2.45, -0.35000000000000053], [2.45, -0.4500000000000002]] theta_ref0..2=[-1.5707963267948966, -1.5707963267948966, -1.5707963267948966] weights=[5.0, 5.0, 0.1, 0.5, 0.1, 0.1] vmin_soft=0.030
20:07:04 [DEBUG] corner=0.00 vmax_loc=0.20
20:07:04 [INFO] [MPC] state=(+2.47,-0.02,-1.57) wp0=(+2.45,-0.35) v=+0.200 ω=-0.004 wp_prog=14/26 ok=True iters=7
20:07:04 [DEBUG] [MPC IN] path_xy0..1=[[2.45, -0.35000000000000053], [2.45, -0.4500000000000002]] theta_ref0..2=[-1.5707963267948966, -1.5707963267948966, -1.5707963267948966] weights=[5.0, 5.0, 0.1, 0.5, 0.1, 0.1] vmin_soft=0.030
20:07:04 [DEBUG] corner=0.00 vmax_loc=0.20
20:07:04 [INFO] [MPC] state=(+2.47,-0.05,-1.57) wp0=(+2.45,-0.35) v=+0.200 ω=-0.004 wp_prog=15/26 ok=True iters=7
20:07:04 [DEBUG] [MPC IN] path_xy0..1=[[2.45, -0.35000000000000053], [2.45, -0.4500000000000002]] theta_ref0..2=[-1.5707963267948966, -1.5707963267948966, -1.5707963267948966] weights=[5.0, 5.0, 0.1, 0.5, 0.1, 0.1] vmin_soft=0.030
20:07:04 [DEBUG] corner=0.00 vmax_loc=0.20
20:07:04 [INFO] [MPC] state=(+2.47,-0.07,-1.57) wp0=(+2.45,-0.45) v=+0.200 ω=-0.005 wp_prog=15/26 ok=True iters=7
20:07:04 [DEBUG] [MPC IN] path_xy0..1=[[2.45, -0.4500000000000002], [2.45, -0.5499999999999998]] theta_ref0..2=[-1.5707963267948966, -1.5707963267948966, -1.5707963267948966] weights=[5.0, 5.0, 0.1, 0.5, 0.1, 0.1] vmin_soft=0.030
20:07:04 [DEBUG] corner=0.00 vmax_loc=0.20
20:07:04 [INFO] [MPC] state=(+2.47,-0.09,-1.57) wp0=(+2.45,-0.45) v=+0.200 ω=-0.005 wp_prog=15/26 ok=True iters=7
20:07:04 [DEBUG] [MPC IN] path_xy0..1=[[2.45, -0.4500000000000002], [2.45, -0.5499999999999998]] theta_ref0..2=[-1.5707963267948966, -1.5707963267948966, -1.5707963267948966] weights=[5.0, 5.0, 0.1, 0.5, 0.1, 0.1] vmin_soft=0.030
20:07:04 [DEBUG] corner=0.00 vmax_loc=0.20
20:07:04 [INFO] [MPC] state=(+2.47,-0.11,-1.57) wp0=(+2.45,-0.45) v=+0.200 ω=-0.005 wp_prog=15/26 ok=True iters=7
20:07:04 [DEBUG] [MPC IN] path_xy0..1=[[2.45, -0.4500000000000002], [2.45, -0.5499999999999998]] theta_ref0..2=[-1.5707963267948966, -1.5707963267948966, -1.5707963267948966] weights=[5.0, 5.0, 0.1, 0.5, 0.1, 0.1] vmin_soft=0.030
20:07:04 [DEBUG] corner=0.00 vmax_loc=0.20
20:07:04 [INFO] [MPC] state=(+2.47,-0.13,-1.57) wp0=(+2.45,-0.45) v=+0.200 ω=-0.005 wp_prog=15/26 ok=True iters=7
20:07:04 [DEBUG] [MPC IN] path_xy0..1=[[2.45, -0.4500000000000002], [2.45, -0.5499999999999998]] theta_ref0..2=[-1.5707963267948966, -1.5707963267948966, -1.5707963267948966] weights=[5.0, 5.0, 0.1, 0.5, 0.1, 0.1] vmin_soft=0.030
20:07:05 [DEBUG] corner=0.00 vmax_loc=0.20
20:07:05 [INFO] [MPC] state=(+2.47,-0.15,-1.57) wp0=(+2.45,-0.45) v=+0.200 ω=-0.005 wp_prog=16/26 ok=True iters=7
20:07:05 [DEBUG] [MPC IN] path_xy0..1=[[2.45, -0.4500000000000002], [2.45, -0.5499999999999998]] theta_ref0..2=[-1.5707963267948966, -1.5707963267948966, -1.5707963267948966] weights=[5.0, 5.0, 0.1, 0.5, 0.1, 0.1] vmin_soft=0.030
20:07:05 [DEBUG] corner=0.00 vmax_loc=0.20
20:07:05 [INFO] [MPC] state=(+2.47,-0.17,-1.57) wp0=(+2.45,-0.65) v=+0.200 ω=-0.004 wp_prog=16/26 ok=True iters=7
20:07:05 [DEBUG] [MPC IN] path_xy0..1=[[2.45, -0.6500000000000004], [2.45, -0.75]] theta_ref0..2=[-1.5707963267948966, -1.5707963267948966, -1.5707963267948966] weights=[5.0, 5.0, 0.1, 0.5, 0.1, 0.1] vmin_soft=0.030
20:07:05 [DEBUG] corner=0.00 vmax_loc=0.20
20:07:05 [INFO] [MPC] state=(+2.47,-0.19,-1.57) wp0=(+2.45,-0.65) v=+0.200 ω=-0.004 wp_prog=16/26 ok=True iters=7
20:07:05 [DEBUG] [MPC IN] path_xy0..1=[[2.45, -0.6500000000000004], [2.45, -0.75]] theta_ref0..2=[-1.5707963267948966, -1.5707963267948966, -1.5707963267948966] weights=[5.0, 5.0, 0.1, 0.5, 0.1, 0.1] vmin_soft=0.030
20:07:05 [DEBUG] corner=0.00 vmax_loc=0.20
20:07:05 [INFO] [MPC] state=(+2.47,-0.21,-1.57) wp0=(+2.45,-0.65) v=+0.200 ω=-0.003 wp_prog=16/26 ok=True iters=7
20:07:05 [DEBUG] [MPC IN] path_xy0..1=[[2.45, -0.6500000000000004], [2.45, -0.75]] theta_ref0..2=[-1.5707963267948966, -1.5707963267948966, -1.5707963267948966] weights=[5.0, 5.0, 0.1, 0.5, 0.1, 0.1] vmin_soft=0.030
20:07:05 [DEBUG] corner=0.00 vmax_loc=0.20
20:07:05 [INFO] [MPC] state=(+2.47,-0.23,-1.57) wp0=(+2.45,-0.65) v=+0.200 ω=-0.003 wp_prog=16/26 ok=True iters=7
20:07:05 [DEBUG] [MPC IN] path_xy0..1=[[2.45, -0.6500000000000004], [2.45, -0.75]] theta_ref0..2=[-1.5707963267948966, -1.5707963267948966, -1.5707963267948966] weights=[5.0, 5.0, 0.1, 0.5, 0.1, 0.1] vmin_soft=0.030
20:07:05 [DEBUG] corner=0.00 vmax_loc=0.20
20:07:05 [INFO] [MPC] state=(+2.47,-0.25,-1.57) wp0=(+2.45,-0.65) v=+0.200 ω=-0.003 wp_prog=17/26 ok=True iters=7
20:07:05 [DEBUG] [MPC IN] path_xy0..1=[[2.45, -0.6500000000000004], [2.45, -0.75]] theta_ref0..2=[-1.5707963267948966, -1.5707963267948966, -1.5707963267948966] weights=[5.0, 5.0, 0.1, 0.5, 0.1, 0.1] vmin_soft=0.030
20:07:05 [DEBUG] corner=0.00 vmax_loc=0.20
20:07:05 [INFO] [MPC] state=(+2.47,-0.27,-1.57) wp0=(+2.45,-0.65) v=+0.200 ω=-0.002 wp_prog=17/26 ok=True iters=6
20:07:05 [DEBUG] [MPC IN] path_xy0..1=[[2.45, -0.6500000000000004], [2.45, -0.75]] theta_ref0..2=[-1.5707963267948966, -1.5707963267948966, -1.5707963267948966] weights=[5.0, 5.0, 0.1, 0.5, 0.1, 0.1] vmin_soft=0.030
20:07:05 [DEBUG] corner=0.00 vmax_loc=0.20
20:07:05 [INFO] [MPC] state=(+2.47,-0.29,-1.57) wp0=(+2.45,-0.65) v=+0.200 ω=-0.002 wp_prog=17/26 ok=True iters=6
20:07:05 [DEBUG] [MPC IN] path_xy0..1=[[2.45, -0.6500000000000004], [2.45, -0.75]] theta_ref0..2=[-1.5707963267948966, -1.5707963267948966, -1.5707963267948966] weights=[5.0, 5.0, 0.1, 0.5, 0.1, 0.1] vmin_soft=0.030
20:07:05 [DEBUG] corner=0.00 vmax_loc=0.20
20:07:05 [INFO] [MPC] state=(+2.47,-0.31,-1.57) wp0=(+2.45,-0.65) v=+0.200 ω=-0.001 wp_prog=17/26 ok=True iters=6
20:07:05 [DEBUG] [MPC IN] path_xy0..1=[[2.45, -0.6500000000000004], [2.45, -0.75]] theta_ref0..2=[-1.5707963267948966, -1.5707963267948966, -1.5707963267948966] weights=[5.0, 5.0, 0.1, 0.5, 0.1, 0.1] vmin_soft=0.030
20:07:05 [DEBUG] corner=0.00 vmax_loc=0.20
20:07:05 [INFO] [MPC] state=(+2.47,-0.33,-1.57) wp0=(+2.45,-0.65) v=+0.200 ω=-0.001 wp_prog=17/26 ok=True iters=6
20:07:05 [DEBUG] [MPC IN] path_xy0..1=[[2.45, -0.6500000000000004], [2.45, -0.75]] theta_ref0..2=[-1.5707963267948966, -1.5707963267948966, -1.5707963267948966] weights=[5.0, 5.0, 0.1, 0.5, 0.1, 0.1] vmin_soft=0.030
20:07:05 [DEBUG] corner=0.00 vmax_loc=0.20
20:07:05 [INFO] [MPC] state=(+2.47,-0.35,-1.57) wp0=(+2.45,-0.65) v=+0.200 ω=-0.001 wp_prog=18/26 ok=True iters=6
20:07:05 [DEBUG] [MPC IN] path_xy0..1=[[2.45, -0.6500000000000004], [2.45, -0.75]] theta_ref0..2=[-1.5707963267948966, -1.5707963267948966, -1.5707963267948966] weights=[5.0, 5.0, 0.1, 0.5, 0.1, 0.1] vmin_soft=0.030
20:07:05 [DEBUG] corner=0.00 vmax_loc=0.20
20:07:05 [INFO] [MPC] state=(+2.47,-0.37,-1.57) wp0=(+2.45,-0.85) v=+0.200 ω=-0.001 wp_prog=18/26 ok=True iters=6
20:07:05 [DEBUG] [MPC IN] path_xy0..1=[[2.45, -0.8500000000000005], [2.45, -0.9500000000000002]] theta_ref0..2=[-1.5707963267948966, -1.5707963267948966, -1.5707963267948966] weights=[5.0, 5.0, 0.1, 0.5, 0.1, 0.1] vmin_soft=0.030
20:07:05 [DEBUG] corner=0.00 vmax_loc=0.20
20:07:05 [INFO] [MPC] state=(+2.47,-0.39,-1.57) wp0=(+2.45,-0.85) v=+0.200 ω=-0.001 wp_prog=18/26 ok=True iters=6
20:07:05 [DEBUG] [MPC IN] path_xy0..1=[[2.45, -0.8500000000000005], [2.45, -0.9500000000000002]] theta_ref0..2=[-1.5707963267948966, -1.5707963267948966, -1.5707963267948966] weights=[5.0, 5.0, 0.1, 0.5, 0.1, 0.1] vmin_soft=0.030
20:07:05 [DEBUG] corner=0.00 vmax_loc=0.20
20:07:05 [INFO] [MPC] state=(+2.47,-0.41,-1.57) wp0=(+2.45,-0.85) v=+0.200 ω=-0.001 wp_prog=18/26 ok=True iters=6
20:07:05 [DEBUG] [MPC IN] path_xy0..1=[[2.45, -0.8500000000000005], [2.45, -0.9500000000000002]] theta_ref0..2=[-1.5707963267948966, -1.5707963267948966, -1.5707963267948966] weights=[5.0, 5.0, 0.1, 0.5, 0.1, 0.1] vmin_soft=0.030
20:07:05 [DEBUG] corner=0.00 vmax_loc=0.20
20:07:05 [INFO] [MPC] state=(+2.47,-0.43,-1.57) wp0=(+2.45,-0.85) v=+0.200 ω=-0.001 wp_prog=19/26 ok=True iters=6
20:07:05 [DEBUG] [MPC IN] path_xy0..1=[[2.45, -0.8500000000000005], [2.45, -0.9500000000000002]] theta_ref0..2=[-1.5707963267948966, -1.5707963267948966, -1.5707963267948966] weights=[5.0, 5.0, 0.1, 0.5, 0.1, 0.1] vmin_soft=0.030
20:07:05 [DEBUG] corner=0.00 vmax_loc=0.20
20:07:05 [INFO] [MPC] state=(+2.47,-0.45,-1.57) wp0=(+2.45,-0.85) v=+0.200 ω=-0.001 wp_prog=19/26 ok=True iters=6
20:07:05 [DEBUG] [MPC IN] path_xy0..1=[[2.45, -0.8500000000000005], [2.45, -0.9500000000000002]] theta_ref0..2=[-1.5707963267948966, -1.5707963267948966, -1.5707963267948966] weights=[5.0, 5.0, 0.1, 0.5, 0.1, 0.1] vmin_soft=0.030
20:07:05 [DEBUG] corner=0.00 vmax_loc=0.20
20:07:05 [INFO] [MPC] state=(+2.47,-0.47,-1.57) wp0=(+2.45,-0.85) v=+0.200 ω=-0.001 wp_prog=19/26 ok=True iters=6
20:07:05 [DEBUG] [MPC IN] path_xy0..1=[[2.45, -0.8500000000000005], [2.45, -0.9500000000000002]] theta_ref0..2=[-1.5707963267948966, -1.5707963267948966, -1.5707963267948966] weights=[5.0, 5.0, 0.1, 0.5, 0.1, 0.1] vmin_soft=0.030
20:07:05 [DEBUG] corner=0.00 vmax_loc=0.20
20:07:05 [INFO] [MPC] state=(+2.47,-0.49,-1.57) wp0=(+2.45,-0.85) v=+0.200 ω=-0.001 wp_prog=19/26 ok=True iters=6
20:07:05 [DEBUG] [MPC IN] path_xy0..1=[[2.45, -0.8500000000000005], [2.45, -0.9500000000000002]] theta_ref0..2=[-1.5707963267948966, -1.5707963267948966, -1.5707963267948966] weights=[5.0, 5.0, 0.1, 0.5, 0.1, 0.1] vmin_soft=0.030
20:07:05 [DEBUG] corner=0.00 vmax_loc=0.20
20:07:05 [INFO] [MPC] state=(+2.47,-0.51,-1.57) wp0=(+2.45,-0.85) v=+0.200 ω=-0.001 wp_prog=19/26 ok=True iters=6
20:07:05 [DEBUG] [MPC IN] path_xy0..1=[[2.45, -0.8500000000000005], [2.45, -0.9500000000000002]] theta_ref0..2=[-1.5707963267948966, -1.5707963267948966, -1.5707963267948966] weights=[5.0, 5.0, 0.1, 0.5, 0.1, 0.1] vmin_soft=0.030
20:07:05 [DEBUG] corner=0.00 vmax_loc=0.20
20:07:05 [INFO] [MPC] state=(+2.47,-0.53,-1.57) wp0=(+2.45,-0.85) v=+0.200 ω=-0.001 wp_prog=20/26 ok=True iters=6
20:07:05 [DEBUG] [MPC IN] path_xy0..1=[[2.45, -0.8500000000000005], [2.45, -0.9500000000000002]] theta_ref0..2=[-1.5707963267948966, -1.5707963267948966, -1.5707963267948966] weights=[5.0, 5.0, 0.1, 0.5, 0.1, 0.1] vmin_soft=0.030
20:07:05 [DEBUG] corner=0.09 vmax_loc=0.17
20:07:05 [INFO] [MPC] state=(+2.47,-0.55,-1.57) wp0=(+2.45,-0.95) v=+0.173 ω=+0.000 wp_prog=20/26 ok=True iters=6
20:07:05 [DEBUG] [MPC IN] path_xy0..1=[[2.45, -0.9500000000000002], [2.45, -1.0500000000000007]] theta_ref0..2=[-1.5707963267948966, -1.5707963267948966, -1.4832963267948966] weights=[5.0, 5.0, 0.1, 0.5, 0.1, 0.1] vmin_soft=0.030
20:07:05 [DEBUG] corner=0.11 vmax_loc=0.17
20:07:05 [INFO] [MPC] state=(+2.47,-0.57,-1.57) wp0=(+2.45,-0.95) v=+0.168 ω=+0.000 wp_prog=20/26 ok=True iters=6
20:07:05 [DEBUG] [MPC IN] path_xy0..1=[[2.45, -0.9500000000000002], [2.45, -1.0500000000000007]] theta_ref0..2=[-1.5707963267948966, -1.5707963267948966, -1.4614213267948966] weights=[5.0, 5.0, 0.1, 0.5, 0.1, 0.1] vmin_soft=0.030
20:07:05 [DEBUG] corner=0.11 vmax_loc=0.17
20:07:05 [INFO] [MPC] state=(+2.47,-0.59,-1.57) wp0=(+2.45,-0.95) v=+0.167 ω=+0.000 wp_prog=20/26 ok=True iters=6
20:07:05 [DEBUG] [MPC IN] path_xy0..1=[[2.45, -0.9500000000000002], [2.45, -1.0500000000000007]] theta_ref0..2=[-1.5707963267948966, -1.5707963267948966, -1.4559525767948966] weights=[5.0, 5.0, 0.1, 0.5, 0.1, 0.1] vmin_soft=0.030
20:07:05 [DEBUG] corner=0.12 vmax_loc=0.17
20:07:05 [INFO] [MPC] state=(+2.47,-0.60,-1.57) wp0=(+2.45,-0.95) v=+0.166 ω=-0.001 wp_prog=20/26 ok=True iters=6
20:07:05 [DEBUG] [MPC IN] path_xy0..1=[[2.45, -0.9500000000000002], [2.45, -1.0500000000000007]] theta_ref0..2=[-1.5707963267948966, -1.5707963267948966, -1.4545853892948966] weights=[5.0, 5.0, 0.1, 0.5, 0.1, 0.1] vmin_soft=0.030
20:07:05 [DEBUG] corner=0.12 vmax_loc=0.17
20:07:05 [INFO] [MPC] state=(+2.47,-0.62,-1.57) wp0=(+2.45,-0.95) v=+0.166 ω=-0.001 wp_prog=20/26 ok=True iters=6
20:07:05 [DEBUG] [MPC IN] path_xy0..1=[[2.45, -0.9500000000000002], [2.45, -1.0500000000000007]] theta_ref0..2=[-1.5707963267948966, -1.5707963267948966, -1.4542435924198966] weights=[5.0, 5.0, 0.1, 0.5, 0.1, 0.1] vmin_soft=0.030
20:07:05 [DEBUG] corner=0.12 vmax_loc=0.17
20:07:05 [INFO] [MPC] state=(+2.47,-0.64,-1.57) wp0=(+2.45,-0.95) v=+0.166 ω=-0.002 wp_prog=21/26 ok=True iters=6
20:07:05 [DEBUG] [MPC IN] path_xy0..1=[[2.45, -0.9500000000000002], [2.45, -1.0500000000000007]] theta_ref0..2=[-1.5707963267948966, -1.5707963267948966, -1.4541581432011466] weights=[5.0, 5.0, 0.1, 0.5, 0.1, 0.1] vmin_soft=0.030
20:07:05 [DEBUG] corner=0.09 vmax_loc=0.17
20:07:05 [INFO] [MPC] state=(+2.47,-0.65,-1.57) wp0=(+2.45,-1.05) v=+0.171 ω=+0.002 wp_prog=21/26 ok=True iters=7
20:07:05 [DEBUG] [MPC IN] path_xy0..1=[[2.45, -1.0500000000000007], [2.45, -1.1500000000000004]] theta_ref0..2=[-1.5707963267948966, -1.4832963267948966, -1.388511780896459] weights=[5.0, 5.0, 0.1, 0.5, 0.1, 0.1] vmin_soft=0.030
20:07:05 [DEBUG] corner=0.11 vmax_loc=0.17
20:07:05 [INFO] [MPC] state=(+2.47,-0.67,-1.57) wp0=(+2.45,-1.05) v=+0.168 ω=+0.002 wp_prog=21/26 ok=True iters=6
20:07:05 [DEBUG] [MPC IN] path_xy0..1=[[2.45, -1.0500000000000007], [2.45, -1.1500000000000004]] theta_ref0..2=[-1.5707963267948966, -1.4614213267948966, -1.3556939403202872] weights=[5.0, 5.0, 0.1, 0.5, 0.1, 0.1] vmin_soft=0.030
20:07:05 [DEBUG] corner=0.11 vmax_loc=0.17
20:07:05 [INFO] [MPC] state=(+2.47,-0.69,-1.57) wp0=(+2.45,-1.05) v=+0.167 ω=+0.001 wp_prog=21/26 ok=True iters=7
20:07:05 [DEBUG] [MPC IN] path_xy0..1=[[2.45, -1.0500000000000007], [2.45, -1.1500000000000004]] theta_ref0..2=[-1.5707963267948966, -1.4559525767948966, -1.3433879176762442] weights=[5.0, 5.0, 0.1, 0.5, 0.1, 0.1] vmin_soft=0.030
20:07:05 [DEBUG] corner=0.12 vmax_loc=0.17
20:07:05 [INFO] [MPC] state=(+2.47,-0.71,-1.57) wp0=(+2.45,-1.05) v=+0.166 ω=+0.000 wp_prog=21/26 ok=True iters=7
20:07:05 [DEBUG] [MPC IN] path_xy0..1=[[2.45, -1.0500000000000007], [2.45, -1.1500000000000004]] theta_ref0..2=[-1.5707963267948966, -1.4545853892948966, -1.3392860213902336] weights=[5.0, 5.0, 0.1, 0.5, 0.1, 0.1] vmin_soft=0.030
20:07:05 [DEBUG] corner=0.12 vmax_loc=0.17
20:07:05 [INFO] [MPC] state=(+2.47,-0.72,-1.57) wp0=(+2.45,-1.05) v=+0.166 ω=-0.001 wp_prog=21/26 ok=True iters=7
20:07:05 [DEBUG] [MPC IN] path_xy0..1=[[2.45, -1.0500000000000007], [2.45, -1.1500000000000004]] theta_ref0..2=[-1.5707963267948966, -1.4542435924198966, -1.338004199662481] weights=[5.0, 5.0, 0.1, 0.5, 0.1, 0.1] vmin_soft=0.030
20:07:05 [DEBUG] corner=0.12 vmax_loc=0.17
20:07:05 [INFO] [MPC] state=(+2.47,-0.74,-1.57) wp0=(+2.45,-1.05) v=+0.166 ω=-0.002 wp_prog=22/26 ok=True iters=7
20:07:05 [DEBUG] [MPC IN] path_xy0..1=[[2.45, -1.0500000000000007], [2.45, -1.1500000000000004]] theta_ref0..2=[-1.5707963267948966, -1.4541581432011466, -1.33761965731648] weights=[5.0, 5.0, 0.1, 0.5, 0.1, 0.1] vmin_soft=0.030
20:07:05 [DEBUG] corner=0.10 vmax_loc=0.17
20:07:05 [INFO] [MPC] state=(+2.47,-0.76,-1.57) wp0=(+2.45,-1.15) v=+0.170 ω=-0.001 wp_prog=22/26 ok=True iters=7
20:07:05 [DEBUG] [MPC IN] path_xy0..1=[[2.45, -1.1500000000000004], [2.45, -1.1500000000000004]] theta_ref0..2=[-1.4832963267948966, -1.388511780896459, -1.2882887500014644] weights=[5.0, 5.0, 0.1, 0.5, 0.1, 0.1] vmin_soft=0.030
20:07:05 [DEBUG] corner=0.09 vmax_loc=0.17
20:07:05 [INFO] [MPC] state=(+2.47,-0.77,-1.57) wp0=(+2.45,-1.15) v=+0.172 ω=+0.002 wp_prog=22/26 ok=True iters=7
20:07:05 [DEBUG] [MPC IN] path_xy0..1=[[2.45, -1.1500000000000004], [2.45, -1.1500000000000004]] theta_ref0..2=[-1.3957963267948967, -1.3064751903202874, -1.2144285802405816] weights=[5.0, 5.0, 0.1, 0.5, 0.1, 0.1] vmin_soft=0.030
20:07:05 [DEBUG] corner=0.09 vmax_loc=0.17
20:07:05 [INFO] [MPC] state=(+2.47,-0.79,-1.57) wp0=(+2.45,-1.15) v=+0.173 ω=+0.004 wp_prog=22/26 ok=True iters=7
20:07:05 [DEBUG] [MPC IN] path_xy0..1=[[2.45, -1.1500000000000004], [2.45, -1.1500000000000004]] theta_ref0..2=[-1.3082963267948968, -1.2203410426762444, -1.1313629270673289] weights=[5.0, 5.0, 0.1, 0.5, 0.1, 0.1] vmin_soft=0.030
20:07:05 [DEBUG] corner=0.09 vmax_loc=0.17
20:07:05 [INFO] [MPC] state=(+2.47,-0.81,-1.57) wp0=(+2.45,-1.15) v=+0.173 ω=+0.006 wp_prog=22/26 ok=True iters=7
20:07:05 [DEBUG] [MPC IN] path_xy0..1=[[2.45, -1.1500000000000004], [2.45, -1.1500000000000004]] theta_ref0..2=[-1.220796326794897, -1.1331825057652338, -1.0452276110907577] weights=[5.0, 5.0, 0.1, 0.5, 0.1, 0.1] vmin_soft=0.030
20:07:05 [DEBUG] corner=0.09 vmax_loc=0.17
20:07:05 [INFO] [MPC] state=(+2.47,-0.83,-1.57) wp0=(+2.45,-1.15) v=+0.173 ω=+0.008 wp_prog=22/26 ok=True iters=7
20:07:05 [DEBUG] [MPC IN] path_xy0..1=[[2.45, -1.1500000000000004], [2.45, -1.1500000000000004]] theta_ref0..2=[-1.133296326794897, -1.0457678715374812, -0.9581328064258003] weights=[5.0, 5.0, 0.1, 0.5, 0.1, 0.1] vmin_soft=0.030
20:07:05 [DEBUG] corner=0.09 vmax_loc=0.17
20:07:05 [INFO] [MPC] state=(+2.48,-0.84,-1.57) wp0=(+2.45,-1.15) v=+0.173 ω=+0.009 wp_prog=23/26 ok=True iters=8
20:07:05 [DEBUG] [MPC IN] path_xy0..1=[[2.45, -1.1500000000000004], [2.45, -1.1500000000000004]] theta_ref0..2=[-1.045796326794897, -0.9582892129805431, -0.8707501113418574] weights=[5.0, 5.0, 0.1, 0.5, 0.1, 0.1] vmin_soft=0.030
20:07:05 [DEBUG] corner=0.09 vmax_loc=0.17
20:07:05 [INFO] [MPC] state=(+2.48,-0.86,-1.57) wp0=(+2.45,-1.15) v=+0.173 ω=+0.009 wp_prog=23/26 ok=True iters=8
20:07:05 [DEBUG] [MPC IN] path_xy0..1=[[2.45, -1.1500000000000004], [2.45, -1.1500000000000004]] theta_ref0..2=[-0.9582963267948971, -0.8707945483413085, -0.7832834390914457] weights=[5.0, 5.0, 0.1, 0.5, 0.1, 0.1] vmin_soft=0.030
20:07:05 [DEBUG] corner=0.09 vmax_loc=0.17
20:07:05 [INFO] [MPC] state=(+2.48,-0.88,-1.56) wp0=(+2.45,-1.15) v=+0.173 ω=+0.009 wp_prog=23/26 ok=True iters=8
20:07:05 [DEBUG] [MPC IN] path_xy0..1=[[2.45, -1.1500000000000004], [2.45, -1.1500000000000004]] theta_ref0..2=[-0.870796326794897, -0.7832958821814999, -0.6957927714089864] weights=[5.0, 5.0, 0.1, 0.5, 0.1, 0.1] vmin_soft=0.030
20:07:05 [DEBUG] corner=0.09 vmax_loc=0.17
20:07:05 [INFO] [MPC] state=(+2.48,-0.90,-1.56) wp0=(+2.45,-1.15) v=+0.173 ω=+0.008 wp_prog=23/26 ok=True iters=8
20:07:05 [DEBUG] [MPC IN] path_xy0..1=[[2.45, -1.1500000000000004], [2.45, -1.1500000000000004]] theta_ref0..2=[-0.783296326794897, -0.6957962156415477, -0.6082953545834074] weights=[5.0, 5.0, 0.1, 0.5, 0.1, 0.1] vmin_soft=0.030
20:07:05 [DEBUG] corner=0.09 vmax_loc=0.17
20:07:05 [INFO] [MPC] state=(+2.48,-0.91,-1.56) wp0=(+2.45,-1.15) v=+0.173 ω=+0.006 wp_prog=23/26 ok=True iters=8
20:07:05 [DEBUG] [MPC IN] path_xy0..1=[[2.45, -1.1500000000000004], [2.45, -1.1500000000000004]] theta_ref0..2=[-0.695796326794897, -0.6082962990065597, -0.5207960629007716] weights=[5.0, 5.0, 0.1, 0.5, 0.1, 0.1] vmin_soft=0.030
20:07:05 [DEBUG] corner=0.09 vmax_loc=0.17
20:07:05 [INFO] [MPC] state=(+2.48,-0.93,-1.56) wp0=(+2.45,-1.15) v=+0.173 ω=+0.004 wp_prog=23/26 ok=True iters=9
20:07:05 [DEBUG] [MPC IN] path_xy0..1=[[2.45, -1.1500000000000004], [2.45, -1.1500000000000004]] theta_ref0..2=[-0.608296326794897, -0.5207963198478126, -0.43329625561105234] weights=[5.0, 5.0, 0.1, 0.5, 0.1, 0.1] vmin_soft=0.030
20:07:05 [DEBUG] corner=0.09 vmax_loc=0.17
20:07:05 [INFO] [MPC] state=(+2.48,-0.95,-1.56) wp0=(+2.45,-1.15) v=+0.173 ω=+0.001 wp_prog=24/26 ok=True iters=10
20:07:05 [DEBUG] [MPC IN] path_xy0..1=[[2.45, -1.1500000000000004], [2.45, -1.1500000000000004]] theta_ref0..2=[-0.520796326794897, -0.4332963250581259, -0.3457963076963575] weights=[5.0, 5.0, 0.1, 0.5, 0.1, 0.1] vmin_soft=0.030
