22:35:47 [INFO] === New MPC Session Started ===
22:35:47 [DEBUG] matplotlib data path: /home/max/.local/lib/python3.10/site-packages/matplotlib/mpl-data
22:35:47 [DEBUG] CONFIGDIR=/home/max/.config/matplotlib
22:35:47 [DEBUG] interactive is False
22:35:47 [DEBUG] platform is linux
22:35:47 [DEBUG] CACHEDIR=/home/max/.cache/matplotlib
22:35:47 [DEBUG] Using fontManager instance from /home/max/.cache/matplotlib/fontlist-v390.json
22:35:48 [INFO] CrowdNavPyBulletEnv initializing...
22:35:51 [INFO] World ready | grid: (112, 112), res: 0.1, N=10, T=0.1
22:35:52 [INFO] [PROG] s*=0.00/4.16 (0.0%) dist_goal=3.61
22:35:52 [INFO] [MPC] state=(+0.55,-4.66,+2.32) wp0=(+0.49,-4.59) v=+0.200 ω=+0.210 ok=True iters=6
22:35:52 [INFO] [PROG] s*=0.00/4.16 (0.0%) dist_goal=3.59
22:35:52 [INFO] [MPC] state=(+0.54,-4.65,+2.32) wp0=(+0.49,-4.59) v=+0.200 ω=+0.194 ok=True iters=7
22:35:52 [INFO] [PROG] s*=0.02/4.16 (0.4%) dist_goal=3.57
22:35:52 [INFO] [MPC] state=(+0.53,-4.64,+2.33) wp0=(+0.48,-4.58) v=+0.200 ω=+0.118 ok=True iters=7
22:35:52 [INFO] [PROG] s*=0.04/4.16 (0.9%) dist_goal=3.55
22:35:52 [INFO] [MPC] state=(+0.51,-4.62,+2.35) wp0=(+0.47,-4.57) v=+0.200 ω=+0.001 ok=True iters=7
22:35:52 [INFO] [PROG] s*=0.06/4.16 (1.4%) dist_goal=3.53
22:35:52 [INFO] [MPC] state=(+0.50,-4.61,+2.35) wp0=(+0.45,-4.55) v=+0.200 ω=-0.019 ok=True iters=7
22:35:52 [INFO] [PROG] s*=0.08/4.16 (1.9%) dist_goal=3.50
22:35:52 [INFO] [MPC] state=(+0.48,-4.59,+2.34) wp0=(+0.44,-4.54) v=+0.200 ω=-0.033 ok=True iters=7
22:35:52 [INFO] [PROG] s*=0.10/4.16 (2.4%) dist_goal=3.48
22:35:52 [INFO] [MPC] state=(+0.47,-4.58,+2.34) wp0=(+0.42,-4.52) v=+0.200 ω=-0.041 ok=True iters=7
22:35:52 [INFO] [PROG] s*=0.12/4.16 (2.9%) dist_goal=3.46
22:35:52 [INFO] [MPC] state=(+0.46,-4.56,+2.34) wp0=(+0.41,-4.51) v=+0.200 ω=-0.047 ok=True iters=7
22:35:52 [INFO] [PROG] s*=0.14/4.16 (3.4%) dist_goal=3.44
22:35:52 [INFO] [MPC] state=(+0.44,-4.55,+2.33) wp0=(+0.39,-4.49) v=+0.200 ω=-0.112 ok=True iters=7
22:35:52 [INFO] [PROG] s*=0.16/4.16 (3.8%) dist_goal=3.42
22:35:52 [INFO] [MPC] state=(+0.43,-4.53,+2.32) wp0=(+0.38,-4.48) v=+0.200 ω=-0.098 ok=True iters=7
22:35:52 [INFO] [PROG] s*=0.18/4.16 (4.3%) dist_goal=3.40
22:35:52 [INFO] [MPC] state=(+0.41,-4.52,+2.31) wp0=(+0.37,-4.47) v=+0.200 ω=-0.087 ok=True iters=7
22:35:52 [INFO] [PROG] s*=0.20/4.16 (4.8%) dist_goal=3.38
22:35:52 [INFO] [MPC] state=(+0.40,-4.50,+2.30) wp0=(+0.35,-4.45) v=+0.200 ω=-0.081 ok=True iters=7
22:35:52 [INFO] [PROG] s*=0.22/4.16 (5.3%) dist_goal=3.36
22:35:52 [INFO] [MPC] state=(+0.39,-4.49,+2.29) wp0=(+0.34,-4.44) v=+0.200 ω=-0.138 ok=True iters=7
22:35:52 [INFO] [PROG] s*=0.24/4.16 (5.8%) dist_goal=3.34
22:35:52 [INFO] [MPC] state=(+0.37,-4.47,+2.28) wp0=(+0.32,-4.42) v=+0.200 ω=-0.124 ok=True iters=7
22:35:52 [INFO] [PROG] s*=0.26/4.16 (6.3%) dist_goal=3.32
22:35:52 [INFO] [MPC] state=(+0.36,-4.46,+2.27) wp0=(+0.31,-4.41) v=+0.200 ω=-0.113 ok=True iters=7
22:35:52 [INFO] [PROG] s*=0.28/4.16 (6.8%) dist_goal=3.30
22:35:52 [INFO] [MPC] state=(+0.35,-4.44,+2.26) wp0=(+0.29,-4.39) v=+0.200 ω=-0.105 ok=True iters=7
22:35:52 [INFO] [PROG] s*=0.30/4.16 (7.3%) dist_goal=3.28
22:35:52 [INFO] [MPC] state=(+0.33,-4.42,+2.25) wp0=(+0.28,-4.38) v=+0.200 ω=-0.153 ok=True iters=7
22:35:52 [INFO] [PROG] s*=0.32/4.16 (7.8%) dist_goal=3.26
22:35:52 [INFO] [MPC] state=(+0.32,-4.41,+2.24) wp0=(+0.27,-4.37) v=+0.200 ω=-0.139 ok=True iters=7
22:35:52 [INFO] [PROG] s*=0.34/4.16 (8.2%) dist_goal=3.24
22:35:52 [INFO] [MPC] state=(+0.31,-4.39,+2.22) wp0=(+0.25,-4.35) v=+0.200 ω=-0.130 ok=True iters=7
22:35:52 [INFO] [PROG] s*=0.36/4.16 (8.7%) dist_goal=3.22
22:35:52 [INFO] [MPC] state=(+0.30,-4.38,+2.21) wp0=(+0.24,-4.34) v=+0.200 ω=-0.163 ok=True iters=7
22:35:52 [INFO] [PROG] s*=0.38/4.16 (9.2%) dist_goal=3.20
22:35:52 [INFO] [MPC] state=(+0.28,-4.36,+2.20) wp0=(+0.22,-4.32) v=+0.200 ω=-0.151 ok=True iters=7
22:35:52 [INFO] [PROG] s*=0.40/4.16 (9.7%) dist_goal=3.18
22:35:52 [INFO] [MPC] state=(+0.27,-4.34,+2.19) wp0=(+0.21,-4.31) v=+0.200 ω=-0.139 ok=True iters=7
22:35:52 [INFO] [PROG] s*=0.42/4.16 (10.2%) dist_goal=3.16
22:35:52 [INFO] [MPC] state=(+0.26,-4.33,+2.18) wp0=(+0.19,-4.29) v=+0.200 ω=-0.126 ok=True iters=7
22:35:52 [INFO] [PROG] s*=0.44/4.16 (10.7%) dist_goal=3.14
22:35:52 [INFO] [MPC] state=(+0.25,-4.31,+2.16) wp0=(+0.18,-4.28) v=+0.200 ω=-0.107 ok=True iters=7
22:35:52 [INFO] [PROG] s*=0.46/4.16 (11.1%) dist_goal=3.12
22:35:52 [INFO] [MPC] state=(+0.24,-4.29,+2.15) wp0=(+0.17,-4.27) v=+0.200 ω=-0.107 ok=True iters=7
22:35:52 [INFO] [PROG] s*=0.48/4.16 (11.6%) dist_goal=3.10
22:35:52 [INFO] [MPC] state=(+0.23,-4.28,+2.14) wp0=(+0.15,-4.25) v=+0.200 ω=-0.103 ok=True iters=7
22:35:52 [INFO] [PROG] s*=0.50/4.16 (12.1%) dist_goal=3.08
22:35:52 [INFO] [MPC] state=(+0.22,-4.26,+2.13) wp0=(+0.14,-4.24) v=+0.200 ω=-0.093 ok=True iters=7
22:35:52 [INFO] [PROG] s*=0.52/4.16 (12.6%) dist_goal=3.06
22:35:52 [INFO] [MPC] state=(+0.20,-4.24,+2.12) wp0=(+0.12,-4.22) v=+0.200 ω=-0.078 ok=True iters=7
22:35:52 [INFO] [PROG] s*=0.54/4.16 (13.1%) dist_goal=3.04
22:35:52 [INFO] [MPC] state=(+0.19,-4.22,+2.11) wp0=(+0.11,-4.21) v=+0.200 ω=-0.063 ok=True iters=7
22:35:52 [INFO] [PROG] s*=0.56/4.16 (13.5%) dist_goal=3.02
22:35:52 [INFO] [MPC] state=(+0.18,-4.21,+2.11) wp0=(+0.10,-4.20) v=+0.200 ω=-0.039 ok=True iters=7
22:35:52 [INFO] [PROG] s*=0.58/4.16 (14.0%) dist_goal=3.00
22:35:52 [INFO] [MPC] state=(+0.17,-4.19,+2.10) wp0=(+0.08,-4.18) v=+0.200 ω=-0.044 ok=True iters=7
22:35:52 [INFO] [PROG] s*=0.60/4.16 (14.5%) dist_goal=2.98
22:35:52 [INFO] [MPC] state=(+0.16,-4.17,+2.10) wp0=(+0.07,-4.17) v=+0.200 ω=-0.043 ok=True iters=7
22:35:52 [INFO] [PROG] s*=0.62/4.16 (15.0%) dist_goal=2.96
22:35:52 [INFO] [MPC] state=(+0.15,-4.15,+2.10) wp0=(+0.05,-4.15) v=+0.200 ω=-0.038 ok=True iters=7
22:35:52 [INFO] [PROG] s*=0.64/4.16 (15.4%) dist_goal=2.94
22:35:52 [INFO] [MPC] state=(+0.14,-4.14,+2.09) wp0=(+0.04,-4.14) v=+0.200 ω=-0.026 ok=True iters=7
22:35:52 [INFO] [PROG] s*=0.66/4.16 (15.9%) dist_goal=2.92
22:35:52 [INFO] [MPC] state=(+0.13,-4.12,+2.09) wp0=(+0.03,-4.13) v=+0.200 ω=-0.014 ok=True iters=7
22:35:52 [INFO] [PROG] s*=0.68/4.16 (16.4%) dist_goal=2.90
22:35:52 [INFO] [MPC] state=(+0.12,-4.10,+2.09) wp0=(+0.01,-4.11) v=+0.200 ω=-0.002 ok=True iters=7
22:35:52 [INFO] [PROG] s*=0.70/4.16 (16.8%) dist_goal=2.88
22:35:52 [INFO] [MPC] state=(+0.11,-4.08,+2.09) wp0=(-0.00,-4.10) v=+0.200 ω=+0.043 ok=True iters=7
22:35:52 [INFO] [PROG] s*=0.72/4.16 (17.3%) dist_goal=2.86
22:35:52 [INFO] [MPC] state=(+0.10,-4.06,+2.09) wp0=(-0.02,-4.08) v=+0.200 ω=+0.030 ok=True iters=7
22:35:52 [INFO] [PROG] s*=0.74/4.16 (17.8%) dist_goal=2.84
22:35:52 [INFO] [MPC] state=(+0.09,-4.05,+2.09) wp0=(-0.03,-4.07) v=+0.200 ω=+0.025 ok=True iters=7
22:35:52 [INFO] [PROG] s*=0.76/4.16 (18.3%) dist_goal=2.82
22:35:52 [INFO] [MPC] state=(+0.08,-4.03,+2.10) wp0=(-0.04,-4.06) v=+0.200 ω=+0.027 ok=True iters=7
22:35:52 [INFO] [PROG] s*=0.78/4.16 (18.7%) dist_goal=2.80
22:35:52 [INFO] [MPC] state=(+0.07,-4.01,+2.10) wp0=(-0.06,-4.04) v=+0.200 ω=+0.030 ok=True iters=7
22:35:52 [INFO] [PROG] s*=0.80/4.16 (19.2%) dist_goal=2.78
22:35:52 [INFO] [MPC] state=(+0.06,-3.99,+2.10) wp0=(-0.07,-4.03) v=+0.200 ω=+0.037 ok=True iters=7
22:35:52 [INFO] [PROG] s*=0.82/4.16 (19.7%) dist_goal=2.76
22:35:52 [INFO] [MPC] state=(+0.05,-3.98,+2.10) wp0=(-0.09,-4.01) v=+0.200 ω=+0.046 ok=True iters=7
22:35:52 [INFO] [PROG] s*=0.84/4.16 (20.2%) dist_goal=2.74
22:35:52 [INFO] [MPC] state=(+0.04,-3.96,+2.11) wp0=(-0.10,-4.00) v=+0.200 ω=+0.054 ok=True iters=7
22:35:52 [INFO] [PROG] s*=0.86/4.16 (20.6%) dist_goal=2.72
22:35:52 [INFO] [MPC] state=(+0.03,-3.94,+2.11) wp0=(-0.11,-3.99) v=+0.200 ω=+0.060 ok=True iters=7
22:35:52 [INFO] [PROG] s*=0.88/4.16 (21.1%) dist_goal=2.70
22:35:52 [INFO] [MPC] state=(+0.02,-3.92,+2.12) wp0=(-0.13,-3.97) v=+0.200 ω=+0.068 ok=True iters=7
22:35:52 [INFO] [PROG] s*=0.90/4.16 (21.6%) dist_goal=2.68
22:35:52 [INFO] [MPC] state=(+0.01,-3.91,+2.13) wp0=(-0.14,-3.96) v=+0.200 ω=+0.073 ok=True iters=7
22:35:52 [INFO] [PROG] s*=0.92/4.16 (22.1%) dist_goal=2.66
22:35:52 [INFO] [MPC] state=(-0.00,-3.89,+2.14) wp0=(-0.16,-3.94) v=+0.200 ω=+0.116 ok=True iters=7
22:35:52 [INFO] [PROG] s*=0.94/4.16 (22.6%) dist_goal=2.64
22:35:52 [INFO] [MPC] state=(-0.02,-3.87,+2.15) wp0=(-0.17,-3.93) v=+0.200 ω=+0.105 ok=True iters=7
22:35:52 [INFO] [PROG] s*=0.96/4.16 (23.0%) dist_goal=2.62
22:35:52 [INFO] [MPC] state=(-0.03,-3.86,+2.16) wp0=(-0.18,-3.92) v=+0.200 ω=+0.094 ok=True iters=7
22:35:52 [INFO] [PROG] s*=0.98/4.16 (23.5%) dist_goal=2.60
22:35:52 [INFO] [MPC] state=(-0.04,-3.84,+2.17) wp0=(-0.20,-3.90) v=+0.200 ω=+0.086 ok=True iters=7
22:35:52 [INFO] [PROG] s*=1.00/4.16 (24.0%) dist_goal=2.58
22:35:52 [INFO] [MPC] state=(-0.05,-3.82,+2.17) wp0=(-0.21,-3.89) v=+0.200 ω=+0.084 ok=True iters=7
22:35:52 [INFO] [PROG] s*=1.02/4.16 (24.5%) dist_goal=2.56
22:35:52 [INFO] [MPC] state=(-0.06,-3.81,+2.18) wp0=(-0.23,-3.87) v=+0.200 ω=+0.085 ok=True iters=7
22:35:52 [INFO] [PROG] s*=1.04/4.16 (25.0%) dist_goal=2.54
22:35:52 [INFO] [MPC] state=(-0.07,-3.79,+2.19) wp0=(-0.24,-3.86) v=+0.200 ω=+0.084 ok=True iters=7
22:35:52 [INFO] [PROG] s*=1.06/4.16 (25.4%) dist_goal=2.52
22:35:52 [INFO] [MPC] state=(-0.08,-3.77,+2.20) wp0=(-0.26,-3.84) v=+0.200 ω=+0.085 ok=True iters=7
22:35:52 [INFO] [PROG] s*=1.08/4.16 (25.9%) dist_goal=2.50
22:35:52 [INFO] [MPC] state=(-0.10,-3.76,+2.21) wp0=(-0.27,-3.83) v=+0.200 ω=+0.086 ok=True iters=7
22:35:52 [INFO] [PROG] s*=1.10/4.16 (26.4%) dist_goal=2.48
22:35:52 [INFO] [MPC] state=(-0.11,-3.74,+2.22) wp0=(-0.28,-3.82) v=+0.200 ω=+0.089 ok=True iters=7
22:35:52 [INFO] [PROG] s*=1.12/4.16 (26.9%) dist_goal=2.46
22:35:52 [INFO] [MPC] state=(-0.12,-3.72,+2.22) wp0=(-0.30,-3.80) v=+0.200 ω=+0.089 ok=True iters=7
22:35:52 [INFO] [PROG] s*=1.14/4.16 (27.4%) dist_goal=2.44
22:35:52 [INFO] [MPC] state=(-0.13,-3.71,+2.23) wp0=(-0.31,-3.79) v=+0.200 ω=+0.253 ok=True iters=7
22:35:52 [INFO] [PROG] s*=1.16/4.16 (27.8%) dist_goal=2.42
22:35:52 [INFO] [MPC] state=(-0.15,-3.69,+2.25) wp0=(-0.33,-3.77) v=+0.200 ω=+0.225 ok=True iters=7
22:35:52 [INFO] [PROG] s*=1.18/4.16 (28.3%) dist_goal=2.40
22:35:52 [INFO] [MPC] state=(-0.16,-3.68,+2.27) wp0=(-0.34,-3.76) v=+0.200 ω=+0.203 ok=True iters=7
22:35:52 [INFO] [PROG] s*=1.20/4.16 (28.8%) dist_goal=2.38
22:35:52 [INFO] [MPC] state=(-0.17,-3.66,+2.28) wp0=(-0.35,-3.75) v=+0.200 ω=+0.160 ok=True iters=7
22:35:52 [INFO] [PROG] s*=1.22/4.16 (29.3%) dist_goal=2.36
22:35:52 [INFO] [MPC] state=(-0.18,-3.65,+2.30) wp0=(-0.37,-3.73) v=+0.200 ω=+0.148 ok=True iters=7
22:35:52 [INFO] [PROG] s*=1.24/4.16 (29.8%) dist_goal=2.34
22:35:52 [INFO] [MPC] state=(-0.20,-3.63,+2.31) wp0=(-0.38,-3.72) v=+0.200 ω=+0.246 ok=True iters=7
22:35:52 [INFO] [PROG] s*=1.26/4.16 (30.2%) dist_goal=2.32
22:35:52 [INFO] [MPC] state=(-0.21,-3.62,+2.33) wp0=(-0.40,-3.70) v=+0.200 ω=+0.185 ok=True iters=7
22:35:52 [INFO] [PROG] s*=1.28/4.16 (30.7%) dist_goal=2.30
22:35:52 [INFO] [MPC] state=(-0.23,-3.60,+2.34) wp0=(-0.41,-3.69) v=+0.200 ω=+0.172 ok=True iters=7
22:35:52 [INFO] [PROG] s*=1.30/4.16 (31.2%) dist_goal=2.28
22:35:52 [INFO] [MPC] state=(-0.24,-3.59,+2.35) wp0=(-0.42,-3.68) v=+0.200 ω=+0.377 ok=True iters=7
22:35:52 [INFO] [PROG] s*=1.32/4.16 (31.7%) dist_goal=2.26
22:35:52 [INFO] [MPC] state=(-0.25,-3.57,+2.38) wp0=(-0.44,-3.66) v=+0.200 ω=+0.343 ok=True iters=8
22:35:52 [INFO] [PROG] s*=1.34/4.16 (32.1%) dist_goal=2.24
22:35:52 [INFO] [MPC] state=(-0.27,-3.56,+2.40) wp0=(-0.45,-3.65) v=+0.200 ω=+0.319 ok=True iters=8
22:35:52 [INFO] [PROG] s*=1.36/4.16 (32.6%) dist_goal=2.22
22:35:52 [INFO] [MPC] state=(-0.28,-3.55,+2.42) wp0=(-0.47,-3.63) v=+0.200 ω=+0.272 ok=True iters=8
22:35:52 [INFO] [PROG] s*=1.37/4.16 (33.0%) dist_goal=2.20
22:35:52 [INFO] [MPC] state=(-0.30,-3.54,+2.44) wp0=(-0.48,-3.62) v=+0.183 ω=+0.341 ok=True iters=10
22:35:52 [INFO] [PROG] s*=1.38/4.16 (33.1%) dist_goal=2.20
22:35:52 [INFO] [MPC] state=(-0.31,-3.52,+2.47) wp0=(-0.48,-3.62) v=+0.030 ω=+0.463 ok=True iters=11
22:35:52 [INFO] [PROG] s*=1.38/4.16 (33.2%) dist_goal=2.19
22:35:52 [INFO] [MPC] state=(-0.31,-3.52,+2.51) wp0=(-0.49,-3.61) v=+0.054 ω=+0.279 ok=True iters=13
22:35:52 [INFO] [PROG] s*=1.39/4.16 (33.3%) dist_goal=2.19
22:35:52 [INFO] [MPC] state=(-0.32,-3.52,+2.54) wp0=(-0.49,-3.61) v=+0.030 ω=-0.059 ok=True iters=11
22:35:52 [INFO] [PROG] s*=1.39/4.16 (33.4%) dist_goal=2.19
22:35:52 [INFO] [MPC] state=(-0.32,-3.52,+2.54) wp0=(-0.49,-3.61) v=+0.030 ω=-0.059 ok=True iters=12
22:35:52 [INFO] [PROG] s*=1.39/4.16 (33.5%) dist_goal=2.18
22:35:52 [INFO] [MPC] state=(-0.32,-3.52,+2.53) wp0=(-0.49,-3.61) v=+0.030 ω=-0.061 ok=True iters=11
22:35:52 [INFO] [PROG] s*=1.40/4.16 (33.5%) dist_goal=2.18
22:35:52 [INFO] [MPC] state=(-0.33,-3.51,+2.52) wp0=(-0.49,-3.61) v=+0.030 ω=-0.063 ok=True iters=10
22:35:52 [INFO] [PROG] s*=1.40/4.16 (33.6%) dist_goal=2.18
22:35:52 [INFO] [MPC] state=(-0.33,-3.51,+2.52) wp0=(-0.50,-3.60) v=+0.030 ω=-0.066 ok=True iters=10
22:35:52 [INFO] [PROG] s*=1.40/4.16 (33.7%) dist_goal=2.17
22:35:52 [INFO] [MPC] state=(-0.33,-3.51,+2.51) wp0=(-0.50,-3.60) v=+0.030 ω=-0.066 ok=True iters=10
22:35:52 [INFO] [PROG] s*=1.41/4.16 (33.8%) dist_goal=2.17
22:35:52 [INFO] [MPC] state=(-0.33,-3.51,+2.50) wp0=(-0.50,-3.60) v=+0.030 ω=-0.067 ok=True iters=10
22:35:52 [INFO] [PROG] s*=1.41/4.16 (33.8%) dist_goal=2.17
22:35:52 [INFO] [MPC] state=(-0.34,-3.51,+2.50) wp0=(-0.50,-3.60) v=+0.030 ω=-0.068 ok=True iters=14
22:35:52 [INFO] [PROG] s*=1.41/4.16 (33.9%) dist_goal=2.17
22:35:52 [INFO] [MPC] state=(-0.34,-3.50,+2.49) wp0=(-0.50,-3.60) v=+0.030 ω=-0.060 ok=True iters=11
22:35:52 [INFO] [PROG] s*=1.41/4.16 (34.0%) dist_goal=2.16
22:35:52 [INFO] [MPC] state=(-0.34,-3.50,+2.48) wp0=(-0.51,-3.59) v=+0.030 ω=-0.058 ok=True iters=10
22:35:52 [INFO] [PROG] s*=1.42/4.16 (34.0%) dist_goal=2.16
22:35:52 [INFO] [MPC] state=(-0.34,-3.50,+2.48) wp0=(-0.51,-3.59) v=+0.030 ω=-0.058 ok=True iters=10
22:35:52 [INFO] [PROG] s*=1.42/4.16 (34.1%) dist_goal=2.16
22:35:52 [INFO] [MPC] state=(-0.34,-3.50,+2.47) wp0=(-0.51,-3.59) v=+0.030 ω=-0.056 ok=True iters=10
22:35:52 [INFO] [PROG] s*=1.42/4.16 (34.2%) dist_goal=2.15
22:35:52 [INFO] [MPC] state=(-0.35,-3.50,+2.47) wp0=(-0.51,-3.59) v=+0.030 ω=-0.161 ok=True iters=12
22:35:52 [INFO] [PROG] s*=1.43/4.16 (34.3%) dist_goal=2.15
22:35:52 [INFO] [MPC] state=(-0.35,-3.49,+2.45) wp0=(-0.52,-3.58) v=+0.030 ω=-0.071 ok=True iters=11
22:35:52 [INFO] [PROG] s*=1.43/4.16 (34.3%) dist_goal=2.15
22:35:52 [INFO] [MPC] state=(-0.35,-3.49,+2.44) wp0=(-0.52,-3.58) v=+0.030 ω=-0.062 ok=True iters=10
22:35:52 [INFO] [PROG] s*=1.43/4.16 (34.4%) dist_goal=2.14
22:35:52 [INFO] [MPC] state=(-0.35,-3.49,+2.44) wp0=(-0.52,-3.58) v=+0.030 ω=-0.058 ok=True iters=10
22:35:52 [INFO] [PROG] s*=1.44/4.16 (34.5%) dist_goal=2.14
22:35:52 [INFO] [MPC] state=(-0.36,-3.49,+2.43) wp0=(-0.52,-3.58) v=+0.030 ω=-0.054 ok=True iters=10
22:35:52 [INFO] [PROG] s*=1.44/4.16 (34.6%) dist_goal=2.14
22:35:52 [INFO] [MPC] state=(-0.36,-3.49,+2.43) wp0=(-0.52,-3.58) v=+0.030 ω=-0.050 ok=True iters=12
22:35:52 [INFO] [PROG] s*=1.44/4.16 (34.6%) dist_goal=2.14
22:35:52 [INFO] [MPC] state=(-0.36,-3.48,+2.42) wp0=(-0.53,-3.57) v=+0.030 ω=-0.040 ok=True iters=12
22:35:52 [INFO] [PROG] s*=1.44/4.16 (34.7%) dist_goal=2.13
22:35:52 [INFO] [MPC] state=(-0.36,-3.48,+2.42) wp0=(-0.53,-3.57) v=+0.030 ω=-0.035 ok=True iters=10
22:35:52 [INFO] [PROG] s*=1.45/4.16 (34.8%) dist_goal=2.13
22:35:52 [INFO] [MPC] state=(-0.37,-3.48,+2.42) wp0=(-0.53,-3.57) v=+0.030 ω=-0.032 ok=True iters=10
22:35:52 [INFO] [PROG] s*=1.45/4.16 (34.8%) dist_goal=2.13
22:35:52 [INFO] [MPC] state=(-0.37,-3.48,+2.41) wp0=(-0.53,-3.57) v=+0.030 ω=-0.030 ok=True iters=10
22:35:52 [INFO] [PROG] s*=1.45/4.16 (34.9%) dist_goal=2.12
22:35:52 [INFO] [MPC] state=(-0.37,-3.48,+2.41) wp0=(-0.53,-3.57) v=+0.030 ω=-0.028 ok=True iters=13
22:35:52 [INFO] [PROG] s*=1.46/4.16 (35.0%) dist_goal=2.12
22:35:52 [INFO] [MPC] state=(-0.37,-3.47,+2.41) wp0=(-0.54,-3.56) v=+0.030 ω=-0.021 ok=True iters=10
22:35:52 [INFO] [PROG] s*=1.46/4.16 (35.1%) dist_goal=2.12
22:35:52 [INFO] [MPC] state=(-0.37,-3.47,+2.41) wp0=(-0.54,-3.56) v=+0.030 ω=-0.016 ok=True iters=10
22:35:52 [INFO] [PROG] s*=1.46/4.16 (35.1%) dist_goal=2.11
22:35:52 [INFO] [MPC] state=(-0.38,-3.47,+2.40) wp0=(-0.54,-3.56) v=+0.030 ω=+0.009 ok=True iters=11
22:35:52 [INFO] [PROG] s*=1.47/4.16 (35.2%) dist_goal=2.11
22:35:52 [INFO] [MPC] state=(-0.38,-3.47,+2.41) wp0=(-0.54,-3.56) v=+0.030 ω=+0.006 ok=True iters=11
22:35:52 [INFO] [PROG] s*=1.47/4.16 (35.3%) dist_goal=2.11
22:35:52 [INFO] [MPC] state=(-0.38,-3.47,+2.41) wp0=(-0.54,-3.56) v=+0.030 ω=+0.005 ok=True iters=10
22:35:52 [INFO] [PROG] s*=1.47/4.16 (35.3%) dist_goal=2.11
22:35:52 [INFO] [MPC] state=(-0.38,-3.46,+2.41) wp0=(-0.55,-3.55) v=+0.030 ω=+0.004 ok=True iters=10
22:35:52 [INFO] [PROG] s*=1.47/4.16 (35.4%) dist_goal=2.10
22:35:52 [INFO] [MPC] state=(-0.39,-3.46,+2.41) wp0=(-0.55,-3.55) v=+0.030 ω=+0.005 ok=True iters=9
22:35:52 [INFO] [PROG] s*=1.48/4.16 (35.5%) dist_goal=2.10
22:35:52 [INFO] [MPC] state=(-0.39,-3.46,+2.41) wp0=(-0.55,-3.55) v=+0.030 ω=+0.004 ok=True iters=10
22:35:52 [INFO] [PROG] s*=1.48/4.16 (35.6%) dist_goal=2.10
22:35:52 [INFO] [MPC] state=(-0.39,-3.46,+2.41) wp0=(-0.55,-3.55) v=+0.030 ω=+0.045 ok=True iters=13
22:35:52 [INFO] [PROG] s*=1.48/4.16 (35.6%) dist_goal=2.09
22:35:52 [INFO] [MPC] state=(-0.39,-3.46,+2.41) wp0=(-0.56,-3.54) v=+0.030 ω=+0.038 ok=True iters=10
22:35:52 [INFO] [PROG] s*=1.49/4.16 (35.7%) dist_goal=2.09
22:35:52 [INFO] [MPC] state=(-0.39,-3.45,+2.42) wp0=(-0.56,-3.54) v=+0.030 ω=+0.033 ok=True iters=10
22:35:52 [INFO] [PROG] s*=1.49/4.16 (35.8%) dist_goal=2.09
22:35:52 [INFO] [MPC] state=(-0.40,-3.45,+2.42) wp0=(-0.56,-3.54) v=+0.030 ω=+0.010 ok=True iters=8
22:35:52 [INFO] [PROG] s*=1.49/4.16 (35.8%) dist_goal=2.08
22:35:52 [INFO] [MPC] state=(-0.40,-3.45,+2.42) wp0=(-0.56,-3.54) v=+0.030 ω=+0.016 ok=True iters=8
22:35:52 [INFO] [PROG] s*=1.50/4.16 (35.9%) dist_goal=2.08
22:35:52 [INFO] [MPC] state=(-0.40,-3.45,+2.43) wp0=(-0.56,-3.54) v=+0.030 ω=+0.013 ok=True iters=9
22:35:52 [INFO] [PROG] s*=1.50/4.16 (36.0%) dist_goal=2.08
22:35:52 [INFO] [MPC] state=(-0.40,-3.45,+2.43) wp0=(-0.57,-3.53) v=+0.030 ω=+0.014 ok=True iters=10
22:35:52 [INFO] [PROG] s*=1.50/4.16 (36.1%) dist_goal=2.08
22:35:52 [INFO] [MPC] state=(-0.40,-3.44,+2.43) wp0=(-0.57,-3.53) v=+0.030 ω=+0.014 ok=True iters=11
22:35:52 [INFO] [PROG] s*=1.50/4.16 (36.1%) dist_goal=2.07
22:35:52 [INFO] [MPC] state=(-0.41,-3.44,+2.43) wp0=(-0.57,-3.53) v=+0.030 ω=+0.012 ok=True iters=12
22:35:52 [INFO] [PROG] s*=1.51/4.16 (36.2%) dist_goal=2.07
22:35:52 [INFO] [MPC] state=(-0.41,-3.44,+2.43) wp0=(-0.57,-3.53) v=+0.030 ω=+0.012 ok=True iters=12
22:35:52 [INFO] [PROG] s*=1.51/4.16 (36.3%) dist_goal=2.07
22:35:52 [INFO] [MPC] state=(-0.41,-3.44,+2.43) wp0=(-0.57,-3.53) v=+0.030 ω=+0.011 ok=True iters=11
22:35:52 [INFO] [PROG] s*=1.51/4.16 (36.3%) dist_goal=2.06
22:35:52 [INFO] [MPC] state=(-0.41,-3.44,+2.43) wp0=(-0.58,-3.52) v=+0.030 ω=+0.012 ok=True iters=10
22:35:52 [INFO] [PROG] s*=1.52/4.16 (36.4%) dist_goal=2.06
22:35:52 [INFO] [MPC] state=(-0.42,-3.43,+2.43) wp0=(-0.58,-3.52) v=+0.030 ω=+0.010 ok=True iters=10
22:35:52 [INFO] [PROG] s*=1.52/4.16 (36.5%) dist_goal=2.06
22:35:52 [INFO] [MPC] state=(-0.42,-3.43,+2.44) wp0=(-0.58,-3.52) v=+0.030 ω=+0.012 ok=True iters=10
22:35:52 [INFO] [PROG] s*=1.52/4.16 (36.6%) dist_goal=2.05
22:35:52 [INFO] [MPC] state=(-0.42,-3.43,+2.44) wp0=(-0.58,-3.52) v=+0.030 ω=+0.011 ok=True iters=10
22:35:52 [INFO] [PROG] s*=1.53/4.16 (36.6%) dist_goal=2.05
22:35:52 [INFO] [MPC] state=(-0.42,-3.43,+2.44) wp0=(-0.58,-3.52) v=+0.030 ω=+0.011 ok=True iters=9
22:35:52 [INFO] [PROG] s*=1.53/4.16 (36.7%) dist_goal=2.05
22:35:52 [INFO] [MPC] state=(-0.43,-3.43,+2.44) wp0=(-0.59,-3.51) v=+0.030 ω=+0.012 ok=True iters=9
22:35:52 [INFO] [PROG] s*=1.53/4.16 (36.8%) dist_goal=2.05
22:35:52 [INFO] [MPC] state=(-0.43,-3.42,+2.44) wp0=(-0.59,-3.51) v=+0.030 ω=+0.011 ok=True iters=9
22:35:52 [INFO] [PROG] s*=1.53/4.16 (36.8%) dist_goal=2.04
22:35:52 [INFO] [MPC] state=(-0.43,-3.42,+2.44) wp0=(-0.59,-3.51) v=+0.030 ω=+0.013 ok=True iters=9
22:35:52 [INFO] [PROG] s*=1.54/4.16 (36.9%) dist_goal=2.04
22:35:52 [INFO] [MPC] state=(-0.43,-3.42,+2.44) wp0=(-0.59,-3.51) v=+0.030 ω=+0.055 ok=True iters=8
22:35:52 [INFO] [PROG] s*=1.54/4.16 (37.0%) dist_goal=2.04
22:35:52 [INFO] [MPC] state=(-0.43,-3.42,+2.45) wp0=(-0.60,-3.50) v=+0.030 ω=+0.065 ok=True iters=7
22:35:52 [INFO] [PROG] s*=1.54/4.16 (37.1%) dist_goal=2.03
22:35:52 [INFO] [MPC] state=(-0.44,-3.42,+2.46) wp0=(-0.60,-3.50) v=+0.030 ω=+0.123 ok=True iters=7
22:35:52 [INFO] [PROG] s*=1.55/4.16 (37.1%) dist_goal=2.03
22:35:52 [INFO] [MPC] state=(-0.44,-3.41,+2.47) wp0=(-0.60,-3.50) v=+0.030 ω=+0.078 ok=True iters=7
22:35:52 [INFO] [PROG] s*=1.55/4.16 (37.2%) dist_goal=2.03
22:35:52 [INFO] [MPC] state=(-0.44,-3.41,+2.48) wp0=(-0.60,-3.50) v=+0.030 ω=+0.053 ok=True iters=7
22:35:52 [INFO] [PROG] s*=1.55/4.16 (37.3%) dist_goal=2.03
22:35:52 [INFO] [MPC] state=(-0.44,-3.41,+2.48) wp0=(-0.60,-3.50) v=+0.030 ω=+0.038 ok=True iters=7
22:35:52 [INFO] [PROG] s*=1.55/4.16 (37.3%) dist_goal=2.02
22:35:52 [INFO] [MPC] state=(-0.45,-3.41,+2.49) wp0=(-0.61,-3.49) v=+0.030 ω=+0.029 ok=True iters=7
22:35:52 [INFO] [PROG] s*=1.56/4.16 (37.4%) dist_goal=2.02
22:35:52 [INFO] [MPC] state=(-0.45,-3.41,+2.49) wp0=(-0.61,-3.49) v=+0.030 ω=+0.026 ok=True iters=7
22:35:52 [INFO] [PROG] s*=1.56/4.16 (37.5%) dist_goal=2.02
22:35:52 [INFO] [MPC] state=(-0.45,-3.41,+2.49) wp0=(-0.61,-3.49) v=+0.030 ω=+0.023 ok=True iters=7
22:35:52 [INFO] [PROG] s*=1.56/4.16 (37.6%) dist_goal=2.01
22:35:52 [INFO] [MPC] state=(-0.45,-3.40,+2.50) wp0=(-0.61,-3.49) v=+0.030 ω=+0.020 ok=True iters=7
22:35:52 [INFO] [PROG] s*=1.57/4.16 (37.6%) dist_goal=2.01
22:35:52 [INFO] [MPC] state=(-0.45,-3.40,+2.50) wp0=(-0.61,-3.49) v=+0.030 ω=+0.022 ok=True iters=7
22:35:52 [INFO] [PROG] s*=1.57/4.16 (37.7%) dist_goal=2.01
22:35:52 [INFO] [MPC] state=(-0.46,-3.40,+2.50) wp0=(-0.62,-3.48) v=+0.030 ω=+0.024 ok=True iters=7
22:35:52 [INFO] [PROG] s*=1.57/4.16 (37.8%) dist_goal=2.00
22:35:52 [INFO] [MPC] state=(-0.46,-3.40,+2.50) wp0=(-0.62,-3.48) v=+0.030 ω=+0.023 ok=True iters=7
22:35:52 [INFO] [PROG] s*=1.57/4.16 (37.8%) dist_goal=2.00
22:35:52 [INFO] [MPC] state=(-0.46,-3.40,+2.51) wp0=(-0.62,-3.48) v=+0.030 ω=+0.023 ok=True iters=7
22:35:52 [INFO] [PROG] s*=1.58/4.16 (37.9%) dist_goal=2.00
22:35:52 [INFO] [MPC] state=(-0.46,-3.39,+2.51) wp0=(-0.62,-3.48) v=+0.030 ω=+0.227 ok=True iters=7
22:35:52 [INFO] [PROG] s*=1.58/4.16 (38.0%) dist_goal=2.00
22:35:52 [INFO] [MPC] state=(-0.47,-3.39,+2.53) wp0=(-0.62,-3.48) v=+0.030 ω=+0.136 ok=True iters=7
22:35:52 [INFO] [PROG] s*=1.58/4.16 (38.0%) dist_goal=1.99
22:35:52 [INFO] [MPC] state=(-0.47,-3.39,+2.54) wp0=(-0.63,-3.47) v=+0.030 ω=+0.088 ok=True iters=7
22:35:52 [INFO] [PROG] s*=1.59/4.16 (38.1%) dist_goal=1.99
22:35:52 [INFO] [MPC] state=(-0.47,-3.39,+2.55) wp0=(-0.63,-3.47) v=+0.030 ω=+0.062 ok=True iters=7
22:35:52 [INFO] [PROG] s*=1.59/4.16 (38.2%) dist_goal=1.99
22:35:52 [INFO] [MPC] state=(-0.47,-3.39,+2.56) wp0=(-0.63,-3.47) v=+0.030 ω=+0.046 ok=True iters=7
22:35:52 [INFO] [PROG] s*=1.59/4.16 (38.2%) dist_goal=1.98
22:35:52 [INFO] [MPC] state=(-0.48,-3.39,+2.57) wp0=(-0.63,-3.47) v=+0.030 ω=+0.039 ok=True iters=7
22:35:52 [INFO] [PROG] s*=1.59/4.16 (38.3%) dist_goal=1.98
22:35:52 [INFO] [MPC] state=(-0.48,-3.38,+2.57) wp0=(-0.63,-3.47) v=+0.030 ω=+0.033 ok=True iters=7
22:35:52 [INFO] [PROG] s*=1.60/4.16 (38.4%) dist_goal=1.98
22:35:52 [INFO] [MPC] state=(-0.48,-3.38,+2.57) wp0=(-0.64,-3.46) v=+0.030 ω=+0.032 ok=True iters=7
22:35:52 [INFO] [PROG] s*=1.60/4.16 (38.4%) dist_goal=1.98
22:35:52 [INFO] [MPC] state=(-0.48,-3.38,+2.58) wp0=(-0.64,-3.46) v=+0.030 ω=+0.256 ok=True iters=7
22:35:52 [INFO] [PROG] s*=1.60/4.16 (38.5%) dist_goal=1.97
22:35:52 [INFO] [MPC] state=(-0.49,-3.38,+2.60) wp0=(-0.64,-3.46) v=+0.030 ω=+0.151 ok=True iters=7
22:35:52 [INFO] [PROG] s*=1.61/4.16 (38.6%) dist_goal=1.97
22:35:52 [INFO] [MPC] state=(-0.49,-3.38,+2.62) wp0=(-0.64,-3.46) v=+0.030 ω=+0.096 ok=True iters=7
22:35:52 [INFO] [PROG] s*=1.61/4.16 (38.6%) dist_goal=1.97
22:35:52 [INFO] [MPC] state=(-0.49,-3.38,+2.63) wp0=(-0.64,-3.46) v=+0.030 ω=+0.067 ok=True iters=7
22:35:53 [INFO] [PROG] s*=1.61/4.16 (38.7%) dist_goal=1.97
22:35:53 [INFO] [MPC] state=(-0.49,-3.37,+2.64) wp0=(-0.65,-3.45) v=+0.030 ω=+0.052 ok=True iters=7
22:35:53 [INFO] [PROG] s*=1.61/4.16 (38.8%) dist_goal=1.96
22:35:53 [INFO] [MPC] state=(-0.50,-3.37,+2.64) wp0=(-0.65,-3.45) v=+0.030 ω=+0.043 ok=True iters=7
22:35:53 [INFO] [PROG] s*=1.62/4.16 (38.8%) dist_goal=1.96
22:35:53 [INFO] [MPC] state=(-0.50,-3.37,+2.65) wp0=(-0.65,-3.45) v=+0.030 ω=+0.040 ok=True iters=7
22:35:53 [INFO] [PROG] s*=1.62/4.16 (38.9%) dist_goal=1.96
22:35:53 [INFO] [MPC] state=(-0.50,-3.37,+2.65) wp0=(-0.65,-3.45) v=+0.030 ω=+0.277 ok=True iters=7
22:35:53 [INFO] [PROG] s*=1.62/4.16 (39.0%) dist_goal=1.95
22:35:53 [INFO] [MPC] state=(-0.50,-3.37,+2.68) wp0=(-0.65,-3.45) v=+0.030 ω=+0.164 ok=True iters=7
22:35:53 [INFO] [PROG] s*=1.63/4.16 (39.0%) dist_goal=1.95
22:35:53 [INFO] [MPC] state=(-0.51,-3.37,+2.70) wp0=(-0.66,-3.44) v=+0.030 ω=+0.103 ok=True iters=7
22:35:53 [INFO] [PROG] s*=1.63/4.16 (39.1%) dist_goal=1.95
22:35:53 [INFO] [MPC] state=(-0.51,-3.37,+2.71) wp0=(-0.66,-3.44) v=+0.030 ω=+0.078 ok=True iters=7
22:35:53 [INFO] [PROG] s*=1.63/4.16 (39.2%) dist_goal=1.95
22:35:53 [INFO] [MPC] state=(-0.51,-3.37,+2.72) wp0=(-0.66,-3.44) v=+0.030 ω=+0.195 ok=True iters=7
22:35:53 [INFO] [PROG] s*=1.63/4.16 (39.2%) dist_goal=1.95
22:35:53 [INFO] [MPC] state=(-0.51,-3.36,+2.74) wp0=(-0.66,-3.44) v=+0.030 ω=+2.400 ok=True iters=22
22:35:53 [INFO] [PROG] s*=1.63/4.16 (39.2%) dist_goal=1.95
22:35:53 [INFO] [MPC] state=(-0.51,-3.36,+2.96) wp0=(-0.66,-3.44) v=+0.030 ω=+2.400 ok=True iters=15
22:35:53 [INFO] [PROG] s*=1.63/4.16 (39.3%) dist_goal=1.94
22:35:53 [INFO] [MPC] state=(-0.51,-3.36,+3.18) wp0=(-0.66,-3.44) v=+0.200 ω=+2.400 ok=True iters=14
22:35:53 [INFO] [PROG] s*=1.64/4.16 (39.4%) dist_goal=1.94
22:35:53 [INFO] [MPC] state=(-0.52,-3.37,+3.30) wp0=(-0.67,-3.43) v=+0.200 ω=+2.141 ok=True iters=10
22:35:53 [INFO] [PROG] s*=1.65/4.16 (39.6%) dist_goal=1.93
22:35:53 [INFO] [MPC] state=(-0.53,-3.37,+3.41) wp0=(-0.67,-3.43) v=+0.200 ω=+1.584 ok=True iters=9
22:35:53 [INFO] [PROG] s*=1.65/4.16 (39.7%) dist_goal=1.93
22:35:53 [INFO] [MPC] state=(-0.54,-3.37,+3.50) wp0=(-0.68,-3.42) v=+0.200 ω=+1.107 ok=True iters=7
22:35:53 [INFO] [PROG] s*=1.66/4.16 (39.8%) dist_goal=1.92
22:35:53 [INFO] [MPC] state=(-0.56,-3.38,+3.56) wp0=(-0.68,-3.42) v=+0.200 ω=+0.680 ok=True iters=6
22:35:53 [INFO] [PROG] s*=1.66/4.16 (40.0%) dist_goal=1.92
22:35:53 [INFO] [MPC] state=(-0.57,-3.39,+3.60) wp0=(-0.68,-3.42) v=+0.200 ω=+0.515 ok=True iters=6
22:35:53 [INFO] [PROG] s*=1.67/4.16 (40.1%) dist_goal=1.91
22:35:53 [INFO] [MPC] state=(-0.59,-3.39,+3.63) wp0=(-0.69,-3.41) v=+0.200 ω=+0.363 ok=True iters=6
22:35:53 [INFO] [PROG] s*=1.67/4.16 (40.2%) dist_goal=1.91
22:35:53 [INFO] [MPC] state=(-0.61,-3.40,+3.65) wp0=(-0.69,-3.41) v=+0.200 ω=+0.222 ok=True iters=6
22:35:53 [INFO] [PROG] s*=1.68/4.16 (40.3%) dist_goal=1.91
22:35:53 [INFO] [MPC] state=(-0.62,-3.41,+3.67) wp0=(-0.69,-3.41) v=+0.200 ω=+0.052 ok=True iters=7
22:35:53 [INFO] [PROG] s*=1.68/4.16 (40.5%) dist_goal=1.90
22:35:53 [INFO] [MPC] state=(-0.64,-3.42,+3.67) wp0=(-0.70,-3.40) v=+0.200 ω=-0.082 ok=True iters=7
22:35:53 [INFO] [PROG] s*=1.69/4.16 (40.6%) dist_goal=1.90
22:35:53 [INFO] [MPC] state=(-0.66,-3.43,+3.66) wp0=(-0.70,-3.40) v=+0.200 ω=-0.155 ok=True iters=7
22:35:53 [INFO] [PROG] s*=1.70/4.16 (40.7%) dist_goal=1.90
22:35:53 [INFO] [MPC] state=(-0.68,-3.44,+3.65) wp0=(-0.71,-3.39) v=+0.200 ω=-0.636 ok=True iters=7
22:35:53 [INFO] [PROG] s*=1.70/4.16 (40.9%) dist_goal=1.89
22:35:53 [INFO] [MPC] state=(-0.69,-3.45,+3.61) wp0=(-0.71,-3.39) v=+0.200 ω=-0.601 ok=True iters=7
22:35:53 [INFO] [PROG] s*=1.71/4.16 (41.0%) dist_goal=1.89
22:35:53 [INFO] [MPC] state=(-0.71,-3.46,+3.58) wp0=(-0.71,-3.39) v=+0.200 ω=-0.535 ok=True iters=7
22:35:53 [INFO] [PROG] s*=1.72/4.16 (41.2%) dist_goal=1.88
22:35:53 [INFO] [MPC] state=(-0.73,-3.47,+3.55) wp0=(-0.72,-3.38) v=+0.200 ω=-0.497 ok=True iters=8
22:35:53 [INFO] [PROG] s*=1.72/4.16 (41.4%) dist_goal=1.88
22:35:53 [INFO] [MPC] state=(-0.74,-3.48,+3.52) wp0=(-0.72,-3.38) v=+0.200 ω=-0.974 ok=True iters=8
22:35:53 [INFO] [PROG] s*=1.73/4.16 (41.6%) dist_goal=1.88
22:35:53 [INFO] [MPC] state=(-0.76,-3.48,+3.46) wp0=(-0.73,-3.37) v=+0.200 ω=-1.234 ok=True iters=8
22:35:53 [INFO] [PROG] s*=1.74/4.16 (41.8%) dist_goal=1.87
22:35:53 [INFO] [MPC] state=(-0.78,-3.49,+3.40) wp0=(-0.74,-3.36) v=+0.200 ω=-1.150 ok=True iters=8
22:35:53 [INFO] [PROG] s*=1.75/4.16 (42.0%) dist_goal=1.86
22:35:53 [INFO] [MPC] state=(-0.79,-3.49,+3.33) wp0=(-0.74,-3.36) v=+0.200 ω=-0.787 ok=True iters=8
22:35:53 [INFO] [PROG] s*=1.88/4.16 (45.3%) dist_goal=1.85
22:35:53 [INFO] [MPC] state=(-0.81,-3.49,+3.29) wp0=(-0.88,-3.35) v=+0.200 ω=-1.026 ok=True iters=8
22:35:53 [INFO] [PROG] s*=1.90/4.16 (45.7%) dist_goal=1.85
22:35:53 [INFO] [MPC] state=(-0.83,-3.50,+3.23) wp0=(-0.89,-3.35) v=+0.200 ω=-0.901 ok=True iters=7
22:35:53 [INFO] [PROG] s*=1.92/4.16 (46.1%) dist_goal=1.84
22:35:53 [INFO] [MPC] state=(-0.84,-3.50,+3.18) wp0=(-0.91,-3.35) v=+0.200 ω=-1.055 ok=True iters=7
22:35:53 [INFO] [PROG] s*=1.94/4.16 (46.5%) dist_goal=1.83
22:35:53 [INFO] [MPC] state=(-0.86,-3.50,+3.11) wp0=(-0.93,-3.35) v=+0.200 ω=-0.353 ok=True iters=7
22:35:53 [INFO] [PROG] s*=1.96/4.16 (47.0%) dist_goal=1.81
22:35:53 [INFO] [MPC] state=(-0.88,-3.50,+3.08) wp0=(-0.95,-3.35) v=+0.200 ω=-0.131 ok=True iters=7
22:35:53 [INFO] [PROG] s*=1.98/4.16 (47.5%) dist_goal=1.80
22:35:53 [INFO] [MPC] state=(-0.90,-3.49,+3.07) wp0=(-0.97,-3.35) v=+0.200 ω=-0.086 ok=True iters=7
22:35:53 [INFO] [PROG] s*=2.00/4.16 (48.0%) dist_goal=1.79
22:35:53 [INFO] [MPC] state=(-0.92,-3.49,+3.06) wp0=(-0.99,-3.35) v=+0.200 ω=-0.041 ok=True iters=7
22:35:53 [INFO] [PROG] s*=2.02/4.16 (48.5%) dist_goal=1.78
22:35:53 [INFO] [MPC] state=(-0.94,-3.49,+3.06) wp0=(-1.01,-3.35) v=+0.200 ω=-0.002 ok=True iters=7
22:35:53 [INFO] [PROG] s*=2.04/4.16 (49.0%) dist_goal=1.77
22:35:53 [INFO] [MPC] state=(-0.96,-3.49,+3.06) wp0=(-1.03,-3.35) v=+0.200 ω=+0.033 ok=True iters=7
22:35:53 [INFO] [PROG] s*=2.06/4.16 (49.4%) dist_goal=1.76
22:35:53 [INFO] [MPC] state=(-0.98,-3.49,+3.06) wp0=(-1.05,-3.35) v=+0.200 ω=+0.564 ok=True iters=7
22:35:53 [INFO] [PROG] s*=2.07/4.16 (49.8%) dist_goal=1.75
22:35:53 [INFO] [MPC] state=(-1.00,-3.49,+3.10) wp0=(-1.07,-3.35) v=+0.200 ω=+0.341 ok=True iters=7
22:35:53 [INFO] [PROG] s*=2.09/4.16 (50.3%) dist_goal=1.74
22:35:53 [INFO] [MPC] state=(-1.02,-3.49,+3.11) wp0=(-1.09,-3.35) v=+0.200 ω=+0.310 ok=True iters=7
22:35:53 [INFO] [PROG] s*=2.11/4.16 (50.8%) dist_goal=1.73
22:35:53 [INFO] [MPC] state=(-1.04,-3.49,+3.13) wp0=(-1.10,-3.35) v=+0.200 ω=+0.274 ok=True iters=7
22:35:53 [INFO] [PROG] s*=2.13/4.16 (51.2%) dist_goal=1.72
22:35:53 [INFO] [MPC] state=(-1.05,-3.49,+3.15) wp0=(-1.12,-3.35) v=+0.200 ω=+0.239 ok=True iters=7
22:35:53 [INFO] [PROG] s*=2.15/4.16 (51.7%) dist_goal=1.71
22:35:53 [INFO] [MPC] state=(-1.07,-3.49,+3.16) wp0=(-1.14,-3.35) v=+0.200 ω=+0.207 ok=True iters=7
22:35:53 [INFO] [PROG] s*=2.17/4.16 (52.2%) dist_goal=1.70
22:35:53 [INFO] [MPC] state=(-1.09,-3.49,+3.18) wp0=(-1.16,-3.35) v=+0.200 ω=+0.177 ok=True iters=7
22:35:53 [INFO] [PROG] s*=2.19/4.16 (52.7%) dist_goal=1.70
22:35:53 [INFO] [MPC] state=(-1.11,-3.49,+3.19) wp0=(-1.18,-3.35) v=+0.200 ω=+0.132 ok=True iters=7
22:35:53 [INFO] [PROG] s*=2.21/4.16 (53.1%) dist_goal=1.69
22:35:53 [INFO] [MPC] state=(-1.13,-3.49,+3.20) wp0=(-1.20,-3.35) v=+0.200 ω=+0.090 ok=True iters=7
22:35:53 [INFO] [PROG] s*=2.23/4.16 (53.6%) dist_goal=1.68
22:35:53 [INFO] [MPC] state=(-1.15,-3.49,+3.21) wp0=(-1.22,-3.35) v=+0.200 ω=+0.333 ok=True iters=7
22:35:53 [INFO] [PROG] s*=2.25/4.16 (54.1%) dist_goal=1.68
22:35:53 [INFO] [MPC] state=(-1.17,-3.49,+3.23) wp0=(-1.24,-3.35) v=+0.200 ω=+0.196 ok=True iters=7
22:35:53 [INFO] [PROG] s*=2.27/4.16 (54.5%) dist_goal=1.67
22:35:53 [INFO] [MPC] state=(-1.19,-3.49,+3.25) wp0=(-1.26,-3.35) v=+0.200 ω=+0.173 ok=True iters=8
22:35:53 [INFO] [PROG] s*=2.29/4.16 (55.0%) dist_goal=1.67
22:35:53 [INFO] [MPC] state=(-1.21,-3.50,+3.26) wp0=(-1.28,-3.35) v=+0.200 ω=-0.328 ok=True iters=8
22:35:53 [INFO] [PROG] s*=2.31/4.16 (55.5%) dist_goal=1.66
22:35:53 [INFO] [MPC] state=(-1.23,-3.50,+3.24) wp0=(-1.30,-3.35) v=+0.200 ω=-0.305 ok=True iters=8
22:35:53 [INFO] [PROG] s*=2.33/4.16 (56.0%) dist_goal=1.66
22:35:53 [INFO] [MPC] state=(-1.25,-3.50,+3.22) wp0=(-1.32,-3.35) v=+0.200 ω=-0.228 ok=True iters=8
22:35:53 [INFO] [PROG] s*=2.35/4.16 (56.4%) dist_goal=1.65
22:35:53 [INFO] [MPC] state=(-1.27,-3.50,+3.20) wp0=(-1.34,-3.35) v=+0.200 ω=-0.223 ok=True iters=8
22:35:53 [INFO] [PROG] s*=2.37/4.16 (56.9%) dist_goal=1.64
22:35:53 [INFO] [MPC] state=(-1.29,-3.50,+3.18) wp0=(-1.36,-3.35) v=+0.200 ω=-0.411 ok=True iters=8
22:35:53 [INFO] [PROG] s*=2.39/4.16 (57.3%) dist_goal=1.64
22:35:53 [INFO] [MPC] state=(-1.31,-3.50,+3.16) wp0=(-1.38,-3.35) v=+0.200 ω=-0.517 ok=True iters=8
22:35:53 [INFO] [PROG] s*=2.41/4.16 (57.8%) dist_goal=1.63
22:35:53 [INFO] [MPC] state=(-1.33,-3.50,+3.12) wp0=(-1.40,-3.35) v=+0.200 ω=-0.460 ok=True iters=9
22:35:53 [INFO] [PROG] s*=2.42/4.16 (58.2%) dist_goal=1.62
22:35:53 [INFO] [MPC] state=(-1.35,-3.50,+3.09) wp0=(-1.42,-3.35) v=+0.200 ω=-0.410 ok=True iters=9
22:35:53 [INFO] [PROG] s*=2.44/4.16 (58.7%) dist_goal=1.62
22:35:53 [INFO] [MPC] state=(-1.37,-3.50,+3.06) wp0=(-1.44,-3.35) v=+0.200 ω=-0.322 ok=True iters=10
22:35:53 [INFO] [PROG] s*=2.46/4.16 (59.1%) dist_goal=1.61
22:35:53 [INFO] [MPC] state=(-1.39,-3.50,+3.04) wp0=(-1.45,-3.35) v=+0.200 ω=-1.344 ok=True iters=7
22:35:53 [INFO] [PROG] s*=2.47/4.16 (59.4%) dist_goal=1.60
22:35:53 [INFO] [MPC] state=(-1.40,-3.50,+2.97) wp0=(-1.46,-3.35) v=+0.200 ω=-2.251 ok=True iters=9
22:35:53 [INFO] [PROG] s*=2.48/4.16 (59.6%) dist_goal=1.60
22:35:53 [INFO] [MPC] state=(-1.41,-3.49,+2.86) wp0=(-1.47,-3.35) v=+0.200 ω=-2.150 ok=True iters=8
22:35:53 [INFO] [PROG] s*=2.49/4.16 (59.9%) dist_goal=1.59
22:35:53 [INFO] [MPC] state=(-1.42,-3.49,+2.74) wp0=(-1.49,-3.35) v=+0.200 ω=-2.017 ok=True iters=7
22:35:53 [INFO] [PROG] s*=2.51/4.16 (60.2%) dist_goal=1.58
22:35:53 [INFO] [MPC] state=(-1.44,-3.48,+2.64) wp0=(-1.50,-3.35) v=+0.200 ω=-1.714 ok=True iters=8
22:35:53 [INFO] [PROG] s*=2.52/4.16 (60.5%) dist_goal=1.57
22:35:53 [INFO] [MPC] state=(-1.45,-3.48,+2.54) wp0=(-1.51,-3.35) v=+0.200 ω=-1.614 ok=True iters=8
22:35:53 [INFO] [PROG] s*=2.53/4.16 (60.8%) dist_goal=1.55
22:35:53 [INFO] [MPC] state=(-1.46,-3.47,+2.46) wp0=(-1.52,-3.35) v=+0.200 ω=-1.472 ok=True iters=8
22:35:53 [INFO] [PROG] s*=2.54/4.16 (61.0%) dist_goal=1.54
22:35:53 [INFO] [MPC] state=(-1.47,-3.46,+2.38) wp0=(-1.53,-3.35) v=+0.200 ω=-1.315 ok=True iters=8
22:35:53 [INFO] [PROG] s*=2.55/4.16 (61.3%) dist_goal=1.52
22:35:53 [INFO] [MPC] state=(-1.48,-3.45,+2.31) wp0=(-1.54,-3.35) v=+0.200 ω=-0.877 ok=True iters=8
22:35:53 [INFO] [PROG] s*=2.56/4.16 (61.6%) dist_goal=1.51
22:35:53 [INFO] [MPC] state=(-1.49,-3.43,+2.26) wp0=(-1.55,-3.34) v=+0.200 ω=-0.679 ok=True iters=8
22:35:53 [INFO] [PROG] s*=2.57/4.16 (61.8%) dist_goal=1.49
22:35:53 [INFO] [MPC] state=(-1.51,-3.42,+2.22) wp0=(-1.55,-3.33) v=+0.200 ω=-0.543 ok=True iters=8
22:35:53 [INFO] [PROG] s*=2.59/4.16 (62.1%) dist_goal=1.47
22:35:53 [INFO] [MPC] state=(-1.52,-3.40,+2.19) wp0=(-1.55,-3.32) v=+0.200 ω=-0.434 ok=True iters=8
22:35:53 [INFO] [PROG] s*=2.60/4.16 (62.4%) dist_goal=1.46
22:35:53 [INFO] [MPC] state=(-1.53,-3.39,+2.16) wp0=(-1.55,-3.31) v=+0.200 ω=-0.453 ok=True iters=8
22:35:53 [INFO] [PROG] s*=2.61/4.16 (62.6%) dist_goal=1.44
22:35:53 [INFO] [MPC] state=(-1.54,-3.37,+2.13) wp0=(-1.55,-3.30) v=+0.200 ω=-0.328 ok=True iters=8
22:35:53 [INFO] [PROG] s*=2.62/4.16 (63.0%) dist_goal=1.42
22:35:53 [INFO] [MPC] state=(-1.55,-3.35,+2.11) wp0=(-1.55,-3.29) v=+0.200 ω=-0.246 ok=True iters=7
22:35:53 [INFO] [PROG] s*=2.64/4.16 (63.4%) dist_goal=1.40
22:35:53 [INFO] [MPC] state=(-1.56,-3.34,+2.09) wp0=(-1.55,-3.27) v=+0.200 ω=-0.083 ok=True iters=7
22:35:53 [INFO] [PROG] s*=2.66/4.16 (63.8%) dist_goal=1.38
22:35:53 [INFO] [MPC] state=(-1.57,-3.32,+2.08) wp0=(-1.55,-3.25) v=+0.200 ω=-0.056 ok=True iters=7
22:35:53 [INFO] [PROG] s*=2.67/4.16 (64.3%) dist_goal=1.36
22:35:53 [INFO] [MPC] state=(-1.58,-3.30,+2.08) wp0=(-1.55,-3.23) v=+0.200 ω=-0.089 ok=True iters=7
22:35:53 [INFO] [PROG] s*=2.69/4.16 (64.7%) dist_goal=1.34
22:35:53 [INFO] [MPC] state=(-1.59,-3.28,+2.07) wp0=(-1.55,-3.22) v=+0.200 ω=-0.104 ok=True iters=7
22:35:53 [INFO] [PROG] s*=2.71/4.16 (65.1%) dist_goal=1.32
22:35:53 [INFO] [MPC] state=(-1.60,-3.27,+2.06) wp0=(-1.55,-3.20) v=+0.200 ω=-0.323 ok=True iters=7
22:35:53 [INFO] [PROG] s*=2.73/4.16 (65.5%) dist_goal=1.30
22:35:53 [INFO] [MPC] state=(-1.61,-3.25,+2.04) wp0=(-1.55,-3.18) v=+0.200 ω=-0.331 ok=True iters=7
22:35:53 [INFO] [PROG] s*=2.75/4.16 (66.0%) dist_goal=1.28
22:35:53 [INFO] [MPC] state=(-1.62,-3.23,+2.02) wp0=(-1.55,-3.16) v=+0.200 ω=-0.307 ok=True iters=7
22:35:53 [INFO] [PROG] s*=2.76/4.16 (66.4%) dist_goal=1.26
22:35:53 [INFO] [MPC] state=(-1.62,-3.21,+1.99) wp0=(-1.55,-3.15) v=+0.200 ω=-0.292 ok=True iters=7
22:35:53 [INFO] [PROG] s*=2.78/4.16 (66.8%) dist_goal=1.24
22:35:53 [INFO] [MPC] state=(-1.63,-3.20,+1.98) wp0=(-1.55,-3.13) v=+0.200 ω=-0.339 ok=True iters=7
22:35:53 [INFO] [PROG] s*=2.80/4.16 (67.3%) dist_goal=1.23
22:35:53 [INFO] [MPC] state=(-1.64,-3.18,+1.95) wp0=(-1.55,-3.11) v=+0.200 ω=-0.365 ok=True iters=7
22:35:53 [INFO] [PROG] s*=2.82/4.16 (67.7%) dist_goal=1.21
22:35:53 [INFO] [MPC] state=(-1.65,-3.16,+1.93) wp0=(-1.55,-3.09) v=+0.200 ω=-0.007 ok=True iters=7
22:35:53 [INFO] [PROG] s*=2.84/4.16 (68.2%) dist_goal=1.19
22:35:53 [INFO] [MPC] state=(-1.65,-3.14,+1.93) wp0=(-1.55,-3.07) v=+0.200 ω=-0.119 ok=True iters=7
22:35:53 [INFO] [PROG] s*=2.86/4.16 (68.6%) dist_goal=1.17
22:35:53 [INFO] [MPC] state=(-1.66,-3.12,+1.92) wp0=(-1.55,-3.05) v=+0.200 ω=-0.183 ok=True iters=7
22:35:53 [INFO] [PROG] s*=2.88/4.16 (69.1%) dist_goal=1.15
22:35:53 [INFO] [MPC] state=(-1.67,-3.10,+1.90) wp0=(-1.55,-3.03) v=+0.200 ω=-0.258 ok=True iters=7
22:35:53 [INFO] [PROG] s*=2.89/4.16 (69.5%) dist_goal=1.13
22:35:53 [INFO] [MPC] state=(-1.67,-3.08,+1.88) wp0=(-1.55,-3.01) v=+0.200 ω=-0.285 ok=True iters=7
22:35:53 [INFO] [PROG] s*=2.91/4.16 (70.0%) dist_goal=1.11
22:35:53 [INFO] [MPC] state=(-1.68,-3.06,+1.86) wp0=(-1.55,-3.00) v=+0.200 ω=-0.257 ok=True iters=7
22:35:53 [INFO] [PROG] s*=2.93/4.16 (70.4%) dist_goal=1.09
22:35:53 [INFO] [MPC] state=(-1.69,-3.05,+1.85) wp0=(-1.55,-2.98) v=+0.200 ω=-0.273 ok=True iters=7
22:35:53 [INFO] [PROG] s*=2.95/4.16 (70.9%) dist_goal=1.07
22:35:53 [INFO] [MPC] state=(-1.69,-3.03,+1.83) wp0=(-1.55,-2.96) v=+0.200 ω=-0.281 ok=True iters=7
22:35:53 [INFO] [PROG] s*=2.97/4.16 (71.4%) dist_goal=1.05
22:35:53 [INFO] [MPC] state=(-1.70,-3.01,+1.81) wp0=(-1.55,-2.94) v=+0.200 ω=-0.225 ok=True iters=7
22:35:53 [INFO] [PROG] s*=2.99/4.16 (71.8%) dist_goal=1.03
22:35:53 [INFO] [MPC] state=(-1.70,-2.99,+1.79) wp0=(-1.55,-2.92) v=+0.200 ω=-0.001 ok=True iters=7
22:35:53 [INFO] [PROG] s*=3.01/4.16 (72.3%) dist_goal=1.01
22:35:53 [INFO] [MPC] state=(-1.71,-2.97,+1.79) wp0=(-1.55,-2.90) v=+0.200 ω=-0.008 ok=True iters=7
22:35:53 [INFO] [PROG] s*=3.03/4.16 (72.8%) dist_goal=0.99
22:35:53 [INFO] [MPC] state=(-1.71,-2.95,+1.79) wp0=(-1.55,-2.88) v=+0.200 ω=-0.045 ok=True iters=7
22:35:53 [INFO] [PROG] s*=3.05/4.16 (73.3%) dist_goal=0.97
22:35:53 [INFO] [MPC] state=(-1.71,-2.93,+1.79) wp0=(-1.55,-2.86) v=+0.200 ω=-0.066 ok=True iters=7
22:35:53 [INFO] [PROG] s*=3.07/4.16 (73.7%) dist_goal=0.95
22:35:53 [INFO] [MPC] state=(-1.72,-2.91,+1.78) wp0=(-1.55,-2.84) v=+0.200 ω=-0.038 ok=True iters=7
22:35:53 [INFO] [PROG] s*=3.09/4.16 (74.2%) dist_goal=0.93
22:35:53 [INFO] [MPC] state=(-1.72,-2.89,+1.78) wp0=(-1.55,-2.82) v=+0.200 ω=-0.051 ok=True iters=7
22:35:53 [INFO] [PROG] s*=3.11/4.16 (74.7%) dist_goal=0.91
22:35:53 [INFO] [MPC] state=(-1.73,-2.87,+1.77) wp0=(-1.55,-2.80) v=+0.200 ω=-0.057 ok=True iters=7
22:35:53 [INFO] [PROG] s*=3.13/4.16 (75.2%) dist_goal=0.89
22:35:53 [INFO] [MPC] state=(-1.73,-2.85,+1.76) wp0=(-1.55,-2.78) v=+0.200 ω=-0.020 ok=True iters=7
22:35:53 [INFO] [PROG] s*=3.15/4.16 (75.7%) dist_goal=0.87
22:35:53 [INFO] [MPC] state=(-1.73,-2.83,+1.76) wp0=(-1.55,-2.76) v=+0.200 ω=-0.036 ok=True iters=7
22:35:53 [INFO] [PROG] s*=3.17/4.16 (76.1%) dist_goal=0.85
22:35:53 [INFO] [MPC] state=(-1.74,-2.81,+1.76) wp0=(-1.55,-2.74) v=+0.200 ω=-0.044 ok=True iters=7
22:35:53 [INFO] [PROG] s*=3.19/4.16 (76.6%) dist_goal=0.83
22:35:53 [INFO] [MPC] state=(-1.74,-2.79,+1.75) wp0=(-1.55,-2.72) v=+0.200 ω=-0.015 ok=True iters=7
22:35:53 [INFO] [PROG] s*=3.21/4.16 (77.1%) dist_goal=0.81
22:35:53 [INFO] [MPC] state=(-1.75,-2.77,+1.75) wp0=(-1.55,-2.70) v=+0.200 ω=-0.028 ok=True iters=7
22:35:53 [INFO] [PROG] s*=3.23/4.16 (77.6%) dist_goal=0.78
22:35:53 [INFO] [MPC] state=(-1.75,-2.75,+1.75) wp0=(-1.55,-2.68) v=+0.200 ω=-0.034 ok=True iters=7
22:35:53 [INFO] [PROG] s*=3.25/4.16 (78.0%) dist_goal=0.77
22:35:53 [INFO] [MPC] state=(-1.75,-2.73,+1.75) wp0=(-1.55,-2.66) v=+0.196 ω=+0.097 ok=True iters=7
22:35:53 [INFO] [PROG] s*=3.27/4.16 (78.4%) dist_goal=0.75
22:35:53 [INFO] [MPC] state=(-1.76,-2.71,+1.76) wp0=(-1.55,-2.64) v=+0.191 ω=+0.801 ok=True iters=8
22:35:53 [INFO] [PROG] s*=3.28/4.16 (78.8%) dist_goal=0.73
22:35:53 [INFO] [MPC] state=(-1.76,-2.69,+1.81) wp0=(-1.55,-2.63) v=+0.187 ω=+1.193 ok=True iters=8
22:35:53 [INFO] [PROG] s*=3.29/4.16 (79.1%) dist_goal=0.72
22:35:53 [INFO] [MPC] state=(-1.76,-2.68,+1.88) wp0=(-1.55,-2.61) v=+0.183 ω=+0.916 ok=True iters=9
22:35:53 [INFO] [PROG] s*=3.31/4.16 (79.5%) dist_goal=0.70
22:35:53 [INFO] [MPC] state=(-1.77,-2.66,+1.94) wp0=(-1.55,-2.60) v=+0.180 ω=+0.847 ok=True iters=9
22:35:53 [INFO] [PROG] s*=3.51/4.16 (84.4%) dist_goal=0.69
22:35:53 [INFO] [MPC] state=(-1.78,-2.65,+2.01) wp0=(-1.65,-2.44) v=+0.176 ω=+0.578 ok=True iters=12
22:35:53 [INFO] [PROG] s*=3.53/4.16 (84.8%) dist_goal=0.67
22:35:53 [INFO] [MPC] state=(-1.78,-2.63,+2.06) wp0=(-1.65,-2.42) v=+0.172 ω=-0.306 ok=True iters=8
22:35:53 [INFO] [PROG] s*=3.55/4.16 (85.2%) dist_goal=0.66
22:35:53 [INFO] [MPC] state=(-1.79,-2.62,+2.03) wp0=(-1.65,-2.40) v=+0.168 ω=+0.068 ok=True iters=8
22:35:53 [INFO] [PROG] s*=3.55/4.16 (85.3%) dist_goal=0.64
22:35:53 [INFO] [MPC] state=(-1.80,-2.60,+2.03) wp0=(-1.65,-2.40) v=+0.164 ω=-0.014 ok=True iters=11
22:35:53 [INFO] [PROG] s*=3.55/4.16 (85.3%) dist_goal=0.63
22:35:53 [INFO] [MPC] state=(-1.81,-2.59,+2.03) wp0=(-1.65,-2.40) v=+0.160 ω=+0.212 ok=True iters=12
22:35:53 [INFO] [PROG] s*=3.55/4.16 (85.3%) dist_goal=0.61
22:35:53 [INFO] [MPC] state=(-1.81,-2.57,+2.05) wp0=(-1.65,-2.40) v=+0.156 ω=+0.709 ok=True iters=12
22:35:53 [INFO] [PROG] s*=3.55/4.16 (85.3%) dist_goal=0.61
22:35:53 [INFO] [MPC] state=(-1.82,-2.56,+2.12) wp0=(-1.65,-2.40) v=+0.030 ω=+0.549 ok=True iters=11
22:35:53 [INFO] [PROG] s*=3.55/4.16 (85.3%) dist_goal=0.61
22:35:53 [INFO] [MPC] state=(-1.82,-2.56,+2.18) wp0=(-1.65,-2.40) v=+0.030 ω=+0.368 ok=True iters=11
22:35:53 [INFO] [PROG] s*=3.55/4.16 (85.3%) dist_goal=0.60
22:35:53 [INFO] [MPC] state=(-1.83,-2.56,+2.21) wp0=(-1.65,-2.40) v=+0.030 ω=+0.239 ok=True iters=10
22:35:53 [INFO] [PROG] s*=3.55/4.16 (85.3%) dist_goal=0.60
22:35:53 [INFO] [MPC] state=(-1.83,-2.55,+2.24) wp0=(-1.65,-2.40) v=+0.030 ω=+0.149 ok=True iters=10
22:35:53 [INFO] [PROG] s*=3.55/4.16 (85.3%) dist_goal=0.60
22:35:53 [INFO] [MPC] state=(-1.83,-2.55,+2.25) wp0=(-1.65,-2.40) v=+0.030 ω=+0.095 ok=True iters=11
22:35:53 [INFO] [PROG] s*=3.55/4.16 (85.3%) dist_goal=0.60
22:35:53 [INFO] [MPC] state=(-1.83,-2.55,+2.26) wp0=(-1.65,-2.40) v=+0.030 ω=+0.059 ok=True iters=13
22:35:53 [INFO] [PROG] s*=3.55/4.16 (85.3%) dist_goal=0.60
22:35:53 [INFO] [MPC] state=(-1.83,-2.55,+2.27) wp0=(-1.65,-2.40) v=+0.030 ω=+0.037 ok=True iters=11
22:35:53 [INFO] [PROG] s*=3.55/4.16 (85.3%) dist_goal=0.59
22:35:53 [INFO] [MPC] state=(-1.84,-2.55,+2.27) wp0=(-1.65,-2.40) v=+0.030 ω=+0.020 ok=True iters=10
22:35:53 [INFO] [PROG] s*=3.55/4.16 (85.3%) dist_goal=0.59
22:35:53 [INFO] [MPC] state=(-1.84,-2.54,+2.28) wp0=(-1.65,-2.40) v=+0.030 ω=+0.010 ok=True iters=10
22:35:53 [INFO] [PROG] s*=3.55/4.16 (85.3%) dist_goal=0.59
22:35:53 [INFO] [MPC] state=(-1.84,-2.54,+2.28) wp0=(-1.65,-2.40) v=+0.030 ω=+0.005 ok=True iters=9
22:35:53 [INFO] [PROG] s*=3.55/4.16 (85.3%) dist_goal=0.59
22:35:53 [INFO] [MPC] state=(-1.84,-2.54,+2.28) wp0=(-1.65,-2.40) v=+0.030 ω=-0.000 ok=True iters=11
22:35:53 [INFO] [PROG] s*=3.55/4.16 (85.3%) dist_goal=0.58
22:35:53 [INFO] [MPC] state=(-1.84,-2.54,+2.28) wp0=(-1.65,-2.40) v=+0.030 ω=-0.003 ok=True iters=13
22:35:53 [INFO] [PROG] s*=3.55/4.16 (85.3%) dist_goal=0.58
22:35:53 [INFO] [MPC] state=(-1.84,-2.53,+2.28) wp0=(-1.65,-2.40) v=+0.030 ω=-0.007 ok=True iters=11
22:35:53 [INFO] [PROG] s*=3.55/4.16 (85.3%) dist_goal=0.58
22:35:53 [INFO] [MPC] state=(-1.85,-2.53,+2.28) wp0=(-1.65,-2.40) v=+0.030 ω=-0.009 ok=True iters=10
22:35:53 [INFO] [PROG] s*=3.55/4.16 (85.3%) dist_goal=0.58
22:35:53 [INFO] [MPC] state=(-1.85,-2.53,+2.27) wp0=(-1.65,-2.40) v=+0.030 ω=-0.009 ok=True iters=10
22:35:53 [INFO] [PROG] s*=3.55/4.16 (85.3%) dist_goal=0.57
22:35:53 [INFO] [MPC] state=(-1.85,-2.53,+2.27) wp0=(-1.65,-2.40) v=+0.030 ω=-0.011 ok=True iters=9
22:35:53 [INFO] [PROG] s*=3.55/4.16 (85.3%) dist_goal=0.57
22:35:53 [INFO] [MPC] state=(-1.85,-2.52,+2.27) wp0=(-1.65,-2.40) v=+0.030 ω=-0.011 ok=True iters=8
22:35:53 [INFO] [PROG] s*=3.55/4.16 (85.3%) dist_goal=0.57
22:35:53 [INFO] [MPC] state=(-1.85,-2.52,+2.27) wp0=(-1.65,-2.40) v=+0.030 ω=-0.013 ok=True iters=8
22:35:53 [INFO] [PROG] s*=3.55/4.16 (85.3%) dist_goal=0.57
22:35:53 [INFO] [MPC] state=(-1.86,-2.52,+2.27) wp0=(-1.65,-2.40) v=+0.030 ω=-0.013 ok=True iters=8
22:35:53 [INFO] [PROG] s*=3.55/4.16 (85.3%) dist_goal=0.57
22:35:53 [INFO] [MPC] state=(-1.86,-2.52,+2.27) wp0=(-1.65,-2.40) v=+0.030 ω=-0.015 ok=True iters=8
22:35:53 [INFO] [PROG] s*=3.55/4.16 (85.3%) dist_goal=0.56
22:35:53 [INFO] [MPC] state=(-1.86,-2.52,+2.27) wp0=(-1.65,-2.40) v=+0.030 ω=-0.016 ok=True iters=8
22:35:53 [INFO] [PROG] s*=3.55/4.16 (85.3%) dist_goal=0.56
22:35:53 [INFO] [MPC] state=(-1.86,-2.51,+2.27) wp0=(-1.65,-2.40) v=+0.030 ω=-0.015 ok=True iters=8
22:35:53 [INFO] [PROG] s*=3.55/4.16 (85.3%) dist_goal=0.56
22:35:53 [INFO] [MPC] state=(-1.86,-2.51,+2.26) wp0=(-1.65,-2.40) v=+0.030 ω=-0.028 ok=True iters=8
22:35:53 [INFO] [PROG] s*=3.55/4.16 (85.3%) dist_goal=0.56
22:35:53 [INFO] [MPC] state=(-1.87,-2.51,+2.26) wp0=(-1.65,-2.40) v=+0.030 ω=-0.021 ok=True iters=8
22:35:53 [INFO] [PROG] s*=3.55/4.16 (85.3%) dist_goal=0.55
22:35:53 [INFO] [MPC] state=(-1.87,-2.51,+2.26) wp0=(-1.65,-2.40) v=+0.030 ω=-0.020 ok=True iters=8
22:35:53 [INFO] [PROG] s*=3.55/4.16 (85.3%) dist_goal=0.55
22:35:53 [INFO] [MPC] state=(-1.87,-2.50,+2.26) wp0=(-1.65,-2.40) v=+0.030 ω=-0.017 ok=True iters=8
22:35:53 [INFO] [PROG] s*=3.55/4.16 (85.3%) dist_goal=0.55
22:35:53 [INFO] [MPC] state=(-1.87,-2.50,+2.26) wp0=(-1.65,-2.40) v=+0.030 ω=-0.017 ok=True iters=8
22:35:53 [INFO] [PROG] s*=3.55/4.16 (85.3%) dist_goal=0.55
22:35:53 [INFO] [MPC] state=(-1.87,-2.50,+2.25) wp0=(-1.65,-2.40) v=+0.030 ω=-0.016 ok=True iters=8
22:35:53 [INFO] [PROG] s*=3.55/4.16 (85.3%) dist_goal=0.55
22:35:53 [INFO] [MPC] state=(-1.88,-2.50,+2.25) wp0=(-1.65,-2.40) v=+0.030 ω=-0.017 ok=True iters=8
22:35:53 [INFO] [PROG] s*=3.55/4.16 (85.3%) dist_goal=0.54
22:35:53 [INFO] [MPC] state=(-1.88,-2.49,+2.25) wp0=(-1.65,-2.40) v=+0.030 ω=-0.017 ok=True iters=8
22:35:53 [INFO] [PROG] s*=3.55/4.16 (85.3%) dist_goal=0.54
22:35:53 [INFO] [MPC] state=(-1.88,-2.49,+2.25) wp0=(-1.65,-2.40) v=+0.030 ω=-0.047 ok=True iters=8
22:35:53 [INFO] [PROG] s*=3.55/4.16 (85.3%) dist_goal=0.54
22:35:53 [INFO] [MPC] state=(-1.88,-2.49,+2.24) wp0=(-1.65,-2.40) v=+0.030 ω=-0.040 ok=True iters=8
22:35:53 [INFO] [PROG] s*=3.55/4.16 (85.3%) dist_goal=0.54
22:35:53 [INFO] [MPC] state=(-1.88,-2.49,+2.24) wp0=(-1.65,-2.40) v=+0.030 ω=-0.037 ok=True iters=8
22:35:53 [INFO] [PROG] s*=3.55/4.16 (85.3%) dist_goal=0.53
22:35:53 [INFO] [MPC] state=(-1.89,-2.49,+2.24) wp0=(-1.65,-2.40) v=+0.030 ω=-0.035 ok=True iters=8
22:35:53 [INFO] [PROG] s*=3.55/4.16 (85.3%) dist_goal=0.53
22:35:53 [INFO] [MPC] state=(-1.89,-2.48,+2.23) wp0=(-1.65,-2.40) v=+0.030 ω=-0.036 ok=True iters=8
22:35:53 [INFO] [PROG] s*=3.55/4.16 (85.3%) dist_goal=0.53
22:35:53 [INFO] [MPC] state=(-1.89,-2.48,+2.23) wp0=(-1.65,-2.40) v=+0.030 ω=-0.037 ok=True iters=8
22:35:53 [INFO] [PROG] s*=3.55/4.16 (85.3%) dist_goal=0.53
22:35:53 [INFO] [MPC] state=(-1.89,-2.48,+2.23) wp0=(-1.65,-2.40) v=+0.030 ω=-0.040 ok=True iters=8
22:35:53 [INFO] [PROG] s*=3.55/4.16 (85.3%) dist_goal=0.53
22:35:53 [INFO] [MPC] state=(-1.89,-2.48,+2.22) wp0=(-1.65,-2.40) v=+0.030 ω=-0.044 ok=True iters=8
22:35:53 [INFO] [PROG] s*=3.55/4.16 (85.3%) dist_goal=0.52
22:35:53 [INFO] [MPC] state=(-1.89,-2.47,+2.22) wp0=(-1.65,-2.40) v=+0.030 ω=-0.048 ok=True iters=8
22:35:53 [INFO] [PROG] s*=3.55/4.16 (85.3%) dist_goal=0.52
22:35:53 [INFO] [MPC] state=(-1.90,-2.47,+2.21) wp0=(-1.65,-2.40) v=+0.030 ω=-0.057 ok=True iters=8
22:35:53 [INFO] [PROG] s*=3.55/4.16 (85.3%) dist_goal=0.52
22:35:53 [INFO] [MPC] state=(-1.90,-2.47,+2.21) wp0=(-1.65,-2.40) v=+0.030 ω=-0.050 ok=True iters=8
22:35:53 [INFO] [PROG] s*=3.55/4.16 (85.3%) dist_goal=0.52
22:35:53 [INFO] [MPC] state=(-1.90,-2.47,+2.20) wp0=(-1.65,-2.40) v=+0.030 ω=-0.044 ok=True iters=8
22:35:53 [INFO] [PROG] s*=3.55/4.16 (85.3%) dist_goal=0.51
22:35:53 [INFO] [MPC] state=(-1.90,-2.46,+2.20) wp0=(-1.65,-2.40) v=+0.030 ω=-0.042 ok=True iters=8
22:35:53 [INFO] [PROG] s*=3.55/4.16 (85.3%) dist_goal=0.51
22:35:53 [INFO] [MPC] state=(-1.90,-2.46,+2.19) wp0=(-1.65,-2.40) v=+0.030 ω=-0.043 ok=True iters=7
22:35:53 [INFO] [PROG] s*=3.76/4.16 (90.2%) dist_goal=0.51
22:35:53 [INFO] [MPC] state=(-1.91,-2.46,+2.19) wp0=(-1.75,-2.23) v=+0.030 ω=-0.045 ok=True iters=7
22:35:53 [INFO] [PROG] s*=3.76/4.16 (90.3%) dist_goal=0.51
22:35:53 [INFO] [MPC] state=(-1.91,-2.46,+2.19) wp0=(-1.75,-2.23) v=+0.030 ω=-2.400 ok=True iters=16
22:35:54 [INFO] [PROG] s*=3.76/4.16 (90.4%) dist_goal=0.50
22:35:54 [INFO] [MPC] state=(-1.91,-2.45,+1.97) wp0=(-1.75,-2.23) v=+0.030 ω=-2.400 ok=True iters=9
22:35:54 [INFO] [PROG] s*=3.77/4.16 (90.5%) dist_goal=0.50
22:35:54 [INFO] [MPC] state=(-1.91,-2.45,+1.74) wp0=(-1.75,-2.23) v=+0.030 ω=-2.400 ok=True iters=9
22:35:54 [INFO] [PROG] s*=3.77/4.16 (90.5%) dist_goal=0.49
22:35:54 [INFO] [MPC] state=(-1.91,-2.45,+1.51) wp0=(-1.75,-2.22) v=+0.030 ω=-2.400 ok=True iters=10
22:35:54 [INFO] [PROG] s*=3.77/4.16 (90.6%) dist_goal=0.49
22:35:54 [INFO] [MPC] state=(-1.91,-2.44,+1.28) wp0=(-1.75,-2.22) v=+0.124 ω=-2.117 ok=True iters=11
22:35:54 [INFO] [PROG] s*=3.77/4.16 (90.7%) dist_goal=0.48
22:35:54 [INFO] [MPC] state=(-1.91,-2.43,+1.11) wp0=(-1.75,-2.22) v=+0.122 ω=-1.353 ok=True iters=8
22:35:54 [INFO] [PROG] s*=3.78/4.16 (90.7%) dist_goal=0.47
22:35:54 [INFO] [MPC] state=(-1.90,-2.42,+0.99) wp0=(-1.75,-2.22) v=+0.119 ω=-0.720 ok=True iters=7
22:35:54 [INFO] [PROG] s*=3.78/4.16 (90.7%) dist_goal=0.46
22:35:54 [INFO] [MPC] state=(-1.89,-2.41,+0.91) wp0=(-1.75,-2.21) v=+0.116 ω=-0.255 ok=True iters=7
22:35:54 [INFO] [PROG] s*=3.78/4.16 (90.8%) dist_goal=0.45
22:35:54 [INFO] [MPC] state=(-1.88,-2.40,+0.89) wp0=(-1.75,-2.21) v=+0.114 ω=-0.049 ok=True iters=7
22:35:54 [INFO] [PROG] s*=3.78/4.16 (90.8%) dist_goal=0.44
22:35:54 [INFO] [MPC] state=(-1.88,-2.40,+0.88) wp0=(-1.75,-2.21) v=+0.112 ω=-0.035 ok=True iters=7
22:35:54 [INFO] [PROG] s*=3.78/4.16 (90.8%) dist_goal=0.43
22:35:54 [INFO] [MPC] state=(-1.87,-2.39,+0.88) wp0=(-1.75,-2.21) v=+0.109 ω=+0.246 ok=True iters=7
22:35:54 [INFO] [PROG] s*=3.78/4.16 (90.9%) dist_goal=0.42
22:35:54 [INFO] [MPC] state=(-1.86,-2.38,+0.91) wp0=(-1.75,-2.21) v=+0.107 ω=+0.263 ok=True iters=7
22:35:54 [INFO] [PROG] s*=3.78/4.16 (90.9%) dist_goal=0.41
22:35:54 [INFO] [MPC] state=(-1.86,-2.37,+0.93) wp0=(-1.75,-2.21) v=+0.105 ω=+0.143 ok=True iters=7
22:35:54 [INFO] [PROG] s*=3.79/4.16 (90.9%) dist_goal=0.40
22:35:54 [INFO] [MPC] state=(-1.85,-2.36,+0.95) wp0=(-1.75,-2.21) v=+0.103 ω=+0.315 ok=True iters=7
22:35:54 [INFO] [PROG] s*=3.79/4.16 (91.0%) dist_goal=0.39
22:35:54 [INFO] [MPC] state=(-1.84,-2.35,+0.98) wp0=(-1.75,-2.20) v=+0.101 ω=+0.147 ok=True iters=7
22:35:54 [INFO] [PROG] s*=3.79/4.16 (91.0%) dist_goal=0.39
22:35:54 [INFO] [MPC] state=(-1.84,-2.34,+1.00) wp0=(-1.75,-2.20) v=+0.099 ω=+0.180 ok=True iters=7
22:35:54 [INFO] [PROG] s*=3.79/4.16 (91.1%) dist_goal=0.38
22:35:54 [INFO] [MPC] state=(-1.83,-2.34,+1.01) wp0=(-1.75,-2.20) v=+0.097 ω=+0.326 ok=True iters=7
22:35:54 [INFO] [PROG] s*=3.79/4.16 (91.1%) dist_goal=0.37
22:35:54 [INFO] [MPC] state=(-1.83,-2.33,+1.05) wp0=(-1.75,-2.20) v=+0.095 ω=+0.126 ok=True iters=7
22:35:54 [INFO] [PROG] s*=3.79/4.16 (91.1%) dist_goal=0.36
22:35:54 [INFO] [MPC] state=(-1.82,-2.32,+1.06) wp0=(-1.75,-2.20) v=+0.093 ω=+0.151 ok=True iters=7
22:35:54 [INFO] [PROG] s*=3.79/4.16 (91.1%) dist_goal=0.36
22:35:54 [INFO] [MPC] state=(-1.82,-2.31,+1.08) wp0=(-1.75,-2.20) v=+0.091 ω=+0.160 ok=True iters=8
22:35:54 [INFO] [PROG] s*=3.79/4.16 (91.1%) dist_goal=0.35
22:35:54 [INFO] [MPC] state=(-1.81,-2.30,+1.09) wp0=(-1.75,-2.20) v=+0.089 ω=+0.163 ok=True iters=8
22:35:54 [INFO] [PROG] s*=3.79/4.16 (91.1%) dist_goal=0.34
22:35:54 [INFO] [MPC] state=(-1.81,-2.30,+1.11) wp0=(-1.75,-2.20) v=+0.087 ω=+0.160 ok=True iters=8
22:35:54 [INFO] [PROG] s*=3.79/4.16 (91.1%) dist_goal=0.33
22:35:54 [INFO] [MPC] state=(-1.81,-2.29,+1.13) wp0=(-1.75,-2.20) v=+0.085 ω=+0.306 ok=True iters=8
22:35:54 [INFO] [PROG] s*=3.79/4.16 (91.1%) dist_goal=0.33
22:35:54 [INFO] [MPC] state=(-1.80,-2.28,+1.16) wp0=(-1.75,-2.20) v=+0.083 ω=+0.087 ok=True iters=8
22:35:54 [INFO] [PROG] s*=3.79/4.16 (91.1%) dist_goal=0.32
22:35:54 [INFO] [MPC] state=(-1.80,-2.27,+1.17) wp0=(-1.75,-2.20) v=+0.082 ω=+0.107 ok=True iters=8
22:35:54 [INFO] [PROG] s*=3.79/4.16 (91.1%) dist_goal=0.31
22:35:54 [INFO] [MPC] state=(-1.80,-2.27,+1.18) wp0=(-1.75,-2.20) v=+0.080 ω=+0.114 ok=True iters=8
22:35:54 [INFO] [PROG] s*=3.79/4.16 (91.1%) dist_goal=0.31
22:35:54 [INFO] [MPC] state=(-1.79,-2.26,+1.19) wp0=(-1.75,-2.20) v=+0.078 ω=+0.270 ok=True iters=8
22:35:54 [INFO] [PROG] s*=3.80/4.16 (91.2%) dist_goal=0.30
22:35:54 [INFO] [MPC] state=(-1.79,-2.25,+1.22) wp0=(-1.75,-2.19) v=+0.077 ω=+0.051 ok=True iters=8
22:35:54 [INFO] [PROG] s*=3.80/4.16 (91.4%) dist_goal=0.29
22:35:54 [INFO] [MPC] state=(-1.79,-2.24,+1.22) wp0=(-1.75,-2.19) v=+0.075 ω=+0.075 ok=True iters=8
22:35:54 [INFO] [PROG] s*=3.81/4.16 (91.6%) dist_goal=0.29
22:35:54 [INFO] [MPC] state=(-1.79,-2.24,+1.23) wp0=(-1.75,-2.18) v=+0.074 ω=+0.241 ok=True iters=8
22:35:54 [INFO] [PROG] s*=3.82/4.16 (91.7%) dist_goal=0.28
22:35:54 [INFO] [MPC] state=(-1.78,-2.23,+1.26) wp0=(-1.75,-2.17) v=+0.072 ω=+0.032 ok=True iters=8
22:35:54 [INFO] [PROG] s*=3.82/4.16 (91.9%) dist_goal=0.28
22:35:54 [INFO] [MPC] state=(-1.78,-2.22,+1.26) wp0=(-1.75,-2.17) v=+0.071 ω=+0.210 ok=True iters=8
22:35:54 [INFO] [PROG] s*=3.83/4.16 (92.0%) dist_goal=0.27
22:35:54 [INFO] [MPC] state=(-1.78,-2.22,+1.28) wp0=(-1.75,-2.16) v=+0.069 ω=+0.011 ok=True iters=8
22:35:54 [INFO] [PROG] s*=3.84/4.16 (92.2%) dist_goal=0.26
22:35:54 [INFO] [MPC] state=(-1.78,-2.21,+1.28) wp0=(-1.75,-2.15) v=+0.068 ω=+0.055 ok=True iters=8
22:35:54 [INFO] [PROG] s*=3.84/4.16 (92.3%) dist_goal=0.26
22:35:54 [INFO] [MPC] state=(-1.77,-2.20,+1.29) wp0=(-1.75,-2.15) v=+0.066 ω=+0.068 ok=True iters=8
22:35:54 [INFO] [PROG] s*=3.85/4.16 (92.5%) dist_goal=0.25
22:35:54 [INFO] [MPC] state=(-1.77,-2.20,+1.29) wp0=(-1.75,-2.14) v=+0.065 ω=+0.073 ok=True iters=8
22:35:54 [INFO] [PROG] s*=3.86/4.16 (92.6%) dist_goal=0.25
22:35:54 [INFO] [MPC] state=(-1.77,-2.19,+1.30) wp0=(-1.75,-2.14) v=+0.063 ω=+0.075 ok=True iters=8
22:35:54 [INFO] [PROG] s*=3.86/4.16 (92.8%) dist_goal=0.24
22:35:54 [INFO] [MPC] state=(-1.77,-2.19,+1.31) wp0=(-1.75,-2.13) v=+0.062 ω=+0.076 ok=True iters=8
22:35:54 [INFO] [PROG] s*=3.87/4.16 (92.9%) dist_goal=0.24
22:35:54 [INFO] [MPC] state=(-1.77,-2.18,+1.32) wp0=(-1.75,-2.12) v=+0.061 ω=+0.076 ok=True iters=8
22:35:54 [INFO] [PROG] s*=3.87/4.16 (93.0%) dist_goal=0.23
22:35:54 [INFO] [MPC] state=(-1.77,-2.17,+1.33) wp0=(-1.75,-2.12) v=+0.060 ω=+0.074 ok=True iters=8
22:35:54 [INFO] [PROG] s*=3.88/4.16 (93.2%) dist_goal=0.23
22:35:54 [INFO] [MPC] state=(-1.77,-2.17,+1.33) wp0=(-1.75,-2.11) v=+0.058 ω=+0.210 ok=True iters=8
22:35:54 [INFO] [PROG] s*=3.88/4.16 (93.3%) dist_goal=0.22
22:35:54 [INFO] [MPC] state=(-1.76,-2.16,+1.35) wp0=(-1.75,-2.11) v=+0.057 ω=+0.463 ok=True iters=9
22:35:54 [INFO] [PROG] s*=3.89/4.16 (93.4%) dist_goal=0.22
22:35:54 [INFO] [MPC] state=(-1.76,-2.16,+1.40) wp0=(-1.75,-2.10) v=+0.056 ω=+0.637 ok=True iters=9
22:35:54 [INFO] [PROG] s*=3.89/4.16 (93.5%) dist_goal=0.22
22:35:54 [INFO] [MPC] state=(-1.76,-2.15,+1.46) wp0=(-1.75,-2.10) v=+0.055 ω=+0.870 ok=True iters=12
22:35:54 [INFO] [PROG] s*=3.90/4.16 (93.6%) dist_goal=0.21
22:35:54 [INFO] [MPC] state=(-1.76,-2.15,+1.55) wp0=(-1.75,-2.09) v=+0.054 ω=+1.188 ok=True iters=10
22:35:54 [INFO] [PROG] s*=3.90/4.16 (93.7%) dist_goal=0.21
22:35:54 [INFO] [MPC] state=(-1.76,-2.14,+1.65) wp0=(-1.75,-2.09) v=+0.053 ω=+1.079 ok=True iters=9
22:35:54 [INFO] [PROG] s*=3.90/4.16 (93.8%) dist_goal=0.21
22:35:54 [INFO] [MPC] state=(-1.76,-2.14,+1.76) wp0=(-1.75,-2.09) v=+0.030 ω=+1.121 ok=True iters=10
22:35:54 [INFO] [PROG] s*=3.91/4.16 (93.8%) dist_goal=0.21
22:35:54 [INFO] [MPC] state=(-1.76,-2.14,+1.87) wp0=(-1.75,-2.09) v=+0.030 ω=+0.773 ok=True iters=10
22:35:54 [INFO] [PROG] s*=3.91/4.16 (93.9%) dist_goal=0.20
22:35:54 [INFO] [MPC] state=(-1.76,-2.14,+1.95) wp0=(-1.75,-2.08) v=+0.030 ω=+0.528 ok=True iters=9
22:35:54 [INFO] [PROG] s*=3.91/4.16 (93.9%) dist_goal=0.20
22:35:54 [INFO] [MPC] state=(-1.76,-2.13,+2.01) wp0=(-1.75,-2.08) v=+0.030 ω=+0.397 ok=True iters=8
22:35:54 [INFO] [PROG] s*=3.91/4.16 (94.0%) dist_goal=0.20
22:35:54 [INFO] [MPC] state=(-1.77,-2.13,+2.05) wp0=(-1.75,-2.08) v=+0.030 ω=+0.293 ok=True iters=9
22:35:54 [INFO] [PROG] s*=3.91/4.16 (94.0%) dist_goal=0.19
22:35:54 [INFO] [MPC] state=(-1.77,-2.13,+2.08) wp0=(-1.75,-2.08) v=+0.030 ω=+0.229 ok=True iters=9
22:35:54 [INFO] [PROG] s*=3.92/4.16 (94.1%) dist_goal=0.19
22:35:54 [INFO] [MPC] state=(-1.77,-2.13,+2.10) wp0=(-1.75,-2.07) v=+0.030 ω=+0.190 ok=True iters=9
22:35:54 [INFO] [PROG] s*=3.92/4.16 (94.1%) dist_goal=0.19
22:35:54 [INFO] [MPC] state=(-1.77,-2.12,+2.12) wp0=(-1.75,-2.07) v=+0.030 ω=+0.167 ok=True iters=9
22:35:54 [INFO] [PROG] s*=3.92/4.16 (94.2%) dist_goal=0.19
22:35:54 [INFO] [MPC] state=(-1.77,-2.12,+2.14) wp0=(-1.75,-2.07) v=+0.030 ω=+0.154 ok=True iters=9
22:35:54 [INFO] [PROG] s*=3.92/4.16 (94.3%) dist_goal=0.18
22:35:54 [INFO] [MPC] state=(-1.77,-2.12,+2.15) wp0=(-1.75,-2.07) v=+0.030 ω=+0.148 ok=True iters=9
22:35:54 [INFO] [PROG] s*=3.93/4.16 (94.3%) dist_goal=0.18
22:35:54 [INFO] [MPC] state=(-1.78,-2.12,+2.17) wp0=(-1.75,-2.07) v=+0.030 ω=+0.165 ok=True iters=9
22:35:54 [INFO] [PROG] s*=3.93/4.16 (94.4%) dist_goal=0.18
22:35:54 [INFO] [MPC] state=(-1.78,-2.12,+2.19) wp0=(-1.75,-2.06) v=+0.030 ω=+0.097 ok=True iters=8
22:35:54 [INFO] [PROG] s*=3.93/4.16 (94.4%) dist_goal=0.18
22:35:54 [INFO] [MPC] state=(-1.78,-2.11,+2.20) wp0=(-1.75,-2.06) v=+0.030 ω=+0.055 ok=True iters=8
22:35:54 [INFO] [PROG] s*=3.93/4.16 (94.5%) dist_goal=0.17
22:35:54 [INFO] [MPC] state=(-1.78,-2.11,+2.20) wp0=(-1.75,-2.06) v=+0.030 ω=+0.028 ok=True iters=8
22:35:54 [INFO] [PROG] s*=3.94/4.16 (94.5%) dist_goal=0.17
22:35:54 [INFO] [MPC] state=(-1.78,-2.11,+2.20) wp0=(-1.75,-2.06) v=+0.030 ω=+0.010 ok=True iters=8
22:35:54 [INFO] [PROG] s*=3.94/4.16 (94.6%) dist_goal=0.17
22:35:54 [INFO] [MPC] state=(-1.78,-2.11,+2.20) wp0=(-1.75,-2.05) v=+0.030 ω=-0.001 ok=True iters=8
22:35:54 [INFO] [PROG] s*=3.94/4.16 (94.7%) dist_goal=0.16
22:35:54 [INFO] [MPC] state=(-1.79,-2.10,+2.20) wp0=(-1.75,-2.05) v=+0.030 ω=-0.010 ok=True iters=8
22:35:54 [INFO] [PROG] s*=3.94/4.16 (94.7%) dist_goal=0.16
22:35:54 [INFO] [MPC] state=(-1.79,-2.10,+2.20) wp0=(-1.75,-2.05) v=+0.030 ω=-0.015 ok=True iters=8
22:35:54 [INFO] [PROG] s*=3.94/4.16 (94.8%) dist_goal=0.16
22:35:54 [INFO] [MPC] state=(-1.79,-2.10,+2.20) wp0=(-1.75,-2.05) v=+0.030 ω=-0.019 ok=True iters=8
22:35:54 [INFO] [PROG] s*=3.95/4.16 (94.8%) dist_goal=0.15
22:35:54 [INFO] [MPC] state=(-1.79,-2.10,+2.20) wp0=(-1.75,-2.05) v=+0.030 ω=-0.022 ok=True iters=9
22:35:54 [INFO] [PROG] s*=3.95/4.16 (94.9%) dist_goal=0.15
22:35:54 [INFO] [MPC] state=(-1.79,-2.09,+2.20) wp0=(-1.76,-2.04) v=+0.030 ω=-0.022 ok=True iters=9
22:35:54 [INFO] [PROG] s*=3.95/4.16 (94.9%) dist_goal=0.15
22:35:54 [INFO] [MPC] state=(-1.79,-2.09,+2.20) wp0=(-1.76,-2.04) v=+0.030 ω=-0.024 ok=True iters=9
22:35:54 [INFO] [PROG] s*=3.95/4.16 (95.0%) dist_goal=0.15
22:35:54 [INFO] [MPC] state=(-1.80,-2.09,+2.19) wp0=(-1.76,-2.04) v=+0.030 ω=-0.024 ok=True iters=10
22:35:54 [INFO] [PROG] s*=3.96/4.16 (95.1%) dist_goal=0.14
22:35:54 [INFO] [MPC] state=(-1.80,-2.09,+2.19) wp0=(-1.76,-2.04) v=+0.030 ω=-0.025 ok=True iters=10
22:35:54 [INFO] [PROG] s*=3.96/4.16 (95.1%) dist_goal=0.14
22:35:54 [INFO] [MPC] state=(-1.80,-2.08,+2.19) wp0=(-1.76,-2.04) v=+0.030 ω=-0.026 ok=True iters=10
22:35:54 [INFO] [PROG] s*=3.96/4.16 (95.2%) dist_goal=0.14
22:35:54 [INFO] [MPC] state=(-1.80,-2.08,+2.19) wp0=(-1.76,-2.04) v=+0.030 ω=-0.028 ok=True iters=10
22:35:54 [INFO] [PROG] s*=3.96/4.16 (95.2%) dist_goal=0.13
22:35:54 [INFO] [MPC] state=(-1.80,-2.08,+2.18) wp0=(-1.77,-2.03) v=+0.030 ω=-0.029 ok=True iters=10
22:35:54 [INFO] [PROG] s*=3.97/4.16 (95.3%) dist_goal=0.13
22:35:54 [INFO] [MPC] state=(-1.81,-2.08,+2.18) wp0=(-1.77,-2.03) v=+0.030 ω=-0.029 ok=True iters=10
22:35:54 [INFO] [PROG] s*=4.02/4.16 (96.5%) dist_goal=0.13
22:35:54 [INFO] [MPC] state=(-1.81,-2.07,+2.18) wp0=(-1.80,-2.00) v=+0.030 ω=-0.029 ok=True iters=10
22:35:54 [INFO] [PROG] s*=4.02/4.16 (96.6%) dist_goal=0.13
22:35:54 [INFO] [MPC] state=(-1.81,-2.07,+2.17) wp0=(-1.81,-1.99) v=+0.030 ω=-0.028 ok=True iters=9
22:35:54 [INFO] [PROG] s*=4.02/4.16 (96.6%) dist_goal=0.12
22:35:54 [INFO] [MPC] state=(-1.81,-2.07,+2.17) wp0=(-1.81,-1.99) v=+0.030 ω=-0.029 ok=True iters=9
22:35:54 [INFO] [PROG] s*=4.03/4.16 (96.7%) dist_goal=0.12
22:35:54 [INFO] [MPC] state=(-1.81,-2.07,+2.17) wp0=(-1.81,-1.99) v=+0.030 ω=-0.029 ok=True iters=10
22:35:54 [INFO] [PROG] s*=4.03/4.16 (96.8%) dist_goal=0.12
22:35:54 [INFO] [MPC] state=(-1.81,-2.06,+2.17) wp0=(-1.81,-1.99) v=+0.030 ω=-0.030 ok=True iters=8
22:35:54 [INFO] [PROG] s*=4.03/4.16 (96.9%) dist_goal=0.11
22:35:54 [INFO] [MPC] state=(-1.82,-2.06,+2.16) wp0=(-1.81,-1.99) v=+0.030 ω=-0.030 ok=True iters=5
22:35:54 [INFO] [PROG] s*=4.03/4.16 (96.9%) dist_goal=0.11
22:35:54 [INFO] [MPC] state=(-1.82,-2.06,+2.16) wp0=(-1.82,-1.98) v=+0.030 ω=-0.032 ok=True iters=5
22:35:54 [INFO] [PROG] s*=4.04/4.16 (97.0%) dist_goal=0.11
22:35:54 [INFO] [MPC] state=(-1.82,-2.06,+2.16) wp0=(-1.82,-1.98) v=+0.030 ω=-0.032 ok=True iters=5
22:35:54 [INFO] [PROG] s*=4.04/4.16 (97.1%) dist_goal=0.11
22:35:54 [INFO] [MPC] state=(-1.82,-2.05,+2.15) wp0=(-1.82,-1.98) v=+0.030 ω=-0.034 ok=True iters=5
22:35:54 [INFO] [PROG] s*=4.04/4.16 (97.1%) dist_goal=0.10
22:35:54 [INFO] [MPC] state=(-1.82,-2.05,+2.15) wp0=(-1.82,-1.98) v=+0.030 ω=-0.076 ok=True iters=5
22:35:54 [INFO] [PROG] s*=4.05/4.16 (97.2%) dist_goal=0.10
22:35:54 [INFO] [MPC] state=(-1.82,-2.05,+2.14) wp0=(-1.82,-1.98) v=+0.030 ω=-0.064 ok=True iters=5
22:35:54 [INFO] [PROG] s*=4.05/4.16 (97.3%) dist_goal=0.10
22:35:54 [INFO] [MPC] state=(-1.83,-2.05,+2.14) wp0=(-1.83,-1.97) v=+0.030 ω=-0.055 ok=True iters=5
