21:40:48 [INFO] === New MPC Session Started ===
21:40:48 [DEBUG] matplotlib data path: /usr/share/matplotlib/mpl-data
21:40:48 [DEBUG] CONFIGDIR=/home/max/.config/matplotlib
21:40:48 [DEBUG] interactive is False
21:40:48 [DEBUG] platform is linux
21:40:48 [DEBUG] loaded modules: ['sys', 'builtins', '_frozen_importlib', '_imp', '_thread', '_warnings', '_weakref', '_io', 'marshal', 'posix', '_frozen_importlib_external', 'time', 'zipimport', '_codecs', 'codecs', 'encodings.aliases', 'encodings', 'encodings.utf_8', '_signal', '_abc', 'abc', 'io', '__main__', '_stat', 'stat', '_collections_abc', 'genericpath', 'posixpath', 'os.path', 'os', '_sitebuiltins', 'types', 'importlib._bootstrap', 'importlib._bootstrap_external', 'warnings', 'importlib', 'importlib._abc', 'itertools', 'keyword', '_operator', 'operator', 'reprlib', '_collections', 'collections', '_functools', 'functools', 'contextlib', 'importlib.util', 'importlib.machinery', 'mpl_toolkits', 'phply', 'ruamel', 'zope', 'apport_python_hook', 'sitecustomize', 'site', 'crowdnav', 'crowdnav.env', 'gym.error', 'gym.version', 'collections.abc', 'enum', '_sre', 'sre_constants', 'sre_parse', 'sre_compile', '_locale', 'copyreg', 're', 'typing.io', 'typing.re', 'typing', 'numpy._utils._convertions', 'numpy._utils', 'numpy._globals', 'numpy.exceptions', 'numpy.version', 'numpy._distributor_init', 'numpy._utils._inspect', 'math', '_datetime', 'datetime', 'numpy.core._exceptions', 'numpy.dtypes', 'numpy.core._multiarray_umath', 'numpy.core.overrides', 'numpy.core.multiarray', 'numpy.core.umath', 'numbers', 'numpy.core._string_helpers', 'fnmatch', 'ntpath', 'errno', 'urllib', 'ipaddress', 'urllib.parse', 'pathlib', '_struct', 'struct', '_compat_pickle', '_pickle', 'pickle', 'numpy.compat.py3k', 'numpy.compat', 'numpy.core._dtype', 'numpy.core._type_aliases', 'numpy.core.numerictypes', '_contextvars', 'contextvars', 'numpy.core._ufunc_config', 'numpy.core._methods', 'numpy.core.fromnumeric', 'numpy.core.shape_base', 'numpy.core.arrayprint', 'numpy.core._asarray', 'numpy.core.numeric', 'numpy.core.defchararray', 'numpy.core.records', 'numpy.core.memmap', 'numpy.core.function_base', 'numpy.core._machar', 'numpy.core.getlimits', 'numpy.core.einsumfunc', 'numpy.core._multiarray_tests', 'numpy.core._add_newdocs', 'numpy.core._add_newdocs_scalars', 'numpy.core._dtype_ctypes', '_ast', 'ast', '_ctypes', 'ctypes._endian', 'ctypes', 'numpy.core._internal', 'numpy._pytesttester', 'numpy.core', 'numpy.__config__', 'numpy.lib.mixins', 'numpy.lib.ufunclike', 'numpy.lib.type_check', 'numpy.lib.scimath', 'numpy.lib.stride_tricks', 'numpy.lib.twodim_base', 'numpy.linalg._umath_linalg', '__future__', 'numpy._typing._nested_sequence', 'numpy._typing._nbit', 'numpy._typing._char_codes', 'numpy._typing._scalars', 'numpy._typing._shape', 'numpy._typing._dtype_like', 'numpy._typing._array_like', 'numpy._typing', 'numpy.linalg.linalg', 'numpy.linalg', 'numpy.matrixlib.defmatrix', 'numpy.matrixlib', 'numpy.lib.histograms', 'numpy.lib.function_base', 'numpy.lib.index_tricks', 'numpy.lib.nanfunctions', 'numpy.lib.shape_base', 'numpy.lib.polynomial', 'textwrap', 'signal', '_weakrefset', 'threading', 'fcntl', '_posixsubprocess', 'select', 'selectors', 'subprocess', 'platform', 'numpy.lib.utils', 'numpy.lib.arraysetops', 'weakref', 'numpy.lib.format', 'numpy.lib._datasource', 'numpy.lib._iotools', 'numpy.lib.npyio', 'numpy.lib.arrayterator', 'numpy.lib.arraypad', 'numpy.lib._version', 'numpy.lib', 'numpy.fft._pocketfft_internal', 'numpy.fft._pocketfft', 'numpy.fft.helper', 'numpy.fft', 'numpy.polynomial.polyutils', 'numpy.polynomial._polybase', 'numpy.polynomial.polynomial', 'numpy.polynomial.chebyshev', 'numpy.polynomial.legendre', 'numpy.polynomial.hermite', 'numpy.polynomial.hermite_e', 'numpy.polynomial.laguerre', 'numpy.polynomial', 'cython_runtime', '_cython_3_0_8', 'numpy.random._common', 'binascii', 'base64', '_hashlib', '_blake2', 'hashlib', 'hmac', '_bisect', 'bisect', '_random', '_sha512', 'random', 'secrets', 'numpy.random.bit_generator', 'numpy.random._bounded_integers', 'numpy.random._mt19937', 'numpy.random.mtrand', 'numpy.random._philox', 'numpy.random._pcg64', 'numpy.random._sfc64', 'numpy.random._generator', 'numpy.random._pickle', 'numpy.random', 'numpy.ctypeslib', '_opcode', 'opcode', 'dis', 'token', 'tokenize', 'linecache', 'inspect', 'numpy.ma.core', 'numpy.ma.extras', 'numpy.ma', 'numpy', 'gym.utils.colorize', 'gym.utils.ezpickle', 'gym.utils', 'gym.logger', 'gym.utils.seeding', 'gym.spaces.space', 'gym.spaces.box', 'gym.spaces.dict', 'gym.spaces.discrete', 'gym.spaces.multi_discrete', 'gym.spaces.graph', 'gym.spaces.multi_binary', 'gym.spaces.sequence', 'gym.spaces.text', 'gym.spaces.tuple', 'gym.spaces.utils', 'gym.spaces', 'gym.core', 'copy', '_heapq', 'heapq', 'difflib', 'dataclasses', 'cv2.load_config_py3', 'cv2.version', 'numpy._core', 'numpy._core._multiarray_umath', 'cv2.gapi.core', 'cv2.gapi.core.cpu', 'cv2.gapi.core.fluid', 'cv2.gapi.core.ocl', 'cv2.gapi.ie', 'cv2.gapi.ie.detail', 'cv2.gapi.imgproc', 'cv2.gapi.imgproc.fluid', 'cv2.gapi.oak', 'cv2.gapi.onnx', 'cv2.gapi.onnx.ep', 'cv2.gapi.ot', 'cv2.gapi.ot.cpu', 'cv2.gapi.ov', 'cv2.gapi.own', 'cv2.gapi.own.detail', 'cv2.gapi.render', 'cv2.gapi.render.ocv', 'cv2.gapi.streaming', 'cv2.gapi.video', 'cv2.gapi.wip', 'cv2.gapi.wip.draw', 'cv2.gapi.wip.gst', 'cv2.gapi.wip.onevpl', 'cv2.utils.fs', 'cv2.utils.nested', 'cv2.gapi', 'cv2.ogl', 'cv2.data', 'cv2.detail', 'cv2.flann', 'cv2.ml', 'cv2.aruco', 'cv2.qt', 'cv2.utils', 'cv2.typing', 'cv2.samples', 'cv2.barcode', 'cv2.segmentation', 'cv2.ocl', 'cv2.cuda', 'cv2.parallel', 'cv2.dnn', 'cv2.Error', 'cv2.videoio_registry', 'cv2.ipp', 'cv2.fisheye', 'cv2.misc.version', 'cv2.misc', 'cv2.mat_wrapper', 'cv2', 'gym.wrappers.atari_preprocessing', 'gym.wrappers.autoreset', 'gym.wrappers.clip_action', 'gym.wrappers.filter_observation', 'gym.wrappers.flatten_observation', 'gym.wrappers.frame_stack', 'gym.wrappers.gray_scale_observation', 'gym.wrappers.human_rendering', 'gym.wrappers.normalize', 'gym.wrappers.order_enforcing', 'gym.wrappers.record_episode_statistics', 'gym.wrappers.monitoring', '_json', 'json.scanner', 'json.decoder', 'json.encoder', 'json', 'zlib', '_compression', '_bz2', 'bz2', '_lzma', 'lzma', 'shutil', 'tempfile', 'gym.wrappers.monitoring.video_recorder', 'gym.wrappers.record_video', 'gym.wrappers.render_collection', 'gym.wrappers.rescale_action', 'gym.wrappers.resize_observation', 'gym.utils.step_api_compatibility', 'gym.wrappers.step_api_compatibility', 'gym.wrappers.time_aware_observation', 'gym.wrappers.time_limit', 'gym.wrappers.transform_observation', 'gym.wrappers.transform_reward', 'gym.wrappers.vector_list_info', 'gym.wrappers', 'gym.wrappers.compatibility', 'gym.utils.passive_env_checker', 'gym.wrappers.env_checker', '_csv', 'csv', 'email', 'zipfile', 'uu', 'quopri', '_socket', 'array', 'socket', 'locale', 'calendar', 'email._parseaddr', 'email.base64mime', '_string', 'string', 'email.quoprimime', 'email.errors', 'email.encoders', 'email.charset', 'email.utils', 'email.header', 'email._policybase', 'email._encoded_words', 'email.iterators', 'email.message', 'importlib.metadata._functools', 'importlib.metadata._text', 'importlib.metadata._adapters', 'importlib.metadata._meta', 'importlib.metadata._collections', 'importlib.metadata._itertools', 'importlib.abc', 'importlib.metadata', 'gym.envs.registration', 'gym.envs', 'multiprocessing.process', 'multiprocessing.reduction', 'multiprocessing.context', '__mp_main__', 'multiprocessing', 'gym.vector.utils.misc', 'gym.vector.utils.numpy_utils', 'gym.vector.utils.shared_memory', 'gym.vector.utils.spaces', 'gym.vector.utils', 'gym.vector.vector_env', 'gym.vector.async_vector_env', 'gym.vector.sync_vector_env', 'gym.vector', 'gym_notices', 'gym_notices.notices', 'gym', 'pybullet', 'pybullet_data', 'traceback', 'atexit', 'logging', 'crowdnav.logger_setup', 'crowdnav.config', 'crowdnav.kinematics', 'crowdnav.dynamics', 'crowdnav.sensors', 'crowdnav.control', 'crowdnav.control.align', 'crowdnav.control.track', 'crowdnav.planning', 'swig_runtime_data4', 'casadi._casadi', 'casadi.casadi', 'casadi', 'crowdnav.planning.mpc_runner', 'crowdnav.planning.path_mgr', 'crowdnav.utils2', 'crowdnav.utils2.coord', 'crowdnav.planning.path_math', 'crowdnav.utils', 'matplotlib', 'pprint', 'packaging.__about__', 'packaging', 'packaging._structures', 'packaging.version', 'matplotlib._api.deprecation', 'matplotlib._api', 'matplotlib._version', 'gzip', 'shlex', 'matplotlib._c_internal_utils', 'matplotlib.cbook', 'matplotlib.docstring', 'PIL._version', 'PIL', 'PIL.ImageMode', 'PIL.TiffTags', 'PIL._binary', 'PIL._util', 'PIL._imaging', 'PIL.Image', 'PIL.ImageChops', 'PIL.ImageFile', 'PIL.GimpGradientFile', 'PIL.GimpPaletteFile', 'PIL.ImageColor', 'PIL.PaletteFile', 'PIL.ImagePalette', 'PIL.ImageSequence', 'PIL.PngImagePlugin', 'matplotlib._path', 'matplotlib.bezier', 'matplotlib.path', 'matplotlib.transforms', 'matplotlib.ticker', 'matplotlib.scale', 'matplotlib._color_data', 'matplotlib.colors', 'pyparsing', 'matplotlib.fontconfig_pattern', 'matplotlib._enums', 'cycler', 'matplotlib.rcsetup', 'matplotlib.ft2font', 'dateutil._version', 'dateutil', 'kiwisolver']
21:40:48 [DEBUG] CACHEDIR=/home/max/.cache/matplotlib
21:40:48 [DEBUG] Using fontManager instance from /home/max/.cache/matplotlib/fontlist-v330.json
21:40:48 [DEBUG] Loaded backend TkAgg version unknown.
21:40:48 [INFO] CrowdNavPyBulletEnv initializing...
21:40:51 [INFO] World ready | grid: (112, 112), res: 0.1, N=10, T=0.1
21:40:53 [INFO] [PROG] s*=0.00/8.95 (0.0%) dist_goal=6.65
21:40:53 [INFO] [MPC] state=(+3.65,-3.75,+2.30) wp0=(+3.59,-3.69) v=+0.200 ω=+1.635 ok=True iters=7
21:40:53 [INFO] [PROG] s*=0.00/8.95 (0.0%) dist_goal=6.64
21:40:53 [INFO] [MPC] state=(+3.64,-3.74,+2.35) wp0=(+3.59,-3.69) v=+0.200 ω=+2.400 ok=True iters=9
21:40:53 [INFO] [PROG] s*=0.00/8.95 (0.0%) dist_goal=6.63
21:40:53 [INFO] [MPC] state=(+3.64,-3.74,+2.47) wp0=(+3.59,-3.69) v=+0.200 ω=+2.400 ok=True iters=10
21:40:53 [INFO] [PROG] s*=0.01/8.95 (0.1%) dist_goal=6.62
21:40:53 [INFO] [MPC] state=(+3.63,-3.73,+2.60) wp0=(+3.59,-3.69) v=+0.200 ω=+1.943 ok=True iters=7
21:40:53 [INFO] [PROG] s*=0.02/8.95 (0.2%) dist_goal=6.61
21:40:53 [INFO] [MPC] state=(+3.62,-3.73,+2.71) wp0=(+3.58,-3.68) v=+0.200 ω=+1.641 ok=True iters=7
21:40:53 [INFO] [PROG] s*=0.03/8.95 (0.4%) dist_goal=6.59
21:40:53 [INFO] [MPC] state=(+3.61,-3.72,+2.80) wp0=(+3.57,-3.67) v=+0.200 ω=+1.374 ok=True iters=7
21:40:53 [INFO] [PROG] s*=0.05/8.95 (0.5%) dist_goal=6.58
21:40:53 [INFO] [MPC] state=(+3.59,-3.72,+2.87) wp0=(+3.56,-3.66) v=+0.200 ω=+1.122 ok=True iters=7
21:40:53 [INFO] [PROG] s*=0.06/8.95 (0.7%) dist_goal=6.56
21:40:53 [INFO] [MPC] state=(+3.58,-3.71,+2.93) wp0=(+3.55,-3.65) v=+0.200 ω=+0.902 ok=True iters=7
21:40:53 [INFO] [PROG] s*=0.08/8.95 (0.8%) dist_goal=6.55
21:40:53 [INFO] [MPC] state=(+3.56,-3.71,+2.98) wp0=(+3.54,-3.65) v=+0.200 ω=+0.772 ok=True iters=7
21:40:53 [INFO] [PROG] s*=0.14/8.95 (1.5%) dist_goal=6.53
21:40:53 [INFO] [MPC] state=(+3.54,-3.71,+3.03) wp0=(+3.47,-3.65) v=+0.200 ω=+0.591 ok=True iters=7
21:40:53 [INFO] [PROG] s*=0.15/8.95 (1.7%) dist_goal=6.52
21:40:53 [INFO] [MPC] state=(+3.52,-3.71,+3.06) wp0=(+3.46,-3.65) v=+0.200 ω=+0.522 ok=True iters=7
21:40:53 [INFO] [PROG] s*=0.17/8.95 (1.9%) dist_goal=6.50
21:40:53 [INFO] [MPC] state=(+3.51,-3.71,+3.09) wp0=(+3.44,-3.65) v=+0.200 ω=+0.415 ok=True iters=7
21:40:53 [INFO] [PROG] s*=0.19/8.95 (2.1%) dist_goal=6.49
21:40:53 [INFO] [MPC] state=(+3.49,-3.70,+3.11) wp0=(+3.42,-3.65) v=+0.200 ω=+0.337 ok=True iters=7
21:40:53 [INFO] [PROG] s*=0.21/8.95 (2.4%) dist_goal=6.47
21:40:53 [INFO] [MPC] state=(+3.47,-3.70,+3.13) wp0=(+3.40,-3.65) v=+0.200 ω=+0.279 ok=True iters=7
21:40:53 [INFO] [PROG] s*=0.23/8.95 (2.6%) dist_goal=6.46
21:40:53 [INFO] [MPC] state=(+3.45,-3.70,+3.15) wp0=(+3.38,-3.65) v=+0.200 ω=+0.222 ok=True iters=7
21:40:53 [INFO] [PROG] s*=0.25/8.95 (2.8%) dist_goal=6.44
21:40:53 [INFO] [MPC] state=(+3.43,-3.70,+3.16) wp0=(+3.36,-3.65) v=+0.200 ω=+0.166 ok=True iters=7
21:40:53 [INFO] [PROG] s*=0.27/8.95 (3.0%) dist_goal=6.43
21:40:53 [INFO] [MPC] state=(+3.41,-3.71,+3.17) wp0=(+3.34,-3.65) v=+0.200 ω=+0.200 ok=True iters=7
21:40:53 [INFO] [PROG] s*=0.29/8.95 (3.2%) dist_goal=6.41
21:40:53 [INFO] [MPC] state=(+3.39,-3.71,+3.19) wp0=(+3.32,-3.65) v=+0.200 ω=+0.142 ok=True iters=7
21:40:53 [INFO] [PROG] s*=0.31/8.95 (3.5%) dist_goal=6.40
21:40:53 [INFO] [MPC] state=(+3.37,-3.71,+3.20) wp0=(+3.30,-3.65) v=+0.200 ω=+0.091 ok=True iters=7
21:40:53 [INFO] [PROG] s*=0.33/8.95 (3.7%) dist_goal=6.38
21:40:53 [INFO] [MPC] state=(+3.35,-3.71,+3.21) wp0=(+3.28,-3.65) v=+0.200 ω=+0.115 ok=True iters=7
21:40:53 [INFO] [PROG] s*=0.35/8.95 (3.9%) dist_goal=6.37
21:40:53 [INFO] [MPC] state=(+3.33,-3.71,+3.22) wp0=(+3.26,-3.65) v=+0.200 ω=+0.067 ok=True iters=7
21:40:53 [INFO] [PROG] s*=0.37/8.95 (4.1%) dist_goal=6.35
21:40:53 [INFO] [MPC] state=(+3.31,-3.71,+3.23) wp0=(+3.24,-3.65) v=+0.200 ω=+0.031 ok=True iters=7
21:40:53 [INFO] [PROG] s*=0.39/8.95 (4.4%) dist_goal=6.34
21:40:53 [INFO] [MPC] state=(+3.29,-3.71,+3.23) wp0=(+3.22,-3.65) v=+0.200 ω=+0.009 ok=True iters=7
21:40:53 [INFO] [PROG] s*=0.41/8.95 (4.6%) dist_goal=6.32
21:40:53 [INFO] [MPC] state=(+3.27,-3.71,+3.23) wp0=(+3.20,-3.65) v=+0.200 ω=-0.005 ok=True iters=7
21:40:53 [INFO] [PROG] s*=0.43/8.95 (4.8%) dist_goal=6.31
21:40:53 [INFO] [MPC] state=(+3.25,-3.72,+3.23) wp0=(+3.18,-3.65) v=+0.200 ω=-0.034 ok=True iters=7
21:40:53 [INFO] [PROG] s*=0.45/8.95 (5.0%) dist_goal=6.29
21:40:53 [INFO] [MPC] state=(+3.23,-3.72,+3.23) wp0=(+3.16,-3.65) v=+0.200 ω=-0.031 ok=True iters=7
21:40:53 [INFO] [PROG] s*=0.47/8.95 (5.3%) dist_goal=6.28
21:40:53 [INFO] [MPC] state=(+3.21,-3.72,+3.22) wp0=(+3.14,-3.65) v=+0.200 ω=-0.029 ok=True iters=7
21:40:53 [INFO] [PROG] s*=0.49/8.95 (5.5%) dist_goal=6.26
21:40:53 [INFO] [MPC] state=(+3.19,-3.72,+3.22) wp0=(+3.12,-3.65) v=+0.200 ω=-0.028 ok=True iters=7
21:40:53 [INFO] [PROG] s*=0.51/8.95 (5.7%) dist_goal=6.25
21:40:53 [INFO] [MPC] state=(+3.17,-3.72,+3.22) wp0=(+3.10,-3.65) v=+0.200 ω=-0.027 ok=True iters=7
21:40:53 [INFO] [PROG] s*=0.53/8.95 (5.9%) dist_goal=6.23
21:40:53 [INFO] [MPC] state=(+3.15,-3.73,+3.22) wp0=(+3.08,-3.65) v=+0.200 ω=-0.026 ok=True iters=7
21:40:53 [INFO] [PROG] s*=0.55/8.95 (6.2%) dist_goal=6.22
21:40:53 [INFO] [MPC] state=(+3.13,-3.73,+3.21) wp0=(+3.06,-3.65) v=+0.200 ω=-0.025 ok=True iters=7
21:40:53 [INFO] [PROG] s*=0.57/8.95 (6.4%) dist_goal=6.20
21:40:53 [INFO] [MPC] state=(+3.11,-3.73,+3.21) wp0=(+3.04,-3.65) v=+0.200 ω=-0.024 ok=True iters=7
21:40:53 [INFO] [PROG] s*=0.59/8.95 (6.6%) dist_goal=6.19
21:40:53 [INFO] [MPC] state=(+3.09,-3.73,+3.21) wp0=(+3.02,-3.65) v=+0.200 ω=-0.024 ok=True iters=7
21:40:53 [INFO] [PROG] s*=0.61/8.95 (6.9%) dist_goal=6.17
21:40:53 [INFO] [MPC] state=(+3.07,-3.73,+3.21) wp0=(+3.00,-3.65) v=+0.200 ω=-0.023 ok=True iters=7
21:40:53 [INFO] [PROG] s*=0.63/8.95 (7.1%) dist_goal=6.16
21:40:53 [INFO] [MPC] state=(+3.05,-3.73,+3.20) wp0=(+2.98,-3.65) v=+0.200 ω=-0.023 ok=True iters=7
21:40:53 [INFO] [PROG] s*=0.65/8.95 (7.3%) dist_goal=6.14
21:40:53 [INFO] [MPC] state=(+3.03,-3.73,+3.20) wp0=(+2.96,-3.65) v=+0.200 ω=-0.022 ok=True iters=7
21:40:53 [INFO] [PROG] s*=0.67/8.95 (7.5%) dist_goal=6.13
21:40:53 [INFO] [MPC] state=(+3.01,-3.73,+3.20) wp0=(+2.94,-3.65) v=+0.200 ω=-0.119 ok=True iters=7
21:40:53 [INFO] [PROG] s*=0.69/8.95 (7.8%) dist_goal=6.11
21:40:53 [INFO] [MPC] state=(+2.99,-3.74,+3.19) wp0=(+2.92,-3.65) v=+0.200 ω=-0.091 ok=True iters=7
21:40:53 [INFO] [PROG] s*=0.71/8.95 (8.0%) dist_goal=6.10
21:40:53 [INFO] [MPC] state=(+2.97,-3.74,+3.18) wp0=(+2.90,-3.65) v=+0.200 ω=-0.067 ok=True iters=7
21:40:53 [INFO] [PROG] s*=0.73/8.95 (8.2%) dist_goal=6.08
21:40:53 [INFO] [MPC] state=(+2.95,-3.74,+3.17) wp0=(+2.88,-3.65) v=+0.200 ω=-0.051 ok=True iters=7
21:40:53 [INFO] [PROG] s*=0.76/8.95 (8.4%) dist_goal=6.07
21:40:53 [INFO] [MPC] state=(+2.93,-3.74,+3.17) wp0=(+2.86,-3.65) v=+0.200 ω=-0.119 ok=True iters=7
21:40:53 [INFO] [PROG] s*=0.78/8.95 (8.7%) dist_goal=6.05
21:40:53 [INFO] [MPC] state=(+2.91,-3.74,+3.16) wp0=(+2.84,-3.65) v=+0.200 ω=-0.092 ok=True iters=7
21:40:53 [INFO] [PROG] s*=0.80/8.95 (8.9%) dist_goal=6.04
21:40:53 [INFO] [MPC] state=(+2.89,-3.74,+3.15) wp0=(+2.82,-3.65) v=+0.200 ω=-0.066 ok=True iters=7
21:40:53 [INFO] [PROG] s*=0.82/8.95 (9.1%) dist_goal=6.02
21:40:53 [INFO] [MPC] state=(+2.87,-3.74,+3.14) wp0=(+2.80,-3.65) v=+0.200 ω=-0.197 ok=True iters=7
21:40:53 [INFO] [PROG] s*=0.84/8.95 (9.3%) dist_goal=6.00
21:40:53 [INFO] [MPC] state=(+2.85,-3.74,+3.13) wp0=(+2.78,-3.65) v=+0.200 ω=-0.248 ok=True iters=7
21:40:53 [INFO] [PROG] s*=0.86/8.95 (9.6%) dist_goal=5.99
21:40:53 [INFO] [MPC] state=(+2.83,-3.74,+3.11) wp0=(+2.76,-3.65) v=+0.200 ω=-0.201 ok=True iters=7
21:40:53 [INFO] [PROG] s*=0.88/8.95 (9.8%) dist_goal=5.97
21:40:53 [INFO] [MPC] state=(+2.81,-3.74,+3.09) wp0=(+2.74,-3.65) v=+0.200 ω=-0.193 ok=True iters=7
21:40:53 [INFO] [PROG] s*=0.90/8.95 (10.0%) dist_goal=5.96
21:40:53 [INFO] [MPC] state=(+2.79,-3.74,+3.08) wp0=(+2.72,-3.65) v=+0.200 ω=-0.173 ok=True iters=7
21:40:53 [INFO] [PROG] s*=0.92/8.95 (10.2%) dist_goal=5.94
21:40:53 [INFO] [MPC] state=(+2.77,-3.73,+3.06) wp0=(+2.70,-3.65) v=+0.200 ω=-0.158 ok=True iters=7
21:40:53 [INFO] [PROG] s*=0.93/8.95 (10.4%) dist_goal=5.92
21:40:53 [INFO] [MPC] state=(+2.75,-3.73,+3.05) wp0=(+2.68,-3.65) v=+0.200 ω=-0.268 ok=True iters=7
21:40:53 [INFO] [PROG] s*=0.95/8.95 (10.7%) dist_goal=5.91
21:40:53 [INFO] [MPC] state=(+2.73,-3.73,+3.03) wp0=(+2.66,-3.65) v=+0.200 ω=-0.248 ok=True iters=7
21:40:53 [INFO] [PROG] s*=0.97/8.95 (10.9%) dist_goal=5.89
21:40:53 [INFO] [MPC] state=(+2.71,-3.73,+3.02) wp0=(+2.64,-3.65) v=+0.200 ω=-0.234 ok=True iters=7
21:40:53 [INFO] [PROG] s*=0.99/8.95 (11.1%) dist_goal=5.88
21:40:53 [INFO] [MPC] state=(+2.69,-3.73,+3.00) wp0=(+2.62,-3.65) v=+0.200 ω=-0.381 ok=True iters=7
21:40:53 [INFO] [PROG] s*=1.01/8.95 (11.3%) dist_goal=5.86
21:40:53 [INFO] [MPC] state=(+2.67,-3.72,+2.97) wp0=(+2.60,-3.65) v=+0.200 ω=-0.356 ok=True iters=7
21:40:53 [INFO] [PROG] s*=1.03/8.95 (11.5%) dist_goal=5.84
21:40:53 [INFO] [MPC] state=(+2.65,-3.72,+2.95) wp0=(+2.58,-3.65) v=+0.200 ω=-0.330 ok=True iters=7
21:40:53 [INFO] [PROG] s*=1.05/8.95 (11.7%) dist_goal=5.82
21:40:53 [INFO] [MPC] state=(+2.63,-3.72,+2.93) wp0=(+2.56,-3.65) v=+0.200 ω=-0.434 ok=True iters=7
21:40:53 [INFO] [PROG] s*=1.07/8.95 (11.9%) dist_goal=5.81
21:40:53 [INFO] [MPC] state=(+2.61,-3.71,+2.90) wp0=(+2.54,-3.65) v=+0.200 ω=-0.395 ok=True iters=7
21:40:53 [INFO] [PROG] s*=1.09/8.95 (12.2%) dist_goal=5.79
21:40:53 [INFO] [MPC] state=(+2.59,-3.71,+2.88) wp0=(+2.52,-3.65) v=+0.200 ω=-0.356 ok=True iters=7
21:40:53 [INFO] [PROG] s*=1.11/8.95 (12.4%) dist_goal=5.77
21:40:53 [INFO] [MPC] state=(+2.57,-3.70,+2.86) wp0=(+2.51,-3.65) v=+0.200 ω=-0.310 ok=True iters=7
21:40:53 [INFO] [PROG] s*=1.12/8.95 (12.6%) dist_goal=5.75
21:40:53 [INFO] [MPC] state=(+2.56,-3.69,+2.84) wp0=(+2.49,-3.65) v=+0.200 ω=-0.295 ok=True iters=7
21:40:53 [INFO] [PROG] s*=1.14/8.95 (12.8%) dist_goal=5.74
21:40:53 [INFO] [MPC] state=(+2.54,-3.69,+2.82) wp0=(+2.47,-3.65) v=+0.200 ω=-0.272 ok=True iters=7
21:40:53 [INFO] [PROG] s*=1.16/8.95 (13.0%) dist_goal=5.72
21:40:53 [INFO] [MPC] state=(+2.52,-3.68,+2.80) wp0=(+2.45,-3.65) v=+0.200 ω=-0.370 ok=True iters=7
21:40:53 [INFO] [PROG] s*=1.18/8.95 (13.2%) dist_goal=5.70
21:40:53 [INFO] [MPC] state=(+2.50,-3.68,+2.77) wp0=(+2.43,-3.65) v=+0.200 ω=-0.319 ok=True iters=7
21:40:53 [INFO] [PROG] s*=1.20/8.95 (13.4%) dist_goal=5.68
21:40:53 [INFO] [MPC] state=(+2.48,-3.67,+2.75) wp0=(+2.41,-3.65) v=+0.200 ω=-0.107 ok=True iters=7
21:40:53 [INFO] [PROG] s*=1.22/8.95 (13.6%) dist_goal=5.66
21:40:53 [INFO] [MPC] state=(+2.46,-3.66,+2.74) wp0=(+2.39,-3.65) v=+0.200 ω=-0.100 ok=True iters=7
21:40:53 [INFO] [PROG] s*=1.24/8.95 (13.8%) dist_goal=5.64
21:40:53 [INFO] [MPC] state=(+2.44,-3.65,+2.73) wp0=(+2.38,-3.65) v=+0.200 ω=-0.202 ok=True iters=7
21:40:53 [INFO] [PROG] s*=1.25/8.95 (14.0%) dist_goal=5.62
21:40:53 [INFO] [MPC] state=(+2.43,-3.64,+2.72) wp0=(+2.36,-3.65) v=+0.200 ω=-0.164 ok=True iters=7
21:40:53 [INFO] [PROG] s*=1.27/8.95 (14.2%) dist_goal=5.60
21:40:53 [INFO] [MPC] state=(+2.41,-3.64,+2.70) wp0=(+2.34,-3.65) v=+0.200 ω=-0.115 ok=True iters=7
21:40:53 [INFO] [PROG] s*=1.29/8.95 (14.4%) dist_goal=5.58
21:40:53 [INFO] [MPC] state=(+2.39,-3.63,+2.69) wp0=(+2.32,-3.65) v=+0.200 ω=+0.193 ok=True iters=7
21:40:53 [INFO] [PROG] s*=1.31/8.95 (14.6%) dist_goal=5.56
21:40:53 [INFO] [MPC] state=(+2.37,-3.62,+2.71) wp0=(+2.30,-3.65) v=+0.200 ω=+0.150 ok=True iters=7
21:40:53 [INFO] [PROG] s*=1.33/8.95 (14.8%) dist_goal=5.55
21:40:53 [INFO] [MPC] state=(+2.35,-3.61,+2.72) wp0=(+2.28,-3.65) v=+0.200 ω=+0.116 ok=True iters=7
21:40:53 [INFO] [PROG] s*=1.35/8.95 (15.0%) dist_goal=5.53
21:40:53 [INFO] [MPC] state=(+2.33,-3.60,+2.73) wp0=(+2.27,-3.65) v=+0.200 ω=+0.091 ok=True iters=7
21:40:53 [INFO] [PROG] s*=1.36/8.95 (15.2%) dist_goal=5.51
21:40:53 [INFO] [MPC] state=(+2.32,-3.59,+2.74) wp0=(+2.25,-3.65) v=+0.200 ω=+0.083 ok=True iters=7
21:40:53 [INFO] [PROG] s*=1.38/8.95 (15.5%) dist_goal=5.49
21:40:53 [INFO] [MPC] state=(+2.30,-3.59,+2.75) wp0=(+2.23,-3.65) v=+0.200 ω=+0.071 ok=True iters=7
21:40:53 [INFO] [PROG] s*=1.40/8.95 (15.7%) dist_goal=5.47
21:40:53 [INFO] [MPC] state=(+2.28,-3.58,+2.76) wp0=(+2.21,-3.65) v=+0.200 ω=+0.068 ok=True iters=7
21:40:53 [INFO] [PROG] s*=1.42/8.95 (15.9%) dist_goal=5.45
21:40:53 [INFO] [MPC] state=(+2.26,-3.57,+2.77) wp0=(+2.19,-3.65) v=+0.200 ω=+0.456 ok=True iters=7
21:40:54 [INFO] [PROG] s*=1.44/8.95 (16.1%) dist_goal=5.43
21:40:54 [INFO] [MPC] state=(+2.24,-3.56,+2.79) wp0=(+2.17,-3.65) v=+0.200 ω=+0.392 ok=True iters=7
21:40:54 [INFO] [PROG] s*=1.46/8.95 (16.3%) dist_goal=5.42
21:40:54 [INFO] [MPC] state=(+2.22,-3.56,+2.82) wp0=(+2.16,-3.65) v=+0.200 ω=+0.308 ok=True iters=7
21:40:54 [INFO] [PROG] s*=1.47/8.95 (16.5%) dist_goal=5.40
21:40:54 [INFO] [MPC] state=(+2.21,-3.55,+2.84) wp0=(+2.14,-3.65) v=+0.200 ω=+0.581 ok=True iters=7
21:40:54 [INFO] [PROG] s*=1.49/8.95 (16.7%) dist_goal=5.38
21:40:54 [INFO] [MPC] state=(+2.19,-3.55,+2.88) wp0=(+2.12,-3.65) v=+0.200 ω=+0.440 ok=True iters=7
21:40:54 [INFO] [PROG] s*=1.51/8.95 (16.9%) dist_goal=5.37
21:40:54 [INFO] [MPC] state=(+2.17,-3.54,+2.90) wp0=(+2.10,-3.65) v=+0.200 ω=+0.375 ok=True iters=7
21:40:54 [INFO] [PROG] s*=1.53/8.95 (17.1%) dist_goal=5.35
21:40:54 [INFO] [MPC] state=(+2.15,-3.54,+2.93) wp0=(+2.08,-3.65) v=+0.200 ω=+0.314 ok=True iters=7
21:40:54 [INFO] [PROG] s*=1.55/8.95 (17.3%) dist_goal=5.34
21:40:54 [INFO] [MPC] state=(+2.13,-3.53,+2.95) wp0=(+2.06,-3.65) v=+0.200 ω=+0.183 ok=True iters=7
21:40:54 [INFO] [PROG] s*=1.57/8.95 (17.5%) dist_goal=5.32
21:40:54 [INFO] [MPC] state=(+2.11,-3.53,+2.96) wp0=(+2.04,-3.65) v=+0.200 ω=+0.146 ok=True iters=7
21:40:54 [INFO] [PROG] s*=1.59/8.95 (17.7%) dist_goal=5.30
21:40:54 [INFO] [MPC] state=(+2.09,-3.53,+2.98) wp0=(+2.02,-3.65) v=+0.200 ω=+0.115 ok=True iters=7
21:40:54 [INFO] [PROG] s*=1.61/8.95 (18.0%) dist_goal=5.29
21:40:54 [INFO] [MPC] state=(+2.07,-3.52,+2.99) wp0=(+2.00,-3.65) v=+0.200 ω=+0.090 ok=True iters=7
21:40:54 [INFO] [PROG] s*=1.63/8.95 (18.2%) dist_goal=5.27
21:40:54 [INFO] [MPC] state=(+2.05,-3.52,+3.00) wp0=(+1.98,-3.65) v=+0.200 ω=+0.069 ok=True iters=7
21:40:54 [INFO] [PROG] s*=1.65/8.95 (18.4%) dist_goal=5.25
21:40:54 [INFO] [MPC] state=(+2.03,-3.52,+3.00) wp0=(+1.96,-3.65) v=+0.200 ω=+0.057 ok=True iters=7
21:40:54 [INFO] [PROG] s*=1.67/8.95 (18.6%) dist_goal=5.24
21:40:54 [INFO] [MPC] state=(+2.01,-3.51,+3.01) wp0=(+1.94,-3.65) v=+0.200 ω=+0.050 ok=True iters=7
21:40:54 [INFO] [PROG] s*=1.69/8.95 (18.9%) dist_goal=5.22
21:40:54 [INFO] [MPC] state=(+1.99,-3.51,+3.01) wp0=(+1.92,-3.65) v=+0.200 ω=+0.050 ok=True iters=7
21:40:54 [INFO] [PROG] s*=1.71/8.95 (19.1%) dist_goal=5.20
21:40:54 [INFO] [MPC] state=(+1.97,-3.51,+3.02) wp0=(+1.90,-3.65) v=+0.200 ω=+0.208 ok=True iters=7
21:40:54 [INFO] [PROG] s*=1.73/8.95 (19.3%) dist_goal=5.19
21:40:54 [INFO] [MPC] state=(+1.95,-3.51,+3.03) wp0=(+1.88,-3.65) v=+0.200 ω=+0.176 ok=True iters=7
21:40:54 [INFO] [PROG] s*=1.75/8.95 (19.5%) dist_goal=5.17
21:40:54 [INFO] [MPC] state=(+1.93,-3.50,+3.05) wp0=(+1.87,-3.65) v=+0.200 ω=+0.415 ok=True iters=7
21:40:54 [INFO] [PROG] s*=1.76/8.95 (19.7%) dist_goal=5.16
21:40:54 [INFO] [MPC] state=(+1.92,-3.50,+3.07) wp0=(+1.85,-3.65) v=+0.200 ω=+0.358 ok=True iters=7
21:40:54 [INFO] [PROG] s*=1.78/8.95 (19.9%) dist_goal=5.15
21:40:54 [INFO] [MPC] state=(+1.90,-3.50,+3.09) wp0=(+1.83,-3.65) v=+0.200 ω=+0.308 ok=True iters=7
21:40:54 [INFO] [PROG] s*=1.80/8.95 (20.2%) dist_goal=5.13
21:40:54 [INFO] [MPC] state=(+1.88,-3.50,+3.11) wp0=(+1.81,-3.65) v=+0.200 ω=+0.257 ok=True iters=7
21:40:54 [INFO] [PROG] s*=1.82/8.95 (20.4%) dist_goal=5.12
21:40:54 [INFO] [MPC] state=(+1.86,-3.50,+3.13) wp0=(+1.79,-3.65) v=+0.200 ω=+0.218 ok=True iters=7
21:40:54 [INFO] [PROG] s*=1.84/8.95 (20.6%) dist_goal=5.10
21:40:54 [INFO] [MPC] state=(+1.84,-3.50,+3.14) wp0=(+1.77,-3.65) v=+0.200 ω=-0.193 ok=True iters=7
21:40:54 [INFO] [PROG] s*=1.86/8.95 (20.8%) dist_goal=5.09
21:40:54 [INFO] [MPC] state=(+1.82,-3.50,+3.13) wp0=(+1.75,-3.65) v=+0.200 ω=-0.157 ok=True iters=7
21:40:54 [INFO] [PROG] s*=1.88/8.95 (21.0%) dist_goal=5.08
21:40:54 [INFO] [MPC] state=(+1.80,-3.50,+3.12) wp0=(+1.73,-3.65) v=+0.200 ω=-0.113 ok=True iters=7
21:40:54 [INFO] [PROG] s*=1.90/8.95 (21.3%) dist_goal=5.06
21:40:54 [INFO] [MPC] state=(+1.78,-3.50,+3.11) wp0=(+1.71,-3.65) v=+0.200 ω=-0.067 ok=True iters=7
21:40:54 [INFO] [PROG] s*=1.92/8.95 (21.5%) dist_goal=5.05
21:40:54 [INFO] [MPC] state=(+1.76,-3.50,+3.10) wp0=(+1.69,-3.65) v=+0.200 ω=+0.478 ok=True iters=7
21:40:54 [INFO] [PROG] s*=1.94/8.95 (21.7%) dist_goal=5.04
21:40:54 [INFO] [MPC] state=(+1.74,-3.50,+3.12) wp0=(+1.67,-3.65) v=+0.200 ω=+0.428 ok=True iters=7
21:40:54 [INFO] [PROG] s*=1.96/8.95 (21.9%) dist_goal=5.02
21:40:54 [INFO] [MPC] state=(+1.72,-3.50,+3.15) wp0=(+1.65,-3.65) v=+0.200 ω=+0.376 ok=True iters=7
21:40:54 [INFO] [PROG] s*=1.98/8.95 (22.1%) dist_goal=5.01
21:40:54 [INFO] [MPC] state=(+1.70,-3.50,+3.17) wp0=(+1.63,-3.65) v=+0.200 ω=+0.205 ok=True iters=7
21:40:54 [INFO] [PROG] s*=2.00/8.95 (22.3%) dist_goal=5.00
21:40:54 [INFO] [MPC] state=(+1.68,-3.50,+3.18) wp0=(+1.61,-3.65) v=+0.200 ω=+0.176 ok=True iters=7
21:40:54 [INFO] [PROG] s*=2.02/8.95 (22.6%) dist_goal=4.98
21:40:54 [INFO] [MPC] state=(+1.66,-3.50,+3.19) wp0=(+1.59,-3.65) v=+0.200 ω=+0.149 ok=True iters=7
21:40:54 [INFO] [PROG] s*=2.04/8.95 (22.8%) dist_goal=4.97
21:40:54 [INFO] [MPC] state=(+1.64,-3.50,+3.21) wp0=(+1.57,-3.65) v=+0.200 ω=+0.118 ok=True iters=7
21:40:54 [INFO] [PROG] s*=2.06/8.95 (23.0%) dist_goal=4.96
21:40:54 [INFO] [MPC] state=(+1.62,-3.50,+3.22) wp0=(+1.55,-3.65) v=+0.200 ω=+0.089 ok=True iters=7
21:40:54 [INFO] [PROG] s*=2.08/8.95 (23.2%) dist_goal=4.95
21:40:54 [INFO] [MPC] state=(+1.60,-3.50,+3.23) wp0=(+1.53,-3.65) v=+0.200 ω=+0.067 ok=True iters=7
21:40:54 [INFO] [PROG] s*=2.10/8.95 (23.5%) dist_goal=4.94
21:40:54 [INFO] [MPC] state=(+1.58,-3.51,+3.23) wp0=(+1.51,-3.65) v=+0.200 ω=+0.050 ok=True iters=7
21:40:54 [INFO] [PROG] s*=2.12/8.95 (23.7%) dist_goal=4.92
21:40:54 [INFO] [MPC] state=(+1.56,-3.51,+3.24) wp0=(+1.49,-3.65) v=+0.200 ω=+0.040 ok=True iters=7
21:40:54 [INFO] [PROG] s*=2.14/8.95 (23.9%) dist_goal=4.91
21:40:54 [INFO] [MPC] state=(+1.54,-3.51,+3.24) wp0=(+1.47,-3.65) v=+0.200 ω=+0.033 ok=True iters=7
21:40:54 [INFO] [PROG] s*=2.16/8.95 (24.1%) dist_goal=4.90
21:40:54 [INFO] [MPC] state=(+1.52,-3.51,+3.25) wp0=(+1.45,-3.65) v=+0.200 ω=+0.028 ok=True iters=7
21:40:54 [INFO] [PROG] s*=2.18/8.95 (24.3%) dist_goal=4.89
21:40:54 [INFO] [MPC] state=(+1.50,-3.51,+3.25) wp0=(+1.43,-3.65) v=+0.200 ω=+0.121 ok=True iters=7
21:40:54 [INFO] [PROG] s*=2.20/8.95 (24.6%) dist_goal=4.88
21:40:54 [INFO] [MPC] state=(+1.48,-3.52,+3.26) wp0=(+1.41,-3.65) v=+0.200 ω=+0.088 ok=True iters=7
21:40:54 [INFO] [PROG] s*=2.22/8.95 (24.8%) dist_goal=4.87
21:40:54 [INFO] [MPC] state=(+1.46,-3.52,+3.27) wp0=(+1.39,-3.65) v=+0.200 ω=+0.061 ok=True iters=7
21:40:54 [INFO] [PROG] s*=2.24/8.95 (25.0%) dist_goal=4.85
21:40:54 [INFO] [MPC] state=(+1.44,-3.52,+3.28) wp0=(+1.37,-3.65) v=+0.200 ω=-0.068 ok=True iters=7
21:40:54 [INFO] [PROG] s*=2.26/8.95 (25.2%) dist_goal=4.84
21:40:54 [INFO] [MPC] state=(+1.42,-3.52,+3.27) wp0=(+1.35,-3.65) v=+0.200 ω=-0.049 ok=True iters=7
21:40:54 [INFO] [PROG] s*=2.28/8.95 (25.5%) dist_goal=4.83
21:40:54 [INFO] [MPC] state=(+1.40,-3.53,+3.26) wp0=(+1.33,-3.65) v=+0.200 ω=-0.033 ok=True iters=7
21:40:54 [INFO] [PROG] s*=2.30/8.95 (25.7%) dist_goal=4.82
21:40:54 [INFO] [MPC] state=(+1.38,-3.53,+3.26) wp0=(+1.31,-3.65) v=+0.200 ω=-0.270 ok=True iters=7
21:40:54 [INFO] [PROG] s*=2.32/8.95 (25.9%) dist_goal=4.81
21:40:54 [INFO] [MPC] state=(+1.36,-3.53,+3.24) wp0=(+1.29,-3.65) v=+0.200 ω=-0.205 ok=True iters=7
21:40:54 [INFO] [PROG] s*=2.34/8.95 (26.1%) dist_goal=4.80
21:40:54 [INFO] [MPC] state=(+1.34,-3.53,+3.23) wp0=(+1.27,-3.65) v=+0.200 ω=-0.145 ok=True iters=7
21:40:54 [INFO] [PROG] s*=2.36/8.95 (26.4%) dist_goal=4.79
21:40:54 [INFO] [MPC] state=(+1.32,-3.54,+3.22) wp0=(+1.25,-3.65) v=+0.200 ω=-0.090 ok=True iters=7
21:40:54 [INFO] [PROG] s*=2.38/8.95 (26.6%) dist_goal=4.77
21:40:54 [INFO] [MPC] state=(+1.30,-3.54,+3.21) wp0=(+1.23,-3.65) v=+0.200 ω=+0.096 ok=True iters=7
21:40:54 [INFO] [PROG] s*=2.40/8.95 (26.8%) dist_goal=4.76
21:40:54 [INFO] [MPC] state=(+1.28,-3.54,+3.22) wp0=(+1.21,-3.65) v=+0.200 ω=-0.085 ok=True iters=7
21:40:54 [INFO] [PROG] s*=2.42/8.95 (27.0%) dist_goal=4.75
21:40:54 [INFO] [MPC] state=(+1.26,-3.54,+3.21) wp0=(+1.19,-3.65) v=+0.200 ω=-0.048 ok=True iters=7
21:40:54 [INFO] [PROG] s*=2.44/8.95 (27.3%) dist_goal=4.74
21:40:54 [INFO] [MPC] state=(+1.24,-3.54,+3.20) wp0=(+1.17,-3.65) v=+0.200 ω=-0.023 ok=True iters=7
21:40:54 [INFO] [PROG] s*=2.46/8.95 (27.5%) dist_goal=4.73
21:40:54 [INFO] [MPC] state=(+1.22,-3.54,+3.20) wp0=(+1.15,-3.65) v=+0.200 ω=-0.039 ok=True iters=7
21:40:54 [INFO] [PROG] s*=2.48/8.95 (27.7%) dist_goal=4.72
21:40:54 [INFO] [MPC] state=(+1.20,-3.54,+3.20) wp0=(+1.13,-3.65) v=+0.200 ω=+0.058 ok=True iters=7
21:40:54 [INFO] [PROG] s*=2.50/8.95 (27.9%) dist_goal=4.70
21:40:54 [INFO] [MPC] state=(+1.18,-3.54,+3.20) wp0=(+1.11,-3.65) v=+0.200 ω=+0.065 ok=True iters=7
21:40:54 [INFO] [PROG] s*=2.52/8.95 (28.2%) dist_goal=4.69
21:40:54 [INFO] [MPC] state=(+1.16,-3.55,+3.21) wp0=(+1.09,-3.65) v=+0.200 ω=+0.150 ok=True iters=7
21:40:54 [INFO] [PROG] s*=2.54/8.95 (28.4%) dist_goal=4.68
21:40:54 [INFO] [MPC] state=(+1.14,-3.55,+3.22) wp0=(+1.07,-3.65) v=+0.200 ω=+0.191 ok=True iters=7
21:40:54 [INFO] [PROG] s*=2.56/8.95 (28.6%) dist_goal=4.67
21:40:54 [INFO] [MPC] state=(+1.12,-3.55,+3.24) wp0=(+1.05,-3.65) v=+0.200 ω=+0.177 ok=True iters=7
21:40:54 [INFO] [PROG] s*=2.58/8.95 (28.8%) dist_goal=4.66
21:40:54 [INFO] [MPC] state=(+1.10,-3.55,+3.25) wp0=(+1.03,-3.65) v=+0.200 ω=+0.255 ok=True iters=7
21:40:54 [INFO] [PROG] s*=2.60/8.95 (29.0%) dist_goal=4.65
21:40:54 [INFO] [MPC] state=(+1.08,-3.55,+3.27) wp0=(+1.01,-3.65) v=+0.200 ω=+0.149 ok=True iters=7
21:40:54 [INFO] [PROG] s*=2.62/8.95 (29.3%) dist_goal=4.64
21:40:54 [INFO] [MPC] state=(+1.06,-3.56,+3.28) wp0=(+0.99,-3.65) v=+0.200 ω=+0.112 ok=True iters=7
21:40:54 [INFO] [PROG] s*=2.64/8.95 (29.5%) dist_goal=4.63
21:40:54 [INFO] [MPC] state=(+1.04,-3.56,+3.29) wp0=(+0.97,-3.65) v=+0.200 ω=+0.190 ok=True iters=7
21:40:54 [INFO] [PROG] s*=2.66/8.95 (29.7%) dist_goal=4.62
21:40:54 [INFO] [MPC] state=(+1.02,-3.56,+3.31) wp0=(+0.95,-3.65) v=+0.200 ω=+0.180 ok=True iters=7
21:40:54 [INFO] [PROG] s*=2.68/8.95 (29.9%) dist_goal=4.62
21:40:54 [INFO] [MPC] state=(+1.00,-3.57,+3.32) wp0=(+0.93,-3.65) v=+0.200 ω=+0.045 ok=True iters=7
21:40:54 [INFO] [PROG] s*=2.70/8.95 (30.2%) dist_goal=4.61
21:40:54 [INFO] [MPC] state=(+0.98,-3.57,+3.32) wp0=(+0.91,-3.65) v=+0.200 ω=+0.122 ok=True iters=7
21:40:54 [INFO] [PROG] s*=2.72/8.95 (30.4%) dist_goal=4.60
21:40:54 [INFO] [MPC] state=(+0.96,-3.57,+3.33) wp0=(+0.89,-3.65) v=+0.200 ω=+0.119 ok=True iters=7
21:40:54 [INFO] [PROG] s*=2.74/8.95 (30.6%) dist_goal=4.59
21:40:54 [INFO] [MPC] state=(+0.94,-3.58,+3.35) wp0=(+0.87,-3.65) v=+0.200 ω=+0.049 ok=True iters=7
21:40:54 [INFO] [PROG] s*=2.76/8.95 (30.8%) dist_goal=4.58
21:40:54 [INFO] [MPC] state=(+0.92,-3.58,+3.35) wp0=(+0.85,-3.65) v=+0.200 ω=+0.004 ok=True iters=7
21:40:54 [INFO] [PROG] s*=2.78/8.95 (31.0%) dist_goal=4.57
21:40:54 [INFO] [MPC] state=(+0.90,-3.59,+3.35) wp0=(+0.83,-3.65) v=+0.200 ω=+0.141 ok=True iters=7
21:40:54 [INFO] [PROG] s*=2.80/8.95 (31.3%) dist_goal=4.57
21:40:54 [INFO] [MPC] state=(+0.88,-3.59,+3.36) wp0=(+0.81,-3.65) v=+0.200 ω=+0.052 ok=True iters=7
21:40:54 [INFO] [PROG] s*=2.82/8.95 (31.5%) dist_goal=4.56
21:40:54 [INFO] [MPC] state=(+0.86,-3.59,+3.37) wp0=(+0.79,-3.65) v=+0.200 ω=-0.009 ok=True iters=7
21:40:54 [INFO] [PROG] s*=2.84/8.95 (31.7%) dist_goal=4.55
21:40:54 [INFO] [MPC] state=(+0.84,-3.60,+3.37) wp0=(+0.77,-3.65) v=+0.200 ω=-0.015 ok=True iters=7
21:40:54 [INFO] [PROG] s*=2.86/8.95 (31.9%) dist_goal=4.54
21:40:54 [INFO] [MPC] state=(+0.82,-3.60,+3.37) wp0=(+0.75,-3.65) v=+0.200 ω=+0.043 ok=True iters=7
21:40:54 [INFO] [PROG] s*=2.88/8.95 (32.1%) dist_goal=4.54
21:40:54 [INFO] [MPC] state=(+0.80,-3.61,+3.37) wp0=(+0.74,-3.65) v=+0.200 ω=-0.024 ok=True iters=7
21:40:54 [INFO] [PROG] s*=2.90/8.95 (32.4%) dist_goal=4.53
21:40:54 [INFO] [MPC] state=(+0.79,-3.61,+3.37) wp0=(+0.72,-3.65) v=+0.200 ω=-0.066 ok=True iters=7
21:40:54 [INFO] [PROG] s*=2.92/8.95 (32.6%) dist_goal=4.52
21:40:54 [INFO] [MPC] state=(+0.77,-3.62,+3.36) wp0=(+0.70,-3.65) v=+0.200 ω=+0.004 ok=True iters=7
21:40:54 [INFO] [PROG] s*=2.94/8.95 (32.8%) dist_goal=4.52
21:40:54 [INFO] [MPC] state=(+0.75,-3.62,+3.36) wp0=(+0.68,-3.65) v=+0.200 ω=-0.056 ok=True iters=7
21:40:54 [INFO] [PROG] s*=2.96/8.95 (33.0%) dist_goal=4.51
21:40:54 [INFO] [MPC] state=(+0.73,-3.63,+3.35) wp0=(+0.66,-3.65) v=+0.200 ω=-0.092 ok=True iters=7
21:40:54 [INFO] [PROG] s*=2.98/8.95 (33.3%) dist_goal=4.50
21:40:54 [INFO] [MPC] state=(+0.71,-3.63,+3.35) wp0=(+0.64,-3.65) v=+0.200 ω=-0.117 ok=True iters=7
21:40:54 [INFO] [PROG] s*=3.00/8.95 (33.5%) dist_goal=4.49
21:40:54 [INFO] [MPC] state=(+0.69,-3.64,+3.33) wp0=(+0.62,-3.65) v=+0.200 ω=-0.136 ok=True iters=7
21:40:54 [INFO] [PROG] s*=3.02/8.95 (33.7%) dist_goal=4.49
21:40:54 [INFO] [MPC] state=(+0.67,-3.64,+3.32) wp0=(+0.60,-3.65) v=+0.200 ω=-0.150 ok=True iters=7
21:40:54 [INFO] [PROG] s*=3.04/8.95 (33.9%) dist_goal=4.48
21:40:54 [INFO] [MPC] state=(+0.65,-3.64,+3.31) wp0=(+0.58,-3.65) v=+0.200 ω=-0.178 ok=True iters=7
21:40:54 [INFO] [PROG] s*=3.05/8.95 (34.1%) dist_goal=4.47
21:40:54 [INFO] [MPC] state=(+0.63,-3.65,+3.30) wp0=(+0.56,-3.65) v=+0.200 ω=-0.410 ok=True iters=7
21:40:54 [INFO] [PROG] s*=3.07/8.95 (34.3%) dist_goal=4.46
21:40:54 [INFO] [MPC] state=(+0.61,-3.65,+3.27) wp0=(+0.54,-3.65) v=+0.200 ω=-1.032 ok=True iters=7
21:40:54 [INFO] [PROG] s*=3.09/8.95 (34.5%) dist_goal=4.46
21:40:54 [INFO] [MPC] state=(+0.59,-3.65,+3.21) wp0=(+0.53,-3.65) v=+0.200 ω=-1.428 ok=True iters=7
21:40:54 [INFO] [PROG] s*=3.10/8.95 (34.7%) dist_goal=4.45
21:40:54 [INFO] [MPC] state=(+0.58,-3.65,+3.14) wp0=(+0.51,-3.65) v=+0.200 ω=-1.339 ok=True iters=7
21:40:54 [INFO] [PROG] s*=3.12/8.95 (34.8%) dist_goal=4.44
21:40:54 [INFO] [MPC] state=(+0.56,-3.65,+3.06) wp0=(+0.49,-3.65) v=+0.200 ω=-1.225 ok=True iters=7
21:40:54 [INFO] [PROG] s*=3.13/8.95 (35.0%) dist_goal=4.43
21:40:54 [INFO] [MPC] state=(+0.54,-3.65,+2.99) wp0=(+0.48,-3.65) v=+0.200 ω=-1.114 ok=True iters=7
21:40:54 [INFO] [PROG] s*=3.15/8.95 (35.2%) dist_goal=4.41
21:40:54 [INFO] [MPC] state=(+0.53,-3.65,+2.93) wp0=(+0.46,-3.65) v=+0.200 ω=-0.899 ok=True iters=7
21:40:54 [INFO] [PROG] s*=3.17/8.95 (35.4%) dist_goal=4.40
21:40:54 [INFO] [MPC] state=(+0.51,-3.64,+2.88) wp0=(+0.45,-3.65) v=+0.200 ω=-0.717 ok=True iters=7
21:40:54 [INFO] [PROG] s*=3.19/8.95 (35.6%) dist_goal=4.39
21:40:54 [INFO] [MPC] state=(+0.49,-3.64,+2.84) wp0=(+0.43,-3.63) v=+0.200 ω=-0.534 ok=True iters=7
21:40:54 [INFO] [PROG] s*=3.22/8.95 (36.0%) dist_goal=4.37
21:40:54 [INFO] [MPC] state=(+0.48,-3.63,+2.81) wp0=(+0.41,-3.61) v=+0.200 ω=-0.396 ok=True iters=7
21:40:54 [INFO] [PROG] s*=3.24/8.95 (36.2%) dist_goal=4.36
21:40:54 [INFO] [MPC] state=(+0.46,-3.62,+2.78) wp0=(+0.39,-3.59) v=+0.200 ω=-0.276 ok=True iters=7
21:40:54 [INFO] [PROG] s*=3.26/8.95 (36.4%) dist_goal=4.34
21:40:54 [INFO] [MPC] state=(+0.44,-3.62,+2.76) wp0=(+0.38,-3.58) v=+0.200 ω=-0.158 ok=True iters=7
21:40:54 [INFO] [PROG] s*=3.28/8.95 (36.7%) dist_goal=4.32
21:40:54 [INFO] [MPC] state=(+0.42,-3.61,+2.75) wp0=(+0.37,-3.57) v=+0.200 ω=-0.054 ok=True iters=7
21:40:54 [INFO] [PROG] s*=3.30/8.95 (36.9%) dist_goal=4.31
21:40:54 [INFO] [MPC] state=(+0.40,-3.60,+2.75) wp0=(+0.35,-3.55) v=+0.200 ω=+0.030 ok=True iters=7
21:40:54 [INFO] [PROG] s*=3.32/8.95 (37.1%) dist_goal=4.29
21:40:54 [INFO] [MPC] state=(+0.38,-3.59,+2.75) wp0=(+0.34,-3.54) v=+0.200 ω=+0.093 ok=True iters=7
21:40:54 [INFO] [PROG] s*=3.34/8.95 (37.3%) dist_goal=4.28
21:40:54 [INFO] [MPC] state=(+0.36,-3.58,+2.76) wp0=(+0.33,-3.53) v=+0.200 ω=+0.136 ok=True iters=7
21:40:54 [INFO] [PROG] s*=3.35/8.95 (37.5%) dist_goal=4.26
21:40:54 [INFO] [MPC] state=(+0.35,-3.58,+2.77) wp0=(+0.31,-3.51) v=+0.200 ω=+0.175 ok=True iters=7
21:40:54 [INFO] [PROG] s*=3.37/8.95 (37.7%) dist_goal=4.25
21:40:54 [INFO] [MPC] state=(+0.33,-3.57,+2.79) wp0=(+0.30,-3.50) v=+0.200 ω=+0.208 ok=True iters=7
21:40:54 [INFO] [PROG] s*=3.39/8.95 (37.9%) dist_goal=4.23
21:40:54 [INFO] [MPC] state=(+0.31,-3.56,+2.80) wp0=(+0.29,-3.49) v=+0.200 ω=+0.236 ok=True iters=8
21:40:54 [INFO] [PROG] s*=3.41/8.95 (38.1%) dist_goal=4.22
21:40:54 [INFO] [MPC] state=(+0.29,-3.56,+2.82) wp0=(+0.28,-3.48) v=+0.200 ω=+0.258 ok=True iters=8
21:40:54 [INFO] [PROG] s*=3.42/8.95 (38.3%) dist_goal=4.20
21:40:54 [INFO] [MPC] state=(+0.27,-3.55,+2.84) wp0=(+0.26,-3.46) v=+0.200 ω=+0.275 ok=True iters=8
21:40:54 [INFO] [PROG] s*=3.44/8.95 (38.5%) dist_goal=4.19
21:40:54 [INFO] [MPC] state=(+0.25,-3.55,+2.86) wp0=(+0.25,-3.45) v=+0.200 ω=+0.184 ok=True iters=7
21:40:54 [INFO] [PROG] s*=3.46/8.95 (38.7%) dist_goal=4.18
21:40:54 [INFO] [MPC] state=(+0.23,-3.54,+2.87) wp0=(+0.24,-3.44) v=+0.200 ω=+0.215 ok=True iters=8
21:40:54 [INFO] [PROG] s*=3.48/8.95 (38.8%) dist_goal=4.16
21:40:54 [INFO] [MPC] state=(+0.22,-3.53,+2.89) wp0=(+0.23,-3.43) v=+0.200 ω=+0.406 ok=True iters=8
21:40:54 [INFO] [PROG] s*=3.49/8.95 (39.0%) dist_goal=4.15
21:40:54 [INFO] [MPC] state=(+0.20,-3.53,+2.91) wp0=(+0.22,-3.42) v=+0.200 ω=+0.646 ok=True iters=8
21:40:54 [INFO] [PROG] s*=3.50/8.95 (39.2%) dist_goal=4.14
21:40:54 [INFO] [MPC] state=(+0.18,-3.53,+2.95) wp0=(+0.21,-3.41) v=+0.200 ω=+1.008 ok=True iters=8
21:40:54 [INFO] [PROG] s*=3.52/8.95 (39.3%) dist_goal=4.13
21:40:54 [INFO] [MPC] state=(+0.16,-3.52,+3.01) wp0=(+0.20,-3.40) v=+0.200 ω=+0.909 ok=True iters=8
21:40:54 [INFO] [PROG] s*=3.53/8.95 (39.4%) dist_goal=4.12
21:40:54 [INFO] [MPC] state=(+0.15,-3.52,+3.06) wp0=(+0.19,-3.39) v=+0.200 ω=+0.908 ok=True iters=8
21:40:54 [INFO] [PROG] s*=3.54/8.95 (39.6%) dist_goal=4.12
21:40:54 [INFO] [MPC] state=(+0.13,-3.52,+3.10) wp0=(+0.18,-3.38) v=+0.200 ω=+0.695 ok=True iters=8
21:40:54 [INFO] [PROG] s*=3.55/8.95 (39.7%) dist_goal=4.11
21:40:54 [INFO] [MPC] state=(+0.11,-3.52,+3.14) wp0=(+0.17,-3.37) v=+0.200 ω=+0.710 ok=True iters=8
21:40:54 [INFO] [PROG] s*=3.71/8.95 (41.4%) dist_goal=4.10
21:40:54 [INFO] [MPC] state=(+0.10,-3.52,+3.17) wp0=(+0.03,-3.35) v=+0.200 ω=+0.436 ok=True iters=8
21:40:54 [INFO] [PROG] s*=3.73/8.95 (41.6%) dist_goal=4.09
21:40:54 [INFO] [MPC] state=(+0.08,-3.52,+3.20) wp0=(+0.01,-3.35) v=+0.200 ω=+0.339 ok=True iters=7
21:40:54 [INFO] [PROG] s*=3.75/8.95 (41.9%) dist_goal=4.09
21:40:54 [INFO] [MPC] state=(+0.06,-3.52,+3.22) wp0=(-0.01,-3.35) v=+0.200 ω=+0.002 ok=True iters=7
21:40:54 [INFO] [PROG] s*=3.77/8.95 (42.1%) dist_goal=4.08
21:40:54 [INFO] [MPC] state=(+0.04,-3.52,+3.22) wp0=(-0.03,-3.35) v=+0.200 ω=+0.091 ok=True iters=7
21:40:54 [INFO] [PROG] s*=3.79/8.95 (42.3%) dist_goal=4.07
21:40:54 [INFO] [MPC] state=(+0.02,-3.53,+3.23) wp0=(-0.05,-3.35) v=+0.200 ω=-0.205 ok=True iters=7
21:40:54 [INFO] [PROG] s*=3.81/8.95 (42.5%) dist_goal=4.07
21:40:54 [INFO] [MPC] state=(-0.00,-3.53,+3.21) wp0=(-0.07,-3.35) v=+0.200 ω=-0.288 ok=True iters=7
21:40:54 [INFO] [PROG] s*=3.83/8.95 (42.8%) dist_goal=4.06
21:40:54 [INFO] [MPC] state=(-0.02,-3.53,+3.19) wp0=(-0.09,-3.35) v=+0.200 ω=-0.112 ok=True iters=7
21:40:54 [INFO] [PROG] s*=3.85/8.95 (43.0%) dist_goal=4.05
21:40:54 [INFO] [MPC] state=(-0.04,-3.53,+3.18) wp0=(-0.11,-3.35) v=+0.200 ω=-0.218 ok=True iters=7
21:40:54 [INFO] [PROG] s*=3.87/8.95 (43.2%) dist_goal=4.04
21:40:54 [INFO] [MPC] state=(-0.06,-3.53,+3.16) wp0=(-0.13,-3.35) v=+0.200 ω=-0.022 ok=True iters=7
21:40:54 [INFO] [PROG] s*=3.89/8.95 (43.4%) dist_goal=4.03
21:40:54 [INFO] [MPC] state=(-0.08,-3.53,+3.16) wp0=(-0.15,-3.35) v=+0.200 ω=-0.247 ok=True iters=7
21:40:54 [INFO] [PROG] s*=3.91/8.95 (43.6%) dist_goal=4.03
21:40:54 [INFO] [MPC] state=(-0.10,-3.53,+3.14) wp0=(-0.17,-3.35) v=+0.200 ω=-0.213 ok=True iters=7
21:40:54 [INFO] [PROG] s*=3.93/8.95 (43.9%) dist_goal=4.02
21:40:54 [INFO] [MPC] state=(-0.12,-3.53,+3.13) wp0=(-0.19,-3.35) v=+0.200 ω=-0.138 ok=True iters=7
21:40:54 [INFO] [PROG] s*=3.94/8.95 (44.1%) dist_goal=4.01
21:40:54 [INFO] [MPC] state=(-0.14,-3.53,+3.11) wp0=(-0.21,-3.35) v=+0.200 ω=-0.282 ok=True iters=7
21:40:54 [INFO] [PROG] s*=3.96/8.95 (44.3%) dist_goal=4.00
21:40:54 [INFO] [MPC] state=(-0.16,-3.53,+3.09) wp0=(-0.23,-3.35) v=+0.200 ω=-0.252 ok=True iters=7
21:40:54 [INFO] [PROG] s*=3.98/8.95 (44.5%) dist_goal=3.99
21:40:54 [INFO] [MPC] state=(-0.18,-3.53,+3.08) wp0=(-0.25,-3.35) v=+0.200 ω=-0.138 ok=True iters=7
21:40:54 [INFO] [PROG] s*=4.01/8.95 (44.8%) dist_goal=3.98
21:40:54 [INFO] [MPC] state=(-0.20,-3.53,+3.07) wp0=(-0.27,-3.35) v=+0.200 ω=-0.102 ok=True iters=7
21:40:54 [INFO] [PROG] s*=4.03/8.95 (45.0%) dist_goal=3.97
21:40:54 [INFO] [MPC] state=(-0.22,-3.53,+3.06) wp0=(-0.29,-3.35) v=+0.200 ω=+0.006 ok=True iters=7
21:40:54 [INFO] [PROG] s*=4.05/8.95 (45.2%) dist_goal=3.96
21:40:54 [INFO] [MPC] state=(-0.24,-3.52,+3.06) wp0=(-0.31,-3.35) v=+0.200 ω=-0.185 ok=True iters=7
21:40:54 [INFO] [PROG] s*=4.07/8.95 (45.4%) dist_goal=3.95
21:40:54 [INFO] [MPC] state=(-0.26,-3.52,+3.04) wp0=(-0.33,-3.35) v=+0.200 ω=-0.122 ok=True iters=7
21:40:54 [INFO] [PROG] s*=4.09/8.95 (45.7%) dist_goal=3.94
21:40:54 [INFO] [MPC] state=(-0.28,-3.52,+3.03) wp0=(-0.35,-3.35) v=+0.200 ω=+0.181 ok=True iters=7
21:40:54 [INFO] [PROG] s*=4.11/8.95 (45.9%) dist_goal=3.93
21:40:54 [INFO] [MPC] state=(-0.30,-3.52,+3.04) wp0=(-0.37,-3.35) v=+0.200 ω=-0.058 ok=True iters=7
21:40:54 [INFO] [PROG] s*=4.13/8.95 (46.1%) dist_goal=3.93
21:40:54 [INFO] [MPC] state=(-0.32,-3.52,+3.04) wp0=(-0.39,-3.35) v=+0.200 ω=+0.071 ok=True iters=7
21:40:54 [INFO] [PROG] s*=4.15/8.95 (46.3%) dist_goal=3.92
21:40:54 [INFO] [MPC] state=(-0.34,-3.51,+3.05) wp0=(-0.41,-3.35) v=+0.200 ω=-0.140 ok=True iters=7
21:40:54 [INFO] [PROG] s*=4.17/8.95 (46.6%) dist_goal=3.91
21:40:54 [INFO] [MPC] state=(-0.36,-3.51,+3.03) wp0=(-0.43,-3.35) v=+0.200 ω=-0.105 ok=True iters=7
21:40:54 [INFO] [PROG] s*=4.19/8.95 (46.8%) dist_goal=3.90
21:40:54 [INFO] [MPC] state=(-0.38,-3.51,+3.02) wp0=(-0.45,-3.35) v=+0.200 ω=+0.247 ok=True iters=7
21:40:54 [INFO] [PROG] s*=4.20/8.95 (47.0%) dist_goal=3.89
21:40:54 [INFO] [MPC] state=(-0.40,-3.51,+3.04) wp0=(-0.47,-3.35) v=+0.200 ω=+0.272 ok=True iters=7
21:40:54 [INFO] [PROG] s*=4.22/8.95 (47.2%) dist_goal=3.88
21:40:54 [INFO] [MPC] state=(-0.42,-3.50,+3.06) wp0=(-0.49,-3.35) v=+0.200 ω=+0.177 ok=True iters=7
21:40:54 [INFO] [PROG] s*=4.24/8.95 (47.4%) dist_goal=3.87
21:40:54 [INFO] [MPC] state=(-0.44,-3.50,+3.07) wp0=(-0.51,-3.35) v=+0.200 ω=+0.145 ok=True iters=7
21:40:54 [INFO] [PROG] s*=4.26/8.95 (47.7%) dist_goal=3.87
21:40:54 [INFO] [MPC] state=(-0.46,-3.50,+3.09) wp0=(-0.53,-3.35) v=+0.200 ω=+0.075 ok=True iters=7
21:40:54 [INFO] [PROG] s*=4.28/8.95 (47.9%) dist_goal=3.86
21:40:54 [INFO] [MPC] state=(-0.48,-3.50,+3.09) wp0=(-0.55,-3.35) v=+0.200 ω=+0.435 ok=True iters=7
21:40:54 [INFO] [PROG] s*=4.30/8.95 (48.1%) dist_goal=3.85
21:40:54 [INFO] [MPC] state=(-0.50,-3.50,+3.12) wp0=(-0.57,-3.35) v=+0.200 ω=+0.265 ok=True iters=7
21:40:54 [INFO] [PROG] s*=4.32/8.95 (48.3%) dist_goal=3.85
21:40:54 [INFO] [MPC] state=(-0.52,-3.50,+3.14) wp0=(-0.59,-3.35) v=+0.200 ω=+0.110 ok=True iters=7
21:40:54 [INFO] [PROG] s*=4.34/8.95 (48.5%) dist_goal=3.84
21:40:54 [INFO] [MPC] state=(-0.54,-3.50,+3.14) wp0=(-0.61,-3.35) v=+0.200 ω=+0.126 ok=True iters=7
21:40:54 [INFO] [PROG] s*=4.36/8.95 (48.8%) dist_goal=3.83
21:40:54 [INFO] [MPC] state=(-0.56,-3.50,+3.15) wp0=(-0.63,-3.35) v=+0.200 ω=+0.064 ok=True iters=7
21:40:54 [INFO] [PROG] s*=4.38/8.95 (49.0%) dist_goal=3.83
21:40:54 [INFO] [MPC] state=(-0.58,-3.50,+3.16) wp0=(-0.65,-3.35) v=+0.200 ω=-0.109 ok=True iters=7
21:40:54 [INFO] [PROG] s*=4.40/8.95 (49.2%) dist_goal=3.82
21:40:54 [INFO] [MPC] state=(-0.60,-3.50,+3.15) wp0=(-0.67,-3.35) v=+0.200 ω=-0.117 ok=True iters=7
21:40:54 [INFO] [PROG] s*=4.42/8.95 (49.4%) dist_goal=3.82
21:40:54 [INFO] [MPC] state=(-0.62,-3.50,+3.14) wp0=(-0.69,-3.35) v=+0.200 ω=-0.109 ok=True iters=7
21:40:54 [INFO] [PROG] s*=4.44/8.95 (49.7%) dist_goal=3.81
21:40:54 [INFO] [MPC] state=(-0.64,-3.50,+3.12) wp0=(-0.71,-3.35) v=+0.200 ω=-0.101 ok=True iters=7
21:40:54 [INFO] [PROG] s*=4.46/8.95 (49.9%) dist_goal=3.80
21:40:54 [INFO] [MPC] state=(-0.66,-3.50,+3.11) wp0=(-0.73,-3.35) v=+0.200 ω=-0.384 ok=True iters=7
21:40:55 [INFO] [PROG] s*=4.48/8.95 (50.1%) dist_goal=3.80
21:40:55 [INFO] [MPC] state=(-0.68,-3.50,+3.09) wp0=(-0.75,-3.35) v=+0.200 ω=-0.328 ok=True iters=7
21:40:55 [INFO] [PROG] s*=4.50/8.95 (50.3%) dist_goal=3.79
21:40:55 [INFO] [MPC] state=(-0.70,-3.50,+3.07) wp0=(-0.77,-3.35) v=+0.200 ω=+0.264 ok=True iters=7
21:40:55 [INFO] [PROG] s*=4.52/8.95 (50.5%) dist_goal=3.78
21:40:55 [INFO] [MPC] state=(-0.72,-3.50,+3.08) wp0=(-0.79,-3.35) v=+0.200 ω=-0.186 ok=True iters=7
21:40:55 [INFO] [PROG] s*=4.54/8.95 (50.7%) dist_goal=3.78
21:40:55 [INFO] [MPC] state=(-0.74,-3.50,+3.07) wp0=(-0.81,-3.35) v=+0.200 ω=-0.154 ok=True iters=7
21:40:55 [INFO] [PROG] s*=4.56/8.95 (51.0%) dist_goal=3.77
21:40:55 [INFO] [MPC] state=(-0.76,-3.49,+3.06) wp0=(-0.83,-3.35) v=+0.200 ω=-0.118 ok=True iters=7
21:40:55 [INFO] [PROG] s*=4.58/8.95 (51.2%) dist_goal=3.76
21:40:55 [INFO] [MPC] state=(-0.78,-3.49,+3.05) wp0=(-0.85,-3.35) v=+0.200 ω=-0.077 ok=True iters=7
21:40:55 [INFO] [PROG] s*=4.60/8.95 (51.4%) dist_goal=3.76
21:40:55 [INFO] [MPC] state=(-0.80,-3.49,+3.04) wp0=(-0.86,-3.35) v=+0.200 ω=+0.505 ok=True iters=7
21:40:55 [INFO] [PROG] s*=4.62/8.95 (51.6%) dist_goal=3.75
21:40:55 [INFO] [MPC] state=(-0.81,-3.49,+3.07) wp0=(-0.88,-3.35) v=+0.200 ω=-0.097 ok=True iters=7
21:40:55 [INFO] [PROG] s*=4.64/8.95 (51.8%) dist_goal=3.74
21:40:55 [INFO] [MPC] state=(-0.83,-3.49,+3.06) wp0=(-0.90,-3.35) v=+0.200 ω=+0.482 ok=True iters=7
21:40:55 [INFO] [PROG] s*=4.66/8.95 (52.0%) dist_goal=3.74
21:40:55 [INFO] [MPC] state=(-0.85,-3.49,+3.09) wp0=(-0.92,-3.35) v=+0.200 ω=+0.421 ok=True iters=7
21:40:55 [INFO] [PROG] s*=4.68/8.95 (52.3%) dist_goal=3.73
21:40:55 [INFO] [MPC] state=(-0.87,-3.48,+3.11) wp0=(-0.94,-3.35) v=+0.200 ω=+0.214 ok=True iters=7
21:40:55 [INFO] [PROG] s*=4.70/8.95 (52.5%) dist_goal=3.73
21:40:55 [INFO] [MPC] state=(-0.89,-3.48,+3.12) wp0=(-0.96,-3.35) v=+0.200 ω=+0.188 ok=True iters=7
21:40:55 [INFO] [PROG] s*=4.72/8.95 (52.7%) dist_goal=3.73
21:40:55 [INFO] [MPC] state=(-0.91,-3.48,+3.14) wp0=(-0.98,-3.35) v=+0.200 ω=+0.157 ok=True iters=7
21:40:55 [INFO] [PROG] s*=4.74/8.95 (52.9%) dist_goal=3.72
21:40:55 [INFO] [MPC] state=(-0.93,-3.48,+3.15) wp0=(-1.00,-3.35) v=+0.200 ω=+0.128 ok=True iters=7
21:40:55 [INFO] [PROG] s*=4.76/8.95 (53.1%) dist_goal=3.72
21:40:55 [INFO] [MPC] state=(-0.95,-3.48,+3.16) wp0=(-1.02,-3.35) v=+0.200 ω=+0.106 ok=True iters=7
21:40:55 [INFO] [PROG] s*=4.78/8.95 (53.4%) dist_goal=3.71
21:40:55 [INFO] [MPC] state=(-0.97,-3.48,+3.17) wp0=(-1.04,-3.35) v=+0.200 ω=+0.081 ok=True iters=7
21:40:55 [INFO] [PROG] s*=4.80/8.95 (53.6%) dist_goal=3.71
21:40:55 [INFO] [MPC] state=(-0.99,-3.49,+3.18) wp0=(-1.06,-3.35) v=+0.200 ω=+0.058 ok=True iters=7
21:40:55 [INFO] [PROG] s*=4.82/8.95 (53.8%) dist_goal=3.71
21:40:55 [INFO] [MPC] state=(-1.01,-3.49,+3.18) wp0=(-1.08,-3.35) v=+0.200 ω=+0.041 ok=True iters=7
21:40:55 [INFO] [PROG] s*=4.84/8.95 (54.1%) dist_goal=3.70
21:40:55 [INFO] [MPC] state=(-1.03,-3.49,+3.19) wp0=(-1.10,-3.35) v=+0.200 ω=+0.028 ok=True iters=7
21:40:55 [INFO] [PROG] s*=4.86/8.95 (54.3%) dist_goal=3.70
21:40:55 [INFO] [MPC] state=(-1.05,-3.49,+3.19) wp0=(-1.12,-3.35) v=+0.200 ω=+0.021 ok=True iters=7
21:40:55 [INFO] [PROG] s*=4.88/8.95 (54.5%) dist_goal=3.70
21:40:55 [INFO] [MPC] state=(-1.07,-3.49,+3.19) wp0=(-1.14,-3.35) v=+0.200 ω=+0.097 ok=True iters=7
21:40:55 [INFO] [PROG] s*=4.90/8.95 (54.7%) dist_goal=3.70
21:40:55 [INFO] [MPC] state=(-1.09,-3.49,+3.20) wp0=(-1.16,-3.35) v=+0.200 ω=+0.069 ok=True iters=7
21:40:55 [INFO] [PROG] s*=4.92/8.95 (55.0%) dist_goal=3.69
21:40:55 [INFO] [MPC] state=(-1.11,-3.49,+3.21) wp0=(-1.18,-3.35) v=+0.200 ω=+0.040 ok=True iters=7
21:40:55 [INFO] [PROG] s*=4.94/8.95 (55.2%) dist_goal=3.69
21:40:55 [INFO] [MPC] state=(-1.13,-3.49,+3.21) wp0=(-1.20,-3.35) v=+0.200 ω=+0.012 ok=True iters=7
21:40:55 [INFO] [PROG] s*=4.96/8.95 (55.4%) dist_goal=3.69
21:40:55 [INFO] [MPC] state=(-1.15,-3.49,+3.21) wp0=(-1.22,-3.35) v=+0.200 ω=-0.010 ok=True iters=7
21:40:55 [INFO] [PROG] s*=4.98/8.95 (55.6%) dist_goal=3.69
21:40:55 [INFO] [MPC] state=(-1.17,-3.50,+3.21) wp0=(-1.24,-3.35) v=+0.200 ω=-0.028 ok=True iters=7
21:40:55 [INFO] [PROG] s*=5.00/8.95 (55.9%) dist_goal=3.69
21:40:55 [INFO] [MPC] state=(-1.19,-3.50,+3.21) wp0=(-1.26,-3.35) v=+0.200 ω=+0.232 ok=True iters=8
21:40:55 [INFO] [PROG] s*=5.02/8.95 (56.1%) dist_goal=3.69
21:40:55 [INFO] [MPC] state=(-1.21,-3.50,+3.23) wp0=(-1.28,-3.35) v=+0.200 ω=+0.153 ok=True iters=8
21:40:55 [INFO] [PROG] s*=5.04/8.95 (56.3%) dist_goal=3.69
21:40:55 [INFO] [MPC] state=(-1.23,-3.50,+3.24) wp0=(-1.30,-3.35) v=+0.200 ω=-0.332 ok=True iters=8
21:40:55 [INFO] [PROG] s*=5.06/8.95 (56.5%) dist_goal=3.68
21:40:55 [INFO] [MPC] state=(-1.25,-3.50,+3.22) wp0=(-1.32,-3.35) v=+0.200 ω=-0.251 ok=True iters=8
21:40:55 [INFO] [PROG] s*=5.08/8.95 (56.7%) dist_goal=3.68
21:40:55 [INFO] [MPC] state=(-1.27,-3.50,+3.20) wp0=(-1.34,-3.35) v=+0.200 ω=-0.241 ok=True iters=8
21:40:55 [INFO] [PROG] s*=5.10/8.95 (57.0%) dist_goal=3.68
21:40:55 [INFO] [MPC] state=(-1.29,-3.50,+3.18) wp0=(-1.36,-3.35) v=+0.200 ω=-0.233 ok=True iters=8
21:40:55 [INFO] [PROG] s*=5.11/8.95 (57.2%) dist_goal=3.68
21:40:55 [INFO] [MPC] state=(-1.31,-3.50,+3.16) wp0=(-1.38,-3.35) v=+0.200 ω=-0.558 ok=True iters=9
21:40:55 [INFO] [PROG] s*=5.13/8.95 (57.4%) dist_goal=3.68
21:40:55 [INFO] [MPC] state=(-1.33,-3.51,+3.13) wp0=(-1.40,-3.35) v=+0.200 ω=-0.507 ok=True iters=9
21:40:55 [INFO] [PROG] s*=5.15/8.95 (57.6%) dist_goal=3.67
21:40:55 [INFO] [MPC] state=(-1.35,-3.50,+3.10) wp0=(-1.42,-3.35) v=+0.200 ω=-0.450 ok=True iters=9
21:40:55 [INFO] [PROG] s*=5.17/8.95 (57.8%) dist_goal=3.67
21:40:55 [INFO] [MPC] state=(-1.37,-3.50,+3.07) wp0=(-1.44,-3.35) v=+0.200 ω=-0.355 ok=True iters=10
21:40:55 [INFO] [PROG] s*=5.19/8.95 (58.0%) dist_goal=3.67
21:40:55 [INFO] [MPC] state=(-1.39,-3.50,+3.04) wp0=(-1.45,-3.35) v=+0.200 ω=-1.408 ok=True iters=7
21:40:55 [INFO] [PROG] s*=5.20/8.95 (58.1%) dist_goal=3.66
21:40:55 [INFO] [MPC] state=(-1.40,-3.50,+2.97) wp0=(-1.46,-3.35) v=+0.200 ω=-2.308 ok=True iters=9
21:40:55 [INFO] [PROG] s*=5.21/8.95 (58.2%) dist_goal=3.66
21:40:55 [INFO] [MPC] state=(-1.41,-3.50,+2.86) wp0=(-1.47,-3.35) v=+0.200 ω=-2.204 ok=True iters=9
21:40:55 [INFO] [PROG] s*=5.22/8.95 (58.4%) dist_goal=3.65
21:40:55 [INFO] [MPC] state=(-1.42,-3.49,+2.74) wp0=(-1.49,-3.35) v=+0.200 ω=-2.064 ok=True iters=7
21:40:55 [INFO] [PROG] s*=5.23/8.95 (58.5%) dist_goal=3.64
21:40:55 [INFO] [MPC] state=(-1.44,-3.49,+2.63) wp0=(-1.50,-3.35) v=+0.200 ω=-1.740 ok=True iters=8
21:40:55 [INFO] [PROG] s*=5.25/8.95 (58.6%) dist_goal=3.63
21:40:55 [INFO] [MPC] state=(-1.45,-3.48,+2.54) wp0=(-1.51,-3.35) v=+0.200 ω=-1.649 ok=True iters=8
21:40:55 [INFO] [PROG] s*=5.26/8.95 (58.7%) dist_goal=3.62
21:40:55 [INFO] [MPC] state=(-1.46,-3.47,+2.45) wp0=(-1.52,-3.35) v=+0.200 ω=-1.475 ok=True iters=8
21:40:55 [INFO] [PROG] s*=5.27/8.95 (58.9%) dist_goal=3.61
21:40:55 [INFO] [MPC] state=(-1.47,-3.46,+2.37) wp0=(-1.53,-3.35) v=+0.200 ω=-1.305 ok=True iters=8
21:40:55 [INFO] [PROG] s*=5.28/8.95 (59.0%) dist_goal=3.59
21:40:55 [INFO] [MPC] state=(-1.48,-3.45,+2.30) wp0=(-1.54,-3.35) v=+0.200 ω=-0.842 ok=True iters=8
21:40:55 [INFO] [PROG] s*=5.29/8.95 (59.1%) dist_goal=3.58
21:40:55 [INFO] [MPC] state=(-1.49,-3.43,+2.25) wp0=(-1.55,-3.34) v=+0.200 ω=-0.668 ok=True iters=8
21:40:55 [INFO] [PROG] s*=5.30/8.95 (59.3%) dist_goal=3.56
21:40:55 [INFO] [MPC] state=(-1.51,-3.42,+2.21) wp0=(-1.55,-3.33) v=+0.200 ω=-0.536 ok=True iters=8
21:40:55 [INFO] [PROG] s*=5.31/8.95 (59.4%) dist_goal=3.55
21:40:55 [INFO] [MPC] state=(-1.52,-3.40,+2.18) wp0=(-1.55,-3.32) v=+0.200 ω=-0.547 ok=True iters=8
21:40:55 [INFO] [PROG] s*=5.32/8.95 (59.5%) dist_goal=3.53
21:40:55 [INFO] [MPC] state=(-1.53,-3.39,+2.15) wp0=(-1.55,-3.31) v=+0.200 ω=-0.426 ok=True iters=8
21:40:55 [INFO] [PROG] s*=5.33/8.95 (59.6%) dist_goal=3.51
21:40:55 [INFO] [MPC] state=(-1.54,-3.37,+2.12) wp0=(-1.55,-3.30) v=+0.200 ω=-0.312 ok=True iters=8
21:40:55 [INFO] [PROG] s*=5.35/8.95 (59.8%) dist_goal=3.49
21:40:55 [INFO] [MPC] state=(-1.55,-3.36,+2.10) wp0=(-1.55,-3.29) v=+0.200 ω=-0.198 ok=True iters=7
21:40:55 [INFO] [PROG] s*=5.36/8.95 (59.9%) dist_goal=3.48
21:40:55 [INFO] [MPC] state=(-1.56,-3.34,+2.09) wp0=(-1.55,-3.27) v=+0.200 ω=-0.205 ok=True iters=7
21:40:55 [INFO] [PROG] s*=5.38/8.95 (60.1%) dist_goal=3.46
21:40:55 [INFO] [MPC] state=(-1.57,-3.32,+2.07) wp0=(-1.55,-3.25) v=+0.200 ω=-0.018 ok=True iters=7
21:40:55 [INFO] [PROG] s*=5.40/8.95 (60.3%) dist_goal=3.44
21:40:55 [INFO] [MPC] state=(-1.58,-3.30,+2.07) wp0=(-1.55,-3.24) v=+0.200 ω=-0.036 ok=True iters=7
21:40:55 [INFO] [PROG] s*=5.42/8.95 (60.5%) dist_goal=3.42
21:40:55 [INFO] [MPC] state=(-1.59,-3.29,+2.07) wp0=(-1.55,-3.22) v=+0.200 ω=-0.081 ok=True iters=7
21:40:55 [INFO] [PROG] s*=5.44/8.95 (60.8%) dist_goal=3.40
21:40:55 [INFO] [MPC] state=(-1.60,-3.27,+2.06) wp0=(-1.55,-3.20) v=+0.200 ω=-0.087 ok=True iters=7
21:40:55 [INFO] [PROG] s*=5.45/8.95 (60.9%) dist_goal=3.38
21:40:55 [INFO] [MPC] state=(-1.61,-3.25,+2.05) wp0=(-1.55,-3.18) v=+0.200 ω=-0.359 ok=True iters=7
21:40:55 [INFO] [PROG] s*=5.47/8.95 (61.1%) dist_goal=3.37
21:40:55 [INFO] [MPC] state=(-1.62,-3.23,+2.02) wp0=(-1.55,-3.16) v=+0.200 ω=-0.326 ok=True iters=7
21:40:55 [INFO] [PROG] s*=5.49/8.95 (61.3%) dist_goal=3.35
21:40:55 [INFO] [MPC] state=(-1.62,-3.21,+2.00) wp0=(-1.55,-3.15) v=+0.200 ω=-0.321 ok=True iters=7
21:40:55 [INFO] [PROG] s*=5.51/8.95 (61.5%) dist_goal=3.33
21:40:55 [INFO] [MPC] state=(-1.63,-3.20,+1.98) wp0=(-1.55,-3.13) v=+0.200 ω=-0.361 ok=True iters=7
21:40:55 [INFO] [PROG] s*=5.53/8.95 (61.7%) dist_goal=3.31
21:40:55 [INFO] [MPC] state=(-1.64,-3.18,+1.96) wp0=(-1.55,-3.11) v=+0.200 ω=-0.382 ok=True iters=7
21:40:55 [INFO] [PROG] s*=5.54/8.95 (62.0%) dist_goal=3.29
21:40:55 [INFO] [MPC] state=(-1.65,-3.16,+1.93) wp0=(-1.55,-3.09) v=+0.200 ω=-0.020 ok=True iters=7
21:40:55 [INFO] [PROG] s*=5.56/8.95 (62.2%) dist_goal=3.27
21:40:55 [INFO] [MPC] state=(-1.65,-3.14,+1.93) wp0=(-1.55,-3.07) v=+0.200 ω=-0.125 ok=True iters=7
21:40:55 [INFO] [PROG] s*=5.58/8.95 (62.4%) dist_goal=3.25
21:40:55 [INFO] [MPC] state=(-1.66,-3.12,+1.92) wp0=(-1.55,-3.05) v=+0.200 ω=-0.188 ok=True iters=7
21:40:55 [INFO] [PROG] s*=5.60/8.95 (62.6%) dist_goal=3.24
21:40:55 [INFO] [MPC] state=(-1.67,-3.10,+1.90) wp0=(-1.55,-3.03) v=+0.200 ω=-0.232 ok=True iters=7
21:40:55 [INFO] [PROG] s*=5.62/8.95 (62.8%) dist_goal=3.22
21:40:55 [INFO] [MPC] state=(-1.67,-3.08,+1.89) wp0=(-1.55,-3.02) v=+0.200 ω=-0.294 ok=True iters=7
21:40:55 [INFO] [PROG] s*=5.64/8.95 (63.0%) dist_goal=3.20
21:40:55 [INFO] [MPC] state=(-1.68,-3.07,+1.87) wp0=(-1.55,-3.00) v=+0.200 ω=-0.265 ok=True iters=7
21:40:55 [INFO] [PROG] s*=5.66/8.95 (63.2%) dist_goal=3.18
21:40:55 [INFO] [MPC] state=(-1.69,-3.05,+1.85) wp0=(-1.55,-2.98) v=+0.200 ω=-0.282 ok=True iters=7
21:40:55 [INFO] [PROG] s*=5.68/8.95 (63.4%) dist_goal=3.16
21:40:55 [INFO] [MPC] state=(-1.69,-3.03,+1.83) wp0=(-1.55,-2.96) v=+0.200 ω=-0.289 ok=True iters=7
21:40:55 [INFO] [PROG] s*=5.70/8.95 (63.7%) dist_goal=3.14
21:40:55 [INFO] [MPC] state=(-1.70,-3.01,+1.81) wp0=(-1.55,-2.94) v=+0.200 ω=-0.232 ok=True iters=7
21:40:55 [INFO] [PROG] s*=5.72/8.95 (63.9%) dist_goal=3.12
21:40:55 [INFO] [MPC] state=(-1.70,-2.99,+1.79) wp0=(-1.55,-2.92) v=+0.200 ω=-0.014 ok=True iters=7
21:40:55 [INFO] [PROG] s*=5.74/8.95 (64.1%) dist_goal=3.10
21:40:55 [INFO] [MPC] state=(-1.71,-2.97,+1.79) wp0=(-1.55,-2.90) v=+0.200 ω=-0.027 ok=True iters=7
21:40:55 [INFO] [PROG] s*=5.76/8.95 (64.3%) dist_goal=3.08
21:40:55 [INFO] [MPC] state=(-1.71,-2.95,+1.79) wp0=(-1.55,-2.88) v=+0.200 ω=-0.070 ok=True iters=7
21:40:55 [INFO] [PROG] s*=5.78/8.95 (64.5%) dist_goal=3.06
21:40:55 [INFO] [MPC] state=(-1.71,-2.93,+1.78) wp0=(-1.55,-2.86) v=+0.200 ω=-0.097 ok=True iters=7
21:40:55 [INFO] [PROG] s*=5.80/8.95 (64.8%) dist_goal=3.04
21:40:55 [INFO] [MPC] state=(-1.72,-2.91,+1.77) wp0=(-1.55,-2.84) v=+0.200 ω=-0.077 ok=True iters=7
21:40:55 [INFO] [PROG] s*=5.82/8.95 (65.0%) dist_goal=3.02
21:40:55 [INFO] [MPC] state=(-1.72,-2.89,+1.76) wp0=(-1.55,-2.82) v=+0.200 ω=-0.096 ok=True iters=7
21:40:55 [INFO] [PROG] s*=5.84/8.95 (65.2%) dist_goal=3.00
21:40:55 [INFO] [MPC] state=(-1.73,-2.87,+1.76) wp0=(-1.55,-2.80) v=+0.200 ω=-0.100 ok=True iters=7
21:40:55 [INFO] [PROG] s*=5.86/8.95 (65.4%) dist_goal=2.98
21:40:55 [INFO] [MPC] state=(-1.73,-2.85,+1.74) wp0=(-1.55,-2.78) v=+0.200 ω=-0.076 ok=True iters=7
21:40:55 [INFO] [PROG] s*=5.88/8.95 (65.7%) dist_goal=2.96
21:40:55 [INFO] [MPC] state=(-1.73,-2.83,+1.74) wp0=(-1.55,-2.76) v=+0.200 ω=-0.089 ok=True iters=7
21:40:55 [INFO] [PROG] s*=5.90/8.95 (65.9%) dist_goal=2.94
21:40:55 [INFO] [MPC] state=(-1.74,-2.81,+1.73) wp0=(-1.55,-2.74) v=+0.200 ω=-0.081 ok=True iters=7
21:40:55 [INFO] [PROG] s*=5.92/8.95 (66.1%) dist_goal=2.92
21:40:55 [INFO] [MPC] state=(-1.74,-2.79,+1.72) wp0=(-1.55,-2.72) v=+0.200 ω=-0.066 ok=True iters=7
21:40:55 [INFO] [PROG] s*=5.94/8.95 (66.3%) dist_goal=2.90
21:40:55 [INFO] [MPC] state=(-1.74,-2.77,+1.71) wp0=(-1.55,-2.70) v=+0.200 ω=-0.074 ok=True iters=7
21:40:55 [INFO] [PROG] s*=5.96/8.95 (66.6%) dist_goal=2.88
21:40:55 [INFO] [MPC] state=(-1.75,-2.75,+1.71) wp0=(-1.55,-2.68) v=+0.200 ω=-0.068 ok=True iters=7
21:40:55 [INFO] [PROG] s*=5.98/8.95 (66.8%) dist_goal=2.86
21:40:55 [INFO] [MPC] state=(-1.75,-2.73,+1.70) wp0=(-1.55,-2.66) v=+0.200 ω=+0.161 ok=True iters=7
21:40:55 [INFO] [PROG] s*=6.00/8.95 (67.0%) dist_goal=2.84
21:40:55 [INFO] [MPC] state=(-1.75,-2.71,+1.71) wp0=(-1.55,-2.64) v=+0.200 ω=+0.090 ok=True iters=7
21:40:55 [INFO] [PROG] s*=6.02/8.95 (67.2%) dist_goal=2.82
21:40:55 [INFO] [MPC] state=(-1.75,-2.69,+1.72) wp0=(-1.55,-2.62) v=+0.200 ω=-0.315 ok=True iters=7
21:40:55 [INFO] [PROG] s*=6.03/8.95 (67.4%) dist_goal=2.80
21:40:55 [INFO] [MPC] state=(-1.76,-2.67,+1.70) wp0=(-1.55,-2.60) v=+0.200 ω=-0.264 ok=True iters=7
21:40:55 [INFO] [PROG] s*=6.05/8.95 (67.7%) dist_goal=2.78
21:40:55 [INFO] [MPC] state=(-1.76,-2.65,+1.68) wp0=(-1.55,-2.58) v=+0.200 ω=-0.244 ok=True iters=7
21:40:55 [INFO] [PROG] s*=6.07/8.95 (67.9%) dist_goal=2.76
21:40:55 [INFO] [MPC] state=(-1.76,-2.63,+1.66) wp0=(-1.55,-2.56) v=+0.200 ω=-0.163 ok=True iters=7
21:40:55 [INFO] [PROG] s*=6.09/8.95 (68.1%) dist_goal=2.74
21:40:55 [INFO] [MPC] state=(-1.76,-2.61,+1.65) wp0=(-1.55,-2.54) v=+0.200 ω=-0.459 ok=True iters=7
21:40:55 [INFO] [PROG] s*=6.11/8.95 (68.3%) dist_goal=2.72
21:40:55 [INFO] [MPC] state=(-1.76,-2.59,+1.62) wp0=(-1.55,-2.52) v=+0.200 ω=-0.454 ok=True iters=7
21:40:55 [INFO] [PROG] s*=6.13/8.95 (68.5%) dist_goal=2.70
21:40:55 [INFO] [MPC] state=(-1.77,-2.57,+1.59) wp0=(-1.55,-2.50) v=+0.200 ω=-0.276 ok=True iters=7
21:40:55 [INFO] [PROG] s*=6.15/8.95 (68.7%) dist_goal=2.69
21:40:55 [INFO] [MPC] state=(-1.77,-2.55,+1.57) wp0=(-1.55,-2.49) v=+0.200 ω=-0.592 ok=True iters=7
21:40:55 [INFO] [PROG] s*=6.17/8.95 (69.0%) dist_goal=2.67
21:40:55 [INFO] [MPC] state=(-1.77,-2.54,+1.53) wp0=(-1.55,-2.47) v=+0.200 ω=-0.124 ok=True iters=7
21:40:55 [INFO] [PROG] s*=6.19/8.95 (69.2%) dist_goal=2.65
21:40:55 [INFO] [MPC] state=(-1.76,-2.52,+1.52) wp0=(-1.55,-2.45) v=+0.200 ω=-0.356 ok=True iters=7
21:40:55 [INFO] [PROG] s*=6.21/8.95 (69.4%) dist_goal=2.63
21:40:55 [INFO] [MPC] state=(-1.76,-2.50,+1.50) wp0=(-1.55,-2.43) v=+0.200 ω=-0.321 ok=True iters=7
21:40:55 [INFO] [PROG] s*=6.23/8.95 (69.6%) dist_goal=2.61
21:40:55 [INFO] [MPC] state=(-1.76,-2.48,+1.47) wp0=(-1.55,-2.41) v=+0.200 ω=-0.556 ok=True iters=7
21:40:55 [INFO] [PROG] s*=6.25/8.95 (69.8%) dist_goal=2.59
21:40:55 [INFO] [MPC] state=(-1.76,-2.46,+1.44) wp0=(-1.55,-2.39) v=+0.200 ω=-0.104 ok=True iters=7
21:40:55 [INFO] [PROG] s*=6.27/8.95 (70.0%) dist_goal=2.57
21:40:55 [INFO] [MPC] state=(-1.76,-2.44,+1.43) wp0=(-1.55,-2.37) v=+0.200 ω=-0.016 ok=True iters=7
21:40:55 [INFO] [PROG] s*=6.29/8.95 (70.3%) dist_goal=2.55
21:40:55 [INFO] [MPC] state=(-1.75,-2.42,+1.43) wp0=(-1.55,-2.35) v=+0.200 ω=-0.293 ok=True iters=7
21:40:55 [INFO] [PROG] s*=6.31/8.95 (70.5%) dist_goal=2.53
21:40:55 [INFO] [MPC] state=(-1.75,-2.40,+1.41) wp0=(-1.55,-2.33) v=+0.200 ω=-0.178 ok=True iters=7
21:40:55 [INFO] [PROG] s*=6.33/8.95 (70.7%) dist_goal=2.51
21:40:55 [INFO] [MPC] state=(-1.75,-2.38,+1.39) wp0=(-1.55,-2.31) v=+0.200 ω=-0.060 ok=True iters=7
21:40:55 [INFO] [PROG] s*=6.35/8.95 (70.9%) dist_goal=2.49
21:40:55 [INFO] [MPC] state=(-1.74,-2.36,+1.39) wp0=(-1.55,-2.29) v=+0.200 ω=+0.008 ok=True iters=7
21:40:55 [INFO] [PROG] s*=6.37/8.95 (71.1%) dist_goal=2.47
21:40:55 [INFO] [MPC] state=(-1.74,-2.34,+1.39) wp0=(-1.55,-2.27) v=+0.200 ω=+0.053 ok=True iters=7
21:40:55 [INFO] [PROG] s*=6.39/8.95 (71.4%) dist_goal=2.45
21:40:55 [INFO] [MPC] state=(-1.74,-2.32,+1.39) wp0=(-1.55,-2.25) v=+0.200 ω=+0.149 ok=True iters=7
21:40:55 [INFO] [PROG] s*=6.41/8.95 (71.6%) dist_goal=2.43
21:40:55 [INFO] [MPC] state=(-1.73,-2.30,+1.41) wp0=(-1.55,-2.23) v=+0.200 ω=+0.153 ok=True iters=7
21:40:55 [INFO] [PROG] s*=6.43/8.95 (71.8%) dist_goal=2.41
21:40:55 [INFO] [MPC] state=(-1.73,-2.28,+1.42) wp0=(-1.55,-2.21) v=+0.200 ω=+0.155 ok=True iters=7
21:40:55 [INFO] [PROG] s*=6.45/8.95 (72.0%) dist_goal=2.39
21:40:55 [INFO] [MPC] state=(-1.73,-2.26,+1.43) wp0=(-1.55,-2.19) v=+0.200 ω=+0.152 ok=True iters=7
21:40:55 [INFO] [PROG] s*=6.47/8.95 (72.3%) dist_goal=2.37
21:40:55 [INFO] [MPC] state=(-1.72,-2.24,+1.45) wp0=(-1.55,-2.17) v=+0.200 ω=+0.037 ok=True iters=7
21:40:55 [INFO] [PROG] s*=6.48/8.95 (72.5%) dist_goal=2.35
21:40:55 [INFO] [MPC] state=(-1.72,-2.22,+1.45) wp0=(-1.55,-2.15) v=+0.200 ω=+0.494 ok=True iters=7
21:40:55 [INFO] [PROG] s*=6.50/8.95 (72.7%) dist_goal=2.33
21:40:55 [INFO] [MPC] state=(-1.72,-2.20,+1.48) wp0=(-1.55,-2.13) v=+0.200 ω=+0.353 ok=True iters=7
21:40:55 [INFO] [PROG] s*=6.52/8.95 (72.9%) dist_goal=2.31
21:40:55 [INFO] [MPC] state=(-1.72,-2.18,+1.50) wp0=(-1.55,-2.11) v=+0.200 ω=+0.307 ok=True iters=7
21:40:55 [INFO] [PROG] s*=6.54/8.95 (73.1%) dist_goal=2.29
21:40:55 [INFO] [MPC] state=(-1.72,-2.16,+1.52) wp0=(-1.55,-2.09) v=+0.200 ω=+0.132 ok=True iters=7
21:40:55 [INFO] [PROG] s*=6.56/8.95 (73.3%) dist_goal=2.27
21:40:55 [INFO] [MPC] state=(-1.72,-2.14,+1.53) wp0=(-1.55,-2.07) v=+0.200 ω=+0.113 ok=True iters=7
21:40:55 [INFO] [PROG] s*=6.58/8.95 (73.6%) dist_goal=2.25
21:40:55 [INFO] [MPC] state=(-1.71,-2.12,+1.54) wp0=(-1.55,-2.05) v=+0.200 ω=+0.094 ok=True iters=7
21:40:55 [INFO] [PROG] s*=6.60/8.95 (73.8%) dist_goal=2.23
21:40:55 [INFO] [MPC] state=(-1.71,-2.10,+1.55) wp0=(-1.55,-2.03) v=+0.200 ω=+0.073 ok=True iters=7
21:40:55 [INFO] [PROG] s*=6.62/8.95 (74.0%) dist_goal=2.21
21:40:55 [INFO] [MPC] state=(-1.71,-2.08,+1.56) wp0=(-1.55,-2.01) v=+0.200 ω=+0.056 ok=True iters=7
21:40:55 [INFO] [PROG] s*=6.64/8.95 (74.2%) dist_goal=2.19
21:40:55 [INFO] [MPC] state=(-1.71,-2.06,+1.57) wp0=(-1.55,-1.99) v=+0.200 ω=+0.043 ok=True iters=7
21:40:55 [INFO] [PROG] s*=6.66/8.95 (74.5%) dist_goal=2.17
21:40:55 [INFO] [MPC] state=(-1.71,-2.04,+1.57) wp0=(-1.55,-1.97) v=+0.200 ω=+0.033 ok=True iters=7
21:40:55 [INFO] [PROG] s*=6.68/8.95 (74.7%) dist_goal=2.15
21:40:55 [INFO] [MPC] state=(-1.71,-2.02,+1.57) wp0=(-1.55,-1.95) v=+0.200 ω=+0.025 ok=True iters=7
21:40:55 [INFO] [PROG] s*=6.70/8.95 (74.9%) dist_goal=2.13
21:40:55 [INFO] [MPC] state=(-1.71,-2.00,+1.57) wp0=(-1.55,-1.93) v=+0.200 ω=+0.017 ok=True iters=7
21:40:55 [INFO] [PROG] s*=6.72/8.95 (75.1%) dist_goal=2.11
21:40:55 [INFO] [MPC] state=(-1.71,-1.98,+1.58) wp0=(-1.55,-1.91) v=+0.200 ω=+0.011 ok=True iters=7
21:40:55 [INFO] [PROG] s*=6.74/8.95 (75.4%) dist_goal=2.09
21:40:55 [INFO] [MPC] state=(-1.71,-1.96,+1.58) wp0=(-1.55,-1.89) v=+0.200 ω=+0.006 ok=True iters=7
21:40:55 [INFO] [PROG] s*=6.76/8.95 (75.6%) dist_goal=2.07
21:40:55 [INFO] [MPC] state=(-1.71,-1.94,+1.58) wp0=(-1.55,-1.87) v=+0.200 ω=+0.002 ok=True iters=7
21:40:55 [INFO] [PROG] s*=6.78/8.95 (75.8%) dist_goal=2.05
21:40:55 [INFO] [MPC] state=(-1.71,-1.92,+1.58) wp0=(-1.55,-1.85) v=+0.200 ω=-0.000 ok=True iters=7
21:40:55 [INFO] [PROG] s*=6.80/8.95 (76.0%) dist_goal=2.03
21:40:55 [INFO] [MPC] state=(-1.71,-1.90,+1.58) wp0=(-1.55,-1.83) v=+0.200 ω=-0.003 ok=True iters=7
21:40:55 [INFO] [PROG] s*=6.83/8.95 (76.3%) dist_goal=2.01
21:40:55 [INFO] [MPC] state=(-1.71,-1.88,+1.58) wp0=(-1.55,-1.81) v=+0.200 ω=-0.005 ok=True iters=7
21:40:55 [INFO] [PROG] s*=6.85/8.95 (76.5%) dist_goal=1.99
21:40:55 [INFO] [MPC] state=(-1.72,-1.86,+1.58) wp0=(-1.55,-1.79) v=+0.200 ω=-0.006 ok=True iters=7
21:40:55 [INFO] [PROG] s*=6.87/8.95 (76.7%) dist_goal=1.97
21:40:55 [INFO] [MPC] state=(-1.72,-1.84,+1.58) wp0=(-1.55,-1.77) v=+0.200 ω=-0.007 ok=True iters=7
21:40:55 [INFO] [PROG] s*=6.89/8.95 (77.0%) dist_goal=1.95
21:40:55 [INFO] [MPC] state=(-1.72,-1.82,+1.58) wp0=(-1.55,-1.75) v=+0.200 ω=-0.007 ok=True iters=7
21:40:55 [INFO] [PROG] s*=6.91/8.95 (77.2%) dist_goal=1.93
21:40:55 [INFO] [MPC] state=(-1.72,-1.80,+1.58) wp0=(-1.55,-1.73) v=+0.200 ω=-0.008 ok=True iters=7
21:40:55 [INFO] [PROG] s*=6.93/8.95 (77.4%) dist_goal=1.91
21:40:55 [INFO] [MPC] state=(-1.72,-1.78,+1.58) wp0=(-1.55,-1.71) v=+0.200 ω=-0.009 ok=True iters=7
21:40:55 [INFO] [PROG] s*=6.95/8.95 (77.6%) dist_goal=1.89
21:40:55 [INFO] [MPC] state=(-1.72,-1.76,+1.58) wp0=(-1.55,-1.69) v=+0.200 ω=-0.008 ok=True iters=7
21:40:55 [INFO] [PROG] s*=6.97/8.95 (77.9%) dist_goal=1.87
21:40:55 [INFO] [MPC] state=(-1.72,-1.74,+1.58) wp0=(-1.55,-1.67) v=+0.200 ω=-0.008 ok=True iters=7
21:40:55 [INFO] [PROG] s*=6.99/8.95 (78.1%) dist_goal=1.85
21:40:55 [INFO] [MPC] state=(-1.72,-1.72,+1.58) wp0=(-1.55,-1.65) v=+0.200 ω=-0.008 ok=True iters=7
21:40:55 [INFO] [PROG] s*=7.01/8.95 (78.3%) dist_goal=1.83
21:40:55 [INFO] [MPC] state=(-1.72,-1.70,+1.57) wp0=(-1.55,-1.63) v=+0.200 ω=+0.416 ok=True iters=7
21:40:55 [INFO] [PROG] s*=7.03/8.95 (78.5%) dist_goal=1.81
21:40:55 [INFO] [MPC] state=(-1.72,-1.68,+1.60) wp0=(-1.55,-1.61) v=+0.200 ω=+0.206 ok=True iters=7
21:40:55 [INFO] [PROG] s*=7.05/8.95 (78.7%) dist_goal=1.79
21:40:55 [INFO] [MPC] state=(-1.72,-1.66,+1.61) wp0=(-1.55,-1.59) v=+0.200 ω=+0.168 ok=True iters=7
21:40:55 [INFO] [PROG] s*=7.07/8.95 (79.0%) dist_goal=1.77
21:40:55 [INFO] [MPC] state=(-1.72,-1.64,+1.62) wp0=(-1.55,-1.57) v=+0.200 ω=+0.122 ok=True iters=7
21:40:55 [INFO] [PROG] s*=7.09/8.95 (79.2%) dist_goal=1.75
21:40:55 [INFO] [MPC] state=(-1.72,-1.62,+1.64) wp0=(-1.55,-1.55) v=+0.200 ω=+0.147 ok=True iters=7
21:40:55 [INFO] [PROG] s*=7.11/8.95 (79.4%) dist_goal=1.73
21:40:55 [INFO] [MPC] state=(-1.72,-1.60,+1.65) wp0=(-1.55,-1.53) v=+0.200 ω=+0.101 ok=True iters=7
21:40:55 [INFO] [PROG] s*=7.13/8.95 (79.6%) dist_goal=1.71
21:40:55 [INFO] [MPC] state=(-1.72,-1.58,+1.66) wp0=(-1.55,-1.51) v=+0.200 ω=+0.057 ok=True iters=7
21:40:55 [INFO] [PROG] s*=7.15/8.95 (79.9%) dist_goal=1.69
21:40:55 [INFO] [MPC] state=(-1.72,-1.56,+1.66) wp0=(-1.55,-1.49) v=+0.200 ω=+0.025 ok=True iters=7
21:40:55 [INFO] [PROG] s*=7.16/8.95 (80.1%) dist_goal=1.67
21:40:55 [INFO] [MPC] state=(-1.73,-1.54,+1.66) wp0=(-1.55,-1.47) v=+0.200 ω=+0.334 ok=True iters=7
21:40:55 [INFO] [PROG] s*=7.18/8.95 (80.3%) dist_goal=1.65
21:40:55 [INFO] [MPC] state=(-1.73,-1.52,+1.69) wp0=(-1.55,-1.45) v=+0.200 ω=+0.121 ok=True iters=7
21:40:55 [INFO] [PROG] s*=7.20/8.95 (80.5%) dist_goal=1.63
21:40:55 [INFO] [MPC] state=(-1.73,-1.50,+1.70) wp0=(-1.55,-1.43) v=+0.200 ω=+0.064 ok=True iters=7
21:40:55 [INFO] [PROG] s*=7.22/8.95 (80.7%) dist_goal=1.61
21:40:55 [INFO] [MPC] state=(-1.73,-1.48,+1.70) wp0=(-1.55,-1.41) v=+0.200 ω=+0.019 ok=True iters=7
21:40:55 [INFO] [PROG] s*=7.24/8.95 (81.0%) dist_goal=1.59
21:40:55 [INFO] [MPC] state=(-1.74,-1.46,+1.71) wp0=(-1.55,-1.39) v=+0.200 ω=+0.021 ok=True iters=7
21:40:55 [INFO] [PROG] s*=7.26/8.95 (81.2%) dist_goal=1.57
21:40:55 [INFO] [MPC] state=(-1.74,-1.44,+1.71) wp0=(-1.55,-1.37) v=+0.200 ω=-0.012 ok=True iters=7
21:40:55 [INFO] [PROG] s*=7.29/8.95 (81.4%) dist_goal=1.55
21:40:55 [INFO] [MPC] state=(-1.74,-1.42,+1.71) wp0=(-1.55,-1.35) v=+0.200 ω=-0.035 ok=True iters=7
21:40:55 [INFO] [PROG] s*=7.31/8.95 (81.6%) dist_goal=1.53
21:40:55 [INFO] [MPC] state=(-1.74,-1.40,+1.70) wp0=(-1.55,-1.33) v=+0.200 ω=-0.041 ok=True iters=7
21:40:55 [INFO] [PROG] s*=7.32/8.95 (81.9%) dist_goal=1.51
21:40:55 [INFO] [MPC] state=(-1.75,-1.38,+1.70) wp0=(-1.55,-1.31) v=+0.200 ω=+0.183 ok=True iters=7
21:40:56 [INFO] [PROG] s*=7.34/8.95 (82.1%) dist_goal=1.49
21:40:56 [INFO] [MPC] state=(-1.75,-1.36,+1.71) wp0=(-1.55,-1.29) v=+0.200 ω=+0.109 ok=True iters=7
21:40:56 [INFO] [PROG] s*=7.36/8.95 (82.3%) dist_goal=1.47
21:40:56 [INFO] [MPC] state=(-1.75,-1.34,+1.72) wp0=(-1.55,-1.27) v=+0.200 ω=-0.300 ok=True iters=7
21:40:56 [INFO] [PROG] s*=7.38/8.95 (82.5%) dist_goal=1.45
21:40:56 [INFO] [MPC] state=(-1.76,-1.32,+1.70) wp0=(-1.55,-1.25) v=+0.200 ω=-0.256 ok=True iters=7
21:40:56 [INFO] [PROG] s*=7.40/8.95 (82.7%) dist_goal=1.43
21:40:56 [INFO] [MPC] state=(-1.76,-1.30,+1.69) wp0=(-1.55,-1.23) v=+0.200 ω=-0.233 ok=True iters=7
21:40:56 [INFO] [PROG] s*=7.42/8.95 (83.0%) dist_goal=1.41
21:40:56 [INFO] [MPC] state=(-1.76,-1.28,+1.67) wp0=(-1.55,-1.21) v=+0.200 ω=-0.160 ok=True iters=7
21:40:56 [INFO] [PROG] s*=7.44/8.95 (83.2%) dist_goal=1.39
21:40:56 [INFO] [MPC] state=(-1.76,-1.26,+1.66) wp0=(-1.55,-1.19) v=+0.200 ω=-0.129 ok=True iters=7
21:40:56 [INFO] [PROG] s*=7.46/8.95 (83.4%) dist_goal=1.37
21:40:56 [INFO] [MPC] state=(-1.76,-1.24,+1.64) wp0=(-1.55,-1.17) v=+0.200 ω=-0.493 ok=True iters=7
21:40:56 [INFO] [PROG] s*=7.48/8.95 (83.6%) dist_goal=1.35
21:40:56 [INFO] [MPC] state=(-1.76,-1.22,+1.62) wp0=(-1.55,-1.15) v=+0.200 ω=-0.399 ok=True iters=8
21:40:56 [INFO] [PROG] s*=7.50/8.95 (83.8%) dist_goal=1.34
21:40:56 [INFO] [MPC] state=(-1.77,-1.20,+1.59) wp0=(-1.55,-1.14) v=+0.200 ω=-0.631 ok=True iters=7
21:40:56 [INFO] [PROG] s*=7.52/8.95 (84.0%) dist_goal=1.32
21:40:56 [INFO] [MPC] state=(-1.76,-1.19,+1.55) wp0=(-1.55,-1.12) v=+0.200 ω=-0.195 ok=True iters=7
21:40:56 [INFO] [PROG] s*=7.54/8.95 (84.2%) dist_goal=1.30
21:40:56 [INFO] [MPC] state=(-1.76,-1.17,+1.53) wp0=(-1.55,-1.10) v=+0.200 ω=-0.464 ok=True iters=7
21:40:56 [INFO] [PROG] s*=7.56/8.95 (84.5%) dist_goal=1.28
21:40:56 [INFO] [MPC] state=(-1.76,-1.15,+1.50) wp0=(-1.55,-1.08) v=+0.200 ω=-0.337 ok=True iters=7
21:40:56 [INFO] [PROG] s*=7.58/8.95 (84.7%) dist_goal=1.26
21:40:56 [INFO] [MPC] state=(-1.76,-1.13,+1.48) wp0=(-1.55,-1.06) v=+0.200 ω=-0.559 ok=True iters=7
21:40:56 [INFO] [PROG] s*=7.60/8.95 (84.9%) dist_goal=1.24
21:40:56 [INFO] [MPC] state=(-1.76,-1.11,+1.45) wp0=(-1.55,-1.04) v=+0.200 ω=-0.121 ok=True iters=7
21:40:56 [INFO] [PROG] s*=7.62/8.95 (85.1%) dist_goal=1.22
21:40:56 [INFO] [MPC] state=(-1.76,-1.09,+1.43) wp0=(-1.55,-1.02) v=+0.200 ω=-0.043 ok=True iters=7
21:40:56 [INFO] [PROG] s*=7.64/8.95 (85.3%) dist_goal=1.20
21:40:56 [INFO] [MPC] state=(-1.75,-1.07,+1.43) wp0=(-1.55,-1.00) v=+0.200 ω=-0.312 ok=True iters=7
21:40:56 [INFO] [PROG] s*=7.66/8.95 (85.5%) dist_goal=1.18
21:40:56 [INFO] [MPC] state=(-1.75,-1.05,+1.41) wp0=(-1.55,-0.98) v=+0.200 ω=-0.192 ok=True iters=7
21:40:56 [INFO] [PROG] s*=7.68/8.95 (85.8%) dist_goal=1.16
21:40:56 [INFO] [MPC] state=(-1.75,-1.03,+1.39) wp0=(-1.55,-0.96) v=+0.200 ω=-0.072 ok=True iters=7
21:40:56 [INFO] [PROG] s*=7.70/8.95 (86.0%) dist_goal=1.14
21:40:56 [INFO] [MPC] state=(-1.74,-1.01,+1.39) wp0=(-1.55,-0.94) v=+0.200 ω=+0.001 ok=True iters=7
21:40:56 [INFO] [PROG] s*=7.71/8.95 (86.2%) dist_goal=1.12
21:40:56 [INFO] [MPC] state=(-1.74,-0.99,+1.39) wp0=(-1.55,-0.92) v=+0.200 ω=+0.049 ok=True iters=7
21:40:56 [INFO] [PROG] s*=7.73/8.95 (86.4%) dist_goal=1.10
21:40:56 [INFO] [MPC] state=(-1.74,-0.97,+1.39) wp0=(-1.55,-0.90) v=+0.200 ω=+0.147 ok=True iters=7
21:40:56 [INFO] [PROG] s*=7.75/8.95 (86.7%) dist_goal=1.08
21:40:56 [INFO] [MPC] state=(-1.73,-0.95,+1.41) wp0=(-1.55,-0.88) v=+0.200 ω=+0.152 ok=True iters=7
21:40:56 [INFO] [PROG] s*=7.77/8.95 (86.9%) dist_goal=1.06
21:40:56 [INFO] [MPC] state=(-1.73,-0.93,+1.42) wp0=(-1.55,-0.86) v=+0.200 ω=+0.153 ok=True iters=7
21:40:56 [INFO] [PROG] s*=7.79/8.95 (87.1%) dist_goal=1.04
21:40:56 [INFO] [MPC] state=(-1.73,-0.91,+1.43) wp0=(-1.55,-0.84) v=+0.200 ω=+0.152 ok=True iters=7
21:40:56 [INFO] [PROG] s*=7.81/8.95 (87.3%) dist_goal=1.02
21:40:56 [INFO] [MPC] state=(-1.72,-0.89,+1.44) wp0=(-1.55,-0.82) v=+0.200 ω=+0.147 ok=True iters=7
21:40:56 [INFO] [PROG] s*=7.83/8.95 (87.5%) dist_goal=1.00
21:40:56 [INFO] [MPC] state=(-1.72,-0.87,+1.46) wp0=(-1.55,-0.80) v=+0.200 ω=+0.031 ok=True iters=7
21:40:56 [INFO] [PROG] s*=7.85/8.95 (87.8%) dist_goal=0.98
21:40:56 [INFO] [MPC] state=(-1.72,-0.85,+1.46) wp0=(-1.55,-0.78) v=+0.200 ω=+0.487 ok=True iters=7
21:40:56 [INFO] [PROG] s*=7.87/8.95 (88.0%) dist_goal=0.96
21:40:56 [INFO] [MPC] state=(-1.72,-0.83,+1.49) wp0=(-1.55,-0.76) v=+0.200 ω=+0.346 ok=True iters=7
21:40:56 [INFO] [PROG] s*=7.89/8.95 (88.2%) dist_goal=0.95
21:40:56 [INFO] [MPC] state=(-1.72,-0.81,+1.51) wp0=(-1.55,-0.75) v=+0.200 ω=+0.296 ok=True iters=7
21:40:56 [INFO] [PROG] s*=7.91/8.95 (88.4%) dist_goal=0.93
21:40:56 [INFO] [MPC] state=(-1.72,-0.80,+1.53) wp0=(-1.55,-0.73) v=+0.200 ω=+0.125 ok=True iters=7
21:40:56 [INFO] [PROG] s*=7.93/8.95 (88.6%) dist_goal=0.91
21:40:56 [INFO] [MPC] state=(-1.71,-0.78,+1.54) wp0=(-1.55,-0.70) v=+0.200 ω=+0.105 ok=True iters=7
21:40:56 [INFO] [PROG] s*=7.95/8.95 (88.9%) dist_goal=0.89
21:40:56 [INFO] [MPC] state=(-1.71,-0.75,+1.55) wp0=(-1.55,-0.68) v=+0.200 ω=+0.083 ok=True iters=7
21:40:56 [INFO] [PROG] s*=7.97/8.95 (89.1%) dist_goal=0.87
21:40:56 [INFO] [MPC] state=(-1.71,-0.73,+1.56) wp0=(-1.55,-0.66) v=+0.200 ω=+0.064 ok=True iters=7
21:40:56 [INFO] [PROG] s*=7.99/8.95 (89.3%) dist_goal=0.85
21:40:56 [INFO] [MPC] state=(-1.71,-0.71,+1.57) wp0=(-1.55,-0.64) v=+0.200 ω=+0.049 ok=True iters=7
21:40:56 [INFO] [PROG] s*=8.01/8.95 (89.5%) dist_goal=0.82
21:40:56 [INFO] [MPC] state=(-1.71,-0.69,+1.57) wp0=(-1.55,-0.62) v=+0.200 ω=+0.041 ok=True iters=7
21:40:56 [INFO] [PROG] s*=8.03/8.95 (89.8%) dist_goal=0.80
21:40:56 [INFO] [MPC] state=(-1.71,-0.67,+1.57) wp0=(-1.55,-0.60) v=+0.200 ω=+0.040 ok=True iters=7
21:40:56 [INFO] [PROG] s*=8.05/8.95 (90.0%) dist_goal=0.78
21:40:56 [INFO] [MPC] state=(-1.71,-0.65,+1.58) wp0=(-1.55,-0.58) v=+0.200 ω=+0.039 ok=True iters=7
21:40:56 [INFO] [PROG] s*=8.07/8.95 (90.2%) dist_goal=0.76
21:40:56 [INFO] [MPC] state=(-1.71,-0.63,+1.58) wp0=(-1.55,-0.56) v=+0.196 ω=+0.043 ok=True iters=7
21:40:56 [INFO] [PROG] s*=8.09/8.95 (90.4%) dist_goal=0.75
21:40:56 [INFO] [MPC] state=(-1.71,-0.61,+1.58) wp0=(-1.55,-0.54) v=+0.191 ω=+0.043 ok=True iters=7
21:40:56 [INFO] [PROG] s*=8.11/8.95 (90.6%) dist_goal=0.73
21:40:56 [INFO] [MPC] state=(-1.71,-0.59,+1.59) wp0=(-1.55,-0.53) v=+0.186 ω=+0.045 ok=True iters=7
21:40:56 [INFO] [PROG] s*=8.13/8.95 (90.8%) dist_goal=0.71
21:40:56 [INFO] [MPC] state=(-1.71,-0.58,+1.59) wp0=(-1.55,-0.51) v=+0.182 ω=+0.045 ok=True iters=8
21:40:56 [INFO] [PROG] s*=8.15/8.95 (91.0%) dist_goal=0.69
21:40:56 [INFO] [MPC] state=(-1.72,-0.56,+1.60) wp0=(-1.55,-0.49) v=+0.177 ω=+0.044 ok=True iters=8
21:40:56 [INFO] [PROG] s*=8.16/8.95 (91.2%) dist_goal=0.67
21:40:56 [INFO] [MPC] state=(-1.72,-0.54,+1.60) wp0=(-1.55,-0.47) v=+0.173 ω=+0.037 ok=True iters=8
21:40:56 [INFO] [PROG] s*=8.18/8.95 (91.4%) dist_goal=0.66
21:40:56 [INFO] [MPC] state=(-1.72,-0.52,+1.61) wp0=(-1.55,-0.45) v=+0.168 ω=+0.031 ok=True iters=8
21:40:56 [INFO] [PROG] s*=8.20/8.95 (91.6%) dist_goal=0.64
21:40:56 [INFO] [MPC] state=(-1.72,-0.50,+1.61) wp0=(-1.55,-0.44) v=+0.164 ω=+0.026 ok=True iters=8
21:40:56 [INFO] [PROG] s*=8.21/8.95 (91.8%) dist_goal=0.62
21:40:56 [INFO] [MPC] state=(-1.72,-0.49,+1.61) wp0=(-1.55,-0.42) v=+0.160 ω=+0.021 ok=True iters=8
21:40:56 [INFO] [PROG] s*=8.23/8.95 (92.0%) dist_goal=0.61
21:40:56 [INFO] [MPC] state=(-1.72,-0.47,+1.62) wp0=(-1.55,-0.41) v=+0.156 ω=+0.017 ok=True iters=8
21:40:56 [INFO] [PROG] s*=8.24/8.95 (92.1%) dist_goal=0.59
21:40:56 [INFO] [MPC] state=(-1.72,-0.46,+1.62) wp0=(-1.55,-0.39) v=+0.152 ω=+0.012 ok=True iters=8
21:40:56 [INFO] [PROG] s*=8.26/8.95 (92.3%) dist_goal=0.58
21:40:56 [INFO] [MPC] state=(-1.72,-0.44,+1.62) wp0=(-1.55,-0.38) v=+0.148 ω=+0.007 ok=True iters=8
21:40:56 [INFO] [PROG] s*=8.27/8.95 (92.5%) dist_goal=0.56
21:40:56 [INFO] [MPC] state=(-1.72,-0.43,+1.62) wp0=(-1.55,-0.36) v=+0.144 ω=-0.154 ok=True iters=9
21:40:56 [INFO] [PROG] s*=8.29/8.95 (92.6%) dist_goal=0.55
21:40:56 [INFO] [MPC] state=(-1.72,-0.41,+1.60) wp0=(-1.55,-0.35) v=+0.141 ω=+0.744 ok=True iters=8
21:40:56 [INFO] [PROG] s*=8.30/8.95 (92.8%) dist_goal=0.54
21:40:56 [INFO] [MPC] state=(-1.72,-0.40,+1.67) wp0=(-1.55,-0.34) v=+0.137 ω=+0.645 ok=True iters=9
21:40:56 [INFO] [PROG] s*=8.31/8.95 (92.9%) dist_goal=0.52
21:40:56 [INFO] [MPC] state=(-1.72,-0.39,+1.73) wp0=(-1.55,-0.32) v=+0.134 ω=+1.017 ok=True iters=9
21:40:56 [INFO] [PROG] s*=8.32/8.95 (93.0%) dist_goal=0.51
21:40:56 [INFO] [MPC] state=(-1.73,-0.37,+1.83) wp0=(-1.55,-0.31) v=+0.131 ω=+0.760 ok=True iters=8
21:40:56 [INFO] [PROG] s*=8.34/8.95 (93.2%) dist_goal=0.50
21:40:56 [INFO] [MPC] state=(-1.73,-0.36,+1.91) wp0=(-1.55,-0.30) v=+0.128 ω=+0.289 ok=True iters=8
21:40:56 [INFO] [PROG] s*=8.35/8.95 (93.3%) dist_goal=0.49
21:40:56 [INFO] [MPC] state=(-1.73,-0.35,+1.94) wp0=(-1.55,-0.29) v=+0.125 ω=+0.306 ok=True iters=8
21:40:56 [INFO] [PROG] s*=8.52/8.95 (95.2%) dist_goal=0.48
21:40:56 [INFO] [MPC] state=(-1.74,-0.34,+1.97) wp0=(-1.64,-0.16) v=+0.122 ω=+0.247 ok=True iters=8
21:40:56 [INFO] [PROG] s*=8.53/8.95 (95.3%) dist_goal=0.47
21:40:56 [INFO] [MPC] state=(-1.74,-0.33,+1.99) wp0=(-1.65,-0.15) v=+0.119 ω=-1.747 ok=True iters=9
21:40:56 [INFO] [PROG] s*=8.54/8.95 (95.4%) dist_goal=0.46
21:40:56 [INFO] [MPC] state=(-1.75,-0.32,+1.86) wp0=(-1.65,-0.14) v=+0.117 ω=-1.227 ok=True iters=7
21:40:56 [INFO] [PROG] s*=8.55/8.95 (95.5%) dist_goal=0.44
21:40:56 [INFO] [MPC] state=(-1.75,-0.31,+1.74) wp0=(-1.65,-0.13) v=+0.114 ω=-0.758 ok=True iters=7
21:40:56 [INFO] [PROG] s*=8.56/8.95 (95.6%) dist_goal=0.43
21:40:56 [INFO] [MPC] state=(-1.75,-0.29,+1.66) wp0=(-1.65,-0.12) v=+0.111 ω=-0.429 ok=True iters=7
21:40:56 [INFO] [PROG] s*=8.56/8.95 (95.7%) dist_goal=0.42
21:40:56 [INFO] [MPC] state=(-1.75,-0.28,+1.61) wp0=(-1.65,-0.11) v=+0.108 ω=-0.019 ok=True iters=7
21:40:56 [INFO] [PROG] s*=8.57/8.95 (95.8%) dist_goal=0.41
21:40:56 [INFO] [MPC] state=(-1.75,-0.27,+1.61) wp0=(-1.65,-0.11) v=+0.106 ω=-0.121 ok=True iters=8
21:40:56 [INFO] [PROG] s*=8.58/8.95 (95.8%) dist_goal=0.40
21:40:56 [INFO] [MPC] state=(-1.75,-0.26,+1.60) wp0=(-1.65,-0.10) v=+0.103 ω=+0.013 ok=True iters=7
21:40:56 [INFO] [PROG] s*=8.58/8.95 (95.8%) dist_goal=0.39
21:40:56 [INFO] [MPC] state=(-1.75,-0.25,+1.60) wp0=(-1.65,-0.10) v=+0.100 ω=+0.005 ok=True iters=7
21:40:56 [INFO] [PROG] s*=8.58/8.95 (95.8%) dist_goal=0.38
21:40:56 [INFO] [MPC] state=(-1.75,-0.24,+1.60) wp0=(-1.65,-0.10) v=+0.098 ω=+0.001 ok=True iters=7
21:40:56 [INFO] [PROG] s*=8.58/8.95 (95.8%) dist_goal=0.37
21:40:56 [INFO] [MPC] state=(-1.75,-0.23,+1.60) wp0=(-1.65,-0.10) v=+0.095 ω=+0.035 ok=True iters=7
21:40:56 [INFO] [PROG] s*=8.58/8.95 (95.8%) dist_goal=0.36
21:40:56 [INFO] [MPC] state=(-1.75,-0.22,+1.60) wp0=(-1.65,-0.10) v=+0.093 ω=+0.062 ok=True iters=7
21:40:56 [INFO] [PROG] s*=8.58/8.95 (95.8%) dist_goal=0.35
21:40:56 [INFO] [MPC] state=(-1.75,-0.21,+1.61) wp0=(-1.65,-0.10) v=+0.091 ω=+0.037 ok=True iters=7
21:40:56 [INFO] [PROG] s*=8.58/8.95 (95.8%) dist_goal=0.34
21:40:56 [INFO] [MPC] state=(-1.76,-0.20,+1.61) wp0=(-1.65,-0.10) v=+0.088 ω=+0.019 ok=True iters=7
21:40:56 [INFO] [PROG] s*=8.58/8.95 (95.8%) dist_goal=0.34
21:40:56 [INFO] [MPC] state=(-1.76,-0.19,+1.62) wp0=(-1.65,-0.10) v=+0.086 ω=+0.006 ok=True iters=7
21:40:56 [INFO] [PROG] s*=8.58/8.95 (95.8%) dist_goal=0.33
21:40:56 [INFO] [MPC] state=(-1.76,-0.19,+1.62) wp0=(-1.65,-0.10) v=+0.084 ω=-0.003 ok=True iters=7
21:40:56 [INFO] [PROG] s*=8.58/8.95 (95.8%) dist_goal=0.32
21:40:56 [INFO] [MPC] state=(-1.76,-0.18,+1.62) wp0=(-1.65,-0.10) v=+0.082 ω=-0.006 ok=True iters=7
21:40:56 [INFO] [PROG] s*=8.58/8.95 (95.8%) dist_goal=0.31
21:40:56 [INFO] [MPC] state=(-1.76,-0.17,+1.62) wp0=(-1.65,-0.10) v=+0.080 ω=+0.004 ok=True iters=7
21:40:56 [INFO] [PROG] s*=8.58/8.95 (95.8%) dist_goal=0.30
21:40:56 [INFO] [MPC] state=(-1.76,-0.16,+1.62) wp0=(-1.65,-0.10) v=+0.078 ω=+0.007 ok=True iters=7
21:40:56 [INFO] [PROG] s*=8.58/8.95 (95.9%) dist_goal=0.30
21:40:56 [INFO] [MPC] state=(-1.76,-0.15,+1.62) wp0=(-1.65,-0.10) v=+0.076 ω=+0.007 ok=True iters=7
21:40:56 [INFO] [PROG] s*=8.59/8.95 (96.0%) dist_goal=0.29
21:40:56 [INFO] [MPC] state=(-1.76,-0.15,+1.62) wp0=(-1.65,-0.09) v=+0.074 ω=+0.112 ok=True iters=7
21:40:56 [INFO] [PROG] s*=8.60/8.95 (96.1%) dist_goal=0.28
21:40:56 [INFO] [MPC] state=(-1.76,-0.14,+1.63) wp0=(-1.65,-0.08) v=+0.072 ω=+0.070 ok=True iters=7
21:40:56 [INFO] [PROG] s*=8.60/8.95 (96.1%) dist_goal=0.28
21:40:56 [INFO] [MPC] state=(-1.76,-0.13,+1.64) wp0=(-1.65,-0.07) v=+0.071 ω=+0.042 ok=True iters=7
21:40:56 [INFO] [PROG] s*=8.61/8.95 (96.2%) dist_goal=0.27
21:40:56 [INFO] [MPC] state=(-1.76,-0.12,+1.64) wp0=(-1.65,-0.07) v=+0.069 ω=+0.021 ok=True iters=7
21:40:56 [INFO] [PROG] s*=8.62/8.95 (96.3%) dist_goal=0.26
21:40:56 [INFO] [MPC] state=(-1.76,-0.12,+1.64) wp0=(-1.65,-0.06) v=+0.067 ω=+0.007 ok=True iters=7
21:40:56 [INFO] [PROG] s*=8.62/8.95 (96.4%) dist_goal=0.26
21:40:56 [INFO] [MPC] state=(-1.76,-0.11,+1.65) wp0=(-1.65,-0.06) v=+0.065 ω=-0.003 ok=True iters=7
21:40:56 [INFO] [PROG] s*=8.63/8.95 (96.4%) dist_goal=0.25
21:40:56 [INFO] [MPC] state=(-1.76,-0.11,+1.65) wp0=(-1.65,-0.05) v=+0.064 ω=-0.009 ok=True iters=7
21:40:56 [INFO] [PROG] s*=8.63/8.95 (96.5%) dist_goal=0.24
21:40:56 [INFO] [MPC] state=(-1.76,-0.10,+1.64) wp0=(-1.65,-0.04) v=+0.062 ω=-0.009 ok=True iters=7
21:40:56 [INFO] [PROG] s*=8.64/8.95 (96.6%) dist_goal=0.24
21:40:56 [INFO] [MPC] state=(-1.76,-0.09,+1.64) wp0=(-1.65,-0.04) v=+0.061 ω=-0.008 ok=True iters=7
21:40:56 [INFO] [PROG] s*=8.65/8.95 (96.6%) dist_goal=0.23
21:40:56 [INFO] [MPC] state=(-1.76,-0.09,+1.64) wp0=(-1.65,-0.03) v=+0.059 ω=-0.009 ok=True iters=7
21:40:56 [INFO] [PROG] s*=8.65/8.95 (96.7%) dist_goal=0.23
21:40:56 [INFO] [MPC] state=(-1.76,-0.08,+1.64) wp0=(-1.65,-0.03) v=+0.058 ω=-0.009 ok=True iters=8
21:40:56 [INFO] [PROG] s*=8.66/8.95 (96.7%) dist_goal=0.22
21:40:56 [INFO] [MPC] state=(-1.76,-0.08,+1.64) wp0=(-1.65,-0.02) v=+0.056 ω=-0.010 ok=True iters=8
21:40:56 [INFO] [PROG] s*=8.66/8.95 (96.8%) dist_goal=0.21
21:40:56 [INFO] [MPC] state=(-1.76,-0.07,+1.64) wp0=(-1.65,-0.01) v=+0.055 ω=+0.053 ok=True iters=8
21:40:56 [INFO] [PROG] s*=8.67/8.95 (96.9%) dist_goal=0.21
21:40:56 [INFO] [MPC] state=(-1.76,-0.06,+1.65) wp0=(-1.65,-0.01) v=+0.054 ω=+0.422 ok=True iters=8
21:40:56 [INFO] [PROG] s*=8.67/8.95 (96.9%) dist_goal=0.21
21:40:56 [INFO] [MPC] state=(-1.76,-0.06,+1.69) wp0=(-1.65,-0.00) v=+0.053 ω=+0.487 ok=True iters=8
21:40:56 [INFO] [PROG] s*=8.68/8.95 (97.0%) dist_goal=0.20
21:40:56 [INFO] [MPC] state=(-1.77,-0.05,+1.74) wp0=(-1.65,-0.00) v=+0.051 ω=+0.691 ok=True iters=8
21:40:56 [INFO] [PROG] s*=8.68/8.95 (97.0%) dist_goal=0.20
21:40:56 [INFO] [MPC] state=(-1.77,-0.05,+1.81) wp0=(-1.65,+0.00) v=+0.050 ω=+0.767 ok=True iters=8
21:40:56 [INFO] [PROG] s*=8.68/8.95 (97.0%) dist_goal=0.19
21:40:56 [INFO] [MPC] state=(-1.77,-0.05,+1.89) wp0=(-1.65,+0.01) v=+0.049 ω=+0.772 ok=True iters=8
21:40:56 [INFO] [PROG] s*=8.69/8.95 (97.1%) dist_goal=0.19
21:40:56 [INFO] [MPC] state=(-1.77,-0.04,+1.97) wp0=(-1.65,+0.01) v=+0.048 ω=+0.775 ok=True iters=8
21:40:56 [INFO] [PROG] s*=8.69/8.95 (97.1%) dist_goal=0.19
21:40:56 [INFO] [MPC] state=(-1.77,-0.04,+2.05) wp0=(-1.65,+0.01) v=+0.048 ω=+0.626 ok=True iters=9
21:40:56 [INFO] [PROG] s*=8.70/8.95 (97.2%) dist_goal=0.18
21:40:56 [INFO] [MPC] state=(-1.77,-0.04,+2.11) wp0=(-1.65,+0.02) v=+0.047 ω=+0.501 ok=True iters=12
21:40:56 [INFO] [PROG] s*=8.70/8.95 (97.2%) dist_goal=0.18
21:40:56 [INFO] [MPC] state=(-1.78,-0.03,+2.16) wp0=(-1.65,+0.02) v=+0.046 ω=+0.369 ok=True iters=13
21:40:56 [INFO] [PROG] s*=8.70/8.95 (97.2%) dist_goal=0.18
21:40:56 [INFO] [MPC] state=(-1.78,-0.03,+2.20) wp0=(-1.65,+0.03) v=+0.045 ω=+0.282 ok=True iters=13
21:40:56 [INFO] [PROG] s*=8.71/8.95 (97.3%) dist_goal=0.17
21:40:56 [INFO] [MPC] state=(-1.78,-0.02,+2.23) wp0=(-1.65,+0.03) v=+0.044 ω=+0.254 ok=True iters=13
21:40:56 [INFO] [PROG] s*=8.71/8.95 (97.3%) dist_goal=0.17
21:40:56 [INFO] [MPC] state=(-1.78,-0.02,+2.25) wp0=(-1.65,+0.03) v=+0.044 ω=+0.236 ok=True iters=11
21:40:56 [INFO] [PROG] s*=8.71/8.95 (97.4%) dist_goal=0.17
21:40:56 [INFO] [MPC] state=(-1.79,-0.02,+2.28) wp0=(-1.65,+0.03) v=+0.043 ω=+0.219 ok=True iters=11
21:40:56 [INFO] [PROG] s*=8.72/8.95 (97.4%) dist_goal=0.17
21:40:56 [INFO] [MPC] state=(-1.79,-0.02,+2.30) wp0=(-1.65,+0.04) v=+0.042 ω=+0.128 ok=True iters=10
21:40:56 [INFO] [PROG] s*=8.84/8.95 (98.8%) dist_goal=0.17
21:40:56 [INFO] [MPC] state=(-1.79,-0.01,+2.31) wp0=(-1.73,+0.13) v=+0.042 ω=+0.083 ok=True iters=10
21:40:56 [INFO] [PROG] s*=8.84/8.95 (98.8%) dist_goal=0.16
21:40:56 [INFO] [MPC] state=(-1.79,-0.01,+2.32) wp0=(-1.73,+0.13) v=+0.041 ω=+0.053 ok=True iters=11
21:40:56 [ERROR] Error in step()
Traceback (most recent call last):
  File "/home/max/thesis_proj/pybullet2/crowdnav/env.py", line 707, in step
    theta_ref = _make_theta_ref(path_xy, self._theta_ref_prev, k_strong=3, alpha=0.25)
  File "/home/max/thesis_proj/pybullet2/crowdnav/env.py", line 95, in _make_theta_ref
    if theta_prev is not None and len(theta_prev) == len(ref):
UnboundLocalError: local variable 'ref' referenced before assignment
