23:00:03 [INFO] === New MPC Session Started ===
23:00:03 [DEBUG] matplotlib data path: /usr/share/matplotlib/mpl-data
23:00:03 [DEBUG] CONFIGDIR=/home/max/.config/matplotlib
23:00:03 [DEBUG] interactive is False
23:00:03 [DEBUG] platform is linux
23:00:03 [DEBUG] loaded modules: ['sys', 'builtins', '_frozen_importlib', '_imp', '_thread', '_warnings', '_weakref', '_io', 'marshal', 'posix', '_frozen_importlib_external', 'time', 'zipimport', '_codecs', 'codecs', 'encodings.aliases', 'encodings', 'encodings.utf_8', '_signal', '_abc', 'abc', 'io', '__main__', '_stat', 'stat', '_collections_abc', 'genericpath', 'posixpath', 'os.path', 'os', '_sitebuiltins', 'types', 'importlib._bootstrap', 'importlib._bootstrap_external', 'warnings', 'importlib', 'importlib._abc', 'itertools', 'keyword', '_operator', 'operator', 'reprlib', '_collections', 'collections', '_functools', 'functools', 'contextlib', 'importlib.util', 'importlib.machinery', 'mpl_toolkits', 'phply', 'ruamel', 'zope', 'apport_python_hook', 'sitecustomize', 'site', 'crowdnav', 'crowdnav.env', 'gym.error', 'gym.version', 'collections.abc', 'enum', '_sre', 'sre_constants', 'sre_parse', 'sre_compile', '_locale', 'copyreg', 're', 'typing.io', 'typing.re', 'typing', 'numpy._utils._convertions', 'numpy._utils', 'numpy._globals', 'numpy.exceptions', 'numpy.version', 'numpy._distributor_init', 'numpy._utils._inspect', 'math', '_datetime', 'datetime', 'numpy.core._exceptions', 'numpy.dtypes', 'numpy.core._multiarray_umath', 'numpy.core.overrides', 'numpy.core.multiarray', 'numpy.core.umath', 'numbers', 'numpy.core._string_helpers', 'fnmatch', 'ntpath', 'errno', 'urllib', 'ipaddress', 'urllib.parse', 'pathlib', '_struct', 'struct', '_compat_pickle', '_pickle', 'pickle', 'numpy.compat.py3k', 'numpy.compat', 'numpy.core._dtype', 'numpy.core._type_aliases', 'numpy.core.numerictypes', '_contextvars', 'contextvars', 'numpy.core._ufunc_config', 'numpy.core._methods', 'numpy.core.fromnumeric', 'numpy.core.shape_base', 'numpy.core.arrayprint', 'numpy.core._asarray', 'numpy.core.numeric', 'numpy.core.defchararray', 'numpy.core.records', 'numpy.core.memmap', 'numpy.core.function_base', 'numpy.core._machar', 'numpy.core.getlimits', 'numpy.core.einsumfunc', 'numpy.core._multiarray_tests', 'numpy.core._add_newdocs', 'numpy.core._add_newdocs_scalars', 'numpy.core._dtype_ctypes', '_ast', 'ast', '_ctypes', 'ctypes._endian', 'ctypes', 'numpy.core._internal', 'numpy._pytesttester', 'numpy.core', 'numpy.__config__', 'numpy.lib.mixins', 'numpy.lib.ufunclike', 'numpy.lib.type_check', 'numpy.lib.scimath', 'numpy.lib.stride_tricks', 'numpy.lib.twodim_base', 'numpy.linalg._umath_linalg', '__future__', 'numpy._typing._nested_sequence', 'numpy._typing._nbit', 'numpy._typing._char_codes', 'numpy._typing._scalars', 'numpy._typing._shape', 'numpy._typing._dtype_like', 'numpy._typing._array_like', 'numpy._typing', 'numpy.linalg.linalg', 'numpy.linalg', 'numpy.matrixlib.defmatrix', 'numpy.matrixlib', 'numpy.lib.histograms', 'numpy.lib.function_base', 'numpy.lib.index_tricks', 'numpy.lib.nanfunctions', 'numpy.lib.shape_base', 'numpy.lib.polynomial', 'textwrap', 'signal', '_weakrefset', 'threading', 'fcntl', '_posixsubprocess', 'select', 'selectors', 'subprocess', 'platform', 'numpy.lib.utils', 'numpy.lib.arraysetops', 'weakref', 'numpy.lib.format', 'numpy.lib._datasource', 'numpy.lib._iotools', 'numpy.lib.npyio', 'numpy.lib.arrayterator', 'numpy.lib.arraypad', 'numpy.lib._version', 'numpy.lib', 'numpy.fft._pocketfft_internal', 'numpy.fft._pocketfft', 'numpy.fft.helper', 'numpy.fft', 'numpy.polynomial.polyutils', 'numpy.polynomial._polybase', 'numpy.polynomial.polynomial', 'numpy.polynomial.chebyshev', 'numpy.polynomial.legendre', 'numpy.polynomial.hermite', 'numpy.polynomial.hermite_e', 'numpy.polynomial.laguerre', 'numpy.polynomial', 'cython_runtime', '_cython_3_0_8', 'numpy.random._common', 'binascii', 'base64', '_hashlib', '_blake2', 'hashlib', 'hmac', '_bisect', 'bisect', '_random', '_sha512', 'random', 'secrets', 'numpy.random.bit_generator', 'numpy.random._bounded_integers', 'numpy.random._mt19937', 'numpy.random.mtrand', 'numpy.random._philox', 'numpy.random._pcg64', 'numpy.random._sfc64', 'numpy.random._generator', 'numpy.random._pickle', 'numpy.random', 'numpy.ctypeslib', '_opcode', 'opcode', 'dis', 'token', 'tokenize', 'linecache', 'inspect', 'numpy.ma.core', 'numpy.ma.extras', 'numpy.ma', 'numpy', 'gym.utils.colorize', 'gym.utils.ezpickle', 'gym.utils', 'gym.logger', 'gym.utils.seeding', 'gym.spaces.space', 'gym.spaces.box', 'gym.spaces.dict', 'gym.spaces.discrete', 'gym.spaces.multi_discrete', 'gym.spaces.graph', 'gym.spaces.multi_binary', 'gym.spaces.sequence', 'gym.spaces.text', 'gym.spaces.tuple', 'gym.spaces.utils', 'gym.spaces', 'gym.core', 'copy', '_heapq', 'heapq', 'difflib', 'dataclasses', 'cv2.load_config_py3', 'cv2.version', 'numpy._core', 'numpy._core._multiarray_umath', 'cv2.gapi.core', 'cv2.gapi.core.cpu', 'cv2.gapi.core.fluid', 'cv2.gapi.core.ocl', 'cv2.gapi.ie', 'cv2.gapi.ie.detail', 'cv2.gapi.imgproc', 'cv2.gapi.imgproc.fluid', 'cv2.gapi.oak', 'cv2.gapi.onnx', 'cv2.gapi.onnx.ep', 'cv2.gapi.ot', 'cv2.gapi.ot.cpu', 'cv2.gapi.ov', 'cv2.gapi.own', 'cv2.gapi.own.detail', 'cv2.gapi.render', 'cv2.gapi.render.ocv', 'cv2.gapi.streaming', 'cv2.gapi.video', 'cv2.gapi.wip', 'cv2.gapi.wip.draw', 'cv2.gapi.wip.gst', 'cv2.gapi.wip.onevpl', 'cv2.utils.fs', 'cv2.utils.nested', 'cv2.gapi', 'cv2.ogl', 'cv2.data', 'cv2.detail', 'cv2.flann', 'cv2.ml', 'cv2.aruco', 'cv2.qt', 'cv2.utils', 'cv2.typing', 'cv2.samples', 'cv2.barcode', 'cv2.segmentation', 'cv2.ocl', 'cv2.cuda', 'cv2.parallel', 'cv2.dnn', 'cv2.Error', 'cv2.videoio_registry', 'cv2.ipp', 'cv2.fisheye', 'cv2.misc.version', 'cv2.misc', 'cv2.mat_wrapper', 'cv2', 'gym.wrappers.atari_preprocessing', 'gym.wrappers.autoreset', 'gym.wrappers.clip_action', 'gym.wrappers.filter_observation', 'gym.wrappers.flatten_observation', 'gym.wrappers.frame_stack', 'gym.wrappers.gray_scale_observation', 'gym.wrappers.human_rendering', 'gym.wrappers.normalize', 'gym.wrappers.order_enforcing', 'gym.wrappers.record_episode_statistics', 'gym.wrappers.monitoring', '_json', 'json.scanner', 'json.decoder', 'json.encoder', 'json', 'zlib', '_compression', '_bz2', 'bz2', '_lzma', 'lzma', 'shutil', 'tempfile', 'gym.wrappers.monitoring.video_recorder', 'gym.wrappers.record_video', 'gym.wrappers.render_collection', 'gym.wrappers.rescale_action', 'gym.wrappers.resize_observation', 'gym.utils.step_api_compatibility', 'gym.wrappers.step_api_compatibility', 'gym.wrappers.time_aware_observation', 'gym.wrappers.time_limit', 'gym.wrappers.transform_observation', 'gym.wrappers.transform_reward', 'gym.wrappers.vector_list_info', 'gym.wrappers', 'gym.wrappers.compatibility', 'gym.utils.passive_env_checker', 'gym.wrappers.env_checker', '_csv', 'csv', 'email', 'zipfile', 'uu', 'quopri', '_socket', 'array', 'socket', 'locale', 'calendar', 'email._parseaddr', 'email.base64mime', '_string', 'string', 'email.quoprimime', 'email.errors', 'email.encoders', 'email.charset', 'email.utils', 'email.header', 'email._policybase', 'email._encoded_words', 'email.iterators', 'email.message', 'importlib.metadata._functools', 'importlib.metadata._text', 'importlib.metadata._adapters', 'importlib.metadata._meta', 'importlib.metadata._collections', 'importlib.metadata._itertools', 'importlib.abc', 'importlib.metadata', 'gym.envs.registration', 'gym.envs', 'multiprocessing.process', 'multiprocessing.reduction', 'multiprocessing.context', '__mp_main__', 'multiprocessing', 'gym.vector.utils.misc', 'gym.vector.utils.numpy_utils', 'gym.vector.utils.shared_memory', 'gym.vector.utils.spaces', 'gym.vector.utils', 'gym.vector.vector_env', 'gym.vector.async_vector_env', 'gym.vector.sync_vector_env', 'gym.vector', 'gym_notices', 'gym_notices.notices', 'gym', 'pybullet', 'pybullet_data', 'traceback', 'atexit', 'logging', 'crowdnav.logger_setup', 'crowdnav.config', 'crowdnav.kinematics', 'crowdnav.dynamics', 'crowdnav.sensors', 'crowdnav.control', 'crowdnav.control.align', 'crowdnav.control.track', 'crowdnav.planning', 'crowdnav.planning.mpc_runner', 'crowdnav.planning.path_mgr', 'crowdnav.utils2', 'crowdnav.utils2.coord', 'crowdnav.utils', 'matplotlib', 'pprint', 'packaging.__about__', 'packaging', 'packaging._structures', 'packaging.version', 'matplotlib._api.deprecation', 'matplotlib._api', 'matplotlib._version', 'gzip', 'shlex', 'matplotlib._c_internal_utils', 'matplotlib.cbook', 'matplotlib.docstring', 'PIL._version', 'PIL', 'PIL.ImageMode', 'PIL.TiffTags', 'PIL._binary', 'PIL._util', 'PIL._imaging', 'PIL.Image', 'PIL.ImageChops', 'PIL.ImageFile', 'PIL.GimpGradientFile', 'PIL.GimpPaletteFile', 'PIL.ImageColor', 'PIL.PaletteFile', 'PIL.ImagePalette', 'PIL.ImageSequence', 'PIL.PngImagePlugin', 'matplotlib._path', 'matplotlib.bezier', 'matplotlib.path', 'matplotlib.transforms', 'matplotlib.ticker', 'matplotlib.scale', 'matplotlib._color_data', 'matplotlib.colors', 'pyparsing', 'matplotlib.fontconfig_pattern', 'matplotlib._enums', 'cycler', 'matplotlib.rcsetup', 'matplotlib.ft2font', 'dateutil._version', 'dateutil', 'kiwisolver']
23:00:03 [DEBUG] CACHEDIR=/home/max/.cache/matplotlib
23:00:03 [DEBUG] Using fontManager instance from /home/max/.cache/matplotlib/fontlist-v330.json
23:00:03 [DEBUG] Loaded backend TkAgg version unknown.
23:00:03 [INFO] CrowdNavPyBulletEnv initializing...
23:00:06 [INFO] World ready | grid: (112, 112), res: 0.1, N=10, T=0.1
23:00:08 [INFO] [MPC] state=(+3.25,-3.77,-3.13) wp0=(+2.95,-3.75) v=+0.080 ω=-0.179 wp_prog=0/67 ok=True iters=61
23:00:08 [DEBUG] [MPC IN] path_xy0..1=[[2.95, -3.7500000000000004], [2.8500000000000005, -3.7500000000000004]] theta_ref0..2=[3.141592653589793, 3.141592653589793, 3.141592653589793] weights=[50.0, 0.1, 0.5, 0.3, 0.2] vmin_soft=0.080
23:00:08 [INFO] [MPC] state=(+3.24,-3.77,+3.13) wp0=(+2.95,-3.75) v=+0.080 ω=+0.646 wp_prog=0/67 ok=True iters=93
23:00:08 [DEBUG] [MPC IN] path_xy0..1=[[2.95, -3.7500000000000004], [2.8500000000000005, -3.7500000000000004]] theta_ref0..2=[3.141592653589793, 3.141592653589793, 3.141592653589793] weights=[50.0, 0.1, 0.5, 0.3, 0.2] vmin_soft=0.080
23:00:08 [INFO] [MPC] state=(+3.23,-3.77,-3.09) wp0=(+2.95,-3.75) v=+0.080 ω=-0.179 wp_prog=0/67 ok=True iters=78
23:00:08 [DEBUG] [MPC IN] path_xy0..1=[[2.95, -3.7500000000000004], [2.8500000000000005, -3.7500000000000004]] theta_ref0..2=[3.141592653589793, 3.141592653589793, 3.141592653589793] weights=[50.0, 0.1, 0.5, 0.3, 0.2] vmin_soft=0.080
23:00:08 [INFO] [MPC] state=(+3.23,-3.77,-3.11) wp0=(+2.95,-3.75) v=+0.080 ω=+0.645 wp_prog=0/67 ok=True iters=69
23:00:08 [DEBUG] [MPC IN] path_xy0..1=[[2.95, -3.7500000000000004], [2.8500000000000005, -3.7500000000000004]] theta_ref0..2=[3.141592653589793, 3.141592653589793, 3.141592653589793] weights=[50.0, 0.1, 0.5, 0.3, 0.2] vmin_soft=0.080
23:00:09 [INFO] [MPC] state=(+3.22,-3.77,-3.05) wp0=(+2.95,-3.75) v=+0.080 ω=+0.645 wp_prog=0/67 ok=True iters=82
23:00:09 [DEBUG] [MPC IN] path_xy0..1=[[2.95, -3.7500000000000004], [2.8500000000000005, -3.7500000000000004]] theta_ref0..2=[3.141592653589793, 3.141592653589793, 3.141592653589793] weights=[50.0, 0.1, 0.5, 0.3, 0.2] vmin_soft=0.080
23:00:09 [INFO] [MPC] state=(+3.21,-3.77,-2.99) wp0=(+2.95,-3.75) v=+0.080 ω=+0.645 wp_prog=0/67 ok=True iters=64
23:00:09 [DEBUG] [MPC IN] path_xy0..1=[[2.95, -3.7500000000000004], [2.8500000000000005, -3.7500000000000004]] theta_ref0..2=[3.141592653589793, 3.141592653589793, 3.141592653589793] weights=[50.0, 0.1, 0.5, 0.3, 0.2] vmin_soft=0.080
23:00:09 [INFO] [MPC] state=(+3.20,-3.77,-2.92) wp0=(+2.95,-3.75) v=+0.080 ω=+0.645 wp_prog=1/67 ok=True iters=79
23:00:09 [DEBUG] [MPC IN] path_xy0..1=[[2.95, -3.7500000000000004], [2.8500000000000005, -3.7500000000000004]] theta_ref0..2=[3.141592653589793, 3.141592653589793, 3.141592653589793] weights=[50.0, 0.1, 0.5, 0.3, 0.2] vmin_soft=0.080
23:00:09 [INFO] [MPC] state=(+3.20,-3.77,-2.86) wp0=(+2.95,-3.75) v=+0.080 ω=-0.179 wp_prog=1/67 ok=True iters=70
23:00:09 [DEBUG] [MPC IN] path_xy0..1=[[2.95, -3.7500000000000004], [2.8500000000000005, -3.7500000000000004]] theta_ref0..2=[3.141592653589793, 3.141592653589793, 3.141592653589793] weights=[50.0, 0.1, 0.5, 0.3, 0.2] vmin_soft=0.080
23:00:09 [INFO] [MPC] state=(+3.19,-3.78,-2.88) wp0=(+2.95,-3.75) v=+0.080 ω=-0.179 wp_prog=1/67 ok=True iters=67
23:00:09 [DEBUG] [MPC IN] path_xy0..1=[[2.95, -3.7500000000000004], [2.8500000000000005, -3.7500000000000004]] theta_ref0..2=[3.141592653589793, 3.141592653589793, 3.141592653589793] weights=[50.0, 0.1, 0.5, 0.3, 0.2] vmin_soft=0.080
23:00:10 [INFO] [MPC] state=(+3.18,-3.78,-2.89) wp0=(+2.95,-3.75) v=+0.080 ω=-0.179 wp_prog=1/67 ok=True iters=73
23:00:10 [DEBUG] [MPC IN] path_xy0..1=[[2.95, -3.7500000000000004], [2.8500000000000005, -3.7500000000000004]] theta_ref0..2=[3.141592653589793, 3.141592653589793, 3.141592653589793] weights=[50.0, 0.1, 0.5, 0.3, 0.2] vmin_soft=0.080
23:00:10 [INFO] [MPC] state=(+3.17,-3.78,-2.91) wp0=(+2.95,-3.75) v=+0.080 ω=+0.645 wp_prog=1/67 ok=True iters=77
23:00:10 [DEBUG] [MPC IN] path_xy0..1=[[2.95, -3.7500000000000004], [2.8500000000000005, -3.7500000000000004]] theta_ref0..2=[3.141592653589793, 3.141592653589793, 3.141592653589793] weights=[50.0, 0.1, 0.5, 0.3, 0.2] vmin_soft=0.080
23:00:10 [INFO] [MPC] state=(+3.17,-3.78,-2.85) wp0=(+2.95,-3.75) v=+0.080 ω=-0.179 wp_prog=1/67 ok=True iters=69
23:00:10 [DEBUG] [MPC IN] path_xy0..1=[[2.95, -3.7500000000000004], [2.8500000000000005, -3.7500000000000004]] theta_ref0..2=[3.141592653589793, 3.141592653589793, 3.141592653589793] weights=[50.0, 0.1, 0.5, 0.3, 0.2] vmin_soft=0.080
23:00:10 [INFO] [MPC] state=(+3.16,-3.78,-2.87) wp0=(+2.95,-3.75) v=+0.080 ω=-0.179 wp_prog=1/67 ok=True iters=75
23:00:10 [DEBUG] [MPC IN] path_xy0..1=[[2.95, -3.7500000000000004], [2.8500000000000005, -3.7500000000000004]] theta_ref0..2=[3.141592653589793, 3.141592653589793, 3.141592653589793] weights=[50.0, 0.1, 0.5, 0.3, 0.2] vmin_soft=0.080
23:00:10 [INFO] [MPC] state=(+3.15,-3.79,-2.88) wp0=(+2.95,-3.75) v=+0.080 ω=+0.645 wp_prog=1/67 ok=True iters=89
23:00:10 [DEBUG] [MPC IN] path_xy0..1=[[2.95, -3.7500000000000004], [2.8500000000000005, -3.7500000000000004]] theta_ref0..2=[3.141592653589793, 3.141592653589793, 3.141592653589793] weights=[50.0, 0.1, 0.5, 0.3, 0.2] vmin_soft=0.080
23:00:11 [INFO] [MPC] state=(+3.14,-3.79,-2.82) wp0=(+2.85,-3.75) v=+0.080 ω=-0.178 wp_prog=1/67 ok=True iters=68
23:00:11 [DEBUG] [MPC IN] path_xy0..1=[[2.8500000000000005, -3.7500000000000004], [2.749999999999999, -3.7500000000000004]] theta_ref0..2=[3.141592653589793, 3.141592653589793, 3.141592653589793] weights=[50.0, 0.1, 0.5, 0.3, 0.2] vmin_soft=0.080
23:00:11 [INFO] [MPC] state=(+3.13,-3.79,-2.84) wp0=(+2.85,-3.75) v=+0.080 ω=-0.178 wp_prog=1/67 ok=True iters=78
23:00:11 [DEBUG] [MPC IN] path_xy0..1=[[2.8500000000000005, -3.7500000000000004], [2.749999999999999, -3.7500000000000004]] theta_ref0..2=[3.141592653589793, 3.141592653589793, 3.141592653589793] weights=[50.0, 0.1, 0.5, 0.3, 0.2] vmin_soft=0.080
23:00:11 [INFO] [MPC] state=(+3.13,-3.79,-2.86) wp0=(+2.85,-3.75) v=+0.080 ω=-0.178 wp_prog=1/67 ok=True iters=76
23:00:11 [DEBUG] [MPC IN] path_xy0..1=[[2.8500000000000005, -3.7500000000000004], [2.749999999999999, -3.7500000000000004]] theta_ref0..2=[3.141592653589793, 3.141592653589793, 3.141592653589793] weights=[50.0, 0.1, 0.5, 0.3, 0.2] vmin_soft=0.080
23:00:11 [INFO] [MPC] state=(+3.12,-3.80,-2.87) wp0=(+2.85,-3.75) v=+0.080 ω=-0.178 wp_prog=1/67 ok=True iters=75
23:00:11 [DEBUG] [MPC IN] path_xy0..1=[[2.8500000000000005, -3.7500000000000004], [2.749999999999999, -3.7500000000000004]] theta_ref0..2=[3.141592653589793, 3.141592653589793, 3.141592653589793] weights=[50.0, 0.1, 0.5, 0.3, 0.2] vmin_soft=0.080
23:00:11 [INFO] [MPC] state=(+3.11,-3.80,-2.89) wp0=(+2.85,-3.75) v=+0.080 ω=+0.635 wp_prog=1/67 ok=True iters=74
23:00:11 [DEBUG] [MPC IN] path_xy0..1=[[2.8500000000000005, -3.7500000000000004], [2.749999999999999, -3.7500000000000004]] theta_ref0..2=[3.141592653589793, 3.141592653589793, 3.141592653589793] weights=[50.0, 0.1, 0.5, 0.3, 0.2] vmin_soft=0.080
23:00:11 [INFO] [MPC] state=(+3.10,-3.80,-2.83) wp0=(+2.85,-3.75) v=+0.080 ω=-0.178 wp_prog=2/67 ok=True iters=71
23:00:11 [DEBUG] [MPC IN] path_xy0..1=[[2.8500000000000005, -3.7500000000000004], [2.749999999999999, -3.7500000000000004]] theta_ref0..2=[3.141592653589793, 3.141592653589793, 3.141592653589793] weights=[50.0, 0.1, 0.5, 0.3, 0.2] vmin_soft=0.080
23:00:12 [INFO] [MPC] state=(+3.10,-3.80,-2.85) wp0=(+2.85,-3.75) v=+0.080 ω=+0.635 wp_prog=2/67 ok=True iters=69
23:00:12 [DEBUG] [MPC IN] path_xy0..1=[[2.8500000000000005, -3.7500000000000004], [2.749999999999999, -3.7500000000000004]] theta_ref0..2=[3.141592653589793, 3.141592653589793, 3.141592653589793] weights=[50.0, 0.1, 0.5, 0.3, 0.2] vmin_soft=0.080
23:00:12 [INFO] [MPC] state=(+3.09,-3.81,-2.78) wp0=(+2.85,-3.75) v=+0.030 ω=-0.185 wp_prog=2/67 ok=True iters=109
23:00:12 [DEBUG] [MPC IN] path_xy0..1=[[2.8500000000000005, -3.7500000000000004], [2.749999999999999, -3.7500000000000004]] theta_ref0..2=[3.141592653589793, 3.141592653589793, 3.141592653589793] weights=[50.0, 0.1, 0.5, 0.1, 0.2] vmin_soft=0.030
23:00:12 [INFO] [MPC] state=(+3.09,-3.81,-2.80) wp0=(+2.85,-3.75) v=+0.030 ω=-0.185 wp_prog=2/67 ok=True iters=111
23:00:12 [DEBUG] [MPC IN] path_xy0..1=[[2.8500000000000005, -3.7500000000000004], [2.749999999999999, -3.7500000000000004]] theta_ref0..2=[3.141592653589793, 3.141592653589793, 3.141592653589793] weights=[50.0, 0.1, 0.5, 0.1, 0.2] vmin_soft=0.030
23:00:12 [INFO] [MPC] state=(+3.08,-3.81,-2.82) wp0=(+2.85,-3.75) v=+0.030 ω=-0.185 wp_prog=2/67 ok=True iters=103
23:00:12 [DEBUG] [MPC IN] path_xy0..1=[[2.8500000000000005, -3.7500000000000004], [2.749999999999999, -3.7500000000000004]] theta_ref0..2=[3.141592653589793, 3.141592653589793, 3.141592653589793] weights=[50.0, 0.1, 0.5, 0.1, 0.2] vmin_soft=0.030
23:00:12 [INFO] [MPC] state=(+3.08,-3.81,-2.84) wp0=(+2.85,-3.75) v=+0.030 ω=-0.185 wp_prog=2/67 ok=True iters=91
23:00:12 [DEBUG] [MPC IN] path_xy0..1=[[2.8500000000000005, -3.7500000000000004], [2.749999999999999, -3.7500000000000004]] theta_ref0..2=[3.141592653589793, 3.141592653589793, 3.141592653589793] weights=[50.0, 0.1, 0.5, 0.1, 0.2] vmin_soft=0.030
23:00:13 [INFO] [MPC] state=(+3.08,-3.81,-2.86) wp0=(+2.85,-3.75) v=+0.030 ω=-0.185 wp_prog=2/67 ok=True iters=91
23:00:13 [DEBUG] [MPC IN] path_xy0..1=[[2.8500000000000005, -3.7500000000000004], [2.749999999999999, -3.7500000000000004]] theta_ref0..2=[3.141592653589793, 3.141592653589793, 3.141592653589793] weights=[50.0, 0.1, 0.5, 0.1, 0.2] vmin_soft=0.030
23:00:13 [INFO] [MPC] state=(+3.07,-3.81,-2.88) wp0=(+2.85,-3.75) v=+0.030 ω=+0.715 wp_prog=2/67 ok=True iters=98
23:00:13 [DEBUG] [MPC IN] path_xy0..1=[[2.8500000000000005, -3.7500000000000004], [2.749999999999999, -3.7500000000000004]] theta_ref0..2=[3.141592653589793, 3.141592653589793, 3.141592653589793] weights=[50.0, 0.1, 0.5, 0.1, 0.2] vmin_soft=0.030
23:00:13 [INFO] [MPC] state=(+3.07,-3.81,-2.81) wp0=(+2.85,-3.75) v=+0.030 ω=-0.185 wp_prog=2/67 ok=True iters=91
23:00:13 [DEBUG] [MPC IN] path_xy0..1=[[2.8500000000000005, -3.7500000000000004], [2.749999999999999, -3.7500000000000004]] theta_ref0..2=[3.141592653589793, 3.141592653589793, 3.141592653589793] weights=[50.0, 0.1, 0.5, 0.1, 0.2] vmin_soft=0.030
23:00:13 [INFO] [MPC] state=(+3.07,-3.81,-2.83) wp0=(+2.85,-3.75) v=+0.030 ω=-0.185 wp_prog=2/67 ok=True iters=82
23:00:13 [DEBUG] [MPC IN] path_xy0..1=[[2.8500000000000005, -3.7500000000000004], [2.749999999999999, -3.7500000000000004]] theta_ref0..2=[3.141592653589793, 3.141592653589793, 3.141592653589793] weights=[50.0, 0.1, 0.5, 0.1, 0.2] vmin_soft=0.030
23:00:13 [INFO] [MPC] state=(+3.07,-3.81,-2.85) wp0=(+2.85,-3.75) v=+0.030 ω=-0.185 wp_prog=2/67 ok=True iters=76
23:00:13 [DEBUG] [MPC IN] path_xy0..1=[[2.8500000000000005, -3.7500000000000004], [2.749999999999999, -3.7500000000000004]] theta_ref0..2=[3.141592653589793, 3.141592653589793, 3.141592653589793] weights=[50.0, 0.1, 0.5, 0.1, 0.2] vmin_soft=0.030
23:00:14 [INFO] [MPC] state=(+3.06,-3.81,-2.86) wp0=(+2.85,-3.75) v=+0.030 ω=-0.185 wp_prog=2/67 ok=True iters=87
23:00:14 [DEBUG] [MPC IN] path_xy0..1=[[2.8500000000000005, -3.7500000000000004], [2.749999999999999, -3.7500000000000004]] theta_ref0..2=[3.141592653589793, 3.141592653589793, 3.141592653589793] weights=[50.0, 0.1, 0.5, 0.1, 0.2] vmin_soft=0.030
23:00:14 [INFO] [MPC] state=(+3.06,-3.81,-2.88) wp0=(+2.85,-3.75) v=+0.030 ω=-0.185 wp_prog=2/67 ok=True iters=99
23:00:14 [DEBUG] [MPC IN] path_xy0..1=[[2.8500000000000005, -3.7500000000000004], [2.749999999999999, -3.7500000000000004]] theta_ref0..2=[3.141592653589793, 3.141592653589793, 3.141592653589793] weights=[50.0, 0.1, 0.5, 0.1, 0.2] vmin_soft=0.030
23:00:14 [INFO] [MPC] state=(+3.06,-3.82,-2.90) wp0=(+2.85,-3.75) v=+0.030 ω=-0.185 wp_prog=2/67 ok=True iters=103
23:00:14 [DEBUG] [MPC IN] path_xy0..1=[[2.8500000000000005, -3.7500000000000004], [2.749999999999999, -3.7500000000000004]] theta_ref0..2=[3.141592653589793, 3.141592653589793, 3.141592653589793] weights=[50.0, 0.1, 0.5, 0.1, 0.2] vmin_soft=0.030
23:00:14 [INFO] [MPC] state=(+3.05,-3.82,-2.92) wp0=(+2.85,-3.75) v=+0.030 ω=-0.185 wp_prog=2/67 ok=True iters=97
23:00:14 [DEBUG] [MPC IN] path_xy0..1=[[2.8500000000000005, -3.7500000000000004], [2.749999999999999, -3.7500000000000004]] theta_ref0..2=[3.141592653589793, 3.141592653589793, 3.141592653589793] weights=[50.0, 0.1, 0.5, 0.1, 0.2] vmin_soft=0.030
23:00:14 [INFO] [MPC] state=(+3.05,-3.82,-2.94) wp0=(+2.85,-3.75) v=+0.030 ω=-0.185 wp_prog=2/67 ok=True iters=103
23:00:14 [DEBUG] [MPC IN] path_xy0..1=[[2.8500000000000005, -3.7500000000000004], [2.749999999999999, -3.7500000000000004]] theta_ref0..2=[3.141592653589793, 3.141592653589793, 3.141592653589793] weights=[50.0, 0.1, 0.5, 0.1, 0.2] vmin_soft=0.030
23:00:15 [INFO] [MPC] state=(+3.05,-3.82,-2.96) wp0=(+2.85,-3.75) v=+0.030 ω=+0.715 wp_prog=2/67 ok=True iters=92
23:00:15 [DEBUG] [MPC IN] path_xy0..1=[[2.8500000000000005, -3.7500000000000004], [2.749999999999999, -3.7500000000000004]] theta_ref0..2=[3.141592653589793, 3.141592653589793, 3.141592653589793] weights=[50.0, 0.1, 0.5, 0.1, 0.2] vmin_soft=0.030
23:00:15 [INFO] [MPC] state=(+3.05,-3.82,-2.89) wp0=(+2.85,-3.75) v=+0.030 ω=-0.185 wp_prog=2/67 ok=True iters=99
23:00:15 [DEBUG] [MPC IN] path_xy0..1=[[2.8500000000000005, -3.7500000000000004], [2.749999999999999, -3.7500000000000004]] theta_ref0..2=[3.141592653589793, 3.141592653589793, 3.141592653589793] weights=[50.0, 0.1, 0.5, 0.1, 0.2] vmin_soft=0.030
23:00:15 [INFO] [MPC] state=(+3.04,-3.82,-2.91) wp0=(+2.85,-3.75) v=+0.030 ω=-0.185 wp_prog=2/67 ok=True iters=98
23:00:15 [DEBUG] [MPC IN] path_xy0..1=[[2.8500000000000005, -3.7500000000000004], [2.749999999999999, -3.7500000000000004]] theta_ref0..2=[3.141592653589793, 3.141592653589793, 3.141592653589793] weights=[50.0, 0.1, 0.5, 0.1, 0.2] vmin_soft=0.030
23:00:15 [INFO] [MPC] state=(+3.04,-3.82,-2.93) wp0=(+2.85,-3.75) v=+0.030 ω=-0.185 wp_prog=2/67 ok=True iters=129
23:00:15 [DEBUG] [MPC IN] path_xy0..1=[[2.8500000000000005, -3.7500000000000004], [2.749999999999999, -3.7500000000000004]] theta_ref0..2=[3.141592653589793, 3.141592653589793, 3.141592653589793] weights=[50.0, 0.1, 0.5, 0.1, 0.2] vmin_soft=0.030
23:00:15 [INFO] [MPC] state=(+3.04,-3.82,-2.95) wp0=(+2.85,-3.75) v=+0.030 ω=+0.715 wp_prog=2/67 ok=True iters=99
23:00:15 [DEBUG] [MPC IN] path_xy0..1=[[2.8500000000000005, -3.7500000000000004], [2.749999999999999, -3.7500000000000004]] theta_ref0..2=[3.141592653589793, 3.141592653589793, 3.141592653589793] weights=[50.0, 0.1, 0.5, 0.1, 0.2] vmin_soft=0.030
23:00:16 [INFO] [MPC] state=(+3.04,-3.82,-2.88) wp0=(+2.75,-3.75) v=+0.030 ω=+0.693 wp_prog=2/67 ok=True iters=85
23:00:16 [DEBUG] [MPC IN] path_xy0..1=[[2.749999999999999, -3.7500000000000004], [2.6499999999999995, -3.7500000000000004]] theta_ref0..2=[3.141592653589793, 3.141592653589793, 3.141592653589793] weights=[50.0, 0.1, 0.5, 0.1, 0.2] vmin_soft=0.030
23:00:16 [INFO] [MPC] state=(+3.03,-3.82,-2.81) wp0=(+2.75,-3.75) v=+0.030 ω=-0.185 wp_prog=2/67 ok=True iters=81
23:00:16 [DEBUG] [MPC IN] path_xy0..1=[[2.749999999999999, -3.7500000000000004], [2.6499999999999995, -3.7500000000000004]] theta_ref0..2=[3.141592653589793, 3.141592653589793, 3.141592653589793] weights=[50.0, 0.1, 0.5, 0.1, 0.2] vmin_soft=0.030
23:00:16 [INFO] [MPC] state=(+3.03,-3.82,-2.83) wp0=(+2.75,-3.75) v=+0.030 ω=+0.693 wp_prog=2/67 ok=True iters=93
23:00:16 [DEBUG] [MPC IN] path_xy0..1=[[2.749999999999999, -3.7500000000000004], [2.6499999999999995, -3.7500000000000004]] theta_ref0..2=[3.141592653589793, 3.141592653589793, 3.141592653589793] weights=[50.0, 0.1, 0.5, 0.1, 0.2] vmin_soft=0.030
23:00:16 [INFO] [MPC] state=(+3.03,-3.82,-2.76) wp0=(+2.75,-3.75) v=+0.030 ω=-0.185 wp_prog=2/67 ok=True iters=81
23:00:16 [DEBUG] [MPC IN] path_xy0..1=[[2.749999999999999, -3.7500000000000004], [2.6499999999999995, -3.7500000000000004]] theta_ref0..2=[3.141592653589793, 3.141592653589793, 3.141592653589793] weights=[50.0, 0.1, 0.5, 0.1, 0.2] vmin_soft=0.030
23:00:16 [INFO] [MPC] state=(+3.03,-3.82,-2.78) wp0=(+2.75,-3.75) v=+0.030 ω=-0.185 wp_prog=2/67 ok=True iters=87
23:00:16 [DEBUG] [MPC IN] path_xy0..1=[[2.749999999999999, -3.7500000000000004], [2.6499999999999995, -3.7500000000000004]] theta_ref0..2=[3.141592653589793, 3.141592653589793, 3.141592653589793] weights=[50.0, 0.1, 0.5, 0.1, 0.2] vmin_soft=0.030
23:00:17 [INFO] [MPC] state=(+3.02,-3.83,-2.80) wp0=(+2.75,-3.75) v=+0.030 ω=-0.185 wp_prog=2/67 ok=True iters=88
23:00:17 [DEBUG] [MPC IN] path_xy0..1=[[2.749999999999999, -3.7500000000000004], [2.6499999999999995, -3.7500000000000004]] theta_ref0..2=[3.141592653589793, 3.141592653589793, 3.141592653589793] weights=[50.0, 0.1, 0.5, 0.1, 0.2] vmin_soft=0.030
23:00:17 [INFO] [MPC] state=(+3.02,-3.83,-2.81) wp0=(+2.75,-3.75) v=+0.030 ω=+0.693 wp_prog=2/67 ok=True iters=93
23:00:17 [DEBUG] [MPC IN] path_xy0..1=[[2.749999999999999, -3.7500000000000004], [2.6499999999999995, -3.7500000000000004]] theta_ref0..2=[3.141592653589793, 3.141592653589793, 3.141592653589793] weights=[50.0, 0.1, 0.5, 0.1, 0.2] vmin_soft=0.030
23:00:17 [INFO] [MPC] state=(+3.02,-3.83,-2.74) wp0=(+2.75,-3.75) v=+0.030 ω=-0.185 wp_prog=2/67 ok=True iters=101
23:00:17 [DEBUG] [MPC IN] path_xy0..1=[[2.749999999999999, -3.7500000000000004], [2.6499999999999995, -3.7500000000000004]] theta_ref0..2=[3.141592653589793, 3.141592653589793, 3.141592653589793] weights=[50.0, 0.1, 0.5, 0.1, 0.2] vmin_soft=0.030
23:00:17 [INFO] [MPC] state=(+3.01,-3.83,-2.76) wp0=(+2.75,-3.75) v=+0.030 ω=-0.185 wp_prog=2/67 ok=True iters=93
23:00:17 [DEBUG] [MPC IN] path_xy0..1=[[2.749999999999999, -3.7500000000000004], [2.6499999999999995, -3.7500000000000004]] theta_ref0..2=[3.141592653589793, 3.141592653589793, 3.141592653589793] weights=[50.0, 0.1, 0.5, 0.1, 0.2] vmin_soft=0.030
23:00:17 [INFO] [MPC] state=(+3.01,-3.83,-2.78) wp0=(+2.75,-3.75) v=+0.030 ω=+0.693 wp_prog=2/67 ok=True iters=87
23:00:17 [DEBUG] [MPC IN] path_xy0..1=[[2.749999999999999, -3.7500000000000004], [2.6499999999999995, -3.7500000000000004]] theta_ref0..2=[3.141592653589793, 3.141592653589793, 3.141592653589793] weights=[50.0, 0.1, 0.5, 0.1, 0.2] vmin_soft=0.030
23:00:18 [INFO] [MPC] state=(+3.01,-3.83,-2.71) wp0=(+2.75,-3.75) v=+0.030 ω=-0.185 wp_prog=2/67 ok=True iters=93
23:00:18 [DEBUG] [MPC IN] path_xy0..1=[[2.749999999999999, -3.7500000000000004], [2.6499999999999995, -3.7500000000000004]] theta_ref0..2=[3.141592653589793, 3.141592653589793, 3.141592653589793] weights=[50.0, 0.1, 0.5, 0.1, 0.2] vmin_soft=0.030
23:00:18 [INFO] [MPC] state=(+3.01,-3.83,-2.73) wp0=(+2.75,-3.75) v=+0.030 ω=-0.185 wp_prog=2/67 ok=True iters=102
23:00:18 [DEBUG] [MPC IN] path_xy0..1=[[2.749999999999999, -3.7500000000000004], [2.6499999999999995, -3.7500000000000004]] theta_ref0..2=[3.141592653589793, 3.141592653589793, 3.141592653589793] weights=[50.0, 0.1, 0.5, 0.1, 0.2] vmin_soft=0.030
23:00:18 [INFO] [MPC] state=(+3.00,-3.83,-2.75) wp0=(+2.75,-3.75) v=+0.030 ω=-0.185 wp_prog=2/67 ok=True iters=92
23:00:18 [DEBUG] [MPC IN] path_xy0..1=[[2.749999999999999, -3.7500000000000004], [2.6499999999999995, -3.7500000000000004]] theta_ref0..2=[3.141592653589793, 3.141592653589793, 3.141592653589793] weights=[50.0, 0.1, 0.5, 0.1, 0.2] vmin_soft=0.030
23:00:18 [INFO] [MPC] state=(+3.00,-3.84,-2.77) wp0=(+2.75,-3.75) v=+0.030 ω=+0.693 wp_prog=3/67 ok=True iters=89
23:00:18 [DEBUG] [MPC IN] path_xy0..1=[[2.749999999999999, -3.7500000000000004], [2.6499999999999995, -3.7500000000000004]] theta_ref0..2=[3.141592653589793, 3.141592653589793, 3.141592653589793] weights=[50.0, 0.1, 0.5, 0.1, 0.2] vmin_soft=0.030
23:00:18 [INFO] [MPC] state=(+3.00,-3.84,-2.70) wp0=(+2.75,-3.75) v=+0.030 ω=-0.185 wp_prog=3/67 ok=True iters=99
23:00:18 [DEBUG] [MPC IN] path_xy0..1=[[2.749999999999999, -3.7500000000000004], [2.6499999999999995, -3.7500000000000004]] theta_ref0..2=[3.141592653589793, 3.141592653589793, 3.141592653589793] weights=[50.0, 0.1, 0.5, 0.1, 0.2] vmin_soft=0.030
23:00:19 [INFO] [MPC] state=(+3.00,-3.84,-2.71) wp0=(+2.75,-3.75) v=+0.030 ω=-0.185 wp_prog=3/67 ok=True iters=87
23:00:19 [DEBUG] [MPC IN] path_xy0..1=[[2.749999999999999, -3.7500000000000004], [2.6499999999999995, -3.7500000000000004]] theta_ref0..2=[3.141592653589793, 3.141592653589793, 3.141592653589793] weights=[50.0, 0.1, 0.5, 0.1, 0.2] vmin_soft=0.030
23:00:19 [INFO] [MPC] state=(+2.99,-3.84,-2.73) wp0=(+2.75,-3.75) v=+0.030 ω=-0.185 wp_prog=3/67 ok=True iters=108
23:00:19 [DEBUG] [MPC IN] path_xy0..1=[[2.749999999999999, -3.7500000000000004], [2.6499999999999995, -3.7500000000000004]] theta_ref0..2=[3.141592653589793, 3.141592653589793, 3.141592653589793] weights=[50.0, 0.1, 0.5, 0.1, 0.2] vmin_soft=0.030
23:00:19 [INFO] [MPC] state=(+2.99,-3.84,-2.75) wp0=(+2.75,-3.75) v=+0.030 ω=+0.693 wp_prog=3/67 ok=True iters=84
23:00:19 [DEBUG] [MPC IN] path_xy0..1=[[2.749999999999999, -3.7500000000000004], [2.6499999999999995, -3.7500000000000004]] theta_ref0..2=[3.141592653589793, 3.141592653589793, 3.141592653589793] weights=[50.0, 0.1, 0.5, 0.1, 0.2] vmin_soft=0.030
23:00:19 [INFO] [MPC] state=(+2.99,-3.84,-2.68) wp0=(+2.75,-3.75) v=+0.030 ω=-0.185 wp_prog=3/67 ok=True iters=97
23:00:19 [DEBUG] [MPC IN] path_xy0..1=[[2.749999999999999, -3.7500000000000004], [2.6499999999999995, -3.7500000000000004]] theta_ref0..2=[3.141592653589793, 3.141592653589793, 3.141592653589793] weights=[50.0, 0.1, 0.5, 0.1, 0.2] vmin_soft=0.030
23:00:19 [INFO] [MPC] state=(+2.99,-3.84,-2.70) wp0=(+2.75,-3.75) v=+0.030 ω=+0.693 wp_prog=3/67 ok=True iters=96
23:00:19 [DEBUG] [MPC IN] path_xy0..1=[[2.749999999999999, -3.7500000000000004], [2.6499999999999995, -3.7500000000000004]] theta_ref0..2=[3.141592653589793, 3.141592653589793, 3.141592653589793] weights=[50.0, 0.1, 0.5, 0.1, 0.2] vmin_soft=0.030
23:00:20 [INFO] [MPC] state=(+2.98,-3.84,-2.63) wp0=(+2.75,-3.75) v=+0.030 ω=-0.185 wp_prog=3/67 ok=True iters=79
23:00:20 [DEBUG] [MPC IN] path_xy0..1=[[2.749999999999999, -3.7500000000000004], [2.6499999999999995, -3.7500000000000004]] theta_ref0..2=[3.141592653589793, 3.141592653589793, 3.141592653589793] weights=[50.0, 0.1, 0.5, 0.1, 0.2] vmin_soft=0.030
23:00:20 [INFO] [MPC] state=(+2.98,-3.85,-2.65) wp0=(+2.75,-3.75) v=+0.030 ω=-0.185 wp_prog=3/67 ok=True iters=88
23:00:20 [DEBUG] [MPC IN] path_xy0..1=[[2.749999999999999, -3.7500000000000004], [2.6499999999999995, -3.7500000000000004]] theta_ref0..2=[3.141592653589793, 3.141592653589793, 3.141592653589793] weights=[50.0, 0.1, 0.5, 0.1, 0.2] vmin_soft=0.030
23:00:20 [INFO] [MPC] state=(+2.98,-3.85,-2.67) wp0=(+2.75,-3.75) v=+0.030 ω=-0.185 wp_prog=3/67 ok=True iters=81
23:00:20 [DEBUG] [MPC IN] path_xy0..1=[[2.749999999999999, -3.7500000000000004], [2.6499999999999995, -3.7500000000000004]] theta_ref0..2=[3.141592653589793, 3.141592653589793, 3.141592653589793] weights=[50.0, 0.1, 0.5, 0.1, 0.2] vmin_soft=0.030
23:00:20 [INFO] [MPC] state=(+2.98,-3.85,-2.69) wp0=(+2.75,-3.75) v=+0.030 ω=-0.185 wp_prog=3/67 ok=True iters=105
23:00:20 [DEBUG] [MPC IN] path_xy0..1=[[2.749999999999999, -3.7500000000000004], [2.6499999999999995, -3.7500000000000004]] theta_ref0..2=[3.141592653589793, 3.141592653589793, 3.141592653589793] weights=[50.0, 0.1, 0.5, 0.1, 0.2] vmin_soft=0.030
23:00:20 [INFO] [MPC] state=(+2.97,-3.85,-2.70) wp0=(+2.75,-3.75) v=+0.030 ω=-0.185 wp_prog=3/67 ok=True iters=85
23:00:20 [DEBUG] [MPC IN] path_xy0..1=[[2.749999999999999, -3.7500000000000004], [2.6499999999999995, -3.7500000000000004]] theta_ref0..2=[3.141592653589793, 3.141592653589793, 3.141592653589793] weights=[50.0, 0.1, 0.5, 0.1, 0.2] vmin_soft=0.030
23:00:21 [INFO] [MPC] state=(+2.97,-3.85,-2.72) wp0=(+2.75,-3.75) v=+0.030 ω=+0.693 wp_prog=3/67 ok=True iters=105
23:00:21 [DEBUG] [MPC IN] path_xy0..1=[[2.749999999999999, -3.7500000000000004], [2.6499999999999995, -3.7500000000000004]] theta_ref0..2=[3.141592653589793, 3.141592653589793, 3.141592653589793] weights=[50.0, 0.1, 0.5, 0.1, 0.2] vmin_soft=0.030
