22:35:56 [INFO] === New MPC Session Started ===
22:35:56 [DEBUG] matplotlib data path: /home/max/.local/lib/python3.10/site-packages/matplotlib/mpl-data
22:35:56 [DEBUG] CONFIGDIR=/home/max/.config/matplotlib
22:35:56 [DEBUG] interactive is False
22:35:56 [DEBUG] platform is linux
22:35:56 [DEBUG] CACHEDIR=/home/max/.cache/matplotlib
22:35:56 [DEBUG] Using fontManager instance from /home/max/.cache/matplotlib/fontlist-v390.json
22:35:56 [INFO] CrowdNavPyBulletEnv initializing...
22:35:59 [INFO] World ready | grid: (112, 112), res: 0.1, N=10, T=0.1
22:36:00 [INFO] [PROG] s*=0.00/6.38 (0.0%) dist_goal=4.59
22:36:00 [INFO] [MPC] state=(-5.24,-0.55,+4.66) wp0=(-5.25,-0.63) v=+0.200 ω=-2.400 ok=True iters=14
22:36:00 [INFO] [PROG] s*=0.00/6.38 (0.0%) dist_goal=4.58
22:36:00 [INFO] [MPC] state=(-5.24,-0.55,+4.54) wp0=(-5.25,-0.63) v=+0.200 ω=-2.400 ok=True iters=9
22:36:00 [INFO] [PROG] s*=0.00/6.38 (0.0%) dist_goal=4.58
22:36:00 [INFO] [MPC] state=(-5.24,-0.57,+4.41) wp0=(-5.25,-0.63) v=+0.200 ω=-2.400 ok=True iters=8
22:36:00 [INFO] [PROG] s*=0.01/6.38 (0.1%) dist_goal=4.58
22:36:00 [INFO] [MPC] state=(-5.25,-0.58,+4.29) wp0=(-5.25,-0.64) v=+0.200 ω=-2.400 ok=True iters=8
22:36:00 [INFO] [PROG] s*=0.02/6.38 (0.3%) dist_goal=4.58
22:36:00 [INFO] [MPC] state=(-5.25,-0.59,+4.16) wp0=(-5.25,-0.65) v=+0.200 ω=-2.279 ok=True iters=10
22:36:00 [INFO] [PROG] s*=0.03/6.38 (0.4%) dist_goal=4.58
22:36:00 [INFO] [MPC] state=(-5.26,-0.60,+4.04) wp0=(-5.25,-0.66) v=+0.200 ω=-1.704 ok=True iters=10
22:36:00 [INFO] [PROG] s*=0.04/6.38 (0.6%) dist_goal=4.58
22:36:00 [INFO] [MPC] state=(-5.27,-0.61,+3.95) wp0=(-5.25,-0.67) v=+0.200 ω=-0.467 ok=True iters=7
22:36:00 [INFO] [PROG] s*=0.05/6.38 (0.8%) dist_goal=4.58
22:36:00 [INFO] [MPC] state=(-5.28,-0.62,+3.92) wp0=(-5.25,-0.68) v=+0.200 ω=+0.727 ok=True iters=7
22:36:00 [INFO] [PROG] s*=0.07/6.38 (1.0%) dist_goal=4.58
22:36:00 [INFO] [MPC] state=(-5.29,-0.63,+3.96) wp0=(-5.25,-0.70) v=+0.200 ω=+0.921 ok=True iters=6
22:36:00 [INFO] [PROG] s*=0.08/6.38 (1.2%) dist_goal=4.58
22:36:00 [INFO] [MPC] state=(-5.31,-0.65,+4.01) wp0=(-5.25,-0.71) v=+0.200 ω=+0.930 ok=True iters=6
22:36:00 [INFO] [PROG] s*=0.09/6.38 (1.4%) dist_goal=4.58
22:36:00 [INFO] [MPC] state=(-5.32,-0.66,+4.07) wp0=(-5.25,-0.72) v=+0.200 ω=+1.052 ok=True iters=6
22:36:00 [INFO] [PROG] s*=0.10/6.38 (1.6%) dist_goal=4.57
22:36:00 [INFO] [MPC] state=(-5.32,-0.67,+4.12) wp0=(-5.25,-0.73) v=+0.200 ω=+1.848 ok=True iters=6
22:36:00 [INFO] [PROG] s*=0.11/6.38 (1.8%) dist_goal=4.57
22:36:00 [INFO] [MPC] state=(-5.33,-0.68,+4.22) wp0=(-5.25,-0.74) v=+0.200 ω=+1.597 ok=True iters=6
22:36:00 [INFO] [PROG] s*=0.13/6.38 (2.0%) dist_goal=4.57
22:36:00 [INFO] [MPC] state=(-5.34,-0.69,+4.31) wp0=(-5.25,-0.76) v=+0.200 ω=+1.985 ok=True iters=6
22:36:00 [INFO] [PROG] s*=0.14/6.38 (2.2%) dist_goal=4.56
22:36:00 [INFO] [MPC] state=(-5.34,-0.71,+4.42) wp0=(-5.25,-0.77) v=+0.200 ω=+1.665 ok=True iters=6
22:36:00 [INFO] [PROG] s*=0.15/6.38 (2.3%) dist_goal=4.56
22:36:00 [INFO] [MPC] state=(-5.34,-0.72,+4.51) wp0=(-5.25,-0.78) v=+0.200 ω=+1.995 ok=True iters=6
22:36:00 [INFO] [PROG] s*=0.16/6.38 (2.5%) dist_goal=4.55
22:36:00 [INFO] [MPC] state=(-5.35,-0.73,+4.61) wp0=(-5.25,-0.79) v=+0.200 ω=+1.375 ok=True iters=6
22:36:00 [INFO] [PROG] s*=0.18/6.38 (2.8%) dist_goal=4.54
22:36:00 [INFO] [MPC] state=(-5.35,-0.74,+4.68) wp0=(-5.25,-0.81) v=+0.200 ω=+0.994 ok=True iters=6
22:36:00 [INFO] [PROG] s*=0.19/6.38 (3.0%) dist_goal=4.53
22:36:00 [INFO] [MPC] state=(-5.35,-0.76,+4.73) wp0=(-5.25,-0.82) v=+0.200 ω=+0.910 ok=True iters=6
22:36:00 [INFO] [PROG] s*=0.21/6.38 (3.3%) dist_goal=4.52
22:36:00 [INFO] [MPC] state=(-5.35,-0.77,+4.78) wp0=(-5.25,-0.84) v=+0.200 ω=+0.598 ok=True iters=6
22:36:00 [INFO] [PROG] s*=0.23/6.38 (3.6%) dist_goal=4.50
22:36:00 [INFO] [MPC] state=(-5.35,-0.79,+4.81) wp0=(-5.25,-0.86) v=+0.200 ω=+0.495 ok=True iters=6
22:36:00 [INFO] [PROG] s*=0.25/6.38 (3.9%) dist_goal=4.49
22:36:00 [INFO] [MPC] state=(-5.34,-0.81,+4.84) wp0=(-5.25,-0.88) v=+0.200 ω=+0.137 ok=True iters=6
22:36:00 [INFO] [PROG] s*=0.27/6.38 (4.2%) dist_goal=4.47
22:36:00 [INFO] [MPC] state=(-5.34,-0.83,+4.85) wp0=(-5.25,-0.90) v=+0.200 ω=-0.598 ok=True iters=6
22:36:00 [INFO] [PROG] s*=0.29/6.38 (4.5%) dist_goal=4.46
22:36:00 [INFO] [MPC] state=(-5.34,-0.85,+4.82) wp0=(-5.25,-0.92) v=+0.200 ω=-0.334 ok=True iters=6
22:36:00 [INFO] [PROG] s*=0.30/6.38 (4.8%) dist_goal=4.45
22:36:00 [INFO] [MPC] state=(-5.34,-0.87,+4.80) wp0=(-5.25,-0.93) v=+0.200 ω=-1.020 ok=True iters=6
22:36:00 [INFO] [PROG] s*=0.32/6.38 (5.0%) dist_goal=4.44
22:36:00 [INFO] [MPC] state=(-5.34,-0.88,+4.74) wp0=(-5.25,-0.95) v=+0.200 ω=-0.652 ok=True iters=6
22:36:00 [INFO] [PROG] s*=0.34/6.38 (5.3%) dist_goal=4.43
22:36:00 [INFO] [MPC] state=(-5.33,-0.90,+4.70) wp0=(-5.25,-0.97) v=+0.200 ω=-0.582 ok=True iters=6
22:36:00 [INFO] [PROG] s*=0.36/6.38 (5.6%) dist_goal=4.42
22:36:00 [INFO] [MPC] state=(-5.34,-0.92,+4.66) wp0=(-5.25,-0.99) v=+0.200 ω=-0.298 ok=True iters=6
22:36:00 [INFO] [PROG] s*=0.38/6.38 (5.9%) dist_goal=4.41
22:36:00 [INFO] [MPC] state=(-5.34,-0.94,+4.64) wp0=(-5.25,-1.01) v=+0.200 ω=+0.444 ok=True iters=6
22:36:00 [INFO] [PROG] s*=0.40/6.38 (6.2%) dist_goal=4.40
22:36:00 [INFO] [MPC] state=(-5.34,-0.96,+4.66) wp0=(-5.25,-1.03) v=+0.200 ω=+0.430 ok=True iters=6
22:36:00 [INFO] [PROG] s*=0.42/6.38 (6.5%) dist_goal=4.38
22:36:00 [INFO] [MPC] state=(-5.34,-0.98,+4.69) wp0=(-5.25,-1.05) v=+0.200 ω=+0.405 ok=True iters=6
22:36:00 [INFO] [PROG] s*=0.43/6.38 (6.8%) dist_goal=4.37
22:36:00 [INFO] [MPC] state=(-5.34,-1.00,+4.71) wp0=(-5.25,-1.06) v=+0.200 ω=+0.377 ok=True iters=6
22:36:00 [INFO] [PROG] s*=0.45/6.38 (7.0%) dist_goal=4.36
22:36:00 [INFO] [MPC] state=(-5.34,-1.01,+4.73) wp0=(-5.25,-1.08) v=+0.200 ω=+0.966 ok=True iters=6
22:36:00 [INFO] [PROG] s*=0.47/6.38 (7.3%) dist_goal=4.35
22:36:00 [INFO] [MPC] state=(-5.34,-1.03,+4.78) wp0=(-5.25,-1.10) v=+0.200 ω=+0.874 ok=True iters=6
22:36:00 [INFO] [PROG] s*=0.48/6.38 (7.6%) dist_goal=4.34
22:36:00 [INFO] [MPC] state=(-5.34,-1.05,+4.82) wp0=(-5.25,-1.11) v=+0.200 ω=+0.522 ok=True iters=6
22:36:00 [INFO] [PROG] s*=0.50/6.38 (7.9%) dist_goal=4.33
22:36:00 [INFO] [MPC] state=(-5.33,-1.06,+4.85) wp0=(-5.25,-1.13) v=+0.200 ω=+0.432 ok=True iters=6
22:36:00 [INFO] [PROG] s*=0.52/6.38 (8.2%) dist_goal=4.31
22:36:00 [INFO] [MPC] state=(-5.33,-1.08,+4.88) wp0=(-5.25,-1.15) v=+0.200 ω=+0.356 ok=True iters=6
22:36:00 [INFO] [PROG] s*=0.54/6.38 (8.4%) dist_goal=4.30
22:36:00 [INFO] [MPC] state=(-5.33,-1.10,+4.91) wp0=(-5.25,-1.17) v=+0.200 ω=+0.759 ok=True iters=6
22:36:00 [INFO] [PROG] s*=0.56/6.38 (8.7%) dist_goal=4.28
22:36:00 [INFO] [MPC] state=(-5.32,-1.12,+4.95) wp0=(-5.25,-1.19) v=+0.200 ω=+0.624 ok=True iters=6
22:36:00 [INFO] [PROG] s*=0.57/6.38 (9.0%) dist_goal=4.27
22:36:00 [INFO] [MPC] state=(-5.32,-1.14,+4.98) wp0=(-5.25,-1.20) v=+0.200 ω=+0.483 ok=True iters=6
22:36:00 [INFO] [PROG] s*=0.59/6.38 (9.3%) dist_goal=4.25
22:36:00 [INFO] [MPC] state=(-5.31,-1.15,+5.01) wp0=(-5.25,-1.22) v=+0.200 ω=+0.377 ok=True iters=6
22:36:00 [INFO] [PROG] s*=0.61/6.38 (9.6%) dist_goal=4.24
22:36:00 [INFO] [MPC] state=(-5.31,-1.17,+5.04) wp0=(-5.25,-1.24) v=+0.200 ω=-0.161 ok=True iters=6
22:36:00 [INFO] [PROG] s*=0.63/6.38 (9.9%) dist_goal=4.22
22:36:00 [INFO] [MPC] state=(-5.30,-1.19,+5.02) wp0=(-5.25,-1.26) v=+0.200 ω=+0.326 ok=True iters=6
22:36:00 [INFO] [PROG] s*=0.65/6.38 (10.2%) dist_goal=4.21
22:36:00 [INFO] [MPC] state=(-5.30,-1.21,+5.05) wp0=(-5.25,-1.28) v=+0.200 ω=+0.027 ok=True iters=6
22:36:00 [INFO] [PROG] s*=0.67/6.38 (10.5%) dist_goal=4.19
22:36:00 [INFO] [MPC] state=(-5.29,-1.23,+5.05) wp0=(-5.25,-1.30) v=+0.200 ω=-0.023 ok=True iters=6
22:36:00 [INFO] [PROG] s*=0.69/6.38 (10.8%) dist_goal=4.17
22:36:00 [INFO] [MPC] state=(-5.28,-1.25,+5.05) wp0=(-5.25,-1.32) v=+0.200 ω=-0.007 ok=True iters=6
22:36:00 [INFO] [PROG] s*=0.71/6.38 (11.1%) dist_goal=4.16
22:36:00 [INFO] [MPC] state=(-5.28,-1.27,+5.05) wp0=(-5.25,-1.34) v=+0.200 ω=-0.054 ok=True iters=6
22:36:00 [INFO] [PROG] s*=0.72/6.38 (11.4%) dist_goal=4.14
22:36:00 [INFO] [MPC] state=(-5.27,-1.29,+5.04) wp0=(-5.25,-1.35) v=+0.200 ω=+0.092 ok=True iters=7
22:36:00 [INFO] [PROG] s*=0.74/6.38 (11.6%) dist_goal=4.12
22:36:00 [INFO] [MPC] state=(-5.26,-1.30,+5.05) wp0=(-5.25,-1.37) v=+0.200 ω=+0.206 ok=True iters=7
22:36:00 [INFO] [PROG] s*=0.76/6.38 (11.9%) dist_goal=4.11
22:36:00 [INFO] [MPC] state=(-5.26,-1.32,+5.06) wp0=(-5.25,-1.39) v=+0.200 ω=+0.102 ok=True iters=7
22:36:00 [INFO] [PROG] s*=0.78/6.38 (12.2%) dist_goal=4.09
22:36:00 [INFO] [MPC] state=(-5.25,-1.34,+5.07) wp0=(-5.25,-1.41) v=+0.200 ω=-0.512 ok=True iters=9
22:36:00 [INFO] [PROG] s*=0.80/6.38 (12.5%) dist_goal=4.08
22:36:00 [INFO] [MPC] state=(-5.24,-1.36,+5.04) wp0=(-5.25,-1.43) v=+0.200 ω=-0.832 ok=True iters=14
22:36:00 [INFO] [PROG] s*=0.81/6.38 (12.8%) dist_goal=4.06
22:36:00 [INFO] [MPC] state=(-5.24,-1.38,+5.00) wp0=(-5.25,-1.44) v=+0.200 ω=-0.625 ok=True iters=10
22:36:00 [INFO] [PROG] s*=0.83/6.38 (13.0%) dist_goal=4.06
22:36:00 [INFO] [MPC] state=(-5.23,-1.39,+4.96) wp0=(-5.25,-1.46) v=+0.122 ω=-0.625 ok=True iters=13
22:36:00 [INFO] [PROG] s*=0.83/6.38 (13.0%) dist_goal=4.05
22:36:00 [INFO] [MPC] state=(-5.23,-1.41,+4.90) wp0=(-5.25,-1.46) v=+0.030 ω=-0.529 ok=True iters=9
22:36:00 [INFO] [PROG] s*=0.83/6.38 (13.1%) dist_goal=4.05
22:36:00 [INFO] [MPC] state=(-5.23,-1.41,+4.85) wp0=(-5.25,-1.46) v=+0.030 ω=-0.441 ok=True iters=8
22:36:00 [INFO] [PROG] s*=0.84/6.38 (13.1%) dist_goal=4.05
22:36:00 [INFO] [MPC] state=(-5.23,-1.41,+4.80) wp0=(-5.25,-1.47) v=+0.030 ω=-0.232 ok=True iters=9
22:36:00 [INFO] [PROG] s*=0.84/6.38 (13.2%) dist_goal=4.05
22:36:00 [INFO] [MPC] state=(-5.23,-1.42,+4.78) wp0=(-5.25,-1.47) v=+0.030 ω=-0.148 ok=True iters=9
22:36:00 [INFO] [PROG] s*=0.84/6.38 (13.2%) dist_goal=4.05
22:36:00 [INFO] [MPC] state=(-5.23,-1.42,+4.76) wp0=(-5.25,-1.47) v=+0.030 ω=-0.097 ok=True iters=9
22:36:00 [INFO] [PROG] s*=0.85/6.38 (13.3%) dist_goal=4.04
22:36:00 [INFO] [MPC] state=(-5.23,-1.42,+4.76) wp0=(-5.25,-1.48) v=+0.030 ω=-0.069 ok=True iters=9
22:36:00 [INFO] [PROG] s*=0.85/6.38 (13.3%) dist_goal=4.04
22:36:00 [INFO] [MPC] state=(-5.23,-1.43,+4.75) wp0=(-5.25,-1.48) v=+0.030 ω=-0.151 ok=True iters=10
22:36:00 [INFO] [PROG] s*=0.85/6.38 (13.4%) dist_goal=4.04
22:36:00 [INFO] [MPC] state=(-5.23,-1.43,+4.73) wp0=(-5.25,-1.48) v=+0.030 ω=-0.095 ok=True iters=9
22:36:00 [INFO] [PROG] s*=0.86/6.38 (13.4%) dist_goal=4.04
22:36:00 [INFO] [MPC] state=(-5.23,-1.43,+4.72) wp0=(-5.25,-1.49) v=+0.030 ω=-0.071 ok=True iters=10
22:36:00 [INFO] [PROG] s*=0.86/6.38 (13.4%) dist_goal=4.04
22:36:00 [INFO] [MPC] state=(-5.23,-1.44,+4.72) wp0=(-5.25,-1.49) v=+0.030 ω=-0.057 ok=True iters=12
22:36:00 [INFO] [PROG] s*=0.86/6.38 (13.5%) dist_goal=4.04
22:36:00 [INFO] [MPC] state=(-5.23,-1.44,+4.71) wp0=(-5.25,-1.49) v=+0.030 ω=-0.048 ok=True iters=11
22:36:00 [INFO] [PROG] s*=0.86/6.38 (13.5%) dist_goal=4.03
22:36:00 [INFO] [MPC] state=(-5.23,-1.44,+4.71) wp0=(-5.25,-1.49) v=+0.030 ω=-0.036 ok=True iters=9
22:36:00 [INFO] [PROG] s*=0.87/6.38 (13.6%) dist_goal=4.03
22:36:00 [INFO] [MPC] state=(-5.23,-1.44,+4.70) wp0=(-5.25,-1.50) v=+0.030 ω=-0.033 ok=True iters=9
22:36:01 [INFO] [PROG] s*=0.87/6.38 (13.6%) dist_goal=4.03
22:36:01 [INFO] [MPC] state=(-5.23,-1.45,+4.70) wp0=(-5.25,-1.50) v=+0.030 ω=-0.024 ok=True iters=9
22:36:01 [INFO] [PROG] s*=0.87/6.38 (13.7%) dist_goal=4.03
22:36:01 [INFO] [MPC] state=(-5.23,-1.45,+4.70) wp0=(-5.25,-1.50) v=+0.030 ω=-0.022 ok=True iters=9
22:36:01 [INFO] [PROG] s*=0.88/6.38 (13.7%) dist_goal=4.03
22:36:01 [INFO] [MPC] state=(-5.23,-1.45,+4.70) wp0=(-5.25,-1.51) v=+0.030 ω=-0.020 ok=True iters=8
22:36:01 [INFO] [PROG] s*=0.88/6.38 (13.8%) dist_goal=4.03
22:36:01 [INFO] [MPC] state=(-5.23,-1.46,+4.69) wp0=(-5.25,-1.51) v=+0.030 ω=-0.019 ok=True iters=8
22:36:01 [INFO] [PROG] s*=0.88/6.38 (13.8%) dist_goal=4.02
22:36:01 [INFO] [MPC] state=(-5.23,-1.46,+4.69) wp0=(-5.25,-1.51) v=+0.030 ω=-0.133 ok=True iters=10
22:36:01 [INFO] [PROG] s*=0.88/6.38 (13.9%) dist_goal=4.02
22:36:01 [INFO] [MPC] state=(-5.23,-1.46,+4.68) wp0=(-5.25,-1.51) v=+0.030 ω=-0.017 ok=True iters=10
22:36:01 [INFO] [PROG] s*=0.89/6.38 (13.9%) dist_goal=4.02
22:36:01 [INFO] [MPC] state=(-5.23,-1.46,+4.68) wp0=(-5.25,-1.52) v=+0.030 ω=-0.020 ok=True iters=9
22:36:01 [INFO] [PROG] s*=0.89/6.38 (13.9%) dist_goal=4.02
22:36:01 [INFO] [MPC] state=(-5.23,-1.47,+4.68) wp0=(-5.25,-1.52) v=+0.030 ω=-0.025 ok=True iters=8
22:36:01 [INFO] [PROG] s*=0.89/6.38 (14.0%) dist_goal=4.02
22:36:01 [INFO] [MPC] state=(-5.23,-1.47,+4.67) wp0=(-5.25,-1.52) v=+0.030 ω=-0.027 ok=True iters=9
22:36:01 [INFO] [PROG] s*=0.90/6.38 (14.0%) dist_goal=4.02
22:36:01 [INFO] [MPC] state=(-5.23,-1.47,+4.67) wp0=(-5.25,-1.53) v=+0.030 ω=-0.030 ok=True iters=10
22:36:01 [INFO] [PROG] s*=0.90/6.38 (14.1%) dist_goal=4.02
22:36:01 [INFO] [MPC] state=(-5.23,-1.48,+4.67) wp0=(-5.25,-1.53) v=+0.030 ω=-0.033 ok=True iters=12
22:36:01 [INFO] [PROG] s*=0.90/6.38 (14.1%) dist_goal=4.01
22:36:01 [INFO] [MPC] state=(-5.23,-1.48,+4.66) wp0=(-5.25,-1.53) v=+0.030 ω=-0.035 ok=True iters=11
22:36:01 [INFO] [PROG] s*=0.90/6.38 (14.2%) dist_goal=4.01
22:36:01 [INFO] [MPC] state=(-5.23,-1.48,+4.66) wp0=(-5.25,-1.53) v=+0.030 ω=-0.041 ok=True iters=10
22:36:01 [INFO] [PROG] s*=0.91/6.38 (14.2%) dist_goal=4.01
22:36:01 [INFO] [MPC] state=(-5.23,-1.48,+4.66) wp0=(-5.25,-1.54) v=+0.030 ω=-0.047 ok=True iters=10
22:36:01 [INFO] [PROG] s*=0.91/6.38 (14.3%) dist_goal=4.01
22:36:01 [INFO] [MPC] state=(-5.23,-1.49,+4.65) wp0=(-5.25,-1.54) v=+0.030 ω=-0.046 ok=True iters=9
22:36:01 [INFO] [PROG] s*=0.91/6.38 (14.3%) dist_goal=4.01
22:36:01 [INFO] [MPC] state=(-5.23,-1.49,+4.65) wp0=(-5.25,-1.54) v=+0.030 ω=-0.037 ok=True iters=9
22:36:01 [INFO] [PROG] s*=0.92/6.38 (14.3%) dist_goal=4.01
22:36:01 [INFO] [MPC] state=(-5.23,-1.49,+4.64) wp0=(-5.25,-1.55) v=+0.030 ω=-0.153 ok=True iters=8
22:36:01 [INFO] [PROG] s*=0.92/6.38 (14.4%) dist_goal=4.01
22:36:01 [INFO] [MPC] state=(-5.23,-1.50,+4.63) wp0=(-5.25,-1.55) v=+0.030 ω=-0.111 ok=True iters=8
22:36:01 [INFO] [PROG] s*=0.92/6.38 (14.4%) dist_goal=4.01
22:36:01 [INFO] [MPC] state=(-5.23,-1.50,+4.62) wp0=(-5.25,-1.55) v=+0.030 ω=-0.092 ok=True iters=8
22:36:01 [INFO] [PROG] s*=0.92/6.38 (14.5%) dist_goal=4.00
22:36:01 [INFO] [MPC] state=(-5.23,-1.50,+4.61) wp0=(-5.25,-1.55) v=+0.030 ω=-0.077 ok=True iters=8
22:36:01 [INFO] [PROG] s*=0.93/6.38 (14.5%) dist_goal=4.00
22:36:01 [INFO] [MPC] state=(-5.23,-1.50,+4.60) wp0=(-5.25,-1.56) v=+0.030 ω=-0.072 ok=True iters=8
22:36:01 [INFO] [PROG] s*=0.93/6.38 (14.6%) dist_goal=4.00
22:36:01 [INFO] [MPC] state=(-5.23,-1.51,+4.59) wp0=(-5.25,-1.56) v=+0.030 ω=-0.073 ok=True iters=8
22:36:01 [INFO] [PROG] s*=0.93/6.38 (14.6%) dist_goal=4.00
22:36:01 [INFO] [MPC] state=(-5.23,-1.51,+4.58) wp0=(-5.25,-1.56) v=+0.030 ω=-0.075 ok=True iters=8
22:36:01 [INFO] [PROG] s*=0.94/6.38 (14.7%) dist_goal=4.00
22:36:01 [INFO] [MPC] state=(-5.23,-1.51,+4.58) wp0=(-5.25,-1.57) v=+0.030 ω=-0.059 ok=True iters=8
22:36:01 [INFO] [PROG] s*=0.94/6.38 (14.7%) dist_goal=4.00
22:36:01 [INFO] [MPC] state=(-5.23,-1.52,+4.57) wp0=(-5.25,-1.57) v=+0.030 ω=-0.048 ok=True iters=8
22:36:01 [INFO] [PROG] s*=0.94/6.38 (14.8%) dist_goal=4.00
22:36:01 [INFO] [MPC] state=(-5.23,-1.52,+4.57) wp0=(-5.25,-1.57) v=+0.030 ω=-2.175 ok=True iters=9
22:36:01 [INFO] [PROG] s*=0.95/6.38 (14.9%) dist_goal=4.00
22:36:01 [INFO] [MPC] state=(-5.23,-1.52,+4.37) wp0=(-5.25,-1.58) v=+0.200 ω=-1.795 ok=True iters=8
22:36:01 [INFO] [PROG] s*=0.97/6.38 (15.2%) dist_goal=3.99
22:36:01 [INFO] [MPC] state=(-5.24,-1.53,+4.26) wp0=(-5.25,-1.60) v=+0.200 ω=-1.159 ok=True iters=8
22:36:01 [INFO] [PROG] s*=0.98/6.38 (15.4%) dist_goal=3.99
22:36:01 [INFO] [MPC] state=(-5.25,-1.55,+4.20) wp0=(-5.25,-1.61) v=+0.200 ω=-0.795 ok=True iters=8
22:36:01 [INFO] [PROG] s*=1.00/6.38 (15.6%) dist_goal=4.00
22:36:01 [INFO] [MPC] state=(-5.26,-1.56,+4.15) wp0=(-5.25,-1.63) v=+0.200 ω=-0.367 ok=True iters=8
22:36:01 [INFO] [PROG] s*=1.02/6.38 (15.9%) dist_goal=4.00
22:36:01 [INFO] [MPC] state=(-5.27,-1.58,+4.13) wp0=(-5.25,-1.65) v=+0.200 ω=-0.088 ok=True iters=8
22:36:01 [INFO] [PROG] s*=1.03/6.38 (16.2%) dist_goal=4.00
22:36:01 [INFO] [MPC] state=(-5.28,-1.60,+4.12) wp0=(-5.25,-1.66) v=+0.200 ω=+0.312 ok=True iters=7
22:36:01 [INFO] [PROG] s*=1.05/6.38 (16.4%) dist_goal=4.00
22:36:01 [INFO] [MPC] state=(-5.29,-1.61,+4.14) wp0=(-5.25,-1.68) v=+0.200 ω=+0.457 ok=True iters=7
22:36:01 [INFO] [PROG] s*=1.06/6.38 (16.6%) dist_goal=4.00
22:36:01 [INFO] [MPC] state=(-5.30,-1.63,+4.17) wp0=(-5.25,-1.69) v=+0.200 ω=+1.186 ok=True iters=7
22:36:01 [INFO] [PROG] s*=1.08/6.38 (16.8%) dist_goal=4.00
22:36:01 [INFO] [MPC] state=(-5.31,-1.64,+4.23) wp0=(-5.25,-1.71) v=+0.200 ω=+1.213 ok=True iters=7
22:36:01 [INFO] [PROG] s*=1.09/6.38 (17.1%) dist_goal=3.99
22:36:01 [INFO] [MPC] state=(-5.31,-1.66,+4.30) wp0=(-5.25,-1.72) v=+0.200 ω=+0.383 ok=True iters=7
22:36:01 [INFO] [PROG] s*=1.11/6.38 (17.3%) dist_goal=3.99
22:36:01 [INFO] [MPC] state=(-5.32,-1.67,+4.33) wp0=(-5.25,-1.74) v=+0.200 ω=+1.137 ok=True iters=7
22:36:01 [INFO] [PROG] s*=1.12/6.38 (17.6%) dist_goal=3.99
22:36:01 [INFO] [MPC] state=(-5.33,-1.69,+4.39) wp0=(-5.25,-1.75) v=+0.200 ω=+1.138 ok=True iters=6
22:36:01 [INFO] [PROG] s*=1.14/6.38 (17.8%) dist_goal=3.98
22:36:01 [INFO] [MPC] state=(-5.33,-1.70,+4.45) wp0=(-5.25,-1.77) v=+0.200 ω=+0.878 ok=True iters=6
22:36:01 [INFO] [PROG] s*=1.15/6.38 (18.1%) dist_goal=3.98
22:36:01 [INFO] [MPC] state=(-5.33,-1.72,+4.50) wp0=(-5.25,-1.78) v=+0.200 ω=+0.877 ok=True iters=6
22:36:01 [INFO] [PROG] s*=1.17/6.38 (18.3%) dist_goal=3.97
22:36:01 [INFO] [MPC] state=(-5.34,-1.73,+4.55) wp0=(-5.25,-1.80) v=+0.200 ω=+0.857 ok=True iters=6
22:36:01 [INFO] [PROG] s*=1.19/6.38 (18.6%) dist_goal=3.97
22:36:01 [INFO] [MPC] state=(-5.34,-1.75,+4.60) wp0=(-5.25,-1.82) v=+0.200 ω=+0.581 ok=True iters=6
22:36:01 [INFO] [PROG] s*=1.21/6.38 (18.9%) dist_goal=3.96
22:36:01 [INFO] [MPC] state=(-5.34,-1.77,+4.63) wp0=(-5.25,-1.84) v=+0.200 ω=+0.566 ok=True iters=6
22:36:01 [INFO] [PROG] s*=1.22/6.38 (19.2%) dist_goal=3.95
22:36:01 [INFO] [MPC] state=(-5.34,-1.79,+4.67) wp0=(-5.25,-1.85) v=+0.200 ω=+0.537 ok=True iters=6
22:36:01 [INFO] [PROG] s*=1.24/6.38 (19.4%) dist_goal=3.94
22:36:01 [INFO] [MPC] state=(-5.34,-1.80,+4.69) wp0=(-5.25,-1.87) v=+0.200 ω=+0.891 ok=True iters=6
22:36:01 [INFO] [PROG] s*=1.26/6.38 (19.7%) dist_goal=3.93
22:36:01 [INFO] [MPC] state=(-5.34,-1.82,+4.74) wp0=(-5.25,-1.89) v=+0.200 ω=+0.814 ok=True iters=6
22:36:01 [INFO] [PROG] s*=1.28/6.38 (20.0%) dist_goal=3.93
22:36:01 [INFO] [MPC] state=(-5.34,-1.84,+4.78) wp0=(-5.25,-1.91) v=+0.200 ω=-0.155 ok=True iters=6
22:36:01 [INFO] [PROG] s*=1.30/6.38 (20.3%) dist_goal=3.91
22:36:01 [INFO] [MPC] state=(-5.34,-1.86,+4.77) wp0=(-5.25,-1.93) v=+0.200 ω=-0.176 ok=True iters=6
22:36:01 [INFO] [PROG] s*=1.32/6.38 (20.6%) dist_goal=3.91
22:36:01 [INFO] [MPC] state=(-5.34,-1.88,+4.76) wp0=(-5.25,-1.95) v=+0.200 ω=-0.178 ok=True iters=6
22:36:01 [INFO] [PROG] s*=1.34/6.38 (20.9%) dist_goal=3.90
22:36:01 [INFO] [MPC] state=(-5.34,-1.90,+4.75) wp0=(-5.25,-1.97) v=+0.200 ω=-0.174 ok=True iters=6
22:36:01 [INFO] [PROG] s*=1.36/6.38 (21.3%) dist_goal=3.89
22:36:01 [INFO] [MPC] state=(-5.34,-1.92,+4.73) wp0=(-5.25,-1.99) v=+0.200 ω=+0.074 ok=True iters=6
22:36:01 [INFO] [PROG] s*=1.38/6.38 (21.6%) dist_goal=3.88
22:36:01 [INFO] [MPC] state=(-5.34,-1.94,+4.74) wp0=(-5.25,-2.01) v=+0.200 ω=+0.052 ok=True iters=6
22:36:01 [INFO] [PROG] s*=1.40/6.38 (21.9%) dist_goal=3.87
22:36:01 [INFO] [MPC] state=(-5.34,-1.96,+4.74) wp0=(-5.25,-2.03) v=+0.200 ω=-0.201 ok=True iters=6
22:36:01 [INFO] [PROG] s*=1.42/6.38 (22.2%) dist_goal=3.86
22:36:01 [INFO] [MPC] state=(-5.34,-1.98,+4.72) wp0=(-5.25,-2.05) v=+0.200 ω=-0.569 ok=True iters=6
22:36:01 [INFO] [PROG] s*=1.43/6.38 (22.5%) dist_goal=3.85
22:36:01 [INFO] [MPC] state=(-5.34,-2.00,+4.69) wp0=(-5.25,-2.06) v=+0.200 ω=-0.507 ok=True iters=6
22:36:01 [INFO] [PROG] s*=1.45/6.38 (22.8%) dist_goal=3.85
22:36:01 [INFO] [MPC] state=(-5.34,-2.01,+4.66) wp0=(-5.25,-2.08) v=+0.200 ω=+0.449 ok=True iters=6
22:36:01 [INFO] [PROG] s*=1.47/6.38 (23.0%) dist_goal=3.84
22:36:01 [INFO] [MPC] state=(-5.34,-2.03,+4.68) wp0=(-5.25,-2.10) v=+0.200 ω=+0.432 ok=True iters=6
22:36:01 [INFO] [PROG] s*=1.49/6.38 (23.4%) dist_goal=3.83
22:36:01 [INFO] [MPC] state=(-5.34,-2.05,+4.70) wp0=(-5.25,-2.12) v=+0.200 ω=+0.151 ok=True iters=6
22:36:01 [INFO] [PROG] s*=1.51/6.38 (23.7%) dist_goal=3.82
22:36:01 [INFO] [MPC] state=(-5.34,-2.07,+4.71) wp0=(-5.25,-2.14) v=+0.200 ω=+0.135 ok=True iters=6
22:36:01 [INFO] [PROG] s*=1.53/6.38 (24.0%) dist_goal=3.81
22:36:01 [INFO] [MPC] state=(-5.34,-2.09,+4.72) wp0=(-5.25,-2.16) v=+0.200 ω=+0.110 ok=True iters=6
22:36:01 [INFO] [PROG] s*=1.55/6.38 (24.3%) dist_goal=3.81
22:36:01 [INFO] [MPC] state=(-5.34,-2.11,+4.73) wp0=(-5.25,-2.18) v=+0.200 ω=+0.084 ok=True iters=6
22:36:01 [INFO] [PROG] s*=1.57/6.38 (24.6%) dist_goal=3.80
22:36:01 [INFO] [MPC] state=(-5.34,-2.13,+4.74) wp0=(-5.25,-2.20) v=+0.200 ω=-0.166 ok=True iters=6
22:36:01 [INFO] [PROG] s*=1.59/6.38 (24.9%) dist_goal=3.79
22:36:01 [INFO] [MPC] state=(-5.34,-2.15,+4.73) wp0=(-5.25,-2.22) v=+0.200 ω=+0.089 ok=True iters=7
22:36:01 [INFO] [PROG] s*=1.61/6.38 (25.2%) dist_goal=3.78
22:36:01 [INFO] [MPC] state=(-5.34,-2.17,+4.73) wp0=(-5.25,-2.24) v=+0.200 ω=+0.076 ok=True iters=7
22:36:01 [INFO] [PROG] s*=1.63/6.38 (25.5%) dist_goal=3.77
22:36:01 [INFO] [MPC] state=(-5.34,-2.19,+4.74) wp0=(-5.25,-2.26) v=+0.200 ω=-0.554 ok=True iters=7
22:36:01 [INFO] [PROG] s*=1.65/6.38 (25.8%) dist_goal=3.77
22:36:01 [INFO] [MPC] state=(-5.34,-2.21,+4.71) wp0=(-5.25,-2.28) v=+0.200 ω=-0.490 ok=True iters=7
22:36:01 [INFO] [PROG] s*=1.67/6.38 (26.1%) dist_goal=3.76
22:36:01 [INFO] [MPC] state=(-5.34,-2.23,+4.67) wp0=(-5.25,-2.30) v=+0.200 ω=+0.486 ok=True iters=7
22:36:01 [INFO] [PROG] s*=1.69/6.38 (26.4%) dist_goal=3.75
22:36:01 [INFO] [MPC] state=(-5.34,-2.25,+4.69) wp0=(-5.25,-2.32) v=+0.200 ω=+0.217 ok=True iters=7
22:36:01 [INFO] [PROG] s*=1.71/6.38 (26.7%) dist_goal=3.75
22:36:01 [INFO] [MPC] state=(-5.34,-2.27,+4.71) wp0=(-5.25,-2.34) v=+0.200 ω=+0.211 ok=True iters=7
22:36:01 [INFO] [PROG] s*=1.72/6.38 (27.0%) dist_goal=3.74
22:36:01 [INFO] [MPC] state=(-5.34,-2.29,+4.72) wp0=(-5.25,-2.35) v=+0.200 ω=+0.208 ok=True iters=8
22:36:01 [INFO] [PROG] s*=1.74/6.38 (27.3%) dist_goal=3.73
22:36:01 [INFO] [MPC] state=(-5.34,-2.30,+4.74) wp0=(-5.25,-2.37) v=+0.200 ω=+0.195 ok=True iters=8
22:36:01 [INFO] [PROG] s*=1.76/6.38 (27.6%) dist_goal=3.72
22:36:01 [INFO] [MPC] state=(-5.34,-2.32,+4.75) wp0=(-5.25,-2.39) v=+0.200 ω=-0.041 ok=True iters=8
22:36:01 [INFO] [PROG] s*=1.78/6.38 (28.0%) dist_goal=3.72
22:36:01 [INFO] [MPC] state=(-5.34,-2.34,+4.75) wp0=(-5.25,-2.41) v=+0.200 ω=+0.271 ok=True iters=9
22:36:01 [INFO] [PROG] s*=1.80/6.38 (28.3%) dist_goal=3.71
22:36:01 [INFO] [MPC] state=(-5.34,-2.36,+4.76) wp0=(-5.25,-2.43) v=+0.200 ω=+0.266 ok=True iters=10
22:36:01 [INFO] [PROG] s*=1.82/6.38 (28.5%) dist_goal=3.70
22:36:01 [INFO] [MPC] state=(-5.33,-2.38,+4.78) wp0=(-5.25,-2.45) v=+0.200 ω=+1.584 ok=True iters=8
22:36:01 [INFO] [PROG] s*=1.83/6.38 (28.7%) dist_goal=3.70
22:36:01 [INFO] [MPC] state=(-5.33,-2.40,+4.86) wp0=(-5.25,-2.46) v=+0.200 ω=+1.793 ok=True iters=6
22:36:01 [INFO] [PROG] s*=1.84/6.38 (28.9%) dist_goal=3.69
22:36:01 [INFO] [MPC] state=(-5.33,-2.41,+4.95) wp0=(-5.25,-2.47) v=+0.200 ω=+1.470 ok=True iters=7
22:36:01 [INFO] [PROG] s*=1.86/6.38 (29.1%) dist_goal=3.68
22:36:01 [INFO] [MPC] state=(-5.33,-2.42,+5.03) wp0=(-5.25,-2.49) v=+0.200 ω=+1.390 ok=True iters=8
22:36:01 [INFO] [PROG] s*=1.87/6.38 (29.3%) dist_goal=3.67
22:36:01 [INFO] [MPC] state=(-5.32,-2.44,+5.11) wp0=(-5.25,-2.50) v=+0.200 ω=+1.512 ok=True iters=7
22:36:01 [INFO] [PROG] s*=1.88/6.38 (29.5%) dist_goal=3.66
22:36:01 [INFO] [MPC] state=(-5.32,-2.45,+5.19) wp0=(-5.25,-2.51) v=+0.200 ω=+1.483 ok=True iters=7
22:36:01 [INFO] [PROG] s*=1.90/6.38 (29.7%) dist_goal=3.64
22:36:01 [INFO] [MPC] state=(-5.31,-2.46,+5.27) wp0=(-5.25,-2.53) v=+0.200 ω=+0.730 ok=True iters=7
22:36:01 [INFO] [PROG] s*=1.91/6.38 (29.9%) dist_goal=3.63
22:36:01 [INFO] [MPC] state=(-5.30,-2.48,+5.32) wp0=(-5.25,-2.54) v=+0.200 ω=+0.645 ok=True iters=7
22:36:01 [INFO] [PROG] s*=1.92/6.38 (30.2%) dist_goal=3.61
22:36:01 [INFO] [MPC] state=(-5.29,-2.49,+5.35) wp0=(-5.25,-2.55) v=+0.200 ω=+0.550 ok=True iters=7
22:36:01 [INFO] [PROG] s*=1.94/6.38 (30.4%) dist_goal=3.60
22:36:01 [INFO] [MPC] state=(-5.28,-2.50,+5.39) wp0=(-5.23,-2.55) v=+0.200 ω=+0.567 ok=True iters=7
22:36:01 [INFO] [PROG] s*=1.95/6.38 (30.6%) dist_goal=3.58
22:36:01 [INFO] [MPC] state=(-5.27,-2.52,+5.42) wp0=(-5.22,-2.55) v=+0.200 ω=+0.284 ok=True iters=7
22:36:01 [INFO] [PROG] s*=1.98/6.38 (31.0%) dist_goal=3.56
22:36:01 [INFO] [MPC] state=(-5.25,-2.53,+5.44) wp0=(-5.19,-2.55) v=+0.200 ω=+0.304 ok=True iters=7
22:36:01 [INFO] [PROG] s*=1.99/6.38 (31.2%) dist_goal=3.55
22:36:01 [INFO] [MPC] state=(-5.24,-2.55,+5.46) wp0=(-5.18,-2.55) v=+0.200 ω=+0.404 ok=True iters=7
22:36:01 [INFO] [PROG] s*=2.01/6.38 (31.4%) dist_goal=3.53
22:36:01 [INFO] [MPC] state=(-5.23,-2.56,+5.49) wp0=(-5.16,-2.55) v=+0.200 ω=+0.408 ok=True iters=7
22:36:01 [INFO] [PROG] s*=2.02/6.38 (31.7%) dist_goal=3.51
22:36:01 [INFO] [MPC] state=(-5.21,-2.57,+5.51) wp0=(-5.15,-2.55) v=+0.200 ω=+0.482 ok=True iters=7
22:36:01 [INFO] [PROG] s*=2.03/6.38 (31.9%) dist_goal=3.50
22:36:01 [INFO] [MPC] state=(-5.20,-2.59,+5.54) wp0=(-5.14,-2.55) v=+0.200 ω=+0.338 ok=True iters=7
22:36:01 [INFO] [PROG] s*=2.05/6.38 (32.1%) dist_goal=3.48
22:36:01 [INFO] [MPC] state=(-5.19,-2.60,+5.56) wp0=(-5.12,-2.55) v=+0.200 ω=+0.372 ok=True iters=7
22:36:01 [INFO] [PROG] s*=2.06/6.38 (32.3%) dist_goal=3.46
22:36:01 [INFO] [MPC] state=(-5.17,-2.61,+5.59) wp0=(-5.11,-2.55) v=+0.200 ω=+0.609 ok=True iters=7
22:36:01 [INFO] [PROG] s*=2.08/6.38 (32.5%) dist_goal=3.45
22:36:01 [INFO] [MPC] state=(-5.16,-2.62,+5.62) wp0=(-5.09,-2.55) v=+0.200 ω=+0.799 ok=True iters=7
22:36:01 [INFO] [PROG] s*=2.09/6.38 (32.8%) dist_goal=3.43
22:36:01 [INFO] [MPC] state=(-5.14,-2.63,+5.67) wp0=(-5.08,-2.55) v=+0.200 ω=+0.804 ok=True iters=7
22:36:01 [INFO] [PROG] s*=2.11/6.38 (33.0%) dist_goal=3.41
22:36:01 [INFO] [MPC] state=(-5.13,-2.64,+5.71) wp0=(-5.06,-2.55) v=+0.200 ω=+0.778 ok=True iters=7
22:36:01 [INFO] [PROG] s*=2.12/6.38 (33.2%) dist_goal=3.40
22:36:01 [INFO] [MPC] state=(-5.11,-2.65,+5.76) wp0=(-5.05,-2.55) v=+0.200 ω=+1.230 ok=True iters=7
22:36:01 [INFO] [PROG] s*=2.13/6.38 (33.4%) dist_goal=3.38
22:36:01 [INFO] [MPC] state=(-5.10,-2.66,+5.83) wp0=(-5.04,-2.55) v=+0.200 ω=+1.003 ok=True iters=7
22:36:01 [INFO] [PROG] s*=2.15/6.38 (33.7%) dist_goal=3.37
22:36:01 [INFO] [MPC] state=(-5.09,-2.67,+5.88) wp0=(-5.02,-2.55) v=+0.200 ω=+0.889 ok=True iters=7
22:36:01 [INFO] [PROG] s*=2.17/6.38 (33.9%) dist_goal=3.35
22:36:01 [INFO] [MPC] state=(-5.07,-2.67,+5.93) wp0=(-5.00,-2.55) v=+0.200 ω=+0.754 ok=True iters=7
22:36:01 [INFO] [PROG] s*=2.18/6.38 (34.2%) dist_goal=3.33
22:36:01 [INFO] [MPC] state=(-5.05,-2.68,+5.98) wp0=(-4.99,-2.55) v=+0.200 ω=+0.708 ok=True iters=7
22:36:01 [INFO] [PROG] s*=2.20/6.38 (34.4%) dist_goal=3.32
22:36:01 [INFO] [MPC] state=(-5.04,-2.68,+6.02) wp0=(-4.97,-2.55) v=+0.200 ω=+1.157 ok=True iters=7
22:36:01 [INFO] [PROG] s*=2.21/6.38 (34.7%) dist_goal=3.30
22:36:01 [INFO] [MPC] state=(-5.02,-2.69,+6.08) wp0=(-4.96,-2.55) v=+0.200 ω=+0.917 ok=True iters=7
22:36:01 [INFO] [PROG] s*=2.23/6.38 (35.0%) dist_goal=3.28
22:36:01 [INFO] [MPC] state=(-5.01,-2.69,+6.13) wp0=(-4.94,-2.55) v=+0.200 ω=+0.230 ok=True iters=7
22:36:01 [INFO] [PROG] s*=2.25/6.38 (35.3%) dist_goal=3.26
22:36:01 [INFO] [MPC] state=(-4.99,-2.69,+6.15) wp0=(-4.92,-2.55) v=+0.200 ω=+0.402 ok=True iters=7
22:36:01 [INFO] [PROG] s*=2.27/6.38 (35.6%) dist_goal=3.24
22:36:01 [INFO] [MPC] state=(-4.97,-2.70,+6.18) wp0=(-4.90,-2.55) v=+0.200 ω=+0.667 ok=True iters=7
22:36:01 [INFO] [PROG] s*=2.29/6.38 (35.8%) dist_goal=3.23
22:36:01 [INFO] [MPC] state=(-4.95,-2.70,+6.22) wp0=(-4.88,-2.55) v=+0.200 ω=+0.602 ok=True iters=7
22:36:01 [INFO] [PROG] s*=2.30/6.38 (36.1%) dist_goal=3.21
22:36:01 [INFO] [MPC] state=(-4.93,-2.70,+6.25) wp0=(-4.87,-2.55) v=+0.200 ω=+0.544 ok=True iters=7
22:36:01 [INFO] [PROG] s*=2.32/6.38 (36.4%) dist_goal=3.19
22:36:01 [INFO] [MPC] state=(-4.92,-2.70,+6.27) wp0=(-4.85,-2.55) v=+0.200 ω=+0.321 ok=True iters=7
22:36:01 [INFO] [PROG] s*=2.34/6.38 (36.7%) dist_goal=3.17
22:36:01 [INFO] [MPC] state=(-4.90,-2.70,+6.29) wp0=(-4.83,-2.55) v=+0.200 ω=+0.277 ok=True iters=7
22:36:01 [INFO] [PROG] s*=2.36/6.38 (37.0%) dist_goal=3.15
22:36:01 [INFO] [MPC] state=(-4.88,-2.70,+6.31) wp0=(-4.81,-2.55) v=+0.200 ω=+0.080 ok=True iters=7
22:36:01 [INFO] [PROG] s*=2.38/6.38 (37.3%) dist_goal=3.14
22:36:01 [INFO] [MPC] state=(-4.86,-2.70,+6.32) wp0=(-4.79,-2.55) v=+0.200 ω=+0.053 ok=True iters=7
22:36:01 [INFO] [PROG] s*=2.40/6.38 (37.7%) dist_goal=3.12
22:36:01 [INFO] [MPC] state=(-4.84,-2.70,+6.32) wp0=(-4.77,-2.55) v=+0.200 ω=+0.032 ok=True iters=7
22:36:01 [INFO] [PROG] s*=2.42/6.38 (38.0%) dist_goal=3.10
22:36:01 [INFO] [MPC] state=(-4.82,-2.70,+6.32) wp0=(-4.75,-2.55) v=+0.200 ω=+0.013 ok=True iters=7
22:36:01 [INFO] [PROG] s*=2.44/6.38 (38.3%) dist_goal=3.08
22:36:01 [INFO] [MPC] state=(-4.80,-2.70,+6.32) wp0=(-4.73,-2.55) v=+0.200 ω=-0.003 ok=True iters=7
22:36:01 [INFO] [PROG] s*=2.46/6.38 (38.6%) dist_goal=3.06
22:36:01 [INFO] [MPC] state=(-4.78,-2.69,+6.32) wp0=(-4.71,-2.55) v=+0.200 ω=-0.304 ok=True iters=7
22:36:01 [INFO] [PROG] s*=2.48/6.38 (38.9%) dist_goal=3.04
22:36:01 [INFO] [MPC] state=(-4.76,-2.69,+6.30) wp0=(-4.69,-2.55) v=+0.200 ω=-0.260 ok=True iters=7
22:36:01 [INFO] [PROG] s*=2.50/6.38 (39.2%) dist_goal=3.02
22:36:01 [INFO] [MPC] state=(-4.74,-2.69,+6.28) wp0=(-4.67,-2.55) v=+0.200 ω=-0.221 ok=True iters=7
22:36:01 [INFO] [PROG] s*=2.52/6.38 (39.5%) dist_goal=3.00
22:36:01 [INFO] [MPC] state=(-4.72,-2.69,+6.27) wp0=(-4.65,-2.55) v=+0.200 ω=-0.177 ok=True iters=7
22:36:01 [INFO] [PROG] s*=2.54/6.38 (39.8%) dist_goal=2.98
22:36:01 [INFO] [MPC] state=(-4.70,-2.69,+6.25) wp0=(-4.63,-2.55) v=+0.200 ω=-0.133 ok=True iters=7
22:36:01 [INFO] [PROG] s*=2.56/6.38 (40.2%) dist_goal=2.96
22:36:01 [INFO] [MPC] state=(-4.68,-2.70,+6.24) wp0=(-4.61,-2.55) v=+0.200 ω=-0.101 ok=True iters=7
22:36:01 [INFO] [PROG] s*=2.58/6.38 (40.4%) dist_goal=2.95
22:36:01 [INFO] [MPC] state=(-4.66,-2.70,+6.23) wp0=(-4.59,-2.55) v=+0.200 ω=+0.537 ok=True iters=7
22:36:01 [INFO] [PROG] s*=2.60/6.38 (40.8%) dist_goal=2.93
22:36:01 [INFO] [MPC] state=(-4.64,-2.70,+6.26) wp0=(-4.57,-2.55) v=+0.200 ω=-0.141 ok=True iters=7
22:36:01 [INFO] [PROG] s*=2.62/6.38 (41.0%) dist_goal=2.91
22:36:01 [INFO] [MPC] state=(-4.62,-2.70,+6.25) wp0=(-4.55,-2.55) v=+0.200 ω=+0.494 ok=True iters=7
22:36:01 [INFO] [PROG] s*=2.64/6.38 (41.3%) dist_goal=2.89
22:36:01 [INFO] [MPC] state=(-4.60,-2.70,+6.27) wp0=(-4.53,-2.55) v=+0.200 ω=+0.265 ok=True iters=7
22:36:01 [INFO] [PROG] s*=2.66/6.38 (41.6%) dist_goal=2.87
22:36:01 [INFO] [MPC] state=(-4.58,-2.70,+6.29) wp0=(-4.51,-2.55) v=+0.200 ω=+0.208 ok=True iters=7
22:36:01 [INFO] [PROG] s*=2.68/6.38 (42.0%) dist_goal=2.86
22:36:01 [INFO] [MPC] state=(-4.56,-2.70,+6.30) wp0=(-4.49,-2.55) v=+0.200 ω=+0.155 ok=True iters=7
22:36:01 [INFO] [PROG] s*=2.70/6.38 (42.3%) dist_goal=2.84
22:36:01 [INFO] [MPC] state=(-4.54,-2.70,+6.32) wp0=(-4.47,-2.55) v=+0.200 ω=-0.046 ok=True iters=7
22:36:01 [INFO] [PROG] s*=2.72/6.38 (42.6%) dist_goal=2.82
22:36:01 [INFO] [MPC] state=(-4.52,-2.70,+6.31) wp0=(-4.45,-2.55) v=+0.200 ω=-0.059 ok=True iters=7
22:36:01 [INFO] [PROG] s*=2.74/6.38 (42.9%) dist_goal=2.80
22:36:01 [INFO] [MPC] state=(-4.50,-2.70,+6.31) wp0=(-4.43,-2.55) v=+0.200 ω=-0.359 ok=True iters=7
22:36:01 [INFO] [PROG] s*=2.76/6.38 (43.2%) dist_goal=2.78
22:36:01 [INFO] [MPC] state=(-4.48,-2.70,+6.28) wp0=(-4.41,-2.55) v=+0.200 ω=-0.307 ok=True iters=7
22:36:01 [INFO] [PROG] s*=2.78/6.38 (43.5%) dist_goal=2.76
22:36:01 [INFO] [MPC] state=(-4.46,-2.70,+6.25) wp0=(-4.39,-2.55) v=+0.200 ω=-0.261 ok=True iters=7
22:36:01 [INFO] [PROG] s*=2.80/6.38 (43.8%) dist_goal=2.74
22:36:01 [INFO] [MPC] state=(-4.44,-2.70,+6.23) wp0=(-4.37,-2.55) v=+0.200 ω=+0.401 ok=True iters=7
22:36:01 [INFO] [PROG] s*=2.81/6.38 (44.1%) dist_goal=2.73
22:36:01 [INFO] [MPC] state=(-4.42,-2.70,+6.26) wp0=(-4.36,-2.55) v=+0.200 ω=+0.188 ok=True iters=7
22:36:01 [INFO] [PROG] s*=2.83/6.38 (44.4%) dist_goal=2.71
22:36:01 [INFO] [MPC] state=(-4.41,-2.70,+6.27) wp0=(-4.34,-2.55) v=+0.200 ω=-0.383 ok=True iters=8
22:36:01 [INFO] [PROG] s*=2.85/6.38 (44.7%) dist_goal=2.69
22:36:01 [INFO] [MPC] state=(-4.39,-2.70,+6.24) wp0=(-4.32,-2.55) v=+0.200 ω=-0.512 ok=True iters=8
22:36:01 [INFO] [PROG] s*=2.87/6.38 (45.0%) dist_goal=2.67
22:36:01 [INFO] [MPC] state=(-4.37,-2.70,+6.21) wp0=(-4.30,-2.55) v=+0.200 ω=-0.570 ok=True iters=8
22:36:01 [INFO] [PROG] s*=2.89/6.38 (45.3%) dist_goal=2.65
22:36:01 [INFO] [MPC] state=(-4.35,-2.70,+6.18) wp0=(-4.28,-2.55) v=+0.200 ω=-0.622 ok=True iters=8
22:36:01 [INFO] [PROG] s*=3.04/6.38 (47.6%) dist_goal=2.64
22:36:01 [INFO] [MPC] state=(-4.33,-2.70,+6.14) wp0=(-4.17,-2.63) v=+0.200 ω=+0.095 ok=True iters=9
22:36:01 [INFO] [PROG] s*=3.05/6.38 (47.8%) dist_goal=2.62
22:36:01 [INFO] [MPC] state=(-4.31,-2.71,+6.15) wp0=(-4.16,-2.64) v=+0.200 ω=+1.194 ok=True iters=7
22:36:01 [INFO] [PROG] s*=3.06/6.38 (48.0%) dist_goal=2.60
22:36:01 [INFO] [MPC] state=(-4.30,-2.71,+6.21) wp0=(-4.15,-2.65) v=+0.200 ω=+0.940 ok=True iters=7
22:36:01 [INFO] [PROG] s*=3.07/6.38 (48.2%) dist_goal=2.59
22:36:01 [INFO] [MPC] state=(-4.28,-2.71,+6.26) wp0=(-4.14,-2.65) v=+0.200 ω=+0.642 ok=True iters=7
22:36:01 [INFO] [PROG] s*=3.09/6.38 (48.4%) dist_goal=2.57
22:36:01 [INFO] [MPC] state=(-4.26,-2.71,+6.29) wp0=(-4.12,-2.65) v=+0.200 ω=+0.560 ok=True iters=7
22:36:01 [INFO] [PROG] s*=3.10/6.38 (48.6%) dist_goal=2.56
22:36:01 [INFO] [MPC] state=(-4.24,-2.71,+6.32) wp0=(-4.11,-2.65) v=+0.200 ω=+0.478 ok=True iters=7
22:36:01 [INFO] [PROG] s*=3.11/6.38 (48.7%) dist_goal=2.54
22:36:01 [INFO] [MPC] state=(-4.23,-2.71,+6.34) wp0=(-4.10,-2.65) v=+0.200 ω=+0.272 ok=True iters=7
22:36:01 [INFO] [PROG] s*=3.11/6.38 (48.7%) dist_goal=2.52
22:36:01 [INFO] [MPC] state=(-4.21,-2.71,+6.36) wp0=(-4.10,-2.65) v=+0.200 ω=+0.198 ok=True iters=7
22:36:01 [INFO] [PROG] s*=3.11/6.38 (48.7%) dist_goal=2.50
22:36:01 [INFO] [MPC] state=(-4.19,-2.71,+6.38) wp0=(-4.10,-2.65) v=+0.200 ω=+0.135 ok=True iters=7
22:36:01 [INFO] [PROG] s*=3.11/6.38 (48.8%) dist_goal=2.49
22:36:01 [INFO] [MPC] state=(-4.17,-2.70,+6.39) wp0=(-4.10,-2.65) v=+0.200 ω=-0.392 ok=True iters=7
22:36:01 [INFO] [PROG] s*=3.13/6.38 (49.1%) dist_goal=2.47
22:36:01 [INFO] [MPC] state=(-4.15,-2.70,+6.36) wp0=(-4.08,-2.65) v=+0.200 ω=-0.364 ok=True iters=7
22:36:01 [INFO] [PROG] s*=3.15/6.38 (49.4%) dist_goal=2.45
22:36:01 [INFO] [MPC] state=(-4.13,-2.70,+6.34) wp0=(-4.06,-2.65) v=+0.200 ω=-0.433 ok=True iters=7
22:36:01 [INFO] [PROG] s*=3.17/6.38 (49.7%) dist_goal=2.43
22:36:01 [INFO] [MPC] state=(-4.11,-2.70,+6.31) wp0=(-4.04,-2.65) v=+0.200 ω=-0.773 ok=True iters=7
22:36:01 [INFO] [PROG] s*=3.19/6.38 (49.9%) dist_goal=2.42
22:36:01 [INFO] [MPC] state=(-4.09,-2.70,+6.26) wp0=(-4.02,-2.65) v=+0.200 ω=-0.809 ok=True iters=8
22:36:01 [INFO] [PROG] s*=3.20/6.38 (50.2%) dist_goal=2.40
22:36:01 [INFO] [MPC] state=(-4.07,-2.70,+6.21) wp0=(-4.01,-2.65) v=+0.200 ω=-0.724 ok=True iters=8
22:36:01 [INFO] [PROG] s*=3.22/6.38 (50.5%) dist_goal=2.38
22:36:01 [INFO] [MPC] state=(-4.06,-2.70,+6.17) wp0=(-3.99,-2.65) v=+0.200 ω=-0.750 ok=True iters=8
22:36:01 [INFO] [PROG] s*=3.24/6.38 (50.8%) dist_goal=2.36
22:36:01 [INFO] [MPC] state=(-4.04,-2.70,+6.13) wp0=(-3.97,-2.65) v=+0.200 ω=-0.067 ok=True iters=8
22:36:01 [INFO] [PROG] s*=3.26/6.38 (51.1%) dist_goal=2.35
22:36:01 [INFO] [MPC] state=(-4.02,-2.71,+6.12) wp0=(-3.95,-2.65) v=+0.200 ω=+0.012 ok=True iters=8
22:36:01 [INFO] [PROG] s*=3.28/6.38 (51.4%) dist_goal=2.33
22:36:01 [INFO] [MPC] state=(-4.00,-2.71,+6.12) wp0=(-3.94,-2.66) v=+0.200 ω=+0.067 ok=True iters=8
22:36:01 [INFO] [PROG] s*=3.35/6.38 (52.5%) dist_goal=2.31
22:36:01 [INFO] [MPC] state=(-3.98,-2.71,+6.13) wp0=(-3.89,-2.71) v=+0.200 ω=+0.865 ok=True iters=8
22:36:01 [INFO] [PROG] s*=3.36/6.38 (52.7%) dist_goal=2.30
22:36:01 [INFO] [MPC] state=(-3.96,-2.72,+6.17) wp0=(-3.88,-2.72) v=+0.200 ω=+1.413 ok=True iters=7
22:36:01 [INFO] [PROG] s*=3.37/6.38 (52.8%) dist_goal=2.28
22:36:01 [INFO] [MPC] state=(-3.95,-2.72,+6.25) wp0=(-3.87,-2.73) v=+0.200 ω=+1.313 ok=True iters=7
22:36:01 [INFO] [PROG] s*=3.38/6.38 (52.9%) dist_goal=2.27
22:36:01 [INFO] [MPC] state=(-3.93,-2.72,+6.31) wp0=(-3.87,-2.73) v=+0.200 ω=+1.451 ok=True iters=7
22:36:02 [INFO] [PROG] s*=3.39/6.38 (53.1%) dist_goal=2.26
22:36:02 [INFO] [MPC] state=(-3.92,-2.72,+6.38) wp0=(-3.86,-2.74) v=+0.200 ω=+0.668 ok=True iters=7
22:36:02 [INFO] [PROG] s*=3.40/6.38 (53.3%) dist_goal=2.24
22:36:02 [INFO] [MPC] state=(-3.90,-2.72,+6.42) wp0=(-3.85,-2.75) v=+0.200 ω=+0.451 ok=True iters=7
22:36:02 [INFO] [PROG] s*=3.41/6.38 (53.5%) dist_goal=2.22
22:36:02 [INFO] [MPC] state=(-3.89,-2.71,+6.45) wp0=(-3.84,-2.75) v=+0.200 ω=-0.167 ok=True iters=7
22:36:02 [INFO] [PROG] s*=3.42/6.38 (53.7%) dist_goal=2.21
22:36:02 [INFO] [MPC] state=(-3.87,-2.71,+6.44) wp0=(-3.83,-2.75) v=+0.200 ω=-0.188 ok=True iters=7
22:36:02 [INFO] [PROG] s*=3.48/6.38 (54.5%) dist_goal=2.19
22:36:02 [INFO] [MPC] state=(-3.85,-2.71,+6.42) wp0=(-3.78,-2.75) v=+0.200 ω=-0.200 ok=True iters=7
22:36:02 [INFO] [PROG] s*=3.50/6.38 (54.8%) dist_goal=2.17
22:36:02 [INFO] [MPC] state=(-3.83,-2.70,+6.41) wp0=(-3.76,-2.75) v=+0.200 ω=-0.212 ok=True iters=7
22:36:02 [INFO] [PROG] s*=3.52/6.38 (55.1%) dist_goal=2.16
22:36:02 [INFO] [MPC] state=(-3.81,-2.70,+6.39) wp0=(-3.74,-2.75) v=+0.200 ω=-0.504 ok=True iters=7
22:36:02 [INFO] [PROG] s*=3.53/6.38 (55.4%) dist_goal=2.14
22:36:02 [INFO] [MPC] state=(-3.79,-2.70,+6.36) wp0=(-3.72,-2.75) v=+0.200 ω=-0.461 ok=True iters=7
22:36:02 [INFO] [PROG] s*=3.55/6.38 (55.7%) dist_goal=2.12
22:36:02 [INFO] [MPC] state=(-3.77,-2.70,+6.33) wp0=(-3.70,-2.75) v=+0.200 ω=-0.410 ok=True iters=7
22:36:02 [INFO] [PROG] s*=3.57/6.38 (56.0%) dist_goal=2.11
22:36:02 [INFO] [MPC] state=(-3.75,-2.70,+6.30) wp0=(-3.68,-2.75) v=+0.200 ω=-0.203 ok=True iters=7
22:36:02 [INFO] [PROG] s*=3.59/6.38 (56.3%) dist_goal=2.09
22:36:02 [INFO] [MPC] state=(-3.73,-2.70,+6.29) wp0=(-3.66,-2.75) v=+0.200 ω=-0.611 ok=True iters=7
22:36:02 [INFO] [PROG] s*=3.61/6.38 (56.6%) dist_goal=2.07
22:36:02 [INFO] [MPC] state=(-3.71,-2.70,+6.25) wp0=(-3.64,-2.75) v=+0.200 ω=+0.093 ok=True iters=7
22:36:02 [INFO] [PROG] s*=3.63/6.38 (56.9%) dist_goal=2.06
22:36:02 [INFO] [MPC] state=(-3.69,-2.70,+6.25) wp0=(-3.62,-2.75) v=+0.200 ω=+0.097 ok=True iters=7
22:36:02 [INFO] [PROG] s*=3.65/6.38 (57.2%) dist_goal=2.04
22:36:02 [INFO] [MPC] state=(-3.67,-2.70,+6.26) wp0=(-3.60,-2.75) v=+0.200 ω=-0.068 ok=True iters=7
22:36:02 [INFO] [PROG] s*=3.67/6.38 (57.5%) dist_goal=2.02
22:36:02 [INFO] [MPC] state=(-3.65,-2.70,+6.25) wp0=(-3.58,-2.75) v=+0.200 ω=+0.109 ok=True iters=7
22:36:02 [INFO] [PROG] s*=3.69/6.38 (57.8%) dist_goal=2.00
22:36:02 [INFO] [MPC] state=(-3.63,-2.70,+6.26) wp0=(-3.56,-2.75) v=+0.200 ω=-0.061 ok=True iters=7
22:36:02 [INFO] [PROG] s*=3.71/6.38 (58.2%) dist_goal=1.98
22:36:02 [INFO] [MPC] state=(-3.61,-2.70,+6.26) wp0=(-3.54,-2.75) v=+0.200 ω=-0.038 ok=True iters=7
22:36:02 [INFO] [PROG] s*=3.73/6.38 (58.5%) dist_goal=1.96
22:36:02 [INFO] [MPC] state=(-3.59,-2.70,+6.26) wp0=(-3.52,-2.75) v=+0.200 ω=+0.130 ok=True iters=7
22:36:02 [INFO] [PROG] s*=3.75/6.38 (58.8%) dist_goal=1.95
22:36:02 [INFO] [MPC] state=(-3.57,-2.70,+6.27) wp0=(-3.50,-2.75) v=+0.200 ω=-0.040 ok=True iters=7
22:36:02 [INFO] [PROG] s*=3.77/6.38 (59.1%) dist_goal=1.93
22:36:02 [INFO] [MPC] state=(-3.55,-2.70,+6.26) wp0=(-3.48,-2.75) v=+0.200 ω=-0.023 ok=True iters=7
22:36:02 [INFO] [PROG] s*=3.79/6.38 (59.4%) dist_goal=1.91
22:36:02 [INFO] [MPC] state=(-3.53,-2.70,+6.26) wp0=(-3.46,-2.75) v=+0.200 ω=-0.010 ok=True iters=7
22:36:02 [INFO] [PROG] s*=3.81/6.38 (59.7%) dist_goal=1.89
22:36:02 [INFO] [MPC] state=(-3.51,-2.70,+6.26) wp0=(-3.44,-2.75) v=+0.200 ω=+0.000 ok=True iters=7
22:36:02 [INFO] [PROG] s*=3.83/6.38 (60.0%) dist_goal=1.88
22:36:02 [INFO] [MPC] state=(-3.49,-2.70,+6.26) wp0=(-3.42,-2.75) v=+0.200 ω=+0.445 ok=True iters=7
22:36:02 [INFO] [PROG] s*=3.85/6.38 (60.3%) dist_goal=1.86
22:36:02 [INFO] [MPC] state=(-3.47,-2.70,+6.28) wp0=(-3.40,-2.75) v=+0.200 ω=+0.389 ok=True iters=7
22:36:02 [INFO] [PROG] s*=3.87/6.38 (60.6%) dist_goal=1.85
22:36:02 [INFO] [MPC] state=(-3.45,-2.70,+6.31) wp0=(-3.38,-2.75) v=+0.200 ω=+0.335 ok=True iters=7
22:36:02 [INFO] [PROG] s*=3.89/6.38 (60.9%) dist_goal=1.83
22:36:02 [INFO] [MPC] state=(-3.43,-2.70,+6.32) wp0=(-3.36,-2.75) v=+0.200 ω=-0.325 ok=True iters=7
22:36:02 [INFO] [PROG] s*=3.91/6.38 (61.2%) dist_goal=1.81
22:36:02 [INFO] [MPC] state=(-3.41,-2.70,+6.30) wp0=(-3.34,-2.75) v=+0.200 ω=-0.113 ok=True iters=7
22:36:02 [INFO] [PROG] s*=3.93/6.38 (61.6%) dist_goal=1.79
22:36:02 [INFO] [MPC] state=(-3.39,-2.70,+6.29) wp0=(-3.32,-2.75) v=+0.200 ω=-0.088 ok=True iters=7
22:36:02 [INFO] [PROG] s*=3.95/6.38 (61.9%) dist_goal=1.78
22:36:02 [INFO] [MPC] state=(-3.37,-2.70,+6.28) wp0=(-3.30,-2.75) v=+0.200 ω=-0.065 ok=True iters=7
22:36:02 [INFO] [PROG] s*=3.97/6.38 (62.2%) dist_goal=1.76
22:36:02 [INFO] [MPC] state=(-3.35,-2.70,+6.27) wp0=(-3.28,-2.75) v=+0.200 ω=-0.046 ok=True iters=7
22:36:02 [INFO] [PROG] s*=3.99/6.38 (62.5%) dist_goal=1.74
22:36:02 [INFO] [MPC] state=(-3.33,-2.70,+6.27) wp0=(-3.26,-2.75) v=+0.200 ω=-0.030 ok=True iters=7
22:36:02 [INFO] [PROG] s*=4.01/6.38 (62.8%) dist_goal=1.73
22:36:02 [INFO] [MPC] state=(-3.31,-2.70,+6.27) wp0=(-3.24,-2.75) v=+0.200 ω=-0.017 ok=True iters=7
22:36:02 [INFO] [PROG] s*=4.03/6.38 (63.1%) dist_goal=1.71
22:36:02 [INFO] [MPC] state=(-3.29,-2.70,+6.26) wp0=(-3.22,-2.75) v=+0.200 ω=+0.431 ok=True iters=7
22:36:02 [INFO] [PROG] s*=4.05/6.38 (63.4%) dist_goal=1.69
22:36:02 [INFO] [MPC] state=(-3.27,-2.70,+6.29) wp0=(-3.21,-2.75) v=+0.200 ω=+0.377 ok=True iters=7
22:36:02 [INFO] [PROG] s*=4.07/6.38 (63.7%) dist_goal=1.68
22:36:02 [INFO] [MPC] state=(-3.26,-2.70,+6.31) wp0=(-3.19,-2.75) v=+0.200 ω=+0.325 ok=True iters=7
22:36:02 [INFO] [PROG] s*=4.09/6.38 (64.0%) dist_goal=1.66
22:36:02 [INFO] [MPC] state=(-3.24,-2.70,+6.33) wp0=(-3.17,-2.75) v=+0.200 ω=-0.342 ok=True iters=7
22:36:02 [INFO] [PROG] s*=4.11/6.38 (64.3%) dist_goal=1.65
22:36:02 [INFO] [MPC] state=(-3.22,-2.70,+6.31) wp0=(-3.15,-2.75) v=+0.200 ω=-0.145 ok=True iters=7
22:36:02 [INFO] [PROG] s*=4.13/6.38 (64.6%) dist_goal=1.63
22:36:02 [INFO] [MPC] state=(-3.20,-2.70,+6.29) wp0=(-3.13,-2.75) v=+0.200 ω=-0.110 ok=True iters=7
22:36:02 [INFO] [PROG] s*=4.15/6.38 (65.0%) dist_goal=1.61
22:36:02 [INFO] [MPC] state=(-3.18,-2.70,+6.28) wp0=(-3.11,-2.75) v=+0.200 ω=-0.080 ok=True iters=7
22:36:02 [INFO] [PROG] s*=4.17/6.38 (65.3%) dist_goal=1.60
22:36:02 [INFO] [MPC] state=(-3.16,-2.70,+6.27) wp0=(-3.09,-2.75) v=+0.200 ω=-0.058 ok=True iters=7
22:36:02 [INFO] [PROG] s*=4.19/6.38 (65.6%) dist_goal=1.58
22:36:02 [INFO] [MPC] state=(-3.14,-2.70,+6.27) wp0=(-3.07,-2.75) v=+0.200 ω=-0.038 ok=True iters=7
22:36:02 [INFO] [PROG] s*=4.21/6.38 (65.9%) dist_goal=1.57
22:36:02 [INFO] [MPC] state=(-3.12,-2.70,+6.26) wp0=(-3.05,-2.75) v=+0.200 ω=-0.023 ok=True iters=7
22:36:02 [INFO] [PROG] s*=4.23/6.38 (66.2%) dist_goal=1.55
22:36:02 [INFO] [MPC] state=(-3.10,-2.70,+6.26) wp0=(-3.03,-2.75) v=+0.200 ω=-0.011 ok=True iters=7
22:36:02 [INFO] [PROG] s*=4.25/6.38 (66.6%) dist_goal=1.53
22:36:02 [INFO] [MPC] state=(-3.08,-2.70,+6.26) wp0=(-3.00,-2.75) v=+0.200 ω=-0.001 ok=True iters=7
22:36:02 [INFO] [PROG] s*=4.27/6.38 (66.8%) dist_goal=1.52
22:36:02 [INFO] [MPC] state=(-3.05,-2.70,+6.26) wp0=(-2.99,-2.75) v=+0.200 ω=+0.443 ok=True iters=7
22:36:02 [INFO] [PROG] s*=4.29/6.38 (67.1%) dist_goal=1.50
22:36:02 [INFO] [MPC] state=(-3.04,-2.70,+6.29) wp0=(-2.97,-2.75) v=+0.200 ω=+0.388 ok=True iters=7
22:36:02 [INFO] [PROG] s*=4.30/6.38 (67.4%) dist_goal=1.49
22:36:02 [INFO] [MPC] state=(-3.02,-2.70,+6.31) wp0=(-2.95,-2.75) v=+0.200 ω=+0.333 ok=True iters=7
22:36:02 [INFO] [PROG] s*=4.32/6.38 (67.7%) dist_goal=1.47
22:36:02 [INFO] [MPC] state=(-3.00,-2.70,+6.33) wp0=(-2.93,-2.75) v=+0.200 ω=-0.327 ok=True iters=7
22:36:02 [INFO] [PROG] s*=4.34/6.38 (68.1%) dist_goal=1.46
22:36:02 [INFO] [MPC] state=(-2.98,-2.70,+6.30) wp0=(-2.91,-2.75) v=+0.200 ω=-0.121 ok=True iters=7
22:36:02 [INFO] [PROG] s*=4.36/6.38 (68.4%) dist_goal=1.44
22:36:02 [INFO] [MPC] state=(-2.96,-2.70,+6.29) wp0=(-2.89,-2.75) v=+0.200 ω=-0.097 ok=True iters=7
22:36:02 [INFO] [PROG] s*=4.38/6.38 (68.7%) dist_goal=1.43
22:36:02 [INFO] [MPC] state=(-2.94,-2.70,+6.28) wp0=(-2.87,-2.75) v=+0.200 ω=-0.072 ok=True iters=7
22:36:02 [INFO] [PROG] s*=4.40/6.38 (69.0%) dist_goal=1.41
22:36:02 [INFO] [MPC] state=(-2.92,-2.70,+6.27) wp0=(-2.85,-2.75) v=+0.200 ω=-0.051 ok=True iters=7
22:36:02 [INFO] [PROG] s*=4.42/6.38 (69.3%) dist_goal=1.40
22:36:02 [INFO] [MPC] state=(-2.90,-2.70,+6.27) wp0=(-2.83,-2.75) v=+0.200 ω=-0.033 ok=True iters=7
22:36:02 [INFO] [PROG] s*=4.45/6.38 (69.6%) dist_goal=1.38
22:36:02 [INFO] [MPC] state=(-2.88,-2.70,+6.27) wp0=(-2.81,-2.75) v=+0.200 ω=-0.019 ok=True iters=7
22:36:02 [INFO] [PROG] s*=4.47/6.38 (70.0%) dist_goal=1.37
22:36:02 [INFO] [MPC] state=(-2.86,-2.70,+6.26) wp0=(-2.79,-2.75) v=+0.200 ω=-0.008 ok=True iters=7
22:36:02 [INFO] [PROG] s*=4.48/6.38 (70.2%) dist_goal=1.35
22:36:02 [INFO] [MPC] state=(-2.84,-2.70,+6.26) wp0=(-2.77,-2.75) v=+0.200 ω=+0.438 ok=True iters=7
22:36:02 [INFO] [PROG] s*=4.50/6.38 (70.5%) dist_goal=1.34
22:36:02 [INFO] [MPC] state=(-2.82,-2.70,+6.29) wp0=(-2.75,-2.75) v=+0.200 ω=+0.386 ok=True iters=7
22:36:02 [INFO] [PROG] s*=4.52/6.38 (70.8%) dist_goal=1.33
22:36:02 [INFO] [MPC] state=(-2.80,-2.70,+6.31) wp0=(-2.73,-2.75) v=+0.200 ω=+0.334 ok=True iters=7
22:36:02 [INFO] [PROG] s*=4.54/6.38 (71.1%) dist_goal=1.32
22:36:02 [INFO] [MPC] state=(-2.78,-2.70,+6.33) wp0=(-2.71,-2.75) v=+0.200 ω=-0.334 ok=True iters=7
22:36:02 [INFO] [PROG] s*=4.56/6.38 (71.5%) dist_goal=1.30
22:36:02 [INFO] [MPC] state=(-2.76,-2.70,+6.31) wp0=(-2.69,-2.75) v=+0.200 ω=-0.136 ok=True iters=7
22:36:02 [INFO] [PROG] s*=4.58/6.38 (71.8%) dist_goal=1.29
22:36:02 [INFO] [MPC] state=(-2.74,-2.70,+6.29) wp0=(-2.67,-2.75) v=+0.200 ω=-0.100 ok=True iters=7
22:36:02 [INFO] [PROG] s*=4.60/6.38 (72.1%) dist_goal=1.27
22:36:02 [INFO] [MPC] state=(-2.72,-2.70,+6.28) wp0=(-2.65,-2.75) v=+0.200 ω=-0.076 ok=True iters=7
22:36:02 [INFO] [PROG] s*=4.62/6.38 (72.4%) dist_goal=1.26
22:36:02 [INFO] [MPC] state=(-2.70,-2.70,+6.27) wp0=(-2.63,-2.75) v=+0.200 ω=-0.055 ok=True iters=7
22:36:02 [INFO] [PROG] s*=4.64/6.38 (72.7%) dist_goal=1.25
22:36:02 [INFO] [MPC] state=(-2.68,-2.70,+6.27) wp0=(-2.61,-2.75) v=+0.200 ω=-0.036 ok=True iters=7
22:36:02 [INFO] [PROG] s*=4.66/6.38 (73.0%) dist_goal=1.23
22:36:02 [INFO] [MPC] state=(-2.66,-2.70,+6.26) wp0=(-2.59,-2.75) v=+0.200 ω=-0.021 ok=True iters=7
22:36:02 [INFO] [PROG] s*=4.68/6.38 (73.4%) dist_goal=1.22
22:36:02 [INFO] [MPC] state=(-2.64,-2.70,+6.26) wp0=(-2.57,-2.75) v=+0.200 ω=-0.009 ok=True iters=7
22:36:02 [INFO] [PROG] s*=4.70/6.38 (73.7%) dist_goal=1.21
22:36:02 [INFO] [MPC] state=(-2.62,-2.70,+6.26) wp0=(-2.55,-2.75) v=+0.200 ω=+0.438 ok=True iters=7
22:36:02 [INFO] [PROG] s*=4.72/6.38 (73.9%) dist_goal=1.20
22:36:02 [INFO] [MPC] state=(-2.60,-2.70,+6.29) wp0=(-2.53,-2.75) v=+0.200 ω=+0.380 ok=True iters=7
22:36:02 [INFO] [PROG] s*=4.74/6.38 (74.2%) dist_goal=1.19
22:36:02 [INFO] [MPC] state=(-2.58,-2.70,+6.31) wp0=(-2.51,-2.75) v=+0.200 ω=+0.326 ok=True iters=7
22:36:02 [INFO] [PROG] s*=4.76/6.38 (74.5%) dist_goal=1.18
22:36:02 [INFO] [MPC] state=(-2.56,-2.70,+6.33) wp0=(-2.49,-2.75) v=+0.200 ω=-0.334 ok=True iters=7
22:36:02 [INFO] [PROG] s*=4.78/6.38 (74.9%) dist_goal=1.16
22:36:02 [INFO] [MPC] state=(-2.54,-2.70,+6.30) wp0=(-2.47,-2.75) v=+0.200 ω=-0.131 ok=True iters=7
22:36:02 [INFO] [PROG] s*=4.80/6.38 (75.2%) dist_goal=1.15
22:36:02 [INFO] [MPC] state=(-2.52,-2.70,+6.29) wp0=(-2.45,-2.75) v=+0.200 ω=-0.106 ok=True iters=7
22:36:02 [INFO] [PROG] s*=4.82/6.38 (75.5%) dist_goal=1.14
22:36:02 [INFO] [MPC] state=(-2.50,-2.70,+6.28) wp0=(-2.43,-2.75) v=+0.200 ω=-0.079 ok=True iters=7
22:36:02 [INFO] [PROG] s*=4.84/6.38 (75.8%) dist_goal=1.13
22:36:02 [INFO] [MPC] state=(-2.48,-2.70,+6.27) wp0=(-2.41,-2.75) v=+0.200 ω=-0.054 ok=True iters=7
22:36:02 [INFO] [PROG] s*=4.86/6.38 (76.1%) dist_goal=1.12
22:36:02 [INFO] [MPC] state=(-2.46,-2.70,+6.27) wp0=(-2.39,-2.75) v=+0.200 ω=-0.035 ok=True iters=7
22:36:02 [INFO] [PROG] s*=4.88/6.38 (76.4%) dist_goal=1.11
22:36:02 [INFO] [MPC] state=(-2.44,-2.70,+6.26) wp0=(-2.37,-2.75) v=+0.200 ω=-0.020 ok=True iters=7
22:36:02 [INFO] [PROG] s*=4.90/6.38 (76.8%) dist_goal=1.10
22:36:02 [INFO] [MPC] state=(-2.42,-2.70,+6.26) wp0=(-2.35,-2.75) v=+0.200 ω=-0.008 ok=True iters=7
22:36:02 [INFO] [PROG] s*=4.92/6.38 (77.1%) dist_goal=1.09
22:36:02 [INFO] [MPC] state=(-2.40,-2.70,+6.26) wp0=(-2.33,-2.75) v=+0.200 ω=+0.439 ok=True iters=7
22:36:02 [INFO] [PROG] s*=4.94/6.38 (77.3%) dist_goal=1.08
22:36:02 [INFO] [MPC] state=(-2.38,-2.70,+6.28) wp0=(-2.32,-2.75) v=+0.200 ω=+0.388 ok=True iters=7
22:36:02 [INFO] [PROG] s*=4.96/6.38 (77.6%) dist_goal=1.07
22:36:02 [INFO] [MPC] state=(-2.37,-2.70,+6.31) wp0=(-2.30,-2.75) v=+0.200 ω=+0.333 ok=True iters=7
22:36:02 [INFO] [PROG] s*=4.98/6.38 (77.9%) dist_goal=1.06
22:36:02 [INFO] [MPC] state=(-2.35,-2.70,+6.32) wp0=(-2.28,-2.75) v=+0.200 ω=-0.329 ok=True iters=7
22:36:02 [INFO] [PROG] s*=4.99/6.38 (78.3%) dist_goal=1.05
22:36:02 [INFO] [MPC] state=(-2.33,-2.70,+6.30) wp0=(-2.26,-2.75) v=+0.200 ω=-0.128 ok=True iters=7
22:36:02 [INFO] [PROG] s*=5.02/6.38 (78.6%) dist_goal=1.04
22:36:02 [INFO] [MPC] state=(-2.31,-2.70,+6.29) wp0=(-2.24,-2.75) v=+0.200 ω=-0.090 ok=True iters=7
22:36:02 [INFO] [PROG] s*=5.04/6.38 (78.9%) dist_goal=1.04
22:36:02 [INFO] [MPC] state=(-2.29,-2.70,+6.28) wp0=(-2.22,-2.75) v=+0.200 ω=-0.073 ok=True iters=7
22:36:02 [INFO] [PROG] s*=5.06/6.38 (79.2%) dist_goal=1.03
22:36:02 [INFO] [MPC] state=(-2.27,-2.70,+6.27) wp0=(-2.20,-2.75) v=+0.200 ω=-0.062 ok=True iters=7
22:36:02 [INFO] [PROG] s*=5.08/6.38 (79.5%) dist_goal=1.02
22:36:02 [INFO] [MPC] state=(-2.25,-2.70,+6.26) wp0=(-2.18,-2.75) v=+0.200 ω=-0.054 ok=True iters=7
22:36:02 [INFO] [PROG] s*=5.10/6.38 (79.8%) dist_goal=1.01
22:36:02 [INFO] [MPC] state=(-2.23,-2.70,+6.26) wp0=(-2.16,-2.75) v=+0.200 ω=-0.051 ok=True iters=8
22:36:02 [INFO] [PROG] s*=5.12/6.38 (80.2%) dist_goal=1.00
22:36:02 [INFO] [MPC] state=(-2.21,-2.70,+6.26) wp0=(-2.14,-2.75) v=+0.200 ω=+0.099 ok=True iters=8
22:36:02 [INFO] [PROG] s*=5.14/6.38 (80.5%) dist_goal=1.00
22:36:02 [INFO] [MPC] state=(-2.19,-2.70,+6.26) wp0=(-2.12,-2.75) v=+0.200 ω=+0.354 ok=True iters=8
22:36:02 [INFO] [PROG] s*=5.16/6.38 (80.8%) dist_goal=0.99
22:36:02 [INFO] [MPC] state=(-2.17,-2.70,+6.29) wp0=(-2.10,-2.75) v=+0.200 ω=-0.180 ok=True iters=8
22:36:02 [INFO] [PROG] s*=5.18/6.38 (81.1%) dist_goal=0.99
22:36:02 [INFO] [MPC] state=(-2.15,-2.70,+6.27) wp0=(-2.08,-2.75) v=+0.200 ω=-0.177 ok=True iters=8
22:36:02 [INFO] [PROG] s*=5.20/6.38 (81.4%) dist_goal=0.98
22:36:02 [INFO] [MPC] state=(-2.13,-2.70,+6.26) wp0=(-2.06,-2.75) v=+0.200 ω=-0.213 ok=True iters=8
22:36:02 [INFO] [PROG] s*=5.22/6.38 (81.7%) dist_goal=0.97
22:36:02 [INFO] [MPC] state=(-2.11,-2.70,+6.24) wp0=(-2.04,-2.75) v=+0.200 ω=-0.215 ok=True iters=8
22:36:02 [INFO] [PROG] s*=5.24/6.38 (82.0%) dist_goal=0.97
22:36:02 [INFO] [MPC] state=(-2.09,-2.71,+6.22) wp0=(-2.02,-2.75) v=+0.200 ω=-0.045 ok=True iters=9
22:36:02 [INFO] [PROG] s*=5.26/6.38 (82.3%) dist_goal=0.96
22:36:02 [INFO] [MPC] state=(-2.07,-2.71,+6.22) wp0=(-2.00,-2.75) v=+0.200 ω=-0.168 ok=True iters=10
22:36:02 [INFO] [PROG] s*=5.28/6.38 (82.7%) dist_goal=0.96
22:36:02 [INFO] [MPC] state=(-2.05,-2.71,+6.21) wp0=(-1.98,-2.75) v=+0.200 ω=-0.146 ok=True iters=11
22:36:02 [INFO] [PROG] s*=5.29/6.38 (83.0%) dist_goal=0.95
22:36:02 [INFO] [MPC] state=(-2.03,-2.71,+6.19) wp0=(-1.96,-2.75) v=+0.200 ω=-0.421 ok=True iters=9
22:36:02 [INFO] [PROG] s*=5.31/6.38 (83.2%) dist_goal=0.95
22:36:02 [INFO] [MPC] state=(-2.01,-2.71,+6.17) wp0=(-1.94,-2.75) v=+0.200 ω=-1.564 ok=True iters=8
22:36:02 [INFO] [PROG] s*=5.32/6.38 (83.4%) dist_goal=0.94
22:36:02 [INFO] [MPC] state=(-1.99,-2.71,+6.09) wp0=(-1.93,-2.75) v=+0.200 ω=-2.146 ok=True iters=8
22:36:02 [INFO] [PROG] s*=5.33/6.38 (83.6%) dist_goal=0.94
22:36:02 [INFO] [MPC] state=(-1.98,-2.72,+5.98) wp0=(-1.92,-2.75) v=+0.200 ω=-2.087 ok=True iters=8
22:36:02 [INFO] [PROG] s*=5.35/6.38 (83.8%) dist_goal=0.93
22:36:02 [INFO] [MPC] state=(-1.97,-2.72,+5.87) wp0=(-1.91,-2.75) v=+0.200 ω=-1.779 ok=True iters=8
22:36:02 [INFO] [PROG] s*=5.36/6.38 (83.9%) dist_goal=0.92
22:36:02 [INFO] [MPC] state=(-1.96,-2.73,+5.78) wp0=(-1.89,-2.75) v=+0.200 ω=-1.957 ok=True iters=8
22:36:02 [INFO] [PROG] s*=5.37/6.38 (84.1%) dist_goal=0.91
22:36:02 [INFO] [MPC] state=(-1.94,-2.74,+5.67) wp0=(-1.88,-2.75) v=+0.200 ω=-1.654 ok=True iters=13
22:36:02 [INFO] [PROG] s*=5.38/6.38 (84.3%) dist_goal=0.90
22:36:02 [INFO] [MPC] state=(-1.93,-2.74,+5.58) wp0=(-1.87,-2.75) v=+0.200 ω=-1.521 ok=True iters=9
22:36:02 [INFO] [PROG] s*=5.39/6.38 (84.5%) dist_goal=0.89
22:36:02 [INFO] [MPC] state=(-1.92,-2.75,+5.50) wp0=(-1.86,-2.75) v=+0.200 ω=-1.254 ok=True iters=11
22:36:02 [INFO] [PROG] s*=5.40/6.38 (84.6%) dist_goal=0.87
22:36:02 [INFO] [MPC] state=(-1.91,-2.77,+5.43) wp0=(-1.85,-2.75) v=+0.200 ω=-1.036 ok=True iters=9
22:36:02 [INFO] [PROG] s*=5.50/6.38 (86.1%) dist_goal=0.86
22:36:02 [INFO] [MPC] state=(-1.90,-2.78,+5.37) wp0=(-1.85,-2.84) v=+0.200 ω=-0.864 ok=True iters=10
22:36:02 [INFO] [PROG] s*=5.51/6.38 (86.4%) dist_goal=0.84
22:36:02 [INFO] [MPC] state=(-1.89,-2.79,+5.33) wp0=(-1.85,-2.86) v=+0.200 ω=-0.811 ok=True iters=7
22:36:02 [INFO] [PROG] s*=5.53/6.38 (86.6%) dist_goal=0.83
22:36:02 [INFO] [MPC] state=(-1.88,-2.81,+5.28) wp0=(-1.85,-2.87) v=+0.200 ω=-0.650 ok=True iters=7
22:36:02 [INFO] [PROG] s*=5.54/6.38 (86.9%) dist_goal=0.81
22:36:02 [INFO] [MPC] state=(-1.87,-2.82,+5.24) wp0=(-1.85,-2.89) v=+0.200 ω=-0.524 ok=True iters=7
22:36:02 [INFO] [PROG] s*=5.56/6.38 (87.1%) dist_goal=0.79
22:36:02 [INFO] [MPC] state=(-1.86,-2.84,+5.21) wp0=(-1.85,-2.91) v=+0.200 ω=-0.382 ok=True iters=7
22:36:02 [INFO] [PROG] s*=5.58/6.38 (87.4%) dist_goal=0.77
22:36:02 [INFO] [MPC] state=(-1.85,-2.86,+5.19) wp0=(-1.85,-2.93) v=+0.198 ω=-0.368 ok=True iters=7
22:36:02 [INFO] [PROG] s*=5.60/6.38 (87.7%) dist_goal=0.76
22:36:02 [INFO] [MPC] state=(-1.84,-2.88,+5.16) wp0=(-1.85,-2.94) v=+0.194 ω=-0.348 ok=True iters=7
22:36:02 [INFO] [PROG] s*=5.61/6.38 (87.9%) dist_goal=0.74
22:36:02 [INFO] [MPC] state=(-1.84,-2.89,+5.14) wp0=(-1.85,-2.96) v=+0.189 ω=-0.296 ok=True iters=7
22:36:02 [INFO] [PROG] s*=5.63/6.38 (88.2%) dist_goal=0.72
22:36:02 [INFO] [MPC] state=(-1.83,-2.91,+5.11) wp0=(-1.85,-2.98) v=+0.185 ω=-0.274 ok=True iters=7
22:36:02 [INFO] [PROG] s*=5.65/6.38 (88.5%) dist_goal=0.71
22:36:02 [INFO] [MPC] state=(-1.82,-2.93,+5.08) wp0=(-1.85,-3.00) v=+0.181 ω=-0.255 ok=True iters=7
22:36:02 [INFO] [PROG] s*=5.67/6.38 (88.8%) dist_goal=0.69
22:36:02 [INFO] [MPC] state=(-1.81,-2.95,+5.05) wp0=(-1.85,-3.01) v=+0.176 ω=-0.193 ok=True iters=7
22:36:02 [INFO] [PROG] s*=5.68/6.38 (89.0%) dist_goal=0.67
22:36:02 [INFO] [MPC] state=(-1.81,-2.96,+5.04) wp0=(-1.85,-3.03) v=+0.172 ω=-0.150 ok=True iters=8
22:36:02 [INFO] [PROG] s*=5.70/6.38 (89.3%) dist_goal=0.66
22:36:02 [INFO] [MPC] state=(-1.80,-2.98,+5.02) wp0=(-1.85,-3.05) v=+0.168 ω=-0.078 ok=True iters=8
22:36:02 [INFO] [PROG] s*=5.71/6.38 (89.5%) dist_goal=0.64
22:36:02 [INFO] [MPC] state=(-1.80,-3.00,+5.01) wp0=(-1.85,-3.06) v=+0.164 ω=-0.136 ok=True iters=8
22:36:02 [INFO] [PROG] s*=5.73/6.38 (89.8%) dist_goal=0.63
22:36:02 [INFO] [MPC] state=(-1.79,-3.01,+5.00) wp0=(-1.85,-3.08) v=+0.160 ω=-0.160 ok=True iters=8
22:36:02 [INFO] [PROG] s*=5.75/6.38 (90.0%) dist_goal=0.61
22:36:02 [INFO] [MPC] state=(-1.79,-3.03,+4.98) wp0=(-1.85,-3.09) v=+0.157 ω=-0.169 ok=True iters=8
22:36:02 [INFO] [PROG] s*=5.76/6.38 (90.2%) dist_goal=0.60
22:36:02 [INFO] [MPC] state=(-1.78,-3.04,+4.96) wp0=(-1.85,-3.11) v=+0.153 ω=+0.160 ok=True iters=8
22:36:02 [INFO] [PROG] s*=5.77/6.38 (90.5%) dist_goal=0.58
22:36:02 [INFO] [MPC] state=(-1.78,-3.06,+4.98) wp0=(-1.85,-3.12) v=+0.149 ω=+0.030 ok=True iters=8
22:36:02 [INFO] [PROG] s*=5.79/6.38 (90.7%) dist_goal=0.57
22:36:02 [INFO] [MPC] state=(-1.78,-3.07,+4.98) wp0=(-1.85,-3.14) v=+0.146 ω=-0.049 ok=True iters=8
22:36:02 [INFO] [PROG] s*=5.80/6.38 (90.9%) dist_goal=0.56
22:36:02 [INFO] [MPC] state=(-1.77,-3.09,+4.98) wp0=(-1.85,-3.15) v=+0.142 ω=-0.105 ok=True iters=8
22:36:02 [INFO] [PROG] s*=5.82/6.38 (91.1%) dist_goal=0.54
22:36:02 [INFO] [MPC] state=(-1.77,-3.10,+4.97) wp0=(-1.85,-3.16) v=+0.139 ω=-0.123 ok=True iters=8
22:36:02 [INFO] [PROG] s*=5.83/6.38 (91.3%) dist_goal=0.53
22:36:02 [INFO] [MPC] state=(-1.76,-3.11,+4.96) wp0=(-1.85,-3.18) v=+0.136 ω=-0.129 ok=True iters=8
22:36:02 [INFO] [PROG] s*=5.84/6.38 (91.5%) dist_goal=0.52
22:36:02 [INFO] [MPC] state=(-1.76,-3.13,+4.94) wp0=(-1.85,-3.19) v=+0.133 ω=-0.131 ok=True iters=7
22:36:02 [INFO] [PROG] s*=5.86/6.38 (91.8%) dist_goal=0.51
22:36:02 [INFO] [MPC] state=(-1.76,-3.14,+4.93) wp0=(-1.85,-3.20) v=+0.129 ω=-0.095 ok=True iters=7
22:36:02 [INFO] [PROG] s*=5.87/6.38 (91.9%) dist_goal=0.49
22:36:02 [INFO] [MPC] state=(-1.75,-3.15,+4.92) wp0=(-1.85,-3.22) v=+0.126 ω=-0.102 ok=True iters=7
22:36:02 [INFO] [PROG] s*=5.88/6.38 (92.1%) dist_goal=0.48
22:36:02 [INFO] [MPC] state=(-1.75,-3.17,+4.91) wp0=(-1.85,-3.23) v=+0.123 ω=-0.103 ok=True iters=7
22:36:02 [INFO] [PROG] s*=5.89/6.38 (92.3%) dist_goal=0.47
22:36:02 [INFO] [MPC] state=(-1.75,-3.18,+4.90) wp0=(-1.85,-3.24) v=+0.121 ω=-0.058 ok=True iters=7
22:36:02 [INFO] [PROG] s*=5.90/6.38 (92.5%) dist_goal=0.46
22:36:02 [INFO] [MPC] state=(-1.75,-3.19,+4.89) wp0=(-1.85,-3.25) v=+0.118 ω=+0.099 ok=True iters=7
22:36:02 [INFO] [PROG] s*=5.92/6.38 (92.7%) dist_goal=0.45
22:36:02 [INFO] [MPC] state=(-1.75,-3.20,+4.90) wp0=(-1.85,-3.26) v=+0.115 ω=+0.037 ok=True iters=7
22:36:02 [INFO] [PROG] s*=5.93/6.38 (92.9%) dist_goal=0.44
22:36:02 [INFO] [MPC] state=(-1.74,-3.21,+4.91) wp0=(-1.85,-3.27) v=+0.112 ω=-0.003 ok=True iters=7
22:36:02 [INFO] [PROG] s*=5.94/6.38 (93.0%) dist_goal=0.43
22:36:02 [INFO] [MPC] state=(-1.74,-3.22,+4.91) wp0=(-1.85,-3.29) v=+0.110 ω=-0.029 ok=True iters=7
22:36:02 [INFO] [PROG] s*=5.95/6.38 (93.2%) dist_goal=0.42
22:36:02 [INFO] [MPC] state=(-1.74,-3.24,+4.90) wp0=(-1.85,-3.30) v=+0.107 ω=-0.045 ok=True iters=7
22:36:02 [INFO] [PROG] s*=5.96/6.38 (93.4%) dist_goal=0.41
22:36:02 [INFO] [MPC] state=(-1.74,-3.25,+4.90) wp0=(-1.85,-3.31) v=+0.105 ω=-0.031 ok=True iters=7
22:36:02 [INFO] [PROG] s*=5.97/6.38 (93.5%) dist_goal=0.40
22:36:02 [INFO] [MPC] state=(-1.73,-3.26,+4.90) wp0=(-1.85,-3.32) v=+0.103 ω=-0.045 ok=True iters=7
22:36:02 [INFO] [PROG] s*=5.98/6.38 (93.7%) dist_goal=0.39
22:36:02 [INFO] [MPC] state=(-1.73,-3.27,+4.89) wp0=(-1.85,-3.33) v=+0.100 ω=-0.053 ok=True iters=7
22:36:02 [INFO] [PROG] s*=5.99/6.38 (93.8%) dist_goal=0.38
22:36:02 [INFO] [MPC] state=(-1.73,-3.28,+4.89) wp0=(-1.85,-3.34) v=+0.098 ω=-0.057 ok=True iters=7
22:36:02 [INFO] [PROG] s*=6.00/6.38 (94.0%) dist_goal=0.37
22:36:02 [INFO] [MPC] state=(-1.73,-3.29,+4.88) wp0=(-1.85,-3.35) v=+0.096 ω=-0.058 ok=True iters=7
22:36:02 [INFO] [PROG] s*=6.01/6.38 (94.1%) dist_goal=0.37
22:36:02 [INFO] [MPC] state=(-1.73,-3.30,+4.87) wp0=(-1.85,-3.36) v=+0.094 ω=-0.033 ok=True iters=7
22:36:02 [INFO] [PROG] s*=6.02/6.38 (94.3%) dist_goal=0.36
22:36:02 [INFO] [MPC] state=(-1.73,-3.31,+4.87) wp0=(-1.85,-3.36) v=+0.092 ω=-0.041 ok=True iters=7
22:36:02 [INFO] [PROG] s*=6.03/6.38 (94.4%) dist_goal=0.35
22:36:02 [INFO] [MPC] state=(-1.72,-3.31,+4.87) wp0=(-1.85,-3.37) v=+0.090 ω=-0.045 ok=True iters=7
22:36:02 [INFO] [PROG] s*=6.03/6.38 (94.5%) dist_goal=0.34
22:36:02 [INFO] [MPC] state=(-1.72,-3.32,+4.86) wp0=(-1.85,-3.38) v=+0.088 ω=-0.047 ok=True iters=7
22:36:02 [INFO] [PROG] s*=6.04/6.38 (94.7%) dist_goal=0.34
22:36:02 [INFO] [MPC] state=(-1.72,-3.33,+4.86) wp0=(-1.85,-3.39) v=+0.086 ω=-0.048 ok=True iters=7
22:36:02 [INFO] [PROG] s*=6.05/6.38 (94.8%) dist_goal=0.33
22:36:02 [INFO] [MPC] state=(-1.72,-3.34,+4.85) wp0=(-1.85,-3.40) v=+0.084 ω=-0.044 ok=True iters=7
22:36:02 [INFO] [PROG] s*=6.06/6.38 (94.9%) dist_goal=0.32
22:36:02 [INFO] [MPC] state=(-1.72,-3.35,+4.85) wp0=(-1.85,-3.41) v=+0.082 ω=-0.034 ok=True iters=7
22:36:02 [INFO] [PROG] s*=6.07/6.38 (95.1%) dist_goal=0.31
22:36:02 [INFO] [MPC] state=(-1.72,-3.36,+4.84) wp0=(-1.85,-3.42) v=+0.080 ω=-0.027 ok=True iters=7
22:36:02 [INFO] [PROG] s*=6.08/6.38 (95.2%) dist_goal=0.31
22:36:02 [INFO] [MPC] state=(-1.72,-3.37,+4.84) wp0=(-1.85,-3.42) v=+0.079 ω=-0.032 ok=True iters=7
22:36:02 [INFO] [PROG] s*=6.08/6.38 (95.3%) dist_goal=0.30
22:36:02 [INFO] [MPC] state=(-1.72,-3.37,+4.84) wp0=(-1.85,-3.43) v=+0.077 ω=-0.034 ok=True iters=7
22:36:02 [INFO] [PROG] s*=6.09/6.38 (95.4%) dist_goal=0.30
22:36:02 [INFO] [MPC] state=(-1.71,-3.38,+4.84) wp0=(-1.85,-3.44) v=+0.075 ω=-0.035 ok=True iters=7
22:36:02 [INFO] [PROG] s*=6.10/6.38 (95.5%) dist_goal=0.29
22:36:02 [INFO] [MPC] state=(-1.71,-3.39,+4.83) wp0=(-1.85,-3.45) v=+0.074 ω=-0.036 ok=True iters=7
22:36:02 [INFO] [PROG] s*=6.11/6.38 (95.7%) dist_goal=0.28
22:36:02 [INFO] [MPC] state=(-1.71,-3.40,+4.83) wp0=(-1.85,-3.45) v=+0.072 ω=-0.036 ok=True iters=7
22:36:02 [INFO] [PROG] s*=6.11/6.38 (95.8%) dist_goal=0.28
22:36:02 [INFO] [MPC] state=(-1.71,-3.40,+4.83) wp0=(-1.85,-3.46) v=+0.071 ω=-0.031 ok=True iters=7
22:36:03 [INFO] [PROG] s*=6.12/6.38 (95.9%) dist_goal=0.27
22:36:03 [INFO] [MPC] state=(-1.71,-3.41,+4.82) wp0=(-1.85,-3.47) v=+0.069 ω=+0.088 ok=True iters=7
22:36:03 [INFO] [PROG] s*=6.13/6.38 (96.0%) dist_goal=0.27
22:36:03 [INFO] [MPC] state=(-1.71,-3.42,+4.83) wp0=(-1.85,-3.47) v=+0.068 ω=+0.046 ok=True iters=7
22:36:03 [INFO] [PROG] s*=6.13/6.38 (96.1%) dist_goal=0.26
22:36:03 [INFO] [MPC] state=(-1.71,-3.42,+4.84) wp0=(-1.85,-3.48) v=+0.067 ω=+0.018 ok=True iters=7
22:36:03 [INFO] [PROG] s*=6.14/6.38 (96.2%) dist_goal=0.26
22:36:03 [INFO] [MPC] state=(-1.71,-3.43,+4.84) wp0=(-1.85,-3.49) v=+0.065 ω=+0.000 ok=True iters=8
22:36:03 [INFO] [PROG] s*=6.15/6.38 (96.3%) dist_goal=0.25
22:36:03 [INFO] [MPC] state=(-1.71,-3.44,+4.84) wp0=(-1.85,-3.49) v=+0.064 ω=-0.011 ok=True iters=8
22:36:03 [INFO] [PROG] s*=6.15/6.38 (96.4%) dist_goal=0.25
22:36:03 [INFO] [MPC] state=(-1.71,-3.44,+4.84) wp0=(-1.85,-3.50) v=+0.063 ω=-0.018 ok=True iters=8
22:36:03 [INFO] [PROG] s*=6.16/6.38 (96.5%) dist_goal=0.24
22:36:03 [INFO] [MPC] state=(-1.71,-3.45,+4.84) wp0=(-1.85,-3.50) v=+0.062 ω=-0.023 ok=True iters=8
22:36:03 [INFO] [PROG] s*=6.16/6.38 (96.6%) dist_goal=0.24
22:36:03 [INFO] [MPC] state=(-1.71,-3.45,+4.83) wp0=(-1.85,-3.51) v=+0.061 ω=-0.025 ok=True iters=8
22:36:03 [INFO] [PROG] s*=6.17/6.38 (96.7%) dist_goal=0.23
22:36:03 [INFO] [MPC] state=(-1.70,-3.46,+4.83) wp0=(-1.85,-3.52) v=+0.060 ω=-0.026 ok=True iters=8
22:36:03 [INFO] [PROG] s*=6.18/6.38 (96.7%) dist_goal=0.23
22:36:03 [INFO] [MPC] state=(-1.70,-3.47,+4.83) wp0=(-1.85,-3.52) v=+0.059 ω=-0.026 ok=True iters=8
22:36:03 [INFO] [PROG] s*=6.18/6.38 (96.8%) dist_goal=0.23
22:36:03 [INFO] [MPC] state=(-1.70,-3.47,+4.83) wp0=(-1.85,-3.53) v=+0.058 ω=-0.026 ok=True iters=8
22:36:03 [INFO] [PROG] s*=6.19/6.38 (96.9%) dist_goal=0.22
22:36:03 [INFO] [MPC] state=(-1.70,-3.48,+4.82) wp0=(-1.85,-3.53) v=+0.057 ω=-0.026 ok=True iters=8
22:36:03 [INFO] [PROG] s*=6.19/6.38 (97.0%) dist_goal=0.22
22:36:03 [INFO] [MPC] state=(-1.70,-3.48,+4.82) wp0=(-1.85,-3.54) v=+0.056 ω=-0.025 ok=True iters=8
22:36:03 [INFO] [PROG] s*=6.20/6.38 (97.1%) dist_goal=0.22
22:36:03 [INFO] [MPC] state=(-1.70,-3.49,+4.82) wp0=(-1.85,-3.54) v=+0.055 ω=-0.024 ok=True iters=8
22:36:03 [INFO] [PROG] s*=6.20/6.38 (97.2%) dist_goal=0.21
22:36:03 [INFO] [MPC] state=(-1.70,-3.49,+4.82) wp0=(-1.85,-3.55) v=+0.054 ω=-0.023 ok=True iters=8
22:36:03 [INFO] [PROG] s*=6.21/6.38 (97.3%) dist_goal=0.21
22:36:03 [INFO] [MPC] state=(-1.70,-3.50,+4.81) wp0=(-1.85,-3.55) v=+0.053 ω=-0.022 ok=True iters=8
22:36:03 [INFO] [PROG] s*=6.21/6.38 (97.3%) dist_goal=0.21
22:36:03 [INFO] [MPC] state=(-1.70,-3.50,+4.81) wp0=(-1.85,-3.56) v=+0.052 ω=-0.049 ok=True iters=8
22:36:03 [INFO] [PROG] s*=6.22/6.38 (97.4%) dist_goal=0.20
22:36:03 [INFO] [MPC] state=(-1.70,-3.51,+4.81) wp0=(-1.85,-3.57) v=+0.051 ω=-0.039 ok=True iters=8
22:36:03 [INFO] [PROG] s*=6.22/6.38 (97.5%) dist_goal=0.20
22:36:03 [INFO] [MPC] state=(-1.70,-3.52,+4.80) wp0=(-1.85,-3.57) v=+0.051 ω=-0.032 ok=True iters=8
22:36:03 [INFO] [PROG] s*=6.23/6.38 (97.6%) dist_goal=0.20
22:36:03 [INFO] [MPC] state=(-1.70,-3.52,+4.80) wp0=(-1.85,-3.58) v=+0.050 ω=-0.027 ok=True iters=9
22:36:03 [INFO] [PROG] s*=6.23/6.38 (97.6%) dist_goal=0.19
22:36:03 [INFO] [MPC] state=(-1.70,-3.53,+4.80) wp0=(-1.85,-3.58) v=+0.049 ω=-0.024 ok=True iters=9
22:36:03 [INFO] [PROG] s*=6.24/6.38 (97.7%) dist_goal=0.19
22:36:03 [INFO] [MPC] state=(-1.70,-3.53,+4.80) wp0=(-1.85,-3.58) v=+0.049 ω=-0.022 ok=True iters=9
22:36:03 [INFO] [PROG] s*=6.24/6.38 (97.8%) dist_goal=0.19
22:36:03 [INFO] [MPC] state=(-1.70,-3.53,+4.79) wp0=(-1.85,-3.59) v=+0.048 ω=-0.020 ok=True iters=9
22:36:03 [INFO] [PROG] s*=6.25/6.38 (97.9%) dist_goal=0.19
22:36:03 [INFO] [MPC] state=(-1.70,-3.54,+4.79) wp0=(-1.85,-3.59) v=+0.047 ω=-0.018 ok=True iters=9
22:36:03 [INFO] [PROG] s*=6.25/6.38 (97.9%) dist_goal=0.18
22:36:03 [INFO] [MPC] state=(-1.70,-3.54,+4.79) wp0=(-1.85,-3.60) v=+0.047 ω=-0.017 ok=True iters=9
22:36:03 [INFO] [PROG] s*=6.26/6.38 (98.0%) dist_goal=0.18
22:36:03 [INFO] [MPC] state=(-1.70,-3.55,+4.79) wp0=(-1.85,-3.60) v=+0.046 ω=-0.051 ok=True iters=9
22:36:03 [INFO] [PROG] s*=6.26/6.38 (98.1%) dist_goal=0.18
22:36:03 [INFO] [MPC] state=(-1.70,-3.55,+4.78) wp0=(-1.85,-3.61) v=+0.046 ω=-0.039 ok=True iters=9
22:36:03 [INFO] [PROG] s*=6.26/6.38 (98.2%) dist_goal=0.18
22:36:03 [INFO] [MPC] state=(-1.70,-3.56,+4.78) wp0=(-1.85,-3.61) v=+0.045 ω=+0.004 ok=True iters=9
22:36:03 [INFO] [PROG] s*=6.27/6.38 (98.2%) dist_goal=0.18
22:36:03 [INFO] [MPC] state=(-1.69,-3.56,+4.78) wp0=(-1.85,-3.62) v=+0.045 ω=-0.001 ok=True iters=9
22:36:03 [INFO] [PROG] s*=6.27/6.38 (98.3%) dist_goal=0.17
22:36:03 [INFO] [MPC] state=(-1.69,-3.57,+4.78) wp0=(-1.85,-3.62) v=+0.044 ω=-0.005 ok=True iters=9
22:36:03 [INFO] [PROG] s*=6.28/6.38 (98.4%) dist_goal=0.17
22:36:03 [INFO] [MPC] state=(-1.69,-3.57,+4.78) wp0=(-1.85,-3.62) v=+0.044 ω=-0.006 ok=True iters=9
22:36:03 [ERROR] Error in step()
Traceback (most recent call last):
  File "/home/max/thesis_proj/pybullet2/crowdnav/env.py", line 707, in step
    theta_ref = _make_theta_ref(path_xy, self._theta_ref_prev, k_strong=3, alpha=0.25)
  File "/home/max/thesis_proj/pybullet2/crowdnav/env.py", line 95, in _make_theta_ref
    if theta_prev is not None and len(theta_prev) == len(ref):
UnboundLocalError: local variable 'ref' referenced before assignment
