22:37:30 [INFO] === New MPC Session Started ===
22:37:30 [DEBUG] matplotlib data path: /home/max/.local/lib/python3.10/site-packages/matplotlib/mpl-data
22:37:30 [DEBUG] CONFIGDIR=/home/max/.config/matplotlib
22:37:30 [DEBUG] interactive is False
22:37:30 [DEBUG] platform is linux
22:37:30 [DEBUG] CACHEDIR=/home/max/.cache/matplotlib
22:37:30 [DEBUG] Using fontManager instance from /home/max/.cache/matplotlib/fontlist-v390.json
22:37:30 [INFO] CrowdNavPyBulletEnv initializing...
22:37:33 [INFO] World ready | grid: (112, 112), res: 0.1, N=10, T=0.1
22:37:34 [INFO] [PROG] s*=0.00/8.95 (0.0%) dist_goal=3.92
22:37:34 [INFO] [MPC] state=(+3.24,-0.24,-5.45) wp0=(+3.31,-0.19) v=+0.200 ω=+1.090 ok=True iters=7
22:37:34 [INFO] [PROG] s*=0.00/8.95 (0.0%) dist_goal=3.91
22:37:34 [INFO] [MPC] state=(+3.25,-0.23,-5.42) wp0=(+3.31,-0.19) v=+0.200 ω=+2.364 ok=True iters=11
22:37:34 [INFO] [PROG] s*=0.00/8.95 (0.0%) dist_goal=3.90
22:37:34 [INFO] [MPC] state=(+3.25,-0.22,-5.30) wp0=(+3.31,-0.19) v=+0.200 ω=+1.934 ok=True iters=7
22:37:34 [INFO] [PROG] s*=0.02/8.95 (0.2%) dist_goal=3.88
22:37:34 [INFO] [MPC] state=(+3.26,-0.21,-5.20) wp0=(+3.32,-0.18) v=+0.200 ω=+1.607 ok=True iters=7
22:37:34 [INFO] [PROG] s*=0.03/8.95 (0.3%) dist_goal=3.87
22:37:34 [INFO] [MPC] state=(+3.27,-0.20,-5.11) wp0=(+3.33,-0.17) v=+0.200 ω=+1.414 ok=True iters=7
22:37:34 [INFO] [PROG] s*=0.04/8.95 (0.5%) dist_goal=3.85
22:37:34 [INFO] [MPC] state=(+3.27,-0.19,-5.03) wp0=(+3.34,-0.16) v=+0.200 ω=+1.152 ok=True iters=7
22:37:34 [INFO] [PROG] s*=0.06/8.95 (0.6%) dist_goal=3.84
22:37:34 [INFO] [MPC] state=(+3.28,-0.17,-4.97) wp0=(+3.35,-0.15) v=+0.200 ω=+0.930 ok=True iters=7
22:37:34 [INFO] [PROG] s*=0.07/8.95 (0.8%) dist_goal=3.82
22:37:34 [INFO] [MPC] state=(+3.28,-0.16,-4.92) wp0=(+3.35,-0.14) v=+0.200 ω=+0.752 ok=True iters=7
22:37:34 [INFO] [PROG] s*=0.14/8.95 (1.6%) dist_goal=3.81
22:37:34 [INFO] [MPC] state=(+3.28,-0.14,-4.87) wp0=(+3.35,-0.07) v=+0.200 ω=+0.603 ok=True iters=7
22:37:34 [INFO] [PROG] s*=0.16/8.95 (1.8%) dist_goal=3.79
22:37:34 [INFO] [MPC] state=(+3.29,-0.12,-4.84) wp0=(+3.35,-0.05) v=+0.200 ω=+0.476 ok=True iters=7
22:37:34 [INFO] [PROG] s*=0.18/8.95 (2.0%) dist_goal=3.77
22:37:34 [INFO] [MPC] state=(+3.29,-0.10,-4.81) wp0=(+3.35,-0.03) v=+0.200 ω=+0.376 ok=True iters=7
22:37:34 [INFO] [PROG] s*=0.20/8.95 (2.2%) dist_goal=3.75
22:37:34 [INFO] [MPC] state=(+3.29,-0.08,-4.78) wp0=(+3.35,-0.02) v=+0.200 ω=+0.298 ok=True iters=7
22:37:34 [INFO] [PROG] s*=0.22/8.95 (2.4%) dist_goal=3.74
22:37:34 [INFO] [MPC] state=(+3.29,-0.07,-4.76) wp0=(+3.35,+0.00) v=+0.200 ω=+0.230 ok=True iters=7
22:37:34 [INFO] [PROG] s*=0.24/8.95 (2.6%) dist_goal=3.72
22:37:34 [INFO] [MPC] state=(+3.29,-0.05,-4.75) wp0=(+3.35,+0.02) v=+0.200 ω=+0.181 ok=True iters=7
22:37:34 [INFO] [PROG] s*=0.26/8.95 (2.9%) dist_goal=3.70
22:37:34 [INFO] [MPC] state=(+3.29,-0.03,-4.74) wp0=(+3.35,+0.04) v=+0.200 ω=-0.043 ok=True iters=8
22:37:35 [INFO] [PROG] s*=0.28/8.95 (3.1%) dist_goal=3.68
22:37:35 [INFO] [MPC] state=(+3.29,-0.01,-4.74) wp0=(+3.35,+0.06) v=+0.200 ω=+0.149 ok=True iters=7
22:37:35 [INFO] [PROG] s*=0.30/8.95 (3.3%) dist_goal=3.66
22:37:35 [INFO] [MPC] state=(+3.29,+0.01,-4.73) wp0=(+3.35,+0.08) v=+0.200 ω=+0.104 ok=True iters=7
22:37:35 [INFO] [PROG] s*=0.32/8.95 (3.5%) dist_goal=3.65
22:37:35 [INFO] [MPC] state=(+3.29,+0.03,-4.72) wp0=(+3.35,+0.10) v=+0.200 ω=+0.075 ok=True iters=7
22:37:35 [INFO] [PROG] s*=0.34/8.95 (3.8%) dist_goal=3.63
22:37:35 [INFO] [MPC] state=(+3.29,+0.05,-4.71) wp0=(+3.35,+0.12) v=+0.200 ω=+0.051 ok=True iters=7
22:37:35 [INFO] [PROG] s*=0.36/8.95 (4.0%) dist_goal=3.61
22:37:35 [INFO] [MPC] state=(+3.29,+0.07,-4.71) wp0=(+3.35,+0.15) v=+0.200 ω=+0.031 ok=True iters=7
22:37:35 [INFO] [PROG] s*=0.38/8.95 (4.2%) dist_goal=3.59
22:37:35 [INFO] [MPC] state=(+3.29,+0.10,-4.70) wp0=(+3.35,+0.17) v=+0.200 ω=+0.018 ok=True iters=7
22:37:35 [INFO] [PROG] s*=0.40/8.95 (4.4%) dist_goal=3.58
22:37:35 [INFO] [MPC] state=(+3.29,+0.12,-4.70) wp0=(+3.35,+0.19) v=+0.200 ω=+0.009 ok=True iters=7
22:37:35 [INFO] [PROG] s*=0.42/8.95 (4.7%) dist_goal=3.56
22:37:35 [INFO] [MPC] state=(+3.29,+0.14,-4.70) wp0=(+3.35,+0.21) v=+0.200 ω=+0.003 ok=True iters=7
22:37:35 [INFO] [PROG] s*=0.44/8.95 (4.9%) dist_goal=3.54
22:37:35 [INFO] [MPC] state=(+3.29,+0.16,-4.70) wp0=(+3.35,+0.23) v=+0.200 ω=-0.000 ok=True iters=7
22:37:35 [INFO] [PROG] s*=0.46/8.95 (5.1%) dist_goal=3.52
22:37:35 [INFO] [MPC] state=(+3.29,+0.18,-4.70) wp0=(+3.35,+0.25) v=+0.200 ω=-0.002 ok=True iters=7
22:37:35 [INFO] [PROG] s*=0.48/8.95 (5.3%) dist_goal=3.51
22:37:35 [INFO] [MPC] state=(+3.29,+0.20,-4.70) wp0=(+3.35,+0.27) v=+0.200 ω=-0.004 ok=True iters=7
22:37:35 [INFO] [PROG] s*=0.50/8.95 (5.6%) dist_goal=3.49
22:37:35 [INFO] [MPC] state=(+3.29,+0.22,-4.70) wp0=(+3.35,+0.29) v=+0.200 ω=-0.005 ok=True iters=7
22:37:35 [INFO] [PROG] s*=0.52/8.95 (5.8%) dist_goal=3.47
22:37:35 [INFO] [MPC] state=(+3.29,+0.24,-4.70) wp0=(+3.35,+0.31) v=+0.200 ω=-0.005 ok=True iters=7
22:37:35 [INFO] [PROG] s*=0.54/8.95 (6.0%) dist_goal=3.45
22:37:35 [INFO] [MPC] state=(+3.29,+0.26,-4.70) wp0=(+3.35,+0.33) v=+0.200 ω=-0.005 ok=True iters=7
22:37:35 [INFO] [PROG] s*=0.56/8.95 (6.2%) dist_goal=3.44
22:37:35 [INFO] [MPC] state=(+3.29,+0.28,-4.70) wp0=(+3.35,+0.35) v=+0.200 ω=-0.006 ok=True iters=7
22:37:35 [INFO] [PROG] s*=0.58/8.95 (6.5%) dist_goal=3.42
22:37:35 [INFO] [MPC] state=(+3.29,+0.30,-4.70) wp0=(+3.35,+0.37) v=+0.200 ω=-0.006 ok=True iters=7
22:37:35 [INFO] [PROG] s*=0.60/8.95 (6.7%) dist_goal=3.40
22:37:35 [INFO] [MPC] state=(+3.29,+0.32,-4.70) wp0=(+3.35,+0.39) v=+0.200 ω=-0.006 ok=True iters=7
22:37:35 [INFO] [PROG] s*=0.62/8.95 (6.9%) dist_goal=3.39
22:37:35 [INFO] [MPC] state=(+3.29,+0.34,-4.70) wp0=(+3.35,+0.41) v=+0.200 ω=-0.006 ok=True iters=7
22:37:35 [INFO] [PROG] s*=0.64/8.95 (7.2%) dist_goal=3.37
22:37:35 [INFO] [MPC] state=(+3.29,+0.36,-4.70) wp0=(+3.35,+0.43) v=+0.200 ω=-0.006 ok=True iters=7
22:37:35 [INFO] [PROG] s*=0.66/8.95 (7.4%) dist_goal=3.35
22:37:35 [INFO] [MPC] state=(+3.29,+0.38,-4.70) wp0=(+3.35,+0.45) v=+0.200 ω=-0.006 ok=True iters=7
22:37:35 [INFO] [PROG] s*=0.68/8.95 (7.6%) dist_goal=3.33
22:37:35 [INFO] [MPC] state=(+3.29,+0.40,-4.70) wp0=(+3.35,+0.47) v=+0.200 ω=-0.006 ok=True iters=7
22:37:35 [INFO] [PROG] s*=0.70/8.95 (7.8%) dist_goal=3.32
22:37:35 [INFO] [MPC] state=(+3.29,+0.42,-4.70) wp0=(+3.35,+0.49) v=+0.200 ω=-0.006 ok=True iters=7
22:37:35 [INFO] [PROG] s*=0.72/8.95 (8.1%) dist_goal=3.30
22:37:35 [INFO] [MPC] state=(+3.29,+0.44,-4.70) wp0=(+3.35,+0.51) v=+0.200 ω=-0.006 ok=True iters=7
22:37:35 [INFO] [PROG] s*=0.74/8.95 (8.3%) dist_goal=3.28
22:37:35 [INFO] [MPC] state=(+3.29,+0.46,-4.70) wp0=(+3.35,+0.53) v=+0.200 ω=-0.006 ok=True iters=7
22:37:35 [INFO] [PROG] s*=0.76/8.95 (8.5%) dist_goal=3.27
22:37:35 [INFO] [MPC] state=(+3.29,+0.48,-4.70) wp0=(+3.35,+0.55) v=+0.200 ω=-0.005 ok=True iters=7
22:37:35 [INFO] [PROG] s*=0.78/8.95 (8.7%) dist_goal=3.25
22:37:35 [INFO] [MPC] state=(+3.29,+0.50,-4.70) wp0=(+3.35,+0.57) v=+0.200 ω=-0.110 ok=True iters=8
22:37:35 [INFO] [PROG] s*=0.80/8.95 (9.0%) dist_goal=3.23
22:37:35 [INFO] [MPC] state=(+3.29,+0.52,-4.71) wp0=(+3.35,+0.59) v=+0.200 ω=+0.032 ok=True iters=7
22:37:35 [INFO] [PROG] s*=0.82/8.95 (9.2%) dist_goal=3.22
22:37:35 [INFO] [MPC] state=(+3.29,+0.54,-4.71) wp0=(+3.35,+0.61) v=+0.200 ω=+0.020 ok=True iters=7
22:37:35 [INFO] [PROG] s*=0.84/8.95 (9.4%) dist_goal=3.20
22:37:35 [INFO] [MPC] state=(+3.29,+0.56,-4.71) wp0=(+3.35,+0.63) v=+0.200 ω=+0.011 ok=True iters=7
22:37:35 [INFO] [PROG] s*=0.86/8.95 (9.6%) dist_goal=3.18
22:37:35 [INFO] [MPC] state=(+3.29,+0.58,-4.71) wp0=(+3.35,+0.65) v=+0.200 ω=+0.005 ok=True iters=7
22:37:35 [INFO] [PROG] s*=0.88/8.95 (9.9%) dist_goal=3.16
22:37:35 [INFO] [MPC] state=(+3.29,+0.60,-4.71) wp0=(+3.35,+0.67) v=+0.200 ω=+0.002 ok=True iters=7
22:37:35 [INFO] [PROG] s*=0.90/8.95 (10.1%) dist_goal=3.15
22:37:35 [INFO] [MPC] state=(+3.29,+0.62,-4.70) wp0=(+3.35,+0.69) v=+0.200 ω=-0.001 ok=True iters=7
22:37:35 [INFO] [PROG] s*=0.92/8.95 (10.3%) dist_goal=3.13
22:37:35 [INFO] [MPC] state=(+3.29,+0.64,-4.70) wp0=(+3.35,+0.71) v=+0.200 ω=-0.002 ok=True iters=7
22:37:35 [INFO] [PROG] s*=0.94/8.95 (10.5%) dist_goal=3.11
22:37:35 [INFO] [MPC] state=(+3.29,+0.66,-4.70) wp0=(+3.35,+0.73) v=+0.200 ω=-0.003 ok=True iters=7
22:37:35 [INFO] [PROG] s*=0.96/8.95 (10.8%) dist_goal=3.10
22:37:35 [INFO] [MPC] state=(+3.29,+0.68,-4.70) wp0=(+3.35,+0.75) v=+0.200 ω=-0.004 ok=True iters=7
22:37:35 [INFO] [PROG] s*=0.98/8.95 (11.0%) dist_goal=3.08
22:37:35 [INFO] [MPC] state=(+3.29,+0.70,-4.70) wp0=(+3.35,+0.77) v=+0.200 ω=-0.004 ok=True iters=7
22:37:35 [INFO] [PROG] s*=1.00/8.95 (11.2%) dist_goal=3.07
22:37:35 [INFO] [MPC] state=(+3.29,+0.72,-4.70) wp0=(+3.35,+0.79) v=+0.200 ω=-0.004 ok=True iters=7
22:37:35 [INFO] [PROG] s*=1.02/8.95 (11.5%) dist_goal=3.05
22:37:35 [INFO] [MPC] state=(+3.29,+0.74,-4.70) wp0=(+3.35,+0.81) v=+0.200 ω=-0.004 ok=True iters=7
22:37:35 [INFO] [PROG] s*=1.05/8.95 (11.7%) dist_goal=3.03
22:37:35 [INFO] [MPC] state=(+3.29,+0.76,-4.70) wp0=(+3.35,+0.83) v=+0.200 ω=-0.005 ok=True iters=7
22:37:35 [INFO] [PROG] s*=1.07/8.95 (11.9%) dist_goal=3.02
22:37:35 [INFO] [MPC] state=(+3.29,+0.78,-4.70) wp0=(+3.35,+0.85) v=+0.200 ω=-0.005 ok=True iters=7
22:37:35 [INFO] [PROG] s*=1.09/8.95 (12.1%) dist_goal=3.00
22:37:35 [INFO] [MPC] state=(+3.29,+0.80,-4.71) wp0=(+3.35,+0.87) v=+0.200 ω=-0.005 ok=True iters=7
22:37:35 [INFO] [PROG] s*=1.11/8.95 (12.4%) dist_goal=2.98
22:37:35 [INFO] [MPC] state=(+3.29,+0.82,-4.71) wp0=(+3.35,+0.89) v=+0.200 ω=-0.005 ok=True iters=7
22:37:35 [INFO] [PROG] s*=1.13/8.95 (12.6%) dist_goal=2.97
22:37:35 [INFO] [MPC] state=(+3.29,+0.84,-4.71) wp0=(+3.35,+0.91) v=+0.200 ω=-0.005 ok=True iters=7
22:37:35 [INFO] [PROG] s*=1.15/8.95 (12.8%) dist_goal=2.95
22:37:35 [INFO] [MPC] state=(+3.29,+0.86,-4.71) wp0=(+3.35,+0.94) v=+0.200 ω=-0.004 ok=True iters=7
22:37:35 [INFO] [PROG] s*=1.17/8.95 (13.0%) dist_goal=2.93
22:37:35 [INFO] [MPC] state=(+3.29,+0.89,-4.71) wp0=(+3.35,+0.96) v=+0.200 ω=-0.005 ok=True iters=7
22:37:35 [INFO] [PROG] s*=1.19/8.95 (13.3%) dist_goal=2.92
22:37:35 [INFO] [MPC] state=(+3.28,+0.91,-4.71) wp0=(+3.35,+0.98) v=+0.200 ω=-0.004 ok=True iters=7
22:37:35 [INFO] [PROG] s*=1.21/8.95 (13.5%) dist_goal=2.90
22:37:35 [INFO] [MPC] state=(+3.28,+0.93,-4.71) wp0=(+3.35,+1.00) v=+0.200 ω=-0.004 ok=True iters=7
22:37:35 [INFO] [PROG] s*=1.23/8.95 (13.7%) dist_goal=2.89
22:37:35 [INFO] [MPC] state=(+3.28,+0.95,-4.71) wp0=(+3.35,+1.02) v=+0.200 ω=-0.005 ok=True iters=7
22:37:35 [INFO] [PROG] s*=1.25/8.95 (13.9%) dist_goal=2.87
22:37:35 [INFO] [MPC] state=(+3.28,+0.97,-4.71) wp0=(+3.35,+1.04) v=+0.200 ω=-0.004 ok=True iters=7
22:37:35 [INFO] [PROG] s*=1.27/8.95 (14.2%) dist_goal=2.85
22:37:35 [INFO] [MPC] state=(+3.28,+0.99,-4.71) wp0=(+3.35,+1.06) v=+0.200 ω=-0.004 ok=True iters=7
22:37:35 [INFO] [PROG] s*=1.29/8.95 (14.4%) dist_goal=2.84
22:37:35 [INFO] [MPC] state=(+3.28,+1.01,-4.71) wp0=(+3.35,+1.08) v=+0.200 ω=-0.005 ok=True iters=7
22:37:35 [INFO] [PROG] s*=1.31/8.95 (14.6%) dist_goal=2.82
22:37:35 [INFO] [MPC] state=(+3.28,+1.03,-4.71) wp0=(+3.35,+1.10) v=+0.200 ω=-0.004 ok=True iters=7
22:37:35 [INFO] [PROG] s*=1.33/8.95 (14.8%) dist_goal=2.81
22:37:35 [INFO] [MPC] state=(+3.28,+1.05,-4.71) wp0=(+3.35,+1.12) v=+0.200 ω=-0.004 ok=True iters=7
22:37:35 [INFO] [PROG] s*=1.35/8.95 (15.1%) dist_goal=2.79
22:37:35 [INFO] [MPC] state=(+3.28,+1.07,-4.71) wp0=(+3.35,+1.14) v=+0.200 ω=-0.004 ok=True iters=7
22:37:35 [INFO] [PROG] s*=1.37/8.95 (15.3%) dist_goal=2.78
22:37:35 [INFO] [MPC] state=(+3.28,+1.09,-4.71) wp0=(+3.35,+1.16) v=+0.200 ω=-0.004 ok=True iters=7
22:37:35 [INFO] [PROG] s*=1.39/8.95 (15.5%) dist_goal=2.76
22:37:35 [INFO] [MPC] state=(+3.28,+1.11,-4.71) wp0=(+3.35,+1.18) v=+0.200 ω=-0.004 ok=True iters=7
22:37:35 [INFO] [PROG] s*=1.41/8.95 (15.8%) dist_goal=2.75
22:37:35 [INFO] [MPC] state=(+3.28,+1.13,-4.71) wp0=(+3.35,+1.20) v=+0.200 ω=-0.004 ok=True iters=7
22:37:35 [INFO] [PROG] s*=1.43/8.95 (16.0%) dist_goal=2.73
22:37:35 [INFO] [MPC] state=(+3.28,+1.15,-4.71) wp0=(+3.35,+1.22) v=+0.200 ω=-0.004 ok=True iters=7
22:37:35 [INFO] [PROG] s*=1.45/8.95 (16.2%) dist_goal=2.71
22:37:35 [INFO] [MPC] state=(+3.28,+1.17,-4.71) wp0=(+3.35,+1.24) v=+0.200 ω=-0.004 ok=True iters=7
22:37:35 [INFO] [PROG] s*=1.47/8.95 (16.4%) dist_goal=2.70
22:37:35 [INFO] [MPC] state=(+3.28,+1.19,-4.71) wp0=(+3.35,+1.26) v=+0.200 ω=-0.004 ok=True iters=7
22:37:35 [INFO] [PROG] s*=1.49/8.95 (16.7%) dist_goal=2.68
22:37:35 [INFO] [MPC] state=(+3.28,+1.21,-4.71) wp0=(+3.35,+1.28) v=+0.200 ω=-0.004 ok=True iters=7
22:37:35 [INFO] [PROG] s*=1.51/8.95 (16.9%) dist_goal=2.67
22:37:35 [INFO] [MPC] state=(+3.28,+1.23,-4.71) wp0=(+3.35,+1.30) v=+0.200 ω=-0.004 ok=True iters=7
22:37:35 [INFO] [PROG] s*=1.53/8.95 (17.1%) dist_goal=2.65
22:37:35 [INFO] [MPC] state=(+3.28,+1.25,-4.71) wp0=(+3.35,+1.32) v=+0.200 ω=-0.005 ok=True iters=7
22:37:35 [INFO] [PROG] s*=1.55/8.95 (17.3%) dist_goal=2.64
22:37:35 [INFO] [MPC] state=(+3.28,+1.27,-4.71) wp0=(+3.35,+1.34) v=+0.200 ω=-0.004 ok=True iters=7
22:37:35 [INFO] [PROG] s*=1.57/8.95 (17.6%) dist_goal=2.62
22:37:35 [INFO] [MPC] state=(+3.28,+1.29,-4.71) wp0=(+3.35,+1.36) v=+0.200 ω=-0.004 ok=True iters=7
22:37:35 [INFO] [PROG] s*=1.59/8.95 (17.8%) dist_goal=2.61
22:37:35 [INFO] [MPC] state=(+3.28,+1.31,-4.71) wp0=(+3.35,+1.38) v=+0.200 ω=-0.004 ok=True iters=7
22:37:35 [INFO] [PROG] s*=1.61/8.95 (18.0%) dist_goal=2.59
22:37:35 [INFO] [MPC] state=(+3.28,+1.33,-4.71) wp0=(+3.35,+1.40) v=+0.200 ω=-0.004 ok=True iters=7
22:37:35 [INFO] [PROG] s*=1.63/8.95 (18.2%) dist_goal=2.58
22:37:35 [INFO] [MPC] state=(+3.28,+1.35,-4.71) wp0=(+3.35,+1.42) v=+0.200 ω=-0.004 ok=True iters=7
22:37:35 [INFO] [PROG] s*=1.65/8.95 (18.5%) dist_goal=2.56
22:37:35 [INFO] [MPC] state=(+3.28,+1.37,-4.71) wp0=(+3.35,+1.44) v=+0.200 ω=-0.005 ok=True iters=7
22:37:35 [INFO] [PROG] s*=1.67/8.95 (18.7%) dist_goal=2.55
22:37:35 [INFO] [MPC] state=(+3.28,+1.39,-4.71) wp0=(+3.35,+1.46) v=+0.200 ω=-0.004 ok=True iters=7
22:37:35 [INFO] [PROG] s*=1.69/8.95 (18.9%) dist_goal=2.54
22:37:35 [INFO] [MPC] state=(+3.28,+1.41,-4.71) wp0=(+3.35,+1.48) v=+0.200 ω=-0.004 ok=True iters=7
22:37:35 [INFO] [PROG] s*=1.71/8.95 (19.2%) dist_goal=2.52
22:37:35 [INFO] [MPC] state=(+3.28,+1.43,-4.71) wp0=(+3.35,+1.50) v=+0.200 ω=-0.004 ok=True iters=7
22:37:35 [INFO] [PROG] s*=1.73/8.95 (19.4%) dist_goal=2.51
22:37:35 [INFO] [MPC] state=(+3.28,+1.45,-4.71) wp0=(+3.35,+1.52) v=+0.200 ω=-0.004 ok=True iters=7
22:37:35 [INFO] [PROG] s*=1.75/8.95 (19.6%) dist_goal=2.49
22:37:35 [INFO] [MPC] state=(+3.28,+1.47,-4.71) wp0=(+3.35,+1.54) v=+0.200 ω=-0.004 ok=True iters=7
22:37:35 [INFO] [PROG] s*=1.77/8.95 (19.8%) dist_goal=2.48
22:37:35 [INFO] [MPC] state=(+3.28,+1.49,-4.71) wp0=(+3.35,+1.56) v=+0.200 ω=-0.004 ok=True iters=7
22:37:35 [INFO] [PROG] s*=1.79/8.95 (20.1%) dist_goal=2.46
22:37:35 [INFO] [MPC] state=(+3.28,+1.51,-4.71) wp0=(+3.35,+1.58) v=+0.200 ω=-0.004 ok=True iters=7
22:37:35 [INFO] [PROG] s*=1.82/8.95 (20.3%) dist_goal=2.45
22:37:35 [INFO] [MPC] state=(+3.28,+1.53,-4.71) wp0=(+3.35,+1.60) v=+0.200 ω=-0.004 ok=True iters=7
22:37:35 [INFO] [PROG] s*=1.84/8.95 (20.5%) dist_goal=2.44
22:37:35 [INFO] [MPC] state=(+3.28,+1.55,-4.71) wp0=(+3.35,+1.62) v=+0.200 ω=-0.004 ok=True iters=7
22:37:35 [INFO] [PROG] s*=1.86/8.95 (20.7%) dist_goal=2.42
22:37:35 [INFO] [MPC] state=(+3.28,+1.57,-4.71) wp0=(+3.35,+1.64) v=+0.200 ω=-0.004 ok=True iters=7
22:37:35 [INFO] [PROG] s*=1.88/8.95 (21.0%) dist_goal=2.41
22:37:35 [INFO] [MPC] state=(+3.28,+1.59,-4.71) wp0=(+3.35,+1.66) v=+0.200 ω=-0.004 ok=True iters=7
22:37:35 [INFO] [PROG] s*=1.90/8.95 (21.2%) dist_goal=2.40
22:37:35 [INFO] [MPC] state=(+3.28,+1.61,-4.71) wp0=(+3.35,+1.68) v=+0.200 ω=-0.004 ok=True iters=7
22:37:35 [INFO] [PROG] s*=1.92/8.95 (21.4%) dist_goal=2.38
22:37:35 [INFO] [MPC] state=(+3.28,+1.63,-4.71) wp0=(+3.35,+1.71) v=+0.200 ω=-0.004 ok=True iters=7
22:37:35 [INFO] [PROG] s*=1.94/8.95 (21.6%) dist_goal=2.37
22:37:35 [INFO] [MPC] state=(+3.28,+1.66,-4.71) wp0=(+3.35,+1.73) v=+0.200 ω=-0.003 ok=True iters=7
22:37:35 [INFO] [PROG] s*=1.96/8.95 (21.9%) dist_goal=2.35
22:37:35 [INFO] [MPC] state=(+3.28,+1.68,-4.71) wp0=(+3.35,+1.75) v=+0.200 ω=-0.003 ok=True iters=7
22:37:35 [INFO] [PROG] s*=1.98/8.95 (22.1%) dist_goal=2.34
22:37:35 [INFO] [MPC] state=(+3.28,+1.70,-4.71) wp0=(+3.35,+1.77) v=+0.200 ω=-0.003 ok=True iters=7
22:37:35 [INFO] [PROG] s*=2.00/8.95 (22.3%) dist_goal=2.33
22:37:35 [INFO] [MPC] state=(+3.28,+1.72,-4.71) wp0=(+3.35,+1.79) v=+0.200 ω=-0.003 ok=True iters=7
22:37:35 [INFO] [PROG] s*=2.02/8.95 (22.5%) dist_goal=2.32
22:37:35 [INFO] [MPC] state=(+3.28,+1.74,-4.71) wp0=(+3.35,+1.81) v=+0.200 ω=-0.004 ok=True iters=7
22:37:35 [INFO] [PROG] s*=2.04/8.95 (22.8%) dist_goal=2.30
22:37:35 [INFO] [MPC] state=(+3.28,+1.76,-4.71) wp0=(+3.35,+1.83) v=+0.200 ω=-0.004 ok=True iters=7
22:37:35 [INFO] [PROG] s*=2.06/8.95 (23.0%) dist_goal=2.29
22:37:35 [INFO] [MPC] state=(+3.28,+1.78,-4.71) wp0=(+3.35,+1.85) v=+0.200 ω=-0.003 ok=True iters=7
22:37:35 [INFO] [PROG] s*=2.08/8.95 (23.2%) dist_goal=2.28
22:37:35 [INFO] [MPC] state=(+3.28,+1.80,-4.71) wp0=(+3.35,+1.87) v=+0.200 ω=-0.004 ok=True iters=7
22:37:35 [INFO] [PROG] s*=2.10/8.95 (23.5%) dist_goal=2.26
22:37:35 [INFO] [MPC] state=(+3.28,+1.82,-4.71) wp0=(+3.35,+1.89) v=+0.200 ω=-0.004 ok=True iters=7
22:37:35 [INFO] [PROG] s*=2.12/8.95 (23.7%) dist_goal=2.25
22:37:35 [INFO] [MPC] state=(+3.28,+1.84,-4.71) wp0=(+3.35,+1.91) v=+0.200 ω=-0.003 ok=True iters=7
22:37:35 [INFO] [PROG] s*=2.14/8.95 (23.9%) dist_goal=2.24
22:37:35 [INFO] [MPC] state=(+3.28,+1.86,-4.71) wp0=(+3.35,+1.93) v=+0.200 ω=-0.004 ok=True iters=7
22:37:35 [INFO] [PROG] s*=2.16/8.95 (24.1%) dist_goal=2.23
22:37:35 [INFO] [MPC] state=(+3.28,+1.88,-4.71) wp0=(+3.35,+1.95) v=+0.200 ω=-0.004 ok=True iters=7
22:37:35 [INFO] [PROG] s*=2.18/8.95 (24.4%) dist_goal=2.21
22:37:35 [INFO] [MPC] state=(+3.28,+1.90,-4.71) wp0=(+3.35,+1.97) v=+0.200 ω=-0.004 ok=True iters=7
22:37:35 [INFO] [PROG] s*=2.20/8.95 (24.6%) dist_goal=2.20
22:37:35 [INFO] [MPC] state=(+3.28,+1.92,-4.71) wp0=(+3.35,+1.99) v=+0.200 ω=-0.004 ok=True iters=7
22:37:35 [INFO] [PROG] s*=2.22/8.95 (24.8%) dist_goal=2.19
22:37:35 [INFO] [MPC] state=(+3.28,+1.94,-4.71) wp0=(+3.35,+2.01) v=+0.200 ω=-0.004 ok=True iters=7
22:37:35 [INFO] [PROG] s*=2.24/8.95 (25.0%) dist_goal=2.18
22:37:35 [INFO] [MPC] state=(+3.28,+1.96,-4.71) wp0=(+3.35,+2.03) v=+0.200 ω=-0.003 ok=True iters=7
22:37:35 [INFO] [PROG] s*=2.26/8.95 (25.3%) dist_goal=2.17
22:37:35 [INFO] [MPC] state=(+3.28,+1.98,-4.71) wp0=(+3.35,+2.05) v=+0.200 ω=-0.004 ok=True iters=7
22:37:35 [INFO] [PROG] s*=2.28/8.95 (25.5%) dist_goal=2.15
22:37:35 [INFO] [MPC] state=(+3.28,+2.00,-4.71) wp0=(+3.35,+2.07) v=+0.200 ω=-0.004 ok=True iters=7
22:37:35 [INFO] [PROG] s*=2.30/8.95 (25.7%) dist_goal=2.14
22:37:35 [INFO] [MPC] state=(+3.28,+2.02,-4.71) wp0=(+3.35,+2.09) v=+0.200 ω=-0.004 ok=True iters=7
22:37:35 [INFO] [PROG] s*=2.32/8.95 (25.9%) dist_goal=2.13
22:37:35 [INFO] [MPC] state=(+3.28,+2.04,-4.71) wp0=(+3.35,+2.11) v=+0.200 ω=-0.004 ok=True iters=7
22:37:35 [INFO] [PROG] s*=2.34/8.95 (26.2%) dist_goal=2.12
22:37:35 [INFO] [MPC] state=(+3.28,+2.06,-4.71) wp0=(+3.35,+2.13) v=+0.200 ω=-0.004 ok=True iters=7
22:37:35 [INFO] [PROG] s*=2.36/8.95 (26.4%) dist_goal=2.11
22:37:35 [INFO] [MPC] state=(+3.28,+2.08,-4.71) wp0=(+3.35,+2.15) v=+0.200 ω=-0.004 ok=True iters=7
22:37:35 [INFO] [PROG] s*=2.38/8.95 (26.6%) dist_goal=2.10
22:37:35 [INFO] [MPC] state=(+3.28,+2.10,-4.71) wp0=(+3.35,+2.17) v=+0.200 ω=-0.003 ok=True iters=7
22:37:35 [INFO] [PROG] s*=2.40/8.95 (26.9%) dist_goal=2.09
22:37:35 [INFO] [MPC] state=(+3.28,+2.12,-4.71) wp0=(+3.35,+2.19) v=+0.200 ω=-0.004 ok=True iters=7
22:37:35 [INFO] [PROG] s*=2.42/8.95 (27.1%) dist_goal=2.08
22:37:35 [INFO] [MPC] state=(+3.28,+2.14,-4.71) wp0=(+3.35,+2.21) v=+0.200 ω=-0.003 ok=True iters=7
22:37:35 [INFO] [PROG] s*=2.44/8.95 (27.3%) dist_goal=2.07
22:37:35 [INFO] [MPC] state=(+3.28,+2.16,-4.71) wp0=(+3.35,+2.23) v=+0.200 ω=-0.003 ok=True iters=7
22:37:35 [INFO] [PROG] s*=2.46/8.95 (27.5%) dist_goal=2.06
22:37:35 [INFO] [MPC] state=(+3.28,+2.18,-4.71) wp0=(+3.35,+2.25) v=+0.200 ω=-0.004 ok=True iters=7
22:37:35 [INFO] [PROG] s*=2.48/8.95 (27.8%) dist_goal=2.05
22:37:35 [INFO] [MPC] state=(+3.28,+2.20,-4.71) wp0=(+3.35,+2.27) v=+0.200 ω=-0.003 ok=True iters=7
22:37:35 [INFO] [PROG] s*=2.50/8.95 (28.0%) dist_goal=2.04
22:37:35 [INFO] [MPC] state=(+3.28,+2.22,-4.71) wp0=(+3.35,+2.29) v=+0.200 ω=-0.003 ok=True iters=7
22:37:35 [INFO] [PROG] s*=2.52/8.95 (28.2%) dist_goal=2.03
22:37:35 [INFO] [MPC] state=(+3.28,+2.24,-4.71) wp0=(+3.35,+2.31) v=+0.200 ω=-0.004 ok=True iters=7
22:37:35 [INFO] [PROG] s*=2.54/8.95 (28.4%) dist_goal=2.02
22:37:35 [INFO] [MPC] state=(+3.28,+2.26,-4.71) wp0=(+3.35,+2.33) v=+0.200 ω=-0.004 ok=True iters=7
22:37:35 [INFO] [PROG] s*=2.56/8.95 (28.7%) dist_goal=2.01
22:37:35 [INFO] [MPC] state=(+3.28,+2.28,-4.71) wp0=(+3.35,+2.35) v=+0.200 ω=-0.003 ok=True iters=7
22:37:35 [INFO] [PROG] s*=2.59/8.95 (28.9%) dist_goal=2.00
22:37:35 [INFO] [MPC] state=(+3.28,+2.30,-4.71) wp0=(+3.35,+2.37) v=+0.200 ω=-0.004 ok=True iters=7
22:37:35 [INFO] [PROG] s*=2.61/8.95 (29.1%) dist_goal=1.99
22:37:35 [INFO] [MPC] state=(+3.28,+2.32,-4.71) wp0=(+3.35,+2.39) v=+0.200 ω=-0.004 ok=True iters=7
22:37:35 [INFO] [PROG] s*=2.63/8.95 (29.3%) dist_goal=1.98
22:37:35 [INFO] [MPC] state=(+3.28,+2.34,-4.71) wp0=(+3.35,+2.41) v=+0.200 ω=-0.003 ok=True iters=7
22:37:35 [INFO] [PROG] s*=2.65/8.95 (29.6%) dist_goal=1.97
22:37:35 [INFO] [MPC] state=(+3.28,+2.36,-4.71) wp0=(+3.35,+2.43) v=+0.200 ω=-0.004 ok=True iters=7
22:37:35 [INFO] [PROG] s*=2.67/8.95 (29.8%) dist_goal=1.96
22:37:35 [INFO] [MPC] state=(+3.28,+2.38,-4.71) wp0=(+3.35,+2.45) v=+0.200 ω=-0.003 ok=True iters=7
22:37:35 [INFO] [PROG] s*=2.69/8.95 (30.0%) dist_goal=1.95
22:37:35 [INFO] [MPC] state=(+3.28,+2.40,-4.71) wp0=(+3.35,+2.47) v=+0.200 ω=-0.003 ok=True iters=7
22:37:35 [INFO] [PROG] s*=2.71/8.95 (30.2%) dist_goal=1.94
22:37:35 [INFO] [MPC] state=(+3.28,+2.42,-4.71) wp0=(+3.35,+2.50) v=+0.200 ω=-0.004 ok=True iters=7
22:37:35 [INFO] [PROG] s*=2.73/8.95 (30.5%) dist_goal=1.94
22:37:35 [INFO] [MPC] state=(+3.28,+2.45,-4.71) wp0=(+3.35,+2.52) v=+0.200 ω=-0.004 ok=True iters=7
22:37:35 [INFO] [PROG] s*=2.75/8.95 (30.7%) dist_goal=1.93
22:37:35 [INFO] [MPC] state=(+3.28,+2.47,-4.71) wp0=(+3.35,+2.54) v=+0.200 ω=-0.003 ok=True iters=7
22:37:35 [INFO] [PROG] s*=2.77/8.95 (30.9%) dist_goal=1.92
22:37:35 [INFO] [MPC] state=(+3.28,+2.49,-4.71) wp0=(+3.35,+2.56) v=+0.200 ω=-0.004 ok=True iters=7
22:37:35 [INFO] [PROG] s*=2.79/8.95 (31.2%) dist_goal=1.91
22:37:35 [INFO] [MPC] state=(+3.28,+2.51,-4.71) wp0=(+3.35,+2.58) v=+0.200 ω=-0.008 ok=True iters=7
22:37:35 [INFO] [PROG] s*=2.81/8.95 (31.4%) dist_goal=1.90
22:37:35 [INFO] [MPC] state=(+3.28,+2.53,-4.71) wp0=(+3.35,+2.60) v=+0.200 ω=-0.018 ok=True iters=7
22:37:35 [INFO] [PROG] s*=2.83/8.95 (31.6%) dist_goal=1.90
22:37:35 [INFO] [MPC] state=(+3.28,+2.55,-4.71) wp0=(+3.35,+2.62) v=+0.200 ω=-0.026 ok=True iters=7
22:37:35 [INFO] [PROG] s*=2.85/8.95 (31.8%) dist_goal=1.89
22:37:35 [INFO] [MPC] state=(+3.28,+2.57,-4.72) wp0=(+3.35,+2.64) v=+0.200 ω=-0.036 ok=True iters=7
22:37:35 [INFO] [PROG] s*=2.87/8.95 (32.1%) dist_goal=1.88
22:37:35 [INFO] [MPC] state=(+3.28,+2.59,-4.72) wp0=(+3.35,+2.66) v=+0.200 ω=-0.043 ok=True iters=7
22:37:35 [INFO] [PROG] s*=2.89/8.95 (32.3%) dist_goal=1.88
22:37:35 [INFO] [MPC] state=(+3.28,+2.61,-4.72) wp0=(+3.35,+2.68) v=+0.200 ω=-0.053 ok=True iters=7
22:37:35 [INFO] [PROG] s*=2.91/8.95 (32.5%) dist_goal=1.87
22:37:35 [INFO] [MPC] state=(+3.28,+2.63,-4.73) wp0=(+3.35,+2.70) v=+0.200 ω=-0.058 ok=True iters=7
22:37:35 [INFO] [PROG] s*=2.93/8.95 (32.7%) dist_goal=1.86
22:37:35 [INFO] [MPC] state=(+3.28,+2.65,-4.73) wp0=(+3.35,+2.72) v=+0.200 ω=-0.064 ok=True iters=7
22:37:35 [INFO] [PROG] s*=2.95/8.95 (33.0%) dist_goal=1.85
22:37:35 [INFO] [MPC] state=(+3.28,+2.67,-4.74) wp0=(+3.35,+2.74) v=+0.200 ω=-0.071 ok=True iters=7
22:37:35 [INFO] [PROG] s*=2.97/8.95 (33.2%) dist_goal=1.85
22:37:35 [INFO] [MPC] state=(+3.28,+2.69,-4.75) wp0=(+3.35,+2.76) v=+0.200 ω=-0.079 ok=True iters=7
22:37:35 [INFO] [PROG] s*=2.99/8.95 (33.4%) dist_goal=1.84
22:37:35 [INFO] [MPC] state=(+3.28,+2.71,-4.76) wp0=(+3.35,+2.78) v=+0.200 ω=-0.087 ok=True iters=7
22:37:35 [INFO] [PROG] s*=3.01/8.95 (33.6%) dist_goal=1.83
22:37:35 [INFO] [MPC] state=(+3.28,+2.73,-4.76) wp0=(+3.35,+2.80) v=+0.200 ω=-0.092 ok=True iters=7
22:37:35 [INFO] [PROG] s*=3.03/8.95 (33.9%) dist_goal=1.83
22:37:35 [INFO] [MPC] state=(+3.29,+2.75,-4.77) wp0=(+3.35,+2.82) v=+0.200 ω=-0.098 ok=True iters=7
22:37:35 [INFO] [PROG] s*=3.05/8.95 (34.1%) dist_goal=1.82
22:37:35 [INFO] [MPC] state=(+3.29,+2.77,-4.78) wp0=(+3.35,+2.84) v=+0.200 ω=-0.215 ok=True iters=7
22:37:35 [INFO] [PROG] s*=3.07/8.95 (34.3%) dist_goal=1.81
22:37:35 [INFO] [MPC] state=(+3.29,+2.79,-4.80) wp0=(+3.35,+2.86) v=+0.200 ω=-0.939 ok=True iters=7
22:37:35 [INFO] [PROG] s*=3.08/8.95 (34.5%) dist_goal=1.81
22:37:35 [INFO] [MPC] state=(+3.29,+2.81,-4.85) wp0=(+3.35,+2.87) v=+0.200 ω=-1.429 ok=True iters=7
22:37:35 [INFO] [PROG] s*=3.10/8.95 (34.6%) dist_goal=1.80
22:37:35 [INFO] [MPC] state=(+3.29,+2.82,-4.92) wp0=(+3.35,+2.89) v=+0.200 ω=-1.399 ok=True iters=7
22:37:35 [INFO] [PROG] s*=3.11/8.95 (34.8%) dist_goal=1.79
22:37:35 [INFO] [MPC] state=(+3.30,+2.84,-5.00) wp0=(+3.35,+2.90) v=+0.200 ω=-1.293 ok=True iters=7
22:37:35 [INFO] [PROG] s*=3.13/8.95 (35.0%) dist_goal=1.78
22:37:35 [INFO] [MPC] state=(+3.30,+2.85,-5.07) wp0=(+3.35,+2.92) v=+0.200 ω=-1.184 ok=True iters=7
22:37:35 [INFO] [PROG] s*=3.14/8.95 (35.1%) dist_goal=1.77
22:37:35 [INFO] [MPC] state=(+3.31,+2.87,-5.13) wp0=(+3.35,+2.93) v=+0.200 ω=-0.979 ok=True iters=7
22:37:35 [INFO] [PROG] s*=3.16/8.95 (35.3%) dist_goal=1.76
22:37:35 [INFO] [MPC] state=(+3.32,+2.88,-5.19) wp0=(+3.35,+2.95) v=+0.200 ω=-0.788 ok=True iters=7
22:37:35 [INFO] [PROG] s*=3.18/8.95 (35.5%) dist_goal=1.75
22:37:35 [INFO] [MPC] state=(+3.32,+2.90,-5.23) wp0=(+3.36,+2.96) v=+0.200 ω=-0.624 ok=True iters=7
22:37:35 [INFO] [PROG] s*=3.19/8.95 (35.7%) dist_goal=1.74
22:37:35 [INFO] [MPC] state=(+3.33,+2.91,-5.27) wp0=(+3.37,+2.97) v=+0.200 ω=-0.489 ok=True iters=7
22:37:35 [INFO] [PROG] s*=3.21/8.95 (35.8%) dist_goal=1.72
22:37:35 [INFO] [MPC] state=(+3.34,+2.93,-5.30) wp0=(+3.38,+2.98) v=+0.200 ω=-0.387 ok=True iters=7
22:37:35 [INFO] [PROG] s*=3.23/8.95 (36.1%) dist_goal=1.71
22:37:35 [INFO] [MPC] state=(+3.36,+2.95,-5.32) wp0=(+3.40,+3.00) v=+0.200 ω=-0.287 ok=True iters=7
22:37:35 [INFO] [PROG] s*=3.25/8.95 (36.3%) dist_goal=1.69
22:37:35 [INFO] [MPC] state=(+3.37,+2.96,-5.34) wp0=(+3.41,+3.01) v=+0.200 ω=-0.204 ok=True iters=7
22:37:35 [INFO] [PROG] s*=3.27/8.95 (36.6%) dist_goal=1.68
22:37:35 [INFO] [MPC] state=(+3.38,+2.98,-5.36) wp0=(+3.43,+3.03) v=+0.200 ω=-0.133 ok=True iters=7
22:37:35 [INFO] [PROG] s*=3.29/8.95 (36.8%) dist_goal=1.66
22:37:35 [INFO] [MPC] state=(+3.39,+2.99,-5.37) wp0=(+3.44,+3.04) v=+0.200 ω=-0.073 ok=True iters=7
22:37:35 [INFO] [PROG] s*=3.31/8.95 (37.0%) dist_goal=1.65
22:37:35 [INFO] [MPC] state=(+3.40,+3.01,-5.38) wp0=(+3.46,+3.06) v=+0.200 ω=-0.025 ok=True iters=7
22:37:35 [INFO] [PROG] s*=3.33/8.95 (37.2%) dist_goal=1.63
22:37:35 [INFO] [MPC] state=(+3.42,+3.03,-5.38) wp0=(+3.47,+3.07) v=+0.200 ω=+0.007 ok=True iters=7
22:37:35 [INFO] [PROG] s*=3.35/8.95 (37.5%) dist_goal=1.62
22:37:35 [INFO] [MPC] state=(+3.43,+3.04,-5.38) wp0=(+3.49,+3.09) v=+0.200 ω=+0.029 ok=True iters=7
22:37:35 [INFO] [PROG] s*=3.37/8.95 (37.7%) dist_goal=1.61
22:37:35 [INFO] [MPC] state=(+3.44,+3.06,-5.37) wp0=(+3.50,+3.10) v=+0.200 ω=+0.046 ok=True iters=7
22:37:35 [INFO] [PROG] s*=3.39/8.95 (37.9%) dist_goal=1.59
22:37:35 [INFO] [MPC] state=(+3.45,+3.07,-5.37) wp0=(+3.51,+3.11) v=+0.200 ω=+0.059 ok=True iters=7
22:37:35 [INFO] [PROG] s*=3.41/8.95 (38.2%) dist_goal=1.58
22:37:35 [INFO] [MPC] state=(+3.47,+3.09,-5.36) wp0=(+3.53,+3.13) v=+0.200 ω=+0.069 ok=True iters=7
22:37:35 [INFO] [PROG] s*=3.43/8.95 (38.4%) dist_goal=1.56
22:37:35 [INFO] [MPC] state=(+3.48,+3.11,-5.36) wp0=(+3.54,+3.14) v=+0.200 ω=+0.083 ok=True iters=7
22:37:36 [INFO] [PROG] s*=3.45/8.95 (38.6%) dist_goal=1.55
22:37:36 [INFO] [MPC] state=(+3.49,+3.12,-5.35) wp0=(+3.56,+3.16) v=+0.200 ω=+0.093 ok=True iters=8
22:37:36 [INFO] [PROG] s*=3.47/8.95 (38.8%) dist_goal=1.54
22:37:36 [INFO] [MPC] state=(+3.50,+3.14,-5.34) wp0=(+3.57,+3.17) v=+0.200 ω=+0.101 ok=True iters=8
22:37:36 [INFO] [PROG] s*=3.49/8.95 (39.0%) dist_goal=1.52
22:37:36 [INFO] [MPC] state=(+3.52,+3.16,-5.33) wp0=(+3.59,+3.19) v=+0.200 ω=+0.114 ok=True iters=8
22:37:36 [INFO] [PROG] s*=3.51/8.95 (39.3%) dist_goal=1.51
22:37:36 [INFO] [MPC] state=(+3.53,+3.17,-5.32) wp0=(+3.60,+3.20) v=+0.200 ω=+0.138 ok=True iters=9
22:37:36 [INFO] [PROG] s*=3.53/8.95 (39.5%) dist_goal=1.50
22:37:36 [INFO] [MPC] state=(+3.54,+3.19,-5.30) wp0=(+3.61,+3.21) v=+0.200 ω=+0.162 ok=True iters=11
22:37:36 [INFO] [PROG] s*=3.55/8.95 (39.7%) dist_goal=1.49
22:37:36 [INFO] [MPC] state=(+3.55,+3.21,-5.29) wp0=(+3.63,+3.23) v=+0.200 ω=+0.190 ok=True iters=8
22:37:36 [INFO] [PROG] s*=3.57/8.95 (39.9%) dist_goal=1.48
22:37:36 [INFO] [MPC] state=(+3.56,+3.22,-5.28) wp0=(+3.64,+3.24) v=+0.200 ω=+0.217 ok=True iters=8
22:37:36 [INFO] [PROG] s*=3.59/8.95 (40.1%) dist_goal=1.47
22:37:36 [INFO] [MPC] state=(+3.57,+3.24,-5.26) wp0=(+3.65,+3.25) v=+0.200 ω=+0.248 ok=True iters=8
22:37:36 [INFO] [PROG] s*=3.61/8.95 (40.3%) dist_goal=1.46
22:37:36 [INFO] [MPC] state=(+3.58,+3.26,-5.24) wp0=(+3.67,+3.27) v=+0.200 ω=+0.275 ok=True iters=11
22:37:36 [INFO] [PROG] s*=3.62/8.95 (40.5%) dist_goal=1.45
22:37:36 [INFO] [MPC] state=(+3.59,+3.27,-5.22) wp0=(+3.68,+3.28) v=+0.128 ω=+0.278 ok=True iters=7
22:37:36 [INFO] [PROG] s*=3.63/8.95 (40.6%) dist_goal=1.45
22:37:36 [INFO] [MPC] state=(+3.60,+3.29,-5.19) wp0=(+3.68,+3.28) v=+0.076 ω=+0.225 ok=True iters=8
22:37:36 [INFO] [PROG] s*=3.63/8.95 (40.6%) dist_goal=1.45
22:37:36 [INFO] [MPC] state=(+3.60,+3.29,-5.17) wp0=(+3.68,+3.28) v=+0.048 ω=+0.164 ok=True iters=10
22:37:36 [INFO] [PROG] s*=3.64/8.95 (40.7%) dist_goal=1.45
22:37:36 [INFO] [MPC] state=(+3.60,+3.30,-5.15) wp0=(+3.69,+3.29) v=+0.032 ω=+0.117 ok=True iters=12
22:37:36 [INFO] [PROG] s*=3.65/8.95 (40.8%) dist_goal=1.44
22:37:36 [INFO] [MPC] state=(+3.60,+3.30,-5.14) wp0=(+3.70,+3.30) v=+0.200 ω=+0.103 ok=True iters=7
22:37:36 [INFO] [PROG] s*=3.66/8.95 (40.9%) dist_goal=1.44
22:37:36 [INFO] [MPC] state=(+3.61,+3.31,-5.15) wp0=(+3.70,+3.30) v=+0.030 ω=+0.191 ok=True iters=12
22:37:36 [INFO] [PROG] s*=3.67/8.95 (41.0%) dist_goal=1.43
22:37:36 [INFO] [MPC] state=(+3.61,+3.32,-5.13) wp0=(+3.71,+3.31) v=+0.200 ω=+0.172 ok=True iters=7
22:37:36 [INFO] [PROG] s*=3.69/8.95 (41.2%) dist_goal=1.43
22:37:36 [INFO] [MPC] state=(+3.62,+3.33,-5.13) wp0=(+3.72,+3.32) v=+0.200 ω=+0.265 ok=True iters=7
22:37:36 [INFO] [PROG] s*=3.70/8.95 (41.4%) dist_goal=1.42
22:37:36 [INFO] [MPC] state=(+3.63,+3.34,-5.12) wp0=(+3.73,+3.33) v=+0.200 ω=+0.299 ok=True iters=8
22:37:36 [INFO] [PROG] s*=3.72/8.95 (41.6%) dist_goal=1.41
22:37:36 [INFO] [MPC] state=(+3.64,+3.36,-5.10) wp0=(+3.75,+3.35) v=+0.200 ω=+0.327 ok=True iters=9
22:37:36 [INFO] [PROG] s*=3.74/8.95 (41.8%) dist_goal=1.41
22:37:36 [INFO] [MPC] state=(+3.64,+3.38,-5.07) wp0=(+3.76,+3.36) v=+0.200 ω=+0.349 ok=True iters=9
22:37:36 [INFO] [PROG] s*=3.76/8.95 (42.0%) dist_goal=1.40
22:37:36 [INFO] [MPC] state=(+3.65,+3.40,-5.05) wp0=(+3.77,+3.37) v=+0.200 ω=+0.477 ok=True iters=10
22:37:36 [INFO] [PROG] s*=3.77/8.95 (42.1%) dist_goal=1.40
22:37:36 [INFO] [MPC] state=(+3.65,+3.42,-5.02) wp0=(+3.78,+3.38) v=+0.200 ω=+0.928 ok=True iters=8
22:37:36 [INFO] [PROG] s*=3.78/8.95 (42.3%) dist_goal=1.40
22:37:36 [INFO] [MPC] state=(+3.66,+3.43,-4.97) wp0=(+3.79,+3.39) v=+0.200 ω=+1.130 ok=True iters=8
22:37:36 [INFO] [PROG] s*=3.80/8.95 (42.4%) dist_goal=1.40
22:37:36 [INFO] [MPC] state=(+3.66,+3.45,-4.91) wp0=(+3.80,+3.40) v=+0.200 ω=+1.253 ok=True iters=8
22:37:36 [INFO] [PROG] s*=3.81/8.95 (42.6%) dist_goal=1.40
22:37:36 [INFO] [MPC] state=(+3.67,+3.46,-4.84) wp0=(+3.81,+3.41) v=+0.200 ω=+1.035 ok=True iters=8
22:37:36 [INFO] [PROG] s*=3.82/8.95 (42.7%) dist_goal=1.40
22:37:36 [INFO] [MPC] state=(+3.67,+3.48,-4.78) wp0=(+3.82,+3.42) v=+0.200 ω=+0.995 ok=True iters=8
22:37:36 [INFO] [PROG] s*=3.83/8.95 (42.8%) dist_goal=1.41
22:37:36 [INFO] [MPC] state=(+3.67,+3.49,-4.73) wp0=(+3.82,+3.42) v=+0.200 ω=+0.946 ok=True iters=8
22:37:36 [INFO] [PROG] s*=3.84/8.95 (42.9%) dist_goal=1.41
22:37:36 [INFO] [MPC] state=(+3.67,+3.51,-4.68) wp0=(+3.83,+3.43) v=+0.200 ω=+0.700 ok=True iters=8
22:37:36 [INFO] [PROG] s*=4.01/8.95 (44.8%) dist_goal=1.42
22:37:36 [INFO] [MPC] state=(+3.67,+3.53,-4.65) wp0=(+3.85,+3.59) v=+0.200 ω=+0.588 ok=True iters=8
22:37:36 [INFO] [PROG] s*=4.03/8.95 (45.0%) dist_goal=1.42
22:37:36 [INFO] [MPC] state=(+3.67,+3.54,-4.62) wp0=(+3.85,+3.61) v=+0.200 ω=+0.412 ok=True iters=7
22:37:36 [INFO] [PROG] s*=4.05/8.95 (45.3%) dist_goal=1.43
22:37:36 [INFO] [MPC] state=(+3.66,+3.56,-4.59) wp0=(+3.85,+3.63) v=+0.200 ω=+0.306 ok=True iters=7
22:37:36 [INFO] [PROG] s*=4.07/8.95 (45.5%) dist_goal=1.44
22:37:36 [INFO] [MPC] state=(+3.66,+3.58,-4.57) wp0=(+3.85,+3.65) v=+0.200 ω=+0.210 ok=True iters=7
22:37:36 [INFO] [PROG] s*=4.09/8.95 (45.7%) dist_goal=1.44
22:37:36 [INFO] [MPC] state=(+3.66,+3.60,-4.56) wp0=(+3.85,+3.67) v=+0.200 ω=+0.128 ok=True iters=7
22:37:36 [INFO] [PROG] s*=4.11/8.95 (45.9%) dist_goal=1.45
22:37:36 [INFO] [MPC] state=(+3.65,+3.62,-4.54) wp0=(+3.85,+3.69) v=+0.200 ω=+0.054 ok=True iters=7
22:37:36 [INFO] [PROG] s*=4.13/8.95 (46.1%) dist_goal=1.46
22:37:36 [INFO] [MPC] state=(+3.65,+3.64,-4.54) wp0=(+3.85,+3.71) v=+0.200 ω=-0.000 ok=True iters=7
22:37:36 [INFO] [PROG] s*=4.15/8.95 (46.4%) dist_goal=1.47
22:37:36 [INFO] [MPC] state=(+3.65,+3.66,-4.54) wp0=(+3.85,+3.73) v=+0.200 ω=-0.035 ok=True iters=7
22:37:36 [INFO] [PROG] s*=4.17/8.95 (46.6%) dist_goal=1.48
22:37:36 [INFO] [MPC] state=(+3.64,+3.68,-4.54) wp0=(+3.85,+3.75) v=+0.200 ω=-0.057 ok=True iters=7
22:37:36 [INFO] [PROG] s*=4.19/8.95 (46.8%) dist_goal=1.49
22:37:36 [INFO] [MPC] state=(+3.64,+3.70,-4.55) wp0=(+3.85,+3.77) v=+0.200 ω=-0.069 ok=True iters=7
22:37:36 [INFO] [PROG] s*=4.21/8.95 (47.0%) dist_goal=1.50
22:37:36 [INFO] [MPC] state=(+3.64,+3.72,-4.55) wp0=(+3.85,+3.79) v=+0.200 ω=-0.076 ok=True iters=8
22:37:36 [INFO] [PROG] s*=4.23/8.95 (47.3%) dist_goal=1.51
22:37:36 [INFO] [MPC] state=(+3.63,+3.74,-4.56) wp0=(+3.85,+3.81) v=+0.200 ω=-0.079 ok=True iters=8
22:37:36 [INFO] [PROG] s*=4.25/8.95 (47.5%) dist_goal=1.52
22:37:36 [INFO] [MPC] state=(+3.63,+3.76,-4.57) wp0=(+3.85,+3.83) v=+0.200 ω=-0.079 ok=True iters=8
22:37:36 [INFO] [PROG] s*=4.27/8.95 (47.7%) dist_goal=1.53
22:37:36 [INFO] [MPC] state=(+3.63,+3.78,-4.58) wp0=(+3.85,+3.85) v=+0.200 ω=-0.076 ok=True iters=8
22:37:36 [INFO] [PROG] s*=4.29/8.95 (47.9%) dist_goal=1.54
22:37:36 [INFO] [MPC] state=(+3.63,+3.80,-4.59) wp0=(+3.85,+3.87) v=+0.200 ω=-0.073 ok=True iters=8
22:37:36 [INFO] [PROG] s*=4.31/8.95 (48.2%) dist_goal=1.55
22:37:36 [INFO] [MPC] state=(+3.62,+3.82,-4.59) wp0=(+3.85,+3.89) v=+0.200 ω=-0.071 ok=True iters=8
22:37:36 [INFO] [PROG] s*=4.33/8.95 (48.4%) dist_goal=1.56
22:37:36 [INFO] [MPC] state=(+3.62,+3.84,-4.60) wp0=(+3.85,+3.91) v=+0.200 ω=-0.068 ok=True iters=8
22:37:36 [INFO] [PROG] s*=4.35/8.95 (48.6%) dist_goal=1.57
22:37:36 [INFO] [MPC] state=(+3.62,+3.86,-4.61) wp0=(+3.85,+3.93) v=+0.200 ω=-0.065 ok=True iters=8
22:37:36 [INFO] [PROG] s*=4.37/8.95 (48.8%) dist_goal=1.58
22:37:36 [INFO] [MPC] state=(+3.62,+3.88,-4.61) wp0=(+3.85,+3.95) v=+0.200 ω=-0.061 ok=True iters=8
22:37:36 [INFO] [PROG] s*=4.39/8.95 (49.1%) dist_goal=1.59
22:37:36 [INFO] [MPC] state=(+3.61,+3.90,-4.62) wp0=(+3.85,+3.97) v=+0.200 ω=-0.056 ok=True iters=8
22:37:36 [INFO] [PROG] s*=4.41/8.95 (49.3%) dist_goal=1.60
22:37:36 [INFO] [MPC] state=(+3.61,+3.92,-4.62) wp0=(+3.85,+3.99) v=+0.200 ω=-0.515 ok=True iters=8
22:37:36 [INFO] [PROG] s*=4.43/8.95 (49.5%) dist_goal=1.61
22:37:36 [INFO] [MPC] state=(+3.61,+3.94,-4.66) wp0=(+3.85,+4.01) v=+0.200 ω=+0.040 ok=True iters=8
22:37:36 [INFO] [PROG] s*=4.45/8.95 (49.7%) dist_goal=1.62
22:37:36 [INFO] [MPC] state=(+3.61,+3.96,-4.65) wp0=(+3.85,+4.03) v=+0.200 ω=+0.026 ok=True iters=8
22:37:36 [INFO] [PROG] s*=4.47/8.95 (49.9%) dist_goal=1.63
22:37:36 [INFO] [MPC] state=(+3.61,+3.98,-4.65) wp0=(+3.85,+4.05) v=+0.200 ω=+0.007 ok=True iters=8
22:37:36 [INFO] [PROG] s*=4.49/8.95 (50.2%) dist_goal=1.64
22:37:36 [INFO] [MPC] state=(+3.61,+4.00,-4.65) wp0=(+3.85,+4.07) v=+0.200 ω=-0.006 ok=True iters=8
22:37:36 [INFO] [PROG] s*=4.51/8.95 (50.4%) dist_goal=1.65
22:37:36 [INFO] [MPC] state=(+3.61,+4.02,-4.65) wp0=(+3.85,+4.09) v=+0.200 ω=-0.015 ok=True iters=8
22:37:36 [INFO] [PROG] s*=4.53/8.95 (50.6%) dist_goal=1.66
22:37:36 [INFO] [MPC] state=(+3.60,+4.04,-4.65) wp0=(+3.85,+4.11) v=+0.200 ω=-0.021 ok=True iters=8
22:37:36 [INFO] [PROG] s*=4.55/8.95 (50.9%) dist_goal=1.67
22:37:36 [INFO] [MPC] state=(+3.60,+4.06,-4.65) wp0=(+3.85,+4.13) v=+0.200 ω=-0.025 ok=True iters=8
22:37:36 [INFO] [PROG] s*=4.57/8.95 (51.1%) dist_goal=1.68
22:37:36 [INFO] [MPC] state=(+3.60,+4.08,-4.66) wp0=(+3.85,+4.15) v=+0.200 ω=-0.027 ok=True iters=8
22:37:36 [INFO] [PROG] s*=4.59/8.95 (51.3%) dist_goal=1.69
22:37:36 [INFO] [MPC] state=(+3.60,+4.10,-4.66) wp0=(+3.85,+4.17) v=+0.200 ω=-0.028 ok=True iters=8
22:37:36 [INFO] [PROG] s*=4.61/8.95 (51.5%) dist_goal=1.70
22:37:36 [INFO] [MPC] state=(+3.60,+4.12,-4.66) wp0=(+3.85,+4.19) v=+0.200 ω=-0.027 ok=True iters=8
22:37:36 [INFO] [PROG] s*=4.63/8.95 (51.8%) dist_goal=1.72
22:37:36 [INFO] [MPC] state=(+3.60,+4.14,-4.66) wp0=(+3.85,+4.21) v=+0.200 ω=-0.027 ok=True iters=8
22:37:36 [INFO] [PROG] s*=4.65/8.95 (52.0%) dist_goal=1.73
22:37:36 [INFO] [MPC] state=(+3.60,+4.16,-4.67) wp0=(+3.85,+4.23) v=+0.200 ω=-0.026 ok=True iters=8
22:37:36 [INFO] [PROG] s*=4.67/8.95 (52.2%) dist_goal=1.74
22:37:36 [INFO] [MPC] state=(+3.60,+4.18,-4.67) wp0=(+3.85,+4.25) v=+0.200 ω=-0.025 ok=True iters=8
22:37:36 [INFO] [PROG] s*=4.69/8.95 (52.4%) dist_goal=1.75
22:37:36 [INFO] [MPC] state=(+3.60,+4.20,-4.67) wp0=(+3.85,+4.27) v=+0.200 ω=-0.451 ok=True iters=8
22:37:36 [INFO] [PROG] s*=4.71/8.95 (52.6%) dist_goal=1.76
22:37:36 [INFO] [MPC] state=(+3.60,+4.22,-4.70) wp0=(+3.85,+4.29) v=+0.200 ω=+0.154 ok=True iters=8
22:37:36 [INFO] [PROG] s*=4.73/8.95 (52.9%) dist_goal=1.77
22:37:36 [INFO] [MPC] state=(+3.60,+4.24,-4.70) wp0=(+3.85,+4.31) v=+0.200 ω=+0.123 ok=True iters=8
22:37:36 [INFO] [PROG] s*=4.75/8.95 (53.1%) dist_goal=1.78
22:37:36 [INFO] [MPC] state=(+3.60,+4.26,-4.69) wp0=(+3.85,+4.33) v=+0.200 ω=+0.014 ok=True iters=8
22:37:36 [INFO] [PROG] s*=4.77/8.95 (53.3%) dist_goal=1.80
22:37:36 [INFO] [MPC] state=(+3.59,+4.28,-4.68) wp0=(+3.85,+4.35) v=+0.200 ω=+0.004 ok=True iters=8
22:37:36 [INFO] [PROG] s*=4.79/8.95 (53.5%) dist_goal=1.81
22:37:36 [INFO] [MPC] state=(+3.59,+4.30,-4.68) wp0=(+3.85,+4.37) v=+0.200 ω=-0.003 ok=True iters=8
22:37:36 [INFO] [PROG] s*=4.81/8.95 (53.8%) dist_goal=1.82
22:37:36 [INFO] [MPC] state=(+3.59,+4.32,-4.68) wp0=(+3.85,+4.39) v=+0.200 ω=-0.008 ok=True iters=8
22:37:36 [INFO] [PROG] s*=4.83/8.95 (54.0%) dist_goal=1.83
22:37:36 [INFO] [MPC] state=(+3.59,+4.34,-4.68) wp0=(+3.85,+4.41) v=+0.200 ω=-0.010 ok=True iters=8
22:37:36 [INFO] [PROG] s*=4.85/8.95 (54.2%) dist_goal=1.85
22:37:36 [INFO] [MPC] state=(+3.59,+4.36,-4.68) wp0=(+3.85,+4.43) v=+0.200 ω=-0.012 ok=True iters=8
22:37:36 [INFO] [PROG] s*=4.87/8.95 (54.5%) dist_goal=1.86
22:37:36 [INFO] [MPC] state=(+3.59,+4.38,-4.69) wp0=(+3.85,+4.45) v=+0.200 ω=-0.013 ok=True iters=8
22:37:36 [INFO] [PROG] s*=4.89/8.95 (54.7%) dist_goal=1.87
22:37:36 [INFO] [MPC] state=(+3.59,+4.40,-4.69) wp0=(+3.85,+4.47) v=+0.200 ω=-0.014 ok=True iters=8
22:37:36 [INFO] [PROG] s*=4.91/8.95 (54.9%) dist_goal=1.89
22:37:36 [INFO] [MPC] state=(+3.59,+4.42,-4.69) wp0=(+3.85,+4.49) v=+0.200 ω=+0.052 ok=True iters=8
22:37:36 [INFO] [PROG] s*=4.93/8.95 (55.1%) dist_goal=1.90
22:37:36 [INFO] [MPC] state=(+3.59,+4.44,-4.68) wp0=(+3.85,+4.51) v=+0.200 ω=-0.037 ok=True iters=8
22:37:36 [INFO] [PROG] s*=4.95/8.95 (55.4%) dist_goal=1.91
22:37:36 [INFO] [MPC] state=(+3.59,+4.46,-4.69) wp0=(+3.85,+4.53) v=+0.200 ω=-0.030 ok=True iters=8
22:37:36 [INFO] [PROG] s*=4.97/8.95 (55.6%) dist_goal=1.93
22:37:36 [INFO] [MPC] state=(+3.59,+4.48,-4.69) wp0=(+3.85,+4.56) v=+0.200 ω=+0.041 ok=True iters=8
22:37:36 [INFO] [PROG] s*=4.99/8.95 (55.8%) dist_goal=1.94
22:37:36 [INFO] [MPC] state=(+3.59,+4.51,-4.68) wp0=(+3.85,+4.58) v=+0.200 ω=-0.043 ok=True iters=8
22:37:36 [INFO] [PROG] s*=5.01/8.95 (56.0%) dist_goal=1.95
22:37:36 [INFO] [MPC] state=(+3.59,+4.53,-4.69) wp0=(+3.85,+4.60) v=+0.200 ω=+0.031 ok=True iters=8
22:37:36 [INFO] [PROG] s*=5.03/8.95 (56.3%) dist_goal=1.97
22:37:36 [INFO] [MPC] state=(+3.59,+4.55,-4.68) wp0=(+3.85,+4.62) v=+0.200 ω=-0.049 ok=True iters=8
22:37:36 [INFO] [PROG] s*=5.05/8.95 (56.5%) dist_goal=1.98
22:37:36 [INFO] [MPC] state=(+3.59,+4.57,-4.69) wp0=(+3.85,+4.64) v=+0.200 ω=+0.027 ok=True iters=8
22:37:36 [INFO] [PROG] s*=5.08/8.95 (56.7%) dist_goal=2.00
22:37:36 [INFO] [MPC] state=(+3.59,+4.59,-4.69) wp0=(+3.85,+4.66) v=+0.200 ω=-0.051 ok=True iters=8
22:37:36 [INFO] [PROG] s*=5.10/8.95 (56.9%) dist_goal=2.01
22:37:36 [INFO] [MPC] state=(+3.59,+4.61,-4.69) wp0=(+3.85,+4.68) v=+0.200 ω=+0.026 ok=True iters=8
22:37:36 [INFO] [PROG] s*=5.12/8.95 (57.2%) dist_goal=2.02
22:37:36 [INFO] [MPC] state=(+3.59,+4.63,-4.69) wp0=(+3.85,+4.70) v=+0.200 ω=+0.012 ok=True iters=8
22:37:36 [INFO] [PROG] s*=5.14/8.95 (57.4%) dist_goal=2.04
22:37:36 [INFO] [MPC] state=(+3.58,+4.65,-4.69) wp0=(+3.85,+4.72) v=+0.200 ω=-0.060 ok=True iters=8
22:37:36 [INFO] [PROG] s*=5.16/8.95 (57.6%) dist_goal=2.05
22:37:36 [INFO] [MPC] state=(+3.58,+4.67,-4.69) wp0=(+3.85,+4.74) v=+0.200 ω=-0.044 ok=True iters=8
22:37:36 [INFO] [PROG] s*=5.18/8.95 (57.8%) dist_goal=2.07
22:37:36 [INFO] [MPC] state=(+3.58,+4.69,-4.70) wp0=(+3.85,+4.76) v=+0.200 ω=-0.033 ok=True iters=8
22:37:36 [INFO] [PROG] s*=5.20/8.95 (58.1%) dist_goal=2.08
22:37:36 [INFO] [MPC] state=(+3.58,+4.71,-4.70) wp0=(+3.85,+4.78) v=+0.200 ω=-0.032 ok=True iters=8
22:37:36 [INFO] [PROG] s*=5.22/8.95 (58.3%) dist_goal=2.10
22:37:36 [INFO] [MPC] state=(+3.58,+4.73,-4.70) wp0=(+3.85,+4.80) v=+0.200 ω=-0.040 ok=True iters=8
22:37:36 [INFO] [PROG] s*=5.24/8.95 (58.5%) dist_goal=2.11
22:37:36 [INFO] [MPC] state=(+3.58,+4.75,-4.71) wp0=(+3.85,+4.82) v=+0.200 ω=-0.155 ok=True iters=9
22:37:36 [INFO] [PROG] s*=5.26/8.95 (58.7%) dist_goal=2.13
22:37:36 [INFO] [MPC] state=(+3.58,+4.77,-4.72) wp0=(+3.85,+4.84) v=+0.200 ω=-0.137 ok=True iters=9
22:37:36 [INFO] [PROG] s*=5.28/8.95 (59.0%) dist_goal=2.14
22:37:36 [INFO] [MPC] state=(+3.58,+4.79,-4.73) wp0=(+3.85,+4.86) v=+0.200 ω=-0.409 ok=True iters=8
22:37:36 [INFO] [PROG] s*=5.30/8.95 (59.2%) dist_goal=2.15
22:37:36 [INFO] [MPC] state=(+3.58,+4.81,-4.76) wp0=(+3.85,+4.88) v=+0.200 ω=-0.067 ok=True iters=9
22:37:36 [INFO] [PROG] s*=5.32/8.95 (59.4%) dist_goal=2.17
22:37:36 [INFO] [MPC] state=(+3.59,+4.83,-4.77) wp0=(+3.85,+4.90) v=+0.200 ω=-0.074 ok=True iters=9
22:37:36 [INFO] [PROG] s*=5.34/8.95 (59.6%) dist_goal=2.18
22:37:36 [INFO] [MPC] state=(+3.59,+4.85,-4.77) wp0=(+3.85,+4.92) v=+0.200 ω=-0.087 ok=True iters=9
22:37:36 [INFO] [PROG] s*=5.36/8.95 (59.9%) dist_goal=2.19
22:37:36 [INFO] [MPC] state=(+3.59,+4.87,-4.78) wp0=(+3.85,+4.94) v=+0.200 ω=-0.267 ok=True iters=10
22:37:36 [INFO] [PROG] s*=5.38/8.95 (60.1%) dist_goal=2.21
22:37:36 [INFO] [MPC] state=(+3.59,+4.89,-4.80) wp0=(+3.85,+4.96) v=+0.200 ω=-0.305 ok=True iters=10
22:37:36 [INFO] [PROG] s*=5.40/8.95 (60.3%) dist_goal=2.22
22:37:36 [INFO] [MPC] state=(+3.59,+4.91,-4.82) wp0=(+3.85,+4.98) v=+0.200 ω=-0.293 ok=True iters=10
22:37:36 [INFO] [PROG] s*=5.42/8.95 (60.5%) dist_goal=2.23
22:37:36 [INFO] [MPC] state=(+3.59,+4.93,-4.84) wp0=(+3.85,+5.00) v=+0.200 ω=-0.284 ok=True iters=10
22:37:36 [INFO] [PROG] s*=5.43/8.95 (60.7%) dist_goal=2.25
22:37:36 [INFO] [MPC] state=(+3.60,+4.95,-4.86) wp0=(+3.85,+5.02) v=+0.200 ω=-0.281 ok=True iters=11
22:37:36 [INFO] [PROG] s*=5.45/8.95 (60.9%) dist_goal=2.26
22:37:36 [INFO] [MPC] state=(+3.60,+4.97,-4.88) wp0=(+3.85,+5.04) v=+0.200 ω=-0.376 ok=True iters=11
22:37:36 [INFO] [PROG] s*=5.47/8.95 (61.1%) dist_goal=2.27
22:37:36 [INFO] [MPC] state=(+3.60,+4.99,-4.90) wp0=(+3.85,+5.05) v=+0.200 ω=-1.723 ok=True iters=8
22:37:36 [INFO] [PROG] s*=5.48/8.95 (61.2%) dist_goal=2.27
22:37:36 [INFO] [MPC] state=(+3.61,+5.00,-4.99) wp0=(+3.85,+5.06) v=+0.200 ω=-2.400 ok=True iters=9
22:37:36 [INFO] [PROG] s*=5.49/8.95 (61.3%) dist_goal=2.28
22:37:36 [INFO] [MPC] state=(+3.61,+5.01,-5.11) wp0=(+3.85,+5.07) v=+0.200 ω=-2.400 ok=True iters=9
22:37:36 [INFO] [PROG] s*=5.50/8.95 (61.4%) dist_goal=2.28
22:37:36 [INFO] [MPC] state=(+3.62,+5.02,-5.24) wp0=(+3.85,+5.08) v=+0.200 ω=-2.400 ok=True iters=9
22:37:36 [INFO] [PROG] s*=5.51/8.95 (61.5%) dist_goal=2.28
22:37:36 [INFO] [MPC] state=(+3.62,+5.03,-5.36) wp0=(+3.85,+5.09) v=+0.200 ω=-2.317 ok=True iters=9
22:37:36 [INFO] [PROG] s*=5.52/8.95 (61.6%) dist_goal=2.28
22:37:36 [INFO] [MPC] state=(+3.63,+5.04,-5.49) wp0=(+3.85,+5.10) v=+0.200 ω=-2.048 ok=True iters=8
22:37:36 [INFO] [PROG] s*=5.52/8.95 (61.7%) dist_goal=2.28
22:37:36 [INFO] [MPC] state=(+3.64,+5.05,-5.60) wp0=(+3.85,+5.11) v=+0.200 ω=-1.829 ok=True iters=8
22:37:36 [INFO] [PROG] s*=5.53/8.95 (61.8%) dist_goal=2.28
22:37:36 [INFO] [MPC] state=(+3.65,+5.06,-5.69) wp0=(+3.85,+5.11) v=+0.200 ω=-1.516 ok=True iters=8
22:37:36 [INFO] [PROG] s*=5.54/8.95 (61.9%) dist_goal=2.28
22:37:36 [INFO] [MPC] state=(+3.66,+5.06,-5.77) wp0=(+3.85,+5.12) v=+0.200 ω=-1.198 ok=True iters=8
22:37:36 [INFO] [PROG] s*=5.55/8.95 (62.0%) dist_goal=2.28
22:37:36 [INFO] [MPC] state=(+3.68,+5.07,-5.84) wp0=(+3.85,+5.13) v=+0.200 ω=-0.959 ok=True iters=8
22:37:36 [INFO] [PROG] s*=5.55/8.95 (62.1%) dist_goal=2.27
22:37:36 [INFO] [MPC] state=(+3.69,+5.08,-5.89) wp0=(+3.85,+5.13) v=+0.200 ω=-0.620 ok=True iters=8
22:37:36 [INFO] [PROG] s*=5.56/8.95 (62.1%) dist_goal=2.27
22:37:36 [INFO] [MPC] state=(+3.71,+5.08,-5.93) wp0=(+3.85,+5.14) v=+0.200 ω=-0.383 ok=True iters=8
22:37:36 [INFO] [PROG] s*=5.57/8.95 (62.2%) dist_goal=2.26
22:37:36 [INFO] [MPC] state=(+3.73,+5.09,-5.96) wp0=(+3.85,+5.15) v=+0.200 ω=-0.191 ok=True iters=10
22:37:36 [INFO] [PROG] s*=5.57/8.95 (62.2%) dist_goal=2.26
22:37:36 [INFO] [MPC] state=(+3.75,+5.10,-5.97) wp0=(+3.85,+5.15) v=+0.080 ω=-0.187 ok=True iters=11
22:37:36 [INFO] [PROG] s*=5.57/8.95 (62.3%) dist_goal=2.25
22:37:36 [INFO] [MPC] state=(+3.76,+5.10,-5.99) wp0=(+3.85,+5.15) v=+0.080 ω=-0.360 ok=True iters=12
22:37:36 [INFO] [PROG] s*=5.57/8.95 (62.3%) dist_goal=2.25
22:37:36 [INFO] [MPC] state=(+3.76,+5.10,-6.03) wp0=(+3.85,+5.15) v=+0.080 ω=+0.283 ok=True iters=10
22:37:36 [INFO] [PROG] s*=5.58/8.95 (62.3%) dist_goal=2.25
22:37:36 [INFO] [MPC] state=(+3.77,+5.10,-6.00) wp0=(+3.86,+5.15) v=+0.080 ω=-0.518 ok=True iters=10
22:37:36 [INFO] [PROG] s*=5.58/8.95 (62.3%) dist_goal=2.25
22:37:36 [INFO] [MPC] state=(+3.78,+5.11,-6.05) wp0=(+3.86,+5.15) v=+0.080 ω=+0.281 ok=True iters=10
22:37:36 [INFO] [PROG] s*=5.58/8.95 (62.3%) dist_goal=2.24
22:37:36 [INFO] [MPC] state=(+3.79,+5.11,-6.02) wp0=(+3.86,+5.15) v=+0.080 ω=+0.047 ok=True iters=21
22:37:36 [INFO] [PROG] s*=5.58/8.95 (62.4%) dist_goal=2.24
22:37:36 [INFO] [MPC] state=(+3.80,+5.11,-6.02) wp0=(+3.86,+5.15) v=+0.080 ω=-0.381 ok=True iters=11
22:37:36 [INFO] [PROG] s*=5.58/8.95 (62.4%) dist_goal=2.24
22:37:36 [INFO] [MPC] state=(+3.80,+5.11,-6.06) wp0=(+3.86,+5.15) v=+0.080 ω=-0.221 ok=True iters=15
22:37:36 [INFO] [PROG] s*=5.58/8.95 (62.4%) dist_goal=2.24
22:37:36 [INFO] [MPC] state=(+3.81,+5.11,-6.08) wp0=(+3.87,+5.15) v=+0.080 ω=-0.117 ok=True iters=24
22:37:36 [INFO] [PROG] s*=5.59/8.95 (62.4%) dist_goal=2.23
22:37:36 [INFO] [MPC] state=(+3.82,+5.12,-6.09) wp0=(+3.87,+5.15) v=+0.080 ω=+0.505 ok=True iters=13
22:37:36 [INFO] [PROG] s*=5.59/8.95 (62.5%) dist_goal=2.23
22:37:36 [INFO] [MPC] state=(+3.83,+5.12,-6.04) wp0=(+3.87,+5.15) v=+0.080 ω=-0.099 ok=True iters=11
22:37:36 [INFO] [PROG] s*=5.59/8.95 (62.5%) dist_goal=2.23
22:37:36 [INFO] [MPC] state=(+3.83,+5.12,-6.05) wp0=(+3.87,+5.15) v=+0.080 ω=+0.899 ok=True iters=8
22:37:36 [INFO] [PROG] s*=5.59/8.95 (62.5%) dist_goal=2.23
22:37:36 [INFO] [MPC] state=(+3.84,+5.12,-5.96) wp0=(+3.87,+5.15) v=+0.080 ω=-0.411 ok=True iters=12
22:37:36 [INFO] [PROG] s*=5.60/8.95 (62.5%) dist_goal=2.22
22:37:36 [INFO] [MPC] state=(+3.85,+5.12,-6.00) wp0=(+3.88,+5.15) v=+0.080 ω=+0.846 ok=True iters=12
22:37:36 [INFO] [PROG] s*=5.60/8.95 (62.5%) dist_goal=2.22
22:37:36 [INFO] [MPC] state=(+3.86,+5.13,-5.92) wp0=(+3.88,+5.15) v=+0.030 ω=-0.980 ok=True iters=10
22:37:36 [INFO] [PROG] s*=5.60/8.95 (62.6%) dist_goal=2.22
22:37:36 [INFO] [MPC] state=(+3.86,+5.13,-6.01) wp0=(+3.88,+5.15) v=+0.030 ω=-0.667 ok=True iters=10
22:37:36 [INFO] [PROG] s*=5.60/8.95 (62.6%) dist_goal=2.22
22:37:36 [INFO] [MPC] state=(+3.86,+5.13,-6.08) wp0=(+3.88,+5.15) v=+0.030 ω=-0.407 ok=True iters=11
22:37:36 [INFO] [PROG] s*=5.60/8.95 (62.6%) dist_goal=2.22
22:37:36 [INFO] [MPC] state=(+3.87,+5.13,-6.12) wp0=(+3.88,+5.15) v=+0.030 ω=-0.265 ok=True iters=14
22:37:36 [INFO] [PROG] s*=5.64/8.95 (63.0%) dist_goal=2.22
22:37:36 [INFO] [MPC] state=(+3.87,+5.13,-6.15) wp0=(+3.92,+5.15) v=+0.030 ω=-0.167 ok=True iters=12
22:37:36 [INFO] [PROG] s*=5.64/8.95 (63.1%) dist_goal=2.22
22:37:36 [INFO] [MPC] state=(+3.87,+5.13,-6.17) wp0=(+3.93,+5.15) v=+0.030 ω=-0.112 ok=True iters=12
22:37:36 [INFO] [PROG] s*=5.65/8.95 (63.1%) dist_goal=2.22
22:37:36 [INFO] [MPC] state=(+3.88,+5.13,-6.18) wp0=(+3.93,+5.15) v=+0.030 ω=-0.065 ok=True iters=11
22:37:36 [INFO] [PROG] s*=5.65/8.95 (63.1%) dist_goal=2.21
22:37:36 [INFO] [MPC] state=(+3.88,+5.13,-6.19) wp0=(+3.93,+5.15) v=+0.030 ω=-0.034 ok=True iters=11
22:37:36 [INFO] [PROG] s*=5.65/8.95 (63.2%) dist_goal=2.21
22:37:36 [INFO] [MPC] state=(+3.88,+5.13,-6.19) wp0=(+3.93,+5.15) v=+0.030 ω=-0.013 ok=True iters=10
22:37:36 [INFO] [PROG] s*=5.65/8.95 (63.2%) dist_goal=2.21
22:37:36 [INFO] [MPC] state=(+3.88,+5.13,-6.19) wp0=(+3.94,+5.15) v=+0.030 ω=+2.237 ok=True iters=16
22:37:36 [INFO] [PROG] s*=5.66/8.95 (63.2%) dist_goal=2.21
22:37:36 [INFO] [MPC] state=(+3.89,+5.13,-6.02) wp0=(+3.94,+5.15) v=+0.030 ω=+1.566 ok=True iters=9
22:37:36 [INFO] [PROG] s*=5.67/8.95 (63.3%) dist_goal=2.21
22:37:36 [INFO] [MPC] state=(+3.89,+5.13,-5.86) wp0=(+3.95,+5.15) v=+0.200 ω=+0.603 ok=True iters=8
22:37:36 [INFO] [PROG] s*=5.68/8.95 (63.5%) dist_goal=2.21
22:37:36 [INFO] [MPC] state=(+3.90,+5.14,-5.80) wp0=(+3.97,+5.15) v=+0.200 ω=+0.335 ok=True iters=8
22:37:36 [INFO] [PROG] s*=5.70/8.95 (63.7%) dist_goal=2.21
22:37:36 [INFO] [MPC] state=(+3.92,+5.15,-5.77) wp0=(+3.98,+5.15) v=+0.200 ω=+0.409 ok=True iters=7
22:37:36 [INFO] [PROG] s*=5.72/8.95 (63.9%) dist_goal=2.21
22:37:36 [INFO] [MPC] state=(+3.93,+5.16,-5.75) wp0=(+4.00,+5.15) v=+0.200 ω=-0.067 ok=True iters=7
22:37:36 [INFO] [PROG] s*=5.74/8.95 (64.1%) dist_goal=2.21
22:37:36 [INFO] [MPC] state=(+3.95,+5.17,-5.76) wp0=(+4.02,+5.15) v=+0.200 ω=-0.186 ok=True iters=7
22:37:36 [INFO] [PROG] s*=5.75/8.95 (64.3%) dist_goal=2.21
22:37:36 [INFO] [MPC] state=(+3.97,+5.18,-5.77) wp0=(+4.03,+5.15) v=+0.200 ω=-0.237 ok=True iters=7
22:37:37 [INFO] [PROG] s*=5.77/8.95 (64.5%) dist_goal=2.21
22:37:37 [INFO] [MPC] state=(+3.98,+5.19,-5.79) wp0=(+4.05,+5.15) v=+0.200 ω=-0.022 ok=True iters=7
22:37:37 [INFO] [PROG] s*=5.79/8.95 (64.7%) dist_goal=2.21
22:37:37 [INFO] [MPC] state=(+4.00,+5.20,-5.79) wp0=(+4.07,+5.15) v=+0.200 ω=-0.481 ok=True iters=7
22:37:37 [INFO] [PROG] s*=5.80/8.95 (64.9%) dist_goal=2.21
22:37:37 [INFO] [MPC] state=(+4.02,+5.21,-5.82) wp0=(+4.09,+5.15) v=+0.200 ω=-0.471 ok=True iters=7
22:37:37 [INFO] [PROG] s*=5.82/8.95 (65.1%) dist_goal=2.21
22:37:37 [INFO] [MPC] state=(+4.04,+5.22,-5.85) wp0=(+4.10,+5.15) v=+0.200 ω=-0.528 ok=True iters=7
22:37:37 [INFO] [PROG] s*=5.84/8.95 (65.3%) dist_goal=2.21
22:37:37 [INFO] [MPC] state=(+4.05,+5.22,-5.88) wp0=(+4.12,+5.15) v=+0.200 ω=-0.565 ok=True iters=7
22:37:37 [INFO] [PROG] s*=5.86/8.95 (65.4%) dist_goal=2.21
22:37:37 [INFO] [MPC] state=(+4.07,+5.23,-5.91) wp0=(+4.14,+5.15) v=+0.200 ω=-0.583 ok=True iters=7
22:37:37 [INFO] [PROG] s*=5.87/8.95 (65.7%) dist_goal=2.20
22:37:37 [INFO] [MPC] state=(+4.09,+5.24,-5.95) wp0=(+4.16,+5.15) v=+0.200 ω=-0.485 ok=True iters=7
22:37:37 [INFO] [PROG] s*=5.89/8.95 (65.8%) dist_goal=2.20
22:37:37 [INFO] [MPC] state=(+4.11,+5.24,-5.98) wp0=(+4.17,+5.15) v=+0.200 ω=-0.614 ok=True iters=7
22:37:37 [INFO] [PROG] s*=5.91/8.95 (66.0%) dist_goal=2.20
22:37:37 [INFO] [MPC] state=(+4.12,+5.25,-6.01) wp0=(+4.19,+5.15) v=+0.200 ω=-0.608 ok=True iters=7
22:37:37 [INFO] [PROG] s*=5.93/8.95 (66.3%) dist_goal=2.20
22:37:37 [INFO] [MPC] state=(+4.14,+5.25,-6.05) wp0=(+4.21,+5.15) v=+0.200 ω=-0.593 ok=True iters=7
22:37:37 [INFO] [PROG] s*=5.95/8.95 (66.5%) dist_goal=2.19
22:37:37 [INFO] [MPC] state=(+4.16,+5.26,-6.08) wp0=(+4.23,+5.15) v=+0.200 ω=-0.449 ok=True iters=7
22:37:37 [INFO] [PROG] s*=5.97/8.95 (66.7%) dist_goal=2.19
22:37:37 [INFO] [MPC] state=(+4.18,+5.26,-6.11) wp0=(+4.25,+5.15) v=+0.200 ω=-0.440 ok=True iters=7
22:37:37 [INFO] [PROG] s*=5.98/8.95 (66.9%) dist_goal=2.18
22:37:37 [INFO] [MPC] state=(+4.20,+5.26,-6.14) wp0=(+4.26,+5.15) v=+0.200 ω=-0.870 ok=True iters=7
22:37:37 [INFO] [PROG] s*=6.00/8.95 (67.1%) dist_goal=2.18
22:37:37 [INFO] [MPC] state=(+4.21,+5.27,-6.19) wp0=(+4.28,+5.15) v=+0.200 ω=-0.635 ok=True iters=7
22:37:37 [INFO] [PROG] s*=6.02/8.95 (67.3%) dist_goal=2.17
22:37:37 [INFO] [MPC] state=(+4.23,+5.27,-6.23) wp0=(+4.30,+5.15) v=+0.200 ω=-0.569 ok=True iters=7
22:37:37 [INFO] [PROG] s*=6.04/8.95 (67.5%) dist_goal=2.16
22:37:37 [INFO] [MPC] state=(+4.25,+5.27,-6.26) wp0=(+4.32,+5.15) v=+0.200 ω=-0.341 ok=True iters=7
22:37:37 [INFO] [PROG] s*=6.06/8.95 (67.7%) dist_goal=2.16
22:37:37 [INFO] [MPC] state=(+4.27,+5.27,-6.29) wp0=(+4.34,+5.15) v=+0.200 ω=-0.718 ok=True iters=7
22:37:37 [INFO] [PROG] s*=6.08/8.95 (67.9%) dist_goal=2.15
22:37:37 [INFO] [MPC] state=(+4.29,+5.27,-6.33) wp0=(+4.36,+5.15) v=+0.200 ω=-0.000 ok=True iters=7
22:37:37 [INFO] [PROG] s*=6.10/8.95 (68.1%) dist_goal=2.14
22:37:37 [INFO] [MPC] state=(+4.31,+5.27,-6.33) wp0=(+4.38,+5.15) v=+0.200 ω=+0.016 ok=True iters=7
22:37:37 [INFO] [PROG] s*=6.12/8.95 (68.4%) dist_goal=2.13
22:37:37 [INFO] [MPC] state=(+4.33,+5.27,-6.33) wp0=(+4.40,+5.15) v=+0.200 ω=+0.028 ok=True iters=7
22:37:37 [INFO] [PROG] s*=6.14/8.95 (68.6%) dist_goal=2.13
22:37:37 [INFO] [MPC] state=(+4.35,+5.26,-6.33) wp0=(+4.42,+5.15) v=+0.200 ω=+0.038 ok=True iters=7
22:37:37 [INFO] [PROG] s*=6.16/8.95 (68.8%) dist_goal=2.12
22:37:37 [INFO] [MPC] state=(+4.37,+5.26,-6.33) wp0=(+4.44,+5.15) v=+0.200 ω=+0.044 ok=True iters=7
22:37:37 [INFO] [PROG] s*=6.18/8.95 (69.0%) dist_goal=2.11
22:37:37 [INFO] [MPC] state=(+4.39,+5.26,-6.32) wp0=(+4.46,+5.15) v=+0.200 ω=+0.048 ok=True iters=7
22:37:37 [INFO] [PROG] s*=6.20/8.95 (69.3%) dist_goal=2.10
22:37:37 [INFO] [MPC] state=(+4.41,+5.26,-6.32) wp0=(+4.48,+5.15) v=+0.200 ω=+0.049 ok=True iters=7
22:37:37 [INFO] [PROG] s*=6.22/8.95 (69.5%) dist_goal=2.10
22:37:37 [INFO] [MPC] state=(+4.43,+5.26,-6.31) wp0=(+4.50,+5.15) v=+0.200 ω=+0.337 ok=True iters=7
22:37:37 [INFO] [PROG] s*=6.24/8.95 (69.7%) dist_goal=2.09
22:37:37 [INFO] [MPC] state=(+4.45,+5.26,-6.29) wp0=(+4.52,+5.15) v=+0.200 ω=+0.294 ok=True iters=7
22:37:37 [INFO] [PROG] s*=6.26/8.95 (69.9%) dist_goal=2.09
22:37:37 [INFO] [MPC] state=(+4.47,+5.26,-6.28) wp0=(+4.54,+5.15) v=+0.200 ω=+0.255 ok=True iters=7
22:37:37 [INFO] [PROG] s*=6.28/8.95 (70.1%) dist_goal=2.08
22:37:37 [INFO] [MPC] state=(+4.49,+5.26,-6.26) wp0=(+4.56,+5.15) v=+0.200 ω=+0.213 ok=True iters=7
22:37:37 [INFO] [PROG] s*=6.30/8.95 (70.3%) dist_goal=2.08
22:37:37 [INFO] [MPC] state=(+4.51,+5.26,-6.25) wp0=(+4.58,+5.15) v=+0.200 ω=+0.173 ok=True iters=7
22:37:37 [INFO] [PROG] s*=6.31/8.95 (70.6%) dist_goal=2.08
22:37:37 [INFO] [MPC] state=(+4.53,+5.26,-6.23) wp0=(+4.60,+5.15) v=+0.200 ω=-0.480 ok=True iters=7
22:37:37 [INFO] [PROG] s*=6.33/8.95 (70.8%) dist_goal=2.07
22:37:37 [INFO] [MPC] state=(+4.55,+5.26,-6.26) wp0=(+4.61,+5.15) v=+0.200 ω=-0.262 ok=True iters=7
22:37:37 [INFO] [PROG] s*=6.35/8.95 (71.0%) dist_goal=2.07
22:37:37 [INFO] [MPC] state=(+4.56,+5.26,-6.28) wp0=(+4.63,+5.15) v=+0.200 ω=-0.207 ok=True iters=7
22:37:37 [INFO] [PROG] s*=6.37/8.95 (71.2%) dist_goal=2.06
22:37:37 [INFO] [MPC] state=(+4.58,+5.26,-6.30) wp0=(+4.65,+5.15) v=+0.200 ω=-0.163 ok=True iters=7
22:37:37 [INFO] [PROG] s*=6.39/8.95 (71.4%) dist_goal=2.06
22:37:37 [INFO] [MPC] state=(+4.60,+5.26,-6.32) wp0=(+4.68,+5.15) v=+0.200 ω=+0.032 ok=True iters=7
22:37:37 [INFO] [PROG] s*=6.41/8.95 (71.7%) dist_goal=2.05
22:37:37 [INFO] [MPC] state=(+4.63,+5.26,-6.31) wp0=(+4.70,+5.15) v=+0.200 ω=+0.035 ok=True iters=7
22:37:37 [INFO] [PROG] s*=6.43/8.95 (71.9%) dist_goal=2.05
22:37:37 [INFO] [MPC] state=(+4.65,+5.26,-6.31) wp0=(+4.71,+5.15) v=+0.200 ω=+0.324 ok=True iters=7
22:37:37 [INFO] [PROG] s*=6.45/8.95 (72.1%) dist_goal=2.04
22:37:37 [INFO] [MPC] state=(+4.66,+5.26,-6.29) wp0=(+4.73,+5.15) v=+0.200 ω=+0.283 ok=True iters=7
22:37:37 [INFO] [PROG] s*=6.47/8.95 (72.3%) dist_goal=2.04
22:37:37 [INFO] [MPC] state=(+4.68,+5.26,-6.27) wp0=(+4.75,+5.15) v=+0.200 ω=+0.247 ok=True iters=7
22:37:37 [INFO] [PROG] s*=6.49/8.95 (72.5%) dist_goal=2.04
22:37:37 [INFO] [MPC] state=(+4.70,+5.26,-6.26) wp0=(+4.77,+5.15) v=+0.200 ω=+0.201 ok=True iters=7
22:37:37 [INFO] [PROG] s*=6.51/8.95 (72.7%) dist_goal=2.04
22:37:37 [INFO] [MPC] state=(+4.72,+5.26,-6.25) wp0=(+4.79,+5.15) v=+0.200 ω=-0.455 ok=True iters=7
22:37:37 [INFO] [PROG] s*=6.53/8.95 (73.0%) dist_goal=2.03
22:37:37 [INFO] [MPC] state=(+4.74,+5.26,-6.28) wp0=(+4.81,+5.15) v=+0.200 ω=+0.207 ok=True iters=7
22:37:37 [INFO] [PROG] s*=6.55/8.95 (73.2%) dist_goal=2.03
22:37:37 [INFO] [MPC] state=(+4.76,+5.26,-6.26) wp0=(+4.83,+5.15) v=+0.200 ω=+0.151 ok=True iters=7
22:37:37 [INFO] [PROG] s*=6.57/8.95 (73.4%) dist_goal=2.03
22:37:37 [INFO] [MPC] state=(+4.78,+5.26,-6.25) wp0=(+4.85,+5.15) v=+0.200 ω=-0.509 ok=True iters=8
22:37:37 [INFO] [PROG] s*=6.59/8.95 (73.6%) dist_goal=2.03
22:37:37 [INFO] [MPC] state=(+4.80,+5.26,-6.28) wp0=(+4.87,+5.15) v=+0.200 ω=-0.285 ok=True iters=8
22:37:37 [INFO] [PROG] s*=6.61/8.95 (73.8%) dist_goal=2.02
22:37:37 [INFO] [MPC] state=(+4.82,+5.26,-6.31) wp0=(+4.89,+5.15) v=+0.200 ω=-0.244 ok=True iters=8
22:37:37 [INFO] [PROG] s*=6.63/8.95 (74.1%) dist_goal=2.02
22:37:37 [INFO] [MPC] state=(+4.84,+5.26,-6.32) wp0=(+4.91,+5.15) v=+0.200 ω=-0.072 ok=True iters=8
22:37:37 [INFO] [PROG] s*=6.65/8.95 (74.3%) dist_goal=2.02
22:37:37 [INFO] [MPC] state=(+4.86,+5.26,-6.33) wp0=(+4.93,+5.15) v=+0.200 ω=-0.071 ok=True iters=8
22:37:37 [INFO] [PROG] s*=6.67/8.95 (74.5%) dist_goal=2.01
22:37:37 [INFO] [MPC] state=(+4.88,+5.26,-6.34) wp0=(+4.95,+5.15) v=+0.200 ω=-0.070 ok=True iters=8
22:37:37 [INFO] [PROG] s*=6.69/8.95 (74.7%) dist_goal=2.01
22:37:37 [INFO] [MPC] state=(+4.90,+5.26,-6.35) wp0=(+4.97,+5.15) v=+0.200 ω=-0.276 ok=True iters=8
22:37:37 [INFO] [PROG] s*=6.71/8.95 (75.0%) dist_goal=2.01
22:37:37 [INFO] [MPC] state=(+4.92,+5.26,-6.36) wp0=(+4.99,+5.15) v=+0.200 ω=-0.258 ok=True iters=9
22:37:37 [INFO] [PROG] s*=6.73/8.95 (75.2%) dist_goal=2.01
22:37:37 [INFO] [MPC] state=(+4.94,+5.26,-6.38) wp0=(+5.01,+5.15) v=+0.200 ω=-0.240 ok=True iters=9
22:37:37 [INFO] [PROG] s*=6.74/8.95 (75.4%) dist_goal=2.00
22:37:37 [INFO] [MPC] state=(+4.96,+5.25,-6.40) wp0=(+5.03,+5.15) v=+0.200 ω=-0.687 ok=True iters=10
22:37:37 [INFO] [PROG] s*=6.76/8.95 (75.6%) dist_goal=2.00
22:37:37 [INFO] [MPC] state=(+4.98,+5.25,-6.44) wp0=(+5.04,+5.15) v=+0.200 ω=-0.988 ok=True iters=8
22:37:37 [INFO] [PROG] s*=6.78/8.95 (75.7%) dist_goal=2.00
22:37:37 [INFO] [MPC] state=(+4.99,+5.25,-6.49) wp0=(+5.06,+5.15) v=+0.200 ω=-1.812 ok=True iters=7
22:37:37 [INFO] [PROG] s*=6.79/8.95 (75.9%) dist_goal=1.99
22:37:37 [INFO] [MPC] state=(+5.01,+5.24,-6.59) wp0=(+5.07,+5.15) v=+0.200 ω=-1.896 ok=True iters=8
22:37:37 [INFO] [PROG] s*=6.80/8.95 (76.0%) dist_goal=1.98
22:37:37 [INFO] [MPC] state=(+5.02,+5.24,-6.69) wp0=(+5.08,+5.15) v=+0.200 ω=-1.874 ok=True iters=7
22:37:37 [INFO] [PROG] s*=6.81/8.95 (76.1%) dist_goal=1.98
22:37:37 [INFO] [MPC] state=(+5.03,+5.23,-6.79) wp0=(+5.09,+5.15) v=+0.200 ω=-1.882 ok=True iters=7
22:37:37 [INFO] [PROG] s*=6.82/8.95 (76.3%) dist_goal=1.97
22:37:37 [INFO] [MPC] state=(+5.04,+5.23,-6.89) wp0=(+5.11,+5.15) v=+0.200 ω=-1.451 ok=True iters=8
22:37:37 [INFO] [PROG] s*=6.84/8.95 (76.4%) dist_goal=1.96
22:37:37 [INFO] [MPC] state=(+5.06,+5.22,-6.96) wp0=(+5.12,+5.15) v=+0.200 ω=-1.221 ok=True iters=8
22:37:37 [INFO] [PROG] s*=6.85/8.95 (76.5%) dist_goal=1.94
22:37:37 [INFO] [MPC] state=(+5.07,+5.21,-7.03) wp0=(+5.13,+5.15) v=+0.200 ω=-0.897 ok=True iters=8
22:37:37 [INFO] [PROG] s*=6.86/8.95 (76.7%) dist_goal=1.93
22:37:37 [INFO] [MPC] state=(+5.08,+5.19,-7.08) wp0=(+5.14,+5.15) v=+0.200 ω=-0.696 ok=True iters=8
22:37:37 [INFO] [PROG] s*=6.87/8.95 (76.8%) dist_goal=1.92
22:37:37 [INFO] [MPC] state=(+5.09,+5.18,-7.12) wp0=(+5.15,+5.14) v=+0.200 ω=-0.345 ok=True iters=8
22:37:37 [INFO] [PROG] s*=6.89/8.95 (77.0%) dist_goal=1.90
22:37:37 [INFO] [MPC] state=(+5.11,+5.17,-7.14) wp0=(+5.15,+5.13) v=+0.200 ω=-0.320 ok=True iters=7
22:37:37 [INFO] [PROG] s*=6.90/8.95 (77.1%) dist_goal=1.89
22:37:37 [INFO] [MPC] state=(+5.12,+5.15,-7.17) wp0=(+5.15,+5.12) v=+0.200 ω=-0.373 ok=True iters=7
22:37:37 [INFO] [PROG] s*=6.95/8.95 (77.6%) dist_goal=1.87
22:37:37 [INFO] [MPC] state=(+5.13,+5.14,-7.19) wp0=(+5.15,+5.07) v=+0.200 ω=-0.405 ok=True iters=8
22:37:37 [INFO] [PROG] s*=6.96/8.95 (77.8%) dist_goal=1.86
22:37:37 [INFO] [MPC] state=(+5.14,+5.12,-7.22) wp0=(+5.15,+5.06) v=+0.200 ω=-0.550 ok=True iters=8
22:37:37 [INFO] [PROG] s*=6.98/8.95 (78.0%) dist_goal=1.84
22:37:37 [INFO] [MPC] state=(+5.15,+5.11,-7.25) wp0=(+5.15,+5.04) v=+0.200 ω=-0.536 ok=True iters=8
22:37:37 [INFO] [PROG] s*=6.99/8.95 (78.2%) dist_goal=1.83
22:37:37 [INFO] [MPC] state=(+5.16,+5.09,-7.28) wp0=(+5.15,+5.02) v=+0.200 ω=-0.502 ok=True iters=8
22:37:37 [INFO] [PROG] s*=7.01/8.95 (78.4%) dist_goal=1.81
22:37:37 [INFO] [MPC] state=(+5.17,+5.07,-7.31) wp0=(+5.15,+5.01) v=+0.200 ω=-0.476 ok=True iters=7
22:37:37 [INFO] [PROG] s*=7.03/8.95 (78.5%) dist_goal=1.80
22:37:37 [INFO] [MPC] state=(+5.18,+5.06,-7.34) wp0=(+5.15,+4.99) v=+0.200 ω=-0.500 ok=True iters=7
22:37:37 [INFO] [PROG] s*=7.05/8.95 (78.7%) dist_goal=1.78
22:37:37 [INFO] [MPC] state=(+5.19,+5.04,-7.37) wp0=(+5.15,+4.97) v=+0.200 ω=-0.429 ok=True iters=7
22:37:37 [INFO] [PROG] s*=7.06/8.95 (78.9%) dist_goal=1.76
22:37:37 [INFO] [MPC] state=(+5.20,+5.02,-7.40) wp0=(+5.15,+4.96) v=+0.200 ω=-0.859 ok=True iters=7
22:37:37 [INFO] [PROG] s*=7.08/8.95 (79.1%) dist_goal=1.75
22:37:37 [INFO] [MPC] state=(+5.21,+5.01,-7.45) wp0=(+5.15,+4.94) v=+0.200 ω=-0.717 ok=True iters=7
22:37:37 [INFO] [PROG] s*=7.09/8.95 (79.3%) dist_goal=1.73
22:37:37 [INFO] [MPC] state=(+5.22,+4.99,-7.49) wp0=(+5.15,+4.92) v=+0.200 ω=-0.708 ok=True iters=7
22:37:37 [INFO] [PROG] s*=7.11/8.95 (79.5%) dist_goal=1.72
22:37:37 [INFO] [MPC] state=(+5.22,+4.97,-7.53) wp0=(+5.15,+4.91) v=+0.200 ω=-0.686 ok=True iters=7
22:37:37 [INFO] [PROG] s*=7.13/8.95 (79.7%) dist_goal=1.70
22:37:37 [INFO] [MPC] state=(+5.23,+4.96,-7.56) wp0=(+5.15,+4.89) v=+0.200 ω=-0.659 ok=True iters=7
22:37:37 [INFO] [PROG] s*=7.15/8.95 (79.9%) dist_goal=1.68
22:37:37 [INFO] [MPC] state=(+5.23,+4.94,-7.60) wp0=(+5.15,+4.87) v=+0.200 ω=-0.513 ok=True iters=7
22:37:37 [INFO] [PROG] s*=7.17/8.95 (80.1%) dist_goal=1.66
22:37:37 [INFO] [MPC] state=(+5.24,+4.92,-7.63) wp0=(+5.15,+4.85) v=+0.200 ω=-0.500 ok=True iters=7
22:37:37 [INFO] [PROG] s*=7.19/8.95 (80.3%) dist_goal=1.64
22:37:37 [INFO] [MPC] state=(+5.24,+4.90,-7.66) wp0=(+5.15,+4.83) v=+0.200 ω=-0.007 ok=True iters=7
22:37:37 [INFO] [PROG] s*=7.21/8.95 (80.5%) dist_goal=1.62
22:37:37 [INFO] [MPC] state=(+5.24,+4.88,-7.67) wp0=(+5.15,+4.81) v=+0.200 ω=-0.067 ok=True iters=7
22:37:37 [INFO] [PROG] s*=7.23/8.95 (80.8%) dist_goal=1.61
22:37:37 [INFO] [MPC] state=(+5.25,+4.86,-7.67) wp0=(+5.15,+4.79) v=+0.200 ω=-0.113 ok=True iters=7
22:37:37 [INFO] [PROG] s*=7.25/8.95 (81.0%) dist_goal=1.59
22:37:37 [INFO] [MPC] state=(+5.25,+4.84,-7.68) wp0=(+5.15,+4.77) v=+0.200 ω=-0.309 ok=True iters=7
22:37:37 [INFO] [PROG] s*=7.26/8.95 (81.2%) dist_goal=1.57
22:37:37 [INFO] [MPC] state=(+5.26,+4.82,-7.71) wp0=(+5.15,+4.75) v=+0.200 ω=-0.311 ok=True iters=7
22:37:37 [INFO] [PROG] s*=7.28/8.95 (81.4%) dist_goal=1.55
22:37:37 [INFO] [MPC] state=(+5.26,+4.80,-7.73) wp0=(+5.15,+4.73) v=+0.200 ω=-0.308 ok=True iters=7
22:37:37 [INFO] [PROG] s*=7.30/8.95 (81.6%) dist_goal=1.53
22:37:37 [INFO] [MPC] state=(+5.26,+4.78,-7.75) wp0=(+5.15,+4.72) v=+0.200 ω=-0.585 ok=True iters=7
22:37:37 [INFO] [PROG] s*=7.32/8.95 (81.8%) dist_goal=1.51
22:37:37 [INFO] [MPC] state=(+5.26,+4.77,-7.78) wp0=(+5.15,+4.70) v=+0.200 ω=-0.532 ok=True iters=7
22:37:37 [INFO] [PROG] s*=7.34/8.95 (82.0%) dist_goal=1.49
22:37:37 [INFO] [MPC] state=(+5.26,+4.75,-7.81) wp0=(+5.15,+4.68) v=+0.200 ω=-0.471 ok=True iters=7
22:37:37 [INFO] [PROG] s*=7.36/8.95 (82.2%) dist_goal=1.47
22:37:37 [INFO] [MPC] state=(+5.26,+4.73,-7.85) wp0=(+5.15,+4.66) v=+0.200 ω=-0.237 ok=True iters=7
22:37:37 [INFO] [PROG] s*=7.38/8.95 (82.5%) dist_goal=1.45
22:37:37 [INFO] [MPC] state=(+5.26,+4.71,-7.87) wp0=(+5.15,+4.64) v=+0.200 ω=-0.187 ok=True iters=7
22:37:37 [INFO] [PROG] s*=7.40/8.95 (82.7%) dist_goal=1.43
22:37:37 [INFO] [MPC] state=(+5.26,+4.69,-7.88) wp0=(+5.15,+4.62) v=+0.200 ω=+0.005 ok=True iters=7
22:37:37 [INFO] [PROG] s*=7.42/8.95 (82.9%) dist_goal=1.41
22:37:37 [INFO] [MPC] state=(+5.26,+4.67,-7.88) wp0=(+5.15,+4.60) v=+0.200 ω=+0.014 ok=True iters=7
22:37:37 [INFO] [PROG] s*=7.44/8.95 (83.1%) dist_goal=1.40
22:37:37 [INFO] [MPC] state=(+5.26,+4.65,-7.88) wp0=(+5.15,+4.58) v=+0.200 ω=+0.307 ok=True iters=7
22:37:37 [INFO] [PROG] s*=7.46/8.95 (83.3%) dist_goal=1.38
22:37:37 [INFO] [MPC] state=(+5.26,+4.63,-7.86) wp0=(+5.15,+4.56) v=+0.200 ω=+0.265 ok=True iters=7
22:37:37 [INFO] [PROG] s*=7.48/8.95 (83.6%) dist_goal=1.36
22:37:37 [INFO] [MPC] state=(+5.26,+4.61,-7.84) wp0=(+5.15,+4.54) v=+0.200 ω=+0.230 ok=True iters=7
22:37:37 [INFO] [PROG] s*=7.50/8.95 (83.8%) dist_goal=1.34
22:37:37 [INFO] [MPC] state=(+5.26,+4.59,-7.83) wp0=(+5.15,+4.52) v=+0.200 ω=+0.187 ok=True iters=7
22:37:37 [INFO] [PROG] s*=7.52/8.95 (84.0%) dist_goal=1.32
22:37:37 [INFO] [MPC] state=(+5.26,+4.57,-7.82) wp0=(+5.15,+4.50) v=+0.200 ω=-0.459 ok=True iters=7
22:37:37 [INFO] [PROG] s*=7.54/8.95 (84.2%) dist_goal=1.30
22:37:37 [INFO] [MPC] state=(+5.26,+4.55,-7.85) wp0=(+5.15,+4.48) v=+0.200 ω=-0.233 ok=True iters=7
22:37:37 [INFO] [PROG] s*=7.56/8.95 (84.4%) dist_goal=1.28
22:37:37 [INFO] [MPC] state=(+5.26,+4.53,-7.87) wp0=(+5.15,+4.46) v=+0.200 ω=-0.168 ok=True iters=7
22:37:37 [INFO] [PROG] s*=7.58/8.95 (84.7%) dist_goal=1.26
22:37:37 [INFO] [MPC] state=(+5.26,+4.51,-7.88) wp0=(+5.15,+4.44) v=+0.200 ω=+0.022 ok=True iters=7
22:37:37 [INFO] [PROG] s*=7.60/8.95 (84.9%) dist_goal=1.24
22:37:37 [INFO] [MPC] state=(+5.26,+4.49,-7.88) wp0=(+5.15,+4.42) v=+0.200 ω=+0.026 ok=True iters=7
22:37:37 [INFO] [PROG] s*=7.62/8.95 (85.1%) dist_goal=1.22
22:37:37 [INFO] [MPC] state=(+5.26,+4.47,-7.88) wp0=(+5.15,+4.40) v=+0.200 ω=+0.316 ok=True iters=7
22:37:37 [INFO] [PROG] s*=7.63/8.95 (85.3%) dist_goal=1.20
22:37:37 [INFO] [MPC] state=(+5.26,+4.45,-7.86) wp0=(+5.15,+4.38) v=+0.200 ω=+0.282 ok=True iters=7
22:37:37 [INFO] [PROG] s*=7.65/8.95 (85.5%) dist_goal=1.18
22:37:37 [INFO] [MPC] state=(+5.26,+4.43,-7.84) wp0=(+5.15,+4.36) v=+0.200 ω=+0.238 ok=True iters=7
22:37:37 [INFO] [PROG] s*=7.67/8.95 (85.8%) dist_goal=1.16
22:37:37 [INFO] [MPC] state=(+5.26,+4.41,-7.83) wp0=(+5.15,+4.34) v=+0.200 ω=+0.201 ok=True iters=7
22:37:37 [INFO] [PROG] s*=7.69/8.95 (86.0%) dist_goal=1.15
22:37:37 [INFO] [MPC] state=(+5.26,+4.39,-7.82) wp0=(+5.15,+4.33) v=+0.200 ω=-0.451 ok=True iters=7
22:37:37 [INFO] [PROG] s*=7.71/8.95 (86.2%) dist_goal=1.13
22:37:37 [INFO] [MPC] state=(+5.26,+4.38,-7.85) wp0=(+5.15,+4.31) v=+0.200 ω=-0.221 ok=True iters=7
22:37:37 [INFO] [PROG] s*=7.73/8.95 (86.4%) dist_goal=1.11
22:37:37 [INFO] [MPC] state=(+5.26,+4.36,-7.86) wp0=(+5.15,+4.29) v=+0.200 ω=-0.175 ok=True iters=7
22:37:37 [INFO] [PROG] s*=7.75/8.95 (86.6%) dist_goal=1.09
22:37:37 [INFO] [MPC] state=(+5.26,+4.34,-7.88) wp0=(+5.15,+4.27) v=+0.200 ω=-0.134 ok=True iters=7
22:37:37 [INFO] [PROG] s*=7.77/8.95 (86.9%) dist_goal=1.07
22:37:37 [INFO] [MPC] state=(+5.26,+4.32,-7.89) wp0=(+5.15,+4.25) v=+0.200 ω=+0.049 ok=True iters=7
22:37:37 [INFO] [PROG] s*=7.79/8.95 (87.1%) dist_goal=1.05
22:37:37 [INFO] [MPC] state=(+5.26,+4.30,-7.88) wp0=(+5.15,+4.23) v=+0.200 ω=+0.337 ok=True iters=7
22:37:37 [INFO] [PROG] s*=7.81/8.95 (87.3%) dist_goal=1.03
22:37:37 [INFO] [MPC] state=(+5.26,+4.28,-7.86) wp0=(+5.15,+4.21) v=+0.200 ω=+0.293 ok=True iters=7
22:37:37 [INFO] [PROG] s*=7.83/8.95 (87.5%) dist_goal=1.01
22:37:37 [INFO] [MPC] state=(+5.26,+4.26,-7.85) wp0=(+5.15,+4.19) v=+0.200 ω=+0.255 ok=True iters=7
22:37:37 [INFO] [PROG] s*=7.85/8.95 (87.7%) dist_goal=0.99
22:37:37 [INFO] [MPC] state=(+5.26,+4.24,-7.83) wp0=(+5.15,+4.17) v=+0.200 ω=+0.210 ok=True iters=7
22:37:37 [INFO] [PROG] s*=7.87/8.95 (87.9%) dist_goal=0.97
22:37:37 [INFO] [MPC] state=(+5.26,+4.22,-7.82) wp0=(+5.15,+4.15) v=+0.200 ω=+0.171 ok=True iters=7
22:37:37 [INFO] [PROG] s*=7.89/8.95 (88.1%) dist_goal=0.95
22:37:37 [INFO] [MPC] state=(+5.26,+4.20,-7.81) wp0=(+5.15,+4.13) v=+0.200 ω=-0.477 ok=True iters=7
22:37:37 [INFO] [PROG] s*=7.91/8.95 (88.4%) dist_goal=0.94
22:37:37 [INFO] [MPC] state=(+5.26,+4.18,-7.84) wp0=(+5.15,+4.11) v=+0.200 ω=-0.248 ok=True iters=7
22:37:37 [INFO] [PROG] s*=7.93/8.95 (88.6%) dist_goal=0.92
22:37:37 [INFO] [MPC] state=(+5.26,+4.16,-7.86) wp0=(+5.15,+4.09) v=+0.200 ω=-0.203 ok=True iters=7
22:37:37 [INFO] [PROG] s*=7.95/8.95 (88.8%) dist_goal=0.90
22:37:37 [INFO] [MPC] state=(+5.26,+4.14,-7.87) wp0=(+5.15,+4.07) v=+0.200 ω=-0.149 ok=True iters=7
22:37:37 [INFO] [PROG] s*=7.97/8.95 (89.0%) dist_goal=0.88
22:37:37 [INFO] [MPC] state=(+5.26,+4.12,-7.89) wp0=(+5.15,+4.05) v=+0.200 ω=+0.035 ok=True iters=7
22:37:37 [INFO] [PROG] s*=7.99/8.95 (89.3%) dist_goal=0.86
22:37:37 [INFO] [MPC] state=(+5.26,+4.10,-7.88) wp0=(+5.15,+4.03) v=+0.200 ω=+0.326 ok=True iters=7
22:37:37 [INFO] [PROG] s*=8.01/8.95 (89.5%) dist_goal=0.84
22:37:37 [INFO] [MPC] state=(+5.26,+4.08,-7.87) wp0=(+5.15,+4.01) v=+0.200 ω=+0.292 ok=True iters=7
22:37:37 [INFO] [PROG] s*=8.03/8.95 (89.7%) dist_goal=0.82
22:37:37 [INFO] [MPC] state=(+5.26,+4.06,-7.85) wp0=(+5.15,+3.99) v=+0.200 ω=+0.249 ok=True iters=7
22:37:37 [INFO] [PROG] s*=8.04/8.95 (89.9%) dist_goal=0.80
22:37:37 [INFO] [MPC] state=(+5.26,+4.04,-7.83) wp0=(+5.15,+3.97) v=+0.200 ω=+0.213 ok=True iters=7
22:37:37 [INFO] [PROG] s*=8.06/8.95 (90.1%) dist_goal=0.78
22:37:37 [INFO] [MPC] state=(+5.26,+4.02,-7.82) wp0=(+5.15,+3.95) v=+0.200 ω=-0.441 ok=True iters=7
22:37:37 [INFO] [PROG] s*=8.08/8.95 (90.3%) dist_goal=0.77
22:37:37 [INFO] [MPC] state=(+5.26,+4.00,-7.85) wp0=(+5.15,+3.94) v=+0.196 ω=+0.229 ok=True iters=7
22:37:37 [INFO] [PROG] s*=8.10/8.95 (90.5%) dist_goal=0.75
22:37:37 [INFO] [MPC] state=(+5.26,+3.99,-7.83) wp0=(+5.15,+3.92) v=+0.191 ω=-0.202 ok=True iters=8
22:37:37 [INFO] [PROG] s*=8.12/8.95 (90.8%) dist_goal=0.73
22:37:37 [INFO] [MPC] state=(+5.26,+3.97,-7.86) wp0=(+5.15,+3.90) v=+0.187 ω=-0.193 ok=True iters=7
22:37:37 [INFO] [PROG] s*=8.14/8.95 (91.0%) dist_goal=0.71
22:37:37 [INFO] [MPC] state=(+5.26,+3.95,-7.88) wp0=(+5.15,+3.88) v=+0.182 ω=-0.129 ok=True iters=7
22:37:37 [INFO] [PROG] s*=8.16/8.95 (91.2%) dist_goal=0.69
22:37:37 [INFO] [MPC] state=(+5.26,+3.93,-7.89) wp0=(+5.15,+3.86) v=+0.178 ω=+0.047 ok=True iters=7
22:37:37 [INFO] [PROG] s*=8.17/8.95 (91.4%) dist_goal=0.68
22:37:37 [INFO] [MPC] state=(+5.26,+3.91,-7.89) wp0=(+5.15,+3.84) v=+0.173 ω=+0.338 ok=True iters=8
22:37:37 [INFO] [PROG] s*=8.19/8.95 (91.5%) dist_goal=0.66
22:37:37 [INFO] [MPC] state=(+5.26,+3.89,-7.85) wp0=(+5.15,+3.83) v=+0.169 ω=+0.268 ok=True iters=8
22:37:37 [INFO] [PROG] s*=8.21/8.95 (91.7%) dist_goal=0.65
22:37:37 [INFO] [MPC] state=(+5.26,+3.88,-7.83) wp0=(+5.15,+3.81) v=+0.165 ω=+0.203 ok=True iters=8
22:37:37 [INFO] [PROG] s*=8.22/8.95 (91.9%) dist_goal=0.63
22:37:37 [INFO] [MPC] state=(+5.26,+3.86,-7.81) wp0=(+5.15,+3.79) v=+0.162 ω=-0.411 ok=True iters=8
22:37:37 [INFO] [PROG] s*=8.24/8.95 (92.1%) dist_goal=0.62
22:37:37 [INFO] [MPC] state=(+5.26,+3.84,-7.86) wp0=(+5.15,+3.78) v=+0.158 ω=+0.256 ok=True iters=8
22:37:37 [INFO] [PROG] s*=8.26/8.95 (92.3%) dist_goal=0.60
22:37:37 [INFO] [MPC] state=(+5.26,+3.83,-7.83) wp0=(+5.15,+3.76) v=+0.154 ω=+0.194 ok=True iters=8
22:37:37 [INFO] [PROG] s*=8.27/8.95 (92.4%) dist_goal=0.59
22:37:37 [INFO] [MPC] state=(+5.26,+3.81,-7.82) wp0=(+5.15,+3.75) v=+0.151 ω=-0.403 ok=True iters=8
22:37:37 [INFO] [PROG] s*=8.29/8.95 (92.6%) dist_goal=0.57
22:37:37 [INFO] [MPC] state=(+5.26,+3.80,-7.86) wp0=(+5.15,+3.73) v=+0.147 ω=-0.166 ok=True iters=8
22:37:37 [INFO] [PROG] s*=8.30/8.95 (92.7%) dist_goal=0.56
22:37:37 [INFO] [MPC] state=(+5.26,+3.78,-7.88) wp0=(+5.15,+3.72) v=+0.144 ω=-0.110 ok=True iters=8
22:37:37 [INFO] [PROG] s*=8.31/8.95 (92.9%) dist_goal=0.55
22:37:37 [INFO] [MPC] state=(+5.26,+3.77,-7.89) wp0=(+5.15,+3.70) v=+0.140 ω=+0.036 ok=True iters=7
22:37:37 [INFO] [PROG] s*=8.33/8.95 (93.1%) dist_goal=0.53
22:37:37 [INFO] [MPC] state=(+5.26,+3.75,-7.88) wp0=(+5.15,+3.69) v=+0.137 ω=+0.034 ok=True iters=7
22:37:37 [INFO] [PROG] s*=8.34/8.95 (93.2%) dist_goal=0.52
22:37:37 [INFO] [MPC] state=(+5.26,+3.74,-7.88) wp0=(+5.15,+3.68) v=+0.134 ω=+0.319 ok=True iters=7
22:37:37 [INFO] [PROG] s*=8.35/8.95 (93.3%) dist_goal=0.51
22:37:37 [INFO] [MPC] state=(+5.26,+3.73,-7.85) wp0=(+5.15,+3.67) v=+0.131 ω=+0.243 ok=True iters=7
22:37:37 [INFO] [PROG] s*=8.37/8.95 (93.5%) dist_goal=0.50
22:37:37 [INFO] [MPC] state=(+5.26,+3.72,-7.83) wp0=(+5.15,+3.65) v=+0.128 ω=+0.180 ok=True iters=7
22:37:37 [INFO] [PROG] s*=8.38/8.95 (93.6%) dist_goal=0.49
22:37:37 [INFO] [MPC] state=(+5.26,+3.70,-7.81) wp0=(+5.15,+3.64) v=+0.125 ω=-0.365 ok=True iters=7
22:37:37 [INFO] [PROG] s*=8.39/8.95 (93.8%) dist_goal=0.48
22:37:37 [INFO] [MPC] state=(+5.26,+3.69,-7.85) wp0=(+5.15,+3.63) v=+0.122 ω=+0.221 ok=True iters=7
22:37:37 [INFO] [PROG] s*=8.40/8.95 (93.9%) dist_goal=0.47
22:37:37 [INFO] [MPC] state=(+5.26,+3.68,-7.83) wp0=(+5.15,+3.62) v=+0.119 ω=-0.160 ok=True iters=8
22:37:37 [INFO] [PROG] s*=8.41/8.95 (94.0%) dist_goal=0.46
22:37:37 [INFO] [MPC] state=(+5.26,+3.67,-7.85) wp0=(+5.15,+3.60) v=+0.117 ω=-0.188 ok=True iters=7
22:37:37 [INFO] [PROG] s*=8.43/8.95 (94.2%) dist_goal=0.45
22:37:37 [INFO] [MPC] state=(+5.26,+3.65,-7.87) wp0=(+5.15,+3.59) v=+0.114 ω=-0.127 ok=True iters=7
22:37:37 [INFO] [PROG] s*=8.44/8.95 (94.3%) dist_goal=0.44
22:37:37 [INFO] [MPC] state=(+5.26,+3.64,-7.88) wp0=(+5.15,+3.58) v=+0.112 ω=-0.010 ok=True iters=7
22:37:37 [INFO] [PROG] s*=8.45/8.95 (94.4%) dist_goal=0.43
22:37:37 [INFO] [MPC] state=(+5.26,+3.63,-7.88) wp0=(+5.15,+3.57) v=+0.109 ω=-0.010 ok=True iters=7
22:37:37 [INFO] [PROG] s*=8.46/8.95 (94.5%) dist_goal=0.42
22:37:37 [INFO] [MPC] state=(+5.26,+3.62,-7.88) wp0=(+5.15,+3.56) v=+0.107 ω=+0.265 ok=True iters=7
22:37:37 [INFO] [PROG] s*=8.47/8.95 (94.6%) dist_goal=0.41
22:37:37 [INFO] [MPC] state=(+5.26,+3.61,-7.86) wp0=(+5.15,+3.55) v=+0.104 ω=+0.195 ok=True iters=7
22:37:37 [INFO] [PROG] s*=8.48/8.95 (94.8%) dist_goal=0.40
22:37:37 [INFO] [MPC] state=(+5.26,+3.60,-7.84) wp0=(+5.15,+3.54) v=+0.102 ω=+0.129 ok=True iters=7
22:37:38 [INFO] [PROG] s*=8.49/8.95 (94.9%) dist_goal=0.39
22:37:38 [INFO] [MPC] state=(+5.26,+3.59,-7.83) wp0=(+5.15,+3.53) v=+0.100 ω=+0.092 ok=True iters=7
22:37:38 [INFO] [PROG] s*=8.50/8.95 (95.0%) dist_goal=0.38
22:37:38 [INFO] [MPC] state=(+5.26,+3.58,-7.82) wp0=(+5.15,+3.52) v=+0.098 ω=-0.364 ok=True iters=7
22:37:38 [INFO] [PROG] s*=8.51/8.95 (95.1%) dist_goal=0.38
22:37:38 [INFO] [MPC] state=(+5.26,+3.57,-7.86) wp0=(+5.15,+3.51) v=+0.096 ω=+0.178 ok=True iters=7
22:37:38 [INFO] [PROG] s*=8.52/8.95 (95.2%) dist_goal=0.37
22:37:38 [INFO] [MPC] state=(+5.26,+3.56,-7.84) wp0=(+5.15,+3.50) v=+0.094 ω=+0.128 ok=True iters=7
22:37:38 [INFO] [PROG] s*=8.53/8.95 (95.3%) dist_goal=0.36
22:37:38 [INFO] [MPC] state=(+5.26,+3.55,-7.83) wp0=(+5.15,+3.49) v=+0.092 ω=+0.092 ok=True iters=7
22:37:38 [INFO] [PROG] s*=8.54/8.95 (95.4%) dist_goal=0.35
22:37:38 [INFO] [MPC] state=(+5.26,+3.54,-7.83) wp0=(+5.15,+3.48) v=+0.090 ω=-0.342 ok=True iters=7
22:37:38 [INFO] [PROG] s*=8.54/8.95 (95.5%) dist_goal=0.35
22:37:38 [INFO] [MPC] state=(+5.26,+3.53,-7.87) wp0=(+5.15,+3.47) v=+0.089 ω=-0.152 ok=True iters=8
22:37:38 [INFO] [PROG] s*=8.55/8.95 (95.6%) dist_goal=0.34
22:37:38 [INFO] [MPC] state=(+5.26,+3.52,-7.88) wp0=(+5.15,+3.47) v=+0.087 ω=-0.038 ok=True iters=8
22:37:38 [INFO] [PROG] s*=8.56/8.95 (95.7%) dist_goal=0.33
22:37:38 [INFO] [MPC] state=(+5.26,+3.52,-7.88) wp0=(+5.15,+3.46) v=+0.085 ω=-0.024 ok=True iters=8
22:37:38 [INFO] [PROG] s*=8.57/8.95 (95.8%) dist_goal=0.33
22:37:38 [INFO] [MPC] state=(+5.26,+3.51,-7.89) wp0=(+5.15,+3.45) v=+0.083 ω=-0.013 ok=True iters=8
22:37:38 [INFO] [PROG] s*=8.58/8.95 (95.9%) dist_goal=0.32
22:37:38 [INFO] [MPC] state=(+5.26,+3.50,-7.89) wp0=(+5.15,+3.44) v=+0.082 ω=-0.005 ok=True iters=8
22:37:38 [INFO] [PROG] s*=8.59/8.95 (95.9%) dist_goal=0.31
22:37:38 [INFO] [MPC] state=(+5.26,+3.49,-7.89) wp0=(+5.15,+3.43) v=+0.080 ω=-0.000 ok=True iters=8
22:37:38 [INFO] [PROG] s*=8.59/8.95 (96.0%) dist_goal=0.31
22:37:38 [INFO] [MPC] state=(+5.26,+3.48,-7.89) wp0=(+5.15,+3.42) v=+0.079 ω=+0.252 ok=True iters=8
22:37:38 [INFO] [PROG] s*=8.60/8.95 (96.1%) dist_goal=0.30
22:37:38 [INFO] [MPC] state=(+5.26,+3.47,-7.87) wp0=(+5.15,+3.42) v=+0.077 ω=+0.184 ok=True iters=8
22:37:38 [INFO] [PROG] s*=8.61/8.95 (96.2%) dist_goal=0.30
22:37:38 [INFO] [MPC] state=(+5.26,+3.47,-7.85) wp0=(+5.15,+3.41) v=+0.076 ω=+0.137 ok=True iters=8
22:37:38 [INFO] [PROG] s*=8.62/8.95 (96.3%) dist_goal=0.29
22:37:38 [INFO] [MPC] state=(+5.26,+3.46,-7.84) wp0=(+5.15,+3.40) v=+0.074 ω=+0.093 ok=True iters=8
22:37:38 [INFO] [PROG] s*=8.62/8.95 (96.4%) dist_goal=0.29
22:37:38 [INFO] [MPC] state=(+5.26,+3.45,-7.83) wp0=(+5.15,+3.40) v=+0.073 ω=+0.059 ok=True iters=8
22:37:38 [INFO] [PROG] s*=8.63/8.95 (96.4%) dist_goal=0.28
22:37:38 [INFO] [MPC] state=(+5.26,+3.45,-7.82) wp0=(+5.15,+3.39) v=+0.072 ω=+0.035 ok=True iters=8
22:37:38 [INFO] [PROG] s*=8.64/8.95 (96.5%) dist_goal=0.28
22:37:38 [INFO] [MPC] state=(+5.26,+3.44,-7.82) wp0=(+5.15,+3.38) v=+0.071 ω=-0.319 ok=True iters=8
22:37:38 [INFO] [PROG] s*=8.64/8.95 (96.6%) dist_goal=0.27
22:37:38 [INFO] [MPC] state=(+5.26,+3.43,-7.85) wp0=(+5.15,+3.37) v=+0.070 ω=+0.118 ok=True iters=8
22:37:38 [INFO] [PROG] s*=8.65/8.95 (96.7%) dist_goal=0.27
22:37:38 [INFO] [MPC] state=(+5.26,+3.42,-7.84) wp0=(+5.15,+3.37) v=+0.069 ω=-0.149 ok=True iters=8
22:37:38 [INFO] [PROG] s*=8.66/8.95 (96.7%) dist_goal=0.27
22:37:38 [INFO] [MPC] state=(+5.26,+3.42,-7.85) wp0=(+5.15,+3.36) v=+0.068 ω=+0.123 ok=True iters=8
22:37:38 [INFO] [PROG] s*=8.66/8.95 (96.8%) dist_goal=0.26
22:37:38 [INFO] [MPC] state=(+5.26,+3.41,-7.84) wp0=(+5.15,+3.35) v=+0.067 ω=+0.083 ok=True iters=8
22:37:38 [INFO] [PROG] s*=8.67/8.95 (96.9%) dist_goal=0.26
22:37:38 [INFO] [MPC] state=(+5.26,+3.40,-7.83) wp0=(+5.15,+3.35) v=+0.066 ω=+0.054 ok=True iters=9
22:37:38 [INFO] [PROG] s*=8.68/8.95 (97.0%) dist_goal=0.26
22:37:38 [INFO] [MPC] state=(+5.26,+3.40,-7.83) wp0=(+5.15,+3.34) v=+0.065 ω=+0.032 ok=True iters=9
22:37:38 [INFO] [PROG] s*=8.68/8.95 (97.0%) dist_goal=0.25
22:37:38 [INFO] [MPC] state=(+5.26,+3.39,-7.82) wp0=(+5.15,+3.34) v=+0.064 ω=-0.295 ok=True iters=9
22:37:38 [INFO] [PROG] s*=8.69/8.95 (97.1%) dist_goal=0.25
22:37:38 [INFO] [MPC] state=(+5.26,+3.39,-7.86) wp0=(+5.15,+3.33) v=+0.063 ω=-0.158 ok=True iters=9
22:37:38 [INFO] [PROG] s*=8.70/8.95 (97.2%) dist_goal=0.25
22:37:38 [INFO] [MPC] state=(+5.26,+3.38,-7.87) wp0=(+5.15,+3.32) v=+0.062 ω=-0.092 ok=True iters=9
22:37:38 [INFO] [PROG] s*=8.70/8.95 (97.2%) dist_goal=0.24
22:37:38 [INFO] [MPC] state=(+5.26,+3.37,-7.88) wp0=(+5.15,+3.32) v=+0.061 ω=-0.025 ok=True iters=9
22:37:38 [INFO] [PROG] s*=8.71/8.95 (97.3%) dist_goal=0.24
22:37:38 [INFO] [MPC] state=(+5.26,+3.37,-7.89) wp0=(+5.15,+3.31) v=+0.061 ω=-0.016 ok=True iters=9
22:37:38 [INFO] [PROG] s*=8.71/8.95 (97.4%) dist_goal=0.24
22:37:38 [INFO] [MPC] state=(+5.26,+3.36,-7.89) wp0=(+5.15,+3.30) v=+0.060 ω=-0.010 ok=True iters=9
22:37:38 [INFO] [PROG] s*=8.72/8.95 (97.4%) dist_goal=0.23
22:37:38 [INFO] [MPC] state=(+5.26,+3.35,-7.89) wp0=(+5.15,+3.30) v=+0.059 ω=-0.005 ok=True iters=9
22:37:38 [INFO] [PROG] s*=8.73/8.95 (97.5%) dist_goal=0.23
22:37:38 [INFO] [MPC] state=(+5.26,+3.35,-7.89) wp0=(+5.15,+3.29) v=+0.058 ω=-0.107 ok=True iters=9
22:37:38 [INFO] [PROG] s*=8.73/8.95 (97.6%) dist_goal=0.23
22:37:38 [INFO] [MPC] state=(+5.26,+3.34,-7.90) wp0=(+5.15,+3.29) v=+0.058 ω=-0.900 ok=True iters=9
22:37:38 [INFO] [PROG] s*=8.74/8.95 (97.6%) dist_goal=0.22
22:37:38 [INFO] [MPC] state=(+5.26,+3.34,-7.98) wp0=(+5.15,+3.28) v=+0.057 ω=-1.805 ok=True iters=11
22:37:38 [INFO] [PROG] s*=8.74/8.95 (97.7%) dist_goal=0.22
22:37:38 [INFO] [MPC] state=(+5.26,+3.33,-8.16) wp0=(+5.15,+3.28) v=+0.056 ω=-2.400 ok=True iters=9
22:37:38 [INFO] [PROG] s*=8.75/8.95 (97.7%) dist_goal=0.22
22:37:38 [INFO] [MPC] state=(+5.26,+3.33,-8.38) wp0=(+5.15,+3.27) v=+0.030 ω=-2.400 ok=True iters=12
22:37:38 [INFO] [PROG] s*=8.75/8.95 (97.8%) dist_goal=0.21
22:37:38 [INFO] [MPC] state=(+5.25,+3.32,-8.61) wp0=(+5.15,+3.27) v=+0.030 ω=-1.945 ok=True iters=12
22:37:38 [INFO] [PROG] s*=8.75/8.95 (97.8%) dist_goal=0.21
22:37:38 [INFO] [MPC] state=(+5.25,+3.32,-8.80) wp0=(+5.15,+3.27) v=+0.030 ω=-1.482 ok=True iters=10
22:37:38 [INFO] [PROG] s*=8.75/8.95 (97.8%) dist_goal=0.21
22:37:38 [INFO] [MPC] state=(+5.25,+3.32,-8.95) wp0=(+5.15,+3.27) v=+0.030 ω=-1.066 ok=True iters=9
22:37:38 [INFO] [PROG] s*=8.75/8.95 (97.8%) dist_goal=0.20
22:37:38 [INFO] [MPC] state=(+5.24,+3.32,-9.06) wp0=(+5.15,+3.27) v=+0.030 ω=-0.869 ok=True iters=9
22:37:38 [INFO] [PROG] s*=8.75/8.95 (97.8%) dist_goal=0.20
22:37:38 [INFO] [MPC] state=(+5.24,+3.32,-9.14) wp0=(+5.15,+3.27) v=+0.030 ω=-0.615 ok=True iters=9
22:37:38 [INFO] [PROG] s*=8.75/8.95 (97.8%) dist_goal=0.20
22:37:38 [INFO] [MPC] state=(+5.24,+3.32,-9.21) wp0=(+5.15,+3.26) v=+0.030 ω=-0.532 ok=True iters=10
22:37:38 [INFO] [PROG] s*=8.75/8.95 (97.8%) dist_goal=0.19
22:37:38 [INFO] [MPC] state=(+5.23,+3.31,-9.26) wp0=(+5.15,+3.26) v=+0.030 ω=-0.371 ok=True iters=10
22:37:38 [INFO] [PROG] s*=8.75/8.95 (97.8%) dist_goal=0.19
22:37:38 [INFO] [MPC] state=(+5.23,+3.31,-9.30) wp0=(+5.15,+3.26) v=+0.030 ω=-0.259 ok=True iters=10
22:37:38 [INFO] [PROG] s*=8.76/8.95 (97.8%) dist_goal=0.19
22:37:38 [INFO] [MPC] state=(+5.23,+3.31,-9.32) wp0=(+5.15,+3.26) v=+0.030 ω=-0.182 ok=True iters=10
22:37:38 [INFO] [PROG] s*=8.76/8.95 (97.8%) dist_goal=0.18
22:37:38 [INFO] [MPC] state=(+5.23,+3.31,-9.34) wp0=(+5.15,+3.26) v=+0.030 ω=-0.128 ok=True iters=10
22:37:38 [INFO] [PROG] s*=8.76/8.95 (97.8%) dist_goal=0.18
22:37:38 [INFO] [MPC] state=(+5.22,+3.31,-9.35) wp0=(+5.15,+3.26) v=+0.030 ω=-0.211 ok=True iters=10
22:37:38 [INFO] [PROG] s*=8.76/8.95 (97.8%) dist_goal=0.18
22:37:38 [INFO] [MPC] state=(+5.22,+3.31,-9.37) wp0=(+5.15,+3.26) v=+0.030 ω=-0.133 ok=True iters=10
22:37:38 [INFO] [PROG] s*=8.76/8.95 (97.8%) dist_goal=0.18
22:37:38 [INFO] [MPC] state=(+5.22,+3.31,-9.39) wp0=(+5.15,+3.26) v=+0.030 ω=-0.081 ok=True iters=10
22:37:38 [INFO] [PROG] s*=8.76/8.95 (97.8%) dist_goal=0.17
22:37:38 [INFO] [MPC] state=(+5.21,+3.31,-9.40) wp0=(+5.15,+3.26) v=+0.030 ω=-0.052 ok=True iters=10
22:37:38 [INFO] [PROG] s*=8.76/8.95 (97.8%) dist_goal=0.17
22:37:38 [INFO] [MPC] state=(+5.21,+3.31,-9.40) wp0=(+5.15,+3.26) v=+0.030 ω=-0.035 ok=True iters=9
22:37:38 [INFO] [PROG] s*=8.76/8.95 (97.8%) dist_goal=0.17
22:37:38 [INFO] [MPC] state=(+5.21,+3.31,-9.41) wp0=(+5.15,+3.26) v=+0.030 ω=-0.026 ok=True iters=9
22:37:38 [INFO] [PROG] s*=8.76/8.95 (97.8%) dist_goal=0.16
22:37:38 [INFO] [MPC] state=(+5.20,+3.31,-9.41) wp0=(+5.15,+3.26) v=+0.030 ω=-0.018 ok=True iters=9
22:37:38 [INFO] [PROG] s*=8.76/8.95 (97.8%) dist_goal=0.16
22:37:38 [INFO] [MPC] state=(+5.20,+3.31,-9.41) wp0=(+5.15,+3.26) v=+0.030 ω=-0.013 ok=True iters=9
22:37:38 [INFO] [PROG] s*=8.76/8.95 (97.9%) dist_goal=0.16
22:37:38 [INFO] [MPC] state=(+5.20,+3.31,-9.41) wp0=(+5.15,+3.26) v=+0.030 ω=-0.008 ok=True iters=9
22:37:38 [INFO] [PROG] s*=8.76/8.95 (97.9%) dist_goal=0.16
22:37:38 [INFO] [MPC] state=(+5.20,+3.31,-9.41) wp0=(+5.15,+3.26) v=+0.030 ω=-0.006 ok=True iters=9
22:37:38 [INFO] [PROG] s*=8.76/8.95 (97.9%) dist_goal=0.15
22:37:38 [INFO] [MPC] state=(+5.19,+3.31,-9.41) wp0=(+5.15,+3.26) v=+0.030 ω=-0.005 ok=True iters=10
22:37:38 [INFO] [PROG] s*=8.76/8.95 (97.9%) dist_goal=0.15
22:37:38 [INFO] [MPC] state=(+5.19,+3.31,-9.41) wp0=(+5.15,+3.26) v=+0.030 ω=-0.002 ok=True iters=10
22:37:38 [INFO] [PROG] s*=8.76/8.95 (97.9%) dist_goal=0.15
22:37:38 [INFO] [MPC] state=(+5.19,+3.31,-9.41) wp0=(+5.15,+3.26) v=+0.030 ω=-0.003 ok=True iters=9
22:37:38 [INFO] [PROG] s*=8.76/8.95 (97.9%) dist_goal=0.15
22:37:38 [INFO] [MPC] state=(+5.18,+3.31,-9.41) wp0=(+5.15,+3.26) v=+0.030 ω=-0.002 ok=True iters=9
22:37:38 [INFO] [PROG] s*=8.76/8.95 (97.9%) dist_goal=0.14
22:37:38 [INFO] [MPC] state=(+5.18,+3.31,-9.41) wp0=(+5.15,+3.26) v=+0.030 ω=-0.003 ok=True iters=10
22:37:38 [INFO] [PROG] s*=8.76/8.95 (97.9%) dist_goal=0.14
22:37:38 [INFO] [MPC] state=(+5.18,+3.31,-9.41) wp0=(+5.15,+3.26) v=+0.030 ω=-0.002 ok=True iters=10
22:37:38 [INFO] [PROG] s*=8.76/8.95 (97.9%) dist_goal=0.14
22:37:38 [INFO] [MPC] state=(+5.18,+3.31,-9.41) wp0=(+5.15,+3.26) v=+0.030 ω=-0.002 ok=True iters=11
22:37:38 [INFO] [PROG] s*=8.76/8.95 (97.9%) dist_goal=0.14
22:37:38 [INFO] [MPC] state=(+5.17,+3.31,-9.41) wp0=(+5.15,+3.26) v=+0.030 ω=-0.002 ok=True iters=11
22:37:38 [INFO] [PROG] s*=8.76/8.95 (97.9%) dist_goal=0.13
22:37:38 [INFO] [MPC] state=(+5.17,+3.31,-9.41) wp0=(+5.15,+3.26) v=+0.030 ω=-0.001 ok=True iters=11
22:37:38 [INFO] [PROG] s*=8.76/8.95 (97.9%) dist_goal=0.13
22:37:38 [INFO] [MPC] state=(+5.17,+3.31,-9.41) wp0=(+5.15,+3.26) v=+0.030 ω=-0.003 ok=True iters=10
22:37:38 [INFO] [PROG] s*=8.76/8.95 (97.9%) dist_goal=0.13
22:37:38 [INFO] [MPC] state=(+5.17,+3.31,-9.41) wp0=(+5.15,+3.26) v=+0.030 ω=-0.001 ok=True iters=10
22:37:38 [INFO] [PROG] s*=8.76/8.95 (97.9%) dist_goal=0.13
22:37:38 [INFO] [MPC] state=(+5.16,+3.31,-9.41) wp0=(+5.15,+3.26) v=+0.030 ω=-0.002 ok=True iters=10
22:37:38 [INFO] [PROG] s*=8.76/8.95 (97.9%) dist_goal=0.12
22:37:38 [INFO] [MPC] state=(+5.16,+3.31,-9.41) wp0=(+5.15,+3.26) v=+0.030 ω=-0.002 ok=True iters=10
22:37:38 [INFO] [PROG] s*=8.76/8.95 (97.9%) dist_goal=0.12
22:37:38 [INFO] [MPC] state=(+5.16,+3.31,-9.41) wp0=(+5.15,+3.26) v=+0.030 ω=-0.001 ok=True iters=10
22:37:38 [INFO] [PROG] s*=8.76/8.95 (97.9%) dist_goal=0.12
22:37:38 [INFO] [MPC] state=(+5.15,+3.31,-9.41) wp0=(+5.15,+3.26) v=+0.030 ω=-0.002 ok=True iters=9
22:37:38 [INFO] [PROG] s*=8.76/8.95 (97.9%) dist_goal=0.12
22:37:38 [INFO] [MPC] state=(+5.15,+3.31,-9.41) wp0=(+5.15,+3.26) v=+0.030 ω=-0.000 ok=True iters=5
22:37:38 [INFO] [PROG] s*=8.76/8.95 (97.9%) dist_goal=0.11
22:37:38 [INFO] [MPC] state=(+5.15,+3.31,-9.41) wp0=(+5.15,+3.26) v=+0.030 ω=-0.003 ok=True iters=5
22:37:38 [INFO] [PROG] s*=8.76/8.95 (97.9%) dist_goal=0.11
22:37:38 [INFO] [MPC] state=(+5.15,+3.31,-9.41) wp0=(+5.15,+3.26) v=+0.030 ω=-0.001 ok=True iters=5
22:37:38 [INFO] [PROG] s*=8.76/8.95 (97.9%) dist_goal=0.11
22:37:38 [INFO] [MPC] state=(+5.14,+3.31,-9.41) wp0=(+5.15,+3.26) v=+0.030 ω=-0.003 ok=True iters=5
22:37:38 [INFO] [PROG] s*=8.76/8.95 (97.9%) dist_goal=0.11
22:37:38 [INFO] [MPC] state=(+5.14,+3.31,-9.41) wp0=(+5.15,+3.26) v=+0.030 ω=-0.001 ok=True iters=5
22:37:38 [INFO] [PROG] s*=8.76/8.95 (97.9%) dist_goal=0.10
22:37:38 [INFO] [MPC] state=(+5.14,+3.31,-9.41) wp0=(+5.15,+3.26) v=+0.030 ω=-0.001 ok=True iters=5
22:37:38 [INFO] [PROG] s*=8.76/8.95 (97.9%) dist_goal=0.10
22:37:38 [INFO] [MPC] state=(+5.13,+3.31,-9.41) wp0=(+5.15,+3.26) v=+0.030 ω=-0.003 ok=True iters=6
22:37:38 [INFO] [PROG] s*=8.76/8.95 (97.9%) dist_goal=0.10
22:37:38 [INFO] [MPC] state=(+5.13,+3.31,-9.41) wp0=(+5.15,+3.26) v=+0.030 ω=+0.000 ok=True iters=8
