20:19:26 [INFO] === New MPC Session Started ===
20:19:27 [DEBUG] matplotlib data path: /usr/share/matplotlib/mpl-data
20:19:27 [DEBUG] CONFIGDIR=/home/max/.config/matplotlib
20:19:27 [DEBUG] interactive is False
20:19:27 [DEBUG] platform is linux
20:19:27 [DEBUG] loaded modules: ['sys', 'builtins', '_frozen_importlib', '_imp', '_thread', '_warnings', '_weakref', '_io', 'marshal', 'posix', '_frozen_importlib_external', 'time', 'zipimport', '_codecs', 'codecs', 'encodings.aliases', 'encodings', 'encodings.utf_8', '_signal', '_abc', 'abc', 'io', '__main__', '_stat', 'stat', '_collections_abc', 'genericpath', 'posixpath', 'os.path', 'os', '_sitebuiltins', 'types', 'importlib._bootstrap', 'importlib._bootstrap_external', 'warnings', 'importlib', 'importlib._abc', 'itertools', 'keyword', '_operator', 'operator', 'reprlib', '_collections', 'collections', '_functools', 'functools', 'contextlib', 'importlib.util', 'importlib.machinery', 'mpl_toolkits', 'phply', 'ruamel', 'zope', 'apport_python_hook', 'sitecustomize', 'site', 'crowdnav', 'crowdnav.env', 'gym.error', 'gym.version', 'collections.abc', 'enum', '_sre', 'sre_constants', 'sre_parse', 'sre_compile', '_locale', 'copyreg', 're', 'typing.io', 'typing.re', 'typing', 'numpy._utils._convertions', 'numpy._utils', 'numpy._globals', 'numpy.exceptions', 'numpy.version', 'numpy._distributor_init', 'numpy._utils._inspect', 'math', '_datetime', 'datetime', 'numpy.core._exceptions', 'numpy.dtypes', 'numpy.core._multiarray_umath', 'numpy.core.overrides', 'numpy.core.multiarray', 'numpy.core.umath', 'numbers', 'numpy.core._string_helpers', 'fnmatch', 'ntpath', 'errno', 'urllib', 'ipaddress', 'urllib.parse', 'pathlib', '_struct', 'struct', '_compat_pickle', '_pickle', 'pickle', 'numpy.compat.py3k', 'numpy.compat', 'numpy.core._dtype', 'numpy.core._type_aliases', 'numpy.core.numerictypes', '_contextvars', 'contextvars', 'numpy.core._ufunc_config', 'numpy.core._methods', 'numpy.core.fromnumeric', 'numpy.core.shape_base', 'numpy.core.arrayprint', 'numpy.core._asarray', 'numpy.core.numeric', 'numpy.core.defchararray', 'numpy.core.records', 'numpy.core.memmap', 'numpy.core.function_base', 'numpy.core._machar', 'numpy.core.getlimits', 'numpy.core.einsumfunc', 'numpy.core._multiarray_tests', 'numpy.core._add_newdocs', 'numpy.core._add_newdocs_scalars', 'numpy.core._dtype_ctypes', '_ast', 'ast', '_ctypes', 'ctypes._endian', 'ctypes', 'numpy.core._internal', 'numpy._pytesttester', 'numpy.core', 'numpy.__config__', 'numpy.lib.mixins', 'numpy.lib.ufunclike', 'numpy.lib.type_check', 'numpy.lib.scimath', 'numpy.lib.stride_tricks', 'numpy.lib.twodim_base', 'numpy.linalg._umath_linalg', '__future__', 'numpy._typing._nested_sequence', 'numpy._typing._nbit', 'numpy._typing._char_codes', 'numpy._typing._scalars', 'numpy._typing._shape', 'numpy._typing._dtype_like', 'numpy._typing._array_like', 'numpy._typing', 'numpy.linalg.linalg', 'numpy.linalg', 'numpy.matrixlib.defmatrix', 'numpy.matrixlib', 'numpy.lib.histograms', 'numpy.lib.function_base', 'numpy.lib.index_tricks', 'numpy.lib.nanfunctions', 'numpy.lib.shape_base', 'numpy.lib.polynomial', 'textwrap', 'signal', '_weakrefset', 'threading', 'fcntl', '_posixsubprocess', 'select', 'selectors', 'subprocess', 'platform', 'numpy.lib.utils', 'numpy.lib.arraysetops', 'weakref', 'numpy.lib.format', 'numpy.lib._datasource', 'numpy.lib._iotools', 'numpy.lib.npyio', 'numpy.lib.arrayterator', 'numpy.lib.arraypad', 'numpy.lib._version', 'numpy.lib', 'numpy.fft._pocketfft_internal', 'numpy.fft._pocketfft', 'numpy.fft.helper', 'numpy.fft', 'numpy.polynomial.polyutils', 'numpy.polynomial._polybase', 'numpy.polynomial.polynomial', 'numpy.polynomial.chebyshev', 'numpy.polynomial.legendre', 'numpy.polynomial.hermite', 'numpy.polynomial.hermite_e', 'numpy.polynomial.laguerre', 'numpy.polynomial', 'cython_runtime', '_cython_3_0_8', 'numpy.random._common', 'binascii', 'base64', '_hashlib', '_blake2', 'hashlib', 'hmac', '_bisect', 'bisect', '_random', '_sha512', 'random', 'secrets', 'numpy.random.bit_generator', 'numpy.random._bounded_integers', 'numpy.random._mt19937', 'numpy.random.mtrand', 'numpy.random._philox', 'numpy.random._pcg64', 'numpy.random._sfc64', 'numpy.random._generator', 'numpy.random._pickle', 'numpy.random', 'numpy.ctypeslib', '_opcode', 'opcode', 'dis', 'token', 'tokenize', 'linecache', 'inspect', 'numpy.ma.core', 'numpy.ma.extras', 'numpy.ma', 'numpy', 'gym.utils.colorize', 'gym.utils.ezpickle', 'gym.utils', 'gym.logger', 'gym.utils.seeding', 'gym.spaces.space', 'gym.spaces.box', 'gym.spaces.dict', 'gym.spaces.discrete', 'gym.spaces.multi_discrete', 'gym.spaces.graph', 'gym.spaces.multi_binary', 'gym.spaces.sequence', 'gym.spaces.text', 'gym.spaces.tuple', 'gym.spaces.utils', 'gym.spaces', 'gym.core', 'copy', '_heapq', 'heapq', 'difflib', 'dataclasses', 'cv2.load_config_py3', 'cv2.version', 'numpy._core', 'numpy._core._multiarray_umath', 'cv2.gapi.core', 'cv2.gapi.core.cpu', 'cv2.gapi.core.fluid', 'cv2.gapi.core.ocl', 'cv2.gapi.ie', 'cv2.gapi.ie.detail', 'cv2.gapi.imgproc', 'cv2.gapi.imgproc.fluid', 'cv2.gapi.oak', 'cv2.gapi.onnx', 'cv2.gapi.onnx.ep', 'cv2.gapi.ot', 'cv2.gapi.ot.cpu', 'cv2.gapi.ov', 'cv2.gapi.own', 'cv2.gapi.own.detail', 'cv2.gapi.render', 'cv2.gapi.render.ocv', 'cv2.gapi.streaming', 'cv2.gapi.video', 'cv2.gapi.wip', 'cv2.gapi.wip.draw', 'cv2.gapi.wip.gst', 'cv2.gapi.wip.onevpl', 'cv2.utils.fs', 'cv2.utils.nested', 'cv2.gapi', 'cv2.ogl', 'cv2.data', 'cv2.detail', 'cv2.flann', 'cv2.ml', 'cv2.aruco', 'cv2.qt', 'cv2.utils', 'cv2.typing', 'cv2.samples', 'cv2.barcode', 'cv2.segmentation', 'cv2.ocl', 'cv2.cuda', 'cv2.parallel', 'cv2.dnn', 'cv2.Error', 'cv2.videoio_registry', 'cv2.ipp', 'cv2.fisheye', 'cv2.misc.version', 'cv2.misc', 'cv2.mat_wrapper', 'cv2', 'gym.wrappers.atari_preprocessing', 'gym.wrappers.autoreset', 'gym.wrappers.clip_action', 'gym.wrappers.filter_observation', 'gym.wrappers.flatten_observation', 'gym.wrappers.frame_stack', 'gym.wrappers.gray_scale_observation', 'gym.wrappers.human_rendering', 'gym.wrappers.normalize', 'gym.wrappers.order_enforcing', 'gym.wrappers.record_episode_statistics', 'gym.wrappers.monitoring', '_json', 'json.scanner', 'json.decoder', 'json.encoder', 'json', 'zlib', '_compression', '_bz2', 'bz2', '_lzma', 'lzma', 'shutil', 'tempfile', 'gym.wrappers.monitoring.video_recorder', 'gym.wrappers.record_video', 'gym.wrappers.render_collection', 'gym.wrappers.rescale_action', 'gym.wrappers.resize_observation', 'gym.utils.step_api_compatibility', 'gym.wrappers.step_api_compatibility', 'gym.wrappers.time_aware_observation', 'gym.wrappers.time_limit', 'gym.wrappers.transform_observation', 'gym.wrappers.transform_reward', 'gym.wrappers.vector_list_info', 'gym.wrappers', 'gym.wrappers.compatibility', 'gym.utils.passive_env_checker', 'gym.wrappers.env_checker', '_csv', 'csv', 'email', 'zipfile', 'uu', 'quopri', '_socket', 'array', 'socket', 'locale', 'calendar', 'email._parseaddr', 'email.base64mime', '_string', 'string', 'email.quoprimime', 'email.errors', 'email.encoders', 'email.charset', 'email.utils', 'email.header', 'email._policybase', 'email._encoded_words', 'email.iterators', 'email.message', 'importlib.metadata._functools', 'importlib.metadata._text', 'importlib.metadata._adapters', 'importlib.metadata._meta', 'importlib.metadata._collections', 'importlib.metadata._itertools', 'importlib.abc', 'importlib.metadata', 'gym.envs.registration', 'gym.envs', 'multiprocessing.process', 'multiprocessing.reduction', 'multiprocessing.context', '__mp_main__', 'multiprocessing', 'gym.vector.utils.misc', 'gym.vector.utils.numpy_utils', 'gym.vector.utils.shared_memory', 'gym.vector.utils.spaces', 'gym.vector.utils', 'gym.vector.vector_env', 'gym.vector.async_vector_env', 'gym.vector.sync_vector_env', 'gym.vector', 'gym_notices', 'gym_notices.notices', 'gym', 'pybullet', 'pybullet_data', 'traceback', 'atexit', 'logging', 'crowdnav.logger_setup', 'crowdnav.config', 'crowdnav.kinematics', 'crowdnav.dynamics', 'crowdnav.sensors', 'crowdnav.control', 'crowdnav.control.align', 'crowdnav.control.track', 'crowdnav.planning', 'swig_runtime_data4', 'casadi._casadi', 'casadi.casadi', 'casadi', 'crowdnav.planning.mpc_runner', 'crowdnav.planning.path_mgr', 'crowdnav.utils2', 'crowdnav.utils2.coord', 'crowdnav.planning.path_math', 'crowdnav.utils', 'matplotlib', 'pprint', 'packaging.__about__', 'packaging', 'packaging._structures', 'packaging.version', 'matplotlib._api.deprecation', 'matplotlib._api', 'matplotlib._version', 'gzip', 'shlex', 'matplotlib._c_internal_utils', 'matplotlib.cbook', 'matplotlib.docstring', 'PIL._version', 'PIL', 'PIL.ImageMode', 'PIL.TiffTags', 'PIL._binary', 'PIL._util', 'PIL._imaging', 'PIL.Image', 'PIL.ImageChops', 'PIL.ImageFile', 'PIL.GimpGradientFile', 'PIL.GimpPaletteFile', 'PIL.ImageColor', 'PIL.PaletteFile', 'PIL.ImagePalette', 'PIL.ImageSequence', 'PIL.PngImagePlugin', 'matplotlib._path', 'matplotlib.bezier', 'matplotlib.path', 'matplotlib.transforms', 'matplotlib.ticker', 'matplotlib.scale', 'matplotlib._color_data', 'matplotlib.colors', 'pyparsing', 'matplotlib.fontconfig_pattern', 'matplotlib._enums', 'cycler', 'matplotlib.rcsetup', 'matplotlib.ft2font', 'dateutil._version', 'dateutil', 'kiwisolver']
20:19:27 [DEBUG] CACHEDIR=/home/max/.cache/matplotlib
20:19:27 [DEBUG] Using fontManager instance from /home/max/.cache/matplotlib/fontlist-v330.json
20:19:27 [DEBUG] Loaded backend TkAgg version unknown.
20:19:27 [INFO] CrowdNavPyBulletEnv initializing...
20:19:31 [INFO] World ready | grid: (112, 112), res: 0.1, N=10, T=0.1
20:19:33 [DEBUG] kappa_max=15.708 vcap_curv=0.153 vmax_local=0.153 vmin_soft=0.030
20:19:33 [INFO] [PROG] s*=0.00/10.20 (10100.0%) dist_goal=8.95
20:19:33 [INFO] [MPC] state=(-0.74,-3.54,+0.04) wp0=(-0.35,-3.35) v=+0.153 ω=+2.400 ok=True iters=9
20:19:33 [DEBUG] kappa_max=15.708 vcap_curv=0.153 vmax_local=0.153 vmin_soft=0.030
20:19:33 [INFO] [PROG] s*=0.00/10.20 (10100.0%) dist_goal=8.94
20:19:33 [INFO] [MPC] state=(-0.74,-3.54,+0.13) wp0=(-0.35,-3.35) v=+0.153 ω=+2.280 ok=True iters=9
20:19:33 [DEBUG] kappa_max=15.708 vcap_curv=0.153 vmax_local=0.153 vmin_soft=0.030
20:19:33 [INFO] [PROG] s*=0.00/10.20 (10100.0%) dist_goal=8.94
20:19:33 [INFO] [MPC] state=(-0.73,-3.53,+0.27) wp0=(-0.35,-3.35) v=+0.153 ω=+1.471 ok=True iters=8
20:19:33 [DEBUG] kappa_max=15.708 vcap_curv=0.153 vmax_local=0.153 vmin_soft=0.030
20:19:33 [INFO] [PROG] s*=0.00/10.20 (10100.0%) dist_goal=8.93
20:19:33 [INFO] [MPC] state=(-0.72,-3.53,+0.38) wp0=(-0.35,-3.35) v=+0.153 ω=+0.685 ok=True iters=7
20:19:33 [DEBUG] kappa_max=15.708 vcap_curv=0.153 vmax_local=0.153 vmin_soft=0.030
20:19:33 [INFO] [PROG] s*=0.00/10.20 (10100.0%) dist_goal=8.92
20:19:33 [INFO] [MPC] state=(-0.71,-3.52,+0.45) wp0=(-0.35,-3.35) v=+0.153 ω=+0.362 ok=True iters=6
20:19:33 [DEBUG] kappa_max=15.708 vcap_curv=0.153 vmax_local=0.153 vmin_soft=0.030
20:19:33 [INFO] [PROG] s*=0.00/10.20 (10100.0%) dist_goal=8.91
20:19:33 [INFO] [MPC] state=(-0.69,-3.52,+0.49) wp0=(-0.35,-3.35) v=+0.153 ω=-0.169 ok=True iters=7
20:19:33 [DEBUG] kappa_max=15.708 vcap_curv=0.153 vmax_local=0.153 vmin_soft=0.030
20:19:33 [INFO] [PROG] s*=0.00/10.20 (10100.0%) dist_goal=8.90
20:19:33 [INFO] [MPC] state=(-0.68,-3.51,+0.47) wp0=(-0.35,-3.35) v=+0.153 ω=-0.195 ok=True iters=7
20:19:33 [DEBUG] kappa_max=15.708 vcap_curv=0.153 vmax_local=0.153 vmin_soft=0.030
20:19:33 [INFO] [PROG] s*=0.00/10.20 (10100.0%) dist_goal=8.89
20:19:33 [INFO] [MPC] state=(-0.67,-3.50,+0.45) wp0=(-0.35,-3.35) v=+0.153 ω=-0.483 ok=True iters=6
20:19:33 [DEBUG] kappa_max=15.708 vcap_curv=0.153 vmax_local=0.153 vmin_soft=0.030
20:19:33 [INFO] [PROG] s*=0.00/10.20 (10100.0%) dist_goal=8.88
20:19:33 [INFO] [MPC] state=(-0.65,-3.50,+0.40) wp0=(-0.35,-3.35) v=+0.153 ω=-0.407 ok=True iters=6
20:19:33 [DEBUG] kappa_max=15.708 vcap_curv=0.153 vmax_local=0.153 vmin_soft=0.030
20:19:33 [INFO] [PROG] s*=1.00/10.20 (10100.0%) dist_goal=8.88
20:19:33 [INFO] [MPC] state=(-0.64,-3.49,+0.36) wp0=(-0.35,-3.35) v=+0.153 ω=-0.570 ok=True iters=7
20:19:33 [DEBUG] kappa_max=0.000 vcap_curv=0.200 vmax_local=0.200 vmin_soft=0.030
20:19:33 [INFO] [PROG] s*=1.00/10.20 (10100.0%) dist_goal=8.87
20:19:33 [INFO] [MPC] state=(-0.62,-3.49,+0.30) wp0=(-0.25,-3.35) v=+0.200 ω=-0.259 ok=True iters=6
20:19:33 [DEBUG] kappa_max=0.000 vcap_curv=0.200 vmax_local=0.200 vmin_soft=0.030
20:19:33 [INFO] [PROG] s*=1.00/10.20 (10100.0%) dist_goal=8.86
20:19:33 [INFO] [MPC] state=(-0.60,-3.48,+0.28) wp0=(-0.25,-3.35) v=+0.200 ω=+0.043 ok=True iters=7
20:19:33 [DEBUG] kappa_max=0.000 vcap_curv=0.200 vmax_local=0.200 vmin_soft=0.030
20:19:33 [INFO] [PROG] s*=1.00/10.20 (10100.0%) dist_goal=8.85
20:19:33 [INFO] [MPC] state=(-0.58,-3.47,+0.28) wp0=(-0.25,-3.35) v=+0.200 ω=-0.103 ok=True iters=7
20:19:33 [DEBUG] kappa_max=0.000 vcap_curv=0.200 vmax_local=0.200 vmin_soft=0.030
20:19:33 [INFO] [PROG] s*=1.00/10.20 (10100.0%) dist_goal=8.84
20:19:33 [INFO] [MPC] state=(-0.56,-3.47,+0.27) wp0=(-0.25,-3.35) v=+0.200 ω=-0.045 ok=True iters=7
20:19:33 [DEBUG] kappa_max=0.000 vcap_curv=0.200 vmax_local=0.200 vmin_soft=0.030
20:19:33 [INFO] [PROG] s*=2.00/10.20 (10100.0%) dist_goal=8.83
20:19:33 [INFO] [MPC] state=(-0.55,-3.46,+0.27) wp0=(-0.25,-3.35) v=+0.200 ω=+0.487 ok=True iters=7
20:19:33 [DEBUG] kappa_max=0.000 vcap_curv=0.200 vmax_local=0.200 vmin_soft=0.030
20:19:33 [INFO] [PROG] s*=2.00/10.20 (10100.0%) dist_goal=8.82
20:19:33 [INFO] [MPC] state=(-0.53,-3.46,+0.30) wp0=(-0.25,-3.25) v=+0.200 ω=+0.529 ok=True iters=7
20:19:33 [DEBUG] kappa_max=0.000 vcap_curv=0.200 vmax_local=0.200 vmin_soft=0.030
20:19:33 [INFO] [PROG] s*=2.00/10.20 (10100.0%) dist_goal=8.81
20:19:33 [INFO] [MPC] state=(-0.51,-3.45,+0.33) wp0=(-0.25,-3.25) v=+0.200 ω=+0.506 ok=True iters=7
20:19:33 [DEBUG] kappa_max=0.000 vcap_curv=0.200 vmax_local=0.200 vmin_soft=0.030
20:19:33 [INFO] [PROG] s*=2.00/10.20 (10100.0%) dist_goal=8.81
20:19:33 [INFO] [MPC] state=(-0.49,-3.45,+0.36) wp0=(-0.25,-3.25) v=+0.200 ω=+0.470 ok=True iters=7
20:19:33 [DEBUG] kappa_max=0.000 vcap_curv=0.200 vmax_local=0.200 vmin_soft=0.030
20:19:33 [INFO] [PROG] s*=2.00/10.20 (10100.0%) dist_goal=8.80
20:19:33 [INFO] [MPC] state=(-0.48,-3.44,+0.39) wp0=(-0.25,-3.25) v=+0.200 ω=+0.434 ok=True iters=7
20:19:33 [DEBUG] kappa_max=0.000 vcap_curv=0.200 vmax_local=0.200 vmin_soft=0.030
20:19:33 [INFO] [PROG] s*=2.00/10.20 (10100.0%) dist_goal=8.78
20:19:33 [INFO] [MPC] state=(-0.46,-3.43,+0.41) wp0=(-0.25,-3.25) v=+0.200 ω=+0.388 ok=True iters=7
20:19:33 [DEBUG] kappa_max=0.000 vcap_curv=0.200 vmax_local=0.200 vmin_soft=0.030
20:19:33 [INFO] [PROG] s*=2.00/10.20 (10100.0%) dist_goal=8.77
20:19:33 [INFO] [MPC] state=(-0.44,-3.42,+0.44) wp0=(-0.25,-3.25) v=+0.200 ω=+0.999 ok=True iters=6
20:19:33 [DEBUG] kappa_max=0.000 vcap_curv=0.200 vmax_local=0.200 vmin_soft=0.030
20:19:33 [INFO] [PROG] s*=3.00/10.20 (10100.0%) dist_goal=8.76
20:19:33 [INFO] [MPC] state=(-0.43,-3.42,+0.50) wp0=(-0.25,-3.25) v=+0.200 ω=+0.672 ok=True iters=7
20:19:33 [DEBUG] kappa_max=0.000 vcap_curv=0.200 vmax_local=0.200 vmin_soft=0.030
20:19:33 [INFO] [PROG] s*=3.00/10.20 (10100.0%) dist_goal=8.75
20:19:33 [INFO] [MPC] state=(-0.41,-3.41,+0.53) wp0=(-0.25,-3.15) v=+0.200 ω=+0.802 ok=True iters=7
20:19:33 [DEBUG] kappa_max=0.000 vcap_curv=0.200 vmax_local=0.200 vmin_soft=0.030
20:19:33 [INFO] [PROG] s*=3.00/10.20 (10100.0%) dist_goal=8.74
20:19:33 [INFO] [MPC] state=(-0.40,-3.40,+0.58) wp0=(-0.25,-3.15) v=+0.200 ω=+0.695 ok=True iters=7
20:19:33 [DEBUG] kappa_max=0.000 vcap_curv=0.200 vmax_local=0.200 vmin_soft=0.030
20:19:33 [INFO] [PROG] s*=3.00/10.20 (10100.0%) dist_goal=8.73
20:19:33 [INFO] [MPC] state=(-0.38,-3.39,+0.62) wp0=(-0.25,-3.15) v=+0.200 ω=+0.715 ok=True iters=7
20:19:33 [DEBUG] kappa_max=0.000 vcap_curv=0.200 vmax_local=0.200 vmin_soft=0.030
20:19:33 [INFO] [PROG] s*=3.00/10.20 (10100.0%) dist_goal=8.71
20:19:33 [INFO] [MPC] state=(-0.37,-3.38,+0.66) wp0=(-0.25,-3.15) v=+0.200 ω=+0.600 ok=True iters=7
20:19:33 [DEBUG] kappa_max=0.000 vcap_curv=0.200 vmax_local=0.200 vmin_soft=0.030
20:19:33 [INFO] [PROG] s*=4.00/10.20 (10100.0%) dist_goal=8.70
20:19:33 [INFO] [MPC] state=(-0.35,-3.37,+0.70) wp0=(-0.25,-3.15) v=+0.200 ω=+0.537 ok=True iters=7
20:19:33 [DEBUG] kappa_max=0.000 vcap_curv=0.200 vmax_local=0.200 vmin_soft=0.030
20:19:33 [INFO] [PROG] s*=4.00/10.20 (10100.0%) dist_goal=8.69
20:19:33 [INFO] [MPC] state=(-0.34,-3.35,+0.73) wp0=(-0.25,-3.05) v=+0.200 ω=+0.722 ok=True iters=7
20:19:33 [DEBUG] kappa_max=0.000 vcap_curv=0.200 vmax_local=0.200 vmin_soft=0.030
20:19:33 [INFO] [PROG] s*=4.00/10.20 (10100.0%) dist_goal=8.67
20:19:33 [INFO] [MPC] state=(-0.33,-3.34,+0.77) wp0=(-0.25,-3.05) v=+0.200 ω=+0.700 ok=True iters=7
20:19:33 [DEBUG] kappa_max=0.000 vcap_curv=0.200 vmax_local=0.200 vmin_soft=0.030
20:19:33 [INFO] [PROG] s*=4.00/10.20 (10100.0%) dist_goal=8.66
20:19:33 [INFO] [MPC] state=(-0.31,-3.33,+0.81) wp0=(-0.25,-3.05) v=+0.200 ω=+0.590 ok=True iters=7
20:19:33 [DEBUG] kappa_max=0.000 vcap_curv=0.200 vmax_local=0.200 vmin_soft=0.030
20:19:33 [INFO] [PROG] s*=5.00/10.20 (10100.0%) dist_goal=8.64
20:19:33 [INFO] [MPC] state=(-0.30,-3.32,+0.84) wp0=(-0.25,-3.05) v=+0.200 ω=+0.845 ok=True iters=7
20:19:33 [DEBUG] kappa_max=0.000 vcap_curv=0.200 vmax_local=0.200 vmin_soft=0.030
20:19:33 [INFO] [PROG] s*=5.00/10.20 (10100.0%) dist_goal=8.63
20:19:33 [INFO] [MPC] state=(-0.29,-3.30,+0.89) wp0=(-0.25,-2.95) v=+0.200 ω=+0.937 ok=True iters=7
20:19:33 [DEBUG] kappa_max=0.000 vcap_curv=0.200 vmax_local=0.200 vmin_soft=0.030
20:19:33 [INFO] [PROG] s*=5.00/10.20 (10100.0%) dist_goal=8.61
20:19:33 [INFO] [MPC] state=(-0.28,-3.29,+0.94) wp0=(-0.25,-2.95) v=+0.200 ω=+0.973 ok=True iters=7
20:19:33 [DEBUG] kappa_max=0.000 vcap_curv=0.200 vmax_local=0.200 vmin_soft=0.030
20:19:33 [INFO] [PROG] s*=5.00/10.20 (10100.0%) dist_goal=8.60
20:19:33 [INFO] [MPC] state=(-0.27,-3.28,+1.00) wp0=(-0.25,-2.95) v=+0.200 ω=+0.955 ok=True iters=7
20:19:33 [DEBUG] kappa_max=0.000 vcap_curv=0.200 vmax_local=0.200 vmin_soft=0.030
20:19:33 [INFO] [PROG] s*=6.00/10.20 (10100.0%) dist_goal=8.58
20:19:33 [INFO] [MPC] state=(-0.26,-3.26,+1.05) wp0=(-0.25,-2.95) v=+0.200 ω=+0.958 ok=True iters=7
20:19:33 [DEBUG] kappa_max=0.000 vcap_curv=0.200 vmax_local=0.200 vmin_soft=0.030
20:19:33 [INFO] [PROG] s*=6.00/10.20 (10100.0%) dist_goal=8.57
20:19:33 [INFO] [MPC] state=(-0.26,-3.25,+1.11) wp0=(-0.25,-2.75) v=+0.200 ω=+0.998 ok=True iters=7
20:19:33 [DEBUG] kappa_max=0.000 vcap_curv=0.200 vmax_local=0.200 vmin_soft=0.030
20:19:33 [INFO] [PROG] s*=6.00/10.20 (10100.0%) dist_goal=8.55
20:19:33 [INFO] [MPC] state=(-0.25,-3.23,+1.16) wp0=(-0.25,-2.75) v=+0.200 ω=+1.332 ok=True iters=7
20:19:33 [DEBUG] kappa_max=0.000 vcap_curv=0.200 vmax_local=0.200 vmin_soft=0.030
20:19:33 [INFO] [PROG] s*=6.00/10.20 (10100.0%) dist_goal=8.54
20:19:33 [INFO] [MPC] state=(-0.24,-3.22,+1.24) wp0=(-0.25,-2.75) v=+0.200 ω=+1.117 ok=True iters=7
20:19:33 [DEBUG] kappa_max=0.000 vcap_curv=0.200 vmax_local=0.200 vmin_soft=0.030
20:19:33 [INFO] [PROG] s*=6.00/10.20 (10100.0%) dist_goal=8.52
20:19:33 [INFO] [MPC] state=(-0.24,-3.21,+1.30) wp0=(-0.25,-2.75) v=+0.200 ω=+0.413 ok=True iters=8
20:19:33 [DEBUG] kappa_max=0.000 vcap_curv=0.200 vmax_local=0.200 vmin_soft=0.030
20:19:33 [INFO] [PROG] s*=6.00/10.20 (10100.0%) dist_goal=8.50
20:19:33 [INFO] [MPC] state=(-0.23,-3.19,+1.33) wp0=(-0.25,-2.75) v=+0.200 ω=+1.043 ok=True iters=7
20:19:33 [DEBUG] kappa_max=0.000 vcap_curv=0.200 vmax_local=0.200 vmin_soft=0.030
20:19:33 [INFO] [PROG] s*=6.00/10.20 (10100.0%) dist_goal=8.49
20:19:33 [INFO] [MPC] state=(-0.23,-3.17,+1.39) wp0=(-0.25,-2.75) v=+0.200 ω=+0.833 ok=True iters=7
20:19:33 [DEBUG] kappa_max=0.000 vcap_curv=0.200 vmax_local=0.200 vmin_soft=0.030
20:19:33 [INFO] [PROG] s*=7.00/10.20 (10100.0%) dist_goal=8.47
20:19:33 [INFO] [MPC] state=(-0.23,-3.15,+1.43) wp0=(-0.25,-2.75) v=+0.200 ω=+0.705 ok=True iters=7
20:19:33 [DEBUG] kappa_max=0.000 vcap_curv=0.200 vmax_local=0.200 vmin_soft=0.030
20:19:33 [INFO] [PROG] s*=7.00/10.20 (10100.0%) dist_goal=8.45
20:19:33 [INFO] [MPC] state=(-0.23,-3.14,+1.47) wp0=(-0.25,-2.65) v=+0.200 ω=+0.510 ok=True iters=6
20:19:33 [DEBUG] kappa_max=0.000 vcap_curv=0.200 vmax_local=0.200 vmin_soft=0.030
20:19:33 [INFO] [PROG] s*=7.00/10.20 (10100.0%) dist_goal=8.43
20:19:33 [INFO] [MPC] state=(-0.22,-3.12,+1.50) wp0=(-0.25,-2.65) v=+0.200 ω=+0.442 ok=True iters=6
20:19:33 [DEBUG] kappa_max=0.000 vcap_curv=0.200 vmax_local=0.200 vmin_soft=0.030
20:19:33 [INFO] [PROG] s*=7.00/10.20 (10100.0%) dist_goal=8.41
20:19:33 [INFO] [MPC] state=(-0.22,-3.10,+1.53) wp0=(-0.25,-2.65) v=+0.200 ω=+0.190 ok=True iters=6
20:19:33 [DEBUG] kappa_max=0.000 vcap_curv=0.200 vmax_local=0.200 vmin_soft=0.030
20:19:33 [INFO] [PROG] s*=7.00/10.20 (10100.0%) dist_goal=8.39
20:19:33 [INFO] [MPC] state=(-0.22,-3.08,+1.54) wp0=(-0.25,-2.65) v=+0.200 ω=+0.172 ok=True iters=6
20:19:33 [DEBUG] kappa_max=0.000 vcap_curv=0.200 vmax_local=0.200 vmin_soft=0.030
20:19:33 [INFO] [PROG] s*=8.00/10.20 (10100.0%) dist_goal=8.38
20:19:33 [INFO] [MPC] state=(-0.22,-3.06,+1.55) wp0=(-0.25,-2.65) v=+0.200 ω=+0.729 ok=True iters=6
20:19:33 [DEBUG] kappa_max=0.000 vcap_curv=0.200 vmax_local=0.200 vmin_soft=0.030
20:19:33 [INFO] [PROG] s*=8.00/10.20 (10100.0%) dist_goal=8.36
20:19:33 [INFO] [MPC] state=(-0.22,-3.04,+1.59) wp0=(-0.25,-2.55) v=+0.200 ω=+0.631 ok=True iters=6
20:19:33 [DEBUG] kappa_max=0.000 vcap_curv=0.200 vmax_local=0.200 vmin_soft=0.030
20:19:33 [INFO] [PROG] s*=8.00/10.20 (10100.0%) dist_goal=8.34
20:19:33 [INFO] [MPC] state=(-0.22,-3.03,+1.63) wp0=(-0.25,-2.55) v=+0.200 ω=-0.258 ok=True iters=7
20:19:33 [DEBUG] kappa_max=0.000 vcap_curv=0.200 vmax_local=0.200 vmin_soft=0.030
20:19:33 [INFO] [PROG] s*=8.00/10.20 (10100.0%) dist_goal=8.32
20:19:33 [INFO] [MPC] state=(-0.22,-3.01,+1.61) wp0=(-0.25,-2.55) v=+0.200 ω=-0.237 ok=True iters=6
20:19:33 [DEBUG] kappa_max=0.000 vcap_curv=0.200 vmax_local=0.200 vmin_soft=0.030
20:19:33 [INFO] [PROG] s*=8.00/10.20 (10100.0%) dist_goal=8.30
20:19:33 [INFO] [MPC] state=(-0.22,-2.99,+1.59) wp0=(-0.25,-2.55) v=+0.200 ω=+0.014 ok=True iters=6
20:19:33 [DEBUG] kappa_max=0.000 vcap_curv=0.200 vmax_local=0.200 vmin_soft=0.030
20:19:33 [INFO] [PROG] s*=9.00/10.20 (10100.0%) dist_goal=8.28
20:19:33 [INFO] [MPC] state=(-0.22,-2.97,+1.59) wp0=(-0.25,-2.55) v=+0.200 ω=+0.001 ok=True iters=6
20:19:33 [DEBUG] kappa_max=0.000 vcap_curv=0.200 vmax_local=0.200 vmin_soft=0.030
20:19:33 [INFO] [PROG] s*=9.00/10.20 (10100.0%) dist_goal=8.26
20:19:33 [INFO] [MPC] state=(-0.22,-2.95,+1.59) wp0=(-0.25,-2.45) v=+0.200 ω=-0.012 ok=True iters=6
20:19:33 [DEBUG] kappa_max=0.000 vcap_curv=0.200 vmax_local=0.200 vmin_soft=0.030
20:19:33 [INFO] [PROG] s*=9.00/10.20 (10100.0%) dist_goal=8.24
20:19:33 [INFO] [MPC] state=(-0.22,-2.93,+1.59) wp0=(-0.25,-2.45) v=+0.200 ω=-0.019 ok=True iters=6
20:19:33 [DEBUG] kappa_max=0.000 vcap_curv=0.200 vmax_local=0.200 vmin_soft=0.030
20:19:33 [INFO] [PROG] s*=9.00/10.20 (10100.0%) dist_goal=8.22
20:19:33 [INFO] [MPC] state=(-0.23,-2.91,+1.59) wp0=(-0.25,-2.45) v=+0.200 ω=-0.024 ok=True iters=6
20:19:33 [DEBUG] kappa_max=0.000 vcap_curv=0.200 vmax_local=0.200 vmin_soft=0.030
20:19:33 [INFO] [PROG] s*=9.00/10.20 (10100.0%) dist_goal=8.20
20:19:33 [INFO] [MPC] state=(-0.23,-2.89,+1.59) wp0=(-0.25,-2.45) v=+0.200 ω=-0.026 ok=True iters=6
20:19:33 [DEBUG] kappa_max=0.000 vcap_curv=0.200 vmax_local=0.200 vmin_soft=0.030
20:19:33 [INFO] [PROG] s*=10.00/10.20 (10100.0%) dist_goal=8.18
20:19:33 [INFO] [MPC] state=(-0.23,-2.87,+1.59) wp0=(-0.25,-2.45) v=+0.200 ω=-0.028 ok=True iters=6
20:19:33 [DEBUG] kappa_max=0.000 vcap_curv=0.200 vmax_local=0.200 vmin_soft=0.030
20:19:33 [INFO] [PROG] s*=10.00/10.20 (10100.0%) dist_goal=8.16
20:19:33 [INFO] [MPC] state=(-0.23,-2.85,+1.58) wp0=(-0.25,-2.45) v=+0.200 ω=-0.028 ok=True iters=6
20:19:33 [DEBUG] kappa_max=0.000 vcap_curv=0.200 vmax_local=0.200 vmin_soft=0.030
20:19:33 [INFO] [PROG] s*=10.00/10.20 (10100.0%) dist_goal=8.14
20:19:33 [INFO] [MPC] state=(-0.23,-2.83,+1.58) wp0=(-0.25,-2.45) v=+0.200 ω=-0.027 ok=True iters=6
20:19:33 [DEBUG] kappa_max=0.000 vcap_curv=0.200 vmax_local=0.200 vmin_soft=0.030
20:19:33 [INFO] [PROG] s*=10.00/10.20 (10100.0%) dist_goal=8.12
20:19:33 [INFO] [MPC] state=(-0.23,-2.81,+1.58) wp0=(-0.25,-2.45) v=+0.200 ω=-0.025 ok=True iters=6
20:19:33 [DEBUG] kappa_max=0.000 vcap_curv=0.200 vmax_local=0.200 vmin_soft=0.030
20:19:33 [INFO] [PROG] s*=10.00/10.20 (10100.0%) dist_goal=8.10
20:19:33 [INFO] [MPC] state=(-0.23,-2.78,+1.58) wp0=(-0.25,-2.45) v=+0.200 ω=-0.023 ok=True iters=6
20:19:33 [DEBUG] kappa_max=0.000 vcap_curv=0.200 vmax_local=0.200 vmin_soft=0.030
20:19:33 [INFO] [PROG] s*=11.00/10.20 (10100.0%) dist_goal=8.08
20:19:33 [INFO] [MPC] state=(-0.23,-2.76,+1.57) wp0=(-0.25,-2.45) v=+0.200 ω=-0.608 ok=True iters=6
