08:42:15 [INFO] === New MPC Session Started ===
08:42:15 [DEBUG] matplotlib data path: /home/max/.local/lib/python3.10/site-packages/matplotlib/mpl-data
08:42:15 [DEBUG] CONFIGDIR=/home/max/.config/matplotlib
08:42:15 [DEBUG] interactive is False
08:42:15 [DEBUG] platform is linux
08:42:15 [DEBUG] CACHEDIR=/home/max/.cache/matplotlib
08:42:15 [DEBUG] Using fontManager instance from /home/max/.cache/matplotlib/fontlist-v390.json
08:42:15 [INFO] CrowdNavPyBulletEnv initializing...
08:42:19 [INFO] World ready | grid: (112, 112), res: 0.1, N=10, T=0.1
08:42:20 [INFO] [PROG] s*=0.01/9.24 (0.1%) dist_goal=7.04
08:42:20 [INFO] [MPC] state=(+1.22,-1.23,-4.13) wp0=(+1.16,-1.25) v=+0.200 ω=+2.400 ok=True iters=10
08:42:20 [INFO] [PROG] s*=0.01/9.24 (0.2%) dist_goal=7.03
08:42:20 [INFO] [MPC] state=(+1.21,-1.23,-4.04) wp0=(+1.16,-1.25) v=+0.200 ω=+2.344 ok=True iters=10
08:42:20 [INFO] [PROG] s*=0.02/9.24 (0.3%) dist_goal=7.02
08:42:20 [INFO] [MPC] state=(+1.21,-1.22,-3.92) wp0=(+1.15,-1.25) v=+0.200 ω=+1.674 ok=True iters=8
08:42:20 [INFO] [PROG] s*=0.12/9.24 (1.3%) dist_goal=7.00
08:42:20 [INFO] [MPC] state=(+1.20,-1.21,-3.83) wp0=(+1.15,-1.15) v=+0.200 ω=+0.335 ok=True iters=7
08:42:20 [INFO] [PROG] s*=0.13/9.24 (1.4%) dist_goal=6.99
08:42:20 [INFO] [MPC] state=(+1.18,-1.20,-3.80) wp0=(+1.15,-1.14) v=+0.200 ω=-1.057 ok=True iters=7
08:42:20 [INFO] [PROG] s*=0.14/9.24 (1.5%) dist_goal=6.97
08:42:20 [INFO] [MPC] state=(+1.17,-1.19,-3.86) wp0=(+1.15,-1.13) v=+0.200 ω=-1.118 ok=True iters=6
08:42:20 [INFO] [PROG] s*=0.15/9.24 (1.6%) dist_goal=6.96
08:42:20 [INFO] [MPC] state=(+1.16,-1.18,-3.92) wp0=(+1.15,-1.12) v=+0.200 ω=-1.973 ok=True iters=7
08:42:20 [INFO] [PROG] s*=0.16/9.24 (1.8%) dist_goal=6.95
08:42:20 [INFO] [MPC] state=(+1.15,-1.17,-4.02) wp0=(+1.15,-1.11) v=+0.200 ω=-1.983 ok=True iters=6
08:42:20 [INFO] [PROG] s*=0.18/9.24 (1.9%) dist_goal=6.93
08:42:20 [INFO] [MPC] state=(+1.14,-1.16,-4.13) wp0=(+1.15,-1.09) v=+0.200 ω=-1.765 ok=True iters=6
08:42:20 [INFO] [PROG] s*=0.19/9.24 (2.0%) dist_goal=6.92
08:42:20 [INFO] [MPC] state=(+1.13,-1.14,-4.22) wp0=(+1.15,-1.08) v=+0.200 ω=-1.540 ok=True iters=6
08:42:20 [INFO] [PROG] s*=0.20/9.24 (2.2%) dist_goal=6.91
08:42:20 [INFO] [MPC] state=(+1.13,-1.13,-4.30) wp0=(+1.15,-1.07) v=+0.200 ω=-1.999 ok=True iters=7
08:42:20 [INFO] [PROG] s*=0.21/9.24 (2.3%) dist_goal=6.89
08:42:20 [INFO] [MPC] state=(+1.12,-1.12,-4.41) wp0=(+1.15,-1.06) v=+0.200 ω=-2.361 ok=True iters=9
08:42:20 [INFO] [PROG] s*=0.23/9.24 (2.5%) dist_goal=6.88
08:42:20 [INFO] [MPC] state=(+1.12,-1.11,-4.53) wp0=(+1.15,-1.04) v=+0.200 ω=-1.711 ok=True iters=9
08:42:20 [INFO] [PROG] s*=0.24/9.24 (2.6%) dist_goal=6.87
08:42:20 [INFO] [MPC] state=(+1.12,-1.09,-4.63) wp0=(+1.15,-1.03) v=+0.200 ω=-2.040 ok=True iters=7
08:42:20 [INFO] [PROG] s*=0.25/9.24 (2.7%) dist_goal=6.86
08:42:20 [INFO] [MPC] state=(+1.12,-1.08,-4.73) wp0=(+1.15,-1.02) v=+0.200 ω=-1.675 ok=True iters=6
08:42:20 [INFO] [PROG] s*=0.27/9.24 (2.9%) dist_goal=6.84
08:42:20 [INFO] [MPC] state=(+1.12,-1.07,-4.83) wp0=(+1.15,-1.00) v=+0.200 ω=-1.161 ok=True iters=6
08:42:20 [INFO] [PROG] s*=0.29/9.24 (3.1%) dist_goal=6.83
08:42:20 [INFO] [MPC] state=(+1.12,-1.05,-4.90) wp0=(+1.15,-0.98) v=+0.200 ω=-0.035 ok=True iters=7
08:42:21 [INFO] [PROG] s*=0.30/9.24 (3.3%) dist_goal=6.81
08:42:21 [INFO] [MPC] state=(+1.12,-1.03,-4.92) wp0=(+1.15,-0.97) v=+0.200 ω=+1.029 ok=True iters=7
08:42:21 [INFO] [PROG] s*=0.32/9.24 (3.5%) dist_goal=6.80
08:42:21 [INFO] [MPC] state=(+1.13,-1.02,-4.86) wp0=(+1.15,-0.95) v=+0.200 ω=+0.759 ok=True iters=6
08:42:21 [INFO] [PROG] s*=0.34/9.24 (3.7%) dist_goal=6.78
08:42:21 [INFO] [MPC] state=(+1.13,-1.00,-4.82) wp0=(+1.15,-0.93) v=+0.200 ω=+0.465 ok=True iters=6
08:42:21 [INFO] [PROG] s*=0.35/9.24 (3.8%) dist_goal=6.77
08:42:21 [INFO] [MPC] state=(+1.13,-0.98,-4.79) wp0=(+1.15,-0.92) v=+0.200 ω=+1.180 ok=True iters=7
08:42:21 [INFO] [PROG] s*=0.37/9.24 (4.0%) dist_goal=6.75
08:42:21 [INFO] [MPC] state=(+1.13,-0.97,-4.73) wp0=(+1.15,-0.90) v=+0.200 ω=+0.797 ok=True iters=6
08:42:21 [INFO] [PROG] s*=0.39/9.24 (4.2%) dist_goal=6.74
08:42:21 [INFO] [MPC] state=(+1.13,-0.95,-4.69) wp0=(+1.15,-0.88) v=+0.200 ω=+0.733 ok=True iters=6
08:42:21 [INFO] [PROG] s*=0.41/9.24 (4.4%) dist_goal=6.72
08:42:21 [INFO] [MPC] state=(+1.13,-0.93,-4.65) wp0=(+1.15,-0.86) v=+0.200 ω=+0.423 ok=True iters=6
08:42:21 [INFO] [PROG] s*=0.43/9.24 (4.6%) dist_goal=6.70
08:42:21 [INFO] [MPC] state=(+1.13,-0.91,-4.63) wp0=(+1.15,-0.84) v=+0.200 ω=-0.359 ok=True iters=7
08:42:21 [INFO] [PROG] s*=0.45/9.24 (4.8%) dist_goal=6.68
08:42:21 [INFO] [MPC] state=(+1.13,-0.89,-4.65) wp0=(+1.15,-0.82) v=+0.200 ω=-0.156 ok=True iters=8
08:42:21 [INFO] [PROG] s*=0.46/9.24 (5.0%) dist_goal=6.67
08:42:21 [INFO] [MPC] state=(+1.13,-0.87,-4.66) wp0=(+1.15,-0.81) v=+0.200 ω=-0.371 ok=True iters=6
08:42:21 [INFO] [PROG] s*=0.48/9.24 (5.2%) dist_goal=6.65
08:42:21 [INFO] [MPC] state=(+1.12,-0.86,-4.69) wp0=(+1.15,-0.79) v=+0.200 ω=-0.352 ok=True iters=6
08:42:21 [INFO] [PROG] s*=0.50/9.24 (5.5%) dist_goal=6.63
08:42:21 [INFO] [MPC] state=(+1.12,-0.84,-4.71) wp0=(+1.15,-0.77) v=+0.200 ω=-0.043 ok=True iters=6
08:42:21 [INFO] [PROG] s*=0.52/9.24 (5.7%) dist_goal=6.61
08:42:21 [INFO] [MPC] state=(+1.12,-0.82,-4.72) wp0=(+1.15,-0.75) v=+0.200 ω=-0.033 ok=True iters=6
08:42:21 [INFO] [PROG] s*=0.54/9.24 (5.9%) dist_goal=6.59
08:42:21 [INFO] [MPC] state=(+1.12,-0.80,-4.72) wp0=(+1.15,-0.73) v=+0.200 ω=-0.023 ok=True iters=6
08:42:21 [INFO] [PROG] s*=0.56/9.24 (6.1%) dist_goal=6.57
08:42:21 [INFO] [MPC] state=(+1.12,-0.78,-4.72) wp0=(+1.15,-0.71) v=+0.200 ω=-0.014 ok=True iters=6
08:42:21 [INFO] [PROG] s*=0.58/9.24 (6.3%) dist_goal=6.56
08:42:21 [INFO] [MPC] state=(+1.13,-0.76,-4.72) wp0=(+1.15,-0.69) v=+0.200 ω=-0.006 ok=True iters=6
08:42:21 [INFO] [PROG] s*=0.61/9.24 (6.5%) dist_goal=6.54
08:42:21 [INFO] [MPC] state=(+1.13,-0.74,-4.73) wp0=(+1.15,-0.66) v=+0.200 ω=+0.002 ok=True iters=6
08:42:21 [INFO] [PROG] s*=0.63/9.24 (6.8%) dist_goal=6.52
08:42:21 [INFO] [MPC] state=(+1.13,-0.71,-4.72) wp0=(+1.15,-0.64) v=+0.200 ω=+0.008 ok=True iters=6
08:42:21 [INFO] [PROG] s*=0.65/9.24 (7.0%) dist_goal=6.50
08:42:21 [INFO] [MPC] state=(+1.13,-0.69,-4.72) wp0=(+1.15,-0.62) v=+0.200 ω=+0.012 ok=True iters=6
08:42:21 [INFO] [PROG] s*=0.67/9.24 (7.2%) dist_goal=6.48
08:42:21 [INFO] [MPC] state=(+1.13,-0.67,-4.72) wp0=(+1.15,-0.60) v=+0.200 ω=+0.015 ok=True iters=6
08:42:21 [INFO] [PROG] s*=0.69/9.24 (7.4%) dist_goal=6.46
08:42:21 [INFO] [MPC] state=(+1.13,-0.65,-4.72) wp0=(+1.15,-0.58) v=+0.200 ω=+0.016 ok=True iters=6
08:42:21 [INFO] [PROG] s*=0.71/9.24 (7.6%) dist_goal=6.45
08:42:21 [INFO] [MPC] state=(+1.13,-0.63,-4.72) wp0=(+1.15,-0.56) v=+0.200 ω=-0.024 ok=True iters=8
08:42:21 [INFO] [PROG] s*=0.73/9.24 (7.9%) dist_goal=6.43
08:42:21 [INFO] [MPC] state=(+1.13,-0.61,-4.72) wp0=(+1.15,-0.54) v=+0.200 ω=+0.024 ok=True iters=6
08:42:21 [INFO] [PROG] s*=0.75/9.24 (8.1%) dist_goal=6.41
08:42:21 [INFO] [MPC] state=(+1.13,-0.59,-4.72) wp0=(+1.15,-0.52) v=+0.200 ω=+0.023 ok=True iters=6
08:42:21 [INFO] [PROG] s*=0.76/9.24 (8.3%) dist_goal=6.39
08:42:21 [INFO] [MPC] state=(+1.13,-0.57,-4.71) wp0=(+1.15,-0.51) v=+0.200 ω=+0.691 ok=True iters=7
08:42:21 [INFO] [PROG] s*=0.78/9.24 (8.5%) dist_goal=6.38
08:42:21 [INFO] [MPC] state=(+1.13,-0.56,-4.68) wp0=(+1.15,-0.49) v=+0.200 ω=-0.317 ok=True iters=7
08:42:21 [INFO] [PROG] s*=0.80/9.24 (8.7%) dist_goal=6.36
08:42:21 [INFO] [MPC] state=(+1.13,-0.54,-4.70) wp0=(+1.15,-0.47) v=+0.200 ω=-0.024 ok=True iters=6
08:42:21 [INFO] [PROG] s*=0.82/9.24 (8.9%) dist_goal=6.34
08:42:21 [INFO] [MPC] state=(+1.13,-0.52,-4.70) wp0=(+1.15,-0.45) v=+0.200 ω=-0.025 ok=True iters=6
08:42:21 [INFO] [PROG] s*=0.84/9.24 (9.1%) dist_goal=6.32
08:42:21 [INFO] [MPC] state=(+1.13,-0.50,-4.71) wp0=(+1.15,-0.43) v=+0.200 ω=-0.025 ok=True iters=6
08:42:21 [INFO] [PROG] s*=0.86/9.24 (9.4%) dist_goal=6.30
08:42:21 [INFO] [MPC] state=(+1.13,-0.48,-4.71) wp0=(+1.15,-0.41) v=+0.200 ω=-0.024 ok=True iters=6
08:42:21 [INFO] [PROG] s*=0.89/9.24 (9.6%) dist_goal=6.28
08:42:21 [INFO] [MPC] state=(+1.13,-0.46,-4.71) wp0=(+1.15,-0.38) v=+0.200 ω=-0.023 ok=True iters=6
08:42:21 [INFO] [PROG] s*=0.91/9.24 (9.8%) dist_goal=6.26
08:42:21 [INFO] [MPC] state=(+1.13,-0.43,-4.71) wp0=(+1.15,-0.36) v=+0.200 ω=-0.020 ok=True iters=6
08:42:21 [INFO] [PROG] s*=0.93/9.24 (10.0%) dist_goal=6.25
08:42:21 [INFO] [MPC] state=(+1.13,-0.41,-4.71) wp0=(+1.15,-0.34) v=+0.200 ω=-0.017 ok=True iters=6
08:42:21 [INFO] [PROG] s*=0.95/9.24 (10.2%) dist_goal=6.23
08:42:21 [INFO] [MPC] state=(+1.13,-0.39,-4.71) wp0=(+1.15,-0.32) v=+0.200 ω=-0.014 ok=True iters=6
08:42:21 [INFO] [PROG] s*=0.97/9.24 (10.5%) dist_goal=6.21
08:42:21 [INFO] [MPC] state=(+1.13,-0.37,-4.72) wp0=(+1.15,-0.30) v=+0.200 ω=-0.010 ok=True iters=6
08:42:21 [INFO] [PROG] s*=0.99/9.24 (10.7%) dist_goal=6.19
08:42:21 [INFO] [MPC] state=(+1.13,-0.35,-4.72) wp0=(+1.15,-0.28) v=+0.200 ω=-0.006 ok=True iters=6
08:42:21 [INFO] [PROG] s*=1.01/9.24 (10.9%) dist_goal=6.17
08:42:21 [INFO] [MPC] state=(+1.13,-0.33,-4.72) wp0=(+1.15,-0.26) v=+0.200 ω=-0.003 ok=True iters=6
08:42:21 [INFO] [PROG] s*=1.03/9.24 (11.1%) dist_goal=6.16
08:42:21 [INFO] [MPC] state=(+1.13,-0.31,-4.72) wp0=(+1.15,-0.24) v=+0.200 ω=-0.001 ok=True iters=6
08:42:21 [INFO] [PROG] s*=1.05/9.24 (11.3%) dist_goal=6.14
08:42:21 [INFO] [MPC] state=(+1.13,-0.29,-4.72) wp0=(+1.15,-0.22) v=+0.200 ω=+0.001 ok=True iters=6
08:42:21 [INFO] [PROG] s*=1.07/9.24 (11.6%) dist_goal=6.12
08:42:21 [INFO] [MPC] state=(+1.13,-0.27,-4.72) wp0=(+1.15,-0.20) v=+0.200 ω=+0.003 ok=True iters=6
08:42:21 [INFO] [PROG] s*=1.09/9.24 (11.8%) dist_goal=6.10
08:42:21 [INFO] [MPC] state=(+1.13,-0.25,-4.72) wp0=(+1.15,-0.18) v=+0.200 ω=+0.004 ok=True iters=6
08:42:21 [INFO] [PROG] s*=1.11/9.24 (12.0%) dist_goal=6.08
08:42:21 [INFO] [MPC] state=(+1.13,-0.23,-4.72) wp0=(+1.15,-0.16) v=+0.200 ω=+0.005 ok=True iters=6
08:42:21 [INFO] [PROG] s*=1.13/9.24 (12.2%) dist_goal=6.06
08:42:21 [INFO] [MPC] state=(+1.13,-0.21,-4.71) wp0=(+1.15,-0.14) v=+0.200 ω=+0.005 ok=True iters=6
08:42:21 [INFO] [PROG] s*=1.15/9.24 (12.4%) dist_goal=6.05
08:42:21 [INFO] [MPC] state=(+1.13,-0.19,-4.71) wp0=(+1.15,-0.12) v=+0.200 ω=+0.004 ok=True iters=6
08:42:21 [INFO] [PROG] s*=1.17/9.24 (12.7%) dist_goal=6.03
08:42:21 [INFO] [MPC] state=(+1.13,-0.17,-4.71) wp0=(+1.15,-0.10) v=+0.200 ω=+0.003 ok=True iters=6
08:42:21 [INFO] [PROG] s*=1.19/9.24 (12.9%) dist_goal=6.01
08:42:21 [INFO] [MPC] state=(+1.13,-0.15,-4.71) wp0=(+1.15,-0.08) v=+0.200 ω=+0.003 ok=True iters=6
08:42:21 [INFO] [PROG] s*=1.21/9.24 (13.1%) dist_goal=5.99
08:42:21 [INFO] [MPC] state=(+1.13,-0.13,-4.71) wp0=(+1.15,-0.06) v=+0.200 ω=+0.001 ok=True iters=6
08:42:21 [INFO] [PROG] s*=1.23/9.24 (13.3%) dist_goal=5.97
08:42:21 [INFO] [MPC] state=(+1.13,-0.11,-4.71) wp0=(+1.15,-0.04) v=+0.200 ω=+0.000 ok=True iters=6
08:42:21 [INFO] [PROG] s*=1.25/9.24 (13.5%) dist_goal=5.96
08:42:21 [INFO] [MPC] state=(+1.13,-0.09,-4.71) wp0=(+1.15,-0.02) v=+0.200 ω=-0.000 ok=True iters=6
08:42:21 [INFO] [PROG] s*=1.27/9.24 (13.7%) dist_goal=5.94
08:42:21 [INFO] [MPC] state=(+1.13,-0.07,-4.71) wp0=(+1.15,+0.00) v=+0.200 ω=-0.037 ok=True iters=8
08:42:21 [INFO] [PROG] s*=1.29/9.24 (14.0%) dist_goal=5.92
08:42:21 [INFO] [MPC] state=(+1.13,-0.05,-4.71) wp0=(+1.15,+0.02) v=+0.200 ω=+0.006 ok=True iters=6
08:42:21 [INFO] [PROG] s*=1.31/9.24 (14.2%) dist_goal=5.90
08:42:21 [INFO] [MPC] state=(+1.13,-0.03,-4.71) wp0=(+1.15,+0.04) v=+0.200 ω=+0.005 ok=True iters=6
08:42:21 [INFO] [PROG] s*=1.33/9.24 (14.4%) dist_goal=5.88
08:42:21 [INFO] [MPC] state=(+1.13,-0.01,-4.71) wp0=(+1.15,+0.06) v=+0.200 ω=+0.004 ok=True iters=6
08:42:21 [INFO] [PROG] s*=1.35/9.24 (14.6%) dist_goal=5.86
08:42:21 [INFO] [MPC] state=(+1.13,+0.01,-4.71) wp0=(+1.15,+0.08) v=+0.200 ω=+0.003 ok=True iters=6
08:42:21 [INFO] [PROG] s*=1.37/9.24 (14.8%) dist_goal=5.85
08:42:21 [INFO] [MPC] state=(+1.13,+0.03,-4.71) wp0=(+1.15,+0.10) v=+0.200 ω=+0.002 ok=True iters=6
08:42:21 [INFO] [PROG] s*=1.39/9.24 (15.1%) dist_goal=5.83
08:42:21 [INFO] [MPC] state=(+1.13,+0.05,-4.71) wp0=(+1.15,+0.12) v=+0.200 ω=+0.001 ok=True iters=6
08:42:21 [INFO] [PROG] s*=1.41/9.24 (15.3%) dist_goal=5.81
08:42:21 [INFO] [MPC] state=(+1.13,+0.07,-4.71) wp0=(+1.15,+0.14) v=+0.200 ω=-0.000 ok=True iters=6
08:42:21 [INFO] [PROG] s*=1.43/9.24 (15.5%) dist_goal=5.79
08:42:21 [INFO] [MPC] state=(+1.13,+0.09,-4.71) wp0=(+1.15,+0.16) v=+0.200 ω=-0.001 ok=True iters=6
08:42:21 [INFO] [PROG] s*=1.45/9.24 (15.7%) dist_goal=5.77
08:42:21 [INFO] [MPC] state=(+1.13,+0.11,-4.71) wp0=(+1.15,+0.18) v=+0.200 ω=-0.002 ok=True iters=6
08:42:21 [INFO] [PROG] s*=1.47/9.24 (15.9%) dist_goal=5.76
08:42:21 [INFO] [MPC] state=(+1.13,+0.13,-4.71) wp0=(+1.15,+0.20) v=+0.200 ω=-0.003 ok=True iters=6
08:42:21 [INFO] [PROG] s*=1.49/9.24 (16.2%) dist_goal=5.74
08:42:21 [INFO] [MPC] state=(+1.13,+0.15,-4.71) wp0=(+1.15,+0.22) v=+0.200 ω=-0.004 ok=True iters=6
08:42:21 [INFO] [PROG] s*=1.51/9.24 (16.4%) dist_goal=5.72
08:42:21 [INFO] [MPC] state=(+1.13,+0.17,-4.71) wp0=(+1.15,+0.24) v=+0.200 ω=-0.005 ok=True iters=6
08:42:21 [INFO] [PROG] s*=1.53/9.24 (16.6%) dist_goal=5.70
08:42:21 [INFO] [MPC] state=(+1.13,+0.19,-4.71) wp0=(+1.15,+0.26) v=+0.200 ω=-0.005 ok=True iters=6
08:42:21 [INFO] [PROG] s*=1.55/9.24 (16.8%) dist_goal=5.68
08:42:21 [INFO] [MPC] state=(+1.13,+0.21,-4.71) wp0=(+1.15,+0.28) v=+0.200 ω=-0.005 ok=True iters=6
08:42:21 [INFO] [PROG] s*=1.57/9.24 (17.0%) dist_goal=5.67
08:42:21 [INFO] [MPC] state=(+1.13,+0.23,-4.71) wp0=(+1.15,+0.30) v=+0.200 ω=-0.006 ok=True iters=6
08:42:21 [INFO] [PROG] s*=1.59/9.24 (17.3%) dist_goal=5.65
08:42:21 [INFO] [MPC] state=(+1.13,+0.25,-4.71) wp0=(+1.15,+0.32) v=+0.200 ω=-0.005 ok=True iters=6
08:42:21 [INFO] [PROG] s*=1.62/9.24 (17.5%) dist_goal=5.63
08:42:21 [INFO] [MPC] state=(+1.13,+0.27,-4.71) wp0=(+1.15,+0.35) v=+0.200 ω=-0.005 ok=True iters=6
08:42:21 [INFO] [PROG] s*=1.64/9.24 (17.7%) dist_goal=5.61
08:42:21 [INFO] [MPC] state=(+1.13,+0.30,-4.71) wp0=(+1.15,+0.37) v=+0.200 ω=-0.005 ok=True iters=6
08:42:21 [INFO] [PROG] s*=1.66/9.24 (17.9%) dist_goal=5.60
08:42:21 [INFO] [MPC] state=(+1.13,+0.32,-4.71) wp0=(+1.15,+0.39) v=+0.200 ω=-0.004 ok=True iters=6
08:42:21 [INFO] [PROG] s*=1.68/9.24 (18.1%) dist_goal=5.58
08:42:21 [INFO] [MPC] state=(+1.13,+0.34,-4.71) wp0=(+1.15,+0.41) v=+0.200 ω=-0.003 ok=True iters=6
08:42:21 [INFO] [PROG] s*=1.70/9.24 (18.4%) dist_goal=5.56
08:42:21 [INFO] [MPC] state=(+1.13,+0.36,-4.71) wp0=(+1.15,+0.43) v=+0.200 ω=-0.003 ok=True iters=6
08:42:21 [INFO] [PROG] s*=1.72/9.24 (18.6%) dist_goal=5.54
08:42:21 [INFO] [MPC] state=(+1.13,+0.38,-4.71) wp0=(+1.15,+0.45) v=+0.200 ω=-0.002 ok=True iters=6
08:42:21 [INFO] [PROG] s*=1.74/9.24 (18.8%) dist_goal=5.52
08:42:21 [INFO] [MPC] state=(+1.13,+0.40,-4.71) wp0=(+1.15,+0.47) v=+0.200 ω=-0.002 ok=True iters=6
08:42:21 [INFO] [PROG] s*=1.76/9.24 (19.0%) dist_goal=5.51
08:42:21 [INFO] [MPC] state=(+1.13,+0.42,-4.71) wp0=(+1.15,+0.49) v=+0.200 ω=-0.002 ok=True iters=6
08:42:21 [INFO] [PROG] s*=1.78/9.24 (19.2%) dist_goal=5.49
08:42:21 [INFO] [MPC] state=(+1.13,+0.44,-4.71) wp0=(+1.15,+0.51) v=+0.200 ω=-0.001 ok=True iters=6
08:42:21 [INFO] [PROG] s*=1.80/9.24 (19.5%) dist_goal=5.47
08:42:21 [INFO] [MPC] state=(+1.13,+0.46,-4.71) wp0=(+1.15,+0.53) v=+0.200 ω=-0.001 ok=True iters=6
08:42:21 [INFO] [PROG] s*=1.82/9.24 (19.7%) dist_goal=5.45
08:42:21 [INFO] [MPC] state=(+1.13,+0.48,-4.71) wp0=(+1.15,+0.55) v=+0.200 ω=-0.001 ok=True iters=6
08:42:21 [INFO] [PROG] s*=1.84/9.24 (19.9%) dist_goal=5.44
08:42:21 [INFO] [MPC] state=(+1.13,+0.50,-4.71) wp0=(+1.15,+0.57) v=+0.200 ω=-0.001 ok=True iters=6
08:42:21 [INFO] [PROG] s*=1.86/9.24 (20.1%) dist_goal=5.42
08:42:21 [INFO] [MPC] state=(+1.13,+0.52,-4.71) wp0=(+1.15,+0.59) v=+0.200 ω=-0.001 ok=True iters=6
08:42:21 [INFO] [PROG] s*=1.88/9.24 (20.3%) dist_goal=5.40
08:42:21 [INFO] [MPC] state=(+1.13,+0.54,-4.71) wp0=(+1.15,+0.61) v=+0.200 ω=-0.001 ok=True iters=6
08:42:21 [INFO] [PROG] s*=1.90/9.24 (20.5%) dist_goal=5.38
08:42:21 [INFO] [MPC] state=(+1.13,+0.56,-4.71) wp0=(+1.15,+0.63) v=+0.200 ω=-0.001 ok=True iters=6
08:42:21 [INFO] [PROG] s*=1.92/9.24 (20.8%) dist_goal=5.37
08:42:21 [INFO] [MPC] state=(+1.13,+0.58,-4.71) wp0=(+1.15,+0.65) v=+0.200 ω=-0.001 ok=True iters=6
08:42:21 [INFO] [PROG] s*=1.94/9.24 (21.0%) dist_goal=5.35
08:42:21 [INFO] [MPC] state=(+1.13,+0.60,-4.71) wp0=(+1.15,+0.67) v=+0.200 ω=-0.002 ok=True iters=6
08:42:21 [INFO] [PROG] s*=1.96/9.24 (21.2%) dist_goal=5.33
08:42:21 [INFO] [MPC] state=(+1.13,+0.62,-4.71) wp0=(+1.15,+0.69) v=+0.200 ω=-0.002 ok=True iters=6
08:42:21 [INFO] [PROG] s*=1.98/9.24 (21.4%) dist_goal=5.31
08:42:21 [INFO] [MPC] state=(+1.13,+0.64,-4.71) wp0=(+1.15,+0.71) v=+0.200 ω=-0.002 ok=True iters=6
08:42:21 [INFO] [PROG] s*=2.00/9.24 (21.6%) dist_goal=5.30
08:42:21 [INFO] [MPC] state=(+1.13,+0.66,-4.71) wp0=(+1.15,+0.73) v=+0.200 ω=-0.003 ok=True iters=6
08:42:21 [INFO] [PROG] s*=2.02/9.24 (21.9%) dist_goal=5.28
08:42:21 [INFO] [MPC] state=(+1.13,+0.68,-4.71) wp0=(+1.15,+0.75) v=+0.200 ω=-0.003 ok=True iters=6
08:42:21 [INFO] [PROG] s*=2.04/9.24 (22.1%) dist_goal=5.26
08:42:21 [INFO] [MPC] state=(+1.13,+0.70,-4.71) wp0=(+1.15,+0.77) v=+0.200 ω=-0.003 ok=True iters=6
08:42:21 [INFO] [PROG] s*=2.06/9.24 (22.3%) dist_goal=5.24
08:42:21 [INFO] [MPC] state=(+1.13,+0.72,-4.71) wp0=(+1.15,+0.79) v=+0.200 ω=-0.004 ok=True iters=6
08:42:21 [INFO] [PROG] s*=2.08/9.24 (22.5%) dist_goal=5.23
08:42:21 [INFO] [MPC] state=(+1.13,+0.74,-4.71) wp0=(+1.15,+0.81) v=+0.200 ω=-0.004 ok=True iters=6
08:42:21 [INFO] [PROG] s*=2.10/9.24 (22.7%) dist_goal=5.21
08:42:21 [INFO] [MPC] state=(+1.13,+0.76,-4.71) wp0=(+1.15,+0.83) v=+0.200 ω=-0.004 ok=True iters=6
08:42:21 [INFO] [PROG] s*=2.12/9.24 (23.0%) dist_goal=5.19
08:42:21 [INFO] [MPC] state=(+1.13,+0.78,-4.71) wp0=(+1.15,+0.85) v=+0.200 ω=-0.004 ok=True iters=6
08:42:21 [INFO] [PROG] s*=2.14/9.24 (23.2%) dist_goal=5.17
08:42:21 [INFO] [MPC] state=(+1.13,+0.80,-4.71) wp0=(+1.15,+0.87) v=+0.200 ω=-0.004 ok=True iters=6
08:42:21 [INFO] [PROG] s*=2.16/9.24 (23.4%) dist_goal=5.16
08:42:21 [INFO] [MPC] state=(+1.13,+0.82,-4.71) wp0=(+1.15,+0.89) v=+0.200 ω=-0.004 ok=True iters=6
08:42:21 [INFO] [PROG] s*=2.18/9.24 (23.6%) dist_goal=5.14
08:42:21 [INFO] [MPC] state=(+1.13,+0.84,-4.71) wp0=(+1.15,+0.91) v=+0.200 ω=-0.004 ok=True iters=6
08:42:21 [INFO] [PROG] s*=2.20/9.24 (23.8%) dist_goal=5.12
08:42:21 [INFO] [MPC] state=(+1.13,+0.86,-4.71) wp0=(+1.15,+0.93) v=+0.200 ω=-0.004 ok=True iters=6
08:42:21 [INFO] [PROG] s*=2.22/9.24 (24.1%) dist_goal=5.10
08:42:21 [INFO] [MPC] state=(+1.13,+0.88,-4.71) wp0=(+1.15,+0.95) v=+0.200 ω=-0.004 ok=True iters=6
08:42:21 [INFO] [PROG] s*=2.24/9.24 (24.3%) dist_goal=5.09
08:42:21 [INFO] [MPC] state=(+1.13,+0.90,-4.71) wp0=(+1.15,+0.97) v=+0.200 ω=-0.003 ok=True iters=6
08:42:21 [INFO] [PROG] s*=2.26/9.24 (24.5%) dist_goal=5.07
08:42:21 [INFO] [MPC] state=(+1.13,+0.92,-4.71) wp0=(+1.15,+0.99) v=+0.200 ω=-0.003 ok=True iters=6
08:42:21 [INFO] [PROG] s*=2.28/9.24 (24.7%) dist_goal=5.05
08:42:21 [INFO] [MPC] state=(+1.13,+0.94,-4.71) wp0=(+1.15,+1.01) v=+0.200 ω=-0.003 ok=True iters=6
08:42:21 [INFO] [PROG] s*=2.30/9.24 (24.9%) dist_goal=5.04
08:42:21 [INFO] [MPC] state=(+1.13,+0.96,-4.71) wp0=(+1.15,+1.03) v=+0.200 ω=-0.003 ok=True iters=6
08:42:21 [INFO] [PROG] s*=2.32/9.24 (25.2%) dist_goal=5.02
08:42:21 [INFO] [MPC] state=(+1.13,+0.98,-4.71) wp0=(+1.15,+1.05) v=+0.200 ω=-0.003 ok=True iters=6
08:42:21 [INFO] [PROG] s*=2.35/9.24 (25.4%) dist_goal=5.00
08:42:21 [INFO] [MPC] state=(+1.13,+1.00,-4.71) wp0=(+1.15,+1.08) v=+0.200 ω=-0.003 ok=True iters=6
08:42:21 [INFO] [PROG] s*=2.37/9.24 (25.6%) dist_goal=4.98
08:42:21 [INFO] [MPC] state=(+1.13,+1.03,-4.71) wp0=(+1.15,+1.10) v=+0.200 ω=-0.003 ok=True iters=6
08:42:21 [INFO] [PROG] s*=2.39/9.24 (25.8%) dist_goal=4.97
08:42:21 [INFO] [MPC] state=(+1.13,+1.05,-4.71) wp0=(+1.15,+1.12) v=+0.200 ω=-0.003 ok=True iters=6
08:42:21 [INFO] [PROG] s*=2.41/9.24 (26.0%) dist_goal=4.95
08:42:21 [INFO] [MPC] state=(+1.13,+1.07,-4.71) wp0=(+1.15,+1.14) v=+0.200 ω=-0.003 ok=True iters=6
08:42:21 [INFO] [PROG] s*=2.43/9.24 (26.3%) dist_goal=4.93
08:42:21 [INFO] [MPC] state=(+1.13,+1.09,-4.71) wp0=(+1.15,+1.16) v=+0.200 ω=-0.003 ok=True iters=6
08:42:21 [INFO] [PROG] s*=2.45/9.24 (26.5%) dist_goal=4.92
08:42:21 [INFO] [MPC] state=(+1.13,+1.11,-4.71) wp0=(+1.15,+1.18) v=+0.200 ω=-0.003 ok=True iters=6
08:42:21 [INFO] [PROG] s*=2.47/9.24 (26.7%) dist_goal=4.90
08:42:21 [INFO] [MPC] state=(+1.13,+1.13,-4.71) wp0=(+1.15,+1.20) v=+0.200 ω=-0.003 ok=True iters=6
08:42:21 [INFO] [PROG] s*=2.49/9.24 (26.9%) dist_goal=4.88
08:42:21 [INFO] [MPC] state=(+1.13,+1.15,-4.71) wp0=(+1.15,+1.22) v=+0.200 ω=-0.003 ok=True iters=6
08:42:21 [INFO] [PROG] s*=2.51/9.24 (27.1%) dist_goal=4.86
08:42:21 [INFO] [MPC] state=(+1.13,+1.17,-4.71) wp0=(+1.15,+1.24) v=+0.200 ω=-0.003 ok=True iters=6
08:42:21 [INFO] [PROG] s*=2.53/9.24 (27.4%) dist_goal=4.85
08:42:21 [INFO] [MPC] state=(+1.13,+1.19,-4.71) wp0=(+1.15,+1.26) v=+0.200 ω=-0.003 ok=True iters=6
08:42:21 [INFO] [PROG] s*=2.55/9.24 (27.6%) dist_goal=4.83
08:42:21 [INFO] [MPC] state=(+1.13,+1.21,-4.71) wp0=(+1.15,+1.28) v=+0.200 ω=-0.004 ok=True iters=6
08:42:21 [INFO] [PROG] s*=2.57/9.24 (27.8%) dist_goal=4.81
08:42:21 [INFO] [MPC] state=(+1.13,+1.23,-4.71) wp0=(+1.15,+1.30) v=+0.200 ω=-0.004 ok=True iters=6
08:42:21 [INFO] [PROG] s*=2.59/9.24 (28.0%) dist_goal=4.80
08:42:21 [INFO] [MPC] state=(+1.13,+1.25,-4.71) wp0=(+1.15,+1.32) v=+0.200 ω=-0.004 ok=True iters=6
08:42:21 [INFO] [PROG] s*=2.61/9.24 (28.2%) dist_goal=4.78
08:42:21 [INFO] [MPC] state=(+1.13,+1.27,-4.71) wp0=(+1.15,+1.34) v=+0.200 ω=-0.004 ok=True iters=6
08:42:21 [INFO] [PROG] s*=2.63/9.24 (28.4%) dist_goal=4.76
08:42:21 [INFO] [MPC] state=(+1.13,+1.29,-4.71) wp0=(+1.15,+1.36) v=+0.200 ω=-0.004 ok=True iters=6
08:42:21 [INFO] [PROG] s*=2.65/9.24 (28.7%) dist_goal=4.75
08:42:21 [INFO] [MPC] state=(+1.13,+1.31,-4.71) wp0=(+1.15,+1.38) v=+0.200 ω=-0.004 ok=True iters=6
08:42:21 [INFO] [PROG] s*=2.67/9.24 (28.9%) dist_goal=4.73
08:42:21 [INFO] [MPC] state=(+1.13,+1.33,-4.71) wp0=(+1.15,+1.40) v=+0.200 ω=-0.004 ok=True iters=6
08:42:21 [INFO] [PROG] s*=2.69/9.24 (29.1%) dist_goal=4.71
08:42:21 [INFO] [MPC] state=(+1.13,+1.35,-4.71) wp0=(+1.15,+1.42) v=+0.200 ω=-0.004 ok=True iters=6
08:42:21 [INFO] [PROG] s*=2.71/9.24 (29.3%) dist_goal=4.70
08:42:21 [INFO] [MPC] state=(+1.13,+1.37,-4.71) wp0=(+1.15,+1.44) v=+0.200 ω=-0.004 ok=True iters=6
08:42:21 [INFO] [PROG] s*=2.73/9.24 (29.5%) dist_goal=4.68
08:42:21 [INFO] [MPC] state=(+1.13,+1.39,-4.71) wp0=(+1.15,+1.46) v=+0.200 ω=-0.003 ok=True iters=6
08:42:21 [INFO] [PROG] s*=2.75/9.24 (29.8%) dist_goal=4.66
08:42:21 [INFO] [MPC] state=(+1.13,+1.41,-4.71) wp0=(+1.15,+1.48) v=+0.200 ω=-0.003 ok=True iters=6
08:42:21 [INFO] [PROG] s*=2.77/9.24 (30.0%) dist_goal=4.65
08:42:21 [INFO] [MPC] state=(+1.13,+1.43,-4.71) wp0=(+1.15,+1.50) v=+0.200 ω=-0.003 ok=True iters=6
08:42:21 [INFO] [PROG] s*=2.79/9.24 (30.2%) dist_goal=4.63
08:42:21 [INFO] [MPC] state=(+1.13,+1.45,-4.71) wp0=(+1.15,+1.52) v=+0.200 ω=-0.003 ok=True iters=6
08:42:21 [INFO] [PROG] s*=2.81/9.24 (30.4%) dist_goal=4.61
08:42:21 [INFO] [MPC] state=(+1.13,+1.47,-4.71) wp0=(+1.15,+1.54) v=+0.200 ω=-0.003 ok=True iters=6
08:42:21 [INFO] [PROG] s*=2.83/9.24 (30.6%) dist_goal=4.60
08:42:21 [INFO] [MPC] state=(+1.13,+1.49,-4.71) wp0=(+1.15,+1.56) v=+0.200 ω=-0.004 ok=True iters=6
08:42:21 [INFO] [PROG] s*=2.85/9.24 (30.9%) dist_goal=4.58
08:42:21 [INFO] [MPC] state=(+1.13,+1.51,-4.71) wp0=(+1.15,+1.58) v=+0.200 ω=-0.003 ok=True iters=6
08:42:21 [INFO] [PROG] s*=2.87/9.24 (31.1%) dist_goal=4.56
08:42:21 [INFO] [MPC] state=(+1.13,+1.53,-4.71) wp0=(+1.15,+1.60) v=+0.200 ω=-0.004 ok=True iters=6
08:42:21 [INFO] [PROG] s*=2.89/9.24 (31.3%) dist_goal=4.55
08:42:21 [INFO] [MPC] state=(+1.13,+1.55,-4.71) wp0=(+1.15,+1.62) v=+0.200 ω=-0.004 ok=True iters=6
08:42:21 [INFO] [PROG] s*=2.91/9.24 (31.5%) dist_goal=4.53
08:42:21 [INFO] [MPC] state=(+1.13,+1.57,-4.71) wp0=(+1.15,+1.64) v=+0.200 ω=-0.035 ok=True iters=8
08:42:21 [INFO] [PROG] s*=2.93/9.24 (31.7%) dist_goal=4.52
08:42:21 [INFO] [MPC] state=(+1.13,+1.59,-4.72) wp0=(+1.15,+1.66) v=+0.200 ω=+0.003 ok=True iters=6
08:42:21 [INFO] [PROG] s*=2.95/9.24 (32.0%) dist_goal=4.50
08:42:21 [INFO] [MPC] state=(+1.13,+1.61,-4.72) wp0=(+1.15,+1.68) v=+0.200 ω=+0.004 ok=True iters=6
08:42:21 [INFO] [PROG] s*=2.97/9.24 (32.2%) dist_goal=4.48
08:42:21 [INFO] [MPC] state=(+1.13,+1.63,-4.71) wp0=(+1.15,+1.70) v=+0.200 ω=+0.004 ok=True iters=6
08:42:21 [INFO] [PROG] s*=2.99/9.24 (32.4%) dist_goal=4.47
08:42:21 [INFO] [MPC] state=(+1.13,+1.65,-4.71) wp0=(+1.15,+1.72) v=+0.200 ω=+0.004 ok=True iters=6
08:42:21 [INFO] [PROG] s*=3.01/9.24 (32.6%) dist_goal=4.45
08:42:21 [INFO] [MPC] state=(+1.13,+1.67,-4.71) wp0=(+1.15,+1.74) v=+0.200 ω=+0.003 ok=True iters=6
08:42:21 [INFO] [PROG] s*=3.03/9.24 (32.8%) dist_goal=4.43
08:42:21 [INFO] [MPC] state=(+1.13,+1.69,-4.71) wp0=(+1.15,+1.76) v=+0.200 ω=+0.003 ok=True iters=6
08:42:21 [INFO] [PROG] s*=3.05/9.24 (33.1%) dist_goal=4.42
08:42:21 [INFO] [MPC] state=(+1.13,+1.71,-4.71) wp0=(+1.15,+1.78) v=+0.200 ω=+0.002 ok=True iters=6
08:42:21 [INFO] [PROG] s*=3.08/9.24 (33.3%) dist_goal=4.40
08:42:21 [INFO] [MPC] state=(+1.13,+1.73,-4.71) wp0=(+1.15,+1.81) v=+0.200 ω=+0.000 ok=True iters=6
08:42:21 [INFO] [PROG] s*=3.10/9.24 (33.5%) dist_goal=4.39
08:42:21 [INFO] [MPC] state=(+1.13,+1.76,-4.71) wp0=(+1.15,+1.83) v=+0.200 ω=-0.000 ok=True iters=6
08:42:21 [INFO] [PROG] s*=3.12/9.24 (33.7%) dist_goal=4.37
08:42:21 [INFO] [MPC] state=(+1.13,+1.78,-4.71) wp0=(+1.15,+1.85) v=+0.200 ω=-0.001 ok=True iters=6
08:42:21 [INFO] [PROG] s*=3.14/9.24 (33.9%) dist_goal=4.35
08:42:21 [INFO] [MPC] state=(+1.13,+1.80,-4.71) wp0=(+1.15,+1.87) v=+0.200 ω=-0.002 ok=True iters=6
08:42:21 [INFO] [PROG] s*=3.16/9.24 (34.2%) dist_goal=4.34
08:42:21 [INFO] [MPC] state=(+1.13,+1.82,-4.71) wp0=(+1.15,+1.89) v=+0.200 ω=-0.003 ok=True iters=6
08:42:21 [INFO] [PROG] s*=3.18/9.24 (34.4%) dist_goal=4.32
08:42:21 [INFO] [MPC] state=(+1.13,+1.84,-4.71) wp0=(+1.15,+1.91) v=+0.200 ω=-0.003 ok=True iters=6
08:42:21 [INFO] [PROG] s*=3.20/9.24 (34.6%) dist_goal=4.31
08:42:21 [INFO] [MPC] state=(+1.13,+1.86,-4.71) wp0=(+1.15,+1.93) v=+0.200 ω=-0.004 ok=True iters=6
08:42:21 [INFO] [PROG] s*=3.22/9.24 (34.8%) dist_goal=4.29
08:42:21 [INFO] [MPC] state=(+1.13,+1.88,-4.71) wp0=(+1.15,+1.95) v=+0.200 ω=-0.004 ok=True iters=6
08:42:21 [INFO] [PROG] s*=3.24/9.24 (35.0%) dist_goal=4.27
08:42:21 [INFO] [MPC] state=(+1.13,+1.90,-4.71) wp0=(+1.15,+1.97) v=+0.200 ω=-0.004 ok=True iters=6
08:42:21 [INFO] [PROG] s*=3.26/9.24 (35.2%) dist_goal=4.26
08:42:21 [INFO] [MPC] state=(+1.13,+1.92,-4.71) wp0=(+1.15,+1.99) v=+0.200 ω=-0.004 ok=True iters=6
08:42:21 [INFO] [PROG] s*=3.28/9.24 (35.5%) dist_goal=4.24
08:42:21 [INFO] [MPC] state=(+1.13,+1.94,-4.71) wp0=(+1.15,+2.01) v=+0.200 ω=-0.004 ok=True iters=6
08:42:22 [INFO] [PROG] s*=3.30/9.24 (35.7%) dist_goal=4.23
08:42:22 [INFO] [MPC] state=(+1.13,+1.96,-4.71) wp0=(+1.15,+2.03) v=+0.200 ω=-0.004 ok=True iters=6
08:42:22 [INFO] [PROG] s*=3.32/9.24 (35.9%) dist_goal=4.21
08:42:22 [INFO] [MPC] state=(+1.13,+1.98,-4.71) wp0=(+1.15,+2.05) v=+0.200 ω=-0.004 ok=True iters=6
08:42:22 [INFO] [PROG] s*=3.34/9.24 (36.1%) dist_goal=4.20
08:42:22 [INFO] [MPC] state=(+1.13,+2.00,-4.71) wp0=(+1.15,+2.07) v=+0.200 ω=-0.003 ok=True iters=6
08:42:22 [INFO] [PROG] s*=3.36/9.24 (36.3%) dist_goal=4.18
08:42:22 [INFO] [MPC] state=(+1.13,+2.02,-4.71) wp0=(+1.15,+2.09) v=+0.200 ω=-0.004 ok=True iters=6
08:42:22 [INFO] [PROG] s*=3.38/9.24 (36.6%) dist_goal=4.16
08:42:22 [INFO] [MPC] state=(+1.13,+2.04,-4.71) wp0=(+1.15,+2.11) v=+0.200 ω=-0.003 ok=True iters=6
08:42:22 [INFO] [PROG] s*=3.40/9.24 (36.8%) dist_goal=4.15
08:42:22 [INFO] [MPC] state=(+1.13,+2.06,-4.71) wp0=(+1.15,+2.13) v=+0.200 ω=-0.003 ok=True iters=6
08:42:22 [INFO] [PROG] s*=3.42/9.24 (37.0%) dist_goal=4.13
08:42:22 [INFO] [MPC] state=(+1.13,+2.08,-4.71) wp0=(+1.15,+2.15) v=+0.200 ω=-0.003 ok=True iters=6
08:42:22 [INFO] [PROG] s*=3.44/9.24 (37.2%) dist_goal=4.12
08:42:22 [INFO] [MPC] state=(+1.13,+2.10,-4.71) wp0=(+1.15,+2.17) v=+0.200 ω=-0.002 ok=True iters=6
08:42:22 [INFO] [PROG] s*=3.46/9.24 (37.4%) dist_goal=4.10
08:42:22 [INFO] [MPC] state=(+1.13,+2.12,-4.71) wp0=(+1.15,+2.19) v=+0.200 ω=-0.002 ok=True iters=6
08:42:22 [INFO] [PROG] s*=3.48/9.24 (37.7%) dist_goal=4.09
08:42:22 [INFO] [MPC] state=(+1.13,+2.14,-4.71) wp0=(+1.15,+2.21) v=+0.200 ω=-0.002 ok=True iters=6
08:42:22 [INFO] [PROG] s*=3.50/9.24 (37.9%) dist_goal=4.07
08:42:22 [INFO] [MPC] state=(+1.13,+2.16,-4.71) wp0=(+1.15,+2.23) v=+0.200 ω=-0.002 ok=True iters=6
08:42:22 [INFO] [PROG] s*=3.52/9.24 (38.1%) dist_goal=4.06
08:42:22 [INFO] [MPC] state=(+1.13,+2.18,-4.71) wp0=(+1.15,+2.25) v=+0.200 ω=-0.002 ok=True iters=6
08:42:22 [INFO] [PROG] s*=3.54/9.24 (38.3%) dist_goal=4.04
08:42:22 [INFO] [MPC] state=(+1.13,+2.20,-4.71) wp0=(+1.15,+2.27) v=+0.200 ω=-0.002 ok=True iters=6
08:42:22 [INFO] [PROG] s*=3.56/9.24 (38.5%) dist_goal=4.03
08:42:22 [INFO] [MPC] state=(+1.13,+2.22,-4.71) wp0=(+1.15,+2.29) v=+0.200 ω=-0.002 ok=True iters=6
08:42:22 [INFO] [PROG] s*=3.58/9.24 (38.8%) dist_goal=4.01
08:42:22 [INFO] [MPC] state=(+1.13,+2.24,-4.71) wp0=(+1.15,+2.31) v=+0.200 ω=-0.002 ok=True iters=6
08:42:22 [INFO] [PROG] s*=3.60/9.24 (39.0%) dist_goal=4.00
08:42:22 [INFO] [MPC] state=(+1.13,+2.26,-4.71) wp0=(+1.15,+2.33) v=+0.200 ω=-0.002 ok=True iters=6
08:42:22 [INFO] [PROG] s*=3.62/9.24 (39.2%) dist_goal=3.98
08:42:22 [INFO] [MPC] state=(+1.13,+2.28,-4.71) wp0=(+1.15,+2.35) v=+0.200 ω=-0.002 ok=True iters=6
08:42:22 [INFO] [PROG] s*=3.64/9.24 (39.4%) dist_goal=3.97
08:42:22 [INFO] [MPC] state=(+1.13,+2.30,-4.71) wp0=(+1.15,+2.37) v=+0.200 ω=-0.002 ok=True iters=6
08:42:22 [INFO] [PROG] s*=3.66/9.24 (39.6%) dist_goal=3.95
08:42:22 [INFO] [MPC] state=(+1.13,+2.32,-4.71) wp0=(+1.15,+2.39) v=+0.200 ω=-0.002 ok=True iters=6
08:42:22 [INFO] [PROG] s*=3.68/9.24 (39.9%) dist_goal=3.94
08:42:22 [INFO] [MPC] state=(+1.13,+2.34,-4.71) wp0=(+1.15,+2.41) v=+0.200 ω=-0.002 ok=True iters=6
08:42:22 [INFO] [PROG] s*=3.70/9.24 (40.1%) dist_goal=3.92
08:42:22 [INFO] [MPC] state=(+1.13,+2.36,-4.71) wp0=(+1.15,+2.43) v=+0.200 ω=-0.002 ok=True iters=6
08:42:22 [INFO] [PROG] s*=3.72/9.24 (40.3%) dist_goal=3.91
08:42:22 [INFO] [MPC] state=(+1.13,+2.38,-4.71) wp0=(+1.15,+2.45) v=+0.200 ω=-0.002 ok=True iters=6
08:42:22 [INFO] [PROG] s*=3.74/9.24 (40.5%) dist_goal=3.89
08:42:22 [INFO] [MPC] state=(+1.13,+2.40,-4.71) wp0=(+1.15,+2.47) v=+0.200 ω=-0.002 ok=True iters=6
08:42:22 [INFO] [PROG] s*=3.76/9.24 (40.7%) dist_goal=3.88
08:42:22 [INFO] [MPC] state=(+1.13,+2.42,-4.71) wp0=(+1.15,+2.49) v=+0.200 ω=-0.002 ok=True iters=6
08:42:22 [INFO] [PROG] s*=3.78/9.24 (41.0%) dist_goal=3.86
08:42:22 [INFO] [MPC] state=(+1.13,+2.44,-4.71) wp0=(+1.15,+2.51) v=+0.200 ω=-0.002 ok=True iters=6
08:42:22 [INFO] [PROG] s*=3.81/9.24 (41.2%) dist_goal=3.85
08:42:22 [INFO] [MPC] state=(+1.13,+2.46,-4.71) wp0=(+1.15,+2.54) v=+0.200 ω=-0.002 ok=True iters=6
08:42:22 [INFO] [PROG] s*=3.83/9.24 (41.4%) dist_goal=3.83
08:42:22 [INFO] [MPC] state=(+1.13,+2.49,-4.71) wp0=(+1.15,+2.56) v=+0.200 ω=-0.003 ok=True iters=6
08:42:22 [INFO] [PROG] s*=3.85/9.24 (41.6%) dist_goal=3.82
08:42:22 [INFO] [MPC] state=(+1.13,+2.51,-4.71) wp0=(+1.15,+2.58) v=+0.200 ω=-0.003 ok=True iters=6
08:42:22 [INFO] [PROG] s*=3.87/9.24 (41.8%) dist_goal=3.80
08:42:22 [INFO] [MPC] state=(+1.13,+2.53,-4.71) wp0=(+1.15,+2.60) v=+0.200 ω=-0.002 ok=True iters=6
08:42:22 [INFO] [PROG] s*=3.89/9.24 (42.1%) dist_goal=3.79
08:42:22 [INFO] [MPC] state=(+1.13,+2.55,-4.71) wp0=(+1.15,+2.62) v=+0.200 ω=-0.003 ok=True iters=6
08:42:22 [INFO] [PROG] s*=3.91/9.24 (42.3%) dist_goal=3.78
08:42:22 [INFO] [MPC] state=(+1.13,+2.57,-4.71) wp0=(+1.15,+2.64) v=+0.200 ω=-0.003 ok=True iters=6
08:42:22 [INFO] [PROG] s*=3.93/9.24 (42.5%) dist_goal=3.76
08:42:22 [INFO] [MPC] state=(+1.13,+2.59,-4.71) wp0=(+1.15,+2.66) v=+0.200 ω=-0.002 ok=True iters=6
08:42:22 [INFO] [PROG] s*=3.95/9.24 (42.7%) dist_goal=3.75
08:42:22 [INFO] [MPC] state=(+1.13,+2.61,-4.71) wp0=(+1.15,+2.68) v=+0.200 ω=-0.002 ok=True iters=6
08:42:22 [INFO] [PROG] s*=3.97/9.24 (42.9%) dist_goal=3.73
08:42:22 [INFO] [MPC] state=(+1.13,+2.63,-4.71) wp0=(+1.15,+2.70) v=+0.200 ω=-0.002 ok=True iters=6
08:42:22 [INFO] [PROG] s*=3.99/9.24 (43.1%) dist_goal=3.72
08:42:22 [INFO] [MPC] state=(+1.13,+2.65,-4.71) wp0=(+1.15,+2.72) v=+0.200 ω=-0.002 ok=True iters=6
08:42:22 [INFO] [PROG] s*=4.01/9.24 (43.4%) dist_goal=3.71
08:42:22 [INFO] [MPC] state=(+1.13,+2.67,-4.71) wp0=(+1.15,+2.74) v=+0.200 ω=-0.002 ok=True iters=6
08:42:22 [INFO] [PROG] s*=4.03/9.24 (43.6%) dist_goal=3.69
08:42:22 [INFO] [MPC] state=(+1.13,+2.69,-4.71) wp0=(+1.15,+2.76) v=+0.200 ω=-0.002 ok=True iters=6
08:42:22 [INFO] [PROG] s*=4.05/9.24 (43.8%) dist_goal=3.68
08:42:22 [INFO] [MPC] state=(+1.13,+2.71,-4.71) wp0=(+1.15,+2.78) v=+0.200 ω=-0.002 ok=True iters=6
08:42:22 [INFO] [PROG] s*=4.07/9.24 (44.0%) dist_goal=3.66
08:42:22 [INFO] [MPC] state=(+1.13,+2.73,-4.71) wp0=(+1.15,+2.80) v=+0.200 ω=-0.002 ok=True iters=6
08:42:22 [INFO] [PROG] s*=4.09/9.24 (44.2%) dist_goal=3.65
08:42:22 [INFO] [MPC] state=(+1.13,+2.75,-4.71) wp0=(+1.15,+2.82) v=+0.200 ω=-0.002 ok=True iters=6
08:42:22 [INFO] [PROG] s*=4.11/9.24 (44.5%) dist_goal=3.64
08:42:22 [INFO] [MPC] state=(+1.13,+2.77,-4.71) wp0=(+1.15,+2.84) v=+0.200 ω=-0.002 ok=True iters=6
08:42:22 [INFO] [PROG] s*=4.13/9.24 (44.7%) dist_goal=3.62
08:42:22 [INFO] [MPC] state=(+1.13,+2.79,-4.71) wp0=(+1.15,+2.86) v=+0.200 ω=-0.002 ok=True iters=6
08:42:22 [INFO] [PROG] s*=4.15/9.24 (44.9%) dist_goal=3.61
08:42:22 [INFO] [MPC] state=(+1.13,+2.81,-4.71) wp0=(+1.15,+2.88) v=+0.200 ω=-0.002 ok=True iters=6
08:42:22 [INFO] [PROG] s*=4.17/9.24 (45.1%) dist_goal=3.59
08:42:22 [INFO] [MPC] state=(+1.13,+2.83,-4.71) wp0=(+1.15,+2.90) v=+0.200 ω=-0.002 ok=True iters=6
08:42:22 [INFO] [PROG] s*=4.19/9.24 (45.3%) dist_goal=3.58
08:42:22 [INFO] [MPC] state=(+1.13,+2.85,-4.71) wp0=(+1.15,+2.92) v=+0.200 ω=-0.003 ok=True iters=6
08:42:22 [INFO] [PROG] s*=4.21/9.24 (45.6%) dist_goal=3.57
08:42:22 [INFO] [MPC] state=(+1.13,+2.87,-4.71) wp0=(+1.15,+2.94) v=+0.200 ω=-0.003 ok=True iters=6
08:42:22 [INFO] [PROG] s*=4.23/9.24 (45.8%) dist_goal=3.55
08:42:22 [INFO] [MPC] state=(+1.13,+2.89,-4.71) wp0=(+1.15,+2.96) v=+0.200 ω=-0.003 ok=True iters=6
08:42:22 [INFO] [PROG] s*=4.25/9.24 (46.0%) dist_goal=3.54
08:42:22 [INFO] [MPC] state=(+1.13,+2.91,-4.71) wp0=(+1.15,+2.98) v=+0.200 ω=-0.003 ok=True iters=6
08:42:22 [INFO] [PROG] s*=4.27/9.24 (46.2%) dist_goal=3.53
08:42:22 [INFO] [MPC] state=(+1.13,+2.93,-4.71) wp0=(+1.15,+3.00) v=+0.200 ω=-0.003 ok=True iters=6
08:42:22 [INFO] [PROG] s*=4.29/9.24 (46.4%) dist_goal=3.51
08:42:22 [INFO] [MPC] state=(+1.13,+2.95,-4.71) wp0=(+1.15,+3.02) v=+0.200 ω=-0.003 ok=True iters=6
08:42:22 [INFO] [PROG] s*=4.31/9.24 (46.7%) dist_goal=3.50
08:42:22 [INFO] [MPC] state=(+1.13,+2.97,-4.71) wp0=(+1.15,+3.04) v=+0.200 ω=-0.004 ok=True iters=6
08:42:22 [INFO] [PROG] s*=4.33/9.24 (46.9%) dist_goal=3.49
08:42:22 [INFO] [MPC] state=(+1.13,+2.99,-4.71) wp0=(+1.15,+3.06) v=+0.200 ω=-0.004 ok=True iters=6
08:42:22 [INFO] [PROG] s*=4.35/9.24 (47.1%) dist_goal=3.48
08:42:22 [INFO] [MPC] state=(+1.13,+3.01,-4.71) wp0=(+1.15,+3.08) v=+0.200 ω=-0.004 ok=True iters=6
08:42:22 [INFO] [PROG] s*=4.37/9.24 (47.3%) dist_goal=3.46
08:42:22 [INFO] [MPC] state=(+1.13,+3.03,-4.71) wp0=(+1.15,+3.10) v=+0.200 ω=-0.004 ok=True iters=6
08:42:22 [INFO] [PROG] s*=4.39/9.24 (47.5%) dist_goal=3.45
08:42:22 [INFO] [MPC] state=(+1.13,+3.05,-4.71) wp0=(+1.15,+3.12) v=+0.200 ω=-0.004 ok=True iters=6
08:42:22 [INFO] [PROG] s*=4.41/9.24 (47.8%) dist_goal=3.44
08:42:22 [INFO] [MPC] state=(+1.13,+3.07,-4.71) wp0=(+1.15,+3.14) v=+0.200 ω=-0.003 ok=True iters=6
08:42:22 [INFO] [PROG] s*=4.43/9.24 (48.0%) dist_goal=3.42
08:42:22 [INFO] [MPC] state=(+1.13,+3.09,-4.71) wp0=(+1.15,+3.16) v=+0.200 ω=-0.003 ok=True iters=6
08:42:22 [INFO] [PROG] s*=4.45/9.24 (48.2%) dist_goal=3.41
08:42:22 [INFO] [MPC] state=(+1.13,+3.11,-4.71) wp0=(+1.15,+3.18) v=+0.200 ω=-0.003 ok=True iters=6
08:42:22 [INFO] [PROG] s*=4.47/9.24 (48.4%) dist_goal=3.40
08:42:22 [INFO] [MPC] state=(+1.13,+3.13,-4.71) wp0=(+1.15,+3.20) v=+0.200 ω=-0.003 ok=True iters=6
08:42:22 [INFO] [PROG] s*=4.49/9.24 (48.6%) dist_goal=3.39
08:42:22 [INFO] [MPC] state=(+1.13,+3.15,-4.71) wp0=(+1.15,+3.22) v=+0.200 ω=-0.003 ok=True iters=6
08:42:22 [INFO] [PROG] s*=4.51/9.24 (48.9%) dist_goal=3.37
08:42:22 [INFO] [MPC] state=(+1.13,+3.17,-4.71) wp0=(+1.15,+3.24) v=+0.200 ω=-0.002 ok=True iters=6
08:42:22 [INFO] [PROG] s*=4.54/9.24 (49.1%) dist_goal=3.36
08:42:22 [INFO] [MPC] state=(+1.13,+3.19,-4.71) wp0=(+1.15,+3.27) v=+0.200 ω=-0.003 ok=True iters=6
08:42:22 [INFO] [PROG] s*=4.56/9.24 (49.3%) dist_goal=3.35
08:42:22 [INFO] [MPC] state=(+1.13,+3.22,-4.71) wp0=(+1.15,+3.29) v=+0.200 ω=-0.003 ok=True iters=6
08:42:22 [INFO] [PROG] s*=4.58/9.24 (49.5%) dist_goal=3.34
08:42:22 [INFO] [MPC] state=(+1.13,+3.24,-4.71) wp0=(+1.15,+3.31) v=+0.200 ω=-0.002 ok=True iters=6
08:42:22 [INFO] [PROG] s*=4.60/9.24 (49.7%) dist_goal=3.33
08:42:22 [INFO] [MPC] state=(+1.13,+3.26,-4.71) wp0=(+1.15,+3.33) v=+0.200 ω=-0.002 ok=True iters=6
08:42:22 [INFO] [PROG] s*=4.62/9.24 (50.0%) dist_goal=3.31
08:42:22 [INFO] [MPC] state=(+1.13,+3.28,-4.71) wp0=(+1.15,+3.35) v=+0.200 ω=-0.003 ok=True iters=6
08:42:22 [INFO] [PROG] s*=4.64/9.24 (50.2%) dist_goal=3.30
08:42:22 [INFO] [MPC] state=(+1.13,+3.30,-4.71) wp0=(+1.15,+3.37) v=+0.200 ω=-0.002 ok=True iters=6
08:42:22 [INFO] [PROG] s*=4.66/9.24 (50.4%) dist_goal=3.29
08:42:22 [INFO] [MPC] state=(+1.13,+3.32,-4.71) wp0=(+1.15,+3.39) v=+0.200 ω=-0.003 ok=True iters=6
08:42:22 [INFO] [PROG] s*=4.68/9.24 (50.6%) dist_goal=3.28
08:42:22 [INFO] [MPC] state=(+1.13,+3.34,-4.71) wp0=(+1.15,+3.41) v=+0.200 ω=-0.003 ok=True iters=6
08:42:22 [INFO] [PROG] s*=4.70/9.24 (50.8%) dist_goal=3.27
08:42:22 [INFO] [MPC] state=(+1.13,+3.36,-4.71) wp0=(+1.15,+3.43) v=+0.200 ω=-0.003 ok=True iters=6
08:42:22 [INFO] [PROG] s*=4.72/9.24 (51.0%) dist_goal=3.25
08:42:22 [INFO] [MPC] state=(+1.13,+3.38,-4.71) wp0=(+1.15,+3.45) v=+0.200 ω=-0.003 ok=True iters=6
08:42:22 [INFO] [PROG] s*=4.74/9.24 (51.3%) dist_goal=3.24
08:42:22 [INFO] [MPC] state=(+1.13,+3.40,-4.71) wp0=(+1.15,+3.47) v=+0.200 ω=-0.003 ok=True iters=6
08:42:22 [INFO] [PROG] s*=4.76/9.24 (51.5%) dist_goal=3.23
08:42:22 [INFO] [MPC] state=(+1.13,+3.42,-4.71) wp0=(+1.15,+3.49) v=+0.200 ω=-0.003 ok=True iters=6
08:42:22 [INFO] [PROG] s*=4.78/9.24 (51.7%) dist_goal=3.22
08:42:22 [INFO] [MPC] state=(+1.13,+3.44,-4.71) wp0=(+1.15,+3.51) v=+0.200 ω=-0.003 ok=True iters=6
08:42:22 [INFO] [PROG] s*=4.80/9.24 (51.9%) dist_goal=3.21
08:42:22 [INFO] [MPC] state=(+1.13,+3.46,-4.71) wp0=(+1.15,+3.53) v=+0.200 ω=-0.003 ok=True iters=6
08:42:22 [INFO] [PROG] s*=4.82/9.24 (52.1%) dist_goal=3.20
08:42:22 [INFO] [MPC] state=(+1.13,+3.48,-4.71) wp0=(+1.15,+3.55) v=+0.200 ω=-0.003 ok=True iters=6
08:42:22 [INFO] [PROG] s*=4.84/9.24 (52.4%) dist_goal=3.19
08:42:22 [INFO] [MPC] state=(+1.13,+3.50,-4.71) wp0=(+1.15,+3.57) v=+0.200 ω=-0.003 ok=True iters=6
08:42:22 [INFO] [PROG] s*=4.86/9.24 (52.6%) dist_goal=3.18
08:42:22 [INFO] [MPC] state=(+1.13,+3.52,-4.71) wp0=(+1.15,+3.59) v=+0.200 ω=-0.003 ok=True iters=6
08:42:22 [INFO] [PROG] s*=4.88/9.24 (52.8%) dist_goal=3.17
08:42:22 [INFO] [MPC] state=(+1.13,+3.54,-4.71) wp0=(+1.15,+3.61) v=+0.200 ω=-0.003 ok=True iters=6
08:42:22 [INFO] [PROG] s*=4.90/9.24 (53.0%) dist_goal=3.15
08:42:22 [INFO] [MPC] state=(+1.13,+3.56,-4.71) wp0=(+1.15,+3.63) v=+0.200 ω=-0.003 ok=True iters=6
08:42:22 [INFO] [PROG] s*=4.92/9.24 (53.2%) dist_goal=3.14
08:42:22 [INFO] [MPC] state=(+1.13,+3.58,-4.71) wp0=(+1.15,+3.65) v=+0.200 ω=-0.003 ok=True iters=6
08:42:22 [INFO] [PROG] s*=4.94/9.24 (53.5%) dist_goal=3.13
08:42:22 [INFO] [MPC] state=(+1.13,+3.60,-4.71) wp0=(+1.15,+3.67) v=+0.200 ω=-0.003 ok=True iters=6
08:42:22 [INFO] [PROG] s*=4.96/9.24 (53.7%) dist_goal=3.12
08:42:22 [INFO] [MPC] state=(+1.13,+3.62,-4.71) wp0=(+1.15,+3.69) v=+0.200 ω=-0.003 ok=True iters=6
08:42:22 [INFO] [PROG] s*=4.98/9.24 (53.9%) dist_goal=3.11
08:42:22 [INFO] [MPC] state=(+1.13,+3.64,-4.71) wp0=(+1.15,+3.71) v=+0.200 ω=-0.003 ok=True iters=6
08:42:22 [INFO] [PROG] s*=5.00/9.24 (54.1%) dist_goal=3.10
08:42:22 [INFO] [MPC] state=(+1.13,+3.66,-4.71) wp0=(+1.15,+3.73) v=+0.200 ω=-0.003 ok=True iters=6
08:42:22 [INFO] [PROG] s*=5.02/9.24 (54.3%) dist_goal=3.09
08:42:22 [INFO] [MPC] state=(+1.13,+3.68,-4.71) wp0=(+1.15,+3.75) v=+0.200 ω=-0.003 ok=True iters=6
08:42:22 [INFO] [PROG] s*=5.04/9.24 (54.6%) dist_goal=3.08
08:42:22 [INFO] [MPC] state=(+1.13,+3.70,-4.71) wp0=(+1.15,+3.77) v=+0.200 ω=-0.003 ok=True iters=6
08:42:22 [INFO] [PROG] s*=5.06/9.24 (54.8%) dist_goal=3.07
08:42:22 [INFO] [MPC] state=(+1.13,+3.72,-4.71) wp0=(+1.15,+3.79) v=+0.200 ω=-0.003 ok=True iters=6
08:42:22 [INFO] [PROG] s*=5.08/9.24 (55.0%) dist_goal=3.06
08:42:22 [INFO] [MPC] state=(+1.13,+3.74,-4.71) wp0=(+1.15,+3.81) v=+0.200 ω=-0.003 ok=True iters=6
08:42:22 [INFO] [PROG] s*=5.10/9.24 (55.2%) dist_goal=3.05
08:42:22 [INFO] [MPC] state=(+1.13,+3.76,-4.71) wp0=(+1.15,+3.83) v=+0.200 ω=-0.002 ok=True iters=6
08:42:22 [INFO] [PROG] s*=5.12/9.24 (55.4%) dist_goal=3.04
08:42:22 [INFO] [MPC] state=(+1.13,+3.78,-4.71) wp0=(+1.15,+3.85) v=+0.200 ω=-0.003 ok=True iters=6
08:42:22 [INFO] [PROG] s*=5.14/9.24 (55.7%) dist_goal=3.03
08:42:22 [INFO] [MPC] state=(+1.13,+3.80,-4.71) wp0=(+1.15,+3.87) v=+0.200 ω=-0.003 ok=True iters=6
08:42:22 [INFO] [PROG] s*=5.16/9.24 (55.9%) dist_goal=3.02
08:42:22 [INFO] [MPC] state=(+1.13,+3.82,-4.71) wp0=(+1.15,+3.89) v=+0.200 ω=-0.003 ok=True iters=6
08:42:22 [INFO] [PROG] s*=5.18/9.24 (56.1%) dist_goal=3.01
08:42:22 [INFO] [MPC] state=(+1.13,+3.84,-4.71) wp0=(+1.15,+3.91) v=+0.200 ω=-0.003 ok=True iters=6
08:42:22 [INFO] [PROG] s*=5.20/9.24 (56.3%) dist_goal=3.00
08:42:22 [INFO] [MPC] state=(+1.13,+3.86,-4.71) wp0=(+1.15,+3.93) v=+0.200 ω=-0.003 ok=True iters=6
08:42:22 [INFO] [PROG] s*=5.22/9.24 (56.5%) dist_goal=3.00
08:42:22 [INFO] [MPC] state=(+1.13,+3.88,-4.71) wp0=(+1.15,+3.95) v=+0.200 ω=-0.003 ok=True iters=6
08:42:22 [INFO] [PROG] s*=5.24/9.24 (56.8%) dist_goal=2.99
08:42:22 [INFO] [MPC] state=(+1.13,+3.90,-4.71) wp0=(+1.15,+3.97) v=+0.200 ω=-0.003 ok=True iters=6
08:42:22 [INFO] [PROG] s*=5.27/9.24 (57.0%) dist_goal=2.98
08:42:22 [INFO] [MPC] state=(+1.13,+3.92,-4.71) wp0=(+1.15,+4.00) v=+0.200 ω=-0.003 ok=True iters=6
08:42:22 [INFO] [PROG] s*=5.29/9.24 (57.2%) dist_goal=2.97
08:42:22 [INFO] [MPC] state=(+1.13,+3.95,-4.71) wp0=(+1.15,+4.02) v=+0.200 ω=-0.003 ok=True iters=6
08:42:22 [INFO] [PROG] s*=5.31/9.24 (57.4%) dist_goal=2.96
08:42:22 [INFO] [MPC] state=(+1.13,+3.97,-4.71) wp0=(+1.15,+4.04) v=+0.200 ω=-0.003 ok=True iters=6
08:42:22 [INFO] [PROG] s*=5.33/9.24 (57.6%) dist_goal=2.95
08:42:22 [INFO] [MPC] state=(+1.13,+3.99,-4.71) wp0=(+1.15,+4.06) v=+0.200 ω=-0.003 ok=True iters=6
08:42:22 [INFO] [PROG] s*=5.35/9.24 (57.9%) dist_goal=2.94
08:42:22 [INFO] [MPC] state=(+1.13,+4.01,-4.71) wp0=(+1.15,+4.08) v=+0.200 ω=-0.003 ok=True iters=6
08:42:22 [INFO] [PROG] s*=5.37/9.24 (58.1%) dist_goal=2.93
08:42:22 [INFO] [MPC] state=(+1.13,+4.03,-4.71) wp0=(+1.15,+4.10) v=+0.200 ω=-0.003 ok=True iters=6
08:42:22 [INFO] [PROG] s*=5.39/9.24 (58.3%) dist_goal=2.93
08:42:22 [INFO] [MPC] state=(+1.13,+4.05,-4.71) wp0=(+1.15,+4.12) v=+0.200 ω=-0.003 ok=True iters=6
08:42:22 [INFO] [PROG] s*=5.41/9.24 (58.5%) dist_goal=2.92
08:42:22 [INFO] [MPC] state=(+1.13,+4.07,-4.71) wp0=(+1.15,+4.14) v=+0.200 ω=-0.002 ok=True iters=6
08:42:22 [INFO] [PROG] s*=5.43/9.24 (58.7%) dist_goal=2.91
08:42:22 [INFO] [MPC] state=(+1.13,+4.09,-4.71) wp0=(+1.15,+4.16) v=+0.200 ω=-0.003 ok=True iters=6
08:42:22 [INFO] [PROG] s*=5.45/9.24 (58.9%) dist_goal=2.90
08:42:22 [INFO] [MPC] state=(+1.13,+4.11,-4.71) wp0=(+1.15,+4.18) v=+0.200 ω=-0.002 ok=True iters=6
08:42:22 [INFO] [PROG] s*=5.47/9.24 (59.2%) dist_goal=2.89
08:42:22 [INFO] [MPC] state=(+1.13,+4.13,-4.71) wp0=(+1.15,+4.20) v=+0.200 ω=-0.002 ok=True iters=6
08:42:22 [INFO] [PROG] s*=5.49/9.24 (59.4%) dist_goal=2.89
08:42:22 [INFO] [MPC] state=(+1.13,+4.15,-4.71) wp0=(+1.15,+4.22) v=+0.200 ω=-0.002 ok=True iters=6
08:42:22 [INFO] [PROG] s*=5.51/9.24 (59.6%) dist_goal=2.88
08:42:22 [INFO] [MPC] state=(+1.13,+4.17,-4.71) wp0=(+1.15,+4.24) v=+0.200 ω=-0.002 ok=True iters=6
08:42:22 [INFO] [PROG] s*=5.53/9.24 (59.8%) dist_goal=2.87
08:42:22 [INFO] [MPC] state=(+1.13,+4.19,-4.71) wp0=(+1.15,+4.26) v=+0.200 ω=-0.002 ok=True iters=6
08:42:22 [INFO] [PROG] s*=5.55/9.24 (60.0%) dist_goal=2.86
08:42:22 [INFO] [MPC] state=(+1.13,+4.21,-4.71) wp0=(+1.15,+4.28) v=+0.200 ω=-0.002 ok=True iters=6
08:42:22 [INFO] [PROG] s*=5.57/9.24 (60.3%) dist_goal=2.86
08:42:22 [INFO] [MPC] state=(+1.13,+4.23,-4.71) wp0=(+1.15,+4.30) v=+0.200 ω=-0.001 ok=True iters=6
08:42:22 [INFO] [PROG] s*=5.59/9.24 (60.5%) dist_goal=2.85
08:42:22 [INFO] [MPC] state=(+1.13,+4.25,-4.71) wp0=(+1.15,+4.32) v=+0.200 ω=-0.001 ok=True iters=6
08:42:22 [INFO] [PROG] s*=5.61/9.24 (60.7%) dist_goal=2.84
08:42:22 [INFO] [MPC] state=(+1.13,+4.27,-4.71) wp0=(+1.15,+4.34) v=+0.200 ω=-0.001 ok=True iters=6
08:42:22 [INFO] [PROG] s*=5.63/9.24 (60.9%) dist_goal=2.84
08:42:22 [INFO] [MPC] state=(+1.13,+4.29,-4.71) wp0=(+1.15,+4.36) v=+0.200 ω=-0.001 ok=True iters=6
08:42:22 [INFO] [PROG] s*=5.65/9.24 (61.1%) dist_goal=2.83
08:42:22 [INFO] [MPC] state=(+1.13,+4.31,-4.71) wp0=(+1.15,+4.38) v=+0.200 ω=-0.001 ok=True iters=6
08:42:22 [INFO] [PROG] s*=5.67/9.24 (61.4%) dist_goal=2.82
08:42:22 [INFO] [MPC] state=(+1.13,+4.33,-4.71) wp0=(+1.15,+4.40) v=+0.200 ω=-0.002 ok=True iters=6
08:42:22 [INFO] [PROG] s*=5.69/9.24 (61.6%) dist_goal=2.82
08:42:22 [INFO] [MPC] state=(+1.13,+4.35,-4.71) wp0=(+1.15,+4.42) v=+0.200 ω=-0.001 ok=True iters=6
08:42:22 [INFO] [PROG] s*=5.71/9.24 (61.8%) dist_goal=2.81
08:42:22 [INFO] [MPC] state=(+1.13,+4.37,-4.71) wp0=(+1.15,+4.44) v=+0.200 ω=-0.001 ok=True iters=6
08:42:22 [INFO] [PROG] s*=5.73/9.24 (62.0%) dist_goal=2.80
08:42:22 [INFO] [MPC] state=(+1.13,+4.39,-4.71) wp0=(+1.15,+4.46) v=+0.200 ω=-0.002 ok=True iters=6
08:42:22 [INFO] [PROG] s*=5.75/9.24 (62.2%) dist_goal=2.80
08:42:22 [INFO] [MPC] state=(+1.13,+4.41,-4.71) wp0=(+1.15,+4.48) v=+0.200 ω=-0.001 ok=True iters=6
08:42:22 [INFO] [PROG] s*=5.77/9.24 (62.5%) dist_goal=2.79
08:42:22 [INFO] [MPC] state=(+1.13,+4.43,-4.71) wp0=(+1.15,+4.50) v=+0.200 ω=-0.002 ok=True iters=6
08:42:22 [INFO] [PROG] s*=5.79/9.24 (62.7%) dist_goal=2.79
08:42:22 [INFO] [MPC] state=(+1.13,+4.45,-4.71) wp0=(+1.15,+4.52) v=+0.200 ω=-0.002 ok=True iters=6
08:42:22 [INFO] [PROG] s*=5.81/9.24 (62.9%) dist_goal=2.78
08:42:22 [INFO] [MPC] state=(+1.13,+4.47,-4.71) wp0=(+1.15,+4.54) v=+0.200 ω=-0.002 ok=True iters=6
08:42:22 [INFO] [PROG] s*=5.83/9.24 (63.1%) dist_goal=2.78
08:42:22 [INFO] [MPC] state=(+1.13,+4.49,-4.71) wp0=(+1.15,+4.56) v=+0.200 ω=-0.002 ok=True iters=6
08:42:22 [INFO] [PROG] s*=5.85/9.24 (63.3%) dist_goal=2.77
08:42:22 [INFO] [MPC] state=(+1.13,+4.51,-4.71) wp0=(+1.15,+4.58) v=+0.200 ω=-0.002 ok=True iters=6
08:42:22 [INFO] [PROG] s*=5.87/9.24 (63.6%) dist_goal=2.77
08:42:22 [INFO] [MPC] state=(+1.13,+4.53,-4.71) wp0=(+1.15,+4.60) v=+0.200 ω=-0.002 ok=True iters=6
08:42:22 [INFO] [PROG] s*=5.89/9.24 (63.8%) dist_goal=2.76
08:42:22 [INFO] [MPC] state=(+1.13,+4.55,-4.71) wp0=(+1.15,+4.62) v=+0.200 ω=-0.002 ok=True iters=6
08:42:22 [INFO] [PROG] s*=5.91/9.24 (64.0%) dist_goal=2.76
08:42:22 [INFO] [MPC] state=(+1.13,+4.57,-4.71) wp0=(+1.15,+4.64) v=+0.200 ω=-0.002 ok=True iters=6
08:42:22 [INFO] [PROG] s*=5.93/9.24 (64.2%) dist_goal=2.75
08:42:22 [INFO] [MPC] state=(+1.13,+4.59,-4.71) wp0=(+1.15,+4.66) v=+0.200 ω=-0.035 ok=True iters=8
08:42:22 [INFO] [PROG] s*=5.95/9.24 (64.4%) dist_goal=2.75
08:42:22 [INFO] [MPC] state=(+1.13,+4.61,-4.72) wp0=(+1.15,+4.68) v=+0.200 ω=+0.005 ok=True iters=6
08:42:22 [INFO] [PROG] s*=5.97/9.24 (64.7%) dist_goal=2.74
08:42:22 [INFO] [MPC] state=(+1.13,+4.63,-4.71) wp0=(+1.15,+4.70) v=+0.200 ω=+0.005 ok=True iters=6
08:42:22 [INFO] [PROG] s*=6.00/9.24 (64.9%) dist_goal=2.74
08:42:22 [INFO] [MPC] state=(+1.13,+4.65,-4.71) wp0=(+1.15,+4.73) v=+0.200 ω=+0.005 ok=True iters=6
08:42:22 [INFO] [PROG] s*=6.02/9.24 (65.1%) dist_goal=2.73
08:42:22 [INFO] [MPC] state=(+1.13,+4.68,-4.71) wp0=(+1.15,+4.75) v=+0.200 ω=+0.004 ok=True iters=6
08:42:22 [INFO] [PROG] s*=6.04/9.24 (65.3%) dist_goal=2.73
08:42:22 [INFO] [MPC] state=(+1.13,+4.70,-4.71) wp0=(+1.15,+4.77) v=+0.200 ω=+0.004 ok=True iters=6
08:42:22 [INFO] [PROG] s*=6.06/9.24 (65.5%) dist_goal=2.73
08:42:22 [INFO] [MPC] state=(+1.13,+4.72,-4.71) wp0=(+1.15,+4.79) v=+0.200 ω=+0.008 ok=True iters=6
08:42:22 [INFO] [PROG] s*=6.08/9.24 (65.7%) dist_goal=2.72
08:42:22 [INFO] [MPC] state=(+1.13,+4.74,-4.71) wp0=(+1.15,+4.81) v=+0.200 ω=+0.011 ok=True iters=6
08:42:22 [INFO] [PROG] s*=6.10/9.24 (66.0%) dist_goal=2.72
08:42:22 [INFO] [MPC] state=(+1.13,+4.76,-4.71) wp0=(+1.15,+4.83) v=+0.200 ω=+0.016 ok=True iters=7
08:42:22 [INFO] [PROG] s*=6.12/9.24 (66.2%) dist_goal=2.71
08:42:22 [INFO] [MPC] state=(+1.13,+4.78,-4.71) wp0=(+1.15,+4.85) v=+0.200 ω=+0.021 ok=True iters=7
08:42:22 [INFO] [PROG] s*=6.14/9.24 (66.4%) dist_goal=2.71
08:42:22 [INFO] [MPC] state=(+1.13,+4.80,-4.71) wp0=(+1.15,+4.87) v=+0.200 ω=+0.026 ok=True iters=7
08:42:22 [INFO] [PROG] s*=6.16/9.24 (66.6%) dist_goal=2.71
08:42:22 [INFO] [MPC] state=(+1.13,+4.82,-4.70) wp0=(+1.15,+4.89) v=+0.200 ω=+0.030 ok=True iters=7
08:42:22 [INFO] [PROG] s*=6.18/9.24 (66.8%) dist_goal=2.70
08:42:22 [INFO] [MPC] state=(+1.13,+4.84,-4.70) wp0=(+1.15,+4.91) v=+0.200 ω=+0.032 ok=True iters=7
08:42:22 [INFO] [PROG] s*=6.20/9.24 (67.1%) dist_goal=2.70
08:42:22 [INFO] [MPC] state=(+1.13,+4.86,-4.70) wp0=(+1.15,+4.93) v=+0.200 ω=+0.036 ok=True iters=7
08:42:22 [INFO] [PROG] s*=6.22/9.24 (67.3%) dist_goal=2.70
08:42:22 [INFO] [MPC] state=(+1.13,+4.88,-4.69) wp0=(+1.15,+4.95) v=+0.200 ω=+0.037 ok=True iters=8
08:42:22 [INFO] [PROG] s*=6.24/9.24 (67.5%) dist_goal=2.69
08:42:22 [INFO] [MPC] state=(+1.12,+4.90,-4.69) wp0=(+1.15,+4.97) v=+0.200 ω=+0.072 ok=True iters=8
08:42:23 [INFO] [PROG] s*=6.26/9.24 (67.7%) dist_goal=2.69
08:42:23 [INFO] [MPC] state=(+1.12,+4.92,-4.68) wp0=(+1.15,+4.99) v=+0.200 ω=-0.203 ok=True iters=8
08:42:23 [INFO] [PROG] s*=6.28/9.24 (67.9%) dist_goal=2.69
08:42:23 [INFO] [MPC] state=(+1.12,+4.94,-4.70) wp0=(+1.15,+5.01) v=+0.200 ω=+0.150 ok=True iters=9
08:42:23 [INFO] [PROG] s*=6.30/9.24 (68.1%) dist_goal=2.69
08:42:23 [INFO] [MPC] state=(+1.12,+4.96,-4.69) wp0=(+1.15,+5.03) v=+0.200 ω=-0.115 ok=True iters=10
08:42:23 [INFO] [PROG] s*=6.32/9.24 (68.3%) dist_goal=2.68
08:42:23 [INFO] [MPC] state=(+1.12,+4.98,-4.70) wp0=(+1.15,+5.05) v=+0.200 ω=+0.612 ok=True iters=8
08:42:23 [INFO] [PROG] s*=6.33/9.24 (68.5%) dist_goal=2.68
08:42:23 [INFO] [MPC] state=(+1.12,+5.00,-4.67) wp0=(+1.15,+5.06) v=+0.200 ω=+1.214 ok=True iters=8
08:42:23 [INFO] [PROG] s*=6.34/9.24 (68.7%) dist_goal=2.68
08:42:23 [INFO] [MPC] state=(+1.12,+5.01,-4.61) wp0=(+1.15,+5.07) v=+0.200 ω=+1.629 ok=True iters=7
08:42:23 [INFO] [PROG] s*=6.36/9.24 (68.8%) dist_goal=2.67
08:42:23 [INFO] [MPC] state=(+1.12,+5.02,-4.52) wp0=(+1.15,+5.09) v=+0.200 ω=+1.383 ok=True iters=8
08:42:23 [INFO] [PROG] s*=6.37/9.24 (68.9%) dist_goal=2.67
08:42:23 [INFO] [MPC] state=(+1.12,+5.04,-4.45) wp0=(+1.15,+5.10) v=+0.200 ω=+1.455 ok=True iters=8
08:42:23 [INFO] [PROG] s*=6.39/9.24 (69.1%) dist_goal=2.66
08:42:23 [INFO] [MPC] state=(+1.11,+5.05,-4.37) wp0=(+1.15,+5.12) v=+0.200 ω=+1.313 ok=True iters=8
08:42:23 [INFO] [PROG] s*=6.40/9.24 (69.2%) dist_goal=2.65
08:42:23 [INFO] [MPC] state=(+1.11,+5.07,-4.29) wp0=(+1.15,+5.13) v=+0.200 ω=+1.228 ok=True iters=8
08:42:23 [INFO] [PROG] s*=6.53/9.24 (70.6%) dist_goal=2.65
08:42:23 [INFO] [MPC] state=(+1.10,+5.08,-4.23) wp0=(+1.04,+5.15) v=+0.200 ω=+1.102 ok=True iters=8
08:42:23 [INFO] [PROG] s*=6.54/9.24 (70.7%) dist_goal=2.64
08:42:23 [INFO] [MPC] state=(+1.09,+5.09,-4.17) wp0=(+1.03,+5.15) v=+0.200 ω=+1.471 ok=True iters=8
08:42:23 [INFO] [PROG] s*=6.55/9.24 (70.8%) dist_goal=2.63
08:42:23 [INFO] [MPC] state=(+1.08,+5.10,-4.09) wp0=(+1.02,+5.15) v=+0.200 ω=+1.051 ok=True iters=8
08:42:23 [INFO] [PROG] s*=6.56/9.24 (71.0%) dist_goal=2.62
08:42:23 [INFO] [MPC] state=(+1.07,+5.12,-4.03) wp0=(+1.01,+5.15) v=+0.200 ω=+0.944 ok=True iters=7
08:42:23 [INFO] [PROG] s*=6.57/9.24 (71.1%) dist_goal=2.60
08:42:23 [INFO] [MPC] state=(+1.06,+5.13,-3.97) wp0=(+1.00,+5.15) v=+0.200 ω=+1.102 ok=True iters=7
08:42:23 [INFO] [PROG] s*=6.58/9.24 (71.2%) dist_goal=2.59
08:42:23 [INFO] [MPC] state=(+1.05,+5.14,-3.91) wp0=(+0.99,+5.15) v=+0.200 ω=+0.977 ok=True iters=7
08:42:23 [INFO] [PROG] s*=6.59/9.24 (71.3%) dist_goal=2.58
08:42:23 [INFO] [MPC] state=(+1.04,+5.15,-3.86) wp0=(+0.98,+5.15) v=+0.200 ω=+0.913 ok=True iters=7
08:42:23 [INFO] [PROG] s*=6.61/9.24 (71.5%) dist_goal=2.56
08:42:23 [INFO] [MPC] state=(+1.03,+5.16,-3.81) wp0=(+0.96,+5.15) v=+0.200 ω=+0.863 ok=True iters=7
08:42:23 [INFO] [PROG] s*=6.62/9.24 (71.6%) dist_goal=2.55
08:42:23 [INFO] [MPC] state=(+1.01,+5.17,-3.76) wp0=(+0.95,+5.15) v=+0.200 ω=+0.772 ok=True iters=7
08:42:23 [INFO] [PROG] s*=6.64/9.24 (71.8%) dist_goal=2.53
08:42:23 [INFO] [MPC] state=(+1.00,+5.18,-3.71) wp0=(+0.93,+5.15) v=+0.200 ω=+0.727 ok=True iters=7
08:42:23 [INFO] [PROG] s*=6.65/9.24 (72.0%) dist_goal=2.52
08:42:23 [INFO] [MPC] state=(+0.98,+5.19,-3.67) wp0=(+0.92,+5.15) v=+0.200 ω=+0.957 ok=True iters=7
08:42:23 [INFO] [PROG] s*=6.67/9.24 (72.1%) dist_goal=2.51
08:42:23 [INFO] [MPC] state=(+0.97,+5.20,-3.62) wp0=(+0.90,+5.15) v=+0.200 ω=+0.891 ok=True iters=7
08:42:23 [INFO] [PROG] s*=6.68/9.24 (72.3%) dist_goal=2.49
08:42:23 [INFO] [MPC] state=(+0.95,+5.21,-3.57) wp0=(+0.89,+5.15) v=+0.200 ω=+0.739 ok=True iters=7
08:42:23 [INFO] [PROG] s*=6.70/9.24 (72.5%) dist_goal=2.47
08:42:23 [INFO] [MPC] state=(+0.94,+5.21,-3.52) wp0=(+0.87,+5.15) v=+0.200 ω=+0.718 ok=True iters=7
08:42:23 [INFO] [PROG] s*=6.71/9.24 (72.7%) dist_goal=2.46
08:42:23 [INFO] [MPC] state=(+0.92,+5.22,-3.48) wp0=(+0.86,+5.15) v=+0.200 ω=+0.690 ok=True iters=7
08:42:23 [INFO] [PROG] s*=6.73/9.24 (72.8%) dist_goal=2.44
08:42:23 [INFO] [MPC] state=(+0.91,+5.23,-3.44) wp0=(+0.84,+5.15) v=+0.200 ω=+0.654 ok=True iters=7
08:42:23 [INFO] [PROG] s*=6.75/9.24 (73.0%) dist_goal=2.42
08:42:23 [INFO] [MPC] state=(+0.89,+5.23,-3.40) wp0=(+0.82,+5.15) v=+0.200 ω=+0.506 ok=True iters=7
08:42:23 [INFO] [PROG] s*=6.77/9.24 (73.2%) dist_goal=2.40
08:42:23 [INFO] [MPC] state=(+0.87,+5.24,-3.37) wp0=(+0.80,+5.15) v=+0.200 ω=+0.126 ok=True iters=7
08:42:23 [INFO] [PROG] s*=6.79/9.24 (73.4%) dist_goal=2.38
08:42:23 [INFO] [MPC] state=(+0.85,+5.24,-3.36) wp0=(+0.78,+5.15) v=+0.200 ω=+0.171 ok=True iters=7
08:42:23 [INFO] [PROG] s*=6.81/9.24 (73.7%) dist_goal=2.36
08:42:23 [INFO] [MPC] state=(+0.83,+5.24,-3.34) wp0=(+0.76,+5.15) v=+0.200 ω=+0.095 ok=True iters=7
08:42:23 [INFO] [PROG] s*=6.83/9.24 (73.9%) dist_goal=2.34
08:42:23 [INFO] [MPC] state=(+0.81,+5.25,-3.33) wp0=(+0.74,+5.15) v=+0.200 ω=+0.137 ok=True iters=7
08:42:23 [INFO] [PROG] s*=6.85/9.24 (74.1%) dist_goal=2.32
08:42:23 [INFO] [MPC] state=(+0.79,+5.25,-3.32) wp0=(+0.72,+5.15) v=+0.200 ω=+0.331 ok=True iters=7
08:42:23 [INFO] [PROG] s*=6.87/9.24 (74.3%) dist_goal=2.30
08:42:23 [INFO] [MPC] state=(+0.77,+5.26,-3.30) wp0=(+0.70,+5.15) v=+0.200 ω=+0.333 ok=True iters=7
08:42:23 [INFO] [PROG] s*=6.88/9.24 (74.5%) dist_goal=2.29
08:42:23 [INFO] [MPC] state=(+0.75,+5.26,-3.28) wp0=(+0.69,+5.15) v=+0.200 ω=+0.328 ok=True iters=7
08:42:23 [INFO] [PROG] s*=6.90/9.24 (74.7%) dist_goal=2.27
08:42:23 [INFO] [MPC] state=(+0.74,+5.26,-3.26) wp0=(+0.67,+5.15) v=+0.200 ω=+0.316 ok=True iters=7
08:42:23 [INFO] [PROG] s*=6.92/9.24 (74.9%) dist_goal=2.25
08:42:23 [INFO] [MPC] state=(+0.72,+5.26,-3.24) wp0=(+0.65,+5.15) v=+0.200 ω=+0.588 ok=True iters=7
08:42:23 [INFO] [PROG] s*=6.94/9.24 (75.1%) dist_goal=2.23
08:42:23 [INFO] [MPC] state=(+0.70,+5.26,-3.20) wp0=(+0.63,+5.15) v=+0.200 ω=+0.534 ok=True iters=7
08:42:23 [INFO] [PROG] s*=6.96/9.24 (75.3%) dist_goal=2.21
08:42:23 [INFO] [MPC] state=(+0.68,+5.26,-3.18) wp0=(+0.61,+5.15) v=+0.200 ω=+0.482 ok=True iters=7
08:42:23 [INFO] [PROG] s*=6.98/9.24 (75.5%) dist_goal=2.19
08:42:23 [INFO] [MPC] state=(+0.66,+5.27,-3.15) wp0=(+0.59,+5.15) v=+0.200 ω=+0.265 ok=True iters=7
08:42:23 [INFO] [PROG] s*=7.00/9.24 (75.7%) dist_goal=2.17
08:42:23 [INFO] [MPC] state=(+0.64,+5.27,-3.13) wp0=(+0.57,+5.15) v=+0.200 ω=+0.224 ok=True iters=7
08:42:23 [INFO] [PROG] s*=7.02/9.24 (75.9%) dist_goal=2.15
08:42:23 [INFO] [MPC] state=(+0.62,+5.26,-3.12) wp0=(+0.55,+5.15) v=+0.200 ω=+0.180 ok=True iters=7
08:42:23 [INFO] [PROG] s*=7.04/9.24 (76.1%) dist_goal=2.13
08:42:23 [INFO] [MPC] state=(+0.60,+5.26,-3.11) wp0=(+0.53,+5.15) v=+0.200 ω=-0.003 ok=True iters=7
08:42:23 [INFO] [PROG] s*=7.06/9.24 (76.4%) dist_goal=2.11
08:42:23 [INFO] [MPC] state=(+0.58,+5.26,-3.11) wp0=(+0.51,+5.15) v=+0.200 ω=-0.014 ok=True iters=7
08:42:23 [INFO] [PROG] s*=7.08/9.24 (76.6%) dist_goal=2.09
08:42:23 [INFO] [MPC] state=(+0.56,+5.26,-3.11) wp0=(+0.49,+5.15) v=+0.200 ω=-0.023 ok=True iters=7
08:42:23 [INFO] [PROG] s*=7.10/9.24 (76.8%) dist_goal=2.07
08:42:23 [INFO] [MPC] state=(+0.54,+5.26,-3.11) wp0=(+0.47,+5.15) v=+0.200 ω=-0.029 ok=True iters=7
08:42:23 [INFO] [PROG] s*=7.12/9.24 (77.0%) dist_goal=2.05
08:42:23 [INFO] [MPC] state=(+0.52,+5.26,-3.11) wp0=(+0.45,+5.15) v=+0.200 ω=-0.321 ok=True iters=7
08:42:23 [INFO] [PROG] s*=7.14/9.24 (77.2%) dist_goal=2.03
08:42:23 [INFO] [MPC] state=(+0.50,+5.26,-3.14) wp0=(+0.43,+5.15) v=+0.200 ω=-0.267 ok=True iters=7
08:42:23 [INFO] [PROG] s*=7.16/9.24 (77.4%) dist_goal=2.01
08:42:23 [INFO] [MPC] state=(+0.48,+5.26,-3.16) wp0=(+0.41,+5.15) v=+0.200 ω=-0.220 ok=True iters=7
08:42:23 [INFO] [PROG] s*=7.17/9.24 (77.6%) dist_goal=2.00
08:42:23 [INFO] [MPC] state=(+0.46,+5.26,-3.18) wp0=(+0.40,+5.15) v=+0.200 ω=+0.439 ok=True iters=7
08:42:23 [INFO] [PROG] s*=7.19/9.24 (77.8%) dist_goal=1.98
08:42:23 [INFO] [MPC] state=(+0.45,+5.26,-3.15) wp0=(+0.38,+5.15) v=+0.200 ω=-0.216 ok=True iters=7
08:42:23 [INFO] [PROG] s*=7.21/9.24 (78.0%) dist_goal=1.96
08:42:23 [INFO] [MPC] state=(+0.43,+5.26,-3.17) wp0=(+0.36,+5.15) v=+0.200 ω=+0.434 ok=True iters=7
08:42:23 [INFO] [PROG] s*=7.23/9.24 (78.3%) dist_goal=1.94
08:42:23 [INFO] [MPC] state=(+0.41,+5.26,-3.14) wp0=(+0.34,+5.15) v=+0.200 ω=+0.215 ok=True iters=7
08:42:23 [INFO] [PROG] s*=7.25/9.24 (78.5%) dist_goal=1.92
08:42:23 [INFO] [MPC] state=(+0.39,+5.26,-3.13) wp0=(+0.32,+5.15) v=+0.200 ω=+0.182 ok=True iters=7
08:42:23 [INFO] [PROG] s*=7.27/9.24 (78.7%) dist_goal=1.90
08:42:23 [INFO] [MPC] state=(+0.37,+5.26,-3.12) wp0=(+0.30,+5.15) v=+0.200 ω=+0.140 ok=True iters=7
08:42:23 [INFO] [PROG] s*=7.29/9.24 (78.9%) dist_goal=1.88
08:42:23 [INFO] [MPC] state=(+0.35,+5.26,-3.11) wp0=(+0.28,+5.15) v=+0.200 ω=-0.040 ok=True iters=7
08:42:23 [INFO] [PROG] s*=7.31/9.24 (79.1%) dist_goal=1.86
08:42:23 [INFO] [MPC] state=(+0.33,+5.26,-3.11) wp0=(+0.26,+5.15) v=+0.200 ω=-0.331 ok=True iters=7
08:42:23 [INFO] [PROG] s*=7.33/9.24 (79.3%) dist_goal=1.84
08:42:23 [INFO] [MPC] state=(+0.31,+5.26,-3.13) wp0=(+0.24,+5.15) v=+0.200 ω=-0.286 ok=True iters=7
08:42:23 [INFO] [PROG] s*=7.35/9.24 (79.5%) dist_goal=1.82
08:42:23 [INFO] [MPC] state=(+0.29,+5.26,-3.16) wp0=(+0.22,+5.15) v=+0.200 ω=-0.232 ok=True iters=7
08:42:23 [INFO] [PROG] s*=7.37/9.24 (79.8%) dist_goal=1.80
08:42:23 [INFO] [MPC] state=(+0.27,+5.26,-3.17) wp0=(+0.20,+5.15) v=+0.200 ω=-0.179 ok=True iters=7
08:42:23 [INFO] [PROG] s*=7.39/9.24 (80.0%) dist_goal=1.78
08:42:23 [INFO] [MPC] state=(+0.25,+5.26,-3.19) wp0=(+0.18,+5.15) v=+0.200 ω=+0.475 ok=True iters=7
08:42:23 [INFO] [PROG] s*=7.41/9.24 (80.2%) dist_goal=1.76
08:42:23 [INFO] [MPC] state=(+0.23,+5.26,-3.16) wp0=(+0.16,+5.15) v=+0.200 ω=+0.257 ok=True iters=7
08:42:23 [INFO] [PROG] s*=7.43/9.24 (80.4%) dist_goal=1.74
08:42:23 [INFO] [MPC] state=(+0.21,+5.26,-3.15) wp0=(+0.14,+5.15) v=+0.200 ω=+0.222 ok=True iters=7
08:42:23 [INFO] [PROG] s*=7.45/9.24 (80.6%) dist_goal=1.72
08:42:23 [INFO] [MPC] state=(+0.19,+5.26,-3.13) wp0=(+0.12,+5.15) v=+0.200 ω=+0.180 ok=True iters=7
08:42:23 [INFO] [PROG] s*=7.47/9.24 (80.8%) dist_goal=1.70
08:42:23 [INFO] [MPC] state=(+0.17,+5.26,-3.12) wp0=(+0.10,+5.15) v=+0.200 ω=+0.147 ok=True iters=7
08:42:23 [INFO] [PROG] s*=7.49/9.24 (81.0%) dist_goal=1.68
08:42:23 [INFO] [MPC] state=(+0.15,+5.26,-3.11) wp0=(+0.08,+5.15) v=+0.200 ω=-0.036 ok=True iters=7
08:42:23 [INFO] [PROG] s*=7.51/9.24 (81.2%) dist_goal=1.66
08:42:23 [INFO] [MPC] state=(+0.13,+5.26,-3.11) wp0=(+0.06,+5.15) v=+0.200 ω=-0.328 ok=True iters=7
08:42:23 [INFO] [PROG] s*=7.53/9.24 (81.4%) dist_goal=1.64
08:42:23 [INFO] [MPC] state=(+0.11,+5.26,-3.14) wp0=(+0.04,+5.15) v=+0.200 ω=-0.277 ok=True iters=7
08:42:23 [INFO] [PROG] s*=7.55/9.24 (81.7%) dist_goal=1.62
08:42:23 [INFO] [MPC] state=(+0.09,+5.26,-3.16) wp0=(+0.02,+5.15) v=+0.200 ω=-0.222 ok=True iters=7
08:42:23 [INFO] [PROG] s*=7.56/9.24 (81.9%) dist_goal=1.61
08:42:23 [INFO] [MPC] state=(+0.07,+5.26,-3.17) wp0=(+0.01,+5.15) v=+0.200 ω=+0.435 ok=True iters=7
08:42:23 [INFO] [PROG] s*=7.58/9.24 (82.1%) dist_goal=1.59
08:42:23 [INFO] [MPC] state=(+0.06,+5.26,-3.15) wp0=(-0.01,+5.15) v=+0.200 ω=+0.383 ok=True iters=7
08:42:23 [INFO] [PROG] s*=7.60/9.24 (82.3%) dist_goal=1.57
08:42:23 [INFO] [MPC] state=(+0.04,+5.26,-3.13) wp0=(-0.03,+5.15) v=+0.200 ω=+0.336 ok=True iters=7
08:42:23 [INFO] [PROG] s*=7.62/9.24 (82.4%) dist_goal=1.55
08:42:23 [INFO] [MPC] state=(+0.02,+5.26,-3.11) wp0=(-0.05,+5.15) v=+0.200 ω=+0.728 ok=True iters=7
08:42:23 [INFO] [PROG] s*=7.64/9.24 (82.6%) dist_goal=1.53
08:42:23 [INFO] [MPC] state=(+0.00,+5.26,-3.07) wp0=(-0.07,+5.15) v=+0.200 ω=+0.628 ok=True iters=7
08:42:23 [INFO] [PROG] s*=7.66/9.24 (82.8%) dist_goal=1.51
08:42:23 [INFO] [MPC] state=(-0.02,+5.26,-3.04) wp0=(-0.09,+5.15) v=+0.200 ω=+0.369 ok=True iters=7
08:42:23 [INFO] [PROG] s*=7.67/9.24 (83.0%) dist_goal=1.50
08:42:23 [INFO] [MPC] state=(-0.04,+5.26,-3.01) wp0=(-0.10,+5.15) v=+0.200 ω=+0.291 ok=True iters=7
08:42:23 [INFO] [PROG] s*=7.69/9.24 (83.3%) dist_goal=1.48
08:42:23 [INFO] [MPC] state=(-0.05,+5.25,-2.99) wp0=(-0.12,+5.15) v=+0.200 ω=+0.223 ok=True iters=7
08:42:23 [INFO] [PROG] s*=7.71/9.24 (83.4%) dist_goal=1.46
08:42:23 [INFO] [MPC] state=(-0.07,+5.25,-2.98) wp0=(-0.14,+5.15) v=+0.200 ω=+0.655 ok=True iters=7
08:42:23 [INFO] [PROG] s*=7.73/9.24 (83.6%) dist_goal=1.44
08:42:23 [INFO] [MPC] state=(-0.09,+5.25,-2.94) wp0=(-0.16,+5.15) v=+0.200 ω=+0.367 ok=True iters=7
08:42:23 [INFO] [PROG] s*=7.75/9.24 (83.9%) dist_goal=1.42
08:42:23 [INFO] [MPC] state=(-0.11,+5.24,-2.91) wp0=(-0.18,+5.15) v=+0.200 ω=+0.262 ok=True iters=7
08:42:23 [INFO] [PROG] s*=7.77/9.24 (84.1%) dist_goal=1.40
08:42:23 [INFO] [MPC] state=(-0.13,+5.24,-2.90) wp0=(-0.20,+5.15) v=+0.200 ω=+0.164 ok=True iters=7
08:42:23 [INFO] [PROG] s*=7.79/9.24 (84.3%) dist_goal=1.38
08:42:23 [INFO] [MPC] state=(-0.15,+5.23,-2.88) wp0=(-0.22,+5.15) v=+0.200 ω=+0.123 ok=True iters=7
08:42:23 [INFO] [PROG] s*=7.81/9.24 (84.5%) dist_goal=1.36
08:42:23 [INFO] [MPC] state=(-0.17,+5.23,-2.87) wp0=(-0.24,+5.15) v=+0.200 ω=+0.112 ok=True iters=7
08:42:23 [INFO] [PROG] s*=7.83/9.24 (84.7%) dist_goal=1.34
08:42:23 [INFO] [MPC] state=(-0.19,+5.22,-2.86) wp0=(-0.26,+5.15) v=+0.200 ω=-0.552 ok=True iters=7
08:42:23 [INFO] [PROG] s*=7.84/9.24 (84.9%) dist_goal=1.33
08:42:23 [INFO] [MPC] state=(-0.21,+5.22,-2.89) wp0=(-0.27,+5.15) v=+0.200 ω=-0.342 ok=True iters=7
08:42:23 [INFO] [PROG] s*=7.86/9.24 (85.1%) dist_goal=1.31
08:42:23 [INFO] [MPC] state=(-0.22,+5.21,-2.92) wp0=(-0.29,+5.15) v=+0.200 ω=-0.603 ok=True iters=7
08:42:23 [INFO] [PROG] s*=7.88/9.24 (85.3%) dist_goal=1.29
08:42:23 [INFO] [MPC] state=(-0.24,+5.21,-2.95) wp0=(-0.31,+5.15) v=+0.200 ω=-0.343 ok=True iters=7
08:42:23 [INFO] [PROG] s*=7.90/9.24 (85.5%) dist_goal=1.27
08:42:23 [INFO] [MPC] state=(-0.26,+5.21,-2.98) wp0=(-0.33,+5.15) v=+0.200 ω=-0.629 ok=True iters=7
08:42:23 [INFO] [PROG] s*=7.92/9.24 (85.7%) dist_goal=1.25
08:42:23 [INFO] [MPC] state=(-0.28,+5.20,-3.01) wp0=(-0.35,+5.15) v=+0.200 ω=-0.870 ok=True iters=7
08:42:23 [INFO] [PROG] s*=7.93/9.24 (85.9%) dist_goal=1.24
08:42:23 [INFO] [MPC] state=(-0.30,+5.20,-3.06) wp0=(-0.36,+5.15) v=+0.200 ω=-0.996 ok=True iters=7
08:42:23 [INFO] [PROG] s*=7.95/9.24 (86.0%) dist_goal=1.22
08:42:23 [INFO] [MPC] state=(-0.31,+5.20,-3.12) wp0=(-0.38,+5.15) v=+0.200 ω=-0.961 ok=True iters=9
08:42:23 [INFO] [PROG] s*=7.97/9.24 (86.2%) dist_goal=1.20
08:42:23 [INFO] [MPC] state=(-0.33,+5.20,-3.18) wp0=(-0.40,+5.15) v=+0.200 ω=-0.775 ok=True iters=8
08:42:23 [INFO] [PROG] s*=7.99/9.24 (86.4%) dist_goal=1.18
08:42:23 [INFO] [MPC] state=(-0.35,+5.20,-3.23) wp0=(-0.42,+5.15) v=+0.200 ω=-0.721 ok=True iters=8
08:42:23 [INFO] [PROG] s*=8.00/9.24 (86.6%) dist_goal=1.17
08:42:23 [INFO] [MPC] state=(-0.37,+5.20,-3.27) wp0=(-0.43,+5.15) v=+0.200 ω=-0.869 ok=True iters=8
08:42:23 [INFO] [PROG] s*=8.02/9.24 (86.8%) dist_goal=1.15
08:42:23 [INFO] [MPC] state=(-0.38,+5.21,-3.32) wp0=(-0.45,+5.15) v=+0.200 ω=-0.268 ok=True iters=7
08:42:23 [INFO] [PROG] s*=8.04/9.24 (87.0%) dist_goal=1.13
08:42:23 [INFO] [MPC] state=(-0.40,+5.21,-3.34) wp0=(-0.47,+5.15) v=+0.200 ω=-0.636 ok=True iters=7
08:42:23 [INFO] [PROG] s*=8.06/9.24 (87.2%) dist_goal=1.11
08:42:23 [INFO] [MPC] state=(-0.42,+5.22,-3.38) wp0=(-0.49,+5.15) v=+0.200 ω=+0.088 ok=True iters=7
08:42:23 [INFO] [PROG] s*=8.08/9.24 (87.4%) dist_goal=1.09
08:42:23 [INFO] [MPC] state=(-0.44,+5.22,-3.37) wp0=(-0.51,+5.15) v=+0.200 ω=-0.261 ok=True iters=7
08:42:23 [INFO] [PROG] s*=8.10/9.24 (87.6%) dist_goal=1.07
08:42:23 [INFO] [MPC] state=(-0.46,+5.22,-3.39) wp0=(-0.53,+5.15) v=+0.200 ω=-0.097 ok=True iters=7
08:42:23 [INFO] [PROG] s*=8.12/9.24 (87.8%) dist_goal=1.05
08:42:23 [INFO] [MPC] state=(-0.48,+5.23,-3.40) wp0=(-0.55,+5.15) v=+0.200 ω=+0.109 ok=True iters=7
08:42:23 [INFO] [PROG] s*=8.14/9.24 (88.1%) dist_goal=1.03
08:42:23 [INFO] [MPC] state=(-0.50,+5.23,-3.39) wp0=(-0.57,+5.15) v=+0.200 ω=+0.172 ok=True iters=7
08:42:23 [INFO] [PROG] s*=8.16/9.24 (88.3%) dist_goal=1.01
08:42:23 [INFO] [MPC] state=(-0.52,+5.24,-3.37) wp0=(-0.59,+5.15) v=+0.200 ω=+0.218 ok=True iters=7
08:42:23 [INFO] [PROG] s*=8.18/9.24 (88.5%) dist_goal=0.99
08:42:23 [INFO] [MPC] state=(-0.54,+5.24,-3.36) wp0=(-0.61,+5.15) v=+0.200 ω=-0.191 ok=True iters=7
08:42:23 [INFO] [PROG] s*=8.19/9.24 (88.7%) dist_goal=0.98
08:42:23 [INFO] [MPC] state=(-0.56,+5.25,-3.37) wp0=(-0.62,+5.15) v=+0.200 ω=+0.520 ok=True iters=7
08:42:23 [INFO] [PROG] s*=8.21/9.24 (88.9%) dist_goal=0.96
08:42:23 [INFO] [MPC] state=(-0.57,+5.25,-3.34) wp0=(-0.64,+5.15) v=+0.200 ω=+0.388 ok=True iters=7
08:42:23 [INFO] [PROG] s*=8.23/9.24 (89.1%) dist_goal=0.94
08:42:23 [INFO] [MPC] state=(-0.59,+5.26,-3.32) wp0=(-0.66,+5.15) v=+0.200 ω=+0.386 ok=True iters=7
08:42:23 [INFO] [PROG] s*=8.25/9.24 (89.3%) dist_goal=0.92
08:42:23 [INFO] [MPC] state=(-0.61,+5.26,-3.29) wp0=(-0.68,+5.15) v=+0.200 ω=+0.379 ok=True iters=7
08:42:23 [INFO] [PROG] s*=8.27/9.24 (89.5%) dist_goal=0.90
08:42:23 [INFO] [MPC] state=(-0.63,+5.26,-3.27) wp0=(-0.70,+5.15) v=+0.200 ω=+0.364 ok=True iters=7
08:42:23 [INFO] [PROG] s*=8.29/9.24 (89.7%) dist_goal=0.88
08:42:23 [INFO] [MPC] state=(-0.65,+5.26,-3.24) wp0=(-0.72,+5.15) v=+0.200 ω=+0.633 ok=True iters=7
08:42:23 [INFO] [PROG] s*=8.30/9.24 (89.9%) dist_goal=0.87
08:42:23 [INFO] [MPC] state=(-0.67,+5.27,-3.21) wp0=(-0.73,+5.15) v=+0.200 ω=+0.574 ok=True iters=7
08:42:23 [INFO] [PROG] s*=8.32/9.24 (90.1%) dist_goal=0.85
08:42:23 [INFO] [MPC] state=(-0.68,+5.27,-3.18) wp0=(-0.75,+5.15) v=+0.200 ω=+0.522 ok=True iters=7
08:42:23 [INFO] [PROG] s*=8.34/9.24 (90.3%) dist_goal=0.83
08:42:23 [INFO] [MPC] state=(-0.70,+5.27,-3.15) wp0=(-0.77,+5.15) v=+0.200 ω=+0.301 ok=True iters=7
08:42:23 [INFO] [PROG] s*=8.36/9.24 (90.5%) dist_goal=0.81
08:42:23 [INFO] [MPC] state=(-0.72,+5.27,-3.13) wp0=(-0.79,+5.15) v=+0.200 ω=+0.251 ok=True iters=7
08:42:23 [INFO] [PROG] s*=8.38/9.24 (90.7%) dist_goal=0.79
08:42:23 [INFO] [MPC] state=(-0.74,+5.27,-3.12) wp0=(-0.81,+5.15) v=+0.200 ω=+0.211 ok=True iters=7
08:42:23 [INFO] [PROG] s*=8.40/9.24 (90.9%) dist_goal=0.77
08:42:23 [INFO] [MPC] state=(-0.76,+5.27,-3.10) wp0=(-0.83,+5.15) v=+0.197 ω=+0.016 ok=True iters=7
08:42:23 [INFO] [PROG] s*=8.42/9.24 (91.1%) dist_goal=0.75
08:42:23 [INFO] [MPC] state=(-0.78,+5.27,-3.10) wp0=(-0.85,+5.15) v=+0.192 ω=-0.002 ok=True iters=7
08:42:23 [INFO] [PROG] s*=8.44/9.24 (91.3%) dist_goal=0.73
08:42:23 [INFO] [MPC] state=(-0.80,+5.26,-3.10) wp0=(-0.87,+5.15) v=+0.187 ω=-0.015 ok=True iters=7
08:42:23 [INFO] [PROG] s*=8.46/9.24 (91.5%) dist_goal=0.71
08:42:23 [INFO] [MPC] state=(-0.82,+5.26,-3.10) wp0=(-0.89,+5.15) v=+0.183 ω=-0.025 ok=True iters=7
08:42:23 [INFO] [PROG] s*=8.48/9.24 (91.7%) dist_goal=0.69
08:42:23 [INFO] [MPC] state=(-0.84,+5.26,-3.11) wp0=(-0.91,+5.15) v=+0.178 ω=-0.031 ok=True iters=7
08:42:23 [INFO] [PROG] s*=8.49/9.24 (91.9%) dist_goal=0.68
08:42:23 [INFO] [MPC] state=(-0.86,+5.26,-3.11) wp0=(-0.92,+5.15) v=+0.174 ω=-0.034 ok=True iters=8
08:42:23 [INFO] [PROG] s*=8.51/9.24 (92.1%) dist_goal=0.66
08:42:23 [INFO] [MPC] state=(-0.87,+5.26,-3.11) wp0=(-0.94,+5.15) v=+0.169 ω=-0.036 ok=True iters=8
08:42:23 [INFO] [PROG] s*=8.53/9.24 (92.3%) dist_goal=0.64
08:42:23 [INFO] [MPC] state=(-0.89,+5.26,-3.12) wp0=(-0.96,+5.15) v=+0.165 ω=-0.327 ok=True iters=8
08:42:23 [INFO] [PROG] s*=8.54/9.24 (92.4%) dist_goal=0.63
08:42:23 [INFO] [MPC] state=(-0.91,+5.26,-3.15) wp0=(-0.97,+5.15) v=+0.161 ω=-0.240 ok=True iters=8
08:42:23 [INFO] [PROG] s*=8.56/9.24 (92.6%) dist_goal=0.61
08:42:23 [INFO] [MPC] state=(-0.92,+5.26,-3.18) wp0=(-0.99,+5.15) v=+0.157 ω=-0.165 ok=True iters=8
08:42:23 [INFO] [PROG] s*=8.57/9.24 (92.8%) dist_goal=0.60
08:42:23 [INFO] [MPC] state=(-0.94,+5.26,-3.19) wp0=(-1.00,+5.15) v=+0.153 ω=+0.436 ok=True iters=8
08:42:23 [INFO] [PROG] s*=8.59/9.24 (92.9%) dist_goal=0.58
08:42:23 [INFO] [MPC] state=(-0.95,+5.26,-3.16) wp0=(-1.02,+5.15) v=+0.149 ω=+0.220 ok=True iters=8
08:42:23 [INFO] [PROG] s*=8.60/9.24 (93.1%) dist_goal=0.57
08:42:23 [INFO] [MPC] state=(-0.97,+5.26,-3.14) wp0=(-1.03,+5.15) v=+0.145 ω=+0.166 ok=True iters=8
08:42:23 [INFO] [PROG] s*=8.62/9.24 (93.2%) dist_goal=0.55
08:42:23 [INFO] [MPC] state=(-0.98,+5.26,-3.12) wp0=(-1.05,+5.15) v=+0.142 ω=+0.113 ok=True iters=8
08:42:23 [INFO] [PROG] s*=8.63/9.24 (93.4%) dist_goal=0.54
08:42:23 [INFO] [MPC] state=(-1.00,+5.26,-3.11) wp0=(-1.06,+5.15) v=+0.138 ω=-0.031 ok=True iters=7
08:42:23 [INFO] [PROG] s*=8.65/9.24 (93.5%) dist_goal=0.52
08:42:23 [INFO] [MPC] state=(-1.01,+5.26,-3.11) wp0=(-1.08,+5.15) v=+0.135 ω=-0.035 ok=True iters=7
08:42:23 [INFO] [PROG] s*=8.66/9.24 (93.7%) dist_goal=0.51
08:42:23 [INFO] [MPC] state=(-1.03,+5.26,-3.12) wp0=(-1.09,+5.15) v=+0.131 ω=-0.324 ok=True iters=7
08:42:23 [INFO] [PROG] s*=8.67/9.24 (93.8%) dist_goal=0.50
08:42:23 [INFO] [MPC] state=(-1.04,+5.26,-3.15) wp0=(-1.10,+5.15) v=+0.128 ω=-0.236 ok=True iters=7
08:42:23 [INFO] [PROG] s*=8.68/9.24 (94.0%) dist_goal=0.49
08:42:23 [INFO] [MPC] state=(-1.05,+5.26,-3.18) wp0=(-1.11,+5.15) v=+0.125 ω=+0.329 ok=True iters=7
08:42:23 [INFO] [PROG] s*=8.70/9.24 (94.1%) dist_goal=0.47
08:42:23 [INFO] [MPC] state=(-1.06,+5.26,-3.15) wp0=(-1.13,+5.15) v=+0.122 ω=-0.240 ok=True iters=7
08:42:23 [INFO] [PROG] s*=8.71/9.24 (94.2%) dist_goal=0.46
08:42:23 [INFO] [MPC] state=(-1.08,+5.26,-3.18) wp0=(-1.14,+5.15) v=+0.119 ω=+0.317 ok=True iters=7
08:42:23 [INFO] [PROG] s*=8.72/9.24 (94.3%) dist_goal=0.45
08:42:23 [INFO] [MPC] state=(-1.09,+5.26,-3.15) wp0=(-1.15,+5.15) v=+0.116 ω=+0.145 ok=True iters=7
08:42:23 [INFO] [PROG] s*=8.73/9.24 (94.5%) dist_goal=0.44
08:42:23 [INFO] [MPC] state=(-1.10,+5.26,-3.14) wp0=(-1.16,+5.15) v=+0.113 ω=+0.094 ok=True iters=7
08:42:23 [INFO] [PROG] s*=8.74/9.24 (94.6%) dist_goal=0.43
08:42:23 [INFO] [MPC] state=(-1.11,+5.26,-3.13) wp0=(-1.17,+5.15) v=+0.110 ω=+0.059 ok=True iters=7
08:42:23 [INFO] [PROG] s*=8.75/9.24 (94.7%) dist_goal=0.42
08:42:23 [INFO] [MPC] state=(-1.12,+5.26,-3.12) wp0=(-1.18,+5.15) v=+0.107 ω=+0.031 ok=True iters=7
08:42:23 [INFO] [PROG] s*=8.76/9.24 (94.8%) dist_goal=0.41
08:42:23 [INFO] [MPC] state=(-1.13,+5.26,-3.12) wp0=(-1.19,+5.15) v=+0.105 ω=-0.339 ok=True iters=7
08:42:23 [INFO] [PROG] s*=8.77/9.24 (94.9%) dist_goal=0.40
08:42:23 [INFO] [MPC] state=(-1.14,+5.26,-3.16) wp0=(-1.20,+5.15) v=+0.102 ω=-0.230 ok=True iters=7
08:42:23 [INFO] [PROG] s*=8.78/9.24 (95.0%) dist_goal=0.39
08:42:23 [INFO] [MPC] state=(-1.15,+5.26,-3.19) wp0=(-1.21,+5.15) v=+0.099 ω=+0.274 ok=True iters=7
08:42:23 [INFO] [PROG] s*=8.79/9.24 (95.1%) dist_goal=0.38
08:42:23 [INFO] [MPC] state=(-1.16,+5.26,-3.16) wp0=(-1.22,+5.15) v=+0.097 ω=+0.137 ok=True iters=7
08:42:23 [INFO] [PROG] s*=8.80/9.24 (95.2%) dist_goal=0.37
08:42:23 [INFO] [MPC] state=(-1.17,+5.26,-3.15) wp0=(-1.23,+5.15) v=+0.095 ω=+0.100 ok=True iters=7
08:42:23 [INFO] [PROG] s*=8.81/9.24 (95.3%) dist_goal=0.36
08:42:23 [INFO] [MPC] state=(-1.18,+5.26,-3.14) wp0=(-1.24,+5.15) v=+0.092 ω=+0.070 ok=True iters=7
08:42:23 [INFO] [PROG] s*=8.82/9.24 (95.4%) dist_goal=0.35
08:42:23 [INFO] [MPC] state=(-1.19,+5.26,-3.13) wp0=(-1.25,+5.15) v=+0.090 ω=+0.044 ok=True iters=7
08:42:23 [INFO] [PROG] s*=8.83/9.24 (95.5%) dist_goal=0.34
08:42:23 [INFO] [MPC] state=(-1.20,+5.26,-3.13) wp0=(-1.26,+5.15) v=+0.088 ω=+0.025 ok=True iters=7
08:42:23 [INFO] [PROG] s*=8.84/9.24 (95.6%) dist_goal=0.33
08:42:23 [INFO] [MPC] state=(-1.21,+5.26,-3.13) wp0=(-1.27,+5.15) v=+0.086 ω=+0.013 ok=True iters=7
08:42:23 [INFO] [PROG] s*=8.84/9.24 (95.7%) dist_goal=0.33
08:42:23 [INFO] [MPC] state=(-1.22,+5.26,-3.12) wp0=(-1.27,+5.15) v=+0.084 ω=+0.003 ok=True iters=7
08:42:23 [INFO] [PROG] s*=8.85/9.24 (95.8%) dist_goal=0.32
08:42:23 [INFO] [MPC] state=(-1.22,+5.26,-3.12) wp0=(-1.28,+5.15) v=+0.081 ω=-0.003 ok=True iters=8
08:42:23 [INFO] [PROG] s*=8.86/9.24 (95.9%) dist_goal=0.31
08:42:23 [INFO] [MPC] state=(-1.23,+5.26,-3.12) wp0=(-1.29,+5.15) v=+0.079 ω=-0.007 ok=True iters=8
08:42:23 [INFO] [PROG] s*=8.87/9.24 (96.0%) dist_goal=0.30
08:42:23 [INFO] [MPC] state=(-1.24,+5.26,-3.12) wp0=(-1.30,+5.15) v=+0.077 ω=-0.306 ok=True iters=7
08:42:24 [INFO] [PROG] s*=8.88/9.24 (96.0%) dist_goal=0.29
08:42:24 [INFO] [MPC] state=(-1.25,+5.26,-3.16) wp0=(-1.31,+5.15) v=+0.075 ω=-0.205 ok=True iters=8
08:42:24 [INFO] [PROG] s*=8.88/9.24 (96.1%) dist_goal=0.29
08:42:24 [INFO] [MPC] state=(-1.26,+5.26,-3.18) wp0=(-1.31,+5.15) v=+0.074 ω=+0.214 ok=True iters=8
08:42:24 [INFO] [PROG] s*=8.89/9.24 (96.2%) dist_goal=0.28
08:42:24 [INFO] [MPC] state=(-1.26,+5.26,-3.16) wp0=(-1.32,+5.15) v=+0.072 ω=+0.156 ok=True iters=7
08:42:24 [INFO] [PROG] s*=8.90/9.24 (96.3%) dist_goal=0.27
08:42:24 [INFO] [MPC] state=(-1.27,+5.26,-3.15) wp0=(-1.33,+5.15) v=+0.070 ω=+0.109 ok=True iters=7
08:42:24 [INFO] [PROG] s*=8.90/9.24 (96.3%) dist_goal=0.27
08:42:24 [INFO] [MPC] state=(-1.28,+5.26,-3.13) wp0=(-1.33,+5.15) v=+0.068 ω=+0.071 ok=True iters=7
08:42:24 [INFO] [PROG] s*=8.91/9.24 (96.4%) dist_goal=0.26
08:42:24 [INFO] [MPC] state=(-1.28,+5.26,-3.13) wp0=(-1.34,+5.15) v=+0.067 ω=+0.044 ok=True iters=7
08:42:24 [INFO] [PROG] s*=8.92/9.24 (96.5%) dist_goal=0.25
08:42:24 [INFO] [MPC] state=(-1.29,+5.26,-3.12) wp0=(-1.35,+5.15) v=+0.065 ω=+0.026 ok=True iters=7
08:42:24 [INFO] [PROG] s*=8.92/9.24 (96.6%) dist_goal=0.25
08:42:24 [INFO] [MPC] state=(-1.30,+5.26,-3.12) wp0=(-1.35,+5.15) v=+0.063 ω=+0.013 ok=True iters=7
08:42:24 [INFO] [PROG] s*=8.93/9.24 (96.6%) dist_goal=0.24
08:42:24 [INFO] [MPC] state=(-1.30,+5.26,-3.12) wp0=(-1.36,+5.15) v=+0.062 ω=+0.003 ok=True iters=7
08:42:24 [INFO] [PROG] s*=8.93/9.24 (96.7%) dist_goal=0.24
08:42:24 [INFO] [MPC] state=(-1.31,+5.26,-3.12) wp0=(-1.36,+5.15) v=+0.060 ω=-0.004 ok=True iters=8
08:42:24 [INFO] [PROG] s*=8.94/9.24 (96.7%) dist_goal=0.23
08:42:24 [INFO] [MPC] state=(-1.31,+5.26,-3.12) wp0=(-1.37,+5.15) v=+0.059 ω=-0.008 ok=True iters=8
08:42:24 [INFO] [PROG] s*=8.95/9.24 (96.8%) dist_goal=0.22
08:42:24 [INFO] [MPC] state=(-1.32,+5.26,-3.12) wp0=(-1.38,+5.15) v=+0.057 ω=+0.245 ok=True iters=8
08:42:24 [INFO] [PROG] s*=8.95/9.24 (96.9%) dist_goal=0.22
08:42:24 [INFO] [MPC] state=(-1.33,+5.26,-3.10) wp0=(-1.38,+5.15) v=+0.056 ω=+0.166 ok=True iters=8
08:42:24 [INFO] [PROG] s*=8.96/9.24 (96.9%) dist_goal=0.21
08:42:24 [INFO] [MPC] state=(-1.33,+5.26,-3.08) wp0=(-1.39,+5.15) v=+0.055 ω=+0.008 ok=True iters=8
08:42:24 [INFO] [PROG] s*=8.96/9.24 (97.0%) dist_goal=0.21
08:42:24 [INFO] [MPC] state=(-1.34,+5.26,-3.08) wp0=(-1.39,+5.15) v=+0.053 ω=-0.300 ok=True iters=8
08:42:24 [INFO] [PROG] s*=8.97/9.24 (97.0%) dist_goal=0.20
08:42:24 [INFO] [MPC] state=(-1.34,+5.26,-3.11) wp0=(-1.40,+5.15) v=+0.052 ω=-0.535 ok=True iters=9
08:42:24 [INFO] [PROG] s*=8.97/9.24 (97.1%) dist_goal=0.20
08:42:24 [INFO] [MPC] state=(-1.35,+5.26,-3.17) wp0=(-1.40,+5.15) v=+0.051 ω=-0.724 ok=True iters=9
08:42:24 [INFO] [PROG] s*=8.98/9.24 (97.1%) dist_goal=0.19
08:42:24 [INFO] [MPC] state=(-1.35,+5.26,-3.25) wp0=(-1.41,+5.15) v=+0.049 ω=-0.805 ok=True iters=9
08:42:24 [INFO] [PROG] s*=8.98/9.24 (97.2%) dist_goal=0.19
08:42:24 [INFO] [MPC] state=(-1.36,+5.26,-3.34) wp0=(-1.41,+5.15) v=+0.048 ω=-0.942 ok=True iters=9
08:42:24 [INFO] [PROG] s*=8.99/9.24 (97.3%) dist_goal=0.18
08:42:24 [INFO] [MPC] state=(-1.36,+5.26,-3.43) wp0=(-1.42,+5.15) v=+0.047 ω=-0.898 ok=True iters=11
08:42:24 [INFO] [PROG] s*=8.99/9.24 (97.3%) dist_goal=0.18
08:42:24 [INFO] [MPC] state=(-1.37,+5.27,-3.52) wp0=(-1.42,+5.15) v=+0.030 ω=-0.661 ok=True iters=10
08:42:24 [INFO] [PROG] s*=8.99/9.24 (97.3%) dist_goal=0.18
08:42:24 [INFO] [MPC] state=(-1.37,+5.27,-3.59) wp0=(-1.42,+5.15) v=+0.030 ω=-0.495 ok=True iters=10
08:42:24 [INFO] [PROG] s*=9.00/9.24 (97.4%) dist_goal=0.17
08:42:24 [INFO] [MPC] state=(-1.37,+5.27,-3.64) wp0=(-1.43,+5.15) v=+0.030 ω=-0.379 ok=True iters=9
08:42:24 [INFO] [PROG] s*=9.00/9.24 (97.4%) dist_goal=0.17
08:42:24 [INFO] [MPC] state=(-1.38,+5.27,-3.68) wp0=(-1.43,+5.15) v=+0.030 ω=-0.303 ok=True iters=12
08:42:24 [INFO] [PROG] s*=9.00/9.24 (97.4%) dist_goal=0.17
08:42:24 [INFO] [MPC] state=(-1.38,+5.27,-3.71) wp0=(-1.43,+5.15) v=+0.030 ω=-0.158 ok=True iters=10
08:42:24 [INFO] [PROG] s*=9.00/9.24 (97.4%) dist_goal=0.17
08:42:24 [INFO] [MPC] state=(-1.38,+5.27,-3.72) wp0=(-1.43,+5.15) v=+0.030 ω=-0.150 ok=True iters=9
08:42:24 [INFO] [PROG] s*=9.01/9.24 (97.5%) dist_goal=0.17
08:42:24 [INFO] [MPC] state=(-1.38,+5.28,-3.74) wp0=(-1.44,+5.15) v=+0.030 ω=-0.088 ok=True iters=10
08:42:24 [INFO] [PROG] s*=9.01/9.24 (97.5%) dist_goal=0.16
08:42:24 [INFO] [MPC] state=(-1.39,+5.28,-3.75) wp0=(-1.44,+5.15) v=+0.030 ω=-0.049 ok=True iters=10
08:42:24 [INFO] [PROG] s*=9.01/9.24 (97.5%) dist_goal=0.16
08:42:24 [INFO] [MPC] state=(-1.39,+5.28,-3.75) wp0=(-1.44,+5.15) v=+0.030 ω=-0.022 ok=True iters=10
08:42:24 [INFO] [PROG] s*=9.01/9.24 (97.5%) dist_goal=0.16
08:42:24 [INFO] [MPC] state=(-1.39,+5.28,-3.75) wp0=(-1.44,+5.15) v=+0.030 ω=-0.006 ok=True iters=10
08:42:24 [INFO] [PROG] s*=9.13/9.24 (98.8%) dist_goal=0.16
08:42:24 [INFO] [MPC] state=(-1.39,+5.28,-3.76) wp0=(-1.53,+5.23) v=+0.030 ω=+0.006 ok=True iters=10
08:42:24 [INFO] [PROG] s*=9.13/9.24 (98.8%) dist_goal=0.16
08:42:24 [INFO] [MPC] state=(-1.40,+5.28,-3.75) wp0=(-1.53,+5.23) v=+0.030 ω=+0.010 ok=True iters=10
08:42:24 [INFO] [PROG] s*=9.13/9.24 (98.8%) dist_goal=0.15
08:42:24 [INFO] [MPC] state=(-1.40,+5.29,-3.75) wp0=(-1.53,+5.23) v=+0.030 ω=+0.016 ok=True iters=10
08:42:24 [INFO] [PROG] s*=9.14/9.24 (98.9%) dist_goal=0.15
08:42:24 [INFO] [MPC] state=(-1.40,+5.29,-3.75) wp0=(-1.53,+5.23) v=+0.030 ω=+0.020 ok=True iters=10
08:42:24 [ERROR] Error in step()
Traceback (most recent call last):
  File "/home/max/thesis_proj/pybullet2/crowdnav/env.py", line 707, in step
    theta_ref = _make_theta_ref(path_xy, self._theta_ref_prev, k_strong=3, alpha=0.25)
  File "/home/max/thesis_proj/pybullet2/crowdnav/env.py", line 95, in _make_theta_ref
    if theta_prev is not None and len(theta_prev) == len(ref):
UnboundLocalError: local variable 'ref' referenced before assignment
