20:52:11 [INFO] === New MPC Session Started ===
20:52:11 [DEBUG] matplotlib data path: /home/max/.local/lib/python3.10/site-packages/matplotlib/mpl-data
20:52:11 [DEBUG] CONFIGDIR=/home/max/.config/matplotlib
20:52:11 [DEBUG] interactive is False
20:52:11 [DEBUG] platform is linux
20:52:11 [DEBUG] CACHEDIR=/home/max/.cache/matplotlib
20:52:11 [DEBUG] Using fontManager instance from /home/max/.cache/matplotlib/fontlist-v390.json
20:52:11 [DEBUG] falling back to hashlib hashing: `pip install xxhash`for 50x faster cache checks
20:52:11 [INFO] CrowdNavPyBulletEnv initializing...
20:52:11 [DEBUG] `trimesh.load(force='mesh')` is a compatibility wrapper for `trimesh.load_mesh`
20:52:11 [DEBUG] 3 items cleared from cache: ['triangles', 'triangles_cross', 'face_normals']
20:52:11 [DEBUG] 1 items cleared from cache: ['face_normals']
20:52:14 [INFO] World ready | grid: (220, 120), res: 0.1, N=10, T=0.1
20:52:15 [INFO] [PROG] s*=0.00/5.32 (0.0%) dist_goal=4.67
20:52:15 [INFO] [MPC] state=(-0.14,+3.65,+0.47) wp0=(-0.07,+3.65) v=+0.200 ω=+0.295 ok=True iters=7
20:52:15 [INFO] [PROG] s*=0.00/5.32 (0.0%) dist_goal=4.65
20:52:15 [INFO] [MPC] state=(-0.13,+3.66,+0.48) wp0=(-0.07,+3.65) v=+0.200 ω=+0.996 ok=True iters=8
20:52:15 [INFO] [PROG] s*=0.02/5.32 (0.3%) dist_goal=4.64
20:52:15 [INFO] [MPC] state=(-0.12,+3.67,+0.53) wp0=(-0.05,+3.65) v=+0.200 ω=+0.712 ok=True iters=8
20:52:15 [INFO] [PROG] s*=0.03/5.32 (0.6%) dist_goal=4.62
20:52:15 [INFO] [MPC] state=(-0.10,+3.68,+0.57) wp0=(-0.04,+3.66) v=+0.200 ω=+0.646 ok=True iters=8
20:52:15 [INFO] [PROG] s*=0.04/5.32 (0.8%) dist_goal=4.60
20:52:15 [INFO] [MPC] state=(-0.09,+3.69,+0.61) wp0=(-0.03,+3.67) v=+0.200 ω=+0.588 ok=True iters=8
20:52:15 [INFO] [PROG] s*=0.10/5.32 (2.0%) dist_goal=4.59
20:52:15 [INFO] [MPC] state=(-0.08,+3.70,+0.65) wp0=(+0.01,+3.71) v=+0.200 ω=+0.545 ok=True iters=8
20:52:15 [INFO] [PROG] s*=0.12/5.32 (2.3%) dist_goal=4.57
20:52:15 [INFO] [MPC] state=(-0.06,+3.71,+0.68) wp0=(+0.02,+3.72) v=+0.200 ω=+0.595 ok=True iters=8
20:52:15 [INFO] [PROG] s*=0.14/5.32 (2.7%) dist_goal=4.56
20:52:15 [INFO] [MPC] state=(-0.05,+3.72,+0.71) wp0=(+0.04,+3.74) v=+0.200 ω=+0.578 ok=True iters=7
20:52:15 [INFO] [PROG] s*=0.16/5.32 (3.0%) dist_goal=4.54
20:52:15 [INFO] [MPC] state=(-0.03,+3.73,+0.75) wp0=(+0.05,+3.75) v=+0.200 ω=+0.557 ok=True iters=7
20:52:15 [INFO] [PROG] s*=0.18/5.32 (3.3%) dist_goal=4.53
20:52:15 [INFO] [MPC] state=(-0.02,+3.75,+0.78) wp0=(+0.06,+3.76) v=+0.200 ω=+0.537 ok=True iters=8
20:52:15 [INFO] [PROG] s*=0.19/5.32 (3.6%) dist_goal=4.51
20:52:15 [INFO] [MPC] state=(-0.01,+3.76,+0.81) wp0=(+0.07,+3.77) v=+0.200 ω=+0.971 ok=True iters=7
20:52:15 [INFO] [PROG] s*=0.21/5.32 (3.9%) dist_goal=4.50
20:52:15 [INFO] [MPC] state=(+0.00,+3.77,+0.87) wp0=(+0.08,+3.78) v=+0.200 ω=+1.435 ok=True iters=7
20:52:15 [INFO] [PROG] s*=0.22/5.32 (4.2%) dist_goal=4.49
20:52:15 [INFO] [MPC] state=(+0.01,+3.78,+0.95) wp0=(+0.09,+3.79) v=+0.200 ω=+1.665 ok=True iters=7
20:52:15 [INFO] [PROG] s*=0.23/5.32 (4.4%) dist_goal=4.49
20:52:15 [INFO] [MPC] state=(+0.02,+3.79,+1.04) wp0=(+0.10,+3.80) v=+0.200 ω=+1.790 ok=True iters=7
20:52:15 [INFO] [PROG] s*=0.25/5.32 (4.6%) dist_goal=4.48
20:52:15 [INFO] [MPC] state=(+0.03,+3.80,+1.13) wp0=(+0.11,+3.81) v=+0.200 ω=+1.536 ok=True iters=7
20:52:15 [INFO] [PROG] s*=0.26/5.32 (4.9%) dist_goal=4.47
20:52:15 [INFO] [MPC] state=(+0.03,+3.82,+1.22) wp0=(+0.12,+3.82) v=+0.200 ω=+1.193 ok=True iters=7
20:52:15 [INFO] [PROG] s*=0.27/5.32 (5.1%) dist_goal=4.47
20:52:15 [INFO] [MPC] state=(+0.04,+3.83,+1.28) wp0=(+0.13,+3.83) v=+0.200 ω=+1.257 ok=True iters=7
20:52:15 [INFO] [PROG] s*=0.29/5.32 (5.4%) dist_goal=4.46
20:52:15 [INFO] [MPC] state=(+0.04,+3.85,+1.35) wp0=(+0.14,+3.84) v=+0.200 ω=+0.967 ok=True iters=7
20:52:15 [INFO] [PROG] s*=0.30/5.32 (5.6%) dist_goal=4.46
20:52:15 [INFO] [MPC] state=(+0.04,+3.86,+1.41) wp0=(+0.15,+3.85) v=+0.200 ω=+0.804 ok=True iters=7
20:52:15 [INFO] [PROG] s*=0.40/5.32 (7.5%) dist_goal=4.45
20:52:15 [INFO] [MPC] state=(+0.05,+3.88,+1.46) wp0=(+0.15,+3.95) v=+0.200 ω=+0.568 ok=True iters=7
20:52:15 [INFO] [PROG] s*=0.42/5.32 (7.9%) dist_goal=4.45
20:52:15 [INFO] [MPC] state=(+0.05,+3.90,+1.49) wp0=(+0.15,+3.97) v=+0.200 ω=+0.003 ok=True iters=8
20:52:15 [INFO] [PROG] s*=0.44/5.32 (8.2%) dist_goal=4.44
20:52:15 [INFO] [MPC] state=(+0.05,+3.92,+1.49) wp0=(+0.15,+3.99) v=+0.200 ω=+0.282 ok=True iters=7
20:52:15 [INFO] [PROG] s*=0.46/5.32 (8.6%) dist_goal=4.44
20:52:15 [INFO] [MPC] state=(+0.05,+3.94,+1.51) wp0=(+0.15,+4.01) v=+0.200 ω=+0.234 ok=True iters=7
20:52:15 [INFO] [PROG] s*=0.48/5.32 (9.0%) dist_goal=4.44
20:52:15 [INFO] [MPC] state=(+0.05,+3.96,+1.52) wp0=(+0.15,+4.03) v=+0.200 ω=+0.197 ok=True iters=7
20:52:15 [INFO] [PROG] s*=0.50/5.32 (9.4%) dist_goal=4.43
20:52:15 [INFO] [MPC] state=(+0.05,+3.98,+1.54) wp0=(+0.15,+4.05) v=+0.200 ω=+0.045 ok=True iters=7
20:52:15 [INFO] [PROG] s*=0.52/5.32 (9.7%) dist_goal=4.43
20:52:15 [INFO] [MPC] state=(+0.05,+4.00,+1.54) wp0=(+0.15,+4.07) v=+0.200 ω=+0.034 ok=True iters=7
20:52:15 [INFO] [PROG] s*=0.54/5.32 (10.1%) dist_goal=4.43
20:52:15 [INFO] [MPC] state=(+0.05,+4.02,+1.55) wp0=(+0.15,+4.09) v=+0.200 ω=+0.053 ok=True iters=7
20:52:15 [INFO] [PROG] s*=0.56/5.32 (10.5%) dist_goal=4.42
20:52:15 [INFO] [MPC] state=(+0.05,+4.04,+1.55) wp0=(+0.15,+4.11) v=+0.200 ω=-0.087 ok=True iters=7
20:52:15 [INFO] [PROG] s*=0.58/5.32 (10.9%) dist_goal=4.42
20:52:15 [INFO] [MPC] state=(+0.05,+4.06,+1.54) wp0=(+0.15,+4.13) v=+0.200 ω=-0.084 ok=True iters=7
20:52:15 [INFO] [PROG] s*=0.60/5.32 (11.3%) dist_goal=4.42
20:52:15 [INFO] [MPC] state=(+0.05,+4.08,+1.54) wp0=(+0.15,+4.15) v=+0.200 ω=-0.085 ok=True iters=7
20:52:15 [INFO] [PROG] s*=0.62/5.32 (11.6%) dist_goal=4.41
20:52:15 [INFO] [MPC] state=(+0.06,+4.10,+1.53) wp0=(+0.15,+4.17) v=+0.200 ω=-0.047 ok=True iters=7
20:52:15 [INFO] [PROG] s*=0.64/5.32 (12.0%) dist_goal=4.41
20:52:15 [INFO] [MPC] state=(+0.06,+4.12,+1.52) wp0=(+0.15,+4.19) v=+0.200 ω=-0.102 ok=True iters=8
20:52:15 [INFO] [PROG] s*=0.66/5.32 (12.4%) dist_goal=4.41
20:52:15 [INFO] [MPC] state=(+0.06,+4.14,+1.51) wp0=(+0.15,+4.21) v=+0.200 ω=-0.130 ok=True iters=8
20:52:15 [INFO] [PROG] s*=0.68/5.32 (12.8%) dist_goal=4.41
20:52:15 [INFO] [MPC] state=(+0.06,+4.16,+1.50) wp0=(+0.15,+4.23) v=+0.200 ω=-0.145 ok=True iters=8
20:52:15 [INFO] [PROG] s*=0.70/5.32 (13.2%) dist_goal=4.40
20:52:15 [INFO] [MPC] state=(+0.06,+4.18,+1.49) wp0=(+0.15,+4.25) v=+0.200 ω=-0.143 ok=True iters=8
20:52:16 [INFO] [PROG] s*=0.72/5.32 (13.5%) dist_goal=4.40
20:52:16 [INFO] [MPC] state=(+0.06,+4.20,+1.48) wp0=(+0.15,+4.27) v=+0.200 ω=-0.152 ok=True iters=9
20:52:16 [INFO] [PROG] s*=0.74/5.32 (13.9%) dist_goal=4.39
20:52:16 [INFO] [MPC] state=(+0.06,+4.22,+1.47) wp0=(+0.15,+4.29) v=+0.200 ω=-0.183 ok=True iters=9
20:52:16 [INFO] [PROG] s*=0.76/5.32 (14.3%) dist_goal=4.39
20:52:16 [INFO] [MPC] state=(+0.07,+4.24,+1.45) wp0=(+0.15,+4.31) v=+0.200 ω=-0.200 ok=True iters=10
20:52:16 [INFO] [PROG] s*=0.78/5.32 (14.7%) dist_goal=4.39
20:52:16 [INFO] [MPC] state=(+0.07,+4.26,+1.44) wp0=(+0.15,+4.33) v=+0.200 ω=-0.214 ok=True iters=10
20:52:16 [INFO] [PROG] s*=0.80/5.32 (15.0%) dist_goal=4.38
20:52:16 [INFO] [MPC] state=(+0.07,+4.28,+1.42) wp0=(+0.15,+4.34) v=+0.200 ω=-0.896 ok=True iters=8
20:52:16 [INFO] [PROG] s*=0.81/5.32 (15.2%) dist_goal=4.38
20:52:16 [INFO] [MPC] state=(+0.07,+4.29,+1.37) wp0=(+0.15,+4.36) v=+0.200 ω=-2.305 ok=True iters=10
20:52:16 [INFO] [PROG] s*=0.82/5.32 (15.4%) dist_goal=4.37
20:52:16 [INFO] [MPC] state=(+0.08,+4.31,+1.26) wp0=(+0.15,+4.37) v=+0.200 ω=-2.400 ok=True iters=8
20:52:16 [INFO] [PROG] s*=0.83/5.32 (15.6%) dist_goal=4.37
20:52:16 [INFO] [MPC] state=(+0.08,+4.32,+1.13) wp0=(+0.15,+4.38) v=+0.200 ω=-2.400 ok=True iters=8
20:52:16 [INFO] [PROG] s*=0.84/5.32 (15.8%) dist_goal=4.36
20:52:16 [INFO] [MPC] state=(+0.09,+4.33,+1.01) wp0=(+0.15,+4.39) v=+0.200 ω=-2.400 ok=True iters=11
20:52:16 [INFO] [PROG] s*=0.85/5.32 (16.0%) dist_goal=4.35
20:52:16 [INFO] [MPC] state=(+0.10,+4.34,+0.88) wp0=(+0.15,+4.40) v=+0.200 ω=-2.217 ok=True iters=8
20:52:16 [INFO] [PROG] s*=0.86/5.32 (16.1%) dist_goal=4.34
20:52:16 [INFO] [MPC] state=(+0.10,+4.35,+0.77) wp0=(+0.15,+4.41) v=+0.200 ω=-2.007 ok=True iters=7
20:52:16 [INFO] [PROG] s*=0.87/5.32 (16.3%) dist_goal=4.33
20:52:16 [INFO] [MPC] state=(+0.11,+4.36,+0.66) wp0=(+0.15,+4.41) v=+0.200 ω=-1.758 ok=True iters=7
20:52:16 [INFO] [PROG] s*=0.87/5.32 (16.4%) dist_goal=4.31
20:52:16 [INFO] [MPC] state=(+0.13,+4.36,+0.56) wp0=(+0.15,+4.42) v=+0.200 ω=-1.429 ok=True iters=7
20:52:16 [INFO] [PROG] s*=0.88/5.32 (16.6%) dist_goal=4.30
20:52:16 [INFO] [MPC] state=(+0.14,+4.37,+0.49) wp0=(+0.15,+4.43) v=+0.200 ω=-1.144 ok=True iters=8
20:52:16 [INFO] [PROG] s*=0.89/5.32 (16.7%) dist_goal=4.28
20:52:16 [INFO] [MPC] state=(+0.15,+4.38,+0.43) wp0=(+0.15,+4.44) v=+0.200 ω=-0.932 ok=True iters=8
20:52:16 [INFO] [PROG] s*=0.89/5.32 (16.8%) dist_goal=4.27
20:52:16 [INFO] [MPC] state=(+0.17,+4.39,+0.37) wp0=(+0.15,+4.44) v=+0.200 ω=-0.744 ok=True iters=8
20:52:16 [INFO] [PROG] s*=1.01/5.32 (18.9%) dist_goal=4.25
20:52:16 [INFO] [MPC] state=(+0.19,+4.39,+0.33) wp0=(+0.25,+4.45) v=+0.200 ω=-0.589 ok=True iters=8
20:52:16 [INFO] [PROG] s*=1.03/5.32 (19.3%) dist_goal=4.23
20:52:16 [INFO] [MPC] state=(+0.20,+4.40,+0.30) wp0=(+0.27,+4.45) v=+0.200 ω=-0.496 ok=True iters=7
20:52:16 [INFO] [PROG] s*=1.04/5.32 (19.6%) dist_goal=4.21
20:52:16 [INFO] [MPC] state=(+0.22,+4.40,+0.27) wp0=(+0.29,+4.45) v=+0.200 ω=-0.404 ok=True iters=7
20:52:16 [INFO] [PROG] s*=1.06/5.32 (20.0%) dist_goal=4.19
20:52:16 [INFO] [MPC] state=(+0.24,+4.41,+0.24) wp0=(+0.31,+4.45) v=+0.200 ω=-0.300 ok=True iters=7
20:52:16 [INFO] [PROG] s*=1.08/5.32 (20.3%) dist_goal=4.17
20:52:16 [INFO] [MPC] state=(+0.26,+4.41,+0.22) wp0=(+0.33,+4.45) v=+0.200 ω=-0.213 ok=True iters=7
20:52:16 [INFO] [PROG] s*=1.10/5.32 (20.7%) dist_goal=4.15
20:52:16 [INFO] [MPC] state=(+0.28,+4.42,+0.20) wp0=(+0.35,+4.45) v=+0.200 ω=-0.134 ok=True iters=7
20:52:16 [INFO] [PROG] s*=1.12/5.32 (21.1%) dist_goal=4.13
20:52:16 [INFO] [MPC] state=(+0.30,+4.42,+0.19) wp0=(+0.37,+4.45) v=+0.200 ω=-0.091 ok=True iters=7
20:52:16 [INFO] [PROG] s*=1.14/5.32 (21.4%) dist_goal=4.11
20:52:16 [INFO] [MPC] state=(+0.32,+4.42,+0.18) wp0=(+0.39,+4.45) v=+0.200 ω=-0.057 ok=True iters=7
20:52:16 [INFO] [PROG] s*=1.16/5.32 (21.8%) dist_goal=4.09
20:52:16 [INFO] [MPC] state=(+0.34,+4.43,+0.18) wp0=(+0.41,+4.45) v=+0.200 ω=-0.002 ok=True iters=7
20:52:16 [INFO] [PROG] s*=1.18/5.32 (22.2%) dist_goal=4.07
20:52:16 [INFO] [MPC] state=(+0.36,+4.43,+0.18) wp0=(+0.43,+4.45) v=+0.200 ω=+0.025 ok=True iters=7
20:52:16 [INFO] [PROG] s*=1.20/5.32 (22.6%) dist_goal=4.05
20:52:16 [INFO] [MPC] state=(+0.38,+4.44,+0.18) wp0=(+0.45,+4.45) v=+0.200 ω=+0.013 ok=True iters=7
20:52:16 [INFO] [PROG] s*=1.22/5.32 (22.9%) dist_goal=4.03
20:52:16 [INFO] [MPC] state=(+0.40,+4.44,+0.18) wp0=(+0.47,+4.45) v=+0.200 ω=+0.002 ok=True iters=7
20:52:16 [INFO] [PROG] s*=1.24/5.32 (23.3%) dist_goal=4.01
20:52:16 [INFO] [MPC] state=(+0.42,+4.44,+0.18) wp0=(+0.49,+4.45) v=+0.200 ω=+0.018 ok=True iters=7
20:52:16 [INFO] [PROG] s*=1.26/5.32 (23.7%) dist_goal=3.99
20:52:16 [INFO] [MPC] state=(+0.44,+4.45,+0.18) wp0=(+0.51,+4.45) v=+0.200 ω=+0.026 ok=True iters=7
20:52:16 [INFO] [PROG] s*=1.28/5.32 (24.1%) dist_goal=3.97
20:52:16 [INFO] [MPC] state=(+0.46,+4.45,+0.19) wp0=(+0.53,+4.45) v=+0.200 ω=-0.013 ok=True iters=7
20:52:16 [INFO] [PROG] s*=1.30/5.32 (24.4%) dist_goal=3.95
20:52:16 [INFO] [MPC] state=(+0.48,+4.45,+0.19) wp0=(+0.55,+4.45) v=+0.200 ω=-0.035 ok=True iters=7
20:52:16 [INFO] [PROG] s*=1.32/5.32 (24.8%) dist_goal=3.93
20:52:16 [INFO] [MPC] state=(+0.50,+4.46,+0.18) wp0=(+0.57,+4.45) v=+0.200 ω=+0.082 ok=True iters=7
20:52:16 [INFO] [PROG] s*=1.34/5.32 (25.2%) dist_goal=3.91
20:52:16 [INFO] [MPC] state=(+0.52,+4.46,+0.19) wp0=(+0.59,+4.45) v=+0.200 ω=+0.016 ok=True iters=7
20:52:16 [INFO] [PROG] s*=1.36/5.32 (25.6%) dist_goal=3.89
20:52:16 [INFO] [MPC] state=(+0.54,+4.47,+0.19) wp0=(+0.61,+4.45) v=+0.200 ω=-0.019 ok=True iters=7
20:52:16 [INFO] [PROG] s*=1.38/5.32 (25.9%) dist_goal=3.87
20:52:16 [INFO] [MPC] state=(+0.56,+4.47,+0.19) wp0=(+0.63,+4.45) v=+0.200 ω=-0.039 ok=True iters=7
20:52:16 [INFO] [PROG] s*=1.40/5.32 (26.3%) dist_goal=3.85
20:52:16 [INFO] [MPC] state=(+0.58,+4.47,+0.19) wp0=(+0.65,+4.45) v=+0.200 ω=+0.023 ok=True iters=7
20:52:16 [INFO] [PROG] s*=1.42/5.32 (26.7%) dist_goal=3.83
20:52:16 [INFO] [MPC] state=(+0.60,+4.48,+0.19) wp0=(+0.67,+4.45) v=+0.200 ω=-0.015 ok=True iters=7
20:52:16 [INFO] [PROG] s*=1.44/5.32 (27.1%) dist_goal=3.81
20:52:16 [INFO] [MPC] state=(+0.62,+4.48,+0.19) wp0=(+0.69,+4.45) v=+0.200 ω=-0.037 ok=True iters=7
20:52:16 [INFO] [PROG] s*=1.46/5.32 (27.4%) dist_goal=3.79
20:52:16 [INFO] [MPC] state=(+0.64,+4.48,+0.18) wp0=(+0.71,+4.45) v=+0.200 ω=-0.048 ok=True iters=7
20:52:16 [INFO] [PROG] s*=1.48/5.32 (27.8%) dist_goal=3.77
20:52:16 [INFO] [MPC] state=(+0.66,+4.49,+0.18) wp0=(+0.73,+4.45) v=+0.200 ω=-0.025 ok=True iters=7
20:52:16 [INFO] [PROG] s*=1.50/5.32 (28.2%) dist_goal=3.75
20:52:16 [INFO] [MPC] state=(+0.68,+4.49,+0.18) wp0=(+0.75,+4.45) v=+0.200 ω=-0.041 ok=True iters=7
20:52:16 [INFO] [PROG] s*=1.52/5.32 (28.6%) dist_goal=3.73
20:52:16 [INFO] [MPC] state=(+0.70,+4.50,+0.17) wp0=(+0.77,+4.45) v=+0.200 ω=-0.050 ok=True iters=7
20:52:16 [INFO] [PROG] s*=1.54/5.32 (28.9%) dist_goal=3.71
20:52:16 [INFO] [MPC] state=(+0.72,+4.50,+0.17) wp0=(+0.79,+4.45) v=+0.200 ω=-0.055 ok=True iters=7
20:52:16 [INFO] [PROG] s*=1.56/5.32 (29.3%) dist_goal=3.69
20:52:16 [INFO] [MPC] state=(+0.74,+4.50,+0.16) wp0=(+0.81,+4.45) v=+0.200 ω=-0.057 ok=True iters=7
20:52:16 [INFO] [PROG] s*=1.58/5.32 (29.7%) dist_goal=3.67
20:52:16 [INFO] [MPC] state=(+0.76,+4.51,+0.16) wp0=(+0.83,+4.45) v=+0.200 ω=-0.057 ok=True iters=7
20:52:16 [INFO] [PROG] s*=1.60/5.32 (30.1%) dist_goal=3.65
20:52:16 [INFO] [MPC] state=(+0.78,+4.51,+0.15) wp0=(+0.85,+4.45) v=+0.200 ω=-0.073 ok=True iters=7
20:52:16 [INFO] [PROG] s*=1.62/5.32 (30.4%) dist_goal=3.63
20:52:16 [INFO] [MPC] state=(+0.80,+4.51,+0.14) wp0=(+0.87,+4.45) v=+0.200 ω=-0.065 ok=True iters=7
20:52:16 [INFO] [PROG] s*=1.64/5.32 (30.8%) dist_goal=3.61
20:52:16 [INFO] [MPC] state=(+0.82,+4.51,+0.14) wp0=(+0.89,+4.45) v=+0.200 ω=-0.060 ok=True iters=7
20:52:16 [INFO] [PROG] s*=1.66/5.32 (31.2%) dist_goal=3.59
20:52:16 [INFO] [MPC] state=(+0.84,+4.52,+0.13) wp0=(+0.91,+4.45) v=+0.200 ω=-0.055 ok=True iters=7
20:52:16 [INFO] [PROG] s*=1.68/5.32 (31.6%) dist_goal=3.57
20:52:16 [INFO] [MPC] state=(+0.86,+4.52,+0.13) wp0=(+0.93,+4.45) v=+0.200 ω=-0.052 ok=True iters=7
20:52:16 [INFO] [PROG] s*=1.70/5.32 (32.0%) dist_goal=3.55
20:52:16 [INFO] [MPC] state=(+0.88,+4.52,+0.12) wp0=(+0.95,+4.45) v=+0.200 ω=-0.050 ok=True iters=7
20:52:16 [INFO] [PROG] s*=1.72/5.32 (32.3%) dist_goal=3.53
20:52:16 [INFO] [MPC] state=(+0.90,+4.53,+0.12) wp0=(+0.97,+4.45) v=+0.200 ω=-0.048 ok=True iters=7
20:52:16 [INFO] [PROG] s*=1.74/5.32 (32.7%) dist_goal=3.51
20:52:16 [INFO] [MPC] state=(+0.92,+4.53,+0.11) wp0=(+0.99,+4.45) v=+0.200 ω=-0.045 ok=True iters=7
20:52:16 [INFO] [PROG] s*=1.76/5.32 (33.1%) dist_goal=3.49
20:52:16 [INFO] [MPC] state=(+0.94,+4.53,+0.11) wp0=(+1.01,+4.45) v=+0.200 ω=-0.043 ok=True iters=7
20:52:16 [INFO] [PROG] s*=1.78/5.32 (33.5%) dist_goal=3.47
20:52:16 [INFO] [MPC] state=(+0.96,+4.53,+0.10) wp0=(+1.03,+4.45) v=+0.200 ω=-0.041 ok=True iters=7
20:52:16 [INFO] [PROG] s*=1.80/5.32 (33.9%) dist_goal=3.45
20:52:16 [INFO] [MPC] state=(+0.98,+4.53,+0.10) wp0=(+1.05,+4.45) v=+0.200 ω=-0.039 ok=True iters=7
20:52:16 [INFO] [PROG] s*=1.82/5.32 (34.2%) dist_goal=3.43
20:52:16 [INFO] [MPC] state=(+1.00,+4.54,+0.09) wp0=(+1.07,+4.45) v=+0.200 ω=-0.036 ok=True iters=7
20:52:16 [INFO] [PROG] s*=1.84/5.32 (34.6%) dist_goal=3.41
20:52:16 [INFO] [MPC] state=(+1.02,+4.54,+0.09) wp0=(+1.09,+4.45) v=+0.200 ω=-0.036 ok=True iters=7
20:52:16 [INFO] [PROG] s*=1.86/5.32 (35.0%) dist_goal=3.39
20:52:16 [INFO] [MPC] state=(+1.04,+4.54,+0.09) wp0=(+1.11,+4.45) v=+0.200 ω=-0.035 ok=True iters=7
20:52:16 [INFO] [PROG] s*=1.88/5.32 (35.4%) dist_goal=3.37
20:52:16 [INFO] [MPC] state=(+1.06,+4.54,+0.09) wp0=(+1.13,+4.45) v=+0.200 ω=-0.034 ok=True iters=7
20:52:16 [INFO] [PROG] s*=1.90/5.32 (35.8%) dist_goal=3.35
20:52:16 [INFO] [MPC] state=(+1.08,+4.54,+0.08) wp0=(+1.15,+4.45) v=+0.200 ω=-0.033 ok=True iters=7
20:52:16 [INFO] [PROG] s*=1.92/5.32 (36.1%) dist_goal=3.33
20:52:16 [INFO] [MPC] state=(+1.10,+4.55,+0.08) wp0=(+1.17,+4.45) v=+0.200 ω=-0.032 ok=True iters=7
20:52:16 [INFO] [PROG] s*=1.94/5.32 (36.5%) dist_goal=3.31
20:52:16 [INFO] [MPC] state=(+1.12,+4.55,+0.08) wp0=(+1.19,+4.45) v=+0.200 ω=-0.031 ok=True iters=7
20:52:16 [INFO] [PROG] s*=1.96/5.32 (36.9%) dist_goal=3.29
20:52:16 [INFO] [MPC] state=(+1.14,+4.55,+0.07) wp0=(+1.21,+4.45) v=+0.200 ω=-0.030 ok=True iters=7
20:52:16 [INFO] [PROG] s*=1.98/5.32 (37.3%) dist_goal=3.27
20:52:16 [INFO] [MPC] state=(+1.16,+4.55,+0.07) wp0=(+1.23,+4.45) v=+0.200 ω=-0.029 ok=True iters=7
20:52:16 [INFO] [PROG] s*=2.00/5.32 (37.7%) dist_goal=3.25
20:52:16 [INFO] [MPC] state=(+1.18,+4.55,+0.07) wp0=(+1.25,+4.45) v=+0.200 ω=-0.028 ok=True iters=7
20:52:16 [INFO] [PROG] s*=2.03/5.32 (38.0%) dist_goal=3.23
20:52:16 [INFO] [MPC] state=(+1.20,+4.55,+0.07) wp0=(+1.27,+4.45) v=+0.200 ω=-0.027 ok=True iters=7
20:52:16 [INFO] [PROG] s*=2.05/5.32 (38.4%) dist_goal=3.21
20:52:16 [INFO] [MPC] state=(+1.22,+4.55,+0.06) wp0=(+1.29,+4.45) v=+0.200 ω=-0.025 ok=True iters=7
20:52:16 [INFO] [PROG] s*=2.07/5.32 (38.8%) dist_goal=3.19
20:52:16 [INFO] [MPC] state=(+1.24,+4.56,+0.06) wp0=(+1.31,+4.45) v=+0.200 ω=-0.024 ok=True iters=7
20:52:16 [INFO] [PROG] s*=2.09/5.32 (39.2%) dist_goal=3.17
20:52:16 [INFO] [MPC] state=(+1.26,+4.56,+0.06) wp0=(+1.33,+4.45) v=+0.200 ω=-0.023 ok=True iters=7
20:52:16 [INFO] [PROG] s*=2.11/5.32 (39.6%) dist_goal=3.15
20:52:16 [INFO] [MPC] state=(+1.28,+4.56,+0.06) wp0=(+1.35,+4.45) v=+0.200 ω=-0.022 ok=True iters=7
20:52:16 [INFO] [PROG] s*=2.13/5.32 (39.9%) dist_goal=3.13
20:52:16 [INFO] [MPC] state=(+1.30,+4.56,+0.05) wp0=(+1.37,+4.45) v=+0.200 ω=-0.022 ok=True iters=7
20:52:16 [INFO] [PROG] s*=2.15/5.32 (40.3%) dist_goal=3.11
20:52:16 [INFO] [MPC] state=(+1.32,+4.56,+0.05) wp0=(+1.39,+4.45) v=+0.200 ω=-0.021 ok=True iters=7
20:52:16 [INFO] [PROG] s*=2.17/5.32 (40.7%) dist_goal=3.09
20:52:16 [INFO] [MPC] state=(+1.34,+4.56,+0.05) wp0=(+1.41,+4.45) v=+0.200 ω=-0.021 ok=True iters=7
20:52:16 [INFO] [PROG] s*=2.19/5.32 (41.1%) dist_goal=3.07
20:52:16 [INFO] [MPC] state=(+1.36,+4.56,+0.05) wp0=(+1.43,+4.45) v=+0.200 ω=-0.021 ok=True iters=7
20:52:16 [INFO] [PROG] s*=2.21/5.32 (41.5%) dist_goal=3.05
20:52:16 [INFO] [MPC] state=(+1.38,+4.56,+0.05) wp0=(+1.45,+4.45) v=+0.200 ω=-0.020 ok=True iters=7
20:52:16 [INFO] [PROG] s*=2.23/5.32 (41.8%) dist_goal=3.03
20:52:16 [INFO] [MPC] state=(+1.40,+4.56,+0.05) wp0=(+1.47,+4.45) v=+0.200 ω=-0.019 ok=True iters=7
20:52:16 [INFO] [PROG] s*=2.25/5.32 (42.2%) dist_goal=3.01
20:52:16 [INFO] [MPC] state=(+1.42,+4.56,+0.04) wp0=(+1.49,+4.45) v=+0.200 ω=-0.019 ok=True iters=7
20:52:16 [INFO] [PROG] s*=2.27/5.32 (42.6%) dist_goal=2.98
20:52:16 [INFO] [MPC] state=(+1.44,+4.57,+0.04) wp0=(+1.52,+4.45) v=+0.200 ω=-0.019 ok=True iters=7
20:52:16 [INFO] [PROG] s*=2.29/5.32 (43.0%) dist_goal=2.96
20:52:16 [INFO] [MPC] state=(+1.47,+4.57,+0.04) wp0=(+1.54,+4.45) v=+0.200 ω=-0.018 ok=True iters=7
20:52:16 [INFO] [PROG] s*=2.31/5.32 (43.4%) dist_goal=2.94
20:52:16 [INFO] [MPC] state=(+1.49,+4.57,+0.04) wp0=(+1.56,+4.45) v=+0.200 ω=-0.018 ok=True iters=7
20:52:16 [INFO] [PROG] s*=2.33/5.32 (43.7%) dist_goal=2.92
20:52:16 [INFO] [MPC] state=(+1.51,+4.57,+0.04) wp0=(+1.58,+4.45) v=+0.200 ω=-0.017 ok=True iters=7
20:52:16 [INFO] [PROG] s*=2.35/5.32 (44.1%) dist_goal=2.90
20:52:16 [INFO] [MPC] state=(+1.53,+4.57,+0.04) wp0=(+1.60,+4.45) v=+0.200 ω=-0.017 ok=True iters=7
20:52:16 [INFO] [PROG] s*=2.37/5.32 (44.5%) dist_goal=2.88
20:52:16 [INFO] [MPC] state=(+1.55,+4.57,+0.04) wp0=(+1.62,+4.45) v=+0.200 ω=-0.017 ok=True iters=7
20:52:16 [INFO] [PROG] s*=2.39/5.32 (44.9%) dist_goal=2.86
20:52:16 [INFO] [MPC] state=(+1.57,+4.57,+0.04) wp0=(+1.64,+4.45) v=+0.200 ω=-0.016 ok=True iters=7
20:52:16 [INFO] [PROG] s*=2.41/5.32 (45.3%) dist_goal=2.84
20:52:16 [INFO] [MPC] state=(+1.59,+4.57,+0.03) wp0=(+1.66,+4.45) v=+0.200 ω=-0.016 ok=True iters=7
20:52:16 [INFO] [PROG] s*=2.43/5.32 (45.6%) dist_goal=2.82
20:52:16 [INFO] [MPC] state=(+1.61,+4.57,+0.03) wp0=(+1.68,+4.45) v=+0.200 ω=-0.015 ok=True iters=7
20:52:16 [INFO] [PROG] s*=2.45/5.32 (46.0%) dist_goal=2.80
20:52:16 [INFO] [MPC] state=(+1.63,+4.57,+0.03) wp0=(+1.70,+4.45) v=+0.200 ω=-0.015 ok=True iters=7
20:52:16 [INFO] [PROG] s*=2.47/5.32 (46.4%) dist_goal=2.78
20:52:16 [INFO] [MPC] state=(+1.65,+4.57,+0.03) wp0=(+1.72,+4.45) v=+0.200 ω=-0.015 ok=True iters=7
20:52:16 [INFO] [PROG] s*=2.49/5.32 (46.8%) dist_goal=2.76
20:52:16 [INFO] [MPC] state=(+1.67,+4.57,+0.03) wp0=(+1.74,+4.45) v=+0.200 ω=-0.014 ok=True iters=7
20:52:16 [INFO] [PROG] s*=2.51/5.32 (47.2%) dist_goal=2.74
20:52:16 [INFO] [MPC] state=(+1.69,+4.57,+0.03) wp0=(+1.76,+4.45) v=+0.200 ω=-0.014 ok=True iters=7
20:52:16 [INFO] [PROG] s*=2.53/5.32 (47.5%) dist_goal=2.72
20:52:16 [INFO] [MPC] state=(+1.71,+4.57,+0.03) wp0=(+1.78,+4.45) v=+0.200 ω=-0.014 ok=True iters=7
20:52:16 [INFO] [PROG] s*=2.55/5.32 (47.9%) dist_goal=2.70
20:52:16 [INFO] [MPC] state=(+1.73,+4.58,+0.03) wp0=(+1.80,+4.45) v=+0.200 ω=-0.013 ok=True iters=7
20:52:16 [INFO] [PROG] s*=2.57/5.32 (48.3%) dist_goal=2.68
20:52:16 [INFO] [MPC] state=(+1.75,+4.58,+0.03) wp0=(+1.82,+4.45) v=+0.200 ω=-0.013 ok=True iters=7
20:52:16 [INFO] [PROG] s*=2.59/5.32 (48.7%) dist_goal=2.66
20:52:16 [INFO] [MPC] state=(+1.77,+4.58,+0.02) wp0=(+1.84,+4.45) v=+0.200 ω=+0.017 ok=True iters=7
20:52:16 [INFO] [PROG] s*=2.61/5.32 (49.1%) dist_goal=2.64
20:52:16 [INFO] [MPC] state=(+1.79,+4.58,+0.03) wp0=(+1.86,+4.45) v=+0.200 ω=-0.023 ok=True iters=7
20:52:16 [INFO] [PROG] s*=2.63/5.32 (49.4%) dist_goal=2.62
20:52:16 [INFO] [MPC] state=(+1.81,+4.58,+0.03) wp0=(+1.88,+4.45) v=+0.200 ω=+0.010 ok=True iters=7
20:52:16 [INFO] [PROG] s*=2.65/5.32 (49.8%) dist_goal=2.60
20:52:16 [INFO] [MPC] state=(+1.83,+4.58,+0.03) wp0=(+1.90,+4.45) v=+0.200 ω=-0.027 ok=True iters=7
20:52:16 [INFO] [PROG] s*=2.67/5.32 (50.2%) dist_goal=2.58
20:52:16 [INFO] [MPC] state=(+1.85,+4.58,+0.02) wp0=(+1.92,+4.45) v=+0.200 ω=+0.008 ok=True iters=7
20:52:16 [INFO] [PROG] s*=2.69/5.32 (50.6%) dist_goal=2.56
20:52:16 [INFO] [MPC] state=(+1.87,+4.58,+0.03) wp0=(+1.94,+4.45) v=+0.200 ω=-0.029 ok=True iters=7
20:52:16 [INFO] [PROG] s*=2.71/5.32 (51.0%) dist_goal=2.54
20:52:16 [INFO] [MPC] state=(+1.89,+4.58,+0.02) wp0=(+1.96,+4.45) v=+0.200 ω=+0.007 ok=True iters=7
20:52:16 [INFO] [PROG] s*=2.73/5.32 (51.3%) dist_goal=2.52
20:52:16 [INFO] [MPC] state=(+1.91,+4.58,+0.02) wp0=(+1.98,+4.45) v=+0.200 ω=+0.000 ok=True iters=7
20:52:16 [INFO] [PROG] s*=2.75/5.32 (51.7%) dist_goal=2.50
20:52:16 [INFO] [MPC] state=(+1.93,+4.58,+0.02) wp0=(+2.00,+4.45) v=+0.200 ω=-0.004 ok=True iters=7
20:52:16 [INFO] [PROG] s*=2.77/5.32 (52.1%) dist_goal=2.48
20:52:16 [INFO] [MPC] state=(+1.95,+4.58,+0.02) wp0=(+2.02,+4.45) v=+0.200 ω=-0.007 ok=True iters=7
20:52:16 [INFO] [PROG] s*=2.79/5.32 (52.5%) dist_goal=2.46
20:52:16 [INFO] [MPC] state=(+1.97,+4.58,+0.02) wp0=(+2.04,+4.45) v=+0.200 ω=-0.008 ok=True iters=7
20:52:16 [INFO] [PROG] s*=2.82/5.32 (52.9%) dist_goal=2.44
20:52:16 [INFO] [MPC] state=(+1.99,+4.58,+0.02) wp0=(+2.06,+4.45) v=+0.200 ω=-0.009 ok=True iters=7
20:52:16 [INFO] [PROG] s*=2.84/5.32 (53.3%) dist_goal=2.42
20:52:16 [INFO] [MPC] state=(+2.01,+4.58,+0.02) wp0=(+2.08,+4.45) v=+0.200 ω=-0.010 ok=True iters=7
20:52:16 [INFO] [PROG] s*=2.86/5.32 (53.6%) dist_goal=2.40
20:52:16 [INFO] [MPC] state=(+2.03,+4.58,+0.02) wp0=(+2.10,+4.45) v=+0.200 ω=-0.010 ok=True iters=7
20:52:16 [INFO] [PROG] s*=2.88/5.32 (54.0%) dist_goal=2.38
20:52:16 [INFO] [MPC] state=(+2.05,+4.58,+0.02) wp0=(+2.12,+4.45) v=+0.200 ω=-0.010 ok=True iters=7
20:52:16 [INFO] [PROG] s*=2.90/5.32 (54.4%) dist_goal=2.36
20:52:16 [INFO] [MPC] state=(+2.07,+4.58,+0.02) wp0=(+2.14,+4.45) v=+0.200 ω=-0.010 ok=True iters=7
20:52:16 [INFO] [PROG] s*=2.92/5.32 (54.8%) dist_goal=2.34
20:52:16 [INFO] [MPC] state=(+2.09,+4.58,+0.02) wp0=(+2.16,+4.45) v=+0.200 ω=-0.010 ok=True iters=7
20:52:16 [INFO] [PROG] s*=2.94/5.32 (55.2%) dist_goal=2.32
20:52:16 [INFO] [MPC] state=(+2.11,+4.58,+0.02) wp0=(+2.18,+4.45) v=+0.200 ω=-0.038 ok=True iters=7
20:52:16 [INFO] [PROG] s*=2.96/5.32 (55.5%) dist_goal=2.30
20:52:16 [INFO] [MPC] state=(+2.13,+4.59,+0.02) wp0=(+2.20,+4.45) v=+0.200 ω=-0.028 ok=True iters=7
20:52:16 [INFO] [PROG] s*=2.98/5.32 (55.9%) dist_goal=2.28
20:52:16 [INFO] [MPC] state=(+2.15,+4.59,+0.01) wp0=(+2.22,+4.45) v=+0.200 ω=-0.021 ok=True iters=7
20:52:16 [INFO] [PROG] s*=3.00/5.32 (56.3%) dist_goal=2.26
20:52:16 [INFO] [MPC] state=(+2.17,+4.59,+0.01) wp0=(+2.24,+4.45) v=+0.200 ω=-0.016 ok=True iters=7
20:52:16 [INFO] [PROG] s*=3.02/5.32 (56.7%) dist_goal=2.24
20:52:16 [INFO] [MPC] state=(+2.19,+4.59,+0.01) wp0=(+2.26,+4.45) v=+0.200 ω=-0.014 ok=True iters=7
20:52:16 [INFO] [PROG] s*=3.04/5.32 (57.1%) dist_goal=2.22
20:52:16 [INFO] [MPC] state=(+2.21,+4.59,+0.01) wp0=(+2.29,+4.45) v=+0.200 ω=-0.012 ok=True iters=7
20:52:16 [INFO] [PROG] s*=3.06/5.32 (57.4%) dist_goal=2.19
20:52:16 [INFO] [MPC] state=(+2.24,+4.59,+0.01) wp0=(+2.31,+4.45) v=+0.200 ω=-0.064 ok=True iters=7
20:52:16 [INFO] [PROG] s*=3.08/5.32 (57.8%) dist_goal=2.17
20:52:16 [INFO] [MPC] state=(+2.26,+4.59,+0.00) wp0=(+2.33,+4.45) v=+0.200 ω=-0.045 ok=True iters=7
20:52:16 [INFO] [PROG] s*=3.10/5.32 (58.2%) dist_goal=2.15
20:52:16 [INFO] [MPC] state=(+2.28,+4.59,-0.00) wp0=(+2.35,+4.45) v=+0.200 ω=-0.032 ok=True iters=7
20:52:16 [INFO] [PROG] s*=3.12/5.32 (58.6%) dist_goal=2.13
20:52:16 [INFO] [MPC] state=(+2.30,+4.59,-0.00) wp0=(+2.37,+4.45) v=+0.200 ω=-0.022 ok=True iters=7
20:52:17 [INFO] [PROG] s*=3.14/5.32 (59.0%) dist_goal=2.11
20:52:17 [INFO] [MPC] state=(+2.32,+4.59,-0.00) wp0=(+2.39,+4.45) v=+0.200 ω=-0.016 ok=True iters=7
20:52:17 [INFO] [PROG] s*=3.16/5.32 (59.3%) dist_goal=2.09
20:52:17 [INFO] [MPC] state=(+2.34,+4.59,-0.01) wp0=(+2.41,+4.45) v=+0.200 ω=-0.107 ok=True iters=7
20:52:17 [INFO] [PROG] s*=3.18/5.32 (59.7%) dist_goal=2.07
20:52:17 [INFO] [MPC] state=(+2.36,+4.59,-0.02) wp0=(+2.43,+4.45) v=+0.200 ω=-0.070 ok=True iters=7
20:52:17 [INFO] [PROG] s*=3.20/5.32 (60.1%) dist_goal=2.05
20:52:17 [INFO] [MPC] state=(+2.38,+4.59,-0.02) wp0=(+2.45,+4.45) v=+0.200 ω=-0.046 ok=True iters=7
20:52:17 [INFO] [PROG] s*=3.22/5.32 (60.5%) dist_goal=2.03
20:52:17 [INFO] [MPC] state=(+2.40,+4.59,-0.03) wp0=(+2.47,+4.45) v=+0.200 ω=-0.029 ok=True iters=7
20:52:17 [INFO] [PROG] s*=3.24/5.32 (60.9%) dist_goal=2.01
20:52:17 [INFO] [MPC] state=(+2.42,+4.58,-0.03) wp0=(+2.49,+4.45) v=+0.200 ω=-0.018 ok=True iters=7
20:52:17 [INFO] [PROG] s*=3.26/5.32 (61.2%) dist_goal=1.99
20:52:17 [INFO] [MPC] state=(+2.44,+4.58,-0.03) wp0=(+2.51,+4.45) v=+0.200 ω=-0.012 ok=True iters=7
20:52:17 [INFO] [PROG] s*=3.28/5.32 (61.6%) dist_goal=1.97
20:52:17 [INFO] [MPC] state=(+2.46,+4.58,-0.03) wp0=(+2.53,+4.45) v=+0.200 ω=-0.101 ok=True iters=7
20:52:17 [INFO] [PROG] s*=3.30/5.32 (62.0%) dist_goal=1.95
20:52:17 [INFO] [MPC] state=(+2.48,+4.58,-0.04) wp0=(+2.55,+4.45) v=+0.200 ω=-0.066 ok=True iters=7
20:52:17 [INFO] [PROG] s*=3.32/5.32 (62.4%) dist_goal=1.93
20:52:17 [INFO] [MPC] state=(+2.50,+4.58,-0.05) wp0=(+2.57,+4.45) v=+0.200 ω=-0.041 ok=True iters=7
20:52:17 [INFO] [PROG] s*=3.34/5.32 (62.8%) dist_goal=1.91
20:52:17 [INFO] [MPC] state=(+2.52,+4.58,-0.05) wp0=(+2.59,+4.45) v=+0.200 ω=-0.023 ok=True iters=7
20:52:17 [INFO] [PROG] s*=3.36/5.32 (63.2%) dist_goal=1.89
20:52:17 [INFO] [MPC] state=(+2.54,+4.58,-0.05) wp0=(+2.61,+4.45) v=+0.200 ω=-0.012 ok=True iters=7
20:52:17 [INFO] [PROG] s*=3.38/5.32 (63.5%) dist_goal=1.87
20:52:17 [INFO] [MPC] state=(+2.56,+4.58,-0.05) wp0=(+2.63,+4.45) v=+0.200 ω=-0.039 ok=True iters=7
20:52:17 [INFO] [PROG] s*=3.40/5.32 (63.9%) dist_goal=1.85
20:52:17 [INFO] [MPC] state=(+2.58,+4.58,-0.06) wp0=(+2.65,+4.45) v=+0.200 ω=-0.077 ok=True iters=7
20:52:17 [INFO] [PROG] s*=3.42/5.32 (64.3%) dist_goal=1.83
20:52:17 [INFO] [MPC] state=(+2.60,+4.58,-0.07) wp0=(+2.67,+4.45) v=+0.200 ω=-0.047 ok=True iters=7
20:52:17 [INFO] [PROG] s*=3.44/5.32 (64.7%) dist_goal=1.81
20:52:17 [INFO] [MPC] state=(+2.62,+4.57,-0.07) wp0=(+2.69,+4.45) v=+0.200 ω=-0.026 ok=True iters=7
20:52:17 [INFO] [PROG] s*=3.46/5.32 (65.1%) dist_goal=1.79
20:52:17 [INFO] [MPC] state=(+2.64,+4.57,-0.07) wp0=(+2.71,+4.45) v=+0.200 ω=-0.013 ok=True iters=7
20:52:17 [INFO] [PROG] s*=3.48/5.32 (65.4%) dist_goal=1.77
20:52:17 [INFO] [MPC] state=(+2.66,+4.57,-0.07) wp0=(+2.73,+4.45) v=+0.200 ω=-0.017 ok=True iters=7
20:52:17 [INFO] [PROG] s*=3.50/5.32 (65.8%) dist_goal=1.75
20:52:17 [INFO] [MPC] state=(+2.68,+4.57,-0.07) wp0=(+2.75,+4.45) v=+0.200 ω=-0.019 ok=True iters=7
20:52:17 [INFO] [PROG] s*=3.52/5.32 (66.2%) dist_goal=1.73
20:52:17 [INFO] [MPC] state=(+2.70,+4.57,-0.08) wp0=(+2.77,+4.45) v=+0.200 ω=-0.016 ok=True iters=7
20:52:17 [INFO] [PROG] s*=3.54/5.32 (66.6%) dist_goal=1.71
20:52:17 [INFO] [MPC] state=(+2.72,+4.57,-0.08) wp0=(+2.79,+4.45) v=+0.200 ω=-0.011 ok=True iters=7
20:52:17 [INFO] [PROG] s*=3.56/5.32 (67.0%) dist_goal=1.69
20:52:17 [INFO] [MPC] state=(+2.74,+4.57,-0.08) wp0=(+2.81,+4.45) v=+0.200 ω=-0.006 ok=True iters=7
20:52:17 [INFO] [PROG] s*=3.58/5.32 (67.3%) dist_goal=1.67
20:52:17 [INFO] [MPC] state=(+2.76,+4.56,-0.08) wp0=(+2.83,+4.45) v=+0.200 ω=-0.037 ok=True iters=7
20:52:17 [INFO] [PROG] s*=3.61/5.32 (67.7%) dist_goal=1.65
20:52:17 [INFO] [MPC] state=(+2.78,+4.56,-0.08) wp0=(+2.85,+4.45) v=+0.200 ω=-0.025 ok=True iters=7
20:52:17 [INFO] [PROG] s*=3.63/5.32 (68.1%) dist_goal=1.63
20:52:17 [INFO] [MPC] state=(+2.80,+4.56,-0.08) wp0=(+2.87,+4.45) v=+0.200 ω=+0.017 ok=True iters=7
20:52:17 [INFO] [PROG] s*=3.65/5.32 (68.5%) dist_goal=1.61
20:52:17 [INFO] [MPC] state=(+2.82,+4.56,-0.08) wp0=(+2.89,+4.45) v=+0.200 ω=+0.044 ok=True iters=7
20:52:17 [INFO] [PROG] s*=3.67/5.32 (68.8%) dist_goal=1.59
20:52:17 [INFO] [MPC] state=(+2.84,+4.56,-0.08) wp0=(+2.91,+4.45) v=+0.200 ω=+0.003 ok=True iters=7
20:52:17 [INFO] [PROG] s*=3.69/5.32 (69.2%) dist_goal=1.57
20:52:17 [INFO] [MPC] state=(+2.86,+4.56,-0.08) wp0=(+2.93,+4.45) v=+0.200 ω=+0.031 ok=True iters=7
20:52:17 [INFO] [PROG] s*=3.71/5.32 (69.6%) dist_goal=1.55
20:52:17 [INFO] [MPC] state=(+2.88,+4.55,-0.07) wp0=(+2.95,+4.45) v=+0.200 ω=-0.008 ok=True iters=7
20:52:17 [INFO] [PROG] s*=3.73/5.32 (70.0%) dist_goal=1.53
20:52:17 [INFO] [MPC] state=(+2.90,+4.55,-0.07) wp0=(+2.97,+4.45) v=+0.200 ω=+0.031 ok=True iters=7
20:52:17 [INFO] [PROG] s*=3.75/5.32 (70.4%) dist_goal=1.51
20:52:17 [INFO] [MPC] state=(+2.92,+4.55,-0.07) wp0=(+2.99,+4.45) v=+0.200 ω=+0.025 ok=True iters=7
20:52:17 [INFO] [PROG] s*=3.77/5.32 (70.7%) dist_goal=1.49
20:52:17 [INFO] [MPC] state=(+2.94,+4.55,-0.07) wp0=(+3.01,+4.45) v=+0.200 ω=+0.020 ok=True iters=7
20:52:17 [INFO] [PROG] s*=3.79/5.32 (71.1%) dist_goal=1.47
20:52:17 [INFO] [MPC] state=(+2.96,+4.55,-0.07) wp0=(+3.03,+4.45) v=+0.200 ω=+0.023 ok=True iters=7
20:52:17 [INFO] [PROG] s*=3.81/5.32 (71.5%) dist_goal=1.45
20:52:17 [INFO] [MPC] state=(+2.98,+4.55,-0.06) wp0=(+3.05,+4.45) v=+0.200 ω=+0.017 ok=True iters=7
20:52:17 [INFO] [PROG] s*=3.83/5.32 (71.9%) dist_goal=1.43
20:52:17 [INFO] [MPC] state=(+3.00,+4.55,-0.06) wp0=(+3.07,+4.45) v=+0.200 ω=+0.015 ok=True iters=7
20:52:17 [INFO] [PROG] s*=3.85/5.32 (72.3%) dist_goal=1.41
20:52:17 [INFO] [MPC] state=(+3.02,+4.54,-0.06) wp0=(+3.09,+4.45) v=+0.200 ω=+0.026 ok=True iters=7
20:52:17 [INFO] [PROG] s*=3.87/5.32 (72.6%) dist_goal=1.39
20:52:17 [INFO] [MPC] state=(+3.04,+4.54,-0.06) wp0=(+3.11,+4.45) v=+0.200 ω=+0.028 ok=True iters=7
20:52:17 [INFO] [PROG] s*=3.89/5.32 (73.0%) dist_goal=1.36
20:52:17 [INFO] [MPC] state=(+3.06,+4.54,-0.05) wp0=(+3.14,+4.45) v=+0.200 ω=+0.030 ok=True iters=7
20:52:17 [INFO] [PROG] s*=3.91/5.32 (73.4%) dist_goal=1.34
20:52:17 [INFO] [MPC] state=(+3.09,+4.54,-0.05) wp0=(+3.16,+4.45) v=+0.200 ω=+0.026 ok=True iters=7
20:52:17 [INFO] [PROG] s*=3.93/5.32 (73.8%) dist_goal=1.32
20:52:17 [INFO] [MPC] state=(+3.11,+4.54,-0.05) wp0=(+3.18,+4.45) v=+0.200 ω=+0.023 ok=True iters=7
20:52:17 [INFO] [PROG] s*=3.95/5.32 (74.2%) dist_goal=1.30
20:52:17 [INFO] [MPC] state=(+3.13,+4.54,-0.04) wp0=(+3.20,+4.45) v=+0.200 ω=+0.054 ok=True iters=7
20:52:17 [INFO] [PROG] s*=3.97/5.32 (74.5%) dist_goal=1.28
20:52:17 [INFO] [MPC] state=(+3.15,+4.54,-0.04) wp0=(+3.22,+4.45) v=+0.200 ω=+0.051 ok=True iters=7
20:52:17 [INFO] [PROG] s*=3.99/5.32 (74.9%) dist_goal=1.26
20:52:17 [INFO] [MPC] state=(+3.17,+4.54,-0.03) wp0=(+3.24,+4.45) v=+0.200 ω=+0.033 ok=True iters=7
20:52:17 [INFO] [PROG] s*=4.01/5.32 (75.3%) dist_goal=1.24
20:52:17 [INFO] [MPC] state=(+3.19,+4.54,-0.03) wp0=(+3.26,+4.45) v=+0.200 ω=+0.030 ok=True iters=7
20:52:17 [INFO] [PROG] s*=4.03/5.32 (75.7%) dist_goal=1.22
20:52:17 [INFO] [MPC] state=(+3.21,+4.54,-0.03) wp0=(+3.28,+4.45) v=+0.200 ω=+0.026 ok=True iters=7
20:52:17 [INFO] [PROG] s*=4.05/5.32 (76.1%) dist_goal=1.20
20:52:17 [INFO] [MPC] state=(+3.23,+4.54,-0.02) wp0=(+3.30,+4.45) v=+0.200 ω=+0.027 ok=True iters=7
20:52:17 [INFO] [PROG] s*=4.07/5.32 (76.4%) dist_goal=1.18
20:52:17 [INFO] [MPC] state=(+3.25,+4.54,-0.02) wp0=(+3.32,+4.45) v=+0.200 ω=+0.060 ok=True iters=7
20:52:17 [INFO] [PROG] s*=4.09/5.32 (76.8%) dist_goal=1.16
20:52:17 [INFO] [MPC] state=(+3.27,+4.54,-0.01) wp0=(+3.34,+4.45) v=+0.200 ω=+0.063 ok=True iters=7
20:52:17 [INFO] [PROG] s*=4.11/5.32 (77.2%) dist_goal=1.14
20:52:17 [INFO] [MPC] state=(+3.29,+4.54,-0.01) wp0=(+3.36,+4.45) v=+0.200 ω=+0.035 ok=True iters=7
20:52:17 [INFO] [PROG] s*=4.13/5.32 (77.6%) dist_goal=1.12
20:52:17 [INFO] [MPC] state=(+3.31,+4.53,-0.00) wp0=(+3.38,+4.45) v=+0.200 ω=+0.035 ok=True iters=7
20:52:17 [INFO] [PROG] s*=4.15/5.32 (78.0%) dist_goal=1.10
20:52:17 [INFO] [MPC] state=(+3.33,+4.53,-0.00) wp0=(+3.40,+4.45) v=+0.200 ω=+0.043 ok=True iters=7
20:52:17 [INFO] [PROG] s*=4.17/5.32 (78.3%) dist_goal=1.08
20:52:17 [INFO] [MPC] state=(+3.35,+4.53,+0.00) wp0=(+3.42,+4.45) v=+0.200 ω=+0.058 ok=True iters=7
20:52:17 [INFO] [PROG] s*=4.19/5.32 (78.7%) dist_goal=1.06
20:52:17 [INFO] [MPC] state=(+3.37,+4.53,+0.01) wp0=(+3.44,+4.45) v=+0.200 ω=+0.060 ok=True iters=7
20:52:17 [INFO] [PROG] s*=4.21/5.32 (79.1%) dist_goal=1.04
20:52:17 [INFO] [MPC] state=(+3.39,+4.54,+0.02) wp0=(+3.46,+4.45) v=+0.200 ω=+0.045 ok=True iters=7
20:52:17 [INFO] [PROG] s*=4.23/5.32 (79.5%) dist_goal=1.02
20:52:17 [INFO] [MPC] state=(+3.41,+4.54,+0.02) wp0=(+3.48,+4.45) v=+0.200 ω=+0.054 ok=True iters=7
20:52:17 [INFO] [PROG] s*=4.25/5.32 (79.9%) dist_goal=1.00
20:52:17 [INFO] [MPC] state=(+3.43,+4.54,+0.03) wp0=(+3.50,+4.45) v=+0.200 ω=+0.060 ok=True iters=7
20:52:17 [INFO] [PROG] s*=4.27/5.32 (80.2%) dist_goal=0.98
20:52:17 [INFO] [MPC] state=(+3.45,+4.54,+0.03) wp0=(+3.52,+4.45) v=+0.200 ω=+0.035 ok=True iters=7
20:52:17 [INFO] [PROG] s*=4.29/5.32 (80.6%) dist_goal=0.96
20:52:17 [INFO] [MPC] state=(+3.47,+4.54,+0.03) wp0=(+3.54,+4.45) v=+0.200 ω=+0.018 ok=True iters=7
20:52:17 [INFO] [PROG] s*=4.31/5.32 (81.0%) dist_goal=0.94
20:52:17 [INFO] [MPC] state=(+3.49,+4.54,+0.04) wp0=(+3.56,+4.45) v=+0.200 ω=+0.011 ok=True iters=7
20:52:17 [INFO] [PROG] s*=4.33/5.32 (81.4%) dist_goal=0.92
20:52:17 [INFO] [MPC] state=(+3.51,+4.54,+0.04) wp0=(+3.58,+4.45) v=+0.200 ω=+0.076 ok=True iters=7
20:52:17 [INFO] [PROG] s*=4.35/5.32 (81.8%) dist_goal=0.90
20:52:17 [INFO] [MPC] state=(+3.53,+4.54,+0.04) wp0=(+3.60,+4.45) v=+0.200 ω=+0.041 ok=True iters=7
20:52:17 [INFO] [PROG] s*=4.37/5.32 (82.1%) dist_goal=0.88
20:52:17 [INFO] [MPC] state=(+3.55,+4.54,+0.05) wp0=(+3.62,+4.45) v=+0.200 ω=+0.017 ok=True iters=7
20:52:17 [INFO] [PROG] s*=4.39/5.32 (82.5%) dist_goal=0.86
20:52:17 [INFO] [MPC] state=(+3.57,+4.54,+0.05) wp0=(+3.64,+4.45) v=+0.200 ω=+0.084 ok=True iters=7
20:52:17 [INFO] [PROG] s*=4.41/5.32 (82.9%) dist_goal=0.84
20:52:17 [INFO] [MPC] state=(+3.59,+4.54,+0.06) wp0=(+3.66,+4.45) v=+0.200 ω=+0.050 ok=True iters=7
20:52:17 [INFO] [PROG] s*=4.43/5.32 (83.3%) dist_goal=0.82
20:52:17 [INFO] [MPC] state=(+3.61,+4.54,+0.06) wp0=(+3.68,+4.45) v=+0.200 ω=+0.021 ok=True iters=7
20:52:17 [INFO] [PROG] s*=4.45/5.32 (83.6%) dist_goal=0.80
20:52:17 [INFO] [MPC] state=(+3.63,+4.55,+0.06) wp0=(+3.70,+4.45) v=+0.200 ω=+0.004 ok=True iters=7
20:52:17 [INFO] [PROG] s*=4.47/5.32 (84.0%) dist_goal=0.78
20:52:17 [INFO] [MPC] state=(+3.65,+4.55,+0.07) wp0=(+3.72,+4.45) v=+0.200 ω=+0.032 ok=True iters=7
20:52:17 [INFO] [PROG] s*=4.49/5.32 (84.4%) dist_goal=0.76
20:52:17 [INFO] [MPC] state=(+3.67,+4.55,+0.07) wp0=(+3.74,+4.45) v=+0.195 ω=+0.008 ok=True iters=7
20:52:17 [INFO] [PROG] s*=4.51/5.32 (84.8%) dist_goal=0.74
20:52:17 [INFO] [MPC] state=(+3.69,+4.55,+0.07) wp0=(+3.76,+4.45) v=+0.190 ω=-0.009 ok=True iters=7
20:52:17 [INFO] [PROG] s*=4.53/5.32 (85.1%) dist_goal=0.72
20:52:17 [INFO] [MPC] state=(+3.71,+4.55,+0.07) wp0=(+3.78,+4.45) v=+0.185 ω=-0.019 ok=True iters=7
20:52:17 [INFO] [PROG] s*=4.55/5.32 (85.5%) dist_goal=0.70
20:52:17 [INFO] [MPC] state=(+3.73,+4.55,+0.07) wp0=(+3.80,+4.45) v=+0.180 ω=-0.024 ok=True iters=7
20:52:17 [INFO] [PROG] s*=4.57/5.32 (85.8%) dist_goal=0.69
20:52:17 [INFO] [MPC] state=(+3.75,+4.55,+0.07) wp0=(+3.81,+4.45) v=+0.176 ω=-0.017 ok=True iters=7
20:52:17 [INFO] [PROG] s*=4.58/5.32 (86.1%) dist_goal=0.67
20:52:17 [INFO] [MPC] state=(+3.76,+4.55,+0.06) wp0=(+3.83,+4.45) v=+0.171 ω=-0.022 ok=True iters=7
20:52:17 [INFO] [PROG] s*=4.60/5.32 (86.4%) dist_goal=0.65
20:52:17 [INFO] [MPC] state=(+3.78,+4.56,+0.06) wp0=(+3.85,+4.45) v=+0.167 ω=-0.024 ok=True iters=8
20:52:17 [INFO] [PROG] s*=4.62/5.32 (86.7%) dist_goal=0.63
20:52:17 [INFO] [MPC] state=(+3.80,+4.56,+0.06) wp0=(+3.87,+4.45) v=+0.163 ω=-0.025 ok=True iters=8
20:52:17 [INFO] [PROG] s*=4.63/5.32 (87.0%) dist_goal=0.62
20:52:17 [INFO] [MPC] state=(+3.82,+4.56,+0.06) wp0=(+3.88,+4.45) v=+0.159 ω=-0.025 ok=True iters=8
20:52:17 [INFO] [PROG] s*=4.65/5.32 (87.3%) dist_goal=0.60
20:52:17 [INFO] [MPC] state=(+3.83,+4.56,+0.06) wp0=(+3.90,+4.45) v=+0.155 ω=-0.024 ok=True iters=8
20:52:17 [INFO] [PROG] s*=4.67/5.32 (87.6%) dist_goal=0.59
20:52:17 [INFO] [MPC] state=(+3.85,+4.56,+0.05) wp0=(+3.91,+4.45) v=+0.151 ω=-0.023 ok=True iters=8
20:52:17 [INFO] [PROG] s*=4.68/5.32 (87.9%) dist_goal=0.57
20:52:17 [INFO] [MPC] state=(+3.86,+4.56,+0.05) wp0=(+3.93,+4.45) v=+0.147 ω=-0.022 ok=True iters=8
20:52:17 [INFO] [PROG] s*=4.69/5.32 (88.2%) dist_goal=0.56
20:52:17 [INFO] [MPC] state=(+3.88,+4.56,+0.05) wp0=(+3.94,+4.45) v=+0.143 ω=-0.037 ok=True iters=8
20:52:17 [INFO] [PROG] s*=4.71/5.32 (88.4%) dist_goal=0.54
20:52:17 [INFO] [MPC] state=(+3.89,+4.56,+0.05) wp0=(+3.96,+4.45) v=+0.140 ω=-0.029 ok=True iters=8
20:52:17 [INFO] [PROG] s*=4.72/5.32 (88.7%) dist_goal=0.53
20:52:17 [INFO] [MPC] state=(+3.91,+4.56,+0.04) wp0=(+3.97,+4.45) v=+0.136 ω=-0.022 ok=True iters=8
20:52:17 [INFO] [PROG] s*=4.74/5.32 (88.9%) dist_goal=0.52
20:52:17 [INFO] [MPC] state=(+3.92,+4.56,+0.04) wp0=(+3.98,+4.45) v=+0.133 ω=-0.013 ok=True iters=7
20:52:17 [INFO] [PROG] s*=4.75/5.32 (89.2%) dist_goal=0.50
20:52:17 [INFO] [MPC] state=(+3.93,+4.56,+0.04) wp0=(+4.00,+4.45) v=+0.129 ω=-0.008 ok=True iters=7
20:52:17 [INFO] [PROG] s*=4.76/5.32 (89.4%) dist_goal=0.49
20:52:17 [INFO] [MPC] state=(+3.95,+4.56,+0.04) wp0=(+4.01,+4.45) v=+0.126 ω=-0.004 ok=True iters=7
20:52:17 [INFO] [PROG] s*=4.77/5.32 (89.7%) dist_goal=0.48
20:52:17 [INFO] [MPC] state=(+3.96,+4.56,+0.04) wp0=(+4.02,+4.45) v=+0.123 ω=+0.000 ok=True iters=7
20:52:17 [INFO] [PROG] s*=4.79/5.32 (89.9%) dist_goal=0.47
20:52:17 [INFO] [MPC] state=(+3.97,+4.56,+0.04) wp0=(+4.03,+4.45) v=+0.120 ω=+0.003 ok=True iters=7
20:52:17 [INFO] [PROG] s*=4.80/5.32 (90.1%) dist_goal=0.46
20:52:17 [INFO] [MPC] state=(+3.98,+4.57,+0.04) wp0=(+4.04,+4.45) v=+0.117 ω=+0.004 ok=True iters=7
20:52:17 [INFO] [PROG] s*=4.81/5.32 (90.3%) dist_goal=0.44
20:52:17 [INFO] [MPC] state=(+3.99,+4.57,+0.04) wp0=(+4.06,+4.45) v=+0.114 ω=+0.006 ok=True iters=7
20:52:17 [INFO] [PROG] s*=4.82/5.32 (90.5%) dist_goal=0.43
20:52:17 [INFO] [MPC] state=(+4.01,+4.57,+0.04) wp0=(+4.07,+4.45) v=+0.111 ω=+0.007 ok=True iters=7
20:52:17 [INFO] [PROG] s*=4.83/5.32 (90.7%) dist_goal=0.42
20:52:17 [INFO] [MPC] state=(+4.02,+4.57,+0.04) wp0=(+4.08,+4.45) v=+0.108 ω=+0.008 ok=True iters=7
20:52:17 [INFO] [PROG] s*=4.84/5.32 (90.9%) dist_goal=0.41
20:52:17 [INFO] [MPC] state=(+4.03,+4.57,+0.04) wp0=(+4.09,+4.45) v=+0.106 ω=+0.008 ok=True iters=7
20:52:17 [INFO] [PROG] s*=4.85/5.32 (91.1%) dist_goal=0.40
20:52:17 [INFO] [MPC] state=(+4.04,+4.57,+0.04) wp0=(+4.10,+4.45) v=+0.103 ω=+0.008 ok=True iters=7
20:52:17 [INFO] [PROG] s*=4.86/5.32 (91.3%) dist_goal=0.39
20:52:17 [INFO] [MPC] state=(+4.05,+4.57,+0.05) wp0=(+4.11,+4.45) v=+0.100 ω=+0.003 ok=True iters=7
20:52:17 [INFO] [PROG] s*=4.87/5.32 (91.5%) dist_goal=0.38
20:52:17 [INFO] [MPC] state=(+4.06,+4.57,+0.05) wp0=(+4.12,+4.45) v=+0.098 ω=-0.002 ok=True iters=7
20:52:17 [INFO] [PROG] s*=4.88/5.32 (91.7%) dist_goal=0.37
20:52:17 [INFO] [MPC] state=(+4.07,+4.57,+0.05) wp0=(+4.13,+4.45) v=+0.095 ω=-0.005 ok=True iters=7
20:52:17 [INFO] [PROG] s*=4.89/5.32 (91.9%) dist_goal=0.36
20:52:17 [INFO] [MPC] state=(+4.08,+4.57,+0.05) wp0=(+4.14,+4.45) v=+0.093 ω=-0.007 ok=True iters=7
20:52:17 [INFO] [PROG] s*=4.90/5.32 (92.0%) dist_goal=0.35
20:52:17 [INFO] [MPC] state=(+4.09,+4.57,+0.05) wp0=(+4.15,+4.45) v=+0.091 ω=-0.008 ok=True iters=7
20:52:17 [INFO] [PROG] s*=4.91/5.32 (92.2%) dist_goal=0.34
20:52:17 [INFO] [MPC] state=(+4.10,+4.57,+0.05) wp0=(+4.16,+4.45) v=+0.088 ω=-0.009 ok=True iters=7
20:52:17 [INFO] [PROG] s*=4.92/5.32 (92.4%) dist_goal=0.34
20:52:17 [INFO] [MPC] state=(+4.11,+4.57,+0.04) wp0=(+4.16,+4.45) v=+0.086 ω=-0.010 ok=True iters=7
20:52:17 [INFO] [PROG] s*=4.93/5.32 (92.5%) dist_goal=0.33
20:52:17 [INFO] [MPC] state=(+4.11,+4.57,+0.04) wp0=(+4.17,+4.45) v=+0.084 ω=-0.010 ok=True iters=7
20:52:17 [INFO] [PROG] s*=4.93/5.32 (92.7%) dist_goal=0.32
20:52:17 [INFO] [MPC] state=(+4.12,+4.57,+0.04) wp0=(+4.18,+4.45) v=+0.082 ω=-0.010 ok=True iters=7
20:52:17 [INFO] [PROG] s*=4.94/5.32 (92.8%) dist_goal=0.31
20:52:17 [INFO] [MPC] state=(+4.13,+4.57,+0.04) wp0=(+4.19,+4.45) v=+0.080 ω=-0.010 ok=True iters=7
20:52:17 [INFO] [PROG] s*=4.95/5.32 (93.0%) dist_goal=0.30
20:52:17 [INFO] [MPC] state=(+4.14,+4.57,+0.04) wp0=(+4.20,+4.45) v=+0.078 ω=-0.009 ok=True iters=7
20:52:17 [INFO] [PROG] s*=4.96/5.32 (93.1%) dist_goal=0.30
20:52:17 [INFO] [MPC] state=(+4.15,+4.57,+0.04) wp0=(+4.20,+4.45) v=+0.076 ω=-0.009 ok=True iters=7
20:52:17 [INFO] [PROG] s*=4.96/5.32 (93.2%) dist_goal=0.29
20:52:17 [INFO] [MPC] state=(+4.15,+4.57,+0.04) wp0=(+4.21,+4.45) v=+0.074 ω=-0.009 ok=True iters=7
20:52:17 [INFO] [PROG] s*=4.97/5.32 (93.4%) dist_goal=0.28
20:52:17 [INFO] [MPC] state=(+4.16,+4.57,+0.04) wp0=(+4.22,+4.45) v=+0.072 ω=-0.009 ok=True iters=7
20:52:17 [INFO] [PROG] s*=4.98/5.32 (93.5%) dist_goal=0.28
20:52:17 [INFO] [MPC] state=(+4.17,+4.57,+0.04) wp0=(+4.23,+4.45) v=+0.071 ω=-0.009 ok=True iters=7
20:52:17 [INFO] [PROG] s*=4.99/5.32 (93.6%) dist_goal=0.27
20:52:17 [INFO] [MPC] state=(+4.18,+4.57,+0.04) wp0=(+4.23,+4.45) v=+0.069 ω=-0.009 ok=True iters=7
20:52:17 [INFO] [PROG] s*=4.99/5.32 (93.8%) dist_goal=0.26
20:52:17 [INFO] [MPC] state=(+4.18,+4.57,+0.04) wp0=(+4.24,+4.45) v=+0.067 ω=-0.009 ok=True iters=7
20:52:17 [INFO] [PROG] s*=5.00/5.32 (93.9%) dist_goal=0.26
20:52:17 [INFO] [MPC] state=(+4.19,+4.57,+0.04) wp0=(+4.25,+4.45) v=+0.065 ω=-0.009 ok=True iters=7
20:52:17 [INFO] [PROG] s*=5.00/5.32 (94.0%) dist_goal=0.25
20:52:17 [INFO] [MPC] state=(+4.20,+4.57,+0.04) wp0=(+4.25,+4.45) v=+0.064 ω=-0.009 ok=True iters=7
20:52:17 [INFO] [PROG] s*=5.01/5.32 (94.1%) dist_goal=0.24
20:52:17 [INFO] [MPC] state=(+4.20,+4.57,+0.04) wp0=(+4.26,+4.45) v=+0.062 ω=-0.009 ok=True iters=8
20:52:17 [INFO] [PROG] s*=5.02/5.32 (94.2%) dist_goal=0.24
20:52:17 [INFO] [MPC] state=(+4.21,+4.57,+0.04) wp0=(+4.26,+4.45) v=+0.061 ω=-0.009 ok=True iters=8
20:52:17 [INFO] [PROG] s*=5.02/5.32 (94.3%) dist_goal=0.23
20:52:17 [INFO] [MPC] state=(+4.21,+4.58,+0.03) wp0=(+4.27,+4.45) v=+0.059 ω=-0.009 ok=True iters=8
20:52:17 [INFO] [PROG] s*=5.03/5.32 (94.4%) dist_goal=0.23
20:52:17 [INFO] [MPC] state=(+4.22,+4.58,+0.03) wp0=(+4.28,+4.45) v=+0.058 ω=-0.009 ok=True iters=8
20:52:17 [INFO] [PROG] s*=5.03/5.32 (94.6%) dist_goal=0.22
20:52:17 [INFO] [MPC] state=(+4.23,+4.58,+0.03) wp0=(+4.28,+4.45) v=+0.056 ω=-0.009 ok=True iters=8
20:52:17 [INFO] [PROG] s*=5.04/5.32 (94.7%) dist_goal=0.21
20:52:17 [INFO] [MPC] state=(+4.23,+4.58,+0.03) wp0=(+4.29,+4.45) v=+0.055 ω=+0.105 ok=True iters=8
20:52:17 [INFO] [PROG] s*=5.04/5.32 (94.7%) dist_goal=0.21
20:52:17 [INFO] [MPC] state=(+4.24,+4.58,+0.04) wp0=(+4.29,+4.45) v=+0.054 ω=+0.381 ok=True iters=8
20:52:17 [INFO] [PROG] s*=5.05/5.32 (94.8%) dist_goal=0.21
20:52:17 [INFO] [MPC] state=(+4.24,+4.58,+0.08) wp0=(+4.30,+4.45) v=+0.053 ω=+0.590 ok=True iters=9
20:52:17 [INFO] [PROG] s*=5.05/5.32 (94.9%) dist_goal=0.20
20:52:17 [INFO] [MPC] state=(+4.25,+4.58,+0.14) wp0=(+4.30,+4.45) v=+0.051 ω=+0.692 ok=True iters=9
20:52:17 [INFO] [PROG] s*=5.06/5.32 (95.0%) dist_goal=0.20
20:52:17 [INFO] [MPC] state=(+4.25,+4.58,+0.21) wp0=(+4.31,+4.45) v=+0.050 ω=+0.802 ok=True iters=9
20:52:17 [INFO] [PROG] s*=5.06/5.32 (95.1%) dist_goal=0.19
20:52:17 [INFO] [MPC] state=(+4.26,+4.58,+0.29) wp0=(+4.31,+4.45) v=+0.049 ω=+0.853 ok=True iters=11
20:52:18 [INFO] [PROG] s*=5.07/5.32 (95.1%) dist_goal=0.19
20:52:18 [INFO] [MPC] state=(+4.26,+4.58,+0.38) wp0=(+4.31,+4.45) v=+0.048 ω=+0.847 ok=True iters=11
20:52:18 [INFO] [PROG] s*=5.07/5.32 (95.2%) dist_goal=0.19
20:52:18 [INFO] [MPC] state=(+4.26,+4.58,+0.47) wp0=(+4.32,+4.45) v=+0.048 ω=+0.643 ok=True iters=11
20:52:18 [INFO] [PROG] s*=5.07/5.32 (95.3%) dist_goal=0.18
20:52:18 [INFO] [MPC] state=(+4.27,+4.58,+0.53) wp0=(+4.32,+4.45) v=+0.047 ω=+0.479 ok=True iters=12
20:52:18 [INFO] [PROG] s*=5.08/5.32 (95.3%) dist_goal=0.18
20:52:18 [INFO] [MPC] state=(+4.27,+4.59,+0.58) wp0=(+4.32,+4.45) v=+0.046 ω=+0.378 ok=True iters=11
20:52:18 [INFO] [PROG] s*=5.08/5.32 (95.4%) dist_goal=0.18
20:52:18 [INFO] [MPC] state=(+4.27,+4.59,+0.62) wp0=(+4.33,+4.45) v=+0.045 ω=+0.316 ok=True iters=11
20:52:18 [INFO] [PROG] s*=5.08/5.32 (95.5%) dist_goal=0.18
20:52:18 [INFO] [MPC] state=(+4.28,+4.59,+0.65) wp0=(+4.33,+4.45) v=+0.045 ω=+0.278 ok=True iters=12
20:52:18 [INFO] [PROG] s*=5.09/5.32 (95.5%) dist_goal=0.17
20:52:18 [INFO] [MPC] state=(+4.28,+4.59,+0.68) wp0=(+4.33,+4.45) v=+0.044 ω=+0.253 ok=True iters=10
20:52:18 [INFO] [PROG] s*=5.09/5.32 (95.6%) dist_goal=0.17
20:52:18 [INFO] [MPC] state=(+4.28,+4.60,+0.71) wp0=(+4.34,+4.45) v=+0.043 ω=+0.223 ok=True iters=10
20:52:18 [INFO] [PROG] s*=5.22/5.32 (98.0%) dist_goal=0.17
20:52:18 [INFO] [MPC] state=(+4.29,+4.60,+0.73) wp0=(+4.43,+4.53) v=+0.043 ω=+0.145 ok=True iters=10
20:52:18 [ERROR] Error in step()
Traceback (most recent call last):
  File "/home/max/thesis_proj/pybullet2/crowdnav/env.py", line 712, in step
    theta_ref = _make_theta_ref(path_xy, self._theta_ref_prev, k_strong=3, alpha=0.25)
  File "/home/max/thesis_proj/pybullet2/crowdnav/env.py", line 97, in _make_theta_ref
    if theta_prev is not None and len(theta_prev) == len(ref):
UnboundLocalError: local variable 'ref' referenced before assignment
