21:38:53 [INFO] === New MPC Session Started ===
21:38:53 [DEBUG] matplotlib data path: /usr/share/matplotlib/mpl-data
21:38:53 [DEBUG] CONFIGDIR=/home/max/.config/matplotlib
21:38:53 [DEBUG] interactive is False
21:38:53 [DEBUG] platform is linux
21:38:53 [DEBUG] loaded modules: ['sys', 'builtins', '_frozen_importlib', '_imp', '_thread', '_warnings', '_weakref', '_io', 'marshal', 'posix', '_frozen_importlib_external', 'time', 'zipimport', '_codecs', 'codecs', 'encodings.aliases', 'encodings', 'encodings.utf_8', '_signal', '_abc', 'abc', 'io', '__main__', '_stat', 'stat', '_collections_abc', 'genericpath', 'posixpath', 'os.path', 'os', '_sitebuiltins', 'types', 'importlib._bootstrap', 'importlib._bootstrap_external', 'warnings', 'importlib', 'importlib._abc', 'itertools', 'keyword', '_operator', 'operator', 'reprlib', '_collections', 'collections', '_functools', 'functools', 'contextlib', 'importlib.util', 'importlib.machinery', 'mpl_toolkits', 'phply', 'ruamel', 'zope', 'apport_python_hook', 'sitecustomize', 'site', 'crowdnav', 'crowdnav.env', 'gym.error', 'gym.version', 'collections.abc', 'enum', '_sre', 'sre_constants', 'sre_parse', 'sre_compile', '_locale', 'copyreg', 're', 'typing.io', 'typing.re', 'typing', 'numpy._utils._convertions', 'numpy._utils', 'numpy._globals', 'numpy.exceptions', 'numpy.version', 'numpy._distributor_init', 'numpy._utils._inspect', 'math', '_datetime', 'datetime', 'numpy.core._exceptions', 'numpy.dtypes', 'numpy.core._multiarray_umath', 'numpy.core.overrides', 'numpy.core.multiarray', 'numpy.core.umath', 'numbers', 'numpy.core._string_helpers', 'fnmatch', 'ntpath', 'errno', 'urllib', 'ipaddress', 'urllib.parse', 'pathlib', '_struct', 'struct', '_compat_pickle', '_pickle', 'pickle', 'numpy.compat.py3k', 'numpy.compat', 'numpy.core._dtype', 'numpy.core._type_aliases', 'numpy.core.numerictypes', '_contextvars', 'contextvars', 'numpy.core._ufunc_config', 'numpy.core._methods', 'numpy.core.fromnumeric', 'numpy.core.shape_base', 'numpy.core.arrayprint', 'numpy.core._asarray', 'numpy.core.numeric', 'numpy.core.defchararray', 'numpy.core.records', 'numpy.core.memmap', 'numpy.core.function_base', 'numpy.core._machar', 'numpy.core.getlimits', 'numpy.core.einsumfunc', 'numpy.core._multiarray_tests', 'numpy.core._add_newdocs', 'numpy.core._add_newdocs_scalars', 'numpy.core._dtype_ctypes', '_ast', 'ast', '_ctypes', 'ctypes._endian', 'ctypes', 'numpy.core._internal', 'numpy._pytesttester', 'numpy.core', 'numpy.__config__', 'numpy.lib.mixins', 'numpy.lib.ufunclike', 'numpy.lib.type_check', 'numpy.lib.scimath', 'numpy.lib.stride_tricks', 'numpy.lib.twodim_base', 'numpy.linalg._umath_linalg', '__future__', 'numpy._typing._nested_sequence', 'numpy._typing._nbit', 'numpy._typing._char_codes', 'numpy._typing._scalars', 'numpy._typing._shape', 'numpy._typing._dtype_like', 'numpy._typing._array_like', 'numpy._typing', 'numpy.linalg.linalg', 'numpy.linalg', 'numpy.matrixlib.defmatrix', 'numpy.matrixlib', 'numpy.lib.histograms', 'numpy.lib.function_base', 'numpy.lib.index_tricks', 'numpy.lib.nanfunctions', 'numpy.lib.shape_base', 'numpy.lib.polynomial', 'textwrap', 'signal', '_weakrefset', 'threading', 'fcntl', '_posixsubprocess', 'select', 'selectors', 'subprocess', 'platform', 'numpy.lib.utils', 'numpy.lib.arraysetops', 'weakref', 'numpy.lib.format', 'numpy.lib._datasource', 'numpy.lib._iotools', 'numpy.lib.npyio', 'numpy.lib.arrayterator', 'numpy.lib.arraypad', 'numpy.lib._version', 'numpy.lib', 'numpy.fft._pocketfft_internal', 'numpy.fft._pocketfft', 'numpy.fft.helper', 'numpy.fft', 'numpy.polynomial.polyutils', 'numpy.polynomial._polybase', 'numpy.polynomial.polynomial', 'numpy.polynomial.chebyshev', 'numpy.polynomial.legendre', 'numpy.polynomial.hermite', 'numpy.polynomial.hermite_e', 'numpy.polynomial.laguerre', 'numpy.polynomial', 'cython_runtime', '_cython_3_0_8', 'numpy.random._common', 'binascii', 'base64', '_hashlib', '_blake2', 'hashlib', 'hmac', '_bisect', 'bisect', '_random', '_sha512', 'random', 'secrets', 'numpy.random.bit_generator', 'numpy.random._bounded_integers', 'numpy.random._mt19937', 'numpy.random.mtrand', 'numpy.random._philox', 'numpy.random._pcg64', 'numpy.random._sfc64', 'numpy.random._generator', 'numpy.random._pickle', 'numpy.random', 'numpy.ctypeslib', '_opcode', 'opcode', 'dis', 'token', 'tokenize', 'linecache', 'inspect', 'numpy.ma.core', 'numpy.ma.extras', 'numpy.ma', 'numpy', 'gym.utils.colorize', 'gym.utils.ezpickle', 'gym.utils', 'gym.logger', 'gym.utils.seeding', 'gym.spaces.space', 'gym.spaces.box', 'gym.spaces.dict', 'gym.spaces.discrete', 'gym.spaces.multi_discrete', 'gym.spaces.graph', 'gym.spaces.multi_binary', 'gym.spaces.sequence', 'gym.spaces.text', 'gym.spaces.tuple', 'gym.spaces.utils', 'gym.spaces', 'gym.core', 'copy', '_heapq', 'heapq', 'difflib', 'dataclasses', 'cv2.load_config_py3', 'cv2.version', 'numpy._core', 'numpy._core._multiarray_umath', 'cv2.gapi.core', 'cv2.gapi.core.cpu', 'cv2.gapi.core.fluid', 'cv2.gapi.core.ocl', 'cv2.gapi.ie', 'cv2.gapi.ie.detail', 'cv2.gapi.imgproc', 'cv2.gapi.imgproc.fluid', 'cv2.gapi.oak', 'cv2.gapi.onnx', 'cv2.gapi.onnx.ep', 'cv2.gapi.ot', 'cv2.gapi.ot.cpu', 'cv2.gapi.ov', 'cv2.gapi.own', 'cv2.gapi.own.detail', 'cv2.gapi.render', 'cv2.gapi.render.ocv', 'cv2.gapi.streaming', 'cv2.gapi.video', 'cv2.gapi.wip', 'cv2.gapi.wip.draw', 'cv2.gapi.wip.gst', 'cv2.gapi.wip.onevpl', 'cv2.utils.fs', 'cv2.utils.nested', 'cv2.gapi', 'cv2.ogl', 'cv2.data', 'cv2.detail', 'cv2.flann', 'cv2.ml', 'cv2.aruco', 'cv2.qt', 'cv2.utils', 'cv2.typing', 'cv2.samples', 'cv2.barcode', 'cv2.segmentation', 'cv2.ocl', 'cv2.cuda', 'cv2.parallel', 'cv2.dnn', 'cv2.Error', 'cv2.videoio_registry', 'cv2.ipp', 'cv2.fisheye', 'cv2.misc.version', 'cv2.misc', 'cv2.mat_wrapper', 'cv2', 'gym.wrappers.atari_preprocessing', 'gym.wrappers.autoreset', 'gym.wrappers.clip_action', 'gym.wrappers.filter_observation', 'gym.wrappers.flatten_observation', 'gym.wrappers.frame_stack', 'gym.wrappers.gray_scale_observation', 'gym.wrappers.human_rendering', 'gym.wrappers.normalize', 'gym.wrappers.order_enforcing', 'gym.wrappers.record_episode_statistics', 'gym.wrappers.monitoring', '_json', 'json.scanner', 'json.decoder', 'json.encoder', 'json', 'zlib', '_compression', '_bz2', 'bz2', '_lzma', 'lzma', 'shutil', 'tempfile', 'gym.wrappers.monitoring.video_recorder', 'gym.wrappers.record_video', 'gym.wrappers.render_collection', 'gym.wrappers.rescale_action', 'gym.wrappers.resize_observation', 'gym.utils.step_api_compatibility', 'gym.wrappers.step_api_compatibility', 'gym.wrappers.time_aware_observation', 'gym.wrappers.time_limit', 'gym.wrappers.transform_observation', 'gym.wrappers.transform_reward', 'gym.wrappers.vector_list_info', 'gym.wrappers', 'gym.wrappers.compatibility', 'gym.utils.passive_env_checker', 'gym.wrappers.env_checker', '_csv', 'csv', 'email', 'zipfile', 'uu', 'quopri', '_socket', 'array', 'socket', 'locale', 'calendar', 'email._parseaddr', 'email.base64mime', '_string', 'string', 'email.quoprimime', 'email.errors', 'email.encoders', 'email.charset', 'email.utils', 'email.header', 'email._policybase', 'email._encoded_words', 'email.iterators', 'email.message', 'importlib.metadata._functools', 'importlib.metadata._text', 'importlib.metadata._adapters', 'importlib.metadata._meta', 'importlib.metadata._collections', 'importlib.metadata._itertools', 'importlib.abc', 'importlib.metadata', 'gym.envs.registration', 'gym.envs', 'multiprocessing.process', 'multiprocessing.reduction', 'multiprocessing.context', '__mp_main__', 'multiprocessing', 'gym.vector.utils.misc', 'gym.vector.utils.numpy_utils', 'gym.vector.utils.shared_memory', 'gym.vector.utils.spaces', 'gym.vector.utils', 'gym.vector.vector_env', 'gym.vector.async_vector_env', 'gym.vector.sync_vector_env', 'gym.vector', 'gym_notices', 'gym_notices.notices', 'gym', 'pybullet', 'pybullet_data', 'traceback', 'atexit', 'logging', 'crowdnav.logger_setup', 'crowdnav.config', 'crowdnav.kinematics', 'crowdnav.dynamics', 'crowdnav.sensors', 'crowdnav.control', 'crowdnav.control.align', 'crowdnav.control.track', 'crowdnav.planning', 'swig_runtime_data4', 'casadi._casadi', 'casadi.casadi', 'casadi', 'crowdnav.planning.mpc_runner', 'crowdnav.planning.path_mgr', 'crowdnav.utils2', 'crowdnav.utils2.coord', 'crowdnav.planning.path_math', 'crowdnav.utils', 'matplotlib', 'pprint', 'packaging.__about__', 'packaging', 'packaging._structures', 'packaging.version', 'matplotlib._api.deprecation', 'matplotlib._api', 'matplotlib._version', 'gzip', 'shlex', 'matplotlib._c_internal_utils', 'matplotlib.cbook', 'matplotlib.docstring', 'PIL._version', 'PIL', 'PIL.ImageMode', 'PIL.TiffTags', 'PIL._binary', 'PIL._util', 'PIL._imaging', 'PIL.Image', 'PIL.ImageChops', 'PIL.ImageFile', 'PIL.GimpGradientFile', 'PIL.GimpPaletteFile', 'PIL.ImageColor', 'PIL.PaletteFile', 'PIL.ImagePalette', 'PIL.ImageSequence', 'PIL.PngImagePlugin', 'matplotlib._path', 'matplotlib.bezier', 'matplotlib.path', 'matplotlib.transforms', 'matplotlib.ticker', 'matplotlib.scale', 'matplotlib._color_data', 'matplotlib.colors', 'pyparsing', 'matplotlib.fontconfig_pattern', 'matplotlib._enums', 'cycler', 'matplotlib.rcsetup', 'matplotlib.ft2font', 'dateutil._version', 'dateutil', 'kiwisolver']
21:38:53 [DEBUG] CACHEDIR=/home/max/.cache/matplotlib
21:38:53 [DEBUG] Using fontManager instance from /home/max/.cache/matplotlib/fontlist-v330.json
21:38:53 [DEBUG] Loaded backend TkAgg version unknown.
21:38:53 [INFO] CrowdNavPyBulletEnv initializing...
21:38:57 [INFO] World ready | grid: (112, 112), res: 0.1, N=10, T=0.1
21:38:58 [INFO] [PROG] s*=0.00/2.97 (0.0%) dist_goal=2.73
21:38:58 [INFO] [MPC] state=(-4.25,-3.85,-0.63) wp0=(-4.25,-3.93) v=+0.200 ω=-2.400 ok=True iters=9
21:38:58 [INFO] [PROG] s*=0.00/2.97 (0.0%) dist_goal=2.73
21:38:58 [INFO] [MPC] state=(-4.24,-3.86,-0.72) wp0=(-4.25,-3.93) v=+0.200 ω=-2.400 ok=True iters=10
21:38:58 [INFO] [PROG] s*=0.00/2.97 (0.0%) dist_goal=2.72
21:38:58 [INFO] [MPC] state=(-4.23,-3.87,-0.85) wp0=(-4.25,-3.93) v=+0.200 ω=-1.774 ok=True iters=11
21:38:58 [INFO] [PROG] s*=0.01/2.97 (0.4%) dist_goal=2.70
21:38:58 [INFO] [MPC] state=(-4.22,-3.88,-0.94) wp0=(-4.25,-3.94) v=+0.200 ω=-1.041 ok=True iters=8
21:38:58 [INFO] [PROG] s*=0.12/2.97 (3.9%) dist_goal=2.69
21:38:58 [INFO] [MPC] state=(-4.21,-3.89,-1.00) wp0=(-4.15,-3.95) v=+0.200 ω=-0.192 ok=True iters=8
21:38:58 [INFO] [PROG] s*=0.13/2.97 (4.3%) dist_goal=2.68
21:38:58 [INFO] [MPC] state=(-4.20,-3.91,-1.01) wp0=(-4.14,-3.95) v=+0.200 ω=+0.445 ok=True iters=7
21:38:58 [INFO] [PROG] s*=0.14/2.97 (4.6%) dist_goal=2.66
21:38:58 [INFO] [MPC] state=(-4.19,-3.92,-0.99) wp0=(-4.13,-3.95) v=+0.200 ω=+0.659 ok=True iters=7
21:38:58 [INFO] [PROG] s*=0.15/2.97 (4.9%) dist_goal=2.65
21:38:58 [INFO] [MPC] state=(-4.18,-3.94,-0.95) wp0=(-4.12,-3.95) v=+0.200 ω=+1.099 ok=True iters=7
21:38:58 [INFO] [PROG] s*=0.16/2.97 (5.3%) dist_goal=2.64
21:38:58 [INFO] [MPC] state=(-4.17,-3.95,-0.89) wp0=(-4.11,-3.95) v=+0.200 ω=+0.728 ok=True iters=7
21:38:58 [INFO] [PROG] s*=0.17/2.97 (5.7%) dist_goal=2.63
21:38:58 [INFO] [MPC] state=(-4.16,-3.96,-0.85) wp0=(-4.10,-3.95) v=+0.200 ω=+1.170 ok=True iters=7
21:38:58 [INFO] [PROG] s*=0.18/2.97 (6.1%) dist_goal=2.61
21:38:58 [INFO] [MPC] state=(-4.15,-3.98,-0.78) wp0=(-4.09,-3.95) v=+0.200 ω=+0.701 ok=True iters=7
21:38:58 [INFO] [PROG] s*=0.19/2.97 (6.5%) dist_goal=2.60
21:38:58 [INFO] [MPC] state=(-4.14,-3.99,-0.74) wp0=(-4.08,-3.95) v=+0.200 ω=+1.216 ok=True iters=7
21:38:58 [INFO] [PROG] s*=0.21/2.97 (6.9%) dist_goal=2.59
21:38:58 [INFO] [MPC] state=(-4.13,-4.00,-0.67) wp0=(-4.06,-3.95) v=+0.200 ω=+1.125 ok=True iters=7
21:38:58 [INFO] [PROG] s*=0.22/2.97 (7.4%) dist_goal=2.57
21:38:58 [INFO] [MPC] state=(-4.11,-4.01,-0.61) wp0=(-4.05,-3.95) v=+0.200 ω=+1.099 ok=True iters=7
21:38:58 [INFO] [PROG] s*=0.23/2.97 (7.9%) dist_goal=2.56
21:38:58 [INFO] [MPC] state=(-4.10,-4.02,-0.55) wp0=(-4.04,-3.95) v=+0.200 ω=+0.994 ok=True iters=7
21:38:58 [INFO] [PROG] s*=0.25/2.97 (8.4%) dist_goal=2.54
21:38:58 [INFO] [MPC] state=(-4.09,-4.02,-0.49) wp0=(-4.02,-3.95) v=+0.200 ω=+0.971 ok=True iters=7
21:38:58 [INFO] [PROG] s*=0.26/2.97 (8.9%) dist_goal=2.53
21:38:58 [INFO] [MPC] state=(-4.07,-4.03,-0.44) wp0=(-4.01,-3.95) v=+0.200 ω=+0.943 ok=True iters=7
21:38:58 [INFO] [PROG] s*=0.28/2.97 (9.4%) dist_goal=2.51
21:38:58 [INFO] [MPC] state=(-4.06,-4.04,-0.39) wp0=(-3.99,-3.95) v=+0.200 ω=+0.822 ok=True iters=7
21:38:58 [INFO] [PROG] s*=0.29/2.97 (9.9%) dist_goal=2.49
21:38:58 [INFO] [MPC] state=(-4.04,-4.04,-0.34) wp0=(-3.98,-3.95) v=+0.200 ω=+1.110 ok=True iters=7
21:38:58 [INFO] [PROG] s*=0.31/2.97 (10.4%) dist_goal=2.48
21:38:58 [INFO] [MPC] state=(-4.03,-4.05,-0.28) wp0=(-3.96,-3.95) v=+0.200 ω=+1.492 ok=True iters=7
21:38:58 [INFO] [PROG] s*=0.32/2.97 (10.9%) dist_goal=2.47
21:38:58 [INFO] [MPC] state=(-4.01,-4.05,-0.20) wp0=(-3.95,-3.95) v=+0.200 ω=+1.197 ok=True iters=7
21:38:58 [INFO] [PROG] s*=0.34/2.97 (11.3%) dist_goal=2.45
21:38:58 [INFO] [MPC] state=(-4.00,-4.06,-0.13) wp0=(-3.93,-3.95) v=+0.200 ω=+1.371 ok=True iters=7
21:38:58 [INFO] [PROG] s*=0.35/2.97 (11.8%) dist_goal=2.44
21:38:58 [INFO] [MPC] state=(-3.98,-4.06,-0.06) wp0=(-3.92,-3.95) v=+0.200 ω=+1.082 ok=True iters=7
21:38:58 [INFO] [PROG] s*=0.37/2.97 (12.4%) dist_goal=2.42
21:38:58 [INFO] [MPC] state=(-3.97,-4.06,-0.00) wp0=(-3.90,-3.95) v=+0.200 ω=+0.784 ok=True iters=7
21:38:58 [INFO] [PROG] s*=0.39/2.97 (13.0%) dist_goal=2.40
21:38:58 [INFO] [MPC] state=(-3.95,-4.06,+0.04) wp0=(-3.88,-3.95) v=+0.200 ω=+0.685 ok=True iters=7
21:38:58 [INFO] [PROG] s*=0.40/2.97 (13.6%) dist_goal=2.38
21:38:58 [INFO] [MPC] state=(-3.93,-4.06,+0.07) wp0=(-3.87,-3.95) v=+0.200 ω=+0.449 ok=True iters=7
21:38:58 [INFO] [PROG] s*=0.42/2.97 (14.3%) dist_goal=2.36
21:38:58 [INFO] [MPC] state=(-3.92,-4.05,+0.10) wp0=(-3.85,-3.95) v=+0.200 ω=-0.109 ok=True iters=7
21:38:58 [INFO] [PROG] s*=0.44/2.97 (15.0%) dist_goal=2.35
21:38:58 [INFO] [MPC] state=(-3.90,-4.05,+0.09) wp0=(-3.83,-3.95) v=+0.200 ω=-0.119 ok=True iters=7
21:38:58 [INFO] [PROG] s*=0.46/2.97 (15.7%) dist_goal=2.33
21:38:58 [INFO] [MPC] state=(-3.88,-4.05,+0.08) wp0=(-3.81,-3.95) v=+0.200 ω=-0.122 ok=True iters=7
21:38:58 [INFO] [PROG] s*=0.48/2.97 (16.3%) dist_goal=2.31
21:38:58 [INFO] [MPC] state=(-3.86,-4.05,+0.07) wp0=(-3.79,-3.95) v=+0.200 ω=-0.120 ok=True iters=7
21:38:58 [INFO] [PROG] s*=0.50/2.97 (17.0%) dist_goal=2.29
21:38:58 [INFO] [MPC] state=(-3.84,-4.05,+0.06) wp0=(-3.77,-3.95) v=+0.200 ω=-0.115 ok=True iters=7
21:38:58 [INFO] [PROG] s*=0.53/2.97 (17.7%) dist_goal=2.27
21:38:58 [INFO] [MPC] state=(-3.82,-4.05,+0.05) wp0=(-3.74,-3.95) v=+0.200 ω=-0.108 ok=True iters=7
21:38:58 [INFO] [PROG] s*=0.54/2.97 (18.4%) dist_goal=2.25
21:38:58 [INFO] [MPC] state=(-3.79,-4.05,+0.04) wp0=(-3.73,-3.95) v=+0.200 ω=-0.385 ok=True iters=7
21:38:58 [INFO] [PROG] s*=0.56/2.97 (19.0%) dist_goal=2.23
21:38:58 [INFO] [MPC] state=(-3.78,-4.05,+0.01) wp0=(-3.71,-3.95) v=+0.200 ω=-0.334 ok=True iters=7
21:38:58 [INFO] [PROG] s*=0.58/2.97 (19.7%) dist_goal=2.21
21:38:58 [INFO] [MPC] state=(-3.76,-4.05,-0.02) wp0=(-3.69,-3.95) v=+0.200 ω=-0.271 ok=True iters=7
21:38:58 [INFO] [PROG] s*=0.60/2.97 (20.3%) dist_goal=2.19
21:38:58 [INFO] [MPC] state=(-3.74,-4.05,-0.03) wp0=(-3.67,-3.95) v=+0.200 ω=-0.219 ok=True iters=7
21:38:58 [INFO] [PROG] s*=0.62/2.97 (21.0%) dist_goal=2.17
21:38:58 [INFO] [MPC] state=(-3.72,-4.05,-0.05) wp0=(-3.65,-3.95) v=+0.200 ω=+0.443 ok=True iters=7
21:38:58 [INFO] [PROG] s*=0.64/2.97 (21.6%) dist_goal=2.15
21:38:58 [INFO] [MPC] state=(-3.70,-4.05,-0.03) wp0=(-3.63,-3.95) v=+0.200 ω=+0.401 ok=True iters=7
21:38:58 [INFO] [PROG] s*=0.66/2.97 (22.2%) dist_goal=2.13
21:38:58 [INFO] [MPC] state=(-3.68,-4.05,-0.01) wp0=(-3.61,-3.95) v=+0.200 ω=+0.188 ok=True iters=7
21:38:58 [INFO] [PROG] s*=0.68/2.97 (22.9%) dist_goal=2.11
21:38:58 [INFO] [MPC] state=(-3.66,-4.05,+0.01) wp0=(-3.59,-3.95) v=+0.200 ω=+0.154 ok=True iters=7
21:38:58 [INFO] [PROG] s*=0.70/2.97 (23.6%) dist_goal=2.09
21:38:58 [INFO] [MPC] state=(-3.64,-4.05,+0.02) wp0=(-3.57,-3.95) v=+0.200 ω=+0.117 ok=True iters=7
21:38:58 [INFO] [PROG] s*=0.72/2.97 (24.3%) dist_goal=2.07
21:38:58 [INFO] [MPC] state=(-3.62,-4.05,+0.03) wp0=(-3.55,-3.95) v=+0.200 ω=-0.057 ok=True iters=7
21:38:58 [INFO] [PROG] s*=0.74/2.97 (24.9%) dist_goal=2.05
21:38:58 [INFO] [MPC] state=(-3.60,-4.05,+0.02) wp0=(-3.53,-3.95) v=+0.200 ω=-0.342 ok=True iters=7
21:38:58 [INFO] [PROG] s*=0.76/2.97 (25.6%) dist_goal=2.03
21:38:58 [INFO] [MPC] state=(-3.58,-4.05,-0.00) wp0=(-3.51,-3.95) v=+0.200 ω=-0.289 ok=True iters=7
21:38:58 [INFO] [PROG] s*=0.78/2.97 (26.2%) dist_goal=2.01
21:38:58 [INFO] [MPC] state=(-3.56,-4.05,-0.02) wp0=(-3.49,-3.95) v=+0.200 ω=-0.233 ok=True iters=7
21:38:58 [INFO] [PROG] s*=0.80/2.97 (26.9%) dist_goal=2.00
21:38:58 [INFO] [MPC] state=(-3.54,-4.05,-0.04) wp0=(-3.47,-3.95) v=+0.200 ω=+0.425 ok=True iters=7
21:38:58 [INFO] [PROG] s*=0.82/2.97 (27.5%) dist_goal=1.98
21:38:58 [INFO] [MPC] state=(-3.52,-4.05,-0.02) wp0=(-3.45,-3.95) v=+0.200 ω=+0.219 ok=True iters=7
21:38:58 [INFO] [PROG] s*=0.84/2.97 (28.2%) dist_goal=1.96
21:38:58 [INFO] [MPC] state=(-3.50,-4.05,-0.00) wp0=(-3.43,-3.95) v=+0.200 ω=+0.180 ok=True iters=7
21:38:58 [INFO] [PROG] s*=0.86/2.97 (28.9%) dist_goal=1.94
21:38:58 [INFO] [MPC] state=(-3.48,-4.05,+0.01) wp0=(-3.41,-3.95) v=+0.200 ω=+0.149 ok=True iters=7
21:38:58 [INFO] [PROG] s*=0.88/2.97 (29.5%) dist_goal=1.92
21:38:58 [INFO] [MPC] state=(-3.46,-4.05,+0.02) wp0=(-3.39,-3.95) v=+0.200 ω=+0.115 ok=True iters=7
21:38:58 [INFO] [PROG] s*=0.90/2.97 (30.2%) dist_goal=1.90
21:38:58 [INFO] [MPC] state=(-3.44,-4.05,+0.03) wp0=(-3.37,-3.95) v=+0.200 ω=-0.067 ok=True iters=7
21:38:58 [INFO] [PROG] s*=0.92/2.97 (30.9%) dist_goal=1.88
21:38:58 [INFO] [MPC] state=(-3.42,-4.05,+0.03) wp0=(-3.35,-3.95) v=+0.200 ω=-0.350 ok=True iters=7
21:38:58 [INFO] [PROG] s*=0.93/2.97 (31.5%) dist_goal=1.86
21:38:58 [INFO] [MPC] state=(-3.40,-4.05,-0.00) wp0=(-3.34,-3.95) v=+0.200 ω=-0.293 ok=True iters=7
21:38:58 [INFO] [PROG] s*=0.95/2.97 (32.2%) dist_goal=1.84
21:38:58 [INFO] [MPC] state=(-3.39,-4.05,-0.03) wp0=(-3.32,-3.95) v=+0.200 ω=-0.230 ok=True iters=7
21:38:58 [INFO] [PROG] s*=0.97/2.97 (32.8%) dist_goal=1.82
21:38:58 [INFO] [MPC] state=(-3.37,-4.05,-0.04) wp0=(-3.30,-3.95) v=+0.200 ω=+0.429 ok=True iters=7
21:38:58 [INFO] [PROG] s*=0.99/2.97 (33.5%) dist_goal=1.80
21:38:58 [INFO] [MPC] state=(-3.35,-4.05,-0.02) wp0=(-3.28,-3.95) v=+0.200 ω=+0.218 ok=True iters=7
21:38:58 [INFO] [PROG] s*=1.01/2.97 (34.1%) dist_goal=1.78
21:38:58 [INFO] [MPC] state=(-3.33,-4.05,-0.01) wp0=(-3.26,-3.95) v=+0.200 ω=+0.190 ok=True iters=7
21:38:58 [INFO] [PROG] s*=1.03/2.97 (34.8%) dist_goal=1.76
21:38:58 [INFO] [MPC] state=(-3.31,-4.05,+0.01) wp0=(-3.24,-3.95) v=+0.200 ω=+0.152 ok=True iters=7
21:38:58 [INFO] [PROG] s*=1.05/2.97 (35.5%) dist_goal=1.74
21:38:58 [INFO] [MPC] state=(-3.29,-4.05,+0.02) wp0=(-3.22,-3.95) v=+0.200 ω=+0.119 ok=True iters=7
21:38:58 [INFO] [PROG] s*=1.07/2.97 (36.2%) dist_goal=1.72
21:38:58 [INFO] [MPC] state=(-3.27,-4.05,+0.03) wp0=(-3.20,-3.95) v=+0.200 ω=-0.057 ok=True iters=7
21:38:58 [INFO] [PROG] s*=1.09/2.97 (36.8%) dist_goal=1.71
21:38:58 [INFO] [MPC] state=(-3.25,-4.05,+0.02) wp0=(-3.18,-3.95) v=+0.200 ω=-0.342 ok=True iters=7
21:38:58 [INFO] [PROG] s*=1.11/2.97 (37.5%) dist_goal=1.69
21:38:58 [INFO] [MPC] state=(-3.23,-4.05,-0.00) wp0=(-3.16,-3.95) v=+0.200 ω=-0.287 ok=True iters=7
21:38:58 [INFO] [PROG] s*=1.13/2.97 (38.1%) dist_goal=1.67
21:38:58 [INFO] [MPC] state=(-3.21,-4.05,-0.02) wp0=(-3.14,-3.95) v=+0.200 ω=-0.236 ok=True iters=7
21:38:58 [INFO] [PROG] s*=1.15/2.97 (38.8%) dist_goal=1.65
21:38:58 [INFO] [MPC] state=(-3.19,-4.05,-0.04) wp0=(-3.12,-3.95) v=+0.200 ω=+0.424 ok=True iters=7
21:38:58 [INFO] [PROG] s*=1.17/2.97 (39.4%) dist_goal=1.63
21:38:58 [INFO] [MPC] state=(-3.17,-4.05,-0.02) wp0=(-3.10,-3.95) v=+0.200 ω=+0.220 ok=True iters=7
21:38:58 [INFO] [PROG] s*=1.19/2.97 (40.1%) dist_goal=1.61
21:38:58 [INFO] [MPC] state=(-3.15,-4.05,-0.00) wp0=(-3.08,-3.95) v=+0.200 ω=+0.182 ok=True iters=7
21:38:58 [INFO] [PROG] s*=1.21/2.97 (40.7%) dist_goal=1.59
21:38:58 [INFO] [MPC] state=(-3.13,-4.05,+0.01) wp0=(-3.06,-3.95) v=+0.200 ω=+0.153 ok=True iters=7
21:38:58 [INFO] [PROG] s*=1.23/2.97 (41.4%) dist_goal=1.57
21:38:58 [INFO] [MPC] state=(-3.11,-4.05,+0.02) wp0=(-3.04,-3.95) v=+0.200 ω=+0.117 ok=True iters=7
21:38:58 [INFO] [PROG] s*=1.25/2.97 (42.1%) dist_goal=1.55
21:38:58 [INFO] [MPC] state=(-3.09,-4.05,+0.03) wp0=(-3.02,-3.95) v=+0.200 ω=-0.065 ok=True iters=7
21:38:58 [INFO] [PROG] s*=1.27/2.97 (42.8%) dist_goal=1.53
21:38:58 [INFO] [MPC] state=(-3.07,-4.05,+0.03) wp0=(-3.00,-3.95) v=+0.200 ω=-0.348 ok=True iters=7
21:38:58 [INFO] [PROG] s*=1.29/2.97 (43.4%) dist_goal=1.51
21:38:58 [INFO] [MPC] state=(-3.05,-4.05,+0.00) wp0=(-2.98,-3.95) v=+0.200 ω=-0.296 ok=True iters=7
21:38:58 [INFO] [PROG] s*=1.31/2.97 (44.1%) dist_goal=1.49
21:38:58 [INFO] [MPC] state=(-3.03,-4.05,-0.02) wp0=(-2.96,-3.95) v=+0.200 ω=-0.236 ok=True iters=7
21:38:58 [INFO] [PROG] s*=1.33/2.97 (44.7%) dist_goal=1.48
21:38:58 [INFO] [MPC] state=(-3.01,-4.05,-0.04) wp0=(-2.94,-3.95) v=+0.200 ω=+0.420 ok=True iters=7
21:38:58 [INFO] [PROG] s*=1.35/2.97 (45.4%) dist_goal=1.46
21:38:58 [INFO] [MPC] state=(-2.99,-4.05,-0.01) wp0=(-2.92,-3.95) v=+0.200 ω=+0.208 ok=True iters=7
21:38:58 [INFO] [PROG] s*=1.36/2.97 (46.0%) dist_goal=1.44
21:38:58 [INFO] [MPC] state=(-2.97,-4.05,-0.00) wp0=(-2.91,-3.95) v=+0.200 ω=+0.180 ok=True iters=7
21:38:58 [INFO] [PROG] s*=1.38/2.97 (46.7%) dist_goal=1.42
21:38:58 [INFO] [MPC] state=(-2.96,-4.05,+0.01) wp0=(-2.89,-3.95) v=+0.200 ω=+0.140 ok=True iters=7
21:38:58 [INFO] [PROG] s*=1.40/2.97 (47.4%) dist_goal=1.40
21:38:58 [INFO] [MPC] state=(-2.94,-4.05,+0.02) wp0=(-2.87,-3.95) v=+0.200 ω=+0.110 ok=True iters=7
21:38:58 [INFO] [PROG] s*=1.43/2.97 (48.1%) dist_goal=1.38
21:38:58 [INFO] [MPC] state=(-2.92,-4.05,+0.03) wp0=(-2.84,-3.95) v=+0.200 ω=-0.067 ok=True iters=7
21:38:58 [INFO] [PROG] s*=1.44/2.97 (48.7%) dist_goal=1.36
21:38:58 [INFO] [MPC] state=(-2.89,-4.05,+0.02) wp0=(-2.83,-3.95) v=+0.200 ω=-0.350 ok=True iters=7
21:38:58 [INFO] [PROG] s*=1.46/2.97 (49.4%) dist_goal=1.34
21:38:58 [INFO] [MPC] state=(-2.88,-4.05,-0.00) wp0=(-2.81,-3.95) v=+0.200 ω=-0.290 ok=True iters=7
21:38:58 [INFO] [PROG] s*=1.48/2.97 (50.0%) dist_goal=1.32
21:38:58 [INFO] [MPC] state=(-2.86,-4.05,-0.02) wp0=(-2.79,-3.95) v=+0.200 ω=-0.238 ok=True iters=7
21:38:58 [INFO] [PROG] s*=1.50/2.97 (50.6%) dist_goal=1.30
21:38:58 [INFO] [MPC] state=(-2.84,-4.05,-0.04) wp0=(-2.77,-3.95) v=+0.200 ω=+0.430 ok=True iters=7
21:38:58 [INFO] [PROG] s*=1.52/2.97 (51.3%) dist_goal=1.28
21:38:58 [INFO] [MPC] state=(-2.82,-4.05,-0.02) wp0=(-2.75,-3.95) v=+0.200 ω=+0.226 ok=True iters=7
21:38:58 [INFO] [PROG] s*=1.54/2.97 (52.0%) dist_goal=1.27
21:38:58 [INFO] [MPC] state=(-2.80,-4.05,-0.01) wp0=(-2.73,-3.95) v=+0.200 ω=+0.188 ok=True iters=7
21:38:58 [INFO] [PROG] s*=1.56/2.97 (52.6%) dist_goal=1.25
21:38:58 [INFO] [MPC] state=(-2.78,-4.05,+0.01) wp0=(-2.71,-3.95) v=+0.200 ω=+0.152 ok=True iters=7
21:38:58 [INFO] [PROG] s*=1.58/2.97 (53.3%) dist_goal=1.23
21:38:58 [INFO] [MPC] state=(-2.76,-4.05,+0.02) wp0=(-2.69,-3.95) v=+0.200 ω=+0.109 ok=True iters=7
21:38:58 [INFO] [PROG] s*=1.60/2.97 (54.0%) dist_goal=1.21
21:38:58 [INFO] [MPC] state=(-2.74,-4.05,+0.03) wp0=(-2.67,-3.95) v=+0.200 ω=-0.083 ok=True iters=7
21:38:58 [INFO] [PROG] s*=1.62/2.97 (54.6%) dist_goal=1.19
21:38:58 [INFO] [MPC] state=(-2.72,-4.05,+0.02) wp0=(-2.65,-3.95) v=+0.200 ω=-0.374 ok=True iters=7
21:38:58 [INFO] [PROG] s*=1.64/2.97 (55.3%) dist_goal=1.17
21:38:58 [INFO] [MPC] state=(-2.70,-4.05,-0.01) wp0=(-2.63,-3.95) v=+0.200 ω=-0.329 ok=True iters=7
21:38:58 [INFO] [PROG] s*=1.66/2.97 (56.0%) dist_goal=1.15
21:38:58 [INFO] [MPC] state=(-2.68,-4.05,-0.03) wp0=(-2.61,-3.95) v=+0.200 ω=-0.273 ok=True iters=7
21:38:58 [INFO] [PROG] s*=1.68/2.97 (56.6%) dist_goal=1.13
21:38:58 [INFO] [MPC] state=(-2.66,-4.05,-0.05) wp0=(-2.59,-3.95) v=+0.200 ω=+0.377 ok=True iters=7
21:38:58 [INFO] [PROG] s*=1.70/2.97 (57.2%) dist_goal=1.11
21:38:58 [INFO] [MPC] state=(-2.64,-4.05,-0.03) wp0=(-2.57,-3.95) v=+0.200 ω=+0.326 ok=True iters=7
21:38:58 [INFO] [PROG] s*=1.72/2.97 (57.9%) dist_goal=1.09
21:38:58 [INFO] [MPC] state=(-2.62,-4.05,-0.01) wp0=(-2.55,-3.95) v=+0.200 ω=+0.120 ok=True iters=7
21:38:58 [INFO] [PROG] s*=1.74/2.97 (58.6%) dist_goal=1.08
21:38:58 [INFO] [MPC] state=(-2.60,-4.05,-0.00) wp0=(-2.53,-3.95) v=+0.200 ω=+0.080 ok=True iters=7
21:38:58 [INFO] [PROG] s*=1.76/2.97 (59.3%) dist_goal=1.06
21:38:58 [INFO] [MPC] state=(-2.58,-4.05,+0.01) wp0=(-2.51,-3.95) v=+0.200 ω=+0.046 ok=True iters=7
21:38:58 [INFO] [PROG] s*=1.78/2.97 (59.9%) dist_goal=1.04
21:38:58 [INFO] [MPC] state=(-2.56,-4.05,+0.01) wp0=(-2.49,-3.95) v=+0.200 ω=+0.020 ok=True iters=7
21:38:58 [INFO] [PROG] s*=1.80/2.97 (60.6%) dist_goal=1.02
21:38:58 [INFO] [MPC] state=(-2.54,-4.05,+0.01) wp0=(-2.47,-3.95) v=+0.200 ω=-0.007 ok=True iters=7
21:38:58 [INFO] [PROG] s*=1.82/2.97 (61.3%) dist_goal=1.00
21:38:58 [INFO] [MPC] state=(-2.52,-4.05,+0.01) wp0=(-2.45,-3.95) v=+0.200 ω=-0.239 ok=True iters=7
21:38:58 [INFO] [PROG] s*=1.84/2.97 (61.9%) dist_goal=0.98
21:38:58 [INFO] [MPC] state=(-2.50,-4.05,-0.01) wp0=(-2.43,-3.95) v=+0.200 ω=-0.591 ok=True iters=8
21:38:58 [INFO] [PROG] s*=1.85/2.97 (62.5%) dist_goal=0.96
21:38:58 [INFO] [MPC] state=(-2.48,-4.05,-0.05) wp0=(-2.42,-3.95) v=+0.200 ω=-0.665 ok=True iters=8
21:38:58 [INFO] [PROG] s*=1.87/2.97 (63.1%) dist_goal=0.95
21:38:58 [INFO] [MPC] state=(-2.47,-4.05,-0.09) wp0=(-2.40,-3.95) v=+0.200 ω=-0.713 ok=True iters=8
21:38:58 [INFO] [PROG] s*=1.89/2.97 (63.8%) dist_goal=0.93
21:38:58 [INFO] [MPC] state=(-2.45,-4.05,-0.13) wp0=(-2.38,-3.95) v=+0.200 ω=-0.533 ok=True iters=8
21:38:58 [INFO] [PROG] s*=1.91/2.97 (64.4%) dist_goal=0.91
21:38:58 [INFO] [MPC] state=(-2.43,-4.05,-0.16) wp0=(-2.36,-3.95) v=+0.200 ω=-0.033 ok=True iters=8
21:38:58 [INFO] [PROG] s*=2.02/2.97 (68.1%) dist_goal=0.89
21:38:58 [INFO] [MPC] state=(-2.41,-4.06,-0.16) wp0=(-2.28,-4.02) v=+0.200 ω=+0.021 ok=True iters=8
21:38:58 [INFO] [PROG] s*=2.03/2.97 (68.6%) dist_goal=0.87
21:38:58 [INFO] [MPC] state=(-2.39,-4.06,-0.16) wp0=(-2.27,-4.03) v=+0.200 ω=+1.171 ok=True iters=7
21:38:58 [INFO] [PROG] s*=2.04/2.97 (68.9%) dist_goal=0.86
21:38:58 [INFO] [MPC] state=(-2.37,-4.06,-0.10) wp0=(-2.26,-4.04) v=+0.200 ω=+1.235 ok=True iters=7
21:38:58 [INFO] [PROG] s*=2.06/2.97 (69.3%) dist_goal=0.84
21:38:58 [INFO] [MPC] state=(-2.36,-4.06,-0.04) wp0=(-2.25,-4.05) v=+0.200 ω=+0.882 ok=True iters=7
21:38:58 [INFO] [PROG] s*=2.07/2.97 (69.7%) dist_goal=0.83
21:38:58 [INFO] [MPC] state=(-2.34,-4.06,+0.01) wp0=(-2.24,-4.05) v=+0.200 ω=+0.474 ok=True iters=7
21:38:58 [INFO] [PROG] s*=2.08/2.97 (70.2%) dist_goal=0.81
21:38:58 [INFO] [MPC] state=(-2.33,-4.06,+0.03) wp0=(-2.23,-4.05) v=+0.200 ω=-0.059 ok=True iters=8
21:38:58 [INFO] [PROG] s*=2.10/2.97 (70.7%) dist_goal=0.79
21:38:58 [INFO] [MPC] state=(-2.31,-4.06,+0.03) wp0=(-2.22,-4.05) v=+0.200 ω=-0.202 ok=True iters=8
21:38:58 [INFO] [PROG] s*=2.11/2.97 (71.1%) dist_goal=0.77
21:38:58 [INFO] [MPC] state=(-2.29,-4.06,+0.01) wp0=(-2.20,-4.05) v=+0.197 ω=-0.031 ok=True iters=8
21:38:58 [INFO] [PROG] s*=2.12/2.97 (71.3%) dist_goal=0.75
21:38:58 [INFO] [MPC] state=(-2.27,-4.06,+0.01) wp0=(-2.20,-4.05) v=+0.193 ω=-0.164 ok=True iters=8
21:38:58 [INFO] [PROG] s*=2.13/2.97 (72.0%) dist_goal=0.73
21:38:58 [INFO] [MPC] state=(-2.25,-4.06,-0.01) wp0=(-2.18,-4.05) v=+0.188 ω=-0.191 ok=True iters=8
21:38:58 [INFO] [PROG] s*=2.15/2.97 (72.6%) dist_goal=0.72
21:38:58 [INFO] [MPC] state=(-2.23,-4.06,-0.03) wp0=(-2.16,-4.05) v=+0.184 ω=-0.116 ok=True iters=8
21:38:58 [INFO] [PROG] s*=2.17/2.97 (73.2%) dist_goal=0.70
21:38:58 [INFO] [MPC] state=(-2.21,-4.06,-0.04) wp0=(-2.14,-4.06) v=+0.179 ω=-0.706 ok=True iters=8
21:38:58 [INFO] [PROG] s*=2.19/2.97 (73.8%) dist_goal=0.68
21:38:58 [INFO] [MPC] state=(-2.19,-4.07,-0.10) wp0=(-2.13,-4.07) v=+0.175 ω=-0.585 ok=True iters=8
21:38:58 [INFO] [PROG] s*=2.22/2.97 (74.9%) dist_goal=0.67
21:38:58 [INFO] [MPC] state=(-2.17,-4.07,-0.15) wp0=(-2.11,-4.09) v=+0.171 ω=-0.036 ok=True iters=8
21:38:58 [INFO] [PROG] s*=2.23/2.97 (75.3%) dist_goal=0.65
21:38:58 [INFO] [MPC] state=(-2.16,-4.07,-0.15) wp0=(-2.10,-4.10) v=+0.167 ω=+0.639 ok=True iters=8
21:38:58 [INFO] [PROG] s*=2.25/2.97 (75.7%) dist_goal=0.64
21:38:58 [INFO] [MPC] state=(-2.14,-4.07,-0.09) wp0=(-2.09,-4.11) v=+0.163 ω=+0.402 ok=True iters=8
21:38:59 [INFO] [PROG] s*=2.26/2.97 (76.1%) dist_goal=0.62
21:38:59 [INFO] [MPC] state=(-2.12,-4.07,-0.06) wp0=(-2.08,-4.12) v=+0.159 ω=+0.439 ok=True iters=8
21:38:59 [INFO] [PROG] s*=2.27/2.97 (76.5%) dist_goal=0.61
21:38:59 [INFO] [MPC] state=(-2.11,-4.07,-0.02) wp0=(-2.07,-4.13) v=+0.156 ω=+0.211 ok=True iters=8
21:38:59 [INFO] [PROG] s*=2.28/2.97 (76.8%) dist_goal=0.60
21:38:59 [INFO] [MPC] state=(-2.09,-4.07,+0.00) wp0=(-2.07,-4.13) v=+0.152 ω=+0.181 ok=True iters=8
21:38:59 [INFO] [PROG] s*=2.29/2.97 (77.2%) dist_goal=0.58
21:38:59 [INFO] [MPC] state=(-2.08,-4.07,+0.02) wp0=(-2.06,-4.14) v=+0.149 ω=+0.010 ok=True iters=7
21:38:59 [INFO] [PROG] s*=2.30/2.97 (77.5%) dist_goal=0.57
21:38:59 [INFO] [MPC] state=(-2.06,-4.07,+0.02) wp0=(-2.05,-4.15) v=+0.146 ω=-0.004 ok=True iters=7
21:38:59 [INFO] [PROG] s*=2.31/2.97 (77.9%) dist_goal=0.56
21:38:59 [INFO] [MPC] state=(-2.05,-4.07,+0.02) wp0=(-2.04,-4.15) v=+0.143 ω=-0.073 ok=True iters=7
21:38:59 [INFO] [PROG] s*=2.32/2.97 (78.2%) dist_goal=0.55
21:38:59 [INFO] [MPC] state=(-2.03,-4.07,+0.01) wp0=(-2.03,-4.15) v=+0.139 ω=-0.150 ok=True iters=7
21:38:59 [INFO] [PROG] s*=2.40/2.97 (80.8%) dist_goal=0.53
21:38:59 [INFO] [MPC] state=(-2.02,-4.07,-0.00) wp0=(-1.96,-4.15) v=+0.136 ω=-0.052 ok=True iters=7
21:38:59 [INFO] [PROG] s*=2.41/2.97 (81.2%) dist_goal=0.52
21:38:59 [INFO] [MPC] state=(-2.01,-4.07,-0.01) wp0=(-1.94,-4.15) v=+0.133 ω=-1.141 ok=True iters=7
21:38:59 [INFO] [PROG] s*=2.42/2.97 (81.7%) dist_goal=0.51
21:38:59 [INFO] [MPC] state=(-1.99,-4.07,-0.10) wp0=(-1.93,-4.15) v=+0.131 ω=-1.116 ok=True iters=7
21:38:59 [INFO] [PROG] s*=2.43/2.97 (82.1%) dist_goal=0.50
21:38:59 [INFO] [MPC] state=(-1.98,-4.08,-0.21) wp0=(-1.92,-4.15) v=+0.128 ω=-1.026 ok=True iters=7
21:38:59 [INFO] [PROG] s*=2.45/2.97 (82.5%) dist_goal=0.49
21:38:59 [INFO] [MPC] state=(-1.97,-4.08,-0.31) wp0=(-1.91,-4.15) v=+0.125 ω=-0.835 ok=True iters=7
21:38:59 [INFO] [PROG] s*=2.46/2.97 (82.9%) dist_goal=0.47
21:38:59 [INFO] [MPC] state=(-1.96,-4.08,-0.40) wp0=(-1.89,-4.15) v=+0.121 ω=-0.697 ok=True iters=7
21:38:59 [INFO] [PROG] s*=2.47/2.97 (83.3%) dist_goal=0.46
21:38:59 [INFO] [MPC] state=(-1.94,-4.09,-0.47) wp0=(-1.88,-4.15) v=+0.118 ω=-0.417 ok=True iters=8
21:38:59 [INFO] [PROG] s*=2.48/2.97 (83.6%) dist_goal=0.45
21:38:59 [INFO] [MPC] state=(-1.93,-4.10,-0.51) wp0=(-1.87,-4.15) v=+0.097 ω=-0.427 ok=True iters=12
21:38:59 [INFO] [PROG] s*=2.48/2.97 (83.7%) dist_goal=0.45
21:38:59 [INFO] [MPC] state=(-1.92,-4.10,-0.55) wp0=(-1.87,-4.15) v=+0.030 ω=-0.267 ok=True iters=10
21:38:59 [INFO] [PROG] s*=2.48/2.97 (83.7%) dist_goal=0.44
21:38:59 [INFO] [MPC] state=(-1.92,-4.10,-0.58) wp0=(-1.87,-4.15) v=+0.030 ω=-0.186 ok=True iters=10
21:38:59 [INFO] [PROG] s*=2.49/2.97 (83.8%) dist_goal=0.44
21:38:59 [INFO] [MPC] state=(-1.92,-4.10,-0.60) wp0=(-1.87,-4.15) v=+0.030 ω=-0.191 ok=True iters=11
21:38:59 [INFO] [PROG] s*=2.49/2.97 (83.9%) dist_goal=0.44
21:38:59 [INFO] [MPC] state=(-1.92,-4.11,-0.62) wp0=(-1.86,-4.15) v=+0.030 ω=-0.157 ok=True iters=10
21:38:59 [INFO] [PROG] s*=2.49/2.97 (84.0%) dist_goal=0.43
21:38:59 [INFO] [MPC] state=(-1.91,-4.11,-0.64) wp0=(-1.86,-4.15) v=+0.030 ω=-0.129 ok=True iters=12
21:38:59 [INFO] [PROG] s*=2.49/2.97 (84.1%) dist_goal=0.43
21:38:59 [INFO] [MPC] state=(-1.91,-4.11,-0.65) wp0=(-1.86,-4.15) v=+0.030 ω=-0.112 ok=True iters=10
21:38:59 [INFO] [PROG] s*=2.50/2.97 (84.2%) dist_goal=0.43
21:38:59 [INFO] [MPC] state=(-1.91,-4.11,-0.66) wp0=(-1.86,-4.15) v=+0.030 ω=-0.266 ok=True iters=11
21:38:59 [INFO] [PROG] s*=2.50/2.97 (84.2%) dist_goal=0.42
21:38:59 [INFO] [MPC] state=(-1.91,-4.11,-0.69) wp0=(-1.85,-4.15) v=+0.030 ω=-0.205 ok=True iters=11
21:38:59 [INFO] [PROG] s*=2.50/2.97 (84.3%) dist_goal=0.42
21:38:59 [INFO] [MPC] state=(-1.90,-4.12,-0.71) wp0=(-1.85,-4.15) v=+0.030 ω=-0.139 ok=True iters=11
21:38:59 [INFO] [PROG] s*=2.50/2.97 (84.4%) dist_goal=0.42
21:38:59 [INFO] [MPC] state=(-1.90,-4.12,-0.72) wp0=(-1.85,-4.15) v=+0.030 ω=-0.096 ok=True iters=10
21:38:59 [INFO] [PROG] s*=2.51/2.97 (84.5%) dist_goal=0.42
21:38:59 [INFO] [MPC] state=(-1.90,-4.12,-0.73) wp0=(-1.85,-4.15) v=+0.030 ω=-0.072 ok=True iters=12
21:38:59 [INFO] [PROG] s*=2.51/2.97 (84.5%) dist_goal=0.41
21:38:59 [INFO] [MPC] state=(-1.90,-4.12,-0.74) wp0=(-1.85,-4.15) v=+0.030 ω=-0.050 ok=True iters=11
21:38:59 [INFO] [PROG] s*=2.51/2.97 (84.6%) dist_goal=0.41
21:38:59 [INFO] [MPC] state=(-1.90,-4.12,-0.74) wp0=(-1.85,-4.15) v=+0.030 ω=-0.036 ok=True iters=12
21:38:59 [INFO] [PROG] s*=2.51/2.97 (84.7%) dist_goal=0.41
21:38:59 [INFO] [MPC] state=(-1.89,-4.13,-0.75) wp0=(-1.84,-4.16) v=+0.030 ω=-0.027 ok=True iters=11
21:38:59 [INFO] [PROG] s*=2.51/2.97 (84.8%) dist_goal=0.40
21:38:59 [INFO] [MPC] state=(-1.89,-4.13,-0.75) wp0=(-1.84,-4.16) v=+0.030 ω=-0.021 ok=True iters=12
21:38:59 [INFO] [PROG] s*=2.52/2.97 (84.8%) dist_goal=0.40
21:38:59 [INFO] [MPC] state=(-1.89,-4.13,-0.75) wp0=(-1.84,-4.16) v=+0.030 ω=-0.016 ok=True iters=13
21:38:59 [INFO] [PROG] s*=2.52/2.97 (84.9%) dist_goal=0.40
21:38:59 [INFO] [MPC] state=(-1.89,-4.13,-0.75) wp0=(-1.84,-4.16) v=+0.030 ω=-0.013 ok=True iters=11
21:38:59 [INFO] [PROG] s*=2.52/2.97 (85.0%) dist_goal=0.39
21:38:59 [INFO] [MPC] state=(-1.88,-4.14,-0.75) wp0=(-1.84,-4.16) v=+0.030 ω=-0.009 ok=True iters=13
21:38:59 [INFO] [PROG] s*=2.52/2.97 (85.1%) dist_goal=0.39
21:38:59 [INFO] [MPC] state=(-1.88,-4.14,-0.75) wp0=(-1.84,-4.16) v=+0.030 ω=-0.010 ok=True iters=12
21:38:59 [INFO] [PROG] s*=2.52/2.97 (85.1%) dist_goal=0.39
21:38:59 [INFO] [MPC] state=(-1.88,-4.14,-0.76) wp0=(-1.83,-4.17) v=+0.030 ω=-0.007 ok=True iters=9
21:38:59 [INFO] [PROG] s*=2.53/2.97 (85.2%) dist_goal=0.39
21:38:59 [INFO] [MPC] state=(-1.88,-4.14,-0.76) wp0=(-1.83,-4.17) v=+0.030 ω=-0.005 ok=True iters=10
21:38:59 [INFO] [PROG] s*=2.53/2.97 (85.3%) dist_goal=0.38
21:38:59 [INFO] [MPC] state=(-1.88,-4.14,-0.76) wp0=(-1.83,-4.17) v=+0.030 ω=-0.009 ok=True iters=11
21:38:59 [INFO] [PROG] s*=2.53/2.97 (85.3%) dist_goal=0.38
21:38:59 [INFO] [MPC] state=(-1.87,-4.15,-0.76) wp0=(-1.83,-4.17) v=+0.030 ω=-0.011 ok=True iters=10
21:38:59 [INFO] [PROG] s*=2.53/2.97 (85.4%) dist_goal=0.38
21:38:59 [INFO] [MPC] state=(-1.87,-4.15,-0.76) wp0=(-1.83,-4.17) v=+0.030 ω=-0.013 ok=True iters=9
21:38:59 [INFO] [PROG] s*=2.54/2.97 (85.5%) dist_goal=0.37
21:38:59 [INFO] [MPC] state=(-1.87,-4.15,-0.76) wp0=(-1.83,-4.17) v=+0.030 ω=-0.013 ok=True iters=9
21:38:59 [INFO] [PROG] s*=2.54/2.97 (85.6%) dist_goal=0.37
21:38:59 [INFO] [MPC] state=(-1.87,-4.15,-0.76) wp0=(-1.83,-4.17) v=+0.030 ω=-0.016 ok=True iters=9
21:38:59 [INFO] [PROG] s*=2.54/2.97 (85.6%) dist_goal=0.37
21:38:59 [INFO] [MPC] state=(-1.87,-4.15,-0.76) wp0=(-1.82,-4.18) v=+0.030 ω=-0.015 ok=True iters=10
21:38:59 [INFO] [PROG] s*=2.54/2.97 (85.7%) dist_goal=0.37
21:38:59 [INFO] [MPC] state=(-1.86,-4.16,-0.76) wp0=(-1.82,-4.18) v=+0.030 ω=-0.015 ok=True iters=11
21:38:59 [INFO] [PROG] s*=2.54/2.97 (85.8%) dist_goal=0.36
21:38:59 [INFO] [MPC] state=(-1.86,-4.16,-0.76) wp0=(-1.82,-4.18) v=+0.030 ω=-0.097 ok=True iters=11
21:38:59 [INFO] [PROG] s*=2.55/2.97 (85.9%) dist_goal=0.36
21:38:59 [INFO] [MPC] state=(-1.86,-4.16,-0.77) wp0=(-1.82,-4.18) v=+0.030 ω=-0.067 ok=True iters=10
21:38:59 [INFO] [PROG] s*=2.56/2.97 (86.3%) dist_goal=0.36
21:38:59 [INFO] [MPC] state=(-1.86,-4.16,-0.78) wp0=(-1.81,-4.19) v=+0.030 ω=-0.048 ok=True iters=10
21:38:59 [INFO] [PROG] s*=2.56/2.97 (86.4%) dist_goal=0.35
21:38:59 [INFO] [MPC] state=(-1.85,-4.16,-0.78) wp0=(-1.81,-4.19) v=+0.030 ω=-0.036 ok=True iters=9
21:38:59 [INFO] [PROG] s*=2.57/2.97 (86.5%) dist_goal=0.35
21:38:59 [INFO] [MPC] state=(-1.85,-4.17,-0.79) wp0=(-1.81,-4.19) v=+0.030 ω=-0.029 ok=True iters=9
21:38:59 [INFO] [PROG] s*=2.57/2.97 (86.6%) dist_goal=0.35
21:38:59 [INFO] [MPC] state=(-1.85,-4.17,-0.79) wp0=(-1.80,-4.20) v=+0.030 ω=-0.024 ok=True iters=9
21:38:59 [INFO] [PROG] s*=2.57/2.97 (86.7%) dist_goal=0.34
21:38:59 [INFO] [MPC] state=(-1.85,-4.17,-0.79) wp0=(-1.80,-4.20) v=+0.030 ω=-0.021 ok=True iters=9
21:38:59 [INFO] [PROG] s*=2.58/2.97 (86.8%) dist_goal=0.34
21:38:59 [INFO] [MPC] state=(-1.85,-4.17,-0.80) wp0=(-1.80,-4.20) v=+0.030 ω=-0.019 ok=True iters=9
21:38:59 [INFO] [PROG] s*=2.58/2.97 (86.9%) dist_goal=0.34
21:38:59 [INFO] [MPC] state=(-1.84,-4.18,-0.80) wp0=(-1.80,-4.20) v=+0.030 ω=-0.018 ok=True iters=9
21:38:59 [INFO] [PROG] s*=2.58/2.97 (87.0%) dist_goal=0.34
21:38:59 [INFO] [MPC] state=(-1.84,-4.18,-0.80) wp0=(-1.79,-4.21) v=+0.030 ω=-0.017 ok=True iters=9
21:38:59 [INFO] [PROG] s*=2.58/2.97 (87.1%) dist_goal=0.33
21:38:59 [INFO] [MPC] state=(-1.84,-4.18,-0.80) wp0=(-1.79,-4.21) v=+0.030 ω=-0.017 ok=True iters=8
21:38:59 [INFO] [PROG] s*=2.59/2.97 (87.2%) dist_goal=0.33
21:38:59 [INFO] [MPC] state=(-1.84,-4.18,-0.80) wp0=(-1.79,-4.21) v=+0.030 ω=-0.017 ok=True iters=8
21:38:59 [INFO] [PROG] s*=2.59/2.97 (87.3%) dist_goal=0.33
21:38:59 [INFO] [MPC] state=(-1.84,-4.18,-0.80) wp0=(-1.79,-4.21) v=+0.030 ω=-0.018 ok=True iters=8
21:38:59 [INFO] [PROG] s*=2.59/2.97 (87.4%) dist_goal=0.32
21:38:59 [INFO] [MPC] state=(-1.83,-4.19,-0.80) wp0=(-1.79,-4.21) v=+0.030 ω=-0.017 ok=True iters=8
21:38:59 [INFO] [PROG] s*=2.60/2.97 (87.5%) dist_goal=0.32
21:38:59 [INFO] [MPC] state=(-1.83,-4.19,-0.81) wp0=(-1.78,-4.22) v=+0.030 ω=-0.020 ok=True iters=8
21:38:59 [INFO] [PROG] s*=2.60/2.97 (87.6%) dist_goal=0.32
21:38:59 [INFO] [MPC] state=(-1.83,-4.19,-0.81) wp0=(-1.78,-4.22) v=+0.030 ω=-0.023 ok=True iters=8
21:38:59 [INFO] [PROG] s*=2.60/2.97 (87.8%) dist_goal=0.32
21:38:59 [INFO] [MPC] state=(-1.83,-4.19,-0.81) wp0=(-1.78,-4.22) v=+0.030 ω=-0.026 ok=True iters=8
21:38:59 [INFO] [PROG] s*=2.61/2.97 (87.9%) dist_goal=0.31
21:38:59 [INFO] [MPC] state=(-1.83,-4.20,-0.81) wp0=(-1.78,-4.22) v=+0.030 ω=-0.143 ok=True iters=8
21:38:59 [INFO] [PROG] s*=2.61/2.97 (88.0%) dist_goal=0.31
21:38:59 [INFO] [MPC] state=(-1.82,-4.20,-0.83) wp0=(-1.78,-4.22) v=+0.030 ω=-0.103 ok=True iters=8
21:38:59 [INFO] [PROG] s*=2.61/2.97 (88.1%) dist_goal=0.31
21:38:59 [INFO] [MPC] state=(-1.82,-4.20,-0.84) wp0=(-1.77,-4.23) v=+0.030 ω=-0.077 ok=True iters=8
21:38:59 [INFO] [PROG] s*=2.61/2.97 (88.2%) dist_goal=0.30
21:38:59 [INFO] [MPC] state=(-1.82,-4.20,-0.84) wp0=(-1.77,-4.23) v=+0.030 ω=-0.061 ok=True iters=8
21:38:59 [INFO] [PROG] s*=2.62/2.97 (88.3%) dist_goal=0.30
21:38:59 [INFO] [MPC] state=(-1.82,-4.20,-0.85) wp0=(-1.77,-4.23) v=+0.030 ω=-0.050 ok=True iters=8
21:38:59 [INFO] [PROG] s*=2.62/2.97 (88.4%) dist_goal=0.30
21:38:59 [INFO] [MPC] state=(-1.82,-4.21,-0.86) wp0=(-1.77,-4.23) v=+0.030 ω=-0.044 ok=True iters=8
21:38:59 [INFO] [PROG] s*=2.62/2.97 (88.5%) dist_goal=0.30
21:38:59 [INFO] [MPC] state=(-1.81,-4.21,-0.86) wp0=(-1.76,-4.24) v=+0.030 ω=-0.041 ok=True iters=8
21:38:59 [INFO] [PROG] s*=2.63/2.97 (88.6%) dist_goal=0.29
21:38:59 [INFO] [MPC] state=(-1.81,-4.21,-0.86) wp0=(-1.76,-4.24) v=+0.030 ω=-0.040 ok=True iters=8
21:38:59 [INFO] [PROG] s*=2.63/2.97 (88.7%) dist_goal=0.29
21:38:59 [INFO] [MPC] state=(-1.81,-4.21,-0.87) wp0=(-1.76,-4.24) v=+0.030 ω=-0.039 ok=True iters=8
21:38:59 [INFO] [PROG] s*=2.63/2.97 (88.8%) dist_goal=0.29
21:38:59 [INFO] [MPC] state=(-1.81,-4.22,-0.87) wp0=(-1.76,-4.24) v=+0.030 ω=-0.039 ok=True iters=8
21:38:59 [INFO] [PROG] s*=2.64/2.97 (88.9%) dist_goal=0.28
21:38:59 [INFO] [MPC] state=(-1.81,-4.22,-0.88) wp0=(-1.76,-4.24) v=+0.030 ω=-0.039 ok=True iters=8
21:38:59 [INFO] [PROG] s*=2.64/2.97 (89.0%) dist_goal=0.28
21:38:59 [INFO] [MPC] state=(-1.80,-4.22,-0.88) wp0=(-1.75,-4.25) v=+0.030 ω=-0.039 ok=True iters=9
21:38:59 [INFO] [PROG] s*=2.64/2.97 (89.1%) dist_goal=0.28
21:38:59 [INFO] [MPC] state=(-1.80,-4.22,-0.88) wp0=(-1.75,-4.25) v=+0.030 ω=-0.040 ok=True iters=9
21:38:59 [INFO] [PROG] s*=2.65/2.97 (89.2%) dist_goal=0.28
21:38:59 [INFO] [MPC] state=(-1.80,-4.23,-0.89) wp0=(-1.75,-4.25) v=+0.030 ω=-0.192 ok=True iters=8
21:38:59 [INFO] [PROG] s*=2.65/2.97 (89.3%) dist_goal=0.27
21:38:59 [INFO] [MPC] state=(-1.80,-4.23,-0.91) wp0=(-1.75,-4.25) v=+0.030 ω=-0.142 ok=True iters=8
21:38:59 [INFO] [PROG] s*=2.65/2.97 (89.4%) dist_goal=0.27
21:38:59 [INFO] [MPC] state=(-1.80,-4.23,-0.92) wp0=(-1.74,-4.26) v=+0.030 ω=-0.110 ok=True iters=8
21:38:59 [INFO] [PROG] s*=2.65/2.97 (89.5%) dist_goal=0.27
21:38:59 [INFO] [MPC] state=(-1.79,-4.23,-0.93) wp0=(-1.74,-4.26) v=+0.030 ω=-0.089 ok=True iters=8
21:38:59 [INFO] [PROG] s*=2.66/2.97 (89.6%) dist_goal=0.26
21:38:59 [INFO] [MPC] state=(-1.79,-4.24,-0.94) wp0=(-1.74,-4.26) v=+0.030 ω=-0.076 ok=True iters=8
21:38:59 [INFO] [PROG] s*=2.66/2.97 (89.7%) dist_goal=0.26
21:38:59 [INFO] [MPC] state=(-1.79,-4.24,-0.95) wp0=(-1.74,-4.26) v=+0.030 ω=-0.068 ok=True iters=8
21:38:59 [INFO] [PROG] s*=2.66/2.97 (89.8%) dist_goal=0.26
21:38:59 [INFO] [MPC] state=(-1.79,-4.24,-0.96) wp0=(-1.74,-4.26) v=+0.030 ω=-0.064 ok=True iters=8
21:38:59 [INFO] [PROG] s*=2.67/2.97 (89.9%) dist_goal=0.26
21:38:59 [INFO] [MPC] state=(-1.79,-4.24,-0.96) wp0=(-1.73,-4.27) v=+0.030 ω=-0.062 ok=True iters=8
21:38:59 [INFO] [PROG] s*=2.67/2.97 (90.0%) dist_goal=0.25
21:38:59 [INFO] [MPC] state=(-1.78,-4.25,-0.97) wp0=(-1.73,-4.27) v=+0.030 ω=-0.141 ok=True iters=8
21:38:59 [INFO] [PROG] s*=2.67/2.97 (90.1%) dist_goal=0.25
21:38:59 [INFO] [MPC] state=(-1.78,-4.25,-0.98) wp0=(-1.73,-4.27) v=+0.030 ω=-0.121 ok=True iters=8
21:38:59 [INFO] [PROG] s*=2.68/2.97 (90.2%) dist_goal=0.25
21:38:59 [INFO] [MPC] state=(-1.78,-4.25,-0.99) wp0=(-1.73,-4.27) v=+0.030 ω=-0.105 ok=True iters=8
21:38:59 [INFO] [PROG] s*=2.68/2.97 (90.3%) dist_goal=0.25
21:38:59 [INFO] [MPC] state=(-1.78,-4.25,-1.01) wp0=(-1.73,-4.27) v=+0.030 ω=-0.096 ok=True iters=8
21:38:59 [INFO] [PROG] s*=2.68/2.97 (90.4%) dist_goal=0.24
21:38:59 [INFO] [MPC] state=(-1.78,-4.26,-1.02) wp0=(-1.72,-4.28) v=+0.030 ω=-0.090 ok=True iters=8
21:38:59 [INFO] [PROG] s*=2.68/2.97 (90.5%) dist_goal=0.24
21:38:59 [INFO] [MPC] state=(-1.78,-4.26,-1.02) wp0=(-1.72,-4.28) v=+0.030 ω=-0.087 ok=True iters=8
21:38:59 [INFO] [PROG] s*=2.69/2.97 (90.6%) dist_goal=0.24
21:38:59 [INFO] [MPC] state=(-1.77,-4.26,-1.03) wp0=(-1.72,-4.28) v=+0.030 ω=-0.085 ok=True iters=8
21:38:59 [INFO] [PROG] s*=2.69/2.97 (90.7%) dist_goal=0.24
21:38:59 [INFO] [MPC] state=(-1.77,-4.26,-1.04) wp0=(-1.72,-4.28) v=+0.030 ω=-0.085 ok=True iters=8
21:38:59 [INFO] [PROG] s*=2.69/2.97 (90.8%) dist_goal=0.23
21:38:59 [INFO] [MPC] state=(-1.77,-4.27,-1.05) wp0=(-1.72,-4.28) v=+0.030 ω=-0.085 ok=True iters=8
21:38:59 [INFO] [PROG] s*=2.70/2.97 (90.9%) dist_goal=0.23
21:38:59 [INFO] [MPC] state=(-1.77,-4.27,-1.06) wp0=(-1.71,-4.29) v=+0.030 ω=-0.086 ok=True iters=8
21:38:59 [INFO] [PROG] s*=2.70/2.97 (91.0%) dist_goal=0.23
21:38:59 [INFO] [MPC] state=(-1.77,-4.27,-1.07) wp0=(-1.71,-4.29) v=+0.030 ω=-0.086 ok=True iters=8
21:38:59 [INFO] [PROG] s*=2.70/2.97 (91.1%) dist_goal=0.23
21:38:59 [INFO] [MPC] state=(-1.77,-4.27,-1.08) wp0=(-1.71,-4.29) v=+0.030 ω=-0.088 ok=True iters=8
21:38:59 [INFO] [PROG] s*=2.70/2.97 (91.2%) dist_goal=0.23
21:38:59 [INFO] [MPC] state=(-1.77,-4.28,-1.09) wp0=(-1.71,-4.29) v=+0.030 ω=-0.091 ok=True iters=8
21:38:59 [INFO] [PROG] s*=2.71/2.97 (91.3%) dist_goal=0.22
21:38:59 [INFO] [MPC] state=(-1.76,-4.28,-1.09) wp0=(-1.71,-4.29) v=+0.030 ω=-0.191 ok=True iters=9
21:38:59 [INFO] [PROG] s*=2.71/2.97 (91.4%) dist_goal=0.22
21:38:59 [INFO] [MPC] state=(-1.76,-4.28,-1.11) wp0=(-1.70,-4.30) v=+0.030 ω=-0.162 ok=True iters=9
21:38:59 [INFO] [PROG] s*=2.71/2.97 (91.5%) dist_goal=0.22
21:38:59 [INFO] [MPC] state=(-1.76,-4.28,-1.13) wp0=(-1.70,-4.30) v=+0.030 ω=-0.144 ok=True iters=9
21:38:59 [INFO] [PROG] s*=2.72/2.97 (91.6%) dist_goal=0.22
21:38:59 [INFO] [MPC] state=(-1.76,-4.29,-1.15) wp0=(-1.70,-4.30) v=+0.030 ω=-0.132 ok=True iters=9
21:38:59 [INFO] [PROG] s*=2.72/2.97 (91.7%) dist_goal=0.22
21:38:59 [INFO] [MPC] state=(-1.76,-4.29,-1.16) wp0=(-1.70,-4.30) v=+0.030 ω=-0.125 ok=True iters=9
21:38:59 [INFO] [PROG] s*=2.72/2.97 (91.8%) dist_goal=0.21
21:38:59 [INFO] [MPC] state=(-1.76,-4.29,-1.17) wp0=(-1.69,-4.31) v=+0.030 ω=-0.118 ok=True iters=9
21:38:59 [INFO] [PROG] s*=2.73/2.97 (91.9%) dist_goal=0.21
21:38:59 [INFO] [MPC] state=(-1.76,-4.30,-1.18) wp0=(-1.69,-4.31) v=+0.030 ω=-0.114 ok=True iters=9
21:38:59 [INFO] [PROG] s*=2.73/2.97 (92.0%) dist_goal=0.21
21:38:59 [INFO] [MPC] state=(-1.75,-4.30,-1.20) wp0=(-1.69,-4.31) v=+0.030 ω=-0.111 ok=True iters=9
21:38:59 [INFO] [PROG] s*=2.73/2.97 (92.1%) dist_goal=0.21
21:38:59 [INFO] [MPC] state=(-1.75,-4.30,-1.21) wp0=(-1.69,-4.31) v=+0.030 ω=-0.113 ok=True iters=9
21:38:59 [INFO] [PROG] s*=2.73/2.97 (92.2%) dist_goal=0.21
21:38:59 [INFO] [MPC] state=(-1.75,-4.30,-1.22) wp0=(-1.69,-4.31) v=+0.030 ω=-0.201 ok=True iters=9
21:38:59 [INFO] [PROG] s*=2.74/2.97 (92.3%) dist_goal=0.20
21:38:59 [INFO] [MPC] state=(-1.75,-4.31,-1.24) wp0=(-1.69,-4.31) v=+0.030 ω=-0.178 ok=True iters=8
21:38:59 [INFO] [PROG] s*=2.74/2.97 (92.4%) dist_goal=0.20
21:38:59 [INFO] [MPC] state=(-1.75,-4.31,-1.26) wp0=(-1.68,-4.32) v=+0.030 ω=-0.125 ok=True iters=9
21:38:59 [INFO] [PROG] s*=2.74/2.97 (92.4%) dist_goal=0.20
21:38:59 [INFO] [MPC] state=(-1.75,-4.31,-1.27) wp0=(-1.68,-4.32) v=+0.030 ω=+0.165 ok=True iters=9
21:38:59 [INFO] [PROG] s*=2.74/2.97 (92.5%) dist_goal=0.20
21:38:59 [INFO] [MPC] state=(-1.75,-4.32,-1.25) wp0=(-1.68,-4.32) v=+0.030 ω=+0.336 ok=True iters=9
21:38:59 [INFO] [PROG] s*=2.75/2.97 (92.6%) dist_goal=0.20
21:38:59 [INFO] [MPC] state=(-1.75,-4.32,-1.22) wp0=(-1.68,-4.32) v=+0.030 ω=+0.456 ok=True iters=9
21:38:59 [INFO] [PROG] s*=2.75/2.97 (92.6%) dist_goal=0.20
21:38:59 [INFO] [MPC] state=(-1.75,-4.32,-1.17) wp0=(-1.68,-4.32) v=-0.000 ω=+2.231 ok=True iters=11
21:38:59 [INFO] [PROG] s*=2.75/2.97 (92.6%) dist_goal=0.20
21:38:59 [INFO] [MPC] state=(-1.75,-4.32,-0.95) wp0=(-1.68,-4.32) v=-0.000 ω=+1.489 ok=True iters=9
21:38:59 [INFO] [PROG] s*=2.75/2.97 (92.6%) dist_goal=0.20
21:38:59 [INFO] [MPC] state=(-1.75,-4.32,-0.80) wp0=(-1.68,-4.32) v=+0.030 ω=-0.384 ok=True iters=10
21:38:59 [INFO] [PROG] s*=2.75/2.97 (92.6%) dist_goal=0.20
21:38:59 [INFO] [MPC] state=(-1.75,-4.32,-0.83) wp0=(-1.68,-4.32) v=-0.000 ω=+1.161 ok=True iters=9
21:38:59 [INFO] [PROG] s*=2.75/2.97 (92.6%) dist_goal=0.20
21:38:59 [INFO] [MPC] state=(-1.75,-4.32,-0.72) wp0=(-1.68,-4.32) v=-0.000 ω=+0.772 ok=True iters=8
21:38:59 [INFO] [PROG] s*=2.75/2.97 (92.6%) dist_goal=0.20
21:38:59 [INFO] [MPC] state=(-1.75,-4.32,-0.64) wp0=(-1.68,-4.32) v=-0.000 ω=+0.503 ok=True iters=8
21:38:59 [INFO] [PROG] s*=2.75/2.97 (92.6%) dist_goal=0.20
21:38:59 [INFO] [MPC] state=(-1.75,-4.32,-0.59) wp0=(-1.68,-4.32) v=-0.000 ω=+0.333 ok=True iters=8
21:38:59 [INFO] [PROG] s*=2.75/2.97 (92.6%) dist_goal=0.20
21:38:59 [INFO] [MPC] state=(-1.75,-4.32,-0.55) wp0=(-1.68,-4.32) v=-0.000 ω=+0.218 ok=True iters=8
21:38:59 [INFO] [PROG] s*=2.75/2.97 (92.6%) dist_goal=0.20
21:38:59 [INFO] [MPC] state=(-1.75,-4.32,-0.53) wp0=(-1.68,-4.32) v=-0.000 ω=+0.142 ok=True iters=8
21:38:59 [INFO] [PROG] s*=2.75/2.97 (92.6%) dist_goal=0.20
21:38:59 [INFO] [MPC] state=(-1.75,-4.32,-0.52) wp0=(-1.68,-4.32) v=-0.000 ω=+0.098 ok=True iters=8
21:38:59 [INFO] [PROG] s*=2.75/2.97 (92.6%) dist_goal=0.20
21:38:59 [INFO] [MPC] state=(-1.75,-4.32,-0.51) wp0=(-1.68,-4.32) v=-0.000 ω=+0.066 ok=True iters=8
21:38:59 [INFO] [PROG] s*=2.75/2.97 (92.6%) dist_goal=0.20
21:38:59 [INFO] [MPC] state=(-1.75,-4.32,-0.50) wp0=(-1.68,-4.32) v=-0.000 ω=+0.054 ok=True iters=8
21:38:59 [INFO] [PROG] s*=2.75/2.97 (92.6%) dist_goal=0.20
21:38:59 [INFO] [MPC] state=(-1.75,-4.32,-0.50) wp0=(-1.68,-4.32) v=-0.000 ω=+0.044 ok=True iters=8
21:38:59 [INFO] [PROG] s*=2.75/2.97 (92.6%) dist_goal=0.20
21:38:59 [INFO] [MPC] state=(-1.75,-4.32,-0.50) wp0=(-1.68,-4.32) v=-0.000 ω=+0.034 ok=True iters=8
21:38:59 [INFO] [PROG] s*=2.75/2.97 (92.6%) dist_goal=0.20
21:38:59 [INFO] [MPC] state=(-1.75,-4.32,-0.50) wp0=(-1.68,-4.32) v=-0.000 ω=+0.032 ok=True iters=8
21:38:59 [INFO] [PROG] s*=2.75/2.97 (92.6%) dist_goal=0.20
21:38:59 [INFO] [MPC] state=(-1.75,-4.32,-0.50) wp0=(-1.68,-4.32) v=-0.000 ω=+0.030 ok=True iters=8
21:38:59 [INFO] [PROG] s*=2.75/2.97 (92.6%) dist_goal=0.20
21:38:59 [INFO] [MPC] state=(-1.75,-4.32,-0.50) wp0=(-1.68,-4.32) v=-0.000 ω=+0.028 ok=True iters=8
21:38:59 [INFO] [PROG] s*=2.75/2.97 (92.6%) dist_goal=0.20
21:38:59 [INFO] [MPC] state=(-1.75,-4.32,-0.50) wp0=(-1.68,-4.32) v=-0.000 ω=+0.026 ok=True iters=8
21:38:59 [INFO] [PROG] s*=2.75/2.97 (92.6%) dist_goal=0.20
21:38:59 [INFO] [MPC] state=(-1.75,-4.32,-0.50) wp0=(-1.68,-4.32) v=-0.000 ω=+0.024 ok=True iters=8
21:38:59 [INFO] [PROG] s*=2.75/2.97 (92.6%) dist_goal=0.20
21:38:59 [INFO] [MPC] state=(-1.75,-4.32,-0.50) wp0=(-1.68,-4.32) v=-0.000 ω=+0.022 ok=True iters=8
21:38:59 [INFO] [PROG] s*=2.75/2.97 (92.6%) dist_goal=0.20
21:38:59 [INFO] [MPC] state=(-1.75,-4.32,-0.49) wp0=(-1.68,-4.32) v=-0.000 ω=+0.021 ok=True iters=8
21:38:59 [INFO] [PROG] s*=2.75/2.97 (92.6%) dist_goal=0.20
21:38:59 [INFO] [MPC] state=(-1.75,-4.32,-0.49) wp0=(-1.68,-4.32) v=-0.000 ω=+0.019 ok=True iters=8
21:38:59 [INFO] [PROG] s*=2.75/2.97 (92.6%) dist_goal=0.20
21:38:59 [INFO] [MPC] state=(-1.75,-4.32,-0.49) wp0=(-1.68,-4.32) v=-0.000 ω=+0.018 ok=True iters=8
21:38:59 [INFO] [PROG] s*=2.75/2.97 (92.6%) dist_goal=0.20
21:38:59 [INFO] [MPC] state=(-1.75,-4.32,-0.49) wp0=(-1.68,-4.32) v=-0.000 ω=+0.017 ok=True iters=8
21:38:59 [INFO] [PROG] s*=2.75/2.97 (92.6%) dist_goal=0.20
21:38:59 [INFO] [MPC] state=(-1.75,-4.32,-0.49) wp0=(-1.68,-4.32) v=-0.000 ω=+0.016 ok=True iters=8
21:38:59 [INFO] [PROG] s*=2.75/2.97 (92.6%) dist_goal=0.20
21:38:59 [INFO] [MPC] state=(-1.75,-4.32,-0.49) wp0=(-1.68,-4.32) v=-0.000 ω=+0.014 ok=True iters=8
21:38:59 [INFO] [PROG] s*=2.75/2.97 (92.6%) dist_goal=0.20
21:38:59 [INFO] [MPC] state=(-1.75,-4.32,-0.49) wp0=(-1.68,-4.32) v=-0.000 ω=+0.014 ok=True iters=8
21:38:59 [INFO] [PROG] s*=2.75/2.97 (92.6%) dist_goal=0.20
21:38:59 [INFO] [MPC] state=(-1.75,-4.32,-0.49) wp0=(-1.68,-4.32) v=-0.000 ω=+0.014 ok=True iters=8
21:38:59 [INFO] [PROG] s*=2.75/2.97 (92.6%) dist_goal=0.20
21:38:59 [INFO] [MPC] state=(-1.75,-4.32,-0.49) wp0=(-1.68,-4.32) v=-0.000 ω=+0.014 ok=True iters=8
21:38:59 [INFO] [PROG] s*=2.75/2.97 (92.6%) dist_goal=0.20
21:38:59 [INFO] [MPC] state=(-1.75,-4.32,-0.49) wp0=(-1.68,-4.32) v=-0.000 ω=+0.014 ok=True iters=8
21:38:59 [INFO] [PROG] s*=2.75/2.97 (92.6%) dist_goal=0.20
21:38:59 [INFO] [MPC] state=(-1.75,-4.32,-0.49) wp0=(-1.68,-4.32) v=-0.000 ω=+0.014 ok=True iters=8
21:38:59 [INFO] [PROG] s*=2.75/2.97 (92.6%) dist_goal=0.20
21:38:59 [INFO] [MPC] state=(-1.75,-4.32,-0.49) wp0=(-1.68,-4.32) v=-0.000 ω=+0.014 ok=True iters=8
21:38:59 [INFO] [PROG] s*=2.75/2.97 (92.6%) dist_goal=0.20
21:38:59 [INFO] [MPC] state=(-1.75,-4.32,-0.49) wp0=(-1.68,-4.32) v=-0.000 ω=+0.014 ok=True iters=8
21:38:59 [INFO] [PROG] s*=2.75/2.97 (92.6%) dist_goal=0.20
21:38:59 [INFO] [MPC] state=(-1.75,-4.32,-0.49) wp0=(-1.68,-4.32) v=-0.000 ω=+0.014 ok=True iters=8
21:38:59 [INFO] [PROG] s*=2.75/2.97 (92.6%) dist_goal=0.20
21:38:59 [INFO] [MPC] state=(-1.75,-4.32,-0.49) wp0=(-1.68,-4.32) v=-0.000 ω=+0.014 ok=True iters=8
21:38:59 [INFO] [PROG] s*=2.75/2.97 (92.6%) dist_goal=0.20
21:38:59 [INFO] [MPC] state=(-1.75,-4.32,-0.49) wp0=(-1.68,-4.32) v=-0.000 ω=+0.014 ok=True iters=8
21:38:59 [INFO] [PROG] s*=2.75/2.97 (92.6%) dist_goal=0.20
21:38:59 [INFO] [MPC] state=(-1.75,-4.32,-0.49) wp0=(-1.68,-4.32) v=-0.000 ω=+0.014 ok=True iters=8
21:38:59 [INFO] [PROG] s*=2.75/2.97 (92.6%) dist_goal=0.20
21:38:59 [INFO] [MPC] state=(-1.75,-4.32,-0.49) wp0=(-1.68,-4.32) v=-0.000 ω=+0.014 ok=True iters=8
21:38:59 [INFO] [PROG] s*=2.75/2.97 (92.6%) dist_goal=0.20
21:38:59 [INFO] [MPC] state=(-1.75,-4.32,-0.49) wp0=(-1.68,-4.32) v=-0.000 ω=+0.014 ok=True iters=8
21:38:59 [INFO] [PROG] s*=2.75/2.97 (92.6%) dist_goal=0.20
21:38:59 [INFO] [MPC] state=(-1.75,-4.32,-0.49) wp0=(-1.68,-4.32) v=-0.000 ω=+0.014 ok=True iters=8
21:38:59 [INFO] [PROG] s*=2.75/2.97 (92.6%) dist_goal=0.20
21:38:59 [INFO] [MPC] state=(-1.75,-4.32,-0.49) wp0=(-1.68,-4.32) v=-0.000 ω=+0.014 ok=True iters=8
21:38:59 [INFO] [PROG] s*=2.75/2.97 (92.6%) dist_goal=0.20
21:38:59 [INFO] [MPC] state=(-1.75,-4.32,-0.49) wp0=(-1.68,-4.32) v=-0.000 ω=+0.014 ok=True iters=8
21:38:59 [INFO] [PROG] s*=2.75/2.97 (92.6%) dist_goal=0.20
21:38:59 [INFO] [MPC] state=(-1.75,-4.32,-0.49) wp0=(-1.68,-4.32) v=-0.000 ω=+0.014 ok=True iters=8
21:38:59 [INFO] [PROG] s*=2.75/2.97 (92.6%) dist_goal=0.20
21:38:59 [INFO] [MPC] state=(-1.75,-4.32,-0.49) wp0=(-1.68,-4.32) v=-0.000 ω=+0.014 ok=True iters=8
21:39:00 [INFO] [PROG] s*=2.75/2.97 (92.6%) dist_goal=0.20
21:39:00 [INFO] [MPC] state=(-1.75,-4.32,-0.49) wp0=(-1.68,-4.32) v=-0.000 ω=+0.014 ok=True iters=8
21:39:00 [INFO] [PROG] s*=2.75/2.97 (92.6%) dist_goal=0.20
21:39:00 [INFO] [MPC] state=(-1.75,-4.32,-0.49) wp0=(-1.68,-4.32) v=-0.000 ω=+0.014 ok=True iters=8
21:39:00 [INFO] [PROG] s*=2.75/2.97 (92.6%) dist_goal=0.20
21:39:00 [INFO] [MPC] state=(-1.75,-4.32,-0.49) wp0=(-1.68,-4.32) v=-0.000 ω=+0.014 ok=True iters=8
21:39:00 [INFO] [PROG] s*=2.75/2.97 (92.6%) dist_goal=0.20
21:39:00 [INFO] [MPC] state=(-1.75,-4.32,-0.49) wp0=(-1.68,-4.32) v=-0.000 ω=+0.014 ok=True iters=8
21:39:00 [INFO] [PROG] s*=2.75/2.97 (92.6%) dist_goal=0.20
21:39:00 [INFO] [MPC] state=(-1.75,-4.32,-0.49) wp0=(-1.68,-4.32) v=-0.000 ω=+0.014 ok=True iters=8
21:39:00 [INFO] [PROG] s*=2.75/2.97 (92.6%) dist_goal=0.20
21:39:00 [INFO] [MPC] state=(-1.75,-4.32,-0.49) wp0=(-1.68,-4.32) v=-0.000 ω=+0.014 ok=True iters=8
21:39:00 [INFO] [PROG] s*=2.75/2.97 (92.6%) dist_goal=0.20
21:39:00 [INFO] [MPC] state=(-1.75,-4.32,-0.49) wp0=(-1.68,-4.32) v=-0.000 ω=+0.014 ok=True iters=8
21:39:00 [INFO] [PROG] s*=2.75/2.97 (92.6%) dist_goal=0.20
21:39:00 [INFO] [MPC] state=(-1.75,-4.32,-0.49) wp0=(-1.68,-4.32) v=-0.000 ω=+0.014 ok=True iters=8
21:39:00 [INFO] [PROG] s*=2.75/2.97 (92.6%) dist_goal=0.20
21:39:00 [INFO] [MPC] state=(-1.75,-4.32,-0.49) wp0=(-1.68,-4.32) v=-0.000 ω=+0.015 ok=True iters=8
21:39:00 [INFO] [PROG] s*=2.75/2.97 (92.6%) dist_goal=0.20
21:39:00 [INFO] [MPC] state=(-1.75,-4.32,-0.49) wp0=(-1.68,-4.32) v=-0.000 ω=+0.015 ok=True iters=8
21:39:00 [INFO] [PROG] s*=2.75/2.97 (92.6%) dist_goal=0.20
21:39:00 [INFO] [MPC] state=(-1.75,-4.32,-0.49) wp0=(-1.68,-4.32) v=-0.000 ω=+0.015 ok=True iters=8
21:39:00 [INFO] [PROG] s*=2.75/2.97 (92.6%) dist_goal=0.20
21:39:00 [INFO] [MPC] state=(-1.75,-4.32,-0.49) wp0=(-1.68,-4.32) v=-0.000 ω=+0.015 ok=True iters=8
21:39:00 [INFO] [PROG] s*=2.75/2.97 (92.6%) dist_goal=0.20
21:39:00 [INFO] [MPC] state=(-1.75,-4.32,-0.49) wp0=(-1.68,-4.32) v=-0.000 ω=+0.015 ok=True iters=8
21:39:00 [INFO] [PROG] s*=2.75/2.97 (92.6%) dist_goal=0.20
21:39:00 [INFO] [MPC] state=(-1.75,-4.32,-0.49) wp0=(-1.68,-4.32) v=-0.000 ω=+0.015 ok=True iters=8
21:39:00 [INFO] [PROG] s*=2.75/2.97 (92.6%) dist_goal=0.20
21:39:00 [INFO] [MPC] state=(-1.75,-4.32,-0.49) wp0=(-1.68,-4.32) v=-0.000 ω=+0.015 ok=True iters=8
21:39:00 [INFO] [PROG] s*=2.75/2.97 (92.6%) dist_goal=0.20
21:39:00 [INFO] [MPC] state=(-1.75,-4.32,-0.49) wp0=(-1.68,-4.32) v=-0.000 ω=+0.015 ok=True iters=8
21:39:00 [INFO] [PROG] s*=2.75/2.97 (92.6%) dist_goal=0.20
21:39:00 [INFO] [MPC] state=(-1.75,-4.32,-0.49) wp0=(-1.68,-4.32) v=-0.000 ω=+0.015 ok=True iters=8
21:39:00 [INFO] [PROG] s*=2.75/2.97 (92.6%) dist_goal=0.20
21:39:00 [INFO] [MPC] state=(-1.75,-4.32,-0.49) wp0=(-1.68,-4.32) v=-0.000 ω=+0.015 ok=True iters=8
21:39:00 [INFO] [PROG] s*=2.75/2.97 (92.6%) dist_goal=0.20
21:39:00 [INFO] [MPC] state=(-1.75,-4.32,-0.49) wp0=(-1.68,-4.32) v=-0.000 ω=+0.015 ok=True iters=8
21:39:00 [INFO] [PROG] s*=2.75/2.97 (92.6%) dist_goal=0.20
21:39:00 [INFO] [MPC] state=(-1.75,-4.32,-0.49) wp0=(-1.68,-4.32) v=-0.000 ω=+0.015 ok=True iters=8
21:39:00 [INFO] [PROG] s*=2.75/2.97 (92.6%) dist_goal=0.20
21:39:00 [INFO] [MPC] state=(-1.75,-4.32,-0.49) wp0=(-1.68,-4.32) v=-0.000 ω=+0.015 ok=True iters=8
21:39:00 [INFO] [PROG] s*=2.75/2.97 (92.6%) dist_goal=0.20
21:39:00 [INFO] [MPC] state=(-1.75,-4.32,-0.49) wp0=(-1.68,-4.32) v=-0.000 ω=+0.015 ok=True iters=8
21:39:00 [INFO] [PROG] s*=2.75/2.97 (92.6%) dist_goal=0.20
21:39:00 [INFO] [MPC] state=(-1.75,-4.32,-0.49) wp0=(-1.68,-4.32) v=-0.000 ω=+0.015 ok=True iters=8
21:39:00 [INFO] [PROG] s*=2.75/2.97 (92.6%) dist_goal=0.20
21:39:00 [INFO] [MPC] state=(-1.75,-4.32,-0.49) wp0=(-1.68,-4.32) v=-0.000 ω=+0.015 ok=True iters=8
21:39:00 [INFO] [PROG] s*=2.75/2.97 (92.6%) dist_goal=0.20
21:39:00 [INFO] [MPC] state=(-1.75,-4.32,-0.49) wp0=(-1.68,-4.32) v=-0.000 ω=+0.015 ok=True iters=8
21:39:00 [INFO] [PROG] s*=2.75/2.97 (92.6%) dist_goal=0.20
21:39:00 [INFO] [MPC] state=(-1.75,-4.32,-0.49) wp0=(-1.68,-4.32) v=-0.000 ω=+0.015 ok=True iters=8
21:39:00 [INFO] [PROG] s*=2.75/2.97 (92.6%) dist_goal=0.20
21:39:00 [INFO] [MPC] state=(-1.75,-4.32,-0.49) wp0=(-1.68,-4.32) v=-0.000 ω=+0.015 ok=True iters=8
21:39:00 [INFO] [PROG] s*=2.75/2.97 (92.6%) dist_goal=0.20
21:39:00 [INFO] [MPC] state=(-1.75,-4.32,-0.49) wp0=(-1.68,-4.32) v=-0.000 ω=+0.015 ok=True iters=8
21:39:00 [INFO] [PROG] s*=2.75/2.97 (92.6%) dist_goal=0.20
21:39:00 [INFO] [MPC] state=(-1.75,-4.32,-0.49) wp0=(-1.68,-4.32) v=-0.000 ω=+0.015 ok=True iters=8
21:39:00 [INFO] [PROG] s*=2.75/2.97 (92.6%) dist_goal=0.20
21:39:00 [INFO] [MPC] state=(-1.75,-4.32,-0.49) wp0=(-1.68,-4.32) v=-0.000 ω=+0.015 ok=True iters=8
21:39:00 [INFO] [PROG] s*=2.75/2.97 (92.6%) dist_goal=0.20
21:39:00 [INFO] [MPC] state=(-1.75,-4.32,-0.49) wp0=(-1.68,-4.32) v=-0.000 ω=+0.015 ok=True iters=8
21:39:00 [INFO] [PROG] s*=2.75/2.97 (92.6%) dist_goal=0.20
21:39:00 [INFO] [MPC] state=(-1.75,-4.32,-0.49) wp0=(-1.68,-4.32) v=-0.000 ω=+0.015 ok=True iters=8
21:39:00 [INFO] [PROG] s*=2.75/2.97 (92.6%) dist_goal=0.20
21:39:00 [INFO] [MPC] state=(-1.75,-4.32,-0.49) wp0=(-1.68,-4.32) v=-0.000 ω=+0.015 ok=True iters=8
21:39:00 [INFO] [PROG] s*=2.75/2.97 (92.6%) dist_goal=0.20
21:39:00 [INFO] [MPC] state=(-1.75,-4.32,-0.49) wp0=(-1.68,-4.32) v=-0.000 ω=+0.015 ok=True iters=8
21:39:00 [INFO] [PROG] s*=2.75/2.97 (92.6%) dist_goal=0.20
21:39:00 [INFO] [MPC] state=(-1.75,-4.32,-0.49) wp0=(-1.68,-4.32) v=-0.000 ω=+0.015 ok=True iters=8
21:39:00 [INFO] [PROG] s*=2.75/2.97 (92.6%) dist_goal=0.20
21:39:00 [INFO] [MPC] state=(-1.75,-4.32,-0.49) wp0=(-1.68,-4.32) v=-0.000 ω=+0.015 ok=True iters=8
21:39:00 [INFO] [PROG] s*=2.75/2.97 (92.6%) dist_goal=0.20
21:39:00 [INFO] [MPC] state=(-1.75,-4.32,-0.49) wp0=(-1.68,-4.32) v=-0.000 ω=+0.015 ok=True iters=8
21:39:00 [INFO] [PROG] s*=2.75/2.97 (92.6%) dist_goal=0.20
21:39:00 [INFO] [MPC] state=(-1.75,-4.32,-0.49) wp0=(-1.68,-4.32) v=-0.000 ω=+0.015 ok=True iters=8
21:39:00 [INFO] [PROG] s*=2.75/2.97 (92.6%) dist_goal=0.20
21:39:00 [INFO] [MPC] state=(-1.75,-4.32,-0.49) wp0=(-1.68,-4.32) v=-0.000 ω=+0.015 ok=True iters=8
21:39:00 [INFO] [PROG] s*=2.75/2.97 (92.6%) dist_goal=0.20
21:39:00 [INFO] [MPC] state=(-1.75,-4.32,-0.49) wp0=(-1.68,-4.32) v=-0.000 ω=+0.015 ok=True iters=8
21:39:00 [INFO] [PROG] s*=2.75/2.97 (92.6%) dist_goal=0.20
21:39:00 [INFO] [MPC] state=(-1.75,-4.32,-0.49) wp0=(-1.68,-4.32) v=-0.000 ω=+0.015 ok=True iters=8
21:39:00 [INFO] [PROG] s*=2.75/2.97 (92.6%) dist_goal=0.20
21:39:00 [INFO] [MPC] state=(-1.75,-4.32,-0.49) wp0=(-1.68,-4.32) v=-0.000 ω=+0.015 ok=True iters=8
21:39:00 [INFO] [PROG] s*=2.75/2.97 (92.6%) dist_goal=0.20
21:39:00 [INFO] [MPC] state=(-1.75,-4.32,-0.49) wp0=(-1.68,-4.32) v=-0.000 ω=+0.015 ok=True iters=8
21:39:00 [INFO] [PROG] s*=2.75/2.97 (92.6%) dist_goal=0.20
21:39:00 [INFO] [MPC] state=(-1.75,-4.32,-0.49) wp0=(-1.68,-4.32) v=-0.000 ω=+0.015 ok=True iters=8
21:39:00 [INFO] [PROG] s*=2.75/2.97 (92.6%) dist_goal=0.20
21:39:00 [INFO] [MPC] state=(-1.75,-4.32,-0.49) wp0=(-1.68,-4.32) v=-0.000 ω=+0.015 ok=True iters=8
21:39:00 [INFO] [PROG] s*=2.75/2.97 (92.6%) dist_goal=0.20
21:39:00 [INFO] [MPC] state=(-1.75,-4.32,-0.49) wp0=(-1.68,-4.32) v=-0.000 ω=+0.015 ok=True iters=8
21:39:00 [INFO] [PROG] s*=2.75/2.97 (92.6%) dist_goal=0.20
21:39:00 [INFO] [MPC] state=(-1.75,-4.32,-0.49) wp0=(-1.68,-4.32) v=-0.000 ω=+0.015 ok=True iters=8
21:39:00 [INFO] [PROG] s*=2.75/2.97 (92.6%) dist_goal=0.20
21:39:00 [INFO] [MPC] state=(-1.75,-4.32,-0.49) wp0=(-1.68,-4.32) v=-0.000 ω=+0.015 ok=True iters=8
21:39:00 [INFO] [PROG] s*=2.75/2.97 (92.6%) dist_goal=0.20
21:39:00 [INFO] [MPC] state=(-1.75,-4.32,-0.49) wp0=(-1.68,-4.32) v=-0.000 ω=+0.015 ok=True iters=8
21:39:00 [INFO] [PROG] s*=2.75/2.97 (92.6%) dist_goal=0.20
21:39:00 [INFO] [MPC] state=(-1.75,-4.32,-0.49) wp0=(-1.68,-4.32) v=-0.000 ω=+0.016 ok=True iters=8
21:39:00 [INFO] [PROG] s*=2.75/2.97 (92.6%) dist_goal=0.20
21:39:00 [INFO] [MPC] state=(-1.75,-4.32,-0.49) wp0=(-1.68,-4.32) v=-0.000 ω=+0.016 ok=True iters=8
21:39:00 [INFO] [PROG] s*=2.75/2.97 (92.6%) dist_goal=0.20
21:39:00 [INFO] [MPC] state=(-1.75,-4.32,-0.49) wp0=(-1.68,-4.32) v=-0.000 ω=+0.016 ok=True iters=8
21:39:00 [INFO] [PROG] s*=2.75/2.97 (92.6%) dist_goal=0.20
21:39:00 [INFO] [MPC] state=(-1.75,-4.32,-0.49) wp0=(-1.68,-4.32) v=-0.000 ω=+0.016 ok=True iters=8
21:39:00 [INFO] [PROG] s*=2.75/2.97 (92.6%) dist_goal=0.20
21:39:00 [INFO] [MPC] state=(-1.75,-4.32,-0.49) wp0=(-1.68,-4.32) v=-0.000 ω=+0.016 ok=True iters=8
21:39:00 [INFO] [PROG] s*=2.75/2.97 (92.6%) dist_goal=0.20
21:39:00 [INFO] [MPC] state=(-1.75,-4.32,-0.49) wp0=(-1.68,-4.32) v=-0.000 ω=+0.016 ok=True iters=8
21:39:00 [INFO] [PROG] s*=2.75/2.97 (92.6%) dist_goal=0.20
21:39:00 [INFO] [MPC] state=(-1.75,-4.32,-0.49) wp0=(-1.68,-4.32) v=-0.000 ω=+0.016 ok=True iters=8
21:39:00 [INFO] [PROG] s*=2.75/2.97 (92.6%) dist_goal=0.20
21:39:00 [INFO] [MPC] state=(-1.75,-4.32,-0.49) wp0=(-1.68,-4.32) v=-0.000 ω=+0.016 ok=True iters=8
21:39:00 [INFO] [PROG] s*=2.75/2.97 (92.6%) dist_goal=0.20
21:39:00 [INFO] [MPC] state=(-1.75,-4.32,-0.49) wp0=(-1.68,-4.32) v=-0.000 ω=+0.016 ok=True iters=8
21:39:00 [INFO] [PROG] s*=2.75/2.97 (92.6%) dist_goal=0.20
21:39:00 [INFO] [MPC] state=(-1.75,-4.32,-0.49) wp0=(-1.68,-4.32) v=-0.000 ω=+0.016 ok=True iters=8
21:39:00 [INFO] [PROG] s*=2.75/2.97 (92.6%) dist_goal=0.20
21:39:00 [INFO] [MPC] state=(-1.75,-4.32,-0.49) wp0=(-1.68,-4.32) v=-0.000 ω=+0.016 ok=True iters=8
21:39:00 [INFO] [PROG] s*=2.75/2.97 (92.6%) dist_goal=0.20
21:39:00 [INFO] [MPC] state=(-1.75,-4.32,-0.49) wp0=(-1.68,-4.32) v=-0.000 ω=+0.016 ok=True iters=8
21:39:00 [INFO] [PROG] s*=2.75/2.97 (92.6%) dist_goal=0.20
21:39:00 [INFO] [MPC] state=(-1.75,-4.32,-0.49) wp0=(-1.68,-4.32) v=-0.000 ω=+0.016 ok=True iters=8
21:39:00 [INFO] [PROG] s*=2.75/2.97 (92.6%) dist_goal=0.20
21:39:00 [INFO] [MPC] state=(-1.75,-4.32,-0.49) wp0=(-1.68,-4.32) v=-0.000 ω=+0.016 ok=True iters=8
21:39:00 [INFO] [PROG] s*=2.75/2.97 (92.6%) dist_goal=0.20
21:39:00 [INFO] [MPC] state=(-1.75,-4.32,-0.49) wp0=(-1.68,-4.32) v=-0.000 ω=+0.016 ok=True iters=8
21:39:00 [INFO] [PROG] s*=2.75/2.97 (92.6%) dist_goal=0.20
21:39:00 [INFO] [MPC] state=(-1.75,-4.32,-0.49) wp0=(-1.68,-4.32) v=-0.000 ω=+0.016 ok=True iters=8
21:39:00 [INFO] [PROG] s*=2.75/2.97 (92.6%) dist_goal=0.20
21:39:00 [INFO] [MPC] state=(-1.75,-4.32,-0.49) wp0=(-1.68,-4.32) v=-0.000 ω=+0.016 ok=True iters=8
21:39:00 [INFO] [PROG] s*=2.75/2.97 (92.6%) dist_goal=0.20
21:39:00 [INFO] [MPC] state=(-1.75,-4.32,-0.49) wp0=(-1.68,-4.32) v=-0.000 ω=+0.016 ok=True iters=8
21:39:00 [INFO] [PROG] s*=2.75/2.97 (92.6%) dist_goal=0.20
21:39:00 [INFO] [MPC] state=(-1.75,-4.32,-0.49) wp0=(-1.68,-4.32) v=-0.000 ω=+0.016 ok=True iters=8
21:39:00 [INFO] [PROG] s*=2.75/2.97 (92.6%) dist_goal=0.20
21:39:00 [INFO] [MPC] state=(-1.75,-4.32,-0.49) wp0=(-1.68,-4.32) v=-0.000 ω=+0.016 ok=True iters=8
21:39:00 [INFO] [PROG] s*=2.75/2.97 (92.6%) dist_goal=0.20
21:39:00 [INFO] [MPC] state=(-1.75,-4.32,-0.49) wp0=(-1.68,-4.32) v=-0.000 ω=+0.016 ok=True iters=8
21:39:00 [INFO] [PROG] s*=2.75/2.97 (92.6%) dist_goal=0.20
21:39:00 [INFO] [MPC] state=(-1.75,-4.32,-0.49) wp0=(-1.68,-4.32) v=-0.000 ω=+0.016 ok=True iters=8
21:39:00 [INFO] [PROG] s*=2.75/2.97 (92.6%) dist_goal=0.20
21:39:00 [INFO] [MPC] state=(-1.75,-4.32,-0.49) wp0=(-1.68,-4.32) v=-0.000 ω=+0.016 ok=True iters=8
21:39:00 [INFO] [PROG] s*=2.75/2.97 (92.6%) dist_goal=0.20
21:39:00 [INFO] [MPC] state=(-1.75,-4.32,-0.49) wp0=(-1.68,-4.32) v=-0.000 ω=+0.016 ok=True iters=8
21:39:00 [INFO] [PROG] s*=2.75/2.97 (92.6%) dist_goal=0.20
21:39:00 [INFO] [MPC] state=(-1.75,-4.32,-0.49) wp0=(-1.68,-4.32) v=-0.000 ω=+0.016 ok=True iters=8
21:39:00 [INFO] [PROG] s*=2.75/2.97 (92.6%) dist_goal=0.20
21:39:00 [INFO] [MPC] state=(-1.75,-4.32,-0.49) wp0=(-1.68,-4.32) v=-0.000 ω=+0.016 ok=True iters=8
21:39:00 [INFO] [PROG] s*=2.75/2.97 (92.6%) dist_goal=0.20
21:39:00 [INFO] [MPC] state=(-1.75,-4.32,-0.49) wp0=(-1.68,-4.32) v=-0.000 ω=+0.016 ok=True iters=8
21:39:00 [INFO] [PROG] s*=2.75/2.97 (92.6%) dist_goal=0.20
21:39:00 [INFO] [MPC] state=(-1.75,-4.32,-0.49) wp0=(-1.68,-4.32) v=-0.000 ω=+0.016 ok=True iters=8
21:39:00 [INFO] [PROG] s*=2.75/2.97 (92.6%) dist_goal=0.20
21:39:00 [INFO] [MPC] state=(-1.75,-4.32,-0.49) wp0=(-1.68,-4.32) v=-0.000 ω=+0.016 ok=True iters=8
21:39:00 [INFO] [PROG] s*=2.75/2.97 (92.6%) dist_goal=0.20
21:39:00 [INFO] [MPC] state=(-1.75,-4.32,-0.49) wp0=(-1.68,-4.32) v=-0.000 ω=+0.016 ok=True iters=8
21:39:00 [INFO] [PROG] s*=2.75/2.97 (92.6%) dist_goal=0.20
21:39:00 [INFO] [MPC] state=(-1.75,-4.32,-0.49) wp0=(-1.68,-4.32) v=-0.000 ω=+0.016 ok=True iters=8
21:39:00 [INFO] [PROG] s*=2.75/2.97 (92.6%) dist_goal=0.20
21:39:00 [INFO] [MPC] state=(-1.75,-4.32,-0.49) wp0=(-1.68,-4.32) v=-0.000 ω=+0.016 ok=True iters=8
21:39:00 [INFO] [PROG] s*=2.75/2.97 (92.6%) dist_goal=0.20
21:39:00 [INFO] [MPC] state=(-1.75,-4.32,-0.49) wp0=(-1.68,-4.32) v=-0.000 ω=+0.016 ok=True iters=8
21:39:00 [INFO] [PROG] s*=2.75/2.97 (92.6%) dist_goal=0.20
21:39:00 [INFO] [MPC] state=(-1.75,-4.32,-0.49) wp0=(-1.68,-4.32) v=-0.000 ω=+0.016 ok=True iters=8
21:39:00 [INFO] [PROG] s*=2.75/2.97 (92.6%) dist_goal=0.20
21:39:00 [INFO] [MPC] state=(-1.75,-4.32,-0.49) wp0=(-1.68,-4.32) v=-0.000 ω=+0.016 ok=True iters=8
21:39:00 [INFO] [PROG] s*=2.75/2.97 (92.6%) dist_goal=0.20
21:39:00 [INFO] [MPC] state=(-1.75,-4.32,-0.49) wp0=(-1.68,-4.32) v=-0.000 ω=+0.016 ok=True iters=8
21:39:00 [INFO] [PROG] s*=2.75/2.97 (92.6%) dist_goal=0.20
21:39:00 [INFO] [MPC] state=(-1.75,-4.32,-0.49) wp0=(-1.68,-4.32) v=-0.000 ω=+0.016 ok=True iters=8
21:39:00 [INFO] [PROG] s*=2.75/2.97 (92.6%) dist_goal=0.20
21:39:00 [INFO] [MPC] state=(-1.75,-4.32,-0.49) wp0=(-1.68,-4.32) v=-0.000 ω=+0.016 ok=True iters=8
21:39:00 [INFO] [PROG] s*=2.75/2.97 (92.6%) dist_goal=0.20
21:39:00 [INFO] [MPC] state=(-1.75,-4.32,-0.49) wp0=(-1.68,-4.32) v=-0.000 ω=+0.016 ok=True iters=8
21:39:00 [INFO] [PROG] s*=2.75/2.97 (92.6%) dist_goal=0.20
21:39:00 [INFO] [MPC] state=(-1.75,-4.32,-0.49) wp0=(-1.68,-4.32) v=-0.000 ω=+0.016 ok=True iters=8
21:39:00 [INFO] [PROG] s*=2.75/2.97 (92.6%) dist_goal=0.20
21:39:00 [INFO] [MPC] state=(-1.75,-4.32,-0.49) wp0=(-1.68,-4.32) v=-0.000 ω=+0.017 ok=True iters=8
21:39:00 [INFO] [PROG] s*=2.75/2.97 (92.6%) dist_goal=0.20
21:39:00 [INFO] [MPC] state=(-1.75,-4.32,-0.49) wp0=(-1.68,-4.32) v=-0.000 ω=+0.017 ok=True iters=8
21:39:00 [INFO] [PROG] s*=2.75/2.97 (92.6%) dist_goal=0.20
21:39:00 [INFO] [MPC] state=(-1.75,-4.32,-0.49) wp0=(-1.68,-4.32) v=-0.000 ω=+0.017 ok=True iters=8
21:39:00 [INFO] [PROG] s*=2.75/2.97 (92.6%) dist_goal=0.20
21:39:00 [INFO] [MPC] state=(-1.75,-4.32,-0.49) wp0=(-1.68,-4.32) v=-0.000 ω=+0.017 ok=True iters=8
21:39:00 [INFO] [PROG] s*=2.75/2.97 (92.6%) dist_goal=0.20
21:39:00 [INFO] [MPC] state=(-1.75,-4.32,-0.49) wp0=(-1.68,-4.32) v=-0.000 ω=+0.017 ok=True iters=8
21:39:00 [INFO] [PROG] s*=2.75/2.97 (92.6%) dist_goal=0.20
21:39:00 [INFO] [MPC] state=(-1.75,-4.32,-0.49) wp0=(-1.68,-4.32) v=-0.000 ω=+0.017 ok=True iters=8
21:39:00 [INFO] [PROG] s*=2.75/2.97 (92.6%) dist_goal=0.20
21:39:00 [INFO] [MPC] state=(-1.75,-4.32,-0.49) wp0=(-1.68,-4.32) v=-0.000 ω=+0.017 ok=True iters=8
21:39:00 [INFO] [PROG] s*=2.75/2.97 (92.6%) dist_goal=0.20
21:39:00 [INFO] [MPC] state=(-1.75,-4.32,-0.49) wp0=(-1.68,-4.32) v=-0.000 ω=+0.017 ok=True iters=8
21:39:00 [INFO] [PROG] s*=2.75/2.97 (92.6%) dist_goal=0.20
21:39:00 [INFO] [MPC] state=(-1.75,-4.32,-0.49) wp0=(-1.68,-4.32) v=-0.000 ω=+0.017 ok=True iters=8
21:39:00 [INFO] [PROG] s*=2.75/2.97 (92.6%) dist_goal=0.20
21:39:00 [INFO] [MPC] state=(-1.75,-4.32,-0.49) wp0=(-1.68,-4.32) v=-0.000 ω=+0.017 ok=True iters=8
21:39:00 [INFO] [PROG] s*=2.75/2.97 (92.6%) dist_goal=0.20
21:39:00 [INFO] [MPC] state=(-1.75,-4.32,-0.49) wp0=(-1.68,-4.32) v=-0.000 ω=+0.017 ok=True iters=8
21:39:00 [INFO] [PROG] s*=2.75/2.97 (92.6%) dist_goal=0.20
21:39:00 [INFO] [MPC] state=(-1.75,-4.32,-0.49) wp0=(-1.68,-4.32) v=-0.000 ω=+0.017 ok=True iters=8
21:39:00 [INFO] [PROG] s*=2.75/2.97 (92.6%) dist_goal=0.20
21:39:00 [INFO] [MPC] state=(-1.75,-4.32,-0.49) wp0=(-1.68,-4.32) v=-0.000 ω=+0.017 ok=True iters=8
21:39:00 [INFO] [PROG] s*=2.75/2.97 (92.6%) dist_goal=0.20
21:39:00 [INFO] [MPC] state=(-1.75,-4.32,-0.49) wp0=(-1.68,-4.32) v=-0.000 ω=+0.017 ok=True iters=8
21:39:00 [INFO] [PROG] s*=2.75/2.97 (92.6%) dist_goal=0.20
21:39:00 [INFO] [MPC] state=(-1.75,-4.32,-0.49) wp0=(-1.68,-4.32) v=-0.000 ω=+0.017 ok=True iters=8
21:39:00 [INFO] [PROG] s*=2.75/2.97 (92.6%) dist_goal=0.20
21:39:00 [INFO] [MPC] state=(-1.75,-4.32,-0.49) wp0=(-1.68,-4.32) v=-0.000 ω=+0.017 ok=True iters=8
21:39:00 [INFO] [PROG] s*=2.75/2.97 (92.6%) dist_goal=0.20
21:39:00 [INFO] [MPC] state=(-1.75,-4.32,-0.49) wp0=(-1.68,-4.32) v=-0.000 ω=+0.017 ok=True iters=8
21:39:00 [INFO] [PROG] s*=2.75/2.97 (92.6%) dist_goal=0.20
21:39:00 [INFO] [MPC] state=(-1.75,-4.32,-0.49) wp0=(-1.68,-4.32) v=-0.000 ω=+0.017 ok=True iters=8
21:39:00 [INFO] [PROG] s*=2.75/2.97 (92.6%) dist_goal=0.20
21:39:00 [INFO] [MPC] state=(-1.75,-4.32,-0.49) wp0=(-1.68,-4.32) v=-0.000 ω=+0.017 ok=True iters=8
21:39:00 [INFO] [PROG] s*=2.75/2.97 (92.6%) dist_goal=0.20
21:39:00 [INFO] [MPC] state=(-1.75,-4.32,-0.49) wp0=(-1.68,-4.32) v=-0.000 ω=+0.017 ok=True iters=8
21:39:00 [INFO] [PROG] s*=2.75/2.97 (92.6%) dist_goal=0.20
21:39:00 [INFO] [MPC] state=(-1.75,-4.32,-0.49) wp0=(-1.68,-4.32) v=-0.000 ω=+0.017 ok=True iters=8
21:39:00 [INFO] [PROG] s*=2.75/2.97 (92.6%) dist_goal=0.20
21:39:00 [INFO] [MPC] state=(-1.75,-4.32,-0.49) wp0=(-1.68,-4.32) v=-0.000 ω=+0.017 ok=True iters=8
21:39:00 [INFO] [PROG] s*=2.75/2.97 (92.6%) dist_goal=0.20
21:39:00 [INFO] [MPC] state=(-1.75,-4.32,-0.49) wp0=(-1.68,-4.32) v=-0.000 ω=+0.017 ok=True iters=8
21:39:00 [INFO] [PROG] s*=2.75/2.97 (92.6%) dist_goal=0.20
21:39:00 [INFO] [MPC] state=(-1.75,-4.32,-0.49) wp0=(-1.68,-4.32) v=-0.000 ω=+0.017 ok=True iters=8
21:39:00 [INFO] [PROG] s*=2.75/2.97 (92.6%) dist_goal=0.20
21:39:00 [INFO] [MPC] state=(-1.75,-4.32,-0.49) wp0=(-1.68,-4.32) v=-0.000 ω=+0.017 ok=True iters=8
21:39:00 [INFO] [PROG] s*=2.75/2.97 (92.6%) dist_goal=0.20
21:39:00 [INFO] [MPC] state=(-1.75,-4.32,-0.49) wp0=(-1.68,-4.32) v=-0.000 ω=+0.017 ok=True iters=8
21:39:00 [INFO] [PROG] s*=2.75/2.97 (92.6%) dist_goal=0.20
21:39:00 [INFO] [MPC] state=(-1.75,-4.32,-0.49) wp0=(-1.68,-4.32) v=-0.000 ω=+0.017 ok=True iters=8
21:39:00 [INFO] [PROG] s*=2.75/2.97 (92.6%) dist_goal=0.20
21:39:00 [INFO] [MPC] state=(-1.75,-4.32,-0.49) wp0=(-1.68,-4.32) v=-0.000 ω=+0.017 ok=True iters=8
21:39:00 [INFO] [PROG] s*=2.75/2.97 (92.6%) dist_goal=0.20
21:39:00 [INFO] [MPC] state=(-1.75,-4.32,-0.49) wp0=(-1.68,-4.32) v=-0.000 ω=+0.017 ok=True iters=8
21:39:00 [INFO] [PROG] s*=2.75/2.97 (92.6%) dist_goal=0.20
21:39:00 [INFO] [MPC] state=(-1.75,-4.32,-0.49) wp0=(-1.68,-4.32) v=-0.000 ω=+0.017 ok=True iters=8
21:39:00 [INFO] [PROG] s*=2.75/2.97 (92.6%) dist_goal=0.20
21:39:00 [INFO] [MPC] state=(-1.75,-4.32,-0.49) wp0=(-1.68,-4.32) v=-0.000 ω=+0.017 ok=True iters=8
21:39:00 [INFO] [PROG] s*=2.75/2.97 (92.6%) dist_goal=0.20
21:39:00 [INFO] [MPC] state=(-1.75,-4.32,-0.49) wp0=(-1.68,-4.32) v=-0.000 ω=+0.017 ok=True iters=8
21:39:00 [INFO] [PROG] s*=2.75/2.97 (92.6%) dist_goal=0.20
21:39:00 [INFO] [MPC] state=(-1.75,-4.32,-0.49) wp0=(-1.68,-4.32) v=-0.000 ω=+0.017 ok=True iters=8
21:39:00 [INFO] [PROG] s*=2.75/2.97 (92.6%) dist_goal=0.20
21:39:00 [INFO] [MPC] state=(-1.75,-4.32,-0.49) wp0=(-1.68,-4.32) v=-0.000 ω=+0.017 ok=True iters=8
21:39:00 [INFO] [PROG] s*=2.75/2.97 (92.6%) dist_goal=0.20
21:39:00 [INFO] [MPC] state=(-1.75,-4.32,-0.49) wp0=(-1.68,-4.32) v=-0.000 ω=+0.017 ok=True iters=8
21:39:00 [INFO] [PROG] s*=2.75/2.97 (92.6%) dist_goal=0.20
21:39:00 [INFO] [MPC] state=(-1.75,-4.32,-0.49) wp0=(-1.68,-4.32) v=-0.000 ω=+0.017 ok=True iters=8
21:39:00 [INFO] [PROG] s*=2.75/2.97 (92.6%) dist_goal=0.20
21:39:00 [INFO] [MPC] state=(-1.75,-4.32,-0.49) wp0=(-1.68,-4.32) v=-0.000 ω=+0.017 ok=True iters=8
21:39:00 [INFO] [PROG] s*=2.75/2.97 (92.6%) dist_goal=0.20
21:39:00 [INFO] [MPC] state=(-1.75,-4.32,-0.49) wp0=(-1.68,-4.32) v=-0.000 ω=+0.017 ok=True iters=8
21:39:00 [INFO] [PROG] s*=2.75/2.97 (92.6%) dist_goal=0.20
21:39:00 [INFO] [MPC] state=(-1.75,-4.32,-0.49) wp0=(-1.68,-4.32) v=-0.000 ω=+0.017 ok=True iters=8
21:39:00 [INFO] [PROG] s*=2.75/2.97 (92.6%) dist_goal=0.20
21:39:00 [INFO] [MPC] state=(-1.75,-4.32,-0.49) wp0=(-1.68,-4.32) v=-0.000 ω=+0.017 ok=True iters=8
21:39:00 [INFO] [PROG] s*=2.75/2.97 (92.6%) dist_goal=0.20
21:39:00 [INFO] [MPC] state=(-1.75,-4.32,-0.49) wp0=(-1.68,-4.32) v=-0.000 ω=+0.017 ok=True iters=8
21:39:00 [INFO] [PROG] s*=2.75/2.97 (92.6%) dist_goal=0.20
21:39:00 [INFO] [MPC] state=(-1.75,-4.32,-0.49) wp0=(-1.68,-4.32) v=-0.000 ω=+0.018 ok=True iters=8
21:39:00 [INFO] [PROG] s*=2.75/2.97 (92.6%) dist_goal=0.20
21:39:00 [INFO] [MPC] state=(-1.75,-4.32,-0.49) wp0=(-1.68,-4.32) v=-0.000 ω=+0.018 ok=True iters=8
21:39:00 [INFO] [PROG] s*=2.75/2.97 (92.6%) dist_goal=0.20
21:39:00 [INFO] [MPC] state=(-1.75,-4.32,-0.49) wp0=(-1.68,-4.32) v=-0.000 ω=+0.018 ok=True iters=8
21:39:00 [INFO] [PROG] s*=2.75/2.97 (92.6%) dist_goal=0.20
21:39:00 [INFO] [MPC] state=(-1.75,-4.32,-0.49) wp0=(-1.68,-4.32) v=-0.000 ω=+0.018 ok=True iters=8
21:39:00 [INFO] [PROG] s*=2.75/2.97 (92.6%) dist_goal=0.20
21:39:00 [INFO] [MPC] state=(-1.75,-4.32,-0.49) wp0=(-1.68,-4.32) v=-0.000 ω=+0.018 ok=True iters=8
21:39:00 [INFO] [PROG] s*=2.75/2.97 (92.6%) dist_goal=0.20
21:39:00 [INFO] [MPC] state=(-1.75,-4.32,-0.49) wp0=(-1.68,-4.32) v=-0.000 ω=+0.018 ok=True iters=8
21:39:00 [INFO] [PROG] s*=2.75/2.97 (92.6%) dist_goal=0.20
21:39:00 [INFO] [MPC] state=(-1.75,-4.32,-0.49) wp0=(-1.68,-4.32) v=-0.000 ω=+0.018 ok=True iters=8
21:39:00 [INFO] [PROG] s*=2.75/2.97 (92.6%) dist_goal=0.20
21:39:00 [INFO] [MPC] state=(-1.75,-4.32,-0.49) wp0=(-1.68,-4.32) v=-0.000 ω=+0.018 ok=True iters=8
21:39:00 [INFO] [PROG] s*=2.75/2.97 (92.6%) dist_goal=0.20
21:39:00 [INFO] [MPC] state=(-1.75,-4.32,-0.49) wp0=(-1.68,-4.32) v=-0.000 ω=+0.018 ok=True iters=8
21:39:00 [INFO] [PROG] s*=2.75/2.97 (92.6%) dist_goal=0.20
21:39:00 [INFO] [MPC] state=(-1.75,-4.32,-0.49) wp0=(-1.68,-4.32) v=-0.000 ω=+0.018 ok=True iters=8
21:39:00 [INFO] [PROG] s*=2.75/2.97 (92.6%) dist_goal=0.20
21:39:00 [INFO] [MPC] state=(-1.75,-4.32,-0.49) wp0=(-1.68,-4.32) v=-0.000 ω=+0.018 ok=True iters=8
21:39:00 [INFO] [PROG] s*=2.75/2.97 (92.6%) dist_goal=0.20
21:39:00 [INFO] [MPC] state=(-1.75,-4.32,-0.49) wp0=(-1.68,-4.32) v=-0.000 ω=+0.018 ok=True iters=8
21:39:00 [INFO] [PROG] s*=2.75/2.97 (92.6%) dist_goal=0.20
21:39:00 [INFO] [MPC] state=(-1.75,-4.32,-0.49) wp0=(-1.68,-4.32) v=-0.000 ω=+0.018 ok=True iters=8
21:39:00 [INFO] [PROG] s*=2.75/2.97 (92.6%) dist_goal=0.20
21:39:00 [INFO] [MPC] state=(-1.75,-4.32,-0.49) wp0=(-1.68,-4.32) v=-0.000 ω=+0.018 ok=True iters=8
21:39:00 [INFO] [PROG] s*=2.75/2.97 (92.6%) dist_goal=0.20
21:39:00 [INFO] [MPC] state=(-1.75,-4.32,-0.49) wp0=(-1.68,-4.32) v=-0.000 ω=+0.018 ok=True iters=8
21:39:00 [INFO] [PROG] s*=2.75/2.97 (92.6%) dist_goal=0.20
21:39:00 [INFO] [MPC] state=(-1.75,-4.32,-0.49) wp0=(-1.68,-4.32) v=-0.000 ω=+0.018 ok=True iters=8
21:39:00 [INFO] [PROG] s*=2.75/2.97 (92.6%) dist_goal=0.20
21:39:00 [INFO] [MPC] state=(-1.75,-4.32,-0.49) wp0=(-1.68,-4.32) v=-0.000 ω=+0.018 ok=True iters=8
21:39:00 [INFO] [PROG] s*=2.75/2.97 (92.6%) dist_goal=0.20
21:39:00 [INFO] [MPC] state=(-1.75,-4.32,-0.49) wp0=(-1.68,-4.32) v=-0.000 ω=+0.018 ok=True iters=8
21:39:00 [INFO] [PROG] s*=2.75/2.97 (92.6%) dist_goal=0.20
21:39:00 [INFO] [MPC] state=(-1.75,-4.32,-0.49) wp0=(-1.68,-4.32) v=-0.000 ω=+0.018 ok=True iters=8
21:39:00 [INFO] [PROG] s*=2.75/2.97 (92.6%) dist_goal=0.20
21:39:00 [INFO] [MPC] state=(-1.75,-4.32,-0.49) wp0=(-1.68,-4.32) v=-0.000 ω=+0.018 ok=True iters=8
21:39:00 [INFO] [PROG] s*=2.75/2.97 (92.6%) dist_goal=0.20
21:39:00 [INFO] [MPC] state=(-1.75,-4.32,-0.49) wp0=(-1.68,-4.32) v=-0.000 ω=+0.018 ok=True iters=8
21:39:00 [INFO] [PROG] s*=2.75/2.97 (92.6%) dist_goal=0.20
21:39:00 [INFO] [MPC] state=(-1.75,-4.32,-0.49) wp0=(-1.68,-4.32) v=-0.000 ω=+0.018 ok=True iters=8
21:39:00 [INFO] [PROG] s*=2.75/2.97 (92.6%) dist_goal=0.20
21:39:00 [INFO] [MPC] state=(-1.75,-4.32,-0.49) wp0=(-1.68,-4.32) v=-0.000 ω=+0.018 ok=True iters=8
21:39:00 [INFO] [PROG] s*=2.75/2.97 (92.6%) dist_goal=0.20
21:39:00 [INFO] [MPC] state=(-1.75,-4.32,-0.49) wp0=(-1.68,-4.32) v=-0.000 ω=+0.018 ok=True iters=8
21:39:00 [INFO] [PROG] s*=2.75/2.97 (92.6%) dist_goal=0.20
21:39:00 [INFO] [MPC] state=(-1.75,-4.32,-0.49) wp0=(-1.68,-4.32) v=-0.000 ω=+0.018 ok=True iters=8
21:39:00 [INFO] [PROG] s*=2.75/2.97 (92.6%) dist_goal=0.20
21:39:00 [INFO] [MPC] state=(-1.75,-4.32,-0.49) wp0=(-1.68,-4.32) v=-0.000 ω=+0.018 ok=True iters=8
21:39:00 [INFO] [PROG] s*=2.75/2.97 (92.6%) dist_goal=0.20
21:39:00 [INFO] [MPC] state=(-1.75,-4.32,-0.49) wp0=(-1.68,-4.32) v=-0.000 ω=+0.018 ok=True iters=8
21:39:00 [INFO] [PROG] s*=2.75/2.97 (92.6%) dist_goal=0.20
21:39:00 [INFO] [MPC] state=(-1.75,-4.32,-0.49) wp0=(-1.68,-4.32) v=-0.000 ω=+0.018 ok=True iters=8
21:39:00 [INFO] [PROG] s*=2.75/2.97 (92.6%) dist_goal=0.20
21:39:00 [INFO] [MPC] state=(-1.75,-4.32,-0.49) wp0=(-1.68,-4.32) v=-0.000 ω=+0.018 ok=True iters=8
21:39:00 [INFO] [PROG] s*=2.75/2.97 (92.6%) dist_goal=0.20
21:39:00 [INFO] [MPC] state=(-1.75,-4.32,-0.49) wp0=(-1.68,-4.32) v=-0.000 ω=+0.018 ok=True iters=8
21:39:00 [INFO] [PROG] s*=2.75/2.97 (92.6%) dist_goal=0.20
21:39:00 [INFO] [MPC] state=(-1.75,-4.32,-0.49) wp0=(-1.68,-4.32) v=-0.000 ω=+0.018 ok=True iters=8
21:39:00 [INFO] [PROG] s*=2.75/2.97 (92.6%) dist_goal=0.20
21:39:00 [INFO] [MPC] state=(-1.75,-4.32,-0.49) wp0=(-1.68,-4.32) v=-0.000 ω=+0.018 ok=True iters=8
21:39:00 [INFO] [PROG] s*=2.75/2.97 (92.6%) dist_goal=0.20
21:39:00 [INFO] [MPC] state=(-1.75,-4.32,-0.49) wp0=(-1.68,-4.32) v=-0.000 ω=+0.018 ok=True iters=8
21:39:00 [INFO] [PROG] s*=2.75/2.97 (92.6%) dist_goal=0.20
21:39:00 [INFO] [MPC] state=(-1.75,-4.32,-0.49) wp0=(-1.68,-4.32) v=-0.000 ω=+0.018 ok=True iters=8
21:39:00 [INFO] [PROG] s*=2.75/2.97 (92.6%) dist_goal=0.20
21:39:00 [INFO] [MPC] state=(-1.75,-4.32,-0.49) wp0=(-1.68,-4.32) v=-0.000 ω=+0.018 ok=True iters=8
21:39:01 [INFO] [PROG] s*=2.75/2.97 (92.6%) dist_goal=0.20
21:39:01 [INFO] [MPC] state=(-1.75,-4.32,-0.49) wp0=(-1.68,-4.32) v=-0.000 ω=+0.018 ok=True iters=8
21:39:01 [INFO] [PROG] s*=2.75/2.97 (92.6%) dist_goal=0.20
21:39:01 [INFO] [MPC] state=(-1.75,-4.32,-0.49) wp0=(-1.68,-4.32) v=-0.000 ω=+0.018 ok=True iters=8
21:39:01 [INFO] [PROG] s*=2.75/2.97 (92.6%) dist_goal=0.20
21:39:01 [INFO] [MPC] state=(-1.75,-4.32,-0.49) wp0=(-1.68,-4.32) v=-0.000 ω=+0.018 ok=True iters=8
21:39:01 [INFO] [PROG] s*=2.75/2.97 (92.6%) dist_goal=0.20
21:39:01 [INFO] [MPC] state=(-1.75,-4.32,-0.49) wp0=(-1.68,-4.32) v=-0.000 ω=+0.018 ok=True iters=8
21:39:01 [INFO] [PROG] s*=2.75/2.97 (92.6%) dist_goal=0.20
21:39:01 [INFO] [MPC] state=(-1.75,-4.32,-0.49) wp0=(-1.68,-4.32) v=-0.000 ω=+0.018 ok=True iters=8
21:39:01 [INFO] [PROG] s*=2.75/2.97 (92.6%) dist_goal=0.20
21:39:01 [INFO] [MPC] state=(-1.75,-4.32,-0.49) wp0=(-1.68,-4.32) v=-0.000 ω=+0.019 ok=True iters=8
21:39:01 [INFO] [PROG] s*=2.75/2.97 (92.6%) dist_goal=0.20
21:39:01 [INFO] [MPC] state=(-1.75,-4.32,-0.49) wp0=(-1.68,-4.32) v=-0.000 ω=+0.019 ok=True iters=8
21:39:01 [INFO] [PROG] s*=2.75/2.97 (92.6%) dist_goal=0.20
21:39:01 [INFO] [MPC] state=(-1.75,-4.32,-0.49) wp0=(-1.68,-4.32) v=-0.000 ω=+0.019 ok=True iters=8
21:39:01 [INFO] [PROG] s*=2.75/2.97 (92.6%) dist_goal=0.20
21:39:01 [INFO] [MPC] state=(-1.75,-4.32,-0.49) wp0=(-1.68,-4.32) v=-0.000 ω=+0.019 ok=True iters=8
21:39:01 [INFO] [PROG] s*=2.75/2.97 (92.6%) dist_goal=0.20
21:39:01 [INFO] [MPC] state=(-1.75,-4.32,-0.49) wp0=(-1.68,-4.32) v=-0.000 ω=+0.019 ok=True iters=8
21:39:01 [INFO] [PROG] s*=2.75/2.97 (92.6%) dist_goal=0.20
21:39:01 [INFO] [MPC] state=(-1.75,-4.32,-0.49) wp0=(-1.68,-4.32) v=-0.000 ω=+0.019 ok=True iters=8
21:39:01 [INFO] [PROG] s*=2.75/2.97 (92.6%) dist_goal=0.20
21:39:01 [INFO] [MPC] state=(-1.75,-4.32,-0.49) wp0=(-1.68,-4.32) v=-0.000 ω=+0.019 ok=True iters=8
21:39:01 [INFO] [PROG] s*=2.75/2.97 (92.6%) dist_goal=0.20
21:39:01 [INFO] [MPC] state=(-1.75,-4.32,-0.49) wp0=(-1.68,-4.32) v=-0.000 ω=+0.019 ok=True iters=8
21:39:01 [INFO] [PROG] s*=2.75/2.97 (92.6%) dist_goal=0.20
21:39:01 [INFO] [MPC] state=(-1.75,-4.32,-0.49) wp0=(-1.68,-4.32) v=-0.000 ω=+0.019 ok=True iters=8
21:39:01 [INFO] [PROG] s*=2.75/2.97 (92.6%) dist_goal=0.20
21:39:01 [INFO] [MPC] state=(-1.75,-4.32,-0.49) wp0=(-1.68,-4.32) v=-0.000 ω=+0.019 ok=True iters=8
21:39:01 [INFO] [PROG] s*=2.75/2.97 (92.6%) dist_goal=0.20
21:39:01 [INFO] [MPC] state=(-1.75,-4.32,-0.49) wp0=(-1.68,-4.32) v=-0.000 ω=+0.019 ok=True iters=8
21:39:01 [INFO] [PROG] s*=2.75/2.97 (92.6%) dist_goal=0.20
21:39:01 [INFO] [MPC] state=(-1.75,-4.32,-0.49) wp0=(-1.68,-4.32) v=-0.000 ω=+0.019 ok=True iters=8
21:39:01 [INFO] [PROG] s*=2.75/2.97 (92.6%) dist_goal=0.20
21:39:01 [INFO] [MPC] state=(-1.75,-4.32,-0.49) wp0=(-1.68,-4.32) v=-0.000 ω=+0.019 ok=True iters=8
21:39:01 [INFO] [PROG] s*=2.75/2.97 (92.6%) dist_goal=0.20
21:39:01 [INFO] [MPC] state=(-1.75,-4.32,-0.49) wp0=(-1.68,-4.32) v=-0.000 ω=+0.019 ok=True iters=8
21:39:01 [INFO] [PROG] s*=2.75/2.97 (92.6%) dist_goal=0.20
21:39:01 [INFO] [MPC] state=(-1.75,-4.32,-0.49) wp0=(-1.68,-4.32) v=-0.000 ω=+0.019 ok=True iters=8
21:39:01 [INFO] [PROG] s*=2.75/2.97 (92.6%) dist_goal=0.20
21:39:01 [INFO] [MPC] state=(-1.75,-4.32,-0.49) wp0=(-1.68,-4.32) v=-0.000 ω=+0.019 ok=True iters=8
21:39:01 [INFO] [PROG] s*=2.75/2.97 (92.6%) dist_goal=0.20
21:39:01 [INFO] [MPC] state=(-1.75,-4.32,-0.49) wp0=(-1.68,-4.32) v=-0.000 ω=+0.019 ok=True iters=8
21:39:01 [INFO] [PROG] s*=2.75/2.97 (92.6%) dist_goal=0.20
21:39:01 [INFO] [MPC] state=(-1.75,-4.32,-0.49) wp0=(-1.68,-4.32) v=-0.000 ω=+0.019 ok=True iters=8
21:39:01 [INFO] [PROG] s*=2.75/2.97 (92.6%) dist_goal=0.20
21:39:01 [INFO] [MPC] state=(-1.75,-4.32,-0.49) wp0=(-1.68,-4.32) v=-0.000 ω=+0.019 ok=True iters=8
21:39:01 [INFO] [PROG] s*=2.75/2.97 (92.6%) dist_goal=0.20
21:39:01 [INFO] [MPC] state=(-1.75,-4.32,-0.49) wp0=(-1.68,-4.32) v=-0.000 ω=+0.019 ok=True iters=8
21:39:01 [INFO] [PROG] s*=2.75/2.97 (92.6%) dist_goal=0.20
21:39:01 [INFO] [MPC] state=(-1.75,-4.32,-0.49) wp0=(-1.68,-4.32) v=-0.000 ω=+0.019 ok=True iters=8
21:39:01 [INFO] [PROG] s*=2.75/2.97 (92.6%) dist_goal=0.20
21:39:01 [INFO] [MPC] state=(-1.75,-4.32,-0.49) wp0=(-1.68,-4.32) v=-0.000 ω=+0.019 ok=True iters=8
