20:21:31 [INFO] === New MPC Session Started ===
20:21:31 [DEBUG] matplotlib data path: /usr/share/matplotlib/mpl-data
20:21:31 [DEBUG] CONFIGDIR=/home/max/.config/matplotlib
20:21:31 [DEBUG] interactive is False
20:21:31 [DEBUG] platform is linux
20:21:31 [DEBUG] loaded modules: ['sys', 'builtins', '_frozen_importlib', '_imp', '_thread', '_warnings', '_weakref', '_io', 'marshal', 'posix', '_frozen_importlib_external', 'time', 'zipimport', '_codecs', 'codecs', 'encodings.aliases', 'encodings', 'encodings.utf_8', '_signal', '_abc', 'abc', 'io', '__main__', '_stat', 'stat', '_collections_abc', 'genericpath', 'posixpath', 'os.path', 'os', '_sitebuiltins', 'types', 'importlib._bootstrap', 'importlib._bootstrap_external', 'warnings', 'importlib', 'importlib._abc', 'itertools', 'keyword', '_operator', 'operator', 'reprlib', '_collections', 'collections', '_functools', 'functools', 'contextlib', 'importlib.util', 'importlib.machinery', 'mpl_toolkits', 'phply', 'ruamel', 'zope', 'apport_python_hook', 'sitecustomize', 'site', 'crowdnav', 'crowdnav.env', 'gym.error', 'gym.version', 'collections.abc', 'enum', '_sre', 'sre_constants', 'sre_parse', 'sre_compile', '_locale', 'copyreg', 're', 'typing.io', 'typing.re', 'typing', 'numpy._utils._convertions', 'numpy._utils', 'numpy._globals', 'numpy.exceptions', 'numpy.version', 'numpy._distributor_init', 'numpy._utils._inspect', 'math', '_datetime', 'datetime', 'numpy.core._exceptions', 'numpy.dtypes', 'numpy.core._multiarray_umath', 'numpy.core.overrides', 'numpy.core.multiarray', 'numpy.core.umath', 'numbers', 'numpy.core._string_helpers', 'fnmatch', 'ntpath', 'errno', 'urllib', 'ipaddress', 'urllib.parse', 'pathlib', '_struct', 'struct', '_compat_pickle', '_pickle', 'pickle', 'numpy.compat.py3k', 'numpy.compat', 'numpy.core._dtype', 'numpy.core._type_aliases', 'numpy.core.numerictypes', '_contextvars', 'contextvars', 'numpy.core._ufunc_config', 'numpy.core._methods', 'numpy.core.fromnumeric', 'numpy.core.shape_base', 'numpy.core.arrayprint', 'numpy.core._asarray', 'numpy.core.numeric', 'numpy.core.defchararray', 'numpy.core.records', 'numpy.core.memmap', 'numpy.core.function_base', 'numpy.core._machar', 'numpy.core.getlimits', 'numpy.core.einsumfunc', 'numpy.core._multiarray_tests', 'numpy.core._add_newdocs', 'numpy.core._add_newdocs_scalars', 'numpy.core._dtype_ctypes', '_ast', 'ast', '_ctypes', 'ctypes._endian', 'ctypes', 'numpy.core._internal', 'numpy._pytesttester', 'numpy.core', 'numpy.__config__', 'numpy.lib.mixins', 'numpy.lib.ufunclike', 'numpy.lib.type_check', 'numpy.lib.scimath', 'numpy.lib.stride_tricks', 'numpy.lib.twodim_base', 'numpy.linalg._umath_linalg', '__future__', 'numpy._typing._nested_sequence', 'numpy._typing._nbit', 'numpy._typing._char_codes', 'numpy._typing._scalars', 'numpy._typing._shape', 'numpy._typing._dtype_like', 'numpy._typing._array_like', 'numpy._typing', 'numpy.linalg.linalg', 'numpy.linalg', 'numpy.matrixlib.defmatrix', 'numpy.matrixlib', 'numpy.lib.histograms', 'numpy.lib.function_base', 'numpy.lib.index_tricks', 'numpy.lib.nanfunctions', 'numpy.lib.shape_base', 'numpy.lib.polynomial', 'textwrap', 'signal', '_weakrefset', 'threading', 'fcntl', '_posixsubprocess', 'select', 'selectors', 'subprocess', 'platform', 'numpy.lib.utils', 'numpy.lib.arraysetops', 'weakref', 'numpy.lib.format', 'numpy.lib._datasource', 'numpy.lib._iotools', 'numpy.lib.npyio', 'numpy.lib.arrayterator', 'numpy.lib.arraypad', 'numpy.lib._version', 'numpy.lib', 'numpy.fft._pocketfft_internal', 'numpy.fft._pocketfft', 'numpy.fft.helper', 'numpy.fft', 'numpy.polynomial.polyutils', 'numpy.polynomial._polybase', 'numpy.polynomial.polynomial', 'numpy.polynomial.chebyshev', 'numpy.polynomial.legendre', 'numpy.polynomial.hermite', 'numpy.polynomial.hermite_e', 'numpy.polynomial.laguerre', 'numpy.polynomial', 'cython_runtime', '_cython_3_0_8', 'numpy.random._common', 'binascii', 'base64', '_hashlib', '_blake2', 'hashlib', 'hmac', '_bisect', 'bisect', '_random', '_sha512', 'random', 'secrets', 'numpy.random.bit_generator', 'numpy.random._bounded_integers', 'numpy.random._mt19937', 'numpy.random.mtrand', 'numpy.random._philox', 'numpy.random._pcg64', 'numpy.random._sfc64', 'numpy.random._generator', 'numpy.random._pickle', 'numpy.random', 'numpy.ctypeslib', '_opcode', 'opcode', 'dis', 'token', 'tokenize', 'linecache', 'inspect', 'numpy.ma.core', 'numpy.ma.extras', 'numpy.ma', 'numpy', 'gym.utils.colorize', 'gym.utils.ezpickle', 'gym.utils', 'gym.logger', 'gym.utils.seeding', 'gym.spaces.space', 'gym.spaces.box', 'gym.spaces.dict', 'gym.spaces.discrete', 'gym.spaces.multi_discrete', 'gym.spaces.graph', 'gym.spaces.multi_binary', 'gym.spaces.sequence', 'gym.spaces.text', 'gym.spaces.tuple', 'gym.spaces.utils', 'gym.spaces', 'gym.core', 'copy', '_heapq', 'heapq', 'difflib', 'dataclasses', 'cv2.load_config_py3', 'cv2.version', 'numpy._core', 'numpy._core._multiarray_umath', 'cv2.gapi.core', 'cv2.gapi.core.cpu', 'cv2.gapi.core.fluid', 'cv2.gapi.core.ocl', 'cv2.gapi.ie', 'cv2.gapi.ie.detail', 'cv2.gapi.imgproc', 'cv2.gapi.imgproc.fluid', 'cv2.gapi.oak', 'cv2.gapi.onnx', 'cv2.gapi.onnx.ep', 'cv2.gapi.ot', 'cv2.gapi.ot.cpu', 'cv2.gapi.ov', 'cv2.gapi.own', 'cv2.gapi.own.detail', 'cv2.gapi.render', 'cv2.gapi.render.ocv', 'cv2.gapi.streaming', 'cv2.gapi.video', 'cv2.gapi.wip', 'cv2.gapi.wip.draw', 'cv2.gapi.wip.gst', 'cv2.gapi.wip.onevpl', 'cv2.utils.fs', 'cv2.utils.nested', 'cv2.gapi', 'cv2.ogl', 'cv2.data', 'cv2.detail', 'cv2.flann', 'cv2.ml', 'cv2.aruco', 'cv2.qt', 'cv2.utils', 'cv2.typing', 'cv2.samples', 'cv2.barcode', 'cv2.segmentation', 'cv2.ocl', 'cv2.cuda', 'cv2.parallel', 'cv2.dnn', 'cv2.Error', 'cv2.videoio_registry', 'cv2.ipp', 'cv2.fisheye', 'cv2.misc.version', 'cv2.misc', 'cv2.mat_wrapper', 'cv2', 'gym.wrappers.atari_preprocessing', 'gym.wrappers.autoreset', 'gym.wrappers.clip_action', 'gym.wrappers.filter_observation', 'gym.wrappers.flatten_observation', 'gym.wrappers.frame_stack', 'gym.wrappers.gray_scale_observation', 'gym.wrappers.human_rendering', 'gym.wrappers.normalize', 'gym.wrappers.order_enforcing', 'gym.wrappers.record_episode_statistics', 'gym.wrappers.monitoring', '_json', 'json.scanner', 'json.decoder', 'json.encoder', 'json', 'zlib', '_compression', '_bz2', 'bz2', '_lzma', 'lzma', 'shutil', 'tempfile', 'gym.wrappers.monitoring.video_recorder', 'gym.wrappers.record_video', 'gym.wrappers.render_collection', 'gym.wrappers.rescale_action', 'gym.wrappers.resize_observation', 'gym.utils.step_api_compatibility', 'gym.wrappers.step_api_compatibility', 'gym.wrappers.time_aware_observation', 'gym.wrappers.time_limit', 'gym.wrappers.transform_observation', 'gym.wrappers.transform_reward', 'gym.wrappers.vector_list_info', 'gym.wrappers', 'gym.wrappers.compatibility', 'gym.utils.passive_env_checker', 'gym.wrappers.env_checker', '_csv', 'csv', 'email', 'zipfile', 'uu', 'quopri', '_socket', 'array', 'socket', 'locale', 'calendar', 'email._parseaddr', 'email.base64mime', '_string', 'string', 'email.quoprimime', 'email.errors', 'email.encoders', 'email.charset', 'email.utils', 'email.header', 'email._policybase', 'email._encoded_words', 'email.iterators', 'email.message', 'importlib.metadata._functools', 'importlib.metadata._text', 'importlib.metadata._adapters', 'importlib.metadata._meta', 'importlib.metadata._collections', 'importlib.metadata._itertools', 'importlib.abc', 'importlib.metadata', 'gym.envs.registration', 'gym.envs', 'multiprocessing.process', 'multiprocessing.reduction', 'multiprocessing.context', '__mp_main__', 'multiprocessing', 'gym.vector.utils.misc', 'gym.vector.utils.numpy_utils', 'gym.vector.utils.shared_memory', 'gym.vector.utils.spaces', 'gym.vector.utils', 'gym.vector.vector_env', 'gym.vector.async_vector_env', 'gym.vector.sync_vector_env', 'gym.vector', 'gym_notices', 'gym_notices.notices', 'gym', 'pybullet', 'pybullet_data', 'traceback', 'atexit', 'logging', 'crowdnav.logger_setup', 'crowdnav.config', 'crowdnav.kinematics', 'crowdnav.dynamics', 'crowdnav.sensors', 'crowdnav.control', 'crowdnav.control.align', 'crowdnav.control.track', 'crowdnav.planning', 'swig_runtime_data4', 'casadi._casadi', 'casadi.casadi', 'casadi', 'crowdnav.planning.mpc_runner', 'crowdnav.planning.path_mgr', 'crowdnav.utils2', 'crowdnav.utils2.coord', 'crowdnav.planning.path_math', 'crowdnav.utils', 'matplotlib', 'pprint', 'packaging.__about__', 'packaging', 'packaging._structures', 'packaging.version', 'matplotlib._api.deprecation', 'matplotlib._api', 'matplotlib._version', 'gzip', 'shlex', 'matplotlib._c_internal_utils', 'matplotlib.cbook', 'matplotlib.docstring', 'PIL._version', 'PIL', 'PIL.ImageMode', 'PIL.TiffTags', 'PIL._binary', 'PIL._util', 'PIL._imaging', 'PIL.Image', 'PIL.ImageChops', 'PIL.ImageFile', 'PIL.GimpGradientFile', 'PIL.GimpPaletteFile', 'PIL.ImageColor', 'PIL.PaletteFile', 'PIL.ImagePalette', 'PIL.ImageSequence', 'PIL.PngImagePlugin', 'matplotlib._path', 'matplotlib.bezier', 'matplotlib.path', 'matplotlib.transforms', 'matplotlib.ticker', 'matplotlib.scale', 'matplotlib._color_data', 'matplotlib.colors', 'pyparsing', 'matplotlib.fontconfig_pattern', 'matplotlib._enums', 'cycler', 'matplotlib.rcsetup', 'matplotlib.ft2font', 'dateutil._version', 'dateutil', 'kiwisolver']
20:21:31 [DEBUG] CACHEDIR=/home/max/.cache/matplotlib
20:21:31 [DEBUG] Using fontManager instance from /home/max/.cache/matplotlib/fontlist-v330.json
20:21:32 [DEBUG] Loaded backend TkAgg version unknown.
20:21:32 [INFO] CrowdNavPyBulletEnv initializing...
20:21:35 [INFO] World ready | grid: (112, 112), res: 0.1, N=10, T=0.1
20:21:36 [DEBUG] kappa_max=0.000 vcap_curv=0.200 vmax_local=0.200 vmin_soft=0.030
20:21:36 [INFO] [PROG] s*=0.00/5.90 (5600.0%) dist_goal=4.57
20:21:36 [INFO] [MPC] state=(-3.95,-5.24,-0.06) wp0=(-3.45,-5.25) v=+0.200 ω=-2.400 ok=True iters=10
20:21:36 [DEBUG] kappa_max=0.000 vcap_curv=0.200 vmax_local=0.200 vmin_soft=0.030
20:21:36 [INFO] [PROG] s*=0.00/5.90 (5600.0%) dist_goal=4.56
20:21:36 [INFO] [MPC] state=(-3.95,-5.24,-0.16) wp0=(-3.45,-5.25) v=+0.200 ω=-2.400 ok=True iters=7
20:21:36 [DEBUG] kappa_max=0.000 vcap_curv=0.200 vmax_local=0.200 vmin_soft=0.030
20:21:36 [INFO] [PROG] s*=0.00/5.90 (5600.0%) dist_goal=4.56
20:21:36 [INFO] [MPC] state=(-3.93,-5.24,-0.29) wp0=(-3.45,-5.25) v=+0.200 ω=-2.217 ok=True iters=8
20:21:36 [DEBUG] kappa_max=0.000 vcap_curv=0.200 vmax_local=0.200 vmin_soft=0.030
20:21:36 [INFO] [PROG] s*=0.00/5.90 (5600.0%) dist_goal=4.55
20:21:36 [INFO] [MPC] state=(-3.92,-5.25,-0.41) wp0=(-3.45,-5.25) v=+0.200 ω=-1.796 ok=True iters=7
20:21:36 [DEBUG] kappa_max=0.000 vcap_curv=0.200 vmax_local=0.200 vmin_soft=0.030
20:21:36 [INFO] [PROG] s*=0.00/5.90 (5600.0%) dist_goal=4.54
20:21:36 [INFO] [MPC] state=(-3.91,-5.25,-0.50) wp0=(-3.45,-5.25) v=+0.200 ω=-1.360 ok=True iters=7
20:21:36 [DEBUG] kappa_max=0.000 vcap_curv=0.200 vmax_local=0.200 vmin_soft=0.030
20:21:36 [INFO] [PROG] s*=0.00/5.90 (5600.0%) dist_goal=4.54
20:21:36 [INFO] [MPC] state=(-3.90,-5.26,-0.58) wp0=(-3.45,-5.25) v=+0.200 ω=-0.926 ok=True iters=7
20:21:36 [DEBUG] kappa_max=0.000 vcap_curv=0.200 vmax_local=0.200 vmin_soft=0.030
20:21:36 [INFO] [PROG] s*=0.00/5.90 (5600.0%) dist_goal=4.53
20:21:36 [INFO] [MPC] state=(-3.88,-5.27,-0.63) wp0=(-3.45,-5.25) v=+0.200 ω=-0.514 ok=True iters=7
20:21:36 [DEBUG] kappa_max=0.000 vcap_curv=0.200 vmax_local=0.200 vmin_soft=0.030
20:21:36 [INFO] [PROG] s*=0.00/5.90 (5600.0%) dist_goal=4.53
20:21:36 [INFO] [MPC] state=(-3.87,-5.28,-0.66) wp0=(-3.45,-5.25) v=+0.200 ω=+0.433 ok=True iters=6
20:21:36 [DEBUG] kappa_max=0.000 vcap_curv=0.200 vmax_local=0.200 vmin_soft=0.030
20:21:36 [INFO] [PROG] s*=1.00/5.90 (5600.0%) dist_goal=4.52
20:21:36 [INFO] [MPC] state=(-3.85,-5.29,-0.63) wp0=(-3.45,-5.25) v=+0.200 ω=+0.510 ok=True iters=6
20:21:36 [DEBUG] kappa_max=0.000 vcap_curv=0.200 vmax_local=0.200 vmin_soft=0.030
20:21:36 [INFO] [PROG] s*=1.00/5.90 (5600.0%) dist_goal=4.52
20:21:36 [INFO] [MPC] state=(-3.84,-5.30,-0.60) wp0=(-3.35,-5.25) v=+0.200 ω=+1.340 ok=True iters=6
20:21:36 [DEBUG] kappa_max=0.000 vcap_curv=0.200 vmax_local=0.200 vmin_soft=0.030
20:21:36 [INFO] [PROG] s*=1.00/5.90 (5600.0%) dist_goal=4.51
20:21:36 [INFO] [MPC] state=(-3.83,-5.31,-0.53) wp0=(-3.35,-5.25) v=+0.200 ω=+1.160 ok=True iters=6
20:21:36 [DEBUG] kappa_max=0.000 vcap_curv=0.200 vmax_local=0.200 vmin_soft=0.030
20:21:36 [INFO] [PROG] s*=1.00/5.90 (5600.0%) dist_goal=4.51
20:21:36 [INFO] [MPC] state=(-3.81,-5.32,-0.46) wp0=(-3.35,-5.25) v=+0.200 ω=+1.109 ok=True iters=6
20:21:36 [DEBUG] kappa_max=0.000 vcap_curv=0.200 vmax_local=0.200 vmin_soft=0.030
20:21:36 [INFO] [PROG] s*=1.00/5.90 (5600.0%) dist_goal=4.50
20:21:36 [INFO] [MPC] state=(-3.80,-5.33,-0.40) wp0=(-3.35,-5.25) v=+0.200 ω=+1.445 ok=True iters=6
20:21:36 [DEBUG] kappa_max=0.000 vcap_curv=0.200 vmax_local=0.200 vmin_soft=0.030
20:21:36 [INFO] [PROG] s*=1.00/5.90 (5600.0%) dist_goal=4.49
20:21:36 [INFO] [MPC] state=(-3.79,-5.33,-0.32) wp0=(-3.35,-5.25) v=+0.200 ω=+1.692 ok=True iters=6
20:21:36 [DEBUG] kappa_max=0.000 vcap_curv=0.200 vmax_local=0.200 vmin_soft=0.030
20:21:36 [INFO] [PROG] s*=1.00/5.90 (5600.0%) dist_goal=4.48
20:21:36 [INFO] [MPC] state=(-3.77,-5.34,-0.23) wp0=(-3.35,-5.25) v=+0.200 ω=+1.329 ok=True iters=7
20:21:36 [DEBUG] kappa_max=0.000 vcap_curv=0.200 vmax_local=0.200 vmin_soft=0.030
20:21:36 [INFO] [PROG] s*=2.00/5.90 (5600.0%) dist_goal=4.47
20:21:36 [INFO] [MPC] state=(-3.76,-5.34,-0.16) wp0=(-3.35,-5.25) v=+0.200 ω=+1.524 ok=True iters=6
20:21:36 [DEBUG] kappa_max=0.000 vcap_curv=0.200 vmax_local=0.200 vmin_soft=0.030
20:21:36 [INFO] [PROG] s*=2.00/5.90 (5600.0%) dist_goal=4.46
20:21:36 [INFO] [MPC] state=(-3.74,-5.34,-0.08) wp0=(-3.25,-5.25) v=+0.200 ω=+1.176 ok=True iters=6
20:21:36 [DEBUG] kappa_max=0.000 vcap_curv=0.200 vmax_local=0.200 vmin_soft=0.030
20:21:36 [INFO] [PROG] s*=2.00/5.90 (5600.0%) dist_goal=4.45
20:21:36 [INFO] [MPC] state=(-3.73,-5.34,-0.02) wp0=(-3.25,-5.25) v=+0.200 ω=+0.813 ok=True iters=6
20:21:36 [DEBUG] kappa_max=0.000 vcap_curv=0.200 vmax_local=0.200 vmin_soft=0.030
20:21:36 [INFO] [PROG] s*=2.00/5.90 (5600.0%) dist_goal=4.43
20:21:36 [INFO] [MPC] state=(-3.71,-5.34,+0.02) wp0=(-3.25,-5.25) v=+0.200 ω=+0.715 ok=True iters=6
20:21:36 [DEBUG] kappa_max=0.000 vcap_curv=0.200 vmax_local=0.200 vmin_soft=0.030
20:21:36 [INFO] [PROG] s*=2.00/5.90 (5600.0%) dist_goal=4.42
20:21:36 [INFO] [MPC] state=(-3.70,-5.34,+0.06) wp0=(-3.25,-5.25) v=+0.200 ω=+0.448 ok=True iters=6
20:21:36 [DEBUG] kappa_max=0.000 vcap_curv=0.200 vmax_local=0.200 vmin_soft=0.030
20:21:36 [INFO] [PROG] s*=2.00/5.90 (5600.0%) dist_goal=4.40
20:21:36 [INFO] [MPC] state=(-3.68,-5.34,+0.09) wp0=(-3.25,-5.25) v=+0.200 ω=+0.351 ok=True iters=6
20:21:36 [DEBUG] kappa_max=0.000 vcap_curv=0.200 vmax_local=0.200 vmin_soft=0.030
20:21:36 [INFO] [PROG] s*=3.00/5.90 (5600.0%) dist_goal=4.39
20:21:36 [INFO] [MPC] state=(-3.66,-5.34,+0.11) wp0=(-3.25,-5.25) v=+0.200 ω=+0.046 ok=True iters=6
20:21:36 [DEBUG] kappa_max=0.000 vcap_curv=0.200 vmax_local=0.200 vmin_soft=0.030
20:21:36 [INFO] [PROG] s*=3.00/5.90 (5600.0%) dist_goal=4.37
20:21:36 [INFO] [MPC] state=(-3.64,-5.33,+0.11) wp0=(-3.15,-5.25) v=+0.200 ω=-0.338 ok=True iters=6
20:21:36 [DEBUG] kappa_max=0.000 vcap_curv=0.200 vmax_local=0.200 vmin_soft=0.030
20:21:36 [INFO] [PROG] s*=3.00/5.90 (5600.0%) dist_goal=4.35
20:21:36 [INFO] [MPC] state=(-3.62,-5.33,+0.09) wp0=(-3.15,-5.25) v=+0.200 ω=-0.319 ok=True iters=6
20:21:36 [DEBUG] kappa_max=0.000 vcap_curv=0.200 vmax_local=0.200 vmin_soft=0.030
20:21:36 [INFO] [PROG] s*=3.00/5.90 (5600.0%) dist_goal=4.34
20:21:36 [INFO] [MPC] state=(-3.60,-5.33,+0.07) wp0=(-3.15,-5.25) v=+0.200 ω=-0.296 ok=True iters=6
20:21:36 [DEBUG] kappa_max=0.000 vcap_curv=0.200 vmax_local=0.200 vmin_soft=0.030
20:21:36 [INFO] [PROG] s*=3.00/5.90 (5600.0%) dist_goal=4.32
20:21:36 [INFO] [MPC] state=(-3.58,-5.33,+0.05) wp0=(-3.15,-5.25) v=+0.200 ω=-0.270 ok=True iters=6
20:21:36 [DEBUG] kappa_max=0.000 vcap_curv=0.200 vmax_local=0.200 vmin_soft=0.030
20:21:36 [INFO] [PROG] s*=4.00/5.90 (5600.0%) dist_goal=4.31
20:21:36 [INFO] [MPC] state=(-3.56,-5.33,+0.03) wp0=(-3.15,-5.25) v=+0.200 ω=-0.556 ok=True iters=6
20:21:36 [DEBUG] kappa_max=0.000 vcap_curv=0.200 vmax_local=0.200 vmin_soft=0.030
20:21:36 [INFO] [PROG] s*=4.00/5.90 (5600.0%) dist_goal=4.29
20:21:36 [INFO] [MPC] state=(-3.54,-5.33,-0.00) wp0=(-3.05,-5.25) v=+0.200 ω=-0.466 ok=True iters=6
20:21:36 [DEBUG] kappa_max=0.000 vcap_curv=0.200 vmax_local=0.200 vmin_soft=0.030
20:21:36 [INFO] [PROG] s*=4.00/5.90 (5600.0%) dist_goal=4.28
20:21:36 [INFO] [MPC] state=(-3.52,-5.33,-0.04) wp0=(-3.05,-5.25) v=+0.200 ω=-0.370 ok=True iters=6
20:21:36 [DEBUG] kappa_max=0.000 vcap_curv=0.200 vmax_local=0.200 vmin_soft=0.030
20:21:36 [INFO] [PROG] s*=4.00/5.90 (5600.0%) dist_goal=4.27
20:21:36 [INFO] [MPC] state=(-3.50,-5.33,-0.07) wp0=(-3.05,-5.25) v=+0.200 ω=+0.420 ok=True iters=7
20:21:36 [DEBUG] kappa_max=0.000 vcap_curv=0.200 vmax_local=0.200 vmin_soft=0.030
20:21:36 [INFO] [PROG] s*=4.00/5.90 (5600.0%) dist_goal=4.25
20:21:36 [INFO] [MPC] state=(-3.49,-5.33,-0.04) wp0=(-3.05,-5.25) v=+0.200 ω=+0.382 ok=True iters=6
20:21:36 [DEBUG] kappa_max=0.000 vcap_curv=0.200 vmax_local=0.200 vmin_soft=0.030
20:21:36 [INFO] [PROG] s*=5.00/5.90 (5600.0%) dist_goal=4.24
20:21:36 [INFO] [MPC] state=(-3.47,-5.33,-0.02) wp0=(-3.05,-5.25) v=+0.200 ω=+0.141 ok=True iters=6
20:21:36 [DEBUG] kappa_max=0.000 vcap_curv=0.200 vmax_local=0.200 vmin_soft=0.030
20:21:36 [INFO] [PROG] s*=5.00/5.90 (5600.0%) dist_goal=4.22
20:21:36 [INFO] [MPC] state=(-3.45,-5.33,-0.01) wp0=(-3.05,-5.25) v=+0.200 ω=+0.115 ok=True iters=6
20:21:36 [DEBUG] kappa_max=0.000 vcap_curv=0.200 vmax_local=0.200 vmin_soft=0.030
20:21:36 [INFO] [PROG] s*=5.00/5.90 (5600.0%) dist_goal=4.21
20:21:36 [INFO] [MPC] state=(-3.43,-5.33,+0.00) wp0=(-3.05,-5.25) v=+0.200 ω=+0.087 ok=True iters=6
20:21:36 [DEBUG] kappa_max=0.000 vcap_curv=0.200 vmax_local=0.200 vmin_soft=0.030
20:21:36 [INFO] [PROG] s*=5.00/5.90 (5600.0%) dist_goal=4.19
20:21:36 [INFO] [MPC] state=(-3.41,-5.33,+0.01) wp0=(-3.05,-5.25) v=+0.200 ω=+0.066 ok=True iters=6
20:21:36 [DEBUG] kappa_max=0.000 vcap_curv=0.200 vmax_local=0.200 vmin_soft=0.030
20:21:36 [INFO] [PROG] s*=5.00/5.90 (5600.0%) dist_goal=4.18
20:21:36 [INFO] [MPC] state=(-3.39,-5.33,+0.02) wp0=(-3.05,-5.25) v=+0.200 ω=+0.046 ok=True iters=6
20:21:36 [DEBUG] kappa_max=0.000 vcap_curv=0.200 vmax_local=0.200 vmin_soft=0.030
20:21:36 [INFO] [PROG] s*=6.00/5.90 (5600.0%) dist_goal=4.16
20:21:36 [INFO] [MPC] state=(-3.37,-5.33,+0.02) wp0=(-3.05,-5.25) v=+0.200 ω=+0.028 ok=True iters=6
