22:37:13 [INFO] === New MPC Session Started ===
22:37:13 [DEBUG] matplotlib data path: /home/max/.local/lib/python3.10/site-packages/matplotlib/mpl-data
22:37:13 [DEBUG] CONFIGDIR=/home/max/.config/matplotlib
22:37:13 [DEBUG] interactive is False
22:37:13 [DEBUG] platform is linux
22:37:13 [DEBUG] CACHEDIR=/home/max/.cache/matplotlib
22:37:13 [DEBUG] Using fontManager instance from /home/max/.cache/matplotlib/fontlist-v390.json
22:37:13 [INFO] CrowdNavPyBulletEnv initializing...
22:37:16 [INFO] World ready | grid: (112, 112), res: 0.1, N=10, T=0.1
22:37:17 [INFO] [PROG] s*=0.00/3.89 (0.0%) dist_goal=3.62
22:37:17 [INFO] [MPC] state=(-1.45,+3.65,-0.73) wp0=(-1.39,+3.59) v=+0.200 ω=-0.064 ok=True iters=6
22:37:17 [INFO] [PROG] s*=0.00/3.89 (0.1%) dist_goal=3.60
22:37:17 [INFO] [MPC] state=(-1.44,+3.64,-0.74) wp0=(-1.39,+3.59) v=+0.200 ω=-0.035 ok=True iters=7
22:37:17 [INFO] [PROG] s*=0.03/3.89 (0.7%) dist_goal=3.58
22:37:17 [INFO] [MPC] state=(-1.43,+3.62,-0.74) wp0=(-1.38,+3.58) v=+0.200 ω=-0.031 ok=True iters=7
22:37:17 [INFO] [PROG] s*=0.05/3.89 (1.2%) dist_goal=3.56
22:37:17 [INFO] [MPC] state=(-1.41,+3.61,-0.74) wp0=(-1.36,+3.56) v=+0.200 ω=-0.030 ok=True iters=7
22:37:17 [INFO] [PROG] s*=0.07/3.89 (1.7%) dist_goal=3.54
22:37:17 [INFO] [MPC] state=(-1.40,+3.60,-0.74) wp0=(-1.35,+3.55) v=+0.200 ω=-0.028 ok=True iters=7
22:37:17 [INFO] [PROG] s*=0.09/3.89 (2.2%) dist_goal=3.52
22:37:17 [INFO] [MPC] state=(-1.38,+3.58,-0.75) wp0=(-1.33,+3.53) v=+0.200 ω=-0.026 ok=True iters=7
22:37:17 [INFO] [PROG] s*=0.11/3.89 (2.8%) dist_goal=3.50
22:37:17 [INFO] [MPC] state=(-1.37,+3.57,-0.75) wp0=(-1.32,+3.52) v=+0.200 ω=-0.024 ok=True iters=7
22:37:17 [INFO] [PROG] s*=0.13/3.89 (3.3%) dist_goal=3.48
22:37:17 [INFO] [MPC] state=(-1.35,+3.56,-0.75) wp0=(-1.30,+3.50) v=+0.200 ω=-0.037 ok=True iters=7
22:37:17 [INFO] [PROG] s*=0.15/3.89 (3.8%) dist_goal=3.46
22:37:17 [INFO] [MPC] state=(-1.34,+3.54,-0.76) wp0=(-1.29,+3.49) v=+0.200 ω=-0.029 ok=True iters=7
22:37:17 [INFO] [PROG] s*=0.17/3.89 (4.3%) dist_goal=3.44
22:37:17 [INFO] [MPC] state=(-1.32,+3.53,-0.76) wp0=(-1.27,+3.47) v=+0.200 ω=-0.024 ok=True iters=7
22:37:17 [INFO] [PROG] s*=0.19/3.89 (4.9%) dist_goal=3.42
22:37:17 [INFO] [MPC] state=(-1.31,+3.51,-0.76) wp0=(-1.26,+3.46) v=+0.200 ω=-0.020 ok=True iters=7
22:37:17 [INFO] [PROG] s*=0.21/3.89 (5.4%) dist_goal=3.40
22:37:17 [INFO] [MPC] state=(-1.29,+3.50,-0.76) wp0=(-1.25,+3.45) v=+0.200 ω=-0.018 ok=True iters=7
22:37:17 [INFO] [PROG] s*=0.23/3.89 (5.9%) dist_goal=3.38
22:37:17 [INFO] [MPC] state=(-1.28,+3.48,-0.76) wp0=(-1.23,+3.43) v=+0.200 ω=-0.016 ok=True iters=7
22:37:17 [INFO] [PROG] s*=0.25/3.89 (6.4%) dist_goal=3.36
22:37:17 [INFO] [MPC] state=(-1.26,+3.47,-0.77) wp0=(-1.22,+3.42) v=+0.200 ω=-0.015 ok=True iters=7
22:37:17 [INFO] [PROG] s*=0.27/3.89 (7.0%) dist_goal=3.34
22:37:17 [INFO] [MPC] state=(-1.25,+3.46,-0.77) wp0=(-1.20,+3.40) v=+0.200 ω=-0.014 ok=True iters=7
22:37:17 [INFO] [PROG] s*=0.29/3.89 (7.5%) dist_goal=3.32
22:37:17 [INFO] [MPC] state=(-1.23,+3.44,-0.77) wp0=(-1.19,+3.39) v=+0.200 ω=-0.028 ok=True iters=7
22:37:17 [INFO] [PROG] s*=0.31/3.89 (8.0%) dist_goal=3.30
22:37:17 [INFO] [MPC] state=(-1.22,+3.43,-0.77) wp0=(-1.17,+3.37) v=+0.200 ω=-0.021 ok=True iters=7
22:37:17 [INFO] [PROG] s*=0.33/3.89 (8.6%) dist_goal=3.28
22:37:17 [INFO] [MPC] state=(-1.20,+3.41,-0.77) wp0=(-1.16,+3.36) v=+0.200 ω=-0.016 ok=True iters=7
22:37:17 [INFO] [PROG] s*=0.35/3.89 (9.1%) dist_goal=3.26
22:37:17 [INFO] [MPC] state=(-1.19,+3.40,-0.77) wp0=(-1.14,+3.34) v=+0.200 ω=-0.013 ok=True iters=7
22:37:17 [INFO] [PROG] s*=0.37/3.89 (9.6%) dist_goal=3.24
22:37:17 [INFO] [MPC] state=(-1.17,+3.38,-0.78) wp0=(-1.13,+3.33) v=+0.200 ω=-0.010 ok=True iters=7
22:37:17 [INFO] [PROG] s*=0.39/3.89 (10.1%) dist_goal=3.22
22:37:17 [INFO] [MPC] state=(-1.16,+3.37,-0.78) wp0=(-1.11,+3.31) v=+0.200 ω=-0.010 ok=True iters=7
22:37:17 [INFO] [PROG] s*=0.41/3.89 (10.7%) dist_goal=3.20
22:37:17 [INFO] [MPC] state=(-1.14,+3.36,-0.78) wp0=(-1.10,+3.30) v=+0.200 ω=-0.008 ok=True iters=7
22:37:17 [INFO] [PROG] s*=0.43/3.89 (11.2%) dist_goal=3.18
22:37:17 [INFO] [MPC] state=(-1.13,+3.34,-0.78) wp0=(-1.09,+3.29) v=+0.200 ω=-0.007 ok=True iters=7
22:37:17 [INFO] [PROG] s*=0.46/3.89 (11.7%) dist_goal=3.16
22:37:17 [INFO] [MPC] state=(-1.12,+3.33,-0.78) wp0=(-1.07,+3.27) v=+0.200 ω=-0.017 ok=True iters=7
22:37:17 [INFO] [PROG] s*=0.48/3.89 (12.2%) dist_goal=3.14
22:37:17 [INFO] [MPC] state=(-1.10,+3.31,-0.78) wp0=(-1.06,+3.26) v=+0.200 ω=-0.013 ok=True iters=7
22:37:17 [INFO] [PROG] s*=0.50/3.89 (12.8%) dist_goal=3.12
22:37:17 [INFO] [MPC] state=(-1.09,+3.30,-0.78) wp0=(-1.04,+3.24) v=+0.200 ω=-0.009 ok=True iters=7
22:37:17 [INFO] [PROG] s*=0.52/3.89 (13.3%) dist_goal=3.10
22:37:17 [INFO] [MPC] state=(-1.07,+3.28,-0.78) wp0=(-1.03,+3.23) v=+0.200 ω=-0.007 ok=True iters=7
22:37:17 [INFO] [PROG] s*=0.54/3.89 (13.8%) dist_goal=3.09
22:37:17 [INFO] [MPC] state=(-1.06,+3.27,-0.78) wp0=(-1.01,+3.21) v=+0.200 ω=-0.005 ok=True iters=7
22:37:17 [INFO] [PROG] s*=0.56/3.89 (14.3%) dist_goal=3.07
22:37:17 [INFO] [MPC] state=(-1.04,+3.25,-0.78) wp0=(-1.00,+3.20) v=+0.200 ω=-0.004 ok=True iters=7
22:37:17 [INFO] [PROG] s*=0.58/3.89 (14.9%) dist_goal=3.05
22:37:17 [INFO] [MPC] state=(-1.03,+3.24,-0.78) wp0=(-0.98,+3.18) v=+0.200 ω=-0.003 ok=True iters=7
22:37:17 [INFO] [PROG] s*=0.60/3.89 (15.4%) dist_goal=3.03
22:37:17 [INFO] [MPC] state=(-1.01,+3.23,-0.78) wp0=(-0.97,+3.17) v=+0.200 ω=-0.003 ok=True iters=7
22:37:17 [INFO] [PROG] s*=0.62/3.89 (15.9%) dist_goal=3.01
22:37:17 [INFO] [MPC] state=(-1.00,+3.21,-0.78) wp0=(-0.96,+3.16) v=+0.200 ω=-0.003 ok=True iters=7
22:37:17 [INFO] [PROG] s*=0.64/3.89 (16.5%) dist_goal=2.99
22:37:17 [INFO] [MPC] state=(-0.99,+3.20,-0.78) wp0=(-0.94,+3.14) v=+0.200 ω=-0.003 ok=True iters=7
22:37:17 [INFO] [PROG] s*=0.66/3.89 (17.0%) dist_goal=2.97
22:37:17 [INFO] [MPC] state=(-0.97,+3.18,-0.78) wp0=(-0.93,+3.13) v=+0.200 ω=-0.008 ok=True iters=7
22:37:17 [INFO] [PROG] s*=0.68/3.89 (17.5%) dist_goal=2.95
22:37:17 [INFO] [MPC] state=(-0.96,+3.17,-0.79) wp0=(-0.91,+3.11) v=+0.200 ω=-0.006 ok=True iters=7
22:37:17 [INFO] [PROG] s*=0.70/3.89 (18.0%) dist_goal=2.93
22:37:17 [INFO] [MPC] state=(-0.94,+3.15,-0.79) wp0=(-0.90,+3.10) v=+0.200 ω=-0.007 ok=True iters=7
22:37:17 [INFO] [PROG] s*=0.72/3.89 (18.6%) dist_goal=2.91
22:37:17 [INFO] [MPC] state=(-0.93,+3.14,-0.79) wp0=(-0.88,+3.08) v=+0.200 ω=-0.004 ok=True iters=7
22:37:17 [INFO] [PROG] s*=0.74/3.89 (19.1%) dist_goal=2.89
22:37:17 [INFO] [MPC] state=(-0.91,+3.12,-0.79) wp0=(-0.87,+3.07) v=+0.200 ω=-0.003 ok=True iters=7
22:37:17 [INFO] [PROG] s*=0.76/3.89 (19.6%) dist_goal=2.87
22:37:17 [INFO] [MPC] state=(-0.90,+3.11,-0.79) wp0=(-0.85,+3.05) v=+0.200 ω=-0.002 ok=True iters=7
22:37:17 [INFO] [PROG] s*=0.78/3.89 (20.1%) dist_goal=2.85
22:37:17 [INFO] [MPC] state=(-0.88,+3.10,-0.79) wp0=(-0.84,+3.04) v=+0.200 ω=-0.002 ok=True iters=7
22:37:17 [INFO] [PROG] s*=0.80/3.89 (20.7%) dist_goal=2.83
22:37:17 [INFO] [MPC] state=(-0.87,+3.08,-0.79) wp0=(-0.83,+3.03) v=+0.200 ω=-0.002 ok=True iters=7
22:37:17 [INFO] [PROG] s*=0.82/3.89 (21.2%) dist_goal=2.81
22:37:17 [INFO] [MPC] state=(-0.86,+3.07,-0.79) wp0=(-0.81,+3.01) v=+0.200 ω=+0.005 ok=True iters=7
22:37:17 [INFO] [PROG] s*=0.84/3.89 (21.7%) dist_goal=2.79
22:37:17 [INFO] [MPC] state=(-0.84,+3.05,-0.79) wp0=(-0.80,+3.00) v=+0.200 ω=+0.015 ok=True iters=7
22:37:17 [INFO] [PROG] s*=0.86/3.89 (22.2%) dist_goal=2.77
22:37:17 [INFO] [MPC] state=(-0.83,+3.04,-0.78) wp0=(-0.78,+2.98) v=+0.200 ω=+0.024 ok=True iters=7
22:37:17 [INFO] [PROG] s*=0.89/3.89 (22.8%) dist_goal=2.75
22:37:17 [INFO] [MPC] state=(-0.81,+3.02,-0.78) wp0=(-0.77,+2.97) v=+0.200 ω=+0.034 ok=True iters=7
22:37:17 [INFO] [PROG] s*=0.91/3.89 (23.3%) dist_goal=2.73
22:37:17 [INFO] [MPC] state=(-0.80,+3.01,-0.78) wp0=(-0.75,+2.95) v=+0.200 ω=+0.038 ok=True iters=7
22:37:17 [INFO] [PROG] s*=0.93/3.89 (23.8%) dist_goal=2.71
22:37:17 [INFO] [MPC] state=(-0.78,+2.99,-0.77) wp0=(-0.74,+2.94) v=+0.200 ω=+0.040 ok=True iters=7
22:37:17 [INFO] [PROG] s*=0.95/3.89 (24.3%) dist_goal=2.69
22:37:17 [INFO] [MPC] state=(-0.77,+2.98,-0.77) wp0=(-0.72,+2.92) v=+0.200 ω=+0.038 ok=True iters=7
22:37:17 [INFO] [PROG] s*=0.97/3.89 (24.9%) dist_goal=2.67
22:37:17 [INFO] [MPC] state=(-0.75,+2.97,-0.77) wp0=(-0.71,+2.91) v=+0.200 ω=+0.037 ok=True iters=7
22:37:17 [INFO] [PROG] s*=0.99/3.89 (25.4%) dist_goal=2.65
22:37:17 [INFO] [MPC] state=(-0.74,+2.95,-0.76) wp0=(-0.70,+2.90) v=+0.200 ω=+0.034 ok=True iters=7
22:37:17 [INFO] [PROG] s*=1.01/3.89 (25.9%) dist_goal=2.63
22:37:17 [INFO] [MPC] state=(-0.72,+2.94,-0.76) wp0=(-0.68,+2.88) v=+0.200 ω=+0.037 ok=True iters=7
22:37:17 [INFO] [PROG] s*=1.03/3.89 (26.5%) dist_goal=2.62
22:37:17 [INFO] [MPC] state=(-0.71,+2.92,-0.76) wp0=(-0.67,+2.87) v=+0.200 ω=+0.033 ok=True iters=7
22:37:17 [INFO] [PROG] s*=1.05/3.89 (27.0%) dist_goal=2.60
22:37:17 [INFO] [MPC] state=(-0.69,+2.91,-0.75) wp0=(-0.65,+2.85) v=+0.200 ω=+0.033 ok=True iters=7
22:37:17 [INFO] [PROG] s*=1.07/3.89 (27.5%) dist_goal=2.58
22:37:17 [INFO] [MPC] state=(-0.68,+2.90,-0.75) wp0=(-0.64,+2.84) v=+0.200 ω=+0.039 ok=True iters=7
22:37:17 [INFO] [PROG] s*=1.09/3.89 (28.0%) dist_goal=2.56
22:37:17 [INFO] [MPC] state=(-0.66,+2.88,-0.74) wp0=(-0.62,+2.82) v=+0.200 ω=+0.386 ok=True iters=7
22:37:17 [INFO] [PROG] s*=1.10/3.89 (28.4%) dist_goal=2.54
22:37:17 [INFO] [MPC] state=(-0.65,+2.87,-0.72) wp0=(-0.61,+2.81) v=+0.200 ω=+1.056 ok=True iters=7
22:37:17 [INFO] [PROG] s*=1.12/3.89 (28.8%) dist_goal=2.53
22:37:17 [INFO] [MPC] state=(-0.64,+2.86,-0.66) wp0=(-0.60,+2.80) v=+0.200 ω=+1.442 ok=True iters=8
22:37:17 [INFO] [PROG] s*=1.13/3.89 (29.1%) dist_goal=2.51
22:37:17 [INFO] [MPC] state=(-0.63,+2.85,-0.58) wp0=(-0.59,+2.79) v=+0.200 ω=+1.294 ok=True iters=8
22:37:17 [INFO] [PROG] s*=1.15/3.89 (29.5%) dist_goal=2.50
22:37:17 [INFO] [MPC] state=(-0.61,+2.84,-0.51) wp0=(-0.58,+2.78) v=+0.200 ω=+1.181 ok=True iters=8
22:37:17 [INFO] [PROG] s*=1.16/3.89 (29.9%) dist_goal=2.48
22:37:17 [INFO] [MPC] state=(-0.60,+2.84,-0.44) wp0=(-0.57,+2.77) v=+0.200 ω=+1.079 ok=True iters=8
22:37:17 [INFO] [PROG] s*=1.18/3.89 (30.3%) dist_goal=2.46
22:37:17 [INFO] [MPC] state=(-0.59,+2.83,-0.38) wp0=(-0.56,+2.76) v=+0.200 ω=+0.771 ok=True iters=8
22:37:17 [INFO] [PROG] s*=1.20/3.89 (30.8%) dist_goal=2.44
22:37:17 [INFO] [MPC] state=(-0.57,+2.82,-0.34) wp0=(-0.55,+2.75) v=+0.200 ω=+0.005 ok=True iters=7
22:37:17 [INFO] [PROG] s*=1.21/3.89 (31.2%) dist_goal=2.43
22:37:17 [INFO] [MPC] state=(-0.55,+2.82,-0.34) wp0=(-0.53,+2.75) v=+0.200 ω=-0.730 ok=True iters=7
22:37:17 [INFO] [PROG] s*=1.28/3.89 (32.8%) dist_goal=2.41
22:37:17 [INFO] [MPC] state=(-0.53,+2.81,-0.38) wp0=(-0.47,+2.75) v=+0.200 ω=-0.951 ok=True iters=7
22:37:17 [INFO] [PROG] s*=1.29/3.89 (33.2%) dist_goal=2.39
22:37:17 [INFO] [MPC] state=(-0.52,+2.80,-0.43) wp0=(-0.45,+2.75) v=+0.200 ω=-1.094 ok=True iters=7
22:37:17 [INFO] [PROG] s*=1.31/3.89 (33.6%) dist_goal=2.38
22:37:17 [INFO] [MPC] state=(-0.50,+2.79,-0.49) wp0=(-0.44,+2.74) v=+0.200 ω=-0.868 ok=True iters=7
22:37:17 [INFO] [PROG] s*=1.32/3.89 (34.0%) dist_goal=2.36
22:37:17 [INFO] [MPC] state=(-0.49,+2.79,-0.54) wp0=(-0.43,+2.73) v=+0.200 ω=-0.531 ok=True iters=7
22:37:17 [INFO] [PROG] s*=1.34/3.89 (34.4%) dist_goal=2.34
22:37:17 [INFO] [MPC] state=(-0.47,+2.78,-0.57) wp0=(-0.42,+2.72) v=+0.200 ω=+0.194 ok=True iters=7
22:37:17 [INFO] [PROG] s*=1.35/3.89 (34.6%) dist_goal=2.32
22:37:17 [INFO] [MPC] state=(-0.45,+2.77,-0.56) wp0=(-0.41,+2.71) v=+0.200 ω=+0.795 ok=True iters=7
22:37:17 [INFO] [PROG] s*=1.36/3.89 (35.0%) dist_goal=2.30
22:37:17 [INFO] [MPC] state=(-0.44,+2.76,-0.51) wp0=(-0.40,+2.70) v=+0.200 ω=+0.902 ok=True iters=8
22:37:17 [INFO] [PROG] s*=1.38/3.89 (35.4%) dist_goal=2.29
22:37:17 [INFO] [MPC] state=(-0.43,+2.75,-0.46) wp0=(-0.39,+2.69) v=+0.200 ω=+0.868 ok=True iters=8
22:37:17 [INFO] [PROG] s*=1.39/3.89 (35.8%) dist_goal=2.27
22:37:17 [INFO] [MPC] state=(-0.41,+2.74,-0.41) wp0=(-0.38,+2.68) v=+0.200 ω=+0.845 ok=True iters=8
22:37:17 [INFO] [PROG] s*=1.41/3.89 (36.2%) dist_goal=2.25
22:37:17 [INFO] [MPC] state=(-0.39,+2.73,-0.36) wp0=(-0.37,+2.67) v=+0.200 ω=+0.777 ok=True iters=8
22:37:17 [INFO] [PROG] s*=1.43/3.89 (36.7%) dist_goal=2.23
22:37:17 [INFO] [MPC] state=(-0.38,+2.73,-0.32) wp0=(-0.36,+2.66) v=+0.200 ω=+0.343 ok=True iters=8
22:37:17 [INFO] [PROG] s*=1.44/3.89 (37.1%) dist_goal=2.21
22:37:17 [INFO] [MPC] state=(-0.36,+2.72,-0.29) wp0=(-0.34,+2.65) v=+0.200 ω=-0.417 ok=True iters=7
22:37:17 [INFO] [PROG] s*=1.46/3.89 (37.5%) dist_goal=2.20
22:37:17 [INFO] [MPC] state=(-0.34,+2.72,-0.32) wp0=(-0.33,+2.65) v=+0.200 ω=-0.991 ok=True iters=7
22:37:17 [INFO] [PROG] s*=1.52/3.89 (39.2%) dist_goal=2.18
22:37:17 [INFO] [MPC] state=(-0.33,+2.71,-0.37) wp0=(-0.26,+2.65) v=+0.200 ω=-1.029 ok=True iters=7
22:37:17 [INFO] [PROG] s*=1.54/3.89 (39.6%) dist_goal=2.16
22:37:17 [INFO] [MPC] state=(-0.31,+2.70,-0.43) wp0=(-0.25,+2.65) v=+0.200 ω=-1.121 ok=True iters=7
22:37:17 [INFO] [PROG] s*=1.55/3.89 (40.0%) dist_goal=2.15
22:37:17 [INFO] [MPC] state=(-0.30,+2.70,-0.49) wp0=(-0.24,+2.64) v=+0.200 ω=-0.889 ok=True iters=7
22:37:17 [INFO] [PROG] s*=1.57/3.89 (40.4%) dist_goal=2.13
22:37:17 [INFO] [MPC] state=(-0.28,+2.69,-0.54) wp0=(-0.22,+2.62) v=+0.200 ω=-0.295 ok=True iters=7
22:37:17 [INFO] [PROG] s*=1.58/3.89 (40.8%) dist_goal=2.11
22:37:17 [INFO] [MPC] state=(-0.26,+2.68,-0.56) wp0=(-0.21,+2.61) v=+0.200 ω=+0.434 ok=True iters=7
22:37:17 [INFO] [PROG] s*=1.59/3.89 (40.9%) dist_goal=2.09
22:37:17 [INFO] [MPC] state=(-0.25,+2.67,-0.53) wp0=(-0.21,+2.61) v=+0.200 ω=+0.860 ok=True iters=7
22:37:17 [INFO] [PROG] s*=1.61/3.89 (41.3%) dist_goal=2.07
22:37:17 [INFO] [MPC] state=(-0.23,+2.66,-0.49) wp0=(-0.20,+2.60) v=+0.200 ω=+0.799 ok=True iters=8
22:37:17 [INFO] [PROG] s*=1.62/3.89 (41.7%) dist_goal=2.06
22:37:17 [INFO] [MPC] state=(-0.22,+2.65,-0.44) wp0=(-0.19,+2.59) v=+0.200 ω=+0.789 ok=True iters=8
22:37:17 [INFO] [PROG] s*=1.64/3.89 (42.1%) dist_goal=2.04
22:37:17 [INFO] [MPC] state=(-0.20,+2.65,-0.39) wp0=(-0.18,+2.58) v=+0.200 ω=+0.786 ok=True iters=8
22:37:17 [INFO] [PROG] s*=1.65/3.89 (42.5%) dist_goal=2.02
22:37:17 [INFO] [MPC] state=(-0.19,+2.64,-0.35) wp0=(-0.17,+2.57) v=+0.200 ω=+0.701 ok=True iters=8
22:37:17 [INFO] [PROG] s*=1.67/3.89 (43.0%) dist_goal=2.00
22:37:17 [INFO] [MPC] state=(-0.17,+2.63,-0.31) wp0=(-0.15,+2.55) v=+0.200 ω=+0.152 ok=True iters=8
22:37:17 [INFO] [PROG] s*=1.69/3.89 (43.4%) dist_goal=1.98
22:37:17 [INFO] [MPC] state=(-0.15,+2.63,-0.29) wp0=(-0.14,+2.55) v=+0.200 ω=-0.609 ok=True iters=7
22:37:17 [INFO] [PROG] s*=1.76/3.89 (45.2%) dist_goal=1.97
22:37:17 [INFO] [MPC] state=(-0.13,+2.62,-0.33) wp0=(-0.07,+2.55) v=+0.200 ω=-1.102 ok=True iters=7
22:37:17 [INFO] [PROG] s*=1.77/3.89 (45.6%) dist_goal=1.95
22:37:17 [INFO] [MPC] state=(-0.12,+2.62,-0.39) wp0=(-0.05,+2.55) v=+0.200 ω=-1.289 ok=True iters=7
22:37:17 [INFO] [PROG] s*=1.79/3.89 (46.0%) dist_goal=1.94
22:37:17 [INFO] [MPC] state=(-0.10,+2.61,-0.46) wp0=(-0.04,+2.54) v=+0.200 ω=-1.039 ok=True iters=7
22:37:17 [INFO] [PROG] s*=1.80/3.89 (46.4%) dist_goal=1.92
22:37:17 [INFO] [MPC] state=(-0.09,+2.60,-0.51) wp0=(-0.03,+2.53) v=+0.200 ω=-0.690 ok=True iters=7
22:37:17 [INFO] [PROG] s*=1.82/3.89 (46.8%) dist_goal=1.90
22:37:17 [INFO] [MPC] state=(-0.07,+2.59,-0.55) wp0=(-0.02,+2.52) v=+0.200 ω=+0.042 ok=True iters=7
22:37:17 [INFO] [PROG] s*=1.83/3.89 (47.0%) dist_goal=1.88
22:37:17 [INFO] [MPC] state=(-0.06,+2.58,-0.55) wp0=(-0.01,+2.51) v=+0.200 ω=+0.704 ok=True iters=7
22:37:17 [INFO] [PROG] s*=1.83/3.89 (47.2%) dist_goal=1.86
22:37:17 [INFO] [MPC] state=(-0.04,+2.57,-0.51) wp0=(-0.01,+2.51) v=+0.200 ω=+0.756 ok=True iters=7
22:37:17 [INFO] [PROG] s*=1.85/3.89 (47.6%) dist_goal=1.84
22:37:17 [INFO] [MPC] state=(-0.02,+2.56,-0.47) wp0=(+0.00,+2.50) v=+0.200 ω=+0.742 ok=True iters=8
22:37:17 [INFO] [PROG] s*=1.87/3.89 (48.0%) dist_goal=1.83
22:37:17 [INFO] [MPC] state=(-0.01,+2.56,-0.43) wp0=(+0.01,+2.49) v=+0.200 ω=+0.753 ok=True iters=8
22:37:17 [INFO] [PROG] s*=1.88/3.89 (48.4%) dist_goal=1.81
22:37:17 [INFO] [MPC] state=(+0.01,+2.55,-0.38) wp0=(+0.03,+2.47) v=+0.200 ω=+0.748 ok=True iters=8
22:37:17 [INFO] [PROG] s*=1.90/3.89 (48.8%) dist_goal=1.79
22:37:17 [INFO] [MPC] state=(+0.02,+2.54,-0.34) wp0=(+0.04,+2.46) v=+0.200 ω=+0.640 ok=True iters=8
22:37:17 [INFO] [PROG] s*=1.92/3.89 (49.3%) dist_goal=1.77
22:37:17 [INFO] [MPC] state=(+0.04,+2.54,-0.30) wp0=(+0.05,+2.45) v=+0.200 ω=-0.044 ok=True iters=7
22:37:17 [INFO] [PROG] s*=1.93/3.89 (49.7%) dist_goal=1.75
22:37:17 [INFO] [MPC] state=(+0.06,+2.53,-0.30) wp0=(+0.07,+2.45) v=+0.200 ω=-0.759 ok=True iters=7
22:37:17 [INFO] [PROG] s*=2.01/3.89 (51.7%) dist_goal=1.74
22:37:17 [INFO] [MPC] state=(+0.08,+2.53,-0.35) wp0=(+0.14,+2.45) v=+0.200 ω=-1.097 ok=True iters=7
22:37:17 [INFO] [PROG] s*=2.02/3.89 (52.0%) dist_goal=1.72
22:37:17 [INFO] [MPC] state=(+0.09,+2.52,-0.40) wp0=(+0.15,+2.45) v=+0.200 ω=-1.258 ok=True iters=7
22:37:17 [INFO] [PROG] s*=2.04/3.89 (52.4%) dist_goal=1.70
22:37:17 [INFO] [MPC] state=(+0.11,+2.51,-0.47) wp0=(+0.16,+2.44) v=+0.200 ω=-1.000 ok=True iters=7
22:37:17 [INFO] [PROG] s*=2.05/3.89 (52.9%) dist_goal=1.69
22:37:17 [INFO] [MPC] state=(+0.12,+2.50,-0.53) wp0=(+0.18,+2.42) v=+0.200 ω=-0.340 ok=True iters=7
22:37:17 [INFO] [PROG] s*=2.07/3.89 (53.2%) dist_goal=1.67
22:37:17 [INFO] [MPC] state=(+0.14,+2.49,-0.55) wp0=(+0.19,+2.41) v=+0.200 ω=+0.394 ok=True iters=7
22:37:17 [INFO] [PROG] s*=2.07/3.89 (53.2%) dist_goal=1.65
22:37:17 [INFO] [MPC] state=(+0.15,+2.48,-0.53) wp0=(+0.19,+2.41) v=+0.200 ω=+0.779 ok=True iters=7
22:37:17 [INFO] [PROG] s*=2.08/3.89 (53.5%) dist_goal=1.63
22:37:17 [INFO] [MPC] state=(+0.17,+2.48,-0.48) wp0=(+0.19,+2.41) v=+0.200 ω=+0.626 ok=True iters=8
22:37:17 [INFO] [PROG] s*=2.10/3.89 (53.9%) dist_goal=1.61
22:37:17 [INFO] [MPC] state=(+0.18,+2.47,-0.45) wp0=(+0.21,+2.39) v=+0.200 ω=+0.675 ok=True iters=8
22:37:17 [INFO] [PROG] s*=2.11/3.89 (54.3%) dist_goal=1.60
22:37:17 [INFO] [MPC] state=(+0.20,+2.46,-0.41) wp0=(+0.22,+2.38) v=+0.200 ω=+0.699 ok=True iters=8
22:37:17 [INFO] [PROG] s*=2.13/3.89 (54.7%) dist_goal=1.58
22:37:17 [INFO] [MPC] state=(+0.22,+2.45,-0.36) wp0=(+0.23,+2.37) v=+0.200 ω=+0.708 ok=True iters=8
22:37:17 [INFO] [PROG] s*=2.14/3.89 (55.2%) dist_goal=1.56
22:37:17 [INFO] [MPC] state=(+0.23,+2.45,-0.32) wp0=(+0.24,+2.36) v=+0.200 ω=+0.476 ok=True iters=8
22:37:18 [INFO] [PROG] s*=2.16/3.89 (55.6%) dist_goal=1.54
22:37:18 [INFO] [MPC] state=(+0.25,+2.44,-0.29) wp0=(+0.25,+2.35) v=+0.200 ω=-0.265 ok=True iters=7
22:37:18 [INFO] [PROG] s*=2.25/3.89 (57.8%) dist_goal=1.52
22:37:18 [INFO] [MPC] state=(+0.27,+2.44,-0.31) wp0=(+0.34,+2.35) v=+0.200 ω=-0.887 ok=True iters=7
22:37:18 [INFO] [PROG] s*=2.26/3.89 (58.1%) dist_goal=1.51
22:37:18 [INFO] [MPC] state=(+0.29,+2.43,-0.36) wp0=(+0.35,+2.35) v=+0.200 ω=-1.322 ok=True iters=7
22:37:18 [INFO] [PROG] s*=2.27/3.89 (58.5%) dist_goal=1.49
22:37:18 [INFO] [MPC] state=(+0.30,+2.42,-0.43) wp0=(+0.36,+2.34) v=+0.200 ω=-1.059 ok=True iters=7
22:37:18 [INFO] [PROG] s*=2.29/3.89 (58.9%) dist_goal=1.47
22:37:18 [INFO] [MPC] state=(+0.32,+2.42,-0.49) wp0=(+0.37,+2.33) v=+0.200 ω=-0.564 ok=True iters=7
22:37:18 [INFO] [PROG] s*=2.31/3.89 (59.4%) dist_goal=1.45
22:37:18 [INFO] [MPC] state=(+0.33,+2.41,-0.52) wp0=(+0.39,+2.31) v=+0.200 ω=+0.182 ok=True iters=7
22:37:18 [INFO] [PROG] s*=2.31/3.89 (59.4%) dist_goal=1.44
22:37:18 [INFO] [MPC] state=(+0.35,+2.40,-0.51) wp0=(+0.39,+2.31) v=+0.200 ω=+0.781 ok=True iters=7
22:37:18 [INFO] [PROG] s*=2.31/3.89 (59.4%) dist_goal=1.42
22:37:18 [INFO] [MPC] state=(+0.36,+2.39,-0.46) wp0=(+0.39,+2.31) v=+0.200 ω=+0.637 ok=True iters=7
22:37:18 [INFO] [PROG] s*=2.33/3.89 (59.8%) dist_goal=1.40
22:37:18 [INFO] [MPC] state=(+0.38,+2.38,-0.43) wp0=(+0.40,+2.30) v=+0.200 ω=+0.508 ok=True iters=8
22:37:18 [INFO] [PROG] s*=2.34/3.89 (60.3%) dist_goal=1.38
22:37:18 [INFO] [MPC] state=(+0.40,+2.37,-0.40) wp0=(+0.41,+2.29) v=+0.200 ω=+0.617 ok=True iters=8
22:37:18 [INFO] [PROG] s*=2.36/3.89 (60.7%) dist_goal=1.36
22:37:18 [INFO] [MPC] state=(+0.41,+2.37,-0.36) wp0=(+0.42,+2.28) v=+0.200 ω=+0.646 ok=True iters=8
22:37:18 [INFO] [PROG] s*=2.37/3.89 (61.1%) dist_goal=1.35
22:37:18 [INFO] [MPC] state=(+0.43,+2.36,-0.32) wp0=(+0.43,+2.27) v=+0.200 ω=+0.634 ok=True iters=8
22:37:18 [INFO] [PROG] s*=2.39/3.89 (61.5%) dist_goal=1.33
22:37:18 [INFO] [MPC] state=(+0.45,+2.36,-0.28) wp0=(+0.44,+2.26) v=+0.200 ω=+0.499 ok=True iters=8
22:37:18 [INFO] [PROG] s*=2.41/3.89 (61.9%) dist_goal=1.31
22:37:18 [INFO] [MPC] state=(+0.47,+2.35,-0.25) wp0=(+0.46,+2.25) v=+0.200 ω=+0.382 ok=True iters=8
22:37:18 [INFO] [PROG] s*=2.50/3.89 (64.4%) dist_goal=1.29
22:37:18 [INFO] [MPC] state=(+0.48,+2.35,-0.23) wp0=(+0.55,+2.25) v=+0.200 ω=+0.289 ok=True iters=8
22:37:18 [INFO] [PROG] s*=2.52/3.89 (64.8%) dist_goal=1.27
22:37:18 [INFO] [MPC] state=(+0.50,+2.34,-0.21) wp0=(+0.57,+2.25) v=+0.200 ω=-1.175 ok=True iters=7
22:37:18 [INFO] [PROG] s*=2.53/3.89 (65.2%) dist_goal=1.26
22:37:18 [INFO] [MPC] state=(+0.52,+2.34,-0.27) wp0=(+0.58,+2.25) v=+0.200 ω=-1.294 ok=True iters=7
22:37:18 [INFO] [PROG] s*=2.55/3.89 (65.6%) dist_goal=1.24
22:37:18 [INFO] [MPC] state=(+0.53,+2.33,-0.34) wp0=(+0.60,+2.25) v=+0.200 ω=-1.169 ok=True iters=7
22:37:18 [INFO] [PROG] s*=2.57/3.89 (66.0%) dist_goal=1.23
22:37:18 [INFO] [MPC] state=(+0.55,+2.33,-0.40) wp0=(+0.62,+2.25) v=+0.200 ω=-1.065 ok=True iters=7
22:37:18 [INFO] [PROG] s*=2.58/3.89 (66.4%) dist_goal=1.21
22:37:18 [INFO] [MPC] state=(+0.57,+2.32,-0.46) wp0=(+0.63,+2.25) v=+0.200 ω=-0.881 ok=True iters=7
22:37:18 [INFO] [PROG] s*=2.60/3.89 (66.8%) dist_goal=1.19
22:37:18 [INFO] [MPC] state=(+0.58,+2.31,-0.51) wp0=(+0.65,+2.25) v=+0.200 ω=-0.681 ok=True iters=7
22:37:18 [INFO] [PROG] s*=2.61/3.89 (67.2%) dist_goal=1.17
22:37:18 [INFO] [MPC] state=(+0.60,+2.30,-0.55) wp0=(+0.66,+2.24) v=+0.200 ω=-0.515 ok=True iters=7
22:37:18 [INFO] [PROG] s*=2.63/3.89 (67.6%) dist_goal=1.15
22:37:18 [INFO] [MPC] state=(+0.61,+2.29,-0.58) wp0=(+0.67,+2.23) v=+0.200 ω=-0.231 ok=True iters=7
22:37:18 [INFO] [PROG] s*=2.64/3.89 (68.0%) dist_goal=1.13
22:37:18 [INFO] [MPC] state=(+0.63,+2.28,-0.60) wp0=(+0.68,+2.22) v=+0.200 ω=+0.482 ok=True iters=7
22:37:18 [INFO] [PROG] s*=2.65/3.89 (68.2%) dist_goal=1.12
22:37:18 [INFO] [MPC] state=(+0.64,+2.27,-0.57) wp0=(+0.69,+2.21) v=+0.200 ω=+1.001 ok=True iters=7
22:37:18 [INFO] [PROG] s*=2.66/3.89 (68.5%) dist_goal=1.10
22:37:18 [INFO] [MPC] state=(+0.66,+2.26,-0.51) wp0=(+0.69,+2.21) v=+0.200 ω=+1.008 ok=True iters=7
22:37:18 [INFO] [PROG] s*=2.68/3.89 (68.9%) dist_goal=1.08
22:37:18 [INFO] [MPC] state=(+0.67,+2.25,-0.46) wp0=(+0.71,+2.19) v=+0.200 ω=+0.998 ok=True iters=7
22:37:18 [INFO] [PROG] s*=2.69/3.89 (69.3%) dist_goal=1.07
22:37:18 [INFO] [MPC] state=(+0.69,+2.25,-0.40) wp0=(+0.72,+2.18) v=+0.200 ω=+0.954 ok=True iters=7
22:37:18 [INFO] [PROG] s*=2.71/3.89 (69.7%) dist_goal=1.05
22:37:18 [INFO] [MPC] state=(+0.70,+2.24,-0.35) wp0=(+0.73,+2.17) v=+0.200 ω=+0.908 ok=True iters=7
22:37:18 [INFO] [PROG] s*=2.72/3.89 (70.1%) dist_goal=1.03
22:37:18 [INFO] [MPC] state=(+0.72,+2.24,-0.30) wp0=(+0.74,+2.16) v=+0.200 ω=+0.749 ok=True iters=8
22:37:18 [INFO] [PROG] s*=2.74/3.89 (70.5%) dist_goal=1.02
22:37:18 [INFO] [MPC] state=(+0.73,+2.23,-0.25) wp0=(+0.75,+2.15) v=+0.200 ω=+0.586 ok=True iters=8
22:37:18 [INFO] [PROG] s*=2.75/3.89 (70.9%) dist_goal=1.00
22:37:18 [INFO] [MPC] state=(+0.75,+2.23,-0.22) wp0=(+0.76,+2.15) v=+0.200 ω=+0.452 ok=True iters=8
22:37:18 [INFO] [PROG] s*=2.83/3.89 (72.8%) dist_goal=0.98
22:37:18 [INFO] [MPC] state=(+0.77,+2.22,-0.19) wp0=(+0.84,+2.15) v=+0.200 ω=+0.338 ok=True iters=8
22:37:18 [INFO] [PROG] s*=2.85/3.89 (73.3%) dist_goal=0.96
22:37:18 [INFO] [MPC] state=(+0.79,+2.22,-0.17) wp0=(+0.86,+2.15) v=+0.200 ω=+0.162 ok=True iters=7
22:37:18 [INFO] [PROG] s*=2.87/3.89 (73.8%) dist_goal=0.94
22:37:18 [INFO] [MPC] state=(+0.81,+2.22,-0.15) wp0=(+0.88,+2.15) v=+0.200 ω=+0.084 ok=True iters=7
22:37:18 [INFO] [PROG] s*=2.89/3.89 (74.4%) dist_goal=0.92
22:37:18 [INFO] [MPC] state=(+0.83,+2.21,-0.14) wp0=(+0.90,+2.15) v=+0.200 ω=+0.023 ok=True iters=7
22:37:18 [INFO] [PROG] s*=2.91/3.89 (74.9%) dist_goal=0.91
22:37:18 [INFO] [MPC] state=(+0.85,+2.21,-0.14) wp0=(+0.92,+2.15) v=+0.200 ω=-0.021 ok=True iters=7
22:37:18 [INFO] [PROG] s*=2.93/3.89 (75.4%) dist_goal=0.89
22:37:18 [INFO] [MPC] state=(+0.87,+2.21,-0.14) wp0=(+0.94,+2.15) v=+0.200 ω=-0.136 ok=True iters=7
22:37:18 [INFO] [PROG] s*=2.95/3.89 (75.8%) dist_goal=0.87
22:37:18 [INFO] [MPC] state=(+0.89,+2.20,-0.16) wp0=(+0.96,+2.15) v=+0.200 ω=-0.884 ok=True iters=7
22:37:18 [INFO] [PROG] s*=2.96/3.89 (76.2%) dist_goal=0.85
22:37:18 [INFO] [MPC] state=(+0.91,+2.20,-0.20) wp0=(+0.97,+2.15) v=+0.200 ω=-1.396 ok=True iters=7
22:37:18 [INFO] [PROG] s*=2.98/3.89 (76.6%) dist_goal=0.84
22:37:18 [INFO] [MPC] state=(+0.92,+2.20,-0.28) wp0=(+0.99,+2.15) v=+0.200 ω=-1.389 ok=True iters=7
22:37:18 [INFO] [PROG] s*=2.99/3.89 (77.0%) dist_goal=0.82
22:37:18 [INFO] [MPC] state=(+0.94,+2.19,-0.35) wp0=(+1.00,+2.15) v=+0.200 ω=-1.278 ok=True iters=7
22:37:18 [INFO] [PROG] s*=3.01/3.89 (77.4%) dist_goal=0.81
22:37:18 [INFO] [MPC] state=(+0.95,+2.19,-0.42) wp0=(+1.02,+2.15) v=+0.200 ω=-1.177 ok=True iters=7
22:37:18 [INFO] [PROG] s*=3.02/3.89 (77.7%) dist_goal=0.79
22:37:18 [INFO] [MPC] state=(+0.97,+2.18,-0.49) wp0=(+1.03,+2.15) v=+0.200 ω=-0.990 ok=True iters=7
22:37:18 [INFO] [PROG] s*=3.04/3.89 (78.1%) dist_goal=0.77
22:37:18 [INFO] [MPC] state=(+0.98,+2.17,-0.54) wp0=(+1.05,+2.15) v=+0.198 ω=-0.800 ok=True iters=7
22:37:18 [INFO] [PROG] s*=3.05/3.89 (78.5%) dist_goal=0.75
22:37:18 [INFO] [MPC] state=(+1.00,+2.16,-0.59) wp0=(+1.06,+2.14) v=+0.193 ω=-0.638 ok=True iters=7
22:37:18 [INFO] [PROG] s*=3.07/3.89 (78.9%) dist_goal=0.74
22:37:18 [INFO] [MPC] state=(+1.01,+2.15,-0.63) wp0=(+1.07,+2.13) v=+0.189 ω=-0.498 ok=True iters=7
22:37:18 [INFO] [PROG] s*=3.08/3.89 (79.3%) dist_goal=0.72
22:37:18 [INFO] [MPC] state=(+1.03,+2.14,-0.67) wp0=(+1.08,+2.12) v=+0.184 ω=-0.366 ok=True iters=7
22:37:18 [INFO] [PROG] s*=3.12/3.89 (80.2%) dist_goal=0.70
22:37:18 [INFO] [MPC] state=(+1.04,+2.13,-0.70) wp0=(+1.10,+2.10) v=+0.179 ω=-0.242 ok=True iters=7
22:37:18 [INFO] [PROG] s*=3.14/3.89 (80.7%) dist_goal=0.68
22:37:18 [INFO] [MPC] state=(+1.05,+2.12,-0.72) wp0=(+1.12,+2.08) v=+0.175 ω=-0.133 ok=True iters=7
22:37:18 [INFO] [PROG] s*=3.15/3.89 (81.1%) dist_goal=0.66
22:37:18 [INFO] [MPC] state=(+1.07,+2.10,-0.74) wp0=(+1.13,+2.07) v=+0.170 ω=-0.072 ok=True iters=8
22:37:18 [INFO] [PROG] s*=3.17/3.89 (81.6%) dist_goal=0.65
22:37:18 [INFO] [MPC] state=(+1.08,+2.09,-0.74) wp0=(+1.14,+2.06) v=+0.166 ω=-0.035 ok=True iters=8
22:37:18 [INFO] [PROG] s*=3.19/3.89 (82.0%) dist_goal=0.63
22:37:18 [INFO] [MPC] state=(+1.09,+2.08,-0.75) wp0=(+1.15,+2.05) v=+0.162 ω=-0.008 ok=True iters=8
22:37:18 [INFO] [PROG] s*=3.20/3.89 (82.4%) dist_goal=0.62
22:37:18 [INFO] [MPC] state=(+1.10,+2.07,-0.75) wp0=(+1.16,+2.04) v=+0.158 ω=+0.008 ok=True iters=8
22:37:18 [INFO] [PROG] s*=3.22/3.89 (82.8%) dist_goal=0.60
22:37:18 [INFO] [MPC] state=(+1.12,+2.06,-0.75) wp0=(+1.18,+2.02) v=+0.154 ω=+0.018 ok=True iters=8
22:37:18 [INFO] [PROG] s*=3.23/3.89 (83.2%) dist_goal=0.59
22:37:18 [INFO] [MPC] state=(+1.13,+2.05,-0.75) wp0=(+1.19,+2.01) v=+0.150 ω=+0.026 ok=True iters=8
22:37:18 [INFO] [PROG] s*=3.25/3.89 (83.6%) dist_goal=0.57
22:37:18 [INFO] [MPC] state=(+1.14,+2.04,-0.74) wp0=(+1.20,+2.00) v=+0.146 ω=+0.030 ok=True iters=8
22:37:18 [INFO] [PROG] s*=3.26/3.89 (84.0%) dist_goal=0.56
22:37:18 [INFO] [MPC] state=(+1.15,+2.03,-0.74) wp0=(+1.21,+1.99) v=+0.143 ω=+0.033 ok=True iters=8
22:37:18 [INFO] [PROG] s*=3.28/3.89 (84.3%) dist_goal=0.54
22:37:18 [INFO] [MPC] state=(+1.16,+2.02,-0.74) wp0=(+1.22,+1.98) v=+0.139 ω=+0.036 ok=True iters=8
22:37:18 [INFO] [PROG] s*=3.29/3.89 (84.7%) dist_goal=0.53
22:37:18 [INFO] [MPC] state=(+1.17,+2.01,-0.73) wp0=(+1.23,+1.97) v=+0.136 ω=+0.032 ok=True iters=9
22:37:18 [INFO] [PROG] s*=3.31/3.89 (85.0%) dist_goal=0.52
22:37:18 [INFO] [MPC] state=(+1.18,+2.00,-0.73) wp0=(+1.24,+1.96) v=+0.132 ω=+0.028 ok=True iters=9
22:37:18 [INFO] [PROG] s*=3.32/3.89 (85.4%) dist_goal=0.50
22:37:18 [INFO] [MPC] state=(+1.19,+1.99,-0.73) wp0=(+1.25,+1.95) v=+0.129 ω=+0.025 ok=True iters=7
22:37:18 [INFO] [PROG] s*=3.33/3.89 (85.7%) dist_goal=0.49
22:37:18 [INFO] [MPC] state=(+1.20,+1.98,-0.72) wp0=(+1.26,+1.94) v=+0.126 ω=+0.021 ok=True iters=7
22:37:18 [INFO] [PROG] s*=3.34/3.89 (86.0%) dist_goal=0.48
22:37:18 [INFO] [MPC] state=(+1.21,+1.97,-0.72) wp0=(+1.26,+1.94) v=+0.123 ω=+0.017 ok=True iters=7
22:37:18 [INFO] [PROG] s*=3.36/3.89 (86.3%) dist_goal=0.47
22:37:18 [INFO] [MPC] state=(+1.22,+1.96,-0.72) wp0=(+1.27,+1.93) v=+0.120 ω=+0.494 ok=True iters=7
22:37:18 [INFO] [PROG] s*=3.37/3.89 (86.6%) dist_goal=0.46
22:37:18 [INFO] [MPC] state=(+1.23,+1.96,-0.67) wp0=(+1.28,+1.92) v=+0.117 ω=+0.835 ok=True iters=7
22:37:18 [INFO] [PROG] s*=3.38/3.89 (86.9%) dist_goal=0.45
22:37:18 [INFO] [MPC] state=(+1.24,+1.95,-0.59) wp0=(+1.29,+1.91) v=+0.114 ω=+1.019 ok=True iters=7
22:37:18 [INFO] [PROG] s*=3.39/3.89 (87.1%) dist_goal=0.44
22:37:18 [INFO] [MPC] state=(+1.25,+1.94,-0.48) wp0=(+1.29,+1.91) v=+0.112 ω=+1.040 ok=True iters=7
22:37:18 [INFO] [PROG] s*=3.40/3.89 (87.4%) dist_goal=0.43
22:37:18 [INFO] [MPC] state=(+1.26,+1.94,-0.37) wp0=(+1.30,+1.90) v=+0.109 ω=+0.751 ok=True iters=7
22:37:18 [INFO] [PROG] s*=3.41/3.89 (87.6%) dist_goal=0.42
22:37:18 [INFO] [MPC] state=(+1.27,+1.94,-0.30) wp0=(+1.31,+1.89) v=+0.106 ω=+0.579 ok=True iters=7
22:37:18 [INFO] [PROG] s*=3.41/3.89 (87.8%) dist_goal=0.41
22:37:18 [INFO] [MPC] state=(+1.28,+1.93,-0.24) wp0=(+1.31,+1.89) v=+0.104 ω=+0.462 ok=True iters=7
22:37:18 [INFO] [PROG] s*=3.42/3.89 (88.0%) dist_goal=0.40
22:37:18 [INFO] [MPC] state=(+1.29,+1.93,-0.19) wp0=(+1.32,+1.88) v=+0.101 ω=+0.374 ok=True iters=7
22:37:18 [INFO] [PROG] s*=3.43/3.89 (88.2%) dist_goal=0.39
22:37:18 [INFO] [MPC] state=(+1.30,+1.93,-0.15) wp0=(+1.32,+1.88) v=+0.099 ω=+0.310 ok=True iters=7
22:37:18 [INFO] [PROG] s*=3.44/3.89 (88.4%) dist_goal=0.38
22:37:18 [INFO] [MPC] state=(+1.31,+1.93,-0.12) wp0=(+1.33,+1.87) v=+0.097 ω=+0.208 ok=True iters=7
22:37:18 [INFO] [PROG] s*=3.44/3.89 (88.6%) dist_goal=0.37
22:37:18 [INFO] [MPC] state=(+1.32,+1.93,-0.10) wp0=(+1.34,+1.86) v=+0.094 ω=+0.138 ok=True iters=7
22:37:18 [INFO] [PROG] s*=3.45/3.89 (88.8%) dist_goal=0.36
22:37:18 [INFO] [MPC] state=(+1.33,+1.93,-0.09) wp0=(+1.34,+1.86) v=+0.092 ω=+0.092 ok=True iters=7
22:37:18 [INFO] [PROG] s*=3.46/3.89 (89.0%) dist_goal=0.35
22:37:18 [INFO] [MPC] state=(+1.33,+1.92,-0.08) wp0=(+1.34,+1.86) v=+0.090 ω=+0.062 ok=True iters=7
22:37:18 [INFO] [PROG] s*=3.47/3.89 (89.1%) dist_goal=0.34
22:37:18 [INFO] [MPC] state=(+1.34,+1.92,-0.07) wp0=(+1.35,+1.85) v=+0.088 ω=+0.045 ok=True iters=7
22:37:18 [INFO] [PROG] s*=3.47/3.89 (89.3%) dist_goal=0.34
22:37:18 [INFO] [MPC] state=(+1.35,+1.92,-0.07) wp0=(+1.36,+1.85) v=+0.086 ω=+0.033 ok=True iters=7
22:37:18 [INFO] [PROG] s*=3.48/3.89 (89.5%) dist_goal=0.33
22:37:18 [INFO] [MPC] state=(+1.36,+1.92,-0.06) wp0=(+1.36,+1.85) v=+0.084 ω=+0.025 ok=True iters=7
22:37:18 [INFO] [PROG] s*=3.48/3.89 (89.6%) dist_goal=0.32
22:37:18 [INFO] [MPC] state=(+1.37,+1.92,-0.06) wp0=(+1.37,+1.85) v=+0.082 ω=+0.020 ok=True iters=7
22:37:18 [INFO] [PROG] s*=3.55/3.89 (91.4%) dist_goal=0.32
22:37:18 [INFO] [MPC] state=(+1.38,+1.92,-0.06) wp0=(+1.44,+1.85) v=+0.081 ω=+0.016 ok=True iters=7
22:37:18 [INFO] [PROG] s*=3.56/3.89 (91.6%) dist_goal=0.31
22:37:18 [INFO] [MPC] state=(+1.39,+1.92,-0.06) wp0=(+1.44,+1.85) v=+0.079 ω=+0.005 ok=True iters=7
22:37:18 [INFO] [PROG] s*=3.57/3.89 (91.8%) dist_goal=0.30
22:37:18 [INFO] [MPC] state=(+1.39,+1.92,-0.06) wp0=(+1.45,+1.85) v=+0.077 ω=+0.006 ok=True iters=7
22:37:18 [INFO] [PROG] s*=3.57/3.89 (91.9%) dist_goal=0.30
22:37:18 [INFO] [MPC] state=(+1.40,+1.92,-0.05) wp0=(+1.46,+1.85) v=+0.075 ω=+0.006 ok=True iters=7
22:37:18 [INFO] [PROG] s*=3.58/3.89 (92.1%) dist_goal=0.29
22:37:18 [INFO] [MPC] state=(+1.41,+1.92,-0.05) wp0=(+1.47,+1.85) v=+0.074 ω=+0.006 ok=True iters=7
22:37:18 [INFO] [PROG] s*=3.59/3.89 (92.3%) dist_goal=0.28
22:37:18 [INFO] [MPC] state=(+1.42,+1.92,-0.05) wp0=(+1.47,+1.85) v=+0.072 ω=+0.006 ok=True iters=7
22:37:18 [INFO] [PROG] s*=3.60/3.89 (92.5%) dist_goal=0.28
22:37:18 [INFO] [MPC] state=(+1.42,+1.92,-0.05) wp0=(+1.48,+1.85) v=+0.071 ω=+0.005 ok=True iters=7
22:37:18 [INFO] [PROG] s*=3.60/3.89 (92.7%) dist_goal=0.27
22:37:18 [INFO] [MPC] state=(+1.43,+1.92,-0.05) wp0=(+1.49,+1.85) v=+0.069 ω=-0.033 ok=True iters=8
22:37:18 [INFO] [PROG] s*=3.61/3.89 (92.9%) dist_goal=0.27
22:37:18 [INFO] [MPC] state=(+1.44,+1.92,-0.06) wp0=(+1.49,+1.85) v=+0.068 ω=-0.423 ok=True iters=7
22:37:18 [INFO] [PROG] s*=3.62/3.89 (93.0%) dist_goal=0.26
22:37:18 [INFO] [MPC] state=(+1.44,+1.92,-0.10) wp0=(+1.50,+1.85) v=+0.066 ω=-0.745 ok=True iters=7
22:37:18 [INFO] [PROG] s*=3.62/3.89 (93.2%) dist_goal=0.25
22:37:18 [INFO] [MPC] state=(+1.45,+1.92,-0.17) wp0=(+1.51,+1.85) v=+0.065 ω=-1.028 ok=True iters=7
22:37:18 [INFO] [PROG] s*=3.63/3.89 (93.4%) dist_goal=0.25
22:37:18 [INFO] [MPC] state=(+1.46,+1.92,-0.27) wp0=(+1.52,+1.85) v=+0.063 ω=-1.215 ok=True iters=8
22:37:18 [INFO] [PROG] s*=3.64/3.89 (93.6%) dist_goal=0.24
22:37:18 [INFO] [MPC] state=(+1.47,+1.91,-0.40) wp0=(+1.52,+1.85) v=+0.062 ω=-0.968 ok=True iters=8
22:37:18 [INFO] [PROG] s*=3.64/3.89 (93.7%) dist_goal=0.23
22:37:18 [INFO] [MPC] state=(+1.47,+1.91,-0.50) wp0=(+1.53,+1.85) v=+0.060 ω=-0.754 ok=True iters=8
22:37:18 [INFO] [PROG] s*=3.65/3.89 (93.9%) dist_goal=0.23
22:37:18 [INFO] [MPC] state=(+1.48,+1.91,-0.57) wp0=(+1.53,+1.85) v=+0.058 ω=-0.615 ok=True iters=8
22:37:18 [INFO] [PROG] s*=3.65/3.89 (94.0%) dist_goal=0.22
22:37:18 [INFO] [MPC] state=(+1.48,+1.90,-0.63) wp0=(+1.54,+1.85) v=+0.057 ω=-0.508 ok=True iters=8
22:37:18 [INFO] [PROG] s*=3.66/3.89 (94.1%) dist_goal=0.21
22:37:18 [INFO] [MPC] state=(+1.49,+1.90,-0.69) wp0=(+1.54,+1.85) v=+0.055 ω=-0.330 ok=True iters=9
22:37:18 [INFO] [PROG] s*=3.66/3.89 (94.2%) dist_goal=0.21
22:37:18 [INFO] [MPC] state=(+1.49,+1.89,-0.72) wp0=(+1.55,+1.85) v=+0.054 ω=-0.215 ok=True iters=9
22:37:18 [INFO] [PROG] s*=3.67/3.89 (94.3%) dist_goal=0.20
22:37:18 [INFO] [MPC] state=(+1.50,+1.89,-0.74) wp0=(+1.55,+1.85) v=+0.052 ω=-0.141 ok=True iters=9
22:37:18 [INFO] [PROG] s*=3.67/3.89 (94.4%) dist_goal=0.20
22:37:18 [INFO] [MPC] state=(+1.50,+1.89,-0.76) wp0=(+1.55,+1.85) v=+0.051 ω=-0.092 ok=True iters=9
22:37:18 [INFO] [PROG] s*=3.67/3.89 (94.5%) dist_goal=0.19
22:37:18 [INFO] [MPC] state=(+1.50,+1.88,-0.77) wp0=(+1.56,+1.84) v=+0.050 ω=-0.061 ok=True iters=9
22:37:18 [INFO] [PROG] s*=3.68/3.89 (94.6%) dist_goal=0.19
22:37:18 [INFO] [MPC] state=(+1.51,+1.88,-0.77) wp0=(+1.56,+1.84) v=+0.048 ω=-0.041 ok=True iters=9
22:37:18 [INFO] [PROG] s*=3.68/3.89 (94.7%) dist_goal=0.18
22:37:18 [INFO] [MPC] state=(+1.51,+1.88,-0.78) wp0=(+1.56,+1.84) v=+0.047 ω=-0.027 ok=True iters=9
22:37:18 [INFO] [PROG] s*=3.68/3.89 (94.7%) dist_goal=0.18
22:37:18 [INFO] [MPC] state=(+1.51,+1.87,-0.78) wp0=(+1.56,+1.84) v=+0.046 ω=-0.018 ok=True iters=8
22:37:18 [INFO] [PROG] s*=3.69/3.89 (94.8%) dist_goal=0.17
22:37:18 [INFO] [MPC] state=(+1.52,+1.87,-0.78) wp0=(+1.56,+1.84) v=+0.045 ω=-0.013 ok=True iters=10
22:37:18 [INFO] [PROG] s*=3.69/3.89 (94.9%) dist_goal=0.17
22:37:18 [INFO] [MPC] state=(+1.52,+1.87,-0.78) wp0=(+1.57,+1.83) v=+0.044 ω=-0.009 ok=True iters=10
22:37:18 [INFO] [PROG] s*=3.69/3.89 (95.0%) dist_goal=0.17
22:37:18 [INFO] [MPC] state=(+1.52,+1.86,-0.78) wp0=(+1.57,+1.83) v=+0.042 ω=-0.006 ok=True iters=10
22:37:18 [INFO] [PROG] s*=3.70/3.89 (95.1%) dist_goal=0.16
22:37:18 [INFO] [MPC] state=(+1.53,+1.86,-0.78) wp0=(+1.57,+1.83) v=+0.041 ω=-0.006 ok=True iters=10
22:37:18 [INFO] [PROG] s*=3.70/3.89 (95.1%) dist_goal=0.16
22:37:18 [INFO] [MPC] state=(+1.53,+1.86,-0.78) wp0=(+1.57,+1.83) v=+0.040 ω=-0.004 ok=True iters=10
22:37:18 [INFO] [PROG] s*=3.70/3.89 (95.2%) dist_goal=0.15
22:37:18 [INFO] [MPC] state=(+1.53,+1.85,-0.78) wp0=(+1.57,+1.83) v=+0.039 ω=-0.003 ok=True iters=10
22:37:18 [INFO] [PROG] s*=3.70/3.89 (95.3%) dist_goal=0.15
22:37:18 [INFO] [MPC] state=(+1.54,+1.85,-0.78) wp0=(+1.58,+1.82) v=+0.038 ω=-0.003 ok=True iters=11
22:37:18 [INFO] [PROG] s*=3.71/3.89 (95.3%) dist_goal=0.15
22:37:18 [INFO] [MPC] state=(+1.54,+1.85,-0.78) wp0=(+1.58,+1.82) v=+0.037 ω=-0.002 ok=True iters=10
22:37:18 [INFO] [PROG] s*=3.71/3.89 (95.4%) dist_goal=0.14
22:37:18 [INFO] [MPC] state=(+1.54,+1.85,-0.78) wp0=(+1.58,+1.82) v=+0.036 ω=-0.003 ok=True iters=9
22:37:18 [INFO] [PROG] s*=3.71/3.89 (95.5%) dist_goal=0.14
22:37:18 [INFO] [MPC] state=(+1.54,+1.84,-0.78) wp0=(+1.58,+1.82) v=+0.036 ω=-0.002 ok=True iters=9
22:37:18 [INFO] [PROG] s*=3.72/3.89 (95.8%) dist_goal=0.14
22:37:18 [INFO] [MPC] state=(+1.55,+1.84,-0.78) wp0=(+1.59,+1.81) v=+0.035 ω=-0.002 ok=True iters=9
22:37:18 [INFO] [PROG] s*=3.73/3.89 (95.8%) dist_goal=0.13
22:37:18 [INFO] [MPC] state=(+1.55,+1.84,-0.78) wp0=(+1.59,+1.81) v=+0.034 ω=-0.001 ok=True iters=9
22:37:18 [INFO] [PROG] s*=3.73/3.89 (95.9%) dist_goal=0.13
22:37:18 [INFO] [MPC] state=(+1.55,+1.84,-0.78) wp0=(+1.59,+1.81) v=+0.033 ω=-0.002 ok=True iters=9
22:37:18 [INFO] [PROG] s*=3.73/3.89 (96.0%) dist_goal=0.13
22:37:18 [INFO] [MPC] state=(+1.55,+1.83,-0.78) wp0=(+1.60,+1.80) v=+0.032 ω=-0.001 ok=True iters=9
22:37:18 [INFO] [PROG] s*=3.74/3.89 (96.1%) dist_goal=0.12
22:37:18 [INFO] [MPC] state=(+1.56,+1.83,-0.78) wp0=(+1.60,+1.80) v=+0.031 ω=-0.002 ok=True iters=9
22:37:18 [INFO] [PROG] s*=3.74/3.89 (96.2%) dist_goal=0.12
22:37:18 [INFO] [MPC] state=(+1.56,+1.83,-0.78) wp0=(+1.60,+1.80) v=+0.031 ω=-0.000 ok=True iters=9
22:37:18 [INFO] [PROG] s*=3.74/3.89 (96.2%) dist_goal=0.12
22:37:18 [INFO] [MPC] state=(+1.56,+1.83,-0.78) wp0=(+1.60,+1.80) v=+0.030 ω=-0.001 ok=True iters=5
22:37:18 [INFO] [PROG] s*=3.74/3.89 (96.3%) dist_goal=0.11
22:37:18 [INFO] [MPC] state=(+1.56,+1.83,-0.78) wp0=(+1.61,+1.79) v=+0.030 ω=-0.001 ok=True iters=5
22:37:18 [INFO] [PROG] s*=3.75/3.89 (96.4%) dist_goal=0.11
22:37:18 [INFO] [MPC] state=(+1.56,+1.82,-0.78) wp0=(+1.61,+1.79) v=+0.030 ω=-0.001 ok=True iters=5
22:37:18 [INFO] [PROG] s*=3.75/3.89 (96.5%) dist_goal=0.11
22:37:18 [INFO] [MPC] state=(+1.57,+1.82,-0.78) wp0=(+1.61,+1.79) v=+0.030 ω=-0.001 ok=True iters=5
22:37:18 [INFO] [PROG] s*=3.75/3.89 (96.6%) dist_goal=0.10
22:37:18 [INFO] [MPC] state=(+1.57,+1.82,-0.78) wp0=(+1.61,+1.79) v=+0.030 ω=-0.001 ok=True iters=5
22:37:18 [INFO] [PROG] s*=3.76/3.89 (96.6%) dist_goal=0.10
22:37:18 [INFO] [MPC] state=(+1.57,+1.82,-0.78) wp0=(+1.61,+1.79) v=+0.030 ω=-0.002 ok=True iters=5
22:37:18 [INFO] [PROG] s*=3.76/3.89 (96.7%) dist_goal=0.10
22:37:18 [INFO] [MPC] state=(+1.57,+1.81,-0.78) wp0=(+1.62,+1.78) v=+0.030 ω=-0.001 ok=True iters=5
