00:48:25 [INFO] === New MPC Session Started ===
00:48:25 [DEBUG] matplotlib data path: /home/max/.local/lib/python3.10/site-packages/matplotlib/mpl-data
00:48:25 [DEBUG] CONFIGDIR=/home/max/.config/matplotlib
00:48:25 [DEBUG] interactive is False
00:48:25 [DEBUG] platform is linux
00:48:25 [DEBUG] CACHEDIR=/home/max/.cache/matplotlib
00:48:25 [DEBUG] Using fontManager instance from /home/max/.cache/matplotlib/fontlist-v390.json
00:48:25 [DEBUG] falling back to hashlib hashing: `pip install xxhash`for 50x faster cache checks
00:48:25 [INFO] CrowdNavPyBulletEnv initializing...
00:48:25 [DEBUG] `trimesh.load(force='mesh')` is a compatibility wrapper for `trimesh.load_mesh`
00:48:25 [DEBUG] 3 items cleared from cache: ['triangles', 'triangles_cross', 'face_normals']
00:48:25 [DEBUG] 1 items cleared from cache: ['face_normals']
00:48:28 [INFO] World ready | grid: (220, 120), res: 0.1, N=10, T=0.1
00:48:32 [INFO] [PROG] s*=0.00/23.44 (0.0%) dist_goal=17.68
00:48:32 [INFO] [MPC] state=(+1.25,+9.06,-0.83) wp0=(+1.31,+8.99) v=+0.200 ω=+1.670 ok=True iters=7
00:48:32 [INFO] [PROG] s*=0.00/23.44 (0.0%) dist_goal=17.67
00:48:32 [INFO] [MPC] state=(+1.26,+9.06,-0.78) wp0=(+1.31,+8.99) v=+0.200 ω=+2.400 ok=True iters=8
00:48:32 [INFO] [PROG] s*=0.00/23.44 (0.0%) dist_goal=17.67
00:48:32 [INFO] [MPC] state=(+1.27,+9.05,-0.65) wp0=(+1.31,+8.99) v=+0.200 ω=+2.353 ok=True iters=10
00:48:32 [INFO] [PROG] s*=0.01/23.44 (0.0%) dist_goal=17.66
00:48:32 [INFO] [MPC] state=(+1.28,+9.04,-0.52) wp0=(+1.31,+8.99) v=+0.200 ω=+1.901 ok=True iters=7
00:48:32 [INFO] [PROG] s*=0.02/23.44 (0.1%) dist_goal=17.65
00:48:32 [INFO] [MPC] state=(+1.29,+9.04,-0.42) wp0=(+1.32,+8.98) v=+0.200 ω=+1.579 ok=True iters=8
00:48:32 [INFO] [PROG] s*=0.03/23.44 (0.1%) dist_goal=17.65
00:48:32 [INFO] [MPC] state=(+1.30,+9.03,-0.33) wp0=(+1.33,+8.97) v=+0.200 ω=+1.399 ok=True iters=8
00:48:32 [INFO] [PROG] s*=0.04/23.44 (0.2%) dist_goal=17.64
00:48:32 [INFO] [MPC] state=(+1.31,+9.03,-0.26) wp0=(+1.34,+8.96) v=+0.200 ω=+1.030 ok=True iters=7
00:48:32 [INFO] [PROG] s*=0.06/23.44 (0.3%) dist_goal=17.64
00:48:32 [INFO] [MPC] state=(+1.33,+9.03,-0.20) wp0=(+1.35,+8.95) v=+0.200 ω=+0.378 ok=True iters=7
00:48:32 [INFO] [PROG] s*=0.08/23.44 (0.3%) dist_goal=17.63
00:48:32 [INFO] [MPC] state=(+1.35,+9.02,-0.17) wp0=(+1.36,+8.95) v=+0.200 ω=-0.260 ok=True iters=7
00:48:32 [INFO] [PROG] s*=0.15/23.44 (0.6%) dist_goal=17.62
00:48:32 [INFO] [MPC] state=(+1.37,+9.02,-0.19) wp0=(+1.44,+8.95) v=+0.200 ω=-0.651 ok=True iters=8
00:48:32 [INFO] [PROG] s*=0.16/23.44 (0.7%) dist_goal=17.62
00:48:32 [INFO] [MPC] state=(+1.39,+9.01,-0.23) wp0=(+1.45,+8.95) v=+0.200 ω=-0.829 ok=True iters=7
00:48:32 [INFO] [PROG] s*=0.18/23.44 (0.8%) dist_goal=17.61
00:48:32 [INFO] [MPC] state=(+1.40,+9.01,-0.28) wp0=(+1.46,+8.94) v=+0.200 ω=-0.628 ok=True iters=7
00:48:32 [INFO] [PROG] s*=0.20/23.44 (0.9%) dist_goal=17.60
00:48:32 [INFO] [MPC] state=(+1.42,+9.00,-0.31) wp0=(+1.48,+8.92) v=+0.200 ω=-0.039 ok=True iters=7
00:48:32 [INFO] [PROG] s*=0.21/23.44 (0.9%) dist_goal=17.59
00:48:32 [INFO] [MPC] state=(+1.44,+9.00,-0.32) wp0=(+1.49,+8.91) v=+0.200 ω=+0.689 ok=True iters=7
00:48:32 [INFO] [PROG] s*=0.21/23.44 (0.9%) dist_goal=17.59
00:48:32 [INFO] [MPC] state=(+1.46,+8.99,-0.28) wp0=(+1.49,+8.91) v=+0.200 ω=+0.882 ok=True iters=7
00:48:32 [INFO] [PROG] s*=0.21/23.44 (0.9%) dist_goal=17.58
00:48:32 [INFO] [MPC] state=(+1.47,+8.99,-0.23) wp0=(+1.49,+8.91) v=+0.200 ω=+0.737 ok=True iters=7
00:48:32 [INFO] [PROG] s*=0.23/23.44 (1.0%) dist_goal=17.58
00:48:32 [INFO] [MPC] state=(+1.49,+8.98,-0.18) wp0=(+1.50,+8.90) v=+0.200 ω=+0.695 ok=True iters=7
00:48:32 [INFO] [PROG] s*=0.24/23.44 (1.0%) dist_goal=17.57
00:48:32 [INFO] [MPC] state=(+1.51,+8.98,-0.14) wp0=(+1.51,+8.89) v=+0.200 ω=+0.699 ok=True iters=7
00:48:32 [INFO] [PROG] s*=0.26/23.44 (1.1%) dist_goal=17.57
00:48:32 [INFO] [MPC] state=(+1.52,+8.98,-0.10) wp0=(+1.52,+8.88) v=+0.200 ω=+0.648 ok=True iters=8
00:48:32 [INFO] [PROG] s*=0.27/23.44 (1.1%) dist_goal=17.56
00:48:32 [INFO] [MPC] state=(+1.54,+8.98,-0.07) wp0=(+1.53,+8.87) v=+0.200 ω=+0.661 ok=True iters=8
00:48:32 [INFO] [PROG] s*=0.28/23.44 (1.2%) dist_goal=17.56
00:48:32 [INFO] [MPC] state=(+1.56,+8.98,-0.03) wp0=(+1.53,+8.87) v=+0.200 ω=+0.569 ok=True iters=8
00:48:32 [INFO] [PROG] s*=0.29/23.44 (1.3%) dist_goal=17.56
00:48:32 [INFO] [MPC] state=(+1.58,+8.98,-0.00) wp0=(+1.54,+8.86) v=+0.200 ω=+0.470 ok=True iters=8
00:48:32 [INFO] [PROG] s*=0.42/23.44 (1.8%) dist_goal=17.56
00:48:32 [INFO] [MPC] state=(+1.59,+8.98,+0.02) wp0=(+1.66,+8.85) v=+0.200 ω=+0.383 ok=True iters=8
00:48:32 [INFO] [PROG] s*=0.44/23.44 (1.9%) dist_goal=17.56
00:48:32 [INFO] [MPC] state=(+1.61,+8.98,+0.04) wp0=(+1.68,+8.85) v=+0.200 ω=+0.225 ok=True iters=7
00:48:32 [INFO] [PROG] s*=0.45/23.44 (1.9%) dist_goal=17.56
00:48:32 [INFO] [MPC] state=(+1.63,+8.98,+0.06) wp0=(+1.70,+8.85) v=+0.200 ω=+0.161 ok=True iters=7
00:48:32 [INFO] [PROG] s*=0.47/23.44 (2.0%) dist_goal=17.55
00:48:32 [INFO] [MPC] state=(+1.65,+8.98,+0.07) wp0=(+1.72,+8.85) v=+0.200 ω=+0.114 ok=True iters=7
00:48:32 [INFO] [PROG] s*=0.50/23.44 (2.1%) dist_goal=17.55
00:48:32 [INFO] [MPC] state=(+1.67,+8.98,+0.08) wp0=(+1.74,+8.85) v=+0.200 ω=+0.068 ok=True iters=7
00:48:32 [INFO] [PROG] s*=0.52/23.44 (2.2%) dist_goal=17.55
00:48:32 [INFO] [MPC] state=(+1.69,+8.98,+0.09) wp0=(+1.76,+8.85) v=+0.200 ω=+0.033 ok=True iters=7
00:48:32 [INFO] [PROG] s*=0.54/23.44 (2.3%) dist_goal=17.55
00:48:32 [INFO] [MPC] state=(+1.71,+8.99,+0.09) wp0=(+1.78,+8.85) v=+0.200 ω=+0.009 ok=True iters=7
00:48:32 [INFO] [PROG] s*=0.56/23.44 (2.4%) dist_goal=17.55
00:48:32 [INFO] [MPC] state=(+1.73,+8.99,+0.09) wp0=(+1.80,+8.85) v=+0.200 ω=-0.083 ok=True iters=7
00:48:32 [INFO] [PROG] s*=0.58/23.44 (2.5%) dist_goal=17.55
00:48:32 [INFO] [MPC] state=(+1.75,+8.99,+0.08) wp0=(+1.82,+8.85) v=+0.200 ω=-0.066 ok=True iters=7
00:48:32 [INFO] [PROG] s*=0.60/23.44 (2.5%) dist_goal=17.55
00:48:32 [INFO] [MPC] state=(+1.77,+8.99,+0.08) wp0=(+1.84,+8.85) v=+0.200 ω=-0.055 ok=True iters=7
00:48:32 [INFO] [PROG] s*=0.62/23.44 (2.6%) dist_goal=17.55
00:48:32 [INFO] [MPC] state=(+1.79,+8.99,+0.07) wp0=(+1.86,+8.85) v=+0.200 ω=-0.046 ok=True iters=7
00:48:32 [INFO] [PROG] s*=0.64/23.44 (2.7%) dist_goal=17.55
00:48:32 [INFO] [MPC] state=(+1.81,+8.99,+0.07) wp0=(+1.88,+8.85) v=+0.200 ω=-0.040 ok=True iters=7
00:48:32 [INFO] [PROG] s*=0.66/23.44 (2.8%) dist_goal=17.55
00:48:32 [INFO] [MPC] state=(+1.83,+8.99,+0.06) wp0=(+1.90,+8.85) v=+0.200 ω=-0.166 ok=True iters=7
00:48:33 [INFO] [PROG] s*=0.68/23.44 (2.9%) dist_goal=17.55
00:48:33 [INFO] [MPC] state=(+1.85,+9.00,+0.05) wp0=(+1.92,+8.85) v=+0.200 ω=-0.129 ok=True iters=7
00:48:33 [INFO] [PROG] s*=0.70/23.44 (3.0%) dist_goal=17.55
00:48:33 [INFO] [MPC] state=(+1.87,+9.00,+0.04) wp0=(+1.94,+8.85) v=+0.200 ω=-0.098 ok=True iters=7
00:48:33 [INFO] [PROG] s*=0.72/23.44 (3.1%) dist_goal=17.54
00:48:33 [INFO] [MPC] state=(+1.89,+9.00,+0.03) wp0=(+1.96,+8.85) v=+0.200 ω=-0.071 ok=True iters=7
00:48:33 [INFO] [PROG] s*=0.74/23.44 (3.1%) dist_goal=17.54
00:48:33 [INFO] [MPC] state=(+1.91,+9.00,+0.02) wp0=(+1.99,+8.85) v=+0.200 ω=-0.065 ok=True iters=7
00:48:33 [INFO] [PROG] s*=0.76/23.44 (3.2%) dist_goal=17.54
00:48:33 [INFO] [MPC] state=(+1.94,+9.00,+0.01) wp0=(+2.00,+8.85) v=+0.200 ω=-0.195 ok=True iters=7
00:48:33 [INFO] [PROG] s*=0.78/23.44 (3.3%) dist_goal=17.54
00:48:33 [INFO] [MPC] state=(+1.95,+9.00,-0.00) wp0=(+2.03,+8.85) v=+0.200 ω=-0.164 ok=True iters=7
00:48:33 [INFO] [PROG] s*=0.80/23.44 (3.4%) dist_goal=17.54
00:48:33 [INFO] [MPC] state=(+1.98,+9.00,-0.02) wp0=(+2.05,+8.85) v=+0.200 ω=-0.149 ok=True iters=7
00:48:33 [INFO] [PROG] s*=0.82/23.44 (3.5%) dist_goal=17.53
00:48:33 [INFO] [MPC] state=(+2.00,+9.00,-0.03) wp0=(+2.07,+8.85) v=+0.200 ω=-0.130 ok=True iters=7
00:48:33 [INFO] [PROG] s*=0.84/23.44 (3.6%) dist_goal=17.53
00:48:33 [INFO] [MPC] state=(+2.02,+9.00,-0.04) wp0=(+2.09,+8.85) v=+0.200 ω=-0.127 ok=True iters=8
00:48:33 [INFO] [PROG] s*=0.86/23.44 (3.7%) dist_goal=17.53
00:48:33 [INFO] [MPC] state=(+2.04,+9.00,-0.05) wp0=(+2.11,+8.85) v=+0.200 ω=-0.127 ok=True iters=8
00:48:33 [INFO] [PROG] s*=0.88/23.44 (3.7%) dist_goal=17.52
00:48:33 [INFO] [MPC] state=(+2.06,+8.99,-0.06) wp0=(+2.13,+8.85) v=+0.200 ω=-0.187 ok=True iters=8
00:48:33 [INFO] [PROG] s*=0.90/23.44 (3.8%) dist_goal=17.52
00:48:33 [INFO] [MPC] state=(+2.08,+8.99,-0.08) wp0=(+2.15,+8.85) v=+0.200 ω=-0.206 ok=True iters=8
00:48:33 [INFO] [PROG] s*=0.92/23.44 (3.9%) dist_goal=17.52
00:48:33 [INFO] [MPC] state=(+2.10,+8.99,-0.09) wp0=(+2.17,+8.85) v=+0.200 ω=-0.217 ok=True iters=9
00:48:33 [INFO] [PROG] s*=0.94/23.44 (4.0%) dist_goal=17.51
00:48:33 [INFO] [MPC] state=(+2.12,+8.99,-0.11) wp0=(+2.18,+8.85) v=+0.200 ω=-0.221 ok=True iters=9
00:48:33 [INFO] [PROG] s*=0.96/23.44 (4.1%) dist_goal=17.51
00:48:33 [INFO] [MPC] state=(+2.13,+8.99,-0.12) wp0=(+2.20,+8.85) v=+0.200 ω=-0.205 ok=True iters=9
00:48:33 [INFO] [PROG] s*=0.98/23.44 (4.2%) dist_goal=17.50
00:48:33 [INFO] [MPC] state=(+2.15,+8.98,-0.14) wp0=(+2.22,+8.85) v=+0.200 ω=-0.216 ok=True iters=10
00:48:33 [INFO] [PROG] s*=1.00/23.44 (4.2%) dist_goal=17.50
00:48:33 [INFO] [MPC] state=(+2.17,+8.98,-0.15) wp0=(+2.24,+8.85) v=+0.200 ω=-0.682 ok=True iters=8
00:48:33 [INFO] [PROG] s*=1.01/23.44 (4.3%) dist_goal=17.49
00:48:33 [INFO] [MPC] state=(+2.19,+8.98,-0.19) wp0=(+2.26,+8.85) v=+0.200 ω=-2.122 ok=True iters=8
00:48:33 [INFO] [PROG] s*=1.02/23.44 (4.3%) dist_goal=17.49
00:48:33 [INFO] [MPC] state=(+2.21,+8.98,-0.30) wp0=(+2.27,+8.85) v=+0.200 ω=-2.400 ok=True iters=8
00:48:33 [INFO] [PROG] s*=1.03/23.44 (4.4%) dist_goal=17.48
00:48:33 [INFO] [MPC] state=(+2.22,+8.97,-0.42) wp0=(+2.28,+8.85) v=+0.200 ω=-2.400 ok=True iters=8
00:48:33 [INFO] [PROG] s*=1.04/23.44 (4.4%) dist_goal=17.47
00:48:33 [INFO] [MPC] state=(+2.23,+8.97,-0.55) wp0=(+2.29,+8.85) v=+0.200 ω=-2.400 ok=True iters=10
00:48:33 [INFO] [PROG] s*=1.05/23.44 (4.5%) dist_goal=17.46
00:48:33 [INFO] [MPC] state=(+2.24,+8.96,-0.67) wp0=(+2.29,+8.85) v=+0.200 ω=-2.231 ok=True iters=8
00:48:33 [INFO] [PROG] s*=1.06/23.44 (4.5%) dist_goal=17.45
00:48:33 [INFO] [MPC] state=(+2.24,+8.95,-0.79) wp0=(+2.30,+8.85) v=+0.200 ω=-2.004 ok=True iters=7
00:48:33 [INFO] [PROG] s*=1.06/23.44 (4.5%) dist_goal=17.44
00:48:33 [INFO] [MPC] state=(+2.25,+8.94,-0.90) wp0=(+2.31,+8.85) v=+0.200 ω=-1.790 ok=True iters=7
00:48:33 [INFO] [PROG] s*=1.07/23.44 (4.6%) dist_goal=17.43
00:48:33 [INFO] [MPC] state=(+2.26,+8.93,-0.99) wp0=(+2.32,+8.85) v=+0.200 ω=-1.486 ok=True iters=7
00:48:33 [INFO] [PROG] s*=1.08/23.44 (4.6%) dist_goal=17.41
00:48:33 [INFO] [MPC] state=(+2.27,+8.92,-1.07) wp0=(+2.33,+8.85) v=+0.200 ω=-1.187 ok=True iters=7
00:48:33 [INFO] [PROG] s*=1.09/23.44 (4.6%) dist_goal=17.40
00:48:33 [INFO] [MPC] state=(+2.28,+8.90,-1.13) wp0=(+2.33,+8.85) v=+0.200 ω=-0.970 ok=True iters=7
00:48:33 [INFO] [PROG] s*=1.09/23.44 (4.7%) dist_goal=17.38
00:48:33 [INFO] [MPC] state=(+2.28,+8.89,-1.19) wp0=(+2.34,+8.85) v=+0.200 ω=-0.730 ok=True iters=7
00:48:33 [INFO] [PROG] s*=1.10/23.44 (4.7%) dist_goal=17.36
00:48:33 [INFO] [MPC] state=(+2.29,+8.87,-1.23) wp0=(+2.35,+8.85) v=+0.200 ω=-0.543 ok=True iters=7
00:48:33 [INFO] [PROG] s*=1.10/23.44 (4.7%) dist_goal=17.34
00:48:33 [INFO] [MPC] state=(+2.30,+8.85,-1.26) wp0=(+2.35,+8.85) v=+0.200 ω=-0.405 ok=True iters=7
00:48:33 [INFO] [PROG] s*=1.11/23.44 (4.7%) dist_goal=17.32
00:48:33 [INFO] [MPC] state=(+2.30,+8.83,-1.29) wp0=(+2.35,+8.84) v=+0.200 ω=-0.291 ok=True iters=8
00:48:33 [INFO] [PROG] s*=1.21/23.44 (5.2%) dist_goal=17.30
00:48:33 [INFO] [MPC] state=(+2.31,+8.81,-1.31) wp0=(+2.35,+8.74) v=+0.200 ω=-0.184 ok=True iters=8
00:48:33 [INFO] [PROG] s*=1.23/23.44 (5.2%) dist_goal=17.28
00:48:33 [INFO] [MPC] state=(+2.31,+8.79,-1.32) wp0=(+2.35,+8.72) v=+0.200 ω=-0.067 ok=True iters=7
00:48:33 [INFO] [PROG] s*=1.25/23.44 (5.3%) dist_goal=17.26
00:48:33 [INFO] [MPC] state=(+2.32,+8.77,-1.33) wp0=(+2.35,+8.70) v=+0.200 ω=+0.012 ok=True iters=7
00:48:33 [INFO] [PROG] s*=1.27/23.44 (5.4%) dist_goal=17.24
00:48:33 [INFO] [MPC] state=(+2.32,+8.75,-1.33) wp0=(+2.35,+8.69) v=+0.200 ω=+0.076 ok=True iters=7
00:48:33 [INFO] [PROG] s*=1.29/23.44 (5.5%) dist_goal=17.22
00:48:33 [INFO] [MPC] state=(+2.33,+8.74,-1.32) wp0=(+2.35,+8.67) v=+0.200 ω=+0.055 ok=True iters=7
00:48:33 [INFO] [PROG] s*=1.31/23.44 (5.6%) dist_goal=17.20
00:48:33 [INFO] [MPC] state=(+2.33,+8.72,-1.32) wp0=(+2.35,+8.65) v=+0.200 ω=+0.073 ok=True iters=7
00:48:33 [INFO] [PROG] s*=1.33/23.44 (5.7%) dist_goal=17.18
00:48:33 [INFO] [MPC] state=(+2.34,+8.70,-1.31) wp0=(+2.35,+8.63) v=+0.200 ω=+0.033 ok=True iters=7
00:48:33 [INFO] [PROG] s*=1.35/23.44 (5.7%) dist_goal=17.16
00:48:33 [INFO] [MPC] state=(+2.34,+8.68,-1.31) wp0=(+2.35,+8.61) v=+0.200 ω=+0.086 ok=True iters=7
00:48:33 [INFO] [PROG] s*=1.37/23.44 (5.8%) dist_goal=17.14
00:48:33 [INFO] [MPC] state=(+2.35,+8.66,-1.30) wp0=(+2.35,+8.59) v=+0.200 ω=+0.093 ok=True iters=7
00:48:33 [INFO] [PROG] s*=1.38/23.44 (5.9%) dist_goal=17.12
00:48:33 [INFO] [MPC] state=(+2.35,+8.64,-1.29) wp0=(+2.35,+8.57) v=+0.200 ω=+0.069 ok=True iters=7
00:48:33 [INFO] [PROG] s*=1.40/23.44 (6.0%) dist_goal=17.11
00:48:33 [INFO] [MPC] state=(+2.36,+8.62,-1.28) wp0=(+2.35,+8.55) v=+0.200 ω=+0.509 ok=True iters=7
00:48:33 [INFO] [PROG] s*=1.42/23.44 (6.0%) dist_goal=17.09
00:48:33 [INFO] [MPC] state=(+2.37,+8.60,-1.25) wp0=(+2.35,+8.54) v=+0.200 ω=+0.967 ok=True iters=7
00:48:33 [INFO] [PROG] s*=1.43/23.44 (6.1%) dist_goal=17.08
00:48:33 [INFO] [MPC] state=(+2.37,+8.59,-1.20) wp0=(+2.35,+8.52) v=+0.200 ω=+1.162 ok=True iters=8
00:48:33 [INFO] [PROG] s*=1.45/23.44 (6.2%) dist_goal=17.06
00:48:33 [INFO] [MPC] state=(+2.38,+8.57,-1.13) wp0=(+2.35,+8.51) v=+0.200 ω=+0.973 ok=True iters=8
00:48:33 [INFO] [PROG] s*=1.46/23.44 (6.2%) dist_goal=17.05
00:48:33 [INFO] [MPC] state=(+2.38,+8.56,-1.08) wp0=(+2.35,+8.49) v=+0.200 ω=+0.913 ok=True iters=8
00:48:33 [INFO] [PROG] s*=1.48/23.44 (6.3%) dist_goal=17.03
00:48:33 [INFO] [MPC] state=(+2.39,+8.54,-1.03) wp0=(+2.35,+8.48) v=+0.200 ω=+0.736 ok=True iters=8
00:48:33 [INFO] [PROG] s*=1.49/23.44 (6.4%) dist_goal=17.01
00:48:33 [INFO] [MPC] state=(+2.40,+8.53,-0.99) wp0=(+2.35,+8.46) v=+0.200 ω=+0.567 ok=True iters=8
00:48:33 [INFO] [PROG] s*=1.51/23.44 (6.4%) dist_goal=17.00
00:48:33 [INFO] [MPC] state=(+2.41,+8.51,-0.95) wp0=(+2.35,+8.45) v=+0.200 ω=+0.239 ok=True iters=8
00:48:33 [INFO] [PROG] s*=1.59/23.44 (6.8%) dist_goal=16.98
00:48:33 [INFO] [MPC] state=(+2.42,+8.50,-0.94) wp0=(+2.41,+8.39) v=+0.200 ω=+0.232 ok=True iters=8
00:48:33 [INFO] [PROG] s*=1.61/23.44 (6.9%) dist_goal=16.97
00:48:33 [INFO] [MPC] state=(+2.44,+8.48,-0.92) wp0=(+2.42,+8.38) v=+0.200 ω=-1.956 ok=True iters=8
00:48:33 [INFO] [PROG] s*=1.62/23.44 (6.9%) dist_goal=16.96
00:48:33 [INFO] [MPC] state=(+2.44,+8.47,-1.02) wp0=(+2.43,+8.37) v=+0.200 ω=-1.700 ok=True iters=7
00:48:33 [INFO] [PROG] s*=1.63/23.44 (7.0%) dist_goal=16.94
00:48:33 [INFO] [MPC] state=(+2.45,+8.46,-1.11) wp0=(+2.44,+8.36) v=+0.200 ω=-1.394 ok=True iters=7
00:48:33 [INFO] [PROG] s*=1.65/23.44 (7.0%) dist_goal=16.93
00:48:33 [INFO] [MPC] state=(+2.46,+8.44,-1.19) wp0=(+2.45,+8.34) v=+0.200 ω=-1.151 ok=True iters=7
00:48:33 [INFO] [PROG] s*=1.67/23.44 (7.1%) dist_goal=16.91
00:48:33 [INFO] [MPC] state=(+2.46,+8.43,-1.25) wp0=(+2.45,+8.33) v=+0.200 ω=-0.945 ok=True iters=7
00:48:33 [INFO] [PROG] s*=1.68/23.44 (7.2%) dist_goal=16.89
00:48:33 [INFO] [MPC] state=(+2.47,+8.41,-1.30) wp0=(+2.45,+8.31) v=+0.200 ω=-0.760 ok=True iters=7
00:48:33 [INFO] [PROG] s*=1.69/23.44 (7.2%) dist_goal=16.87
00:48:33 [INFO] [MPC] state=(+2.47,+8.39,-1.34) wp0=(+2.45,+8.30) v=+0.200 ω=-0.631 ok=True iters=7
00:48:33 [INFO] [PROG] s*=1.69/23.44 (7.2%) dist_goal=16.85
00:48:33 [INFO] [MPC] state=(+2.48,+8.38,-1.38) wp0=(+2.45,+8.30) v=+0.200 ω=-0.495 ok=True iters=7
00:48:33 [INFO] [PROG] s*=1.71/23.44 (7.3%) dist_goal=16.84
00:48:33 [INFO] [MPC] state=(+2.48,+8.36,-1.41) wp0=(+2.45,+8.29) v=+0.200 ω=-0.410 ok=True iters=7
00:48:33 [INFO] [PROG] s*=1.73/23.44 (7.4%) dist_goal=16.82
00:48:33 [INFO] [MPC] state=(+2.48,+8.34,-1.44) wp0=(+2.45,+8.27) v=+0.200 ω=-0.341 ok=True iters=7
00:48:33 [INFO] [PROG] s*=1.75/23.44 (7.4%) dist_goal=16.80
00:48:33 [INFO] [MPC] state=(+2.49,+8.32,-1.46) wp0=(+2.45,+8.25) v=+0.200 ω=-0.281 ok=True iters=7
00:48:33 [INFO] [PROG] s*=1.77/23.44 (7.5%) dist_goal=16.78
00:48:33 [INFO] [MPC] state=(+2.49,+8.30,-1.48) wp0=(+2.45,+8.23) v=+0.200 ω=-0.233 ok=True iters=7
00:48:33 [INFO] [PROG] s*=1.78/23.44 (7.6%) dist_goal=16.76
00:48:33 [INFO] [MPC] state=(+2.49,+8.28,-1.49) wp0=(+2.45,+8.21) v=+0.200 ω=-0.187 ok=True iters=7
00:48:33 [INFO] [PROG] s*=1.81/23.44 (7.7%) dist_goal=16.74
00:48:33 [INFO] [MPC] state=(+2.49,+8.26,-1.51) wp0=(+2.45,+8.19) v=+0.200 ω=-0.149 ok=True iters=7
00:48:33 [INFO] [PROG] s*=1.83/23.44 (7.8%) dist_goal=16.72
00:48:33 [INFO] [MPC] state=(+2.49,+8.24,-1.52) wp0=(+2.45,+8.17) v=+0.200 ω=-0.081 ok=True iters=7
00:48:33 [INFO] [PROG] s*=1.85/23.44 (7.9%) dist_goal=16.70
00:48:33 [INFO] [MPC] state=(+2.49,+8.22,-1.53) wp0=(+2.45,+8.15) v=+0.200 ω=-0.061 ok=True iters=7
00:48:33 [INFO] [PROG] s*=1.87/23.44 (8.0%) dist_goal=16.68
00:48:33 [INFO] [MPC] state=(+2.49,+8.20,-1.53) wp0=(+2.45,+8.13) v=+0.200 ω=-0.047 ok=True iters=7
00:48:33 [INFO] [PROG] s*=1.89/23.44 (8.0%) dist_goal=16.66
00:48:33 [INFO] [MPC] state=(+2.49,+8.18,-1.54) wp0=(+2.45,+8.11) v=+0.200 ω=-0.037 ok=True iters=7
00:48:33 [INFO] [PROG] s*=1.91/23.44 (8.1%) dist_goal=16.64
00:48:33 [INFO] [MPC] state=(+2.50,+8.16,-1.54) wp0=(+2.45,+8.09) v=+0.200 ω=-0.030 ok=True iters=7
00:48:33 [INFO] [PROG] s*=1.93/23.44 (8.2%) dist_goal=16.61
00:48:33 [INFO] [MPC] state=(+2.50,+8.14,-1.54) wp0=(+2.45,+8.07) v=+0.200 ω=-0.025 ok=True iters=7
00:48:33 [INFO] [PROG] s*=1.95/23.44 (8.3%) dist_goal=16.60
00:48:33 [INFO] [MPC] state=(+2.50,+8.12,-1.55) wp0=(+2.45,+8.05) v=+0.200 ω=-0.200 ok=True iters=7
00:48:33 [INFO] [PROG] s*=1.97/23.44 (8.4%) dist_goal=16.58
00:48:33 [INFO] [MPC] state=(+2.50,+8.10,-1.57) wp0=(+2.45,+8.03) v=+0.200 ω=-0.140 ok=True iters=7
00:48:33 [INFO] [PROG] s*=1.99/23.44 (8.5%) dist_goal=16.55
00:48:33 [INFO] [MPC] state=(+2.50,+8.08,-1.58) wp0=(+2.45,+8.01) v=+0.200 ω=-0.099 ok=True iters=7
00:48:33 [INFO] [PROG] s*=2.01/23.44 (8.6%) dist_goal=16.53
00:48:33 [INFO] [MPC] state=(+2.50,+8.06,-1.59) wp0=(+2.45,+7.99) v=+0.200 ω=-0.063 ok=True iters=7
00:48:33 [INFO] [PROG] s*=2.03/23.44 (8.7%) dist_goal=16.51
00:48:33 [INFO] [MPC] state=(+2.50,+8.04,-1.59) wp0=(+2.45,+7.97) v=+0.200 ω=-0.040 ok=True iters=7
00:48:33 [INFO] [PROG] s*=2.05/23.44 (8.7%) dist_goal=16.49
00:48:33 [INFO] [MPC] state=(+2.50,+8.02,-1.60) wp0=(+2.45,+7.95) v=+0.200 ω=+0.020 ok=True iters=7
00:48:33 [INFO] [PROG] s*=2.07/23.44 (8.8%) dist_goal=16.47
00:48:33 [INFO] [MPC] state=(+2.50,+8.00,-1.59) wp0=(+2.45,+7.93) v=+0.200 ω=+0.146 ok=True iters=7
00:48:33 [INFO] [PROG] s*=2.09/23.44 (8.9%) dist_goal=16.45
00:48:33 [INFO] [MPC] state=(+2.49,+7.98,-1.58) wp0=(+2.45,+7.91) v=+0.200 ω=+0.122 ok=True iters=7
00:48:33 [INFO] [PROG] s*=2.11/23.44 (9.0%) dist_goal=16.43
00:48:33 [INFO] [MPC] state=(+2.49,+7.96,-1.57) wp0=(+2.45,+7.89) v=+0.200 ω=+0.096 ok=True iters=7
00:48:33 [INFO] [PROG] s*=2.13/23.44 (9.1%) dist_goal=16.41
00:48:33 [INFO] [MPC] state=(+2.49,+7.94,-1.56) wp0=(+2.45,+7.87) v=+0.200 ω=+0.087 ok=True iters=7
00:48:33 [INFO] [PROG] s*=2.15/23.44 (9.2%) dist_goal=16.39
00:48:33 [INFO] [MPC] state=(+2.49,+7.92,-1.56) wp0=(+2.45,+7.85) v=+0.200 ω=+0.078 ok=True iters=7
00:48:33 [INFO] [PROG] s*=2.17/23.44 (9.3%) dist_goal=16.37
00:48:33 [INFO] [MPC] state=(+2.50,+7.90,-1.55) wp0=(+2.45,+7.83) v=+0.200 ω=+0.074 ok=True iters=7
00:48:33 [INFO] [PROG] s*=2.19/23.44 (9.3%) dist_goal=16.35
00:48:33 [INFO] [MPC] state=(+2.50,+7.88,-1.54) wp0=(+2.45,+7.81) v=+0.200 ω=-0.159 ok=True iters=7
00:48:33 [INFO] [PROG] s*=2.21/23.44 (9.4%) dist_goal=16.33
00:48:33 [INFO] [MPC] state=(+2.50,+7.86,-1.55) wp0=(+2.45,+7.79) v=+0.200 ω=-0.048 ok=True iters=7
00:48:33 [INFO] [PROG] s*=2.23/23.44 (9.5%) dist_goal=16.31
00:48:33 [INFO] [MPC] state=(+2.50,+7.84,-1.56) wp0=(+2.45,+7.77) v=+0.200 ω=-0.006 ok=True iters=7
00:48:33 [INFO] [PROG] s*=2.25/23.44 (9.6%) dist_goal=16.29
00:48:33 [INFO] [MPC] state=(+2.50,+7.82,-1.56) wp0=(+2.45,+7.75) v=+0.200 ω=+0.024 ok=True iters=7
00:48:33 [INFO] [PROG] s*=2.27/23.44 (9.7%) dist_goal=16.27
00:48:33 [INFO] [MPC] state=(+2.50,+7.80,-1.56) wp0=(+2.45,+7.72) v=+0.200 ω=+0.049 ok=True iters=7
00:48:33 [INFO] [PROG] s*=2.29/23.44 (9.8%) dist_goal=16.25
00:48:33 [INFO] [MPC] state=(+2.50,+7.77,-1.55) wp0=(+2.45,+7.70) v=+0.200 ω=+0.065 ok=True iters=7
00:48:33 [INFO] [PROG] s*=2.31/23.44 (9.9%) dist_goal=16.23
00:48:33 [INFO] [MPC] state=(+2.50,+7.75,-1.54) wp0=(+2.45,+7.68) v=+0.200 ω=+0.031 ok=True iters=7
00:48:33 [INFO] [PROG] s*=2.33/23.44 (9.9%) dist_goal=16.21
00:48:33 [INFO] [MPC] state=(+2.50,+7.73,-1.54) wp0=(+2.45,+7.66) v=+0.200 ω=+0.055 ok=True iters=7
00:48:33 [INFO] [PROG] s*=2.35/23.44 (10.0%) dist_goal=16.19
00:48:33 [INFO] [MPC] state=(+2.50,+7.71,-1.54) wp0=(+2.45,+7.65) v=+0.200 ω=+0.683 ok=True iters=7
00:48:33 [INFO] [PROG] s*=2.36/23.44 (10.1%) dist_goal=16.18
00:48:33 [INFO] [MPC] state=(+2.50,+7.70,-1.50) wp0=(+2.45,+7.63) v=+0.200 ω=+1.190 ok=True iters=7
00:48:33 [INFO] [PROG] s*=2.38/23.44 (10.1%) dist_goal=16.16
00:48:33 [INFO] [MPC] state=(+2.50,+7.68,-1.44) wp0=(+2.45,+7.62) v=+0.200 ω=+1.272 ok=True iters=7
00:48:33 [INFO] [PROG] s*=2.39/23.44 (10.2%) dist_goal=16.15
00:48:33 [INFO] [MPC] state=(+2.50,+7.67,-1.37) wp0=(+2.45,+7.60) v=+0.200 ω=+1.146 ok=True iters=7
00:48:34 [INFO] [PROG] s*=2.41/23.44 (10.3%) dist_goal=16.13
00:48:34 [INFO] [MPC] state=(+2.51,+7.65,-1.30) wp0=(+2.45,+7.59) v=+0.200 ω=+1.087 ok=True iters=7
00:48:34 [INFO] [PROG] s*=2.42/23.44 (10.3%) dist_goal=16.12
00:48:34 [INFO] [MPC] state=(+2.51,+7.64,-1.25) wp0=(+2.45,+7.57) v=+0.200 ω=+0.721 ok=True iters=7
00:48:34 [INFO] [PROG] s*=2.44/23.44 (10.4%) dist_goal=16.10
00:48:34 [INFO] [MPC] state=(+2.52,+7.62,-1.20) wp0=(+2.45,+7.55) v=+0.200 ω=+0.573 ok=True iters=7
00:48:34 [INFO] [PROG] s*=2.46/23.44 (10.5%) dist_goal=16.08
00:48:34 [INFO] [MPC] state=(+2.53,+7.60,-1.17) wp0=(+2.46,+7.54) v=+0.200 ω=+0.446 ok=True iters=7
00:48:34 [INFO] [PROG] s*=2.55/23.44 (10.9%) dist_goal=16.06
00:48:34 [INFO] [MPC] state=(+2.53,+7.59,-1.14) wp0=(+2.52,+7.48) v=+0.200 ω=+0.313 ok=True iters=7
00:48:34 [INFO] [PROG] s*=2.56/23.44 (10.9%) dist_goal=16.05
00:48:34 [INFO] [MPC] state=(+2.54,+7.57,-1.12) wp0=(+2.53,+7.47) v=+0.200 ω=+0.276 ok=True iters=7
00:48:34 [INFO] [PROG] s*=2.58/23.44 (11.0%) dist_goal=16.03
00:48:34 [INFO] [MPC] state=(+2.55,+7.55,-1.10) wp0=(+2.55,+7.45) v=+0.200 ω=+0.335 ok=True iters=7
00:48:34 [INFO] [PROG] s*=2.60/23.44 (11.1%) dist_goal=16.01
00:48:34 [INFO] [MPC] state=(+2.56,+7.53,-1.08) wp0=(+2.56,+7.44) v=+0.200 ω=+0.246 ok=True iters=7
00:48:34 [INFO] [PROG] s*=2.62/23.44 (11.2%) dist_goal=15.99
00:48:34 [INFO] [MPC] state=(+2.57,+7.52,-1.06) wp0=(+2.57,+7.43) v=+0.200 ω=+0.166 ok=True iters=7
00:48:34 [INFO] [PROG] s*=2.64/23.44 (11.3%) dist_goal=15.97
00:48:34 [INFO] [MPC] state=(+2.58,+7.50,-1.05) wp0=(+2.59,+7.41) v=+0.200 ω=+0.092 ok=True iters=7
00:48:34 [INFO] [PROG] s*=2.66/23.44 (11.3%) dist_goal=15.96
00:48:34 [INFO] [MPC] state=(+2.59,+7.48,-1.04) wp0=(+2.60,+7.40) v=+0.200 ω=+0.025 ok=True iters=7
00:48:34 [INFO] [PROG] s*=2.68/23.44 (11.4%) dist_goal=15.94
00:48:34 [INFO] [MPC] state=(+2.60,+7.46,-1.04) wp0=(+2.62,+7.38) v=+0.200 ω=-0.031 ok=True iters=7
00:48:34 [INFO] [PROG] s*=2.70/23.44 (11.5%) dist_goal=15.92
00:48:34 [INFO] [MPC] state=(+2.61,+7.45,-1.04) wp0=(+2.63,+7.37) v=+0.200 ω=+0.014 ok=True iters=7
00:48:34 [INFO] [PROG] s*=2.72/23.44 (11.6%) dist_goal=15.90
00:48:34 [INFO] [MPC] state=(+2.62,+7.43,-1.04) wp0=(+2.64,+7.36) v=+0.200 ω=+0.124 ok=True iters=7
00:48:34 [INFO] [PROG] s*=2.74/23.44 (11.7%) dist_goal=15.88
00:48:34 [INFO] [MPC] state=(+2.63,+7.41,-1.03) wp0=(+2.66,+7.34) v=+0.200 ω=+0.055 ok=True iters=7
00:48:34 [INFO] [PROG] s*=2.76/23.44 (11.8%) dist_goal=15.87
00:48:34 [INFO] [MPC] state=(+2.64,+7.40,-1.02) wp0=(+2.67,+7.33) v=+0.200 ω=+0.038 ok=True iters=7
00:48:34 [INFO] [PROG] s*=2.78/23.44 (11.9%) dist_goal=15.85
00:48:34 [INFO] [MPC] state=(+2.65,+7.38,-1.02) wp0=(+2.69,+7.31) v=+0.200 ω=+0.077 ok=True iters=7
00:48:34 [INFO] [PROG] s*=2.80/23.44 (11.9%) dist_goal=15.83
00:48:34 [INFO] [MPC] state=(+2.66,+7.36,-1.01) wp0=(+2.70,+7.30) v=+0.200 ω=+0.005 ok=True iters=7
00:48:34 [INFO] [PROG] s*=2.82/23.44 (12.0%) dist_goal=15.81
00:48:34 [INFO] [MPC] state=(+2.67,+7.34,-1.01) wp0=(+2.71,+7.29) v=+0.200 ω=+0.023 ok=True iters=7
00:48:34 [INFO] [PROG] s*=2.84/23.44 (12.1%) dist_goal=15.79
00:48:34 [INFO] [MPC] state=(+2.68,+7.33,-1.01) wp0=(+2.73,+7.27) v=+0.200 ω=+0.072 ok=True iters=7
00:48:34 [INFO] [PROG] s*=2.86/23.44 (12.2%) dist_goal=15.78
00:48:34 [INFO] [MPC] state=(+2.70,+7.31,-1.00) wp0=(+2.74,+7.26) v=+0.200 ω=+0.076 ok=True iters=7
00:48:34 [INFO] [PROG] s*=2.88/23.44 (12.3%) dist_goal=15.76
00:48:34 [INFO] [MPC] state=(+2.71,+7.29,-1.00) wp0=(+2.76,+7.24) v=+0.200 ω=+0.081 ok=True iters=7
00:48:34 [INFO] [PROG] s*=2.90/23.44 (12.4%) dist_goal=15.74
00:48:34 [INFO] [MPC] state=(+2.72,+7.27,-0.99) wp0=(+2.77,+7.23) v=+0.200 ω=+0.161 ok=True iters=7
00:48:34 [INFO] [PROG] s*=2.92/23.44 (12.4%) dist_goal=15.72
00:48:34 [INFO] [MPC] state=(+2.73,+7.26,-0.97) wp0=(+2.78,+7.22) v=+0.200 ω=+0.145 ok=True iters=7
00:48:34 [INFO] [PROG] s*=2.94/23.44 (12.5%) dist_goal=15.71
00:48:34 [INFO] [MPC] state=(+2.74,+7.24,-0.96) wp0=(+2.80,+7.20) v=+0.200 ω=+0.159 ok=True iters=7
00:48:34 [INFO] [PROG] s*=2.96/23.44 (12.6%) dist_goal=15.69
00:48:34 [INFO] [MPC] state=(+2.75,+7.23,-0.95) wp0=(+2.81,+7.19) v=+0.200 ω=+0.191 ok=True iters=7
00:48:34 [INFO] [PROG] s*=2.98/23.44 (12.7%) dist_goal=15.67
00:48:34 [INFO] [MPC] state=(+2.76,+7.21,-0.93) wp0=(+2.83,+7.17) v=+0.200 ω=+0.188 ok=True iters=7
00:48:34 [INFO] [PROG] s*=3.00/23.44 (12.8%) dist_goal=15.66
00:48:34 [INFO] [MPC] state=(+2.78,+7.19,-0.92) wp0=(+2.84,+7.16) v=+0.200 ω=+0.178 ok=True iters=7
00:48:34 [INFO] [PROG] s*=3.02/23.44 (12.9%) dist_goal=15.64
00:48:34 [INFO] [MPC] state=(+2.79,+7.18,-0.91) wp0=(+2.85,+7.15) v=+0.200 ω=+0.162 ok=True iters=7
00:48:34 [INFO] [PROG] s*=3.04/23.44 (13.0%) dist_goal=15.62
00:48:34 [INFO] [MPC] state=(+2.80,+7.16,-0.89) wp0=(+2.87,+7.13) v=+0.200 ω=+0.165 ok=True iters=7
00:48:34 [INFO] [PROG] s*=3.06/23.44 (13.0%) dist_goal=15.61
00:48:34 [INFO] [MPC] state=(+2.81,+7.15,-0.88) wp0=(+2.88,+7.12) v=+0.200 ω=+0.167 ok=True iters=7
00:48:34 [INFO] [PROG] s*=3.08/23.44 (13.1%) dist_goal=15.59
00:48:34 [INFO] [MPC] state=(+2.83,+7.13,-0.87) wp0=(+2.90,+7.10) v=+0.200 ω=+0.295 ok=True iters=7
00:48:34 [INFO] [PROG] s*=3.10/23.44 (13.2%) dist_goal=15.58
00:48:34 [INFO] [MPC] state=(+2.84,+7.12,-0.85) wp0=(+2.91,+7.09) v=+0.200 ω=+0.276 ok=True iters=7
00:48:34 [INFO] [PROG] s*=3.12/23.44 (13.3%) dist_goal=15.56
00:48:34 [INFO] [MPC] state=(+2.85,+7.10,-0.83) wp0=(+2.92,+7.08) v=+0.200 ω=+0.265 ok=True iters=7
00:48:34 [INFO] [PROG] s*=3.13/23.44 (13.4%) dist_goal=15.55
00:48:34 [INFO] [MPC] state=(+2.87,+7.09,-0.81) wp0=(+2.94,+7.06) v=+0.200 ω=+0.252 ok=True iters=7
00:48:34 [INFO] [PROG] s*=3.15/23.44 (13.5%) dist_goal=15.53
00:48:34 [INFO] [MPC] state=(+2.88,+7.07,-0.79) wp0=(+2.95,+7.05) v=+0.200 ω=+0.266 ok=True iters=7
00:48:34 [INFO] [PROG] s*=3.17/23.44 (13.5%) dist_goal=15.52
00:48:34 [INFO] [MPC] state=(+2.89,+7.06,-0.77) wp0=(+2.97,+7.03) v=+0.200 ω=+0.279 ok=True iters=7
00:48:34 [INFO] [PROG] s*=3.19/23.44 (13.6%) dist_goal=15.50
00:48:34 [INFO] [MPC] state=(+2.91,+7.05,-0.75) wp0=(+2.98,+7.02) v=+0.200 ω=+0.289 ok=True iters=7
00:48:34 [INFO] [PROG] s*=3.21/23.44 (13.7%) dist_goal=15.49
00:48:34 [INFO] [MPC] state=(+2.92,+7.03,-0.73) wp0=(+2.99,+7.01) v=+0.200 ω=+0.253 ok=True iters=7
00:48:34 [INFO] [PROG] s*=3.23/23.44 (13.8%) dist_goal=15.48
00:48:34 [INFO] [MPC] state=(+2.94,+7.02,-0.72) wp0=(+3.01,+6.99) v=+0.200 ω=+0.273 ok=True iters=7
00:48:34 [INFO] [PROG] s*=3.25/23.44 (13.9%) dist_goal=15.46
00:48:34 [INFO] [MPC] state=(+2.95,+7.01,-0.70) wp0=(+3.02,+6.98) v=+0.200 ω=+0.422 ok=True iters=7
00:48:34 [INFO] [PROG] s*=3.27/23.44 (14.0%) dist_goal=15.45
00:48:34 [INFO] [MPC] state=(+2.97,+6.99,-0.67) wp0=(+3.03,+6.97) v=+0.200 ω=+0.406 ok=True iters=7
00:48:34 [INFO] [PROG] s*=3.29/23.44 (14.0%) dist_goal=15.44
00:48:34 [INFO] [MPC] state=(+2.98,+6.98,-0.65) wp0=(+3.05,+6.95) v=+0.200 ω=+0.272 ok=True iters=7
00:48:34 [INFO] [PROG] s*=3.31/23.44 (14.1%) dist_goal=15.43
00:48:34 [INFO] [MPC] state=(+3.00,+6.97,-0.63) wp0=(+3.06,+6.94) v=+0.200 ω=+0.274 ok=True iters=7
00:48:34 [INFO] [PROG] s*=3.33/23.44 (14.2%) dist_goal=15.42
00:48:34 [INFO] [MPC] state=(+3.01,+6.96,-0.61) wp0=(+3.07,+6.93) v=+0.200 ω=+0.531 ok=True iters=7
00:48:34 [INFO] [PROG] s*=3.34/23.44 (14.3%) dist_goal=15.41
00:48:34 [INFO] [MPC] state=(+3.03,+6.95,-0.58) wp0=(+3.09,+6.91) v=+0.200 ω=+0.933 ok=True iters=7
00:48:34 [INFO] [PROG] s*=3.36/23.44 (14.3%) dist_goal=15.40
00:48:34 [INFO] [MPC] state=(+3.04,+6.94,-0.52) wp0=(+3.10,+6.90) v=+0.200 ω=+1.325 ok=True iters=8
00:48:34 [INFO] [PROG] s*=3.37/23.44 (14.4%) dist_goal=15.39
00:48:34 [INFO] [MPC] state=(+3.05,+6.93,-0.45) wp0=(+3.11,+6.89) v=+0.200 ω=+1.161 ok=True iters=8
00:48:34 [INFO] [PROG] s*=3.39/23.44 (14.5%) dist_goal=15.39
00:48:34 [INFO] [MPC] state=(+3.07,+6.93,-0.39) wp0=(+3.12,+6.88) v=+0.200 ω=+0.889 ok=True iters=8
00:48:34 [INFO] [PROG] s*=3.40/23.44 (14.5%) dist_goal=15.38
00:48:34 [INFO] [MPC] state=(+3.08,+6.92,-0.33) wp0=(+3.13,+6.87) v=+0.200 ω=+0.964 ok=True iters=9
00:48:34 [INFO] [PROG] s*=3.42/23.44 (14.6%) dist_goal=15.37
00:48:34 [INFO] [MPC] state=(+3.10,+6.92,-0.28) wp0=(+3.14,+6.86) v=+0.200 ω=+0.600 ok=True iters=9
00:48:34 [INFO] [PROG] s*=3.43/23.44 (14.6%) dist_goal=15.37
00:48:34 [INFO] [MPC] state=(+3.12,+6.91,-0.24) wp0=(+3.15,+6.85) v=+0.200 ω=+0.471 ok=True iters=9
00:48:34 [INFO] [PROG] s*=3.45/23.44 (14.7%) dist_goal=15.37
00:48:34 [INFO] [MPC] state=(+3.14,+6.91,-0.21) wp0=(+3.16,+6.85) v=+0.200 ω=+0.394 ok=True iters=10
00:48:34 [INFO] [PROG] s*=3.51/23.44 (15.0%) dist_goal=15.36
00:48:34 [INFO] [MPC] state=(+3.15,+6.90,-0.19) wp0=(+3.22,+6.85) v=+0.200 ω=+0.157 ok=True iters=11
00:48:34 [INFO] [PROG] s*=3.53/23.44 (15.0%) dist_goal=15.36
00:48:34 [INFO] [MPC] state=(+3.17,+6.90,-0.18) wp0=(+3.24,+6.85) v=+0.200 ω=-0.410 ok=True iters=9
00:48:34 [INFO] [PROG] s*=3.54/23.44 (15.1%) dist_goal=15.35
00:48:34 [INFO] [MPC] state=(+3.19,+6.90,-0.20) wp0=(+3.26,+6.85) v=+0.200 ω=-1.878 ok=True iters=8
00:48:34 [INFO] [PROG] s*=3.55/23.44 (15.1%) dist_goal=15.35
00:48:34 [INFO] [MPC] state=(+3.21,+6.89,-0.30) wp0=(+3.27,+6.85) v=+0.200 ω=-2.400 ok=True iters=9
00:48:34 [INFO] [PROG] s*=3.56/23.44 (15.2%) dist_goal=15.34
00:48:34 [INFO] [MPC] state=(+3.22,+6.89,-0.42) wp0=(+3.28,+6.85) v=+0.200 ω=-2.400 ok=True iters=9
00:48:34 [INFO] [PROG] s*=3.57/23.44 (15.2%) dist_goal=15.33
00:48:34 [INFO] [MPC] state=(+3.23,+6.88,-0.55) wp0=(+3.29,+6.85) v=+0.200 ω=-2.233 ok=True iters=8
00:48:34 [INFO] [PROG] s*=3.58/23.44 (15.3%) dist_goal=15.33
00:48:34 [INFO] [MPC] state=(+3.24,+6.88,-0.67) wp0=(+3.30,+6.85) v=+0.200 ω=-2.037 ok=True iters=7
00:48:34 [INFO] [PROG] s*=3.59/23.44 (15.3%) dist_goal=15.32
00:48:34 [INFO] [MPC] state=(+3.25,+6.87,-0.78) wp0=(+3.30,+6.85) v=+0.200 ω=-1.893 ok=True iters=7
00:48:34 [INFO] [PROG] s*=3.60/23.44 (15.4%) dist_goal=15.30
00:48:34 [INFO] [MPC] state=(+3.25,+6.86,-0.88) wp0=(+3.31,+6.85) v=+0.200 ω=-1.593 ok=True iters=8
00:48:34 [INFO] [PROG] s*=3.61/23.44 (15.4%) dist_goal=15.29
00:48:34 [INFO] [MPC] state=(+3.26,+6.85,-0.96) wp0=(+3.32,+6.85) v=+0.200 ω=-1.330 ok=True iters=8
00:48:34 [INFO] [PROG] s*=3.61/23.44 (15.4%) dist_goal=15.28
00:48:34 [INFO] [MPC] state=(+3.27,+6.83,-1.03) wp0=(+3.33,+6.85) v=+0.200 ω=-1.075 ok=True iters=8
00:48:34 [INFO] [PROG] s*=3.62/23.44 (15.5%) dist_goal=15.26
00:48:34 [INFO] [MPC] state=(+3.28,+6.82,-1.09) wp0=(+3.34,+6.85) v=+0.200 ω=-0.891 ok=True iters=7
00:48:34 [INFO] [PROG] s*=3.75/23.44 (16.0%) dist_goal=15.24
00:48:34 [INFO] [MPC] state=(+3.29,+6.80,-1.14) wp0=(+3.35,+6.74) v=+0.200 ω=-0.728 ok=True iters=8
00:48:34 [INFO] [PROG] s*=3.77/23.44 (16.1%) dist_goal=15.23
00:48:34 [INFO] [MPC] state=(+3.30,+6.79,-1.18) wp0=(+3.35,+6.72) v=+0.200 ω=-0.651 ok=True iters=7
00:48:34 [INFO] [PROG] s*=3.78/23.44 (16.1%) dist_goal=15.21
00:48:34 [INFO] [MPC] state=(+3.30,+6.77,-1.22) wp0=(+3.35,+6.70) v=+0.200 ω=-0.491 ok=True iters=7
00:48:34 [INFO] [PROG] s*=3.80/23.44 (16.2%) dist_goal=15.19
00:48:34 [INFO] [MPC] state=(+3.31,+6.75,-1.25) wp0=(+3.35,+6.68) v=+0.200 ω=-0.369 ok=True iters=7
00:48:34 [INFO] [PROG] s*=3.82/23.44 (16.3%) dist_goal=15.17
00:48:34 [INFO] [MPC] state=(+3.31,+6.73,-1.27) wp0=(+3.35,+6.66) v=+0.200 ω=-0.265 ok=True iters=7
00:48:34 [INFO] [PROG] s*=3.84/23.44 (16.4%) dist_goal=15.15
00:48:34 [INFO] [MPC] state=(+3.32,+6.71,-1.29) wp0=(+3.35,+6.64) v=+0.200 ω=-0.172 ok=True iters=7
00:48:34 [INFO] [PROG] s*=3.86/23.44 (16.5%) dist_goal=15.13
00:48:34 [INFO] [MPC] state=(+3.33,+6.69,-1.31) wp0=(+3.35,+6.62) v=+0.200 ω=-0.085 ok=True iters=7
00:48:34 [INFO] [PROG] s*=3.88/23.44 (16.6%) dist_goal=15.11
00:48:34 [INFO] [MPC] state=(+3.33,+6.67,-1.31) wp0=(+3.35,+6.60) v=+0.200 ω=-0.064 ok=True iters=7
00:48:34 [INFO] [PROG] s*=3.90/23.44 (16.6%) dist_goal=15.09
00:48:34 [INFO] [MPC] state=(+3.34,+6.65,-1.32) wp0=(+3.35,+6.59) v=+0.200 ω=-0.038 ok=True iters=7
00:48:34 [INFO] [PROG] s*=3.92/23.44 (16.7%) dist_goal=15.07
00:48:34 [INFO] [MPC] state=(+3.34,+6.64,-1.33) wp0=(+3.35,+6.57) v=+0.200 ω=+0.115 ok=True iters=7
00:48:34 [INFO] [PROG] s*=3.94/23.44 (16.8%) dist_goal=15.05
00:48:34 [INFO] [MPC] state=(+3.35,+6.62,-1.31) wp0=(+3.35,+6.55) v=+0.200 ω=+0.057 ok=True iters=7
00:48:34 [INFO] [PROG] s*=3.96/23.44 (16.9%) dist_goal=15.03
00:48:34 [INFO] [MPC] state=(+3.35,+6.60,-1.31) wp0=(+3.35,+6.53) v=+0.200 ω=+0.042 ok=True iters=7
00:48:34 [INFO] [PROG] s*=3.98/23.44 (17.0%) dist_goal=15.01
00:48:34 [INFO] [MPC] state=(+3.36,+6.58,-1.31) wp0=(+3.35,+6.51) v=+0.200 ω=-0.096 ok=True iters=7
00:48:34 [INFO] [PROG] s*=4.00/23.44 (17.1%) dist_goal=14.99
00:48:34 [INFO] [MPC] state=(+3.36,+6.56,-1.32) wp0=(+3.35,+6.49) v=+0.200 ω=-0.107 ok=True iters=7
00:48:34 [INFO] [PROG] s*=4.02/23.44 (17.1%) dist_goal=14.97
00:48:34 [INFO] [MPC] state=(+3.37,+6.54,-1.33) wp0=(+3.35,+6.47) v=+0.200 ω=+0.015 ok=True iters=7
00:48:34 [INFO] [PROG] s*=4.04/23.44 (17.2%) dist_goal=14.95
00:48:34 [INFO] [MPC] state=(+3.37,+6.52,-1.32) wp0=(+3.35,+6.45) v=+0.200 ω=+0.066 ok=True iters=7
00:48:34 [INFO] [PROG] s*=4.06/23.44 (17.3%) dist_goal=14.93
00:48:34 [INFO] [MPC] state=(+3.38,+6.50,-1.32) wp0=(+3.35,+6.43) v=+0.200 ω=-0.017 ok=True iters=7
00:48:34 [INFO] [PROG] s*=4.08/23.44 (17.4%) dist_goal=14.91
00:48:34 [INFO] [MPC] state=(+3.38,+6.48,-1.32) wp0=(+3.35,+6.41) v=+0.200 ω=-0.063 ok=True iters=7
00:48:34 [INFO] [PROG] s*=4.10/23.44 (17.5%) dist_goal=14.89
00:48:34 [INFO] [MPC] state=(+3.39,+6.46,-1.33) wp0=(+3.35,+6.39) v=+0.200 ω=+0.106 ok=True iters=7
00:48:34 [INFO] [PROG] s*=4.11/23.44 (17.6%) dist_goal=14.87
00:48:34 [INFO] [MPC] state=(+3.39,+6.44,-1.32) wp0=(+3.35,+6.37) v=+0.200 ω=+0.011 ok=True iters=7
00:48:34 [INFO] [PROG] s*=4.13/23.44 (17.6%) dist_goal=14.85
00:48:34 [INFO] [MPC] state=(+3.40,+6.42,-1.31) wp0=(+3.35,+6.35) v=+0.200 ω=-0.046 ok=True iters=7
00:48:34 [INFO] [PROG] s*=4.15/23.44 (17.7%) dist_goal=14.83
00:48:34 [INFO] [MPC] state=(+3.40,+6.40,-1.32) wp0=(+3.35,+6.33) v=+0.200 ω=-0.061 ok=True iters=7
00:48:34 [INFO] [PROG] s*=4.17/23.44 (17.8%) dist_goal=14.81
00:48:34 [INFO] [MPC] state=(+3.41,+6.38,-1.33) wp0=(+3.35,+6.31) v=+0.200 ω=-0.084 ok=True iters=7
00:48:34 [INFO] [PROG] s*=4.19/23.44 (17.9%) dist_goal=14.79
00:48:34 [INFO] [MPC] state=(+3.41,+6.36,-1.33) wp0=(+3.35,+6.29) v=+0.200 ω=-0.098 ok=True iters=7
00:48:34 [INFO] [PROG] s*=4.21/23.44 (18.0%) dist_goal=14.77
00:48:34 [INFO] [MPC] state=(+3.42,+6.34,-1.34) wp0=(+3.35,+6.27) v=+0.200 ω=-0.103 ok=True iters=7
00:48:34 [INFO] [PROG] s*=4.23/23.44 (18.1%) dist_goal=14.75
00:48:34 [INFO] [MPC] state=(+3.42,+6.32,-1.35) wp0=(+3.35,+6.25) v=+0.200 ω=-0.104 ok=True iters=7
00:48:34 [INFO] [PROG] s*=4.25/23.44 (18.1%) dist_goal=14.73
00:48:34 [INFO] [MPC] state=(+3.43,+6.30,-1.36) wp0=(+3.35,+6.23) v=+0.200 ω=+0.038 ok=True iters=7
00:48:34 [INFO] [PROG] s*=4.27/23.44 (18.2%) dist_goal=14.71
00:48:34 [INFO] [MPC] state=(+3.43,+6.28,-1.36) wp0=(+3.35,+6.21) v=+0.200 ω=-0.012 ok=True iters=7
00:48:34 [INFO] [PROG] s*=4.29/23.44 (18.3%) dist_goal=14.69
00:48:34 [INFO] [MPC] state=(+3.44,+6.26,-1.36) wp0=(+3.35,+6.19) v=+0.200 ω=-0.043 ok=True iters=7
00:48:34 [INFO] [PROG] s*=4.31/23.44 (18.4%) dist_goal=14.67
00:48:34 [INFO] [MPC] state=(+3.44,+6.24,-1.37) wp0=(+3.35,+6.17) v=+0.200 ω=-0.062 ok=True iters=7
00:48:35 [INFO] [PROG] s*=4.33/23.44 (18.5%) dist_goal=14.65
00:48:35 [INFO] [MPC] state=(+3.44,+6.22,-1.37) wp0=(+3.35,+6.15) v=+0.200 ω=-0.072 ok=True iters=7
00:48:35 [INFO] [PROG] s*=4.35/23.44 (18.6%) dist_goal=14.63
00:48:35 [INFO] [MPC] state=(+3.45,+6.20,-1.38) wp0=(+3.35,+6.13) v=+0.200 ω=-0.077 ok=True iters=7
00:48:35 [INFO] [PROG] s*=4.37/23.44 (18.7%) dist_goal=14.61
00:48:35 [INFO] [MPC] state=(+3.45,+6.18,-1.39) wp0=(+3.35,+6.11) v=+0.200 ω=-0.149 ok=True iters=7
00:48:35 [INFO] [PROG] s*=4.39/23.44 (18.7%) dist_goal=14.59
00:48:35 [INFO] [MPC] state=(+3.46,+6.16,-1.40) wp0=(+3.35,+6.09) v=+0.200 ω=-0.251 ok=True iters=7
00:48:35 [INFO] [PROG] s*=4.41/23.44 (18.8%) dist_goal=14.58
00:48:35 [INFO] [MPC] state=(+3.46,+6.14,-1.42) wp0=(+3.35,+6.07) v=+0.200 ω=-0.215 ok=True iters=7
00:48:35 [INFO] [PROG] s*=4.43/23.44 (18.9%) dist_goal=14.56
00:48:35 [INFO] [MPC] state=(+3.46,+6.12,-1.43) wp0=(+3.35,+6.05) v=+0.200 ω=-0.185 ok=True iters=7
00:48:35 [INFO] [PROG] s*=4.45/23.44 (19.0%) dist_goal=14.54
00:48:35 [INFO] [MPC] state=(+3.46,+6.10,-1.45) wp0=(+3.35,+6.03) v=+0.200 ω=-0.156 ok=True iters=7
00:48:35 [INFO] [PROG] s*=4.47/23.44 (19.1%) dist_goal=14.52
00:48:35 [INFO] [MPC] state=(+3.47,+6.08,-1.46) wp0=(+3.35,+6.01) v=+0.200 ω=-0.132 ok=True iters=7
00:48:35 [INFO] [PROG] s*=4.49/23.44 (19.2%) dist_goal=14.50
00:48:35 [INFO] [MPC] state=(+3.47,+6.06,-1.47) wp0=(+3.35,+5.99) v=+0.200 ω=-0.233 ok=True iters=7
00:48:35 [INFO] [PROG] s*=4.51/23.44 (19.2%) dist_goal=14.48
00:48:35 [INFO] [MPC] state=(+3.47,+6.04,-1.49) wp0=(+3.35,+5.97) v=+0.200 ω=-0.190 ok=True iters=7
00:48:35 [INFO] [PROG] s*=4.53/23.44 (19.3%) dist_goal=14.46
00:48:35 [INFO] [MPC] state=(+3.47,+6.02,-1.50) wp0=(+3.35,+5.95) v=+0.200 ω=-0.155 ok=True iters=7
00:48:35 [INFO] [PROG] s*=4.55/23.44 (19.4%) dist_goal=14.44
00:48:35 [INFO] [MPC] state=(+3.47,+6.00,-1.52) wp0=(+3.35,+5.93) v=+0.200 ω=-0.123 ok=True iters=7
00:48:35 [INFO] [PROG] s*=4.57/23.44 (19.5%) dist_goal=14.41
00:48:35 [INFO] [MPC] state=(+3.47,+5.98,-1.53) wp0=(+3.35,+5.91) v=+0.200 ω=-0.093 ok=True iters=7
00:48:35 [INFO] [PROG] s*=4.59/23.44 (19.6%) dist_goal=14.39
00:48:35 [INFO] [MPC] state=(+3.48,+5.96,-1.54) wp0=(+3.35,+5.89) v=+0.200 ω=-0.070 ok=True iters=7
00:48:35 [INFO] [PROG] s*=4.61/23.44 (19.7%) dist_goal=14.37
00:48:35 [INFO] [MPC] state=(+3.48,+5.94,-1.54) wp0=(+3.35,+5.87) v=+0.200 ω=-0.053 ok=True iters=7
00:48:35 [INFO] [PROG] s*=4.63/23.44 (19.8%) dist_goal=14.35
00:48:35 [INFO] [MPC] state=(+3.48,+5.92,-1.55) wp0=(+3.35,+5.85) v=+0.200 ω=+0.022 ok=True iters=7
00:48:35 [INFO] [PROG] s*=4.65/23.44 (19.9%) dist_goal=14.33
00:48:35 [INFO] [MPC] state=(+3.48,+5.90,-1.54) wp0=(+3.35,+5.83) v=+0.200 ω=-0.052 ok=True iters=7
00:48:35 [INFO] [PROG] s*=4.67/23.44 (19.9%) dist_goal=14.31
00:48:35 [INFO] [MPC] state=(+3.48,+5.88,-1.55) wp0=(+3.35,+5.81) v=+0.200 ω=+0.025 ok=True iters=7
00:48:35 [INFO] [PROG] s*=4.69/23.44 (20.0%) dist_goal=14.29
00:48:35 [INFO] [MPC] state=(+3.48,+5.86,-1.55) wp0=(+3.35,+5.79) v=+0.200 ω=+0.013 ok=True iters=7
00:48:35 [INFO] [PROG] s*=4.71/23.44 (20.1%) dist_goal=14.27
00:48:35 [INFO] [MPC] state=(+3.48,+5.84,-1.55) wp0=(+3.35,+5.77) v=+0.200 ω=+0.004 ok=True iters=7
00:48:35 [INFO] [PROG] s*=4.73/23.44 (20.2%) dist_goal=14.25
00:48:35 [INFO] [MPC] state=(+3.48,+5.82,-1.55) wp0=(+3.35,+5.75) v=+0.200 ω=-0.190 ok=True iters=7
00:48:35 [INFO] [PROG] s*=4.75/23.44 (20.3%) dist_goal=14.23
00:48:35 [INFO] [MPC] state=(+3.48,+5.80,-1.56) wp0=(+3.35,+5.73) v=+0.200 ω=+0.052 ok=True iters=7
00:48:35 [INFO] [PROG] s*=4.77/23.44 (20.4%) dist_goal=14.21
00:48:35 [INFO] [MPC] state=(+3.48,+5.78,-1.56) wp0=(+3.35,+5.71) v=+0.200 ω=-0.158 ok=True iters=7
00:48:35 [INFO] [PROG] s*=4.79/23.44 (20.5%) dist_goal=14.19
00:48:35 [INFO] [MPC] state=(+3.48,+5.76,-1.57) wp0=(+3.35,+5.69) v=+0.200 ω=+0.073 ok=True iters=7
00:48:35 [INFO] [PROG] s*=4.81/23.44 (20.5%) dist_goal=14.17
00:48:35 [INFO] [MPC] state=(+3.48,+5.74,-1.56) wp0=(+3.35,+5.67) v=+0.200 ω=-0.145 ok=True iters=7
00:48:35 [INFO] [PROG] s*=4.83/23.44 (20.6%) dist_goal=14.15
00:48:35 [INFO] [MPC] state=(+3.48,+5.72,-1.57) wp0=(+3.35,+5.65) v=+0.200 ω=+0.086 ok=True iters=7
00:48:35 [INFO] [PROG] s*=4.85/23.44 (20.7%) dist_goal=14.13
00:48:35 [INFO] [MPC] state=(+3.48,+5.70,-1.56) wp0=(+3.35,+5.63) v=+0.200 ω=-0.136 ok=True iters=7
00:48:35 [INFO] [PROG] s*=4.88/23.44 (20.8%) dist_goal=14.11
00:48:35 [INFO] [MPC] state=(+3.48,+5.68,-1.58) wp0=(+3.35,+5.61) v=+0.200 ω=-0.098 ok=True iters=7
00:48:35 [INFO] [PROG] s*=4.90/23.44 (20.9%) dist_goal=14.09
00:48:35 [INFO] [MPC] state=(+3.48,+5.66,-1.59) wp0=(+3.35,+5.59) v=+0.200 ω=-0.062 ok=True iters=7
00:48:35 [INFO] [PROG] s*=4.92/23.44 (21.0%) dist_goal=14.07
00:48:35 [INFO] [MPC] state=(+3.48,+5.64,-1.59) wp0=(+3.35,+5.57) v=+0.200 ω=-0.038 ok=True iters=7
00:48:35 [INFO] [PROG] s*=4.94/23.44 (21.1%) dist_goal=14.05
00:48:35 [INFO] [MPC] state=(+3.48,+5.62,-1.60) wp0=(+3.35,+5.55) v=+0.200 ω=-0.212 ok=True iters=7
00:48:35 [INFO] [PROG] s*=4.96/23.44 (21.1%) dist_goal=14.03
00:48:35 [INFO] [MPC] state=(+3.48,+5.60,-1.61) wp0=(+3.35,+5.53) v=+0.200 ω=-0.158 ok=True iters=7
00:48:35 [INFO] [PROG] s*=4.98/23.44 (21.2%) dist_goal=14.01
00:48:35 [INFO] [MPC] state=(+3.48,+5.58,-1.62) wp0=(+3.35,+5.51) v=+0.200 ω=+0.031 ok=True iters=7
00:48:35 [INFO] [PROG] s*=5.00/23.44 (21.3%) dist_goal=13.99
00:48:35 [INFO] [MPC] state=(+3.48,+5.56,-1.62) wp0=(+3.35,+5.49) v=+0.200 ω=+0.030 ok=True iters=7
00:48:35 [INFO] [PROG] s*=5.02/23.44 (21.4%) dist_goal=13.97
00:48:35 [INFO] [MPC] state=(+3.47,+5.54,-1.62) wp0=(+3.35,+5.47) v=+0.200 ω=+0.027 ok=True iters=7
00:48:35 [INFO] [PROG] s*=5.04/23.44 (21.5%) dist_goal=13.95
00:48:35 [INFO] [MPC] state=(+3.47,+5.52,-1.62) wp0=(+3.35,+5.45) v=+0.200 ω=-0.149 ok=True iters=7
00:48:35 [INFO] [PROG] s*=5.06/23.44 (21.6%) dist_goal=13.93
00:48:35 [INFO] [MPC] state=(+3.47,+5.50,-1.63) wp0=(+3.35,+5.43) v=+0.200 ω=+0.012 ok=True iters=7
00:48:35 [INFO] [PROG] s*=5.08/23.44 (21.7%) dist_goal=13.91
00:48:35 [INFO] [MPC] state=(+3.47,+5.48,-1.63) wp0=(+3.35,+5.41) v=+0.200 ω=+0.015 ok=True iters=7
00:48:35 [INFO] [PROG] s*=5.10/23.44 (21.7%) dist_goal=13.89
00:48:35 [INFO] [MPC] state=(+3.47,+5.46,-1.62) wp0=(+3.35,+5.39) v=+0.200 ω=-0.019 ok=True iters=7
00:48:35 [INFO] [PROG] s*=5.12/23.44 (21.8%) dist_goal=13.87
00:48:35 [INFO] [MPC] state=(+3.47,+5.44,-1.63) wp0=(+3.35,+5.37) v=+0.200 ω=-0.120 ok=True iters=7
00:48:35 [INFO] [PROG] s*=5.14/23.44 (21.9%) dist_goal=13.85
00:48:35 [INFO] [MPC] state=(+3.47,+5.42,-1.64) wp0=(+3.35,+5.35) v=+0.200 ω=-0.026 ok=True iters=7
00:48:35 [INFO] [PROG] s*=5.16/23.44 (22.0%) dist_goal=13.83
00:48:35 [INFO] [MPC] state=(+3.47,+5.40,-1.64) wp0=(+3.35,+5.33) v=+0.200 ω=-0.012 ok=True iters=7
00:48:35 [INFO] [PROG] s*=5.18/23.44 (22.1%) dist_goal=13.81
00:48:35 [INFO] [MPC] state=(+3.47,+5.38,-1.64) wp0=(+3.35,+5.31) v=+0.200 ω=-0.013 ok=True iters=7
00:48:35 [INFO] [PROG] s*=5.20/23.44 (22.2%) dist_goal=13.79
00:48:35 [INFO] [MPC] state=(+3.46,+5.36,-1.64) wp0=(+3.35,+5.29) v=+0.200 ω=+0.010 ok=True iters=7
00:48:35 [INFO] [PROG] s*=5.22/23.44 (22.3%) dist_goal=13.77
00:48:35 [INFO] [MPC] state=(+3.46,+5.34,-1.64) wp0=(+3.35,+5.27) v=+0.200 ω=+0.011 ok=True iters=7
00:48:35 [INFO] [PROG] s*=5.24/23.44 (22.4%) dist_goal=13.75
00:48:35 [INFO] [MPC] state=(+3.46,+5.32,-1.64) wp0=(+3.35,+5.25) v=+0.200 ω=-0.035 ok=True iters=7
00:48:35 [INFO] [PROG] s*=5.26/23.44 (22.4%) dist_goal=13.73
00:48:35 [INFO] [MPC] state=(+3.46,+5.30,-1.64) wp0=(+3.35,+5.23) v=+0.200 ω=-0.019 ok=True iters=7
00:48:35 [INFO] [PROG] s*=5.28/23.44 (22.5%) dist_goal=13.71
00:48:35 [INFO] [MPC] state=(+3.46,+5.28,-1.64) wp0=(+3.35,+5.21) v=+0.200 ω=-0.015 ok=True iters=7
00:48:35 [INFO] [PROG] s*=5.30/23.44 (22.6%) dist_goal=13.69
00:48:35 [INFO] [MPC] state=(+3.46,+5.26,-1.65) wp0=(+3.35,+5.18) v=+0.200 ω=-0.006 ok=True iters=7
00:48:35 [INFO] [PROG] s*=5.32/23.44 (22.7%) dist_goal=13.67
00:48:35 [INFO] [MPC] state=(+3.46,+5.23,-1.65) wp0=(+3.35,+5.16) v=+0.200 ω=+0.025 ok=True iters=7
00:48:35 [INFO] [PROG] s*=5.34/23.44 (22.8%) dist_goal=13.65
00:48:35 [INFO] [MPC] state=(+3.45,+5.21,-1.64) wp0=(+3.35,+5.14) v=+0.200 ω=-0.001 ok=True iters=7
00:48:35 [INFO] [PROG] s*=5.36/23.44 (22.9%) dist_goal=13.63
00:48:35 [INFO] [MPC] state=(+3.45,+5.19,-1.64) wp0=(+3.35,+5.12) v=+0.200 ω=-0.003 ok=True iters=7
00:48:35 [INFO] [PROG] s*=5.38/23.44 (23.0%) dist_goal=13.61
00:48:35 [INFO] [MPC] state=(+3.45,+5.17,-1.64) wp0=(+3.35,+5.10) v=+0.200 ω=-0.000 ok=True iters=7
00:48:35 [INFO] [PROG] s*=5.40/23.44 (23.0%) dist_goal=13.59
00:48:35 [INFO] [MPC] state=(+3.45,+5.15,-1.64) wp0=(+3.35,+5.08) v=+0.200 ω=-0.001 ok=True iters=7
00:48:35 [INFO] [PROG] s*=5.42/23.44 (23.1%) dist_goal=13.57
00:48:35 [INFO] [MPC] state=(+3.45,+5.13,-1.64) wp0=(+3.35,+5.06) v=+0.200 ω=+0.003 ok=True iters=7
00:48:35 [INFO] [PROG] s*=5.44/23.44 (23.2%) dist_goal=13.55
00:48:35 [INFO] [MPC] state=(+3.45,+5.11,-1.64) wp0=(+3.35,+5.04) v=+0.200 ω=+0.004 ok=True iters=7
00:48:35 [INFO] [PROG] s*=5.46/23.44 (23.3%) dist_goal=13.53
00:48:35 [INFO] [MPC] state=(+3.44,+5.09,-1.64) wp0=(+3.35,+5.02) v=+0.200 ω=+0.003 ok=True iters=7
00:48:35 [INFO] [PROG] s*=5.48/23.44 (23.4%) dist_goal=13.51
00:48:35 [INFO] [MPC] state=(+3.44,+5.07,-1.64) wp0=(+3.35,+5.00) v=+0.200 ω=+0.002 ok=True iters=7
00:48:35 [INFO] [PROG] s*=5.50/23.44 (23.5%) dist_goal=13.49
00:48:35 [INFO] [MPC] state=(+3.44,+5.05,-1.64) wp0=(+3.35,+4.98) v=+0.200 ω=-0.014 ok=True iters=7
00:48:35 [INFO] [PROG] s*=5.52/23.44 (23.6%) dist_goal=13.47
00:48:35 [INFO] [MPC] state=(+3.44,+5.03,-1.64) wp0=(+3.35,+4.96) v=+0.200 ω=-0.007 ok=True iters=7
00:48:35 [INFO] [PROG] s*=5.54/23.44 (23.6%) dist_goal=13.45
00:48:35 [INFO] [MPC] state=(+3.44,+5.01,-1.64) wp0=(+3.35,+4.94) v=+0.200 ω=-0.004 ok=True iters=7
00:48:35 [INFO] [PROG] s*=5.56/23.44 (23.7%) dist_goal=13.43
00:48:35 [INFO] [MPC] state=(+3.44,+4.99,-1.65) wp0=(+3.35,+4.92) v=+0.200 ω=+0.000 ok=True iters=7
00:48:35 [INFO] [PROG] s*=5.58/23.44 (23.8%) dist_goal=13.41
00:48:35 [INFO] [MPC] state=(+3.44,+4.97,-1.65) wp0=(+3.35,+4.90) v=+0.200 ω=+0.000 ok=True iters=7
00:48:35 [INFO] [PROG] s*=5.60/23.44 (23.9%) dist_goal=13.39
00:48:35 [INFO] [MPC] state=(+3.43,+4.95,-1.64) wp0=(+3.35,+4.88) v=+0.200 ω=+0.001 ok=True iters=7
00:48:35 [INFO] [PROG] s*=5.62/23.44 (24.0%) dist_goal=13.37
00:48:35 [INFO] [MPC] state=(+3.43,+4.93,-1.64) wp0=(+3.35,+4.86) v=+0.200 ω=+0.001 ok=True iters=7
00:48:35 [INFO] [PROG] s*=5.64/23.44 (24.1%) dist_goal=13.34
00:48:35 [INFO] [MPC] state=(+3.43,+4.91,-1.64) wp0=(+3.35,+4.84) v=+0.200 ω=-0.018 ok=True iters=7
00:48:35 [INFO] [PROG] s*=5.66/23.44 (24.2%) dist_goal=13.32
00:48:35 [INFO] [MPC] state=(+3.43,+4.89,-1.65) wp0=(+3.35,+4.82) v=+0.200 ω=-0.017 ok=True iters=7
00:48:35 [INFO] [PROG] s*=5.68/23.44 (24.3%) dist_goal=13.30
00:48:35 [INFO] [MPC] state=(+3.43,+4.87,-1.65) wp0=(+3.35,+4.80) v=+0.200 ω=-0.011 ok=True iters=7
00:48:35 [INFO] [PROG] s*=5.70/23.44 (24.3%) dist_goal=13.28
00:48:35 [INFO] [MPC] state=(+3.43,+4.85,-1.65) wp0=(+3.35,+4.78) v=+0.200 ω=-0.040 ok=True iters=7
00:48:35 [INFO] [PROG] s*=5.72/23.44 (24.4%) dist_goal=13.26
00:48:35 [INFO] [MPC] state=(+3.42,+4.83,-1.65) wp0=(+3.35,+4.76) v=+0.200 ω=-0.047 ok=True iters=7
00:48:35 [INFO] [PROG] s*=5.74/23.44 (24.5%) dist_goal=13.24
00:48:35 [INFO] [MPC] state=(+3.42,+4.81,-1.66) wp0=(+3.35,+4.74) v=+0.200 ω=-0.053 ok=True iters=7
00:48:35 [INFO] [PROG] s*=5.76/23.44 (24.6%) dist_goal=13.22
00:48:35 [INFO] [MPC] state=(+3.42,+4.79,-1.66) wp0=(+3.35,+4.72) v=+0.200 ω=-0.064 ok=True iters=7
00:48:35 [INFO] [PROG] s*=5.78/23.44 (24.7%) dist_goal=13.20
00:48:35 [INFO] [MPC] state=(+3.42,+4.77,-1.67) wp0=(+3.35,+4.70) v=+0.200 ω=-0.071 ok=True iters=8
00:48:35 [INFO] [PROG] s*=5.80/23.44 (24.8%) dist_goal=13.18
00:48:35 [INFO] [MPC] state=(+3.42,+4.75,-1.68) wp0=(+3.35,+4.68) v=+0.200 ω=-0.083 ok=True iters=8
00:48:35 [INFO] [PROG] s*=5.83/23.44 (24.9%) dist_goal=13.16
00:48:35 [INFO] [MPC] state=(+3.41,+4.73,-1.68) wp0=(+3.35,+4.66) v=+0.200 ω=-0.079 ok=True iters=8
00:48:35 [INFO] [PROG] s*=5.85/23.44 (24.9%) dist_goal=13.14
00:48:35 [INFO] [MPC] state=(+3.41,+4.71,-1.69) wp0=(+3.35,+4.64) v=+0.200 ω=-0.074 ok=True iters=8
00:48:35 [INFO] [PROG] s*=5.87/23.44 (25.0%) dist_goal=13.12
00:48:35 [INFO] [MPC] state=(+3.41,+4.69,-1.70) wp0=(+3.35,+4.62) v=+0.200 ω=-0.069 ok=True iters=8
00:48:35 [INFO] [PROG] s*=5.89/23.44 (25.1%) dist_goal=13.10
00:48:35 [INFO] [MPC] state=(+3.41,+4.67,-1.71) wp0=(+3.35,+4.60) v=+0.200 ω=-0.068 ok=True iters=8
00:48:35 [INFO] [PROG] s*=5.91/23.44 (25.2%) dist_goal=13.08
00:48:35 [INFO] [MPC] state=(+3.40,+4.65,-1.71) wp0=(+3.35,+4.58) v=+0.200 ω=-0.069 ok=True iters=8
00:48:35 [INFO] [PROG] s*=5.93/23.44 (25.3%) dist_goal=13.06
00:48:35 [INFO] [MPC] state=(+3.40,+4.63,-1.72) wp0=(+3.35,+4.56) v=+0.200 ω=-0.253 ok=True iters=8
00:48:35 [INFO] [PROG] s*=5.94/23.44 (25.4%) dist_goal=13.05
00:48:35 [INFO] [MPC] state=(+3.40,+4.61,-1.74) wp0=(+3.35,+4.54) v=+0.200 ω=-0.989 ok=True iters=7
00:48:35 [INFO] [PROG] s*=5.96/23.44 (25.4%) dist_goal=13.03
00:48:35 [INFO] [MPC] state=(+3.39,+4.59,-1.79) wp0=(+3.35,+4.53) v=+0.200 ω=-1.463 ok=True iters=7
00:48:35 [INFO] [PROG] s*=5.97/23.44 (25.5%) dist_goal=13.02
00:48:35 [INFO] [MPC] state=(+3.39,+4.58,-1.87) wp0=(+3.35,+4.51) v=+0.200 ω=-1.392 ok=True iters=7
00:48:35 [INFO] [PROG] s*=5.99/23.44 (25.5%) dist_goal=13.00
00:48:35 [INFO] [MPC] state=(+3.39,+4.56,-1.94) wp0=(+3.35,+4.50) v=+0.200 ω=-1.262 ok=True iters=7
00:48:35 [INFO] [PROG] s*=6.00/23.44 (25.6%) dist_goal=12.99
00:48:35 [INFO] [MPC] state=(+3.38,+4.55,-2.01) wp0=(+3.35,+4.48) v=+0.200 ω=-1.172 ok=True iters=7
00:48:35 [INFO] [PROG] s*=6.02/23.44 (25.7%) dist_goal=12.97
00:48:35 [INFO] [MPC] state=(+3.37,+4.53,-2.08) wp0=(+3.35,+4.47) v=+0.200 ω=-0.957 ok=True iters=8
00:48:35 [INFO] [PROG] s*=6.03/23.44 (25.7%) dist_goal=12.96
00:48:35 [INFO] [MPC] state=(+3.36,+4.52,-2.13) wp0=(+3.35,+4.45) v=+0.200 ω=-0.775 ok=True iters=8
00:48:35 [INFO] [PROG] s*=6.05/23.44 (25.8%) dist_goal=12.95
00:48:35 [INFO] [MPC] state=(+3.35,+4.50,-2.17) wp0=(+3.34,+4.44) v=+0.200 ω=-0.596 ok=True iters=8
00:48:35 [INFO] [PROG] s*=6.06/23.44 (25.9%) dist_goal=12.93
00:48:35 [INFO] [MPC] state=(+3.34,+4.49,-2.21) wp0=(+3.33,+4.43) v=+0.200 ω=-0.381 ok=True iters=8
00:48:35 [INFO] [PROG] s*=6.10/23.44 (26.0%) dist_goal=12.92
00:48:35 [INFO] [MPC] state=(+3.33,+4.47,-2.23) wp0=(+3.30,+4.40) v=+0.200 ω=+0.279 ok=True iters=7
00:48:35 [INFO] [PROG] s*=6.12/23.44 (26.1%) dist_goal=12.90
00:48:35 [INFO] [MPC] state=(+3.32,+4.46,-2.21) wp0=(+3.29,+4.39) v=+0.200 ω=+1.363 ok=True iters=7
00:48:35 [INFO] [PROG] s*=6.13/23.44 (26.2%) dist_goal=12.89
00:48:35 [INFO] [MPC] state=(+3.31,+4.45,-2.14) wp0=(+3.28,+4.38) v=+0.200 ω=+1.249 ok=True iters=7
00:48:35 [INFO] [PROG] s*=6.14/23.44 (26.2%) dist_goal=12.88
00:48:35 [INFO] [MPC] state=(+3.30,+4.43,-2.07) wp0=(+3.27,+4.37) v=+0.200 ω=+1.148 ok=True iters=7
00:48:36 [INFO] [PROG] s*=6.16/23.44 (26.3%) dist_goal=12.86
00:48:36 [INFO] [MPC] state=(+3.29,+4.42,-2.01) wp0=(+3.26,+4.36) v=+0.200 ω=+0.916 ok=True iters=7
00:48:36 [INFO] [PROG] s*=6.18/23.44 (26.4%) dist_goal=12.85
00:48:36 [INFO] [MPC] state=(+3.29,+4.40,-1.96) wp0=(+3.25,+4.35) v=+0.200 ω=+0.689 ok=True iters=7
00:48:36 [INFO] [PROG] s*=6.19/23.44 (26.4%) dist_goal=12.83
00:48:36 [INFO] [MPC] state=(+3.28,+4.39,-1.91) wp0=(+3.25,+4.33) v=+0.200 ω=+0.496 ok=True iters=8
00:48:36 [INFO] [PROG] s*=6.21/23.44 (26.5%) dist_goal=12.81
00:48:36 [INFO] [MPC] state=(+3.28,+4.37,-1.88) wp0=(+3.25,+4.32) v=+0.200 ω=+0.351 ok=True iters=8
00:48:36 [INFO] [PROG] s*=6.24/23.44 (26.6%) dist_goal=12.79
00:48:36 [INFO] [MPC] state=(+3.27,+4.35,-1.86) wp0=(+3.25,+4.28) v=+0.200 ω=+0.230 ok=True iters=8
00:48:36 [INFO] [PROG] s*=6.26/23.44 (26.7%) dist_goal=12.77
00:48:36 [INFO] [MPC] state=(+3.26,+4.33,-1.84) wp0=(+3.25,+4.26) v=+0.200 ω=+0.098 ok=True iters=7
00:48:36 [INFO] [PROG] s*=6.28/23.44 (26.8%) dist_goal=12.75
00:48:36 [INFO] [MPC] state=(+3.26,+4.31,-1.83) wp0=(+3.25,+4.24) v=+0.200 ω=+0.003 ok=True iters=7
00:48:36 [INFO] [PROG] s*=6.30/23.44 (26.9%) dist_goal=12.73
00:48:36 [INFO] [MPC] state=(+3.25,+4.29,-1.83) wp0=(+3.25,+4.22) v=+0.200 ω=-0.079 ok=True iters=7
00:48:36 [INFO] [PROG] s*=6.32/23.44 (27.0%) dist_goal=12.72
00:48:36 [INFO] [MPC] state=(+3.25,+4.27,-1.84) wp0=(+3.25,+4.21) v=+0.200 ω=-0.076 ok=True iters=7
00:48:36 [INFO] [PROG] s*=6.34/23.44 (27.1%) dist_goal=12.70
00:48:36 [INFO] [MPC] state=(+3.24,+4.26,-1.85) wp0=(+3.25,+4.19) v=+0.200 ω=-0.077 ok=True iters=7
00:48:36 [INFO] [PROG] s*=6.36/23.44 (27.1%) dist_goal=12.68
00:48:36 [INFO] [MPC] state=(+3.24,+4.24,-1.86) wp0=(+3.25,+4.17) v=+0.200 ω=-0.121 ok=True iters=7
00:48:36 [INFO] [PROG] s*=6.38/23.44 (27.2%) dist_goal=12.66
00:48:36 [INFO] [MPC] state=(+3.23,+4.22,-1.87) wp0=(+3.25,+4.15) v=+0.200 ω=-0.089 ok=True iters=7
00:48:36 [INFO] [PROG] s*=6.40/23.44 (27.3%) dist_goal=12.64
00:48:36 [INFO] [MPC] state=(+3.22,+4.20,-1.88) wp0=(+3.25,+4.13) v=+0.200 ω=-0.150 ok=True iters=7
00:48:36 [INFO] [PROG] s*=6.42/23.44 (27.4%) dist_goal=12.62
00:48:36 [INFO] [MPC] state=(+3.22,+4.18,-1.89) wp0=(+3.25,+4.11) v=+0.200 ω=-0.130 ok=True iters=7
00:48:36 [INFO] [PROG] s*=6.44/23.44 (27.5%) dist_goal=12.60
00:48:36 [INFO] [MPC] state=(+3.21,+4.16,-1.90) wp0=(+3.25,+4.09) v=+0.200 ω=-0.028 ok=True iters=7
00:48:36 [INFO] [PROG] s*=6.46/23.44 (27.5%) dist_goal=12.58
00:48:36 [INFO] [MPC] state=(+3.21,+4.14,-1.90) wp0=(+3.25,+4.07) v=+0.200 ω=-0.041 ok=True iters=7
00:48:36 [INFO] [PROG] s*=6.48/23.44 (27.6%) dist_goal=12.56
00:48:36 [INFO] [MPC] state=(+3.20,+4.12,-1.91) wp0=(+3.25,+4.05) v=+0.200 ω=+0.012 ok=True iters=7
00:48:36 [INFO] [PROG] s*=6.49/23.44 (27.7%) dist_goal=12.54
00:48:36 [INFO] [MPC] state=(+3.19,+4.10,-1.90) wp0=(+3.25,+4.03) v=+0.200 ω=-0.083 ok=True iters=7
00:48:36 [INFO] [PROG] s*=6.51/23.44 (27.8%) dist_goal=12.53
00:48:36 [INFO] [MPC] state=(+3.19,+4.08,-1.91) wp0=(+3.25,+4.01) v=+0.200 ω=-0.002 ok=True iters=7
00:48:36 [INFO] [PROG] s*=6.53/23.44 (27.9%) dist_goal=12.51
00:48:36 [INFO] [MPC] state=(+3.18,+4.06,-1.91) wp0=(+3.25,+3.99) v=+0.200 ω=+0.007 ok=True iters=7
00:48:36 [INFO] [PROG] s*=6.55/23.44 (28.0%) dist_goal=12.49
00:48:36 [INFO] [MPC] state=(+3.17,+4.04,-1.91) wp0=(+3.25,+3.97) v=+0.200 ω=+0.128 ok=True iters=7
00:48:36 [INFO] [PROG] s*=6.57/23.44 (28.0%) dist_goal=12.47
00:48:36 [INFO] [MPC] state=(+3.16,+4.02,-1.90) wp0=(+3.25,+3.96) v=+0.200 ω=+0.157 ok=True iters=7
00:48:36 [INFO] [PROG] s*=6.59/23.44 (28.1%) dist_goal=12.45
00:48:36 [INFO] [MPC] state=(+3.16,+4.01,-1.89) wp0=(+3.25,+3.94) v=+0.200 ω=+0.177 ok=True iters=7
00:48:36 [INFO] [PROG] s*=6.61/23.44 (28.2%) dist_goal=12.43
00:48:36 [INFO] [MPC] state=(+3.15,+3.99,-1.87) wp0=(+3.25,+3.92) v=+0.200 ω=-0.040 ok=True iters=7
00:48:36 [INFO] [PROG] s*=6.63/23.44 (28.3%) dist_goal=12.41
00:48:36 [INFO] [MPC] state=(+3.15,+3.97,-1.88) wp0=(+3.25,+3.90) v=+0.200 ω=+0.052 ok=True iters=7
00:48:36 [INFO] [PROG] s*=6.65/23.44 (28.4%) dist_goal=12.39
00:48:36 [INFO] [MPC] state=(+3.14,+3.95,-1.87) wp0=(+3.25,+3.88) v=+0.200 ω=+0.100 ok=True iters=7
00:48:36 [INFO] [PROG] s*=6.67/23.44 (28.4%) dist_goal=12.37
00:48:36 [INFO] [MPC] state=(+3.13,+3.93,-1.86) wp0=(+3.25,+3.86) v=+0.200 ω=-0.052 ok=True iters=7
00:48:36 [INFO] [PROG] s*=6.69/23.44 (28.5%) dist_goal=12.36
00:48:36 [INFO] [MPC] state=(+3.13,+3.91,-1.87) wp0=(+3.25,+3.84) v=+0.200 ω=+0.037 ok=True iters=7
00:48:36 [INFO] [PROG] s*=6.71/23.44 (28.6%) dist_goal=12.34
00:48:36 [INFO] [MPC] state=(+3.12,+3.89,-1.86) wp0=(+3.25,+3.82) v=+0.200 ω=+0.087 ok=True iters=7
00:48:36 [INFO] [PROG] s*=6.72/23.44 (28.7%) dist_goal=12.32
00:48:36 [INFO] [MPC] state=(+3.12,+3.87,-1.85) wp0=(+3.25,+3.80) v=+0.200 ω=+0.113 ok=True iters=7
00:48:36 [INFO] [PROG] s*=6.74/23.44 (28.8%) dist_goal=12.30
00:48:36 [INFO] [MPC] state=(+3.11,+3.85,-1.84) wp0=(+3.25,+3.78) v=+0.200 ω=+0.130 ok=True iters=7
00:48:36 [INFO] [PROG] s*=6.76/23.44 (28.9%) dist_goal=12.28
00:48:36 [INFO] [MPC] state=(+3.11,+3.83,-1.83) wp0=(+3.25,+3.76) v=+0.200 ω=+0.140 ok=True iters=7
00:48:36 [INFO] [PROG] s*=6.78/23.44 (28.9%) dist_goal=12.26
00:48:36 [INFO] [MPC] state=(+3.10,+3.81,-1.82) wp0=(+3.25,+3.74) v=+0.200 ω=+0.145 ok=True iters=7
00:48:36 [INFO] [PROG] s*=6.80/23.44 (29.0%) dist_goal=12.24
00:48:36 [INFO] [MPC] state=(+3.10,+3.79,-1.81) wp0=(+3.25,+3.72) v=+0.200 ω=+0.145 ok=True iters=7
00:48:36 [INFO] [PROG] s*=6.82/23.44 (29.1%) dist_goal=12.22
00:48:36 [INFO] [MPC] state=(+3.09,+3.77,-1.79) wp0=(+3.25,+3.70) v=+0.200 ω=+0.141 ok=True iters=7
00:48:36 [INFO] [PROG] s*=6.84/23.44 (29.2%) dist_goal=12.20
00:48:36 [INFO] [MPC] state=(+3.09,+3.75,-1.78) wp0=(+3.25,+3.68) v=+0.200 ω=+0.137 ok=True iters=7
00:48:36 [INFO] [PROG] s*=6.86/23.44 (29.3%) dist_goal=12.18
00:48:36 [INFO] [MPC] state=(+3.08,+3.73,-1.77) wp0=(+3.25,+3.66) v=+0.200 ω=+0.132 ok=True iters=7
00:48:36 [INFO] [PROG] s*=6.88/23.44 (29.4%) dist_goal=12.16
00:48:36 [INFO] [MPC] state=(+3.08,+3.71,-1.76) wp0=(+3.25,+3.64) v=+0.200 ω=+0.123 ok=True iters=7
00:48:36 [INFO] [PROG] s*=6.90/23.44 (29.4%) dist_goal=12.14
00:48:36 [INFO] [MPC] state=(+3.07,+3.69,-1.75) wp0=(+3.25,+3.62) v=+0.200 ω=+0.115 ok=True iters=7
00:48:36 [INFO] [PROG] s*=6.92/23.44 (29.5%) dist_goal=12.12
00:48:36 [INFO] [MPC] state=(+3.07,+3.67,-1.74) wp0=(+3.25,+3.60) v=+0.200 ω=+0.107 ok=True iters=7
00:48:36 [INFO] [PROG] s*=6.94/23.44 (29.6%) dist_goal=12.10
00:48:36 [INFO] [MPC] state=(+3.07,+3.65,-1.72) wp0=(+3.25,+3.58) v=+0.200 ω=+0.097 ok=True iters=7
00:48:36 [INFO] [PROG] s*=6.96/23.44 (29.7%) dist_goal=12.08
00:48:36 [INFO] [MPC] state=(+3.06,+3.63,-1.71) wp0=(+3.25,+3.56) v=+0.200 ω=+0.087 ok=True iters=7
00:48:36 [INFO] [PROG] s*=6.98/23.44 (29.8%) dist_goal=12.06
00:48:36 [INFO] [MPC] state=(+3.06,+3.61,-1.71) wp0=(+3.25,+3.54) v=+0.200 ω=+0.080 ok=True iters=7
00:48:36 [INFO] [PROG] s*=7.00/23.44 (29.9%) dist_goal=12.04
00:48:36 [INFO] [MPC] state=(+3.06,+3.59,-1.70) wp0=(+3.25,+3.52) v=+0.200 ω=+0.073 ok=True iters=7
00:48:36 [INFO] [PROG] s*=7.02/23.44 (30.0%) dist_goal=12.02
00:48:36 [INFO] [MPC] state=(+3.06,+3.57,-1.69) wp0=(+3.25,+3.50) v=+0.200 ω=+0.069 ok=True iters=7
00:48:36 [INFO] [PROG] s*=7.04/23.44 (30.0%) dist_goal=12.00
00:48:36 [INFO] [MPC] state=(+3.05,+3.55,-1.68) wp0=(+3.25,+3.48) v=+0.200 ω=+0.063 ok=True iters=7
00:48:36 [INFO] [PROG] s*=7.06/23.44 (30.1%) dist_goal=11.98
00:48:36 [INFO] [MPC] state=(+3.05,+3.53,-1.68) wp0=(+3.25,+3.46) v=+0.200 ω=+0.058 ok=True iters=7
00:48:36 [INFO] [PROG] s*=7.08/23.44 (30.2%) dist_goal=11.96
00:48:36 [INFO] [MPC] state=(+3.05,+3.51,-1.67) wp0=(+3.25,+3.44) v=+0.200 ω=+0.055 ok=True iters=7
00:48:36 [INFO] [PROG] s*=7.10/23.44 (30.3%) dist_goal=11.94
00:48:36 [INFO] [MPC] state=(+3.05,+3.49,-1.67) wp0=(+3.25,+3.42) v=+0.200 ω=+0.051 ok=True iters=7
00:48:36 [INFO] [PROG] s*=7.12/23.44 (30.4%) dist_goal=11.92
00:48:36 [INFO] [MPC] state=(+3.05,+3.47,-1.66) wp0=(+3.25,+3.40) v=+0.200 ω=+0.048 ok=True iters=7
00:48:36 [INFO] [PROG] s*=7.14/23.44 (30.5%) dist_goal=11.90
00:48:36 [INFO] [MPC] state=(+3.04,+3.45,-1.65) wp0=(+3.25,+3.38) v=+0.200 ω=+0.044 ok=True iters=7
00:48:36 [INFO] [PROG] s*=7.16/23.44 (30.6%) dist_goal=11.88
00:48:36 [INFO] [MPC] state=(+3.04,+3.43,-1.65) wp0=(+3.25,+3.36) v=+0.200 ω=+0.041 ok=True iters=7
00:48:36 [INFO] [PROG] s*=7.18/23.44 (30.6%) dist_goal=11.86
00:48:36 [INFO] [MPC] state=(+3.04,+3.41,-1.65) wp0=(+3.25,+3.34) v=+0.200 ω=+0.040 ok=True iters=7
00:48:36 [INFO] [PROG] s*=7.20/23.44 (30.7%) dist_goal=11.84
00:48:36 [INFO] [MPC] state=(+3.04,+3.39,-1.64) wp0=(+3.25,+3.32) v=+0.200 ω=+0.168 ok=True iters=7
00:48:36 [INFO] [PROG] s*=7.22/23.44 (30.8%) dist_goal=11.83
00:48:36 [INFO] [MPC] state=(+3.04,+3.37,-1.63) wp0=(+3.25,+3.30) v=+0.200 ω=+0.132 ok=True iters=7
00:48:36 [INFO] [PROG] s*=7.24/23.44 (30.9%) dist_goal=11.81
00:48:36 [INFO] [MPC] state=(+3.04,+3.35,-1.62) wp0=(+3.25,+3.28) v=+0.200 ω=+0.090 ok=True iters=7
00:48:36 [INFO] [PROG] s*=7.26/23.44 (31.0%) dist_goal=11.78
00:48:36 [INFO] [MPC] state=(+3.04,+3.33,-1.61) wp0=(+3.25,+3.26) v=+0.200 ω=+0.066 ok=True iters=7
00:48:36 [INFO] [PROG] s*=7.28/23.44 (31.1%) dist_goal=11.76
00:48:36 [INFO] [MPC] state=(+3.04,+3.31,-1.60) wp0=(+3.25,+3.24) v=+0.200 ω=+0.047 ok=True iters=7
00:48:36 [INFO] [PROG] s*=7.30/23.44 (31.2%) dist_goal=11.74
00:48:36 [INFO] [MPC] state=(+3.04,+3.29,-1.60) wp0=(+3.25,+3.22) v=+0.200 ω=+0.035 ok=True iters=7
00:48:36 [INFO] [PROG] s*=7.32/23.44 (31.2%) dist_goal=11.72
00:48:36 [INFO] [MPC] state=(+3.03,+3.27,-1.59) wp0=(+3.25,+3.20) v=+0.200 ω=+0.026 ok=True iters=7
00:48:36 [INFO] [PROG] s*=7.34/23.44 (31.3%) dist_goal=11.70
00:48:36 [INFO] [MPC] state=(+3.03,+3.25,-1.59) wp0=(+3.25,+3.18) v=+0.200 ω=+0.020 ok=True iters=7
00:48:36 [INFO] [PROG] s*=7.36/23.44 (31.4%) dist_goal=11.68
00:48:36 [INFO] [MPC] state=(+3.03,+3.23,-1.59) wp0=(+3.25,+3.16) v=+0.200 ω=+0.015 ok=True iters=7
00:48:36 [INFO] [PROG] s*=7.38/23.44 (31.5%) dist_goal=11.66
00:48:36 [INFO] [MPC] state=(+3.03,+3.21,-1.59) wp0=(+3.25,+3.14) v=+0.200 ω=+0.012 ok=True iters=7
00:48:36 [INFO] [PROG] s*=7.40/23.44 (31.6%) dist_goal=11.64
00:48:36 [INFO] [MPC] state=(+3.03,+3.19,-1.58) wp0=(+3.25,+3.12) v=+0.200 ω=+0.010 ok=True iters=7
00:48:36 [INFO] [PROG] s*=7.42/23.44 (31.7%) dist_goal=11.62
00:48:36 [INFO] [MPC] state=(+3.03,+3.17,-1.58) wp0=(+3.25,+3.10) v=+0.200 ω=+0.008 ok=True iters=7
00:48:36 [INFO] [PROG] s*=7.44/23.44 (31.8%) dist_goal=11.60
00:48:36 [INFO] [MPC] state=(+3.03,+3.15,-1.58) wp0=(+3.25,+3.08) v=+0.200 ω=+0.006 ok=True iters=7
00:48:36 [INFO] [PROG] s*=7.46/23.44 (31.9%) dist_goal=11.58
00:48:36 [INFO] [MPC] state=(+3.03,+3.13,-1.58) wp0=(+3.25,+3.06) v=+0.200 ω=+0.005 ok=True iters=7
00:48:36 [INFO] [PROG] s*=7.49/23.44 (31.9%) dist_goal=11.56
00:48:36 [INFO] [MPC] state=(+3.03,+3.11,-1.58) wp0=(+3.25,+3.04) v=+0.200 ω=+0.004 ok=True iters=7
00:48:36 [INFO] [PROG] s*=7.51/23.44 (32.0%) dist_goal=11.54
00:48:36 [INFO] [MPC] state=(+3.03,+3.09,-1.58) wp0=(+3.25,+3.02) v=+0.200 ω=+0.004 ok=True iters=7
00:48:36 [INFO] [PROG] s*=7.53/23.44 (32.1%) dist_goal=11.52
00:48:36 [INFO] [MPC] state=(+3.03,+3.07,-1.58) wp0=(+3.25,+3.00) v=+0.200 ω=+0.004 ok=True iters=7
00:48:36 [INFO] [PROG] s*=7.55/23.44 (32.2%) dist_goal=11.50
00:48:36 [INFO] [MPC] state=(+3.03,+3.05,-1.58) wp0=(+3.25,+2.98) v=+0.200 ω=+0.003 ok=True iters=7
00:48:36 [INFO] [PROG] s*=7.57/23.44 (32.3%) dist_goal=11.48
00:48:36 [INFO] [MPC] state=(+3.03,+3.03,-1.58) wp0=(+3.25,+2.96) v=+0.200 ω=+0.002 ok=True iters=7
00:48:36 [INFO] [PROG] s*=7.59/23.44 (32.4%) dist_goal=11.46
00:48:36 [INFO] [MPC] state=(+3.03,+3.01,-1.58) wp0=(+3.25,+2.94) v=+0.200 ω=+0.003 ok=True iters=7
00:48:36 [INFO] [PROG] s*=7.61/23.44 (32.5%) dist_goal=11.44
00:48:36 [INFO] [MPC] state=(+3.03,+2.99,-1.58) wp0=(+3.25,+2.92) v=+0.200 ω=+0.003 ok=True iters=7
00:48:36 [INFO] [PROG] s*=7.63/23.44 (32.5%) dist_goal=11.42
00:48:36 [INFO] [MPC] state=(+3.03,+2.97,-1.58) wp0=(+3.25,+2.90) v=+0.200 ω=+0.002 ok=True iters=7
00:48:36 [INFO] [PROG] s*=7.65/23.44 (32.6%) dist_goal=11.40
00:48:36 [INFO] [MPC] state=(+3.03,+2.95,-1.58) wp0=(+3.25,+2.88) v=+0.200 ω=+0.002 ok=True iters=7
00:48:36 [INFO] [PROG] s*=7.67/23.44 (32.7%) dist_goal=11.38
00:48:36 [INFO] [MPC] state=(+3.03,+2.93,-1.58) wp0=(+3.25,+2.86) v=+0.200 ω=+0.003 ok=True iters=7
00:48:36 [INFO] [PROG] s*=7.69/23.44 (32.8%) dist_goal=11.36
00:48:36 [INFO] [MPC] state=(+3.03,+2.91,-1.58) wp0=(+3.25,+2.84) v=+0.200 ω=+0.002 ok=True iters=7
00:48:36 [INFO] [PROG] s*=7.71/23.44 (32.9%) dist_goal=11.34
00:48:36 [INFO] [MPC] state=(+3.03,+2.89,-1.58) wp0=(+3.25,+2.82) v=+0.200 ω=+0.001 ok=True iters=7
00:48:36 [INFO] [PROG] s*=7.73/23.44 (33.0%) dist_goal=11.32
00:48:36 [INFO] [MPC] state=(+3.03,+2.87,-1.58) wp0=(+3.25,+2.80) v=+0.200 ω=+0.002 ok=True iters=7
00:48:36 [INFO] [PROG] s*=7.75/23.44 (33.1%) dist_goal=11.30
00:48:36 [INFO] [MPC] state=(+3.03,+2.85,-1.58) wp0=(+3.25,+2.78) v=+0.200 ω=+0.002 ok=True iters=7
00:48:36 [INFO] [PROG] s*=7.77/23.44 (33.1%) dist_goal=11.28
00:48:36 [INFO] [MPC] state=(+3.03,+2.83,-1.58) wp0=(+3.25,+2.76) v=+0.200 ω=+0.001 ok=True iters=7
00:48:36 [INFO] [PROG] s*=7.79/23.44 (33.2%) dist_goal=11.26
00:48:36 [INFO] [MPC] state=(+3.03,+2.81,-1.57) wp0=(+3.25,+2.74) v=+0.200 ω=+0.001 ok=True iters=7
00:48:36 [INFO] [PROG] s*=7.81/23.44 (33.3%) dist_goal=11.24
00:48:36 [INFO] [MPC] state=(+3.03,+2.79,-1.57) wp0=(+3.25,+2.72) v=+0.200 ω=+0.001 ok=True iters=7
00:48:36 [INFO] [PROG] s*=7.83/23.44 (33.4%) dist_goal=11.22
00:48:36 [INFO] [MPC] state=(+3.03,+2.77,-1.57) wp0=(+3.25,+2.70) v=+0.200 ω=+0.000 ok=True iters=7
00:48:36 [INFO] [PROG] s*=7.85/23.44 (33.5%) dist_goal=11.20
00:48:36 [INFO] [MPC] state=(+3.03,+2.75,-1.57) wp0=(+3.25,+2.68) v=+0.200 ω=+0.000 ok=True iters=7
00:48:36 [INFO] [PROG] s*=7.87/23.44 (33.6%) dist_goal=11.18
00:48:36 [INFO] [MPC] state=(+3.03,+2.73,-1.57) wp0=(+3.25,+2.66) v=+0.200 ω=+0.000 ok=True iters=7
00:48:36 [INFO] [PROG] s*=7.89/23.44 (33.7%) dist_goal=11.16
00:48:36 [INFO] [MPC] state=(+3.03,+2.71,-1.57) wp0=(+3.25,+2.64) v=+0.200 ω=-0.000 ok=True iters=7
00:48:36 [INFO] [PROG] s*=7.91/23.44 (33.8%) dist_goal=11.14
00:48:36 [INFO] [MPC] state=(+3.03,+2.69,-1.57) wp0=(+3.25,+2.62) v=+0.200 ω=-0.001 ok=True iters=7
00:48:36 [INFO] [PROG] s*=7.93/23.44 (33.8%) dist_goal=11.12
00:48:36 [INFO] [MPC] state=(+3.03,+2.67,-1.57) wp0=(+3.25,+2.59) v=+0.200 ω=+0.000 ok=True iters=7
00:48:36 [INFO] [PROG] s*=7.95/23.44 (33.9%) dist_goal=11.10
00:48:36 [INFO] [MPC] state=(+3.03,+2.64,-1.57) wp0=(+3.25,+2.57) v=+0.200 ω=-0.000 ok=True iters=7
00:48:36 [INFO] [PROG] s*=7.97/23.44 (34.0%) dist_goal=11.08
00:48:36 [INFO] [MPC] state=(+3.03,+2.62,-1.57) wp0=(+3.25,+2.55) v=+0.200 ω=-0.000 ok=True iters=7
00:48:36 [INFO] [PROG] s*=7.99/23.44 (34.1%) dist_goal=11.06
00:48:36 [INFO] [MPC] state=(+3.03,+2.60,-1.57) wp0=(+3.25,+2.53) v=+0.200 ω=-0.000 ok=True iters=7
00:48:36 [INFO] [PROG] s*=8.01/23.44 (34.2%) dist_goal=11.04
00:48:36 [INFO] [MPC] state=(+3.03,+2.58,-1.57) wp0=(+3.25,+2.51) v=+0.200 ω=-0.009 ok=True iters=7
00:48:37 [INFO] [PROG] s*=8.03/23.44 (34.3%) dist_goal=11.02
00:48:37 [INFO] [MPC] state=(+3.03,+2.56,-1.57) wp0=(+3.25,+2.49) v=+0.200 ω=-0.018 ok=True iters=7
00:48:37 [INFO] [PROG] s*=8.05/23.44 (34.4%) dist_goal=11.00
00:48:37 [INFO] [MPC] state=(+3.03,+2.54,-1.58) wp0=(+3.25,+2.47) v=+0.200 ω=-0.026 ok=True iters=7
00:48:37 [INFO] [PROG] s*=8.07/23.44 (34.4%) dist_goal=10.98
00:48:37 [INFO] [MPC] state=(+3.03,+2.52,-1.58) wp0=(+3.25,+2.45) v=+0.200 ω=-0.035 ok=True iters=7
00:48:37 [INFO] [PROG] s*=8.09/23.44 (34.5%) dist_goal=10.96
00:48:37 [INFO] [MPC] state=(+3.03,+2.50,-1.58) wp0=(+3.25,+2.43) v=+0.200 ω=-0.042 ok=True iters=7
00:48:37 [INFO] [PROG] s*=8.11/23.44 (34.6%) dist_goal=10.94
00:48:37 [INFO] [MPC] state=(+3.03,+2.48,-1.58) wp0=(+3.25,+2.41) v=+0.200 ω=-0.050 ok=True iters=7
00:48:37 [INFO] [PROG] s*=8.13/23.44 (34.7%) dist_goal=10.92
00:48:37 [INFO] [MPC] state=(+3.03,+2.46,-1.59) wp0=(+3.25,+2.39) v=+0.200 ω=-0.055 ok=True iters=7
00:48:37 [INFO] [PROG] s*=8.15/23.44 (34.8%) dist_goal=10.90
00:48:37 [INFO] [MPC] state=(+3.03,+2.44,-1.59) wp0=(+3.25,+2.37) v=+0.200 ω=-0.064 ok=True iters=7
00:48:37 [INFO] [PROG] s*=8.17/23.44 (34.9%) dist_goal=10.88
00:48:37 [INFO] [MPC] state=(+3.03,+2.42,-1.60) wp0=(+3.25,+2.35) v=+0.200 ω=-0.069 ok=True iters=7
00:48:37 [INFO] [PROG] s*=8.19/23.44 (35.0%) dist_goal=10.86
00:48:37 [INFO] [MPC] state=(+3.03,+2.40,-1.61) wp0=(+3.25,+2.33) v=+0.200 ω=+0.140 ok=True iters=7
00:48:37 [INFO] [PROG] s*=8.21/23.44 (35.0%) dist_goal=10.84
00:48:37 [INFO] [MPC] state=(+3.03,+2.38,-1.60) wp0=(+3.25,+2.31) v=+0.200 ω=-0.145 ok=True iters=7
00:48:37 [INFO] [PROG] s*=8.23/23.44 (35.1%) dist_goal=10.82
00:48:37 [INFO] [MPC] state=(+3.03,+2.36,-1.61) wp0=(+3.25,+2.29) v=+0.200 ω=+0.079 ok=True iters=7
00:48:37 [INFO] [PROG] s*=8.25/23.44 (35.2%) dist_goal=10.80
00:48:37 [INFO] [MPC] state=(+3.02,+2.34,-1.60) wp0=(+3.25,+2.27) v=+0.200 ω=+0.021 ok=True iters=7
00:48:37 [INFO] [PROG] s*=8.27/23.44 (35.3%) dist_goal=10.78
00:48:37 [INFO] [MPC] state=(+3.02,+2.32,-1.60) wp0=(+3.25,+2.25) v=+0.200 ω=-0.405 ok=True iters=8
00:48:37 [INFO] [PROG] s*=8.29/23.44 (35.4%) dist_goal=10.76
00:48:37 [INFO] [MPC] state=(+3.02,+2.30,-1.62) wp0=(+3.25,+2.23) v=+0.200 ω=-1.033 ok=True iters=8
00:48:37 [INFO] [PROG] s*=8.31/23.44 (35.4%) dist_goal=10.74
00:48:37 [INFO] [MPC] state=(+3.02,+2.28,-1.68) wp0=(+3.25,+2.22) v=+0.200 ω=-1.353 ok=True iters=9
00:48:37 [INFO] [PROG] s*=8.32/23.44 (35.5%) dist_goal=10.73
00:48:37 [INFO] [MPC] state=(+3.02,+2.27,-1.75) wp0=(+3.25,+2.20) v=+0.200 ω=-1.047 ok=True iters=9
00:48:37 [INFO] [PROG] s*=8.53/23.44 (36.4%) dist_goal=10.71
00:48:37 [INFO] [MPC] state=(+3.02,+2.25,-1.81) wp0=(+3.14,+2.04) v=+0.200 ω=-1.175 ok=True iters=9
00:48:37 [INFO] [PROG] s*=8.55/23.44 (36.5%) dist_goal=10.70
00:48:37 [INFO] [MPC] state=(+3.01,+2.24,-1.87) wp0=(+3.13,+2.03) v=+0.200 ω=-0.983 ok=True iters=7
00:48:37 [INFO] [PROG] s*=8.56/23.44 (36.5%) dist_goal=10.68
00:48:37 [INFO] [MPC] state=(+3.01,+2.22,-1.93) wp0=(+3.12,+2.02) v=+0.200 ω=-0.579 ok=True iters=7
00:48:37 [INFO] [PROG] s*=8.58/23.44 (36.6%) dist_goal=10.66
00:48:37 [INFO] [MPC] state=(+3.00,+2.20,-1.96) wp0=(+3.10,+2.00) v=+0.200 ω=-0.452 ok=True iters=7
00:48:37 [INFO] [PROG] s*=8.60/23.44 (36.7%) dist_goal=10.65
00:48:37 [INFO] [MPC] state=(+2.99,+2.19,-1.99) wp0=(+3.09,+1.99) v=+0.200 ω=-0.127 ok=True iters=7
00:48:37 [INFO] [PROG] s*=8.62/23.44 (36.8%) dist_goal=10.63
00:48:37 [INFO] [MPC] state=(+2.98,+2.17,-2.00) wp0=(+3.08,+1.98) v=+0.200 ω=-0.063 ok=True iters=7
00:48:37 [INFO] [PROG] s*=8.64/23.44 (36.9%) dist_goal=10.61
00:48:37 [INFO] [MPC] state=(+2.97,+2.15,-2.00) wp0=(+3.06,+1.96) v=+0.200 ω=+0.117 ok=True iters=7
00:48:37 [INFO] [PROG] s*=8.66/23.44 (36.9%) dist_goal=10.59
00:48:37 [INFO] [MPC] state=(+2.97,+2.13,-1.99) wp0=(+3.05,+1.95) v=+0.200 ω=-0.097 ok=True iters=7
00:48:37 [INFO] [PROG] s*=8.68/23.44 (37.0%) dist_goal=10.57
00:48:37 [INFO] [MPC] state=(+2.96,+2.11,-2.00) wp0=(+3.04,+1.94) v=+0.200 ω=-0.040 ok=True iters=7
00:48:37 [INFO] [PROG] s*=8.70/23.44 (37.1%) dist_goal=10.56
00:48:37 [INFO] [MPC] state=(+2.95,+2.09,-2.01) wp0=(+3.02,+1.92) v=+0.200 ω=+0.108 ok=True iters=7
00:48:37 [INFO] [PROG] s*=8.72/23.44 (37.2%) dist_goal=10.54
00:48:37 [INFO] [MPC] state=(+2.94,+2.08,-2.00) wp0=(+3.01,+1.91) v=+0.200 ω=+0.112 ok=True iters=7
00:48:37 [INFO] [PROG] s*=8.73/23.44 (37.3%) dist_goal=10.52
00:48:37 [INFO] [MPC] state=(+2.93,+2.06,-1.99) wp0=(+3.00,+1.90) v=+0.200 ω=-0.147 ok=True iters=7
