21:42:22 [INFO] === New MPC Session Started ===
21:42:22 [DEBUG] matplotlib data path: /home/max/.local/lib/python3.10/site-packages/matplotlib/mpl-data
21:42:22 [DEBUG] CONFIGDIR=/home/max/.config/matplotlib
21:42:22 [DEBUG] interactive is False
21:42:22 [DEBUG] platform is linux
21:42:22 [DEBUG] CACHEDIR=/home/max/.cache/matplotlib
21:42:22 [DEBUG] Using fontManager instance from /home/max/.cache/matplotlib/fontlist-v390.json
21:42:22 [INFO] CrowdNavPyBulletEnv initializing...
21:42:25 [INFO] World ready | grid: (112, 112), res: 0.1, N=10, T=0.1
21:42:26 [INFO] [PROG] s*=0.00/8.26 (0.0%) dist_goal=7.45
21:42:26 [INFO] [MPC] state=(+3.44,-4.46,-3.09) wp0=(+3.37,-4.45) v=+0.200 ω=-0.462 ok=True iters=7
21:42:26 [INFO] [PROG] s*=0.01/8.26 (0.1%) dist_goal=7.44
21:42:26 [INFO] [MPC] state=(+3.43,-4.46,-3.13) wp0=(+3.36,-4.45) v=+0.200 ω=-0.314 ok=True iters=7
21:42:26 [INFO] [PROG] s*=0.03/8.26 (0.4%) dist_goal=7.42
21:42:26 [INFO] [MPC] state=(+3.41,-4.46,-3.17) wp0=(+3.34,-4.45) v=+0.200 ω=-0.214 ok=True iters=8
21:42:26 [INFO] [PROG] s*=0.05/8.26 (0.6%) dist_goal=7.40
21:42:26 [INFO] [MPC] state=(+3.39,-4.46,-3.18) wp0=(+3.32,-4.45) v=+0.200 ω=-0.193 ok=True iters=8
21:42:26 [INFO] [PROG] s*=0.07/8.26 (0.9%) dist_goal=7.38
21:42:26 [INFO] [MPC] state=(+3.37,-4.46,-3.20) wp0=(+3.30,-4.45) v=+0.200 ω=-0.181 ok=True iters=8
21:42:26 [INFO] [PROG] s*=0.09/8.26 (1.1%) dist_goal=7.36
21:42:26 [INFO] [MPC] state=(+3.35,-4.46,-3.21) wp0=(+3.28,-4.45) v=+0.200 ω=-0.171 ok=True iters=8
21:42:26 [INFO] [PROG] s*=0.11/8.26 (1.3%) dist_goal=7.34
21:42:26 [INFO] [MPC] state=(+3.33,-4.46,-3.22) wp0=(+3.26,-4.45) v=+0.200 ω=-0.304 ok=True iters=8
21:42:26 [INFO] [PROG] s*=0.13/8.26 (1.5%) dist_goal=7.32
21:42:26 [INFO] [MPC] state=(+3.31,-4.45,-3.24) wp0=(+3.24,-4.45) v=+0.200 ω=-1.058 ok=True iters=7
21:42:26 [INFO] [PROG] s*=0.14/8.26 (1.7%) dist_goal=7.31
21:42:26 [INFO] [MPC] state=(+3.29,-4.45,-3.30) wp0=(+3.23,-4.45) v=+0.200 ω=-1.545 ok=True iters=7
21:42:26 [INFO] [PROG] s*=0.16/8.26 (1.9%) dist_goal=7.29
21:42:26 [INFO] [MPC] state=(+3.28,-4.45,-3.39) wp0=(+3.21,-4.45) v=+0.200 ω=-1.506 ok=True iters=7
21:42:26 [INFO] [PROG] s*=0.17/8.26 (2.1%) dist_goal=7.28
21:42:26 [INFO] [MPC] state=(+3.26,-4.44,-3.47) wp0=(+3.20,-4.45) v=+0.200 ω=-1.371 ok=True iters=7
21:42:26 [INFO] [PROG] s*=0.19/8.26 (2.2%) dist_goal=7.26
21:42:26 [INFO] [MPC] state=(+3.25,-4.44,-3.54) wp0=(+3.18,-4.45) v=+0.200 ω=-1.271 ok=True iters=7
21:42:26 [INFO] [PROG] s*=0.20/8.26 (2.4%) dist_goal=7.24
21:42:26 [INFO] [MPC] state=(+3.23,-4.43,-3.61) wp0=(+3.17,-4.45) v=+0.200 ω=-1.062 ok=True iters=8
21:42:26 [INFO] [PROG] s*=0.21/8.26 (2.6%) dist_goal=7.23
21:42:26 [INFO] [MPC] state=(+3.22,-4.42,-3.67) wp0=(+3.16,-4.45) v=+0.200 ω=-0.879 ok=True iters=8
21:42:26 [INFO] [PROG] s*=0.23/8.26 (2.8%) dist_goal=7.21
21:42:26 [INFO] [MPC] state=(+3.21,-4.41,-3.72) wp0=(+3.14,-4.44) v=+0.200 ω=-0.724 ok=True iters=8
21:42:26 [INFO] [PROG] s*=0.24/8.26 (3.0%) dist_goal=7.19
21:42:26 [INFO] [MPC] state=(+3.19,-4.40,-3.76) wp0=(+3.13,-4.43) v=+0.200 ω=-0.603 ok=True iters=8
21:42:26 [INFO] [PROG] s*=0.31/8.26 (3.8%) dist_goal=7.18
21:42:26 [INFO] [MPC] state=(+3.18,-4.39,-3.79) wp0=(+3.09,-4.39) v=+0.200 ω=-0.504 ok=True iters=8
21:42:26 [INFO] [PROG] s*=0.33/8.26 (4.0%) dist_goal=7.16
21:42:26 [INFO] [MPC] state=(+3.16,-4.38,-3.82) wp0=(+3.07,-4.37) v=+0.200 ω=-0.374 ok=True iters=7
21:42:26 [INFO] [PROG] s*=0.35/8.26 (4.2%) dist_goal=7.14
21:42:26 [INFO] [MPC] state=(+3.15,-4.37,-3.85) wp0=(+3.06,-4.36) v=+0.200 ω=-0.291 ok=True iters=7
21:42:26 [INFO] [PROG] s*=0.37/8.26 (4.5%) dist_goal=7.12
21:42:26 [INFO] [MPC] state=(+3.13,-4.36,-3.87) wp0=(+3.04,-4.34) v=+0.200 ω=-0.221 ok=True iters=7
21:42:26 [INFO] [PROG] s*=0.39/8.26 (4.7%) dist_goal=7.10
21:42:26 [INFO] [MPC] state=(+3.12,-4.34,-3.88) wp0=(+3.03,-4.33) v=+0.200 ω=-0.187 ok=True iters=7
21:42:26 [INFO] [PROG] s*=0.41/8.26 (5.0%) dist_goal=7.09
21:42:26 [INFO] [MPC] state=(+3.10,-4.33,-3.90) wp0=(+3.01,-4.31) v=+0.200 ω=-0.149 ok=True iters=7
21:42:26 [INFO] [PROG] s*=0.43/8.26 (5.2%) dist_goal=7.07
21:42:26 [INFO] [MPC] state=(+3.09,-4.31,-3.91) wp0=(+3.00,-4.30) v=+0.200 ω=-0.118 ok=True iters=7
21:42:26 [INFO] [PROG] s*=0.45/8.26 (5.5%) dist_goal=7.05
21:42:26 [INFO] [MPC] state=(+3.07,-4.30,-3.92) wp0=(+2.99,-4.29) v=+0.200 ω=-0.091 ok=True iters=7
21:42:26 [INFO] [PROG] s*=0.47/8.26 (5.7%) dist_goal=7.03
21:42:26 [INFO] [MPC] state=(+3.06,-4.29,-3.93) wp0=(+2.97,-4.27) v=+0.200 ω=-0.119 ok=True iters=7
21:42:26 [INFO] [PROG] s*=0.49/8.26 (6.0%) dist_goal=7.01
21:42:26 [INFO] [MPC] state=(+3.04,-4.27,-3.94) wp0=(+2.96,-4.26) v=+0.200 ω=-0.097 ok=True iters=7
21:42:26 [INFO] [PROG] s*=0.51/8.26 (6.2%) dist_goal=7.00
21:42:26 [INFO] [MPC] state=(+3.03,-4.26,-3.95) wp0=(+2.94,-4.24) v=+0.200 ω=-0.079 ok=True iters=7
21:42:26 [INFO] [PROG] s*=0.53/8.26 (6.5%) dist_goal=6.98
21:42:26 [INFO] [MPC] state=(+3.01,-4.24,-3.96) wp0=(+2.93,-4.23) v=+0.200 ω=+0.027 ok=True iters=7
21:42:26 [INFO] [PROG] s*=0.55/8.26 (6.7%) dist_goal=6.96
21:42:26 [INFO] [MPC] state=(+3.00,-4.23,-3.96) wp0=(+2.92,-4.22) v=+0.200 ω=+0.729 ok=True iters=7
21:42:26 [INFO] [PROG] s*=0.57/8.26 (6.9%) dist_goal=6.95
21:42:26 [INFO] [MPC] state=(+2.99,-4.21,-3.91) wp0=(+2.90,-4.20) v=+0.200 ω=+1.278 ok=True iters=10
21:42:27 [INFO] [PROG] s*=0.58/8.26 (7.0%) dist_goal=6.94
21:42:27 [INFO] [MPC] state=(+2.98,-4.20,-3.84) wp0=(+2.89,-4.19) v=+0.200 ω=+1.326 ok=True iters=11
21:42:27 [INFO] [PROG] s*=0.60/8.26 (7.2%) dist_goal=6.92
21:42:27 [INFO] [MPC] state=(+2.97,-4.19,-3.77) wp0=(+2.88,-4.18) v=+0.200 ω=+1.262 ok=True iters=11
21:42:27 [INFO] [PROG] s*=0.61/8.26 (7.4%) dist_goal=6.91
21:42:27 [INFO] [MPC] state=(+2.95,-4.19,-3.70) wp0=(+2.87,-4.17) v=+0.200 ω=+1.307 ok=True iters=11
21:42:27 [INFO] [PROG] s*=0.63/8.26 (7.6%) dist_goal=6.89
21:42:27 [INFO] [MPC] state=(+2.94,-4.18,-3.63) wp0=(+2.86,-4.16) v=+0.200 ω=+1.229 ok=True iters=10
21:42:27 [INFO] [PROG] s*=0.63/8.26 (7.6%) dist_goal=6.89
21:42:27 [INFO] [MPC] state=(+2.93,-4.17,-3.56) wp0=(+2.86,-4.16) v=+0.030 ω=-0.134 ok=True iters=9
21:42:27 [INFO] [PROG] s*=0.63/8.26 (7.7%) dist_goal=6.89
21:42:27 [INFO] [MPC] state=(+2.92,-4.17,-3.56) wp0=(+2.86,-4.16) v=+0.030 ω=-0.393 ok=True iters=8
21:42:27 [INFO] [PROG] s*=0.64/8.26 (7.7%) dist_goal=6.88
21:42:27 [INFO] [MPC] state=(+2.92,-4.17,-3.60) wp0=(+2.86,-4.16) v=+0.030 ω=-0.441 ok=True iters=8
21:42:27 [INFO] [PROG] s*=0.64/8.26 (7.7%) dist_goal=6.88
21:42:27 [INFO] [MPC] state=(+2.92,-4.17,-3.64) wp0=(+2.85,-4.15) v=+0.030 ω=-0.470 ok=True iters=10
21:42:27 [INFO] [PROG] s*=0.65/8.26 (7.9%) dist_goal=6.87
21:42:27 [INFO] [MPC] state=(+2.91,-4.16,-3.69) wp0=(+2.84,-4.15) v=+0.134 ω=-0.475 ok=True iters=8
21:42:27 [INFO] [PROG] s*=0.67/8.26 (8.1%) dist_goal=6.85
21:42:27 [INFO] [MPC] state=(+2.90,-4.16,-3.74) wp0=(+2.83,-4.15) v=+0.200 ω=-0.802 ok=True iters=11
21:42:27 [INFO] [PROG] s*=0.69/8.26 (8.3%) dist_goal=6.84
21:42:27 [INFO] [MPC] state=(+2.89,-4.15,-3.78) wp0=(+2.81,-4.15) v=+0.200 ω=-0.966 ok=True iters=9
21:42:27 [INFO] [PROG] s*=0.69/8.26 (8.4%) dist_goal=6.82
21:42:27 [INFO] [MPC] state=(+2.88,-4.14,-3.83) wp0=(+2.80,-4.15) v=+0.200 ω=-0.989 ok=True iters=7
21:42:27 [INFO] [PROG] s*=0.69/8.26 (8.4%) dist_goal=6.81
21:42:27 [INFO] [MPC] state=(+2.86,-4.13,-3.89) wp0=(+2.80,-4.15) v=+0.200 ω=-0.933 ok=True iters=7
21:42:27 [INFO] [PROG] s*=0.71/8.26 (8.5%) dist_goal=6.79
21:42:27 [INFO] [MPC] state=(+2.85,-4.11,-3.94) wp0=(+2.79,-4.15) v=+0.200 ω=-0.769 ok=True iters=7
21:42:27 [INFO] [PROG] s*=0.72/8.26 (8.7%) dist_goal=6.78
21:42:27 [INFO] [MPC] state=(+2.84,-4.10,-3.98) wp0=(+2.78,-4.15) v=+0.200 ω=-0.708 ok=True iters=7
21:42:27 [INFO] [PROG] s*=0.73/8.26 (8.8%) dist_goal=6.76
21:42:27 [INFO] [MPC] state=(+2.83,-4.09,-4.03) wp0=(+2.77,-4.15) v=+0.200 ω=-0.585 ok=True iters=7
21:42:27 [INFO] [PROG] s*=0.74/8.26 (9.0%) dist_goal=6.75
21:42:27 [INFO] [MPC] state=(+2.82,-4.07,-4.06) wp0=(+2.75,-4.15) v=+0.200 ω=-0.461 ok=True iters=7
21:42:27 [INFO] [PROG] s*=0.84/8.26 (10.2%) dist_goal=6.73
21:42:27 [INFO] [MPC] state=(+2.80,-4.06,-4.09) wp0=(+2.68,-4.08) v=+0.200 ω=-0.383 ok=True iters=7
21:42:27 [INFO] [PROG] s*=0.86/8.26 (10.4%) dist_goal=6.72
21:42:27 [INFO] [MPC] state=(+2.79,-4.04,-4.11) wp0=(+2.67,-4.07) v=+0.200 ω=-0.246 ok=True iters=7
21:42:27 [INFO] [PROG] s*=0.88/8.26 (10.7%) dist_goal=6.70
21:42:27 [INFO] [MPC] state=(+2.78,-4.02,-4.13) wp0=(+2.65,-4.05) v=+0.200 ω=-0.172 ok=True iters=7
21:42:27 [INFO] [PROG] s*=0.90/8.26 (10.9%) dist_goal=6.69
21:42:27 [INFO] [MPC] state=(+2.77,-4.01,-4.14) wp0=(+2.64,-4.04) v=+0.200 ω=-0.086 ok=True iters=7
21:42:27 [INFO] [PROG] s*=0.92/8.26 (11.1%) dist_goal=6.67
21:42:27 [INFO] [MPC] state=(+2.76,-3.99,-4.15) wp0=(+2.62,-4.02) v=+0.200 ω=-0.046 ok=True iters=7
21:42:27 [INFO] [PROG] s*=0.94/8.26 (11.4%) dist_goal=6.66
21:42:27 [INFO] [MPC] state=(+2.75,-3.97,-4.16) wp0=(+2.61,-4.01) v=+0.200 ω=-0.015 ok=True iters=7
21:42:27 [INFO] [PROG] s*=0.96/8.26 (11.6%) dist_goal=6.65
21:42:27 [INFO] [MPC] state=(+2.74,-3.96,-4.16) wp0=(+2.60,-4.00) v=+0.200 ω=+0.013 ok=True iters=7
21:42:27 [INFO] [PROG] s*=0.98/8.26 (11.9%) dist_goal=6.63
21:42:27 [INFO] [MPC] state=(+2.73,-3.94,-4.16) wp0=(+2.58,-3.98) v=+0.200 ω=+0.033 ok=True iters=7
21:42:27 [INFO] [PROG] s*=1.00/8.26 (12.1%) dist_goal=6.62
21:42:27 [INFO] [MPC] state=(+2.72,-3.92,-4.15) wp0=(+2.57,-3.97) v=+0.200 ω=+0.049 ok=True iters=7
21:42:27 [INFO] [PROG] s*=1.02/8.26 (12.4%) dist_goal=6.60
21:42:27 [INFO] [MPC] state=(+2.70,-3.90,-4.15) wp0=(+2.55,-3.95) v=+0.200 ω=+0.062 ok=True iters=7
21:42:27 [INFO] [PROG] s*=1.04/8.26 (12.6%) dist_goal=6.59
21:42:27 [INFO] [MPC] state=(+2.69,-3.89,-4.14) wp0=(+2.54,-3.94) v=+0.200 ω=+0.110 ok=True iters=7
21:42:27 [INFO] [PROG] s*=1.06/8.26 (12.8%) dist_goal=6.57
21:42:27 [INFO] [MPC] state=(+2.68,-3.87,-4.13) wp0=(+2.53,-3.93) v=+0.200 ω=+0.098 ok=True iters=7
21:42:27 [INFO] [PROG] s*=1.08/8.26 (13.1%) dist_goal=6.56
21:42:27 [INFO] [MPC] state=(+2.67,-3.85,-4.12) wp0=(+2.51,-3.91) v=+0.200 ω=+0.092 ok=True iters=7
21:42:27 [INFO] [PROG] s*=1.10/8.26 (13.3%) dist_goal=6.54
21:42:27 [INFO] [MPC] state=(+2.66,-3.84,-4.11) wp0=(+2.50,-3.90) v=+0.200 ω=+0.097 ok=True iters=7
21:42:27 [INFO] [PROG] s*=1.12/8.26 (13.6%) dist_goal=6.53
21:42:27 [INFO] [MPC] state=(+2.65,-3.82,-4.10) wp0=(+2.48,-3.88) v=+0.200 ω=+0.101 ok=True iters=7
21:42:27 [INFO] [PROG] s*=1.14/8.26 (13.8%) dist_goal=6.51
21:42:27 [INFO] [MPC] state=(+2.64,-3.80,-4.09) wp0=(+2.47,-3.87) v=+0.200 ω=+0.108 ok=True iters=7
21:42:27 [INFO] [PROG] s*=1.16/8.26 (14.0%) dist_goal=6.50
21:42:27 [INFO] [MPC] state=(+2.62,-3.79,-4.08) wp0=(+2.46,-3.86) v=+0.200 ω=+0.117 ok=True iters=7
21:42:27 [INFO] [PROG] s*=1.18/8.26 (14.3%) dist_goal=6.48
21:42:27 [INFO] [MPC] state=(+2.61,-3.77,-4.07) wp0=(+2.44,-3.84) v=+0.200 ω=+0.128 ok=True iters=7
21:42:27 [INFO] [PROG] s*=1.20/8.26 (14.5%) dist_goal=6.47
21:42:27 [INFO] [MPC] state=(+2.60,-3.75,-4.06) wp0=(+2.43,-3.83) v=+0.200 ω=+0.137 ok=True iters=7
21:42:27 [INFO] [PROG] s*=1.22/8.26 (14.8%) dist_goal=6.45
21:42:27 [INFO] [MPC] state=(+2.59,-3.74,-4.05) wp0=(+2.41,-3.81) v=+0.200 ω=+0.150 ok=True iters=7
21:42:27 [INFO] [PROG] s*=1.24/8.26 (15.0%) dist_goal=6.44
21:42:27 [INFO] [MPC] state=(+2.58,-3.72,-4.04) wp0=(+2.40,-3.80) v=+0.200 ω=+0.161 ok=True iters=7
21:42:27 [INFO] [PROG] s*=1.26/8.26 (15.2%) dist_goal=6.42
21:42:27 [INFO] [MPC] state=(+2.56,-3.71,-4.02) wp0=(+2.39,-3.79) v=+0.200 ω=+0.350 ok=True iters=7
21:42:27 [INFO] [PROG] s*=1.28/8.26 (15.5%) dist_goal=6.41
21:42:27 [INFO] [MPC] state=(+2.55,-3.69,-4.00) wp0=(+2.37,-3.77) v=+0.200 ω=+0.335 ok=True iters=7
21:42:27 [INFO] [PROG] s*=1.30/8.26 (15.7%) dist_goal=6.39
21:42:27 [INFO] [MPC] state=(+2.54,-3.68,-3.98) wp0=(+2.36,-3.76) v=+0.200 ω=+0.298 ok=True iters=7
21:42:27 [INFO] [PROG] s*=1.32/8.26 (16.0%) dist_goal=6.37
21:42:27 [INFO] [MPC] state=(+2.52,-3.66,-3.96) wp0=(+2.34,-3.74) v=+0.200 ω=+0.292 ok=True iters=7
21:42:27 [INFO] [PROG] s*=1.34/8.26 (16.2%) dist_goal=6.36
21:42:27 [INFO] [MPC] state=(+2.51,-3.65,-3.94) wp0=(+2.33,-3.73) v=+0.200 ω=+0.409 ok=True iters=7
21:42:27 [INFO] [PROG] s*=1.35/8.26 (16.4%) dist_goal=6.34
21:42:27 [INFO] [MPC] state=(+2.50,-3.63,-3.91) wp0=(+2.32,-3.72) v=+0.200 ω=+0.926 ok=True iters=7
21:42:27 [INFO] [PROG] s*=1.37/8.26 (16.6%) dist_goal=6.33
21:42:27 [INFO] [MPC] state=(+2.49,-3.62,-3.86) wp0=(+2.31,-3.71) v=+0.200 ω=+1.359 ok=True iters=7
21:42:27 [INFO] [PROG] s*=1.38/8.26 (16.7%) dist_goal=6.32
21:42:27 [INFO] [MPC] state=(+2.47,-3.61,-3.78) wp0=(+2.30,-3.70) v=+0.200 ω=+1.340 ok=True iters=7
21:42:27 [INFO] [PROG] s*=1.40/8.26 (16.9%) dist_goal=6.30
21:42:27 [INFO] [MPC] state=(+2.46,-3.61,-3.71) wp0=(+2.29,-3.69) v=+0.200 ω=+1.237 ok=True iters=7
21:42:27 [INFO] [PROG] s*=1.41/8.26 (17.1%) dist_goal=6.29
21:42:27 [INFO] [MPC] state=(+2.45,-3.60,-3.64) wp0=(+2.28,-3.68) v=+0.200 ω=+1.351 ok=True iters=7
21:42:27 [INFO] [PROG] s*=1.43/8.26 (17.3%) dist_goal=6.27
21:42:27 [INFO] [MPC] state=(+2.44,-3.59,-3.57) wp0=(+2.27,-3.67) v=+0.200 ω=+0.917 ok=True iters=7
21:42:27 [INFO] [PROG] s*=1.44/8.26 (17.4%) dist_goal=6.26
21:42:27 [INFO] [MPC] state=(+2.42,-3.58,-3.51) wp0=(+2.26,-3.66) v=+0.200 ω=+0.819 ok=True iters=7
21:42:27 [INFO] [PROG] s*=1.46/8.26 (17.6%) dist_goal=6.24
21:42:27 [INFO] [MPC] state=(+2.41,-3.58,-3.47) wp0=(+2.24,-3.65) v=+0.200 ω=+0.657 ok=True iters=7
21:42:27 [INFO] [PROG] s*=1.47/8.26 (17.8%) dist_goal=6.22
21:42:27 [INFO] [MPC] state=(+2.39,-3.57,-3.43) wp0=(+2.23,-3.65) v=+0.200 ω=+0.470 ok=True iters=7
21:42:27 [INFO] [PROG] s*=1.49/8.26 (18.0%) dist_goal=6.20
21:42:27 [INFO] [MPC] state=(+2.37,-3.57,-3.40) wp0=(+2.21,-3.65) v=+0.200 ω=+0.377 ok=True iters=7
21:42:27 [INFO] [PROG] s*=1.50/8.26 (18.2%) dist_goal=6.18
21:42:27 [INFO] [MPC] state=(+2.35,-3.56,-3.38) wp0=(+2.20,-3.65) v=+0.200 ω=+0.264 ok=True iters=7
21:42:27 [INFO] [PROG] s*=1.50/8.26 (18.2%) dist_goal=6.17
21:42:27 [INFO] [MPC] state=(+2.33,-3.56,-3.36) wp0=(+2.20,-3.65) v=+0.200 ω=+0.536 ok=True iters=7
21:42:27 [INFO] [PROG] s*=1.50/8.26 (18.2%) dist_goal=6.15
21:42:27 [INFO] [MPC] state=(+2.32,-3.56,-3.32) wp0=(+2.20,-3.65) v=+0.200 ω=+0.044 ok=True iters=7
21:42:27 [INFO] [PROG] s*=1.50/8.26 (18.2%) dist_goal=6.13
21:42:27 [INFO] [MPC] state=(+2.30,-3.55,-3.32) wp0=(+2.20,-3.65) v=+0.200 ω=+0.326 ok=True iters=7
21:42:27 [INFO] [PROG] s*=1.50/8.26 (18.2%) dist_goal=6.11
21:42:27 [INFO] [MPC] state=(+2.28,-3.55,-3.30) wp0=(+2.20,-3.65) v=+0.200 ω=+0.272 ok=True iters=7
21:42:27 [INFO] [PROG] s*=1.51/8.26 (18.3%) dist_goal=6.09
21:42:27 [INFO] [MPC] state=(+2.26,-3.55,-3.28) wp0=(+2.19,-3.65) v=+0.200 ω=+0.179 ok=True iters=7
21:42:27 [INFO] [PROG] s*=1.53/8.26 (18.6%) dist_goal=6.07
21:42:27 [INFO] [MPC] state=(+2.24,-3.54,-3.26) wp0=(+2.17,-3.65) v=+0.200 ω=+0.085 ok=True iters=7
21:42:27 [INFO] [PROG] s*=1.55/8.26 (18.8%) dist_goal=6.05
21:42:27 [INFO] [MPC] state=(+2.22,-3.54,-3.26) wp0=(+2.15,-3.65) v=+0.200 ω=+0.025 ok=True iters=7
21:42:27 [INFO] [PROG] s*=1.57/8.26 (19.1%) dist_goal=6.03
21:42:27 [INFO] [MPC] state=(+2.20,-3.54,-3.25) wp0=(+2.13,-3.65) v=+0.200 ω=-0.015 ok=True iters=7
21:42:27 [INFO] [PROG] s*=1.59/8.26 (19.3%) dist_goal=6.01
21:42:27 [INFO] [MPC] state=(+2.18,-3.54,-3.25) wp0=(+2.11,-3.65) v=+0.200 ω=-0.098 ok=True iters=7
21:42:27 [INFO] [PROG] s*=1.61/8.26 (19.5%) dist_goal=5.99
21:42:27 [INFO] [MPC] state=(+2.16,-3.53,-3.26) wp0=(+2.09,-3.65) v=+0.200 ω=-0.094 ok=True iters=7
21:42:27 [INFO] [PROG] s*=1.63/8.26 (19.8%) dist_goal=5.96
21:42:27 [INFO] [MPC] state=(+2.14,-3.53,-3.27) wp0=(+2.07,-3.65) v=+0.200 ω=+0.060 ok=True iters=7
21:42:27 [INFO] [PROG] s*=1.65/8.26 (20.0%) dist_goal=5.94
21:42:27 [INFO] [MPC] state=(+2.12,-3.53,-3.27) wp0=(+2.05,-3.65) v=+0.200 ω=+0.027 ok=True iters=7
21:42:27 [INFO] [PROG] s*=1.68/8.26 (20.3%) dist_goal=5.92
21:42:27 [INFO] [MPC] state=(+2.10,-3.53,-3.27) wp0=(+2.03,-3.65) v=+0.200 ω=+0.007 ok=True iters=7
21:42:27 [INFO] [PROG] s*=1.70/8.26 (20.5%) dist_goal=5.90
21:42:27 [INFO] [MPC] state=(+2.08,-3.52,-3.26) wp0=(+2.01,-3.65) v=+0.200 ω=-0.006 ok=True iters=7
21:42:27 [INFO] [PROG] s*=1.72/8.26 (20.8%) dist_goal=5.88
21:42:27 [INFO] [MPC] state=(+2.06,-3.52,-3.26) wp0=(+1.99,-3.65) v=+0.200 ω=-0.011 ok=True iters=7
21:42:27 [INFO] [PROG] s*=1.74/8.26 (21.0%) dist_goal=5.86
21:42:27 [INFO] [MPC] state=(+2.04,-3.52,-3.27) wp0=(+1.97,-3.65) v=+0.200 ω=-0.009 ok=True iters=7
21:42:27 [INFO] [PROG] s*=1.76/8.26 (21.2%) dist_goal=5.84
21:42:27 [INFO] [MPC] state=(+2.02,-3.52,-3.27) wp0=(+1.95,-3.65) v=+0.200 ω=-0.001 ok=True iters=7
21:42:27 [INFO] [PROG] s*=1.78/8.26 (21.5%) dist_goal=5.82
21:42:27 [INFO] [MPC] state=(+2.00,-3.51,-3.27) wp0=(+1.93,-3.65) v=+0.200 ω=+0.009 ok=True iters=7
21:42:27 [INFO] [PROG] s*=1.80/8.26 (21.7%) dist_goal=5.80
21:42:27 [INFO] [MPC] state=(+1.98,-3.51,-3.27) wp0=(+1.91,-3.65) v=+0.200 ω=+0.024 ok=True iters=7
21:42:27 [INFO] [PROG] s*=1.82/8.26 (22.0%) dist_goal=5.78
21:42:27 [INFO] [MPC] state=(+1.96,-3.51,-3.26) wp0=(+1.89,-3.65) v=+0.200 ω=+0.184 ok=True iters=7
21:42:27 [INFO] [PROG] s*=1.84/8.26 (22.2%) dist_goal=5.76
21:42:27 [INFO] [MPC] state=(+1.94,-3.51,-3.25) wp0=(+1.87,-3.65) v=+0.200 ω=+0.160 ok=True iters=7
21:42:27 [INFO] [PROG] s*=1.86/8.26 (22.5%) dist_goal=5.74
21:42:27 [INFO] [MPC] state=(+1.92,-3.50,-3.24) wp0=(+1.85,-3.65) v=+0.200 ω=+0.137 ok=True iters=7
21:42:27 [INFO] [PROG] s*=1.88/8.26 (22.7%) dist_goal=5.72
21:42:27 [INFO] [MPC] state=(+1.90,-3.50,-3.22) wp0=(+1.83,-3.65) v=+0.200 ω=+0.118 ok=True iters=7
21:42:27 [INFO] [PROG] s*=1.90/8.26 (22.9%) dist_goal=5.70
21:42:27 [INFO] [MPC] state=(+1.88,-3.50,-3.21) wp0=(+1.81,-3.65) v=+0.200 ω=+0.105 ok=True iters=7
21:42:27 [INFO] [PROG] s*=1.92/8.26 (23.2%) dist_goal=5.68
21:42:27 [INFO] [MPC] state=(+1.86,-3.50,-3.20) wp0=(+1.79,-3.65) v=+0.200 ω=+0.090 ok=True iters=7
21:42:27 [INFO] [PROG] s*=1.94/8.26 (23.4%) dist_goal=5.66
21:42:27 [INFO] [MPC] state=(+1.84,-3.50,-3.19) wp0=(+1.77,-3.65) v=+0.200 ω=+0.079 ok=True iters=7
21:42:27 [INFO] [PROG] s*=1.96/8.26 (23.7%) dist_goal=5.64
21:42:27 [INFO] [MPC] state=(+1.82,-3.50,-3.19) wp0=(+1.75,-3.65) v=+0.200 ω=-0.025 ok=True iters=7
21:42:27 [INFO] [PROG] s*=1.97/8.26 (23.9%) dist_goal=5.63
21:42:27 [INFO] [MPC] state=(+1.80,-3.50,-3.19) wp0=(+1.73,-3.65) v=+0.200 ω=+0.517 ok=True iters=7
21:42:27 [INFO] [PROG] s*=1.99/8.26 (24.1%) dist_goal=5.61
21:42:27 [INFO] [MPC] state=(+1.78,-3.50,-3.16) wp0=(+1.71,-3.65) v=+0.200 ω=-0.059 ok=True iters=7
21:42:27 [INFO] [PROG] s*=2.01/8.26 (24.4%) dist_goal=5.59
21:42:27 [INFO] [MPC] state=(+1.76,-3.50,-3.17) wp0=(+1.69,-3.65) v=+0.200 ω=+0.477 ok=True iters=7
21:42:27 [INFO] [PROG] s*=2.03/8.26 (24.6%) dist_goal=5.57
21:42:27 [INFO] [MPC] state=(+1.74,-3.49,-3.14) wp0=(+1.67,-3.65) v=+0.200 ω=+0.424 ok=True iters=7
21:42:27 [INFO] [PROG] s*=2.05/8.26 (24.8%) dist_goal=5.55
21:42:27 [INFO] [MPC] state=(+1.72,-3.50,-3.12) wp0=(+1.65,-3.65) v=+0.200 ω=+0.367 ok=True iters=7
21:42:27 [INFO] [PROG] s*=2.07/8.26 (25.0%) dist_goal=5.53
21:42:27 [INFO] [MPC] state=(+1.70,-3.50,-3.10) wp0=(+1.63,-3.65) v=+0.200 ω=+0.197 ok=True iters=7
21:42:27 [INFO] [PROG] s*=2.09/8.26 (25.3%) dist_goal=5.51
21:42:27 [INFO] [MPC] state=(+1.68,-3.50,-3.08) wp0=(+1.61,-3.65) v=+0.200 ω=+0.160 ok=True iters=7
21:42:27 [INFO] [PROG] s*=2.11/8.26 (25.5%) dist_goal=5.49
21:42:27 [INFO] [MPC] state=(+1.66,-3.50,-3.07) wp0=(+1.59,-3.65) v=+0.200 ω=+0.129 ok=True iters=7
21:42:27 [INFO] [PROG] s*=2.13/8.26 (25.8%) dist_goal=5.47
21:42:27 [INFO] [MPC] state=(+1.64,-3.50,-3.06) wp0=(+1.57,-3.65) v=+0.200 ω=+0.096 ok=True iters=7
21:42:27 [INFO] [PROG] s*=2.15/8.26 (26.0%) dist_goal=5.45
21:42:27 [INFO] [MPC] state=(+1.62,-3.50,-3.05) wp0=(+1.55,-3.65) v=+0.200 ω=+0.066 ok=True iters=7
21:42:27 [INFO] [PROG] s*=2.17/8.26 (26.3%) dist_goal=5.43
21:42:27 [INFO] [MPC] state=(+1.60,-3.50,-3.04) wp0=(+1.53,-3.65) v=+0.200 ω=+0.046 ok=True iters=7
21:42:27 [INFO] [PROG] s*=2.19/8.26 (26.5%) dist_goal=5.42
21:42:27 [INFO] [MPC] state=(+1.58,-3.51,-3.04) wp0=(+1.51,-3.65) v=+0.200 ω=+0.032 ok=True iters=7
21:42:27 [INFO] [PROG] s*=2.21/8.26 (26.7%) dist_goal=5.40
21:42:27 [INFO] [MPC] state=(+1.56,-3.51,-3.04) wp0=(+1.49,-3.65) v=+0.200 ω=+0.025 ok=True iters=7
21:42:27 [INFO] [PROG] s*=2.23/8.26 (27.0%) dist_goal=5.38
21:42:27 [INFO] [MPC] state=(+1.54,-3.51,-3.03) wp0=(+1.47,-3.65) v=+0.200 ω=+0.021 ok=True iters=7
21:42:27 [INFO] [PROG] s*=2.25/8.26 (27.2%) dist_goal=5.36
21:42:27 [INFO] [MPC] state=(+1.52,-3.51,-3.03) wp0=(+1.45,-3.65) v=+0.200 ω=+0.019 ok=True iters=7
21:42:27 [INFO] [PROG] s*=2.27/8.26 (27.5%) dist_goal=5.34
21:42:27 [INFO] [MPC] state=(+1.50,-3.51,-3.03) wp0=(+1.43,-3.65) v=+0.200 ω=+0.114 ok=True iters=7
21:42:27 [INFO] [PROG] s*=2.29/8.26 (27.7%) dist_goal=5.32
21:42:27 [INFO] [MPC] state=(+1.48,-3.52,-3.02) wp0=(+1.41,-3.65) v=+0.200 ω=+0.080 ok=True iters=7
21:42:27 [INFO] [PROG] s*=2.31/8.26 (28.0%) dist_goal=5.30
21:42:27 [INFO] [MPC] state=(+1.46,-3.52,-3.01) wp0=(+1.39,-3.65) v=+0.200 ω=+0.053 ok=True iters=7
21:42:27 [INFO] [PROG] s*=2.33/8.26 (28.2%) dist_goal=5.28
21:42:27 [INFO] [MPC] state=(+1.44,-3.52,-3.01) wp0=(+1.37,-3.65) v=+0.200 ω=-0.072 ok=True iters=7
21:42:27 [INFO] [PROG] s*=2.35/8.26 (28.5%) dist_goal=5.26
21:42:27 [INFO] [MPC] state=(+1.42,-3.52,-3.01) wp0=(+1.35,-3.65) v=+0.200 ω=-0.052 ok=True iters=7
21:42:27 [INFO] [PROG] s*=2.37/8.26 (28.7%) dist_goal=5.24
21:42:27 [INFO] [MPC] state=(+1.40,-3.53,-3.02) wp0=(+1.33,-3.65) v=+0.200 ω=-0.034 ok=True iters=7
21:42:27 [INFO] [PROG] s*=2.39/8.26 (28.9%) dist_goal=5.22
21:42:27 [INFO] [MPC] state=(+1.38,-3.53,-3.02) wp0=(+1.31,-3.65) v=+0.200 ω=-0.270 ok=True iters=7
21:42:27 [INFO] [PROG] s*=2.41/8.26 (29.2%) dist_goal=5.20
21:42:27 [INFO] [MPC] state=(+1.36,-3.53,-3.04) wp0=(+1.29,-3.65) v=+0.200 ω=-0.206 ok=True iters=7
21:42:27 [INFO] [PROG] s*=2.43/8.26 (29.4%) dist_goal=5.19
21:42:27 [INFO] [MPC] state=(+1.34,-3.53,-3.06) wp0=(+1.27,-3.65) v=+0.200 ω=-0.144 ok=True iters=7
21:42:27 [INFO] [PROG] s*=2.45/8.26 (29.7%) dist_goal=5.17
21:42:27 [INFO] [MPC] state=(+1.32,-3.54,-3.07) wp0=(+1.25,-3.65) v=+0.200 ω=-0.088 ok=True iters=7
21:42:27 [INFO] [PROG] s*=2.47/8.26 (29.9%) dist_goal=5.15
21:42:27 [INFO] [MPC] state=(+1.30,-3.54,-3.08) wp0=(+1.23,-3.65) v=+0.200 ω=+0.091 ok=True iters=7
21:42:27 [INFO] [PROG] s*=2.49/8.26 (30.2%) dist_goal=5.13
21:42:27 [INFO] [MPC] state=(+1.28,-3.54,-3.07) wp0=(+1.21,-3.65) v=+0.200 ω=-0.081 ok=True iters=7
21:42:27 [INFO] [PROG] s*=2.51/8.26 (30.4%) dist_goal=5.11
21:42:27 [INFO] [MPC] state=(+1.26,-3.54,-3.08) wp0=(+1.19,-3.65) v=+0.200 ω=-0.044 ok=True iters=7
21:42:27 [INFO] [PROG] s*=2.53/8.26 (30.6%) dist_goal=5.09
21:42:27 [INFO] [MPC] state=(+1.24,-3.54,-3.08) wp0=(+1.17,-3.65) v=+0.200 ω=-0.025 ok=True iters=7
21:42:27 [INFO] [PROG] s*=2.55/8.26 (30.9%) dist_goal=5.07
21:42:27 [INFO] [MPC] state=(+1.22,-3.54,-3.08) wp0=(+1.15,-3.65) v=+0.200 ω=-0.038 ok=True iters=7
21:42:27 [INFO] [PROG] s*=2.57/8.26 (31.1%) dist_goal=5.05
21:42:27 [INFO] [MPC] state=(+1.20,-3.54,-3.09) wp0=(+1.13,-3.65) v=+0.200 ω=+0.062 ok=True iters=7
21:42:27 [INFO] [PROG] s*=2.59/8.26 (31.4%) dist_goal=5.03
21:42:27 [INFO] [MPC] state=(+1.18,-3.54,-3.08) wp0=(+1.11,-3.65) v=+0.200 ω=+0.068 ok=True iters=7
21:42:27 [INFO] [PROG] s*=2.61/8.26 (31.6%) dist_goal=5.01
21:42:27 [INFO] [MPC] state=(+1.16,-3.55,-3.07) wp0=(+1.09,-3.65) v=+0.200 ω=+0.152 ok=True iters=7
21:42:27 [INFO] [PROG] s*=2.63/8.26 (31.9%) dist_goal=4.99
21:42:27 [INFO] [MPC] state=(+1.14,-3.55,-3.06) wp0=(+1.07,-3.65) v=+0.200 ω=+0.194 ok=True iters=7
21:42:27 [INFO] [PROG] s*=2.65/8.26 (32.1%) dist_goal=4.97
21:42:27 [INFO] [MPC] state=(+1.12,-3.55,-3.05) wp0=(+1.05,-3.65) v=+0.200 ω=+0.171 ok=True iters=7
21:42:27 [INFO] [PROG] s*=2.67/8.26 (32.3%) dist_goal=4.95
21:42:27 [INFO] [MPC] state=(+1.10,-3.55,-3.03) wp0=(+1.03,-3.65) v=+0.200 ω=+0.255 ok=True iters=7
21:42:27 [INFO] [PROG] s*=2.69/8.26 (32.6%) dist_goal=4.94
21:42:27 [INFO] [MPC] state=(+1.08,-3.55,-3.01) wp0=(+1.01,-3.65) v=+0.200 ω=+0.150 ok=True iters=7
21:42:27 [INFO] [PROG] s*=2.71/8.26 (32.8%) dist_goal=4.92
21:42:27 [INFO] [MPC] state=(+1.06,-3.56,-3.00) wp0=(+0.99,-3.65) v=+0.200 ω=+0.108 ok=True iters=7
21:42:27 [INFO] [PROG] s*=2.73/8.26 (33.0%) dist_goal=4.90
21:42:27 [INFO] [MPC] state=(+1.04,-3.56,-2.99) wp0=(+0.97,-3.65) v=+0.200 ω=+0.189 ok=True iters=7
21:42:27 [INFO] [PROG] s*=2.75/8.26 (33.3%) dist_goal=4.88
21:42:27 [INFO] [MPC] state=(+1.02,-3.56,-2.98) wp0=(+0.95,-3.65) v=+0.200 ω=+0.174 ok=True iters=7
21:42:27 [INFO] [PROG] s*=2.77/8.26 (33.5%) dist_goal=4.86
21:42:27 [INFO] [MPC] state=(+1.00,-3.57,-2.96) wp0=(+0.93,-3.65) v=+0.200 ω=+0.037 ok=True iters=7
21:42:27 [INFO] [PROG] s*=2.79/8.26 (33.8%) dist_goal=4.84
21:42:27 [INFO] [MPC] state=(+0.98,-3.57,-2.96) wp0=(+0.91,-3.65) v=+0.200 ω=+0.123 ok=True iters=7
21:42:27 [INFO] [PROG] s*=2.81/8.26 (34.0%) dist_goal=4.83
21:42:27 [INFO] [MPC] state=(+0.96,-3.57,-2.95) wp0=(+0.89,-3.65) v=+0.200 ω=+0.112 ok=True iters=7
21:42:27 [INFO] [PROG] s*=2.83/8.26 (34.2%) dist_goal=4.81
21:42:27 [INFO] [MPC] state=(+0.94,-3.58,-2.94) wp0=(+0.87,-3.65) v=+0.200 ω=+0.044 ok=True iters=7
21:42:27 [INFO] [PROG] s*=2.85/8.26 (34.5%) dist_goal=4.79
21:42:27 [INFO] [MPC] state=(+0.92,-3.58,-2.93) wp0=(+0.85,-3.65) v=+0.200 ω=+0.001 ok=True iters=7
21:42:27 [INFO] [PROG] s*=2.87/8.26 (34.7%) dist_goal=4.77
21:42:27 [INFO] [MPC] state=(+0.90,-3.59,-2.93) wp0=(+0.83,-3.65) v=+0.200 ω=+0.140 ok=True iters=7
21:42:27 [INFO] [PROG] s*=2.89/8.26 (35.0%) dist_goal=4.75
21:42:27 [INFO] [MPC] state=(+0.88,-3.59,-2.92) wp0=(+0.81,-3.65) v=+0.200 ω=+0.062 ok=True iters=7
21:42:27 [INFO] [PROG] s*=2.91/8.26 (35.2%) dist_goal=4.73
21:42:27 [INFO] [MPC] state=(+0.86,-3.60,-2.91) wp0=(+0.79,-3.65) v=+0.200 ω=+0.006 ok=True iters=7
21:42:27 [INFO] [PROG] s*=2.93/8.26 (35.4%) dist_goal=4.72
21:42:27 [INFO] [MPC] state=(+0.84,-3.60,-2.91) wp0=(+0.77,-3.65) v=+0.200 ω=+0.006 ok=True iters=7
21:42:27 [INFO] [PROG] s*=2.95/8.26 (35.7%) dist_goal=4.70
21:42:27 [INFO] [MPC] state=(+0.82,-3.60,-2.91) wp0=(+0.75,-3.65) v=+0.200 ω=-0.026 ok=True iters=7
21:42:27 [INFO] [PROG] s*=2.97/8.26 (35.9%) dist_goal=4.68
21:42:27 [INFO] [MPC] state=(+0.80,-3.61,-2.92) wp0=(+0.73,-3.65) v=+0.200 ω=+0.046 ok=True iters=7
21:42:27 [INFO] [PROG] s*=2.99/8.26 (36.2%) dist_goal=4.66
21:42:27 [INFO] [MPC] state=(+0.78,-3.61,-2.91) wp0=(+0.71,-3.65) v=+0.200 ω=-0.006 ok=True iters=7
21:42:27 [INFO] [PROG] s*=3.01/8.26 (36.4%) dist_goal=4.64
21:42:27 [INFO] [MPC] state=(+0.76,-3.62,-2.91) wp0=(+0.69,-3.65) v=+0.200 ω=+0.058 ok=True iters=7
21:42:27 [INFO] [PROG] s*=3.03/8.26 (36.6%) dist_goal=4.63
21:42:27 [INFO] [MPC] state=(+0.74,-3.62,-2.91) wp0=(+0.67,-3.65) v=+0.200 ω=+0.000 ok=True iters=7
21:42:27 [INFO] [PROG] s*=3.05/8.26 (36.9%) dist_goal=4.61
21:42:27 [INFO] [MPC] state=(+0.72,-3.63,-2.91) wp0=(+0.65,-3.65) v=+0.200 ω=-0.034 ok=True iters=7
21:42:27 [INFO] [PROG] s*=3.07/8.26 (37.1%) dist_goal=4.59
21:42:27 [INFO] [MPC] state=(+0.70,-3.63,-2.91) wp0=(+0.63,-3.65) v=+0.200 ω=-0.053 ok=True iters=7
21:42:27 [INFO] [PROG] s*=3.09/8.26 (37.4%) dist_goal=4.57
21:42:27 [INFO] [MPC] state=(+0.68,-3.64,-2.91) wp0=(+0.62,-3.65) v=+0.200 ω=-0.067 ok=True iters=7
21:42:27 [INFO] [PROG] s*=3.11/8.26 (37.6%) dist_goal=4.56
21:42:27 [INFO] [MPC] state=(+0.67,-3.64,-2.92) wp0=(+0.60,-3.65) v=+0.200 ω=-0.072 ok=True iters=7
21:42:27 [INFO] [PROG] s*=3.13/8.26 (37.8%) dist_goal=4.54
21:42:27 [INFO] [MPC] state=(+0.65,-3.65,-2.93) wp0=(+0.58,-3.65) v=+0.200 ω=-0.074 ok=True iters=7
21:42:27 [INFO] [PROG] s*=3.15/8.26 (38.1%) dist_goal=4.52
21:42:27 [INFO] [MPC] state=(+0.63,-3.65,-2.94) wp0=(+0.56,-3.65) v=+0.200 ω=-0.074 ok=True iters=7
21:42:27 [INFO] [PROG] s*=3.17/8.26 (38.3%) dist_goal=4.50
21:42:27 [INFO] [MPC] state=(+0.61,-3.65,-2.94) wp0=(+0.54,-3.65) v=+0.200 ω=-0.072 ok=True iters=7
21:42:27 [INFO] [PROG] s*=3.19/8.26 (38.6%) dist_goal=4.48
21:42:27 [INFO] [MPC] state=(+0.59,-3.66,-2.95) wp0=(+0.52,-3.65) v=+0.200 ω=-0.070 ok=True iters=7
21:42:27 [INFO] [PROG] s*=3.21/8.26 (38.8%) dist_goal=4.46
21:42:27 [INFO] [MPC] state=(+0.57,-3.66,-2.96) wp0=(+0.50,-3.65) v=+0.200 ω=-0.068 ok=True iters=7
21:42:27 [INFO] [PROG] s*=3.23/8.26 (39.0%) dist_goal=4.45
21:42:27 [INFO] [MPC] state=(+0.55,-3.67,-2.96) wp0=(+0.48,-3.65) v=+0.200 ω=-0.066 ok=True iters=7
21:42:28 [INFO] [PROG] s*=3.25/8.26 (39.3%) dist_goal=4.43
21:42:28 [INFO] [MPC] state=(+0.53,-3.67,-2.97) wp0=(+0.46,-3.65) v=+0.200 ω=-0.064 ok=True iters=7
21:42:28 [INFO] [PROG] s*=3.27/8.26 (39.5%) dist_goal=4.41
21:42:28 [INFO] [MPC] state=(+0.51,-3.67,-2.98) wp0=(+0.44,-3.65) v=+0.200 ω=-0.061 ok=True iters=7
21:42:28 [INFO] [PROG] s*=3.29/8.26 (39.8%) dist_goal=4.39
21:42:28 [INFO] [MPC] state=(+0.49,-3.68,-2.98) wp0=(+0.42,-3.65) v=+0.200 ω=-0.057 ok=True iters=7
21:42:28 [INFO] [PROG] s*=3.31/8.26 (40.0%) dist_goal=4.37
21:42:28 [INFO] [MPC] state=(+0.47,-3.68,-2.99) wp0=(+0.40,-3.65) v=+0.200 ω=-0.055 ok=True iters=7
21:42:28 [INFO] [PROG] s*=3.33/8.26 (40.3%) dist_goal=4.35
21:42:28 [INFO] [MPC] state=(+0.45,-3.68,-3.00) wp0=(+0.37,-3.65) v=+0.200 ω=-0.052 ok=True iters=7
21:42:28 [INFO] [PROG] s*=3.35/8.26 (40.5%) dist_goal=4.34
21:42:28 [INFO] [MPC] state=(+0.42,-3.69,-3.00) wp0=(+0.35,-3.65) v=+0.200 ω=-0.051 ok=True iters=7
21:42:28 [INFO] [PROG] s*=3.37/8.26 (40.7%) dist_goal=4.32
21:42:28 [INFO] [MPC] state=(+0.40,-3.69,-3.01) wp0=(+0.33,-3.65) v=+0.200 ω=-0.049 ok=True iters=7
21:42:28 [INFO] [PROG] s*=3.39/8.26 (41.0%) dist_goal=4.30
21:42:28 [INFO] [MPC] state=(+0.38,-3.69,-3.01) wp0=(+0.31,-3.65) v=+0.200 ω=-0.047 ok=True iters=7
21:42:28 [INFO] [PROG] s*=3.41/8.26 (41.2%) dist_goal=4.28
21:42:28 [INFO] [MPC] state=(+0.36,-3.69,-3.02) wp0=(+0.29,-3.65) v=+0.200 ω=-0.046 ok=True iters=7
21:42:28 [INFO] [PROG] s*=3.43/8.26 (41.5%) dist_goal=4.26
21:42:28 [INFO] [MPC] state=(+0.34,-3.70,-3.02) wp0=(+0.27,-3.65) v=+0.200 ω=-0.044 ok=True iters=7
21:42:28 [INFO] [PROG] s*=3.45/8.26 (41.7%) dist_goal=4.24
21:42:28 [INFO] [MPC] state=(+0.32,-3.70,-3.02) wp0=(+0.25,-3.65) v=+0.200 ω=-0.090 ok=True iters=7
21:42:28 [INFO] [PROG] s*=3.47/8.26 (42.0%) dist_goal=4.22
21:42:28 [INFO] [MPC] state=(+0.30,-3.70,-3.03) wp0=(+0.23,-3.65) v=+0.200 ω=-0.071 ok=True iters=7
21:42:28 [INFO] [PROG] s*=3.49/8.26 (42.2%) dist_goal=4.21
21:42:28 [INFO] [MPC] state=(+0.28,-3.70,-3.04) wp0=(+0.21,-3.65) v=+0.200 ω=-0.057 ok=True iters=7
21:42:28 [INFO] [PROG] s*=3.51/8.26 (42.5%) dist_goal=4.19
21:42:28 [INFO] [MPC] state=(+0.26,-3.71,-3.05) wp0=(+0.19,-3.65) v=+0.200 ω=-0.048 ok=True iters=7
21:42:28 [INFO] [PROG] s*=3.53/8.26 (42.7%) dist_goal=4.17
21:42:28 [INFO] [MPC] state=(+0.24,-3.71,-3.05) wp0=(+0.17,-3.65) v=+0.200 ω=-0.103 ok=True iters=7
21:42:28 [INFO] [PROG] s*=3.55/8.26 (42.9%) dist_goal=4.15
21:42:28 [INFO] [MPC] state=(+0.22,-3.71,-3.06) wp0=(+0.15,-3.65) v=+0.200 ω=-0.081 ok=True iters=7
21:42:28 [INFO] [PROG] s*=3.57/8.26 (43.2%) dist_goal=4.13
21:42:28 [INFO] [MPC] state=(+0.20,-3.71,-3.07) wp0=(+0.13,-3.65) v=+0.200 ω=-0.201 ok=True iters=7
21:42:28 [INFO] [PROG] s*=3.59/8.26 (43.4%) dist_goal=4.11
21:42:28 [INFO] [MPC] state=(+0.18,-3.71,-3.08) wp0=(+0.11,-3.65) v=+0.200 ω=-0.166 ok=True iters=7
21:42:28 [INFO] [PROG] s*=3.61/8.26 (43.7%) dist_goal=4.09
21:42:28 [INFO] [MPC] state=(+0.16,-3.71,-3.10) wp0=(+0.09,-3.65) v=+0.200 ω=-0.138 ok=True iters=7
21:42:28 [INFO] [PROG] s*=3.63/8.26 (43.9%) dist_goal=4.07
21:42:28 [INFO] [MPC] state=(+0.14,-3.71,-3.11) wp0=(+0.07,-3.65) v=+0.200 ω=-0.205 ok=True iters=7
21:42:28 [INFO] [PROG] s*=3.65/8.26 (44.2%) dist_goal=4.05
21:42:28 [INFO] [MPC] state=(+0.12,-3.71,-3.12) wp0=(+0.05,-3.65) v=+0.200 ω=-0.176 ok=True iters=7
21:42:28 [INFO] [PROG] s*=3.67/8.26 (44.4%) dist_goal=4.04
21:42:28 [INFO] [MPC] state=(+0.10,-3.71,-3.14) wp0=(+0.03,-3.65) v=+0.200 ω=-0.149 ok=True iters=7
21:42:28 [INFO] [PROG] s*=3.69/8.26 (44.6%) dist_goal=4.02
21:42:28 [INFO] [MPC] state=(+0.08,-3.71,-3.15) wp0=(+0.01,-3.65) v=+0.200 ω=-0.234 ok=True iters=7
21:42:28 [INFO] [PROG] s*=3.71/8.26 (44.9%) dist_goal=4.00
21:42:28 [INFO] [MPC] state=(+0.06,-3.71,-3.17) wp0=(-0.01,-3.65) v=+0.200 ω=-0.211 ok=True iters=7
21:42:28 [INFO] [PROG] s*=3.73/8.26 (45.1%) dist_goal=3.98
21:42:28 [INFO] [MPC] state=(+0.04,-3.71,-3.19) wp0=(-0.03,-3.65) v=+0.200 ω=-0.341 ok=True iters=7
21:42:28 [INFO] [PROG] s*=3.75/8.26 (45.4%) dist_goal=3.96
21:42:28 [INFO] [MPC] state=(+0.02,-3.71,-3.21) wp0=(-0.05,-3.65) v=+0.200 ω=-0.318 ok=True iters=7
21:42:28 [INFO] [PROG] s*=3.77/8.26 (45.6%) dist_goal=3.94
21:42:28 [INFO] [MPC] state=(+0.00,-3.71,-3.23) wp0=(-0.07,-3.65) v=+0.200 ω=-0.294 ok=True iters=7
21:42:28 [INFO] [PROG] s*=3.79/8.26 (45.8%) dist_goal=3.92
21:42:28 [INFO] [MPC] state=(-0.02,-3.71,-3.25) wp0=(-0.08,-3.65) v=+0.200 ω=-0.273 ok=True iters=7
21:42:28 [INFO] [PROG] s*=3.81/8.26 (46.1%) dist_goal=3.90
21:42:28 [INFO] [MPC] state=(-0.03,-3.71,-3.27) wp0=(-0.10,-3.65) v=+0.200 ω=-0.384 ok=True iters=7
21:42:28 [INFO] [PROG] s*=3.82/8.26 (46.3%) dist_goal=3.88
21:42:28 [INFO] [MPC] state=(-0.05,-3.70,-3.29) wp0=(-0.12,-3.65) v=+0.200 ω=-0.360 ok=True iters=7
21:42:28 [INFO] [PROG] s*=3.84/8.26 (46.5%) dist_goal=3.86
21:42:28 [INFO] [MPC] state=(-0.07,-3.70,-3.32) wp0=(-0.14,-3.65) v=+0.200 ω=-0.333 ok=True iters=7
21:42:28 [INFO] [PROG] s*=3.86/8.26 (46.7%) dist_goal=3.85
21:42:28 [INFO] [MPC] state=(-0.09,-3.70,-3.34) wp0=(-0.16,-3.65) v=+0.200 ω=-0.446 ok=True iters=7
21:42:28 [INFO] [PROG] s*=3.88/8.26 (47.0%) dist_goal=3.83
21:42:28 [INFO] [MPC] state=(-0.11,-3.69,-3.36) wp0=(-0.18,-3.65) v=+0.200 ω=-0.405 ok=True iters=7
21:42:28 [INFO] [PROG] s*=3.90/8.26 (47.2%) dist_goal=3.81
21:42:28 [INFO] [MPC] state=(-0.13,-3.69,-3.39) wp0=(-0.20,-3.65) v=+0.200 ω=-0.224 ok=True iters=7
21:42:28 [INFO] [PROG] s*=3.92/8.26 (47.4%) dist_goal=3.79
21:42:28 [INFO] [MPC] state=(-0.15,-3.68,-3.41) wp0=(-0.22,-3.65) v=+0.200 ω=-0.345 ok=True iters=7
21:42:28 [INFO] [PROG] s*=3.94/8.26 (47.7%) dist_goal=3.77
21:42:28 [INFO] [MPC] state=(-0.17,-3.68,-3.43) wp0=(-0.24,-3.65) v=+0.200 ω=-0.322 ok=True iters=7
21:42:28 [INFO] [PROG] s*=3.96/8.26 (47.9%) dist_goal=3.75
21:42:28 [INFO] [MPC] state=(-0.19,-3.67,-3.45) wp0=(-0.25,-3.65) v=+0.200 ω=-0.301 ok=True iters=7
21:42:28 [INFO] [PROG] s*=3.97/8.26 (48.1%) dist_goal=3.73
21:42:28 [INFO] [MPC] state=(-0.20,-3.67,-3.47) wp0=(-0.27,-3.65) v=+0.200 ω=-0.396 ok=True iters=7
21:42:28 [INFO] [PROG] s*=3.99/8.26 (48.3%) dist_goal=3.71
21:42:28 [INFO] [MPC] state=(-0.22,-3.66,-3.49) wp0=(-0.29,-3.65) v=+0.200 ω=-0.336 ok=True iters=7
21:42:28 [INFO] [PROG] s*=4.01/8.26 (48.5%) dist_goal=3.69
21:42:28 [INFO] [MPC] state=(-0.24,-3.65,-3.52) wp0=(-0.31,-3.65) v=+0.200 ω=-0.098 ok=True iters=7
21:42:28 [INFO] [PROG] s*=4.03/8.26 (48.8%) dist_goal=3.67
21:42:28 [INFO] [MPC] state=(-0.26,-3.64,-3.53) wp0=(-0.33,-3.65) v=+0.200 ω=-0.073 ok=True iters=7
21:42:28 [INFO] [PROG] s*=4.05/8.26 (49.0%) dist_goal=3.65
21:42:28 [INFO] [MPC] state=(-0.28,-3.64,-3.53) wp0=(-0.35,-3.65) v=+0.200 ω=-0.036 ok=True iters=7
21:42:28 [INFO] [PROG] s*=4.07/8.26 (49.2%) dist_goal=3.63
21:42:28 [INFO] [MPC] state=(-0.30,-3.63,-3.54) wp0=(-0.37,-3.65) v=+0.200 ω=-0.026 ok=True iters=7
21:42:28 [INFO] [PROG] s*=4.09/8.26 (49.5%) dist_goal=3.61
21:42:28 [INFO] [MPC] state=(-0.32,-3.62,-3.54) wp0=(-0.39,-3.65) v=+0.200 ω=+0.057 ok=True iters=7
21:42:28 [INFO] [PROG] s*=4.11/8.26 (49.7%) dist_goal=3.59
21:42:28 [INFO] [MPC] state=(-0.34,-3.61,-3.53) wp0=(-0.40,-3.65) v=+0.200 ω=+0.035 ok=True iters=7
21:42:28 [INFO] [PROG] s*=4.12/8.26 (49.9%) dist_goal=3.57
21:42:28 [INFO] [MPC] state=(-0.35,-3.61,-3.53) wp0=(-0.42,-3.65) v=+0.200 ω=+0.024 ok=True iters=7
21:42:28 [INFO] [PROG] s*=4.14/8.26 (50.1%) dist_goal=3.55
21:42:28 [INFO] [MPC] state=(-0.37,-3.60,-3.53) wp0=(-0.44,-3.65) v=+0.200 ω=+0.033 ok=True iters=7
21:42:28 [INFO] [PROG] s*=4.16/8.26 (50.4%) dist_goal=3.53
21:42:28 [INFO] [MPC] state=(-0.39,-3.59,-3.52) wp0=(-0.46,-3.65) v=+0.200 ω=+0.031 ok=True iters=7
21:42:28 [INFO] [PROG] s*=4.18/8.26 (50.6%) dist_goal=3.51
21:42:28 [INFO] [MPC] state=(-0.41,-3.58,-3.52) wp0=(-0.48,-3.65) v=+0.200 ω=+0.037 ok=True iters=7
21:42:28 [INFO] [PROG] s*=4.20/8.26 (50.8%) dist_goal=3.49
21:42:28 [INFO] [MPC] state=(-0.43,-3.57,-3.51) wp0=(-0.50,-3.65) v=+0.200 ω=+0.431 ok=True iters=7
21:42:28 [INFO] [PROG] s*=4.22/8.26 (51.0%) dist_goal=3.47
21:42:28 [INFO] [MPC] state=(-0.45,-3.57,-3.49) wp0=(-0.52,-3.65) v=+0.200 ω=+0.373 ok=True iters=7
21:42:28 [INFO] [PROG] s*=4.23/8.26 (51.2%) dist_goal=3.45
21:42:28 [INFO] [MPC] state=(-0.47,-3.56,-3.46) wp0=(-0.53,-3.65) v=+0.200 ω=+0.317 ok=True iters=7
21:42:28 [INFO] [PROG] s*=4.25/8.26 (51.5%) dist_goal=3.43
21:42:28 [INFO] [MPC] state=(-0.48,-3.56,-3.44) wp0=(-0.55,-3.65) v=+0.200 ω=+0.550 ok=True iters=7
21:42:28 [INFO] [PROG] s*=4.27/8.26 (51.7%) dist_goal=3.41
21:42:28 [INFO] [MPC] state=(-0.50,-3.55,-3.41) wp0=(-0.57,-3.65) v=+0.200 ω=+0.468 ok=True iters=7
21:42:28 [INFO] [PROG] s*=4.29/8.26 (51.9%) dist_goal=3.39
21:42:28 [INFO] [MPC] state=(-0.52,-3.55,-3.38) wp0=(-0.59,-3.65) v=+0.200 ω=+0.350 ok=True iters=7
21:42:28 [INFO] [PROG] s*=4.31/8.26 (52.1%) dist_goal=3.37
21:42:28 [INFO] [MPC] state=(-0.54,-3.54,-3.36) wp0=(-0.61,-3.65) v=+0.200 ω=+0.292 ok=True iters=7
21:42:28 [INFO] [PROG] s*=4.33/8.26 (52.4%) dist_goal=3.35
21:42:28 [INFO] [MPC] state=(-0.56,-3.54,-3.34) wp0=(-0.63,-3.65) v=+0.200 ω=+0.163 ok=True iters=7
21:42:28 [INFO] [PROG] s*=4.35/8.26 (52.6%) dist_goal=3.33
21:42:28 [INFO] [MPC] state=(-0.58,-3.53,-3.33) wp0=(-0.65,-3.65) v=+0.200 ω=+0.129 ok=True iters=7
21:42:28 [INFO] [PROG] s*=4.37/8.26 (52.8%) dist_goal=3.31
21:42:28 [INFO] [MPC] state=(-0.60,-3.53,-3.31) wp0=(-0.67,-3.65) v=+0.200 ω=+0.100 ok=True iters=7
21:42:28 [INFO] [PROG] s*=4.39/8.26 (53.1%) dist_goal=3.29
21:42:28 [INFO] [MPC] state=(-0.62,-3.53,-3.30) wp0=(-0.69,-3.65) v=+0.200 ω=+0.075 ok=True iters=7
21:42:28 [INFO] [PROG] s*=4.41/8.26 (53.3%) dist_goal=3.27
21:42:28 [INFO] [MPC] state=(-0.64,-3.52,-3.30) wp0=(-0.71,-3.65) v=+0.200 ω=+0.059 ok=True iters=7
21:42:28 [INFO] [PROG] s*=4.43/8.26 (53.6%) dist_goal=3.25
21:42:28 [INFO] [MPC] state=(-0.66,-3.52,-3.29) wp0=(-0.73,-3.65) v=+0.200 ω=+0.050 ok=True iters=7
21:42:28 [INFO] [PROG] s*=4.45/8.26 (53.8%) dist_goal=3.23
21:42:28 [INFO] [MPC] state=(-0.68,-3.52,-3.28) wp0=(-0.75,-3.65) v=+0.200 ω=+0.045 ok=True iters=7
21:42:28 [INFO] [PROG] s*=4.47/8.26 (54.1%) dist_goal=3.21
21:42:28 [INFO] [MPC] state=(-0.70,-3.51,-3.28) wp0=(-0.77,-3.65) v=+0.200 ω=+0.047 ok=True iters=7
21:42:28 [INFO] [PROG] s*=4.49/8.26 (54.3%) dist_goal=3.19
21:42:28 [INFO] [MPC] state=(-0.72,-3.51,-3.28) wp0=(-0.79,-3.65) v=+0.200 ω=+0.046 ok=True iters=7
21:42:28 [INFO] [PROG] s*=4.51/8.26 (54.5%) dist_goal=3.18
21:42:28 [INFO] [MPC] state=(-0.74,-3.51,-3.27) wp0=(-0.81,-3.65) v=+0.200 ω=+0.192 ok=True iters=7
21:42:28 [INFO] [PROG] s*=4.53/8.26 (54.8%) dist_goal=3.16
21:42:28 [INFO] [MPC] state=(-0.76,-3.51,-3.26) wp0=(-0.83,-3.65) v=+0.200 ω=+0.157 ok=True iters=7
21:42:28 [INFO] [PROG] s*=4.55/8.26 (55.0%) dist_goal=3.14
21:42:28 [INFO] [MPC] state=(-0.78,-3.50,-3.24) wp0=(-0.85,-3.65) v=+0.200 ω=+0.124 ok=True iters=7
21:42:28 [INFO] [PROG] s*=4.57/8.26 (55.3%) dist_goal=3.12
21:42:28 [INFO] [MPC] state=(-0.80,-3.50,-3.23) wp0=(-0.87,-3.65) v=+0.200 ω=+0.095 ok=True iters=7
21:42:28 [INFO] [PROG] s*=4.59/8.26 (55.5%) dist_goal=3.10
21:42:28 [INFO] [MPC] state=(-0.82,-3.50,-3.22) wp0=(-0.89,-3.65) v=+0.200 ω=+0.065 ok=True iters=7
21:42:28 [INFO] [PROG] s*=4.61/8.26 (55.8%) dist_goal=3.08
21:42:28 [INFO] [MPC] state=(-0.84,-3.50,-3.22) wp0=(-0.91,-3.65) v=+0.200 ω=+0.044 ok=True iters=7
21:42:28 [INFO] [PROG] s*=4.63/8.26 (56.0%) dist_goal=3.06
21:42:28 [INFO] [MPC] state=(-0.86,-3.50,-3.21) wp0=(-0.93,-3.65) v=+0.200 ω=+0.034 ok=True iters=7
21:42:28 [INFO] [PROG] s*=4.65/8.26 (56.2%) dist_goal=3.04
21:42:28 [INFO] [MPC] state=(-0.88,-3.50,-3.21) wp0=(-0.94,-3.65) v=+0.200 ω=+0.454 ok=True iters=7
21:42:28 [INFO] [PROG] s*=4.66/8.26 (56.5%) dist_goal=3.02
21:42:28 [INFO] [MPC] state=(-0.89,-3.50,-3.18) wp0=(-0.96,-3.65) v=+0.200 ω=+0.388 ok=True iters=7
21:42:28 [INFO] [PROG] s*=4.68/8.26 (56.7%) dist_goal=3.01
21:42:28 [INFO] [MPC] state=(-0.91,-3.49,-3.16) wp0=(-0.98,-3.65) v=+0.200 ω=+0.334 ok=True iters=7
21:42:28 [INFO] [PROG] s*=4.70/8.26 (56.9%) dist_goal=2.99
21:42:28 [INFO] [MPC] state=(-0.93,-3.49,-3.14) wp0=(-1.00,-3.65) v=+0.200 ω=-0.248 ok=True iters=7
21:42:28 [INFO] [PROG] s*=4.72/8.26 (57.2%) dist_goal=2.97
21:42:28 [INFO] [MPC] state=(-0.95,-3.49,-3.16) wp0=(-1.02,-3.65) v=+0.200 ω=+0.315 ok=True iters=7
21:42:28 [INFO] [PROG] s*=4.74/8.26 (57.4%) dist_goal=2.95
21:42:28 [INFO] [MPC] state=(-0.97,-3.49,-3.14) wp0=(-1.04,-3.65) v=+0.200 ω=+0.173 ok=True iters=7
21:42:28 [INFO] [PROG] s*=4.76/8.26 (57.6%) dist_goal=2.93
21:42:28 [INFO] [MPC] state=(-0.99,-3.49,-3.13) wp0=(-1.06,-3.65) v=+0.200 ω=-0.323 ok=True iters=8
21:42:28 [INFO] [PROG] s*=4.78/8.26 (57.8%) dist_goal=2.92
21:42:28 [INFO] [MPC] state=(-1.01,-3.49,-3.16) wp0=(-1.08,-3.65) v=+0.200 ω=-0.692 ok=True iters=8
21:42:28 [INFO] [PROG] s*=4.80/8.26 (58.1%) dist_goal=2.90
21:42:28 [INFO] [MPC] state=(-1.03,-3.49,-3.20) wp0=(-1.10,-3.65) v=+0.200 ω=-0.649 ok=True iters=8
21:42:28 [INFO] [PROG] s*=4.82/8.26 (58.3%) dist_goal=2.88
21:42:28 [INFO] [MPC] state=(-1.05,-3.49,-3.24) wp0=(-1.11,-3.65) v=+0.200 ω=-0.697 ok=True iters=8
21:42:28 [INFO] [PROG] s*=4.97/8.26 (60.1%) dist_goal=2.86
21:42:28 [INFO] [MPC] state=(-1.06,-3.49,-3.28) wp0=(-1.23,-3.57) v=+0.200 ω=-0.131 ok=True iters=8
21:42:28 [INFO] [PROG] s*=4.98/8.26 (60.3%) dist_goal=2.84
21:42:28 [INFO] [MPC] state=(-1.08,-3.49,-3.29) wp0=(-1.24,-3.56) v=+0.200 ω=+0.876 ok=True iters=7
21:42:28 [INFO] [PROG] s*=5.00/8.26 (60.5%) dist_goal=2.83
21:42:28 [INFO] [MPC] state=(-1.10,-3.48,-3.24) wp0=(-1.25,-3.55) v=+0.200 ω=+0.680 ok=True iters=7
21:42:28 [INFO] [PROG] s*=5.01/8.26 (60.6%) dist_goal=2.81
21:42:28 [INFO] [MPC] state=(-1.12,-3.48,-3.20) wp0=(-1.27,-3.55) v=+0.200 ω=+0.294 ok=True iters=7
21:42:28 [INFO] [PROG] s*=5.03/8.26 (60.8%) dist_goal=2.79
21:42:28 [INFO] [MPC] state=(-1.14,-3.48,-3.19) wp0=(-1.28,-3.55) v=+0.200 ω=+0.054 ok=True iters=7
21:42:28 [INFO] [PROG] s*=5.04/8.26 (61.0%) dist_goal=2.77
21:42:28 [INFO] [MPC] state=(-1.16,-3.48,-3.18) wp0=(-1.30,-3.55) v=+0.200 ω=-0.084 ok=True iters=7
21:42:28 [INFO] [PROG] s*=5.04/8.26 (61.0%) dist_goal=2.75
21:42:28 [INFO] [MPC] state=(-1.18,-3.48,-3.19) wp0=(-1.30,-3.55) v=+0.200 ω=+0.031 ok=True iters=7
21:42:28 [INFO] [PROG] s*=5.04/8.26 (61.0%) dist_goal=2.73
21:42:28 [INFO] [MPC] state=(-1.20,-3.48,-3.19) wp0=(-1.30,-3.55) v=+0.200 ω=+0.017 ok=True iters=7
21:42:28 [INFO] [PROG] s*=5.04/8.26 (61.0%) dist_goal=2.71
21:42:28 [INFO] [MPC] state=(-1.22,-3.48,-3.18) wp0=(-1.30,-3.55) v=+0.200 ω=-0.406 ok=True iters=7
21:42:28 [INFO] [PROG] s*=5.05/8.26 (61.1%) dist_goal=2.70
21:42:28 [INFO] [MPC] state=(-1.24,-3.48,-3.21) wp0=(-1.31,-3.55) v=+0.200 ω=-0.338 ok=True iters=8
21:42:28 [INFO] [PROG] s*=5.07/8.26 (61.3%) dist_goal=2.68
21:42:28 [INFO] [MPC] state=(-1.26,-3.48,-3.23) wp0=(-1.33,-3.55) v=+0.200 ω=-0.322 ok=True iters=8
21:42:28 [INFO] [PROG] s*=5.09/8.26 (61.6%) dist_goal=2.66
21:42:28 [INFO] [MPC] state=(-1.28,-3.47,-3.25) wp0=(-1.35,-3.55) v=+0.200 ω=-0.280 ok=True iters=8
21:42:28 [INFO] [PROG] s*=5.11/8.26 (61.8%) dist_goal=2.64
21:42:28 [INFO] [MPC] state=(-1.30,-3.47,-3.27) wp0=(-1.36,-3.54) v=+0.200 ω=-0.213 ok=True iters=8
21:42:28 [INFO] [PROG] s*=5.19/8.26 (62.8%) dist_goal=2.62
21:42:28 [INFO] [MPC] state=(-1.32,-3.47,-3.29) wp0=(-1.42,-3.48) v=+0.200 ω=-0.533 ok=True iters=7
21:42:28 [INFO] [PROG] s*=5.21/8.26 (63.0%) dist_goal=2.60
21:42:28 [INFO] [MPC] state=(-1.33,-3.47,-3.32) wp0=(-1.43,-3.47) v=+0.200 ω=-0.548 ok=True iters=7
21:42:28 [INFO] [PROG] s*=5.22/8.26 (63.2%) dist_goal=2.58
21:42:28 [INFO] [MPC] state=(-1.35,-3.46,-3.35) wp0=(-1.44,-3.46) v=+0.200 ω=-0.570 ok=True iters=7
21:42:28 [INFO] [PROG] s*=5.24/8.26 (63.4%) dist_goal=2.57
21:42:28 [INFO] [MPC] state=(-1.37,-3.46,-3.38) wp0=(-1.45,-3.45) v=+0.200 ω=-0.382 ok=True iters=7
21:42:28 [INFO] [PROG] s*=5.26/8.26 (63.6%) dist_goal=2.55
21:42:28 [INFO] [MPC] state=(-1.39,-3.45,-3.41) wp0=(-1.47,-3.43) v=+0.200 ω=-0.319 ok=True iters=7
21:42:28 [INFO] [PROG] s*=5.27/8.26 (63.8%) dist_goal=2.53
21:42:28 [INFO] [MPC] state=(-1.41,-3.45,-3.43) wp0=(-1.48,-3.42) v=+0.200 ω=-0.411 ok=True iters=7
21:42:28 [INFO] [PROG] s*=5.29/8.26 (64.0%) dist_goal=2.51
21:42:28 [INFO] [MPC] state=(-1.43,-3.44,-3.45) wp0=(-1.49,-3.41) v=+0.200 ω=-0.425 ok=True iters=7
21:42:28 [INFO] [PROG] s*=5.31/8.26 (64.2%) dist_goal=2.49
21:42:28 [INFO] [MPC] state=(-1.44,-3.44,-3.48) wp0=(-1.50,-3.40) v=+0.200 ω=-0.394 ok=True iters=7
21:42:28 [INFO] [PROG] s*=5.33/8.26 (64.5%) dist_goal=2.47
21:42:28 [INFO] [MPC] state=(-1.46,-3.43,-3.50) wp0=(-1.51,-3.39) v=+0.200 ω=-0.350 ok=True iters=7
21:42:28 [INFO] [PROG] s*=5.34/8.26 (64.7%) dist_goal=2.45
21:42:28 [INFO] [MPC] state=(-1.48,-3.42,-3.53) wp0=(-1.53,-3.37) v=+0.200 ω=-0.372 ok=True iters=7
21:42:28 [INFO] [PROG] s*=5.36/8.26 (64.9%) dist_goal=2.43
21:42:28 [INFO] [MPC] state=(-1.50,-3.41,-3.55) wp0=(-1.54,-3.36) v=+0.200 ω=-0.407 ok=True iters=7
21:42:28 [INFO] [PROG] s*=5.38/8.26 (65.1%) dist_goal=2.41
21:42:28 [INFO] [MPC] state=(-1.52,-3.41,-3.58) wp0=(-1.55,-3.35) v=+0.200 ω=-0.446 ok=True iters=7
21:42:28 [INFO] [PROG] s*=5.40/8.26 (65.3%) dist_goal=2.39
21:42:28 [INFO] [MPC] state=(-1.53,-3.40,-3.60) wp0=(-1.57,-3.33) v=+0.200 ω=-0.418 ok=True iters=7
21:42:28 [INFO] [PROG] s*=5.42/8.26 (65.5%) dist_goal=2.37
21:42:28 [INFO] [MPC] state=(-1.55,-3.39,-3.63) wp0=(-1.58,-3.32) v=+0.200 ω=-0.619 ok=True iters=7
21:42:28 [INFO] [PROG] s*=5.43/8.26 (65.8%) dist_goal=2.36
21:42:28 [INFO] [MPC] state=(-1.57,-3.38,-3.67) wp0=(-1.59,-3.31) v=+0.200 ω=-0.723 ok=True iters=7
21:42:28 [INFO] [PROG] s*=5.45/8.26 (66.0%) dist_goal=2.34
21:42:28 [INFO] [MPC] state=(-1.58,-3.37,-3.71) wp0=(-1.60,-3.30) v=+0.200 ω=-0.716 ok=True iters=7
21:42:28 [INFO] [PROG] s*=5.47/8.26 (66.2%) dist_goal=2.32
21:42:28 [INFO] [MPC] state=(-1.60,-3.36,-3.75) wp0=(-1.62,-3.28) v=+0.200 ω=-0.687 ok=True iters=7
21:42:28 [INFO] [PROG] s*=5.49/8.26 (66.4%) dist_goal=2.30
21:42:28 [INFO] [MPC] state=(-1.61,-3.35,-3.79) wp0=(-1.63,-3.27) v=+0.200 ω=-0.669 ok=True iters=7
21:42:28 [INFO] [PROG] s*=5.51/8.26 (66.6%) dist_goal=2.28
21:42:28 [INFO] [MPC] state=(-1.63,-3.34,-3.83) wp0=(-1.64,-3.26) v=+0.200 ω=-0.646 ok=True iters=7
21:42:28 [INFO] [PROG] s*=5.52/8.26 (66.9%) dist_goal=2.27
21:42:28 [INFO] [MPC] state=(-1.64,-3.33,-3.86) wp0=(-1.65,-3.25) v=+0.200 ω=-0.881 ok=True iters=7
21:42:28 [INFO] [PROG] s*=5.54/8.26 (67.1%) dist_goal=2.25
21:42:28 [INFO] [MPC] state=(-1.65,-3.31,-3.91) wp0=(-1.67,-3.23) v=+0.200 ω=-0.814 ok=True iters=7
21:42:28 [INFO] [PROG] s*=5.56/8.26 (67.3%) dist_goal=2.24
21:42:28 [INFO] [MPC] state=(-1.67,-3.30,-3.96) wp0=(-1.68,-3.22) v=+0.200 ω=-0.800 ok=True iters=7
21:42:28 [INFO] [PROG] s*=5.58/8.26 (67.5%) dist_goal=2.22
21:42:28 [INFO] [MPC] state=(-1.68,-3.29,-4.00) wp0=(-1.69,-3.21) v=+0.200 ω=-0.791 ok=True iters=7
21:42:28 [INFO] [PROG] s*=5.60/8.26 (67.7%) dist_goal=2.20
21:42:28 [INFO] [MPC] state=(-1.69,-3.27,-4.05) wp0=(-1.71,-3.19) v=+0.200 ω=-0.780 ok=True iters=7
21:42:28 [INFO] [PROG] s*=5.61/8.26 (67.9%) dist_goal=2.19
21:42:28 [INFO] [MPC] state=(-1.70,-3.26,-4.09) wp0=(-1.72,-3.18) v=+0.200 ω=-0.700 ok=True iters=7
21:42:28 [INFO] [PROG] s*=5.63/8.26 (68.2%) dist_goal=2.17
21:42:28 [INFO] [MPC] state=(-1.71,-3.24,-4.13) wp0=(-1.73,-3.17) v=+0.200 ω=-0.708 ok=True iters=7
21:42:28 [INFO] [PROG] s*=5.65/8.26 (68.4%) dist_goal=2.16
21:42:28 [INFO] [MPC] state=(-1.72,-3.23,-4.17) wp0=(-1.74,-3.16) v=+0.200 ω=-1.005 ok=True iters=7
21:42:28 [INFO] [PROG] s*=5.66/8.26 (68.5%) dist_goal=2.15
21:42:28 [INFO] [MPC] state=(-1.73,-3.21,-4.23) wp0=(-1.75,-3.15) v=+0.200 ω=-0.951 ok=True iters=8
21:42:28 [INFO] [PROG] s*=5.68/8.26 (68.7%) dist_goal=2.14
21:42:28 [INFO] [MPC] state=(-1.74,-3.20,-4.28) wp0=(-1.76,-3.14) v=+0.200 ω=-1.173 ok=True iters=8
21:42:28 [INFO] [PROG] s*=5.69/8.26 (68.9%) dist_goal=2.13
21:42:28 [INFO] [MPC] state=(-1.74,-3.18,-4.35) wp0=(-1.78,-3.12) v=+0.200 ω=-0.924 ok=True iters=7
21:42:28 [INFO] [PROG] s*=5.71/8.26 (69.1%) dist_goal=2.12
21:42:28 [INFO] [MPC] state=(-1.75,-3.17,-4.40) wp0=(-1.79,-3.11) v=+0.200 ω=-1.043 ok=True iters=7
21:42:28 [INFO] [PROG] s*=5.72/8.26 (69.3%) dist_goal=2.11
21:42:28 [INFO] [MPC] state=(-1.75,-3.15,-4.46) wp0=(-1.80,-3.10) v=+0.200 ω=-1.291 ok=True iters=7
21:42:28 [INFO] [PROG] s*=5.74/8.26 (69.4%) dist_goal=2.10
21:42:28 [INFO] [MPC] state=(-1.76,-3.14,-4.53) wp0=(-1.81,-3.09) v=+0.200 ω=-1.064 ok=True iters=7
21:42:28 [INFO] [PROG] s*=5.75/8.26 (69.6%) dist_goal=2.09
21:42:28 [INFO] [MPC] state=(-1.76,-3.12,-4.59) wp0=(-1.81,-3.09) v=+0.200 ω=-0.842 ok=True iters=8
21:42:28 [INFO] [PROG] s*=5.76/8.26 (69.7%) dist_goal=2.09
21:42:28 [INFO] [MPC] state=(-1.76,-3.10,-4.63) wp0=(-1.82,-3.08) v=+0.200 ω=-0.855 ok=True iters=8
21:42:28 [INFO] [PROG] s*=5.78/8.26 (69.9%) dist_goal=2.08
21:42:28 [INFO] [MPC] state=(-1.76,-3.08,-4.68) wp0=(-1.83,-3.07) v=+0.200 ω=-0.312 ok=True iters=8
21:42:28 [INFO] [PROG] s*=5.79/8.26 (70.1%) dist_goal=2.08
21:42:28 [INFO] [MPC] state=(-1.76,-3.07,-4.71) wp0=(-1.84,-3.06) v=+0.200 ω=-0.236 ok=True iters=8
21:42:28 [INFO] [PROG] s*=5.80/8.26 (70.2%) dist_goal=2.07
21:42:28 [INFO] [MPC] state=(-1.76,-3.05,-4.73) wp0=(-1.85,-3.05) v=+0.200 ω=+0.034 ok=True iters=8
21:42:28 [INFO] [PROG] s*=5.89/8.26 (71.3%) dist_goal=2.06
21:42:28 [INFO] [MPC] state=(-1.76,-3.03,-4.73) wp0=(-1.85,-2.96) v=+0.200 ω=+0.050 ok=True iters=8
21:42:28 [INFO] [PROG] s*=5.91/8.26 (71.5%) dist_goal=2.06
21:42:28 [INFO] [MPC] state=(-1.76,-3.01,-4.72) wp0=(-1.85,-2.94) v=+0.200 ω=+0.637 ok=True iters=8
21:42:28 [INFO] [PROG] s*=5.93/8.26 (71.8%) dist_goal=2.05
21:42:28 [INFO] [MPC] state=(-1.76,-2.99,-4.69) wp0=(-1.85,-2.92) v=+0.200 ω=+0.600 ok=True iters=9
21:42:28 [INFO] [PROG] s*=5.95/8.26 (72.0%) dist_goal=2.05
21:42:28 [INFO] [MPC] state=(-1.76,-2.97,-4.66) wp0=(-1.85,-2.90) v=+0.200 ω=+0.731 ok=True iters=9
21:42:28 [INFO] [PROG] s*=5.96/8.26 (72.2%) dist_goal=2.04
21:42:28 [INFO] [MPC] state=(-1.76,-2.95,-4.62) wp0=(-1.85,-2.89) v=+0.200 ω=+0.670 ok=True iters=10
21:42:28 [INFO] [PROG] s*=5.98/8.26 (72.4%) dist_goal=2.04
21:42:28 [INFO] [MPC] state=(-1.77,-2.94,-4.58) wp0=(-1.85,-2.87) v=+0.200 ω=+0.528 ok=True iters=11
21:42:28 [INFO] [PROG] s*=6.00/8.26 (72.6%) dist_goal=2.03
21:42:28 [INFO] [MPC] state=(-1.77,-2.92,-4.55) wp0=(-1.85,-2.85) v=+0.200 ω=+1.295 ok=True iters=8
21:42:28 [INFO] [PROG] s*=6.01/8.26 (72.7%) dist_goal=2.02
21:42:28 [INFO] [MPC] state=(-1.77,-2.90,-4.48) wp0=(-1.85,-2.84) v=+0.200 ω=+1.940 ok=True iters=7
21:42:28 [INFO] [PROG] s*=6.02/8.26 (72.8%) dist_goal=2.02
21:42:28 [INFO] [MPC] state=(-1.77,-2.89,-4.38) wp0=(-1.85,-2.83) v=+0.200 ω=+2.313 ok=True iters=10
21:42:28 [INFO] [PROG] s*=6.03/8.26 (72.9%) dist_goal=2.01
21:42:28 [INFO] [MPC] state=(-1.78,-2.88,-4.26) wp0=(-1.85,-2.82) v=+0.200 ω=+2.120 ok=True iters=7
21:42:28 [INFO] [PROG] s*=6.04/8.26 (73.1%) dist_goal=2.00
21:42:28 [INFO] [MPC] state=(-1.78,-2.87,-4.15) wp0=(-1.85,-2.81) v=+0.200 ω=+1.889 ok=True iters=7
21:42:29 [INFO] [PROG] s*=6.05/8.26 (73.2%) dist_goal=1.99
21:42:29 [INFO] [MPC] state=(-1.79,-2.86,-4.04) wp0=(-1.85,-2.80) v=+0.200 ω=+1.563 ok=True iters=7
21:42:29 [INFO] [PROG] s*=6.06/8.26 (73.3%) dist_goal=1.98
21:42:29 [INFO] [MPC] state=(-1.80,-2.85,-3.96) wp0=(-1.85,-2.79) v=+0.200 ω=+1.461 ok=True iters=7
21:42:29 [INFO] [PROG] s*=6.07/8.26 (73.4%) dist_goal=1.97
21:42:29 [INFO] [MPC] state=(-1.81,-2.84,-3.88) wp0=(-1.85,-2.78) v=+0.200 ω=+1.208 ok=True iters=7
21:42:29 [INFO] [PROG] s*=6.08/8.26 (73.6%) dist_goal=1.95
21:42:29 [INFO] [MPC] state=(-1.82,-2.83,-3.81) wp0=(-1.85,-2.77) v=+0.200 ω=+1.033 ok=True iters=7
21:42:29 [INFO] [PROG] s*=6.09/8.26 (73.7%) dist_goal=1.93
21:42:29 [INFO] [MPC] state=(-1.83,-2.82,-3.75) wp0=(-1.85,-2.76) v=+0.200 ω=+0.690 ok=True iters=8
21:42:29 [INFO] [PROG] s*=6.10/8.26 (73.8%) dist_goal=1.92
21:42:29 [INFO] [MPC] state=(-1.85,-2.81,-3.71) wp0=(-1.85,-2.75) v=+0.200 ω=+0.509 ok=True iters=8
21:42:29 [INFO] [PROG] s*=6.10/8.26 (73.9%) dist_goal=1.90
21:42:29 [INFO] [MPC] state=(-1.87,-2.80,-3.68) wp0=(-1.85,-2.75) v=+0.200 ω=+1.584 ok=True iters=11
21:42:29 [INFO] [PROG] s*=6.10/8.26 (73.9%) dist_goal=1.90
21:42:29 [INFO] [MPC] state=(-1.88,-2.80,-3.60) wp0=(-1.85,-2.75) v=+0.030 ω=+1.352 ok=True iters=10
21:42:29 [INFO] [PROG] s*=6.11/8.26 (73.9%) dist_goal=1.90
21:42:29 [INFO] [MPC] state=(-1.88,-2.80,-3.47) wp0=(-1.86,-2.75) v=+0.030 ω=+0.918 ok=True iters=11
21:42:29 [INFO] [PROG] s*=6.11/8.26 (73.9%) dist_goal=1.90
21:42:29 [INFO] [MPC] state=(-1.88,-2.79,-3.38) wp0=(-1.86,-2.75) v=+0.030 ω=+0.612 ok=True iters=9
21:42:29 [INFO] [PROG] s*=6.11/8.26 (73.9%) dist_goal=1.89
21:42:29 [INFO] [MPC] state=(-1.88,-2.79,-3.31) wp0=(-1.86,-2.75) v=+0.030 ω=+0.384 ok=True iters=11
21:42:29 [INFO] [PROG] s*=6.11/8.26 (73.9%) dist_goal=1.89
21:42:29 [INFO] [MPC] state=(-1.89,-2.79,-3.28) wp0=(-1.86,-2.75) v=+0.030 ω=+0.254 ok=True iters=13
21:42:29 [INFO] [PROG] s*=6.11/8.26 (73.9%) dist_goal=1.89
21:42:29 [INFO] [MPC] state=(-1.89,-2.79,-3.25) wp0=(-1.86,-2.75) v=+0.030 ω=+0.148 ok=True iters=10
21:42:29 [INFO] [PROG] s*=6.20/8.26 (75.0%) dist_goal=1.89
21:42:29 [INFO] [MPC] state=(-1.89,-2.79,-3.23) wp0=(-1.95,-2.75) v=+0.030 ω=+0.091 ok=True iters=10
21:42:29 [INFO] [PROG] s*=6.20/8.26 (75.0%) dist_goal=1.88
21:42:29 [INFO] [MPC] state=(-1.90,-2.79,-3.22) wp0=(-1.95,-2.75) v=+0.030 ω=-0.679 ok=True iters=9
21:42:29 [INFO] [PROG] s*=6.20/8.26 (75.0%) dist_goal=1.88
21:42:29 [INFO] [MPC] state=(-1.90,-2.79,-3.29) wp0=(-1.95,-2.75) v=+0.030 ω=+0.106 ok=True iters=10
21:42:29 [INFO] [PROG] s*=6.20/8.26 (75.1%) dist_goal=1.88
21:42:29 [INFO] [MPC] state=(-1.90,-2.79,-3.28) wp0=(-1.95,-2.75) v=+0.030 ω=+0.068 ok=True iters=11
21:42:29 [INFO] [PROG] s*=6.21/8.26 (75.1%) dist_goal=1.87
21:42:29 [INFO] [MPC] state=(-1.90,-2.79,-3.28) wp0=(-1.96,-2.75) v=+0.030 ω=+0.039 ok=True iters=11
21:42:29 [INFO] [PROG] s*=6.21/8.26 (75.1%) dist_goal=1.87
21:42:29 [INFO] [MPC] state=(-1.91,-2.79,-3.27) wp0=(-1.96,-2.75) v=+0.030 ω=+0.018 ok=True iters=11
21:42:29 [INFO] [PROG] s*=6.21/8.26 (75.2%) dist_goal=1.87
21:42:29 [INFO] [MPC] state=(-1.91,-2.79,-3.27) wp0=(-1.96,-2.75) v=+0.030 ω=+0.006 ok=True iters=11
21:42:29 [INFO] [PROG] s*=6.21/8.26 (75.2%) dist_goal=1.87
21:42:29 [INFO] [MPC] state=(-1.91,-2.79,-3.27) wp0=(-1.96,-2.75) v=+0.030 ω=-0.000 ok=True iters=10
21:42:29 [INFO] [PROG] s*=6.22/8.26 (75.3%) dist_goal=1.86
21:42:29 [INFO] [MPC] state=(-1.91,-2.79,-3.27) wp0=(-1.97,-2.75) v=+0.030 ω=-0.004 ok=True iters=10
21:42:29 [INFO] [PROG] s*=6.22/8.26 (75.3%) dist_goal=1.86
21:42:29 [INFO] [MPC] state=(-1.92,-2.79,-3.27) wp0=(-1.97,-2.75) v=+0.030 ω=-0.007 ok=True iters=10
21:42:29 [INFO] [PROG] s*=6.22/8.26 (75.3%) dist_goal=1.86
21:42:29 [INFO] [MPC] state=(-1.92,-2.79,-3.27) wp0=(-1.97,-2.75) v=+0.030 ω=-0.009 ok=True iters=10
21:42:29 [INFO] [PROG] s*=6.23/8.26 (75.4%) dist_goal=1.85
21:42:29 [INFO] [MPC] state=(-1.92,-2.79,-3.27) wp0=(-1.98,-2.75) v=+0.030 ω=-0.012 ok=True iters=10
21:42:29 [INFO] [PROG] s*=6.23/8.26 (75.4%) dist_goal=1.85
21:42:29 [INFO] [MPC] state=(-1.93,-2.79,-3.27) wp0=(-1.98,-2.75) v=+0.030 ω=-0.012 ok=True iters=12
21:42:29 [INFO] [PROG] s*=6.23/8.26 (75.4%) dist_goal=1.85
21:42:29 [INFO] [MPC] state=(-1.93,-2.79,-3.28) wp0=(-1.98,-2.75) v=+0.030 ω=-0.243 ok=True iters=12
21:42:29 [INFO] [PROG] s*=6.23/8.26 (75.5%) dist_goal=1.85
21:42:29 [INFO] [MPC] state=(-1.93,-2.79,-3.30) wp0=(-1.98,-2.75) v=+0.030 ω=+0.211 ok=True iters=11
21:42:29 [INFO] [PROG] s*=6.24/8.26 (75.5%) dist_goal=1.84
21:42:29 [INFO] [MPC] state=(-1.93,-2.79,-3.28) wp0=(-1.99,-2.75) v=+0.030 ω=-0.556 ok=True iters=13
21:42:29 [INFO] [PROG] s*=6.24/8.26 (75.5%) dist_goal=1.84
21:42:29 [INFO] [MPC] state=(-1.94,-2.79,-3.33) wp0=(-1.99,-2.75) v=+0.030 ω=-1.156 ok=True iters=8
21:42:29 [INFO] [PROG] s*=6.24/8.26 (75.6%) dist_goal=1.84
21:42:29 [INFO] [MPC] state=(-1.94,-2.79,-3.45) wp0=(-1.99,-2.75) v=+0.030 ω=-0.565 ok=True iters=12
21:42:29 [INFO] [PROG] s*=6.26/8.26 (75.7%) dist_goal=1.82
21:42:29 [INFO] [MPC] state=(-1.94,-2.78,-3.51) wp0=(-2.01,-2.75) v=+0.200 ω=-0.402 ok=True iters=8
21:42:29 [INFO] [PROG] s*=6.28/8.26 (76.0%) dist_goal=1.80
21:42:29 [INFO] [MPC] state=(-1.96,-2.78,-3.55) wp0=(-2.03,-2.75) v=+0.200 ω=-0.010 ok=True iters=7
21:42:29 [INFO] [PROG] s*=6.29/8.26 (76.2%) dist_goal=1.78
21:42:29 [INFO] [MPC] state=(-1.98,-2.77,-3.55) wp0=(-2.04,-2.75) v=+0.200 ω=+0.136 ok=True iters=7
21:42:29 [INFO] [PROG] s*=6.31/8.26 (76.4%) dist_goal=1.76
21:42:29 [INFO] [MPC] state=(-1.99,-2.76,-3.54) wp0=(-2.06,-2.75) v=+0.200 ω=+0.139 ok=True iters=7
21:42:29 [INFO] [PROG] s*=6.33/8.26 (76.6%) dist_goal=1.74
21:42:29 [INFO] [MPC] state=(-2.01,-2.75,-3.52) wp0=(-2.08,-2.75) v=+0.200 ω=+0.258 ok=True iters=7
21:42:29 [INFO] [PROG] s*=6.35/8.26 (76.8%) dist_goal=1.73
21:42:29 [INFO] [MPC] state=(-2.03,-2.75,-3.51) wp0=(-2.10,-2.75) v=+0.200 ω=+0.364 ok=True iters=7
21:42:29 [INFO] [PROG] s*=6.37/8.26 (77.1%) dist_goal=1.71
21:42:29 [INFO] [MPC] state=(-2.05,-2.74,-3.48) wp0=(-2.12,-2.75) v=+0.200 ω=+0.305 ok=True iters=7
21:42:29 [INFO] [PROG] s*=6.39/8.26 (77.3%) dist_goal=1.69
21:42:29 [INFO] [MPC] state=(-2.07,-2.73,-3.46) wp0=(-2.14,-2.75) v=+0.200 ω=+0.319 ok=True iters=7
21:42:29 [INFO] [PROG] s*=6.40/8.26 (77.5%) dist_goal=1.67
21:42:29 [INFO] [MPC] state=(-2.09,-2.73,-3.44) wp0=(-2.15,-2.75) v=+0.200 ω=+0.347 ok=True iters=7
21:42:29 [INFO] [PROG] s*=6.42/8.26 (77.7%) dist_goal=1.65
21:42:29 [INFO] [MPC] state=(-2.10,-2.72,-3.42) wp0=(-2.17,-2.75) v=+0.200 ω=+0.856 ok=True iters=7
21:42:29 [INFO] [PROG] s*=6.44/8.26 (77.9%) dist_goal=1.63
21:42:29 [INFO] [MPC] state=(-2.12,-2.72,-3.37) wp0=(-2.19,-2.75) v=+0.200 ω=+0.221 ok=True iters=7
21:42:29 [INFO] [PROG] s*=6.46/8.26 (78.2%) dist_goal=1.61
21:42:29 [INFO] [MPC] state=(-2.14,-2.71,-3.35) wp0=(-2.21,-2.75) v=+0.200 ω=+0.230 ok=True iters=7
21:42:29 [INFO] [PROG] s*=6.48/8.26 (78.4%) dist_goal=1.59
21:42:29 [INFO] [MPC] state=(-2.16,-2.71,-3.33) wp0=(-2.23,-2.75) v=+0.200 ω=+0.250 ok=True iters=7
21:42:29 [INFO] [PROG] s*=6.49/8.26 (78.6%) dist_goal=1.58
21:42:29 [INFO] [MPC] state=(-2.18,-2.71,-3.32) wp0=(-2.24,-2.75) v=+0.200 ω=+0.742 ok=True iters=7
21:42:29 [INFO] [PROG] s*=6.51/8.26 (78.8%) dist_goal=1.56
21:42:29 [INFO] [MPC] state=(-2.19,-2.70,-3.28) wp0=(-2.26,-2.75) v=+0.200 ω=+0.683 ok=True iters=7
21:42:29 [INFO] [PROG] s*=6.53/8.26 (79.0%) dist_goal=1.54
21:42:29 [INFO] [MPC] state=(-2.21,-2.70,-3.24) wp0=(-2.28,-2.75) v=+0.200 ω=+0.470 ok=True iters=7
21:42:29 [INFO] [PROG] s*=6.55/8.26 (79.3%) dist_goal=1.52
21:42:29 [INFO] [MPC] state=(-2.23,-2.70,-3.21) wp0=(-2.30,-2.75) v=+0.200 ω=+0.429 ok=True iters=7
21:42:29 [INFO] [PROG] s*=6.57/8.26 (79.5%) dist_goal=1.50
21:42:29 [INFO] [MPC] state=(-2.25,-2.70,-3.18) wp0=(-2.32,-2.75) v=+0.200 ω=+0.387 ok=True iters=7
21:42:29 [INFO] [PROG] s*=6.59/8.26 (79.7%) dist_goal=1.48
21:42:29 [INFO] [MPC] state=(-2.27,-2.70,-3.16) wp0=(-2.34,-2.75) v=+0.200 ω=+0.195 ok=True iters=7
21:42:29 [INFO] [PROG] s*=6.61/8.26 (80.0%) dist_goal=1.46
21:42:29 [INFO] [MPC] state=(-2.29,-2.70,-3.15) wp0=(-2.36,-2.75) v=+0.200 ω=+0.161 ok=True iters=7
21:42:29 [INFO] [PROG] s*=6.63/8.26 (80.2%) dist_goal=1.44
21:42:29 [INFO] [MPC] state=(-2.31,-2.70,-3.14) wp0=(-2.38,-2.75) v=+0.200 ω=+0.133 ok=True iters=7
21:42:29 [INFO] [PROG] s*=6.65/8.26 (80.5%) dist_goal=1.42
21:42:29 [INFO] [MPC] state=(-2.33,-2.70,-3.13) wp0=(-2.40,-2.75) v=+0.200 ω=+0.105 ok=True iters=7
21:42:29 [INFO] [PROG] s*=6.67/8.26 (80.7%) dist_goal=1.40
21:42:29 [INFO] [MPC] state=(-2.35,-2.70,-3.12) wp0=(-2.42,-2.75) v=+0.200 ω=+0.071 ok=True iters=7
21:42:29 [INFO] [PROG] s*=6.69/8.26 (80.9%) dist_goal=1.38
21:42:29 [INFO] [MPC] state=(-2.37,-2.70,-3.11) wp0=(-2.44,-2.75) v=+0.200 ω=-0.109 ok=True iters=7
21:42:29 [INFO] [PROG] s*=6.71/8.26 (81.2%) dist_goal=1.36
21:42:29 [INFO] [MPC] state=(-2.39,-2.70,-3.12) wp0=(-2.46,-2.75) v=+0.200 ω=+0.058 ok=True iters=7
21:42:29 [INFO] [PROG] s*=6.73/8.26 (81.4%) dist_goal=1.34
21:42:29 [INFO] [MPC] state=(-2.41,-2.70,-3.11) wp0=(-2.48,-2.75) v=+0.200 ω=-0.117 ok=True iters=7
21:42:29 [INFO] [PROG] s*=6.75/8.26 (81.7%) dist_goal=1.33
21:42:29 [INFO] [MPC] state=(-2.43,-2.70,-3.12) wp0=(-2.50,-2.75) v=+0.200 ω=+0.053 ok=True iters=7
21:42:29 [INFO] [PROG] s*=6.77/8.26 (81.9%) dist_goal=1.31
21:42:29 [INFO] [MPC] state=(-2.45,-2.70,-3.12) wp0=(-2.52,-2.75) v=+0.200 ω=+0.031 ok=True iters=7
21:42:29 [INFO] [PROG] s*=6.79/8.26 (82.2%) dist_goal=1.29
21:42:29 [INFO] [MPC] state=(-2.47,-2.70,-3.12) wp0=(-2.54,-2.75) v=+0.200 ω=-0.136 ok=True iters=7
21:42:29 [INFO] [PROG] s*=6.81/8.26 (82.4%) dist_goal=1.27
21:42:29 [INFO] [MPC] state=(-2.49,-2.70,-3.13) wp0=(-2.56,-2.75) v=+0.200 ω=+0.036 ok=True iters=7
21:42:29 [INFO] [PROG] s*=6.83/8.26 (82.7%) dist_goal=1.25
21:42:29 [INFO] [MPC] state=(-2.51,-2.70,-3.12) wp0=(-2.58,-2.75) v=+0.200 ω=+0.021 ok=True iters=7
21:42:29 [INFO] [PROG] s*=6.85/8.26 (82.9%) dist_goal=1.23
21:42:29 [INFO] [MPC] state=(-2.53,-2.70,-3.12) wp0=(-2.60,-2.75) v=+0.200 ω=+0.008 ok=True iters=7
21:42:29 [INFO] [PROG] s*=6.87/8.26 (83.1%) dist_goal=1.21
21:42:29 [INFO] [MPC] state=(-2.55,-2.70,-3.12) wp0=(-2.62,-2.75) v=+0.200 ω=-0.440 ok=True iters=7
21:42:29 [INFO] [PROG] s*=6.89/8.26 (83.4%) dist_goal=1.19
21:42:29 [INFO] [MPC] state=(-2.57,-2.70,-3.15) wp0=(-2.64,-2.75) v=+0.200 ω=-0.368 ok=True iters=7
21:42:29 [INFO] [PROG] s*=6.91/8.26 (83.6%) dist_goal=1.17
21:42:29 [INFO] [MPC] state=(-2.59,-2.70,-3.18) wp0=(-2.66,-2.75) v=+0.200 ω=+0.310 ok=True iters=7
21:42:29 [INFO] [PROG] s*=6.93/8.26 (83.8%) dist_goal=1.15
21:42:29 [INFO] [MPC] state=(-2.61,-2.70,-3.16) wp0=(-2.68,-2.75) v=+0.200 ω=+0.111 ok=True iters=7
21:42:29 [INFO] [PROG] s*=6.95/8.26 (84.1%) dist_goal=1.13
21:42:29 [INFO] [MPC] state=(-2.63,-2.70,-3.15) wp0=(-2.70,-2.75) v=+0.200 ω=+0.092 ok=True iters=7
21:42:29 [INFO] [PROG] s*=6.97/8.26 (84.3%) dist_goal=1.11
21:42:29 [INFO] [MPC] state=(-2.65,-2.70,-3.14) wp0=(-2.72,-2.75) v=+0.200 ω=+0.071 ok=True iters=7
21:42:29 [INFO] [PROG] s*=6.99/8.26 (84.6%) dist_goal=1.09
21:42:29 [INFO] [MPC] state=(-2.67,-2.70,-3.13) wp0=(-2.74,-2.75) v=+0.200 ω=+0.049 ok=True iters=7
21:42:29 [INFO] [PROG] s*=7.01/8.26 (84.8%) dist_goal=1.07
21:42:29 [INFO] [MPC] state=(-2.69,-2.70,-3.13) wp0=(-2.76,-2.75) v=+0.200 ω=+0.032 ok=True iters=7
21:42:29 [INFO] [PROG] s*=7.03/8.26 (85.1%) dist_goal=1.05
21:42:29 [INFO] [MPC] state=(-2.71,-2.70,-3.12) wp0=(-2.78,-2.75) v=+0.200 ω=+0.014 ok=True iters=7
21:42:29 [INFO] [PROG] s*=7.05/8.26 (85.3%) dist_goal=1.03
21:42:29 [INFO] [MPC] state=(-2.73,-2.70,-3.12) wp0=(-2.80,-2.75) v=+0.200 ω=-0.443 ok=True iters=7
21:42:29 [INFO] [PROG] s*=7.07/8.26 (85.5%) dist_goal=1.02
21:42:29 [INFO] [MPC] state=(-2.75,-2.70,-3.15) wp0=(-2.82,-2.75) v=+0.200 ω=-0.387 ok=True iters=7
21:42:29 [INFO] [PROG] s*=7.09/8.26 (85.7%) dist_goal=1.00
21:42:29 [INFO] [MPC] state=(-2.77,-2.70,-3.18) wp0=(-2.84,-2.75) v=+0.200 ω=+0.287 ok=True iters=7
21:42:29 [INFO] [PROG] s*=7.11/8.26 (86.0%) dist_goal=0.98
21:42:29 [INFO] [MPC] state=(-2.79,-2.70,-3.16) wp0=(-2.86,-2.75) v=+0.200 ω=+0.087 ok=True iters=7
21:42:29 [INFO] [PROG] s*=7.13/8.26 (86.2%) dist_goal=0.96
21:42:29 [INFO] [MPC] state=(-2.81,-2.70,-3.15) wp0=(-2.88,-2.75) v=+0.200 ω=+0.057 ok=True iters=7
21:42:29 [INFO] [PROG] s*=7.15/8.26 (86.5%) dist_goal=0.94
21:42:29 [INFO] [MPC] state=(-2.83,-2.70,-3.15) wp0=(-2.90,-2.75) v=+0.200 ω=+0.029 ok=True iters=7
21:42:29 [INFO] [PROG] s*=7.17/8.26 (86.7%) dist_goal=0.92
21:42:29 [INFO] [MPC] state=(-2.85,-2.70,-3.14) wp0=(-2.92,-2.75) v=+0.200 ω=+0.005 ok=True iters=7
21:42:29 [INFO] [PROG] s*=7.19/8.26 (87.0%) dist_goal=0.90
21:42:29 [INFO] [MPC] state=(-2.87,-2.70,-3.14) wp0=(-2.94,-2.75) v=+0.200 ω=-0.009 ok=True iters=7
21:42:29 [INFO] [PROG] s*=7.21/8.26 (87.2%) dist_goal=0.88
21:42:29 [INFO] [MPC] state=(-2.89,-2.70,-3.14) wp0=(-2.96,-2.75) v=+0.200 ω=-0.021 ok=True iters=7
21:42:29 [INFO] [PROG] s*=7.23/8.26 (87.5%) dist_goal=0.86
21:42:29 [INFO] [MPC] state=(-2.91,-2.70,-3.15) wp0=(-2.98,-2.75) v=+0.200 ω=-0.027 ok=True iters=7
21:42:29 [INFO] [PROG] s*=7.25/8.26 (87.7%) dist_goal=0.84
21:42:29 [INFO] [MPC] state=(-2.93,-2.70,-3.15) wp0=(-3.00,-2.75) v=+0.200 ω=-0.032 ok=True iters=7
21:42:29 [INFO] [PROG] s*=7.27/8.26 (88.0%) dist_goal=0.82
21:42:29 [INFO] [MPC] state=(-2.95,-2.70,-3.15) wp0=(-3.02,-2.75) v=+0.200 ω=-0.036 ok=True iters=7
21:42:29 [INFO] [PROG] s*=7.29/8.26 (88.2%) dist_goal=0.80
21:42:29 [INFO] [MPC] state=(-2.97,-2.70,-3.15) wp0=(-3.04,-2.75) v=+0.200 ω=-0.052 ok=True iters=7
21:42:29 [INFO] [PROG] s*=7.31/8.26 (88.4%) dist_goal=0.78
21:42:29 [INFO] [MPC] state=(-2.99,-2.70,-3.16) wp0=(-3.06,-2.75) v=+0.200 ω=-0.434 ok=True iters=7
21:42:29 [INFO] [PROG] s*=7.32/8.26 (88.6%) dist_goal=0.77
21:42:29 [INFO] [MPC] state=(-3.01,-2.70,-3.19) wp0=(-3.07,-2.75) v=+0.196 ω=-0.625 ok=True iters=8
21:42:29 [INFO] [PROG] s*=7.34/8.26 (88.9%) dist_goal=0.75
21:42:29 [INFO] [MPC] state=(-3.02,-2.70,-3.23) wp0=(-3.09,-2.75) v=+0.192 ω=-0.735 ok=True iters=8
21:42:29 [INFO] [PROG] s*=7.36/8.26 (89.1%) dist_goal=0.73
21:42:29 [INFO] [MPC] state=(-3.04,-2.70,-3.28) wp0=(-3.11,-2.75) v=+0.187 ω=-0.148 ok=True iters=8
21:42:29 [INFO] [PROG] s*=7.38/8.26 (89.3%) dist_goal=0.71
21:42:29 [INFO] [MPC] state=(-3.06,-2.69,-3.30) wp0=(-3.13,-2.75) v=+0.183 ω=-0.203 ok=True iters=8
21:42:29 [INFO] [PROG] s*=7.40/8.26 (89.5%) dist_goal=0.69
21:42:29 [INFO] [MPC] state=(-3.08,-2.69,-3.32) wp0=(-3.15,-2.75) v=+0.178 ω=-0.148 ok=True iters=8
21:42:29 [INFO] [PROG] s*=7.41/8.26 (89.7%) dist_goal=0.68
21:42:29 [INFO] [MPC] state=(-3.10,-2.69,-3.33) wp0=(-3.16,-2.74) v=+0.174 ω=+0.492 ok=True iters=9
21:42:29 [INFO] [PROG] s*=7.48/8.26 (90.6%) dist_goal=0.66
21:42:29 [INFO] [MPC] state=(-3.11,-2.68,-3.28) wp0=(-3.21,-2.69) v=+0.170 ω=+0.428 ok=True iters=8
21:42:29 [INFO] [PROG] s*=7.49/8.26 (90.7%) dist_goal=0.65
21:42:29 [INFO] [MPC] state=(-3.13,-2.68,-3.24) wp0=(-3.22,-2.68) v=+0.165 ω=+1.190 ok=True iters=8
21:42:29 [INFO] [PROG] s*=7.50/8.26 (90.8%) dist_goal=0.64
21:42:29 [INFO] [MPC] state=(-3.14,-2.68,-3.16) wp0=(-3.22,-2.68) v=+0.162 ω=+0.994 ok=True iters=8
21:42:29 [INFO] [PROG] s*=7.51/8.26 (90.9%) dist_goal=0.62
21:42:29 [INFO] [MPC] state=(-3.16,-2.68,-3.09) wp0=(-3.23,-2.67) v=+0.159 ω=+0.633 ok=True iters=8
21:42:29 [INFO] [PROG] s*=7.52/8.26 (91.0%) dist_goal=0.61
21:42:29 [INFO] [MPC] state=(-3.17,-2.68,-3.03) wp0=(-3.24,-2.66) v=+0.156 ω=+0.357 ok=True iters=8
21:42:29 [INFO] [PROG] s*=7.53/8.26 (91.1%) dist_goal=0.60
21:42:29 [INFO] [MPC] state=(-3.19,-2.69,-2.99) wp0=(-3.24,-2.66) v=+0.153 ω=-0.072 ok=True iters=8
21:42:29 [INFO] [PROG] s*=7.54/8.26 (91.3%) dist_goal=0.58
21:42:29 [INFO] [MPC] state=(-3.20,-2.69,-3.00) wp0=(-3.25,-2.65) v=+0.149 ω=-0.339 ok=True iters=8
21:42:29 [INFO] [PROG] s*=7.55/8.26 (91.4%) dist_goal=0.57
21:42:29 [INFO] [MPC] state=(-3.22,-2.69,-3.03) wp0=(-3.26,-2.65) v=+0.146 ω=-0.482 ok=True iters=8
21:42:29 [INFO] [PROG] s*=7.56/8.26 (91.5%) dist_goal=0.56
21:42:29 [INFO] [MPC] state=(-3.23,-2.69,-3.08) wp0=(-3.27,-2.65) v=+0.143 ω=-1.001 ok=True iters=9
21:42:29 [INFO] [PROG] s*=7.57/8.26 (91.6%) dist_goal=0.55
21:42:29 [INFO] [MPC] state=(-3.25,-2.69,-3.18) wp0=(-3.28,-2.65) v=+0.140 ω=-0.828 ok=True iters=9
21:42:29 [INFO] [PROG] s*=7.62/8.26 (92.2%) dist_goal=0.53
21:42:29 [INFO] [MPC] state=(-3.26,-2.69,-3.27) wp0=(-3.32,-2.65) v=+0.136 ω=-0.463 ok=True iters=10
21:42:29 [INFO] [PROG] s*=7.63/8.26 (92.3%) dist_goal=0.52
21:42:29 [INFO] [MPC] state=(-3.27,-2.69,-3.31) wp0=(-3.34,-2.65) v=+0.133 ω=-0.097 ok=True iters=12
21:42:29 [INFO] [PROG] s*=7.64/8.26 (92.5%) dist_goal=0.51
21:42:29 [INFO] [MPC] state=(-3.29,-2.68,-3.32) wp0=(-3.35,-2.65) v=+0.130 ω=-0.013 ok=True iters=8
21:42:29 [INFO] [PROG] s*=7.65/8.26 (92.6%) dist_goal=0.49
21:42:29 [INFO] [MPC] state=(-3.30,-2.68,-3.33) wp0=(-3.36,-2.64) v=+0.127 ω=-0.001 ok=True iters=8
21:42:29 [INFO] [PROG] s*=7.67/8.26 (92.8%) dist_goal=0.48
21:42:29 [INFO] [MPC] state=(-3.31,-2.68,-3.33) wp0=(-3.37,-2.63) v=+0.123 ω=+0.134 ok=True iters=7
21:42:29 [INFO] [PROG] s*=7.68/8.26 (92.9%) dist_goal=0.47
21:42:29 [INFO] [MPC] state=(-3.33,-2.68,-3.31) wp0=(-3.38,-2.62) v=+0.121 ω=+0.715 ok=True iters=7
21:42:29 [INFO] [PROG] s*=7.69/8.26 (93.0%) dist_goal=0.46
21:42:29 [INFO] [MPC] state=(-3.34,-2.68,-3.24) wp0=(-3.38,-2.62) v=+0.118 ω=+0.826 ok=True iters=7
21:42:29 [INFO] [PROG] s*=7.69/8.26 (93.1%) dist_goal=0.45
21:42:29 [INFO] [MPC] state=(-3.35,-2.68,-3.16) wp0=(-3.39,-2.61) v=+0.115 ω=+0.757 ok=True iters=7
21:42:29 [INFO] [PROG] s*=7.69/8.26 (93.1%) dist_goal=0.44
21:42:29 [INFO] [MPC] state=(-3.36,-2.68,-3.09) wp0=(-3.39,-2.61) v=+0.113 ω=+0.620 ok=True iters=7
21:42:29 [INFO] [PROG] s*=7.69/8.26 (93.1%) dist_goal=0.44
21:42:29 [INFO] [MPC] state=(-3.37,-2.68,-3.03) wp0=(-3.39,-2.61) v=+0.111 ω=+0.262 ok=True iters=7
21:42:29 [INFO] [PROG] s*=7.70/8.26 (93.2%) dist_goal=0.43
21:42:29 [INFO] [MPC] state=(-3.38,-2.68,-3.01) wp0=(-3.39,-2.61) v=+0.109 ω=+0.181 ok=True iters=7
21:42:29 [INFO] [PROG] s*=7.70/8.26 (93.2%) dist_goal=0.42
21:42:29 [INFO] [MPC] state=(-3.39,-2.68,-2.99) wp0=(-3.39,-2.61) v=+0.107 ω=+0.184 ok=True iters=7
21:42:29 [INFO] [PROG] s*=7.71/8.26 (93.3%) dist_goal=0.41
21:42:29 [INFO] [MPC] state=(-3.40,-2.68,-2.97) wp0=(-3.40,-2.60) v=+0.105 ω=+0.149 ok=True iters=7
21:42:29 [INFO] [PROG] s*=7.72/8.26 (93.4%) dist_goal=0.40
21:42:29 [INFO] [MPC] state=(-3.41,-2.68,-2.96) wp0=(-3.40,-2.60) v=+0.103 ω=-0.301 ok=True iters=7
21:42:29 [INFO] [PROG] s*=7.72/8.26 (93.5%) dist_goal=0.40
21:42:29 [INFO] [MPC] state=(-3.42,-2.69,-2.99) wp0=(-3.41,-2.59) v=+0.101 ω=-0.074 ok=True iters=7
21:42:29 [INFO] [PROG] s*=7.73/8.26 (93.5%) dist_goal=0.39
21:42:29 [INFO] [MPC] state=(-3.43,-2.69,-2.99) wp0=(-3.41,-2.59) v=+0.099 ω=-0.023 ok=True iters=7
21:42:29 [INFO] [PROG] s*=7.73/8.26 (93.6%) dist_goal=0.38
21:42:29 [INFO] [MPC] state=(-3.44,-2.69,-3.00) wp0=(-3.42,-2.58) v=+0.098 ω=-0.370 ok=True iters=7
21:42:29 [INFO] [PROG] s*=7.74/8.26 (93.7%) dist_goal=0.38
21:42:29 [INFO] [MPC] state=(-3.45,-2.69,-3.03) wp0=(-3.42,-2.58) v=+0.096 ω=+0.183 ok=True iters=7
21:42:29 [INFO] [PROG] s*=7.75/8.26 (93.8%) dist_goal=0.37
21:42:29 [INFO] [MPC] state=(-3.46,-2.69,-3.02) wp0=(-3.42,-2.58) v=+0.094 ω=-0.273 ok=True iters=7
21:42:29 [INFO] [PROG] s*=7.75/8.26 (93.8%) dist_goal=0.36
21:42:29 [INFO] [MPC] state=(-3.47,-2.69,-3.04) wp0=(-3.43,-2.57) v=+0.092 ω=-0.132 ok=True iters=8
21:42:29 [INFO] [PROG] s*=7.76/8.26 (93.9%) dist_goal=0.36
21:42:29 [INFO] [MPC] state=(-3.48,-2.69,-3.06) wp0=(-3.43,-2.57) v=+0.091 ω=-0.107 ok=True iters=8
21:42:29 [INFO] [PROG] s*=7.76/8.26 (94.0%) dist_goal=0.35
21:42:29 [INFO] [MPC] state=(-3.49,-2.69,-3.07) wp0=(-3.44,-2.56) v=+0.089 ω=-0.089 ok=True iters=8
21:42:29 [INFO] [PROG] s*=7.77/8.26 (94.0%) dist_goal=0.35
21:42:29 [INFO] [MPC] state=(-3.50,-2.69,-3.08) wp0=(-3.44,-2.56) v=+0.088 ω=-0.075 ok=True iters=7
21:42:29 [INFO] [PROG] s*=7.90/8.26 (95.6%) dist_goal=0.34
21:42:29 [INFO] [MPC] state=(-3.51,-2.69,-3.08) wp0=(-3.56,-2.55) v=+0.086 ω=-0.065 ok=True iters=7
21:42:29 [INFO] [PROG] s*=7.91/8.26 (95.7%) dist_goal=0.33
21:42:29 [INFO] [MPC] state=(-3.51,-2.70,-3.09) wp0=(-3.57,-2.55) v=+0.085 ω=-0.072 ok=True iters=8
21:42:29 [INFO] [PROG] s*=7.91/8.26 (95.8%) dist_goal=0.33
21:42:29 [INFO] [MPC] state=(-3.52,-2.70,-3.10) wp0=(-3.58,-2.55) v=+0.084 ω=-0.015 ok=True iters=8
21:42:29 [INFO] [PROG] s*=7.92/8.26 (95.9%) dist_goal=0.32
21:42:29 [INFO] [MPC] state=(-3.53,-2.70,-3.10) wp0=(-3.59,-2.55) v=+0.082 ω=-0.018 ok=True iters=8
21:42:29 [INFO] [PROG] s*=7.93/8.26 (96.0%) dist_goal=0.32
21:42:29 [INFO] [MPC] state=(-3.54,-2.70,-3.10) wp0=(-3.60,-2.55) v=+0.081 ω=-0.396 ok=True iters=8
21:42:29 [INFO] [PROG] s*=7.94/8.26 (96.1%) dist_goal=0.31
21:42:29 [INFO] [MPC] state=(-3.55,-2.70,-3.14) wp0=(-3.61,-2.55) v=+0.080 ω=+0.105 ok=True iters=8
21:42:29 [INFO] [PROG] s*=7.95/8.26 (96.2%) dist_goal=0.31
21:42:29 [INFO] [MPC] state=(-3.56,-2.70,-3.13) wp0=(-3.61,-2.55) v=+0.078 ω=+0.073 ok=True iters=8
21:42:29 [INFO] [PROG] s*=7.95/8.26 (96.3%) dist_goal=0.30
21:42:29 [INFO] [MPC] state=(-3.56,-2.70,-3.13) wp0=(-3.62,-2.55) v=+0.077 ω=+0.049 ok=True iters=8
21:42:29 [INFO] [PROG] s*=7.96/8.26 (96.4%) dist_goal=0.30
21:42:29 [INFO] [MPC] state=(-3.57,-2.70,-3.12) wp0=(-3.63,-2.55) v=+0.076 ω=+0.032 ok=True iters=8
21:42:29 [INFO] [PROG] s*=7.97/8.26 (96.4%) dist_goal=0.30
21:42:29 [INFO] [MPC] state=(-3.58,-2.70,-3.12) wp0=(-3.64,-2.55) v=+0.075 ω=+0.019 ok=True iters=8
21:42:29 [INFO] [PROG] s*=7.98/8.26 (96.5%) dist_goal=0.29
21:42:29 [INFO] [MPC] state=(-3.59,-2.70,-3.12) wp0=(-3.64,-2.55) v=+0.074 ω=+0.008 ok=True iters=8
21:42:29 [INFO] [PROG] s*=7.98/8.26 (96.6%) dist_goal=0.29
21:42:29 [INFO] [MPC] state=(-3.59,-2.70,-3.12) wp0=(-3.65,-2.55) v=+0.073 ω=+0.000 ok=True iters=9
21:42:29 [INFO] [PROG] s*=7.99/8.26 (96.7%) dist_goal=0.29
21:42:29 [INFO] [MPC] state=(-3.60,-2.70,-3.11) wp0=(-3.66,-2.55) v=+0.072 ω=-0.005 ok=True iters=9
21:42:29 [INFO] [PROG] s*=8.00/8.26 (96.8%) dist_goal=0.28
21:42:29 [INFO] [MPC] state=(-3.61,-2.70,-3.11) wp0=(-3.67,-2.55) v=+0.071 ω=-0.352 ok=True iters=9
21:42:29 [INFO] [PROG] s*=8.01/8.26 (96.9%) dist_goal=0.28
21:42:29 [INFO] [MPC] state=(-3.62,-2.70,-3.15) wp0=(-3.67,-2.55) v=+0.070 ω=-0.180 ok=True iters=9
21:42:29 [INFO] [PROG] s*=8.01/8.26 (97.0%) dist_goal=0.28
21:42:29 [INFO] [MPC] state=(-3.62,-2.70,-3.17) wp0=(-3.68,-2.55) v=+0.070 ω=-0.072 ok=True iters=9
21:42:29 [INFO] [PROG] s*=8.02/8.26 (97.0%) dist_goal=0.27
21:42:29 [INFO] [MPC] state=(-3.63,-2.70,-3.18) wp0=(-3.69,-2.55) v=+0.069 ω=-0.046 ok=True iters=9
21:42:30 [INFO] [PROG] s*=8.03/8.26 (97.1%) dist_goal=0.27
21:42:30 [INFO] [MPC] state=(-3.64,-2.70,-3.19) wp0=(-3.69,-2.55) v=+0.068 ω=-0.029 ok=True iters=9
21:42:30 [INFO] [PROG] s*=8.03/8.26 (97.2%) dist_goal=0.27
21:42:30 [INFO] [MPC] state=(-3.64,-2.70,-3.19) wp0=(-3.70,-2.55) v=+0.067 ω=-0.017 ok=True iters=9
21:42:30 [INFO] [PROG] s*=8.04/8.26 (97.3%) dist_goal=0.26
21:42:30 [INFO] [MPC] state=(-3.65,-2.70,-3.19) wp0=(-3.71,-2.55) v=+0.066 ω=-0.009 ok=True iters=9
21:42:30 [INFO] [PROG] s*=8.05/8.26 (97.4%) dist_goal=0.26
21:42:30 [INFO] [MPC] state=(-3.66,-2.70,-3.19) wp0=(-3.71,-2.55) v=+0.066 ω=-0.787 ok=True iters=9
21:42:30 [INFO] [PROG] s*=8.05/8.26 (97.5%) dist_goal=0.26
21:42:30 [INFO] [MPC] state=(-3.66,-2.70,-3.27) wp0=(-3.72,-2.55) v=+0.065 ω=-1.998 ok=True iters=11
21:42:30 [INFO] [PROG] s*=8.06/8.26 (97.5%) dist_goal=0.25
21:42:30 [INFO] [MPC] state=(-3.67,-2.69,-3.45) wp0=(-3.72,-2.55) v=+0.064 ω=-2.400 ok=True iters=10
21:42:30 [INFO] [PROG] s*=8.06/8.26 (97.5%) dist_goal=0.25
21:42:30 [INFO] [MPC] state=(-3.67,-2.69,-3.66) wp0=(-3.73,-2.55) v=+0.030 ω=-2.400 ok=True iters=11
21:42:30 [INFO] [PROG] s*=8.06/8.26 (97.6%) dist_goal=0.25
21:42:30 [INFO] [MPC] state=(-3.68,-2.69,-3.89) wp0=(-3.73,-2.55) v=+0.030 ω=-2.027 ok=True iters=12
21:42:30 [INFO] [PROG] s*=8.07/8.26 (97.6%) dist_goal=0.24
21:42:30 [INFO] [MPC] state=(-3.68,-2.69,-4.10) wp0=(-3.73,-2.55) v=+0.030 ω=-1.466 ok=True iters=9
21:42:30 [INFO] [PROG] s*=8.07/8.26 (97.6%) dist_goal=0.24
21:42:30 [INFO] [MPC] state=(-3.68,-2.68,-4.25) wp0=(-3.73,-2.55) v=+0.030 ω=-1.149 ok=True iters=8
21:42:30 [INFO] [PROG] s*=8.07/8.26 (97.6%) dist_goal=0.23
21:42:30 [INFO] [MPC] state=(-3.68,-2.68,-4.36) wp0=(-3.74,-2.55) v=+0.030 ω=-0.902 ok=True iters=8
21:42:30 [INFO] [PROG] s*=8.07/8.26 (97.7%) dist_goal=0.23
21:42:30 [INFO] [MPC] state=(-3.69,-2.67,-4.45) wp0=(-3.74,-2.55) v=+0.030 ω=-0.630 ok=True iters=9
21:42:30 [INFO] [PROG] s*=8.07/8.26 (97.7%) dist_goal=0.23
21:42:30 [INFO] [MPC] state=(-3.69,-2.67,-4.52) wp0=(-3.74,-2.55) v=+0.030 ω=-0.529 ok=True iters=10
21:42:30 [INFO] [PROG] s*=8.07/8.26 (97.7%) dist_goal=0.22
21:42:30 [INFO] [MPC] state=(-3.69,-2.67,-4.57) wp0=(-3.74,-2.55) v=+0.030 ω=-0.357 ok=True iters=10
21:42:30 [INFO] [PROG] s*=8.07/8.26 (97.7%) dist_goal=0.22
21:42:30 [INFO] [MPC] state=(-3.69,-2.66,-4.60) wp0=(-3.74,-2.55) v=+0.030 ω=-0.242 ok=True iters=10
21:42:30 [INFO] [PROG] s*=8.07/8.26 (97.7%) dist_goal=0.22
21:42:30 [INFO] [MPC] state=(-3.69,-2.66,-4.63) wp0=(-3.74,-2.55) v=+0.030 ω=-0.160 ok=True iters=10
21:42:30 [INFO] [PROG] s*=8.07/8.26 (97.7%) dist_goal=0.21
21:42:30 [INFO] [MPC] state=(-3.69,-2.66,-4.64) wp0=(-3.74,-2.55) v=+0.030 ω=-0.224 ok=True iters=10
21:42:30 [INFO] [PROG] s*=8.07/8.26 (97.7%) dist_goal=0.21
21:42:30 [INFO] [MPC] state=(-3.69,-2.66,-4.67) wp0=(-3.74,-2.55) v=+0.030 ω=-0.134 ok=True iters=10
21:42:30 [INFO] [PROG] s*=8.07/8.26 (97.7%) dist_goal=0.21
21:42:30 [INFO] [MPC] state=(-3.69,-2.65,-4.68) wp0=(-3.74,-2.55) v=+0.030 ω=-0.082 ok=True iters=10
21:42:30 [INFO] [PROG] s*=8.07/8.26 (97.7%) dist_goal=0.21
21:42:30 [INFO] [MPC] state=(-3.69,-2.65,-4.69) wp0=(-3.74,-2.55) v=+0.030 ω=-0.052 ok=True iters=10
21:42:30 [INFO] [PROG] s*=8.07/8.26 (97.7%) dist_goal=0.20
21:42:30 [INFO] [MPC] state=(-3.69,-2.65,-4.69) wp0=(-3.74,-2.55) v=+0.030 ω=-0.034 ok=True iters=10
21:42:30 [INFO] [PROG] s*=8.07/8.26 (97.7%) dist_goal=0.20
21:42:30 [INFO] [MPC] state=(-3.69,-2.64,-4.70) wp0=(-3.74,-2.55) v=+0.030 ω=-0.022 ok=True iters=10
21:42:30 [INFO] [PROG] s*=8.07/8.26 (97.7%) dist_goal=0.20
21:42:30 [INFO] [MPC] state=(-3.69,-2.64,-4.70) wp0=(-3.74,-2.55) v=+0.030 ω=-0.015 ok=True iters=10
21:42:30 [INFO] [PROG] s*=8.07/8.26 (97.7%) dist_goal=0.20
21:42:30 [INFO] [MPC] state=(-3.69,-2.64,-4.70) wp0=(-3.74,-2.55) v=+0.030 ω=-0.011 ok=True iters=10
21:42:30 [INFO] [PROG] s*=8.07/8.26 (97.7%) dist_goal=0.19
21:42:30 [INFO] [MPC] state=(-3.69,-2.64,-4.70) wp0=(-3.74,-2.55) v=+0.030 ω=-0.007 ok=True iters=10
21:42:30 [INFO] [PROG] s*=8.07/8.26 (97.7%) dist_goal=0.19
21:42:30 [INFO] [MPC] state=(-3.69,-2.63,-4.70) wp0=(-3.74,-2.55) v=+0.030 ω=-0.006 ok=True iters=10
21:42:30 [INFO] [PROG] s*=8.07/8.26 (97.7%) dist_goal=0.19
21:42:30 [INFO] [MPC] state=(-3.69,-2.63,-4.70) wp0=(-3.74,-2.55) v=+0.030 ω=-0.004 ok=True iters=10
21:42:30 [INFO] [PROG] s*=8.07/8.26 (97.7%) dist_goal=0.18
21:42:30 [INFO] [MPC] state=(-3.69,-2.63,-4.70) wp0=(-3.74,-2.55) v=+0.030 ω=-0.005 ok=True iters=10
21:42:30 [INFO] [PROG] s*=8.07/8.26 (97.7%) dist_goal=0.18
21:42:30 [INFO] [MPC] state=(-3.69,-2.62,-4.70) wp0=(-3.74,-2.55) v=+0.030 ω=-0.003 ok=True iters=10
21:42:30 [INFO] [PROG] s*=8.07/8.26 (97.7%) dist_goal=0.18
21:42:30 [INFO] [MPC] state=(-3.69,-2.62,-4.70) wp0=(-3.74,-2.55) v=+0.030 ω=-0.003 ok=True iters=10
21:42:30 [INFO] [PROG] s*=8.07/8.26 (97.7%) dist_goal=0.18
21:42:30 [INFO] [MPC] state=(-3.69,-2.62,-4.70) wp0=(-3.74,-2.55) v=+0.030 ω=-0.003 ok=True iters=10
21:42:30 [INFO] [PROG] s*=8.07/8.26 (97.7%) dist_goal=0.17
21:42:30 [INFO] [MPC] state=(-3.69,-2.62,-4.70) wp0=(-3.74,-2.55) v=+0.030 ω=-0.003 ok=True iters=10
21:42:30 [INFO] [PROG] s*=8.07/8.26 (97.7%) dist_goal=0.17
21:42:30 [INFO] [MPC] state=(-3.69,-2.61,-4.70) wp0=(-3.74,-2.55) v=+0.030 ω=-0.004 ok=True iters=10
21:42:30 [INFO] [PROG] s*=8.07/8.26 (97.7%) dist_goal=0.17
21:42:30 [INFO] [MPC] state=(-3.69,-2.61,-4.70) wp0=(-3.74,-2.55) v=+0.030 ω=-0.002 ok=True iters=10
21:42:30 [INFO] [PROG] s*=8.07/8.26 (97.7%) dist_goal=0.17
21:42:30 [INFO] [MPC] state=(-3.69,-2.61,-4.70) wp0=(-3.74,-2.55) v=+0.030 ω=-0.004 ok=True iters=9
21:42:30 [INFO] [PROG] s*=8.07/8.26 (97.7%) dist_goal=0.16
21:42:30 [INFO] [MPC] state=(-3.69,-2.60,-4.70) wp0=(-3.74,-2.55) v=+0.030 ω=-0.003 ok=True iters=9
21:42:30 [INFO] [PROG] s*=8.07/8.26 (97.7%) dist_goal=0.16
21:42:30 [INFO] [MPC] state=(-3.69,-2.60,-4.70) wp0=(-3.74,-2.55) v=+0.030 ω=-0.004 ok=True iters=9
21:42:30 [INFO] [PROG] s*=8.07/8.26 (97.7%) dist_goal=0.16
21:42:30 [INFO] [MPC] state=(-3.69,-2.60,-4.70) wp0=(-3.74,-2.55) v=+0.030 ω=-0.004 ok=True iters=9
21:42:30 [INFO] [PROG] s*=8.07/8.26 (97.7%) dist_goal=0.16
21:42:30 [INFO] [MPC] state=(-3.69,-2.60,-4.70) wp0=(-3.74,-2.55) v=+0.030 ω=-0.003 ok=True iters=9
21:42:30 [INFO] [PROG] s*=8.07/8.26 (97.7%) dist_goal=0.15
21:42:30 [INFO] [MPC] state=(-3.69,-2.59,-4.70) wp0=(-3.74,-2.55) v=+0.030 ω=-0.004 ok=True iters=9
21:42:30 [INFO] [PROG] s*=8.07/8.26 (97.7%) dist_goal=0.15
21:42:30 [INFO] [MPC] state=(-3.69,-2.59,-4.70) wp0=(-3.74,-2.55) v=+0.030 ω=-0.002 ok=True iters=9
21:42:30 [INFO] [PROG] s*=8.07/8.26 (97.7%) dist_goal=0.15
21:42:30 [INFO] [MPC] state=(-3.69,-2.59,-4.70) wp0=(-3.74,-2.55) v=+0.030 ω=-0.004 ok=True iters=9
21:42:30 [INFO] [PROG] s*=8.07/8.26 (97.7%) dist_goal=0.15
21:42:30 [INFO] [MPC] state=(-3.69,-2.58,-4.70) wp0=(-3.74,-2.55) v=+0.030 ω=-0.003 ok=True iters=10
21:42:30 [INFO] [PROG] s*=8.07/8.26 (97.7%) dist_goal=0.14
21:42:30 [INFO] [MPC] state=(-3.69,-2.58,-4.70) wp0=(-3.74,-2.55) v=+0.030 ω=-0.003 ok=True iters=10
21:42:30 [INFO] [PROG] s*=8.07/8.26 (97.7%) dist_goal=0.14
21:42:30 [INFO] [MPC] state=(-3.69,-2.58,-4.70) wp0=(-3.74,-2.55) v=+0.030 ω=-0.004 ok=True iters=10
21:42:30 [INFO] [PROG] s*=8.07/8.26 (97.7%) dist_goal=0.14
21:42:30 [INFO] [MPC] state=(-3.69,-2.58,-4.70) wp0=(-3.74,-2.55) v=+0.030 ω=-0.001 ok=True iters=10
21:42:30 [INFO] [PROG] s*=8.07/8.26 (97.7%) dist_goal=0.13
21:42:30 [INFO] [MPC] state=(-3.69,-2.57,-4.70) wp0=(-3.74,-2.55) v=+0.030 ω=-0.004 ok=True iters=10
21:42:30 [INFO] [PROG] s*=8.07/8.26 (97.7%) dist_goal=0.13
21:42:30 [INFO] [MPC] state=(-3.69,-2.57,-4.70) wp0=(-3.74,-2.55) v=+0.030 ω=-0.002 ok=True iters=10
21:42:30 [INFO] [PROG] s*=8.07/8.26 (97.7%) dist_goal=0.13
21:42:30 [INFO] [MPC] state=(-3.69,-2.57,-4.70) wp0=(-3.74,-2.55) v=+0.030 ω=-0.005 ok=True iters=11
21:42:30 [INFO] [PROG] s*=8.07/8.26 (97.7%) dist_goal=0.13
21:42:30 [INFO] [MPC] state=(-3.69,-2.56,-4.70) wp0=(-3.74,-2.55) v=+0.030 ω=-0.003 ok=True iters=11
21:42:30 [INFO] [PROG] s*=8.07/8.26 (97.7%) dist_goal=0.12
21:42:30 [INFO] [MPC] state=(-3.69,-2.56,-4.70) wp0=(-3.74,-2.55) v=+0.030 ω=-0.003 ok=True iters=11
21:42:30 [INFO] [PROG] s*=8.07/8.26 (97.7%) dist_goal=0.12
21:42:30 [INFO] [MPC] state=(-3.69,-2.56,-4.70) wp0=(-3.74,-2.55) v=+0.030 ω=-0.004 ok=True iters=10
21:42:30 [INFO] [PROG] s*=8.07/8.26 (97.7%) dist_goal=0.12
21:42:30 [INFO] [MPC] state=(-3.69,-2.56,-4.70) wp0=(-3.74,-2.55) v=+0.030 ω=-0.000 ok=True iters=10
21:42:30 [INFO] [PROG] s*=8.07/8.26 (97.7%) dist_goal=0.12
21:42:30 [INFO] [MPC] state=(-3.69,-2.55,-4.70) wp0=(-3.74,-2.55) v=+0.030 ω=-0.005 ok=True iters=5
21:42:30 [INFO] [PROG] s*=8.07/8.26 (97.7%) dist_goal=0.11
21:42:30 [INFO] [MPC] state=(-3.69,-2.55,-4.70) wp0=(-3.74,-2.55) v=+0.030 ω=-0.000 ok=True iters=5
21:42:30 [INFO] [PROG] s*=8.07/8.26 (97.7%) dist_goal=0.11
21:42:30 [INFO] [MPC] state=(-3.69,-2.55,-4.70) wp0=(-3.74,-2.55) v=+0.030 ω=-0.008 ok=True iters=5
21:42:30 [INFO] [PROG] s*=8.07/8.26 (97.7%) dist_goal=0.11
21:42:30 [INFO] [MPC] state=(-3.69,-2.54,-4.70) wp0=(-3.74,-2.55) v=+0.030 ω=-0.001 ok=True iters=5
21:42:30 [INFO] [PROG] s*=8.07/8.26 (97.7%) dist_goal=0.11
21:42:30 [INFO] [MPC] state=(-3.69,-2.54,-4.70) wp0=(-3.74,-2.55) v=+0.030 ω=-0.001 ok=True iters=5
21:42:30 [INFO] [PROG] s*=8.07/8.26 (97.7%) dist_goal=0.11
21:42:30 [INFO] [MPC] state=(-3.69,-2.54,-4.70) wp0=(-3.74,-2.55) v=+0.030 ω=-0.011 ok=True iters=6
21:42:30 [INFO] [PROG] s*=8.07/8.26 (97.7%) dist_goal=0.10
21:42:30 [INFO] [MPC] state=(-3.69,-2.54,-4.70) wp0=(-3.74,-2.55) v=+0.030 ω=+0.019 ok=True iters=5
21:42:30 [INFO] [PROG] s*=8.07/8.26 (97.7%) dist_goal=0.10
21:42:30 [INFO] [MPC] state=(-3.69,-2.53,-4.70) wp0=(-3.74,-2.55) v=+0.030 ω=-0.168 ok=True iters=5
21:42:30 [INFO] [PROG] s*=8.07/8.26 (97.7%) dist_goal=0.10
21:42:30 [INFO] [MPC] state=(-3.69,-2.53,-4.71) wp0=(-3.74,-2.55) v=+0.030 ω=+1.673 ok=True iters=8
21:42:30 [INFO] [PROG] s*=8.07/8.26 (97.7%) dist_goal=0.10
21:42:30 [INFO] [MPC] state=(-3.69,-2.53,-4.57) wp0=(-3.74,-2.55) v=+0.030 ω=+2.176 ok=True iters=7
