17:59:52 [INFO] === New MPC Session Started ===
17:59:52 [DEBUG] matplotlib data path: /usr/share/matplotlib/mpl-data
17:59:52 [DEBUG] CONFIGDIR=/home/max/.config/matplotlib
17:59:52 [DEBUG] interactive is False
17:59:52 [DEBUG] platform is linux
17:59:52 [DEBUG] loaded modules: ['sys', 'builtins', '_frozen_importlib', '_imp', '_thread', '_warnings', '_weakref', '_io', 'marshal', 'posix', '_frozen_importlib_external', 'time', 'zipimport', '_codecs', 'codecs', 'encodings.aliases', 'encodings', 'encodings.utf_8', '_signal', '_abc', 'abc', 'io', '__main__', '_stat', 'stat', '_collections_abc', 'genericpath', 'posixpath', 'os.path', 'os', '_sitebuiltins', 'types', 'importlib._bootstrap', 'importlib._bootstrap_external', 'warnings', 'importlib', 'importlib._abc', 'itertools', 'keyword', '_operator', 'operator', 'reprlib', '_collections', 'collections', '_functools', 'functools', 'contextlib', 'importlib.util', 'importlib.machinery', 'mpl_toolkits', 'phply', 'ruamel', 'zope', 'apport_python_hook', 'sitecustomize', 'site', 'crowdnav', 'crowdnav.env', 'gym.error', 'gym.version', 'collections.abc', 'enum', '_sre', 'sre_constants', 'sre_parse', 'sre_compile', '_locale', 'copyreg', 're', 'typing.io', 'typing.re', 'typing', 'numpy._utils._convertions', 'numpy._utils', 'numpy._globals', 'numpy.exceptions', 'numpy.version', 'numpy._distributor_init', 'numpy._utils._inspect', 'math', '_datetime', 'datetime', 'numpy.core._exceptions', 'numpy.dtypes', 'numpy.core._multiarray_umath', 'numpy.core.overrides', 'numpy.core.multiarray', 'numpy.core.umath', 'numbers', 'numpy.core._string_helpers', 'fnmatch', 'ntpath', 'errno', 'urllib', 'ipaddress', 'urllib.parse', 'pathlib', '_struct', 'struct', '_compat_pickle', '_pickle', 'pickle', 'numpy.compat.py3k', 'numpy.compat', 'numpy.core._dtype', 'numpy.core._type_aliases', 'numpy.core.numerictypes', '_contextvars', 'contextvars', 'numpy.core._ufunc_config', 'numpy.core._methods', 'numpy.core.fromnumeric', 'numpy.core.shape_base', 'numpy.core.arrayprint', 'numpy.core._asarray', 'numpy.core.numeric', 'numpy.core.defchararray', 'numpy.core.records', 'numpy.core.memmap', 'numpy.core.function_base', 'numpy.core._machar', 'numpy.core.getlimits', 'numpy.core.einsumfunc', 'numpy.core._multiarray_tests', 'numpy.core._add_newdocs', 'numpy.core._add_newdocs_scalars', 'numpy.core._dtype_ctypes', '_ast', 'ast', '_ctypes', 'ctypes._endian', 'ctypes', 'numpy.core._internal', 'numpy._pytesttester', 'numpy.core', 'numpy.__config__', 'numpy.lib.mixins', 'numpy.lib.ufunclike', 'numpy.lib.type_check', 'numpy.lib.scimath', 'numpy.lib.stride_tricks', 'numpy.lib.twodim_base', 'numpy.linalg._umath_linalg', '__future__', 'numpy._typing._nested_sequence', 'numpy._typing._nbit', 'numpy._typing._char_codes', 'numpy._typing._scalars', 'numpy._typing._shape', 'numpy._typing._dtype_like', 'numpy._typing._array_like', 'numpy._typing', 'numpy.linalg.linalg', 'numpy.linalg', 'numpy.matrixlib.defmatrix', 'numpy.matrixlib', 'numpy.lib.histograms', 'numpy.lib.function_base', 'numpy.lib.index_tricks', 'numpy.lib.nanfunctions', 'numpy.lib.shape_base', 'numpy.lib.polynomial', 'textwrap', 'signal', '_weakrefset', 'threading', 'fcntl', '_posixsubprocess', 'select', 'selectors', 'subprocess', 'platform', 'numpy.lib.utils', 'numpy.lib.arraysetops', 'weakref', 'numpy.lib.format', 'numpy.lib._datasource', 'numpy.lib._iotools', 'numpy.lib.npyio', 'numpy.lib.arrayterator', 'numpy.lib.arraypad', 'numpy.lib._version', 'numpy.lib', 'numpy.fft._pocketfft_internal', 'numpy.fft._pocketfft', 'numpy.fft.helper', 'numpy.fft', 'numpy.polynomial.polyutils', 'numpy.polynomial._polybase', 'numpy.polynomial.polynomial', 'numpy.polynomial.chebyshev', 'numpy.polynomial.legendre', 'numpy.polynomial.hermite', 'numpy.polynomial.hermite_e', 'numpy.polynomial.laguerre', 'numpy.polynomial', 'cython_runtime', '_cython_3_0_8', 'numpy.random._common', 'binascii', 'base64', '_hashlib', '_blake2', 'hashlib', 'hmac', '_bisect', 'bisect', '_random', '_sha512', 'random', 'secrets', 'numpy.random.bit_generator', 'numpy.random._bounded_integers', 'numpy.random._mt19937', 'numpy.random.mtrand', 'numpy.random._philox', 'numpy.random._pcg64', 'numpy.random._sfc64', 'numpy.random._generator', 'numpy.random._pickle', 'numpy.random', 'numpy.ctypeslib', '_opcode', 'opcode', 'dis', 'token', 'tokenize', 'linecache', 'inspect', 'numpy.ma.core', 'numpy.ma.extras', 'numpy.ma', 'numpy', 'gym.utils.colorize', 'gym.utils.ezpickle', 'gym.utils', 'gym.logger', 'gym.utils.seeding', 'gym.spaces.space', 'gym.spaces.box', 'gym.spaces.dict', 'gym.spaces.discrete', 'gym.spaces.multi_discrete', 'gym.spaces.graph', 'gym.spaces.multi_binary', 'gym.spaces.sequence', 'gym.spaces.text', 'gym.spaces.tuple', 'gym.spaces.utils', 'gym.spaces', 'gym.core', 'copy', '_heapq', 'heapq', 'difflib', 'dataclasses', 'cv2.load_config_py3', 'cv2.version', 'numpy._core', 'numpy._core._multiarray_umath', 'cv2.gapi.core', 'cv2.gapi.core.cpu', 'cv2.gapi.core.fluid', 'cv2.gapi.core.ocl', 'cv2.gapi.ie', 'cv2.gapi.ie.detail', 'cv2.gapi.imgproc', 'cv2.gapi.imgproc.fluid', 'cv2.gapi.oak', 'cv2.gapi.onnx', 'cv2.gapi.onnx.ep', 'cv2.gapi.ot', 'cv2.gapi.ot.cpu', 'cv2.gapi.ov', 'cv2.gapi.own', 'cv2.gapi.own.detail', 'cv2.gapi.render', 'cv2.gapi.render.ocv', 'cv2.gapi.streaming', 'cv2.gapi.video', 'cv2.gapi.wip', 'cv2.gapi.wip.draw', 'cv2.gapi.wip.gst', 'cv2.gapi.wip.onevpl', 'cv2.utils.fs', 'cv2.utils.nested', 'cv2.gapi', 'cv2.ogl', 'cv2.data', 'cv2.detail', 'cv2.flann', 'cv2.ml', 'cv2.aruco', 'cv2.qt', 'cv2.utils', 'cv2.typing', 'cv2.samples', 'cv2.barcode', 'cv2.segmentation', 'cv2.ocl', 'cv2.cuda', 'cv2.parallel', 'cv2.dnn', 'cv2.Error', 'cv2.videoio_registry', 'cv2.ipp', 'cv2.fisheye', 'cv2.misc.version', 'cv2.misc', 'cv2.mat_wrapper', 'cv2', 'gym.wrappers.atari_preprocessing', 'gym.wrappers.autoreset', 'gym.wrappers.clip_action', 'gym.wrappers.filter_observation', 'gym.wrappers.flatten_observation', 'gym.wrappers.frame_stack', 'gym.wrappers.gray_scale_observation', 'gym.wrappers.human_rendering', 'gym.wrappers.normalize', 'gym.wrappers.order_enforcing', 'gym.wrappers.record_episode_statistics', 'gym.wrappers.monitoring', '_json', 'json.scanner', 'json.decoder', 'json.encoder', 'json', 'zlib', '_compression', '_bz2', 'bz2', '_lzma', 'lzma', 'shutil', 'tempfile', 'gym.wrappers.monitoring.video_recorder', 'gym.wrappers.record_video', 'gym.wrappers.render_collection', 'gym.wrappers.rescale_action', 'gym.wrappers.resize_observation', 'gym.utils.step_api_compatibility', 'gym.wrappers.step_api_compatibility', 'gym.wrappers.time_aware_observation', 'gym.wrappers.time_limit', 'gym.wrappers.transform_observation', 'gym.wrappers.transform_reward', 'gym.wrappers.vector_list_info', 'gym.wrappers', 'gym.wrappers.compatibility', 'gym.utils.passive_env_checker', 'gym.wrappers.env_checker', '_csv', 'csv', 'email', 'zipfile', 'uu', 'quopri', '_socket', 'array', 'socket', 'locale', 'calendar', 'email._parseaddr', 'email.base64mime', '_string', 'string', 'email.quoprimime', 'email.errors', 'email.encoders', 'email.charset', 'email.utils', 'email.header', 'email._policybase', 'email._encoded_words', 'email.iterators', 'email.message', 'importlib.metadata._functools', 'importlib.metadata._text', 'importlib.metadata._adapters', 'importlib.metadata._meta', 'importlib.metadata._collections', 'importlib.metadata._itertools', 'importlib.abc', 'importlib.metadata', 'gym.envs.registration', 'gym.envs', 'multiprocessing.process', 'multiprocessing.reduction', 'multiprocessing.context', '__mp_main__', 'multiprocessing', 'gym.vector.utils.misc', 'gym.vector.utils.numpy_utils', 'gym.vector.utils.shared_memory', 'gym.vector.utils.spaces', 'gym.vector.utils', 'gym.vector.vector_env', 'gym.vector.async_vector_env', 'gym.vector.sync_vector_env', 'gym.vector', 'gym_notices', 'gym_notices.notices', 'gym', 'pybullet', 'pybullet_data', 'traceback', 'atexit', 'logging', 'crowdnav.logger_setup', 'crowdnav.config', 'crowdnav.kinematics', 'crowdnav.dynamics', 'crowdnav.sensors', 'crowdnav.control', 'crowdnav.control.align', 'crowdnav.control.track', 'crowdnav.planning', 'swig_runtime_data4', 'casadi._casadi', 'casadi.casadi', 'casadi', 'crowdnav.planning.mpc_runner', 'crowdnav.utils2', 'crowdnav.utils2.coord', 'crowdnav.planning.path_mgr', 'crowdnav.utils2.hud', 'crowdnav.mpc', 'crowdnav.world', 'crowdnav.utils', 'matplotlib', 'pprint', 'packaging.__about__', 'packaging', 'packaging._structures', 'packaging.version', 'matplotlib._api.deprecation', 'matplotlib._api', 'matplotlib._version', 'gzip', 'shlex', 'matplotlib._c_internal_utils', 'matplotlib.cbook', 'matplotlib.docstring', 'PIL._version', 'PIL', 'PIL.ImageMode', 'PIL.TiffTags', 'PIL._binary', 'PIL._util', 'PIL._imaging', 'PIL.Image', 'PIL.ImageChops', 'PIL.ImageFile', 'PIL.GimpGradientFile', 'PIL.GimpPaletteFile', 'PIL.ImageColor', 'PIL.PaletteFile', 'PIL.ImagePalette', 'PIL.ImageSequence', 'PIL.PngImagePlugin', 'matplotlib._path', 'matplotlib.bezier', 'matplotlib.path', 'matplotlib.transforms', 'matplotlib.ticker', 'matplotlib.scale', 'matplotlib._color_data', 'matplotlib.colors', 'pyparsing', 'matplotlib.fontconfig_pattern', 'matplotlib._enums', 'cycler', 'matplotlib.rcsetup', 'matplotlib.ft2font', 'dateutil._version', 'dateutil', 'kiwisolver']
17:59:52 [DEBUG] CACHEDIR=/home/max/.cache/matplotlib
17:59:52 [DEBUG] Using fontManager instance from /home/max/.cache/matplotlib/fontlist-v330.json
17:59:52 [DEBUG] Loaded backend TkAgg version unknown.
17:59:52 [INFO] CrowdNavPyBulletEnv initializing...
17:59:57 [INFO] World ready | grid: (112, 112), res: 0.1, N=10, T=0.1
17:59:58 [DEBUG] kappa_max=0.000 vcap_curv=0.200 vmax_local=0.200 vmin_soft=0.080
17:59:58 [DEBUG] omega=+2.400 sat_streak=1 wp=1/45
17:59:58 [INFO] [MPC] state=(-0.14,+3.68,-4.64) wp0=(-0.15,+4.05) v=+0.200 ω=+2.400 wp_prog=1/45 ok=True iters=10
17:59:58 [DEBUG] kappa_max=0.000 vcap_curv=0.200 vmax_local=0.200 vmin_soft=0.080
17:59:58 [DEBUG] omega=+2.400 sat_streak=2 wp=1/45
17:59:58 [INFO] [MPC] state=(-0.14,+3.68,-4.62) wp0=(-0.15,+4.05) v=+0.200 ω=+2.400 wp_prog=1/45 ok=True iters=7
17:59:58 [DEBUG] kappa_max=0.000 vcap_curv=0.200 vmax_local=0.200 vmin_soft=0.080
17:59:58 [DEBUG] omega=+2.400 sat_streak=3 wp=1/45
17:59:58 [INFO] [MPC] state=(-0.14,+3.68,-4.59) wp0=(-0.15,+4.05) v=+0.200 ω=+2.400 wp_prog=1/45 ok=True iters=7
17:59:58 [DEBUG] kappa_max=0.000 vcap_curv=0.200 vmax_local=0.200 vmin_soft=0.080
17:59:58 [DEBUG] omega=+2.400 sat_streak=4 wp=1/45
17:59:58 [INFO] [MPC] state=(-0.14,+3.69,-4.55) wp0=(-0.15,+4.05) v=+0.200 ω=+2.400 wp_prog=1/45 ok=True iters=8
17:59:58 [DEBUG] kappa_max=0.000 vcap_curv=0.200 vmax_local=0.200 vmin_soft=0.080
17:59:58 [DEBUG] omega=+2.400 sat_streak=5 wp=1/45
17:59:58 [INFO] [MPC] state=(-0.14,+3.69,-4.46) wp0=(-0.15,+4.05) v=+0.200 ω=+2.400 wp_prog=1/45 ok=True iters=8
17:59:58 [DEBUG] kappa_max=0.000 vcap_curv=0.200 vmax_local=0.200 vmin_soft=0.080
17:59:58 [DEBUG] omega=+2.223 sat_streak=0 wp=1/45
17:59:58 [INFO] [MPC] state=(-0.15,+3.70,-4.33) wp0=(-0.15,+4.05) v=+0.200 ω=+2.223 wp_prog=1/45 ok=True iters=8
17:59:58 [DEBUG] kappa_max=0.000 vcap_curv=0.200 vmax_local=0.200 vmin_soft=0.080
17:59:58 [DEBUG] omega=+1.759 sat_streak=0 wp=1/45
17:59:58 [INFO] [MPC] state=(-0.15,+3.71,-4.21) wp0=(-0.15,+4.05) v=+0.200 ω=+1.759 wp_prog=1/45 ok=True iters=8
17:59:58 [DEBUG] kappa_max=0.000 vcap_curv=0.200 vmax_local=0.200 vmin_soft=0.080
17:59:58 [DEBUG] omega=+1.272 sat_streak=0 wp=1/45
17:59:58 [INFO] [MPC] state=(-0.16,+3.72,-4.11) wp0=(-0.15,+4.05) v=+0.200 ω=+1.272 wp_prog=1/45 ok=True iters=8
17:59:58 [DEBUG] kappa_max=0.000 vcap_curv=0.200 vmax_local=0.080 vmin_soft=0.000
17:59:58 [DEBUG] omega=+0.343 sat_streak=0 wp=1/45
17:59:58 [INFO] [MPC] state=(-0.17,+3.74,-4.04) wp0=(-0.15,+4.05) v=+0.080 ω=+0.343 wp_prog=1/45 ok=True iters=7
17:59:58 [DEBUG] kappa_max=0.000 vcap_curv=0.200 vmax_local=0.080 vmin_soft=0.000
17:59:58 [DEBUG] omega=+0.025 sat_streak=0 wp=1/45
17:59:58 [INFO] [MPC] state=(-0.17,+3.74,-4.00) wp0=(-0.15,+4.05) v=+0.080 ω=+0.025 wp_prog=1/45 ok=True iters=6
17:59:58 [DEBUG] kappa_max=0.000 vcap_curv=0.200 vmax_local=0.080 vmin_soft=0.000
17:59:58 [DEBUG] omega=-0.136 sat_streak=0 wp=2/45
17:59:58 [INFO] [MPC] state=(-0.18,+3.75,-4.00) wp0=(-0.15,+4.05) v=+0.080 ω=-0.136 wp_prog=2/45 ok=True iters=6
17:59:58 [DEBUG] kappa_max=0.000 vcap_curv=0.200 vmax_local=0.080 vmin_soft=0.000
17:59:58 [DEBUG] omega=-0.723 sat_streak=0 wp=2/45
17:59:58 [INFO] [MPC] state=(-0.18,+3.75,-4.01) wp0=(-0.15,+4.15) v=+0.080 ω=-0.723 wp_prog=2/45 ok=True iters=6
17:59:58 [DEBUG] kappa_max=0.000 vcap_curv=0.200 vmax_local=0.080 vmin_soft=0.000
17:59:58 [DEBUG] omega=-0.094 sat_streak=0 wp=2/45
17:59:58 [INFO] [MPC] state=(-0.19,+3.76,-4.09) wp0=(-0.15,+4.15) v=+0.080 ω=-0.094 wp_prog=2/45 ok=True iters=7
17:59:58 [DEBUG] kappa_max=0.000 vcap_curv=0.200 vmax_local=0.080 vmin_soft=0.000
17:59:58 [DEBUG] omega=-0.680 sat_streak=0 wp=2/45
17:59:58 [INFO] [MPC] state=(-0.19,+3.77,-4.09) wp0=(-0.15,+4.15) v=+0.080 ω=-0.680 wp_prog=2/45 ok=True iters=7
17:59:58 [DEBUG] kappa_max=0.000 vcap_curv=0.200 vmax_local=0.200 vmin_soft=0.030
17:59:58 [DEBUG] omega=-0.890 sat_streak=0 wp=2/45
17:59:58 [INFO] [MPC] state=(-0.20,+3.78,-4.16) wp0=(-0.15,+4.15) v=+0.200 ω=-0.890 wp_prog=2/45 ok=True iters=8
17:59:58 [DEBUG] kappa_max=0.000 vcap_curv=0.200 vmax_local=0.200 vmin_soft=0.030
17:59:58 [DEBUG] omega=-0.934 sat_streak=0 wp=2/45
17:59:58 [INFO] [MPC] state=(-0.21,+3.79,-4.22) wp0=(-0.15,+4.15) v=+0.200 ω=-0.934 wp_prog=2/45 ok=True iters=6
17:59:58 [DEBUG] kappa_max=0.000 vcap_curv=0.200 vmax_local=0.200 vmin_soft=0.030
17:59:58 [DEBUG] omega=-0.969 sat_streak=0 wp=2/45
17:59:58 [INFO] [MPC] state=(-0.22,+3.80,-4.27) wp0=(-0.15,+4.15) v=+0.200 ω=-0.969 wp_prog=2/45 ok=True iters=6
17:59:58 [DEBUG] kappa_max=0.000 vcap_curv=0.200 vmax_local=0.200 vmin_soft=0.030
17:59:58 [DEBUG] omega=-2.040 sat_streak=0 wp=2/45
17:59:58 [INFO] [MPC] state=(-0.22,+3.82,-4.32) wp0=(-0.15,+4.15) v=+0.200 ω=-2.040 wp_prog=2/45 ok=True iters=7
17:59:58 [DEBUG] kappa_max=0.000 vcap_curv=0.200 vmax_local=0.200 vmin_soft=0.030
17:59:59 [DEBUG] omega=-2.271 sat_streak=0 wp=2/45
17:59:59 [INFO] [MPC] state=(-0.23,+3.83,-4.43) wp0=(-0.15,+4.15) v=+0.200 ω=-2.271 wp_prog=2/45 ok=True iters=7
17:59:59 [DEBUG] kappa_max=0.000 vcap_curv=0.200 vmax_local=0.200 vmin_soft=0.030
17:59:59 [DEBUG] omega=-1.607 sat_streak=0 wp=3/45
17:59:59 [INFO] [MPC] state=(-0.23,+3.84,-4.55) wp0=(-0.15,+4.15) v=+0.200 ω=-1.607 wp_prog=3/45 ok=True iters=8
17:59:59 [DEBUG] kappa_max=0.000 vcap_curv=0.200 vmax_local=0.200 vmin_soft=0.030
17:59:59 [DEBUG] omega=-1.233 sat_streak=0 wp=3/45
17:59:59 [INFO] [MPC] state=(-0.23,+3.86,-4.64) wp0=(-0.15,+4.25) v=+0.200 ω=-1.233 wp_prog=3/45 ok=True iters=7
17:59:59 [DEBUG] kappa_max=0.000 vcap_curv=0.200 vmax_local=0.200 vmin_soft=0.030
17:59:59 [DEBUG] omega=-0.825 sat_streak=0 wp=3/45
17:59:59 [INFO] [MPC] state=(-0.23,+3.87,-4.71) wp0=(-0.15,+4.25) v=+0.200 ω=-0.825 wp_prog=3/45 ok=True iters=6
17:59:59 [DEBUG] kappa_max=0.000 vcap_curv=0.200 vmax_local=0.200 vmin_soft=0.030
17:59:59 [DEBUG] omega=-0.493 sat_streak=0 wp=3/45
17:59:59 [INFO] [MPC] state=(-0.23,+3.89,-4.77) wp0=(-0.15,+4.25) v=+0.200 ω=-0.493 wp_prog=3/45 ok=True iters=6
17:59:59 [DEBUG] kappa_max=0.000 vcap_curv=0.200 vmax_local=0.200 vmin_soft=0.030
17:59:59 [DEBUG] omega=-0.378 sat_streak=0 wp=3/45
17:59:59 [INFO] [MPC] state=(-0.23,+3.91,-4.80) wp0=(-0.15,+4.25) v=+0.200 ω=-0.378 wp_prog=3/45 ok=True iters=6
17:59:59 [DEBUG] kappa_max=0.000 vcap_curv=0.200 vmax_local=0.200 vmin_soft=0.030
17:59:59 [DEBUG] omega=+0.325 sat_streak=0 wp=3/45
17:59:59 [INFO] [MPC] state=(-0.23,+3.93,-4.83) wp0=(-0.15,+4.25) v=+0.200 ω=+0.325 wp_prog=3/45 ok=True iters=7
17:59:59 [DEBUG] kappa_max=0.000 vcap_curv=0.200 vmax_local=0.200 vmin_soft=0.030
17:59:59 [DEBUG] omega=+0.326 sat_streak=0 wp=4/45
17:59:59 [INFO] [MPC] state=(-0.23,+3.95,-4.81) wp0=(-0.15,+4.25) v=+0.200 ω=+0.326 wp_prog=4/45 ok=True iters=6
17:59:59 [DEBUG] kappa_max=0.000 vcap_curv=0.200 vmax_local=0.200 vmin_soft=0.030
17:59:59 [DEBUG] omega=+0.291 sat_streak=0 wp=4/45
17:59:59 [INFO] [MPC] state=(-0.22,+3.97,-4.79) wp0=(-0.15,+4.35) v=+0.200 ω=+0.291 wp_prog=4/45 ok=True iters=6
17:59:59 [DEBUG] kappa_max=0.000 vcap_curv=0.200 vmax_local=0.200 vmin_soft=0.030
17:59:59 [DEBUG] omega=+0.278 sat_streak=0 wp=4/45
17:59:59 [INFO] [MPC] state=(-0.22,+3.99,-4.77) wp0=(-0.15,+4.35) v=+0.200 ω=+0.278 wp_prog=4/45 ok=True iters=6
17:59:59 [DEBUG] kappa_max=0.000 vcap_curv=0.200 vmax_local=0.200 vmin_soft=0.030
17:59:59 [DEBUG] omega=+0.614 sat_streak=0 wp=4/45
17:59:59 [INFO] [MPC] state=(-0.22,+4.00,-4.75) wp0=(-0.15,+4.35) v=+0.200 ω=+0.614 wp_prog=4/45 ok=True iters=6
17:59:59 [DEBUG] kappa_max=0.000 vcap_curv=0.200 vmax_local=0.200 vmin_soft=0.030
17:59:59 [DEBUG] omega=+0.557 sat_streak=0 wp=4/45
17:59:59 [INFO] [MPC] state=(-0.22,+4.02,-4.72) wp0=(-0.15,+4.35) v=+0.200 ω=+0.557 wp_prog=4/45 ok=True iters=6
17:59:59 [DEBUG] kappa_max=0.000 vcap_curv=0.200 vmax_local=0.200 vmin_soft=0.030
17:59:59 [DEBUG] omega=+0.494 sat_streak=0 wp=5/45
17:59:59 [INFO] [MPC] state=(-0.22,+4.04,-4.69) wp0=(-0.15,+4.35) v=+0.200 ω=+0.494 wp_prog=5/45 ok=True iters=6
17:59:59 [DEBUG] kappa_max=0.000 vcap_curv=0.200 vmax_local=0.200 vmin_soft=0.030
17:59:59 [DEBUG] omega=-0.454 sat_streak=0 wp=5/45
17:59:59 [INFO] [MPC] state=(-0.22,+4.06,-4.66) wp0=(-0.15,+4.45) v=+0.200 ω=-0.454 wp_prog=5/45 ok=True iters=7
17:59:59 [DEBUG] kappa_max=0.000 vcap_curv=0.200 vmax_local=0.200 vmin_soft=0.030
17:59:59 [DEBUG] omega=+0.419 sat_streak=0 wp=5/45
17:59:59 [INFO] [MPC] state=(-0.22,+4.08,-4.69) wp0=(-0.15,+4.45) v=+0.200 ω=+0.419 wp_prog=5/45 ok=True iters=7
17:59:59 [DEBUG] kappa_max=0.000 vcap_curv=0.200 vmax_local=0.200 vmin_soft=0.030
17:59:59 [DEBUG] omega=-0.467 sat_streak=0 wp=5/45
17:59:59 [INFO] [MPC] state=(-0.22,+4.10,-4.67) wp0=(-0.15,+4.45) v=+0.200 ω=-0.467 wp_prog=5/45 ok=True iters=7
17:59:59 [DEBUG] kappa_max=0.000 vcap_curv=0.200 vmax_local=0.200 vmin_soft=0.030
17:59:59 [DEBUG] omega=-0.173 sat_streak=0 wp=5/45
17:59:59 [INFO] [MPC] state=(-0.22,+4.11,-4.70) wp0=(-0.15,+4.45) v=+0.200 ω=-0.173 wp_prog=5/45 ok=True iters=6
17:59:59 [DEBUG] kappa_max=0.000 vcap_curv=0.200 vmax_local=0.200 vmin_soft=0.030
17:59:59 [DEBUG] omega=-0.141 sat_streak=0 wp=6/45
17:59:59 [INFO] [MPC] state=(-0.22,+4.13,-4.71) wp0=(-0.15,+4.45) v=+0.200 ω=-0.141 wp_prog=6/45 ok=True iters=6
17:59:59 [DEBUG] kappa_max=15.708 vcap_curv=0.153 vmax_local=0.153 vmin_soft=0.030
17:59:59 [DEBUG] omega=-0.145 sat_streak=0 wp=6/45
17:59:59 [INFO] [MPC] state=(-0.22,+4.15,-4.73) wp0=(-0.15,+4.55) v=+0.153 ω=-0.145 wp_prog=6/45 ok=True iters=7
17:59:59 [DEBUG] kappa_max=15.708 vcap_curv=0.153 vmax_local=0.153 vmin_soft=0.030
17:59:59 [DEBUG] omega=+0.090 sat_streak=0 wp=6/45
17:59:59 [INFO] [MPC] state=(-0.22,+4.17,-4.74) wp0=(-0.15,+4.55) v=+0.153 ω=+0.090 wp_prog=6/45 ok=True iters=6
17:59:59 [DEBUG] kappa_max=15.708 vcap_curv=0.153 vmax_local=0.153 vmin_soft=0.030
17:59:59 [DEBUG] omega=-0.113 sat_streak=0 wp=6/45
17:59:59 [INFO] [MPC] state=(-0.22,+4.19,-4.73) wp0=(-0.15,+4.55) v=+0.153 ω=-0.113 wp_prog=6/45 ok=True iters=7
17:59:59 [DEBUG] kappa_max=15.708 vcap_curv=0.153 vmax_local=0.153 vmin_soft=0.030
17:59:59 [DEBUG] omega=+0.114 sat_streak=0 wp=6/45
17:59:59 [INFO] [MPC] state=(-0.22,+4.20,-4.74) wp0=(-0.15,+4.55) v=+0.153 ω=+0.114 wp_prog=6/45 ok=True iters=6
17:59:59 [DEBUG] kappa_max=15.708 vcap_curv=0.153 vmax_local=0.153 vmin_soft=0.030
17:59:59 [DEBUG] omega=+0.495 sat_streak=0 wp=6/45
17:59:59 [INFO] [MPC] state=(-0.22,+4.22,-4.73) wp0=(-0.15,+4.55) v=+0.153 ω=+0.495 wp_prog=6/45 ok=True iters=7
17:59:59 [DEBUG] kappa_max=15.708 vcap_curv=0.153 vmax_local=0.153 vmin_soft=0.030
17:59:59 [DEBUG] omega=+0.402 sat_streak=0 wp=6/45
17:59:59 [INFO] [MPC] state=(-0.22,+4.23,-4.69) wp0=(-0.15,+4.55) v=+0.153 ω=+0.402 wp_prog=6/45 ok=True iters=6
17:59:59 [DEBUG] kappa_max=15.708 vcap_curv=0.153 vmax_local=0.153 vmin_soft=0.030
17:59:59 [DEBUG] omega=-0.515 sat_streak=0 wp=7/45
17:59:59 [INFO] [MPC] state=(-0.22,+4.25,-4.65) wp0=(-0.15,+4.55) v=+0.153 ω=-0.515 wp_prog=7/45 ok=True iters=7
17:59:59 [DEBUG] kappa_max=15.708 vcap_curv=0.153 vmax_local=0.153 vmin_soft=0.030
17:59:59 [DEBUG] omega=-0.355 sat_streak=0 wp=7/45
17:59:59 [INFO] [MPC] state=(-0.22,+4.26,-4.70) wp0=(-0.15,+4.75) v=+0.153 ω=-0.355 wp_prog=7/45 ok=True iters=7
17:59:59 [DEBUG] kappa_max=15.708 vcap_curv=0.153 vmax_local=0.153 vmin_soft=0.030
17:59:59 [DEBUG] omega=-0.064 sat_streak=0 wp=7/45
17:59:59 [INFO] [MPC] state=(-0.22,+4.28,-4.74) wp0=(-0.15,+4.75) v=+0.153 ω=-0.064 wp_prog=7/45 ok=True iters=7
17:59:59 [DEBUG] kappa_max=15.708 vcap_curv=0.153 vmax_local=0.153 vmin_soft=0.030
17:59:59 [DEBUG] omega=-0.036 sat_streak=0 wp=7/45
17:59:59 [INFO] [MPC] state=(-0.22,+4.29,-4.75) wp0=(-0.15,+4.75) v=+0.153 ω=-0.036 wp_prog=7/45 ok=True iters=6
17:59:59 [DEBUG] kappa_max=15.708 vcap_curv=0.153 vmax_local=0.153 vmin_soft=0.030
17:59:59 [DEBUG] omega=-0.014 sat_streak=0 wp=7/45
17:59:59 [INFO] [MPC] state=(-0.22,+4.31,-4.75) wp0=(-0.15,+4.75) v=+0.153 ω=-0.014 wp_prog=7/45 ok=True iters=6
17:59:59 [DEBUG] kappa_max=15.708 vcap_curv=0.153 vmax_local=0.153 vmin_soft=0.030
17:59:59 [DEBUG] omega=+0.005 sat_streak=0 wp=7/45
17:59:59 [INFO] [MPC] state=(-0.22,+4.32,-4.76) wp0=(-0.15,+4.75) v=+0.153 ω=+0.005 wp_prog=7/45 ok=True iters=6
17:59:59 [DEBUG] kappa_max=15.708 vcap_curv=0.153 vmax_local=0.153 vmin_soft=0.030
17:59:59 [DEBUG] omega=+0.418 sat_streak=0 wp=8/45
17:59:59 [INFO] [MPC] state=(-0.22,+4.34,-4.75) wp0=(-0.15,+4.75) v=+0.153 ω=+0.418 wp_prog=8/45 ok=True iters=7
17:59:59 [DEBUG] kappa_max=15.708 vcap_curv=0.153 vmax_local=0.153 vmin_soft=0.030
17:59:59 [DEBUG] omega=+0.350 sat_streak=0 wp=8/45
17:59:59 [INFO] [MPC] state=(-0.22,+4.35,-4.72) wp0=(-0.15,+4.75) v=+0.153 ω=+0.350 wp_prog=8/45 ok=True iters=6
17:59:59 [DEBUG] kappa_max=15.708 vcap_curv=0.153 vmax_local=0.153 vmin_soft=0.030
17:59:59 [DEBUG] omega=+0.281 sat_streak=0 wp=8/45
17:59:59 [INFO] [MPC] state=(-0.22,+4.37,-4.69) wp0=(-0.15,+4.75) v=+0.153 ω=+0.281 wp_prog=8/45 ok=True iters=6
17:59:59 [DEBUG] kappa_max=15.708 vcap_curv=0.153 vmax_local=0.153 vmin_soft=0.030
17:59:59 [DEBUG] omega=+0.053 sat_streak=0 wp=8/45
17:59:59 [INFO] [MPC] state=(-0.22,+4.38,-4.66) wp0=(-0.15,+4.75) v=+0.153 ω=+0.053 wp_prog=8/45 ok=True iters=7
17:59:59 [DEBUG] kappa_max=15.708 vcap_curv=0.153 vmax_local=0.153 vmin_soft=0.030
17:59:59 [DEBUG] omega=-0.653 sat_streak=0 wp=8/45
17:59:59 [INFO] [MPC] state=(-0.22,+4.40,-4.66) wp0=(-0.15,+4.75) v=+0.153 ω=-0.653 wp_prog=8/45 ok=True iters=6
17:59:59 [DEBUG] kappa_max=15.708 vcap_curv=0.153 vmax_local=0.153 vmin_soft=0.030
17:59:59 [DEBUG] omega=+0.312 sat_streak=0 wp=8/45
17:59:59 [INFO] [MPC] state=(-0.22,+4.41,-4.72) wp0=(-0.15,+4.75) v=+0.153 ω=+0.312 wp_prog=8/45 ok=True iters=7
17:59:59 [DEBUG] kappa_max=15.708 vcap_curv=0.153 vmax_local=0.153 vmin_soft=0.030
17:59:59 [DEBUG] omega=+0.262 sat_streak=0 wp=8/45
17:59:59 [INFO] [MPC] state=(-0.22,+4.43,-4.70) wp0=(-0.15,+4.75) v=+0.153 ω=+0.262 wp_prog=8/45 ok=True iters=6
17:59:59 [DEBUG] kappa_max=15.708 vcap_curv=0.153 vmax_local=0.153 vmin_soft=0.030
17:59:59 [DEBUG] omega=-0.639 sat_streak=0 wp=9/45
17:59:59 [INFO] [MPC] state=(-0.22,+4.44,-4.67) wp0=(-0.15,+4.75) v=+0.153 ω=-0.639 wp_prog=9/45 ok=True iters=7
17:59:59 [DEBUG] kappa_max=15.708 vcap_curv=0.153 vmax_local=0.153 vmin_soft=0.030
17:59:59 [DEBUG] omega=-0.164 sat_streak=0 wp=9/45
17:59:59 [INFO] [MPC] state=(-0.22,+4.46,-4.75) wp0=(-0.15,+4.85) v=+0.153 ω=-0.164 wp_prog=9/45 ok=True iters=7
17:59:59 [DEBUG] kappa_max=15.708 vcap_curv=0.153 vmax_local=0.153 vmin_soft=0.030
17:59:59 [DEBUG] omega=-0.108 sat_streak=0 wp=9/45
17:59:59 [INFO] [MPC] state=(-0.22,+4.47,-4.77) wp0=(-0.15,+4.85) v=+0.153 ω=-0.108 wp_prog=9/45 ok=True iters=7
17:59:59 [DEBUG] kappa_max=15.708 vcap_curv=0.153 vmax_local=0.153 vmin_soft=0.030
17:59:59 [DEBUG] omega=-0.064 sat_streak=0 wp=9/45
17:59:59 [INFO] [MPC] state=(-0.22,+4.49,-4.78) wp0=(-0.15,+4.85) v=+0.153 ω=-0.064 wp_prog=9/45 ok=True iters=7
17:59:59 [DEBUG] kappa_max=15.708 vcap_curv=0.153 vmax_local=0.153 vmin_soft=0.030
17:59:59 [DEBUG] omega=+0.656 sat_streak=0 wp=9/45
17:59:59 [INFO] [MPC] state=(-0.22,+4.50,-4.78) wp0=(-0.15,+4.85) v=+0.153 ω=+0.656 wp_prog=9/45 ok=True iters=7
17:59:59 [DEBUG] kappa_max=15.708 vcap_curv=0.153 vmax_local=0.153 vmin_soft=0.030
17:59:59 [DEBUG] omega=+0.281 sat_streak=0 wp=9/45
17:59:59 [INFO] [MPC] state=(-0.22,+4.52,-4.72) wp0=(-0.15,+4.85) v=+0.153 ω=+0.281 wp_prog=9/45 ok=True iters=7
17:59:59 [DEBUG] kappa_max=15.708 vcap_curv=0.153 vmax_local=0.153 vmin_soft=0.030
17:59:59 [DEBUG] omega=+0.234 sat_streak=0 wp=9/45
17:59:59 [INFO] [MPC] state=(-0.22,+4.53,-4.70) wp0=(-0.15,+4.85) v=+0.153 ω=+0.234 wp_prog=9/45 ok=True iters=7
17:59:59 [DEBUG] kappa_max=15.708 vcap_curv=0.153 vmax_local=0.153 vmin_soft=0.030
17:59:59 [DEBUG] omega=+0.181 sat_streak=0 wp=10/45
17:59:59 [INFO] [MPC] state=(-0.22,+4.55,-4.68) wp0=(-0.15,+4.85) v=+0.153 ω=+0.181 wp_prog=10/45 ok=True iters=7
17:59:59 [DEBUG] kappa_max=15.708 vcap_curv=0.153 vmax_local=0.153 vmin_soft=0.030
17:59:59 [DEBUG] omega=-0.206 sat_streak=0 wp=10/45
17:59:59 [INFO] [MPC] state=(-0.22,+4.56,-4.66) wp0=(-0.15,+4.95) v=+0.153 ω=-0.206 wp_prog=10/45 ok=True iters=7
17:59:59 [DEBUG] kappa_max=15.708 vcap_curv=0.153 vmax_local=0.153 vmin_soft=0.030
17:59:59 [DEBUG] omega=-0.038 sat_streak=0 wp=10/45
17:59:59 [INFO] [MPC] state=(-0.22,+4.58,-4.68) wp0=(-0.15,+4.95) v=+0.153 ω=-0.038 wp_prog=10/45 ok=True iters=7
17:59:59 [DEBUG] kappa_max=15.708 vcap_curv=0.153 vmax_local=0.153 vmin_soft=0.030
17:59:59 [DEBUG] omega=-0.048 sat_streak=0 wp=10/45
17:59:59 [INFO] [MPC] state=(-0.22,+4.60,-4.68) wp0=(-0.15,+4.95) v=+0.153 ω=-0.048 wp_prog=10/45 ok=True iters=7
17:59:59 [DEBUG] kappa_max=15.708 vcap_curv=0.153 vmax_local=0.153 vmin_soft=0.030
17:59:59 [DEBUG] omega=-0.051 sat_streak=0 wp=10/45
17:59:59 [INFO] [MPC] state=(-0.22,+4.61,-4.69) wp0=(-0.15,+4.95) v=+0.153 ω=-0.051 wp_prog=10/45 ok=True iters=7
17:59:59 [DEBUG] kappa_max=15.708 vcap_curv=0.153 vmax_local=0.153 vmin_soft=0.030
17:59:59 [DEBUG] omega=-0.051 sat_streak=0 wp=10/45
17:59:59 [INFO] [MPC] state=(-0.22,+4.63,-4.69) wp0=(-0.15,+4.95) v=+0.153 ω=-0.051 wp_prog=10/45 ok=True iters=7
17:59:59 [DEBUG] kappa_max=15.708 vcap_curv=0.153 vmax_local=0.153 vmin_soft=0.030
17:59:59 [DEBUG] omega=-0.784 sat_streak=0 wp=11/45
17:59:59 [INFO] [MPC] state=(-0.22,+4.64,-4.70) wp0=(-0.15,+4.95) v=+0.153 ω=-0.784 wp_prog=11/45 ok=True iters=7
17:59:59 [DEBUG] kappa_max=15.708 vcap_curv=0.153 vmax_local=0.153 vmin_soft=0.030
17:59:59 [DEBUG] omega=-0.509 sat_streak=0 wp=11/45
17:59:59 [INFO] [MPC] state=(-0.22,+4.66,-4.78) wp0=(-0.15,+5.05) v=+0.153 ω=-0.509 wp_prog=11/45 ok=True iters=7
17:59:59 [DEBUG] kappa_max=15.708 vcap_curv=0.153 vmax_local=0.153 vmin_soft=0.030
17:59:59 [DEBUG] omega=+0.473 sat_streak=0 wp=11/45
17:59:59 [INFO] [MPC] state=(-0.22,+4.67,-4.83) wp0=(-0.15,+5.05) v=+0.153 ω=+0.473 wp_prog=11/45 ok=True iters=7
17:59:59 [DEBUG] kappa_max=15.708 vcap_curv=0.153 vmax_local=0.153 vmin_soft=0.030
17:59:59 [DEBUG] omega=+0.268 sat_streak=0 wp=11/45
17:59:59 [INFO] [MPC] state=(-0.22,+4.69,-4.79) wp0=(-0.15,+5.05) v=+0.153 ω=+0.268 wp_prog=11/45 ok=True iters=7
17:59:59 [DEBUG] kappa_max=15.708 vcap_curv=0.153 vmax_local=0.153 vmin_soft=0.030
17:59:59 [DEBUG] omega=+0.240 sat_streak=0 wp=11/45
17:59:59 [INFO] [MPC] state=(-0.22,+4.70,-4.76) wp0=(-0.15,+5.05) v=+0.153 ω=+0.240 wp_prog=11/45 ok=True iters=7
17:59:59 [DEBUG] kappa_max=15.708 vcap_curv=0.153 vmax_local=0.153 vmin_soft=0.030
17:59:59 [DEBUG] omega=-0.086 sat_streak=0 wp=11/45
17:59:59 [INFO] [MPC] state=(-0.22,+4.72,-4.74) wp0=(-0.15,+5.05) v=+0.153 ω=-0.086 wp_prog=11/45 ok=True iters=7
17:59:59 [DEBUG] kappa_max=15.708 vcap_curv=0.153 vmax_local=0.153 vmin_soft=0.030
17:59:59 [DEBUG] omega=-0.058 sat_streak=0 wp=11/45
17:59:59 [INFO] [MPC] state=(-0.22,+4.73,-4.75) wp0=(-0.15,+5.05) v=+0.153 ω=-0.058 wp_prog=11/45 ok=True iters=7
17:59:59 [DEBUG] kappa_max=15.708 vcap_curv=0.153 vmax_local=0.153 vmin_soft=0.030
17:59:59 [DEBUG] omega=+0.851 sat_streak=0 wp=12/45
17:59:59 [INFO] [MPC] state=(-0.22,+4.75,-4.76) wp0=(-0.15,+5.05) v=+0.153 ω=+0.851 wp_prog=12/45 ok=True iters=7
17:59:59 [DEBUG] kappa_max=0.000 vcap_curv=0.200 vmax_local=0.200 vmin_soft=0.030
17:59:59 [DEBUG] omega=-0.520 sat_streak=0 wp=12/45
17:59:59 [INFO] [MPC] state=(-0.22,+4.76,-4.69) wp0=(-0.05,+5.15) v=+0.200 ω=-0.520 wp_prog=12/45 ok=True iters=8
17:59:59 [DEBUG] kappa_max=0.000 vcap_curv=0.200 vmax_local=0.200 vmin_soft=0.030
17:59:59 [DEBUG] omega=-0.549 sat_streak=0 wp=12/45
17:59:59 [INFO] [MPC] state=(-0.22,+4.78,-4.71) wp0=(-0.05,+5.15) v=+0.200 ω=-0.549 wp_prog=12/45 ok=True iters=6
17:59:59 [DEBUG] kappa_max=0.000 vcap_curv=0.200 vmax_local=0.200 vmin_soft=0.030
17:59:59 [DEBUG] omega=+0.355 sat_streak=0 wp=12/45
17:59:59 [INFO] [MPC] state=(-0.22,+4.80,-4.75) wp0=(-0.05,+5.15) v=+0.200 ω=+0.355 wp_prog=12/45 ok=True iters=7
17:59:59 [DEBUG] kappa_max=0.000 vcap_curv=0.200 vmax_local=0.200 vmin_soft=0.030
17:59:59 [DEBUG] omega=+0.163 sat_streak=0 wp=12/45
17:59:59 [INFO] [MPC] state=(-0.22,+4.82,-4.73) wp0=(-0.05,+5.15) v=+0.200 ω=+0.163 wp_prog=12/45 ok=True iters=6
17:59:59 [DEBUG] kappa_max=0.000 vcap_curv=0.200 vmax_local=0.200 vmin_soft=0.030
17:59:59 [DEBUG] omega=-0.725 sat_streak=0 wp=13/45
17:59:59 [INFO] [MPC] state=(-0.22,+4.84,-4.72) wp0=(-0.05,+5.15) v=+0.200 ω=-0.725 wp_prog=13/45 ok=True iters=7
17:59:59 [DEBUG] kappa_max=0.000 vcap_curv=0.200 vmax_local=0.200 vmin_soft=0.030
17:59:59 [DEBUG] omega=+0.076 sat_streak=0 wp=13/45
17:59:59 [INFO] [MPC] state=(-0.22,+4.85,-4.76) wp0=(+0.05,+5.15) v=+0.200 ω=+0.076 wp_prog=13/45 ok=True iters=7
17:59:59 [DEBUG] kappa_max=0.000 vcap_curv=0.200 vmax_local=0.080 vmin_soft=0.000
17:59:59 [DEBUG] omega=-1.442 sat_streak=0 wp=13/45
17:59:59 [INFO] [MPC] state=(-0.21,+4.87,-4.75) wp0=(+0.05,+5.15) v=+0.080 ω=-1.442 wp_prog=13/45 ok=True iters=7
17:59:59 [DEBUG] kappa_max=0.000 vcap_curv=0.200 vmax_local=0.200 vmin_soft=0.030
17:59:59 [DEBUG] omega=-0.723 sat_streak=0 wp=13/45
17:59:59 [INFO] [MPC] state=(-0.21,+4.89,-4.84) wp0=(+0.05,+5.15) v=+0.200 ω=-0.723 wp_prog=13/45 ok=True iters=8
17:59:59 [DEBUG] kappa_max=0.000 vcap_curv=0.200 vmax_local=0.200 vmin_soft=0.030
17:59:59 [DEBUG] omega=-0.088 sat_streak=0 wp=13/45
17:59:59 [INFO] [MPC] state=(-0.21,+4.90,-4.94) wp0=(+0.05,+5.15) v=+0.200 ω=-0.088 wp_prog=13/45 ok=True iters=8
17:59:59 [DEBUG] kappa_max=0.000 vcap_curv=0.200 vmax_local=0.200 vmin_soft=0.030
17:59:59 [DEBUG] omega=-0.497 sat_streak=0 wp=13/45
17:59:59 [INFO] [MPC] state=(-0.21,+4.92,-4.95) wp0=(+0.05,+5.15) v=+0.200 ω=-0.497 wp_prog=13/45 ok=True iters=6
17:59:59 [DEBUG] kappa_max=0.000 vcap_curv=0.200 vmax_local=0.200 vmin_soft=0.030
17:59:59 [DEBUG] omega=-0.350 sat_streak=0 wp=14/45
17:59:59 [INFO] [MPC] state=(-0.20,+4.94,-4.98) wp0=(+0.05,+5.15) v=+0.200 ω=-0.350 wp_prog=14/45 ok=True iters=6
17:59:59 [DEBUG] kappa_max=0.000 vcap_curv=0.200 vmax_local=0.080 vmin_soft=0.000
17:59:59 [DEBUG] omega=-1.564 sat_streak=0 wp=14/45
17:59:59 [INFO] [MPC] state=(-0.20,+4.96,-5.00) wp0=(+0.15,+5.15) v=+0.080 ω=-1.564 wp_prog=14/45 ok=True iters=7
17:59:59 [DEBUG] kappa_max=0.000 vcap_curv=0.200 vmax_local=0.200 vmin_soft=0.030
17:59:59 [DEBUG] omega=-0.272 sat_streak=0 wp=14/45
17:59:59 [INFO] [MPC] state=(-0.19,+4.97,-5.13) wp0=(+0.15,+5.15) v=+0.200 ω=-0.272 wp_prog=14/45 ok=True iters=9
17:59:59 [DEBUG] kappa_max=0.000 vcap_curv=0.200 vmax_local=0.200 vmin_soft=0.030
17:59:59 [DEBUG] omega=+0.013 sat_streak=0 wp=14/45
17:59:59 [INFO] [MPC] state=(-0.18,+4.98,-5.18) wp0=(+0.15,+5.15) v=+0.200 ω=+0.013 wp_prog=14/45 ok=True iters=6
17:59:59 [DEBUG] kappa_max=0.000 vcap_curv=0.200 vmax_local=0.200 vmin_soft=0.030
17:59:59 [DEBUG] omega=-0.285 sat_streak=0 wp=14/45
17:59:59 [INFO] [MPC] state=(-0.18,+5.00,-5.18) wp0=(+0.15,+5.15) v=+0.200 ω=-0.285 wp_prog=14/45 ok=True iters=6
17:59:59 [DEBUG] kappa_max=0.000 vcap_curv=0.200 vmax_local=0.200 vmin_soft=0.030
17:59:59 [DEBUG] omega=-0.288 sat_streak=0 wp=14/45
17:59:59 [INFO] [MPC] state=(-0.17,+5.02,-5.20) wp0=(+0.15,+5.15) v=+0.200 ω=-0.288 wp_prog=14/45 ok=True iters=6
17:59:59 [DEBUG] kappa_max=0.000 vcap_curv=0.200 vmax_local=0.080 vmin_soft=0.000
17:59:59 [DEBUG] omega=-1.020 sat_streak=0 wp=14/45
17:59:59 [INFO] [MPC] state=(-0.16,+5.04,-5.22) wp0=(+0.15,+5.15) v=+0.080 ω=-1.020 wp_prog=14/45 ok=True iters=7
17:59:59 [DEBUG] kappa_max=0.000 vcap_curv=0.200 vmax_local=0.200 vmin_soft=0.030
17:59:59 [DEBUG] omega=-0.157 sat_streak=0 wp=15/45
17:59:59 [INFO] [MPC] state=(-0.15,+5.04,-5.30) wp0=(+0.15,+5.15) v=+0.200 ω=-0.157 wp_prog=15/45 ok=True iters=8
17:59:59 [DEBUG] kappa_max=0.000 vcap_curv=0.200 vmax_local=0.080 vmin_soft=0.000
17:59:59 [DEBUG] omega=-0.795 sat_streak=0 wp=15/45
17:59:59 [INFO] [MPC] state=(-0.14,+5.06,-5.34) wp0=(+0.25,+5.15) v=+0.080 ω=-0.795 wp_prog=15/45 ok=True iters=7
17:59:59 [DEBUG] kappa_max=0.000 vcap_curv=0.200 vmax_local=0.200 vmin_soft=0.030
17:59:59 [DEBUG] omega=-0.060 sat_streak=0 wp=15/45
17:59:59 [INFO] [MPC] state=(-0.14,+5.07,-5.41) wp0=(+0.25,+5.15) v=+0.200 ω=-0.060 wp_prog=15/45 ok=True iters=8
17:59:59 [DEBUG] kappa_max=0.000 vcap_curv=0.200 vmax_local=0.200 vmin_soft=0.030
17:59:59 [DEBUG] omega=-0.143 sat_streak=0 wp=15/45
17:59:59 [INFO] [MPC] state=(-0.12,+5.08,-5.43) wp0=(+0.25,+5.15) v=+0.200 ω=-0.143 wp_prog=15/45 ok=True iters=6
17:59:59 [DEBUG] kappa_max=0.000 vcap_curv=0.200 vmax_local=0.200 vmin_soft=0.030
17:59:59 [DEBUG] omega=-0.448 sat_streak=0 wp=16/45
17:59:59 [INFO] [MPC] state=(-0.11,+5.09,-5.44) wp0=(+0.25,+5.15) v=+0.200 ω=-0.448 wp_prog=16/45 ok=True iters=6
17:59:59 [DEBUG] kappa_max=0.000 vcap_curv=0.200 vmax_local=0.200 vmin_soft=0.030
17:59:59 [DEBUG] omega=-0.545 sat_streak=0 wp=16/45
17:59:59 [INFO] [MPC] state=(-0.10,+5.11,-5.47) wp0=(+0.25,+5.15) v=+0.200 ω=-0.545 wp_prog=16/45 ok=True iters=6
17:59:59 [DEBUG] kappa_max=0.000 vcap_curv=0.200 vmax_local=0.080 vmin_soft=0.000
17:59:59 [DEBUG] omega=-0.902 sat_streak=0 wp=16/45
17:59:59 [INFO] [MPC] state=(-0.08,+5.12,-5.50) wp0=(+0.25,+5.15) v=+0.080 ω=-0.902 wp_prog=16/45 ok=True iters=7
17:59:59 [DEBUG] kappa_max=0.000 vcap_curv=0.200 vmax_local=0.200 vmin_soft=0.030
17:59:59 [DEBUG] omega=-0.097 sat_streak=0 wp=16/45
17:59:59 [INFO] [MPC] state=(-0.08,+5.13,-5.58) wp0=(+0.25,+5.15) v=+0.200 ω=-0.097 wp_prog=16/45 ok=True iters=7
17:59:59 [DEBUG] kappa_max=0.000 vcap_curv=0.200 vmax_local=0.200 vmin_soft=0.030
17:59:59 [DEBUG] omega=-0.107 sat_streak=0 wp=17/45
17:59:59 [INFO] [MPC] state=(-0.06,+5.14,-5.61) wp0=(+0.25,+5.15) v=+0.200 ω=-0.107 wp_prog=17/45 ok=True iters=6
17:59:59 [DEBUG] kappa_max=0.000 vcap_curv=0.200 vmax_local=0.200 vmin_soft=0.030
17:59:59 [DEBUG] omega=-0.658 sat_streak=0 wp=17/45
17:59:59 [INFO] [MPC] state=(-0.05,+5.15,-5.62) wp0=(+0.45,+5.15) v=+0.200 ω=-0.658 wp_prog=17/45 ok=True iters=6
17:59:59 [DEBUG] kappa_max=0.000 vcap_curv=0.200 vmax_local=0.200 vmin_soft=0.030
17:59:59 [DEBUG] omega=-0.600 sat_streak=0 wp=17/45
17:59:59 [INFO] [MPC] state=(-0.03,+5.16,-5.66) wp0=(+0.45,+5.15) v=+0.200 ω=-0.600 wp_prog=17/45 ok=True iters=6
17:59:59 [DEBUG] kappa_max=0.000 vcap_curv=0.200 vmax_local=0.200 vmin_soft=0.030
17:59:59 [DEBUG] omega=-0.618 sat_streak=0 wp=17/45
17:59:59 [INFO] [MPC] state=(-0.02,+5.17,-5.69) wp0=(+0.45,+5.15) v=+0.200 ω=-0.618 wp_prog=17/45 ok=True iters=6
17:59:59 [DEBUG] kappa_max=0.000 vcap_curv=0.200 vmax_local=0.200 vmin_soft=0.030
17:59:59 [DEBUG] omega=-0.596 sat_streak=0 wp=17/45
17:59:59 [INFO] [MPC] state=(-0.00,+5.18,-5.73) wp0=(+0.45,+5.15) v=+0.200 ω=-0.596 wp_prog=17/45 ok=True iters=6
17:59:59 [DEBUG] kappa_max=0.000 vcap_curv=0.200 vmax_local=0.200 vmin_soft=0.030
17:59:59 [DEBUG] omega=-0.601 sat_streak=0 wp=17/45
17:59:59 [INFO] [MPC] state=(+0.01,+5.19,-5.77) wp0=(+0.45,+5.15) v=+0.200 ω=-0.601 wp_prog=17/45 ok=True iters=6
17:59:59 [DEBUG] kappa_max=0.000 vcap_curv=0.200 vmax_local=0.200 vmin_soft=0.030
17:59:59 [DEBUG] omega=-0.592 sat_streak=0 wp=17/45
17:59:59 [INFO] [MPC] state=(+0.03,+5.20,-5.80) wp0=(+0.45,+5.15) v=+0.200 ω=-0.592 wp_prog=17/45 ok=True iters=6
17:59:59 [DEBUG] kappa_max=0.000 vcap_curv=0.200 vmax_local=0.200 vmin_soft=0.030
17:59:59 [DEBUG] omega=-0.577 sat_streak=0 wp=18/45
17:59:59 [INFO] [MPC] state=(+0.05,+5.21,-5.84) wp0=(+0.45,+5.15) v=+0.200 ω=-0.577 wp_prog=18/45 ok=True iters=6
17:59:59 [DEBUG] kappa_max=0.000 vcap_curv=0.200 vmax_local=0.200 vmin_soft=0.030
17:59:59 [DEBUG] omega=-0.218 sat_streak=0 wp=18/45
17:59:59 [INFO] [MPC] state=(+0.06,+5.22,-5.87) wp0=(+0.45,+5.15) v=+0.200 ω=-0.218 wp_prog=18/45 ok=True iters=6
17:59:59 [DEBUG] kappa_max=0.000 vcap_curv=0.200 vmax_local=0.200 vmin_soft=0.030
17:59:59 [DEBUG] omega=-0.654 sat_streak=0 wp=18/45
17:59:59 [INFO] [MPC] state=(+0.08,+5.23,-5.89) wp0=(+0.45,+5.15) v=+0.200 ω=-0.654 wp_prog=18/45 ok=True iters=6
17:59:59 [DEBUG] kappa_max=0.000 vcap_curv=0.200 vmax_local=0.200 vmin_soft=0.030
17:59:59 [DEBUG] omega=-0.617 sat_streak=0 wp=18/45
17:59:59 [INFO] [MPC] state=(+0.10,+5.23,-5.92) wp0=(+0.45,+5.15) v=+0.200 ω=-0.617 wp_prog=18/45 ok=True iters=6
17:59:59 [DEBUG] kappa_max=0.000 vcap_curv=0.200 vmax_local=0.200 vmin_soft=0.030
17:59:59 [DEBUG] omega=-0.578 sat_streak=0 wp=18/45
17:59:59 [INFO] [MPC] state=(+0.12,+5.24,-5.96) wp0=(+0.45,+5.15) v=+0.200 ω=-0.578 wp_prog=18/45 ok=True iters=6
17:59:59 [DEBUG] kappa_max=0.000 vcap_curv=0.200 vmax_local=0.200 vmin_soft=0.030
17:59:59 [DEBUG] omega=-0.537 sat_streak=0 wp=19/45
17:59:59 [INFO] [MPC] state=(+0.13,+5.25,-5.99) wp0=(+0.45,+5.15) v=+0.200 ω=-0.537 wp_prog=19/45 ok=True iters=6
17:59:59 [DEBUG] kappa_max=0.000 vcap_curv=0.200 vmax_local=0.200 vmin_soft=0.030
17:59:59 [DEBUG] omega=-0.460 sat_streak=0 wp=19/45
17:59:59 [INFO] [MPC] state=(+0.15,+5.25,-6.03) wp0=(+0.55,+5.15) v=+0.200 ω=-0.460 wp_prog=19/45 ok=True iters=6
17:59:59 [DEBUG] kappa_max=0.000 vcap_curv=0.200 vmax_local=0.200 vmin_soft=0.030
17:59:59 [DEBUG] omega=-0.763 sat_streak=0 wp=19/45
17:59:59 [INFO] [MPC] state=(+0.17,+5.26,-6.06) wp0=(+0.55,+5.15) v=+0.200 ω=-0.763 wp_prog=19/45 ok=True iters=6
17:59:59 [DEBUG] kappa_max=0.000 vcap_curv=0.200 vmax_local=0.200 vmin_soft=0.030
17:59:59 [DEBUG] omega=-0.574 sat_streak=0 wp=19/45
17:59:59 [INFO] [MPC] state=(+0.19,+5.26,-6.10) wp0=(+0.55,+5.15) v=+0.200 ω=-0.574 wp_prog=19/45 ok=True iters=6
17:59:59 [DEBUG] kappa_max=0.000 vcap_curv=0.200 vmax_local=0.200 vmin_soft=0.030
17:59:59 [DEBUG] omega=-0.875 sat_streak=0 wp=19/45
17:59:59 [INFO] [MPC] state=(+0.21,+5.26,-6.13) wp0=(+0.55,+5.15) v=+0.200 ω=-0.875 wp_prog=19/45 ok=True iters=6
17:59:59 [DEBUG] kappa_max=0.000 vcap_curv=0.200 vmax_local=0.200 vmin_soft=0.030
17:59:59 [DEBUG] omega=-0.629 sat_streak=0 wp=19/45
17:59:59 [INFO] [MPC] state=(+0.22,+5.26,-6.18) wp0=(+0.55,+5.15) v=+0.200 ω=-0.629 wp_prog=19/45 ok=True iters=6
17:59:59 [DEBUG] kappa_max=0.000 vcap_curv=0.200 vmax_local=0.200 vmin_soft=0.030
17:59:59 [DEBUG] omega=-0.535 sat_streak=0 wp=20/45
17:59:59 [INFO] [MPC] state=(+0.24,+5.27,-6.22) wp0=(+0.55,+5.15) v=+0.200 ω=-0.535 wp_prog=20/45 ok=True iters=6
17:59:59 [DEBUG] kappa_max=0.000 vcap_curv=0.200 vmax_local=0.200 vmin_soft=0.030
17:59:59 [DEBUG] omega=-0.429 sat_streak=0 wp=20/45
17:59:59 [INFO] [MPC] state=(+0.26,+5.27,-6.26) wp0=(+0.75,+5.15) v=+0.200 ω=-0.429 wp_prog=20/45 ok=True iters=6
17:59:59 [DEBUG] kappa_max=0.000 vcap_curv=0.200 vmax_local=0.200 vmin_soft=0.030
17:59:59 [DEBUG] omega=-0.564 sat_streak=0 wp=20/45
17:59:59 [INFO] [MPC] state=(+0.28,+5.27,-6.29) wp0=(+0.75,+5.15) v=+0.200 ω=-0.564 wp_prog=20/45 ok=True iters=6
17:59:59 [DEBUG] kappa_max=0.000 vcap_curv=0.200 vmax_local=0.200 vmin_soft=0.030
17:59:59 [DEBUG] omega=+0.032 sat_streak=0 wp=20/45
17:59:59 [INFO] [MPC] state=(+0.30,+5.27,-6.32) wp0=(+0.75,+5.15) v=+0.200 ω=+0.032 wp_prog=20/45 ok=True iters=6
17:59:59 [DEBUG] kappa_max=0.000 vcap_curv=0.200 vmax_local=0.200 vmin_soft=0.030
17:59:59 [DEBUG] omega=+0.030 sat_streak=0 wp=20/45
17:59:59 [INFO] [MPC] state=(+0.32,+5.27,-6.32) wp0=(+0.75,+5.15) v=+0.200 ω=+0.030 wp_prog=20/45 ok=True iters=6
17:59:59 [DEBUG] kappa_max=0.000 vcap_curv=0.200 vmax_local=0.200 vmin_soft=0.030
17:59:59 [DEBUG] omega=+0.028 sat_streak=0 wp=21/45
17:59:59 [INFO] [MPC] state=(+0.34,+5.27,-6.32) wp0=(+0.75,+5.15) v=+0.200 ω=+0.028 wp_prog=21/45 ok=True iters=6
17:59:59 [DEBUG] kappa_max=0.000 vcap_curv=0.200 vmax_local=0.200 vmin_soft=0.030
17:59:59 [DEBUG] omega=+0.027 sat_streak=0 wp=21/45
17:59:59 [INFO] [MPC] state=(+0.36,+5.26,-6.31) wp0=(+0.75,+5.15) v=+0.200 ω=+0.027 wp_prog=21/45 ok=True iters=6
17:59:59 [DEBUG] kappa_max=0.000 vcap_curv=0.200 vmax_local=0.200 vmin_soft=0.030
17:59:59 [DEBUG] omega=+0.025 sat_streak=0 wp=21/45
17:59:59 [INFO] [MPC] state=(+0.38,+5.26,-6.31) wp0=(+0.75,+5.15) v=+0.200 ω=+0.025 wp_prog=21/45 ok=True iters=6
17:59:59 [DEBUG] kappa_max=0.000 vcap_curv=0.200 vmax_local=0.200 vmin_soft=0.030
17:59:59 [DEBUG] omega=-0.097 sat_streak=0 wp=21/45
17:59:59 [INFO] [MPC] state=(+0.40,+5.26,-6.31) wp0=(+0.75,+5.15) v=+0.200 ω=-0.097 wp_prog=21/45 ok=True iters=6
17:59:59 [DEBUG] kappa_max=0.000 vcap_curv=0.200 vmax_local=0.200 vmin_soft=0.030
17:59:59 [DEBUG] omega=+0.058 sat_streak=0 wp=21/45
17:59:59 [INFO] [MPC] state=(+0.42,+5.26,-6.32) wp0=(+0.75,+5.15) v=+0.200 ω=+0.058 wp_prog=21/45 ok=True iters=6
17:59:59 [DEBUG] kappa_max=0.000 vcap_curv=0.200 vmax_local=0.200 vmin_soft=0.030
17:59:59 [DEBUG] omega=+0.049 sat_streak=0 wp=22/45
17:59:59 [INFO] [MPC] state=(+0.44,+5.26,-6.31) wp0=(+0.75,+5.15) v=+0.200 ω=+0.049 wp_prog=22/45 ok=True iters=6
17:59:59 [DEBUG] kappa_max=0.000 vcap_curv=0.200 vmax_local=0.200 vmin_soft=0.030
17:59:59 [DEBUG] omega=+0.273 sat_streak=0 wp=22/45
17:59:59 [INFO] [MPC] state=(+0.46,+5.26,-6.31) wp0=(+0.95,+5.15) v=+0.200 ω=+0.273 wp_prog=22/45 ok=True iters=6
17:59:59 [DEBUG] kappa_max=0.000 vcap_curv=0.200 vmax_local=0.200 vmin_soft=0.030
17:59:59 [DEBUG] omega=+0.221 sat_streak=0 wp=22/45
17:59:59 [INFO] [MPC] state=(+0.48,+5.26,-6.29) wp0=(+0.95,+5.15) v=+0.200 ω=+0.221 wp_prog=22/45 ok=True iters=6
17:59:59 [DEBUG] kappa_max=0.000 vcap_curv=0.200 vmax_local=0.200 vmin_soft=0.030
17:59:59 [DEBUG] omega=+0.183 sat_streak=0 wp=22/45
17:59:59 [INFO] [MPC] state=(+0.50,+5.26,-6.28) wp0=(+0.95,+5.15) v=+0.200 ω=+0.183 wp_prog=22/45 ok=True iters=6
17:59:59 [DEBUG] kappa_max=0.000 vcap_curv=0.200 vmax_local=0.200 vmin_soft=0.030
17:59:59 [DEBUG] omega=+0.136 sat_streak=0 wp=22/45
17:59:59 [INFO] [MPC] state=(+0.52,+5.26,-6.26) wp0=(+0.95,+5.15) v=+0.200 ω=+0.136 wp_prog=22/45 ok=True iters=6
17:59:59 [DEBUG] kappa_max=0.000 vcap_curv=0.200 vmax_local=0.200 vmin_soft=0.030
17:59:59 [DEBUG] omega=-0.385 sat_streak=0 wp=23/45
17:59:59 [INFO] [MPC] state=(+0.54,+5.26,-6.25) wp0=(+0.95,+5.15) v=+0.200 ω=-0.385 wp_prog=23/45 ok=True iters=6
17:59:59 [DEBUG] kappa_max=0.000 vcap_curv=0.200 vmax_local=0.200 vmin_soft=0.030
17:59:59 [DEBUG] omega=-0.183 sat_streak=0 wp=23/45
17:59:59 [INFO] [MPC] state=(+0.56,+5.26,-6.28) wp0=(+0.95,+5.15) v=+0.200 ω=-0.183 wp_prog=23/45 ok=True iters=6
17:59:59 [DEBUG] kappa_max=0.000 vcap_curv=0.200 vmax_local=0.200 vmin_soft=0.030
17:59:59 [DEBUG] omega=-0.131 sat_streak=0 wp=23/45
17:59:59 [INFO] [MPC] state=(+0.58,+5.26,-6.29) wp0=(+0.95,+5.15) v=+0.200 ω=-0.131 wp_prog=23/45 ok=True iters=6
17:59:59 [DEBUG] kappa_max=0.000 vcap_curv=0.200 vmax_local=0.200 vmin_soft=0.030
17:59:59 [DEBUG] omega=-0.082 sat_streak=0 wp=23/45
17:59:59 [INFO] [MPC] state=(+0.60,+5.26,-6.31) wp0=(+0.95,+5.15) v=+0.200 ω=-0.082 wp_prog=23/45 ok=True iters=6
17:59:59 [DEBUG] kappa_max=0.000 vcap_curv=0.200 vmax_local=0.200 vmin_soft=0.030
17:59:59 [DEBUG] omega=+0.066 sat_streak=0 wp=23/45
17:59:59 [INFO] [MPC] state=(+0.62,+5.26,-6.31) wp0=(+0.95,+5.15) v=+0.200 ω=+0.066 wp_prog=23/45 ok=True iters=6
17:59:59 [DEBUG] kappa_max=0.000 vcap_curv=0.200 vmax_local=0.200 vmin_soft=0.030
17:59:59 [DEBUG] omega=+0.292 sat_streak=0 wp=24/45
17:59:59 [INFO] [MPC] state=(+0.64,+5.26,-6.31) wp0=(+0.95,+5.15) v=+0.200 ω=+0.292 wp_prog=24/45 ok=True iters=6
17:59:59 [DEBUG] kappa_max=0.000 vcap_curv=0.200 vmax_local=0.200 vmin_soft=0.030
17:59:59 [DEBUG] omega=+0.246 sat_streak=0 wp=24/45
17:59:59 [INFO] [MPC] state=(+0.66,+5.26,-6.29) wp0=(+1.05,+5.15) v=+0.200 ω=+0.246 wp_prog=24/45 ok=True iters=6
17:59:59 [DEBUG] kappa_max=0.000 vcap_curv=0.200 vmax_local=0.200 vmin_soft=0.030
17:59:59 [DEBUG] omega=+0.195 sat_streak=0 wp=24/45
17:59:59 [INFO] [MPC] state=(+0.68,+5.26,-6.28) wp0=(+1.05,+5.15) v=+0.200 ω=+0.195 wp_prog=24/45 ok=True iters=6
17:59:59 [DEBUG] kappa_max=0.000 vcap_curv=0.200 vmax_local=0.200 vmin_soft=0.030
17:59:59 [DEBUG] omega=+0.156 sat_streak=0 wp=24/45
17:59:59 [INFO] [MPC] state=(+0.70,+5.26,-6.26) wp0=(+1.05,+5.15) v=+0.200 ω=+0.156 wp_prog=24/45 ok=True iters=6
17:59:59 [DEBUG] kappa_max=0.000 vcap_curv=0.200 vmax_local=0.200 vmin_soft=0.030
17:59:59 [DEBUG] omega=+0.115 sat_streak=0 wp=24/45
17:59:59 [INFO] [MPC] state=(+0.72,+5.26,-6.25) wp0=(+1.05,+5.15) v=+0.200 ω=+0.115 wp_prog=24/45 ok=True iters=6
17:59:59 [DEBUG] kappa_max=0.000 vcap_curv=0.200 vmax_local=0.200 vmin_soft=0.030
17:59:59 [DEBUG] omega=-0.425 sat_streak=0 wp=25/45
17:59:59 [INFO] [MPC] state=(+0.74,+5.26,-6.24) wp0=(+1.05,+5.15) v=+0.200 ω=-0.425 wp_prog=25/45 ok=True iters=6
17:59:59 [DEBUG] kappa_max=0.000 vcap_curv=0.200 vmax_local=0.200 vmin_soft=0.030
17:59:59 [DEBUG] omega=-0.212 sat_streak=0 wp=25/45
17:59:59 [INFO] [MPC] state=(+0.76,+5.26,-6.27) wp0=(+1.25,+5.15) v=+0.200 ω=-0.212 wp_prog=25/45 ok=True iters=6
17:59:59 [DEBUG] kappa_max=0.000 vcap_curv=0.200 vmax_local=0.200 vmin_soft=0.030
17:59:59 [DEBUG] omega=-0.138 sat_streak=0 wp=25/45
17:59:59 [INFO] [MPC] state=(+0.77,+5.26,-6.29) wp0=(+1.25,+5.15) v=+0.200 ω=-0.138 wp_prog=25/45 ok=True iters=6
17:59:59 [DEBUG] kappa_max=0.000 vcap_curv=0.200 vmax_local=0.200 vmin_soft=0.030
17:59:59 [DEBUG] omega=-0.096 sat_streak=0 wp=25/45
17:59:59 [INFO] [MPC] state=(+0.79,+5.26,-6.30) wp0=(+1.25,+5.15) v=+0.200 ω=-0.096 wp_prog=25/45 ok=True iters=6
17:59:59 [DEBUG] kappa_max=0.000 vcap_curv=0.200 vmax_local=0.200 vmin_soft=0.030
17:59:59 [DEBUG] omega=+0.054 sat_streak=0 wp=25/45
17:59:59 [INFO] [MPC] state=(+0.82,+5.26,-6.31) wp0=(+1.25,+5.15) v=+0.200 ω=+0.054 wp_prog=25/45 ok=True iters=6
17:59:59 [DEBUG] kappa_max=0.000 vcap_curv=0.200 vmax_local=0.200 vmin_soft=0.030
17:59:59 [DEBUG] omega=-0.211 sat_streak=0 wp=26/45
17:59:59 [INFO] [MPC] state=(+0.84,+5.26,-6.31) wp0=(+1.25,+5.15) v=+0.200 ω=-0.211 wp_prog=26/45 ok=True iters=6
17:59:59 [DEBUG] kappa_max=0.000 vcap_curv=0.200 vmax_local=0.200 vmin_soft=0.030
17:59:59 [DEBUG] omega=-0.041 sat_streak=0 wp=26/45
17:59:59 [INFO] [MPC] state=(+0.86,+5.26,-6.32) wp0=(+1.25,+5.15) v=+0.200 ω=-0.041 wp_prog=26/45 ok=True iters=6
17:59:59 [DEBUG] kappa_max=0.000 vcap_curv=0.200 vmax_local=0.200 vmin_soft=0.030
17:59:59 [DEBUG] omega=-0.492 sat_streak=0 wp=26/45
17:59:59 [INFO] [MPC] state=(+0.88,+5.26,-6.33) wp0=(+1.25,+5.15) v=+0.200 ω=-0.492 wp_prog=26/45 ok=True iters=6
17:59:59 [DEBUG] kappa_max=0.000 vcap_curv=0.200 vmax_local=0.200 vmin_soft=0.030
17:59:59 [DEBUG] omega=-0.396 sat_streak=0 wp=26/45
17:59:59 [INFO] [MPC] state=(+0.89,+5.26,-6.36) wp0=(+1.25,+5.15) v=+0.200 ω=-0.396 wp_prog=26/45 ok=True iters=6
17:59:59 [DEBUG] kappa_max=0.000 vcap_curv=0.200 vmax_local=0.200 vmin_soft=0.030
17:59:59 [DEBUG] omega=-0.305 sat_streak=0 wp=26/45
17:59:59 [INFO] [MPC] state=(+0.91,+5.26,-6.38) wp0=(+1.25,+5.15) v=+0.200 ω=-0.305 wp_prog=26/45 ok=True iters=6
17:59:59 [DEBUG] kappa_max=0.000 vcap_curv=0.200 vmax_local=0.200 vmin_soft=0.030
17:59:59 [DEBUG] omega=-0.102 sat_streak=0 wp=27/45
17:59:59 [INFO] [MPC] state=(+0.93,+5.26,-6.40) wp0=(+1.25,+5.15) v=+0.200 ω=-0.102 wp_prog=27/45 ok=True iters=6
17:59:59 [DEBUG] kappa_max=0.000 vcap_curv=0.200 vmax_local=0.200 vmin_soft=0.030
17:59:59 [DEBUG] omega=-0.061 sat_streak=0 wp=27/45
17:59:59 [INFO] [MPC] state=(+0.95,+5.25,-6.41) wp0=(+1.45,+5.15) v=+0.200 ω=-0.061 wp_prog=27/45 ok=True iters=6
17:59:59 [DEBUG] kappa_max=0.000 vcap_curv=0.200 vmax_local=0.200 vmin_soft=0.030
17:59:59 [DEBUG] omega=-0.374 sat_streak=0 wp=27/45
17:59:59 [INFO] [MPC] state=(+0.97,+5.25,-6.42) wp0=(+1.45,+5.15) v=+0.200 ω=-0.374 wp_prog=27/45 ok=True iters=6
17:59:59 [DEBUG] kappa_max=0.000 vcap_curv=0.200 vmax_local=0.200 vmin_soft=0.030
17:59:59 [DEBUG] omega=-0.275 sat_streak=0 wp=27/45
17:59:59 [INFO] [MPC] state=(+0.99,+5.25,-6.44) wp0=(+1.45,+5.15) v=+0.200 ω=-0.275 wp_prog=27/45 ok=True iters=6
17:59:59 [DEBUG] kappa_max=0.000 vcap_curv=0.200 vmax_local=0.200 vmin_soft=0.030
17:59:59 [DEBUG] omega=+0.064 sat_streak=0 wp=27/45
17:59:59 [INFO] [MPC] state=(+1.01,+5.24,-6.46) wp0=(+1.45,+5.15) v=+0.200 ω=+0.064 wp_prog=27/45 ok=True iters=6
17:59:59 [DEBUG] kappa_max=0.000 vcap_curv=0.200 vmax_local=0.200 vmin_soft=0.030
17:59:59 [DEBUG] omega=-0.274 sat_streak=0 wp=28/45
17:59:59 [INFO] [MPC] state=(+1.03,+5.24,-6.45) wp0=(+1.45,+5.15) v=+0.200 ω=-0.274 wp_prog=28/45 ok=True iters=6
17:59:59 [DEBUG] kappa_max=0.000 vcap_curv=0.200 vmax_local=0.200 vmin_soft=0.030
17:59:59 [DEBUG] omega=-0.072 sat_streak=0 wp=28/45
17:59:59 [INFO] [MPC] state=(+1.05,+5.24,-6.47) wp0=(+1.45,+5.15) v=+0.200 ω=-0.072 wp_prog=28/45 ok=True iters=6
17:59:59 [DEBUG] kappa_max=0.000 vcap_curv=0.200 vmax_local=0.200 vmin_soft=0.030
17:59:59 [DEBUG] omega=-0.036 sat_streak=0 wp=28/45
17:59:59 [INFO] [MPC] state=(+1.07,+5.23,-6.48) wp0=(+1.45,+5.15) v=+0.200 ω=-0.036 wp_prog=28/45 ok=True iters=6
17:59:59 [DEBUG] kappa_max=0.000 vcap_curv=0.200 vmax_local=0.200 vmin_soft=0.030
17:59:59 [DEBUG] omega=-0.027 sat_streak=0 wp=28/45
17:59:59 [INFO] [MPC] state=(+1.09,+5.23,-6.48) wp0=(+1.45,+5.15) v=+0.200 ω=-0.027 wp_prog=28/45 ok=True iters=6
17:59:59 [DEBUG] kappa_max=0.000 vcap_curv=0.200 vmax_local=0.200 vmin_soft=0.030
17:59:59 [DEBUG] omega=+0.200 sat_streak=0 wp=28/45
17:59:59 [INFO] [MPC] state=(+1.11,+5.22,-6.48) wp0=(+1.45,+5.15) v=+0.200 ω=+0.200 wp_prog=28/45 ok=True iters=6
17:59:59 [DEBUG] kappa_max=0.000 vcap_curv=0.200 vmax_local=0.200 vmin_soft=0.030
17:59:59 [DEBUG] omega=+0.348 sat_streak=0 wp=28/45
17:59:59 [INFO] [MPC] state=(+1.13,+5.22,-6.47) wp0=(+1.45,+5.15) v=+0.200 ω=+0.348 wp_prog=28/45 ok=True iters=6
17:59:59 [DEBUG] kappa_max=0.000 vcap_curv=0.200 vmax_local=0.200 vmin_soft=0.030
17:59:59 [DEBUG] omega=+0.485 sat_streak=0 wp=29/45
17:59:59 [INFO] [MPC] state=(+1.15,+5.22,-6.44) wp0=(+1.45,+5.15) v=+0.200 ω=+0.485 wp_prog=29/45 ok=True iters=6
17:59:59 [DEBUG] kappa_max=0.000 vcap_curv=0.200 vmax_local=0.200 vmin_soft=0.030
17:59:59 [DEBUG] omega=+0.540 sat_streak=0 wp=29/45
17:59:59 [INFO] [MPC] state=(+1.17,+5.21,-6.42) wp0=(+1.55,+5.15) v=+0.200 ω=+0.540 wp_prog=29/45 ok=True iters=6
17:59:59 [DEBUG] kappa_max=0.000 vcap_curv=0.200 vmax_local=0.200 vmin_soft=0.030
17:59:59 [DEBUG] omega=+0.523 sat_streak=0 wp=29/45
17:59:59 [INFO] [MPC] state=(+1.19,+5.21,-6.38) wp0=(+1.55,+5.15) v=+0.200 ω=+0.523 wp_prog=29/45 ok=True iters=6
17:59:59 [DEBUG] kappa_max=0.000 vcap_curv=0.200 vmax_local=0.200 vmin_soft=0.030
17:59:59 [DEBUG] omega=+0.546 sat_streak=0 wp=29/45
17:59:59 [INFO] [MPC] state=(+1.20,+5.21,-6.35) wp0=(+1.55,+5.15) v=+0.200 ω=+0.546 wp_prog=29/45 ok=True iters=6
17:59:59 [DEBUG] kappa_max=0.000 vcap_curv=0.200 vmax_local=0.200 vmin_soft=0.030
17:59:59 [DEBUG] omega=+0.430 sat_streak=0 wp=29/45
17:59:59 [INFO] [MPC] state=(+1.22,+5.21,-6.32) wp0=(+1.55,+5.15) v=+0.200 ω=+0.430 wp_prog=29/45 ok=True iters=6
17:59:59 [DEBUG] kappa_max=0.000 vcap_curv=0.200 vmax_local=0.200 vmin_soft=0.030
17:59:59 [DEBUG] omega=+0.472 sat_streak=0 wp=30/45
17:59:59 [INFO] [MPC] state=(+1.24,+5.21,-6.30) wp0=(+1.55,+5.15) v=+0.200 ω=+0.472 wp_prog=30/45 ok=True iters=6
17:59:59 [DEBUG] kappa_max=0.000 vcap_curv=0.200 vmax_local=0.200 vmin_soft=0.030
17:59:59 [DEBUG] omega=+0.645 sat_streak=0 wp=30/45
17:59:59 [INFO] [MPC] state=(+1.26,+5.21,-6.27) wp0=(+1.75,+5.15) v=+0.200 ω=+0.645 wp_prog=30/45 ok=True iters=6
17:59:59 [DEBUG] kappa_max=0.000 vcap_curv=0.200 vmax_local=0.200 vmin_soft=0.030
17:59:59 [DEBUG] omega=+0.577 sat_streak=0 wp=30/45
17:59:59 [INFO] [MPC] state=(+1.28,+5.21,-6.24) wp0=(+1.75,+5.15) v=+0.200 ω=+0.577 wp_prog=30/45 ok=True iters=6
17:59:59 [DEBUG] kappa_max=0.000 vcap_curv=0.200 vmax_local=0.200 vmin_soft=0.030
17:59:59 [DEBUG] omega=+0.784 sat_streak=0 wp=30/45
17:59:59 [INFO] [MPC] state=(+1.29,+5.21,-6.21) wp0=(+1.75,+5.15) v=+0.200 ω=+0.784 wp_prog=30/45 ok=True iters=6
17:59:59 [DEBUG] kappa_max=0.000 vcap_curv=0.200 vmax_local=0.200 vmin_soft=0.030
17:59:59 [DEBUG] omega=+0.276 sat_streak=0 wp=30/45
17:59:59 [INFO] [MPC] state=(+1.31,+5.21,-6.17) wp0=(+1.75,+5.15) v=+0.200 ω=+0.276 wp_prog=30/45 ok=True iters=6
17:59:59 [DEBUG] kappa_max=0.000 vcap_curv=0.200 vmax_local=0.200 vmin_soft=0.030
17:59:59 [DEBUG] omega=+0.502 sat_streak=0 wp=30/45
17:59:59 [INFO] [MPC] state=(+1.33,+5.22,-6.15) wp0=(+1.75,+5.15) v=+0.200 ω=+0.502 wp_prog=30/45 ok=True iters=6
17:59:59 [DEBUG] kappa_max=0.000 vcap_curv=0.200 vmax_local=0.200 vmin_soft=0.030
17:59:59 [DEBUG] omega=+0.327 sat_streak=0 wp=31/45
17:59:59 [INFO] [MPC] state=(+1.35,+5.22,-6.12) wp0=(+1.75,+5.15) v=+0.200 ω=+0.327 wp_prog=31/45 ok=True iters=6
17:59:59 [DEBUG] kappa_max=0.000 vcap_curv=0.200 vmax_local=0.200 vmin_soft=0.030
17:59:59 [DEBUG] omega=+0.170 sat_streak=0 wp=31/45
17:59:59 [INFO] [MPC] state=(+1.37,+5.22,-6.09) wp0=(+1.75,+5.15) v=+0.200 ω=+0.170 wp_prog=31/45 ok=True iters=6
17:59:59 [DEBUG] kappa_max=0.000 vcap_curv=0.200 vmax_local=0.200 vmin_soft=0.030
17:59:59 [DEBUG] omega=+0.357 sat_streak=0 wp=31/45
17:59:59 [INFO] [MPC] state=(+1.39,+5.23,-6.08) wp0=(+1.75,+5.15) v=+0.200 ω=+0.357 wp_prog=31/45 ok=True iters=6
17:59:59 [DEBUG] kappa_max=0.000 vcap_curv=0.200 vmax_local=0.200 vmin_soft=0.030
17:59:59 [DEBUG] omega=+0.212 sat_streak=0 wp=31/45
17:59:59 [INFO] [MPC] state=(+1.40,+5.23,-6.06) wp0=(+1.75,+5.15) v=+0.200 ω=+0.212 wp_prog=31/45 ok=True iters=6
17:59:59 [DEBUG] kappa_max=0.000 vcap_curv=0.200 vmax_local=0.200 vmin_soft=0.030
17:59:59 [DEBUG] omega=-0.009 sat_streak=0 wp=31/45
17:59:59 [INFO] [MPC] state=(+1.42,+5.23,-6.04) wp0=(+1.75,+5.15) v=+0.200 ω=-0.009 wp_prog=31/45 ok=True iters=6
17:59:59 [DEBUG] kappa_max=0.000 vcap_curv=0.200 vmax_local=0.200 vmin_soft=0.030
17:59:59 [DEBUG] omega=-0.069 sat_streak=0 wp=32/45
17:59:59 [INFO] [MPC] state=(+1.44,+5.24,-6.04) wp0=(+1.75,+5.15) v=+0.200 ω=-0.069 wp_prog=32/45 ok=True iters=6
17:59:59 [DEBUG] kappa_max=0.000 vcap_curv=0.200 vmax_local=0.200 vmin_soft=0.030
17:59:59 [DEBUG] omega=-0.167 sat_streak=0 wp=32/45
17:59:59 [INFO] [MPC] state=(+1.46,+5.24,-6.05) wp0=(+1.95,+5.15) v=+0.200 ω=-0.167 wp_prog=32/45 ok=True iters=6
17:59:59 [DEBUG] kappa_max=0.000 vcap_curv=0.200 vmax_local=0.200 vmin_soft=0.030
17:59:59 [DEBUG] omega=-0.327 sat_streak=0 wp=32/45
17:59:59 [INFO] [MPC] state=(+1.48,+5.25,-6.06) wp0=(+1.95,+5.15) v=+0.200 ω=-0.327 wp_prog=32/45 ok=True iters=6
17:59:59 [DEBUG] kappa_max=0.000 vcap_curv=0.200 vmax_local=0.200 vmin_soft=0.030
17:59:59 [DEBUG] omega=-0.306 sat_streak=0 wp=32/45
17:59:59 [INFO] [MPC] state=(+1.50,+5.25,-6.08) wp0=(+1.95,+5.15) v=+0.200 ω=-0.306 wp_prog=32/45 ok=True iters=6
17:59:59 [DEBUG] kappa_max=0.000 vcap_curv=0.200 vmax_local=0.200 vmin_soft=0.030
17:59:59 [DEBUG] omega=-0.525 sat_streak=0 wp=32/45
17:59:59 [INFO] [MPC] state=(+1.52,+5.26,-6.10) wp0=(+1.95,+5.15) v=+0.200 ω=-0.525 wp_prog=32/45 ok=True iters=6
17:59:59 [DEBUG] kappa_max=0.000 vcap_curv=0.200 vmax_local=0.200 vmin_soft=0.030
17:59:59 [DEBUG] omega=-0.465 sat_streak=0 wp=33/45
17:59:59 [INFO] [MPC] state=(+1.54,+5.26,-6.14) wp0=(+1.95,+5.15) v=+0.200 ω=-0.465 wp_prog=33/45 ok=True iters=6
17:59:59 [DEBUG] kappa_max=0.000 vcap_curv=0.200 vmax_local=0.200 vmin_soft=0.030
17:59:59 [DEBUG] omega=-0.646 sat_streak=0 wp=33/45
17:59:59 [INFO] [MPC] state=(+1.56,+5.26,-6.16) wp0=(+1.95,+5.15) v=+0.200 ω=-0.646 wp_prog=33/45 ok=True iters=6
17:59:59 [DEBUG] kappa_max=0.000 vcap_curv=0.200 vmax_local=0.200 vmin_soft=0.030
17:59:59 [DEBUG] omega=-0.559 sat_streak=0 wp=33/45
17:59:59 [INFO] [MPC] state=(+1.58,+5.26,-6.20) wp0=(+1.95,+5.15) v=+0.200 ω=-0.559 wp_prog=33/45 ok=True iters=6
17:59:59 [DEBUG] kappa_max=0.000 vcap_curv=0.200 vmax_local=0.200 vmin_soft=0.030
18:00:00 [DEBUG] omega=-0.470 sat_streak=0 wp=33/45
18:00:00 [INFO] [MPC] state=(+1.60,+5.27,-6.24) wp0=(+1.95,+5.15) v=+0.200 ω=-0.470 wp_prog=33/45 ok=True iters=6
18:00:00 [DEBUG] kappa_max=0.000 vcap_curv=0.200 vmax_local=0.200 vmin_soft=0.030
18:00:00 [DEBUG] omega=-0.254 sat_streak=0 wp=33/45
18:00:00 [INFO] [MPC] state=(+1.61,+5.27,-6.27) wp0=(+1.95,+5.15) v=+0.200 ω=-0.254 wp_prog=33/45 ok=True iters=6
18:00:00 [DEBUG] kappa_max=0.000 vcap_curv=0.200 vmax_local=0.200 vmin_soft=0.030
18:00:00 [DEBUG] omega=-0.193 sat_streak=0 wp=34/45
18:00:00 [INFO] [MPC] state=(+1.63,+5.27,-6.29) wp0=(+1.95,+5.15) v=+0.200 ω=-0.193 wp_prog=34/45 ok=True iters=6
18:00:00 [DEBUG] kappa_max=0.000 vcap_curv=0.200 vmax_local=0.200 vmin_soft=0.030
18:00:00 [DEBUG] omega=-0.135 sat_streak=0 wp=34/45
18:00:00 [INFO] [MPC] state=(+1.65,+5.27,-6.30) wp0=(+2.05,+5.15) v=+0.200 ω=-0.135 wp_prog=34/45 ok=True iters=6
18:00:00 [DEBUG] kappa_max=0.000 vcap_curv=0.200 vmax_local=0.200 vmin_soft=0.030
18:00:00 [DEBUG] omega=+0.028 sat_streak=0 wp=34/45
18:00:00 [INFO] [MPC] state=(+1.67,+5.26,-6.32) wp0=(+2.05,+5.15) v=+0.200 ω=+0.028 wp_prog=34/45 ok=True iters=6
18:00:00 [DEBUG] kappa_max=0.000 vcap_curv=0.200 vmax_local=0.200 vmin_soft=0.030
18:00:00 [DEBUG] omega=+0.028 sat_streak=0 wp=34/45
18:00:00 [INFO] [MPC] state=(+1.69,+5.26,-6.31) wp0=(+2.05,+5.15) v=+0.200 ω=+0.028 wp_prog=34/45 ok=True iters=6
18:00:00 [DEBUG] kappa_max=0.000 vcap_curv=0.200 vmax_local=0.200 vmin_soft=0.030
18:00:00 [DEBUG] omega=+0.026 sat_streak=0 wp=34/45
18:00:00 [INFO] [MPC] state=(+1.71,+5.26,-6.31) wp0=(+2.05,+5.15) v=+0.200 ω=+0.026 wp_prog=34/45 ok=True iters=6
18:00:00 [DEBUG] kappa_max=0.000 vcap_curv=0.200 vmax_local=0.200 vmin_soft=0.030
18:00:00 [DEBUG] omega=-0.099 sat_streak=0 wp=35/45
18:00:00 [INFO] [MPC] state=(+1.73,+5.26,-6.31) wp0=(+2.05,+5.15) v=+0.200 ω=-0.099 wp_prog=35/45 ok=True iters=6
18:00:00 [DEBUG] kappa_max=0.000 vcap_curv=0.200 vmax_local=0.200 vmin_soft=0.030
18:00:00 [DEBUG] omega=+0.062 sat_streak=0 wp=35/45
18:00:00 [INFO] [MPC] state=(+1.75,+5.26,-6.32) wp0=(+2.25,+5.15) v=+0.200 ω=+0.062 wp_prog=35/45 ok=True iters=6
18:00:00 [DEBUG] kappa_max=0.000 vcap_curv=0.200 vmax_local=0.200 vmin_soft=0.030
18:00:00 [DEBUG] omega=+0.292 sat_streak=0 wp=35/45
18:00:00 [INFO] [MPC] state=(+1.77,+5.26,-6.31) wp0=(+2.25,+5.15) v=+0.200 ω=+0.292 wp_prog=35/45 ok=True iters=6
18:00:00 [DEBUG] kappa_max=0.000 vcap_curv=0.200 vmax_local=0.200 vmin_soft=0.030
18:00:00 [DEBUG] omega=+0.242 sat_streak=0 wp=35/45
18:00:00 [INFO] [MPC] state=(+1.79,+5.26,-6.29) wp0=(+2.25,+5.15) v=+0.200 ω=+0.242 wp_prog=35/45 ok=True iters=6
18:00:00 [DEBUG] kappa_max=0.000 vcap_curv=0.200 vmax_local=0.200 vmin_soft=0.030
18:00:00 [DEBUG] omega=+0.203 sat_streak=0 wp=35/45
18:00:00 [INFO] [MPC] state=(+1.81,+5.26,-6.28) wp0=(+2.25,+5.15) v=+0.200 ω=+0.203 wp_prog=35/45 ok=True iters=6
18:00:00 [DEBUG] kappa_max=0.000 vcap_curv=0.200 vmax_local=0.200 vmin_soft=0.030
18:00:00 [DEBUG] omega=+0.157 sat_streak=0 wp=36/45
18:00:00 [INFO] [MPC] state=(+1.83,+5.26,-6.26) wp0=(+2.25,+5.15) v=+0.200 ω=+0.157 wp_prog=36/45 ok=True iters=6
18:00:00 [DEBUG] kappa_max=0.000 vcap_curv=0.200 vmax_local=0.200 vmin_soft=0.030
18:00:00 [DEBUG] omega=+0.122 sat_streak=0 wp=36/45
18:00:00 [INFO] [MPC] state=(+1.85,+5.26,-6.25) wp0=(+2.25,+5.15) v=+0.200 ω=+0.122 wp_prog=36/45 ok=True iters=6
18:00:00 [DEBUG] kappa_max=0.000 vcap_curv=0.200 vmax_local=0.200 vmin_soft=0.030
18:00:00 [DEBUG] omega=-0.430 sat_streak=0 wp=36/45
18:00:00 [INFO] [MPC] state=(+1.87,+5.26,-6.24) wp0=(+2.25,+5.15) v=+0.200 ω=-0.430 wp_prog=36/45 ok=True iters=6
18:00:00 [DEBUG] kappa_max=0.000 vcap_curv=0.200 vmax_local=0.200 vmin_soft=0.030
18:00:00 [DEBUG] omega=-0.206 sat_streak=0 wp=36/45
18:00:00 [INFO] [MPC] state=(+1.89,+5.26,-6.28) wp0=(+2.25,+5.15) v=+0.200 ω=-0.206 wp_prog=36/45 ok=True iters=6
18:00:00 [DEBUG] kappa_max=0.000 vcap_curv=0.200 vmax_local=0.200 vmin_soft=0.030
18:00:00 [DEBUG] omega=-0.158 sat_streak=0 wp=36/45
18:00:00 [INFO] [MPC] state=(+1.91,+5.26,-6.29) wp0=(+2.25,+5.15) v=+0.200 ω=-0.158 wp_prog=36/45 ok=True iters=6
18:00:00 [DEBUG] kappa_max=0.000 vcap_curv=0.200 vmax_local=0.200 vmin_soft=0.030
18:00:00 [DEBUG] omega=-0.108 sat_streak=0 wp=37/45
18:00:00 [INFO] [MPC] state=(+1.93,+5.26,-6.31) wp0=(+2.25,+5.15) v=+0.200 ω=-0.108 wp_prog=37/45 ok=True iters=6
18:00:00 [DEBUG] kappa_max=0.000 vcap_curv=0.200 vmax_local=0.200 vmin_soft=0.030
18:00:00 [DEBUG] omega=+0.057 sat_streak=0 wp=37/45
18:00:00 [INFO] [MPC] state=(+1.95,+5.26,-6.32) wp0=(+2.45,+5.15) v=+0.200 ω=+0.057 wp_prog=37/45 ok=True iters=6
18:00:00 [DEBUG] kappa_max=0.000 vcap_curv=0.200 vmax_local=0.200 vmin_soft=0.030
18:00:00 [DEBUG] omega=+0.300 sat_streak=0 wp=37/45
18:00:00 [INFO] [MPC] state=(+1.97,+5.26,-6.31) wp0=(+2.45,+5.15) v=+0.200 ω=+0.300 wp_prog=37/45 ok=True iters=6
18:00:00 [DEBUG] kappa_max=0.000 vcap_curv=0.200 vmax_local=0.200 vmin_soft=0.030
18:00:00 [DEBUG] omega=+0.258 sat_streak=0 wp=37/45
18:00:00 [INFO] [MPC] state=(+1.99,+5.26,-6.29) wp0=(+2.45,+5.15) v=+0.200 ω=+0.258 wp_prog=37/45 ok=True iters=6
18:00:00 [DEBUG] kappa_max=0.000 vcap_curv=0.200 vmax_local=0.200 vmin_soft=0.030
18:00:00 [DEBUG] omega=+0.215 sat_streak=0 wp=37/45
18:00:00 [INFO] [MPC] state=(+2.01,+5.26,-6.28) wp0=(+2.45,+5.15) v=+0.200 ω=+0.215 wp_prog=37/45 ok=True iters=6
18:00:00 [DEBUG] kappa_max=0.000 vcap_curv=0.200 vmax_local=0.200 vmin_soft=0.030
18:00:00 [DEBUG] omega=+0.176 sat_streak=0 wp=37/45
18:00:00 [INFO] [MPC] state=(+2.03,+5.26,-6.26) wp0=(+2.45,+5.15) v=+0.200 ω=+0.176 wp_prog=37/45 ok=True iters=6
18:00:00 [DEBUG] kappa_max=0.000 vcap_curv=0.200 vmax_local=0.200 vmin_soft=0.030
18:00:00 [DEBUG] omega=-0.410 sat_streak=0 wp=38/45
18:00:00 [INFO] [MPC] state=(+2.05,+5.26,-6.25) wp0=(+2.45,+5.15) v=+0.200 ω=-0.410 wp_prog=38/45 ok=True iters=6
18:00:00 [DEBUG] kappa_max=0.000 vcap_curv=0.200 vmax_local=0.200 vmin_soft=0.030
18:00:00 [DEBUG] omega=-0.194 sat_streak=0 wp=38/45
18:00:00 [INFO] [MPC] state=(+2.07,+5.26,-6.28) wp0=(+2.45,+5.15) v=+0.200 ω=-0.194 wp_prog=38/45 ok=True iters=6
18:00:00 [DEBUG] kappa_max=0.000 vcap_curv=0.200 vmax_local=0.200 vmin_soft=0.030
18:00:00 [DEBUG] omega=-0.136 sat_streak=0 wp=38/45
18:00:00 [INFO] [MPC] state=(+2.09,+5.26,-6.30) wp0=(+2.45,+5.15) v=+0.200 ω=-0.136 wp_prog=38/45 ok=True iters=6
18:00:00 [DEBUG] kappa_max=0.000 vcap_curv=0.200 vmax_local=0.200 vmin_soft=0.030
18:00:00 [DEBUG] omega=+0.296 sat_streak=0 wp=38/45
18:00:00 [INFO] [MPC] state=(+2.11,+5.26,-6.31) wp0=(+2.45,+5.15) v=+0.200 ω=+0.296 wp_prog=38/45 ok=True iters=6
18:00:00 [DEBUG] kappa_max=0.000 vcap_curv=0.200 vmax_local=0.200 vmin_soft=0.030
18:00:00 [DEBUG] omega=+0.256 sat_streak=0 wp=38/45
18:00:00 [INFO] [MPC] state=(+2.13,+5.26,-6.29) wp0=(+2.45,+5.15) v=+0.200 ω=+0.256 wp_prog=38/45 ok=True iters=6
18:00:00 [DEBUG] kappa_max=0.000 vcap_curv=0.200 vmax_local=0.200 vmin_soft=0.030
18:00:00 [DEBUG] omega=+0.216 sat_streak=0 wp=39/45
18:00:00 [INFO] [MPC] state=(+2.15,+5.26,-6.28) wp0=(+2.45,+5.15) v=+0.200 ω=+0.216 wp_prog=39/45 ok=True iters=6
18:00:00 [DEBUG] kappa_max=0.000 vcap_curv=0.200 vmax_local=0.200 vmin_soft=0.030
18:00:00 [DEBUG] omega=-0.385 sat_streak=0 wp=39/45
18:00:00 [INFO] [MPC] state=(+2.17,+5.26,-6.26) wp0=(+2.55,+5.15) v=+0.200 ω=-0.385 wp_prog=39/45 ok=True iters=6
18:00:00 [DEBUG] kappa_max=0.000 vcap_curv=0.200 vmax_local=0.200 vmin_soft=0.030
18:00:00 [DEBUG] omega=-0.324 sat_streak=0 wp=39/45
18:00:00 [INFO] [MPC] state=(+2.19,+5.26,-6.29) wp0=(+2.55,+5.15) v=+0.200 ω=-0.324 wp_prog=39/45 ok=True iters=6
18:00:00 [DEBUG] kappa_max=0.000 vcap_curv=0.200 vmax_local=0.200 vmin_soft=0.030
18:00:00 [DEBUG] omega=-0.118 sat_streak=0 wp=39/45
18:00:00 [INFO] [MPC] state=(+2.20,+5.26,-6.31) wp0=(+2.55,+5.15) v=+0.200 ω=-0.118 wp_prog=39/45 ok=True iters=6
18:00:00 [DEBUG] kappa_max=0.000 vcap_curv=0.200 vmax_local=0.200 vmin_soft=0.030
18:00:00 [DEBUG] omega=-0.630 sat_streak=0 wp=39/45
18:00:00 [INFO] [MPC] state=(+2.22,+5.26,-6.33) wp0=(+2.55,+5.15) v=+0.200 ω=-0.630 wp_prog=39/45 ok=True iters=6
18:00:00 [DEBUG] kappa_max=0.000 vcap_curv=0.200 vmax_local=0.200 vmin_soft=0.030
18:00:00 [DEBUG] omega=-0.529 sat_streak=0 wp=40/45
18:00:00 [INFO] [MPC] state=(+2.24,+5.26,-6.36) wp0=(+2.55,+5.15) v=+0.200 ω=-0.529 wp_prog=40/45 ok=True iters=6
18:00:00 [DEBUG] kappa_max=0.000 vcap_curv=0.200 vmax_local=0.200 vmin_soft=0.030
18:00:00 [DEBUG] omega=-0.285 sat_streak=0 wp=40/45
18:00:00 [INFO] [MPC] state=(+2.26,+5.26,-6.39) wp0=(+2.75,+5.15) v=+0.200 ω=-0.285 wp_prog=40/45 ok=True iters=6
18:00:00 [DEBUG] kappa_max=0.000 vcap_curv=0.200 vmax_local=0.200 vmin_soft=0.030
18:00:00 [DEBUG] omega=-0.217 sat_streak=0 wp=40/45
18:00:00 [INFO] [MPC] state=(+2.28,+5.26,-6.41) wp0=(+2.75,+5.15) v=+0.200 ω=-0.217 wp_prog=40/45 ok=True iters=6
18:00:00 [DEBUG] kappa_max=0.000 vcap_curv=0.200 vmax_local=0.200 vmin_soft=0.030
18:00:00 [DEBUG] omega=-0.152 sat_streak=0 wp=40/45
18:00:00 [INFO] [MPC] state=(+2.30,+5.25,-6.43) wp0=(+2.75,+5.15) v=+0.200 ω=-0.152 wp_prog=40/45 ok=True iters=7
18:00:00 [DEBUG] kappa_max=0.000 vcap_curv=0.200 vmax_local=0.200 vmin_soft=0.030
18:00:00 [DEBUG] omega=-0.597 sat_streak=0 wp=40/45
18:00:00 [INFO] [MPC] state=(+2.32,+5.25,-6.44) wp0=(+2.75,+5.15) v=+0.200 ω=-0.597 wp_prog=40/45 ok=True iters=7
18:00:00 [DEBUG] kappa_max=0.000 vcap_curv=0.200 vmax_local=0.200 vmin_soft=0.030
18:00:00 [DEBUG] omega=-0.329 sat_streak=0 wp=41/45
18:00:00 [INFO] [MPC] state=(+2.34,+5.25,-6.48) wp0=(+2.75,+5.15) v=+0.200 ω=-0.329 wp_prog=41/45 ok=True iters=7
18:00:00 [DEBUG] kappa_max=0.000 vcap_curv=0.200 vmax_local=0.200 vmin_soft=0.030
18:00:00 [DEBUG] omega=-0.241 sat_streak=0 wp=41/45
18:00:00 [INFO] [MPC] state=(+2.36,+5.24,-6.50) wp0=(+2.75,+5.15) v=+0.200 ω=-0.241 wp_prog=41/45 ok=True iters=7
18:00:00 [DEBUG] kappa_max=0.000 vcap_curv=0.200 vmax_local=0.200 vmin_soft=0.030
18:00:00 [DEBUG] omega=-0.171 sat_streak=0 wp=41/45
18:00:00 [INFO] [MPC] state=(+2.38,+5.24,-6.52) wp0=(+2.75,+5.15) v=+0.200 ω=-0.171 wp_prog=41/45 ok=True iters=8
18:00:00 [DEBUG] kappa_max=0.000 vcap_curv=0.200 vmax_local=0.200 vmin_soft=0.030
18:00:00 [DEBUG] omega=-0.147 sat_streak=0 wp=41/45
18:00:00 [INFO] [MPC] state=(+2.40,+5.23,-6.53) wp0=(+2.75,+5.15) v=+0.200 ω=-0.147 wp_prog=41/45 ok=True iters=8
18:00:00 [DEBUG] kappa_max=0.000 vcap_curv=0.200 vmax_local=0.200 vmin_soft=0.030
18:00:00 [DEBUG] omega=-0.137 sat_streak=0 wp=41/45
18:00:00 [INFO] [MPC] state=(+2.42,+5.23,-6.54) wp0=(+2.75,+5.15) v=+0.200 ω=-0.137 wp_prog=41/45 ok=True iters=8
18:00:00 [DEBUG] kappa_max=0.000 vcap_curv=0.200 vmax_local=0.200 vmin_soft=0.030
18:00:00 [DEBUG] omega=+0.530 sat_streak=0 wp=42/45
18:00:00 [INFO] [MPC] state=(+2.44,+5.22,-6.55) wp0=(+2.75,+5.15) v=+0.200 ω=+0.530 wp_prog=42/45 ok=True iters=8
18:00:00 [DEBUG] kappa_max=0.000 vcap_curv=0.200 vmax_local=0.200 vmin_soft=0.030
18:00:00 [DEBUG] omega=+0.289 sat_streak=0 wp=42/45
18:00:00 [INFO] [MPC] state=(+2.45,+5.22,-6.52) wp0=(+2.75,+5.15) v=+0.200 ω=+0.289 wp_prog=42/45 ok=True iters=8
18:00:00 [DEBUG] kappa_max=0.000 vcap_curv=0.200 vmax_local=0.200 vmin_soft=0.030
18:00:00 [DEBUG] omega=+0.569 sat_streak=0 wp=42/45
18:00:00 [INFO] [MPC] state=(+2.47,+5.21,-6.50) wp0=(+2.75,+5.15) v=+0.200 ω=+0.569 wp_prog=42/45 ok=True iters=9
18:00:00 [DEBUG] kappa_max=0.000 vcap_curv=0.200 vmax_local=0.200 vmin_soft=0.030
18:00:00 [DEBUG] omega=+0.301 sat_streak=0 wp=42/45
18:00:00 [INFO] [MPC] state=(+2.49,+5.21,-6.47) wp0=(+2.75,+5.15) v=+0.200 ω=+0.301 wp_prog=42/45 ok=True iters=9
18:00:00 [DEBUG] kappa_max=0.000 vcap_curv=0.200 vmax_local=0.200 vmin_soft=0.030
18:00:00 [DEBUG] omega=+0.601 sat_streak=0 wp=42/45
18:00:00 [INFO] [MPC] state=(+2.51,+5.21,-6.45) wp0=(+2.75,+5.15) v=+0.200 ω=+0.601 wp_prog=42/45 ok=True iters=9
18:00:00 [DEBUG] kappa_max=0.000 vcap_curv=0.200 vmax_local=0.200 vmin_soft=0.030
18:00:00 [DEBUG] omega=+0.860 sat_streak=0 wp=42/45
18:00:00 [INFO] [MPC] state=(+2.53,+5.20,-6.41) wp0=(+2.75,+5.15) v=+0.200 ω=+0.860 wp_prog=42/45 ok=True iters=11
18:00:00 [DEBUG] kappa_max=0.000 vcap_curv=0.200 vmax_local=0.200 vmin_soft=0.030
18:00:00 [DEBUG] omega=+1.003 sat_streak=0 wp=43/45
18:00:00 [INFO] [MPC] state=(+2.54,+5.20,-6.36) wp0=(+2.75,+5.15) v=+0.200 ω=+1.003 wp_prog=43/45 ok=True iters=13
