21:37:21 [INFO] === New MPC Session Started ===
21:37:21 [DEBUG] matplotlib data path: /usr/share/matplotlib/mpl-data
21:37:21 [DEBUG] CONFIGDIR=/home/max/.config/matplotlib
21:37:21 [DEBUG] interactive is False
21:37:21 [DEBUG] platform is linux
21:37:21 [DEBUG] loaded modules: ['sys', 'builtins', '_frozen_importlib', '_imp', '_thread', '_warnings', '_weakref', '_io', 'marshal', 'posix', '_frozen_importlib_external', 'time', 'zipimport', '_codecs', 'codecs', 'encodings.aliases', 'encodings', 'encodings.utf_8', '_signal', '_abc', 'abc', 'io', '__main__', '_stat', 'stat', '_collections_abc', 'genericpath', 'posixpath', 'os.path', 'os', '_sitebuiltins', 'types', 'importlib._bootstrap', 'importlib._bootstrap_external', 'warnings', 'importlib', 'importlib._abc', 'itertools', 'keyword', '_operator', 'operator', 'reprlib', '_collections', 'collections', '_functools', 'functools', 'contextlib', 'importlib.util', 'importlib.machinery', 'mpl_toolkits', 'phply', 'ruamel', 'zope', 'apport_python_hook', 'sitecustomize', 'site', 'crowdnav', 'crowdnav.env', 'gym.error', 'gym.version', 'collections.abc', 'enum', '_sre', 'sre_constants', 'sre_parse', 'sre_compile', '_locale', 'copyreg', 're', 'typing.io', 'typing.re', 'typing', 'numpy._utils._convertions', 'numpy._utils', 'numpy._globals', 'numpy.exceptions', 'numpy.version', 'numpy._distributor_init', 'numpy._utils._inspect', 'math', '_datetime', 'datetime', 'numpy.core._exceptions', 'numpy.dtypes', 'numpy.core._multiarray_umath', 'numpy.core.overrides', 'numpy.core.multiarray', 'numpy.core.umath', 'numbers', 'numpy.core._string_helpers', 'fnmatch', 'ntpath', 'errno', 'urllib', 'ipaddress', 'urllib.parse', 'pathlib', '_struct', 'struct', '_compat_pickle', '_pickle', 'pickle', 'numpy.compat.py3k', 'numpy.compat', 'numpy.core._dtype', 'numpy.core._type_aliases', 'numpy.core.numerictypes', '_contextvars', 'contextvars', 'numpy.core._ufunc_config', 'numpy.core._methods', 'numpy.core.fromnumeric', 'numpy.core.shape_base', 'numpy.core.arrayprint', 'numpy.core._asarray', 'numpy.core.numeric', 'numpy.core.defchararray', 'numpy.core.records', 'numpy.core.memmap', 'numpy.core.function_base', 'numpy.core._machar', 'numpy.core.getlimits', 'numpy.core.einsumfunc', 'numpy.core._multiarray_tests', 'numpy.core._add_newdocs', 'numpy.core._add_newdocs_scalars', 'numpy.core._dtype_ctypes', '_ast', 'ast', '_ctypes', 'ctypes._endian', 'ctypes', 'numpy.core._internal', 'numpy._pytesttester', 'numpy.core', 'numpy.__config__', 'numpy.lib.mixins', 'numpy.lib.ufunclike', 'numpy.lib.type_check', 'numpy.lib.scimath', 'numpy.lib.stride_tricks', 'numpy.lib.twodim_base', 'numpy.linalg._umath_linalg', '__future__', 'numpy._typing._nested_sequence', 'numpy._typing._nbit', 'numpy._typing._char_codes', 'numpy._typing._scalars', 'numpy._typing._shape', 'numpy._typing._dtype_like', 'numpy._typing._array_like', 'numpy._typing', 'numpy.linalg.linalg', 'numpy.linalg', 'numpy.matrixlib.defmatrix', 'numpy.matrixlib', 'numpy.lib.histograms', 'numpy.lib.function_base', 'numpy.lib.index_tricks', 'numpy.lib.nanfunctions', 'numpy.lib.shape_base', 'numpy.lib.polynomial', 'textwrap', 'signal', '_weakrefset', 'threading', 'fcntl', '_posixsubprocess', 'select', 'selectors', 'subprocess', 'platform', 'numpy.lib.utils', 'numpy.lib.arraysetops', 'weakref', 'numpy.lib.format', 'numpy.lib._datasource', 'numpy.lib._iotools', 'numpy.lib.npyio', 'numpy.lib.arrayterator', 'numpy.lib.arraypad', 'numpy.lib._version', 'numpy.lib', 'numpy.fft._pocketfft_internal', 'numpy.fft._pocketfft', 'numpy.fft.helper', 'numpy.fft', 'numpy.polynomial.polyutils', 'numpy.polynomial._polybase', 'numpy.polynomial.polynomial', 'numpy.polynomial.chebyshev', 'numpy.polynomial.legendre', 'numpy.polynomial.hermite', 'numpy.polynomial.hermite_e', 'numpy.polynomial.laguerre', 'numpy.polynomial', 'cython_runtime', '_cython_3_0_8', 'numpy.random._common', 'binascii', 'base64', '_hashlib', '_blake2', 'hashlib', 'hmac', '_bisect', 'bisect', '_random', '_sha512', 'random', 'secrets', 'numpy.random.bit_generator', 'numpy.random._bounded_integers', 'numpy.random._mt19937', 'numpy.random.mtrand', 'numpy.random._philox', 'numpy.random._pcg64', 'numpy.random._sfc64', 'numpy.random._generator', 'numpy.random._pickle', 'numpy.random', 'numpy.ctypeslib', '_opcode', 'opcode', 'dis', 'token', 'tokenize', 'linecache', 'inspect', 'numpy.ma.core', 'numpy.ma.extras', 'numpy.ma', 'numpy', 'gym.utils.colorize', 'gym.utils.ezpickle', 'gym.utils', 'gym.logger', 'gym.utils.seeding', 'gym.spaces.space', 'gym.spaces.box', 'gym.spaces.dict', 'gym.spaces.discrete', 'gym.spaces.multi_discrete', 'gym.spaces.graph', 'gym.spaces.multi_binary', 'gym.spaces.sequence', 'gym.spaces.text', 'gym.spaces.tuple', 'gym.spaces.utils', 'gym.spaces', 'gym.core', 'copy', '_heapq', 'heapq', 'difflib', 'dataclasses', 'cv2.load_config_py3', 'cv2.version', 'numpy._core', 'numpy._core._multiarray_umath', 'cv2.gapi.core', 'cv2.gapi.core.cpu', 'cv2.gapi.core.fluid', 'cv2.gapi.core.ocl', 'cv2.gapi.ie', 'cv2.gapi.ie.detail', 'cv2.gapi.imgproc', 'cv2.gapi.imgproc.fluid', 'cv2.gapi.oak', 'cv2.gapi.onnx', 'cv2.gapi.onnx.ep', 'cv2.gapi.ot', 'cv2.gapi.ot.cpu', 'cv2.gapi.ov', 'cv2.gapi.own', 'cv2.gapi.own.detail', 'cv2.gapi.render', 'cv2.gapi.render.ocv', 'cv2.gapi.streaming', 'cv2.gapi.video', 'cv2.gapi.wip', 'cv2.gapi.wip.draw', 'cv2.gapi.wip.gst', 'cv2.gapi.wip.onevpl', 'cv2.utils.fs', 'cv2.utils.nested', 'cv2.gapi', 'cv2.ogl', 'cv2.data', 'cv2.detail', 'cv2.flann', 'cv2.ml', 'cv2.aruco', 'cv2.qt', 'cv2.utils', 'cv2.typing', 'cv2.samples', 'cv2.barcode', 'cv2.segmentation', 'cv2.ocl', 'cv2.cuda', 'cv2.parallel', 'cv2.dnn', 'cv2.Error', 'cv2.videoio_registry', 'cv2.ipp', 'cv2.fisheye', 'cv2.misc.version', 'cv2.misc', 'cv2.mat_wrapper', 'cv2', 'gym.wrappers.atari_preprocessing', 'gym.wrappers.autoreset', 'gym.wrappers.clip_action', 'gym.wrappers.filter_observation', 'gym.wrappers.flatten_observation', 'gym.wrappers.frame_stack', 'gym.wrappers.gray_scale_observation', 'gym.wrappers.human_rendering', 'gym.wrappers.normalize', 'gym.wrappers.order_enforcing', 'gym.wrappers.record_episode_statistics', 'gym.wrappers.monitoring', '_json', 'json.scanner', 'json.decoder', 'json.encoder', 'json', 'zlib', '_compression', '_bz2', 'bz2', '_lzma', 'lzma', 'shutil', 'tempfile', 'gym.wrappers.monitoring.video_recorder', 'gym.wrappers.record_video', 'gym.wrappers.render_collection', 'gym.wrappers.rescale_action', 'gym.wrappers.resize_observation', 'gym.utils.step_api_compatibility', 'gym.wrappers.step_api_compatibility', 'gym.wrappers.time_aware_observation', 'gym.wrappers.time_limit', 'gym.wrappers.transform_observation', 'gym.wrappers.transform_reward', 'gym.wrappers.vector_list_info', 'gym.wrappers', 'gym.wrappers.compatibility', 'gym.utils.passive_env_checker', 'gym.wrappers.env_checker', '_csv', 'csv', 'email', 'zipfile', 'uu', 'quopri', '_socket', 'array', 'socket', 'locale', 'calendar', 'email._parseaddr', 'email.base64mime', '_string', 'string', 'email.quoprimime', 'email.errors', 'email.encoders', 'email.charset', 'email.utils', 'email.header', 'email._policybase', 'email._encoded_words', 'email.iterators', 'email.message', 'importlib.metadata._functools', 'importlib.metadata._text', 'importlib.metadata._adapters', 'importlib.metadata._meta', 'importlib.metadata._collections', 'importlib.metadata._itertools', 'importlib.abc', 'importlib.metadata', 'gym.envs.registration', 'gym.envs', 'multiprocessing.process', 'multiprocessing.reduction', 'multiprocessing.context', '__mp_main__', 'multiprocessing', 'gym.vector.utils.misc', 'gym.vector.utils.numpy_utils', 'gym.vector.utils.shared_memory', 'gym.vector.utils.spaces', 'gym.vector.utils', 'gym.vector.vector_env', 'gym.vector.async_vector_env', 'gym.vector.sync_vector_env', 'gym.vector', 'gym_notices', 'gym_notices.notices', 'gym', 'pybullet', 'pybullet_data', 'traceback', 'atexit', 'logging', 'crowdnav.logger_setup', 'crowdnav.config', 'crowdnav.kinematics', 'crowdnav.dynamics', 'crowdnav.sensors', 'crowdnav.control', 'crowdnav.control.align', 'crowdnav.control.track', 'crowdnav.planning', 'swig_runtime_data4', 'casadi._casadi', 'casadi.casadi', 'casadi', 'crowdnav.planning.mpc_runner', 'crowdnav.planning.path_mgr', 'crowdnav.utils2', 'crowdnav.utils2.coord', 'crowdnav.planning.path_math', 'crowdnav.utils', 'matplotlib', 'pprint', 'packaging.__about__', 'packaging', 'packaging._structures', 'packaging.version', 'matplotlib._api.deprecation', 'matplotlib._api', 'matplotlib._version', 'gzip', 'shlex', 'matplotlib._c_internal_utils', 'matplotlib.cbook', 'matplotlib.docstring', 'PIL._version', 'PIL', 'PIL.ImageMode', 'PIL.TiffTags', 'PIL._binary', 'PIL._util', 'PIL._imaging', 'PIL.Image', 'PIL.ImageChops', 'PIL.ImageFile', 'PIL.GimpGradientFile', 'PIL.GimpPaletteFile', 'PIL.ImageColor', 'PIL.PaletteFile', 'PIL.ImagePalette', 'PIL.ImageSequence', 'PIL.PngImagePlugin', 'matplotlib._path', 'matplotlib.bezier', 'matplotlib.path', 'matplotlib.transforms', 'matplotlib.ticker', 'matplotlib.scale', 'matplotlib._color_data', 'matplotlib.colors', 'pyparsing', 'matplotlib.fontconfig_pattern', 'matplotlib._enums', 'cycler', 'matplotlib.rcsetup', 'matplotlib.ft2font', 'dateutil._version', 'dateutil', 'kiwisolver']
21:37:21 [DEBUG] CACHEDIR=/home/max/.cache/matplotlib
21:37:21 [DEBUG] Using fontManager instance from /home/max/.cache/matplotlib/fontlist-v330.json
21:37:21 [DEBUG] Loaded backend TkAgg version unknown.
21:37:21 [INFO] CrowdNavPyBulletEnv initializing...
21:37:25 [INFO] World ready | grid: (112, 112), res: 0.1, N=10, T=0.1
21:37:27 [INFO] [PROG] s*=0.00/8.98 (0.0%) dist_goal=6.57
21:37:27 [INFO] [MPC] state=(+5.15,+0.05,-1.53) wp0=(+5.15,-0.03) v=+0.200 ω=+2.400 ok=True iters=9
21:37:27 [INFO] [PROG] s*=0.00/8.98 (0.0%) dist_goal=6.57
21:37:27 [INFO] [MPC] state=(+5.15,+0.05,-1.52) wp0=(+5.15,-0.03) v=+0.200 ω=+2.400 ok=True iters=7
21:37:27 [INFO] [PROG] s*=0.00/8.98 (0.0%) dist_goal=6.57
21:37:27 [INFO] [MPC] state=(+5.15,+0.05,-1.49) wp0=(+5.15,-0.03) v=+0.200 ω=+2.400 ok=True iters=8
21:37:27 [INFO] [PROG] s*=0.00/8.98 (0.0%) dist_goal=6.57
21:37:27 [INFO] [MPC] state=(+5.15,+0.04,-1.45) wp0=(+5.15,-0.03) v=+0.200 ω=+2.400 ok=True iters=8
21:37:27 [INFO] [PROG] s*=0.00/8.98 (0.0%) dist_goal=6.56
21:37:27 [INFO] [MPC] state=(+5.15,+0.04,-1.38) wp0=(+5.15,-0.03) v=+0.200 ω=+2.364 ok=True iters=11
21:37:27 [INFO] [PROG] s*=0.00/8.98 (0.0%) dist_goal=6.56
21:37:27 [INFO] [MPC] state=(+5.15,+0.03,-1.26) wp0=(+5.15,-0.03) v=+0.200 ω=+2.024 ok=True iters=7
21:37:27 [INFO] [PROG] s*=0.02/8.98 (0.2%) dist_goal=6.56
21:37:27 [INFO] [MPC] state=(+5.16,+0.02,-1.15) wp0=(+5.15,-0.05) v=+0.200 ω=+1.643 ok=True iters=6
21:37:27 [INFO] [PROG] s*=0.03/8.98 (0.3%) dist_goal=6.56
21:37:27 [INFO] [MPC] state=(+5.16,+0.00,-1.06) wp0=(+5.15,-0.06) v=+0.200 ω=+1.238 ok=True iters=6
21:37:27 [INFO] [PROG] s*=0.04/8.98 (0.5%) dist_goal=6.56
21:37:27 [INFO] [MPC] state=(+5.17,-0.01,-0.99) wp0=(+5.15,-0.07) v=+0.200 ω=+0.840 ok=True iters=6
21:37:27 [INFO] [PROG] s*=0.06/8.98 (0.6%) dist_goal=6.56
21:37:27 [INFO] [MPC] state=(+5.18,-0.02,-0.94) wp0=(+5.15,-0.09) v=+0.200 ω=+0.471 ok=True iters=7
21:37:27 [INFO] [PROG] s*=0.07/8.98 (0.8%) dist_goal=6.56
21:37:27 [INFO] [MPC] state=(+5.19,-0.04,-0.91) wp0=(+5.15,-0.10) v=+0.200 ω=-0.252 ok=True iters=7
21:37:27 [INFO] [PROG] s*=0.09/8.98 (1.0%) dist_goal=6.57
21:37:27 [INFO] [MPC] state=(+5.21,-0.05,-0.93) wp0=(+5.15,-0.12) v=+0.200 ω=-0.400 ok=True iters=7
21:37:27 [INFO] [PROG] s*=0.10/8.98 (1.2%) dist_goal=6.57
21:37:27 [INFO] [MPC] state=(+5.22,-0.07,-0.96) wp0=(+5.15,-0.13) v=+0.200 ω=-0.504 ok=True iters=7
21:37:27 [INFO] [PROG] s*=0.12/8.98 (1.3%) dist_goal=6.57
21:37:27 [INFO] [MPC] state=(+5.23,-0.08,-0.99) wp0=(+5.15,-0.15) v=+0.200 ω=-1.124 ok=True iters=7
21:37:27 [INFO] [PROG] s*=0.13/8.98 (1.5%) dist_goal=6.57
21:37:27 [INFO] [MPC] state=(+5.24,-0.10,-1.05) wp0=(+5.15,-0.16) v=+0.200 ω=-1.025 ok=True iters=7
21:37:27 [INFO] [PROG] s*=0.15/8.98 (1.7%) dist_goal=6.56
21:37:27 [INFO] [MPC] state=(+5.24,-0.11,-1.10) wp0=(+5.15,-0.18) v=+0.200 ω=-1.002 ok=True iters=7
21:37:27 [INFO] [PROG] s*=0.16/8.98 (1.8%) dist_goal=6.56
21:37:27 [INFO] [MPC] state=(+5.25,-0.13,-1.16) wp0=(+5.15,-0.19) v=+0.200 ω=-0.885 ok=True iters=7
21:37:27 [INFO] [PROG] s*=0.18/8.98 (2.0%) dist_goal=6.56
21:37:27 [INFO] [MPC] state=(+5.26,-0.14,-1.21) wp0=(+5.15,-0.21) v=+0.200 ω=-1.297 ok=True iters=7
21:37:27 [INFO] [PROG] s*=0.19/8.98 (2.2%) dist_goal=6.55
21:37:27 [INFO] [MPC] state=(+5.26,-0.16,-1.28) wp0=(+5.15,-0.22) v=+0.200 ω=-1.536 ok=True iters=7
21:37:27 [INFO] [PROG] s*=0.21/8.98 (2.3%) dist_goal=6.55
21:37:27 [INFO] [MPC] state=(+5.27,-0.17,-1.36) wp0=(+5.15,-0.24) v=+0.200 ω=-1.247 ok=True iters=7
21:37:27 [INFO] [PROG] s*=0.23/8.98 (2.5%) dist_goal=6.54
21:37:27 [INFO] [MPC] state=(+5.27,-0.19,-1.43) wp0=(+5.15,-0.26) v=+0.200 ω=-1.422 ok=True iters=7
21:37:27 [INFO] [PROG] s*=0.24/8.98 (2.7%) dist_goal=6.53
21:37:27 [INFO] [MPC] state=(+5.27,-0.21,-1.51) wp0=(+5.15,-0.27) v=+0.200 ω=-1.125 ok=True iters=7
21:37:27 [INFO] [PROG] s*=0.26/8.98 (2.9%) dist_goal=6.52
21:37:27 [INFO] [MPC] state=(+5.27,-0.22,-1.57) wp0=(+5.15,-0.29) v=+0.200 ω=-0.796 ok=True iters=7
21:37:27 [INFO] [PROG] s*=0.28/8.98 (3.1%) dist_goal=6.51
21:37:27 [INFO] [MPC] state=(+5.27,-0.24,-1.62) wp0=(+5.15,-0.31) v=+0.200 ω=-0.537 ok=True iters=7
21:37:27 [INFO] [PROG] s*=0.30/8.98 (3.3%) dist_goal=6.50
21:37:27 [INFO] [MPC] state=(+5.27,-0.26,-1.66) wp0=(+5.15,-0.33) v=+0.200 ω=+0.036 ok=True iters=7
21:37:27 [INFO] [PROG] s*=0.32/8.98 (3.5%) dist_goal=6.49
21:37:27 [INFO] [MPC] state=(+5.27,-0.28,-1.66) wp0=(+5.15,-0.35) v=+0.200 ω=+0.068 ok=True iters=7
21:37:27 [INFO] [PROG] s*=0.34/8.98 (3.7%) dist_goal=6.48
21:37:27 [INFO] [MPC] state=(+5.27,-0.30,-1.65) wp0=(+5.15,-0.37) v=+0.200 ω=+0.079 ok=True iters=7
21:37:27 [INFO] [PROG] s*=0.36/8.98 (4.0%) dist_goal=6.47
21:37:27 [INFO] [MPC] state=(+5.27,-0.32,-1.64) wp0=(+5.15,-0.39) v=+0.200 ω=+0.086 ok=True iters=7
21:37:27 [INFO] [PROG] s*=0.38/8.98 (4.2%) dist_goal=6.46
21:37:27 [INFO] [MPC] state=(+5.26,-0.34,-1.64) wp0=(+5.15,-0.41) v=+0.200 ω=+0.089 ok=True iters=7
21:37:27 [INFO] [PROG] s*=0.40/8.98 (4.4%) dist_goal=6.45
21:37:27 [INFO] [MPC] state=(+5.26,-0.36,-1.63) wp0=(+5.15,-0.43) v=+0.200 ω=+0.087 ok=True iters=7
21:37:27 [INFO] [PROG] s*=0.42/8.98 (4.6%) dist_goal=6.44
21:37:27 [INFO] [MPC] state=(+5.26,-0.38,-1.62) wp0=(+5.15,-0.45) v=+0.200 ω=+0.082 ok=True iters=7
21:37:27 [INFO] [PROG] s*=0.44/8.98 (4.9%) dist_goal=6.43
21:37:27 [INFO] [MPC] state=(+5.26,-0.40,-1.61) wp0=(+5.15,-0.47) v=+0.200 ω=+0.365 ok=True iters=7
21:37:27 [INFO] [PROG] s*=0.46/8.98 (5.1%) dist_goal=6.42
21:37:27 [INFO] [MPC] state=(+5.26,-0.42,-1.59) wp0=(+5.15,-0.49) v=+0.200 ω=+0.327 ok=True iters=7
21:37:27 [INFO] [PROG] s*=0.47/8.98 (5.3%) dist_goal=6.41
21:37:27 [INFO] [MPC] state=(+5.26,-0.44,-1.57) wp0=(+5.15,-0.50) v=+0.200 ω=+0.284 ok=True iters=7
21:37:27 [INFO] [PROG] s*=0.49/8.98 (5.5%) dist_goal=6.40
21:37:27 [INFO] [MPC] state=(+5.26,-0.45,-1.55) wp0=(+5.15,-0.52) v=+0.200 ω=+0.241 ok=True iters=7
21:37:27 [INFO] [PROG] s*=0.51/8.98 (5.7%) dist_goal=6.39
21:37:27 [INFO] [MPC] state=(+5.26,-0.47,-1.54) wp0=(+5.15,-0.54) v=+0.200 ω=+0.197 ok=True iters=7
21:37:27 [INFO] [PROG] s*=0.53/8.98 (5.9%) dist_goal=6.38
21:37:27 [INFO] [MPC] state=(+5.26,-0.49,-1.52) wp0=(+5.15,-0.56) v=+0.200 ω=-0.453 ok=True iters=7
21:37:27 [INFO] [PROG] s*=0.55/8.98 (6.1%) dist_goal=6.37
21:37:27 [INFO] [MPC] state=(+5.26,-0.51,-1.56) wp0=(+5.15,-0.58) v=+0.200 ω=+0.222 ok=True iters=7
21:37:27 [INFO] [PROG] s*=0.57/8.98 (6.4%) dist_goal=6.36
21:37:27 [INFO] [MPC] state=(+5.26,-0.53,-1.55) wp0=(+5.15,-0.60) v=+0.200 ω=+0.189 ok=True iters=7
21:37:27 [INFO] [PROG] s*=0.59/8.98 (6.6%) dist_goal=6.36
21:37:27 [INFO] [MPC] state=(+5.26,-0.55,-1.53) wp0=(+5.15,-0.62) v=+0.200 ω=-0.460 ok=True iters=7
21:37:27 [INFO] [PROG] s*=0.61/8.98 (6.8%) dist_goal=6.35
21:37:27 [INFO] [MPC] state=(+5.26,-0.57,-1.56) wp0=(+5.15,-0.64) v=+0.200 ω=-0.226 ok=True iters=7
21:37:27 [INFO] [PROG] s*=0.63/8.98 (7.0%) dist_goal=6.34
21:37:27 [INFO] [MPC] state=(+5.26,-0.59,-1.58) wp0=(+5.15,-0.66) v=+0.200 ω=-0.176 ok=True iters=7
21:37:27 [INFO] [PROG] s*=0.65/8.98 (7.2%) dist_goal=6.33
21:37:27 [INFO] [MPC] state=(+5.26,-0.61,-1.60) wp0=(+5.15,-0.68) v=+0.200 ω=+0.014 ok=True iters=7
21:37:27 [INFO] [PROG] s*=0.67/8.98 (7.5%) dist_goal=6.32
21:37:27 [INFO] [MPC] state=(+5.26,-0.63,-1.60) wp0=(+5.15,-0.70) v=+0.200 ω=+0.307 ok=True iters=7
21:37:27 [INFO] [PROG] s*=0.69/8.98 (7.7%) dist_goal=6.31
21:37:27 [INFO] [MPC] state=(+5.26,-0.65,-1.58) wp0=(+5.15,-0.72) v=+0.200 ω=+0.268 ok=True iters=7
21:37:27 [INFO] [PROG] s*=0.71/8.98 (7.9%) dist_goal=6.30
21:37:27 [INFO] [MPC] state=(+5.26,-0.67,-1.56) wp0=(+5.15,-0.74) v=+0.200 ω=+0.232 ok=True iters=7
21:37:27 [INFO] [PROG] s*=0.73/8.98 (8.1%) dist_goal=6.29
21:37:27 [INFO] [MPC] state=(+5.26,-0.69,-1.55) wp0=(+5.15,-0.76) v=+0.200 ω=+0.189 ok=True iters=7
21:37:27 [INFO] [PROG] s*=0.75/8.98 (8.3%) dist_goal=6.28
21:37:27 [INFO] [MPC] state=(+5.26,-0.71,-1.53) wp0=(+5.15,-0.78) v=+0.200 ω=-0.456 ok=True iters=7
21:37:27 [INFO] [PROG] s*=0.77/8.98 (8.5%) dist_goal=6.27
21:37:27 [INFO] [MPC] state=(+5.26,-0.73,-1.56) wp0=(+5.15,-0.80) v=+0.200 ω=-0.232 ok=True iters=7
21:37:27 [INFO] [PROG] s*=0.79/8.98 (8.7%) dist_goal=6.27
21:37:27 [INFO] [MPC] state=(+5.26,-0.75,-1.58) wp0=(+5.15,-0.82) v=+0.200 ω=-0.173 ok=True iters=7
21:37:27 [INFO] [PROG] s*=0.81/8.98 (9.0%) dist_goal=6.26
21:37:27 [INFO] [MPC] state=(+5.26,-0.77,-1.60) wp0=(+5.15,-0.84) v=+0.200 ω=+0.017 ok=True iters=7
21:37:27 [INFO] [PROG] s*=0.83/8.98 (9.2%) dist_goal=6.25
21:37:27 [INFO] [MPC] state=(+5.26,-0.79,-1.60) wp0=(+5.15,-0.86) v=+0.200 ω=+0.022 ok=True iters=7
21:37:27 [INFO] [PROG] s*=0.85/8.98 (9.4%) dist_goal=6.24
21:37:27 [INFO] [MPC] state=(+5.26,-0.81,-1.60) wp0=(+5.15,-0.88) v=+0.200 ω=+0.313 ok=True iters=7
21:37:27 [INFO] [PROG] s*=0.86/8.98 (9.6%) dist_goal=6.23
21:37:27 [INFO] [MPC] state=(+5.26,-0.83,-1.58) wp0=(+5.15,-0.89) v=+0.200 ω=+0.279 ok=True iters=7
21:37:27 [INFO] [PROG] s*=0.88/8.98 (9.8%) dist_goal=6.22
21:37:27 [INFO] [MPC] state=(+5.26,-0.84,-1.56) wp0=(+5.15,-0.91) v=+0.200 ω=+0.235 ok=True iters=7
21:37:27 [INFO] [PROG] s*=0.90/8.98 (10.1%) dist_goal=6.21
21:37:27 [INFO] [MPC] state=(+5.26,-0.86,-1.55) wp0=(+5.15,-0.93) v=+0.200 ω=+0.197 ok=True iters=7
21:37:27 [INFO] [PROG] s*=0.92/8.98 (10.3%) dist_goal=6.21
21:37:27 [INFO] [MPC] state=(+5.26,-0.88,-1.53) wp0=(+5.15,-0.95) v=+0.200 ω=-0.238 ok=True iters=8
21:37:27 [INFO] [PROG] s*=0.94/8.98 (10.5%) dist_goal=6.20
21:37:27 [INFO] [MPC] state=(+5.26,-0.90,-1.55) wp0=(+5.15,-0.97) v=+0.200 ω=-0.258 ok=True iters=7
21:37:27 [INFO] [PROG] s*=0.96/8.98 (10.7%) dist_goal=6.19
21:37:27 [INFO] [MPC] state=(+5.26,-0.92,-1.57) wp0=(+5.15,-0.99) v=+0.200 ω=-0.200 ok=True iters=7
21:37:27 [INFO] [PROG] s*=0.98/8.98 (10.9%) dist_goal=6.18
21:37:27 [INFO] [MPC] state=(+5.26,-0.94,-1.59) wp0=(+5.15,-1.01) v=+0.200 ω=-0.156 ok=True iters=7
21:37:27 [INFO] [PROG] s*=1.00/8.98 (11.2%) dist_goal=6.17
21:37:27 [INFO] [MPC] state=(+5.26,-0.96,-1.60) wp0=(+5.15,-1.03) v=+0.200 ω=+0.030 ok=True iters=7
21:37:27 [INFO] [PROG] s*=1.02/8.98 (11.4%) dist_goal=6.16
21:37:27 [INFO] [MPC] state=(+5.26,-0.98,-1.60) wp0=(+5.15,-1.05) v=+0.200 ω=+0.322 ok=True iters=7
21:37:27 [INFO] [PROG] s*=1.04/8.98 (11.6%) dist_goal=6.15
21:37:27 [INFO] [MPC] state=(+5.26,-1.00,-1.58) wp0=(+5.15,-1.07) v=+0.200 ω=+0.283 ok=True iters=7
21:37:27 [INFO] [PROG] s*=1.06/8.98 (11.8%) dist_goal=6.15
21:37:27 [INFO] [MPC] state=(+5.26,-1.02,-1.56) wp0=(+5.15,-1.09) v=+0.200 ω=+0.247 ok=True iters=7
21:37:27 [INFO] [PROG] s*=1.08/8.98 (12.0%) dist_goal=6.14
21:37:27 [INFO] [MPC] state=(+5.26,-1.04,-1.55) wp0=(+5.15,-1.11) v=+0.200 ω=+0.202 ok=True iters=7
21:37:27 [INFO] [PROG] s*=1.10/8.98 (12.2%) dist_goal=6.13
21:37:27 [INFO] [MPC] state=(+5.26,-1.06,-1.54) wp0=(+5.15,-1.13) v=+0.200 ω=-0.443 ok=True iters=7
21:37:27 [INFO] [PROG] s*=1.12/8.98 (12.5%) dist_goal=6.12
21:37:27 [INFO] [MPC] state=(+5.26,-1.08,-1.56) wp0=(+5.15,-1.15) v=+0.200 ω=-0.214 ok=True iters=7
21:37:27 [INFO] [PROG] s*=1.14/8.98 (12.7%) dist_goal=6.12
21:37:27 [INFO] [MPC] state=(+5.26,-1.10,-1.58) wp0=(+5.15,-1.17) v=+0.200 ω=-0.164 ok=True iters=7
21:37:27 [INFO] [PROG] s*=1.16/8.98 (12.9%) dist_goal=6.11
21:37:27 [INFO] [MPC] state=(+5.26,-1.12,-1.60) wp0=(+5.15,-1.19) v=+0.200 ω=+0.027 ok=True iters=7
21:37:27 [INFO] [PROG] s*=1.18/8.98 (13.1%) dist_goal=6.10
21:37:27 [INFO] [MPC] state=(+5.26,-1.14,-1.60) wp0=(+5.15,-1.21) v=+0.200 ω=+0.318 ok=True iters=7
21:37:27 [INFO] [PROG] s*=1.20/8.98 (13.3%) dist_goal=6.09
21:37:27 [INFO] [MPC] state=(+5.26,-1.16,-1.58) wp0=(+5.15,-1.23) v=+0.200 ω=+0.284 ok=True iters=7
21:37:27 [INFO] [PROG] s*=1.22/8.98 (13.5%) dist_goal=6.08
21:37:27 [INFO] [MPC] state=(+5.26,-1.18,-1.56) wp0=(+5.15,-1.25) v=+0.200 ω=+0.241 ok=True iters=7
21:37:27 [INFO] [PROG] s*=1.24/8.98 (13.8%) dist_goal=6.08
21:37:27 [INFO] [MPC] state=(+5.26,-1.20,-1.55) wp0=(+5.15,-1.27) v=+0.200 ω=+0.203 ok=True iters=7
21:37:27 [INFO] [PROG] s*=1.26/8.98 (14.0%) dist_goal=6.07
21:37:27 [INFO] [MPC] state=(+5.26,-1.22,-1.53) wp0=(+5.15,-1.29) v=+0.200 ω=-0.450 ok=True iters=7
21:37:27 [INFO] [PROG] s*=1.28/8.98 (14.2%) dist_goal=6.06
21:37:27 [INFO] [MPC] state=(+5.26,-1.24,-1.56) wp0=(+5.15,-1.31) v=+0.200 ω=-0.224 ok=True iters=7
21:37:27 [INFO] [PROG] s*=1.30/8.98 (14.4%) dist_goal=6.06
21:37:27 [INFO] [MPC] state=(+5.26,-1.26,-1.58) wp0=(+5.15,-1.33) v=+0.200 ω=-0.171 ok=True iters=7
21:37:27 [INFO] [PROG] s*=1.31/8.98 (14.6%) dist_goal=6.05
21:37:27 [INFO] [MPC] state=(+5.26,-1.28,-1.59) wp0=(+5.15,-1.34) v=+0.200 ω=+0.303 ok=True iters=7
21:37:27 [INFO] [PROG] s*=1.33/8.98 (14.8%) dist_goal=6.04
21:37:27 [INFO] [MPC] state=(+5.26,-1.29,-1.58) wp0=(+5.15,-1.36) v=+0.200 ω=+0.263 ok=True iters=7
21:37:27 [INFO] [PROG] s*=1.35/8.98 (15.1%) dist_goal=6.03
21:37:27 [INFO] [MPC] state=(+5.26,-1.31,-1.56) wp0=(+5.15,-1.38) v=+0.200 ω=+0.229 ok=True iters=7
21:37:27 [INFO] [PROG] s*=1.37/8.98 (15.3%) dist_goal=6.03
21:37:27 [INFO] [MPC] state=(+5.26,-1.33,-1.55) wp0=(+5.15,-1.40) v=+0.200 ω=+0.185 ok=True iters=7
21:37:27 [INFO] [PROG] s*=1.39/8.98 (15.5%) dist_goal=6.02
21:37:27 [INFO] [MPC] state=(+5.26,-1.35,-1.53) wp0=(+5.15,-1.42) v=+0.200 ω=-0.459 ok=True iters=7
21:37:27 [INFO] [PROG] s*=1.41/8.98 (15.7%) dist_goal=6.01
21:37:27 [INFO] [MPC] state=(+5.26,-1.37,-1.56) wp0=(+5.15,-1.44) v=+0.200 ω=-0.228 ok=True iters=7
21:37:27 [INFO] [PROG] s*=1.43/8.98 (15.9%) dist_goal=6.01
21:37:27 [INFO] [MPC] state=(+5.26,-1.39,-1.58) wp0=(+5.15,-1.46) v=+0.200 ω=-0.178 ok=True iters=7
21:37:27 [INFO] [PROG] s*=1.45/8.98 (16.2%) dist_goal=6.00
21:37:27 [INFO] [MPC] state=(+5.26,-1.41,-1.60) wp0=(+5.15,-1.48) v=+0.200 ω=+0.021 ok=True iters=7
21:37:27 [INFO] [PROG] s*=1.47/8.98 (16.4%) dist_goal=5.99
21:37:27 [INFO] [MPC] state=(+5.26,-1.43,-1.60) wp0=(+5.15,-1.50) v=+0.200 ω=+0.026 ok=True iters=7
21:37:27 [INFO] [PROG] s*=1.49/8.98 (16.6%) dist_goal=5.98
21:37:27 [INFO] [MPC] state=(+5.26,-1.45,-1.60) wp0=(+5.15,-1.52) v=+0.200 ω=+0.317 ok=True iters=7
21:37:27 [INFO] [PROG] s*=1.51/8.98 (16.8%) dist_goal=5.98
21:37:27 [INFO] [MPC] state=(+5.26,-1.47,-1.58) wp0=(+5.15,-1.54) v=+0.200 ω=+0.282 ok=True iters=7
21:37:28 [INFO] [PROG] s*=1.53/8.98 (17.0%) dist_goal=5.97
21:37:28 [INFO] [MPC] state=(+5.26,-1.49,-1.56) wp0=(+5.15,-1.56) v=+0.200 ω=+0.242 ok=True iters=7
21:37:28 [INFO] [PROG] s*=1.55/8.98 (17.2%) dist_goal=5.97
21:37:28 [INFO] [MPC] state=(+5.26,-1.51,-1.55) wp0=(+5.15,-1.58) v=+0.200 ω=+0.204 ok=True iters=7
21:37:28 [INFO] [PROG] s*=1.57/8.98 (17.5%) dist_goal=5.96
21:37:28 [INFO] [MPC] state=(+5.26,-1.53,-1.53) wp0=(+5.15,-1.60) v=+0.200 ω=-0.450 ok=True iters=7
21:37:28 [INFO] [PROG] s*=1.59/8.98 (17.7%) dist_goal=5.95
21:37:28 [INFO] [MPC] state=(+5.26,-1.55,-1.56) wp0=(+5.15,-1.62) v=+0.200 ω=-0.223 ok=True iters=7
21:37:28 [INFO] [PROG] s*=1.61/8.98 (17.9%) dist_goal=5.95
21:37:28 [INFO] [MPC] state=(+5.26,-1.57,-1.58) wp0=(+5.15,-1.64) v=+0.200 ω=-0.166 ok=True iters=7
21:37:28 [INFO] [PROG] s*=1.63/8.98 (18.1%) dist_goal=5.94
21:37:28 [INFO] [MPC] state=(+5.26,-1.59,-1.60) wp0=(+5.15,-1.66) v=+0.200 ω=+0.308 ok=True iters=7
21:37:28 [INFO] [PROG] s*=1.65/8.98 (18.3%) dist_goal=5.93
21:37:28 [INFO] [MPC] state=(+5.26,-1.61,-1.58) wp0=(+5.15,-1.68) v=+0.200 ω=+0.270 ok=True iters=7
21:37:28 [INFO] [PROG] s*=1.67/8.98 (18.5%) dist_goal=5.93
21:37:28 [INFO] [MPC] state=(+5.26,-1.63,-1.56) wp0=(+5.15,-1.70) v=+0.200 ω=+0.234 ok=True iters=7
21:37:28 [INFO] [PROG] s*=1.68/8.98 (18.8%) dist_goal=5.92
21:37:28 [INFO] [MPC] state=(+5.26,-1.65,-1.55) wp0=(+5.15,-1.71) v=+0.200 ω=+0.191 ok=True iters=7
21:37:28 [INFO] [PROG] s*=1.70/8.98 (19.0%) dist_goal=5.92
21:37:28 [INFO] [MPC] state=(+5.26,-1.66,-1.54) wp0=(+5.15,-1.73) v=+0.200 ω=-0.452 ok=True iters=7
21:37:28 [INFO] [PROG] s*=1.72/8.98 (19.2%) dist_goal=5.91
21:37:28 [INFO] [MPC] state=(+5.26,-1.68,-1.57) wp0=(+5.15,-1.75) v=+0.200 ω=-0.218 ok=True iters=7
21:37:28 [INFO] [PROG] s*=1.74/8.98 (19.4%) dist_goal=5.90
21:37:28 [INFO] [MPC] state=(+5.26,-1.70,-1.58) wp0=(+5.15,-1.77) v=+0.200 ω=-0.174 ok=True iters=7
21:37:28 [INFO] [PROG] s*=1.76/8.98 (19.6%) dist_goal=5.90
21:37:28 [INFO] [MPC] state=(+5.26,-1.72,-1.60) wp0=(+5.15,-1.79) v=+0.200 ω=+0.018 ok=True iters=7
21:37:28 [INFO] [PROG] s*=1.78/8.98 (19.8%) dist_goal=5.89
21:37:28 [INFO] [MPC] state=(+5.26,-1.74,-1.60) wp0=(+5.15,-1.81) v=+0.200 ω=+0.312 ok=True iters=7
21:37:28 [INFO] [PROG] s*=1.80/8.98 (20.1%) dist_goal=5.88
21:37:28 [INFO] [MPC] state=(+5.26,-1.76,-1.58) wp0=(+5.15,-1.83) v=+0.200 ω=+0.277 ok=True iters=7
21:37:28 [INFO] [PROG] s*=1.82/8.98 (20.3%) dist_goal=5.88
21:37:28 [INFO] [MPC] state=(+5.26,-1.78,-1.56) wp0=(+5.15,-1.85) v=+0.200 ω=+0.238 ok=True iters=7
21:37:28 [INFO] [PROG] s*=1.84/8.98 (20.5%) dist_goal=5.87
21:37:28 [INFO] [MPC] state=(+5.26,-1.80,-1.55) wp0=(+5.15,-1.87) v=+0.200 ω=+0.198 ok=True iters=7
21:37:28 [INFO] [PROG] s*=1.86/8.98 (20.7%) dist_goal=5.87
21:37:28 [INFO] [MPC] state=(+5.26,-1.82,-1.53) wp0=(+5.15,-1.89) v=+0.200 ω=-0.455 ok=True iters=7
21:37:28 [INFO] [PROG] s*=1.88/8.98 (20.9%) dist_goal=5.86
21:37:28 [INFO] [MPC] state=(+5.26,-1.84,-1.56) wp0=(+5.15,-1.91) v=+0.200 ω=-0.225 ok=True iters=7
21:37:28 [INFO] [PROG] s*=1.90/8.98 (21.1%) dist_goal=5.86
21:37:28 [INFO] [MPC] state=(+5.26,-1.86,-1.59) wp0=(+5.15,-1.93) v=+0.200 ω=-0.160 ok=True iters=7
21:37:28 [INFO] [PROG] s*=1.92/8.98 (21.4%) dist_goal=5.85
21:37:28 [INFO] [MPC] state=(+5.26,-1.88,-1.60) wp0=(+5.15,-1.95) v=+0.200 ω=+0.026 ok=True iters=7
21:37:28 [INFO] [PROG] s*=1.94/8.98 (21.6%) dist_goal=5.84
21:37:28 [INFO] [MPC] state=(+5.26,-1.90,-1.60) wp0=(+5.15,-1.97) v=+0.200 ω=+0.318 ok=True iters=7
21:37:28 [INFO] [PROG] s*=1.96/8.98 (21.8%) dist_goal=5.84
21:37:28 [INFO] [MPC] state=(+5.26,-1.92,-1.58) wp0=(+5.15,-1.99) v=+0.200 ω=+0.281 ok=True iters=7
21:37:28 [INFO] [PROG] s*=1.98/8.98 (22.0%) dist_goal=5.83
21:37:28 [INFO] [MPC] state=(+5.26,-1.94,-1.56) wp0=(+5.15,-2.01) v=+0.200 ω=+0.241 ok=True iters=7
21:37:28 [INFO] [PROG] s*=2.00/8.98 (22.2%) dist_goal=5.83
21:37:28 [INFO] [MPC] state=(+5.26,-1.96,-1.55) wp0=(+5.15,-2.03) v=+0.200 ω=+0.203 ok=True iters=7
21:37:28 [INFO] [PROG] s*=2.02/8.98 (22.4%) dist_goal=5.82
21:37:28 [INFO] [MPC] state=(+5.26,-1.98,-1.54) wp0=(+5.15,-2.05) v=+0.200 ω=-0.444 ok=True iters=7
21:37:28 [INFO] [PROG] s*=2.04/8.98 (22.7%) dist_goal=5.82
21:37:28 [INFO] [MPC] state=(+5.26,-2.00,-1.57) wp0=(+5.15,-2.07) v=+0.200 ω=-0.209 ok=True iters=7
21:37:28 [INFO] [PROG] s*=2.06/8.98 (22.9%) dist_goal=5.81
21:37:28 [INFO] [MPC] state=(+5.26,-2.02,-1.58) wp0=(+5.15,-2.09) v=+0.200 ω=-0.164 ok=True iters=7
21:37:28 [INFO] [PROG] s*=2.08/8.98 (23.1%) dist_goal=5.81
21:37:28 [INFO] [MPC] state=(+5.26,-2.04,-1.60) wp0=(+5.15,-2.11) v=+0.200 ω=+0.023 ok=True iters=7
21:37:28 [INFO] [PROG] s*=2.09/8.98 (23.3%) dist_goal=5.80
21:37:28 [INFO] [MPC] state=(+5.26,-2.06,-1.60) wp0=(+5.15,-2.12) v=+0.200 ω=+0.315 ok=True iters=7
21:37:28 [INFO] [PROG] s*=2.11/8.98 (23.5%) dist_goal=5.80
21:37:28 [INFO] [MPC] state=(+5.26,-2.07,-1.58) wp0=(+5.15,-2.14) v=+0.200 ω=+0.276 ok=True iters=7
21:37:28 [INFO] [PROG] s*=2.13/8.98 (23.7%) dist_goal=5.79
21:37:28 [INFO] [MPC] state=(+5.26,-2.09,-1.56) wp0=(+5.15,-2.16) v=+0.200 ω=+0.240 ok=True iters=7
21:37:28 [INFO] [PROG] s*=2.15/8.98 (24.0%) dist_goal=5.79
21:37:28 [INFO] [MPC] state=(+5.26,-2.11,-1.55) wp0=(+5.15,-2.18) v=+0.200 ω=+0.197 ok=True iters=7
21:37:28 [INFO] [PROG] s*=2.17/8.98 (24.2%) dist_goal=5.78
21:37:28 [INFO] [MPC] state=(+5.26,-2.13,-1.53) wp0=(+5.15,-2.20) v=+0.200 ω=-0.450 ok=True iters=7
21:37:28 [INFO] [PROG] s*=2.19/8.98 (24.4%) dist_goal=5.78
21:37:28 [INFO] [MPC] state=(+5.26,-2.15,-1.56) wp0=(+5.15,-2.22) v=+0.200 ω=-0.225 ok=True iters=7
21:37:28 [INFO] [PROG] s*=2.21/8.98 (24.6%) dist_goal=5.77
21:37:28 [INFO] [MPC] state=(+5.26,-2.17,-1.58) wp0=(+5.15,-2.24) v=+0.200 ω=-0.170 ok=True iters=7
21:37:28 [INFO] [PROG] s*=2.23/8.98 (24.8%) dist_goal=5.77
21:37:28 [INFO] [MPC] state=(+5.26,-2.19,-1.60) wp0=(+5.15,-2.26) v=+0.200 ω=+0.023 ok=True iters=7
21:37:28 [INFO] [PROG] s*=2.25/8.98 (25.1%) dist_goal=5.76
21:37:28 [INFO] [MPC] state=(+5.26,-2.21,-1.60) wp0=(+5.15,-2.28) v=+0.200 ω=+0.315 ok=True iters=7
21:37:28 [INFO] [PROG] s*=2.27/8.98 (25.3%) dist_goal=5.76
21:37:28 [INFO] [MPC] state=(+5.26,-2.23,-1.58) wp0=(+5.15,-2.30) v=+0.200 ω=+0.281 ok=True iters=7
21:37:28 [INFO] [PROG] s*=2.29/8.98 (25.5%) dist_goal=5.76
21:37:28 [INFO] [MPC] state=(+5.26,-2.25,-1.56) wp0=(+5.15,-2.32) v=+0.200 ω=+0.238 ok=True iters=7
21:37:28 [INFO] [PROG] s*=2.31/8.98 (25.7%) dist_goal=5.75
21:37:28 [INFO] [MPC] state=(+5.26,-2.27,-1.55) wp0=(+5.15,-2.34) v=+0.200 ω=+0.201 ok=True iters=7
21:37:28 [INFO] [PROG] s*=2.33/8.98 (25.9%) dist_goal=5.75
21:37:28 [INFO] [MPC] state=(+5.26,-2.29,-1.53) wp0=(+5.15,-2.36) v=+0.200 ω=-0.451 ok=True iters=7
21:37:28 [INFO] [PROG] s*=2.35/8.98 (26.1%) dist_goal=5.74
21:37:28 [INFO] [MPC] state=(+5.26,-2.31,-1.56) wp0=(+5.15,-2.38) v=+0.200 ω=-0.227 ok=True iters=7
21:37:28 [INFO] [PROG] s*=2.37/8.98 (26.4%) dist_goal=5.74
21:37:28 [INFO] [MPC] state=(+5.26,-2.33,-1.58) wp0=(+5.15,-2.40) v=+0.200 ω=-0.180 ok=True iters=7
21:37:28 [INFO] [PROG] s*=2.39/8.98 (26.6%) dist_goal=5.74
21:37:28 [INFO] [MPC] state=(+5.26,-2.35,-1.59) wp0=(+5.15,-2.42) v=+0.200 ω=-0.137 ok=True iters=7
21:37:28 [INFO] [PROG] s*=2.41/8.98 (26.8%) dist_goal=5.73
21:37:28 [INFO] [MPC] state=(+5.26,-2.37,-1.61) wp0=(+5.15,-2.44) v=+0.200 ω=+0.047 ok=True iters=7
21:37:28 [INFO] [PROG] s*=2.43/8.98 (27.0%) dist_goal=5.73
21:37:28 [INFO] [MPC] state=(+5.26,-2.39,-1.60) wp0=(+5.15,-2.46) v=+0.200 ω=+0.335 ok=True iters=7
21:37:28 [INFO] [PROG] s*=2.45/8.98 (27.2%) dist_goal=5.72
21:37:28 [INFO] [MPC] state=(+5.26,-2.41,-1.58) wp0=(+5.15,-2.48) v=+0.200 ω=+0.295 ok=True iters=7
21:37:28 [INFO] [PROG] s*=2.46/8.98 (27.4%) dist_goal=5.72
21:37:28 [INFO] [MPC] state=(+5.26,-2.43,-1.57) wp0=(+5.15,-2.49) v=+0.200 ω=+0.258 ok=True iters=7
21:37:28 [INFO] [PROG] s*=2.48/8.98 (27.7%) dist_goal=5.72
21:37:28 [INFO] [MPC] state=(+5.26,-2.44,-1.55) wp0=(+5.15,-2.51) v=+0.200 ω=+0.213 ok=True iters=7
21:37:28 [INFO] [PROG] s*=2.50/8.98 (27.9%) dist_goal=5.71
21:37:28 [INFO] [MPC] state=(+5.26,-2.46,-1.54) wp0=(+5.15,-2.53) v=+0.200 ω=+0.174 ok=True iters=7
21:37:28 [INFO] [PROG] s*=2.52/8.98 (28.1%) dist_goal=5.71
21:37:28 [INFO] [MPC] state=(+5.26,-2.48,-1.52) wp0=(+5.15,-2.55) v=+0.200 ω=-0.475 ok=True iters=7
21:37:28 [INFO] [PROG] s*=2.54/8.98 (28.3%) dist_goal=5.71
21:37:28 [INFO] [MPC] state=(+5.26,-2.50,-1.56) wp0=(+5.15,-2.57) v=+0.200 ω=-0.240 ok=True iters=7
21:37:28 [INFO] [PROG] s*=2.56/8.98 (28.5%) dist_goal=5.70
21:37:28 [INFO] [MPC] state=(+5.26,-2.52,-1.58) wp0=(+5.15,-2.59) v=+0.200 ω=-0.195 ok=True iters=7
21:37:28 [INFO] [PROG] s*=2.58/8.98 (28.7%) dist_goal=5.70
21:37:28 [INFO] [MPC] state=(+5.26,-2.54,-1.59) wp0=(+5.15,-2.61) v=+0.200 ω=-0.145 ok=True iters=7
21:37:28 [INFO] [PROG] s*=2.60/8.98 (29.0%) dist_goal=5.69
21:37:28 [INFO] [MPC] state=(+5.26,-2.56,-1.61) wp0=(+5.15,-2.63) v=+0.200 ω=+0.044 ok=True iters=7
21:37:28 [INFO] [PROG] s*=2.62/8.98 (29.2%) dist_goal=5.69
21:37:28 [INFO] [MPC] state=(+5.26,-2.58,-1.60) wp0=(+5.15,-2.65) v=+0.200 ω=+0.334 ok=True iters=7
21:37:28 [INFO] [PROG] s*=2.64/8.98 (29.4%) dist_goal=5.69
21:37:28 [INFO] [MPC] state=(+5.26,-2.60,-1.58) wp0=(+5.15,-2.67) v=+0.200 ω=+0.299 ok=True iters=7
21:37:28 [INFO] [PROG] s*=2.66/8.98 (29.6%) dist_goal=5.68
21:37:28 [INFO] [MPC] state=(+5.26,-2.62,-1.57) wp0=(+5.15,-2.69) v=+0.200 ω=+0.256 ok=True iters=7
21:37:28 [INFO] [PROG] s*=2.68/8.98 (29.8%) dist_goal=5.68
21:37:28 [INFO] [MPC] state=(+5.26,-2.64,-1.55) wp0=(+5.15,-2.71) v=+0.200 ω=+0.218 ok=True iters=7
21:37:28 [INFO] [PROG] s*=2.70/8.98 (30.0%) dist_goal=5.68
21:37:28 [INFO] [MPC] state=(+5.26,-2.66,-1.54) wp0=(+5.15,-2.73) v=+0.200 ω=+0.171 ok=True iters=7
21:37:28 [INFO] [PROG] s*=2.72/8.98 (30.3%) dist_goal=5.68
21:37:28 [INFO] [MPC] state=(+5.26,-2.68,-1.52) wp0=(+5.15,-2.75) v=+0.200 ω=-0.475 ok=True iters=7
21:37:28 [INFO] [PROG] s*=2.74/8.98 (30.5%) dist_goal=5.67
21:37:28 [INFO] [MPC] state=(+5.26,-2.70,-1.55) wp0=(+5.15,-2.77) v=+0.200 ω=-0.254 ok=True iters=7
21:37:28 [INFO] [PROG] s*=2.76/8.98 (30.7%) dist_goal=5.67
21:37:28 [INFO] [MPC] state=(+5.26,-2.72,-1.57) wp0=(+5.15,-2.79) v=+0.200 ω=-0.203 ok=True iters=7
21:37:28 [INFO] [PROG] s*=2.78/8.98 (30.9%) dist_goal=5.67
21:37:28 [INFO] [MPC] state=(+5.26,-2.74,-1.59) wp0=(+5.15,-2.81) v=+0.200 ω=-0.157 ok=True iters=7
21:37:28 [INFO] [PROG] s*=2.80/8.98 (31.1%) dist_goal=5.66
21:37:28 [INFO] [MPC] state=(+5.26,-2.76,-1.60) wp0=(+5.15,-2.83) v=+0.200 ω=+0.028 ok=True iters=7
21:37:28 [INFO] [PROG] s*=2.82/8.98 (31.4%) dist_goal=5.66
21:37:28 [INFO] [MPC] state=(+5.26,-2.78,-1.60) wp0=(+5.15,-2.85) v=+0.200 ω=+0.032 ok=True iters=7
21:37:28 [INFO] [PROG] s*=2.84/8.98 (31.6%) dist_goal=5.66
21:37:28 [INFO] [MPC] state=(+5.26,-2.80,-1.60) wp0=(+5.15,-2.87) v=+0.200 ω=+0.320 ok=True iters=7
21:37:28 [INFO] [PROG] s*=2.86/8.98 (31.8%) dist_goal=5.66
21:37:28 [INFO] [MPC] state=(+5.26,-2.82,-1.58) wp0=(+5.15,-2.89) v=+0.200 ω=+0.283 ok=True iters=7
21:37:28 [INFO] [PROG] s*=2.88/8.98 (32.0%) dist_goal=5.65
21:37:28 [INFO] [MPC] state=(+5.26,-2.84,-1.56) wp0=(+5.15,-2.91) v=+0.200 ω=+0.241 ok=True iters=7
21:37:28 [INFO] [PROG] s*=2.90/8.98 (32.2%) dist_goal=5.65
21:37:28 [INFO] [MPC] state=(+5.26,-2.86,-1.55) wp0=(+5.15,-2.93) v=+0.200 ω=+0.203 ok=True iters=7
21:37:28 [INFO] [PROG] s*=2.91/8.98 (32.4%) dist_goal=5.65
21:37:28 [INFO] [MPC] state=(+5.26,-2.88,-1.53) wp0=(+5.15,-2.94) v=+0.200 ω=-0.445 ok=True iters=7
21:37:28 [INFO] [PROG] s*=2.93/8.98 (32.7%) dist_goal=5.65
21:37:28 [INFO] [MPC] state=(+5.26,-2.89,-1.57) wp0=(+5.15,-2.96) v=+0.200 ω=+0.234 ok=True iters=7
21:37:28 [INFO] [PROG] s*=2.95/8.98 (32.9%) dist_goal=5.65
21:37:28 [INFO] [MPC] state=(+5.26,-2.91,-1.55) wp0=(+5.15,-2.98) v=+0.200 ω=+0.195 ok=True iters=7
21:37:28 [INFO] [PROG] s*=2.97/8.98 (33.1%) dist_goal=5.65
21:37:28 [INFO] [MPC] state=(+5.26,-2.93,-1.54) wp0=(+5.15,-3.00) v=+0.200 ω=-0.465 ok=True iters=7
21:37:28 [INFO] [PROG] s*=2.99/8.98 (33.3%) dist_goal=5.64
21:37:28 [INFO] [MPC] state=(+5.26,-2.95,-1.57) wp0=(+5.15,-3.02) v=+0.200 ω=-0.237 ok=True iters=7
21:37:28 [INFO] [PROG] s*=3.01/8.98 (33.5%) dist_goal=5.64
21:37:28 [INFO] [MPC] state=(+5.26,-2.97,-1.59) wp0=(+5.15,-3.04) v=+0.200 ω=-0.195 ok=True iters=8
21:37:28 [INFO] [PROG] s*=3.03/8.98 (33.7%) dist_goal=5.64
21:37:28 [INFO] [MPC] state=(+5.26,-2.99,-1.61) wp0=(+5.15,-3.06) v=+0.200 ω=-0.021 ok=True iters=8
21:37:28 [INFO] [PROG] s*=3.05/8.98 (34.0%) dist_goal=5.63
21:37:28 [INFO] [MPC] state=(+5.26,-3.01,-1.61) wp0=(+5.15,-3.08) v=+0.200 ω=-0.028 ok=True iters=8
21:37:28 [INFO] [PROG] s*=3.07/8.98 (34.2%) dist_goal=5.63
21:37:28 [INFO] [MPC] state=(+5.26,-3.03,-1.61) wp0=(+5.15,-3.10) v=+0.200 ω=-0.032 ok=True iters=8
21:37:28 [INFO] [PROG] s*=3.09/8.98 (34.4%) dist_goal=5.63
21:37:28 [INFO] [MPC] state=(+5.26,-3.05,-1.62) wp0=(+5.15,-3.12) v=+0.200 ω=+0.253 ok=True iters=8
21:37:28 [INFO] [PROG] s*=3.11/8.98 (34.6%) dist_goal=5.63
21:37:28 [INFO] [MPC] state=(+5.26,-3.07,-1.60) wp0=(+5.15,-3.14) v=+0.200 ω=+0.201 ok=True iters=8
21:37:28 [INFO] [PROG] s*=3.13/8.98 (34.8%) dist_goal=5.63
21:37:28 [INFO] [MPC] state=(+5.26,-3.09,-1.59) wp0=(+5.15,-3.16) v=+0.200 ω=-0.486 ok=True iters=8
21:37:28 [INFO] [PROG] s*=3.15/8.98 (35.1%) dist_goal=5.62
21:37:28 [INFO] [MPC] state=(+5.26,-3.11,-1.62) wp0=(+5.15,-3.18) v=+0.200 ω=-0.314 ok=True iters=8
21:37:28 [INFO] [PROG] s*=3.17/8.98 (35.3%) dist_goal=5.62
21:37:28 [INFO] [MPC] state=(+5.26,-3.13,-1.64) wp0=(+5.15,-3.20) v=+0.200 ω=-0.297 ok=True iters=9
21:37:28 [INFO] [PROG] s*=3.19/8.98 (35.5%) dist_goal=5.62
21:37:28 [INFO] [MPC] state=(+5.26,-3.15,-1.66) wp0=(+5.15,-3.22) v=+0.200 ω=-0.895 ok=True iters=10
21:37:28 [INFO] [PROG] s*=3.20/8.98 (35.7%) dist_goal=5.61
21:37:28 [INFO] [MPC] state=(+5.25,-3.17,-1.71) wp0=(+5.15,-3.23) v=+0.200 ω=-0.665 ok=True iters=10
21:37:28 [INFO] [PROG] s*=3.22/8.98 (35.8%) dist_goal=5.61
21:37:28 [INFO] [MPC] state=(+5.25,-3.18,-1.74) wp0=(+5.15,-3.25) v=+0.200 ω=-1.358 ok=True iters=8
21:37:28 [INFO] [PROG] s*=3.23/8.98 (36.0%) dist_goal=5.60
21:37:28 [INFO] [MPC] state=(+5.25,-3.20,-1.81) wp0=(+5.15,-3.26) v=+0.200 ω=-2.082 ok=True iters=8
21:37:28 [INFO] [PROG] s*=3.24/8.98 (36.1%) dist_goal=5.60
21:37:28 [INFO] [MPC] state=(+5.24,-3.21,-1.92) wp0=(+5.15,-3.27) v=+0.200 ω=-1.864 ok=True iters=8
21:37:28 [INFO] [PROG] s*=3.26/8.98 (36.3%) dist_goal=5.59
21:37:28 [INFO] [MPC] state=(+5.24,-3.22,-2.02) wp0=(+5.15,-3.29) v=+0.200 ω=-1.824 ok=True iters=7
21:37:28 [INFO] [PROG] s*=3.27/8.98 (36.4%) dist_goal=5.58
21:37:28 [INFO] [MPC] state=(+5.23,-3.24,-2.12) wp0=(+5.15,-3.30) v=+0.200 ω=-1.617 ok=True iters=7
21:37:28 [INFO] [PROG] s*=3.28/8.98 (36.5%) dist_goal=5.57
21:37:28 [INFO] [MPC] state=(+5.22,-3.25,-2.20) wp0=(+5.15,-3.31) v=+0.200 ω=-1.216 ok=True iters=8
21:37:28 [INFO] [PROG] s*=3.29/8.98 (36.7%) dist_goal=5.56
21:37:28 [INFO] [MPC] state=(+5.21,-3.26,-2.27) wp0=(+5.15,-3.32) v=+0.200 ω=-1.168 ok=True iters=7
21:37:28 [INFO] [PROG] s*=3.31/8.98 (36.8%) dist_goal=5.55
21:37:28 [INFO] [MPC] state=(+5.20,-3.27,-2.33) wp0=(+5.15,-3.34) v=+0.200 ω=-0.851 ok=True iters=8
21:37:28 [INFO] [PROG] s*=3.32/8.98 (36.9%) dist_goal=5.53
21:37:28 [INFO] [MPC] state=(+5.19,-3.29,-2.38) wp0=(+5.15,-3.35) v=+0.200 ω=-0.474 ok=True iters=8
21:37:28 [INFO] [PROG] s*=3.33/8.98 (37.1%) dist_goal=5.52
21:37:28 [INFO] [MPC] state=(+5.18,-3.30,-2.41) wp0=(+5.14,-3.35) v=+0.200 ω=-0.395 ok=True iters=8
21:37:28 [INFO] [PROG] s*=3.34/8.98 (37.2%) dist_goal=5.50
21:37:28 [INFO] [MPC] state=(+5.16,-3.31,-2.43) wp0=(+5.13,-3.35) v=+0.200 ω=-0.356 ok=True iters=7
21:37:28 [INFO] [PROG] s*=3.39/8.98 (37.7%) dist_goal=5.48
21:37:28 [INFO] [MPC] state=(+5.15,-3.32,-2.46) wp0=(+5.08,-3.35) v=+0.200 ω=-0.288 ok=True iters=7
21:37:28 [INFO] [PROG] s*=3.41/8.98 (37.9%) dist_goal=5.47
21:37:28 [INFO] [MPC] state=(+5.13,-3.34,-2.48) wp0=(+5.06,-3.35) v=+0.200 ω=-0.287 ok=True iters=7
21:37:28 [INFO] [PROG] s*=3.42/8.98 (38.1%) dist_goal=5.45
21:37:28 [INFO] [MPC] state=(+5.11,-3.35,-2.50) wp0=(+5.05,-3.35) v=+0.200 ω=-0.291 ok=True iters=7
21:37:28 [INFO] [PROG] s*=3.44/8.98 (38.3%) dist_goal=5.44
21:37:28 [INFO] [MPC] state=(+5.10,-3.36,-2.52) wp0=(+5.03,-3.35) v=+0.200 ω=-0.153 ok=True iters=7
21:37:28 [INFO] [PROG] s*=3.45/8.98 (38.5%) dist_goal=5.42
21:37:28 [INFO] [MPC] state=(+5.08,-3.37,-2.53) wp0=(+5.02,-3.35) v=+0.200 ω=-0.192 ok=True iters=7
21:37:28 [INFO] [PROG] s*=3.47/8.98 (38.6%) dist_goal=5.40
21:37:28 [INFO] [MPC] state=(+5.07,-3.38,-2.54) wp0=(+5.00,-3.35) v=+0.200 ω=-0.209 ok=True iters=7
21:37:28 [INFO] [PROG] s*=3.49/8.98 (38.8%) dist_goal=5.38
21:37:28 [INFO] [MPC] state=(+5.05,-3.40,-2.56) wp0=(+4.98,-3.35) v=+0.200 ω=-0.270 ok=True iters=7
21:37:28 [INFO] [PROG] s*=3.50/8.98 (39.0%) dist_goal=5.37
21:37:28 [INFO] [MPC] state=(+5.03,-3.41,-2.58) wp0=(+4.97,-3.35) v=+0.200 ω=-0.387 ok=True iters=7
21:37:28 [INFO] [PROG] s*=3.52/8.98 (39.2%) dist_goal=5.35
21:37:28 [INFO] [MPC] state=(+5.02,-3.42,-2.60) wp0=(+4.95,-3.35) v=+0.200 ω=-0.391 ok=True iters=7
21:37:28 [INFO] [PROG] s*=3.54/8.98 (39.4%) dist_goal=5.33
21:37:28 [INFO] [MPC] state=(+5.00,-3.43,-2.63) wp0=(+4.93,-3.35) v=+0.200 ω=-0.373 ok=True iters=7
21:37:28 [INFO] [PROG] s*=3.55/8.98 (39.6%) dist_goal=5.32
21:37:28 [INFO] [MPC] state=(+4.98,-3.44,-2.65) wp0=(+4.92,-3.35) v=+0.200 ω=-0.429 ok=True iters=7
21:37:28 [INFO] [PROG] s*=3.57/8.98 (39.8%) dist_goal=5.30
21:37:28 [INFO] [MPC] state=(+4.97,-3.44,-2.68) wp0=(+4.90,-3.35) v=+0.200 ω=-0.459 ok=True iters=7
21:37:28 [INFO] [PROG] s*=3.59/8.98 (40.0%) dist_goal=5.28
21:37:28 [INFO] [MPC] state=(+4.95,-3.45,-2.71) wp0=(+4.88,-3.35) v=+0.200 ω=-0.483 ok=True iters=7
21:37:28 [INFO] [PROG] s*=3.61/8.98 (40.2%) dist_goal=5.26
21:37:28 [INFO] [MPC] state=(+4.93,-3.46,-2.74) wp0=(+4.86,-3.35) v=+0.200 ω=-0.496 ok=True iters=7
21:37:28 [INFO] [PROG] s*=3.62/8.98 (40.4%) dist_goal=5.25
21:37:28 [INFO] [MPC] state=(+4.91,-3.47,-2.77) wp0=(+4.85,-3.35) v=+0.200 ω=-0.495 ok=True iters=7
21:37:28 [INFO] [PROG] s*=3.64/8.98 (40.5%) dist_goal=5.23
21:37:28 [INFO] [MPC] state=(+4.90,-3.47,-2.80) wp0=(+4.83,-3.35) v=+0.200 ω=-0.480 ok=True iters=7
21:37:28 [INFO] [PROG] s*=3.66/8.98 (40.8%) dist_goal=5.21
21:37:28 [INFO] [MPC] state=(+4.88,-3.48,-2.83) wp0=(+4.81,-3.35) v=+0.200 ω=-0.495 ok=True iters=7
21:37:28 [INFO] [PROG] s*=3.68/8.98 (41.0%) dist_goal=5.19
21:37:28 [INFO] [MPC] state=(+4.86,-3.49,-2.86) wp0=(+4.79,-3.35) v=+0.200 ω=-0.500 ok=True iters=7
21:37:28 [INFO] [PROG] s*=3.70/8.98 (41.1%) dist_goal=5.17
21:37:28 [INFO] [MPC] state=(+4.84,-3.49,-2.89) wp0=(+4.77,-3.35) v=+0.200 ω=-0.929 ok=True iters=7
21:37:28 [INFO] [PROG] s*=3.71/8.98 (41.4%) dist_goal=5.16
21:37:28 [INFO] [MPC] state=(+4.82,-3.50,-2.94) wp0=(+4.76,-3.35) v=+0.200 ω=-0.359 ok=True iters=7
21:37:28 [INFO] [PROG] s*=3.73/8.98 (41.5%) dist_goal=5.14
21:37:28 [INFO] [MPC] state=(+4.81,-3.50,-2.96) wp0=(+4.74,-3.35) v=+0.200 ω=-0.793 ok=True iters=7
21:37:28 [INFO] [PROG] s*=3.75/8.98 (41.7%) dist_goal=5.12
21:37:28 [INFO] [MPC] state=(+4.79,-3.50,-3.01) wp0=(+4.72,-3.35) v=+0.200 ω=-0.742 ok=True iters=7
21:37:28 [INFO] [PROG] s*=3.77/8.98 (41.9%) dist_goal=5.10
21:37:28 [INFO] [MPC] state=(+4.77,-3.50,-3.05) wp0=(+4.70,-3.35) v=+0.200 ω=-0.971 ok=True iters=7
21:37:28 [INFO] [PROG] s*=3.79/8.98 (42.1%) dist_goal=5.08
21:37:28 [INFO] [MPC] state=(+4.75,-3.51,-3.11) wp0=(+4.68,-3.35) v=+0.200 ω=-0.329 ok=True iters=7
21:37:28 [INFO] [PROG] s*=3.80/8.98 (42.3%) dist_goal=5.07
21:37:28 [INFO] [MPC] state=(+4.73,-3.51,-3.14) wp0=(+4.67,-3.35) v=+0.200 ω=-0.568 ok=True iters=7
21:37:28 [INFO] [PROG] s*=3.82/8.98 (42.6%) dist_goal=5.05
21:37:28 [INFO] [MPC] state=(+4.72,-3.51,-3.17) wp0=(+4.65,-3.35) v=+0.200 ω=-0.493 ok=True iters=7
21:37:28 [INFO] [PROG] s*=3.84/8.98 (42.8%) dist_goal=5.03
21:37:28 [INFO] [MPC] state=(+4.70,-3.50,-3.20) wp0=(+4.63,-3.35) v=+0.200 ω=-0.408 ok=True iters=7
21:37:28 [INFO] [PROG] s*=3.86/8.98 (43.0%) dist_goal=5.01
21:37:28 [INFO] [MPC] state=(+4.68,-3.50,-3.23) wp0=(+4.61,-3.35) v=+0.200 ω=-0.218 ok=True iters=7
21:37:28 [INFO] [PROG] s*=3.88/8.98 (43.2%) dist_goal=4.99
21:37:28 [INFO] [MPC] state=(+4.66,-3.50,-3.24) wp0=(+4.59,-3.35) v=+0.200 ω=-0.172 ok=True iters=7
21:37:28 [INFO] [PROG] s*=3.90/8.98 (43.4%) dist_goal=4.97
21:37:28 [INFO] [MPC] state=(+4.64,-3.50,-3.26) wp0=(+4.57,-3.35) v=+0.200 ω=-0.121 ok=True iters=7
21:37:28 [INFO] [PROG] s*=3.92/8.98 (43.7%) dist_goal=4.95
21:37:28 [INFO] [MPC] state=(+4.62,-3.50,-3.27) wp0=(+4.55,-3.35) v=+0.200 ω=+0.066 ok=True iters=7
21:37:28 [INFO] [PROG] s*=3.94/8.98 (43.9%) dist_goal=4.93
21:37:28 [INFO] [MPC] state=(+4.60,-3.49,-3.26) wp0=(+4.53,-3.35) v=+0.200 ω=-0.050 ok=True iters=7
21:37:28 [INFO] [PROG] s*=3.96/8.98 (44.1%) dist_goal=4.91
21:37:28 [INFO] [MPC] state=(+4.58,-3.49,-3.27) wp0=(+4.51,-3.35) v=+0.200 ω=+0.111 ok=True iters=7
21:37:28 [INFO] [PROG] s*=3.98/8.98 (44.3%) dist_goal=4.89
21:37:28 [INFO] [MPC] state=(+4.56,-3.49,-3.26) wp0=(+4.49,-3.35) v=+0.200 ω=+0.534 ok=True iters=7
21:37:28 [INFO] [PROG] s*=4.00/8.98 (44.5%) dist_goal=4.87
21:37:28 [INFO] [MPC] state=(+4.54,-3.49,-3.22) wp0=(+4.47,-3.35) v=+0.200 ω=+0.471 ok=True iters=7
21:37:28 [INFO] [PROG] s*=4.02/8.98 (44.7%) dist_goal=4.85
21:37:28 [INFO] [MPC] state=(+4.52,-3.49,-3.20) wp0=(+4.45,-3.35) v=+0.200 ω=+0.417 ok=True iters=7
21:37:28 [INFO] [PROG] s*=4.04/8.98 (44.9%) dist_goal=4.83
21:37:28 [INFO] [MPC] state=(+4.50,-3.49,-3.17) wp0=(+4.43,-3.35) v=+0.200 ω=+0.209 ok=True iters=7
21:37:28 [INFO] [PROG] s*=4.06/8.98 (45.2%) dist_goal=4.81
21:37:28 [INFO] [MPC] state=(+4.48,-3.48,-3.16) wp0=(+4.41,-3.35) v=+0.200 ω=+0.186 ok=True iters=7
21:37:28 [INFO] [PROG] s*=4.08/8.98 (45.4%) dist_goal=4.79
21:37:28 [INFO] [MPC] state=(+4.46,-3.48,-3.15) wp0=(+4.39,-3.35) v=+0.200 ω=+0.156 ok=True iters=7
21:37:28 [INFO] [PROG] s*=4.10/8.98 (45.6%) dist_goal=4.77
21:37:28 [INFO] [MPC] state=(+4.44,-3.48,-3.14) wp0=(+4.37,-3.35) v=+0.200 ω=+0.135 ok=True iters=7
21:37:28 [INFO] [PROG] s*=4.12/8.98 (45.8%) dist_goal=4.75
21:37:28 [INFO] [MPC] state=(+4.42,-3.48,-3.13) wp0=(+4.35,-3.35) v=+0.200 ω=+0.113 ok=True iters=7
21:37:28 [INFO] [PROG] s*=4.14/8.98 (46.0%) dist_goal=4.73
21:37:28 [INFO] [MPC] state=(+4.40,-3.48,-3.12) wp0=(+4.33,-3.35) v=+0.200 ω=+0.086 ok=True iters=7
21:37:28 [INFO] [PROG] s*=4.16/8.98 (46.3%) dist_goal=4.71
21:37:28 [INFO] [MPC] state=(+4.38,-3.49,-3.11) wp0=(+4.31,-3.35) v=+0.200 ω=+0.066 ok=True iters=7
21:37:28 [INFO] [PROG] s*=4.18/8.98 (46.5%) dist_goal=4.69
21:37:28 [INFO] [MPC] state=(+4.36,-3.49,-3.10) wp0=(+4.29,-3.35) v=+0.200 ω=+0.054 ok=True iters=7
21:37:28 [INFO] [PROG] s*=4.20/8.98 (46.7%) dist_goal=4.67
21:37:28 [INFO] [MPC] state=(+4.34,-3.49,-3.10) wp0=(+4.27,-3.35) v=+0.200 ω=+0.128 ok=True iters=7
21:37:28 [INFO] [PROG] s*=4.22/8.98 (46.9%) dist_goal=4.65
21:37:28 [INFO] [MPC] state=(+4.32,-3.49,-3.09) wp0=(+4.25,-3.35) v=+0.200 ω=+0.094 ok=True iters=7
21:37:28 [INFO] [PROG] s*=4.24/8.98 (47.2%) dist_goal=4.63
21:37:28 [INFO] [MPC] state=(+4.30,-3.49,-3.08) wp0=(+4.23,-3.35) v=+0.200 ω=+0.062 ok=True iters=7
21:37:28 [INFO] [PROG] s*=4.26/8.98 (47.4%) dist_goal=4.61
21:37:28 [INFO] [MPC] state=(+4.28,-3.49,-3.07) wp0=(+4.21,-3.35) v=+0.200 ω=+0.040 ok=True iters=7
21:37:28 [INFO] [PROG] s*=4.28/8.98 (47.6%) dist_goal=4.59
21:37:28 [INFO] [MPC] state=(+4.26,-3.49,-3.07) wp0=(+4.19,-3.35) v=+0.200 ω=+0.023 ok=True iters=7
21:37:28 [INFO] [PROG] s*=4.30/8.98 (47.8%) dist_goal=4.57
21:37:28 [INFO] [MPC] state=(+4.24,-3.49,-3.06) wp0=(+4.17,-3.35) v=+0.200 ω=+0.011 ok=True iters=7
21:37:28 [INFO] [PROG] s*=4.32/8.98 (48.1%) dist_goal=4.55
21:37:28 [INFO] [MPC] state=(+4.22,-3.50,-3.06) wp0=(+4.15,-3.35) v=+0.200 ω=+0.003 ok=True iters=7
21:37:28 [INFO] [PROG] s*=4.34/8.98 (48.3%) dist_goal=4.53
21:37:28 [INFO] [MPC] state=(+4.20,-3.50,-3.06) wp0=(+4.13,-3.35) v=+0.200 ω=+0.269 ok=True iters=7
21:37:28 [INFO] [PROG] s*=4.36/8.98 (48.5%) dist_goal=4.51
21:37:28 [INFO] [MPC] state=(+4.18,-3.50,-3.04) wp0=(+4.11,-3.35) v=+0.200 ω=-0.204 ok=True iters=7
21:37:28 [INFO] [PROG] s*=4.38/8.98 (48.7%) dist_goal=4.49
21:37:28 [INFO] [MPC] state=(+4.16,-3.50,-3.06) wp0=(+4.09,-3.35) v=+0.200 ω=-0.171 ok=True iters=7
21:37:29 [INFO] [PROG] s*=4.40/8.98 (49.0%) dist_goal=4.47
21:37:29 [INFO] [MPC] state=(+4.14,-3.50,-3.07) wp0=(+4.07,-3.35) v=+0.200 ω=-0.075 ok=True iters=7
21:37:29 [INFO] [PROG] s*=4.42/8.98 (49.2%) dist_goal=4.45
21:37:29 [INFO] [MPC] state=(+4.12,-3.50,-3.08) wp0=(+4.05,-3.35) v=+0.200 ω=-0.056 ok=True iters=7
21:37:29 [INFO] [PROG] s*=4.44/8.98 (49.4%) dist_goal=4.43
21:37:29 [INFO] [MPC] state=(+4.10,-3.50,-3.08) wp0=(+4.03,-3.35) v=+0.200 ω=-0.215 ok=True iters=7
21:37:29 [INFO] [PROG] s*=4.46/8.98 (49.6%) dist_goal=4.41
21:37:29 [INFO] [MPC] state=(+4.08,-3.51,-3.10) wp0=(+4.01,-3.35) v=+0.200 ω=-0.170 ok=True iters=7
21:37:29 [INFO] [PROG] s*=4.48/8.98 (49.8%) dist_goal=4.39
21:37:29 [INFO] [MPC] state=(+4.06,-3.51,-3.12) wp0=(+3.99,-3.35) v=+0.200 ω=-0.251 ok=True iters=7
21:37:29 [INFO] [PROG] s*=4.50/8.98 (50.1%) dist_goal=4.37
21:37:29 [INFO] [MPC] state=(+4.04,-3.51,-3.13) wp0=(+3.97,-3.35) v=+0.200 ω=-0.189 ok=True iters=7
21:37:29 [INFO] [PROG] s*=4.52/8.98 (50.3%) dist_goal=4.35
21:37:29 [INFO] [MPC] state=(+4.02,-3.51,-3.15) wp0=(+3.95,-3.35) v=+0.200 ω=-0.283 ok=True iters=7
21:37:29 [INFO] [PROG] s*=4.54/8.98 (50.5%) dist_goal=4.33
21:37:29 [INFO] [MPC] state=(+4.00,-3.51,-3.17) wp0=(+3.93,-3.35) v=+0.200 ω=-0.151 ok=True iters=7
21:37:29 [INFO] [PROG] s*=4.56/8.98 (50.7%) dist_goal=4.31
21:37:29 [INFO] [MPC] state=(+3.98,-3.51,-3.19) wp0=(+3.91,-3.35) v=+0.200 ω=-0.099 ok=True iters=7
21:37:29 [INFO] [PROG] s*=4.58/8.98 (51.0%) dist_goal=4.29
21:37:29 [INFO] [MPC] state=(+3.96,-3.50,-3.20) wp0=(+3.89,-3.35) v=+0.200 ω=-0.067 ok=True iters=7
21:37:29 [INFO] [PROG] s*=4.60/8.98 (51.2%) dist_goal=4.27
21:37:29 [INFO] [MPC] state=(+3.94,-3.50,-3.20) wp0=(+3.87,-3.35) v=+0.200 ω=-0.089 ok=True iters=7
21:37:29 [INFO] [PROG] s*=4.62/8.98 (51.4%) dist_goal=4.25
21:37:29 [INFO] [MPC] state=(+3.92,-3.50,-3.21) wp0=(+3.85,-3.35) v=+0.200 ω=-0.009 ok=True iters=7
21:37:29 [INFO] [PROG] s*=4.64/8.98 (51.6%) dist_goal=4.23
21:37:29 [INFO] [MPC] state=(+3.90,-3.50,-3.21) wp0=(+3.83,-3.35) v=+0.200 ω=+0.254 ok=True iters=7
21:37:29 [INFO] [PROG] s*=4.66/8.98 (51.8%) dist_goal=4.21
21:37:29 [INFO] [MPC] state=(+3.88,-3.50,-3.19) wp0=(+3.81,-3.35) v=+0.200 ω=+0.223 ok=True iters=7
21:37:29 [INFO] [PROG] s*=4.68/8.98 (52.1%) dist_goal=4.19
21:37:29 [INFO] [MPC] state=(+3.86,-3.50,-3.18) wp0=(+3.79,-3.35) v=+0.200 ω=+0.227 ok=True iters=7
21:37:29 [INFO] [PROG] s*=4.70/8.98 (52.3%) dist_goal=4.17
21:37:29 [INFO] [MPC] state=(+3.84,-3.50,-3.16) wp0=(+3.77,-3.35) v=+0.200 ω=+0.289 ok=True iters=7
21:37:29 [INFO] [PROG] s*=4.71/8.98 (52.5%) dist_goal=4.16
21:37:29 [INFO] [MPC] state=(+3.82,-3.50,-3.15) wp0=(+3.76,-3.35) v=+0.200 ω=+0.264 ok=True iters=7
21:37:29 [INFO] [PROG] s*=4.73/8.98 (52.7%) dist_goal=4.14
21:37:29 [INFO] [MPC] state=(+3.81,-3.50,-3.13) wp0=(+3.74,-3.35) v=+0.200 ω=+0.235 ok=True iters=7
21:37:29 [INFO] [PROG] s*=4.75/8.98 (52.9%) dist_goal=4.12
21:37:29 [INFO] [MPC] state=(+3.79,-3.50,-3.12) wp0=(+3.72,-3.35) v=+0.200 ω=+0.287 ok=True iters=7
21:37:29 [INFO] [PROG] s*=4.77/8.98 (53.1%) dist_goal=4.10
21:37:29 [INFO] [MPC] state=(+3.77,-3.50,-3.10) wp0=(+3.70,-3.35) v=+0.200 ω=+0.270 ok=True iters=7
21:37:29 [INFO] [PROG] s*=4.79/8.98 (53.3%) dist_goal=4.08
21:37:29 [INFO] [MPC] state=(+3.75,-3.50,-3.08) wp0=(+3.68,-3.35) v=+0.200 ω=+0.243 ok=True iters=7
21:37:29 [INFO] [PROG] s*=4.81/8.98 (53.6%) dist_goal=4.06
21:37:29 [INFO] [MPC] state=(+3.73,-3.50,-3.07) wp0=(+3.66,-3.35) v=+0.200 ω=+0.248 ok=True iters=7
21:37:29 [INFO] [PROG] s*=4.83/8.98 (53.8%) dist_goal=4.04
21:37:29 [INFO] [MPC] state=(+3.71,-3.50,-3.05) wp0=(+3.64,-3.35) v=+0.200 ω=+0.227 ok=True iters=7
21:37:29 [INFO] [PROG] s*=4.85/8.98 (54.0%) dist_goal=4.02
21:37:29 [INFO] [MPC] state=(+3.69,-3.50,-3.03) wp0=(+3.62,-3.35) v=+0.200 ω=+0.237 ok=True iters=7
21:37:29 [INFO] [PROG] s*=4.87/8.98 (54.2%) dist_goal=4.00
21:37:29 [INFO] [MPC] state=(+3.67,-3.51,-3.02) wp0=(+3.60,-3.35) v=+0.200 ω=+0.160 ok=True iters=7
21:37:29 [INFO] [PROG] s*=4.89/8.98 (54.4%) dist_goal=3.98
21:37:29 [INFO] [MPC] state=(+3.65,-3.51,-3.00) wp0=(+3.58,-3.35) v=+0.200 ω=+0.174 ok=True iters=7
21:37:29 [INFO] [PROG] s*=4.91/8.98 (54.7%) dist_goal=3.96
21:37:29 [INFO] [MPC] state=(+3.63,-3.51,-2.99) wp0=(+3.56,-3.35) v=+0.200 ω=+0.163 ok=True iters=7
21:37:29 [INFO] [PROG] s*=4.93/8.98 (54.9%) dist_goal=3.94
21:37:29 [INFO] [MPC] state=(+3.61,-3.52,-2.98) wp0=(+3.54,-3.35) v=+0.200 ω=+0.066 ok=True iters=7
21:37:29 [INFO] [PROG] s*=4.95/8.98 (55.1%) dist_goal=3.92
21:37:29 [INFO] [MPC] state=(+3.59,-3.52,-2.97) wp0=(+3.52,-3.35) v=+0.200 ω=+0.202 ok=True iters=7
21:37:29 [INFO] [PROG] s*=4.97/8.98 (55.3%) dist_goal=3.90
21:37:29 [INFO] [MPC] state=(+3.57,-3.52,-2.95) wp0=(+3.50,-3.35) v=+0.200 ω=+0.089 ok=True iters=7
21:37:29 [INFO] [PROG] s*=4.99/8.98 (55.5%) dist_goal=3.88
21:37:29 [INFO] [MPC] state=(+3.55,-3.53,-2.95) wp0=(+3.48,-3.35) v=+0.200 ω=+0.003 ok=True iters=7
21:37:29 [INFO] [PROG] s*=5.01/8.98 (55.8%) dist_goal=3.86
21:37:29 [INFO] [MPC] state=(+3.53,-3.53,-2.95) wp0=(+3.46,-3.35) v=+0.200 ω=+0.118 ok=True iters=7
21:37:29 [INFO] [PROG] s*=5.03/8.98 (56.0%) dist_goal=3.84
21:37:29 [INFO] [MPC] state=(+3.51,-3.53,-2.94) wp0=(+3.44,-3.35) v=+0.200 ω=+0.025 ok=True iters=7
21:37:29 [INFO] [PROG] s*=5.05/8.98 (56.2%) dist_goal=3.82
21:37:29 [INFO] [MPC] state=(+3.49,-3.54,-2.93) wp0=(+3.42,-3.35) v=+0.200 ω=+0.009 ok=True iters=7
21:37:29 [INFO] [PROG] s*=5.07/8.98 (56.4%) dist_goal=3.80
21:37:29 [INFO] [MPC] state=(+3.47,-3.54,-2.93) wp0=(+3.40,-3.35) v=+0.200 ω=-0.041 ok=True iters=7
21:37:29 [INFO] [PROG] s*=5.09/8.98 (56.6%) dist_goal=3.78
21:37:29 [INFO] [MPC] state=(+3.45,-3.55,-2.94) wp0=(+3.38,-3.35) v=+0.200 ω=-0.069 ok=True iters=7
21:37:29 [INFO] [PROG] s*=5.11/8.98 (56.9%) dist_goal=3.76
21:37:29 [INFO] [MPC] state=(+3.43,-3.55,-2.94) wp0=(+3.36,-3.35) v=+0.200 ω=-0.084 ok=True iters=7
21:37:29 [INFO] [PROG] s*=5.13/8.98 (57.1%) dist_goal=3.74
21:37:29 [INFO] [MPC] state=(+3.41,-3.56,-2.95) wp0=(+3.34,-3.35) v=+0.200 ω=-0.091 ok=True iters=7
21:37:29 [INFO] [PROG] s*=5.15/8.98 (57.3%) dist_goal=3.72
21:37:29 [INFO] [MPC] state=(+3.39,-3.56,-2.96) wp0=(+3.32,-3.35) v=+0.200 ω=-0.126 ok=True iters=7
21:37:29 [INFO] [PROG] s*=5.17/8.98 (57.5%) dist_goal=3.70
21:37:29 [INFO] [MPC] state=(+3.37,-3.56,-2.97) wp0=(+3.30,-3.35) v=+0.200 ω=-0.118 ok=True iters=7
21:37:29 [INFO] [PROG] s*=5.19/8.98 (57.8%) dist_goal=3.68
21:37:29 [INFO] [MPC] state=(+3.35,-3.57,-2.98) wp0=(+3.28,-3.35) v=+0.200 ω=-0.111 ok=True iters=7
21:37:29 [INFO] [PROG] s*=5.21/8.98 (58.0%) dist_goal=3.66
21:37:29 [INFO] [MPC] state=(+3.33,-3.57,-2.99) wp0=(+3.26,-3.35) v=+0.200 ω=-0.103 ok=True iters=7
21:37:29 [INFO] [PROG] s*=5.23/8.98 (58.2%) dist_goal=3.64
21:37:29 [INFO] [MPC] state=(+3.31,-3.57,-3.00) wp0=(+3.24,-3.35) v=+0.200 ω=-0.093 ok=True iters=7
21:37:29 [INFO] [PROG] s*=5.25/8.98 (58.4%) dist_goal=3.62
21:37:29 [INFO] [MPC] state=(+3.29,-3.58,-3.01) wp0=(+3.22,-3.35) v=+0.200 ω=-0.084 ok=True iters=7
21:37:29 [INFO] [PROG] s*=5.27/8.98 (58.6%) dist_goal=3.60
21:37:29 [INFO] [MPC] state=(+3.27,-3.58,-3.02) wp0=(+3.20,-3.35) v=+0.200 ω=-0.078 ok=True iters=7
21:37:29 [INFO] [PROG] s*=5.29/8.98 (58.9%) dist_goal=3.58
21:37:29 [INFO] [MPC] state=(+3.25,-3.58,-3.03) wp0=(+3.18,-3.35) v=+0.200 ω=-0.072 ok=True iters=7
21:37:29 [INFO] [PROG] s*=5.31/8.98 (59.1%) dist_goal=3.56
21:37:29 [INFO] [MPC] state=(+3.23,-3.58,-3.04) wp0=(+3.16,-3.35) v=+0.200 ω=-0.066 ok=True iters=7
21:37:29 [INFO] [PROG] s*=5.33/8.98 (59.3%) dist_goal=3.54
21:37:29 [INFO] [MPC] state=(+3.21,-3.58,-3.04) wp0=(+3.14,-3.35) v=+0.200 ω=-0.061 ok=True iters=7
21:37:29 [INFO] [PROG] s*=5.35/8.98 (59.5%) dist_goal=3.52
21:37:29 [INFO] [MPC] state=(+3.19,-3.59,-3.05) wp0=(+3.12,-3.35) v=+0.200 ω=-0.055 ok=True iters=7
21:37:29 [INFO] [PROG] s*=5.37/8.98 (59.8%) dist_goal=3.50
21:37:29 [INFO] [MPC] state=(+3.17,-3.59,-3.06) wp0=(+3.10,-3.35) v=+0.200 ω=-0.052 ok=True iters=7
21:37:29 [INFO] [PROG] s*=5.39/8.98 (60.0%) dist_goal=3.48
21:37:29 [INFO] [MPC] state=(+3.15,-3.59,-3.06) wp0=(+3.08,-3.35) v=+0.200 ω=-0.049 ok=True iters=7
21:37:29 [INFO] [PROG] s*=5.41/8.98 (60.2%) dist_goal=3.46
21:37:29 [INFO] [MPC] state=(+3.13,-3.59,-3.07) wp0=(+3.06,-3.35) v=+0.200 ω=-0.047 ok=True iters=7
21:37:29 [INFO] [PROG] s*=5.43/8.98 (60.5%) dist_goal=3.44
21:37:29 [INFO] [MPC] state=(+3.11,-3.59,-3.07) wp0=(+3.04,-3.35) v=+0.200 ω=-0.044 ok=True iters=7
21:37:29 [INFO] [PROG] s*=5.45/8.98 (60.7%) dist_goal=3.42
21:37:29 [INFO] [MPC] state=(+3.09,-3.59,-3.07) wp0=(+3.02,-3.35) v=+0.200 ω=-0.042 ok=True iters=7
21:37:29 [INFO] [PROG] s*=5.47/8.98 (60.9%) dist_goal=3.40
21:37:29 [INFO] [MPC] state=(+3.07,-3.60,-3.08) wp0=(+3.00,-3.35) v=+0.200 ω=-0.040 ok=True iters=7
21:37:29 [INFO] [PROG] s*=5.49/8.98 (61.1%) dist_goal=3.38
21:37:29 [INFO] [MPC] state=(+3.05,-3.60,-3.08) wp0=(+2.98,-3.35) v=+0.200 ω=-0.038 ok=True iters=7
21:37:29 [INFO] [PROG] s*=5.51/8.98 (61.4%) dist_goal=3.36
21:37:29 [INFO] [MPC] state=(+3.03,-3.60,-3.09) wp0=(+2.96,-3.35) v=+0.200 ω=-0.035 ok=True iters=7
21:37:29 [INFO] [PROG] s*=5.53/8.98 (61.6%) dist_goal=3.34
21:37:29 [INFO] [MPC] state=(+3.01,-3.60,-3.09) wp0=(+2.94,-3.35) v=+0.200 ω=-0.033 ok=True iters=7
21:37:29 [INFO] [PROG] s*=5.55/8.98 (61.8%) dist_goal=3.32
21:37:29 [INFO] [MPC] state=(+2.99,-3.60,-3.09) wp0=(+2.92,-3.35) v=+0.200 ω=-0.030 ok=True iters=7
21:37:29 [INFO] [PROG] s*=5.57/8.98 (62.0%) dist_goal=3.30
21:37:29 [INFO] [MPC] state=(+2.97,-3.60,-3.09) wp0=(+2.90,-3.35) v=+0.200 ω=-0.029 ok=True iters=7
21:37:29 [INFO] [PROG] s*=5.59/8.98 (62.3%) dist_goal=3.28
21:37:29 [INFO] [MPC] state=(+2.95,-3.60,-3.10) wp0=(+2.88,-3.35) v=+0.200 ω=-0.027 ok=True iters=7
21:37:29 [INFO] [PROG] s*=5.61/8.98 (62.5%) dist_goal=3.26
21:37:29 [INFO] [MPC] state=(+2.93,-3.60,-3.10) wp0=(+2.86,-3.35) v=+0.200 ω=-0.133 ok=True iters=7
21:37:29 [INFO] [PROG] s*=5.63/8.98 (62.7%) dist_goal=3.24
21:37:29 [INFO] [MPC] state=(+2.91,-3.60,-3.11) wp0=(+2.84,-3.35) v=+0.200 ω=-0.102 ok=True iters=7
21:37:29 [INFO] [PROG] s*=5.65/8.98 (62.9%) dist_goal=3.22
21:37:29 [INFO] [MPC] state=(+2.89,-3.60,-3.12) wp0=(+2.82,-3.35) v=+0.200 ω=-0.069 ok=True iters=7
21:37:29 [INFO] [PROG] s*=5.67/8.98 (63.2%) dist_goal=3.20
21:37:29 [INFO] [MPC] state=(+2.87,-3.60,-3.13) wp0=(+2.80,-3.35) v=+0.200 ω=-0.049 ok=True iters=7
21:37:29 [INFO] [PROG] s*=5.69/8.98 (63.4%) dist_goal=3.18
21:37:29 [INFO] [MPC] state=(+2.85,-3.61,-3.13) wp0=(+2.78,-3.35) v=+0.200 ω=-0.036 ok=True iters=7
21:37:29 [INFO] [PROG] s*=5.71/8.98 (63.6%) dist_goal=3.16
21:37:29 [INFO] [MPC] state=(+2.83,-3.61,-3.14) wp0=(+2.76,-3.35) v=+0.200 ω=-0.229 ok=True iters=7
21:37:29 [INFO] [PROG] s*=5.73/8.98 (63.8%) dist_goal=3.14
21:37:29 [INFO] [MPC] state=(+2.81,-3.61,-3.16) wp0=(+2.74,-3.35) v=+0.200 ω=-0.179 ok=True iters=7
21:37:29 [INFO] [PROG] s*=5.75/8.98 (64.0%) dist_goal=3.12
21:37:29 [INFO] [MPC] state=(+2.79,-3.60,-3.17) wp0=(+2.72,-3.35) v=+0.200 ω=-0.211 ok=True iters=7
21:37:29 [INFO] [PROG] s*=5.77/8.98 (64.3%) dist_goal=3.10
21:37:29 [INFO] [MPC] state=(+2.77,-3.60,-3.19) wp0=(+2.70,-3.35) v=+0.200 ω=-0.166 ok=True iters=7
21:37:29 [INFO] [PROG] s*=5.79/8.98 (64.5%) dist_goal=3.08
21:37:29 [INFO] [MPC] state=(+2.75,-3.60,-3.20) wp0=(+2.68,-3.35) v=+0.200 ω=-0.128 ok=True iters=7
21:37:29 [INFO] [PROG] s*=5.81/8.98 (64.7%) dist_goal=3.06
21:37:29 [INFO] [MPC] state=(+2.73,-3.60,-3.21) wp0=(+2.66,-3.35) v=+0.200 ω=-0.098 ok=True iters=7
21:37:29 [INFO] [PROG] s*=5.83/8.98 (64.9%) dist_goal=3.04
21:37:29 [INFO] [MPC] state=(+2.71,-3.60,-3.22) wp0=(+2.64,-3.35) v=+0.200 ω=-0.302 ok=True iters=7
21:37:29 [INFO] [PROG] s*=5.85/8.98 (65.2%) dist_goal=3.02
21:37:29 [INFO] [MPC] state=(+2.69,-3.60,-3.24) wp0=(+2.62,-3.35) v=+0.200 ω=-0.246 ok=True iters=7
21:37:29 [INFO] [PROG] s*=5.87/8.98 (65.4%) dist_goal=3.00
21:37:29 [INFO] [MPC] state=(+2.67,-3.60,-3.26) wp0=(+2.60,-3.35) v=+0.200 ω=-0.195 ok=True iters=7
21:37:29 [INFO] [PROG] s*=5.89/8.98 (65.6%) dist_goal=2.98
21:37:29 [INFO] [MPC] state=(+2.65,-3.59,-3.28) wp0=(+2.58,-3.35) v=+0.200 ω=-0.111 ok=True iters=7
21:37:29 [INFO] [PROG] s*=5.91/8.98 (65.8%) dist_goal=2.96
21:37:29 [INFO] [MPC] state=(+2.63,-3.59,-3.29) wp0=(+2.56,-3.35) v=+0.200 ω=-0.080 ok=True iters=7
21:37:29 [INFO] [PROG] s*=5.93/8.98 (66.0%) dist_goal=2.94
21:37:29 [INFO] [MPC] state=(+2.61,-3.59,-3.29) wp0=(+2.54,-3.35) v=+0.200 ω=-0.107 ok=True iters=7
21:37:29 [INFO] [PROG] s*=5.95/8.98 (66.3%) dist_goal=2.92
21:37:29 [INFO] [MPC] state=(+2.59,-3.58,-3.30) wp0=(+2.52,-3.35) v=+0.200 ω=-0.254 ok=True iters=7
21:37:29 [INFO] [PROG] s*=5.97/8.98 (66.5%) dist_goal=2.90
21:37:29 [INFO] [MPC] state=(+2.57,-3.58,-3.32) wp0=(+2.50,-3.35) v=+0.200 ω=-0.204 ok=True iters=7
21:37:29 [INFO] [PROG] s*=5.99/8.98 (66.7%) dist_goal=2.88
21:37:29 [INFO] [MPC] state=(+2.55,-3.58,-3.34) wp0=(+2.48,-3.35) v=+0.200 ω=-0.159 ok=True iters=7
21:37:29 [INFO] [PROG] s*=6.01/8.98 (66.9%) dist_goal=2.86
21:37:29 [INFO] [MPC] state=(+2.53,-3.57,-3.35) wp0=(+2.46,-3.35) v=+0.200 ω=-0.118 ok=True iters=7
21:37:29 [INFO] [PROG] s*=6.03/8.98 (67.1%) dist_goal=2.84
21:37:29 [INFO] [MPC] state=(+2.51,-3.57,-3.36) wp0=(+2.44,-3.35) v=+0.200 ω=-0.016 ok=True iters=7
21:37:29 [INFO] [PROG] s*=6.05/8.98 (67.4%) dist_goal=2.82
21:37:29 [INFO] [MPC] state=(+2.49,-3.56,-3.36) wp0=(+2.42,-3.35) v=+0.200 ω=-0.166 ok=True iters=7
21:37:29 [INFO] [PROG] s*=6.07/8.98 (67.6%) dist_goal=2.80
21:37:29 [INFO] [MPC] state=(+2.47,-3.56,-3.38) wp0=(+2.40,-3.35) v=+0.200 ω=-0.099 ok=True iters=7
21:37:29 [INFO] [PROG] s*=6.09/8.98 (67.8%) dist_goal=2.78
21:37:29 [INFO] [MPC] state=(+2.45,-3.55,-3.38) wp0=(+2.38,-3.35) v=+0.200 ω=-0.055 ok=True iters=7
21:37:29 [INFO] [PROG] s*=6.11/8.98 (68.0%) dist_goal=2.76
21:37:29 [INFO] [MPC] state=(+2.43,-3.55,-3.39) wp0=(+2.36,-3.35) v=+0.200 ω=+0.003 ok=True iters=7
21:37:29 [INFO] [PROG] s*=6.13/8.98 (68.2%) dist_goal=2.74
21:37:29 [INFO] [MPC] state=(+2.41,-3.54,-3.39) wp0=(+2.34,-3.35) v=+0.200 ω=+0.089 ok=True iters=7
21:37:29 [INFO] [PROG] s*=6.15/8.98 (68.5%) dist_goal=2.72
21:37:29 [INFO] [MPC] state=(+2.39,-3.54,-3.38) wp0=(+2.32,-3.35) v=+0.200 ω=+0.153 ok=True iters=7
21:37:29 [INFO] [PROG] s*=6.17/8.98 (68.7%) dist_goal=2.70
21:37:29 [INFO] [MPC] state=(+2.37,-3.53,-3.37) wp0=(+2.30,-3.35) v=+0.200 ω=+0.106 ok=True iters=7
21:37:29 [INFO] [PROG] s*=6.19/8.98 (68.9%) dist_goal=2.68
21:37:29 [INFO] [MPC] state=(+2.35,-3.53,-3.36) wp0=(+2.28,-3.35) v=+0.200 ω=+0.052 ok=True iters=7
21:37:29 [INFO] [PROG] s*=6.21/8.98 (69.1%) dist_goal=2.66
21:37:29 [INFO] [MPC] state=(+2.33,-3.53,-3.35) wp0=(+2.26,-3.35) v=+0.200 ω=+0.154 ok=True iters=7
21:37:29 [INFO] [PROG] s*=6.23/8.98 (69.3%) dist_goal=2.64
21:37:29 [INFO] [MPC] state=(+2.31,-3.52,-3.34) wp0=(+2.24,-3.35) v=+0.200 ω=+0.109 ok=True iters=7
21:37:29 [INFO] [PROG] s*=6.25/8.98 (69.5%) dist_goal=2.62
21:37:29 [INFO] [MPC] state=(+2.29,-3.52,-3.33) wp0=(+2.22,-3.35) v=+0.200 ω=+0.403 ok=True iters=7
21:37:29 [INFO] [PROG] s*=6.27/8.98 (69.8%) dist_goal=2.60
21:37:29 [INFO] [MPC] state=(+2.27,-3.51,-3.30) wp0=(+2.20,-3.35) v=+0.200 ω=+0.344 ok=True iters=7
21:37:29 [INFO] [PROG] s*=6.28/8.98 (70.0%) dist_goal=2.59
21:37:29 [INFO] [MPC] state=(+2.25,-3.51,-3.28) wp0=(+2.19,-3.35) v=+0.200 ω=+0.253 ok=True iters=7
21:37:29 [INFO] [PROG] s*=6.30/8.98 (70.2%) dist_goal=2.57
21:37:29 [INFO] [MPC] state=(+2.24,-3.51,-3.26) wp0=(+2.17,-3.35) v=+0.200 ω=+0.193 ok=True iters=7
21:37:29 [INFO] [PROG] s*=6.32/8.98 (70.4%) dist_goal=2.55
21:37:29 [INFO] [MPC] state=(+2.22,-3.51,-3.25) wp0=(+2.15,-3.35) v=+0.200 ω=+0.133 ok=True iters=7
21:37:29 [INFO] [PROG] s*=6.34/8.98 (70.6%) dist_goal=2.53
21:37:29 [INFO] [MPC] state=(+2.20,-3.50,-3.23) wp0=(+2.13,-3.35) v=+0.200 ω=+0.485 ok=True iters=7
21:37:29 [INFO] [PROG] s*=6.36/8.98 (70.8%) dist_goal=2.51
21:37:29 [INFO] [MPC] state=(+2.18,-3.50,-3.21) wp0=(+2.11,-3.35) v=+0.200 ω=+0.382 ok=True iters=7
21:37:29 [INFO] [PROG] s*=6.38/8.98 (71.0%) dist_goal=2.49
21:37:29 [INFO] [MPC] state=(+2.16,-3.50,-3.18) wp0=(+2.09,-3.35) v=+0.200 ω=+0.211 ok=True iters=7
21:37:29 [INFO] [PROG] s*=6.40/8.98 (71.3%) dist_goal=2.47
21:37:29 [INFO] [MPC] state=(+2.14,-3.50,-3.17) wp0=(+2.07,-3.35) v=+0.200 ω=+0.150 ok=True iters=7
21:37:29 [INFO] [PROG] s*=6.42/8.98 (71.5%) dist_goal=2.45
21:37:29 [INFO] [MPC] state=(+2.12,-3.50,-3.16) wp0=(+2.05,-3.35) v=+0.200 ω=-0.043 ok=True iters=7
21:37:29 [INFO] [PROG] s*=6.44/8.98 (71.7%) dist_goal=2.43
21:37:29 [INFO] [MPC] state=(+2.10,-3.50,-3.16) wp0=(+2.03,-3.35) v=+0.200 ω=-0.058 ok=True iters=7
21:37:29 [INFO] [PROG] s*=6.46/8.98 (71.9%) dist_goal=2.41
21:37:29 [INFO] [MPC] state=(+2.08,-3.50,-3.17) wp0=(+2.01,-3.35) v=+0.200 ω=-0.065 ok=True iters=7
21:37:29 [INFO] [PROG] s*=6.48/8.98 (72.2%) dist_goal=2.39
21:37:29 [INFO] [MPC] state=(+2.06,-3.50,-3.17) wp0=(+1.99,-3.35) v=+0.200 ω=-0.067 ok=True iters=7
21:37:29 [INFO] [PROG] s*=6.50/8.98 (72.4%) dist_goal=2.37
21:37:29 [INFO] [MPC] state=(+2.04,-3.50,-3.18) wp0=(+1.97,-3.35) v=+0.200 ω=-0.353 ok=True iters=7
21:37:29 [INFO] [PROG] s*=6.52/8.98 (72.6%) dist_goal=2.35
21:37:29 [INFO] [MPC] state=(+2.02,-3.50,-3.20) wp0=(+1.95,-3.35) v=+0.200 ω=-0.296 ok=True iters=7
21:37:29 [INFO] [PROG] s*=6.54/8.98 (72.8%) dist_goal=2.33
21:37:29 [INFO] [MPC] state=(+2.00,-3.50,-3.22) wp0=(+1.93,-3.35) v=+0.200 ω=+0.292 ok=True iters=7
21:37:29 [INFO] [PROG] s*=6.56/8.98 (73.0%) dist_goal=2.31
21:37:29 [INFO] [MPC] state=(+1.98,-3.50,-3.20) wp0=(+1.91,-3.35) v=+0.200 ω=-0.169 ok=True iters=7
21:37:29 [INFO] [PROG] s*=6.58/8.98 (73.3%) dist_goal=2.29
21:37:29 [INFO] [MPC] state=(+1.96,-3.49,-3.22) wp0=(+1.89,-3.35) v=+0.200 ω=-0.137 ok=True iters=7
21:37:29 [INFO] [PROG] s*=6.60/8.98 (73.5%) dist_goal=2.27
21:37:29 [INFO] [MPC] state=(+1.94,-3.49,-3.23) wp0=(+1.87,-3.35) v=+0.200 ω=-0.102 ok=True iters=7
21:37:29 [INFO] [PROG] s*=6.62/8.98 (73.7%) dist_goal=2.25
21:37:29 [INFO] [MPC] state=(+1.92,-3.49,-3.24) wp0=(+1.85,-3.35) v=+0.200 ω=-0.061 ok=True iters=7
21:37:29 [INFO] [PROG] s*=6.64/8.98 (73.9%) dist_goal=2.23
21:37:29 [INFO] [MPC] state=(+1.90,-3.49,-3.24) wp0=(+1.83,-3.35) v=+0.200 ω=+0.517 ok=True iters=7
21:37:29 [INFO] [PROG] s*=6.66/8.98 (74.1%) dist_goal=2.21
21:37:29 [INFO] [MPC] state=(+1.88,-3.49,-3.21) wp0=(+1.81,-3.35) v=+0.200 ω=+0.454 ok=True iters=7
21:37:29 [INFO] [PROG] s*=6.68/8.98 (74.3%) dist_goal=2.19
21:37:29 [INFO] [MPC] state=(+1.86,-3.49,-3.19) wp0=(+1.79,-3.35) v=+0.200 ω=-0.141 ok=True iters=7
21:37:29 [INFO] [PROG] s*=6.70/8.98 (74.5%) dist_goal=2.17
21:37:29 [INFO] [MPC] state=(+1.84,-3.48,-3.20) wp0=(+1.77,-3.35) v=+0.200 ω=+0.438 ok=True iters=7
21:37:29 [INFO] [PROG] s*=6.72/8.98 (74.8%) dist_goal=2.16
21:37:29 [INFO] [MPC] state=(+1.82,-3.48,-3.18) wp0=(+1.75,-3.35) v=+0.200 ω=+0.229 ok=True iters=7
21:37:29 [INFO] [PROG] s*=6.74/8.98 (75.0%) dist_goal=2.14
21:37:29 [INFO] [MPC] state=(+1.80,-3.48,-3.16) wp0=(+1.73,-3.35) v=+0.200 ω=+0.199 ok=True iters=7
21:37:29 [INFO] [PROG] s*=6.76/8.98 (75.2%) dist_goal=2.12
21:37:29 [INFO] [MPC] state=(+1.78,-3.48,-3.15) wp0=(+1.71,-3.35) v=+0.200 ω=+0.173 ok=True iters=7
21:37:29 [INFO] [PROG] s*=6.78/8.98 (75.4%) dist_goal=2.10
21:37:29 [INFO] [MPC] state=(+1.76,-3.48,-3.13) wp0=(+1.69,-3.35) v=+0.200 ω=+0.140 ok=True iters=7
21:37:29 [INFO] [PROG] s*=6.80/8.98 (75.6%) dist_goal=2.08
21:37:29 [INFO] [MPC] state=(+1.74,-3.48,-3.13) wp0=(+1.67,-3.35) v=+0.200 ω=+0.118 ok=True iters=7
21:37:29 [INFO] [PROG] s*=6.82/8.98 (75.9%) dist_goal=2.06
21:37:29 [INFO] [MPC] state=(+1.72,-3.48,-3.12) wp0=(+1.65,-3.35) v=+0.200 ω=+0.094 ok=True iters=7
21:37:29 [INFO] [PROG] s*=6.84/8.98 (76.1%) dist_goal=2.04
21:37:29 [INFO] [MPC] state=(+1.70,-3.48,-3.11) wp0=(+1.63,-3.35) v=+0.200 ω=+0.068 ok=True iters=7
21:37:29 [INFO] [PROG] s*=6.86/8.98 (76.3%) dist_goal=2.02
21:37:29 [INFO] [MPC] state=(+1.68,-3.49,-3.10) wp0=(+1.61,-3.35) v=+0.200 ω=+0.046 ok=True iters=7
21:37:29 [INFO] [PROG] s*=6.88/8.98 (76.5%) dist_goal=2.00
21:37:29 [INFO] [MPC] state=(+1.66,-3.49,-3.09) wp0=(+1.59,-3.35) v=+0.200 ω=+0.032 ok=True iters=7
21:37:29 [INFO] [PROG] s*=6.90/8.98 (76.8%) dist_goal=1.97
21:37:29 [INFO] [MPC] state=(+1.64,-3.49,-3.09) wp0=(+1.57,-3.35) v=+0.200 ω=+0.023 ok=True iters=7
21:37:29 [INFO] [PROG] s*=6.92/8.98 (77.0%) dist_goal=1.95
21:37:29 [INFO] [MPC] state=(+1.62,-3.49,-3.09) wp0=(+1.55,-3.35) v=+0.200 ω=+0.096 ok=True iters=7
21:37:29 [INFO] [PROG] s*=6.94/8.98 (77.2%) dist_goal=1.93
21:37:29 [INFO] [MPC] state=(+1.60,-3.49,-3.08) wp0=(+1.53,-3.35) v=+0.200 ω=+0.070 ok=True iters=7
21:37:29 [INFO] [PROG] s*=6.96/8.98 (77.4%) dist_goal=1.91
21:37:29 [INFO] [MPC] state=(+1.58,-3.49,-3.07) wp0=(+1.51,-3.35) v=+0.200 ω=+0.046 ok=True iters=7
21:37:29 [INFO] [PROG] s*=6.98/8.98 (77.7%) dist_goal=1.89
21:37:29 [INFO] [MPC] state=(+1.56,-3.49,-3.07) wp0=(+1.49,-3.35) v=+0.200 ω=+0.027 ok=True iters=7
21:37:29 [INFO] [PROG] s*=7.00/8.98 (77.9%) dist_goal=1.87
21:37:29 [INFO] [MPC] state=(+1.54,-3.49,-3.06) wp0=(+1.47,-3.35) v=+0.200 ω=+0.014 ok=True iters=7
21:37:29 [INFO] [PROG] s*=7.02/8.98 (78.1%) dist_goal=1.85
21:37:29 [INFO] [MPC] state=(+1.52,-3.50,-3.06) wp0=(+1.45,-3.35) v=+0.200 ω=+0.005 ok=True iters=7
21:37:29 [INFO] [PROG] s*=7.04/8.98 (78.3%) dist_goal=1.83
21:37:29 [INFO] [MPC] state=(+1.50,-3.50,-3.06) wp0=(+1.43,-3.35) v=+0.200 ω=+0.271 ok=True iters=7
21:37:29 [INFO] [PROG] s*=7.06/8.98 (78.6%) dist_goal=1.81
21:37:29 [INFO] [MPC] state=(+1.48,-3.50,-3.04) wp0=(+1.41,-3.35) v=+0.200 ω=-0.202 ok=True iters=7
21:37:29 [INFO] [PROG] s*=7.08/8.98 (78.8%) dist_goal=1.79
21:37:29 [INFO] [MPC] state=(+1.46,-3.50,-3.06) wp0=(+1.39,-3.35) v=+0.200 ω=-0.165 ok=True iters=7
21:37:29 [INFO] [PROG] s*=7.10/8.98 (79.0%) dist_goal=1.77
21:37:29 [INFO] [MPC] state=(+1.44,-3.50,-3.07) wp0=(+1.37,-3.35) v=+0.200 ω=-0.069 ok=True iters=7
21:37:29 [INFO] [PROG] s*=7.12/8.98 (79.2%) dist_goal=1.75
21:37:29 [INFO] [MPC] state=(+1.42,-3.50,-3.08) wp0=(+1.35,-3.35) v=+0.200 ω=-0.051 ok=True iters=7
21:37:29 [INFO] [PROG] s*=7.14/8.98 (79.4%) dist_goal=1.73
21:37:29 [INFO] [MPC] state=(+1.40,-3.50,-3.08) wp0=(+1.33,-3.35) v=+0.200 ω=-0.212 ok=True iters=7
21:37:29 [INFO] [PROG] s*=7.16/8.98 (79.7%) dist_goal=1.71
21:37:29 [INFO] [MPC] state=(+1.38,-3.51,-3.10) wp0=(+1.31,-3.35) v=+0.200 ω=-0.165 ok=True iters=7
21:37:29 [INFO] [PROG] s*=7.18/8.98 (79.9%) dist_goal=1.69
21:37:29 [INFO] [MPC] state=(+1.36,-3.51,-3.11) wp0=(+1.29,-3.35) v=+0.200 ω=-0.252 ok=True iters=7
21:37:29 [INFO] [PROG] s*=7.20/8.98 (80.1%) dist_goal=1.67
21:37:29 [INFO] [MPC] state=(+1.34,-3.51,-3.13) wp0=(+1.27,-3.35) v=+0.200 ω=-0.193 ok=True iters=7
21:37:29 [INFO] [PROG] s*=7.22/8.98 (80.3%) dist_goal=1.65
21:37:29 [INFO] [MPC] state=(+1.32,-3.51,-3.15) wp0=(+1.25,-3.35) v=+0.200 ω=-0.278 ok=True iters=7
21:37:29 [INFO] [PROG] s*=7.24/8.98 (80.6%) dist_goal=1.63
21:37:29 [INFO] [MPC] state=(+1.30,-3.51,-3.17) wp0=(+1.23,-3.35) v=+0.200 ω=-0.157 ok=True iters=7
21:37:29 [INFO] [PROG] s*=7.26/8.98 (80.8%) dist_goal=1.61
21:37:29 [INFO] [MPC] state=(+1.28,-3.51,-3.18) wp0=(+1.21,-3.35) v=+0.200 ω=-0.105 ok=True iters=7
21:37:29 [INFO] [PROG] s*=7.28/8.98 (81.0%) dist_goal=1.59
21:37:29 [INFO] [MPC] state=(+1.26,-3.50,-3.19) wp0=(+1.19,-3.35) v=+0.200 ω=-0.073 ok=True iters=7
21:37:29 [INFO] [PROG] s*=7.30/8.98 (81.2%) dist_goal=1.57
21:37:29 [INFO] [MPC] state=(+1.24,-3.50,-3.20) wp0=(+1.17,-3.35) v=+0.200 ω=-0.091 ok=True iters=7
21:37:29 [INFO] [PROG] s*=7.32/8.98 (81.5%) dist_goal=1.55
21:37:29 [INFO] [MPC] state=(+1.22,-3.50,-3.21) wp0=(+1.15,-3.35) v=+0.200 ω=-0.013 ok=True iters=7
21:37:29 [INFO] [PROG] s*=7.34/8.98 (81.7%) dist_goal=1.53
21:37:29 [INFO] [MPC] state=(+1.20,-3.50,-3.21) wp0=(+1.13,-3.35) v=+0.200 ω=+0.251 ok=True iters=7
21:37:29 [INFO] [PROG] s*=7.36/8.98 (81.9%) dist_goal=1.51
21:37:29 [INFO] [MPC] state=(+1.18,-3.50,-3.19) wp0=(+1.11,-3.35) v=+0.200 ω=+0.220 ok=True iters=7
21:37:29 [INFO] [PROG] s*=7.38/8.98 (82.1%) dist_goal=1.50
21:37:29 [INFO] [MPC] state=(+1.16,-3.50,-3.18) wp0=(+1.09,-3.35) v=+0.200 ω=+0.232 ok=True iters=7
21:37:29 [INFO] [PROG] s*=7.39/8.98 (82.3%) dist_goal=1.48
21:37:29 [INFO] [MPC] state=(+1.14,-3.50,-3.16) wp0=(+1.08,-3.35) v=+0.200 ω=+0.283 ok=True iters=7
21:37:30 [INFO] [PROG] s*=7.41/8.98 (82.5%) dist_goal=1.46
21:37:30 [INFO] [MPC] state=(+1.13,-3.50,-3.15) wp0=(+1.06,-3.35) v=+0.200 ω=+0.278 ok=True iters=7
21:37:30 [INFO] [PROG] s*=7.43/8.98 (82.8%) dist_goal=1.44
21:37:30 [INFO] [MPC] state=(+1.11,-3.50,-3.13) wp0=(+1.04,-3.35) v=+0.200 ω=+0.228 ok=True iters=7
21:37:30 [INFO] [PROG] s*=7.45/8.98 (83.0%) dist_goal=1.42
21:37:30 [INFO] [MPC] state=(+1.09,-3.50,-3.12) wp0=(+1.02,-3.35) v=+0.200 ω=+0.286 ok=True iters=7
21:37:30 [INFO] [PROG] s*=7.47/8.98 (83.2%) dist_goal=1.40
21:37:30 [INFO] [MPC] state=(+1.07,-3.50,-3.10) wp0=(+1.00,-3.35) v=+0.200 ω=+0.257 ok=True iters=7
21:37:30 [INFO] [PROG] s*=7.49/8.98 (83.4%) dist_goal=1.38
21:37:30 [INFO] [MPC] state=(+1.05,-3.50,-3.08) wp0=(+0.98,-3.35) v=+0.200 ω=+0.239 ok=True iters=7
21:37:30 [INFO] [PROG] s*=7.51/8.98 (83.6%) dist_goal=1.36
21:37:30 [INFO] [MPC] state=(+1.03,-3.50,-3.07) wp0=(+0.96,-3.35) v=+0.200 ω=+0.253 ok=True iters=7
21:37:30 [INFO] [PROG] s*=7.53/8.98 (83.8%) dist_goal=1.34
21:37:30 [INFO] [MPC] state=(+1.01,-3.50,-3.05) wp0=(+0.94,-3.35) v=+0.200 ω=+0.223 ok=True iters=7
21:37:30 [INFO] [PROG] s*=7.55/8.98 (84.0%) dist_goal=1.32
21:37:30 [INFO] [MPC] state=(+0.99,-3.50,-3.03) wp0=(+0.92,-3.35) v=+0.200 ω=+0.236 ok=True iters=7
21:37:30 [INFO] [PROG] s*=7.57/8.98 (84.3%) dist_goal=1.30
21:37:30 [INFO] [MPC] state=(+0.97,-3.51,-3.02) wp0=(+0.90,-3.35) v=+0.200 ω=+0.159 ok=True iters=7
21:37:30 [INFO] [PROG] s*=7.59/8.98 (84.5%) dist_goal=1.28
21:37:30 [INFO] [MPC] state=(+0.95,-3.51,-3.00) wp0=(+0.88,-3.35) v=+0.200 ω=+0.171 ok=True iters=7
21:37:30 [INFO] [PROG] s*=7.61/8.98 (84.7%) dist_goal=1.26
21:37:30 [INFO] [MPC] state=(+0.93,-3.51,-2.99) wp0=(+0.86,-3.35) v=+0.200 ω=+0.166 ok=True iters=7
21:37:30 [INFO] [PROG] s*=7.63/8.98 (84.9%) dist_goal=1.24
21:37:30 [INFO] [MPC] state=(+0.91,-3.52,-2.98) wp0=(+0.84,-3.35) v=+0.200 ω=+0.067 ok=True iters=7
21:37:30 [INFO] [PROG] s*=7.65/8.98 (85.1%) dist_goal=1.22
21:37:30 [INFO] [MPC] state=(+0.89,-3.52,-2.97) wp0=(+0.82,-3.35) v=+0.200 ω=+0.203 ok=True iters=7
21:37:30 [INFO] [PROG] s*=7.67/8.98 (85.4%) dist_goal=1.20
21:37:30 [INFO] [MPC] state=(+0.87,-3.52,-2.96) wp0=(+0.80,-3.35) v=+0.200 ω=+0.091 ok=True iters=7
21:37:30 [INFO] [PROG] s*=7.69/8.98 (85.6%) dist_goal=1.18
21:37:30 [INFO] [MPC] state=(+0.85,-3.53,-2.95) wp0=(+0.78,-3.35) v=+0.200 ω=+0.004 ok=True iters=7
21:37:30 [INFO] [PROG] s*=7.71/8.98 (85.8%) dist_goal=1.16
21:37:30 [INFO] [MPC] state=(+0.83,-3.53,-2.95) wp0=(+0.76,-3.35) v=+0.200 ω=+0.116 ok=True iters=7
21:37:30 [INFO] [PROG] s*=7.73/8.98 (86.0%) dist_goal=1.14
21:37:30 [INFO] [MPC] state=(+0.81,-3.53,-2.93) wp0=(+0.74,-3.35) v=+0.200 ω=+0.022 ok=True iters=7
21:37:30 [INFO] [PROG] s*=7.75/8.98 (86.2%) dist_goal=1.12
21:37:30 [INFO] [MPC] state=(+0.79,-3.54,-2.93) wp0=(+0.72,-3.35) v=+0.200 ω=-0.035 ok=True iters=7
21:37:30 [INFO] [PROG] s*=7.77/8.98 (86.5%) dist_goal=1.10
21:37:30 [INFO] [MPC] state=(+0.77,-3.54,-2.94) wp0=(+0.70,-3.35) v=+0.200 ω=-0.023 ok=True iters=7
21:37:30 [INFO] [PROG] s*=7.79/8.98 (86.7%) dist_goal=1.08
21:37:30 [INFO] [MPC] state=(+0.75,-3.55,-2.94) wp0=(+0.68,-3.35) v=+0.200 ω=-0.056 ok=True iters=7
21:37:30 [INFO] [PROG] s*=7.81/8.98 (86.9%) dist_goal=1.06
21:37:30 [INFO] [MPC] state=(+0.73,-3.55,-2.94) wp0=(+0.66,-3.35) v=+0.200 ω=-0.075 ok=True iters=7
21:37:30 [INFO] [PROG] s*=7.83/8.98 (87.1%) dist_goal=1.04
21:37:30 [INFO] [MPC] state=(+0.71,-3.56,-2.95) wp0=(+0.64,-3.35) v=+0.200 ω=-0.085 ok=True iters=7
21:37:30 [INFO] [PROG] s*=7.85/8.98 (87.4%) dist_goal=1.02
21:37:30 [INFO] [MPC] state=(+0.69,-3.56,-2.96) wp0=(+0.62,-3.35) v=+0.200 ω=-0.124 ok=True iters=7
21:37:30 [INFO] [PROG] s*=7.87/8.98 (87.6%) dist_goal=1.00
21:37:30 [INFO] [MPC] state=(+0.67,-3.56,-2.97) wp0=(+0.60,-3.35) v=+0.200 ω=-0.119 ok=True iters=7
21:37:30 [INFO] [PROG] s*=7.89/8.98 (87.8%) dist_goal=0.98
21:37:30 [INFO] [MPC] state=(+0.65,-3.57,-2.98) wp0=(+0.58,-3.35) v=+0.200 ω=-0.112 ok=True iters=7
21:37:30 [INFO] [PROG] s*=7.91/8.98 (88.0%) dist_goal=0.96
21:37:30 [INFO] [MPC] state=(+0.63,-3.57,-2.99) wp0=(+0.56,-3.35) v=+0.200 ω=-0.102 ok=True iters=7
21:37:30 [INFO] [PROG] s*=7.93/8.98 (88.3%) dist_goal=0.94
21:37:30 [INFO] [MPC] state=(+0.61,-3.57,-3.00) wp0=(+0.54,-3.35) v=+0.200 ω=-0.095 ok=True iters=7
21:37:30 [INFO] [PROG] s*=7.95/8.98 (88.5%) dist_goal=0.92
21:37:30 [INFO] [MPC] state=(+0.59,-3.58,-3.01) wp0=(+0.52,-3.35) v=+0.200 ω=-0.086 ok=True iters=7
21:37:30 [INFO] [PROG] s*=7.97/8.98 (88.7%) dist_goal=0.90
21:37:30 [INFO] [MPC] state=(+0.57,-3.58,-3.02) wp0=(+0.50,-3.35) v=+0.200 ω=-0.079 ok=True iters=7
21:37:30 [INFO] [PROG] s*=7.99/8.98 (88.9%) dist_goal=0.88
21:37:30 [INFO] [MPC] state=(+0.55,-3.58,-3.03) wp0=(+0.48,-3.35) v=+0.200 ω=-0.072 ok=True iters=7
21:37:30 [INFO] [PROG] s*=8.01/8.98 (89.2%) dist_goal=0.86
21:37:30 [INFO] [MPC] state=(+0.53,-3.58,-3.04) wp0=(+0.46,-3.35) v=+0.200 ω=-0.066 ok=True iters=7
21:37:30 [INFO] [PROG] s*=8.03/8.98 (89.4%) dist_goal=0.84
21:37:30 [INFO] [MPC] state=(+0.51,-3.58,-3.04) wp0=(+0.44,-3.35) v=+0.200 ω=-0.062 ok=True iters=7
21:37:30 [INFO] [PROG] s*=8.05/8.98 (89.6%) dist_goal=0.82
21:37:30 [INFO] [MPC] state=(+0.49,-3.59,-3.05) wp0=(+0.42,-3.35) v=+0.200 ω=-0.054 ok=True iters=7
21:37:30 [INFO] [PROG] s*=8.07/8.98 (89.8%) dist_goal=0.80
21:37:30 [INFO] [MPC] state=(+0.47,-3.59,-3.05) wp0=(+0.40,-3.35) v=+0.200 ω=-0.040 ok=True iters=7
21:37:30 [INFO] [PROG] s*=8.09/8.98 (90.1%) dist_goal=0.78
21:37:30 [INFO] [MPC] state=(+0.45,-3.59,-3.06) wp0=(+0.38,-3.35) v=+0.200 ω=-0.029 ok=True iters=7
21:37:30 [INFO] [PROG] s*=8.11/8.98 (90.3%) dist_goal=0.76
21:37:30 [INFO] [MPC] state=(+0.43,-3.59,-3.06) wp0=(+0.36,-3.35) v=+0.195 ω=-0.017 ok=True iters=7
21:37:30 [INFO] [PROG] s*=8.13/8.98 (90.5%) dist_goal=0.74
21:37:30 [INFO] [MPC] state=(+0.41,-3.59,-3.06) wp0=(+0.34,-3.35) v=+0.191 ω=-0.008 ok=True iters=7
21:37:30 [INFO] [PROG] s*=8.15/8.98 (90.7%) dist_goal=0.72
21:37:30 [INFO] [MPC] state=(+0.39,-3.59,-3.06) wp0=(+0.32,-3.35) v=+0.186 ω=+0.002 ok=True iters=7
21:37:30 [INFO] [PROG] s*=8.17/8.98 (90.9%) dist_goal=0.71
21:37:30 [INFO] [MPC] state=(+0.37,-3.60,-3.06) wp0=(+0.30,-3.35) v=+0.181 ω=+0.009 ok=True iters=7
21:37:30 [INFO] [PROG] s*=8.18/8.98 (91.1%) dist_goal=0.69
21:37:30 [INFO] [MPC] state=(+0.35,-3.60,-3.06) wp0=(+0.29,-3.35) v=+0.177 ω=+0.013 ok=True iters=8
21:37:30 [INFO] [PROG] s*=8.20/8.98 (91.3%) dist_goal=0.67
21:37:30 [INFO] [MPC] state=(+0.34,-3.60,-3.06) wp0=(+0.27,-3.35) v=+0.172 ω=+0.010 ok=True iters=8
21:37:30 [INFO] [PROG] s*=8.22/8.98 (91.5%) dist_goal=0.65
21:37:30 [INFO] [MPC] state=(+0.32,-3.60,-3.06) wp0=(+0.25,-3.35) v=+0.168 ω=+0.008 ok=True iters=8
21:37:30 [INFO] [PROG] s*=8.23/8.98 (91.7%) dist_goal=0.64
21:37:30 [INFO] [MPC] state=(+0.30,-3.60,-3.06) wp0=(+0.24,-3.35) v=+0.164 ω=+0.006 ok=True iters=8
21:37:30 [INFO] [PROG] s*=8.25/8.98 (91.8%) dist_goal=0.62
21:37:30 [INFO] [MPC] state=(+0.29,-3.60,-3.06) wp0=(+0.22,-3.35) v=+0.160 ω=+0.003 ok=True iters=8
21:37:30 [INFO] [PROG] s*=8.27/8.98 (92.0%) dist_goal=0.61
21:37:30 [INFO] [MPC] state=(+0.27,-3.60,-3.06) wp0=(+0.20,-3.35) v=+0.156 ω=+0.001 ok=True iters=8
21:37:30 [INFO] [PROG] s*=8.28/8.98 (92.2%) dist_goal=0.59
21:37:30 [INFO] [MPC] state=(+0.25,-3.61,-3.06) wp0=(+0.19,-3.35) v=+0.152 ω=-0.072 ok=True iters=8
21:37:30 [INFO] [PROG] s*=8.30/8.98 (92.4%) dist_goal=0.58
21:37:30 [INFO] [MPC] state=(+0.24,-3.61,-3.06) wp0=(+0.17,-3.35) v=+0.148 ω=-0.050 ok=True iters=8
21:37:30 [INFO] [PROG] s*=8.31/8.98 (92.5%) dist_goal=0.56
21:37:30 [INFO] [MPC] state=(+0.22,-3.61,-3.07) wp0=(+0.16,-3.35) v=+0.144 ω=+0.299 ok=True iters=8
21:37:30 [INFO] [PROG] s*=8.32/8.98 (92.7%) dist_goal=0.55
21:37:30 [INFO] [MPC] state=(+0.21,-3.61,-3.04) wp0=(+0.15,-3.35) v=+0.141 ω=+0.764 ok=True iters=9
21:37:30 [INFO] [PROG] s*=8.34/8.98 (92.8%) dist_goal=0.54
21:37:30 [INFO] [MPC] state=(+0.20,-3.61,-2.97) wp0=(+0.13,-3.35) v=+0.137 ω=+0.957 ok=True iters=9
21:37:30 [INFO] [PROG] s*=8.35/8.98 (92.9%) dist_goal=0.53
21:37:30 [INFO] [MPC] state=(+0.18,-3.61,-2.87) wp0=(+0.12,-3.35) v=+0.134 ω=+0.885 ok=True iters=10
21:37:30 [INFO] [PROG] s*=8.59/8.98 (95.6%) dist_goal=0.51
21:37:30 [INFO] [MPC] state=(+0.17,-3.62,-2.79) wp0=(-0.07,-3.45) v=+0.131 ω=+0.727 ok=True iters=11
21:37:30 [INFO] [PROG] s*=8.60/8.98 (95.7%) dist_goal=0.50
21:37:30 [INFO] [MPC] state=(+0.16,-3.62,-2.71) wp0=(-0.09,-3.45) v=+0.129 ω=-1.523 ok=True iters=8
21:37:30 [INFO] [PROG] s*=8.61/8.98 (95.8%) dist_goal=0.49
21:37:30 [INFO] [MPC] state=(+0.15,-3.63,-2.84) wp0=(-0.10,-3.45) v=+0.126 ω=-1.019 ok=True iters=7
21:37:30 [INFO] [PROG] s*=8.61/8.98 (95.9%) dist_goal=0.48
21:37:30 [INFO] [MPC] state=(+0.14,-3.63,-2.94) wp0=(-0.10,-3.45) v=+0.123 ω=-0.688 ok=True iters=7
21:37:30 [INFO] [PROG] s*=8.61/8.98 (95.9%) dist_goal=0.47
21:37:30 [INFO] [MPC] state=(+0.12,-3.63,-3.01) wp0=(-0.10,-3.45) v=+0.120 ω=-0.472 ok=True iters=7
21:37:30 [INFO] [PROG] s*=8.61/8.98 (95.9%) dist_goal=0.46
21:37:30 [INFO] [MPC] state=(+0.11,-3.64,-3.05) wp0=(-0.10,-3.45) v=+0.117 ω=-0.213 ok=True iters=7
21:37:30 [INFO] [PROG] s*=8.61/8.98 (95.9%) dist_goal=0.45
21:37:30 [INFO] [MPC] state=(+0.10,-3.64,-3.07) wp0=(-0.10,-3.45) v=+0.114 ω=-0.148 ok=True iters=7
21:37:30 [INFO] [PROG] s*=8.61/8.98 (95.9%) dist_goal=0.43
21:37:30 [INFO] [MPC] state=(+0.09,-3.64,-3.09) wp0=(-0.10,-3.45) v=+0.111 ω=-0.260 ok=True iters=7
21:37:30 [INFO] [PROG] s*=8.61/8.98 (95.9%) dist_goal=0.42
21:37:30 [INFO] [MPC] state=(+0.08,-3.64,-3.12) wp0=(-0.10,-3.45) v=+0.109 ω=-0.059 ok=True iters=7
21:37:30 [INFO] [PROG] s*=8.61/8.98 (95.9%) dist_goal=0.41
21:37:30 [INFO] [MPC] state=(+0.07,-3.64,-3.12) wp0=(-0.10,-3.45) v=+0.106 ω=-0.146 ok=True iters=7
21:37:30 [INFO] [PROG] s*=8.61/8.98 (95.9%) dist_goal=0.40
21:37:30 [INFO] [MPC] state=(+0.05,-3.64,-3.14) wp0=(-0.10,-3.45) v=+0.103 ω=-0.096 ok=True iters=7
21:37:30 [INFO] [PROG] s*=8.61/8.98 (95.9%) dist_goal=0.39
21:37:30 [INFO] [MPC] state=(+0.04,-3.64,-3.15) wp0=(-0.10,-3.45) v=+0.101 ω=-0.063 ok=True iters=7
21:37:30 [INFO] [PROG] s*=8.61/8.98 (95.9%) dist_goal=0.38
21:37:30 [INFO] [MPC] state=(+0.03,-3.64,-3.16) wp0=(-0.10,-3.45) v=+0.098 ω=-0.051 ok=True iters=7
21:37:30 [INFO] [PROG] s*=8.61/8.98 (95.9%) dist_goal=0.37
21:37:30 [INFO] [MPC] state=(+0.02,-3.64,-3.16) wp0=(-0.10,-3.45) v=+0.096 ω=-0.036 ok=True iters=7
21:37:30 [INFO] [PROG] s*=8.61/8.98 (95.9%) dist_goal=0.37
21:37:30 [INFO] [MPC] state=(+0.01,-3.64,-3.17) wp0=(-0.10,-3.45) v=+0.094 ω=-0.024 ok=True iters=7
21:37:30 [INFO] [PROG] s*=8.61/8.98 (95.9%) dist_goal=0.36
21:37:30 [INFO] [MPC] state=(+0.00,-3.64,-3.17) wp0=(-0.10,-3.45) v=+0.091 ω=-0.065 ok=True iters=7
21:37:30 [INFO] [PROG] s*=8.61/8.98 (95.9%) dist_goal=0.35
21:37:30 [INFO] [MPC] state=(-0.00,-3.64,-3.17) wp0=(-0.10,-3.45) v=+0.089 ω=-0.043 ok=True iters=7
21:37:30 [INFO] [PROG] s*=8.61/8.98 (95.9%) dist_goal=0.34
21:37:30 [INFO] [MPC] state=(-0.01,-3.64,-3.18) wp0=(-0.10,-3.45) v=+0.087 ω=-0.029 ok=True iters=7
21:37:30 [INFO] [PROG] s*=8.61/8.98 (95.9%) dist_goal=0.33
21:37:30 [INFO] [MPC] state=(-0.02,-3.64,-3.18) wp0=(-0.10,-3.45) v=+0.085 ω=-0.019 ok=True iters=7
21:37:30 [INFO] [PROG] s*=8.61/8.98 (95.9%) dist_goal=0.32
21:37:30 [INFO] [MPC] state=(-0.03,-3.64,-3.18) wp0=(-0.10,-3.45) v=+0.083 ω=-0.012 ok=True iters=7
21:37:30 [INFO] [PROG] s*=8.61/8.98 (95.9%) dist_goal=0.31
21:37:30 [INFO] [MPC] state=(-0.04,-3.64,-3.18) wp0=(-0.10,-3.45) v=+0.081 ω=-0.031 ok=True iters=7
21:37:30 [INFO] [PROG] s*=8.62/8.98 (95.9%) dist_goal=0.31
21:37:30 [INFO] [MPC] state=(-0.05,-3.63,-3.19) wp0=(-0.10,-3.45) v=+0.079 ω=-0.093 ok=True iters=7
21:37:30 [INFO] [PROG] s*=8.62/8.98 (96.0%) dist_goal=0.30
21:37:30 [INFO] [MPC] state=(-0.05,-3.63,-3.20) wp0=(-0.11,-3.45) v=+0.077 ω=-0.059 ok=True iters=7
21:37:30 [INFO] [PROG] s*=8.63/8.98 (96.1%) dist_goal=0.29
21:37:30 [INFO] [MPC] state=(-0.06,-3.63,-3.20) wp0=(-0.12,-3.45) v=+0.075 ω=-0.035 ok=True iters=7
21:37:30 [INFO] [PROG] s*=8.64/8.98 (96.2%) dist_goal=0.29
21:37:30 [INFO] [MPC] state=(-0.07,-3.63,-3.21) wp0=(-0.13,-3.45) v=+0.073 ω=-0.020 ok=True iters=8
21:37:30 [INFO] [PROG] s*=8.65/8.98 (96.2%) dist_goal=0.28
21:37:30 [INFO] [MPC] state=(-0.08,-3.63,-3.21) wp0=(-0.13,-3.45) v=+0.071 ω=-0.010 ok=True iters=8
21:37:30 [INFO] [PROG] s*=8.65/8.98 (96.3%) dist_goal=0.27
21:37:30 [INFO] [MPC] state=(-0.08,-3.63,-3.21) wp0=(-0.14,-3.45) v=+0.070 ω=-0.004 ok=True iters=8
21:37:30 [INFO] [PROG] s*=8.66/8.98 (96.4%) dist_goal=0.26
21:37:30 [INFO] [MPC] state=(-0.09,-3.63,-3.21) wp0=(-0.15,-3.45) v=+0.068 ω=+0.000 ok=True iters=8
21:37:30 [INFO] [PROG] s*=8.67/8.98 (96.5%) dist_goal=0.26
21:37:30 [INFO] [MPC] state=(-0.10,-3.63,-3.21) wp0=(-0.15,-3.45) v=+0.066 ω=+0.003 ok=True iters=8
21:37:30 [INFO] [PROG] s*=8.67/8.98 (96.5%) dist_goal=0.25
21:37:30 [INFO] [MPC] state=(-0.10,-3.63,-3.21) wp0=(-0.16,-3.45) v=+0.065 ω=+0.005 ok=True iters=8
21:37:30 [INFO] [PROG] s*=8.68/8.98 (96.6%) dist_goal=0.25
21:37:30 [INFO] [MPC] state=(-0.11,-3.63,-3.21) wp0=(-0.17,-3.45) v=+0.063 ω=+0.007 ok=True iters=8
21:37:30 [INFO] [PROG] s*=8.68/8.98 (96.7%) dist_goal=0.24
21:37:30 [INFO] [MPC] state=(-0.12,-3.63,-3.21) wp0=(-0.17,-3.45) v=+0.062 ω=+0.008 ok=True iters=10
21:37:30 [INFO] [PROG] s*=8.69/8.98 (96.7%) dist_goal=0.23
21:37:30 [INFO] [MPC] state=(-0.12,-3.63,-3.21) wp0=(-0.18,-3.45) v=+0.060 ω=+0.004 ok=True iters=9
21:37:30 [INFO] [PROG] s*=8.70/8.98 (96.8%) dist_goal=0.23
21:37:30 [INFO] [MPC] state=(-0.13,-3.63,-3.21) wp0=(-0.19,-3.45) v=+0.059 ω=+0.001 ok=True iters=9
21:37:30 [INFO] [PROG] s*=8.70/8.98 (96.9%) dist_goal=0.22
21:37:30 [INFO] [MPC] state=(-0.14,-3.63,-3.21) wp0=(-0.19,-3.45) v=+0.057 ω=+0.274 ok=True iters=9
21:37:30 [INFO] [PROG] s*=8.71/8.98 (96.9%) dist_goal=0.22
21:37:30 [INFO] [MPC] state=(-0.14,-3.63,-3.18) wp0=(-0.19,-3.45) v=+0.056 ω=+0.641 ok=True iters=14
21:37:30 [INFO] [PROG] s*=8.71/8.98 (96.9%) dist_goal=0.22
21:37:30 [INFO] [MPC] state=(-0.14,-3.63,-3.12) wp0=(-0.20,-3.45) v=+0.030 ω=+0.844 ok=True iters=12
21:37:30 [INFO] [PROG] s*=8.71/8.98 (97.0%) dist_goal=0.22
21:37:30 [INFO] [MPC] state=(-0.15,-3.63,-3.04) wp0=(-0.20,-3.45) v=+0.030 ω=+0.685 ok=True iters=11
21:37:30 [INFO] [PROG] s*=8.71/8.98 (97.0%) dist_goal=0.21
21:37:30 [INFO] [MPC] state=(-0.15,-3.63,-2.98) wp0=(-0.20,-3.45) v=+0.030 ω=+0.676 ok=True iters=11
21:37:30 [INFO] [PROG] s*=8.71/8.98 (97.0%) dist_goal=0.21
21:37:30 [INFO] [MPC] state=(-0.15,-3.63,-2.91) wp0=(-0.20,-3.45) v=+0.030 ω=+0.585 ok=True iters=11
21:37:30 [INFO] [PROG] s*=8.72/8.98 (97.0%) dist_goal=0.21
21:37:30 [INFO] [MPC] state=(-0.15,-3.63,-2.85) wp0=(-0.21,-3.45) v=+0.030 ω=+0.561 ok=True iters=11
21:37:30 [INFO] [PROG] s*=8.72/8.98 (97.1%) dist_goal=0.21
21:37:30 [INFO] [MPC] state=(-0.16,-3.63,-2.79) wp0=(-0.21,-3.45) v=+0.030 ω=+0.567 ok=True iters=10
21:37:30 [INFO] [PROG] s*=8.72/8.98 (97.1%) dist_goal=0.21
21:37:30 [INFO] [MPC] state=(-0.16,-3.63,-2.73) wp0=(-0.21,-3.45) v=+0.030 ω=+0.549 ok=True iters=11
21:37:30 [INFO] [PROG] s*=8.72/8.98 (97.1%) dist_goal=0.21
21:37:30 [INFO] [MPC] state=(-0.16,-3.63,-2.67) wp0=(-0.21,-3.45) v=+0.030 ω=+0.479 ok=True iters=11
21:37:30 [INFO] [PROG] s*=8.73/8.98 (97.1%) dist_goal=0.20
21:37:30 [INFO] [MPC] state=(-0.16,-3.63,-2.62) wp0=(-0.21,-3.45) v=+0.030 ω=+0.348 ok=True iters=11
21:37:30 [INFO] [PROG] s*=8.73/8.98 (97.2%) dist_goal=0.20
21:37:30 [INFO] [MPC] state=(-0.16,-3.64,-2.58) wp0=(-0.22,-3.45) v=+0.030 ω=+0.254 ok=True iters=11
21:37:30 [INFO] [PROG] s*=8.73/8.98 (97.2%) dist_goal=0.20
21:37:30 [INFO] [MPC] state=(-0.17,-3.64,-2.56) wp0=(-0.22,-3.45) v=+0.030 ω=+0.218 ok=True iters=10
21:37:30 [INFO] [PROG] s*=8.73/8.98 (97.2%) dist_goal=0.20
21:37:30 [INFO] [MPC] state=(-0.17,-3.64,-2.54) wp0=(-0.22,-3.45) v=+0.030 ω=+0.184 ok=True iters=10
21:37:30 [ERROR] Error in step()
Traceback (most recent call last):
  File "/home/max/thesis_proj/pybullet2/crowdnav/env.py", line 707, in step
    theta_ref = _make_theta_ref(path_xy, self._theta_ref_prev, k_strong=3, alpha=0.25)
  File "/home/max/thesis_proj/pybullet2/crowdnav/env.py", line 95, in _make_theta_ref
    if theta_prev is not None and len(theta_prev) == len(ref):
UnboundLocalError: local variable 'ref' referenced before assignment
