20:46:18 [INFO] === New MPC Session Started ===
20:46:18 [DEBUG] matplotlib data path: /home/max/.local/lib/python3.10/site-packages/matplotlib/mpl-data
20:46:18 [DEBUG] CONFIGDIR=/home/max/.config/matplotlib
20:46:18 [DEBUG] interactive is False
20:46:18 [DEBUG] platform is linux
20:46:18 [DEBUG] CACHEDIR=/home/max/.cache/matplotlib
20:46:18 [DEBUG] Using fontManager instance from /home/max/.cache/matplotlib/fontlist-v390.json
20:46:18 [INFO] CrowdNavPyBulletEnv initializing...
20:46:21 [INFO] World ready | grid: (112, 112), res: 0.1, N=10, T=0.1
20:46:22 [INFO] [PROG] s*=0.00/5.28 (0.0%) dist_goal=5.08
20:46:22 [INFO] [MPC] state=(-1.94,+4.95,+0.04) wp0=(-1.87,+4.95) v=+0.200 ω=+0.947 ok=True iters=7
20:46:22 [INFO] [PROG] s*=0.00/5.28 (0.0%) dist_goal=5.07
20:46:22 [INFO] [MPC] state=(-1.93,+4.95,+0.01) wp0=(-1.87,+4.95) v=+0.200 ω=+1.415 ok=True iters=8
20:46:22 [INFO] [PROG] s*=0.02/5.28 (0.3%) dist_goal=5.05
20:46:22 [INFO] [MPC] state=(-1.92,+4.95,+0.08) wp0=(-1.85,+4.95) v=+0.200 ω=+1.081 ok=True iters=8
20:46:22 [INFO] [PROG] s*=0.03/5.28 (0.6%) dist_goal=5.04
20:46:22 [INFO] [MPC] state=(-1.90,+4.96,+0.13) wp0=(-1.84,+4.95) v=+0.200 ω=+1.428 ok=True iters=8
20:46:22 [INFO] [PROG] s*=0.04/5.28 (0.8%) dist_goal=5.03
20:46:22 [INFO] [MPC] state=(-1.89,+4.96,+0.21) wp0=(-1.83,+4.95) v=+0.200 ω=+1.711 ok=True iters=8
20:46:22 [INFO] [PROG] s*=0.06/5.28 (1.1%) dist_goal=5.01
20:46:22 [INFO] [MPC] state=(-1.88,+4.96,+0.30) wp0=(-1.81,+4.95) v=+0.200 ω=+1.200 ok=True iters=8
20:46:22 [INFO] [PROG] s*=0.07/5.28 (1.4%) dist_goal=5.00
20:46:22 [INFO] [MPC] state=(-1.86,+4.97,+0.37) wp0=(-1.80,+4.95) v=+0.200 ω=+0.965 ok=True iters=8
20:46:22 [INFO] [PROG] s*=0.09/5.28 (1.7%) dist_goal=4.98
20:46:22 [INFO] [MPC] state=(-1.85,+4.97,+0.42) wp0=(-1.78,+4.95) v=+0.200 ω=+1.060 ok=True iters=8
20:46:22 [INFO] [PROG] s*=0.10/5.28 (1.9%) dist_goal=4.97
20:46:22 [INFO] [MPC] state=(-1.83,+4.98,+0.48) wp0=(-1.77,+4.95) v=+0.200 ω=+1.019 ok=True iters=8
20:46:22 [INFO] [PROG] s*=0.12/5.28 (2.2%) dist_goal=4.95
20:46:22 [INFO] [MPC] state=(-1.82,+4.99,+0.54) wp0=(-1.75,+4.95) v=+0.200 ω=+0.747 ok=True iters=8
20:46:22 [INFO] [PROG] s*=0.13/5.28 (2.5%) dist_goal=4.94
20:46:22 [INFO] [MPC] state=(-1.80,+5.00,+0.58) wp0=(-1.74,+4.96) v=+0.200 ω=+0.690 ok=True iters=8
20:46:22 [INFO] [PROG] s*=0.20/5.28 (3.8%) dist_goal=4.92
20:46:22 [INFO] [MPC] state=(-1.79,+5.01,+0.62) wp0=(-1.69,+5.01) v=+0.200 ω=+0.476 ok=True iters=8
20:46:22 [INFO] [PROG] s*=0.22/5.28 (4.2%) dist_goal=4.91
20:46:22 [INFO] [MPC] state=(-1.77,+5.02,+0.65) wp0=(-1.68,+5.02) v=+0.200 ω=+0.382 ok=True iters=7
20:46:22 [INFO] [PROG] s*=0.24/5.28 (4.6%) dist_goal=4.89
20:46:22 [INFO] [MPC] state=(-1.76,+5.03,+0.67) wp0=(-1.66,+5.04) v=+0.200 ω=+0.234 ok=True iters=7
20:46:22 [INFO] [PROG] s*=0.26/5.28 (4.9%) dist_goal=4.88
20:46:22 [INFO] [MPC] state=(-1.74,+5.04,+0.69) wp0=(-1.65,+5.05) v=+0.200 ω=+0.135 ok=True iters=7
20:46:22 [INFO] [PROG] s*=0.28/5.28 (5.3%) dist_goal=4.86
20:46:22 [INFO] [MPC] state=(-1.73,+5.06,+0.70) wp0=(-1.64,+5.06) v=+0.200 ω=+0.118 ok=True iters=7
20:46:22 [INFO] [PROG] s*=0.30/5.28 (5.7%) dist_goal=4.85
20:46:22 [INFO] [MPC] state=(-1.71,+5.07,+0.71) wp0=(-1.62,+5.08) v=+0.200 ω=-0.373 ok=True iters=7
20:46:22 [INFO] [PROG] s*=0.32/5.28 (6.0%) dist_goal=4.83
20:46:22 [INFO] [MPC] state=(-1.70,+5.08,+0.69) wp0=(-1.61,+5.09) v=+0.200 ω=-0.935 ok=True iters=7
20:46:22 [INFO] [PROG] s*=0.33/5.28 (6.3%) dist_goal=4.82
20:46:22 [INFO] [MPC] state=(-1.68,+5.09,+0.63) wp0=(-1.60,+5.10) v=+0.200 ω=-1.148 ok=True iters=9
20:46:22 [INFO] [PROG] s*=0.35/5.28 (6.7%) dist_goal=4.81
20:46:22 [INFO] [MPC] state=(-1.67,+5.10,+0.57) wp0=(-1.59,+5.11) v=+0.200 ω=-1.007 ok=True iters=9
20:46:22 [INFO] [PROG] s*=0.36/5.28 (6.8%) dist_goal=4.80
20:46:22 [INFO] [MPC] state=(-1.65,+5.11,+0.52) wp0=(-1.58,+5.12) v=+0.030 ω=-1.369 ok=True iters=10
20:46:22 [INFO] [PROG] s*=0.37/5.28 (7.0%) dist_goal=4.79
20:46:22 [INFO] [MPC] state=(-1.65,+5.11,+0.39) wp0=(-1.57,+5.13) v=+0.200 ω=-0.487 ok=True iters=10
20:46:22 [INFO] [PROG] s*=0.39/5.28 (7.3%) dist_goal=4.77
20:46:22 [INFO] [MPC] state=(-1.64,+5.12,+0.33) wp0=(-1.56,+5.14) v=+0.200 ω=-0.453 ok=True iters=10
20:46:22 [INFO] [PROG] s*=0.39/5.28 (7.4%) dist_goal=4.76
20:46:22 [INFO] [MPC] state=(-1.62,+5.13,+0.30) wp0=(-1.56,+5.14) v=+0.030 ω=-0.848 ok=True iters=10
20:46:22 [INFO] [PROG] s*=0.40/5.28 (7.5%) dist_goal=4.76
20:46:22 [INFO] [MPC] state=(-1.61,+5.13,+0.24) wp0=(-1.55,+5.15) v=+0.030 ω=-0.530 ok=True iters=9
20:46:22 [INFO] [PROG] s*=0.40/5.28 (7.5%) dist_goal=4.76
20:46:22 [INFO] [MPC] state=(-1.61,+5.13,+0.18) wp0=(-1.55,+5.15) v=+0.030 ω=-0.271 ok=True iters=12
20:46:22 [INFO] [PROG] s*=0.40/5.28 (7.6%) dist_goal=4.75
20:46:22 [INFO] [MPC] state=(-1.61,+5.13,+0.15) wp0=(-1.55,+5.15) v=+0.030 ω=-0.148 ok=True iters=10
20:46:22 [INFO] [PROG] s*=0.40/5.28 (7.6%) dist_goal=4.75
20:46:22 [INFO] [MPC] state=(-1.60,+5.13,+0.14) wp0=(-1.55,+5.15) v=+0.030 ω=-0.211 ok=True iters=10
20:46:22 [INFO] [PROG] s*=0.41/5.28 (7.7%) dist_goal=4.75
20:46:22 [INFO] [MPC] state=(-1.60,+5.13,+0.12) wp0=(-1.55,+5.15) v=+0.030 ω=-0.153 ok=True iters=10
20:46:22 [INFO] [PROG] s*=0.41/5.28 (7.7%) dist_goal=4.74
20:46:22 [INFO] [MPC] state=(-1.60,+5.13,+0.10) wp0=(-1.54,+5.15) v=+0.030 ω=-0.121 ok=True iters=14
20:46:22 [INFO] [PROG] s*=0.41/5.28 (7.8%) dist_goal=4.74
20:46:22 [INFO] [MPC] state=(-1.59,+5.13,+0.09) wp0=(-1.54,+5.15) v=+0.030 ω=-0.089 ok=True iters=10
20:46:22 [INFO] [PROG] s*=0.41/5.28 (7.8%) dist_goal=4.74
20:46:22 [INFO] [MPC] state=(-1.59,+5.13,+0.08) wp0=(-1.54,+5.15) v=+0.030 ω=-0.065 ok=True iters=9
20:46:22 [INFO] [PROG] s*=0.41/5.28 (7.8%) dist_goal=4.74
20:46:22 [INFO] [MPC] state=(-1.59,+5.13,+0.07) wp0=(-1.54,+5.15) v=+0.030 ω=-0.051 ok=True iters=9
20:46:22 [INFO] [PROG] s*=0.42/5.28 (7.9%) dist_goal=4.73
20:46:22 [INFO] [MPC] state=(-1.58,+5.13,+0.07) wp0=(-1.54,+5.15) v=+0.030 ω=-0.040 ok=True iters=9
20:46:22 [INFO] [PROG] s*=0.42/5.28 (7.9%) dist_goal=4.73
20:46:22 [INFO] [MPC] state=(-1.58,+5.13,+0.07) wp0=(-1.53,+5.15) v=+0.030 ω=-0.034 ok=True iters=9
20:46:22 [INFO] [PROG] s*=0.42/5.28 (8.0%) dist_goal=4.73
20:46:22 [INFO] [MPC] state=(-1.58,+5.13,+0.06) wp0=(-1.53,+5.15) v=+0.030 ω=-0.030 ok=True iters=10
20:46:22 [INFO] [PROG] s*=0.42/5.28 (8.0%) dist_goal=4.72
20:46:22 [INFO] [MPC] state=(-1.58,+5.13,+0.06) wp0=(-1.53,+5.15) v=+0.030 ω=-0.022 ok=True iters=11
20:46:22 [INFO] [PROG] s*=0.43/5.28 (8.0%) dist_goal=4.72
20:46:22 [INFO] [MPC] state=(-1.57,+5.13,+0.06) wp0=(-1.53,+5.15) v=+0.030 ω=-0.011 ok=True iters=12
20:46:22 [INFO] [PROG] s*=0.43/5.28 (8.1%) dist_goal=4.72
20:46:22 [INFO] [MPC] state=(-1.57,+5.13,+0.06) wp0=(-1.53,+5.15) v=+0.030 ω=-0.009 ok=True iters=10
20:46:22 [INFO] [PROG] s*=0.43/5.28 (8.1%) dist_goal=4.72
20:46:22 [INFO] [MPC] state=(-1.57,+5.13,+0.06) wp0=(-1.52,+5.15) v=+0.030 ω=-0.009 ok=True iters=9
20:46:22 [INFO] [PROG] s*=0.43/5.28 (8.2%) dist_goal=4.71
20:46:22 [INFO] [MPC] state=(-1.56,+5.13,+0.06) wp0=(-1.52,+5.15) v=+0.030 ω=+0.023 ok=True iters=11
20:46:22 [INFO] [PROG] s*=0.43/5.28 (8.2%) dist_goal=4.71
20:46:22 [INFO] [MPC] state=(-1.56,+5.13,+0.06) wp0=(-1.52,+5.15) v=+0.030 ω=+0.015 ok=True iters=12
20:46:22 [INFO] [PROG] s*=0.44/5.28 (8.3%) dist_goal=4.71
20:46:22 [INFO] [MPC] state=(-1.56,+5.13,+0.06) wp0=(-1.52,+5.15) v=+0.030 ω=+0.016 ok=True iters=11
20:46:22 [INFO] [PROG] s*=0.44/5.28 (8.3%) dist_goal=4.70
20:46:22 [INFO] [MPC] state=(-1.56,+5.13,+0.06) wp0=(-1.51,+5.15) v=+0.030 ω=+0.018 ok=True iters=12
20:46:22 [INFO] [PROG] s*=0.44/5.28 (8.3%) dist_goal=4.70
20:46:22 [INFO] [MPC] state=(-1.55,+5.13,+0.06) wp0=(-1.51,+5.15) v=+0.030 ω=+0.017 ok=True iters=12
20:46:22 [INFO] [PROG] s*=0.44/5.28 (8.4%) dist_goal=4.70
20:46:22 [INFO] [MPC] state=(-1.55,+5.13,+0.07) wp0=(-1.51,+5.15) v=+0.030 ω=+0.015 ok=True iters=10
20:46:22 [INFO] [PROG] s*=0.44/5.28 (8.4%) dist_goal=4.70
20:46:22 [INFO] [MPC] state=(-1.55,+5.13,+0.07) wp0=(-1.51,+5.15) v=+0.030 ω=+0.014 ok=True iters=9
20:46:22 [INFO] [PROG] s*=0.46/5.28 (8.7%) dist_goal=4.69
20:46:22 [INFO] [MPC] state=(-1.55,+5.13,+0.07) wp0=(-1.49,+5.15) v=+0.030 ω=+0.012 ok=True iters=8
20:46:22 [INFO] [PROG] s*=0.46/5.28 (8.8%) dist_goal=4.69
20:46:22 [INFO] [MPC] state=(-1.54,+5.13,+0.07) wp0=(-1.49,+5.15) v=+0.030 ω=+0.024 ok=True iters=9
20:46:22 [INFO] [PROG] s*=0.47/5.28 (8.8%) dist_goal=4.69
20:46:22 [INFO] [MPC] state=(-1.54,+5.13,+0.07) wp0=(-1.49,+5.15) v=+0.030 ω=+0.018 ok=True iters=8
20:46:22 [INFO] [PROG] s*=0.47/5.28 (8.9%) dist_goal=4.68
20:46:22 [INFO] [MPC] state=(-1.54,+5.13,+0.08) wp0=(-1.48,+5.15) v=+0.030 ω=+0.013 ok=True iters=8
20:46:22 [INFO] [PROG] s*=0.47/5.28 (8.9%) dist_goal=4.68
20:46:22 [INFO] [MPC] state=(-1.53,+5.13,+0.08) wp0=(-1.48,+5.15) v=+0.030 ω=+0.012 ok=True iters=10
20:46:22 [INFO] [PROG] s*=0.47/5.28 (9.0%) dist_goal=4.68
20:46:22 [INFO] [MPC] state=(-1.53,+5.13,+0.08) wp0=(-1.48,+5.15) v=+0.030 ω=+0.010 ok=True iters=10
20:46:22 [INFO] [PROG] s*=0.48/5.28 (9.0%) dist_goal=4.68
20:46:22 [INFO] [MPC] state=(-1.53,+5.13,+0.08) wp0=(-1.48,+5.15) v=+0.030 ω=+0.010 ok=True iters=10
20:46:22 [INFO] [PROG] s*=0.48/5.28 (9.1%) dist_goal=4.67
20:46:22 [INFO] [MPC] state=(-1.53,+5.13,+0.08) wp0=(-1.47,+5.15) v=+0.030 ω=+0.009 ok=True iters=11
20:46:22 [INFO] [PROG] s*=0.48/5.28 (9.1%) dist_goal=4.67
20:46:22 [INFO] [MPC] state=(-1.52,+5.14,+0.08) wp0=(-1.47,+5.15) v=+0.030 ω=+0.009 ok=True iters=11
20:46:22 [INFO] [PROG] s*=0.49/5.28 (9.2%) dist_goal=4.67
20:46:22 [INFO] [MPC] state=(-1.52,+5.14,+0.08) wp0=(-1.47,+5.15) v=+0.030 ω=+0.010 ok=True iters=12
20:46:22 [INFO] [PROG] s*=0.49/5.28 (9.3%) dist_goal=4.66
20:46:22 [INFO] [MPC] state=(-1.52,+5.14,+0.08) wp0=(-1.46,+5.15) v=+0.030 ω=+0.010 ok=True iters=13
20:46:22 [INFO] [PROG] s*=0.49/5.28 (9.3%) dist_goal=4.66
20:46:22 [INFO] [MPC] state=(-1.51,+5.14,+0.08) wp0=(-1.46,+5.15) v=+0.030 ω=+1.548 ok=True iters=9
20:46:22 [INFO] [PROG] s*=0.49/5.28 (9.3%) dist_goal=4.66
20:46:22 [INFO] [MPC] state=(-1.51,+5.14,+0.22) wp0=(-1.46,+5.15) v=+0.030 ω=+1.431 ok=True iters=10
20:46:22 [INFO] [PROG] s*=0.50/5.28 (9.5%) dist_goal=4.65
20:46:22 [INFO] [MPC] state=(-1.51,+5.14,+0.36) wp0=(-1.45,+5.15) v=+0.200 ω=+0.847 ok=True iters=8
20:46:22 [INFO] [PROG] s*=0.52/5.28 (9.8%) dist_goal=4.63
20:46:22 [INFO] [MPC] state=(-1.50,+5.14,+0.43) wp0=(-1.43,+5.15) v=+0.200 ω=+0.493 ok=True iters=8
20:46:22 [INFO] [PROG] s*=0.54/5.28 (10.2%) dist_goal=4.62
20:46:22 [INFO] [MPC] state=(-1.48,+5.15,+0.46) wp0=(-1.42,+5.15) v=+0.200 ω=+0.379 ok=True iters=8
20:46:22 [INFO] [PROG] s*=0.55/5.28 (10.5%) dist_goal=4.60
20:46:22 [INFO] [MPC] state=(-1.47,+5.16,+0.48) wp0=(-1.40,+5.15) v=+0.200 ω=+0.092 ok=True iters=7
20:46:22 [INFO] [PROG] s*=0.57/5.28 (10.8%) dist_goal=4.58
20:46:22 [INFO] [MPC] state=(-1.45,+5.17,+0.49) wp0=(-1.38,+5.15) v=+0.200 ω=-0.004 ok=True iters=7
20:46:22 [INFO] [PROG] s*=0.59/5.28 (11.2%) dist_goal=4.56
20:46:22 [INFO] [MPC] state=(-1.43,+5.18,+0.49) wp0=(-1.36,+5.15) v=+0.200 ω=-0.099 ok=True iters=7
20:46:22 [INFO] [PROG] s*=0.61/5.28 (11.5%) dist_goal=4.55
20:46:22 [INFO] [MPC] state=(-1.41,+5.19,+0.48) wp0=(-1.34,+5.15) v=+0.200 ω=-0.221 ok=True iters=7
20:46:22 [INFO] [PROG] s*=0.63/5.28 (11.8%) dist_goal=4.53
20:46:22 [INFO] [MPC] state=(-1.39,+5.20,+0.47) wp0=(-1.33,+5.15) v=+0.200 ω=-0.408 ok=True iters=7
20:46:22 [INFO] [PROG] s*=0.64/5.28 (12.2%) dist_goal=4.51
20:46:22 [INFO] [MPC] state=(-1.38,+5.21,+0.44) wp0=(-1.31,+5.15) v=+0.200 ω=-0.363 ok=True iters=7
20:46:22 [INFO] [PROG] s*=0.66/5.28 (12.5%) dist_goal=4.50
20:46:22 [INFO] [MPC] state=(-1.36,+5.21,+0.42) wp0=(-1.29,+5.15) v=+0.200 ω=-0.439 ok=True iters=7
20:46:22 [INFO] [PROG] s*=0.68/5.28 (12.8%) dist_goal=4.48
20:46:22 [INFO] [MPC] state=(-1.34,+5.22,+0.39) wp0=(-1.27,+5.15) v=+0.200 ω=-0.491 ok=True iters=7
20:46:22 [INFO] [PROG] s*=0.70/5.28 (13.2%) dist_goal=4.46
20:46:22 [INFO] [MPC] state=(-1.32,+5.23,+0.36) wp0=(-1.26,+5.15) v=+0.200 ω=-0.523 ok=True iters=7
20:46:22 [INFO] [PROG] s*=0.72/5.28 (13.5%) dist_goal=4.44
20:46:22 [INFO] [MPC] state=(-1.31,+5.24,+0.33) wp0=(-1.24,+5.15) v=+0.200 ω=-0.073 ok=True iters=7
20:46:22 [INFO] [PROG] s*=0.73/5.28 (13.9%) dist_goal=4.42
20:46:22 [INFO] [MPC] state=(-1.29,+5.24,+0.32) wp0=(-1.22,+5.15) v=+0.200 ω=-0.643 ok=True iters=7
20:46:22 [INFO] [PROG] s*=0.75/5.28 (14.2%) dist_goal=4.41
20:46:22 [INFO] [MPC] state=(-1.27,+5.25,+0.28) wp0=(-1.20,+5.15) v=+0.200 ω=-0.636 ok=True iters=7
20:46:22 [INFO] [PROG] s*=0.77/5.28 (14.6%) dist_goal=4.39
20:46:22 [INFO] [MPC] state=(-1.25,+5.25,+0.25) wp0=(-1.18,+5.15) v=+0.200 ω=-0.620 ok=True iters=7
20:46:22 [INFO] [PROG] s*=0.79/5.28 (14.9%) dist_goal=4.37
20:46:22 [INFO] [MPC] state=(-1.23,+5.26,+0.21) wp0=(-1.17,+5.15) v=+0.200 ω=-0.596 ok=True iters=7
20:46:22 [INFO] [PROG] s*=0.81/5.28 (15.3%) dist_goal=4.35
20:46:22 [INFO] [MPC] state=(-1.22,+5.26,+0.17) wp0=(-1.15,+5.15) v=+0.200 ω=-0.445 ok=True iters=7
20:46:22 [INFO] [PROG] s*=0.82/5.28 (15.6%) dist_goal=4.34
20:46:22 [INFO] [MPC] state=(-1.20,+5.26,+0.15) wp0=(-1.13,+5.15) v=+0.200 ω=-0.876 ok=True iters=7
20:46:22 [INFO] [PROG] s*=0.84/5.28 (15.9%) dist_goal=4.32
20:46:22 [INFO] [MPC] state=(-1.18,+5.27,+0.10) wp0=(-1.11,+5.15) v=+0.200 ω=-0.638 ok=True iters=7
20:46:22 [INFO] [PROG] s*=0.86/5.28 (16.3%) dist_goal=4.30
20:46:22 [INFO] [MPC] state=(-1.16,+5.27,+0.06) wp0=(-1.09,+5.15) v=+0.200 ω=-0.570 ok=True iters=7
20:46:23 [INFO] [PROG] s*=0.88/5.28 (16.6%) dist_goal=4.28
20:46:23 [INFO] [MPC] state=(-1.14,+5.27,+0.02) wp0=(-1.07,+5.15) v=+0.200 ω=-0.337 ok=True iters=7
20:46:23 [INFO] [PROG] s*=0.90/5.28 (17.0%) dist_goal=4.26
20:46:23 [INFO] [MPC] state=(-1.12,+5.27,-0.00) wp0=(-1.06,+5.15) v=+0.200 ω=-0.728 ok=True iters=7
20:46:23 [INFO] [PROG] s*=0.92/5.28 (17.3%) dist_goal=4.24
20:46:23 [INFO] [MPC] state=(-1.11,+5.27,-0.05) wp0=(-1.04,+5.15) v=+0.200 ω=-0.012 ok=True iters=7
20:46:23 [INFO] [PROG] s*=0.94/5.28 (17.7%) dist_goal=4.22
20:46:23 [INFO] [MPC] state=(-1.09,+5.27,-0.06) wp0=(-1.02,+5.15) v=+0.200 ω=+0.031 ok=True iters=7
20:46:23 [INFO] [PROG] s*=0.96/5.28 (18.1%) dist_goal=4.20
20:46:23 [INFO] [MPC] state=(-1.07,+5.26,-0.05) wp0=(-1.00,+5.15) v=+0.200 ω=+0.041 ok=True iters=7
20:46:23 [INFO] [PROG] s*=0.98/5.28 (18.5%) dist_goal=4.18
20:46:23 [INFO] [MPC] state=(-1.05,+5.26,-0.05) wp0=(-0.98,+5.15) v=+0.200 ω=+0.048 ok=True iters=7
20:46:23 [INFO] [PROG] s*=1.00/5.28 (18.9%) dist_goal=4.16
20:46:23 [INFO] [MPC] state=(-1.03,+5.26,-0.04) wp0=(-0.96,+5.15) v=+0.200 ω=+0.051 ok=True iters=7
20:46:23 [INFO] [PROG] s*=1.02/5.28 (19.3%) dist_goal=4.14
20:46:23 [INFO] [MPC] state=(-1.01,+5.26,-0.04) wp0=(-0.94,+5.15) v=+0.200 ω=+0.052 ok=True iters=7
20:46:23 [INFO] [PROG] s*=1.04/5.28 (19.6%) dist_goal=4.12
20:46:23 [INFO] [MPC] state=(-0.99,+5.26,-0.03) wp0=(-0.92,+5.15) v=+0.200 ω=+0.053 ok=True iters=7
20:46:23 [INFO] [PROG] s*=1.06/5.28 (20.0%) dist_goal=4.10
20:46:23 [INFO] [MPC] state=(-0.97,+5.26,-0.03) wp0=(-0.90,+5.15) v=+0.200 ω=+0.340 ok=True iters=7
20:46:23 [INFO] [PROG] s*=1.08/5.28 (20.4%) dist_goal=4.08
20:46:23 [INFO] [MPC] state=(-0.95,+5.26,-0.01) wp0=(-0.88,+5.15) v=+0.200 ω=+0.301 ok=True iters=7
20:46:23 [INFO] [PROG] s*=1.10/5.28 (20.7%) dist_goal=4.06
20:46:23 [INFO] [MPC] state=(-0.93,+5.26,+0.01) wp0=(-0.86,+5.15) v=+0.200 ω=+0.261 ok=True iters=7
20:46:23 [INFO] [PROG] s*=1.11/5.28 (21.1%) dist_goal=4.04
20:46:23 [INFO] [MPC] state=(-0.91,+5.26,+0.02) wp0=(-0.84,+5.15) v=+0.200 ω=+0.217 ok=True iters=7
20:46:23 [INFO] [PROG] s*=1.13/5.28 (21.5%) dist_goal=4.02
20:46:23 [INFO] [MPC] state=(-0.89,+5.26,+0.04) wp0=(-0.82,+5.15) v=+0.200 ω=+0.175 ok=True iters=7
20:46:23 [INFO] [PROG] s*=1.15/5.28 (21.8%) dist_goal=4.01
20:46:23 [INFO] [MPC] state=(-0.87,+5.26,+0.05) wp0=(-0.80,+5.15) v=+0.200 ω=-0.472 ok=True iters=7
20:46:23 [INFO] [PROG] s*=1.17/5.28 (22.2%) dist_goal=3.99
20:46:23 [INFO] [MPC] state=(-0.85,+5.26,+0.01) wp0=(-0.78,+5.15) v=+0.200 ω=-0.238 ok=True iters=7
20:46:23 [INFO] [PROG] s*=1.19/5.28 (22.6%) dist_goal=3.97
20:46:23 [INFO] [MPC] state=(-0.83,+5.26,-0.00) wp0=(-0.76,+5.15) v=+0.200 ω=-0.195 ok=True iters=7
20:46:23 [INFO] [PROG] s*=1.21/5.28 (23.0%) dist_goal=3.95
20:46:23 [INFO] [MPC] state=(-0.81,+5.26,-0.02) wp0=(-0.74,+5.15) v=+0.200 ω=-0.140 ok=True iters=7
20:46:23 [INFO] [PROG] s*=1.23/5.28 (23.3%) dist_goal=3.93
20:46:23 [INFO] [MPC] state=(-0.79,+5.26,-0.03) wp0=(-0.72,+5.15) v=+0.200 ω=+0.044 ok=True iters=7
20:46:23 [INFO] [PROG] s*=1.25/5.28 (23.7%) dist_goal=3.91
20:46:23 [INFO] [MPC] state=(-0.77,+5.26,-0.03) wp0=(-0.70,+5.15) v=+0.200 ω=+0.332 ok=True iters=7
20:46:23 [INFO] [PROG] s*=1.27/5.28 (24.1%) dist_goal=3.89
20:46:23 [INFO] [MPC] state=(-0.75,+5.26,-0.01) wp0=(-0.68,+5.15) v=+0.200 ω=+0.298 ok=True iters=7
20:46:23 [INFO] [PROG] s*=1.29/5.28 (24.4%) dist_goal=3.87
20:46:23 [INFO] [MPC] state=(-0.73,+5.26,+0.01) wp0=(-0.66,+5.15) v=+0.200 ω=+0.253 ok=True iters=7
20:46:23 [INFO] [PROG] s*=1.31/5.28 (24.8%) dist_goal=3.85
20:46:23 [INFO] [MPC] state=(-0.71,+5.26,+0.02) wp0=(-0.64,+5.15) v=+0.200 ω=+0.217 ok=True iters=7
20:46:23 [INFO] [PROG] s*=1.33/5.28 (25.2%) dist_goal=3.83
20:46:23 [INFO] [MPC] state=(-0.69,+5.26,+0.04) wp0=(-0.62,+5.15) v=+0.200 ω=+0.170 ok=True iters=7
20:46:23 [INFO] [PROG] s*=1.35/5.28 (25.5%) dist_goal=3.81
20:46:23 [INFO] [MPC] state=(-0.67,+5.26,+0.05) wp0=(-0.60,+5.15) v=+0.200 ω=-0.479 ok=True iters=7
20:46:23 [INFO] [PROG] s*=1.37/5.28 (25.9%) dist_goal=3.79
20:46:23 [INFO] [MPC] state=(-0.65,+5.26,+0.02) wp0=(-0.59,+5.15) v=+0.200 ω=-0.258 ok=True iters=7
20:46:23 [INFO] [PROG] s*=1.39/5.28 (26.3%) dist_goal=3.77
20:46:23 [INFO] [MPC] state=(-0.64,+5.26,-0.01) wp0=(-0.57,+5.15) v=+0.200 ω=-0.197 ok=True iters=7
20:46:23 [INFO] [PROG] s*=1.41/5.28 (26.6%) dist_goal=3.75
20:46:23 [INFO] [MPC] state=(-0.62,+5.26,-0.02) wp0=(-0.55,+5.15) v=+0.200 ω=-0.148 ok=True iters=7
20:46:23 [INFO] [PROG] s*=1.43/5.28 (27.0%) dist_goal=3.73
20:46:23 [INFO] [MPC] state=(-0.60,+5.26,-0.03) wp0=(-0.52,+5.15) v=+0.200 ω=+0.037 ok=True iters=7
20:46:23 [INFO] [PROG] s*=1.45/5.28 (27.4%) dist_goal=3.71
20:46:23 [INFO] [MPC] state=(-0.57,+5.26,-0.03) wp0=(-0.50,+5.15) v=+0.200 ω=+0.040 ok=True iters=7
20:46:23 [INFO] [PROG] s*=1.47/5.28 (27.8%) dist_goal=3.69
20:46:23 [INFO] [MPC] state=(-0.55,+5.26,-0.03) wp0=(-0.49,+5.15) v=+0.200 ω=+0.327 ok=True iters=7
20:46:23 [INFO] [PROG] s*=1.49/5.28 (28.1%) dist_goal=3.67
20:46:23 [INFO] [MPC] state=(-0.54,+5.26,-0.01) wp0=(-0.47,+5.15) v=+0.200 ω=-0.322 ok=True iters=7
20:46:23 [INFO] [PROG] s*=1.51/5.28 (28.5%) dist_goal=3.65
20:46:23 [INFO] [MPC] state=(-0.52,+5.26,-0.03) wp0=(-0.45,+5.15) v=+0.200 ω=-0.120 ok=True iters=7
20:46:23 [INFO] [PROG] s*=1.53/5.28 (28.9%) dist_goal=3.63
20:46:23 [INFO] [MPC] state=(-0.50,+5.26,-0.04) wp0=(-0.43,+5.15) v=+0.200 ω=-0.086 ok=True iters=7
20:46:23 [INFO] [PROG] s*=1.55/5.28 (29.3%) dist_goal=3.61
20:46:23 [INFO] [MPC] state=(-0.48,+5.26,-0.05) wp0=(-0.41,+5.15) v=+0.200 ω=-0.054 ok=True iters=7
20:46:23 [INFO] [PROG] s*=1.57/5.28 (29.6%) dist_goal=3.59
20:46:23 [INFO] [MPC] state=(-0.46,+5.26,-0.06) wp0=(-0.39,+5.15) v=+0.200 ω=-0.615 ok=True iters=7
20:46:23 [INFO] [PROG] s*=1.58/5.28 (30.0%) dist_goal=3.57
20:46:23 [INFO] [MPC] state=(-0.44,+5.26,-0.09) wp0=(-0.37,+5.15) v=+0.200 ω=-0.510 ok=True iters=7
20:46:23 [INFO] [PROG] s*=1.60/5.28 (30.4%) dist_goal=3.55
20:46:23 [INFO] [MPC] state=(-0.42,+5.25,-0.12) wp0=(-0.35,+5.15) v=+0.200 ω=-0.263 ok=True iters=7
20:46:23 [INFO] [PROG] s*=1.62/5.28 (30.7%) dist_goal=3.53
20:46:23 [INFO] [MPC] state=(-0.40,+5.25,-0.14) wp0=(-0.33,+5.15) v=+0.200 ω=-0.190 ok=True iters=7
20:46:23 [INFO] [PROG] s*=1.64/5.28 (31.1%) dist_goal=3.52
20:46:23 [INFO] [MPC] state=(-0.38,+5.25,-0.15) wp0=(-0.31,+5.15) v=+0.200 ω=-0.643 ok=True iters=7
20:46:23 [INFO] [PROG] s*=1.66/5.28 (31.4%) dist_goal=3.50
20:46:23 [INFO] [MPC] state=(-0.36,+5.25,-0.19) wp0=(-0.29,+5.15) v=+0.200 ω=-0.360 ok=True iters=7
20:46:23 [INFO] [PROG] s*=1.68/5.28 (31.8%) dist_goal=3.48
20:46:23 [INFO] [MPC] state=(-0.34,+5.24,-0.22) wp0=(-0.27,+5.15) v=+0.200 ω=-0.259 ok=True iters=7
20:46:23 [INFO] [PROG] s*=1.70/5.28 (32.2%) dist_goal=3.46
20:46:23 [INFO] [MPC] state=(-0.32,+5.24,-0.23) wp0=(-0.25,+5.15) v=+0.200 ω=-0.174 ok=True iters=7
20:46:23 [INFO] [PROG] s*=1.72/5.28 (32.5%) dist_goal=3.44
20:46:23 [INFO] [MPC] state=(-0.30,+5.23,-0.25) wp0=(-0.23,+5.15) v=+0.200 ω=-0.138 ok=True iters=7
20:46:23 [INFO] [PROG] s*=1.74/5.28 (32.9%) dist_goal=3.42
20:46:23 [INFO] [MPC] state=(-0.28,+5.23,-0.26) wp0=(-0.21,+5.15) v=+0.200 ω=-0.119 ok=True iters=7
20:46:23 [INFO] [PROG] s*=1.76/5.28 (33.2%) dist_goal=3.40
20:46:23 [INFO] [MPC] state=(-0.26,+5.22,-0.27) wp0=(-0.20,+5.15) v=+0.200 ω=+0.550 ok=True iters=7
20:46:23 [INFO] [PROG] s*=1.78/5.28 (33.6%) dist_goal=3.38
20:46:23 [INFO] [MPC] state=(-0.25,+5.22,-0.24) wp0=(-0.18,+5.15) v=+0.200 ω=+0.316 ok=True iters=7
20:46:23 [INFO] [PROG] s*=1.79/5.28 (33.9%) dist_goal=3.36
20:46:23 [INFO] [MPC] state=(-0.23,+5.21,-0.21) wp0=(-0.16,+5.15) v=+0.200 ω=+0.583 ok=True iters=7
20:46:23 [INFO] [PROG] s*=1.81/5.28 (34.3%) dist_goal=3.34
20:46:23 [INFO] [MPC] state=(-0.21,+5.21,-0.18) wp0=(-0.14,+5.15) v=+0.200 ω=+0.324 ok=True iters=7
20:46:23 [INFO] [PROG] s*=1.83/5.28 (34.6%) dist_goal=3.33
20:46:23 [INFO] [MPC] state=(-0.19,+5.21,-0.16) wp0=(-0.12,+5.15) v=+0.200 ω=+0.609 ok=True iters=7
20:46:23 [INFO] [PROG] s*=1.85/5.28 (34.9%) dist_goal=3.31
20:46:23 [INFO] [MPC] state=(-0.17,+5.20,-0.12) wp0=(-0.11,+5.15) v=+0.200 ω=+0.847 ok=True iters=7
20:46:23 [INFO] [PROG] s*=1.86/5.28 (35.2%) dist_goal=3.29
20:46:23 [INFO] [MPC] state=(-0.16,+5.20,-0.08) wp0=(-0.09,+5.15) v=+0.200 ω=+0.967 ok=True iters=7
20:46:23 [INFO] [PROG] s*=1.88/5.28 (35.5%) dist_goal=3.28
20:46:23 [INFO] [MPC] state=(-0.14,+5.20,-0.03) wp0=(-0.08,+5.15) v=+0.200 ω=+1.067 ok=True iters=7
20:46:23 [INFO] [PROG] s*=1.90/5.28 (35.9%) dist_goal=3.26
20:46:23 [INFO] [MPC] state=(-0.13,+5.20,+0.03) wp0=(-0.06,+5.15) v=+0.200 ω=+0.547 ok=True iters=7
20:46:23 [INFO] [PROG] s*=1.91/5.28 (36.2%) dist_goal=3.24
20:46:23 [INFO] [MPC] state=(-0.11,+5.20,+0.06) wp0=(-0.04,+5.15) v=+0.200 ω=+0.786 ok=True iters=8
20:46:23 [INFO] [PROG] s*=1.93/5.28 (36.5%) dist_goal=3.23
20:46:23 [INFO] [MPC] state=(-0.09,+5.20,+0.10) wp0=(-0.02,+5.15) v=+0.200 ω=+0.718 ok=True iters=8
20:46:23 [INFO] [PROG] s*=1.95/5.28 (36.9%) dist_goal=3.21
20:46:23 [INFO] [MPC] state=(-0.07,+5.20,+0.14) wp0=(-0.01,+5.15) v=+0.200 ω=+0.460 ok=True iters=7
20:46:23 [INFO] [PROG] s*=1.97/5.28 (37.2%) dist_goal=3.19
20:46:23 [INFO] [MPC] state=(-0.06,+5.21,+0.17) wp0=(+0.01,+5.15) v=+0.200 ω=+0.319 ok=True iters=7
20:46:23 [INFO] [PROG] s*=1.98/5.28 (37.5%) dist_goal=3.17
20:46:23 [INFO] [MPC] state=(-0.04,+5.21,+0.19) wp0=(+0.03,+5.15) v=+0.200 ω=+0.700 ok=True iters=7
20:46:23 [INFO] [PROG] s*=2.00/5.28 (37.9%) dist_goal=3.15
20:46:23 [INFO] [MPC] state=(-0.02,+5.21,+0.23) wp0=(+0.05,+5.15) v=+0.200 ω=+0.228 ok=True iters=7
20:46:23 [INFO] [PROG] s*=2.02/5.28 (38.3%) dist_goal=3.14
20:46:23 [INFO] [MPC] state=(-0.00,+5.22,+0.25) wp0=(+0.07,+5.15) v=+0.200 ω=+0.211 ok=True iters=7
20:46:23 [INFO] [PROG] s*=2.04/5.28 (38.6%) dist_goal=3.12
20:46:23 [INFO] [MPC] state=(+0.02,+5.22,+0.26) wp0=(+0.09,+5.15) v=+0.200 ω=+0.513 ok=True iters=7
20:46:23 [INFO] [PROG] s*=2.06/5.28 (39.0%) dist_goal=3.10
20:46:23 [INFO] [MPC] state=(+0.04,+5.23,+0.29) wp0=(+0.11,+5.15) v=+0.200 ω=-0.220 ok=True iters=7
20:46:23 [INFO] [PROG] s*=2.08/5.28 (39.3%) dist_goal=3.08
20:46:23 [INFO] [MPC] state=(+0.06,+5.24,+0.28) wp0=(+0.12,+5.15) v=+0.200 ω=-0.277 ok=True iters=7
20:46:23 [INFO] [PROG] s*=2.10/5.28 (39.7%) dist_goal=3.06
20:46:23 [INFO] [MPC] state=(+0.07,+5.24,+0.26) wp0=(+0.14,+5.15) v=+0.200 ω=+0.129 ok=True iters=7
20:46:23 [INFO] [PROG] s*=2.11/5.28 (40.0%) dist_goal=3.04
20:46:23 [INFO] [MPC] state=(+0.09,+5.25,+0.27) wp0=(+0.16,+5.15) v=+0.200 ω=-0.576 ok=True iters=7
20:46:23 [INFO] [PROG] s*=2.13/5.28 (40.4%) dist_goal=3.03
20:46:23 [INFO] [MPC] state=(+0.11,+5.25,+0.24) wp0=(+0.18,+5.15) v=+0.200 ω=-0.566 ok=True iters=7
20:46:23 [INFO] [PROG] s*=2.15/5.28 (40.7%) dist_goal=3.01
20:46:23 [INFO] [MPC] state=(+0.13,+5.25,+0.20) wp0=(+0.20,+5.15) v=+0.200 ω=-0.427 ok=True iters=7
20:46:23 [INFO] [PROG] s*=2.17/5.28 (41.1%) dist_goal=2.99
20:46:23 [INFO] [MPC] state=(+0.15,+5.26,+0.18) wp0=(+0.22,+5.15) v=+0.200 ω=-0.421 ok=True iters=7
20:46:23 [INFO] [PROG] s*=2.19/5.28 (41.4%) dist_goal=2.97
20:46:23 [INFO] [MPC] state=(+0.17,+5.26,+0.15) wp0=(+0.24,+5.15) v=+0.200 ω=-0.410 ok=True iters=7
20:46:23 [INFO] [PROG] s*=2.21/5.28 (41.8%) dist_goal=2.95
20:46:23 [INFO] [MPC] state=(+0.19,+5.26,+0.12) wp0=(+0.25,+5.15) v=+0.200 ω=-0.680 ok=True iters=7
20:46:23 [INFO] [PROG] s*=2.23/5.28 (42.1%) dist_goal=2.93
20:46:23 [INFO] [MPC] state=(+0.20,+5.27,+0.08) wp0=(+0.27,+5.15) v=+0.200 ω=-0.620 ok=True iters=7
20:46:23 [INFO] [PROG] s*=2.24/5.28 (42.5%) dist_goal=2.92
20:46:23 [INFO] [MPC] state=(+0.22,+5.27,+0.05) wp0=(+0.29,+5.15) v=+0.200 ω=-0.551 ok=True iters=7
20:46:23 [INFO] [PROG] s*=2.26/5.28 (42.8%) dist_goal=2.90
20:46:23 [INFO] [MPC] state=(+0.24,+5.27,+0.01) wp0=(+0.31,+5.15) v=+0.200 ω=-0.761 ok=True iters=7
20:46:23 [INFO] [PROG] s*=2.28/5.28 (43.2%) dist_goal=2.88
20:46:23 [INFO] [MPC] state=(+0.26,+5.27,-0.04) wp0=(+0.33,+5.15) v=+0.200 ω=-0.026 ok=True iters=7
20:46:23 [INFO] [PROG] s*=2.30/5.28 (43.6%) dist_goal=2.86
20:46:23 [INFO] [MPC] state=(+0.28,+5.27,-0.06) wp0=(+0.35,+5.15) v=+0.200 ω=+0.022 ok=True iters=7
20:46:23 [INFO] [PROG] s*=2.32/5.28 (43.9%) dist_goal=2.84
20:46:23 [INFO] [MPC] state=(+0.30,+5.27,-0.05) wp0=(+0.37,+5.15) v=+0.200 ω=+0.034 ok=True iters=7
20:46:23 [INFO] [PROG] s*=2.34/5.28 (44.3%) dist_goal=2.82
20:46:23 [INFO] [MPC] state=(+0.32,+5.26,-0.05) wp0=(+0.39,+5.15) v=+0.200 ω=+0.042 ok=True iters=7
20:46:23 [INFO] [PROG] s*=2.36/5.28 (44.7%) dist_goal=2.80
20:46:23 [INFO] [MPC] state=(+0.34,+5.26,-0.05) wp0=(+0.41,+5.15) v=+0.200 ω=+0.047 ok=True iters=7
20:46:23 [INFO] [PROG] s*=2.38/5.28 (45.1%) dist_goal=2.78
20:46:23 [INFO] [MPC] state=(+0.36,+5.26,-0.04) wp0=(+0.43,+5.15) v=+0.200 ω=+0.049 ok=True iters=7
20:46:23 [INFO] [PROG] s*=2.40/5.28 (45.5%) dist_goal=2.76
20:46:23 [INFO] [MPC] state=(+0.38,+5.26,-0.04) wp0=(+0.45,+5.15) v=+0.200 ω=+0.050 ok=True iters=7
20:46:23 [INFO] [PROG] s*=2.42/5.28 (45.8%) dist_goal=2.74
20:46:23 [INFO] [MPC] state=(+0.40,+5.26,-0.03) wp0=(+0.47,+5.15) v=+0.200 ω=+0.338 ok=True iters=7
20:46:23 [INFO] [PROG] s*=2.44/5.28 (46.2%) dist_goal=2.72
20:46:23 [INFO] [MPC] state=(+0.42,+5.26,-0.01) wp0=(+0.49,+5.15) v=+0.200 ω=+0.297 ok=True iters=7
20:46:23 [INFO] [PROG] s*=2.46/5.28 (46.6%) dist_goal=2.70
20:46:23 [INFO] [MPC] state=(+0.44,+5.26,+0.01) wp0=(+0.51,+5.15) v=+0.200 ω=+0.259 ok=True iters=7
20:46:23 [INFO] [PROG] s*=2.48/5.28 (46.9%) dist_goal=2.68
20:46:23 [INFO] [MPC] state=(+0.46,+5.26,+0.02) wp0=(+0.53,+5.15) v=+0.200 ω=+0.215 ok=True iters=7
20:46:23 [INFO] [PROG] s*=2.50/5.28 (47.3%) dist_goal=2.66
20:46:23 [INFO] [MPC] state=(+0.48,+5.26,+0.04) wp0=(+0.55,+5.15) v=+0.200 ω=+0.174 ok=True iters=7
20:46:23 [INFO] [PROG] s*=2.52/5.28 (47.7%) dist_goal=2.64
20:46:23 [INFO] [MPC] state=(+0.50,+5.26,+0.05) wp0=(+0.56,+5.15) v=+0.200 ω=-0.474 ok=True iters=7
20:46:23 [INFO] [PROG] s*=2.54/5.28 (48.0%) dist_goal=2.62
20:46:23 [INFO] [MPC] state=(+0.51,+5.26,+0.01) wp0=(+0.58,+5.15) v=+0.200 ω=-0.242 ok=True iters=7
20:46:23 [INFO] [PROG] s*=2.56/5.28 (48.4%) dist_goal=2.60
20:46:23 [INFO] [MPC] state=(+0.53,+5.26,-0.00) wp0=(+0.60,+5.15) v=+0.200 ω=-0.198 ok=True iters=7
20:46:23 [INFO] [PROG] s*=2.58/5.28 (48.8%) dist_goal=2.58
20:46:23 [INFO] [MPC] state=(+0.55,+5.26,-0.02) wp0=(+0.62,+5.15) v=+0.200 ω=-0.145 ok=True iters=7
20:46:23 [INFO] [PROG] s*=2.60/5.28 (49.2%) dist_goal=2.56
20:46:23 [INFO] [MPC] state=(+0.57,+5.26,-0.03) wp0=(+0.64,+5.15) v=+0.200 ω=+0.042 ok=True iters=7
20:46:23 [INFO] [PROG] s*=2.62/5.28 (49.5%) dist_goal=2.55
20:46:23 [INFO] [MPC] state=(+0.59,+5.26,-0.03) wp0=(+0.66,+5.15) v=+0.200 ω=+0.332 ok=True iters=7
20:46:23 [INFO] [PROG] s*=2.64/5.28 (49.9%) dist_goal=2.53
20:46:23 [INFO] [MPC] state=(+0.61,+5.26,-0.01) wp0=(+0.68,+5.15) v=+0.200 ω=+0.297 ok=True iters=7
20:46:23 [INFO] [PROG] s*=2.66/5.28 (50.3%) dist_goal=2.51
20:46:23 [INFO] [MPC] state=(+0.63,+5.26,+0.01) wp0=(+0.70,+5.15) v=+0.200 ω=+0.251 ok=True iters=7
20:46:23 [INFO] [PROG] s*=2.67/5.28 (50.6%) dist_goal=2.49
20:46:23 [INFO] [MPC] state=(+0.65,+5.26,+0.02) wp0=(+0.72,+5.15) v=+0.200 ω=+0.215 ok=True iters=7
20:46:23 [INFO] [PROG] s*=2.69/5.28 (51.0%) dist_goal=2.47
20:46:23 [INFO] [MPC] state=(+0.67,+5.26,+0.04) wp0=(+0.74,+5.15) v=+0.200 ω=-0.440 ok=True iters=7
20:46:23 [INFO] [PROG] s*=2.71/5.28 (51.4%) dist_goal=2.45
20:46:23 [INFO] [MPC] state=(+0.69,+5.26,+0.01) wp0=(+0.76,+5.15) v=+0.200 ω=+0.230 ok=True iters=7
20:46:23 [INFO] [PROG] s*=2.73/5.28 (51.7%) dist_goal=2.43
20:46:23 [INFO] [MPC] state=(+0.71,+5.26,+0.02) wp0=(+0.78,+5.15) v=+0.200 ω=+0.193 ok=True iters=7
20:46:23 [INFO] [PROG] s*=2.75/5.28 (52.1%) dist_goal=2.41
20:46:23 [INFO] [MPC] state=(+0.73,+5.26,+0.04) wp0=(+0.80,+5.15) v=+0.200 ω=-0.458 ok=True iters=7
20:46:23 [INFO] [PROG] s*=2.77/5.28 (52.5%) dist_goal=2.39
20:46:23 [INFO] [MPC] state=(+0.75,+5.26,+0.01) wp0=(+0.82,+5.15) v=+0.200 ω=-0.231 ok=True iters=7
20:46:23 [INFO] [PROG] s*=2.79/5.28 (52.8%) dist_goal=2.37
20:46:23 [INFO] [MPC] state=(+0.77,+5.26,-0.01) wp0=(+0.84,+5.15) v=+0.200 ω=-0.177 ok=True iters=7
20:46:23 [INFO] [PROG] s*=2.81/5.28 (53.2%) dist_goal=2.35
20:46:23 [INFO] [MPC] state=(+0.79,+5.26,-0.03) wp0=(+0.86,+5.15) v=+0.200 ω=+0.011 ok=True iters=7
20:46:23 [INFO] [PROG] s*=2.83/5.28 (53.6%) dist_goal=2.33
20:46:23 [INFO] [MPC] state=(+0.81,+5.26,-0.03) wp0=(+0.88,+5.15) v=+0.200 ω=+0.018 ok=True iters=7
20:46:23 [INFO] [PROG] s*=2.85/5.28 (54.0%) dist_goal=2.31
20:46:23 [INFO] [MPC] state=(+0.83,+5.26,-0.02) wp0=(+0.90,+5.15) v=+0.200 ω=-0.299 ok=True iters=7
20:46:23 [INFO] [PROG] s*=2.87/5.28 (54.4%) dist_goal=2.29
20:46:23 [INFO] [MPC] state=(+0.85,+5.26,-0.05) wp0=(+0.92,+5.15) v=+0.200 ω=-0.100 ok=True iters=7
20:46:23 [INFO] [PROG] s*=2.89/5.28 (54.7%) dist_goal=2.27
20:46:23 [INFO] [MPC] state=(+0.87,+5.26,-0.06) wp0=(+0.94,+5.15) v=+0.200 ω=-0.064 ok=True iters=7
20:46:23 [INFO] [PROG] s*=2.91/5.28 (55.1%) dist_goal=2.25
20:46:23 [INFO] [MPC] state=(+0.89,+5.26,-0.06) wp0=(+0.96,+5.15) v=+0.200 ω=-0.619 ok=True iters=7
20:46:23 [INFO] [PROG] s*=2.93/5.28 (55.4%) dist_goal=2.23
20:46:23 [INFO] [MPC] state=(+0.91,+5.26,-0.10) wp0=(+0.98,+5.15) v=+0.200 ω=-0.514 ok=True iters=7
20:46:23 [INFO] [PROG] s*=2.95/5.28 (55.8%) dist_goal=2.21
20:46:23 [INFO] [MPC] state=(+0.93,+5.26,-0.13) wp0=(+1.00,+5.15) v=+0.200 ω=-0.267 ok=True iters=7
20:46:23 [INFO] [PROG] s*=2.97/5.28 (56.2%) dist_goal=2.19
20:46:23 [INFO] [MPC] state=(+0.95,+5.25,-0.15) wp0=(+1.02,+5.15) v=+0.200 ω=-0.190 ok=True iters=7
20:46:23 [INFO] [PROG] s*=2.99/5.28 (56.6%) dist_goal=2.17
20:46:23 [INFO] [MPC] state=(+0.97,+5.25,-0.16) wp0=(+1.03,+5.15) v=+0.200 ω=-0.199 ok=True iters=7
20:46:23 [INFO] [PROG] s*=3.01/5.28 (56.9%) dist_goal=2.16
20:46:23 [INFO] [MPC] state=(+0.98,+5.25,-0.17) wp0=(+1.05,+5.15) v=+0.200 ω=-0.560 ok=True iters=7
20:46:23 [INFO] [PROG] s*=3.03/5.28 (57.3%) dist_goal=2.14
20:46:23 [INFO] [MPC] state=(+1.00,+5.24,-0.21) wp0=(+1.07,+5.15) v=+0.200 ω=-0.288 ok=True iters=7
20:46:23 [INFO] [PROG] s*=3.04/5.28 (57.6%) dist_goal=2.12
20:46:23 [INFO] [MPC] state=(+1.02,+5.24,-0.23) wp0=(+1.09,+5.15) v=+0.200 ω=-0.192 ok=True iters=7
20:46:23 [INFO] [PROG] s*=3.06/5.28 (58.0%) dist_goal=2.10
20:46:23 [INFO] [MPC] state=(+1.04,+5.23,-0.24) wp0=(+1.11,+5.15) v=+0.200 ω=-0.153 ok=True iters=7
20:46:23 [INFO] [PROG] s*=3.08/5.28 (58.4%) dist_goal=2.08
20:46:23 [INFO] [MPC] state=(+1.06,+5.23,-0.25) wp0=(+1.13,+5.15) v=+0.200 ω=-0.143 ok=True iters=7
20:46:23 [INFO] [PROG] s*=3.10/5.28 (58.7%) dist_goal=2.06
20:46:23 [INFO] [MPC] state=(+1.08,+5.22,-0.27) wp0=(+1.15,+5.15) v=+0.200 ω=+0.508 ok=True iters=7
20:46:23 [INFO] [PROG] s*=3.12/5.28 (59.1%) dist_goal=2.04
20:46:23 [INFO] [MPC] state=(+1.10,+5.22,-0.24) wp0=(+1.17,+5.15) v=+0.200 ω=+0.300 ok=True iters=7
20:46:23 [INFO] [PROG] s*=3.14/5.28 (59.4%) dist_goal=2.02
20:46:23 [INFO] [MPC] state=(+1.12,+5.21,-0.22) wp0=(+1.19,+5.15) v=+0.200 ω=+0.540 ok=True iters=7
20:46:23 [INFO] [PROG] s*=3.16/5.28 (59.8%) dist_goal=2.00
20:46:23 [INFO] [MPC] state=(+1.14,+5.21,-0.18) wp0=(+1.20,+5.15) v=+0.200 ω=+0.316 ok=True iters=7
20:46:23 [INFO] [PROG] s*=3.18/5.28 (60.1%) dist_goal=1.98
20:46:23 [INFO] [MPC] state=(+1.15,+5.21,-0.16) wp0=(+1.22,+5.15) v=+0.200 ω=+0.568 ok=True iters=7
20:46:23 [INFO] [PROG] s*=3.19/5.28 (60.4%) dist_goal=1.97
20:46:23 [INFO] [MPC] state=(+1.17,+5.20,-0.13) wp0=(+1.24,+5.15) v=+0.200 ω=+0.663 ok=True iters=7
20:46:23 [INFO] [PROG] s*=3.21/5.28 (60.7%) dist_goal=1.95
20:46:23 [INFO] [MPC] state=(+1.19,+5.20,-0.09) wp0=(+1.26,+5.15) v=+0.200 ω=+0.964 ok=True iters=7
20:46:23 [INFO] [PROG] s*=3.22/5.28 (61.0%) dist_goal=1.93
20:46:23 [INFO] [MPC] state=(+1.21,+5.20,-0.04) wp0=(+1.27,+5.15) v=+0.200 ω=+1.086 ok=True iters=7
20:46:23 [INFO] [PROG] s*=3.24/5.28 (61.4%) dist_goal=1.92
20:46:23 [INFO] [MPC] state=(+1.22,+5.20,+0.02) wp0=(+1.29,+5.15) v=+0.200 ω=+0.528 ok=True iters=7
20:46:23 [INFO] [PROG] s*=3.26/5.28 (61.7%) dist_goal=1.90
20:46:23 [INFO] [MPC] state=(+1.24,+5.20,+0.04) wp0=(+1.31,+5.15) v=+0.200 ω=+0.795 ok=True iters=8
20:46:23 [INFO] [PROG] s*=3.28/5.28 (62.0%) dist_goal=1.88
20:46:23 [INFO] [MPC] state=(+1.26,+5.20,+0.09) wp0=(+1.32,+5.15) v=+0.200 ω=+0.776 ok=True iters=8
20:46:23 [INFO] [PROG] s*=3.29/5.28 (62.3%) dist_goal=1.87
20:46:23 [INFO] [MPC] state=(+1.27,+5.20,+0.12) wp0=(+1.34,+5.15) v=+0.200 ω=+0.930 ok=True iters=8
20:46:23 [INFO] [PROG] s*=3.31/5.28 (62.7%) dist_goal=1.85
20:46:23 [INFO] [MPC] state=(+1.29,+5.21,+0.18) wp0=(+1.36,+5.15) v=+0.200 ω=+0.288 ok=True iters=7
20:46:23 [INFO] [PROG] s*=3.33/5.28 (63.0%) dist_goal=1.83
20:46:23 [INFO] [MPC] state=(+1.31,+5.21,+0.20) wp0=(+1.38,+5.15) v=+0.200 ω=+0.662 ok=True iters=7
20:46:23 [INFO] [PROG] s*=3.35/5.28 (63.4%) dist_goal=1.81
20:46:23 [INFO] [MPC] state=(+1.33,+5.21,+0.24) wp0=(+1.39,+5.15) v=+0.200 ω=-0.074 ok=True iters=7
20:46:23 [INFO] [PROG] s*=3.37/5.28 (63.7%) dist_goal=1.79
20:46:23 [INFO] [MPC] state=(+1.34,+5.22,+0.23) wp0=(+1.41,+5.15) v=+0.200 ω=+0.261 ok=True iters=7
20:46:23 [INFO] [PROG] s*=3.39/5.28 (64.1%) dist_goal=1.78
20:46:23 [INFO] [MPC] state=(+1.36,+5.22,+0.25) wp0=(+1.43,+5.15) v=+0.200 ω=+0.096 ok=True iters=7
20:46:23 [INFO] [PROG] s*=3.41/5.28 (64.5%) dist_goal=1.76
20:46:23 [INFO] [MPC] state=(+1.38,+5.23,+0.26) wp0=(+1.45,+5.15) v=+0.200 ω=-0.111 ok=True iters=7
20:46:23 [INFO] [PROG] s*=3.43/5.28 (64.8%) dist_goal=1.74
20:46:23 [INFO] [MPC] state=(+1.40,+5.23,+0.25) wp0=(+1.47,+5.15) v=+0.200 ω=-0.174 ok=True iters=7
20:46:23 [INFO] [PROG] s*=3.44/5.28 (65.2%) dist_goal=1.72
20:46:23 [INFO] [MPC] state=(+1.42,+5.24,+0.24) wp0=(+1.49,+5.15) v=+0.200 ω=+0.217 ok=True iters=7
20:46:23 [INFO] [PROG] s*=3.46/5.28 (65.6%) dist_goal=1.70
20:46:23 [INFO] [MPC] state=(+1.44,+5.24,+0.25) wp0=(+1.51,+5.15) v=+0.200 ω=+0.091 ok=True iters=7
20:46:23 [INFO] [PROG] s*=3.48/5.28 (65.9%) dist_goal=1.68
20:46:23 [INFO] [MPC] state=(+1.46,+5.25,+0.26) wp0=(+1.53,+5.15) v=+0.200 ω=-0.610 ok=True iters=7
20:46:23 [INFO] [PROG] s*=3.50/5.28 (66.2%) dist_goal=1.67
20:46:23 [INFO] [MPC] state=(+1.48,+5.25,+0.22) wp0=(+1.55,+5.15) v=+0.200 ω=-0.593 ok=True iters=7
20:46:23 [INFO] [PROG] s*=3.52/5.28 (66.6%) dist_goal=1.65
20:46:23 [INFO] [MPC] state=(+1.50,+5.26,+0.19) wp0=(+1.57,+5.15) v=+0.200 ω=-0.446 ok=True iters=7
20:46:23 [INFO] [PROG] s*=3.54/5.28 (67.0%) dist_goal=1.63
20:46:23 [INFO] [MPC] state=(+1.52,+5.26,+0.16) wp0=(+1.58,+5.15) v=+0.200 ω=-0.434 ok=True iters=7
20:46:23 [INFO] [PROG] s*=3.56/5.28 (67.3%) dist_goal=1.61
20:46:23 [INFO] [MPC] state=(+1.53,+5.26,+0.14) wp0=(+1.60,+5.15) v=+0.200 ω=-0.861 ok=True iters=7
20:46:23 [INFO] [PROG] s*=3.57/5.28 (67.6%) dist_goal=1.59
20:46:23 [INFO] [MPC] state=(+1.55,+5.27,+0.09) wp0=(+1.62,+5.15) v=+0.200 ω=-0.623 ok=True iters=7
20:46:23 [INFO] [PROG] s*=3.59/5.28 (68.0%) dist_goal=1.58
20:46:23 [INFO] [MPC] state=(+1.57,+5.27,+0.05) wp0=(+1.64,+5.15) v=+0.200 ω=-0.552 ok=True iters=7
20:46:23 [INFO] [PROG] s*=3.61/5.28 (68.3%) dist_goal=1.56
20:46:23 [INFO] [MPC] state=(+1.59,+5.27,+0.01) wp0=(+1.66,+5.15) v=+0.200 ω=-0.764 ok=True iters=7
20:46:23 [INFO] [PROG] s*=3.63/5.28 (68.7%) dist_goal=1.54
20:46:23 [INFO] [MPC] state=(+1.61,+5.27,-0.04) wp0=(+1.68,+5.15) v=+0.200 ω=-0.039 ok=True iters=7
20:46:23 [INFO] [PROG] s*=3.65/5.28 (69.1%) dist_goal=1.52
20:46:23 [INFO] [MPC] state=(+1.63,+5.27,-0.05) wp0=(+1.70,+5.15) v=+0.200 ω=+0.001 ok=True iters=7
20:46:23 [INFO] [PROG] s*=3.67/5.28 (69.5%) dist_goal=1.50
20:46:23 [INFO] [MPC] state=(+1.65,+5.27,-0.05) wp0=(+1.72,+5.15) v=+0.200 ω=+0.016 ok=True iters=7
20:46:23 [INFO] [PROG] s*=3.69/5.28 (69.8%) dist_goal=1.48
20:46:23 [INFO] [MPC] state=(+1.67,+5.26,-0.05) wp0=(+1.74,+5.15) v=+0.200 ω=+0.027 ok=True iters=7
20:46:23 [INFO] [PROG] s*=3.71/5.28 (70.2%) dist_goal=1.46
20:46:23 [INFO] [MPC] state=(+1.69,+5.26,-0.04) wp0=(+1.76,+5.15) v=+0.200 ω=+0.035 ok=True iters=7
20:46:23 [INFO] [PROG] s*=3.73/5.28 (70.6%) dist_goal=1.44
20:46:23 [INFO] [MPC] state=(+1.71,+5.26,-0.04) wp0=(+1.78,+5.15) v=+0.200 ω=+0.040 ok=True iters=7
20:46:23 [INFO] [PROG] s*=3.75/5.28 (71.0%) dist_goal=1.42
20:46:23 [INFO] [MPC] state=(+1.73,+5.26,-0.03) wp0=(+1.80,+5.15) v=+0.200 ω=+0.042 ok=True iters=7
20:46:23 [INFO] [PROG] s*=3.77/5.28 (71.4%) dist_goal=1.40
20:46:23 [INFO] [MPC] state=(+1.75,+5.26,-0.03) wp0=(+1.82,+5.15) v=+0.200 ω=+0.330 ok=True iters=7
20:46:23 [INFO] [PROG] s*=3.79/5.28 (71.7%) dist_goal=1.38
20:46:23 [INFO] [MPC] state=(+1.77,+5.26,-0.01) wp0=(+1.84,+5.15) v=+0.200 ω=+0.294 ok=True iters=7
20:46:23 [INFO] [PROG] s*=3.81/5.28 (72.1%) dist_goal=1.36
20:46:23 [INFO] [MPC] state=(+1.79,+5.26,+0.01) wp0=(+1.85,+5.15) v=+0.200 ω=+0.252 ok=True iters=7
20:46:23 [INFO] [PROG] s*=3.83/5.28 (72.4%) dist_goal=1.34
20:46:23 [INFO] [MPC] state=(+1.80,+5.26,+0.02) wp0=(+1.87,+5.15) v=+0.200 ω=+0.215 ok=True iters=7
20:46:23 [INFO] [PROG] s*=3.85/5.28 (72.8%) dist_goal=1.32
20:46:23 [INFO] [MPC] state=(+1.82,+5.26,+0.03) wp0=(+1.89,+5.15) v=+0.200 ω=+0.173 ok=True iters=7
20:46:23 [INFO] [PROG] s*=3.87/5.28 (73.2%) dist_goal=1.30
20:46:23 [INFO] [MPC] state=(+1.84,+5.26,+0.05) wp0=(+1.91,+5.15) v=+0.200 ω=-0.480 ok=True iters=7
20:46:23 [INFO] [PROG] s*=3.89/5.28 (73.5%) dist_goal=1.29
20:46:23 [INFO] [MPC] state=(+1.86,+5.26,+0.02) wp0=(+1.93,+5.15) v=+0.200 ω=-0.259 ok=True iters=7
20:46:23 [INFO] [PROG] s*=3.91/5.28 (73.9%) dist_goal=1.27
20:46:23 [INFO] [MPC] state=(+1.88,+5.26,-0.00) wp0=(+1.95,+5.15) v=+0.200 ω=-0.208 ok=True iters=7
20:46:23 [INFO] [PROG] s*=3.93/5.28 (74.3%) dist_goal=1.25
20:46:23 [INFO] [MPC] state=(+1.90,+5.26,-0.02) wp0=(+1.97,+5.15) v=+0.200 ω=-0.164 ok=True iters=7
20:46:23 [INFO] [PROG] s*=3.95/5.28 (74.7%) dist_goal=1.23
20:46:23 [INFO] [MPC] state=(+1.92,+5.26,-0.03) wp0=(+1.99,+5.15) v=+0.200 ω=+0.027 ok=True iters=7
20:46:23 [INFO] [PROG] s*=3.97/5.28 (75.1%) dist_goal=1.21
20:46:23 [INFO] [MPC] state=(+1.94,+5.26,-0.03) wp0=(+2.01,+5.15) v=+0.200 ω=+0.031 ok=True iters=7
20:46:23 [INFO] [PROG] s*=3.98/5.28 (75.4%) dist_goal=1.19
20:46:23 [INFO] [MPC] state=(+1.96,+5.26,-0.03) wp0=(+2.03,+5.15) v=+0.200 ω=+0.321 ok=True iters=7
20:46:23 [INFO] [PROG] s*=4.00/5.28 (75.8%) dist_goal=1.17
20:46:23 [INFO] [MPC] state=(+1.98,+5.26,-0.01) wp0=(+2.05,+5.15) v=+0.200 ω=+0.279 ok=True iters=7
20:46:23 [INFO] [PROG] s*=4.02/5.28 (76.2%) dist_goal=1.15
20:46:23 [INFO] [MPC] state=(+2.00,+5.26,+0.01) wp0=(+2.07,+5.15) v=+0.200 ω=+0.243 ok=True iters=7
20:46:23 [INFO] [PROG] s*=4.04/5.28 (76.5%) dist_goal=1.13
20:46:23 [INFO] [MPC] state=(+2.02,+5.26,+0.03) wp0=(+2.09,+5.15) v=+0.200 ω=+0.197 ok=True iters=7
20:46:24 [INFO] [PROG] s*=4.06/5.28 (76.9%) dist_goal=1.11
20:46:24 [INFO] [MPC] state=(+2.04,+5.26,+0.04) wp0=(+2.11,+5.15) v=+0.200 ω=-0.446 ok=True iters=7
20:46:24 [INFO] [PROG] s*=4.08/5.28 (77.3%) dist_goal=1.09
20:46:24 [INFO] [MPC] state=(+2.06,+5.26,+0.01) wp0=(+2.13,+5.15) v=+0.200 ω=+0.222 ok=True iters=7
20:46:24 [INFO] [PROG] s*=4.10/5.28 (77.6%) dist_goal=1.07
20:46:24 [INFO] [MPC] state=(+2.08,+5.26,+0.02) wp0=(+2.15,+5.15) v=+0.200 ω=-0.265 ok=True iters=7
20:46:24 [INFO] [PROG] s*=4.12/5.28 (78.0%) dist_goal=1.05
20:46:24 [INFO] [MPC] state=(+2.10,+5.26,+0.00) wp0=(+2.17,+5.15) v=+0.200 ω=-0.219 ok=True iters=7
20:46:24 [INFO] [PROG] s*=4.14/5.28 (78.4%) dist_goal=1.03
20:46:24 [INFO] [MPC] state=(+2.12,+5.26,-0.01) wp0=(+2.19,+5.15) v=+0.200 ω=-0.169 ok=True iters=7
20:46:24 [INFO] [PROG] s*=4.16/5.28 (78.8%) dist_goal=1.01
20:46:24 [INFO] [MPC] state=(+2.14,+5.26,-0.03) wp0=(+2.21,+5.15) v=+0.200 ω=+0.026 ok=True iters=7
20:46:24 [INFO] [PROG] s*=4.18/5.28 (79.1%) dist_goal=0.99
20:46:24 [INFO] [MPC] state=(+2.16,+5.26,-0.03) wp0=(+2.23,+5.15) v=+0.200 ω=+0.030 ok=True iters=7
20:46:24 [INFO] [PROG] s*=4.20/5.28 (79.5%) dist_goal=0.97
20:46:24 [INFO] [MPC] state=(+2.18,+5.26,-0.03) wp0=(+2.25,+5.15) v=+0.200 ω=-0.145 ok=True iters=7
20:46:24 [INFO] [PROG] s*=4.22/5.28 (79.9%) dist_goal=0.95
20:46:24 [INFO] [MPC] state=(+2.20,+5.26,-0.04) wp0=(+2.27,+5.15) v=+0.200 ω=-0.110 ok=True iters=7
20:46:24 [INFO] [PROG] s*=4.24/5.28 (80.3%) dist_goal=0.93
20:46:24 [INFO] [MPC] state=(+2.22,+5.26,-0.05) wp0=(+2.29,+5.15) v=+0.200 ω=-0.075 ok=True iters=7
20:46:24 [INFO] [PROG] s*=4.26/5.28 (80.6%) dist_goal=0.92
20:46:24 [INFO] [MPC] state=(+2.24,+5.26,-0.05) wp0=(+2.31,+5.15) v=+0.200 ω=-0.632 ok=True iters=7
20:46:24 [INFO] [PROG] s*=4.28/5.28 (81.0%) dist_goal=0.90
20:46:24 [INFO] [MPC] state=(+2.26,+5.26,-0.09) wp0=(+2.33,+5.15) v=+0.200 ω=-0.525 ok=True iters=7
20:46:24 [INFO] [PROG] s*=4.30/5.28 (81.4%) dist_goal=0.88
20:46:24 [INFO] [MPC] state=(+2.28,+5.26,-0.12) wp0=(+2.35,+5.15) v=+0.200 ω=-0.277 ok=True iters=7
20:46:24 [INFO] [PROG] s*=4.32/5.28 (81.7%) dist_goal=0.86
20:46:24 [INFO] [MPC] state=(+2.30,+5.25,-0.14) wp0=(+2.37,+5.15) v=+0.200 ω=-0.201 ok=True iters=7
20:46:24 [INFO] [PROG] s*=4.34/5.28 (82.1%) dist_goal=0.84
20:46:24 [INFO] [MPC] state=(+2.32,+5.25,-0.16) wp0=(+2.38,+5.15) v=+0.200 ω=-0.221 ok=True iters=7
20:46:24 [INFO] [PROG] s*=4.36/5.28 (82.5%) dist_goal=0.82
20:46:24 [INFO] [MPC] state=(+2.33,+5.25,-0.17) wp0=(+2.40,+5.15) v=+0.200 ω=-0.569 ok=True iters=7
20:46:24 [INFO] [PROG] s*=4.38/5.28 (82.8%) dist_goal=0.80
20:46:24 [INFO] [MPC] state=(+2.35,+5.24,-0.21) wp0=(+2.42,+5.15) v=+0.200 ω=-0.296 ok=True iters=7
20:46:24 [INFO] [PROG] s*=4.39/5.28 (83.2%) dist_goal=0.78
20:46:24 [INFO] [MPC] state=(+2.37,+5.24,-0.23) wp0=(+2.44,+5.15) v=+0.200 ω=-0.199 ok=True iters=7
20:46:24 [INFO] [PROG] s*=4.41/5.28 (83.6%) dist_goal=0.76
20:46:24 [INFO] [MPC] state=(+2.39,+5.23,-0.24) wp0=(+2.46,+5.15) v=+0.195 ω=-0.154 ok=True iters=7
20:46:24 [INFO] [PROG] s*=4.43/5.28 (83.9%) dist_goal=0.74
20:46:24 [INFO] [MPC] state=(+2.41,+5.23,-0.26) wp0=(+2.48,+5.15) v=+0.190 ω=-0.124 ok=True iters=7
20:46:24 [INFO] [PROG] s*=4.45/5.28 (84.3%) dist_goal=0.72
20:46:24 [INFO] [MPC] state=(+2.43,+5.22,-0.27) wp0=(+2.50,+5.15) v=+0.185 ω=-0.029 ok=True iters=7
20:46:24 [INFO] [PROG] s*=4.47/5.28 (84.6%) dist_goal=0.70
20:46:24 [INFO] [MPC] state=(+2.45,+5.22,-0.27) wp0=(+2.51,+5.15) v=+0.180 ω=+0.555 ok=True iters=7
20:46:24 [INFO] [PROG] s*=4.48/5.28 (84.9%) dist_goal=0.69
20:46:24 [INFO] [MPC] state=(+2.46,+5.21,-0.23) wp0=(+2.53,+5.15) v=+0.176 ω=+0.475 ok=True iters=7
20:46:24 [INFO] [PROG] s*=4.50/5.28 (85.2%) dist_goal=0.67
20:46:24 [INFO] [MPC] state=(+2.48,+5.21,-0.18) wp0=(+2.55,+5.15) v=+0.172 ω=+0.265 ok=True iters=7
20:46:24 [INFO] [PROG] s*=4.52/5.28 (85.5%) dist_goal=0.65
20:46:24 [INFO] [MPC] state=(+2.50,+5.21,-0.15) wp0=(+2.57,+5.15) v=+0.168 ω=+0.405 ok=True iters=8
20:46:24 [INFO] [PROG] s*=4.53/5.28 (85.8%) dist_goal=0.64
20:46:24 [INFO] [MPC] state=(+2.52,+5.21,-0.11) wp0=(+2.58,+5.15) v=+0.163 ω=+0.418 ok=True iters=8
20:46:24 [INFO] [PROG] s*=4.55/5.28 (86.1%) dist_goal=0.62
20:46:24 [INFO] [MPC] state=(+2.53,+5.20,-0.07) wp0=(+2.60,+5.15) v=+0.159 ω=+0.644 ok=True iters=7
20:46:24 [INFO] [PROG] s*=4.55/5.28 (86.2%) dist_goal=0.62
20:46:24 [INFO] [MPC] state=(+2.55,+5.20,-0.01) wp0=(+2.60,+5.15) v=+0.030 ω=+0.516 ok=True iters=12
20:46:24 [INFO] [PROG] s*=4.56/5.28 (86.4%) dist_goal=0.61
20:46:24 [INFO] [MPC] state=(+2.55,+5.20,+0.05) wp0=(+2.61,+5.15) v=+0.155 ω=+0.077 ok=True iters=8
20:46:24 [INFO] [PROG] s*=4.58/5.28 (86.7%) dist_goal=0.59
20:46:24 [INFO] [MPC] state=(+2.56,+5.20,+0.05) wp0=(+2.63,+5.15) v=+0.152 ω=+0.144 ok=True iters=8
20:46:24 [INFO] [PROG] s*=4.59/5.28 (87.0%) dist_goal=0.58
20:46:24 [INFO] [MPC] state=(+2.58,+5.21,+0.06) wp0=(+2.64,+5.15) v=+0.149 ω=+0.414 ok=True iters=8
20:46:24 [INFO] [PROG] s*=4.61/5.28 (87.2%) dist_goal=0.57
20:46:24 [INFO] [MPC] state=(+2.59,+5.21,+0.10) wp0=(+2.65,+5.15) v=+0.145 ω=+0.345 ok=True iters=8
20:46:24 [INFO] [PROG] s*=4.62/5.28 (87.5%) dist_goal=0.55
20:46:24 [INFO] [MPC] state=(+2.60,+5.21,+0.13) wp0=(+2.67,+5.15) v=+0.142 ω=+0.105 ok=True iters=8
20:46:24 [INFO] [PROG] s*=4.64/5.28 (87.7%) dist_goal=0.54
20:46:24 [INFO] [MPC] state=(+2.62,+5.21,+0.14) wp0=(+2.68,+5.15) v=+0.139 ω=+0.128 ok=True iters=9
20:46:24 [INFO] [PROG] s*=4.65/5.28 (88.0%) dist_goal=0.53
20:46:24 [INFO] [MPC] state=(+2.63,+5.21,+0.16) wp0=(+2.70,+5.15) v=+0.136 ω=+0.109 ok=True iters=9
20:46:24 [INFO] [PROG] s*=4.66/5.28 (88.3%) dist_goal=0.52
20:46:24 [INFO] [MPC] state=(+2.65,+5.21,+0.17) wp0=(+2.71,+5.15) v=+0.132 ω=-0.003 ok=True iters=9
20:46:24 [INFO] [PROG] s*=4.67/5.28 (88.5%) dist_goal=0.51
20:46:24 [INFO] [MPC] state=(+2.66,+5.22,+0.17) wp0=(+2.72,+5.15) v=+0.130 ω=+0.414 ok=True iters=7
20:46:24 [INFO] [PROG] s*=4.69/5.28 (88.7%) dist_goal=0.50
20:46:24 [INFO] [MPC] state=(+2.67,+5.22,+0.21) wp0=(+2.73,+5.15) v=+0.127 ω=-0.169 ok=True iters=7
20:46:24 [INFO] [PROG] s*=4.70/5.28 (89.0%) dist_goal=0.49
20:46:24 [INFO] [MPC] state=(+2.68,+5.22,+0.19) wp0=(+2.75,+5.15) v=+0.124 ω=-0.156 ok=True iters=7
20:46:24 [INFO] [PROG] s*=4.71/5.28 (89.2%) dist_goal=0.47
20:46:24 [INFO] [MPC] state=(+2.70,+5.22,+0.18) wp0=(+2.76,+5.15) v=+0.121 ω=-0.140 ok=True iters=7
20:46:24 [INFO] [PROG] s*=4.72/5.28 (89.4%) dist_goal=0.46
20:46:24 [INFO] [MPC] state=(+2.71,+5.23,+0.16) wp0=(+2.77,+5.15) v=+0.119 ω=+0.314 ok=True iters=7
20:46:24 [INFO] [PROG] s*=4.74/5.28 (89.6%) dist_goal=0.46
20:46:24 [INFO] [MPC] state=(+2.72,+5.23,+0.19) wp0=(+2.78,+5.15) v=+0.116 ω=+0.142 ok=True iters=7
20:46:24 [INFO] [PROG] s*=4.75/5.28 (89.8%) dist_goal=0.45
20:46:24 [INFO] [MPC] state=(+2.73,+5.23,+0.21) wp0=(+2.79,+5.15) v=+0.114 ω=-0.014 ok=True iters=7
20:46:24 [INFO] [PROG] s*=4.76/5.28 (90.0%) dist_goal=0.44
20:46:24 [INFO] [MPC] state=(+2.74,+5.23,+0.21) wp0=(+2.80,+5.15) v=+0.111 ω=+0.335 ok=True iters=7
20:46:24 [INFO] [PROG] s*=4.77/5.28 (90.3%) dist_goal=0.43
20:46:24 [INFO] [MPC] state=(+2.75,+5.24,+0.24) wp0=(+2.82,+5.15) v=+0.109 ω=-0.232 ok=True iters=7
20:46:24 [INFO] [PROG] s*=4.78/5.28 (90.5%) dist_goal=0.42
20:46:24 [INFO] [MPC] state=(+2.77,+5.24,+0.22) wp0=(+2.83,+5.15) v=+0.107 ω=-0.204 ok=True iters=7
20:46:24 [INFO] [PROG] s*=4.79/5.28 (90.7%) dist_goal=0.41
20:46:24 [INFO] [MPC] state=(+2.78,+5.24,+0.20) wp0=(+2.84,+5.15) v=+0.105 ω=-0.137 ok=True iters=7
20:46:24 [INFO] [PROG] s*=4.80/5.28 (90.8%) dist_goal=0.40
20:46:24 [INFO] [MPC] state=(+2.79,+5.24,+0.18) wp0=(+2.85,+5.15) v=+0.103 ω=-0.135 ok=True iters=7
20:46:24 [INFO] [PROG] s*=4.81/5.28 (91.0%) dist_goal=0.40
20:46:24 [INFO] [MPC] state=(+2.80,+5.24,+0.17) wp0=(+2.86,+5.15) v=+0.101 ω=+0.170 ok=True iters=7
20:46:24 [INFO] [PROG] s*=4.82/5.28 (91.2%) dist_goal=0.39
20:46:24 [INFO] [MPC] state=(+2.81,+5.25,+0.18) wp0=(+2.87,+5.15) v=+0.099 ω=+0.078 ok=True iters=7
20:46:24 [INFO] [PROG] s*=4.83/5.28 (91.4%) dist_goal=0.38
20:46:24 [INFO] [MPC] state=(+2.82,+5.25,+0.19) wp0=(+2.88,+5.15) v=+0.097 ω=+0.019 ok=True iters=7
20:46:24 [INFO] [PROG] s*=4.84/5.28 (91.6%) dist_goal=0.37
20:46:24 [INFO] [MPC] state=(+2.83,+5.25,+0.19) wp0=(+2.89,+5.15) v=+0.095 ω=-0.020 ok=True iters=7
20:46:24 [INFO] [PROG] s*=4.85/5.28 (91.8%) dist_goal=0.37
20:46:24 [INFO] [MPC] state=(+2.84,+5.25,+0.19) wp0=(+2.89,+5.15) v=+0.093 ω=-0.395 ok=True iters=7
20:46:24 [INFO] [PROG] s*=4.86/5.28 (91.9%) dist_goal=0.36
20:46:24 [INFO] [MPC] state=(+2.84,+5.25,+0.15) wp0=(+2.90,+5.15) v=+0.092 ω=-0.308 ok=True iters=7
20:46:24 [INFO] [PROG] s*=4.87/5.28 (92.1%) dist_goal=0.35
20:46:24 [INFO] [MPC] state=(+2.85,+5.25,+0.12) wp0=(+2.91,+5.15) v=+0.090 ω=-0.238 ok=True iters=7
20:46:24 [INFO] [PROG] s*=4.87/5.28 (92.3%) dist_goal=0.35
20:46:24 [INFO] [MPC] state=(+2.86,+5.26,+0.10) wp0=(+2.92,+5.15) v=+0.088 ω=-0.103 ok=True iters=8
20:46:24 [INFO] [PROG] s*=4.88/5.28 (92.4%) dist_goal=0.34
20:46:24 [INFO] [MPC] state=(+2.87,+5.26,+0.09) wp0=(+2.93,+5.15) v=+0.087 ω=-0.084 ok=True iters=8
20:46:24 [INFO] [PROG] s*=4.89/5.28 (92.6%) dist_goal=0.33
20:46:24 [INFO] [MPC] state=(+2.88,+5.26,+0.08) wp0=(+2.94,+5.15) v=+0.085 ω=-0.069 ok=True iters=8
20:46:24 [INFO] [PROG] s*=4.90/5.28 (92.8%) dist_goal=0.33
20:46:24 [INFO] [MPC] state=(+2.89,+5.26,+0.07) wp0=(+2.95,+5.15) v=+0.083 ω=-0.060 ok=True iters=8
20:46:24 [INFO] [PROG] s*=4.91/5.28 (92.9%) dist_goal=0.32
20:46:24 [INFO] [MPC] state=(+2.90,+5.26,+0.07) wp0=(+2.96,+5.15) v=+0.082 ω=-0.051 ok=True iters=8
20:46:24 [INFO] [PROG] s*=4.92/5.28 (93.1%) dist_goal=0.32
20:46:24 [INFO] [MPC] state=(+2.91,+5.26,+0.06) wp0=(+2.96,+5.15) v=+0.080 ω=-0.045 ok=True iters=8
20:46:24 [INFO] [PROG] s*=4.92/5.28 (93.2%) dist_goal=0.31
20:46:24 [INFO] [MPC] state=(+2.91,+5.26,+0.06) wp0=(+2.97,+5.15) v=+0.079 ω=-0.040 ok=True iters=8
20:46:24 [INFO] [PROG] s*=4.93/5.28 (93.4%) dist_goal=0.30
20:46:24 [INFO] [MPC] state=(+2.92,+5.26,+0.05) wp0=(+2.98,+5.15) v=+0.078 ω=-0.036 ok=True iters=7
20:46:24 [INFO] [PROG] s*=4.94/5.28 (93.5%) dist_goal=0.30
20:46:24 [INFO] [MPC] state=(+2.93,+5.26,+0.05) wp0=(+2.99,+5.15) v=+0.076 ω=-0.353 ok=True iters=8
20:46:24 [INFO] [PROG] s*=4.95/5.28 (93.6%) dist_goal=0.29
20:46:24 [INFO] [MPC] state=(+2.94,+5.26,+0.01) wp0=(+2.99,+5.15) v=+0.075 ω=+0.115 ok=True iters=8
20:46:24 [INFO] [PROG] s*=4.95/5.28 (93.8%) dist_goal=0.29
20:46:24 [INFO] [MPC] state=(+2.94,+5.26,+0.02) wp0=(+3.00,+5.15) v=+0.074 ω=+0.084 ok=True iters=8
20:46:24 [INFO] [PROG] s*=4.96/5.28 (93.9%) dist_goal=0.28
20:46:24 [INFO] [MPC] state=(+2.95,+5.26,+0.03) wp0=(+3.01,+5.15) v=+0.072 ω=+0.057 ok=True iters=8
20:46:24 [INFO] [PROG] s*=4.97/5.28 (94.1%) dist_goal=0.28
20:46:24 [INFO] [MPC] state=(+2.96,+5.26,+0.03) wp0=(+3.02,+5.15) v=+0.071 ω=+0.035 ok=True iters=8
20:46:24 [INFO] [PROG] s*=4.98/5.28 (94.2%) dist_goal=0.28
20:46:24 [INFO] [MPC] state=(+2.97,+5.26,+0.04) wp0=(+3.02,+5.15) v=+0.070 ω=+0.018 ok=True iters=8
20:46:24 [INFO] [PROG] s*=4.98/5.28 (94.3%) dist_goal=0.27
20:46:24 [INFO] [MPC] state=(+2.97,+5.26,+0.04) wp0=(+3.03,+5.15) v=+0.069 ω=-0.325 ok=True iters=8
20:46:24 [INFO] [PROG] s*=4.99/5.28 (94.4%) dist_goal=0.27
20:46:24 [INFO] [MPC] state=(+2.98,+5.26,+0.00) wp0=(+3.04,+5.15) v=+0.068 ω=+0.111 ok=True iters=8
20:46:24 [INFO] [PROG] s*=5.00/5.28 (94.6%) dist_goal=0.26
20:46:24 [INFO] [MPC] state=(+2.99,+5.26,+0.01) wp0=(+3.04,+5.15) v=+0.067 ω=+0.079 ok=True iters=8
20:46:24 [INFO] [PROG] s*=5.00/5.28 (94.7%) dist_goal=0.26
20:46:24 [INFO] [MPC] state=(+2.99,+5.26,+0.02) wp0=(+3.05,+5.15) v=+0.066 ω=+0.054 ok=True iters=9
20:46:24 [INFO] [PROG] s*=5.01/5.28 (94.8%) dist_goal=0.26
20:46:24 [INFO] [MPC] state=(+3.00,+5.26,+0.03) wp0=(+3.06,+5.15) v=+0.065 ω=+0.033 ok=True iters=9
20:46:24 [INFO] [PROG] s*=5.01/5.28 (94.9%) dist_goal=0.25
20:46:24 [INFO] [MPC] state=(+3.01,+5.26,+0.03) wp0=(+3.06,+5.15) v=+0.064 ω=-0.295 ok=True iters=9
20:46:24 [INFO] [PROG] s*=5.02/5.28 (95.0%) dist_goal=0.25
20:46:24 [INFO] [MPC] state=(+3.01,+5.26,-0.00) wp0=(+3.07,+5.15) v=+0.063 ω=-0.149 ok=True iters=9
20:46:24 [INFO] [PROG] s*=5.03/5.28 (95.2%) dist_goal=0.25
20:46:24 [INFO] [MPC] state=(+3.02,+5.26,-0.02) wp0=(+3.07,+5.15) v=+0.062 ω=-0.096 ok=True iters=9
20:46:24 [INFO] [PROG] s*=5.03/5.28 (95.3%) dist_goal=0.24
20:46:24 [INFO] [MPC] state=(+3.02,+5.26,-0.03) wp0=(+3.08,+5.15) v=+0.062 ω=-0.028 ok=True iters=9
20:46:24 [INFO] [PROG] s*=5.04/5.28 (95.4%) dist_goal=0.24
20:46:24 [INFO] [MPC] state=(+3.03,+5.26,-0.03) wp0=(+3.09,+5.15) v=+0.061 ω=-0.018 ok=True iters=9
20:46:24 [INFO] [PROG] s*=5.05/5.28 (95.5%) dist_goal=0.24
20:46:24 [INFO] [MPC] state=(+3.04,+5.26,-0.03) wp0=(+3.09,+5.15) v=+0.060 ω=-0.011 ok=True iters=9
20:46:24 [INFO] [PROG] s*=5.05/5.28 (95.6%) dist_goal=0.23
20:46:24 [INFO] [MPC] state=(+3.04,+5.26,-0.03) wp0=(+3.10,+5.15) v=+0.059 ω=-0.006 ok=True iters=9
20:46:24 [INFO] [PROG] s*=5.06/5.28 (95.7%) dist_goal=0.23
20:46:24 [INFO] [MPC] state=(+3.05,+5.26,-0.04) wp0=(+3.10,+5.15) v=+0.059 ω=-0.002 ok=True iters=9
20:46:24 [INFO] [PROG] s*=5.06/5.28 (95.8%) dist_goal=0.23
20:46:24 [INFO] [MPC] state=(+3.05,+5.26,-0.04) wp0=(+3.11,+5.15) v=+0.058 ω=-0.532 ok=True iters=9
20:46:24 [INFO] [PROG] s*=5.07/5.28 (96.0%) dist_goal=0.23
20:46:24 [INFO] [MPC] state=(+3.06,+5.26,-0.09) wp0=(+3.12,+5.15) v=+0.057 ω=-1.514 ok=True iters=9
20:46:24 [INFO] [PROG] s*=5.07/5.28 (96.0%) dist_goal=0.22
20:46:24 [INFO] [MPC] state=(+3.07,+5.26,-0.24) wp0=(+3.12,+5.15) v=+0.030 ω=-2.400 ok=True iters=9
20:46:24 [INFO] [PROG] s*=5.08/5.28 (96.1%) dist_goal=0.22
20:46:24 [INFO] [MPC] state=(+3.07,+5.26,-0.47) wp0=(+3.12,+5.15) v=+0.030 ω=-2.400 ok=True iters=14
20:46:24 [INFO] [PROG] s*=5.08/5.28 (96.1%) dist_goal=0.22
20:46:24 [INFO] [MPC] state=(+3.07,+5.26,-0.70) wp0=(+3.13,+5.15) v=+0.030 ω=-1.998 ok=True iters=12
20:46:24 [INFO] [PROG] s*=5.08/5.28 (96.2%) dist_goal=0.21
20:46:24 [INFO] [MPC] state=(+3.08,+5.25,-0.90) wp0=(+3.13,+5.15) v=+0.030 ω=-1.365 ok=True iters=10
20:46:24 [INFO] [PROG] s*=5.08/5.28 (96.2%) dist_goal=0.21
20:46:24 [INFO] [MPC] state=(+3.08,+5.25,-1.04) wp0=(+3.13,+5.15) v=+0.030 ω=-1.076 ok=True iters=8
20:46:24 [INFO] [PROG] s*=5.08/5.28 (96.2%) dist_goal=0.20
20:46:24 [INFO] [MPC] state=(+3.08,+5.25,-1.15) wp0=(+3.13,+5.15) v=+0.030 ω=-0.795 ok=True iters=9
20:46:24 [INFO] [PROG] s*=5.09/5.28 (96.3%) dist_goal=0.20
20:46:24 [INFO] [MPC] state=(+3.08,+5.24,-1.23) wp0=(+3.13,+5.15) v=+0.030 ω=-0.690 ok=True iters=9
20:46:24 [INFO] [PROG] s*=5.09/5.28 (96.3%) dist_goal=0.20
20:46:24 [INFO] [MPC] state=(+3.08,+5.24,-1.30) wp0=(+3.13,+5.15) v=+0.030 ω=-0.498 ok=True iters=9
20:46:24 [INFO] [PROG] s*=5.09/5.28 (96.3%) dist_goal=0.19
20:46:24 [INFO] [MPC] state=(+3.08,+5.24,-1.35) wp0=(+3.13,+5.15) v=+0.030 ω=-0.461 ok=True iters=10
20:46:24 [INFO] [PROG] s*=5.09/5.28 (96.3%) dist_goal=0.19
20:46:24 [INFO] [MPC] state=(+3.08,+5.23,-1.40) wp0=(+3.13,+5.15) v=+0.030 ω=-0.326 ok=True iters=10
20:46:24 [INFO] [PROG] s*=5.09/5.28 (96.3%) dist_goal=0.19
20:46:24 [INFO] [MPC] state=(+3.08,+5.23,-1.43) wp0=(+3.14,+5.15) v=+0.030 ω=-0.232 ok=True iters=10
20:46:24 [INFO] [PROG] s*=5.09/5.28 (96.3%) dist_goal=0.18
20:46:24 [INFO] [MPC] state=(+3.09,+5.23,-1.45) wp0=(+3.14,+5.15) v=+0.030 ω=-0.162 ok=True iters=10
20:46:24 [INFO] [PROG] s*=5.09/5.28 (96.3%) dist_goal=0.18
20:46:24 [INFO] [MPC] state=(+3.09,+5.22,-1.47) wp0=(+3.14,+5.15) v=+0.030 ω=-0.114 ok=True iters=10
20:46:24 [INFO] [PROG] s*=5.09/5.28 (96.3%) dist_goal=0.18
20:46:24 [INFO] [MPC] state=(+3.09,+5.22,-1.48) wp0=(+3.14,+5.15) v=+0.030 ω=-0.084 ok=True iters=10
20:46:24 [INFO] [PROG] s*=5.09/5.28 (96.3%) dist_goal=0.18
20:46:24 [INFO] [MPC] state=(+3.09,+5.22,-1.49) wp0=(+3.14,+5.15) v=+0.030 ω=-0.065 ok=True iters=10
20:46:24 [INFO] [PROG] s*=5.09/5.28 (96.3%) dist_goal=0.17
20:46:24 [INFO] [MPC] state=(+3.09,+5.21,-1.50) wp0=(+3.14,+5.15) v=+0.030 ω=-0.185 ok=True iters=10
20:46:24 [INFO] [PROG] s*=5.09/5.28 (96.3%) dist_goal=0.17
20:46:24 [INFO] [MPC] state=(+3.09,+5.21,-1.51) wp0=(+3.14,+5.15) v=+0.030 ω=-0.123 ok=True iters=10
20:46:24 [INFO] [PROG] s*=5.09/5.28 (96.3%) dist_goal=0.17
20:46:24 [INFO] [MPC] state=(+3.09,+5.21,-1.53) wp0=(+3.14,+5.15) v=+0.030 ω=-0.085 ok=True iters=9
20:46:24 [INFO] [PROG] s*=5.09/5.28 (96.3%) dist_goal=0.17
20:46:24 [INFO] [MPC] state=(+3.09,+5.21,-1.53) wp0=(+3.14,+5.15) v=+0.030 ω=-0.059 ok=True iters=9
20:46:24 [INFO] [PROG] s*=5.09/5.28 (96.3%) dist_goal=0.16
20:46:24 [INFO] [MPC] state=(+3.09,+5.20,-1.54) wp0=(+3.14,+5.15) v=+0.030 ω=-0.040 ok=True iters=9
20:46:24 [INFO] [PROG] s*=5.09/5.28 (96.3%) dist_goal=0.16
20:46:24 [INFO] [MPC] state=(+3.09,+5.20,-1.54) wp0=(+3.14,+5.15) v=+0.030 ω=-0.030 ok=True iters=9
20:46:24 [INFO] [PROG] s*=5.09/5.28 (96.3%) dist_goal=0.16
20:46:24 [INFO] [MPC] state=(+3.09,+5.20,-1.55) wp0=(+3.14,+5.15) v=+0.030 ω=-0.022 ok=True iters=9
20:46:24 [INFO] [PROG] s*=5.09/5.28 (96.3%) dist_goal=0.15
20:46:24 [INFO] [MPC] state=(+3.09,+5.19,-1.55) wp0=(+3.14,+5.15) v=+0.030 ω=-0.019 ok=True iters=9
20:46:24 [INFO] [PROG] s*=5.09/5.28 (96.4%) dist_goal=0.15
20:46:24 [INFO] [MPC] state=(+3.09,+5.19,-1.55) wp0=(+3.14,+5.15) v=+0.030 ω=-0.014 ok=True iters=10
20:46:24 [INFO] [PROG] s*=5.09/5.28 (96.4%) dist_goal=0.15
20:46:24 [INFO] [MPC] state=(+3.09,+5.19,-1.55) wp0=(+3.14,+5.15) v=+0.030 ω=-0.014 ok=True iters=9
20:46:24 [INFO] [PROG] s*=5.09/5.28 (96.4%) dist_goal=0.15
20:46:24 [INFO] [MPC] state=(+3.09,+5.19,-1.55) wp0=(+3.14,+5.15) v=+0.030 ω=-0.011 ok=True iters=9
20:46:24 [INFO] [PROG] s*=5.09/5.28 (96.4%) dist_goal=0.14
20:46:24 [INFO] [MPC] state=(+3.09,+5.18,-1.55) wp0=(+3.14,+5.15) v=+0.030 ω=-0.010 ok=True iters=10
20:46:24 [INFO] [PROG] s*=5.09/5.28 (96.4%) dist_goal=0.14
20:46:24 [INFO] [MPC] state=(+3.09,+5.18,-1.55) wp0=(+3.14,+5.15) v=+0.030 ω=-0.010 ok=True iters=10
20:46:24 [INFO] [PROG] s*=5.09/5.28 (96.4%) dist_goal=0.14
20:46:24 [INFO] [MPC] state=(+3.09,+5.18,-1.56) wp0=(+3.14,+5.15) v=+0.030 ω=-0.008 ok=True iters=10
20:46:24 [INFO] [PROG] s*=5.09/5.28 (96.4%) dist_goal=0.14
20:46:24 [INFO] [MPC] state=(+3.09,+5.17,-1.56) wp0=(+3.14,+5.15) v=+0.030 ω=-0.009 ok=True iters=11
20:46:24 [INFO] [PROG] s*=5.09/5.28 (96.4%) dist_goal=0.13
20:46:24 [INFO] [MPC] state=(+3.09,+5.17,-1.56) wp0=(+3.14,+5.15) v=+0.030 ω=-0.007 ok=True iters=11
20:46:24 [INFO] [PROG] s*=5.09/5.28 (96.4%) dist_goal=0.13
20:46:24 [INFO] [MPC] state=(+3.09,+5.17,-1.56) wp0=(+3.14,+5.15) v=+0.030 ω=-0.006 ok=True iters=11
20:46:24 [INFO] [PROG] s*=5.09/5.28 (96.4%) dist_goal=0.13
20:46:24 [INFO] [MPC] state=(+3.09,+5.17,-1.56) wp0=(+3.14,+5.15) v=+0.030 ω=-0.004 ok=True iters=10
20:46:24 [INFO] [PROG] s*=5.09/5.28 (96.4%) dist_goal=0.13
20:46:24 [INFO] [MPC] state=(+3.09,+5.16,-1.56) wp0=(+3.14,+5.15) v=+0.030 ω=-0.003 ok=True iters=10
20:46:24 [INFO] [PROG] s*=5.09/5.28 (96.4%) dist_goal=0.12
20:46:24 [INFO] [MPC] state=(+3.09,+5.16,-1.56) wp0=(+3.14,+5.15) v=+0.030 ω=-0.004 ok=True iters=10
20:46:24 [INFO] [PROG] s*=5.09/5.28 (96.4%) dist_goal=0.12
20:46:24 [INFO] [MPC] state=(+3.09,+5.16,-1.56) wp0=(+3.14,+5.15) v=+0.030 ω=-0.002 ok=True iters=10
20:46:24 [INFO] [PROG] s*=5.09/5.28 (96.4%) dist_goal=0.12
20:46:24 [INFO] [MPC] state=(+3.09,+5.15,-1.56) wp0=(+3.14,+5.15) v=+0.030 ω=-0.003 ok=True iters=9
20:46:24 [INFO] [PROG] s*=5.09/5.28 (96.4%) dist_goal=0.12
20:46:24 [INFO] [MPC] state=(+3.09,+5.15,-1.56) wp0=(+3.14,+5.15) v=+0.030 ω=-0.001 ok=True iters=5
20:46:24 [INFO] [PROG] s*=5.09/5.28 (96.4%) dist_goal=0.11
20:46:24 [INFO] [MPC] state=(+3.09,+5.15,-1.56) wp0=(+3.14,+5.15) v=+0.030 ω=-0.003 ok=True iters=5
20:46:24 [INFO] [PROG] s*=5.09/5.28 (96.4%) dist_goal=0.11
20:46:24 [INFO] [MPC] state=(+3.09,+5.15,-1.56) wp0=(+3.14,+5.15) v=+0.030 ω=-0.002 ok=True iters=5
20:46:24 [INFO] [PROG] s*=5.09/5.28 (96.4%) dist_goal=0.11
20:46:24 [INFO] [MPC] state=(+3.09,+5.14,-1.56) wp0=(+3.14,+5.15) v=+0.030 ω=-0.009 ok=True iters=5
20:46:24 [INFO] [PROG] s*=5.09/5.28 (96.4%) dist_goal=0.11
20:46:24 [INFO] [MPC] state=(+3.09,+5.14,-1.56) wp0=(+3.14,+5.15) v=+0.030 ω=+0.001 ok=True iters=5
20:46:24 [INFO] [PROG] s*=5.09/5.28 (96.4%) dist_goal=0.10
20:46:24 [INFO] [MPC] state=(+3.09,+5.14,-1.56) wp0=(+3.14,+5.15) v=+0.030 ω=+0.001 ok=True iters=5
20:46:24 [INFO] [PROG] s*=5.09/5.28 (96.4%) dist_goal=0.10
20:46:24 [INFO] [MPC] state=(+3.09,+5.13,-1.56) wp0=(+3.14,+5.15) v=+0.030 ω=-0.003 ok=True iters=5
20:46:24 [INFO] [PROG] s*=5.09/5.28 (96.4%) dist_goal=0.10
20:46:24 [INFO] [MPC] state=(+3.09,+5.13,-1.56) wp0=(+3.14,+5.15) v=+0.030 ω=-0.000 ok=True iters=5
20:46:24 [INFO] [PROG] s*=5.09/5.28 (96.4%) dist_goal=0.10
20:46:24 [INFO] [MPC] state=(+3.09,+5.13,-1.56) wp0=(+3.14,+5.15) v=+0.030 ω=-0.003 ok=True iters=5
