21:40:39 [INFO] === New MPC Session Started ===
21:40:39 [DEBUG] matplotlib data path: /usr/share/matplotlib/mpl-data
21:40:39 [DEBUG] CONFIGDIR=/home/max/.config/matplotlib
21:40:39 [DEBUG] interactive is False
21:40:39 [DEBUG] platform is linux
21:40:39 [DEBUG] loaded modules: ['sys', 'builtins', '_frozen_importlib', '_imp', '_thread', '_warnings', '_weakref', '_io', 'marshal', 'posix', '_frozen_importlib_external', 'time', 'zipimport', '_codecs', 'codecs', 'encodings.aliases', 'encodings', 'encodings.utf_8', '_signal', '_abc', 'abc', 'io', '__main__', '_stat', 'stat', '_collections_abc', 'genericpath', 'posixpath', 'os.path', 'os', '_sitebuiltins', 'types', 'importlib._bootstrap', 'importlib._bootstrap_external', 'warnings', 'importlib', 'importlib._abc', 'itertools', 'keyword', '_operator', 'operator', 'reprlib', '_collections', 'collections', '_functools', 'functools', 'contextlib', 'importlib.util', 'importlib.machinery', 'mpl_toolkits', 'phply', 'ruamel', 'zope', 'apport_python_hook', 'sitecustomize', 'site', 'crowdnav', 'crowdnav.env', 'gym.error', 'gym.version', 'collections.abc', 'enum', '_sre', 'sre_constants', 'sre_parse', 'sre_compile', '_locale', 'copyreg', 're', 'typing.io', 'typing.re', 'typing', 'numpy._utils._convertions', 'numpy._utils', 'numpy._globals', 'numpy.exceptions', 'numpy.version', 'numpy._distributor_init', 'numpy._utils._inspect', 'math', '_datetime', 'datetime', 'numpy.core._exceptions', 'numpy.dtypes', 'numpy.core._multiarray_umath', 'numpy.core.overrides', 'numpy.core.multiarray', 'numpy.core.umath', 'numbers', 'numpy.core._string_helpers', 'fnmatch', 'ntpath', 'errno', 'urllib', 'ipaddress', 'urllib.parse', 'pathlib', '_struct', 'struct', '_compat_pickle', '_pickle', 'pickle', 'numpy.compat.py3k', 'numpy.compat', 'numpy.core._dtype', 'numpy.core._type_aliases', 'numpy.core.numerictypes', '_contextvars', 'contextvars', 'numpy.core._ufunc_config', 'numpy.core._methods', 'numpy.core.fromnumeric', 'numpy.core.shape_base', 'numpy.core.arrayprint', 'numpy.core._asarray', 'numpy.core.numeric', 'numpy.core.defchararray', 'numpy.core.records', 'numpy.core.memmap', 'numpy.core.function_base', 'numpy.core._machar', 'numpy.core.getlimits', 'numpy.core.einsumfunc', 'numpy.core._multiarray_tests', 'numpy.core._add_newdocs', 'numpy.core._add_newdocs_scalars', 'numpy.core._dtype_ctypes', '_ast', 'ast', '_ctypes', 'ctypes._endian', 'ctypes', 'numpy.core._internal', 'numpy._pytesttester', 'numpy.core', 'numpy.__config__', 'numpy.lib.mixins', 'numpy.lib.ufunclike', 'numpy.lib.type_check', 'numpy.lib.scimath', 'numpy.lib.stride_tricks', 'numpy.lib.twodim_base', 'numpy.linalg._umath_linalg', '__future__', 'numpy._typing._nested_sequence', 'numpy._typing._nbit', 'numpy._typing._char_codes', 'numpy._typing._scalars', 'numpy._typing._shape', 'numpy._typing._dtype_like', 'numpy._typing._array_like', 'numpy._typing', 'numpy.linalg.linalg', 'numpy.linalg', 'numpy.matrixlib.defmatrix', 'numpy.matrixlib', 'numpy.lib.histograms', 'numpy.lib.function_base', 'numpy.lib.index_tricks', 'numpy.lib.nanfunctions', 'numpy.lib.shape_base', 'numpy.lib.polynomial', 'textwrap', 'signal', '_weakrefset', 'threading', 'fcntl', '_posixsubprocess', 'select', 'selectors', 'subprocess', 'platform', 'numpy.lib.utils', 'numpy.lib.arraysetops', 'weakref', 'numpy.lib.format', 'numpy.lib._datasource', 'numpy.lib._iotools', 'numpy.lib.npyio', 'numpy.lib.arrayterator', 'numpy.lib.arraypad', 'numpy.lib._version', 'numpy.lib', 'numpy.fft._pocketfft_internal', 'numpy.fft._pocketfft', 'numpy.fft.helper', 'numpy.fft', 'numpy.polynomial.polyutils', 'numpy.polynomial._polybase', 'numpy.polynomial.polynomial', 'numpy.polynomial.chebyshev', 'numpy.polynomial.legendre', 'numpy.polynomial.hermite', 'numpy.polynomial.hermite_e', 'numpy.polynomial.laguerre', 'numpy.polynomial', 'cython_runtime', '_cython_3_0_8', 'numpy.random._common', 'binascii', 'base64', '_hashlib', '_blake2', 'hashlib', 'hmac', '_bisect', 'bisect', '_random', '_sha512', 'random', 'secrets', 'numpy.random.bit_generator', 'numpy.random._bounded_integers', 'numpy.random._mt19937', 'numpy.random.mtrand', 'numpy.random._philox', 'numpy.random._pcg64', 'numpy.random._sfc64', 'numpy.random._generator', 'numpy.random._pickle', 'numpy.random', 'numpy.ctypeslib', '_opcode', 'opcode', 'dis', 'token', 'tokenize', 'linecache', 'inspect', 'numpy.ma.core', 'numpy.ma.extras', 'numpy.ma', 'numpy', 'gym.utils.colorize', 'gym.utils.ezpickle', 'gym.utils', 'gym.logger', 'gym.utils.seeding', 'gym.spaces.space', 'gym.spaces.box', 'gym.spaces.dict', 'gym.spaces.discrete', 'gym.spaces.multi_discrete', 'gym.spaces.graph', 'gym.spaces.multi_binary', 'gym.spaces.sequence', 'gym.spaces.text', 'gym.spaces.tuple', 'gym.spaces.utils', 'gym.spaces', 'gym.core', 'copy', '_heapq', 'heapq', 'difflib', 'dataclasses', 'cv2.load_config_py3', 'cv2.version', 'numpy._core', 'numpy._core._multiarray_umath', 'cv2.gapi.core', 'cv2.gapi.core.cpu', 'cv2.gapi.core.fluid', 'cv2.gapi.core.ocl', 'cv2.gapi.ie', 'cv2.gapi.ie.detail', 'cv2.gapi.imgproc', 'cv2.gapi.imgproc.fluid', 'cv2.gapi.oak', 'cv2.gapi.onnx', 'cv2.gapi.onnx.ep', 'cv2.gapi.ot', 'cv2.gapi.ot.cpu', 'cv2.gapi.ov', 'cv2.gapi.own', 'cv2.gapi.own.detail', 'cv2.gapi.render', 'cv2.gapi.render.ocv', 'cv2.gapi.streaming', 'cv2.gapi.video', 'cv2.gapi.wip', 'cv2.gapi.wip.draw', 'cv2.gapi.wip.gst', 'cv2.gapi.wip.onevpl', 'cv2.utils.fs', 'cv2.utils.nested', 'cv2.gapi', 'cv2.ogl', 'cv2.data', 'cv2.detail', 'cv2.flann', 'cv2.ml', 'cv2.aruco', 'cv2.qt', 'cv2.utils', 'cv2.typing', 'cv2.samples', 'cv2.barcode', 'cv2.segmentation', 'cv2.ocl', 'cv2.cuda', 'cv2.parallel', 'cv2.dnn', 'cv2.Error', 'cv2.videoio_registry', 'cv2.ipp', 'cv2.fisheye', 'cv2.misc.version', 'cv2.misc', 'cv2.mat_wrapper', 'cv2', 'gym.wrappers.atari_preprocessing', 'gym.wrappers.autoreset', 'gym.wrappers.clip_action', 'gym.wrappers.filter_observation', 'gym.wrappers.flatten_observation', 'gym.wrappers.frame_stack', 'gym.wrappers.gray_scale_observation', 'gym.wrappers.human_rendering', 'gym.wrappers.normalize', 'gym.wrappers.order_enforcing', 'gym.wrappers.record_episode_statistics', 'gym.wrappers.monitoring', '_json', 'json.scanner', 'json.decoder', 'json.encoder', 'json', 'zlib', '_compression', '_bz2', 'bz2', '_lzma', 'lzma', 'shutil', 'tempfile', 'gym.wrappers.monitoring.video_recorder', 'gym.wrappers.record_video', 'gym.wrappers.render_collection', 'gym.wrappers.rescale_action', 'gym.wrappers.resize_observation', 'gym.utils.step_api_compatibility', 'gym.wrappers.step_api_compatibility', 'gym.wrappers.time_aware_observation', 'gym.wrappers.time_limit', 'gym.wrappers.transform_observation', 'gym.wrappers.transform_reward', 'gym.wrappers.vector_list_info', 'gym.wrappers', 'gym.wrappers.compatibility', 'gym.utils.passive_env_checker', 'gym.wrappers.env_checker', '_csv', 'csv', 'email', 'zipfile', 'uu', 'quopri', '_socket', 'array', 'socket', 'locale', 'calendar', 'email._parseaddr', 'email.base64mime', '_string', 'string', 'email.quoprimime', 'email.errors', 'email.encoders', 'email.charset', 'email.utils', 'email.header', 'email._policybase', 'email._encoded_words', 'email.iterators', 'email.message', 'importlib.metadata._functools', 'importlib.metadata._text', 'importlib.metadata._adapters', 'importlib.metadata._meta', 'importlib.metadata._collections', 'importlib.metadata._itertools', 'importlib.abc', 'importlib.metadata', 'gym.envs.registration', 'gym.envs', 'multiprocessing.process', 'multiprocessing.reduction', 'multiprocessing.context', '__mp_main__', 'multiprocessing', 'gym.vector.utils.misc', 'gym.vector.utils.numpy_utils', 'gym.vector.utils.shared_memory', 'gym.vector.utils.spaces', 'gym.vector.utils', 'gym.vector.vector_env', 'gym.vector.async_vector_env', 'gym.vector.sync_vector_env', 'gym.vector', 'gym_notices', 'gym_notices.notices', 'gym', 'pybullet', 'pybullet_data', 'traceback', 'atexit', 'logging', 'crowdnav.logger_setup', 'crowdnav.config', 'crowdnav.kinematics', 'crowdnav.dynamics', 'crowdnav.sensors', 'crowdnav.control', 'crowdnav.control.align', 'crowdnav.control.track', 'crowdnav.planning', 'swig_runtime_data4', 'casadi._casadi', 'casadi.casadi', 'casadi', 'crowdnav.planning.mpc_runner', 'crowdnav.planning.path_mgr', 'crowdnav.utils2', 'crowdnav.utils2.coord', 'crowdnav.planning.path_math', 'crowdnav.utils', 'matplotlib', 'pprint', 'packaging.__about__', 'packaging', 'packaging._structures', 'packaging.version', 'matplotlib._api.deprecation', 'matplotlib._api', 'matplotlib._version', 'gzip', 'shlex', 'matplotlib._c_internal_utils', 'matplotlib.cbook', 'matplotlib.docstring', 'PIL._version', 'PIL', 'PIL.ImageMode', 'PIL.TiffTags', 'PIL._binary', 'PIL._util', 'PIL._imaging', 'PIL.Image', 'PIL.ImageChops', 'PIL.ImageFile', 'PIL.GimpGradientFile', 'PIL.GimpPaletteFile', 'PIL.ImageColor', 'PIL.PaletteFile', 'PIL.ImagePalette', 'PIL.ImageSequence', 'PIL.PngImagePlugin', 'matplotlib._path', 'matplotlib.bezier', 'matplotlib.path', 'matplotlib.transforms', 'matplotlib.ticker', 'matplotlib.scale', 'matplotlib._color_data', 'matplotlib.colors', 'pyparsing', 'matplotlib.fontconfig_pattern', 'matplotlib._enums', 'cycler', 'matplotlib.rcsetup', 'matplotlib.ft2font', 'dateutil._version', 'dateutil', 'kiwisolver']
21:40:39 [DEBUG] CACHEDIR=/home/max/.cache/matplotlib
21:40:39 [DEBUG] Using fontManager instance from /home/max/.cache/matplotlib/fontlist-v330.json
21:40:39 [DEBUG] Loaded backend TkAgg version unknown.
21:40:39 [INFO] CrowdNavPyBulletEnv initializing...
21:40:43 [INFO] World ready | grid: (112, 112), res: 0.1, N=10, T=0.1
21:40:44 [INFO] [PROG] s*=0.05/5.34 (1.0%) dist_goal=2.73
21:40:44 [INFO] [MPC] state=(-0.13,-2.64,-1.61) wp0=(-0.15,-2.68) v=+0.200 ω=-2.400 ok=True iters=12
21:40:44 [INFO] [PROG] s*=0.05/5.34 (1.0%) dist_goal=2.74
21:40:44 [INFO] [MPC] state=(-0.13,-2.64,-1.72) wp0=(-0.15,-2.68) v=+0.200 ω=-2.400 ok=True iters=12
21:40:44 [INFO] [PROG] s*=0.06/5.34 (1.1%) dist_goal=2.75
21:40:45 [INFO] [MPC] state=(-0.13,-2.65,-1.84) wp0=(-0.15,-2.69) v=+0.200 ω=-2.400 ok=True iters=10
21:40:45 [INFO] [PROG] s*=0.09/5.34 (1.7%) dist_goal=2.75
21:40:45 [INFO] [MPC] state=(-0.14,-2.66,-1.97) wp0=(-0.15,-2.72) v=+0.200 ω=-2.400 ok=True iters=8
21:40:45 [INFO] [PROG] s*=0.10/5.34 (1.9%) dist_goal=2.76
21:40:45 [INFO] [MPC] state=(-0.14,-2.67,-2.10) wp0=(-0.15,-2.73) v=+0.200 ω=-2.400 ok=True iters=9
21:40:45 [INFO] [PROG] s*=0.11/5.34 (2.1%) dist_goal=2.76
21:40:45 [INFO] [MPC] state=(-0.15,-2.68,-2.23) wp0=(-0.15,-2.74) v=+0.200 ω=-1.986 ok=True iters=10
21:40:45 [INFO] [PROG] s*=0.12/5.34 (2.3%) dist_goal=2.77
21:40:45 [INFO] [MPC] state=(-0.16,-2.69,-2.33) wp0=(-0.15,-2.75) v=+0.200 ω=-0.615 ok=True iters=7
21:40:45 [INFO] [PROG] s*=0.14/5.34 (2.6%) dist_goal=2.77
21:40:45 [INFO] [MPC] state=(-0.17,-2.70,-2.37) wp0=(-0.15,-2.77) v=+0.200 ω=+0.682 ok=True iters=7
21:40:45 [INFO] [PROG] s*=0.15/5.34 (2.8%) dist_goal=2.78
21:40:45 [INFO] [MPC] state=(-0.18,-2.72,-2.33) wp0=(-0.15,-2.78) v=+0.200 ω=+0.919 ok=True iters=6
21:40:45 [INFO] [PROG] s*=0.16/5.34 (3.0%) dist_goal=2.79
21:40:45 [INFO] [MPC] state=(-0.19,-2.73,-2.28) wp0=(-0.15,-2.79) v=+0.200 ω=+0.929 ok=True iters=6
21:40:45 [INFO] [PROG] s*=0.17/5.34 (3.2%) dist_goal=2.79
21:40:45 [INFO] [MPC] state=(-0.20,-2.74,-2.23) wp0=(-0.15,-2.80) v=+0.200 ω=+2.025 ok=True iters=7
21:40:45 [INFO] [PROG] s*=0.18/5.34 (3.4%) dist_goal=2.80
21:40:45 [INFO] [MPC] state=(-0.21,-2.75,-2.12) wp0=(-0.15,-2.81) v=+0.200 ω=+1.781 ok=True iters=7
21:40:45 [INFO] [PROG] s*=0.20/5.34 (3.7%) dist_goal=2.81
21:40:45 [INFO] [MPC] state=(-0.22,-2.76,-2.03) wp0=(-0.15,-2.83) v=+0.200 ω=+1.537 ok=True iters=6
21:40:45 [INFO] [PROG] s*=0.21/5.34 (3.9%) dist_goal=2.82
21:40:45 [INFO] [MPC] state=(-0.22,-2.78,-1.94) wp0=(-0.15,-2.84) v=+0.200 ω=+1.968 ok=True iters=6
21:40:45 [INFO] [PROG] s*=0.22/5.34 (4.1%) dist_goal=2.83
21:40:45 [INFO] [MPC] state=(-0.23,-2.79,-1.84) wp0=(-0.15,-2.85) v=+0.200 ω=+1.363 ok=True iters=7
21:40:45 [INFO] [PROG] s*=0.23/5.34 (4.4%) dist_goal=2.84
21:40:45 [INFO] [MPC] state=(-0.23,-2.80,-1.76) wp0=(-0.15,-2.86) v=+0.200 ω=+1.738 ok=True iters=8
21:40:45 [INFO] [PROG] s*=0.25/5.34 (4.6%) dist_goal=2.85
21:40:45 [INFO] [MPC] state=(-0.23,-2.81,-1.67) wp0=(-0.15,-2.88) v=+0.200 ω=+1.411 ok=True iters=7
21:40:45 [INFO] [PROG] s*=0.26/5.34 (4.9%) dist_goal=2.86
21:40:45 [INFO] [MPC] state=(-0.23,-2.83,-1.60) wp0=(-0.15,-2.89) v=+0.200 ω=+1.008 ok=True iters=7
21:40:45 [INFO] [PROG] s*=0.28/5.34 (5.2%) dist_goal=2.88
21:40:45 [INFO] [MPC] state=(-0.23,-2.84,-1.54) wp0=(-0.15,-2.91) v=+0.200 ω=+0.925 ok=True iters=7
21:40:45 [INFO] [PROG] s*=0.30/5.34 (5.5%) dist_goal=2.90
21:40:45 [INFO] [MPC] state=(-0.23,-2.86,-1.50) wp0=(-0.15,-2.93) v=+0.200 ω=+0.593 ok=True iters=7
21:40:45 [INFO] [PROG] s*=0.32/5.34 (5.9%) dist_goal=2.91
21:40:45 [INFO] [MPC] state=(-0.23,-2.88,-1.47) wp0=(-0.15,-2.95) v=+0.200 ω=+0.202 ok=True iters=7
21:40:45 [INFO] [PROG] s*=0.34/5.34 (6.3%) dist_goal=2.93
21:40:45 [INFO] [MPC] state=(-0.23,-2.90,-1.45) wp0=(-0.15,-2.97) v=+0.200 ω=+0.114 ok=True iters=7
21:40:45 [INFO] [PROG] s*=0.35/5.34 (6.6%) dist_goal=2.95
21:40:45 [INFO] [MPC] state=(-0.23,-2.92,-1.44) wp0=(-0.15,-2.98) v=+0.200 ω=-0.666 ok=True iters=8
21:40:45 [INFO] [PROG] s*=0.37/5.34 (7.0%) dist_goal=2.97
21:40:45 [INFO] [MPC] state=(-0.22,-2.93,-1.48) wp0=(-0.15,-3.00) v=+0.200 ω=-0.396 ok=True iters=8
21:40:45 [INFO] [PROG] s*=0.39/5.34 (7.3%) dist_goal=2.99
21:40:45 [INFO] [MPC] state=(-0.22,-2.95,-1.50) wp0=(-0.15,-3.02) v=+0.200 ω=-0.412 ok=True iters=8
21:40:45 [INFO] [PROG] s*=0.41/5.34 (7.7%) dist_goal=3.00
21:40:45 [INFO] [MPC] state=(-0.22,-2.97,-1.53) wp0=(-0.15,-3.04) v=+0.200 ω=-0.825 ok=True iters=8
21:40:45 [INFO] [PROG] s*=0.43/5.34 (8.0%) dist_goal=3.02
21:40:45 [INFO] [MPC] state=(-0.22,-2.99,-1.58) wp0=(-0.15,-3.06) v=+0.200 ω=-0.768 ok=True iters=8
21:40:45 [INFO] [PROG] s*=0.45/5.34 (8.3%) dist_goal=3.03
21:40:45 [INFO] [MPC] state=(-0.22,-3.01,-1.63) wp0=(-0.15,-3.08) v=+0.200 ω=-0.462 ok=True iters=8
21:40:45 [INFO] [PROG] s*=0.46/5.34 (8.7%) dist_goal=3.05
21:40:45 [INFO] [MPC] state=(-0.22,-3.03,-1.66) wp0=(-0.15,-3.09) v=+0.200 ω=+0.312 ok=True iters=8
21:40:45 [INFO] [PROG] s*=0.48/5.34 (9.1%) dist_goal=3.07
21:40:45 [INFO] [MPC] state=(-0.22,-3.04,-1.64) wp0=(-0.15,-3.11) v=+0.200 ω=+0.300 ok=True iters=9
21:40:45 [INFO] [PROG] s*=0.50/5.34 (9.4%) dist_goal=3.09
21:40:45 [INFO] [MPC] state=(-0.22,-3.06,-1.62) wp0=(-0.15,-3.13) v=+0.200 ω=+0.277 ok=True iters=9
21:40:45 [INFO] [PROG] s*=0.52/5.34 (9.8%) dist_goal=3.10
21:40:45 [INFO] [MPC] state=(-0.23,-3.08,-1.60) wp0=(-0.15,-3.15) v=+0.200 ω=+0.086 ok=True iters=9
21:40:45 [INFO] [PROG] s*=0.54/5.34 (10.1%) dist_goal=3.12
21:40:45 [INFO] [MPC] state=(-0.23,-3.10,-1.59) wp0=(-0.15,-3.17) v=+0.200 ω=-0.499 ok=True iters=8
21:40:45 [INFO] [PROG] s*=0.56/5.34 (10.5%) dist_goal=3.14
21:40:45 [INFO] [MPC] state=(-0.23,-3.12,-1.62) wp0=(-0.15,-3.19) v=+0.200 ω=-0.416 ok=True iters=8
21:40:45 [INFO] [PROG] s*=0.58/5.34 (10.9%) dist_goal=3.16
21:40:45 [INFO] [MPC] state=(-0.23,-3.14,-1.65) wp0=(-0.15,-3.21) v=+0.200 ω=-0.031 ok=True iters=8
21:40:45 [INFO] [PROG] s*=0.60/5.34 (11.2%) dist_goal=3.17
21:40:45 [INFO] [MPC] state=(-0.23,-3.16,-1.66) wp0=(-0.15,-3.23) v=+0.200 ω=-0.850 ok=True iters=8
21:40:45 [INFO] [PROG] s*=0.62/5.34 (11.5%) dist_goal=3.19
21:40:45 [INFO] [MPC] state=(-0.23,-3.18,-1.70) wp0=(-0.15,-3.25) v=+0.200 ω=-0.639 ok=True iters=9
21:40:45 [INFO] [PROG] s*=0.71/5.34 (13.2%) dist_goal=3.20
21:40:45 [INFO] [MPC] state=(-0.23,-3.20,-1.74) wp0=(-0.21,-3.31) v=+0.200 ω=-0.657 ok=True iters=9
21:40:45 [INFO] [PROG] s*=0.72/5.34 (13.5%) dist_goal=3.21
21:40:45 [INFO] [MPC] state=(-0.24,-3.21,-1.78) wp0=(-0.22,-3.32) v=+0.200 ω=-1.613 ok=True iters=9
21:40:45 [INFO] [PROG] s*=0.73/5.34 (13.7%) dist_goal=3.23
21:40:45 [INFO] [MPC] state=(-0.24,-3.23,-1.86) wp0=(-0.23,-3.33) v=+0.200 ω=-1.465 ok=True iters=7
21:40:45 [INFO] [PROG] s*=0.75/5.34 (14.0%) dist_goal=3.24
21:40:45 [INFO] [MPC] state=(-0.25,-3.24,-1.94) wp0=(-0.24,-3.34) v=+0.200 ω=-1.088 ok=True iters=9
21:40:45 [INFO] [PROG] s*=0.77/5.34 (14.3%) dist_goal=3.25
21:40:45 [INFO] [MPC] state=(-0.25,-3.26,-2.00) wp0=(-0.25,-3.35) v=+0.200 ω=-0.988 ok=True iters=9
21:40:45 [INFO] [PROG] s*=0.78/5.34 (14.6%) dist_goal=3.26
21:40:45 [INFO] [MPC] state=(-0.26,-3.27,-2.05) wp0=(-0.27,-3.35) v=+0.200 ω=-0.852 ok=True iters=9
21:40:45 [INFO] [PROG] s*=0.84/5.34 (15.7%) dist_goal=3.27
21:40:45 [INFO] [MPC] state=(-0.27,-3.29,-2.10) wp0=(-0.33,-3.35) v=+0.200 ω=-0.807 ok=True iters=9
21:40:45 [INFO] [PROG] s*=0.85/5.34 (15.9%) dist_goal=3.28
21:40:45 [INFO] [MPC] state=(-0.28,-3.30,-2.15) wp0=(-0.34,-3.35) v=+0.200 ω=-0.842 ok=True iters=8
21:40:45 [INFO] [PROG] s*=0.86/5.34 (16.1%) dist_goal=3.29
21:40:45 [INFO] [MPC] state=(-0.29,-3.32,-2.20) wp0=(-0.35,-3.35) v=+0.200 ω=-0.790 ok=True iters=8
21:40:45 [INFO] [PROG] s*=0.87/5.34 (16.3%) dist_goal=3.30
21:40:45 [INFO] [MPC] state=(-0.30,-3.33,-2.24) wp0=(-0.36,-3.35) v=+0.200 ω=-0.800 ok=True iters=8
21:40:45 [INFO] [PROG] s*=0.89/5.34 (16.6%) dist_goal=3.31
21:40:45 [INFO] [MPC] state=(-0.31,-3.35,-2.29) wp0=(-0.37,-3.35) v=+0.200 ω=-0.780 ok=True iters=8
21:40:45 [INFO] [PROG] s*=0.90/5.34 (16.8%) dist_goal=3.32
21:40:45 [INFO] [MPC] state=(-0.32,-3.36,-2.33) wp0=(-0.39,-3.35) v=+0.200 ω=-0.832 ok=True iters=8
21:40:45 [INFO] [PROG] s*=0.91/5.34 (17.1%) dist_goal=3.32
21:40:45 [INFO] [MPC] state=(-0.34,-3.37,-2.38) wp0=(-0.40,-3.35) v=+0.200 ω=-0.784 ok=True iters=8
21:40:45 [INFO] [PROG] s*=0.92/5.34 (17.3%) dist_goal=3.33
21:40:45 [INFO] [MPC] state=(-0.35,-3.38,-2.42) wp0=(-0.41,-3.35) v=+0.200 ω=-0.598 ok=True iters=8
21:40:45 [INFO] [PROG] s*=0.94/5.34 (17.6%) dist_goal=3.34
21:40:45 [INFO] [MPC] state=(-0.36,-3.40,-2.45) wp0=(-0.43,-3.35) v=+0.200 ω=-0.765 ok=True iters=8
21:40:45 [INFO] [PROG] s*=0.95/5.34 (17.9%) dist_goal=3.34
21:40:45 [INFO] [MPC] state=(-0.38,-3.41,-2.50) wp0=(-0.44,-3.35) v=+0.200 ω=-0.752 ok=True iters=8
21:40:45 [INFO] [PROG] s*=0.97/5.34 (18.1%) dist_goal=3.35
21:40:45 [INFO] [MPC] state=(-0.39,-3.42,-2.54) wp0=(-0.46,-3.35) v=+0.200 ω=-0.522 ok=True iters=8
21:40:45 [INFO] [PROG] s*=0.98/5.34 (18.4%) dist_goal=3.35
21:40:45 [INFO] [MPC] state=(-0.41,-3.43,-2.57) wp0=(-0.47,-3.35) v=+0.200 ω=-0.775 ok=True iters=8
21:40:45 [INFO] [PROG] s*=1.00/5.34 (18.7%) dist_goal=3.35
21:40:45 [INFO] [MPC] state=(-0.42,-3.44,-2.62) wp0=(-0.49,-3.35) v=+0.200 ω=-0.675 ok=True iters=8
21:40:45 [INFO] [PROG] s*=1.02/5.34 (19.0%) dist_goal=3.36
21:40:45 [INFO] [MPC] state=(-0.44,-3.45,-2.65) wp0=(-0.50,-3.35) v=+0.200 ω=-0.926 ok=True iters=8
21:40:45 [INFO] [PROG] s*=1.03/5.34 (19.3%) dist_goal=3.36
21:40:45 [INFO] [MPC] state=(-0.45,-3.46,-2.71) wp0=(-0.52,-3.35) v=+0.200 ω=-0.534 ok=True iters=8
21:40:45 [INFO] [PROG] s*=1.05/5.34 (19.7%) dist_goal=3.36
21:40:45 [INFO] [MPC] state=(-0.47,-3.46,-2.74) wp0=(-0.54,-3.35) v=+0.200 ω=-0.845 ok=True iters=8
21:40:45 [INFO] [PROG] s*=1.07/5.34 (20.0%) dist_goal=3.36
21:40:45 [INFO] [MPC] state=(-0.49,-3.47,-2.78) wp0=(-0.55,-3.35) v=+0.200 ω=-0.797 ok=True iters=8
21:40:45 [INFO] [PROG] s*=1.08/5.34 (20.3%) dist_goal=3.36
21:40:45 [INFO] [MPC] state=(-0.50,-3.48,-2.83) wp0=(-0.57,-3.35) v=+0.200 ω=-0.745 ok=True iters=8
21:40:45 [INFO] [PROG] s*=1.10/5.34 (20.6%) dist_goal=3.36
21:40:45 [INFO] [MPC] state=(-0.52,-3.48,-2.87) wp0=(-0.59,-3.35) v=+0.200 ω=-0.333 ok=True iters=8
21:40:45 [INFO] [PROG] s*=1.12/5.34 (21.0%) dist_goal=3.36
21:40:45 [INFO] [MPC] state=(-0.54,-3.49,-2.90) wp0=(-0.61,-3.35) v=+0.200 ω=-0.353 ok=True iters=8
21:40:45 [INFO] [PROG] s*=1.14/5.34 (21.3%) dist_goal=3.36
21:40:45 [INFO] [MPC] state=(-0.56,-3.49,-2.92) wp0=(-0.63,-3.35) v=+0.200 ω=-0.322 ok=True iters=8
21:40:45 [INFO] [PROG] s*=1.16/5.34 (21.7%) dist_goal=3.36
21:40:45 [INFO] [MPC] state=(-0.58,-3.49,-2.94) wp0=(-0.65,-3.35) v=+0.200 ω=-0.342 ok=True iters=8
21:40:45 [INFO] [PROG] s*=1.18/5.34 (22.0%) dist_goal=3.36
21:40:45 [INFO] [MPC] state=(-0.60,-3.50,-2.96) wp0=(-0.67,-3.35) v=+0.200 ω=-0.786 ok=True iters=8
21:40:45 [INFO] [PROG] s*=1.19/5.34 (22.4%) dist_goal=3.35
21:40:45 [INFO] [MPC] state=(-0.62,-3.50,-3.01) wp0=(-0.68,-3.35) v=+0.200 ω=-0.736 ok=True iters=8
21:40:45 [INFO] [PROG] s*=1.21/5.34 (22.7%) dist_goal=3.35
21:40:45 [INFO] [MPC] state=(-0.63,-3.50,-3.05) wp0=(-0.70,-3.35) v=+0.200 ω=-0.967 ok=True iters=8
21:40:45 [INFO] [PROG] s*=1.23/5.34 (23.0%) dist_goal=3.35
21:40:45 [INFO] [MPC] state=(-0.65,-3.50,-3.10) wp0=(-0.72,-3.35) v=+0.200 ω=-0.330 ok=True iters=8
21:40:45 [INFO] [PROG] s*=1.25/5.34 (23.4%) dist_goal=3.34
21:40:45 [INFO] [MPC] state=(-0.67,-3.50,-3.13) wp0=(-0.74,-3.35) v=+0.200 ω=-0.580 ok=True iters=8
21:40:45 [INFO] [PROG] s*=1.27/5.34 (23.7%) dist_goal=3.34
21:40:45 [INFO] [MPC] state=(-0.69,-3.50,-3.17) wp0=(-0.76,-3.35) v=+0.200 ω=-0.498 ok=True iters=8
21:40:45 [INFO] [PROG] s*=1.29/5.34 (24.1%) dist_goal=3.33
21:40:45 [INFO] [MPC] state=(-0.71,-3.50,-3.20) wp0=(-0.78,-3.35) v=+0.200 ω=-0.406 ok=True iters=8
21:40:45 [INFO] [PROG] s*=1.31/5.34 (24.5%) dist_goal=3.33
21:40:45 [INFO] [MPC] state=(-0.73,-3.50,-3.23) wp0=(-0.80,-3.35) v=+0.200 ω=-0.212 ok=True iters=8
21:40:45 [INFO] [PROG] s*=1.33/5.34 (24.8%) dist_goal=3.32
21:40:45 [INFO] [MPC] state=(-0.75,-3.50,-3.24) wp0=(-0.82,-3.35) v=+0.200 ω=-0.166 ok=True iters=8
21:40:45 [INFO] [PROG] s*=1.35/5.34 (25.2%) dist_goal=3.31
21:40:45 [INFO] [MPC] state=(-0.77,-3.50,-3.26) wp0=(-0.84,-3.35) v=+0.200 ω=-0.115 ok=True iters=8
21:40:45 [INFO] [PROG] s*=1.37/5.34 (25.6%) dist_goal=3.31
21:40:45 [INFO] [MPC] state=(-0.79,-3.50,-3.27) wp0=(-0.86,-3.35) v=+0.200 ω=-0.058 ok=True iters=7
21:40:45 [INFO] [PROG] s*=1.39/5.34 (26.0%) dist_goal=3.30
21:40:45 [INFO] [MPC] state=(-0.81,-3.49,-3.27) wp0=(-0.87,-3.35) v=+0.200 ω=+0.245 ok=True iters=7
21:40:45 [INFO] [PROG] s*=1.40/5.34 (26.3%) dist_goal=3.30
21:40:45 [INFO] [MPC] state=(-0.82,-3.49,-3.26) wp0=(-0.89,-3.35) v=+0.200 ω=+0.507 ok=True iters=7
21:40:45 [INFO] [PROG] s*=1.42/5.34 (26.6%) dist_goal=3.29
21:40:45 [INFO] [MPC] state=(-0.84,-3.49,-3.22) wp0=(-0.91,-3.35) v=+0.200 ω=+0.448 ok=True iters=7
21:40:45 [INFO] [PROG] s*=1.44/5.34 (27.0%) dist_goal=3.29
21:40:45 [INFO] [MPC] state=(-0.86,-3.49,-3.20) wp0=(-0.93,-3.35) v=+0.200 ω=-0.136 ok=True iters=7
21:40:45 [INFO] [PROG] s*=1.46/5.34 (27.4%) dist_goal=3.28
21:40:45 [INFO] [MPC] state=(-0.88,-3.49,-3.21) wp0=(-0.95,-3.35) v=+0.200 ω=+0.443 ok=True iters=7
21:40:45 [INFO] [PROG] s*=1.48/5.34 (27.7%) dist_goal=3.28
21:40:45 [INFO] [MPC] state=(-0.90,-3.49,-3.18) wp0=(-0.97,-3.35) v=+0.200 ω=+0.232 ok=True iters=7
21:40:45 [INFO] [PROG] s*=1.50/5.34 (28.1%) dist_goal=3.27
21:40:45 [INFO] [MPC] state=(-0.92,-3.48,-3.17) wp0=(-0.99,-3.35) v=+0.200 ω=+0.205 ok=True iters=7
21:40:45 [INFO] [PROG] s*=1.52/5.34 (28.5%) dist_goal=3.27
21:40:45 [INFO] [MPC] state=(-0.94,-3.48,-3.16) wp0=(-1.01,-3.35) v=+0.200 ω=+0.183 ok=True iters=7
21:40:45 [INFO] [PROG] s*=1.54/5.34 (28.8%) dist_goal=3.27
21:40:45 [INFO] [MPC] state=(-0.96,-3.48,-3.14) wp0=(-1.03,-3.35) v=+0.200 ω=+0.154 ok=True iters=7
21:40:45 [INFO] [PROG] s*=1.56/5.34 (29.2%) dist_goal=3.27
21:40:45 [INFO] [MPC] state=(-0.98,-3.48,-3.13) wp0=(-1.05,-3.35) v=+0.200 ω=+0.135 ok=True iters=7
21:40:45 [INFO] [PROG] s*=1.58/5.34 (29.6%) dist_goal=3.26
21:40:45 [INFO] [MPC] state=(-1.00,-3.48,-3.12) wp0=(-1.07,-3.35) v=+0.200 ω=+0.110 ok=True iters=7
21:40:45 [INFO] [PROG] s*=1.60/5.34 (30.0%) dist_goal=3.26
21:40:45 [INFO] [MPC] state=(-1.02,-3.49,-3.11) wp0=(-1.09,-3.35) v=+0.200 ω=+0.084 ok=True iters=7
21:40:45 [INFO] [PROG] s*=1.62/5.34 (30.3%) dist_goal=3.26
21:40:45 [INFO] [MPC] state=(-1.04,-3.49,-3.10) wp0=(-1.11,-3.35) v=+0.200 ω=+0.065 ok=True iters=7
21:40:45 [INFO] [PROG] s*=1.64/5.34 (30.7%) dist_goal=3.26
21:40:45 [INFO] [MPC] state=(-1.06,-3.49,-3.10) wp0=(-1.13,-3.35) v=+0.200 ω=+0.135 ok=True iters=7
21:40:45 [INFO] [PROG] s*=1.66/5.34 (31.1%) dist_goal=3.26
21:40:45 [INFO] [MPC] state=(-1.08,-3.49,-3.09) wp0=(-1.15,-3.35) v=+0.200 ω=+0.103 ok=True iters=7
21:40:45 [INFO] [PROG] s*=1.68/5.34 (31.5%) dist_goal=3.26
21:40:45 [INFO] [MPC] state=(-1.10,-3.49,-3.08) wp0=(-1.17,-3.35) v=+0.200 ω=+0.070 ok=True iters=7
21:40:45 [INFO] [PROG] s*=1.70/5.34 (31.8%) dist_goal=3.26
21:40:45 [INFO] [MPC] state=(-1.12,-3.49,-3.07) wp0=(-1.19,-3.35) v=+0.200 ω=+0.032 ok=True iters=7
21:40:45 [INFO] [PROG] s*=1.72/5.34 (32.2%) dist_goal=3.26
21:40:45 [INFO] [MPC] state=(-1.14,-3.49,-3.06) wp0=(-1.21,-3.35) v=+0.200 ω=+0.005 ok=True iters=7
21:40:45 [INFO] [PROG] s*=1.74/5.34 (32.6%) dist_goal=3.26
21:40:45 [INFO] [MPC] state=(-1.16,-3.49,-3.06) wp0=(-1.23,-3.35) v=+0.200 ω=-0.019 ok=True iters=7
21:40:45 [INFO] [PROG] s*=1.76/5.34 (33.0%) dist_goal=3.26
21:40:45 [INFO] [MPC] state=(-1.18,-3.49,-3.07) wp0=(-1.25,-3.35) v=+0.200 ω=+0.241 ok=True iters=8
21:40:45 [INFO] [PROG] s*=1.78/5.34 (33.3%) dist_goal=3.26
21:40:45 [INFO] [MPC] state=(-1.20,-3.50,-3.05) wp0=(-1.27,-3.35) v=+0.200 ω=+0.168 ok=True iters=8
21:40:45 [INFO] [PROG] s*=1.80/5.34 (33.7%) dist_goal=3.26
21:40:45 [INFO] [MPC] state=(-1.22,-3.50,-3.04) wp0=(-1.29,-3.35) v=+0.200 ω=-0.328 ok=True iters=8
21:40:45 [INFO] [PROG] s*=1.82/5.34 (34.1%) dist_goal=3.26
21:40:45 [INFO] [MPC] state=(-1.24,-3.50,-3.06) wp0=(-1.31,-3.35) v=+0.200 ω=-0.303 ok=True iters=8
21:40:45 [INFO] [PROG] s*=1.84/5.34 (34.4%) dist_goal=3.26
21:40:45 [INFO] [MPC] state=(-1.26,-3.50,-3.08) wp0=(-1.33,-3.35) v=+0.200 ω=-0.227 ok=True iters=8
21:40:45 [INFO] [PROG] s*=1.86/5.34 (34.8%) dist_goal=3.26
21:40:45 [INFO] [MPC] state=(-1.28,-3.50,-3.09) wp0=(-1.35,-3.35) v=+0.200 ω=-0.219 ok=True iters=8
21:40:45 [INFO] [PROG] s*=1.88/5.34 (35.2%) dist_goal=3.26
21:40:45 [INFO] [MPC] state=(-1.30,-3.50,-3.11) wp0=(-1.37,-3.35) v=+0.200 ω=-0.546 ok=True iters=8
21:40:45 [INFO] [PROG] s*=1.90/5.34 (35.5%) dist_goal=3.26
21:40:45 [INFO] [MPC] state=(-1.32,-3.50,-3.15) wp0=(-1.38,-3.35) v=+0.200 ω=-0.493 ok=True iters=9
21:40:45 [INFO] [PROG] s*=1.92/5.34 (35.9%) dist_goal=3.25
21:40:45 [INFO] [MPC] state=(-1.33,-3.50,-3.18) wp0=(-1.40,-3.35) v=+0.200 ω=-0.429 ok=True iters=9
21:40:45 [INFO] [PROG] s*=1.93/5.34 (36.2%) dist_goal=3.25
21:40:45 [INFO] [MPC] state=(-1.35,-3.50,-3.21) wp0=(-1.42,-3.35) v=+0.200 ω=-0.330 ok=True iters=10
21:40:45 [INFO] [PROG] s*=1.95/5.34 (36.6%) dist_goal=3.25
21:40:45 [INFO] [MPC] state=(-1.37,-3.50,-3.23) wp0=(-1.44,-3.35) v=+0.200 ω=-0.606 ok=True iters=8
21:40:45 [INFO] [PROG] s*=1.97/5.34 (36.8%) dist_goal=3.25
21:40:45 [INFO] [MPC] state=(-1.39,-3.50,-3.27) wp0=(-1.46,-3.35) v=+0.200 ω=-1.743 ok=True iters=7
21:40:45 [INFO] [PROG] s*=1.98/5.34 (37.0%) dist_goal=3.24
21:40:45 [INFO] [MPC] state=(-1.41,-3.50,-3.36) wp0=(-1.47,-3.35) v=+0.200 ω=-2.400 ok=True iters=12
21:40:45 [INFO] [PROG] s*=1.99/5.34 (37.3%) dist_goal=3.24
21:40:45 [INFO] [MPC] state=(-1.42,-3.49,-3.48) wp0=(-1.48,-3.35) v=+0.200 ω=-1.997 ok=True iters=8
21:40:45 [INFO] [PROG] s*=2.00/5.34 (37.5%) dist_goal=3.23
21:40:45 [INFO] [MPC] state=(-1.43,-3.49,-3.59) wp0=(-1.49,-3.35) v=+0.200 ω=-1.856 ok=True iters=8
21:40:45 [INFO] [PROG] s*=2.01/5.34 (37.7%) dist_goal=3.22
21:40:45 [INFO] [MPC] state=(-1.44,-3.48,-3.69) wp0=(-1.50,-3.35) v=+0.200 ω=-1.638 ok=True iters=8
21:40:45 [INFO] [PROG] s*=2.03/5.34 (37.9%) dist_goal=3.21
21:40:45 [INFO] [MPC] state=(-1.45,-3.47,-3.77) wp0=(-1.51,-3.35) v=+0.200 ω=-1.595 ok=True iters=8
21:40:45 [INFO] [PROG] s*=2.04/5.34 (38.2%) dist_goal=3.20
21:40:45 [INFO] [MPC] state=(-1.46,-3.46,-3.86) wp0=(-1.53,-3.35) v=+0.200 ω=-1.361 ok=True iters=8
21:40:45 [INFO] [PROG] s*=2.05/5.34 (38.4%) dist_goal=3.19
21:40:45 [INFO] [MPC] state=(-1.48,-3.45,-3.93) wp0=(-1.54,-3.35) v=+0.200 ω=-1.108 ok=True iters=8
21:40:45 [INFO] [PROG] s*=2.06/5.34 (38.6%) dist_goal=3.18
21:40:45 [INFO] [MPC] state=(-1.49,-3.44,-3.99) wp0=(-1.55,-3.35) v=+0.200 ω=-0.834 ok=True iters=8
21:40:45 [INFO] [PROG] s*=2.07/5.34 (38.8%) dist_goal=3.16
21:40:45 [INFO] [MPC] state=(-1.50,-3.43,-4.04) wp0=(-1.55,-3.34) v=+0.200 ω=-0.655 ok=True iters=8
21:40:45 [INFO] [PROG] s*=2.08/5.34 (39.0%) dist_goal=3.15
21:40:45 [INFO] [MPC] state=(-1.51,-3.41,-4.08) wp0=(-1.55,-3.33) v=+0.200 ω=-0.522 ok=True iters=8
21:40:45 [INFO] [PROG] s*=2.09/5.34 (39.2%) dist_goal=3.13
21:40:45 [INFO] [MPC] state=(-1.52,-3.40,-4.11) wp0=(-1.55,-3.32) v=+0.200 ω=-0.531 ok=True iters=8
21:40:45 [INFO] [PROG] s*=2.10/5.34 (39.4%) dist_goal=3.12
21:40:45 [INFO] [MPC] state=(-1.53,-3.38,-4.14) wp0=(-1.55,-3.31) v=+0.200 ω=-0.403 ok=True iters=7
21:40:45 [INFO] [PROG] s*=2.11/5.34 (39.6%) dist_goal=3.10
21:40:45 [INFO] [MPC] state=(-1.54,-3.36,-4.16) wp0=(-1.55,-3.30) v=+0.200 ω=-0.281 ok=True iters=8
21:40:45 [INFO] [PROG] s*=2.13/5.34 (39.9%) dist_goal=3.08
21:40:45 [INFO] [MPC] state=(-1.55,-3.35,-4.18) wp0=(-1.55,-3.28) v=+0.200 ω=-0.237 ok=True iters=7
21:40:45 [INFO] [PROG] s*=2.15/5.34 (40.2%) dist_goal=3.07
21:40:45 [INFO] [MPC] state=(-1.56,-3.33,-4.20) wp0=(-1.55,-3.26) v=+0.200 ω=-0.065 ok=True iters=7
21:40:45 [INFO] [PROG] s*=2.17/5.34 (40.6%) dist_goal=3.05
21:40:45 [INFO] [MPC] state=(-1.57,-3.31,-4.21) wp0=(-1.55,-3.25) v=+0.200 ω=-0.028 ok=True iters=7
21:40:45 [INFO] [PROG] s*=2.18/5.34 (40.9%) dist_goal=3.03
21:40:45 [INFO] [MPC] state=(-1.58,-3.30,-4.21) wp0=(-1.55,-3.23) v=+0.200 ω=-0.100 ok=True iters=7
21:40:45 [INFO] [PROG] s*=2.20/5.34 (41.2%) dist_goal=3.01
21:40:45 [INFO] [MPC] state=(-1.59,-3.28,-4.22) wp0=(-1.55,-3.21) v=+0.200 ω=-0.094 ok=True iters=7
21:40:45 [INFO] [PROG] s*=2.22/5.34 (41.6%) dist_goal=3.00
21:40:45 [INFO] [MPC] state=(-1.60,-3.26,-4.23) wp0=(-1.55,-3.19) v=+0.200 ω=-0.349 ok=True iters=7
21:40:45 [INFO] [PROG] s*=2.24/5.34 (41.9%) dist_goal=2.98
21:40:45 [INFO] [MPC] state=(-1.61,-3.24,-4.25) wp0=(-1.55,-3.17) v=+0.200 ω=-0.341 ok=True iters=7
21:40:45 [INFO] [PROG] s*=2.26/5.34 (42.2%) dist_goal=2.96
21:40:45 [INFO] [MPC] state=(-1.62,-3.22,-4.27) wp0=(-1.55,-3.16) v=+0.200 ω=-0.293 ok=True iters=7
21:40:45 [INFO] [PROG] s*=2.27/5.34 (42.6%) dist_goal=2.94
21:40:45 [INFO] [MPC] state=(-1.63,-3.21,-4.29) wp0=(-1.55,-3.14) v=+0.200 ω=-0.328 ok=True iters=7
21:40:45 [INFO] [PROG] s*=2.29/5.34 (42.9%) dist_goal=2.93
21:40:45 [INFO] [MPC] state=(-1.64,-3.19,-4.32) wp0=(-1.55,-3.12) v=+0.200 ω=-0.362 ok=True iters=7
21:40:45 [INFO] [PROG] s*=2.31/5.34 (43.2%) dist_goal=2.91
21:40:45 [INFO] [MPC] state=(-1.64,-3.17,-4.34) wp0=(-1.55,-3.10) v=+0.200 ω=-0.378 ok=True iters=7
21:40:45 [INFO] [PROG] s*=2.33/5.34 (43.6%) dist_goal=2.89
21:40:45 [INFO] [MPC] state=(-1.65,-3.15,-4.36) wp0=(-1.55,-3.08) v=+0.200 ω=-0.016 ok=True iters=7
21:40:45 [INFO] [PROG] s*=2.35/5.34 (43.9%) dist_goal=2.87
21:40:45 [INFO] [MPC] state=(-1.66,-3.13,-4.37) wp0=(-1.55,-3.06) v=+0.200 ω=-0.118 ok=True iters=7
21:40:45 [INFO] [PROG] s*=2.37/5.34 (44.3%) dist_goal=2.85
21:40:45 [INFO] [MPC] state=(-1.66,-3.11,-4.38) wp0=(-1.55,-3.05) v=+0.200 ω=-0.179 ok=True iters=7
21:40:45 [INFO] [PROG] s*=2.39/5.34 (44.7%) dist_goal=2.84
21:40:45 [INFO] [MPC] state=(-1.67,-3.10,-4.39) wp0=(-1.55,-3.03) v=+0.200 ω=-0.257 ok=True iters=7
21:40:45 [INFO] [PROG] s*=2.40/5.34 (45.0%) dist_goal=2.82
21:40:45 [INFO] [MPC] state=(-1.68,-3.08,-4.41) wp0=(-1.55,-3.01) v=+0.200 ω=-0.282 ok=True iters=7
21:40:45 [INFO] [PROG] s*=2.42/5.34 (45.4%) dist_goal=2.80
21:40:45 [INFO] [MPC] state=(-1.68,-3.06,-4.43) wp0=(-1.55,-2.99) v=+0.200 ω=-0.253 ok=True iters=7
21:40:45 [INFO] [PROG] s*=2.44/5.34 (45.7%) dist_goal=2.78
21:40:45 [INFO] [MPC] state=(-1.69,-3.04,-4.45) wp0=(-1.55,-2.97) v=+0.200 ω=-0.270 ok=True iters=7
21:40:45 [INFO] [PROG] s*=2.46/5.34 (46.1%) dist_goal=2.76
21:40:45 [INFO] [MPC] state=(-1.69,-3.02,-4.46) wp0=(-1.55,-2.95) v=+0.200 ω=-0.218 ok=True iters=7
21:40:45 [INFO] [PROG] s*=2.48/5.34 (46.5%) dist_goal=2.74
21:40:45 [INFO] [MPC] state=(-1.70,-3.00,-4.48) wp0=(-1.55,-2.93) v=+0.200 ω=-0.008 ok=True iters=7
21:40:45 [INFO] [PROG] s*=2.50/5.34 (46.8%) dist_goal=2.72
21:40:45 [INFO] [MPC] state=(-1.70,-2.98,-4.48) wp0=(-1.55,-2.91) v=+0.200 ω=-0.062 ok=True iters=7
21:40:45 [INFO] [PROG] s*=2.52/5.34 (47.2%) dist_goal=2.70
21:40:45 [INFO] [MPC] state=(-1.71,-2.96,-4.49) wp0=(-1.55,-2.89) v=+0.200 ω=-0.062 ok=True iters=7
21:40:45 [INFO] [PROG] s*=2.54/5.34 (47.6%) dist_goal=2.68
21:40:45 [INFO] [MPC] state=(-1.71,-2.94,-4.49) wp0=(-1.55,-2.87) v=+0.200 ω=-0.094 ok=True iters=7
21:40:45 [INFO] [PROG] s*=2.56/5.34 (47.9%) dist_goal=2.67
21:40:45 [INFO] [MPC] state=(-1.72,-2.92,-4.50) wp0=(-1.55,-2.85) v=+0.200 ω=-0.426 ok=True iters=7
21:40:45 [INFO] [PROG] s*=2.58/5.34 (48.3%) dist_goal=2.65
21:40:45 [INFO] [MPC] state=(-1.72,-2.90,-4.53) wp0=(-1.55,-2.83) v=+0.200 ω=-0.038 ok=True iters=7
21:40:45 [INFO] [PROG] s*=2.60/5.34 (48.7%) dist_goal=2.63
21:40:45 [INFO] [MPC] state=(-1.72,-2.88,-4.53) wp0=(-1.55,-2.81) v=+0.200 ω=-0.058 ok=True iters=7
21:40:45 [INFO] [PROG] s*=2.62/5.34 (49.0%) dist_goal=2.61
21:40:45 [INFO] [MPC] state=(-1.73,-2.86,-4.54) wp0=(-1.55,-2.79) v=+0.200 ω=-0.040 ok=True iters=7
21:40:45 [INFO] [PROG] s*=2.64/5.34 (49.4%) dist_goal=2.59
21:40:45 [INFO] [MPC] state=(-1.73,-2.84,-4.54) wp0=(-1.55,-2.77) v=+0.200 ω=-0.063 ok=True iters=7
21:40:45 [INFO] [PROG] s*=2.66/5.34 (49.8%) dist_goal=2.57
21:40:45 [INFO] [MPC] state=(-1.73,-2.82,-4.55) wp0=(-1.55,-2.75) v=+0.200 ω=-0.080 ok=True iters=7
21:40:45 [INFO] [PROG] s*=2.68/5.34 (50.2%) dist_goal=2.55
21:40:45 [INFO] [MPC] state=(-1.74,-2.80,-4.56) wp0=(-1.55,-2.73) v=+0.200 ω=-0.053 ok=True iters=7
21:40:45 [INFO] [PROG] s*=2.70/5.34 (50.5%) dist_goal=2.53
21:40:45 [INFO] [MPC] state=(-1.74,-2.78,-4.56) wp0=(-1.55,-2.71) v=+0.200 ω=-0.067 ok=True iters=7
21:40:45 [INFO] [PROG] s*=2.72/5.34 (50.9%) dist_goal=2.51
21:40:45 [INFO] [MPC] state=(-1.74,-2.76,-4.57) wp0=(-1.55,-2.69) v=+0.200 ω=-0.076 ok=True iters=7
21:40:45 [INFO] [PROG] s*=2.74/5.34 (51.3%) dist_goal=2.49
21:40:45 [INFO] [MPC] state=(-1.75,-2.74,-4.58) wp0=(-1.55,-2.67) v=+0.200 ω=+0.164 ok=True iters=7
21:40:45 [INFO] [PROG] s*=2.76/5.34 (51.7%) dist_goal=2.47
21:40:45 [INFO] [MPC] state=(-1.75,-2.72,-4.57) wp0=(-1.55,-2.65) v=+0.200 ω=+0.096 ok=True iters=7
21:40:45 [INFO] [PROG] s*=2.78/5.34 (52.0%) dist_goal=2.45
21:40:45 [INFO] [MPC] state=(-1.75,-2.70,-4.56) wp0=(-1.55,-2.63) v=+0.200 ω=-0.301 ok=True iters=7
21:40:46 [INFO] [PROG] s*=2.80/5.34 (52.4%) dist_goal=2.43
21:40:46 [INFO] [MPC] state=(-1.76,-2.68,-4.58) wp0=(-1.55,-2.61) v=+0.200 ω=-0.268 ok=True iters=7
21:40:46 [INFO] [PROG] s*=2.82/5.34 (52.8%) dist_goal=2.41
21:40:46 [INFO] [MPC] state=(-1.76,-2.66,-4.60) wp0=(-1.55,-2.59) v=+0.200 ω=-0.224 ok=True iters=7
21:40:46 [INFO] [PROG] s*=2.84/5.34 (53.1%) dist_goal=2.39
21:40:46 [INFO] [MPC] state=(-1.76,-2.64,-4.61) wp0=(-1.55,-2.57) v=+0.200 ω=-0.145 ok=True iters=7
21:40:46 [INFO] [PROG] s*=2.86/5.34 (53.5%) dist_goal=2.37
21:40:46 [INFO] [MPC] state=(-1.76,-2.62,-4.62) wp0=(-1.55,-2.55) v=+0.200 ω=-0.145 ok=True iters=7
21:40:46 [INFO] [PROG] s*=2.88/5.34 (53.9%) dist_goal=2.36
21:40:46 [INFO] [MPC] state=(-1.76,-2.60,-4.64) wp0=(-1.55,-2.53) v=+0.200 ω=-0.469 ok=True iters=7
21:40:46 [INFO] [PROG] s*=2.90/5.34 (54.2%) dist_goal=2.34
21:40:46 [INFO] [MPC] state=(-1.76,-2.58,-4.66) wp0=(-1.55,-2.52) v=+0.200 ω=-0.476 ok=True iters=7
21:40:46 [INFO] [PROG] s*=2.91/5.34 (54.6%) dist_goal=2.32
21:40:46 [INFO] [MPC] state=(-1.77,-2.57,-4.70) wp0=(-1.55,-2.50) v=+0.200 ω=-0.594 ok=True iters=7
21:40:46 [INFO] [PROG] s*=2.93/5.34 (54.9%) dist_goal=2.30
21:40:46 [INFO] [MPC] state=(-1.77,-2.55,-4.74) wp0=(-1.55,-2.48) v=+0.200 ω=-0.187 ok=True iters=7
21:40:46 [INFO] [PROG] s*=2.95/5.34 (55.3%) dist_goal=2.28
21:40:46 [INFO] [MPC] state=(-1.76,-2.53,-4.75) wp0=(-1.55,-2.46) v=+0.200 ω=-0.111 ok=True iters=7
21:40:46 [INFO] [PROG] s*=2.97/5.34 (55.7%) dist_goal=2.26
21:40:46 [INFO] [MPC] state=(-1.76,-2.51,-4.76) wp0=(-1.55,-2.44) v=+0.200 ω=-0.390 ok=True iters=7
21:40:46 [INFO] [PROG] s*=2.99/5.34 (56.0%) dist_goal=2.24
21:40:46 [INFO] [MPC] state=(-1.76,-2.49,-4.79) wp0=(-1.55,-2.42) v=+0.200 ω=-0.305 ok=True iters=7
21:40:46 [INFO] [PROG] s*=3.01/5.34 (56.4%) dist_goal=2.22
21:40:46 [INFO] [MPC] state=(-1.76,-2.47,-4.81) wp0=(-1.55,-2.40) v=+0.200 ω=-0.199 ok=True iters=7
21:40:46 [INFO] [PROG] s*=3.03/5.34 (56.8%) dist_goal=2.20
21:40:46 [INFO] [MPC] state=(-1.76,-2.45,-4.82) wp0=(-1.55,-2.38) v=+0.200 ω=-0.160 ok=True iters=7
21:40:46 [INFO] [PROG] s*=3.05/5.34 (57.2%) dist_goal=2.18
21:40:46 [INFO] [MPC] state=(-1.76,-2.43,-4.84) wp0=(-1.55,-2.36) v=+0.200 ω=-0.080 ok=True iters=7
21:40:46 [INFO] [PROG] s*=3.07/5.34 (57.5%) dist_goal=2.16
21:40:46 [INFO] [MPC] state=(-1.75,-2.41,-4.84) wp0=(-1.55,-2.34) v=+0.200 ω=-0.338 ok=True iters=7
21:40:46 [INFO] [PROG] s*=3.09/5.34 (57.9%) dist_goal=2.14
21:40:46 [INFO] [MPC] state=(-1.75,-2.39,-4.87) wp0=(-1.55,-2.32) v=+0.200 ω=-0.217 ok=True iters=7
21:40:46 [INFO] [PROG] s*=3.11/5.34 (58.3%) dist_goal=2.12
21:40:46 [INFO] [MPC] state=(-1.75,-2.37,-4.88) wp0=(-1.55,-2.30) v=+0.200 ω=-0.092 ok=True iters=7
21:40:46 [INFO] [PROG] s*=3.13/5.34 (58.6%) dist_goal=2.10
21:40:46 [INFO] [MPC] state=(-1.74,-2.35,-4.89) wp0=(-1.55,-2.28) v=+0.200 ω=-0.015 ok=True iters=7
21:40:46 [INFO] [PROG] s*=3.15/5.34 (59.0%) dist_goal=2.08
21:40:46 [INFO] [MPC] state=(-1.74,-2.33,-4.89) wp0=(-1.55,-2.26) v=+0.200 ω=-0.320 ok=True iters=7
21:40:46 [INFO] [PROG] s*=3.17/5.34 (59.4%) dist_goal=2.06
21:40:46 [INFO] [MPC] state=(-1.74,-2.31,-4.91) wp0=(-1.55,-2.24) v=+0.200 ω=+0.215 ok=True iters=7
21:40:46 [INFO] [PROG] s*=3.19/5.34 (59.7%) dist_goal=2.04
21:40:46 [INFO] [MPC] state=(-1.73,-2.29,-4.90) wp0=(-1.55,-2.22) v=+0.200 ω=+0.216 ok=True iters=7
21:40:46 [INFO] [PROG] s*=3.21/5.34 (60.1%) dist_goal=2.02
21:40:46 [INFO] [MPC] state=(-1.73,-2.27,-4.88) wp0=(-1.55,-2.20) v=+0.200 ω=+0.210 ok=True iters=7
21:40:46 [INFO] [PROG] s*=3.23/5.34 (60.5%) dist_goal=2.00
21:40:46 [INFO] [MPC] state=(-1.73,-2.25,-4.86) wp0=(-1.55,-2.18) v=+0.200 ω=+0.203 ok=True iters=7
21:40:46 [INFO] [PROG] s*=3.25/5.34 (60.8%) dist_goal=1.98
21:40:46 [INFO] [MPC] state=(-1.72,-2.23,-4.85) wp0=(-1.55,-2.16) v=+0.200 ω=+0.192 ok=True iters=7
21:40:46 [INFO] [PROG] s*=3.27/5.34 (61.2%) dist_goal=1.96
21:40:46 [INFO] [MPC] state=(-1.72,-2.21,-4.83) wp0=(-1.55,-2.14) v=+0.200 ω=+0.506 ok=True iters=7
21:40:46 [INFO] [PROG] s*=3.29/5.34 (61.5%) dist_goal=1.94
21:40:46 [INFO] [MPC] state=(-1.72,-2.19,-4.80) wp0=(-1.55,-2.13) v=+0.200 ω=+0.366 ok=True iters=7
21:40:46 [INFO] [PROG] s*=3.30/5.34 (61.9%) dist_goal=1.92
21:40:46 [INFO] [MPC] state=(-1.72,-2.18,-4.78) wp0=(-1.55,-2.11) v=+0.200 ω=+0.319 ok=True iters=7
21:40:46 [INFO] [PROG] s*=3.32/5.34 (62.2%) dist_goal=1.91
21:40:46 [INFO] [MPC] state=(-1.72,-2.16,-4.76) wp0=(-1.55,-2.09) v=+0.200 ω=+0.139 ok=True iters=7
21:40:46 [INFO] [PROG] s*=3.34/5.34 (62.6%) dist_goal=1.89
21:40:46 [INFO] [MPC] state=(-1.71,-2.14,-4.75) wp0=(-1.55,-2.07) v=+0.200 ω=+0.119 ok=True iters=7
21:40:46 [INFO] [PROG] s*=3.37/5.34 (63.0%) dist_goal=1.87
21:40:46 [INFO] [MPC] state=(-1.71,-2.12,-4.74) wp0=(-1.55,-2.05) v=+0.200 ω=+0.098 ok=True iters=7
21:40:46 [INFO] [PROG] s*=3.39/5.34 (63.4%) dist_goal=1.85
21:40:46 [INFO] [MPC] state=(-1.71,-2.10,-4.73) wp0=(-1.55,-2.03) v=+0.200 ω=+0.075 ok=True iters=7
21:40:46 [INFO] [PROG] s*=3.41/5.34 (63.8%) dist_goal=1.83
21:40:46 [INFO] [MPC] state=(-1.71,-2.08,-4.72) wp0=(-1.55,-2.01) v=+0.200 ω=+0.056 ok=True iters=7
21:40:46 [INFO] [PROG] s*=3.43/5.34 (64.1%) dist_goal=1.81
21:40:46 [INFO] [MPC] state=(-1.71,-2.06,-4.72) wp0=(-1.55,-1.99) v=+0.200 ω=+0.042 ok=True iters=7
21:40:46 [INFO] [PROG] s*=3.45/5.34 (64.5%) dist_goal=1.79
21:40:46 [INFO] [MPC] state=(-1.71,-2.04,-4.71) wp0=(-1.55,-1.97) v=+0.200 ω=+0.032 ok=True iters=7
21:40:46 [INFO] [PROG] s*=3.47/5.34 (64.9%) dist_goal=1.77
21:40:46 [INFO] [MPC] state=(-1.71,-2.02,-4.71) wp0=(-1.55,-1.95) v=+0.200 ω=+0.024 ok=True iters=7
21:40:46 [INFO] [PROG] s*=3.49/5.34 (65.3%) dist_goal=1.75
21:40:46 [INFO] [MPC] state=(-1.71,-2.00,-4.71) wp0=(-1.55,-1.93) v=+0.200 ω=+0.016 ok=True iters=7
21:40:46 [INFO] [PROG] s*=3.51/5.34 (65.6%) dist_goal=1.73
21:40:46 [INFO] [MPC] state=(-1.71,-1.98,-4.70) wp0=(-1.55,-1.90) v=+0.200 ω=+0.009 ok=True iters=7
21:40:46 [INFO] [PROG] s*=3.53/5.34 (66.0%) dist_goal=1.71
21:40:46 [INFO] [MPC] state=(-1.71,-1.95,-4.70) wp0=(-1.55,-1.88) v=+0.200 ω=+0.004 ok=True iters=7
21:40:46 [INFO] [PROG] s*=3.55/5.34 (66.4%) dist_goal=1.69
21:40:46 [INFO] [MPC] state=(-1.71,-1.93,-4.70) wp0=(-1.55,-1.86) v=+0.200 ω=-0.000 ok=True iters=7
21:40:46 [INFO] [PROG] s*=3.57/5.34 (66.8%) dist_goal=1.67
21:40:46 [INFO] [MPC] state=(-1.71,-1.91,-4.70) wp0=(-1.55,-1.84) v=+0.200 ω=-0.003 ok=True iters=7
21:40:46 [INFO] [PROG] s*=3.59/5.34 (67.2%) dist_goal=1.65
21:40:46 [INFO] [MPC] state=(-1.71,-1.89,-4.70) wp0=(-1.55,-1.82) v=+0.200 ω=-0.006 ok=True iters=7
21:40:46 [INFO] [PROG] s*=3.61/5.34 (67.5%) dist_goal=1.63
21:40:46 [INFO] [MPC] state=(-1.71,-1.87,-4.70) wp0=(-1.55,-1.80) v=+0.200 ω=-0.007 ok=True iters=7
21:40:46 [INFO] [PROG] s*=3.63/5.34 (67.9%) dist_goal=1.61
21:40:46 [INFO] [MPC] state=(-1.71,-1.85,-4.70) wp0=(-1.55,-1.78) v=+0.200 ω=-0.008 ok=True iters=7
21:40:46 [INFO] [PROG] s*=3.65/5.34 (68.3%) dist_goal=1.59
21:40:46 [INFO] [MPC] state=(-1.72,-1.83,-4.70) wp0=(-1.55,-1.76) v=+0.200 ω=-0.009 ok=True iters=7
21:40:46 [INFO] [PROG] s*=3.67/5.34 (68.7%) dist_goal=1.57
21:40:46 [INFO] [MPC] state=(-1.72,-1.81,-4.70) wp0=(-1.55,-1.74) v=+0.200 ω=-0.009 ok=True iters=7
21:40:46 [INFO] [PROG] s*=3.69/5.34 (69.1%) dist_goal=1.55
21:40:46 [INFO] [MPC] state=(-1.72,-1.79,-4.70) wp0=(-1.55,-1.72) v=+0.200 ω=-0.010 ok=True iters=7
21:40:46 [INFO] [PROG] s*=3.71/5.34 (69.4%) dist_goal=1.53
21:40:46 [INFO] [MPC] state=(-1.72,-1.77,-4.71) wp0=(-1.55,-1.70) v=+0.200 ω=-0.010 ok=True iters=7
21:40:46 [INFO] [PROG] s*=3.73/5.34 (69.8%) dist_goal=1.51
21:40:46 [INFO] [MPC] state=(-1.72,-1.75,-4.71) wp0=(-1.55,-1.68) v=+0.200 ω=-0.010 ok=True iters=7
21:40:46 [INFO] [PROG] s*=3.75/5.34 (70.2%) dist_goal=1.49
21:40:46 [INFO] [MPC] state=(-1.72,-1.73,-4.71) wp0=(-1.55,-1.66) v=+0.200 ω=-0.010 ok=True iters=7
21:40:46 [INFO] [PROG] s*=3.77/5.34 (70.6%) dist_goal=1.47
21:40:46 [INFO] [MPC] state=(-1.72,-1.71,-4.71) wp0=(-1.55,-1.64) v=+0.200 ω=-0.009 ok=True iters=7
21:40:46 [INFO] [PROG] s*=3.79/5.34 (70.9%) dist_goal=1.45
21:40:46 [INFO] [MPC] state=(-1.72,-1.69,-4.71) wp0=(-1.55,-1.62) v=+0.200 ω=+0.414 ok=True iters=7
21:40:46 [INFO] [PROG] s*=3.81/5.34 (71.3%) dist_goal=1.43
21:40:46 [INFO] [MPC] state=(-1.72,-1.67,-4.68) wp0=(-1.55,-1.60) v=+0.200 ω=+0.207 ok=True iters=7
21:40:46 [INFO] [PROG] s*=3.83/5.34 (71.7%) dist_goal=1.41
21:40:46 [INFO] [MPC] state=(-1.72,-1.65,-4.67) wp0=(-1.55,-1.58) v=+0.200 ω=+0.164 ok=True iters=7
21:40:46 [INFO] [PROG] s*=3.85/5.34 (72.0%) dist_goal=1.39
21:40:46 [INFO] [MPC] state=(-1.72,-1.63,-4.66) wp0=(-1.55,-1.56) v=+0.200 ω=+0.140 ok=True iters=7
21:40:46 [INFO] [PROG] s*=3.87/5.34 (72.4%) dist_goal=1.37
21:40:46 [INFO] [MPC] state=(-1.72,-1.61,-4.65) wp0=(-1.55,-1.54) v=+0.200 ω=+0.141 ok=True iters=7
21:40:46 [INFO] [PROG] s*=3.89/5.34 (72.8%) dist_goal=1.35
21:40:46 [INFO] [MPC] state=(-1.72,-1.59,-4.64) wp0=(-1.55,-1.52) v=+0.200 ω=+0.095 ok=True iters=7
21:40:46 [INFO] [PROG] s*=3.91/5.34 (73.2%) dist_goal=1.33
21:40:46 [INFO] [MPC] state=(-1.72,-1.57,-4.63) wp0=(-1.55,-1.50) v=+0.200 ω=+0.052 ok=True iters=7
21:40:46 [INFO] [PROG] s*=3.93/5.34 (73.5%) dist_goal=1.31
21:40:46 [INFO] [MPC] state=(-1.72,-1.55,-4.62) wp0=(-1.55,-1.48) v=+0.200 ω=+0.041 ok=True iters=7
21:40:46 [INFO] [PROG] s*=3.95/5.34 (73.9%) dist_goal=1.29
21:40:46 [INFO] [MPC] state=(-1.73,-1.53,-4.62) wp0=(-1.55,-1.46) v=+0.200 ω=+0.322 ok=True iters=7
21:40:46 [INFO] [PROG] s*=3.97/5.34 (74.3%) dist_goal=1.28
21:40:46 [INFO] [MPC] state=(-1.73,-1.51,-4.60) wp0=(-1.55,-1.44) v=+0.200 ω=+0.112 ok=True iters=7
21:40:46 [INFO] [PROG] s*=3.99/5.34 (74.7%) dist_goal=1.26
21:40:46 [INFO] [MPC] state=(-1.73,-1.49,-4.58) wp0=(-1.55,-1.42) v=+0.200 ω=+0.055 ok=True iters=7
21:40:46 [INFO] [PROG] s*=4.01/5.34 (75.0%) dist_goal=1.24
21:40:46 [INFO] [MPC] state=(-1.73,-1.47,-4.58) wp0=(-1.55,-1.40) v=+0.200 ω=+0.022 ok=True iters=7
21:40:46 [INFO] [PROG] s*=4.03/5.34 (75.4%) dist_goal=1.22
21:40:46 [INFO] [MPC] state=(-1.74,-1.45,-4.58) wp0=(-1.55,-1.38) v=+0.200 ω=+0.012 ok=True iters=7
21:40:46 [INFO] [PROG] s*=4.05/5.34 (75.8%) dist_goal=1.20
21:40:46 [INFO] [MPC] state=(-1.74,-1.43,-4.57) wp0=(-1.55,-1.36) v=+0.200 ω=-0.019 ok=True iters=7
21:40:46 [INFO] [PROG] s*=4.07/5.34 (76.2%) dist_goal=1.18
21:40:46 [INFO] [MPC] state=(-1.74,-1.41,-4.58) wp0=(-1.55,-1.34) v=+0.200 ω=-0.040 ok=True iters=7
21:40:46 [INFO] [PROG] s*=4.09/5.34 (76.5%) dist_goal=1.16
21:40:46 [INFO] [MPC] state=(-1.74,-1.39,-4.58) wp0=(-1.55,-1.32) v=+0.200 ω=+0.191 ok=True iters=7
21:40:46 [INFO] [PROG] s*=4.11/5.34 (76.9%) dist_goal=1.14
21:40:46 [INFO] [MPC] state=(-1.75,-1.37,-4.57) wp0=(-1.55,-1.30) v=+0.200 ω=+0.112 ok=True iters=7
21:40:46 [INFO] [PROG] s*=4.13/5.34 (77.3%) dist_goal=1.13
21:40:46 [INFO] [MPC] state=(-1.75,-1.35,-4.56) wp0=(-1.55,-1.28) v=+0.200 ω=-0.284 ok=True iters=7
21:40:46 [INFO] [PROG] s*=4.15/5.34 (77.6%) dist_goal=1.11
21:40:46 [INFO] [MPC] state=(-1.75,-1.33,-4.57) wp0=(-1.55,-1.26) v=+0.200 ω=-0.256 ok=True iters=7
21:40:46 [INFO] [PROG] s*=4.17/5.34 (78.0%) dist_goal=1.09
21:40:46 [INFO] [MPC] state=(-1.76,-1.31,-4.59) wp0=(-1.55,-1.25) v=+0.200 ω=+0.119 ok=True iters=7
21:40:46 [INFO] [PROG] s*=4.19/5.34 (78.4%) dist_goal=1.07
21:40:46 [INFO] [MPC] state=(-1.76,-1.30,-4.58) wp0=(-1.55,-1.23) v=+0.200 ω=-0.293 ok=True iters=7
21:40:46 [INFO] [PROG] s*=4.21/5.34 (78.7%) dist_goal=1.05
21:40:46 [INFO] [MPC] state=(-1.76,-1.28,-4.60) wp0=(-1.55,-1.21) v=+0.200 ω=-0.322 ok=True iters=7
21:40:46 [INFO] [PROG] s*=4.22/5.34 (79.1%) dist_goal=1.04
21:40:46 [INFO] [MPC] state=(-1.76,-1.26,-4.62) wp0=(-1.55,-1.19) v=+0.200 ω=-0.492 ok=True iters=7
21:40:46 [INFO] [PROG] s*=4.24/5.34 (79.4%) dist_goal=1.02
21:40:46 [INFO] [MPC] state=(-1.76,-1.24,-4.65) wp0=(-1.55,-1.17) v=+0.200 ω=-0.485 ok=True iters=7
21:40:46 [INFO] [PROG] s*=4.26/5.34 (79.8%) dist_goal=1.00
21:40:46 [INFO] [MPC] state=(-1.77,-1.22,-4.68) wp0=(-1.55,-1.15) v=+0.200 ω=-0.411 ok=True iters=7
21:40:46 [INFO] [PROG] s*=4.28/5.34 (80.1%) dist_goal=0.98
21:40:46 [INFO] [MPC] state=(-1.77,-1.20,-4.71) wp0=(-1.55,-1.13) v=+0.200 ω=-0.604 ok=True iters=7
21:40:46 [INFO] [PROG] s*=4.30/5.34 (80.5%) dist_goal=0.96
21:40:46 [INFO] [MPC] state=(-1.77,-1.18,-4.75) wp0=(-1.55,-1.11) v=+0.200 ω=-0.123 ok=True iters=7
21:40:46 [INFO] [PROG] s*=4.32/5.34 (80.9%) dist_goal=0.95
21:40:46 [INFO] [MPC] state=(-1.76,-1.16,-4.76) wp0=(-1.55,-1.09) v=+0.200 ω=-0.371 ok=True iters=7
21:40:46 [INFO] [PROG] s*=4.34/5.34 (81.2%) dist_goal=0.93
21:40:46 [INFO] [MPC] state=(-1.76,-1.14,-4.79) wp0=(-1.55,-1.07) v=+0.200 ω=-0.315 ok=True iters=7
21:40:46 [INFO] [PROG] s*=4.36/5.34 (81.6%) dist_goal=0.91
21:40:46 [INFO] [MPC] state=(-1.76,-1.12,-4.81) wp0=(-1.55,-1.05) v=+0.200 ω=-0.180 ok=True iters=7
21:40:46 [INFO] [PROG] s*=4.38/5.34 (82.0%) dist_goal=0.89
21:40:46 [INFO] [MPC] state=(-1.76,-1.10,-4.82) wp0=(-1.55,-1.03) v=+0.200 ω=-0.173 ok=True iters=7
21:40:46 [INFO] [PROG] s*=4.40/5.34 (82.4%) dist_goal=0.87
21:40:46 [INFO] [MPC] state=(-1.76,-1.08,-4.84) wp0=(-1.55,-1.01) v=+0.200 ω=-0.091 ok=True iters=7
21:40:46 [INFO] [PROG] s*=4.42/5.34 (82.7%) dist_goal=0.85
21:40:46 [INFO] [MPC] state=(-1.75,-1.06,-4.84) wp0=(-1.55,-0.99) v=+0.200 ω=-0.345 ok=True iters=7
21:40:46 [INFO] [PROG] s*=4.44/5.34 (83.1%) dist_goal=0.83
21:40:46 [INFO] [MPC] state=(-1.75,-1.04,-4.87) wp0=(-1.55,-0.97) v=+0.200 ω=-0.225 ok=True iters=7
21:40:46 [INFO] [PROG] s*=4.46/5.34 (83.5%) dist_goal=0.81
21:40:46 [INFO] [MPC] state=(-1.75,-1.02,-4.88) wp0=(-1.55,-0.95) v=+0.200 ω=-0.098 ok=True iters=7
21:40:46 [INFO] [PROG] s*=4.48/5.34 (83.8%) dist_goal=0.79
21:40:46 [INFO] [MPC] state=(-1.74,-1.00,-4.89) wp0=(-1.55,-0.93) v=+0.200 ω=-0.018 ok=True iters=7
21:40:46 [INFO] [PROG] s*=4.50/5.34 (84.2%) dist_goal=0.77
21:40:46 [INFO] [MPC] state=(-1.74,-0.98,-4.89) wp0=(-1.55,-0.91) v=+0.197 ω=+0.038 ok=True iters=7
21:40:46 [INFO] [PROG] s*=4.52/5.34 (84.6%) dist_goal=0.75
21:40:46 [INFO] [MPC] state=(-1.74,-0.96,-4.89) wp0=(-1.55,-0.90) v=+0.192 ω=+0.141 ok=True iters=7
21:40:46 [INFO] [PROG] s*=4.54/5.34 (84.9%) dist_goal=0.73
21:40:46 [INFO] [MPC] state=(-1.73,-0.95,-4.87) wp0=(-1.55,-0.88) v=+0.188 ω=+0.141 ok=True iters=7
21:40:46 [INFO] [PROG] s*=4.55/5.34 (85.2%) dist_goal=0.71
21:40:46 [INFO] [MPC] state=(-1.73,-0.93,-4.86) wp0=(-1.55,-0.86) v=+0.183 ω=+0.136 ok=True iters=7
21:40:46 [INFO] [PROG] s*=4.57/5.34 (85.6%) dist_goal=0.70
21:40:46 [INFO] [MPC] state=(-1.73,-0.91,-4.85) wp0=(-1.55,-0.84) v=+0.179 ω=+0.127 ok=True iters=7
21:40:46 [INFO] [PROG] s*=4.59/5.34 (85.9%) dist_goal=0.68
21:40:46 [INFO] [MPC] state=(-1.73,-0.89,-4.83) wp0=(-1.55,-0.82) v=+0.174 ω=+0.029 ok=True iters=7
21:40:46 [INFO] [PROG] s*=4.61/5.34 (86.2%) dist_goal=0.66
21:40:46 [INFO] [MPC] state=(-1.72,-0.87,-4.83) wp0=(-1.55,-0.81) v=+0.170 ω=+0.049 ok=True iters=8
21:40:46 [INFO] [PROG] s*=4.62/5.34 (86.5%) dist_goal=0.65
21:40:46 [INFO] [MPC] state=(-1.72,-0.86,-4.82) wp0=(-1.55,-0.79) v=+0.166 ω=+0.062 ok=True iters=8
21:40:46 [INFO] [PROG] s*=4.64/5.34 (86.8%) dist_goal=0.63
21:40:46 [INFO] [MPC] state=(-1.72,-0.84,-4.82) wp0=(-1.55,-0.77) v=+0.162 ω=+0.459 ok=True iters=8
21:40:46 [INFO] [PROG] s*=4.65/5.34 (87.1%) dist_goal=0.62
21:40:46 [INFO] [MPC] state=(-1.72,-0.82,-4.78) wp0=(-1.55,-0.76) v=+0.158 ω=+0.279 ok=True iters=8
21:40:46 [INFO] [PROG] s*=4.67/5.34 (87.4%) dist_goal=0.60
21:40:46 [INFO] [MPC] state=(-1.72,-0.81,-4.75) wp0=(-1.55,-0.74) v=+0.155 ω=+0.114 ok=True iters=8
21:40:46 [INFO] [PROG] s*=4.68/5.34 (87.7%) dist_goal=0.59
21:40:46 [INFO] [MPC] state=(-1.72,-0.79,-4.74) wp0=(-1.55,-0.73) v=+0.151 ω=+0.091 ok=True iters=8
21:40:46 [INFO] [PROG] s*=4.70/5.34 (88.0%) dist_goal=0.58
21:40:46 [INFO] [MPC] state=(-1.72,-0.78,-4.73) wp0=(-1.55,-0.71) v=+0.148 ω=+0.068 ok=True iters=8
21:40:46 [INFO] [PROG] s*=4.71/5.34 (88.3%) dist_goal=0.56
21:40:46 [INFO] [MPC] state=(-1.72,-0.76,-4.72) wp0=(-1.55,-0.70) v=+0.144 ω=+0.050 ok=True iters=8
21:40:46 [INFO] [PROG] s*=4.73/5.34 (88.5%) dist_goal=0.55
21:40:46 [INFO] [MPC] state=(-1.72,-0.75,-4.72) wp0=(-1.55,-0.68) v=+0.141 ω=+0.038 ok=True iters=8
21:40:46 [INFO] [PROG] s*=4.74/5.34 (88.8%) dist_goal=0.54
21:40:46 [INFO] [MPC] state=(-1.72,-0.73,-4.71) wp0=(-1.55,-0.67) v=+0.138 ω=+0.027 ok=True iters=8
21:40:46 [INFO] [PROG] s*=4.76/5.34 (89.0%) dist_goal=0.53
21:40:46 [INFO] [MPC] state=(-1.72,-0.72,-4.71) wp0=(-1.55,-0.66) v=+0.135 ω=+0.020 ok=True iters=7
21:40:46 [INFO] [PROG] s*=4.77/5.34 (89.3%) dist_goal=0.52
21:40:46 [INFO] [MPC] state=(-1.72,-0.71,-4.71) wp0=(-1.55,-0.64) v=+0.132 ω=+0.014 ok=True iters=7
21:40:46 [INFO] [PROG] s*=4.78/5.34 (89.5%) dist_goal=0.51
21:40:46 [INFO] [MPC] state=(-1.72,-0.69,-4.71) wp0=(-1.55,-0.63) v=+0.129 ω=+0.005 ok=True iters=7
21:40:46 [INFO] [PROG] s*=4.80/5.34 (89.8%) dist_goal=0.49
21:40:46 [INFO] [MPC] state=(-1.72,-0.68,-4.71) wp0=(-1.55,-0.62) v=+0.126 ω=-0.004 ok=True iters=7
21:40:46 [INFO] [PROG] s*=4.81/5.34 (90.0%) dist_goal=0.48
21:40:46 [INFO] [MPC] state=(-1.72,-0.67,-4.71) wp0=(-1.55,-0.60) v=+0.124 ω=-0.011 ok=True iters=7
21:40:46 [INFO] [PROG] s*=4.82/5.34 (90.2%) dist_goal=0.47
21:40:46 [INFO] [MPC] state=(-1.72,-0.65,-4.71) wp0=(-1.55,-0.59) v=+0.121 ω=-0.015 ok=True iters=7
21:40:46 [INFO] [PROG] s*=4.83/5.34 (90.5%) dist_goal=0.46
21:40:46 [INFO] [MPC] state=(-1.72,-0.64,-4.71) wp0=(-1.55,-0.58) v=+0.118 ω=-0.021 ok=True iters=7
21:40:46 [INFO] [PROG] s*=4.84/5.34 (90.7%) dist_goal=0.45
21:40:46 [INFO] [MPC] state=(-1.72,-0.63,-4.71) wp0=(-1.55,-0.57) v=+0.116 ω=-0.025 ok=True iters=7
21:40:46 [INFO] [PROG] s*=4.85/5.34 (90.9%) dist_goal=0.45
21:40:46 [INFO] [MPC] state=(-1.72,-0.62,-4.71) wp0=(-1.55,-0.56) v=+0.114 ω=-0.027 ok=True iters=7
21:40:46 [INFO] [PROG] s*=4.87/5.34 (91.1%) dist_goal=0.44
21:40:46 [INFO] [MPC] state=(-1.72,-0.61,-4.71) wp0=(-1.55,-0.55) v=+0.111 ω=-0.028 ok=True iters=7
21:40:46 [INFO] [PROG] s*=4.88/5.34 (91.3%) dist_goal=0.43
21:40:46 [INFO] [MPC] state=(-1.72,-0.60,-4.72) wp0=(-1.55,-0.53) v=+0.109 ω=-0.027 ok=True iters=7
21:40:46 [INFO] [PROG] s*=4.89/5.34 (91.5%) dist_goal=0.42
21:40:46 [INFO] [MPC] state=(-1.72,-0.58,-4.72) wp0=(-1.55,-0.52) v=+0.107 ω=-0.019 ok=True iters=7
21:40:46 [INFO] [PROG] s*=4.90/5.34 (91.7%) dist_goal=0.41
21:40:46 [INFO] [MPC] state=(-1.72,-0.57,-4.72) wp0=(-1.55,-0.51) v=+0.105 ω=-0.013 ok=True iters=7
21:40:46 [INFO] [PROG] s*=4.91/5.34 (91.9%) dist_goal=0.40
21:40:46 [INFO] [MPC] state=(-1.72,-0.56,-4.72) wp0=(-1.55,-0.50) v=+0.103 ω=-0.009 ok=True iters=7
21:40:46 [INFO] [PROG] s*=4.92/5.34 (92.1%) dist_goal=0.40
21:40:46 [INFO] [MPC] state=(-1.72,-0.55,-4.72) wp0=(-1.55,-0.49) v=+0.101 ω=-0.006 ok=True iters=7
21:40:46 [INFO] [PROG] s*=4.93/5.34 (92.3%) dist_goal=0.39
21:40:46 [INFO] [MPC] state=(-1.72,-0.54,-4.72) wp0=(-1.55,-0.48) v=+0.099 ω=-0.004 ok=True iters=7
21:40:46 [INFO] [PROG] s*=4.94/5.34 (92.5%) dist_goal=0.38
21:40:46 [INFO] [MPC] state=(-1.72,-0.53,-4.72) wp0=(-1.55,-0.47) v=+0.097 ω=-0.002 ok=True iters=7
21:40:46 [INFO] [PROG] s*=4.95/5.34 (92.6%) dist_goal=0.37
21:40:46 [INFO] [MPC] state=(-1.72,-0.52,-4.72) wp0=(-1.55,-0.46) v=+0.095 ω=-0.002 ok=True iters=7
21:40:46 [INFO] [PROG] s*=4.96/5.34 (92.8%) dist_goal=0.37
21:40:46 [INFO] [MPC] state=(-1.72,-0.51,-4.72) wp0=(-1.55,-0.45) v=+0.094 ω=-0.001 ok=True iters=7
21:40:46 [INFO] [PROG] s*=4.97/5.34 (93.0%) dist_goal=0.36
21:40:46 [INFO] [MPC] state=(-1.72,-0.50,-4.72) wp0=(-1.55,-0.44) v=+0.092 ω=-0.001 ok=True iters=7
21:40:46 [INFO] [PROG] s*=4.98/5.34 (93.2%) dist_goal=0.36
21:40:46 [INFO] [MPC] state=(-1.72,-0.49,-4.72) wp0=(-1.55,-0.44) v=+0.090 ω=-0.001 ok=True iters=7
21:40:46 [INFO] [PROG] s*=4.98/5.34 (93.3%) dist_goal=0.35
21:40:46 [INFO] [MPC] state=(-1.72,-0.49,-4.72) wp0=(-1.55,-0.43) v=+0.089 ω=-0.001 ok=True iters=7
21:40:46 [INFO] [PROG] s*=4.99/5.34 (93.5%) dist_goal=0.34
21:40:46 [INFO] [MPC] state=(-1.72,-0.48,-4.72) wp0=(-1.55,-0.42) v=+0.087 ω=-0.001 ok=True iters=7
21:40:46 [INFO] [PROG] s*=5.00/5.34 (93.6%) dist_goal=0.34
21:40:46 [INFO] [MPC] state=(-1.72,-0.47,-4.72) wp0=(-1.55,-0.41) v=+0.086 ω=-0.001 ok=True iters=7
21:40:46 [INFO] [PROG] s*=5.01/5.34 (93.8%) dist_goal=0.33
21:40:46 [INFO] [MPC] state=(-1.72,-0.46,-4.72) wp0=(-1.55,-0.40) v=+0.085 ω=-0.002 ok=True iters=7
21:40:46 [INFO] [PROG] s*=5.02/5.34 (94.0%) dist_goal=0.33
21:40:46 [INFO] [MPC] state=(-1.72,-0.45,-4.72) wp0=(-1.55,-0.39) v=+0.083 ω=-0.002 ok=True iters=7
21:40:46 [INFO] [PROG] s*=5.03/5.34 (94.1%) dist_goal=0.32
21:40:46 [INFO] [MPC] state=(-1.72,-0.44,-4.72) wp0=(-1.55,-0.38) v=+0.082 ω=-0.002 ok=True iters=8
21:40:46 [INFO] [PROG] s*=5.04/5.34 (94.3%) dist_goal=0.32
21:40:46 [INFO] [MPC] state=(-1.72,-0.43,-4.72) wp0=(-1.55,-0.38) v=+0.081 ω=-0.002 ok=True iters=8
21:40:46 [INFO] [PROG] s*=5.04/5.34 (94.4%) dist_goal=0.31
21:40:46 [INFO] [MPC] state=(-1.72,-0.43,-4.72) wp0=(-1.55,-0.37) v=+0.080 ω=-0.002 ok=True iters=8
21:40:46 [INFO] [PROG] s*=5.05/5.34 (94.6%) dist_goal=0.31
21:40:46 [INFO] [MPC] state=(-1.72,-0.42,-4.72) wp0=(-1.55,-0.36) v=+0.079 ω=-0.002 ok=True iters=8
21:40:46 [INFO] [PROG] s*=5.06/5.34 (94.7%) dist_goal=0.31
21:40:46 [INFO] [MPC] state=(-1.72,-0.41,-4.72) wp0=(-1.55,-0.35) v=+0.078 ω=-0.003 ok=True iters=8
21:40:46 [INFO] [PROG] s*=5.07/5.34 (94.8%) dist_goal=0.30
21:40:46 [INFO] [MPC] state=(-1.72,-0.40,-4.72) wp0=(-1.55,-0.35) v=+0.077 ω=-0.003 ok=True iters=8
21:40:46 [INFO] [PROG] s*=5.07/5.34 (95.0%) dist_goal=0.30
21:40:46 [INFO] [MPC] state=(-1.72,-0.40,-4.72) wp0=(-1.55,-0.34) v=+0.076 ω=-0.003 ok=True iters=8
21:40:46 [INFO] [PROG] s*=5.08/5.34 (95.1%) dist_goal=0.30
21:40:46 [INFO] [MPC] state=(-1.71,-0.39,-4.72) wp0=(-1.55,-0.33) v=+0.075 ω=-0.003 ok=True iters=8
21:40:46 [INFO] [PROG] s*=5.09/5.34 (95.3%) dist_goal=0.29
21:40:46 [INFO] [MPC] state=(-1.71,-0.38,-4.72) wp0=(-1.55,-0.32) v=+0.074 ω=-0.004 ok=True iters=8
21:40:46 [INFO] [PROG] s*=5.10/5.34 (95.4%) dist_goal=0.29
21:40:46 [INFO] [MPC] state=(-1.71,-0.37,-4.72) wp0=(-1.55,-0.32) v=+0.073 ω=-0.004 ok=True iters=8
21:40:46 [INFO] [PROG] s*=5.10/5.34 (95.5%) dist_goal=0.29
21:40:46 [INFO] [MPC] state=(-1.71,-0.37,-4.72) wp0=(-1.55,-0.31) v=+0.072 ω=+0.210 ok=True iters=8
21:40:46 [INFO] [PROG] s*=5.11/5.34 (95.7%) dist_goal=0.28
21:40:46 [INFO] [MPC] state=(-1.71,-0.36,-4.70) wp0=(-1.55,-0.30) v=+0.072 ω=+0.150 ok=True iters=8
21:40:46 [INFO] [PROG] s*=5.12/5.34 (95.8%) dist_goal=0.28
21:40:46 [INFO] [MPC] state=(-1.71,-0.35,-4.69) wp0=(-1.55,-0.29) v=+0.071 ω=+0.097 ok=True iters=9
21:40:46 [INFO] [PROG] s*=5.12/5.34 (95.9%) dist_goal=0.28
21:40:46 [INFO] [MPC] state=(-1.72,-0.34,-4.68) wp0=(-1.55,-0.29) v=+0.070 ω=-0.621 ok=True iters=8
21:40:46 [INFO] [PROG] s*=5.13/5.34 (96.0%) dist_goal=0.28
21:40:46 [INFO] [MPC] state=(-1.72,-0.34,-4.74) wp0=(-1.55,-0.28) v=+0.070 ω=-2.042 ok=True iters=11
21:40:46 [INFO] [PROG] s*=5.14/5.34 (96.1%) dist_goal=0.27
21:40:46 [INFO] [MPC] state=(-1.71,-0.33,-4.92) wp0=(-1.55,-0.28) v=+0.069 ω=-2.400 ok=True iters=11
21:40:46 [INFO] [PROG] s*=5.14/5.34 (96.2%) dist_goal=0.27
21:40:46 [INFO] [MPC] state=(-1.71,-0.33,-5.13) wp0=(-1.55,-0.27) v=+0.068 ω=-2.400 ok=True iters=10
21:40:46 [INFO] [PROG] s*=5.14/5.34 (96.3%) dist_goal=0.27
21:40:46 [INFO] [MPC] state=(-1.71,-0.32,-5.34) wp0=(-1.55,-0.27) v=+0.030 ω=-2.400 ok=True iters=11
21:40:46 [INFO] [PROG] s*=5.15/5.34 (96.3%) dist_goal=0.26
21:40:46 [INFO] [MPC] state=(-1.71,-0.32,-5.57) wp0=(-1.55,-0.27) v=+0.030 ω=-1.926 ok=True iters=9
21:40:46 [INFO] [PROG] s*=5.15/5.34 (96.4%) dist_goal=0.26
21:40:46 [INFO] [MPC] state=(-1.70,-0.32,-5.77) wp0=(-1.55,-0.26) v=+0.030 ω=-1.493 ok=True iters=9
21:40:46 [INFO] [PROG] s*=5.15/5.34 (96.4%) dist_goal=0.25
21:40:46 [INFO] [MPC] state=(-1.70,-0.31,-5.92) wp0=(-1.55,-0.26) v=+0.030 ω=-1.092 ok=True iters=9
21:40:46 [INFO] [PROG] s*=5.15/5.34 (96.4%) dist_goal=0.25
21:40:46 [INFO] [MPC] state=(-1.69,-0.31,-6.03) wp0=(-1.55,-0.26) v=+0.030 ω=-0.750 ok=True iters=9
21:40:46 [INFO] [PROG] s*=5.15/5.34 (96.4%) dist_goal=0.25
21:40:46 [INFO] [MPC] state=(-1.69,-0.31,-6.10) wp0=(-1.55,-0.26) v=+0.030 ω=-0.557 ok=True iters=9
21:40:46 [INFO] [PROG] s*=5.15/5.34 (96.4%) dist_goal=0.24
21:40:46 [INFO] [MPC] state=(-1.69,-0.31,-6.16) wp0=(-1.55,-0.26) v=+0.030 ω=-0.351 ok=True iters=9
21:40:46 [INFO] [PROG] s*=5.15/5.34 (96.4%) dist_goal=0.24
21:40:46 [INFO] [MPC] state=(-1.68,-0.31,-6.20) wp0=(-1.55,-0.26) v=+0.030 ω=-0.210 ok=True iters=9
21:40:46 [INFO] [PROG] s*=5.15/5.34 (96.4%) dist_goal=0.24
21:40:46 [INFO] [MPC] state=(-1.68,-0.31,-6.22) wp0=(-1.55,-0.26) v=+0.030 ω=-0.193 ok=True iters=9
21:40:46 [INFO] [PROG] s*=5.15/5.34 (96.4%) dist_goal=0.23
21:40:46 [INFO] [MPC] state=(-1.68,-0.31,-6.24) wp0=(-1.55,-0.26) v=+0.030 ω=-0.124 ok=True iters=9
21:40:46 [INFO] [PROG] s*=5.15/5.34 (96.4%) dist_goal=0.23
21:40:46 [INFO] [MPC] state=(-1.68,-0.31,-6.25) wp0=(-1.55,-0.26) v=+0.030 ω=-0.078 ok=True iters=9
21:40:46 [INFO] [PROG] s*=5.15/5.34 (96.4%) dist_goal=0.23
21:40:46 [INFO] [MPC] state=(-1.67,-0.31,-6.26) wp0=(-1.55,-0.26) v=+0.030 ω=-0.048 ok=True iters=9
21:40:46 [INFO] [PROG] s*=5.15/5.34 (96.4%) dist_goal=0.23
21:40:46 [INFO] [MPC] state=(-1.67,-0.31,-6.26) wp0=(-1.55,-0.26) v=+0.030 ω=-0.032 ok=True iters=9
21:40:46 [INFO] [PROG] s*=5.15/5.34 (96.4%) dist_goal=0.22
21:40:46 [INFO] [MPC] state=(-1.67,-0.31,-6.27) wp0=(-1.55,-0.26) v=+0.030 ω=-0.020 ok=True iters=8
21:40:46 [INFO] [PROG] s*=5.15/5.34 (96.4%) dist_goal=0.22
21:40:46 [INFO] [MPC] state=(-1.66,-0.31,-6.27) wp0=(-1.55,-0.26) v=+0.030 ω=-0.015 ok=True iters=8
21:40:46 [INFO] [PROG] s*=5.15/5.34 (96.4%) dist_goal=0.22
21:40:46 [INFO] [MPC] state=(-1.66,-0.31,-6.27) wp0=(-1.55,-0.26) v=+0.030 ω=-0.010 ok=True iters=8
21:40:46 [INFO] [PROG] s*=5.15/5.34 (96.4%) dist_goal=0.21
21:40:46 [INFO] [MPC] state=(-1.66,-0.31,-6.27) wp0=(-1.55,-0.26) v=+0.030 ω=-0.008 ok=True iters=8
21:40:47 [INFO] [PROG] s*=5.15/5.34 (96.4%) dist_goal=0.21
21:40:47 [INFO] [MPC] state=(-1.66,-0.31,-6.27) wp0=(-1.55,-0.26) v=+0.030 ω=-0.006 ok=True iters=8
21:40:47 [INFO] [PROG] s*=5.15/5.34 (96.4%) dist_goal=0.21
21:40:47 [INFO] [MPC] state=(-1.65,-0.31,-6.27) wp0=(-1.55,-0.26) v=+0.030 ω=-0.004 ok=True iters=10
21:40:47 [INFO] [PROG] s*=5.15/5.34 (96.4%) dist_goal=0.21
21:40:47 [INFO] [MPC] state=(-1.65,-0.31,-6.27) wp0=(-1.55,-0.26) v=+0.030 ω=-0.005 ok=True iters=10
21:40:47 [INFO] [PROG] s*=5.15/5.34 (96.4%) dist_goal=0.20
21:40:47 [INFO] [MPC] state=(-1.65,-0.31,-6.27) wp0=(-1.55,-0.26) v=+0.030 ω=-0.003 ok=True iters=10
21:40:47 [INFO] [PROG] s*=5.15/5.34 (96.4%) dist_goal=0.20
21:40:47 [INFO] [MPC] state=(-1.64,-0.31,-6.27) wp0=(-1.55,-0.26) v=+0.030 ω=-0.004 ok=True iters=10
21:40:47 [INFO] [PROG] s*=5.15/5.34 (96.4%) dist_goal=0.20
21:40:47 [INFO] [MPC] state=(-1.64,-0.31,-6.27) wp0=(-1.55,-0.26) v=+0.030 ω=-0.003 ok=True iters=10
21:40:47 [INFO] [PROG] s*=5.15/5.34 (96.4%) dist_goal=0.20
21:40:47 [INFO] [MPC] state=(-1.64,-0.31,-6.27) wp0=(-1.55,-0.26) v=+0.030 ω=-0.003 ok=True iters=10
21:40:47 [INFO] [PROG] s*=5.15/5.34 (96.4%) dist_goal=0.19
21:40:47 [INFO] [MPC] state=(-1.64,-0.31,-6.27) wp0=(-1.55,-0.26) v=+0.030 ω=-0.003 ok=True iters=10
21:40:47 [INFO] [PROG] s*=5.15/5.34 (96.4%) dist_goal=0.19
21:40:47 [INFO] [MPC] state=(-1.63,-0.31,-6.27) wp0=(-1.55,-0.26) v=+0.030 ω=-0.002 ok=True iters=10
21:40:47 [INFO] [PROG] s*=5.15/5.34 (96.4%) dist_goal=0.19
21:40:47 [INFO] [MPC] state=(-1.63,-0.31,-6.27) wp0=(-1.55,-0.26) v=+0.030 ω=-0.003 ok=True iters=10
21:40:47 [INFO] [PROG] s*=5.15/5.34 (96.4%) dist_goal=0.18
21:40:47 [INFO] [MPC] state=(-1.63,-0.31,-6.27) wp0=(-1.55,-0.26) v=+0.030 ω=-0.002 ok=True iters=10
21:40:47 [INFO] [PROG] s*=5.15/5.34 (96.4%) dist_goal=0.18
21:40:47 [INFO] [MPC] state=(-1.62,-0.31,-6.27) wp0=(-1.55,-0.26) v=+0.030 ω=-0.003 ok=True iters=10
21:40:47 [INFO] [PROG] s*=5.15/5.34 (96.4%) dist_goal=0.18
21:40:47 [INFO] [MPC] state=(-1.62,-0.31,-6.27) wp0=(-1.55,-0.26) v=+0.030 ω=-0.003 ok=True iters=10
21:40:47 [INFO] [PROG] s*=5.15/5.34 (96.4%) dist_goal=0.18
21:40:47 [INFO] [MPC] state=(-1.62,-0.31,-6.27) wp0=(-1.55,-0.26) v=+0.030 ω=-0.003 ok=True iters=10
21:40:47 [INFO] [PROG] s*=5.15/5.34 (96.4%) dist_goal=0.17
21:40:47 [INFO] [MPC] state=(-1.62,-0.31,-6.27) wp0=(-1.55,-0.26) v=+0.030 ω=-0.003 ok=True iters=10
21:40:47 [INFO] [PROG] s*=5.15/5.34 (96.4%) dist_goal=0.17
21:40:47 [INFO] [MPC] state=(-1.61,-0.31,-6.27) wp0=(-1.55,-0.26) v=+0.030 ω=-0.002 ok=True iters=10
21:40:47 [INFO] [PROG] s*=5.15/5.34 (96.4%) dist_goal=0.17
21:40:47 [INFO] [MPC] state=(-1.61,-0.31,-6.27) wp0=(-1.55,-0.26) v=+0.030 ω=-0.003 ok=True iters=9
21:40:47 [INFO] [PROG] s*=5.15/5.34 (96.4%) dist_goal=0.17
21:40:47 [INFO] [MPC] state=(-1.61,-0.31,-6.27) wp0=(-1.55,-0.26) v=+0.030 ω=-0.002 ok=True iters=9
21:40:47 [INFO] [PROG] s*=5.15/5.34 (96.4%) dist_goal=0.16
21:40:47 [INFO] [MPC] state=(-1.60,-0.31,-6.27) wp0=(-1.55,-0.26) v=+0.030 ω=-0.004 ok=True iters=9
21:40:47 [INFO] [PROG] s*=5.15/5.34 (96.4%) dist_goal=0.16
21:40:47 [INFO] [MPC] state=(-1.60,-0.31,-6.27) wp0=(-1.55,-0.26) v=+0.030 ω=-0.003 ok=True iters=9
21:40:47 [INFO] [PROG] s*=5.15/5.34 (96.4%) dist_goal=0.16
21:40:47 [INFO] [MPC] state=(-1.60,-0.31,-6.27) wp0=(-1.55,-0.26) v=+0.030 ω=-0.003 ok=True iters=9
21:40:47 [INFO] [PROG] s*=5.15/5.34 (96.4%) dist_goal=0.16
21:40:47 [INFO] [MPC] state=(-1.60,-0.31,-6.27) wp0=(-1.55,-0.26) v=+0.030 ω=-0.003 ok=True iters=9
21:40:47 [INFO] [PROG] s*=5.15/5.34 (96.4%) dist_goal=0.15
21:40:47 [INFO] [MPC] state=(-1.59,-0.31,-6.27) wp0=(-1.55,-0.26) v=+0.030 ω=-0.002 ok=True iters=10
21:40:47 [INFO] [PROG] s*=5.15/5.34 (96.5%) dist_goal=0.15
21:40:47 [INFO] [MPC] state=(-1.59,-0.31,-6.27) wp0=(-1.55,-0.26) v=+0.030 ω=-0.003 ok=True iters=9
21:40:47 [INFO] [PROG] s*=5.15/5.34 (96.5%) dist_goal=0.15
21:40:47 [INFO] [MPC] state=(-1.59,-0.31,-6.27) wp0=(-1.55,-0.26) v=+0.030 ω=-0.002 ok=True iters=9
21:40:47 [INFO] [PROG] s*=5.15/5.34 (96.5%) dist_goal=0.15
21:40:47 [INFO] [MPC] state=(-1.59,-0.31,-6.27) wp0=(-1.55,-0.26) v=+0.030 ω=-0.003 ok=True iters=10
21:40:47 [INFO] [PROG] s*=5.15/5.34 (96.5%) dist_goal=0.14
21:40:47 [INFO] [MPC] state=(-1.58,-0.31,-6.27) wp0=(-1.55,-0.26) v=+0.030 ω=-0.002 ok=True iters=10
21:40:47 [INFO] [PROG] s*=5.15/5.34 (96.5%) dist_goal=0.14
21:40:47 [INFO] [MPC] state=(-1.58,-0.31,-6.27) wp0=(-1.55,-0.26) v=+0.030 ω=-0.002 ok=True iters=10
21:40:47 [INFO] [PROG] s*=5.15/5.34 (96.5%) dist_goal=0.14
21:40:47 [INFO] [MPC] state=(-1.58,-0.31,-6.27) wp0=(-1.55,-0.26) v=+0.030 ω=-0.003 ok=True iters=11
21:40:47 [INFO] [PROG] s*=5.15/5.34 (96.5%) dist_goal=0.13
21:40:47 [INFO] [MPC] state=(-1.57,-0.31,-6.27) wp0=(-1.55,-0.26) v=+0.030 ω=-0.001 ok=True iters=11
21:40:47 [INFO] [PROG] s*=5.15/5.34 (96.5%) dist_goal=0.13
21:40:47 [INFO] [MPC] state=(-1.57,-0.31,-6.27) wp0=(-1.55,-0.26) v=+0.030 ω=-0.003 ok=True iters=11
21:40:47 [INFO] [PROG] s*=5.15/5.34 (96.5%) dist_goal=0.13
21:40:47 [INFO] [MPC] state=(-1.57,-0.31,-6.27) wp0=(-1.55,-0.26) v=+0.030 ω=-0.002 ok=True iters=10
21:40:47 [INFO] [PROG] s*=5.15/5.34 (96.5%) dist_goal=0.13
21:40:47 [INFO] [MPC] state=(-1.57,-0.31,-6.27) wp0=(-1.55,-0.26) v=+0.030 ω=-0.004 ok=True iters=10
21:40:47 [INFO] [PROG] s*=5.15/5.34 (96.5%) dist_goal=0.12
21:40:47 [INFO] [MPC] state=(-1.56,-0.31,-6.27) wp0=(-1.55,-0.26) v=+0.030 ω=-0.002 ok=True iters=10
21:40:47 [INFO] [PROG] s*=5.15/5.34 (96.5%) dist_goal=0.12
21:40:47 [INFO] [MPC] state=(-1.56,-0.31,-6.27) wp0=(-1.55,-0.26) v=+0.030 ω=-0.003 ok=True iters=10
21:40:47 [INFO] [PROG] s*=5.15/5.34 (96.5%) dist_goal=0.12
21:40:47 [INFO] [MPC] state=(-1.56,-0.31,-6.27) wp0=(-1.55,-0.26) v=+0.030 ω=-0.003 ok=True iters=10
21:40:47 [INFO] [PROG] s*=5.15/5.34 (96.5%) dist_goal=0.12
21:40:47 [INFO] [MPC] state=(-1.55,-0.31,-6.27) wp0=(-1.55,-0.26) v=+0.030 ω=-0.001 ok=True iters=5
21:40:47 [INFO] [PROG] s*=5.15/5.34 (96.5%) dist_goal=0.11
21:40:47 [INFO] [MPC] state=(-1.55,-0.31,-6.27) wp0=(-1.55,-0.26) v=+0.030 ω=-0.004 ok=True iters=5
21:40:47 [INFO] [PROG] s*=5.15/5.34 (96.5%) dist_goal=0.11
21:40:47 [INFO] [MPC] state=(-1.55,-0.31,-6.27) wp0=(-1.55,-0.26) v=+0.030 ω=-0.002 ok=True iters=5
21:40:47 [INFO] [PROG] s*=5.15/5.34 (96.5%) dist_goal=0.11
21:40:47 [INFO] [MPC] state=(-1.55,-0.31,-6.27) wp0=(-1.55,-0.26) v=+0.030 ω=-0.004 ok=True iters=5
21:40:47 [INFO] [PROG] s*=5.15/5.34 (96.5%) dist_goal=0.11
21:40:47 [INFO] [MPC] state=(-1.54,-0.31,-6.27) wp0=(-1.55,-0.26) v=+0.030 ω=-0.002 ok=True iters=5
21:40:47 [INFO] [PROG] s*=5.15/5.34 (96.5%) dist_goal=0.10
21:40:47 [INFO] [MPC] state=(-1.54,-0.31,-6.27) wp0=(-1.55,-0.26) v=+0.030 ω=-0.002 ok=True iters=5
21:40:47 [INFO] [PROG] s*=5.15/5.34 (96.5%) dist_goal=0.10
21:40:47 [INFO] [MPC] state=(-1.54,-0.31,-6.27) wp0=(-1.55,-0.26) v=+0.030 ω=-0.003 ok=True iters=5
21:40:47 [INFO] [PROG] s*=5.15/5.34 (96.5%) dist_goal=0.10
21:40:47 [INFO] [MPC] state=(-1.53,-0.31,-6.27) wp0=(-1.55,-0.26) v=+0.030 ω=-0.001 ok=True iters=5
21:40:47 [INFO] [PROG] s*=5.15/5.34 (96.5%) dist_goal=0.10
21:40:47 [INFO] [MPC] state=(-1.53,-0.31,-6.27) wp0=(-1.55,-0.26) v=+0.030 ω=-0.004 ok=True iters=5
