22:37:06 [INFO] === New MPC Session Started ===
22:37:06 [DEBUG] matplotlib data path: /home/max/.local/lib/python3.10/site-packages/matplotlib/mpl-data
22:37:06 [DEBUG] CONFIGDIR=/home/max/.config/matplotlib
22:37:06 [DEBUG] interactive is False
22:37:06 [DEBUG] platform is linux
22:37:06 [DEBUG] CACHEDIR=/home/max/.cache/matplotlib
22:37:06 [DEBUG] Using fontManager instance from /home/max/.cache/matplotlib/fontlist-v390.json
22:37:06 [INFO] CrowdNavPyBulletEnv initializing...
22:37:09 [INFO] World ready | grid: (112, 112), res: 0.1, N=10, T=0.1
22:37:10 [INFO] [PROG] s*=0.00/2.98 (0.0%) dist_goal=2.90
22:37:10 [INFO] [MPC] state=(+1.05,-0.44,-0.05) wp0=(+1.13,-0.45) v=+0.200 ω=+0.150 ok=True iters=6
22:37:10 [INFO] [PROG] s*=0.00/2.98 (0.0%) dist_goal=2.89
22:37:10 [INFO] [MPC] state=(+1.06,-0.44,-0.09) wp0=(+1.13,-0.45) v=+0.200 ω=+0.304 ok=True iters=7
22:37:10 [INFO] [PROG] s*=0.01/2.98 (0.4%) dist_goal=2.87
22:37:10 [INFO] [MPC] state=(+1.07,-0.44,-0.10) wp0=(+1.14,-0.45) v=+0.200 ω=+0.352 ok=True iters=7
22:37:10 [INFO] [PROG] s*=0.03/2.98 (1.0%) dist_goal=2.85
22:37:10 [INFO] [MPC] state=(+1.09,-0.44,-0.08) wp0=(+1.16,-0.45) v=+0.200 ω=+0.275 ok=True iters=7
22:37:10 [INFO] [PROG] s*=0.05/2.98 (1.7%) dist_goal=2.83
22:37:10 [INFO] [MPC] state=(+1.11,-0.44,-0.06) wp0=(+1.18,-0.45) v=+0.200 ω=+0.209 ok=True iters=7
22:37:10 [INFO] [PROG] s*=0.07/2.98 (2.3%) dist_goal=2.81
22:37:10 [INFO] [MPC] state=(+1.13,-0.44,-0.05) wp0=(+1.20,-0.45) v=+0.200 ω=+0.159 ok=True iters=7
22:37:10 [INFO] [PROG] s*=0.09/2.98 (3.0%) dist_goal=2.79
22:37:10 [INFO] [MPC] state=(+1.15,-0.45,-0.03) wp0=(+1.22,-0.45) v=+0.200 ω=+0.112 ok=True iters=7
22:37:10 [INFO] [PROG] s*=0.11/2.98 (3.7%) dist_goal=2.77
22:37:10 [INFO] [MPC] state=(+1.17,-0.45,-0.02) wp0=(+1.24,-0.45) v=+0.200 ω=+0.077 ok=True iters=7
22:37:10 [INFO] [PROG] s*=0.13/2.98 (4.4%) dist_goal=2.75
22:37:10 [INFO] [MPC] state=(+1.19,-0.45,-0.02) wp0=(+1.26,-0.45) v=+0.200 ω=+0.053 ok=True iters=7
22:37:10 [INFO] [PROG] s*=0.15/2.98 (5.1%) dist_goal=2.73
22:37:10 [INFO] [MPC] state=(+1.21,-0.45,-0.01) wp0=(+1.28,-0.45) v=+0.200 ω=+0.036 ok=True iters=7
22:37:10 [INFO] [PROG] s*=0.17/2.98 (5.7%) dist_goal=2.71
22:37:10 [INFO] [MPC] state=(+1.23,-0.45,-0.01) wp0=(+1.30,-0.45) v=+0.200 ω=+0.023 ok=True iters=7
22:37:10 [INFO] [PROG] s*=0.19/2.98 (6.4%) dist_goal=2.69
22:37:10 [INFO] [MPC] state=(+1.25,-0.45,-0.01) wp0=(+1.32,-0.45) v=+0.200 ω=+0.014 ok=True iters=7
22:37:10 [INFO] [PROG] s*=0.21/2.98 (7.1%) dist_goal=2.67
22:37:10 [INFO] [MPC] state=(+1.27,-0.45,-0.00) wp0=(+1.34,-0.45) v=+0.200 ω=+0.008 ok=True iters=7
22:37:10 [INFO] [PROG] s*=0.23/2.98 (7.8%) dist_goal=2.65
22:37:10 [INFO] [MPC] state=(+1.29,-0.45,-0.00) wp0=(+1.36,-0.45) v=+0.200 ω=+0.004 ok=True iters=7
22:37:10 [INFO] [PROG] s*=0.25/2.98 (8.4%) dist_goal=2.63
22:37:10 [INFO] [MPC] state=(+1.31,-0.45,-0.00) wp0=(+1.38,-0.45) v=+0.200 ω=+0.002 ok=True iters=7
22:37:10 [INFO] [PROG] s*=0.27/2.98 (9.1%) dist_goal=2.61
22:37:10 [INFO] [MPC] state=(+1.33,-0.45,-0.00) wp0=(+1.40,-0.45) v=+0.200 ω=-0.000 ok=True iters=7
22:37:10 [INFO] [PROG] s*=0.29/2.98 (9.8%) dist_goal=2.59
22:37:10 [INFO] [MPC] state=(+1.35,-0.45,-0.00) wp0=(+1.42,-0.45) v=+0.200 ω=-0.001 ok=True iters=7
22:37:10 [INFO] [PROG] s*=0.31/2.98 (10.5%) dist_goal=2.57
22:37:10 [INFO] [MPC] state=(+1.37,-0.45,-0.00) wp0=(+1.44,-0.45) v=+0.200 ω=-0.002 ok=True iters=7
22:37:10 [INFO] [PROG] s*=0.33/2.98 (11.2%) dist_goal=2.55
22:37:10 [INFO] [MPC] state=(+1.39,-0.45,-0.00) wp0=(+1.46,-0.45) v=+0.200 ω=-0.002 ok=True iters=7
22:37:10 [INFO] [PROG] s*=0.35/2.98 (11.8%) dist_goal=2.52
22:37:10 [INFO] [MPC] state=(+1.41,-0.45,-0.00) wp0=(+1.48,-0.45) v=+0.200 ω=-0.002 ok=True iters=7
22:37:10 [INFO] [PROG] s*=0.37/2.98 (12.5%) dist_goal=2.50
22:37:10 [INFO] [MPC] state=(+1.43,-0.45,-0.00) wp0=(+1.50,-0.45) v=+0.200 ω=-0.002 ok=True iters=7
22:37:10 [INFO] [PROG] s*=0.39/2.98 (13.2%) dist_goal=2.48
22:37:10 [INFO] [MPC] state=(+1.45,-0.45,-0.00) wp0=(+1.52,-0.45) v=+0.200 ω=-0.003 ok=True iters=7
22:37:10 [INFO] [PROG] s*=0.41/2.98 (13.9%) dist_goal=2.46
22:37:10 [INFO] [MPC] state=(+1.47,-0.45,-0.00) wp0=(+1.54,-0.45) v=+0.200 ω=-0.003 ok=True iters=7
22:37:10 [INFO] [PROG] s*=0.43/2.98 (14.6%) dist_goal=2.44
22:37:10 [INFO] [MPC] state=(+1.49,-0.45,-0.00) wp0=(+1.56,-0.45) v=+0.200 ω=-0.003 ok=True iters=7
22:37:10 [INFO] [PROG] s*=0.45/2.98 (15.2%) dist_goal=2.42
22:37:10 [INFO] [MPC] state=(+1.51,-0.45,-0.00) wp0=(+1.58,-0.45) v=+0.200 ω=-0.003 ok=True iters=7
22:37:10 [INFO] [PROG] s*=0.47/2.98 (15.9%) dist_goal=2.40
22:37:10 [INFO] [MPC] state=(+1.53,-0.45,-0.00) wp0=(+1.60,-0.45) v=+0.200 ω=-0.003 ok=True iters=7
22:37:10 [INFO] [PROG] s*=0.49/2.98 (16.6%) dist_goal=2.38
22:37:10 [INFO] [MPC] state=(+1.55,-0.45,-0.00) wp0=(+1.62,-0.45) v=+0.200 ω=-0.003 ok=True iters=7
22:37:10 [INFO] [PROG] s*=0.52/2.98 (17.3%) dist_goal=2.36
22:37:10 [INFO] [MPC] state=(+1.57,-0.45,-0.00) wp0=(+1.65,-0.45) v=+0.200 ω=-0.003 ok=True iters=7
22:37:10 [INFO] [PROG] s*=0.54/2.98 (18.0%) dist_goal=2.34
22:37:10 [INFO] [MPC] state=(+1.60,-0.45,-0.00) wp0=(+1.67,-0.45) v=+0.200 ω=-0.003 ok=True iters=7
22:37:10 [INFO] [PROG] s*=0.56/2.98 (18.6%) dist_goal=2.32
22:37:10 [INFO] [MPC] state=(+1.62,-0.45,-0.00) wp0=(+1.69,-0.45) v=+0.200 ω=-0.003 ok=True iters=7
22:37:10 [INFO] [PROG] s*=0.58/2.98 (19.3%) dist_goal=2.30
22:37:10 [INFO] [MPC] state=(+1.64,-0.45,-0.00) wp0=(+1.71,-0.45) v=+0.200 ω=-0.003 ok=True iters=7
22:37:10 [INFO] [PROG] s*=0.60/2.98 (20.0%) dist_goal=2.28
22:37:10 [INFO] [MPC] state=(+1.66,-0.45,-0.00) wp0=(+1.73,-0.45) v=+0.200 ω=-0.003 ok=True iters=7
22:37:10 [INFO] [PROG] s*=0.62/2.98 (20.7%) dist_goal=2.26
22:37:10 [INFO] [MPC] state=(+1.68,-0.45,-0.00) wp0=(+1.75,-0.45) v=+0.200 ω=-0.003 ok=True iters=7
22:37:10 [INFO] [PROG] s*=0.64/2.98 (21.3%) dist_goal=2.24
22:37:10 [INFO] [MPC] state=(+1.70,-0.45,-0.00) wp0=(+1.77,-0.45) v=+0.200 ω=-0.003 ok=True iters=7
22:37:10 [INFO] [PROG] s*=0.66/2.98 (22.0%) dist_goal=2.22
22:37:10 [INFO] [MPC] state=(+1.72,-0.45,-0.00) wp0=(+1.79,-0.45) v=+0.200 ω=-0.002 ok=True iters=7
22:37:10 [INFO] [PROG] s*=0.68/2.98 (22.7%) dist_goal=2.20
22:37:10 [INFO] [MPC] state=(+1.74,-0.45,-0.00) wp0=(+1.81,-0.45) v=+0.200 ω=-0.003 ok=True iters=7
22:37:10 [INFO] [PROG] s*=0.70/2.98 (23.4%) dist_goal=2.18
22:37:10 [INFO] [MPC] state=(+1.76,-0.45,-0.00) wp0=(+1.83,-0.45) v=+0.200 ω=-0.003 ok=True iters=7
22:37:10 [INFO] [PROG] s*=0.72/2.98 (24.1%) dist_goal=2.16
22:37:10 [INFO] [MPC] state=(+1.78,-0.45,-0.00) wp0=(+1.85,-0.45) v=+0.200 ω=-0.003 ok=True iters=7
22:37:10 [INFO] [PROG] s*=0.74/2.98 (24.7%) dist_goal=2.14
22:37:10 [INFO] [MPC] state=(+1.80,-0.45,-0.00) wp0=(+1.87,-0.45) v=+0.200 ω=-0.003 ok=True iters=7
22:37:10 [INFO] [PROG] s*=0.76/2.98 (25.4%) dist_goal=2.12
22:37:10 [INFO] [MPC] state=(+1.82,-0.45,-0.00) wp0=(+1.89,-0.45) v=+0.200 ω=-0.003 ok=True iters=7
22:37:10 [INFO] [PROG] s*=0.78/2.98 (26.1%) dist_goal=2.10
22:37:10 [INFO] [MPC] state=(+1.84,-0.45,-0.00) wp0=(+1.91,-0.45) v=+0.200 ω=-0.003 ok=True iters=7
22:37:10 [INFO] [PROG] s*=0.80/2.98 (26.8%) dist_goal=2.08
22:37:10 [INFO] [MPC] state=(+1.86,-0.45,-0.00) wp0=(+1.93,-0.45) v=+0.200 ω=-0.004 ok=True iters=7
22:37:10 [INFO] [PROG] s*=0.82/2.98 (27.5%) dist_goal=2.06
22:37:10 [INFO] [MPC] state=(+1.88,-0.45,-0.00) wp0=(+1.95,-0.45) v=+0.200 ω=-0.003 ok=True iters=7
22:37:10 [INFO] [PROG] s*=0.84/2.98 (28.1%) dist_goal=2.04
22:37:10 [INFO] [MPC] state=(+1.90,-0.45,-0.00) wp0=(+1.97,-0.45) v=+0.200 ω=-0.003 ok=True iters=7
22:37:10 [INFO] [PROG] s*=0.86/2.98 (28.8%) dist_goal=2.02
22:37:10 [INFO] [MPC] state=(+1.92,-0.45,-0.00) wp0=(+1.99,-0.45) v=+0.200 ω=-0.004 ok=True iters=7
22:37:10 [INFO] [PROG] s*=0.88/2.98 (29.5%) dist_goal=2.00
22:37:10 [INFO] [MPC] state=(+1.94,-0.45,-0.00) wp0=(+2.01,-0.45) v=+0.200 ω=-0.004 ok=True iters=7
22:37:10 [INFO] [PROG] s*=0.90/2.98 (30.2%) dist_goal=1.98
22:37:10 [INFO] [MPC] state=(+1.96,-0.45,-0.00) wp0=(+2.03,-0.45) v=+0.200 ω=-0.004 ok=True iters=7
22:37:10 [INFO] [PROG] s*=0.92/2.98 (30.9%) dist_goal=1.96
22:37:10 [INFO] [MPC] state=(+1.98,-0.45,-0.00) wp0=(+2.05,-0.45) v=+0.200 ω=-0.004 ok=True iters=7
22:37:10 [INFO] [PROG] s*=0.94/2.98 (31.5%) dist_goal=1.94
22:37:10 [INFO] [MPC] state=(+2.00,-0.45,-0.00) wp0=(+2.07,-0.45) v=+0.200 ω=-0.004 ok=True iters=7
22:37:10 [INFO] [PROG] s*=0.96/2.98 (32.2%) dist_goal=1.92
22:37:10 [INFO] [MPC] state=(+2.02,-0.45,-0.00) wp0=(+2.09,-0.45) v=+0.200 ω=-0.003 ok=True iters=7
22:37:10 [INFO] [PROG] s*=0.98/2.98 (32.9%) dist_goal=1.90
22:37:10 [INFO] [MPC] state=(+2.04,-0.45,-0.00) wp0=(+2.11,-0.45) v=+0.200 ω=-0.004 ok=True iters=7
22:37:10 [INFO] [PROG] s*=1.00/2.98 (33.6%) dist_goal=1.88
22:37:10 [INFO] [MPC] state=(+2.06,-0.45,-0.00) wp0=(+2.13,-0.45) v=+0.200 ω=-0.004 ok=True iters=7
22:37:10 [INFO] [PROG] s*=1.02/2.98 (34.3%) dist_goal=1.86
22:37:10 [INFO] [MPC] state=(+2.08,-0.45,-0.00) wp0=(+2.15,-0.45) v=+0.200 ω=-0.003 ok=True iters=7
22:37:10 [INFO] [PROG] s*=1.04/2.98 (34.9%) dist_goal=1.84
22:37:10 [INFO] [MPC] state=(+2.10,-0.45,-0.00) wp0=(+2.17,-0.45) v=+0.200 ω=-0.004 ok=True iters=7
22:37:10 [INFO] [PROG] s*=1.06/2.98 (35.6%) dist_goal=1.82
22:37:10 [INFO] [MPC] state=(+2.12,-0.45,-0.00) wp0=(+2.19,-0.45) v=+0.200 ω=-0.004 ok=True iters=7
22:37:10 [INFO] [PROG] s*=1.08/2.98 (36.3%) dist_goal=1.80
22:37:10 [INFO] [MPC] state=(+2.14,-0.45,-0.00) wp0=(+2.21,-0.45) v=+0.200 ω=-0.003 ok=True iters=7
22:37:10 [INFO] [PROG] s*=1.10/2.98 (37.0%) dist_goal=1.78
22:37:10 [INFO] [MPC] state=(+2.16,-0.45,-0.00) wp0=(+2.23,-0.45) v=+0.200 ω=-0.004 ok=True iters=7
22:37:10 [INFO] [PROG] s*=1.12/2.98 (37.6%) dist_goal=1.76
22:37:10 [INFO] [MPC] state=(+2.18,-0.45,-0.00) wp0=(+2.25,-0.45) v=+0.200 ω=-0.004 ok=True iters=7
22:37:10 [INFO] [PROG] s*=1.14/2.98 (38.3%) dist_goal=1.74
22:37:10 [INFO] [MPC] state=(+2.20,-0.45,-0.00) wp0=(+2.27,-0.45) v=+0.200 ω=-0.004 ok=True iters=7
22:37:10 [INFO] [PROG] s*=1.16/2.98 (39.0%) dist_goal=1.72
22:37:10 [INFO] [MPC] state=(+2.22,-0.45,-0.00) wp0=(+2.29,-0.45) v=+0.200 ω=-0.004 ok=True iters=7
22:37:10 [INFO] [PROG] s*=1.18/2.98 (39.7%) dist_goal=1.70
22:37:10 [INFO] [MPC] state=(+2.24,-0.45,-0.00) wp0=(+2.31,-0.45) v=+0.200 ω=-0.004 ok=True iters=7
22:37:10 [INFO] [PROG] s*=1.20/2.98 (40.4%) dist_goal=1.68
22:37:10 [INFO] [MPC] state=(+2.26,-0.45,-0.00) wp0=(+2.33,-0.45) v=+0.200 ω=-0.003 ok=True iters=7
22:37:10 [INFO] [PROG] s*=1.22/2.98 (41.0%) dist_goal=1.66
22:37:10 [INFO] [MPC] state=(+2.28,-0.45,-0.00) wp0=(+2.35,-0.45) v=+0.200 ω=-0.003 ok=True iters=7
22:37:10 [INFO] [PROG] s*=1.24/2.98 (41.7%) dist_goal=1.64
22:37:10 [INFO] [MPC] state=(+2.30,-0.45,-0.00) wp0=(+2.37,-0.45) v=+0.200 ω=-0.004 ok=True iters=7
22:37:10 [INFO] [PROG] s*=1.26/2.98 (42.4%) dist_goal=1.62
22:37:10 [INFO] [MPC] state=(+2.32,-0.45,-0.00) wp0=(+2.39,-0.45) v=+0.200 ω=-0.003 ok=True iters=7
22:37:10 [INFO] [PROG] s*=1.29/2.98 (43.1%) dist_goal=1.60
22:37:10 [INFO] [MPC] state=(+2.34,-0.45,-0.00) wp0=(+2.42,-0.45) v=+0.200 ω=-0.003 ok=True iters=7
22:37:10 [INFO] [PROG] s*=1.31/2.98 (43.8%) dist_goal=1.58
22:37:10 [INFO] [MPC] state=(+2.37,-0.45,-0.00) wp0=(+2.44,-0.45) v=+0.200 ω=-0.003 ok=True iters=7
22:37:10 [INFO] [PROG] s*=1.33/2.98 (44.4%) dist_goal=1.56
22:37:10 [INFO] [MPC] state=(+2.39,-0.45,-0.00) wp0=(+2.46,-0.45) v=+0.200 ω=-0.003 ok=True iters=7
22:37:10 [INFO] [PROG] s*=1.35/2.98 (45.1%) dist_goal=1.54
22:37:10 [INFO] [MPC] state=(+2.41,-0.45,-0.00) wp0=(+2.48,-0.45) v=+0.200 ω=-0.003 ok=True iters=7
22:37:10 [INFO] [PROG] s*=1.37/2.98 (45.8%) dist_goal=1.52
22:37:10 [INFO] [MPC] state=(+2.43,-0.45,-0.00) wp0=(+2.50,-0.45) v=+0.200 ω=-0.003 ok=True iters=7
22:37:10 [INFO] [PROG] s*=1.39/2.98 (46.5%) dist_goal=1.50
22:37:10 [INFO] [MPC] state=(+2.45,-0.45,-0.00) wp0=(+2.52,-0.45) v=+0.200 ω=-0.003 ok=True iters=7
22:37:10 [INFO] [PROG] s*=1.41/2.98 (47.2%) dist_goal=1.48
22:37:10 [INFO] [MPC] state=(+2.47,-0.45,-0.00) wp0=(+2.54,-0.45) v=+0.200 ω=-0.003 ok=True iters=7
22:37:10 [INFO] [PROG] s*=1.43/2.98 (47.8%) dist_goal=1.46
22:37:10 [INFO] [MPC] state=(+2.49,-0.45,-0.00) wp0=(+2.56,-0.45) v=+0.200 ω=-0.003 ok=True iters=7
22:37:10 [INFO] [PROG] s*=1.45/2.98 (48.5%) dist_goal=1.44
22:37:10 [INFO] [MPC] state=(+2.51,-0.45,-0.00) wp0=(+2.58,-0.45) v=+0.200 ω=-0.003 ok=True iters=7
22:37:10 [INFO] [PROG] s*=1.47/2.98 (49.2%) dist_goal=1.42
22:37:10 [INFO] [MPC] state=(+2.53,-0.45,-0.00) wp0=(+2.60,-0.45) v=+0.200 ω=-0.003 ok=True iters=7
22:37:10 [INFO] [PROG] s*=1.49/2.98 (49.9%) dist_goal=1.40
22:37:10 [INFO] [MPC] state=(+2.55,-0.45,-0.00) wp0=(+2.62,-0.45) v=+0.200 ω=-0.003 ok=True iters=7
22:37:10 [INFO] [PROG] s*=1.51/2.98 (50.6%) dist_goal=1.38
22:37:10 [INFO] [MPC] state=(+2.57,-0.45,-0.00) wp0=(+2.64,-0.45) v=+0.200 ω=-0.003 ok=True iters=7
22:37:10 [INFO] [PROG] s*=1.53/2.98 (51.2%) dist_goal=1.36
22:37:10 [INFO] [MPC] state=(+2.59,-0.45,-0.00) wp0=(+2.66,-0.45) v=+0.200 ω=-0.002 ok=True iters=7
22:37:10 [INFO] [PROG] s*=1.55/2.98 (51.9%) dist_goal=1.34
22:37:10 [INFO] [MPC] state=(+2.61,-0.45,-0.00) wp0=(+2.68,-0.45) v=+0.200 ω=-0.003 ok=True iters=7
22:37:10 [INFO] [PROG] s*=1.57/2.98 (52.6%) dist_goal=1.32
22:37:10 [INFO] [MPC] state=(+2.63,-0.45,-0.00) wp0=(+2.70,-0.45) v=+0.200 ω=-0.003 ok=True iters=7
22:37:10 [INFO] [PROG] s*=1.59/2.98 (53.3%) dist_goal=1.30
22:37:10 [INFO] [MPC] state=(+2.65,-0.45,-0.00) wp0=(+2.72,-0.45) v=+0.200 ω=-0.002 ok=True iters=7
22:37:10 [INFO] [PROG] s*=1.61/2.98 (54.0%) dist_goal=1.28
22:37:10 [INFO] [MPC] state=(+2.67,-0.45,-0.00) wp0=(+2.74,-0.45) v=+0.200 ω=-0.003 ok=True iters=7
22:37:10 [INFO] [PROG] s*=1.63/2.98 (54.6%) dist_goal=1.26
22:37:10 [INFO] [MPC] state=(+2.69,-0.45,-0.00) wp0=(+2.76,-0.45) v=+0.200 ω=-0.003 ok=True iters=7
22:37:10 [INFO] [PROG] s*=1.65/2.98 (55.3%) dist_goal=1.24
22:37:10 [INFO] [MPC] state=(+2.71,-0.45,-0.00) wp0=(+2.78,-0.45) v=+0.200 ω=-0.002 ok=True iters=7
22:37:10 [INFO] [PROG] s*=1.67/2.98 (56.0%) dist_goal=1.22
22:37:10 [INFO] [MPC] state=(+2.73,-0.45,-0.00) wp0=(+2.80,-0.45) v=+0.200 ω=-0.003 ok=True iters=7
22:37:10 [INFO] [PROG] s*=1.69/2.98 (56.7%) dist_goal=1.20
22:37:10 [INFO] [MPC] state=(+2.75,-0.45,-0.00) wp0=(+2.82,-0.45) v=+0.200 ω=-0.003 ok=True iters=7
22:37:10 [INFO] [PROG] s*=1.71/2.98 (57.4%) dist_goal=1.18
22:37:10 [INFO] [MPC] state=(+2.77,-0.45,-0.00) wp0=(+2.84,-0.45) v=+0.200 ω=-0.002 ok=True iters=7
22:37:10 [INFO] [PROG] s*=1.73/2.98 (58.0%) dist_goal=1.16
22:37:10 [INFO] [MPC] state=(+2.79,-0.45,-0.00) wp0=(+2.86,-0.45) v=+0.200 ω=-0.003 ok=True iters=7
22:37:10 [INFO] [PROG] s*=1.75/2.98 (58.7%) dist_goal=1.14
22:37:10 [INFO] [MPC] state=(+2.81,-0.45,-0.00) wp0=(+2.88,-0.45) v=+0.200 ω=-0.003 ok=True iters=7
22:37:10 [INFO] [PROG] s*=1.77/2.98 (59.4%) dist_goal=1.12
22:37:10 [INFO] [MPC] state=(+2.83,-0.45,-0.00) wp0=(+2.90,-0.45) v=+0.200 ω=-0.002 ok=True iters=7
22:37:10 [INFO] [PROG] s*=1.79/2.98 (60.1%) dist_goal=1.10
22:37:10 [INFO] [MPC] state=(+2.85,-0.45,-0.00) wp0=(+2.92,-0.45) v=+0.200 ω=-0.003 ok=True iters=7
22:37:10 [INFO] [PROG] s*=1.81/2.98 (60.8%) dist_goal=1.08
22:37:10 [INFO] [MPC] state=(+2.87,-0.45,-0.00) wp0=(+2.94,-0.45) v=+0.200 ω=-0.002 ok=True iters=7
22:37:10 [INFO] [PROG] s*=1.83/2.98 (61.4%) dist_goal=1.06
22:37:10 [INFO] [MPC] state=(+2.89,-0.45,-0.00) wp0=(+2.96,-0.45) v=+0.200 ω=-0.002 ok=True iters=7
22:37:10 [INFO] [PROG] s*=1.85/2.98 (62.1%) dist_goal=1.04
22:37:10 [INFO] [MPC] state=(+2.91,-0.45,-0.00) wp0=(+2.98,-0.45) v=+0.200 ω=-0.003 ok=True iters=7
22:37:10 [INFO] [PROG] s*=1.87/2.98 (62.8%) dist_goal=1.02
22:37:10 [INFO] [MPC] state=(+2.93,-0.45,-0.00) wp0=(+3.00,-0.45) v=+0.200 ω=-0.003 ok=True iters=7
22:37:10 [INFO] [PROG] s*=1.89/2.98 (63.5%) dist_goal=1.00
22:37:10 [INFO] [MPC] state=(+2.95,-0.45,-0.00) wp0=(+3.02,-0.45) v=+0.200 ω=-0.002 ok=True iters=7
22:37:10 [INFO] [PROG] s*=1.91/2.98 (64.2%) dist_goal=0.98
22:37:10 [INFO] [MPC] state=(+2.97,-0.45,-0.00) wp0=(+3.04,-0.45) v=+0.200 ω=-0.002 ok=True iters=7
22:37:10 [INFO] [PROG] s*=1.93/2.98 (64.8%) dist_goal=0.96
22:37:10 [INFO] [MPC] state=(+2.99,-0.45,-0.00) wp0=(+3.06,-0.45) v=+0.200 ω=-0.002 ok=True iters=7
22:37:10 [INFO] [PROG] s*=1.95/2.98 (65.5%) dist_goal=0.94
22:37:10 [INFO] [MPC] state=(+3.01,-0.45,-0.00) wp0=(+3.08,-0.45) v=+0.200 ω=-0.002 ok=True iters=7
22:37:10 [INFO] [PROG] s*=1.97/2.98 (66.2%) dist_goal=0.92
22:37:10 [INFO] [MPC] state=(+3.03,-0.45,-0.00) wp0=(+3.10,-0.45) v=+0.200 ω=-0.002 ok=True iters=7
22:37:10 [INFO] [PROG] s*=1.99/2.98 (66.9%) dist_goal=0.90
22:37:10 [INFO] [MPC] state=(+3.05,-0.45,-0.00) wp0=(+3.12,-0.45) v=+0.200 ω=-0.002 ok=True iters=7
22:37:10 [INFO] [PROG] s*=2.01/2.98 (67.6%) dist_goal=0.88
22:37:10 [INFO] [MPC] state=(+3.07,-0.45,-0.00) wp0=(+3.14,-0.45) v=+0.200 ω=-0.002 ok=True iters=7
22:37:10 [INFO] [PROG] s*=2.04/2.98 (68.2%) dist_goal=0.86
22:37:10 [INFO] [MPC] state=(+3.09,-0.45,-0.00) wp0=(+3.17,-0.45) v=+0.200 ω=-0.002 ok=True iters=7
22:37:10 [INFO] [PROG] s*=2.06/2.98 (68.9%) dist_goal=0.84
22:37:10 [INFO] [MPC] state=(+3.12,-0.45,-0.00) wp0=(+3.19,-0.45) v=+0.200 ω=-0.013 ok=True iters=7
22:37:10 [INFO] [PROG] s*=2.08/2.98 (69.6%) dist_goal=0.82
22:37:10 [INFO] [MPC] state=(+3.14,-0.45,-0.00) wp0=(+3.21,-0.45) v=+0.200 ω=-0.022 ok=True iters=7
22:37:10 [INFO] [PROG] s*=2.10/2.98 (70.3%) dist_goal=0.80
22:37:10 [INFO] [MPC] state=(+3.16,-0.45,-0.00) wp0=(+3.23,-0.45) v=+0.200 ω=-0.032 ok=True iters=8
22:37:10 [INFO] [PROG] s*=2.12/2.98 (71.0%) dist_goal=0.78
22:37:10 [INFO] [MPC] state=(+3.18,-0.45,-0.01) wp0=(+3.25,-0.45) v=+0.200 ω=-0.042 ok=True iters=8
22:37:10 [INFO] [PROG] s*=2.14/2.98 (71.6%) dist_goal=0.76
22:37:10 [INFO] [MPC] state=(+3.20,-0.45,-0.01) wp0=(+3.27,-0.45) v=+0.195 ω=-0.048 ok=True iters=8
22:37:10 [INFO] [PROG] s*=2.16/2.98 (72.3%) dist_goal=0.74
22:37:10 [INFO] [MPC] state=(+3.22,-0.45,-0.01) wp0=(+3.29,-0.45) v=+0.190 ω=-0.055 ok=True iters=8
22:37:10 [INFO] [PROG] s*=2.17/2.98 (72.9%) dist_goal=0.72
22:37:10 [INFO] [MPC] state=(+3.24,-0.45,-0.02) wp0=(+3.30,-0.45) v=+0.186 ω=-0.058 ok=True iters=8
22:37:10 [INFO] [PROG] s*=2.19/2.98 (73.5%) dist_goal=0.71
22:37:10 [INFO] [MPC] state=(+3.25,-0.45,-0.03) wp0=(+3.32,-0.45) v=+0.181 ω=-0.055 ok=True iters=8
22:37:10 [INFO] [PROG] s*=2.21/2.98 (74.1%) dist_goal=0.69
22:37:10 [INFO] [MPC] state=(+3.27,-0.45,-0.03) wp0=(+3.34,-0.45) v=+0.177 ω=-0.047 ok=True iters=8
22:37:10 [INFO] [PROG] s*=2.23/2.98 (74.7%) dist_goal=0.67
22:37:10 [INFO] [MPC] state=(+3.29,-0.45,-0.04) wp0=(+3.36,-0.45) v=+0.172 ω=-0.043 ok=True iters=8
22:37:10 [INFO] [PROG] s*=2.25/2.98 (75.3%) dist_goal=0.66
22:37:10 [INFO] [MPC] state=(+3.31,-0.45,-0.04) wp0=(+3.38,-0.45) v=+0.168 ω=-0.037 ok=True iters=8
22:37:10 [INFO] [PROG] s*=2.26/2.98 (75.8%) dist_goal=0.64
22:37:10 [INFO] [MPC] state=(+3.33,-0.45,-0.04) wp0=(+3.39,-0.45) v=+0.164 ω=-0.033 ok=True iters=8
22:37:10 [INFO] [PROG] s*=2.28/2.98 (76.4%) dist_goal=0.62
22:37:10 [INFO] [MPC] state=(+3.34,-0.45,-0.05) wp0=(+3.41,-0.45) v=+0.160 ω=-0.029 ok=True iters=8
22:37:10 [INFO] [PROG] s*=2.29/2.98 (76.9%) dist_goal=0.61
22:37:10 [INFO] [MPC] state=(+3.36,-0.45,-0.05) wp0=(+3.42,-0.45) v=+0.156 ω=-0.034 ok=True iters=8
22:37:10 [INFO] [PROG] s*=2.31/2.98 (77.4%) dist_goal=0.59
22:37:10 [INFO] [MPC] state=(+3.37,-0.46,-0.05) wp0=(+3.44,-0.45) v=+0.152 ω=-0.330 ok=True iters=8
22:37:10 [INFO] [PROG] s*=2.32/2.98 (77.9%) dist_goal=0.58
22:37:10 [INFO] [MPC] state=(+3.39,-0.46,-0.09) wp0=(+3.45,-0.45) v=+0.148 ω=-0.969 ok=True iters=8
22:37:10 [INFO] [PROG] s*=2.34/2.98 (78.3%) dist_goal=0.57
22:37:10 [INFO] [MPC] state=(+3.40,-0.46,-0.17) wp0=(+3.47,-0.45) v=+0.145 ω=-1.330 ok=True iters=9
22:37:10 [INFO] [PROG] s*=2.35/2.98 (78.7%) dist_goal=0.55
22:37:10 [INFO] [MPC] state=(+3.42,-0.46,-0.28) wp0=(+3.48,-0.45) v=+0.141 ω=-1.334 ok=True iters=9
22:37:10 [INFO] [PROG] s*=2.36/2.98 (79.2%) dist_goal=0.54
22:37:10 [INFO] [MPC] state=(+3.43,-0.47,-0.39) wp0=(+3.49,-0.45) v=+0.138 ω=-1.099 ok=True iters=9
22:37:10 [INFO] [PROG] s*=2.37/2.98 (79.6%) dist_goal=0.53
22:37:10 [INFO] [MPC] state=(+3.44,-0.47,-0.49) wp0=(+3.50,-0.45) v=+0.135 ω=-0.885 ok=True iters=9
22:37:10 [INFO] [PROG] s*=2.38/2.98 (79.9%) dist_goal=0.51
22:37:10 [INFO] [MPC] state=(+3.45,-0.48,-0.58) wp0=(+3.51,-0.45) v=+0.131 ω=-0.728 ok=True iters=9
22:37:10 [INFO] [PROG] s*=2.39/2.98 (80.3%) dist_goal=0.50
22:37:10 [INFO] [MPC] state=(+3.46,-0.49,-0.65) wp0=(+3.52,-0.45) v=+0.128 ω=-0.493 ok=True iters=9
22:37:10 [INFO] [PROG] s*=2.40/2.98 (80.6%) dist_goal=0.49
22:37:10 [INFO] [MPC] state=(+3.47,-0.50,-0.70) wp0=(+3.53,-0.45) v=+0.125 ω=-0.350 ok=True iters=8
22:37:10 [INFO] [PROG] s*=2.41/2.98 (80.9%) dist_goal=0.48
22:37:10 [INFO] [MPC] state=(+3.48,-0.50,-0.74) wp0=(+3.54,-0.45) v=+0.111 ω=-0.233 ok=True iters=9
22:37:10 [INFO] [PROG] s*=2.42/2.98 (81.0%) dist_goal=0.47
22:37:10 [INFO] [MPC] state=(+3.49,-0.51,-0.76) wp0=(+3.55,-0.45) v=+0.047 ω=-0.145 ok=True iters=10
22:37:10 [INFO] [PROG] s*=2.42/2.98 (81.1%) dist_goal=0.47
22:37:10 [INFO] [MPC] state=(+3.50,-0.52,-0.78) wp0=(+3.55,-0.45) v=+0.030 ω=-0.091 ok=True iters=10
22:37:10 [INFO] [PROG] s*=2.42/2.98 (81.2%) dist_goal=0.47
22:37:10 [INFO] [MPC] state=(+3.50,-0.52,-0.79) wp0=(+3.55,-0.45) v=+0.030 ω=-0.060 ok=True iters=11
22:37:10 [INFO] [PROG] s*=2.42/2.98 (81.2%) dist_goal=0.47
22:37:10 [INFO] [MPC] state=(+3.50,-0.52,-0.79) wp0=(+3.55,-0.45) v=+0.030 ω=-0.039 ok=True iters=12
22:37:10 [INFO] [PROG] s*=2.43/2.98 (81.3%) dist_goal=0.46
22:37:10 [INFO] [MPC] state=(+3.50,-0.52,-0.80) wp0=(+3.55,-0.45) v=+0.030 ω=-0.023 ok=True iters=10
22:37:10 [INFO] [PROG] s*=2.43/2.98 (81.4%) dist_goal=0.46
22:37:10 [INFO] [MPC] state=(+3.51,-0.52,-0.80) wp0=(+3.56,-0.46) v=+0.030 ω=-0.013 ok=True iters=9
22:37:10 [INFO] [PROG] s*=2.43/2.98 (81.4%) dist_goal=0.46
22:37:10 [INFO] [MPC] state=(+3.51,-0.53,-0.80) wp0=(+3.56,-0.46) v=+0.030 ω=-0.007 ok=True iters=9
22:37:10 [INFO] [PROG] s*=2.43/2.98 (81.5%) dist_goal=0.45
22:37:10 [INFO] [MPC] state=(+3.51,-0.53,-0.80) wp0=(+3.56,-0.46) v=+0.030 ω=+0.043 ok=True iters=11
22:37:10 [INFO] [PROG] s*=2.43/2.98 (81.6%) dist_goal=0.45
22:37:10 [INFO] [MPC] state=(+3.51,-0.53,-0.79) wp0=(+3.56,-0.46) v=+0.030 ω=+0.122 ok=True iters=12
22:37:10 [INFO] [PROG] s*=2.51/2.98 (84.0%) dist_goal=0.45
22:37:10 [INFO] [MPC] state=(+3.51,-0.53,-0.78) wp0=(+3.61,-0.51) v=+0.030 ω=+0.163 ok=True iters=12
22:37:10 [INFO] [PROG] s*=2.51/2.98 (84.1%) dist_goal=0.45
22:37:10 [INFO] [MPC] state=(+3.52,-0.53,-0.77) wp0=(+3.61,-0.51) v=+0.112 ω=+2.293 ok=True iters=14
22:37:10 [INFO] [PROG] s*=2.52/2.98 (84.4%) dist_goal=0.44
22:37:10 [INFO] [MPC] state=(+3.52,-0.54,-0.60) wp0=(+3.62,-0.52) v=+0.089 ω=+1.770 ok=True iters=11
22:37:10 [INFO] [PROG] s*=2.52/2.98 (84.4%) dist_goal=0.44
22:37:10 [INFO] [MPC] state=(+3.52,-0.54,-0.43) wp0=(+3.62,-0.52) v=+0.030 ω=+1.265 ok=True iters=10
22:37:10 [INFO] [PROG] s*=2.52/2.98 (84.5%) dist_goal=0.43
22:37:10 [INFO] [MPC] state=(+3.53,-0.54,-0.30) wp0=(+3.62,-0.52) v=+0.030 ω=+0.859 ok=True iters=11
22:37:10 [INFO] [PROG] s*=2.52/2.98 (84.6%) dist_goal=0.43
22:37:10 [INFO] [MPC] state=(+3.53,-0.54,-0.21) wp0=(+3.62,-0.52) v=+0.030 ω=+0.597 ok=True iters=11
22:37:10 [INFO] [PROG] s*=2.52/2.98 (84.6%) dist_goal=0.43
22:37:10 [INFO] [MPC] state=(+3.53,-0.54,-0.15) wp0=(+3.62,-0.52) v=+0.030 ω=+0.383 ok=True iters=10
22:37:10 [INFO] [PROG] s*=2.53/2.98 (84.7%) dist_goal=0.43
22:37:10 [INFO] [MPC] state=(+3.53,-0.54,-0.11) wp0=(+3.63,-0.53) v=+0.030 ω=+0.245 ok=True iters=8
22:37:10 [INFO] [PROG] s*=2.53/2.98 (84.8%) dist_goal=0.42
22:37:10 [INFO] [MPC] state=(+3.54,-0.54,-0.08) wp0=(+3.63,-0.53) v=+0.030 ω=+0.163 ok=True iters=8
22:37:10 [INFO] [PROG] s*=2.53/2.98 (84.8%) dist_goal=0.42
22:37:10 [INFO] [MPC] state=(+3.54,-0.54,-0.07) wp0=(+3.63,-0.53) v=+0.030 ω=+0.147 ok=True iters=9
22:37:10 [INFO] [PROG] s*=2.53/2.98 (84.9%) dist_goal=0.42
22:37:10 [INFO] [MPC] state=(+3.54,-0.54,-0.05) wp0=(+3.63,-0.53) v=+0.030 ω=+0.098 ok=True iters=12
22:37:10 [INFO] [PROG] s*=2.53/2.98 (85.0%) dist_goal=0.42
22:37:10 [INFO] [MPC] state=(+3.55,-0.54,-0.04) wp0=(+3.63,-0.53) v=+0.030 ω=+0.068 ok=True iters=11
22:37:10 [INFO] [PROG] s*=2.54/2.98 (85.0%) dist_goal=0.41
22:37:10 [INFO] [MPC] state=(+3.55,-0.54,-0.04) wp0=(+3.63,-0.53) v=+0.030 ω=+0.049 ok=True iters=10
22:37:10 [INFO] [PROG] s*=2.54/2.98 (85.1%) dist_goal=0.41
22:37:10 [INFO] [MPC] state=(+3.55,-0.54,-0.03) wp0=(+3.63,-0.53) v=+0.030 ω=+0.038 ok=True iters=11
22:37:10 [INFO] [PROG] s*=2.54/2.98 (85.2%) dist_goal=0.41
22:37:10 [INFO] [MPC] state=(+3.55,-0.54,-0.03) wp0=(+3.64,-0.54) v=+0.030 ω=+0.028 ok=True iters=12
22:37:10 [INFO] [PROG] s*=2.54/2.98 (85.2%) dist_goal=0.41
22:37:10 [INFO] [MPC] state=(+3.56,-0.54,-0.03) wp0=(+3.64,-0.54) v=+0.030 ω=+0.019 ok=True iters=12
22:37:10 [INFO] [PROG] s*=2.54/2.98 (85.3%) dist_goal=0.40
22:37:10 [INFO] [MPC] state=(+3.56,-0.54,-0.02) wp0=(+3.64,-0.54) v=+0.030 ω=-0.051 ok=True iters=11
22:37:10 [INFO] [PROG] s*=2.55/2.98 (85.4%) dist_goal=0.40
22:37:10 [INFO] [MPC] state=(+3.56,-0.54,-0.03) wp0=(+3.64,-0.54) v=+0.030 ω=-0.106 ok=True iters=10
22:37:10 [INFO] [PROG] s*=2.55/2.98 (85.5%) dist_goal=0.40
22:37:10 [INFO] [MPC] state=(+3.57,-0.54,-0.04) wp0=(+3.64,-0.54) v=+0.030 ω=-0.142 ok=True iters=10
22:37:10 [INFO] [PROG] s*=2.55/2.98 (85.5%) dist_goal=0.39
22:37:10 [INFO] [MPC] state=(+3.57,-0.54,-0.05) wp0=(+3.64,-0.54) v=+0.030 ω=-0.159 ok=True iters=11
22:37:10 [INFO] [PROG] s*=2.55/2.98 (85.6%) dist_goal=0.39
22:37:10 [INFO] [MPC] state=(+3.57,-0.54,-0.07) wp0=(+3.64,-0.54) v=+0.030 ω=-0.185 ok=True iters=13
22:37:10 [INFO] [PROG] s*=2.56/2.98 (85.7%) dist_goal=0.39
22:37:10 [INFO] [MPC] state=(+3.57,-0.54,-0.09) wp0=(+3.65,-0.55) v=+0.030 ω=-0.237 ok=True iters=14
22:37:10 [INFO] [PROG] s*=2.56/2.98 (85.8%) dist_goal=0.38
22:37:10 [INFO] [MPC] state=(+3.58,-0.54,-0.11) wp0=(+3.65,-0.55) v=+0.030 ω=-0.255 ok=True iters=11
22:37:10 [INFO] [PROG] s*=2.56/2.98 (85.9%) dist_goal=0.38
22:37:10 [INFO] [MPC] state=(+3.58,-0.55,-0.14) wp0=(+3.65,-0.55) v=+0.030 ω=-0.256 ok=True iters=13
22:37:10 [INFO] [PROG] s*=2.56/2.98 (85.9%) dist_goal=0.38
22:37:10 [INFO] [MPC] state=(+3.58,-0.55,-0.17) wp0=(+3.65,-0.55) v=+0.030 ω=-0.263 ok=True iters=12
22:37:11 [INFO] [PROG] s*=2.57/2.98 (86.0%) dist_goal=0.38
22:37:11 [INFO] [MPC] state=(+3.59,-0.55,-0.19) wp0=(+3.65,-0.55) v=+0.030 ω=-0.275 ok=True iters=11
22:37:11 [INFO] [PROG] s*=2.57/2.98 (86.1%) dist_goal=0.37
22:37:11 [INFO] [MPC] state=(+3.59,-0.55,-0.22) wp0=(+3.66,-0.55) v=+0.030 ω=-0.291 ok=True iters=10
22:37:11 [INFO] [PROG] s*=2.57/2.98 (86.2%) dist_goal=0.37
22:37:11 [INFO] [MPC] state=(+3.59,-0.55,-0.25) wp0=(+3.66,-0.55) v=+0.030 ω=-0.332 ok=True iters=11
22:37:11 [INFO] [PROG] s*=2.57/2.98 (86.3%) dist_goal=0.37
22:37:11 [INFO] [MPC] state=(+3.59,-0.55,-0.28) wp0=(+3.66,-0.55) v=+0.030 ω=-0.339 ok=True iters=10
22:37:11 [INFO] [PROG] s*=2.58/2.98 (86.4%) dist_goal=0.36
22:37:11 [INFO] [MPC] state=(+3.60,-0.55,-0.32) wp0=(+3.67,-0.55) v=+0.030 ω=-0.348 ok=True iters=11
22:37:11 [INFO] [PROG] s*=2.58/2.98 (86.5%) dist_goal=0.36
22:37:11 [INFO] [MPC] state=(+3.60,-0.55,-0.35) wp0=(+3.67,-0.55) v=+0.030 ω=-0.360 ok=True iters=13
22:37:11 [INFO] [PROG] s*=2.58/2.98 (86.6%) dist_goal=0.36
22:37:11 [INFO] [MPC] state=(+3.60,-0.55,-0.39) wp0=(+3.67,-0.55) v=+0.030 ω=-0.399 ok=True iters=10
22:37:11 [INFO] [PROG] s*=2.59/2.98 (86.7%) dist_goal=0.35
22:37:11 [INFO] [MPC] state=(+3.61,-0.55,-0.43) wp0=(+3.67,-0.55) v=+0.030 ω=-0.399 ok=True iters=11
22:37:11 [INFO] [PROG] s*=2.59/2.98 (86.8%) dist_goal=0.35
22:37:11 [INFO] [MPC] state=(+3.61,-0.55,-0.47) wp0=(+3.68,-0.55) v=+0.030 ω=-0.401 ok=True iters=13
22:37:11 [INFO] [PROG] s*=2.59/2.98 (86.9%) dist_goal=0.35
22:37:11 [INFO] [MPC] state=(+3.61,-0.56,-0.51) wp0=(+3.68,-0.55) v=+0.030 ω=-0.405 ok=True iters=12
22:37:11 [INFO] [PROG] s*=2.60/2.98 (87.0%) dist_goal=0.34
22:37:11 [INFO] [MPC] state=(+3.61,-0.56,-0.55) wp0=(+3.68,-0.55) v=+0.030 ω=-0.430 ok=True iters=11
22:37:11 [INFO] [PROG] s*=2.60/2.98 (87.1%) dist_goal=0.34
22:37:11 [INFO] [MPC] state=(+3.62,-0.56,-0.60) wp0=(+3.69,-0.55) v=+0.030 ω=-0.307 ok=True iters=11
22:37:11 [INFO] [PROG] s*=2.60/2.98 (87.2%) dist_goal=0.34
22:37:11 [INFO] [MPC] state=(+3.62,-0.56,-0.63) wp0=(+3.69,-0.55) v=+0.030 ω=-0.234 ok=True iters=12
22:37:11 [INFO] [PROG] s*=2.61/2.98 (87.3%) dist_goal=0.34
22:37:11 [INFO] [MPC] state=(+3.62,-0.56,-0.65) wp0=(+3.69,-0.55) v=+0.030 ω=-0.186 ok=True iters=12
22:37:11 [INFO] [PROG] s*=2.61/2.98 (87.4%) dist_goal=0.33
22:37:11 [INFO] [MPC] state=(+3.63,-0.57,-0.67) wp0=(+3.70,-0.55) v=+0.030 ω=-0.158 ok=True iters=11
22:37:11 [INFO] [PROG] s*=2.61/2.98 (87.5%) dist_goal=0.33
22:37:11 [INFO] [MPC] state=(+3.63,-0.57,-0.69) wp0=(+3.70,-0.55) v=+0.030 ω=-0.164 ok=True iters=11
22:37:11 [INFO] [PROG] s*=2.61/2.98 (87.5%) dist_goal=0.33
22:37:11 [INFO] [MPC] state=(+3.63,-0.57,-0.70) wp0=(+3.70,-0.55) v=+0.030 ω=-0.148 ok=True iters=12
22:37:11 [INFO] [PROG] s*=2.61/2.98 (87.5%) dist_goal=0.32
22:37:11 [INFO] [MPC] state=(+3.63,-0.57,-0.72) wp0=(+3.70,-0.55) v=+0.030 ω=-0.099 ok=True iters=11
22:37:11 [INFO] [PROG] s*=2.61/2.98 (87.5%) dist_goal=0.32
22:37:11 [INFO] [MPC] state=(+3.63,-0.57,-0.73) wp0=(+3.70,-0.55) v=+0.030 ω=-0.066 ok=True iters=12
22:37:11 [INFO] [PROG] s*=2.61/2.98 (87.5%) dist_goal=0.32
22:37:11 [INFO] [MPC] state=(+3.64,-0.58,-0.73) wp0=(+3.70,-0.55) v=+0.030 ω=-0.046 ok=True iters=11
22:37:11 [INFO] [PROG] s*=2.61/2.98 (87.5%) dist_goal=0.32
22:37:11 [INFO] [MPC] state=(+3.64,-0.58,-0.74) wp0=(+3.70,-0.55) v=+0.030 ω=-0.035 ok=True iters=10
22:37:11 [INFO] [PROG] s*=2.61/2.98 (87.5%) dist_goal=0.31
22:37:11 [INFO] [MPC] state=(+3.64,-0.58,-0.74) wp0=(+3.70,-0.55) v=+0.030 ω=-0.027 ok=True iters=10
22:37:11 [INFO] [PROG] s*=2.61/2.98 (87.5%) dist_goal=0.31
22:37:11 [INFO] [MPC] state=(+3.64,-0.58,-0.74) wp0=(+3.70,-0.55) v=+0.030 ω=-0.021 ok=True iters=11
22:37:11 [INFO] [PROG] s*=2.61/2.98 (87.5%) dist_goal=0.31
22:37:11 [INFO] [MPC] state=(+3.65,-0.58,-0.75) wp0=(+3.70,-0.55) v=+0.030 ω=-0.018 ok=True iters=12
22:37:11 [INFO] [PROG] s*=2.61/2.98 (87.5%) dist_goal=0.31
22:37:11 [INFO] [MPC] state=(+3.65,-0.59,-0.75) wp0=(+3.70,-0.55) v=+0.030 ω=-0.016 ok=True iters=13
22:37:11 [INFO] [PROG] s*=2.61/2.98 (87.6%) dist_goal=0.30
22:37:11 [INFO] [MPC] state=(+3.65,-0.59,-0.75) wp0=(+3.70,-0.55) v=+0.030 ω=-0.015 ok=True iters=14
22:37:11 [INFO] [PROG] s*=2.62/2.98 (87.7%) dist_goal=0.30
22:37:11 [INFO] [MPC] state=(+3.65,-0.59,-0.75) wp0=(+3.70,-0.55) v=+0.030 ω=-0.037 ok=True iters=9
22:37:11 [INFO] [PROG] s*=2.62/2.98 (87.8%) dist_goal=0.30
22:37:11 [INFO] [MPC] state=(+3.65,-0.59,-0.75) wp0=(+3.71,-0.55) v=+0.030 ω=-0.055 ok=True iters=9
22:37:11 [INFO] [PROG] s*=2.62/2.98 (87.8%) dist_goal=0.30
22:37:11 [INFO] [MPC] state=(+3.66,-0.60,-0.76) wp0=(+3.71,-0.55) v=+0.030 ω=-0.069 ok=True iters=12
22:37:11 [INFO] [PROG] s*=2.62/2.98 (87.9%) dist_goal=0.29
22:37:11 [INFO] [MPC] state=(+3.66,-0.60,-0.77) wp0=(+3.71,-0.55) v=+0.030 ω=-0.077 ok=True iters=10
22:37:11 [INFO] [PROG] s*=2.62/2.98 (88.0%) dist_goal=0.29
22:37:11 [INFO] [MPC] state=(+3.66,-0.60,-0.77) wp0=(+3.71,-0.55) v=+0.030 ω=-0.082 ok=True iters=10
22:37:11 [INFO] [PROG] s*=2.63/2.98 (88.0%) dist_goal=0.29
22:37:11 [INFO] [MPC] state=(+3.66,-0.60,-0.78) wp0=(+3.71,-0.55) v=+0.030 ω=-0.086 ok=True iters=9
22:37:11 [INFO] [PROG] s*=2.63/2.98 (88.1%) dist_goal=0.29
22:37:11 [INFO] [MPC] state=(+3.66,-0.60,-0.79) wp0=(+3.72,-0.55) v=+0.030 ω=-0.088 ok=True iters=9
22:37:11 [INFO] [PROG] s*=2.63/2.98 (88.2%) dist_goal=0.28
22:37:11 [INFO] [MPC] state=(+3.67,-0.61,-0.80) wp0=(+3.72,-0.55) v=+0.030 ω=-0.089 ok=True iters=9
22:37:11 [INFO] [PROG] s*=2.63/2.98 (88.3%) dist_goal=0.28
22:37:11 [INFO] [MPC] state=(+3.67,-0.61,-0.81) wp0=(+3.72,-0.55) v=+0.030 ω=-0.089 ok=True iters=9
22:37:11 [INFO] [PROG] s*=2.63/2.98 (88.3%) dist_goal=0.28
22:37:11 [INFO] [MPC] state=(+3.67,-0.61,-0.82) wp0=(+3.72,-0.55) v=+0.030 ω=-0.072 ok=True iters=9
22:37:11 [INFO] [PROG] s*=2.64/2.98 (88.4%) dist_goal=0.28
22:37:11 [INFO] [MPC] state=(+3.67,-0.61,-0.82) wp0=(+3.73,-0.55) v=+0.030 ω=-0.051 ok=True iters=9
22:37:11 [INFO] [PROG] s*=2.64/2.98 (88.5%) dist_goal=0.27
22:37:11 [INFO] [MPC] state=(+3.68,-0.62,-0.83) wp0=(+3.73,-0.55) v=+0.030 ω=-0.037 ok=True iters=9
22:37:11 [INFO] [PROG] s*=2.64/2.98 (88.5%) dist_goal=0.27
22:37:11 [INFO] [MPC] state=(+3.68,-0.62,-0.83) wp0=(+3.73,-0.55) v=+0.030 ω=-0.029 ok=True iters=9
22:37:11 [INFO] [PROG] s*=2.64/2.98 (88.6%) dist_goal=0.27
22:37:11 [INFO] [MPC] state=(+3.68,-0.62,-0.84) wp0=(+3.73,-0.55) v=+0.030 ω=-0.047 ok=True iters=9
22:37:11 [INFO] [PROG] s*=2.64/2.98 (88.7%) dist_goal=0.27
22:37:11 [INFO] [MPC] state=(+3.68,-0.62,-0.84) wp0=(+3.73,-0.55) v=+0.030 ω=-0.036 ok=True iters=9
22:37:11 [INFO] [PROG] s*=2.65/2.98 (88.7%) dist_goal=0.27
22:37:11 [INFO] [MPC] state=(+3.68,-0.62,-0.84) wp0=(+3.74,-0.55) v=+0.030 ω=-0.029 ok=True iters=8
22:37:11 [INFO] [PROG] s*=2.65/2.98 (88.8%) dist_goal=0.26
22:37:11 [INFO] [MPC] state=(+3.69,-0.63,-0.85) wp0=(+3.74,-0.55) v=+0.030 ω=-0.024 ok=True iters=8
22:37:11 [INFO] [PROG] s*=2.65/2.98 (88.9%) dist_goal=0.26
22:37:11 [INFO] [MPC] state=(+3.69,-0.63,-0.85) wp0=(+3.74,-0.55) v=+0.030 ω=-0.021 ok=True iters=8
22:37:11 [INFO] [PROG] s*=2.65/2.98 (88.9%) dist_goal=0.26
22:37:11 [INFO] [MPC] state=(+3.69,-0.63,-0.85) wp0=(+3.74,-0.55) v=+0.030 ω=-0.019 ok=True iters=8
22:37:11 [INFO] [PROG] s*=2.65/2.98 (89.0%) dist_goal=0.26
22:37:11 [INFO] [MPC] state=(+3.69,-0.63,-0.85) wp0=(+3.74,-0.55) v=+0.030 ω=-0.019 ok=True iters=8
22:37:11 [INFO] [PROG] s*=2.66/2.98 (89.1%) dist_goal=0.26
22:37:11 [INFO] [MPC] state=(+3.69,-0.64,-0.86) wp0=(+3.75,-0.55) v=+0.030 ω=-0.018 ok=True iters=8
22:37:11 [INFO] [PROG] s*=2.66/2.98 (89.1%) dist_goal=0.25
22:37:11 [INFO] [MPC] state=(+3.70,-0.64,-0.86) wp0=(+3.75,-0.55) v=+0.030 ω=-0.019 ok=True iters=8
22:37:11 [INFO] [PROG] s*=2.66/2.98 (89.2%) dist_goal=0.25
22:37:11 [INFO] [MPC] state=(+3.70,-0.64,-0.86) wp0=(+3.75,-0.55) v=+0.030 ω=-0.018 ok=True iters=8
22:37:11 [INFO] [PROG] s*=2.66/2.98 (89.3%) dist_goal=0.25
22:37:11 [INFO] [MPC] state=(+3.70,-0.64,-0.86) wp0=(+3.75,-0.55) v=+0.030 ω=-0.016 ok=True iters=8
22:37:11 [INFO] [PROG] s*=2.66/2.98 (89.3%) dist_goal=0.25
22:37:11 [INFO] [MPC] state=(+3.70,-0.64,-0.86) wp0=(+3.75,-0.55) v=+0.030 ω=-0.017 ok=True iters=8
22:37:11 [INFO] [PROG] s*=2.67/2.98 (89.4%) dist_goal=0.25
22:37:11 [INFO] [MPC] state=(+3.70,-0.65,-0.86) wp0=(+3.75,-0.55) v=+0.030 ω=-0.016 ok=True iters=8
22:37:11 [INFO] [PROG] s*=2.67/2.98 (89.5%) dist_goal=0.24
22:37:11 [INFO] [MPC] state=(+3.70,-0.65,-0.87) wp0=(+3.75,-0.55) v=+0.030 ω=-0.016 ok=True iters=8
22:37:11 [INFO] [PROG] s*=2.76/2.98 (92.4%) dist_goal=0.24
22:37:11 [INFO] [MPC] state=(+3.71,-0.65,-0.87) wp0=(+3.82,-0.62) v=+0.030 ω=-0.017 ok=True iters=8
22:37:11 [INFO] [PROG] s*=2.76/2.98 (92.5%) dist_goal=0.24
22:37:11 [INFO] [MPC] state=(+3.71,-0.65,-0.87) wp0=(+3.82,-0.62) v=+0.030 ω=+0.236 ok=True iters=8
22:37:11 [INFO] [PROG] s*=2.76/2.98 (92.6%) dist_goal=0.24
22:37:11 [INFO] [MPC] state=(+3.71,-0.66,-0.85) wp0=(+3.82,-0.62) v=+0.030 ω=+0.414 ok=True iters=8
22:37:11 [INFO] [PROG] s*=2.76/2.98 (92.7%) dist_goal=0.24
22:37:11 [INFO] [MPC] state=(+3.71,-0.66,-0.80) wp0=(+3.82,-0.62) v=+0.030 ω=+0.576 ok=True iters=8
22:37:11 [INFO] [PROG] s*=2.77/2.98 (92.7%) dist_goal=0.23
22:37:11 [INFO] [MPC] state=(+3.71,-0.66,-0.74) wp0=(+3.82,-0.62) v=+0.030 ω=+0.642 ok=True iters=8
22:37:11 [INFO] [PROG] s*=2.77/2.98 (92.8%) dist_goal=0.23
22:37:11 [INFO] [MPC] state=(+3.72,-0.66,-0.68) wp0=(+3.83,-0.63) v=+0.030 ω=+0.757 ok=True iters=8
22:37:11 [INFO] [PROG] s*=2.77/2.98 (92.9%) dist_goal=0.23
22:37:11 [INFO] [MPC] state=(+3.72,-0.66,-0.60) wp0=(+3.83,-0.63) v=+0.030 ω=+0.771 ok=True iters=8
22:37:11 [INFO] [PROG] s*=2.77/2.98 (93.0%) dist_goal=0.23
22:37:11 [INFO] [MPC] state=(+3.72,-0.66,-0.52) wp0=(+3.83,-0.63) v=+0.030 ω=+0.847 ok=True iters=8
22:37:11 [INFO] [PROG] s*=2.78/2.98 (93.1%) dist_goal=0.23
22:37:11 [INFO] [MPC] state=(+3.72,-0.66,-0.43) wp0=(+3.83,-0.63) v=+0.030 ω=+0.814 ok=True iters=8
22:37:11 [INFO] [PROG] s*=2.78/2.98 (93.1%) dist_goal=0.22
22:37:11 [INFO] [MPC] state=(+3.73,-0.67,-0.35) wp0=(+3.83,-0.63) v=+0.030 ω=+0.715 ok=True iters=8
22:37:11 [INFO] [PROG] s*=2.78/2.98 (93.2%) dist_goal=0.22
22:37:11 [INFO] [MPC] state=(+3.73,-0.67,-0.28) wp0=(+3.83,-0.63) v=+0.030 ω=+0.502 ok=True iters=8
22:37:11 [INFO] [PROG] s*=2.78/2.98 (93.3%) dist_goal=0.22
22:37:11 [INFO] [MPC] state=(+3.73,-0.67,-0.23) wp0=(+3.84,-0.64) v=+0.030 ω=+0.443 ok=True iters=8
22:37:11 [INFO] [PROG] s*=2.78/2.98 (93.3%) dist_goal=0.22
22:37:11 [INFO] [MPC] state=(+3.73,-0.67,-0.18) wp0=(+3.84,-0.64) v=+0.030 ω=+0.341 ok=True iters=8
22:37:11 [INFO] [PROG] s*=2.79/2.98 (93.4%) dist_goal=0.21
22:37:11 [INFO] [MPC] state=(+3.73,-0.67,-0.15) wp0=(+3.84,-0.64) v=+0.030 ω=+0.281 ok=True iters=10
22:37:11 [INFO] [PROG] s*=2.79/2.98 (93.5%) dist_goal=0.21
22:37:11 [INFO] [MPC] state=(+3.74,-0.67,-0.12) wp0=(+3.84,-0.64) v=+0.030 ω=+0.241 ok=True iters=10
22:37:11 [INFO] [PROG] s*=2.79/2.98 (93.5%) dist_goal=0.21
22:37:11 [INFO] [MPC] state=(+3.74,-0.67,-0.10) wp0=(+3.84,-0.64) v=+0.030 ω=+0.217 ok=True iters=10
22:37:11 [INFO] [PROG] s*=2.79/2.98 (93.6%) dist_goal=0.21
22:37:11 [INFO] [MPC] state=(+3.74,-0.67,-0.08) wp0=(+3.84,-0.64) v=+0.030 ω=+0.282 ok=True iters=10
22:37:11 [INFO] [PROG] s*=2.79/2.98 (93.7%) dist_goal=0.20
22:37:11 [INFO] [MPC] state=(+3.74,-0.67,-0.05) wp0=(+3.84,-0.64) v=+0.030 ω=+0.190 ok=True iters=10
22:37:11 [INFO] [PROG] s*=2.80/2.98 (93.7%) dist_goal=0.20
22:37:11 [INFO] [MPC] state=(+3.75,-0.67,-0.03) wp0=(+3.85,-0.65) v=+0.030 ω=+0.123 ok=True iters=10
22:37:11 [INFO] [PROG] s*=2.80/2.98 (93.8%) dist_goal=0.20
22:37:11 [INFO] [MPC] state=(+3.75,-0.67,-0.02) wp0=(+3.85,-0.65) v=+0.030 ω=+0.081 ok=True iters=10
22:37:11 [INFO] [PROG] s*=2.80/2.98 (93.9%) dist_goal=0.20
22:37:11 [INFO] [MPC] state=(+3.75,-0.67,-0.01) wp0=(+3.85,-0.65) v=+0.030 ω=+0.051 ok=True iters=10
22:37:11 [INFO] [PROG] s*=2.80/2.98 (93.9%) dist_goal=0.19
22:37:11 [INFO] [MPC] state=(+3.76,-0.67,-0.01) wp0=(+3.85,-0.65) v=+0.030 ω=+0.032 ok=True iters=10
22:37:11 [INFO] [PROG] s*=2.80/2.98 (94.0%) dist_goal=0.19
22:37:11 [INFO] [MPC] state=(+3.76,-0.67,-0.00) wp0=(+3.85,-0.65) v=+0.030 ω=+0.021 ok=True iters=10
22:37:11 [INFO] [PROG] s*=2.81/2.98 (94.1%) dist_goal=0.19
22:37:11 [INFO] [MPC] state=(+3.76,-0.67,+0.00) wp0=(+3.85,-0.65) v=+0.030 ω=+0.013 ok=True iters=10
22:37:11 [INFO] [PROG] s*=2.81/2.98 (94.1%) dist_goal=0.18
22:37:11 [INFO] [MPC] state=(+3.76,-0.67,+0.00) wp0=(+3.85,-0.65) v=+0.030 ω=+0.008 ok=True iters=10
22:37:11 [INFO] [PROG] s*=2.81/2.98 (94.2%) dist_goal=0.18
22:37:11 [INFO] [MPC] state=(+3.77,-0.67,+0.00) wp0=(+3.86,-0.65) v=+0.030 ω=+0.004 ok=True iters=10
22:37:11 [INFO] [PROG] s*=2.81/2.98 (94.3%) dist_goal=0.18
22:37:11 [INFO] [MPC] state=(+3.77,-0.67,+0.00) wp0=(+3.86,-0.65) v=+0.030 ω=+0.002 ok=True iters=10
22:37:11 [INFO] [PROG] s*=2.81/2.98 (94.3%) dist_goal=0.18
22:37:11 [INFO] [MPC] state=(+3.77,-0.67,+0.00) wp0=(+3.86,-0.65) v=+0.030 ω=+0.001 ok=True iters=10
22:37:11 [INFO] [PROG] s*=2.82/2.98 (94.4%) dist_goal=0.17
22:37:11 [INFO] [MPC] state=(+3.78,-0.67,+0.00) wp0=(+3.86,-0.65) v=+0.030 ω=-0.000 ok=True iters=10
22:37:11 [INFO] [PROG] s*=2.82/2.98 (94.5%) dist_goal=0.17
22:37:11 [INFO] [MPC] state=(+3.78,-0.67,+0.00) wp0=(+3.86,-0.65) v=+0.030 ω=+0.000 ok=True iters=10
22:37:11 [INFO] [PROG] s*=2.82/2.98 (94.5%) dist_goal=0.17
22:37:11 [INFO] [MPC] state=(+3.78,-0.67,+0.00) wp0=(+3.87,-0.65) v=+0.030 ω=-0.001 ok=True iters=10
22:37:11 [INFO] [PROG] s*=2.82/2.98 (94.6%) dist_goal=0.16
22:37:11 [INFO] [MPC] state=(+3.78,-0.67,+0.00) wp0=(+3.87,-0.65) v=+0.030 ω=-0.001 ok=True iters=10
22:37:11 [INFO] [PROG] s*=2.82/2.98 (94.7%) dist_goal=0.16
22:37:11 [INFO] [MPC] state=(+3.79,-0.67,+0.00) wp0=(+3.87,-0.65) v=+0.030 ω=-0.001 ok=True iters=10
22:37:11 [INFO] [PROG] s*=2.83/2.98 (94.7%) dist_goal=0.16
22:37:11 [INFO] [MPC] state=(+3.79,-0.67,+0.00) wp0=(+3.87,-0.65) v=+0.030 ω=-0.002 ok=True iters=9
22:37:11 [INFO] [PROG] s*=2.83/2.98 (94.8%) dist_goal=0.16
22:37:11 [INFO] [MPC] state=(+3.79,-0.67,+0.00) wp0=(+3.87,-0.65) v=+0.030 ω=-0.001 ok=True iters=9
22:37:11 [INFO] [PROG] s*=2.83/2.98 (94.9%) dist_goal=0.15
22:37:11 [INFO] [MPC] state=(+3.80,-0.67,+0.00) wp0=(+3.88,-0.65) v=+0.030 ω=-0.002 ok=True iters=9
22:37:11 [INFO] [PROG] s*=2.83/2.98 (94.9%) dist_goal=0.15
22:37:11 [INFO] [MPC] state=(+3.80,-0.67,+0.00) wp0=(+3.88,-0.65) v=+0.030 ω=-0.001 ok=True iters=9
22:37:11 [INFO] [PROG] s*=2.83/2.98 (95.0%) dist_goal=0.15
22:37:11 [INFO] [MPC] state=(+3.80,-0.67,+0.00) wp0=(+3.88,-0.65) v=+0.030 ω=-0.002 ok=True iters=9
22:37:11 [INFO] [PROG] s*=2.84/2.98 (95.1%) dist_goal=0.14
22:37:11 [INFO] [MPC] state=(+3.80,-0.67,+0.00) wp0=(+3.88,-0.65) v=+0.030 ω=-0.002 ok=True iters=9
22:37:11 [INFO] [PROG] s*=2.84/2.98 (95.1%) dist_goal=0.14
22:37:11 [INFO] [MPC] state=(+3.81,-0.67,+0.00) wp0=(+3.88,-0.65) v=+0.030 ω=-0.001 ok=True iters=11
22:37:11 [INFO] [PROG] s*=2.84/2.98 (95.2%) dist_goal=0.14
22:37:11 [INFO] [MPC] state=(+3.81,-0.67,+0.00) wp0=(+3.89,-0.65) v=+0.030 ω=-0.002 ok=True iters=11
22:37:11 [INFO] [PROG] s*=2.84/2.98 (95.3%) dist_goal=0.14
22:37:11 [INFO] [MPC] state=(+3.81,-0.67,+0.00) wp0=(+3.89,-0.65) v=+0.030 ω=-0.001 ok=True iters=11
22:37:11 [INFO] [PROG] s*=2.84/2.98 (95.3%) dist_goal=0.13
22:37:11 [INFO] [MPC] state=(+3.81,-0.67,+0.00) wp0=(+3.89,-0.65) v=+0.030 ω=-0.002 ok=True iters=10
22:37:11 [INFO] [PROG] s*=2.85/2.98 (95.4%) dist_goal=0.13
22:37:11 [INFO] [MPC] state=(+3.82,-0.67,+0.00) wp0=(+3.89,-0.65) v=+0.030 ω=-0.001 ok=True iters=10
22:37:11 [INFO] [PROG] s*=2.85/2.98 (95.5%) dist_goal=0.13
22:37:11 [INFO] [MPC] state=(+3.82,-0.67,+0.00) wp0=(+3.89,-0.65) v=+0.030 ω=-0.002 ok=True iters=10
22:37:11 [INFO] [PROG] s*=2.85/2.98 (95.5%) dist_goal=0.13
22:37:11 [INFO] [MPC] state=(+3.82,-0.67,+0.00) wp0=(+3.90,-0.65) v=+0.030 ω=-0.002 ok=True iters=10
22:37:11 [INFO] [PROG] s*=2.85/2.98 (95.6%) dist_goal=0.12
22:37:11 [INFO] [MPC] state=(+3.83,-0.67,+0.00) wp0=(+3.90,-0.65) v=+0.030 ω=-0.001 ok=True iters=10
22:37:11 [INFO] [PROG] s*=2.85/2.98 (95.6%) dist_goal=0.12
22:37:11 [INFO] [MPC] state=(+3.83,-0.67,+0.00) wp0=(+3.90,-0.65) v=+0.030 ω=-0.002 ok=True iters=10
22:37:11 [INFO] [PROG] s*=2.85/2.98 (95.6%) dist_goal=0.12
22:37:11 [INFO] [MPC] state=(+3.83,-0.67,+0.00) wp0=(+3.90,-0.65) v=+0.030 ω=-0.001 ok=True iters=5
22:37:11 [INFO] [PROG] s*=2.85/2.98 (95.6%) dist_goal=0.11
22:37:11 [INFO] [MPC] state=(+3.83,-0.67,+0.00) wp0=(+3.90,-0.65) v=+0.030 ω=-0.002 ok=True iters=5
22:37:11 [INFO] [PROG] s*=2.85/2.98 (95.6%) dist_goal=0.11
22:37:11 [INFO] [MPC] state=(+3.84,-0.67,+0.00) wp0=(+3.90,-0.65) v=+0.030 ω=-0.001 ok=True iters=5
22:37:11 [INFO] [PROG] s*=2.85/2.98 (95.6%) dist_goal=0.11
22:37:11 [INFO] [MPC] state=(+3.84,-0.67,+0.00) wp0=(+3.90,-0.65) v=+0.030 ω=-0.002 ok=True iters=5
22:37:11 [INFO] [PROG] s*=2.85/2.98 (95.6%) dist_goal=0.11
22:37:11 [INFO] [MPC] state=(+3.84,-0.67,+0.00) wp0=(+3.90,-0.65) v=+0.030 ω=-0.002 ok=True iters=5
22:37:11 [INFO] [PROG] s*=2.85/2.98 (95.6%) dist_goal=0.10
22:37:11 [INFO] [MPC] state=(+3.85,-0.67,+0.00) wp0=(+3.90,-0.65) v=+0.030 ω=-0.001 ok=True iters=5
22:37:11 [INFO] [PROG] s*=2.85/2.98 (95.7%) dist_goal=0.10
22:37:11 [INFO] [MPC] state=(+3.85,-0.67,+0.00) wp0=(+3.90,-0.65) v=+0.030 ω=-0.002 ok=True iters=5
