21:37:44 [INFO] === New MPC Session Started ===
21:37:44 [DEBUG] matplotlib data path: /usr/share/matplotlib/mpl-data
21:37:44 [DEBUG] CONFIGDIR=/home/max/.config/matplotlib
21:37:44 [DEBUG] interactive is False
21:37:44 [DEBUG] platform is linux
21:37:44 [DEBUG] loaded modules: ['sys', 'builtins', '_frozen_importlib', '_imp', '_thread', '_warnings', '_weakref', '_io', 'marshal', 'posix', '_frozen_importlib_external', 'time', 'zipimport', '_codecs', 'codecs', 'encodings.aliases', 'encodings', 'encodings.utf_8', '_signal', '_abc', 'abc', 'io', '__main__', '_stat', 'stat', '_collections_abc', 'genericpath', 'posixpath', 'os.path', 'os', '_sitebuiltins', 'types', 'importlib._bootstrap', 'importlib._bootstrap_external', 'warnings', 'importlib', 'importlib._abc', 'itertools', 'keyword', '_operator', 'operator', 'reprlib', '_collections', 'collections', '_functools', 'functools', 'contextlib', 'importlib.util', 'importlib.machinery', 'mpl_toolkits', 'phply', 'ruamel', 'zope', 'apport_python_hook', 'sitecustomize', 'site', 'crowdnav', 'crowdnav.env', 'gym.error', 'gym.version', 'collections.abc', 'enum', '_sre', 'sre_constants', 'sre_parse', 'sre_compile', '_locale', 'copyreg', 're', 'typing.io', 'typing.re', 'typing', 'numpy._utils._convertions', 'numpy._utils', 'numpy._globals', 'numpy.exceptions', 'numpy.version', 'numpy._distributor_init', 'numpy._utils._inspect', 'math', '_datetime', 'datetime', 'numpy.core._exceptions', 'numpy.dtypes', 'numpy.core._multiarray_umath', 'numpy.core.overrides', 'numpy.core.multiarray', 'numpy.core.umath', 'numbers', 'numpy.core._string_helpers', 'fnmatch', 'ntpath', 'errno', 'urllib', 'ipaddress', 'urllib.parse', 'pathlib', '_struct', 'struct', '_compat_pickle', '_pickle', 'pickle', 'numpy.compat.py3k', 'numpy.compat', 'numpy.core._dtype', 'numpy.core._type_aliases', 'numpy.core.numerictypes', '_contextvars', 'contextvars', 'numpy.core._ufunc_config', 'numpy.core._methods', 'numpy.core.fromnumeric', 'numpy.core.shape_base', 'numpy.core.arrayprint', 'numpy.core._asarray', 'numpy.core.numeric', 'numpy.core.defchararray', 'numpy.core.records', 'numpy.core.memmap', 'numpy.core.function_base', 'numpy.core._machar', 'numpy.core.getlimits', 'numpy.core.einsumfunc', 'numpy.core._multiarray_tests', 'numpy.core._add_newdocs', 'numpy.core._add_newdocs_scalars', 'numpy.core._dtype_ctypes', '_ast', 'ast', '_ctypes', 'ctypes._endian', 'ctypes', 'numpy.core._internal', 'numpy._pytesttester', 'numpy.core', 'numpy.__config__', 'numpy.lib.mixins', 'numpy.lib.ufunclike', 'numpy.lib.type_check', 'numpy.lib.scimath', 'numpy.lib.stride_tricks', 'numpy.lib.twodim_base', 'numpy.linalg._umath_linalg', '__future__', 'numpy._typing._nested_sequence', 'numpy._typing._nbit', 'numpy._typing._char_codes', 'numpy._typing._scalars', 'numpy._typing._shape', 'numpy._typing._dtype_like', 'numpy._typing._array_like', 'numpy._typing', 'numpy.linalg.linalg', 'numpy.linalg', 'numpy.matrixlib.defmatrix', 'numpy.matrixlib', 'numpy.lib.histograms', 'numpy.lib.function_base', 'numpy.lib.index_tricks', 'numpy.lib.nanfunctions', 'numpy.lib.shape_base', 'numpy.lib.polynomial', 'textwrap', 'signal', '_weakrefset', 'threading', 'fcntl', '_posixsubprocess', 'select', 'selectors', 'subprocess', 'platform', 'numpy.lib.utils', 'numpy.lib.arraysetops', 'weakref', 'numpy.lib.format', 'numpy.lib._datasource', 'numpy.lib._iotools', 'numpy.lib.npyio', 'numpy.lib.arrayterator', 'numpy.lib.arraypad', 'numpy.lib._version', 'numpy.lib', 'numpy.fft._pocketfft_internal', 'numpy.fft._pocketfft', 'numpy.fft.helper', 'numpy.fft', 'numpy.polynomial.polyutils', 'numpy.polynomial._polybase', 'numpy.polynomial.polynomial', 'numpy.polynomial.chebyshev', 'numpy.polynomial.legendre', 'numpy.polynomial.hermite', 'numpy.polynomial.hermite_e', 'numpy.polynomial.laguerre', 'numpy.polynomial', 'cython_runtime', '_cython_3_0_8', 'numpy.random._common', 'binascii', 'base64', '_hashlib', '_blake2', 'hashlib', 'hmac', '_bisect', 'bisect', '_random', '_sha512', 'random', 'secrets', 'numpy.random.bit_generator', 'numpy.random._bounded_integers', 'numpy.random._mt19937', 'numpy.random.mtrand', 'numpy.random._philox', 'numpy.random._pcg64', 'numpy.random._sfc64', 'numpy.random._generator', 'numpy.random._pickle', 'numpy.random', 'numpy.ctypeslib', '_opcode', 'opcode', 'dis', 'token', 'tokenize', 'linecache', 'inspect', 'numpy.ma.core', 'numpy.ma.extras', 'numpy.ma', 'numpy', 'gym.utils.colorize', 'gym.utils.ezpickle', 'gym.utils', 'gym.logger', 'gym.utils.seeding', 'gym.spaces.space', 'gym.spaces.box', 'gym.spaces.dict', 'gym.spaces.discrete', 'gym.spaces.multi_discrete', 'gym.spaces.graph', 'gym.spaces.multi_binary', 'gym.spaces.sequence', 'gym.spaces.text', 'gym.spaces.tuple', 'gym.spaces.utils', 'gym.spaces', 'gym.core', 'copy', '_heapq', 'heapq', 'difflib', 'dataclasses', 'cv2.load_config_py3', 'cv2.version', 'numpy._core', 'numpy._core._multiarray_umath', 'cv2.gapi.core', 'cv2.gapi.core.cpu', 'cv2.gapi.core.fluid', 'cv2.gapi.core.ocl', 'cv2.gapi.ie', 'cv2.gapi.ie.detail', 'cv2.gapi.imgproc', 'cv2.gapi.imgproc.fluid', 'cv2.gapi.oak', 'cv2.gapi.onnx', 'cv2.gapi.onnx.ep', 'cv2.gapi.ot', 'cv2.gapi.ot.cpu', 'cv2.gapi.ov', 'cv2.gapi.own', 'cv2.gapi.own.detail', 'cv2.gapi.render', 'cv2.gapi.render.ocv', 'cv2.gapi.streaming', 'cv2.gapi.video', 'cv2.gapi.wip', 'cv2.gapi.wip.draw', 'cv2.gapi.wip.gst', 'cv2.gapi.wip.onevpl', 'cv2.utils.fs', 'cv2.utils.nested', 'cv2.gapi', 'cv2.ogl', 'cv2.data', 'cv2.detail', 'cv2.flann', 'cv2.ml', 'cv2.aruco', 'cv2.qt', 'cv2.utils', 'cv2.typing', 'cv2.samples', 'cv2.barcode', 'cv2.segmentation', 'cv2.ocl', 'cv2.cuda', 'cv2.parallel', 'cv2.dnn', 'cv2.Error', 'cv2.videoio_registry', 'cv2.ipp', 'cv2.fisheye', 'cv2.misc.version', 'cv2.misc', 'cv2.mat_wrapper', 'cv2', 'gym.wrappers.atari_preprocessing', 'gym.wrappers.autoreset', 'gym.wrappers.clip_action', 'gym.wrappers.filter_observation', 'gym.wrappers.flatten_observation', 'gym.wrappers.frame_stack', 'gym.wrappers.gray_scale_observation', 'gym.wrappers.human_rendering', 'gym.wrappers.normalize', 'gym.wrappers.order_enforcing', 'gym.wrappers.record_episode_statistics', 'gym.wrappers.monitoring', '_json', 'json.scanner', 'json.decoder', 'json.encoder', 'json', 'zlib', '_compression', '_bz2', 'bz2', '_lzma', 'lzma', 'shutil', 'tempfile', 'gym.wrappers.monitoring.video_recorder', 'gym.wrappers.record_video', 'gym.wrappers.render_collection', 'gym.wrappers.rescale_action', 'gym.wrappers.resize_observation', 'gym.utils.step_api_compatibility', 'gym.wrappers.step_api_compatibility', 'gym.wrappers.time_aware_observation', 'gym.wrappers.time_limit', 'gym.wrappers.transform_observation', 'gym.wrappers.transform_reward', 'gym.wrappers.vector_list_info', 'gym.wrappers', 'gym.wrappers.compatibility', 'gym.utils.passive_env_checker', 'gym.wrappers.env_checker', '_csv', 'csv', 'email', 'zipfile', 'uu', 'quopri', '_socket', 'array', 'socket', 'locale', 'calendar', 'email._parseaddr', 'email.base64mime', '_string', 'string', 'email.quoprimime', 'email.errors', 'email.encoders', 'email.charset', 'email.utils', 'email.header', 'email._policybase', 'email._encoded_words', 'email.iterators', 'email.message', 'importlib.metadata._functools', 'importlib.metadata._text', 'importlib.metadata._adapters', 'importlib.metadata._meta', 'importlib.metadata._collections', 'importlib.metadata._itertools', 'importlib.abc', 'importlib.metadata', 'gym.envs.registration', 'gym.envs', 'multiprocessing.process', 'multiprocessing.reduction', 'multiprocessing.context', '__mp_main__', 'multiprocessing', 'gym.vector.utils.misc', 'gym.vector.utils.numpy_utils', 'gym.vector.utils.shared_memory', 'gym.vector.utils.spaces', 'gym.vector.utils', 'gym.vector.vector_env', 'gym.vector.async_vector_env', 'gym.vector.sync_vector_env', 'gym.vector', 'gym_notices', 'gym_notices.notices', 'gym', 'pybullet', 'pybullet_data', 'traceback', 'atexit', 'logging', 'crowdnav.logger_setup', 'crowdnav.config', 'crowdnav.kinematics', 'crowdnav.dynamics', 'crowdnav.sensors', 'crowdnav.control', 'crowdnav.control.align', 'crowdnav.control.track', 'crowdnav.planning', 'swig_runtime_data4', 'casadi._casadi', 'casadi.casadi', 'casadi', 'crowdnav.planning.mpc_runner', 'crowdnav.planning.path_mgr', 'crowdnav.utils2', 'crowdnav.utils2.coord', 'crowdnav.planning.path_math', 'crowdnav.utils', 'matplotlib', 'pprint', 'packaging.__about__', 'packaging', 'packaging._structures', 'packaging.version', 'matplotlib._api.deprecation', 'matplotlib._api', 'matplotlib._version', 'gzip', 'shlex', 'matplotlib._c_internal_utils', 'matplotlib.cbook', 'matplotlib.docstring', 'PIL._version', 'PIL', 'PIL.ImageMode', 'PIL.TiffTags', 'PIL._binary', 'PIL._util', 'PIL._imaging', 'PIL.Image', 'PIL.ImageChops', 'PIL.ImageFile', 'PIL.GimpGradientFile', 'PIL.GimpPaletteFile', 'PIL.ImageColor', 'PIL.PaletteFile', 'PIL.ImagePalette', 'PIL.ImageSequence', 'PIL.PngImagePlugin', 'matplotlib._path', 'matplotlib.bezier', 'matplotlib.path', 'matplotlib.transforms', 'matplotlib.ticker', 'matplotlib.scale', 'matplotlib._color_data', 'matplotlib.colors', 'pyparsing', 'matplotlib.fontconfig_pattern', 'matplotlib._enums', 'cycler', 'matplotlib.rcsetup', 'matplotlib.ft2font', 'dateutil._version', 'dateutil', 'kiwisolver']
21:37:45 [DEBUG] CACHEDIR=/home/max/.cache/matplotlib
21:37:45 [DEBUG] Using fontManager instance from /home/max/.cache/matplotlib/fontlist-v330.json
21:37:45 [DEBUG] Loaded backend TkAgg version unknown.
21:37:45 [INFO] CrowdNavPyBulletEnv initializing...
21:37:48 [INFO] World ready | grid: (112, 112), res: 0.1, N=10, T=0.1
21:37:49 [INFO] [PROG] s*=0.12/3.64 (3.3%) dist_goal=2.50
21:37:49 [INFO] [MPC] state=(-0.12,-1.49,+4.66) wp0=(-0.15,-1.55) v=+0.200 ω=-2.400 ok=True iters=12
21:37:49 [INFO] [PROG] s*=0.13/3.64 (3.6%) dist_goal=2.50
21:37:49 [INFO] [MPC] state=(-0.12,-1.50,+4.54) wp0=(-0.15,-1.56) v=+0.200 ω=-2.400 ok=True iters=10
21:37:49 [INFO] [PROG] s*=0.14/3.64 (3.9%) dist_goal=2.49
21:37:49 [INFO] [MPC] state=(-0.12,-1.51,+4.42) wp0=(-0.15,-1.57) v=+0.200 ω=-2.400 ok=True iters=10
21:37:49 [INFO] [PROG] s*=0.15/3.64 (4.2%) dist_goal=2.49
21:37:49 [INFO] [MPC] state=(-0.13,-1.52,+4.29) wp0=(-0.15,-1.58) v=+0.200 ω=-2.400 ok=True iters=9
21:37:49 [INFO] [PROG] s*=0.16/3.64 (4.4%) dist_goal=2.48
21:37:49 [INFO] [MPC] state=(-0.13,-1.53,+4.16) wp0=(-0.15,-1.59) v=+0.200 ω=-2.400 ok=True iters=9
21:37:49 [INFO] [PROG] s*=0.17/3.64 (4.7%) dist_goal=2.48
21:37:49 [INFO] [MPC] state=(-0.14,-1.54,+4.04) wp0=(-0.15,-1.60) v=+0.200 ω=-2.118 ok=True iters=10
21:37:49 [INFO] [PROG] s*=0.18/3.64 (5.0%) dist_goal=2.48
21:37:49 [INFO] [MPC] state=(-0.15,-1.55,+3.92) wp0=(-0.15,-1.61) v=+0.200 ω=-0.769 ok=True iters=8
21:37:49 [INFO] [PROG] s*=0.20/3.64 (5.4%) dist_goal=2.48
21:37:49 [INFO] [MPC] state=(-0.16,-1.56,+3.88) wp0=(-0.15,-1.63) v=+0.200 ω=-0.178 ok=True iters=8
21:37:49 [INFO] [PROG] s*=0.21/3.64 (5.7%) dist_goal=2.48
21:37:49 [INFO] [MPC] state=(-0.18,-1.58,+3.86) wp0=(-0.15,-1.64) v=+0.200 ω=+1.007 ok=True iters=7
21:37:49 [INFO] [PROG] s*=0.22/3.64 (6.0%) dist_goal=2.48
21:37:49 [INFO] [MPC] state=(-0.19,-1.59,+3.92) wp0=(-0.15,-1.65) v=+0.200 ω=+1.183 ok=True iters=6
21:37:49 [INFO] [PROG] s*=0.23/3.64 (6.3%) dist_goal=2.48
21:37:49 [INFO] [MPC] state=(-0.20,-1.60,+3.98) wp0=(-0.15,-1.66) v=+0.200 ω=+2.035 ok=True iters=7
21:37:49 [INFO] [PROG] s*=0.24/3.64 (6.6%) dist_goal=2.47
21:37:49 [INFO] [MPC] state=(-0.21,-1.61,+4.09) wp0=(-0.15,-1.67) v=+0.200 ω=+1.784 ok=True iters=7
21:37:49 [INFO] [PROG] s*=0.25/3.64 (6.9%) dist_goal=2.47
21:37:49 [INFO] [MPC] state=(-0.21,-1.62,+4.19) wp0=(-0.15,-1.68) v=+0.200 ω=+1.787 ok=True iters=6
21:37:49 [INFO] [PROG] s*=0.26/3.64 (7.2%) dist_goal=2.46
21:37:49 [INFO] [MPC] state=(-0.22,-1.63,+4.29) wp0=(-0.15,-1.69) v=+0.200 ω=+1.540 ok=True iters=6
21:37:49 [INFO] [PROG] s*=0.27/3.64 (7.5%) dist_goal=2.46
21:37:49 [INFO] [MPC] state=(-0.22,-1.64,+4.37) wp0=(-0.15,-1.70) v=+0.200 ω=+1.963 ok=True iters=6
21:37:49 [INFO] [PROG] s*=0.29/3.64 (7.9%) dist_goal=2.45
21:37:49 [INFO] [MPC] state=(-0.23,-1.65,+4.48) wp0=(-0.15,-1.72) v=+0.200 ω=+1.348 ok=True iters=7
21:37:49 [INFO] [PROG] s*=0.30/3.64 (8.3%) dist_goal=2.44
21:37:49 [INFO] [MPC] state=(-0.23,-1.67,+4.55) wp0=(-0.15,-1.73) v=+0.200 ω=+1.716 ok=True iters=6
21:37:49 [INFO] [PROG] s*=0.31/3.64 (8.6%) dist_goal=2.43
21:37:49 [INFO] [MPC] state=(-0.23,-1.68,+4.64) wp0=(-0.15,-1.74) v=+0.200 ω=+2.039 ok=True iters=7
21:37:49 [INFO] [PROG] s*=0.33/3.64 (9.0%) dist_goal=2.42
21:37:49 [INFO] [MPC] state=(-0.23,-1.69,+4.74) wp0=(-0.15,-1.76) v=+0.200 ω=+0.925 ok=True iters=7
21:37:49 [INFO] [PROG] s*=0.34/3.64 (9.5%) dist_goal=2.41
21:37:49 [INFO] [MPC] state=(-0.23,-1.71,+4.79) wp0=(-0.15,-1.77) v=+0.200 ω=+0.585 ok=True iters=6
21:37:49 [INFO] [PROG] s*=0.36/3.64 (10.0%) dist_goal=2.39
21:37:49 [INFO] [MPC] state=(-0.23,-1.72,+4.82) wp0=(-0.15,-1.79) v=+0.200 ω=+0.205 ok=True iters=6
21:37:49 [INFO] [PROG] s*=0.38/3.64 (10.5%) dist_goal=2.38
21:37:49 [INFO] [MPC] state=(-0.23,-1.74,+4.84) wp0=(-0.15,-1.81) v=+0.200 ω=+0.122 ok=True iters=6
21:37:49 [INFO] [PROG] s*=0.40/3.64 (11.0%) dist_goal=2.36
21:37:49 [INFO] [MPC] state=(-0.22,-1.76,+4.85) wp0=(-0.15,-1.83) v=+0.200 ω=-0.654 ok=True iters=7
21:37:49 [INFO] [PROG] s*=0.42/3.64 (11.6%) dist_goal=2.35
21:37:49 [INFO] [MPC] state=(-0.22,-1.78,+4.81) wp0=(-0.15,-1.85) v=+0.200 ω=-0.371 ok=True iters=6
21:37:49 [INFO] [PROG] s*=0.44/3.64 (12.0%) dist_goal=2.34
21:37:49 [INFO] [MPC] state=(-0.22,-1.80,+4.79) wp0=(-0.15,-1.87) v=+0.200 ω=-1.096 ok=True iters=7
21:37:49 [INFO] [PROG] s*=0.45/3.64 (12.5%) dist_goal=2.32
21:37:49 [INFO] [MPC] state=(-0.22,-1.82,+4.73) wp0=(-0.15,-1.88) v=+0.200 ω=-0.708 ok=True iters=6
21:37:49 [INFO] [PROG] s*=0.47/3.64 (13.0%) dist_goal=2.31
21:37:49 [INFO] [MPC] state=(-0.22,-1.83,+4.67) wp0=(-0.15,-1.90) v=+0.200 ω=-0.619 ok=True iters=6
21:37:49 [INFO] [PROG] s*=0.49/3.64 (13.5%) dist_goal=2.30
21:37:49 [INFO] [MPC] state=(-0.22,-1.85,+4.64) wp0=(-0.15,-1.92) v=+0.200 ω=+0.408 ok=True iters=7
21:37:49 [INFO] [PROG] s*=0.51/3.64 (14.0%) dist_goal=2.29
21:37:49 [INFO] [MPC] state=(-0.22,-1.87,+4.66) wp0=(-0.15,-1.94) v=+0.200 ω=+0.407 ok=True iters=6
21:37:49 [INFO] [PROG] s*=0.53/3.64 (14.5%) dist_goal=2.28
21:37:49 [INFO] [MPC] state=(-0.22,-1.89,+4.68) wp0=(-0.15,-1.96) v=+0.200 ω=+0.392 ok=True iters=6
21:37:49 [INFO] [PROG] s*=0.55/3.64 (15.1%) dist_goal=2.26
21:37:49 [INFO] [MPC] state=(-0.22,-1.91,+4.70) wp0=(-0.15,-1.98) v=+0.200 ω=+0.096 ok=True iters=6
21:37:49 [INFO] [PROG] s*=0.57/3.64 (15.6%) dist_goal=2.25
21:37:49 [INFO] [MPC] state=(-0.22,-1.93,+4.71) wp0=(-0.15,-2.00) v=+0.200 ω=+0.081 ok=True iters=6
21:37:49 [INFO] [PROG] s*=0.59/3.64 (16.2%) dist_goal=2.23
21:37:49 [INFO] [MPC] state=(-0.22,-1.95,+4.72) wp0=(-0.15,-2.02) v=+0.200 ω=+0.063 ok=True iters=6
21:37:49 [INFO] [PROG] s*=0.61/3.64 (16.7%) dist_goal=2.22
21:37:49 [INFO] [MPC] state=(-0.22,-1.97,+4.73) wp0=(-0.15,-2.04) v=+0.200 ω=+0.044 ok=True iters=6
21:37:49 [INFO] [PROG] s*=0.63/3.64 (17.3%) dist_goal=2.21
21:37:49 [INFO] [MPC] state=(-0.22,-1.99,+4.73) wp0=(-0.15,-2.06) v=+0.200 ω=+0.027 ok=True iters=6
21:37:49 [INFO] [PROG] s*=0.65/3.64 (17.8%) dist_goal=2.20
21:37:49 [INFO] [MPC] state=(-0.22,-2.01,+4.73) wp0=(-0.15,-2.08) v=+0.200 ω=-0.650 ok=True iters=7
21:37:49 [INFO] [PROG] s*=0.67/3.64 (18.3%) dist_goal=2.18
21:37:49 [INFO] [MPC] state=(-0.22,-2.03,+4.69) wp0=(-0.15,-2.10) v=+0.200 ω=-0.589 ok=True iters=6
21:37:49 [INFO] [PROG] s*=0.68/3.64 (18.8%) dist_goal=2.17
21:37:49 [INFO] [MPC] state=(-0.22,-2.05,+4.65) wp0=(-0.15,-2.11) v=+0.200 ω=+0.434 ok=True iters=7
21:37:49 [INFO] [PROG] s*=0.70/3.64 (19.3%) dist_goal=2.16
21:37:49 [INFO] [MPC] state=(-0.22,-2.06,+4.68) wp0=(-0.15,-2.13) v=+0.200 ω=+0.424 ok=True iters=6
21:37:49 [INFO] [PROG] s*=0.72/3.64 (19.8%) dist_goal=2.15
21:37:49 [INFO] [MPC] state=(-0.23,-2.08,+4.70) wp0=(-0.15,-2.15) v=+0.200 ω=+0.130 ok=True iters=6
21:37:49 [INFO] [PROG] s*=0.74/3.64 (20.4%) dist_goal=2.14
21:37:49 [INFO] [MPC] state=(-0.23,-2.10,+4.71) wp0=(-0.15,-2.17) v=+0.200 ω=+0.115 ok=True iters=6
21:37:49 [INFO] [PROG] s*=0.76/3.64 (21.0%) dist_goal=2.12
21:37:49 [INFO] [MPC] state=(-0.23,-2.12,+4.72) wp0=(-0.15,-2.19) v=+0.200 ω=+0.098 ok=True iters=6
21:37:49 [INFO] [PROG] s*=0.78/3.64 (21.5%) dist_goal=2.11
21:37:49 [INFO] [MPC] state=(-0.22,-2.14,+4.73) wp0=(-0.15,-2.21) v=+0.200 ω=+0.073 ok=True iters=6
21:37:49 [INFO] [PROG] s*=0.80/3.64 (22.1%) dist_goal=2.10
21:37:49 [INFO] [MPC] state=(-0.22,-2.16,+4.74) wp0=(-0.15,-2.23) v=+0.200 ω=+0.048 ok=True iters=6
21:37:49 [INFO] [PROG] s*=0.82/3.64 (22.6%) dist_goal=2.09
21:37:49 [INFO] [MPC] state=(-0.22,-2.18,+4.74) wp0=(-0.15,-2.25) v=+0.200 ω=-0.229 ok=True iters=6
21:37:49 [INFO] [PROG] s*=0.84/3.64 (23.2%) dist_goal=2.07
21:37:49 [INFO] [MPC] state=(-0.22,-2.20,+4.73) wp0=(-0.15,-2.27) v=+0.200 ω=+0.042 ok=True iters=6
21:37:49 [INFO] [PROG] s*=0.86/3.64 (23.7%) dist_goal=2.06
21:37:49 [INFO] [MPC] state=(-0.22,-2.22,+4.73) wp0=(-0.15,-2.29) v=+0.200 ω=+0.025 ok=True iters=6
21:37:49 [INFO] [PROG] s*=0.88/3.64 (24.2%) dist_goal=2.05
21:37:49 [INFO] [MPC] state=(-0.22,-2.24,+4.73) wp0=(-0.15,-2.31) v=+0.200 ω=-0.652 ok=True iters=7
21:37:49 [INFO] [PROG] s*=0.90/3.64 (24.7%) dist_goal=2.04
21:37:49 [INFO] [MPC] state=(-0.22,-2.26,+4.69) wp0=(-0.15,-2.33) v=+0.200 ω=-0.582 ok=True iters=6
21:37:49 [INFO] [PROG] s*=0.92/3.64 (25.2%) dist_goal=2.03
21:37:49 [INFO] [MPC] state=(-0.22,-2.28,+4.65) wp0=(-0.15,-2.35) v=+0.200 ω=+0.442 ok=True iters=7
21:37:49 [INFO] [PROG] s*=0.94/3.64 (25.7%) dist_goal=2.02
21:37:49 [INFO] [MPC] state=(-0.22,-2.30,+4.67) wp0=(-0.15,-2.37) v=+0.200 ω=+0.431 ok=True iters=6
21:37:49 [INFO] [PROG] s*=0.96/3.64 (26.3%) dist_goal=2.01
21:37:49 [INFO] [MPC] state=(-0.23,-2.32,+4.70) wp0=(-0.15,-2.39) v=+0.200 ω=+0.138 ok=True iters=6
21:37:49 [INFO] [PROG] s*=0.98/3.64 (26.8%) dist_goal=2.00
21:37:49 [INFO] [MPC] state=(-0.23,-2.34,+4.71) wp0=(-0.15,-2.41) v=+0.200 ω=+0.121 ok=True iters=6
21:37:49 [INFO] [PROG] s*=1.00/3.64 (27.4%) dist_goal=1.99
21:37:49 [INFO] [MPC] state=(-0.23,-2.36,+4.72) wp0=(-0.15,-2.43) v=+0.200 ω=+0.101 ok=True iters=6
21:37:49 [INFO] [PROG] s*=1.02/3.64 (27.9%) dist_goal=1.98
21:37:49 [INFO] [MPC] state=(-0.23,-2.38,+4.73) wp0=(-0.15,-2.45) v=+0.200 ω=+0.081 ok=True iters=6
21:37:49 [INFO] [PROG] s*=1.04/3.64 (28.5%) dist_goal=1.97
21:37:49 [INFO] [MPC] state=(-0.22,-2.40,+4.73) wp0=(-0.15,-2.47) v=+0.200 ω=+0.058 ok=True iters=6
21:37:49 [INFO] [PROG] s*=1.06/3.64 (29.0%) dist_goal=1.96
21:37:49 [INFO] [MPC] state=(-0.22,-2.42,+4.74) wp0=(-0.15,-2.49) v=+0.200 ω=-0.220 ok=True iters=6
21:37:49 [INFO] [PROG] s*=1.08/3.64 (29.6%) dist_goal=1.95
21:37:49 [INFO] [MPC] state=(-0.22,-2.44,+4.72) wp0=(-0.15,-2.51) v=+0.200 ω=+0.054 ok=True iters=6
21:37:49 [INFO] [PROG] s*=1.10/3.64 (30.1%) dist_goal=1.94
21:37:49 [INFO] [MPC] state=(-0.22,-2.46,+4.73) wp0=(-0.15,-2.53) v=+0.200 ω=+0.038 ok=True iters=6
21:37:49 [INFO] [PROG] s*=1.12/3.64 (30.7%) dist_goal=1.93
21:37:49 [INFO] [MPC] state=(-0.22,-2.48,+4.73) wp0=(-0.15,-2.55) v=+0.200 ω=+0.022 ok=True iters=6
21:37:49 [INFO] [PROG] s*=1.14/3.64 (31.2%) dist_goal=1.92
21:37:49 [INFO] [MPC] state=(-0.22,-2.50,+4.73) wp0=(-0.15,-2.57) v=+0.200 ω=-0.655 ok=True iters=7
21:37:49 [INFO] [PROG] s*=1.15/3.64 (31.7%) dist_goal=1.91
21:37:49 [INFO] [MPC] state=(-0.22,-2.52,+4.69) wp0=(-0.15,-2.58) v=+0.200 ω=-0.593 ok=True iters=6
21:37:49 [INFO] [PROG] s*=1.17/3.64 (32.2%) dist_goal=1.90
21:37:49 [INFO] [MPC] state=(-0.22,-2.53,+4.65) wp0=(-0.15,-2.60) v=+0.200 ω=+0.430 ok=True iters=7
21:37:49 [INFO] [PROG] s*=1.19/3.64 (32.7%) dist_goal=1.89
21:37:49 [INFO] [MPC] state=(-0.22,-2.55,+4.68) wp0=(-0.15,-2.62) v=+0.200 ω=+0.418 ok=True iters=6
21:37:49 [INFO] [PROG] s*=1.21/3.64 (33.2%) dist_goal=1.88
21:37:49 [INFO] [MPC] state=(-0.22,-2.57,+4.70) wp0=(-0.15,-2.64) v=+0.200 ω=+0.120 ok=True iters=6
21:37:49 [INFO] [PROG] s*=1.23/3.64 (33.8%) dist_goal=1.87
21:37:49 [INFO] [MPC] state=(-0.22,-2.59,+4.71) wp0=(-0.15,-2.66) v=+0.200 ω=+0.105 ok=True iters=6
21:37:49 [INFO] [PROG] s*=1.25/3.64 (34.4%) dist_goal=1.86
21:37:49 [INFO] [MPC] state=(-0.22,-2.61,+4.72) wp0=(-0.15,-2.68) v=+0.200 ω=+0.084 ok=True iters=6
21:37:49 [INFO] [PROG] s*=1.27/3.64 (34.9%) dist_goal=1.86
21:37:49 [INFO] [MPC] state=(-0.22,-2.63,+4.73) wp0=(-0.15,-2.70) v=+0.200 ω=+0.060 ok=True iters=6
21:37:49 [INFO] [PROG] s*=1.29/3.64 (35.5%) dist_goal=1.85
21:37:49 [INFO] [MPC] state=(-0.22,-2.65,+4.74) wp0=(-0.15,-2.72) v=+0.200 ω=+0.039 ok=True iters=6
21:37:49 [INFO] [PROG] s*=1.31/3.64 (36.0%) dist_goal=1.84
21:37:49 [INFO] [MPC] state=(-0.22,-2.67,+4.74) wp0=(-0.15,-2.74) v=+0.200 ω=-0.233 ok=True iters=6
21:37:49 [INFO] [PROG] s*=1.33/3.64 (36.6%) dist_goal=1.83
21:37:49 [INFO] [MPC] state=(-0.22,-2.69,+4.72) wp0=(-0.15,-2.76) v=+0.200 ω=+0.046 ok=True iters=6
21:37:49 [INFO] [PROG] s*=1.35/3.64 (37.1%) dist_goal=1.82
21:37:49 [INFO] [MPC] state=(-0.22,-2.71,+4.72) wp0=(-0.15,-2.78) v=+0.200 ω=-0.633 ok=True iters=7
21:37:49 [INFO] [PROG] s*=1.37/3.64 (37.6%) dist_goal=1.82
21:37:49 [INFO] [MPC] state=(-0.22,-2.73,+4.69) wp0=(-0.15,-2.80) v=+0.200 ω=-0.569 ok=True iters=6
21:37:49 [INFO] [PROG] s*=1.39/3.64 (38.1%) dist_goal=1.81
21:37:49 [INFO] [MPC] state=(-0.22,-2.75,+4.65) wp0=(-0.15,-2.82) v=+0.200 ω=+0.458 ok=True iters=7
21:37:49 [INFO] [PROG] s*=1.40/3.64 (38.6%) dist_goal=1.80
21:37:49 [INFO] [MPC] state=(-0.23,-2.77,+4.67) wp0=(-0.15,-2.83) v=+0.200 ω=+0.442 ok=True iters=6
21:37:49 [INFO] [PROG] s*=1.42/3.64 (39.1%) dist_goal=1.80
21:37:49 [INFO] [MPC] state=(-0.23,-2.78,+4.70) wp0=(-0.15,-2.85) v=+0.200 ω=+0.150 ok=True iters=6
21:37:49 [INFO] [PROG] s*=1.44/3.64 (39.7%) dist_goal=1.79
21:37:49 [INFO] [MPC] state=(-0.23,-2.80,+4.71) wp0=(-0.15,-2.87) v=+0.200 ω=+0.132 ok=True iters=6
21:37:49 [INFO] [PROG] s*=1.46/3.64 (40.2%) dist_goal=1.78
21:37:49 [INFO] [MPC] state=(-0.23,-2.82,+4.72) wp0=(-0.15,-2.89) v=+0.200 ω=+0.115 ok=True iters=6
21:37:49 [INFO] [PROG] s*=1.48/3.64 (40.8%) dist_goal=1.77
21:37:49 [INFO] [MPC] state=(-0.23,-2.84,+4.73) wp0=(-0.15,-2.91) v=+0.200 ω=+0.091 ok=True iters=6
21:37:49 [INFO] [PROG] s*=1.50/3.64 (41.3%) dist_goal=1.77
21:37:49 [INFO] [MPC] state=(-0.23,-2.86,+4.74) wp0=(-0.15,-2.93) v=+0.200 ω=+0.062 ok=True iters=6
21:37:49 [INFO] [PROG] s*=1.52/3.64 (41.9%) dist_goal=1.76
21:37:49 [INFO] [MPC] state=(-0.22,-2.88,+4.74) wp0=(-0.15,-2.95) v=+0.200 ω=-0.218 ok=True iters=6
21:37:49 [INFO] [PROG] s*=1.54/3.64 (42.4%) dist_goal=1.75
21:37:49 [INFO] [MPC] state=(-0.22,-2.90,+4.73) wp0=(-0.15,-2.97) v=+0.200 ω=+0.051 ok=True iters=6
21:37:49 [INFO] [PROG] s*=1.56/3.64 (43.0%) dist_goal=1.75
21:37:49 [INFO] [MPC] state=(-0.22,-2.92,+4.73) wp0=(-0.15,-2.99) v=+0.200 ω=+0.037 ok=True iters=6
21:37:49 [INFO] [PROG] s*=1.58/3.64 (43.5%) dist_goal=1.74
21:37:49 [INFO] [MPC] state=(-0.22,-2.94,+4.74) wp0=(-0.15,-3.01) v=+0.200 ω=-0.229 ok=True iters=6
21:37:49 [INFO] [PROG] s*=1.60/3.64 (44.0%) dist_goal=1.74
21:37:49 [INFO] [MPC] state=(-0.22,-2.96,+4.72) wp0=(-0.15,-3.03) v=+0.200 ω=-0.614 ok=True iters=6
21:37:49 [INFO] [PROG] s*=1.62/3.64 (44.5%) dist_goal=1.73
21:37:49 [INFO] [MPC] state=(-0.22,-2.98,+4.69) wp0=(-0.15,-3.05) v=+0.200 ω=-0.545 ok=True iters=7
21:37:49 [INFO] [PROG] s*=1.64/3.64 (45.0%) dist_goal=1.73
21:37:49 [INFO] [MPC] state=(-0.22,-3.00,+4.65) wp0=(-0.15,-3.07) v=+0.200 ω=+0.492 ok=True iters=8
21:37:49 [INFO] [PROG] s*=1.66/3.64 (45.5%) dist_goal=1.73
21:37:49 [INFO] [MPC] state=(-0.22,-3.02,+4.67) wp0=(-0.15,-3.09) v=+0.200 ω=+0.492 ok=True iters=7
21:37:49 [INFO] [PROG] s*=1.68/3.64 (46.1%) dist_goal=1.72
21:37:49 [INFO] [MPC] state=(-0.23,-3.04,+4.70) wp0=(-0.15,-3.11) v=+0.200 ω=+0.196 ok=True iters=7
21:37:49 [INFO] [PROG] s*=1.70/3.64 (46.6%) dist_goal=1.72
21:37:49 [INFO] [MPC] state=(-0.23,-3.06,+4.72) wp0=(-0.15,-3.13) v=+0.200 ω=+0.191 ok=True iters=7
21:37:49 [INFO] [PROG] s*=1.72/3.64 (47.1%) dist_goal=1.71
21:37:49 [INFO] [MPC] state=(-0.23,-3.08,+4.73) wp0=(-0.15,-3.15) v=+0.200 ω=+0.180 ok=True iters=8
21:37:49 [INFO] [PROG] s*=1.74/3.64 (47.7%) dist_goal=1.71
21:37:49 [INFO] [MPC] state=(-0.22,-3.10,+4.74) wp0=(-0.15,-3.17) v=+0.200 ω=+0.221 ok=True iters=8
21:37:49 [INFO] [PROG] s*=1.76/3.64 (48.2%) dist_goal=1.70
21:37:49 [INFO] [MPC] state=(-0.22,-3.12,+4.76) wp0=(-0.15,-3.19) v=+0.200 ω=-0.057 ok=True iters=8
21:37:49 [INFO] [PROG] s*=1.78/3.64 (48.8%) dist_goal=1.70
21:37:49 [INFO] [MPC] state=(-0.22,-3.14,+4.75) wp0=(-0.15,-3.21) v=+0.200 ω=+0.293 ok=True iters=9
21:37:49 [INFO] [PROG] s*=1.80/3.64 (49.3%) dist_goal=1.69
21:37:49 [INFO] [MPC] state=(-0.22,-3.16,+4.77) wp0=(-0.15,-3.23) v=+0.200 ω=+0.026 ok=True iters=9
21:37:49 [INFO] [PROG] s*=1.81/3.64 (49.8%) dist_goal=1.69
21:37:49 [INFO] [MPC] state=(-0.22,-3.18,+4.77) wp0=(-0.15,-3.24) v=+0.200 ω=+0.666 ok=True iters=8
21:37:49 [INFO] [PROG] s*=1.83/3.64 (50.2%) dist_goal=1.68
21:37:49 [INFO] [MPC] state=(-0.22,-3.19,+4.81) wp0=(-0.15,-3.26) v=+0.200 ω=+1.243 ok=True iters=7
21:37:49 [INFO] [PROG] s*=1.84/3.64 (50.6%) dist_goal=1.68
21:37:49 [INFO] [MPC] state=(-0.22,-3.21,+4.87) wp0=(-0.15,-3.27) v=+0.200 ω=+1.213 ok=True iters=7
21:37:49 [INFO] [PROG] s*=1.86/3.64 (51.0%) dist_goal=1.67
21:37:49 [INFO] [MPC] state=(-0.21,-3.22,+4.94) wp0=(-0.15,-3.29) v=+0.200 ω=+1.311 ok=True iters=8
21:37:49 [INFO] [PROG] s*=1.87/3.64 (51.4%) dist_goal=1.67
21:37:49 [INFO] [MPC] state=(-0.21,-3.24,+5.01) wp0=(-0.15,-3.30) v=+0.200 ω=+1.330 ok=True iters=7
21:37:49 [INFO] [PROG] s*=1.89/3.64 (51.8%) dist_goal=1.66
21:37:49 [INFO] [MPC] state=(-0.21,-3.25,+5.08) wp0=(-0.15,-3.32) v=+0.200 ω=+1.307 ok=True iters=8
21:37:49 [INFO] [PROG] s*=1.90/3.64 (52.2%) dist_goal=1.65
21:37:49 [INFO] [MPC] state=(-0.20,-3.27,+5.15) wp0=(-0.15,-3.33) v=+0.200 ω=+1.095 ok=True iters=8
21:37:49 [INFO] [PROG] s*=1.91/3.64 (52.6%) dist_goal=1.64
21:37:49 [INFO] [MPC] state=(-0.19,-3.28,+5.21) wp0=(-0.15,-3.34) v=+0.200 ω=+0.955 ok=True iters=8
21:37:49 [INFO] [PROG] s*=1.93/3.64 (52.9%) dist_goal=1.63
21:37:49 [INFO] [MPC] state=(-0.18,-3.29,+5.27) wp0=(-0.14,-3.35) v=+0.200 ω=+0.869 ok=True iters=7
21:37:49 [INFO] [PROG] s*=1.94/3.64 (53.3%) dist_goal=1.62
21:37:49 [INFO] [MPC] state=(-0.17,-3.31,+5.32) wp0=(-0.13,-3.35) v=+0.200 ω=+0.830 ok=True iters=7
21:37:49 [INFO] [PROG] s*=1.96/3.64 (53.7%) dist_goal=1.61
21:37:49 [INFO] [MPC] state=(-0.16,-3.32,+5.36) wp0=(-0.11,-3.35) v=+0.200 ω=+0.772 ok=True iters=7
21:37:49 [INFO] [PROG] s*=1.98/3.64 (54.3%) dist_goal=1.60
21:37:49 [INFO] [MPC] state=(-0.15,-3.34,+5.41) wp0=(-0.09,-3.35) v=+0.200 ω=+0.647 ok=True iters=7
21:37:49 [INFO] [PROG] s*=1.99/3.64 (54.7%) dist_goal=1.58
21:37:49 [INFO] [MPC] state=(-0.14,-3.35,+5.45) wp0=(-0.08,-3.35) v=+0.200 ω=+0.667 ok=True iters=7
21:37:49 [INFO] [PROG] s*=2.00/3.64 (55.0%) dist_goal=1.57
21:37:49 [INFO] [MPC] state=(-0.13,-3.36,+5.48) wp0=(-0.07,-3.35) v=+0.200 ω=+0.700 ok=True iters=7
21:37:49 [INFO] [PROG] s*=2.02/3.64 (55.4%) dist_goal=1.56
21:37:49 [INFO] [MPC] state=(-0.12,-3.37,+5.53) wp0=(-0.05,-3.35) v=+0.200 ω=+0.647 ok=True iters=7
21:37:49 [INFO] [PROG] s*=2.03/3.64 (55.7%) dist_goal=1.54
21:37:49 [INFO] [MPC] state=(-0.10,-3.39,+5.56) wp0=(-0.04,-3.35) v=+0.200 ω=+0.599 ok=True iters=7
21:37:49 [INFO] [PROG] s*=2.04/3.64 (56.1%) dist_goal=1.53
21:37:49 [INFO] [MPC] state=(-0.09,-3.40,+5.60) wp0=(-0.03,-3.35) v=+0.200 ω=+0.558 ok=True iters=7
21:37:49 [INFO] [PROG] s*=2.06/3.64 (56.5%) dist_goal=1.51
21:37:49 [INFO] [MPC] state=(-0.08,-3.41,+5.63) wp0=(-0.01,-3.35) v=+0.200 ω=+0.553 ok=True iters=7
21:37:49 [INFO] [PROG] s*=2.07/3.64 (57.0%) dist_goal=1.50
21:37:49 [INFO] [MPC] state=(-0.06,-3.42,+5.67) wp0=(+0.00,-3.35) v=+0.200 ω=+0.542 ok=True iters=7
21:37:49 [INFO] [PROG] s*=2.09/3.64 (57.4%) dist_goal=1.48
21:37:49 [INFO] [MPC] state=(-0.05,-3.43,+5.70) wp0=(+0.02,-3.35) v=+0.200 ω=+0.527 ok=True iters=7
21:37:49 [INFO] [PROG] s*=2.11/3.64 (57.8%) dist_goal=1.46
21:37:49 [INFO] [MPC] state=(-0.03,-3.44,+5.73) wp0=(+0.04,-3.35) v=+0.200 ω=+0.418 ok=True iters=7
21:37:49 [INFO] [PROG] s*=2.12/3.64 (58.3%) dist_goal=1.45
21:37:49 [INFO] [MPC] state=(-0.01,-3.45,+5.76) wp0=(+0.05,-3.35) v=+0.200 ω=+0.312 ok=True iters=7
21:37:49 [INFO] [PROG] s*=2.14/3.64 (58.7%) dist_goal=1.43
21:37:49 [INFO] [MPC] state=(+0.00,-3.46,+5.78) wp0=(+0.07,-3.35) v=+0.200 ω=+0.343 ok=True iters=7
21:37:49 [INFO] [PROG] s*=2.16/3.64 (59.2%) dist_goal=1.41
21:37:49 [INFO] [MPC] state=(+0.02,-3.47,+5.80) wp0=(+0.09,-3.35) v=+0.200 ω=+0.359 ok=True iters=7
21:37:49 [INFO] [PROG] s*=2.17/3.64 (59.7%) dist_goal=1.40
21:37:49 [INFO] [MPC] state=(+0.04,-3.48,+5.82) wp0=(+0.10,-3.35) v=+0.200 ω=+0.363 ok=True iters=7
21:37:49 [INFO] [PROG] s*=2.19/3.64 (60.2%) dist_goal=1.38
21:37:49 [INFO] [MPC] state=(+0.05,-3.49,+5.85) wp0=(+0.12,-3.35) v=+0.200 ω=+0.362 ok=True iters=7
21:37:49 [INFO] [PROG] s*=2.21/3.64 (60.6%) dist_goal=1.36
21:37:49 [INFO] [MPC] state=(+0.07,-3.49,+5.87) wp0=(+0.14,-3.35) v=+0.200 ω=+0.351 ok=True iters=7
21:37:49 [INFO] [PROG] s*=2.23/3.64 (61.1%) dist_goal=1.34
21:37:49 [INFO] [MPC] state=(+0.09,-3.50,+5.89) wp0=(+0.16,-3.35) v=+0.200 ω=+0.297 ok=True iters=7
21:37:49 [INFO] [PROG] s*=2.24/3.64 (61.6%) dist_goal=1.33
21:37:49 [INFO] [MPC] state=(+0.11,-3.51,+5.91) wp0=(+0.17,-3.35) v=+0.200 ω=+0.304 ok=True iters=7
21:37:49 [INFO] [PROG] s*=2.26/3.64 (62.1%) dist_goal=1.31
21:37:49 [INFO] [MPC] state=(+0.12,-3.52,+5.93) wp0=(+0.19,-3.35) v=+0.200 ω=+0.301 ok=True iters=7
21:37:49 [INFO] [PROG] s*=2.28/3.64 (62.6%) dist_goal=1.29
21:37:49 [INFO] [MPC] state=(+0.14,-3.52,+5.96) wp0=(+0.21,-3.35) v=+0.200 ω=+0.294 ok=True iters=7
21:37:49 [INFO] [PROG] s*=2.30/3.64 (63.2%) dist_goal=1.27
21:37:49 [INFO] [MPC] state=(+0.16,-3.53,+5.98) wp0=(+0.23,-3.35) v=+0.200 ω=+0.282 ok=True iters=7
21:37:49 [INFO] [PROG] s*=2.32/3.64 (63.7%) dist_goal=1.25
21:37:49 [INFO] [MPC] state=(+0.18,-3.53,+6.00) wp0=(+0.25,-3.35) v=+0.200 ω=+0.267 ok=True iters=7
21:37:49 [INFO] [PROG] s*=2.34/3.64 (64.2%) dist_goal=1.24
21:37:49 [INFO] [MPC] state=(+0.20,-3.54,+6.01) wp0=(+0.27,-3.35) v=+0.200 ω=+0.251 ok=True iters=7
21:37:49 [INFO] [PROG] s*=2.36/3.64 (64.7%) dist_goal=1.22
21:37:49 [INFO] [MPC] state=(+0.22,-3.54,+6.03) wp0=(+0.29,-3.35) v=+0.200 ω=+0.237 ok=True iters=7
21:37:49 [INFO] [PROG] s*=2.38/3.64 (65.2%) dist_goal=1.20
21:37:49 [INFO] [MPC] state=(+0.24,-3.55,+6.05) wp0=(+0.31,-3.35) v=+0.200 ω=+0.219 ok=True iters=7
21:37:49 [INFO] [PROG] s*=2.39/3.64 (65.8%) dist_goal=1.18
21:37:49 [INFO] [MPC] state=(+0.26,-3.55,+6.07) wp0=(+0.32,-3.35) v=+0.200 ω=+0.203 ok=True iters=7
21:37:49 [INFO] [PROG] s*=2.41/3.64 (66.3%) dist_goal=1.16
21:37:49 [INFO] [MPC] state=(+0.27,-3.56,+6.08) wp0=(+0.34,-3.35) v=+0.200 ω=+0.278 ok=True iters=7
21:37:49 [INFO] [PROG] s*=2.43/3.64 (66.8%) dist_goal=1.14
21:37:49 [INFO] [MPC] state=(+0.29,-3.56,+6.10) wp0=(+0.36,-3.35) v=+0.200 ω=+0.248 ok=True iters=7
21:37:49 [INFO] [PROG] s*=2.45/3.64 (67.4%) dist_goal=1.12
21:37:49 [INFO] [MPC] state=(+0.31,-3.57,+6.12) wp0=(+0.38,-3.35) v=+0.200 ω=+0.123 ok=True iters=7
21:37:49 [INFO] [PROG] s*=2.47/3.64 (67.9%) dist_goal=1.10
21:37:49 [INFO] [MPC] state=(+0.33,-3.57,+6.13) wp0=(+0.40,-3.35) v=+0.200 ω=+0.114 ok=True iters=7
21:37:49 [INFO] [PROG] s*=2.49/3.64 (68.5%) dist_goal=1.08
21:37:49 [INFO] [MPC] state=(+0.35,-3.57,+6.14) wp0=(+0.42,-3.35) v=+0.200 ω=+0.102 ok=True iters=7
21:37:49 [INFO] [PROG] s*=2.51/3.64 (69.0%) dist_goal=1.06
21:37:49 [INFO] [MPC] state=(+0.37,-3.57,+6.15) wp0=(+0.44,-3.35) v=+0.200 ω=+0.091 ok=True iters=7
21:37:49 [INFO] [PROG] s*=2.53/3.64 (69.6%) dist_goal=1.05
21:37:49 [INFO] [MPC] state=(+0.39,-3.58,+6.16) wp0=(+0.46,-3.35) v=+0.200 ω=+0.081 ok=True iters=7
21:37:49 [INFO] [PROG] s*=2.55/3.64 (70.1%) dist_goal=1.03
21:37:49 [INFO] [MPC] state=(+0.41,-3.58,+6.17) wp0=(+0.48,-3.35) v=+0.200 ω=+0.073 ok=True iters=7
21:37:49 [INFO] [PROG] s*=2.57/3.64 (70.7%) dist_goal=1.01
21:37:49 [INFO] [MPC] state=(+0.43,-3.58,+6.18) wp0=(+0.50,-3.35) v=+0.200 ω=+0.066 ok=True iters=7
21:37:49 [INFO] [PROG] s*=2.59/3.64 (71.2%) dist_goal=0.99
21:37:49 [INFO] [MPC] state=(+0.45,-3.58,+6.18) wp0=(+0.52,-3.35) v=+0.200 ω=+0.061 ok=True iters=7
21:37:49 [INFO] [PROG] s*=2.61/3.64 (71.8%) dist_goal=0.97
21:37:49 [INFO] [MPC] state=(+0.47,-3.59,+6.19) wp0=(+0.54,-3.35) v=+0.200 ω=+0.057 ok=True iters=7
21:37:49 [INFO] [PROG] s*=2.63/3.64 (72.3%) dist_goal=0.95
21:37:49 [INFO] [MPC] state=(+0.49,-3.59,+6.20) wp0=(+0.56,-3.35) v=+0.200 ω=+0.052 ok=True iters=7
21:37:49 [INFO] [PROG] s*=2.65/3.64 (72.9%) dist_goal=0.93
21:37:49 [INFO] [MPC] state=(+0.51,-3.59,+6.20) wp0=(+0.58,-3.35) v=+0.200 ω=+0.047 ok=True iters=7
21:37:49 [INFO] [PROG] s*=2.67/3.64 (73.4%) dist_goal=0.91
21:37:49 [INFO] [MPC] state=(+0.53,-3.59,+6.21) wp0=(+0.60,-3.35) v=+0.200 ω=+0.044 ok=True iters=7
21:37:49 [INFO] [PROG] s*=2.69/3.64 (74.0%) dist_goal=0.89
21:37:49 [INFO] [MPC] state=(+0.55,-3.59,+6.21) wp0=(+0.62,-3.35) v=+0.200 ω=+0.040 ok=True iters=7
21:37:49 [INFO] [PROG] s*=2.71/3.64 (74.5%) dist_goal=0.87
21:37:49 [INFO] [MPC] state=(+0.57,-3.59,+6.22) wp0=(+0.64,-3.35) v=+0.200 ω=+0.036 ok=True iters=7
21:37:49 [INFO] [PROG] s*=2.73/3.64 (75.1%) dist_goal=0.85
21:37:49 [INFO] [MPC] state=(+0.59,-3.60,+6.22) wp0=(+0.66,-3.35) v=+0.200 ω=+0.035 ok=True iters=7
21:37:49 [INFO] [PROG] s*=2.75/3.64 (75.7%) dist_goal=0.83
21:37:49 [INFO] [MPC] state=(+0.61,-3.60,+6.22) wp0=(+0.68,-3.35) v=+0.200 ω=+0.033 ok=True iters=7
21:37:49 [INFO] [PROG] s*=2.78/3.64 (76.2%) dist_goal=0.81
21:37:49 [INFO] [MPC] state=(+0.63,-3.60,+6.23) wp0=(+0.71,-3.35) v=+0.200 ω=+0.032 ok=True iters=7
21:37:49 [INFO] [PROG] s*=2.80/3.64 (76.8%) dist_goal=0.79
21:37:49 [INFO] [MPC] state=(+0.66,-3.60,+6.23) wp0=(+0.73,-3.35) v=+0.200 ω=+0.030 ok=True iters=7
21:37:49 [INFO] [PROG] s*=2.82/3.64 (77.3%) dist_goal=0.77
21:37:49 [INFO] [MPC] state=(+0.68,-3.60,+6.23) wp0=(+0.75,-3.35) v=+0.197 ω=+0.134 ok=True iters=7
21:37:49 [INFO] [PROG] s*=2.83/3.64 (77.8%) dist_goal=0.75
21:37:49 [INFO] [MPC] state=(+0.70,-3.60,+6.24) wp0=(+0.76,-3.35) v=+0.192 ω=+0.097 ok=True iters=7
21:37:49 [INFO] [PROG] s*=2.85/3.64 (78.4%) dist_goal=0.73
21:37:49 [INFO] [MPC] state=(+0.71,-3.60,+6.26) wp0=(+0.78,-3.35) v=+0.188 ω=+0.066 ok=True iters=7
21:37:49 [INFO] [PROG] s*=2.87/3.64 (78.9%) dist_goal=0.71
21:37:49 [INFO] [MPC] state=(+0.73,-3.60,+6.26) wp0=(+0.80,-3.35) v=+0.183 ω=+0.044 ok=True iters=7
21:37:49 [INFO] [PROG] s*=2.89/3.64 (79.4%) dist_goal=0.70
21:37:49 [INFO] [MPC] state=(+0.75,-3.60,+6.27) wp0=(+0.82,-3.35) v=+0.179 ω=+0.029 ok=True iters=7
21:37:49 [INFO] [PROG] s*=2.91/3.64 (79.9%) dist_goal=0.68
21:37:49 [INFO] [MPC] state=(+0.77,-3.60,+6.27) wp0=(+0.84,-3.35) v=+0.174 ω=+0.197 ok=True iters=7
21:37:49 [INFO] [PROG] s*=2.92/3.64 (80.3%) dist_goal=0.66
21:37:49 [INFO] [MPC] state=(+0.79,-3.60,+6.29) wp0=(+0.85,-3.35) v=+0.170 ω=+0.143 ok=True iters=7
21:37:49 [INFO] [PROG] s*=2.94/3.64 (80.8%) dist_goal=0.65
21:37:49 [INFO] [MPC] state=(+0.80,-3.60,+6.30) wp0=(+0.87,-3.35) v=+0.166 ω=+0.093 ok=True iters=8
21:37:49 [INFO] [PROG] s*=2.96/3.64 (81.2%) dist_goal=0.63
21:37:49 [INFO] [MPC] state=(+0.82,-3.60,+6.31) wp0=(+0.89,-3.35) v=+0.162 ω=+0.065 ok=True iters=8
21:37:49 [INFO] [PROG] s*=2.97/3.64 (81.7%) dist_goal=0.62
21:37:49 [INFO] [MPC] state=(+0.84,-3.60,+6.31) wp0=(+0.90,-3.35) v=+0.158 ω=+0.110 ok=True iters=8
21:37:49 [INFO] [PROG] s*=2.99/3.64 (82.1%) dist_goal=0.60
21:37:49 [INFO] [MPC] state=(+0.85,-3.60,+6.33) wp0=(+0.92,-3.35) v=+0.154 ω=+0.071 ok=True iters=8
21:37:49 [INFO] [PROG] s*=3.00/3.64 (82.5%) dist_goal=0.59
21:37:49 [INFO] [MPC] state=(+0.87,-3.60,+6.33) wp0=(+0.93,-3.35) v=+0.150 ω=+0.221 ok=True iters=8
21:37:49 [INFO] [PROG] s*=3.02/3.64 (82.9%) dist_goal=0.57
21:37:49 [INFO] [MPC] state=(+0.88,-3.60,+6.35) wp0=(+0.95,-3.35) v=+0.146 ω=+0.152 ok=True iters=8
21:37:49 [INFO] [PROG] s*=3.03/3.64 (83.3%) dist_goal=0.56
21:37:49 [INFO] [MPC] state=(+0.90,-3.60,+6.37) wp0=(+0.96,-3.35) v=+0.143 ω=+0.095 ok=True iters=8
21:37:49 [INFO] [PROG] s*=3.05/3.64 (83.7%) dist_goal=0.54
21:37:49 [INFO] [MPC] state=(+0.91,-3.60,+6.38) wp0=(+0.98,-3.35) v=+0.139 ω=+0.049 ok=True iters=8
21:37:49 [INFO] [PROG] s*=3.06/3.64 (84.0%) dist_goal=0.53
21:37:49 [INFO] [MPC] state=(+0.93,-3.60,+6.38) wp0=(+0.99,-3.35) v=+0.136 ω=+0.017 ok=True iters=8
21:37:49 [INFO] [PROG] s*=3.07/3.64 (84.4%) dist_goal=0.52
21:37:49 [INFO] [MPC] state=(+0.94,-3.59,+6.38) wp0=(+1.00,-3.35) v=+0.132 ω=+0.004 ok=True iters=7
21:37:49 [INFO] [PROG] s*=3.09/3.64 (84.8%) dist_goal=0.50
21:37:49 [INFO] [MPC] state=(+0.95,-3.59,+6.39) wp0=(+1.02,-3.35) v=+0.129 ω=+0.065 ok=True iters=7
21:37:49 [INFO] [PROG] s*=3.10/3.64 (85.1%) dist_goal=0.49
21:37:49 [INFO] [MPC] state=(+0.97,-3.59,+6.39) wp0=(+1.03,-3.35) v=+0.126 ω=+0.057 ok=True iters=7
21:37:50 [INFO] [PROG] s*=3.11/3.64 (85.4%) dist_goal=0.48
21:37:50 [INFO] [MPC] state=(+0.98,-3.59,+6.40) wp0=(+1.04,-3.35) v=+0.123 ω=+0.046 ok=True iters=7
21:37:50 [INFO] [PROG] s*=3.12/3.64 (85.8%) dist_goal=0.47
21:37:50 [INFO] [MPC] state=(+0.99,-3.59,+6.40) wp0=(+1.05,-3.35) v=+0.120 ω=+0.039 ok=True iters=7
21:37:50 [INFO] [PROG] s*=3.13/3.64 (86.1%) dist_goal=0.46
21:37:50 [INFO] [MPC] state=(+1.00,-3.59,+6.41) wp0=(+1.06,-3.35) v=+0.117 ω=+0.087 ok=True iters=7
21:37:50 [INFO] [PROG] s*=3.15/3.64 (86.4%) dist_goal=0.44
21:37:50 [INFO] [MPC] state=(+1.01,-3.59,+6.42) wp0=(+1.08,-3.35) v=+0.114 ω=+0.041 ok=True iters=7
21:37:50 [INFO] [PROG] s*=3.16/3.64 (86.7%) dist_goal=0.43
21:37:50 [INFO] [MPC] state=(+1.03,-3.58,+6.42) wp0=(+1.09,-3.35) v=+0.111 ω=-0.084 ok=True iters=7
21:37:50 [INFO] [PROG] s*=3.17/3.64 (87.0%) dist_goal=0.42
21:37:50 [INFO] [MPC] state=(+1.04,-3.58,+6.41) wp0=(+1.10,-3.35) v=+0.108 ω=-0.079 ok=True iters=7
21:37:50 [INFO] [PROG] s*=3.18/3.64 (87.3%) dist_goal=0.41
21:37:50 [INFO] [MPC] state=(+1.05,-3.58,+6.40) wp0=(+1.11,-3.35) v=+0.106 ω=-0.048 ok=True iters=7
21:37:50 [INFO] [PROG] s*=3.19/3.64 (87.6%) dist_goal=0.40
21:37:50 [INFO] [MPC] state=(+1.06,-3.58,+6.40) wp0=(+1.12,-3.35) v=+0.103 ω=-0.022 ok=True iters=7
21:37:50 [INFO] [PROG] s*=3.20/3.64 (87.9%) dist_goal=0.39
21:37:50 [INFO] [MPC] state=(+1.07,-3.58,+6.40) wp0=(+1.13,-3.35) v=+0.100 ω=+0.075 ok=True iters=7
21:37:50 [INFO] [PROG] s*=3.21/3.64 (88.1%) dist_goal=0.38
21:37:50 [INFO] [MPC] state=(+1.08,-3.58,+6.41) wp0=(+1.14,-3.35) v=+0.098 ω=+0.042 ok=True iters=7
21:37:50 [INFO] [PROG] s*=3.22/3.64 (88.4%) dist_goal=0.37
21:37:50 [INFO] [MPC] state=(+1.09,-3.58,+6.41) wp0=(+1.15,-3.35) v=+0.096 ω=+0.020 ok=True iters=7
21:37:50 [INFO] [PROG] s*=3.23/3.64 (88.6%) dist_goal=0.36
21:37:50 [INFO] [MPC] state=(+1.10,-3.57,+6.41) wp0=(+1.16,-3.35) v=+0.093 ω=+0.007 ok=True iters=7
21:37:50 [INFO] [PROG] s*=3.24/3.64 (88.9%) dist_goal=0.36
21:37:50 [INFO] [MPC] state=(+1.11,-3.57,+6.41) wp0=(+1.17,-3.35) v=+0.091 ω=-0.002 ok=True iters=7
21:37:50 [INFO] [PROG] s*=3.25/3.64 (89.1%) dist_goal=0.35
21:37:50 [INFO] [MPC] state=(+1.12,-3.57,+6.41) wp0=(+1.18,-3.35) v=+0.089 ω=-0.099 ok=True iters=7
21:37:50 [INFO] [PROG] s*=3.25/3.64 (89.4%) dist_goal=0.34
21:37:50 [INFO] [MPC] state=(+1.13,-3.57,+6.40) wp0=(+1.18,-3.35) v=+0.087 ω=-0.071 ok=True iters=7
21:37:50 [INFO] [PROG] s*=3.26/3.64 (89.6%) dist_goal=0.33
21:37:50 [INFO] [MPC] state=(+1.13,-3.57,+6.40) wp0=(+1.19,-3.35) v=+0.084 ω=+0.028 ok=True iters=7
21:37:50 [INFO] [PROG] s*=3.27/3.64 (89.8%) dist_goal=0.32
21:37:50 [INFO] [MPC] state=(+1.14,-3.57,+6.40) wp0=(+1.20,-3.35) v=+0.082 ω=+0.019 ok=True iters=7
21:37:50 [INFO] [PROG] s*=3.28/3.64 (90.0%) dist_goal=0.31
21:37:50 [INFO] [MPC] state=(+1.15,-3.57,+6.40) wp0=(+1.21,-3.35) v=+0.080 ω=+0.007 ok=True iters=7
21:37:50 [INFO] [PROG] s*=3.29/3.64 (90.3%) dist_goal=0.31
21:37:50 [INFO] [MPC] state=(+1.16,-3.57,+6.40) wp0=(+1.22,-3.35) v=+0.078 ω=+0.000 ok=True iters=7
21:37:50 [INFO] [PROG] s*=3.29/3.64 (90.5%) dist_goal=0.30
21:37:50 [INFO] [MPC] state=(+1.17,-3.57,+6.40) wp0=(+1.22,-3.35) v=+0.077 ω=-0.005 ok=True iters=7
21:37:50 [INFO] [PROG] s*=3.30/3.64 (90.7%) dist_goal=0.29
21:37:50 [INFO] [MPC] state=(+1.17,-3.57,+6.40) wp0=(+1.23,-3.35) v=+0.075 ω=-0.008 ok=True iters=8
21:37:50 [INFO] [PROG] s*=3.31/3.64 (90.9%) dist_goal=0.28
21:37:50 [INFO] [MPC] state=(+1.18,-3.56,+6.40) wp0=(+1.24,-3.35) v=+0.073 ω=-0.010 ok=True iters=8
21:37:50 [INFO] [PROG] s*=3.32/3.64 (91.1%) dist_goal=0.28
21:37:50 [INFO] [MPC] state=(+1.19,-3.56,+6.40) wp0=(+1.25,-3.35) v=+0.071 ω=-0.008 ok=True iters=8
21:37:50 [INFO] [PROG] s*=3.32/3.64 (91.1%) dist_goal=0.28
21:37:50 [INFO] [MPC] state=(+1.20,-3.56,+6.40) wp0=(+1.25,-3.35) v=+0.030 ω=-0.079 ok=True iters=12
21:37:50 [INFO] [PROG] s*=3.32/3.64 (91.2%) dist_goal=0.27
21:37:50 [INFO] [MPC] state=(+1.20,-3.56,+6.39) wp0=(+1.25,-3.35) v=+0.030 ω=-0.058 ok=True iters=12
21:37:50 [INFO] [PROG] s*=3.32/3.64 (91.3%) dist_goal=0.27
21:37:50 [INFO] [MPC] state=(+1.20,-3.56,+6.39) wp0=(+1.25,-3.35) v=+0.030 ω=-0.099 ok=True iters=12
21:37:50 [INFO] [PROG] s*=3.33/3.64 (91.4%) dist_goal=0.27
21:37:50 [INFO] [MPC] state=(+1.20,-3.56,+6.38) wp0=(+1.26,-3.35) v=+0.030 ω=-0.066 ok=True iters=9
21:37:50 [INFO] [PROG] s*=3.33/3.64 (91.5%) dist_goal=0.26
21:37:50 [INFO] [MPC] state=(+1.21,-3.56,+6.37) wp0=(+1.26,-3.35) v=+0.030 ω=-0.044 ok=True iters=9
21:37:50 [INFO] [PROG] s*=3.33/3.64 (91.5%) dist_goal=0.26
21:37:50 [INFO] [MPC] state=(+1.21,-3.56,+6.37) wp0=(+1.26,-3.35) v=+0.030 ω=-0.037 ok=True iters=13
21:37:50 [INFO] [PROG] s*=3.34/3.64 (91.6%) dist_goal=0.26
21:37:50 [INFO] [MPC] state=(+1.21,-3.56,+6.36) wp0=(+1.27,-3.35) v=+0.030 ω=-0.049 ok=True iters=10
21:37:50 [INFO] [PROG] s*=3.34/3.64 (91.7%) dist_goal=0.26
21:37:50 [INFO] [MPC] state=(+1.22,-3.56,+6.36) wp0=(+1.27,-3.35) v=+0.030 ω=-0.032 ok=True iters=13
21:37:50 [INFO] [PROG] s*=3.34/3.64 (91.8%) dist_goal=0.25
21:37:50 [INFO] [MPC] state=(+1.22,-3.56,+6.35) wp0=(+1.27,-3.35) v=+0.030 ω=-0.019 ok=True iters=13
21:37:50 [INFO] [PROG] s*=3.34/3.64 (91.8%) dist_goal=0.25
21:37:50 [INFO] [MPC] state=(+1.22,-3.56,+6.35) wp0=(+1.27,-3.35) v=+0.030 ω=-0.024 ok=True iters=11
21:37:50 [INFO] [PROG] s*=3.35/3.64 (91.9%) dist_goal=0.25
21:37:50 [INFO] [MPC] state=(+1.22,-3.56,+6.35) wp0=(+1.28,-3.35) v=+0.030 ω=-0.023 ok=True iters=13
21:37:50 [INFO] [PROG] s*=3.35/3.64 (92.0%) dist_goal=0.25
21:37:50 [INFO] [MPC] state=(+1.23,-3.56,+6.35) wp0=(+1.28,-3.35) v=+0.030 ω=-0.015 ok=True iters=12
21:37:50 [INFO] [PROG] s*=3.35/3.64 (92.1%) dist_goal=0.24
21:37:50 [INFO] [MPC] state=(+1.23,-3.56,+6.35) wp0=(+1.28,-3.35) v=+0.030 ω=-0.071 ok=True iters=12
21:37:50 [INFO] [PROG] s*=3.36/3.64 (92.2%) dist_goal=0.24
21:37:50 [INFO] [MPC] state=(+1.23,-3.56,+6.34) wp0=(+1.29,-3.35) v=+0.030 ω=-0.222 ok=True iters=12
21:37:50 [INFO] [PROG] s*=3.36/3.64 (92.3%) dist_goal=0.24
21:37:50 [INFO] [MPC] state=(+1.24,-3.56,+6.32) wp0=(+1.29,-3.35) v=+0.030 ω=-0.383 ok=True iters=12
21:37:50 [INFO] [PROG] s*=3.36/3.64 (92.3%) dist_goal=0.23
21:37:50 [INFO] [MPC] state=(+1.24,-3.56,+6.27) wp0=(+1.29,-3.35) v=+0.030 ω=-0.448 ok=True iters=12
21:37:50 [INFO] [PROG] s*=3.37/3.64 (92.4%) dist_goal=0.23
21:37:50 [INFO] [MPC] state=(+1.24,-3.56,+6.23) wp0=(+1.30,-3.35) v=+0.030 ω=-0.488 ok=True iters=11
21:37:50 [INFO] [PROG] s*=3.37/3.64 (92.5%) dist_goal=0.23
21:37:50 [INFO] [MPC] state=(+1.25,-3.56,+6.18) wp0=(+1.30,-3.35) v=+0.030 ω=-0.615 ok=True iters=12
21:37:50 [INFO] [PROG] s*=3.37/3.64 (92.6%) dist_goal=0.23
21:37:50 [INFO] [MPC] state=(+1.25,-3.56,+6.12) wp0=(+1.30,-3.35) v=+0.030 ω=-0.632 ok=True iters=10
21:37:50 [INFO] [PROG] s*=3.38/3.64 (92.7%) dist_goal=0.22
21:37:50 [INFO] [MPC] state=(+1.25,-3.56,+6.05) wp0=(+1.31,-3.35) v=+0.030 ω=-0.708 ok=True iters=10
21:37:50 [INFO] [PROG] s*=3.38/3.64 (92.8%) dist_goal=0.22
21:37:50 [INFO] [MPC] state=(+1.26,-3.56,+5.98) wp0=(+1.31,-3.35) v=+0.030 ω=-0.707 ok=True iters=11
21:37:50 [ERROR] Error in step()
Traceback (most recent call last):
  File "/home/max/thesis_proj/pybullet2/crowdnav/env.py", line 707, in step
    theta_ref = _make_theta_ref(path_xy, self._theta_ref_prev, k_strong=3, alpha=0.25)
  File "/home/max/thesis_proj/pybullet2/crowdnav/env.py", line 95, in _make_theta_ref
    if theta_prev is not None and len(theta_prev) == len(ref):
UnboundLocalError: local variable 'ref' referenced before assignment
