20:26:35 [INFO] === New MPC Session Started ===
20:26:35 [DEBUG] matplotlib data path: /usr/share/matplotlib/mpl-data
20:26:35 [DEBUG] CONFIGDIR=/home/max/.config/matplotlib
20:26:35 [DEBUG] interactive is False
20:26:35 [DEBUG] platform is linux
20:26:35 [DEBUG] loaded modules: ['sys', 'builtins', '_frozen_importlib', '_imp', '_thread', '_warnings', '_weakref', '_io', 'marshal', 'posix', '_frozen_importlib_external', 'time', 'zipimport', '_codecs', 'codecs', 'encodings.aliases', 'encodings', 'encodings.utf_8', '_signal', '_abc', 'abc', 'io', '__main__', '_stat', 'stat', '_collections_abc', 'genericpath', 'posixpath', 'os.path', 'os', '_sitebuiltins', 'types', 'importlib._bootstrap', 'importlib._bootstrap_external', 'warnings', 'importlib', 'importlib._abc', 'itertools', 'keyword', '_operator', 'operator', 'reprlib', '_collections', 'collections', '_functools', 'functools', 'contextlib', 'importlib.util', 'importlib.machinery', 'mpl_toolkits', 'phply', 'ruamel', 'zope', 'apport_python_hook', 'sitecustomize', 'site', 'crowdnav', 'crowdnav.env', 'gym.error', 'gym.version', 'collections.abc', 'enum', '_sre', 'sre_constants', 'sre_parse', 'sre_compile', '_locale', 'copyreg', 're', 'typing.io', 'typing.re', 'typing', 'numpy._utils._convertions', 'numpy._utils', 'numpy._globals', 'numpy.exceptions', 'numpy.version', 'numpy._distributor_init', 'numpy._utils._inspect', 'math', '_datetime', 'datetime', 'numpy.core._exceptions', 'numpy.dtypes', 'numpy.core._multiarray_umath', 'numpy.core.overrides', 'numpy.core.multiarray', 'numpy.core.umath', 'numbers', 'numpy.core._string_helpers', 'fnmatch', 'ntpath', 'errno', 'urllib', 'ipaddress', 'urllib.parse', 'pathlib', '_struct', 'struct', '_compat_pickle', '_pickle', 'pickle', 'numpy.compat.py3k', 'numpy.compat', 'numpy.core._dtype', 'numpy.core._type_aliases', 'numpy.core.numerictypes', '_contextvars', 'contextvars', 'numpy.core._ufunc_config', 'numpy.core._methods', 'numpy.core.fromnumeric', 'numpy.core.shape_base', 'numpy.core.arrayprint', 'numpy.core._asarray', 'numpy.core.numeric', 'numpy.core.defchararray', 'numpy.core.records', 'numpy.core.memmap', 'numpy.core.function_base', 'numpy.core._machar', 'numpy.core.getlimits', 'numpy.core.einsumfunc', 'numpy.core._multiarray_tests', 'numpy.core._add_newdocs', 'numpy.core._add_newdocs_scalars', 'numpy.core._dtype_ctypes', '_ast', 'ast', '_ctypes', 'ctypes._endian', 'ctypes', 'numpy.core._internal', 'numpy._pytesttester', 'numpy.core', 'numpy.__config__', 'numpy.lib.mixins', 'numpy.lib.ufunclike', 'numpy.lib.type_check', 'numpy.lib.scimath', 'numpy.lib.stride_tricks', 'numpy.lib.twodim_base', 'numpy.linalg._umath_linalg', '__future__', 'numpy._typing._nested_sequence', 'numpy._typing._nbit', 'numpy._typing._char_codes', 'numpy._typing._scalars', 'numpy._typing._shape', 'numpy._typing._dtype_like', 'numpy._typing._array_like', 'numpy._typing', 'numpy.linalg.linalg', 'numpy.linalg', 'numpy.matrixlib.defmatrix', 'numpy.matrixlib', 'numpy.lib.histograms', 'numpy.lib.function_base', 'numpy.lib.index_tricks', 'numpy.lib.nanfunctions', 'numpy.lib.shape_base', 'numpy.lib.polynomial', 'textwrap', 'signal', '_weakrefset', 'threading', 'fcntl', '_posixsubprocess', 'select', 'selectors', 'subprocess', 'platform', 'numpy.lib.utils', 'numpy.lib.arraysetops', 'weakref', 'numpy.lib.format', 'numpy.lib._datasource', 'numpy.lib._iotools', 'numpy.lib.npyio', 'numpy.lib.arrayterator', 'numpy.lib.arraypad', 'numpy.lib._version', 'numpy.lib', 'numpy.fft._pocketfft_internal', 'numpy.fft._pocketfft', 'numpy.fft.helper', 'numpy.fft', 'numpy.polynomial.polyutils', 'numpy.polynomial._polybase', 'numpy.polynomial.polynomial', 'numpy.polynomial.chebyshev', 'numpy.polynomial.legendre', 'numpy.polynomial.hermite', 'numpy.polynomial.hermite_e', 'numpy.polynomial.laguerre', 'numpy.polynomial', 'cython_runtime', '_cython_3_0_8', 'numpy.random._common', 'binascii', 'base64', '_hashlib', '_blake2', 'hashlib', 'hmac', '_bisect', 'bisect', '_random', '_sha512', 'random', 'secrets', 'numpy.random.bit_generator', 'numpy.random._bounded_integers', 'numpy.random._mt19937', 'numpy.random.mtrand', 'numpy.random._philox', 'numpy.random._pcg64', 'numpy.random._sfc64', 'numpy.random._generator', 'numpy.random._pickle', 'numpy.random', 'numpy.ctypeslib', '_opcode', 'opcode', 'dis', 'token', 'tokenize', 'linecache', 'inspect', 'numpy.ma.core', 'numpy.ma.extras', 'numpy.ma', 'numpy', 'gym.utils.colorize', 'gym.utils.ezpickle', 'gym.utils', 'gym.logger', 'gym.utils.seeding', 'gym.spaces.space', 'gym.spaces.box', 'gym.spaces.dict', 'gym.spaces.discrete', 'gym.spaces.multi_discrete', 'gym.spaces.graph', 'gym.spaces.multi_binary', 'gym.spaces.sequence', 'gym.spaces.text', 'gym.spaces.tuple', 'gym.spaces.utils', 'gym.spaces', 'gym.core', 'copy', '_heapq', 'heapq', 'difflib', 'dataclasses', 'cv2.load_config_py3', 'cv2.version', 'numpy._core', 'numpy._core._multiarray_umath', 'cv2.gapi.core', 'cv2.gapi.core.cpu', 'cv2.gapi.core.fluid', 'cv2.gapi.core.ocl', 'cv2.gapi.ie', 'cv2.gapi.ie.detail', 'cv2.gapi.imgproc', 'cv2.gapi.imgproc.fluid', 'cv2.gapi.oak', 'cv2.gapi.onnx', 'cv2.gapi.onnx.ep', 'cv2.gapi.ot', 'cv2.gapi.ot.cpu', 'cv2.gapi.ov', 'cv2.gapi.own', 'cv2.gapi.own.detail', 'cv2.gapi.render', 'cv2.gapi.render.ocv', 'cv2.gapi.streaming', 'cv2.gapi.video', 'cv2.gapi.wip', 'cv2.gapi.wip.draw', 'cv2.gapi.wip.gst', 'cv2.gapi.wip.onevpl', 'cv2.utils.fs', 'cv2.utils.nested', 'cv2.gapi', 'cv2.ogl', 'cv2.data', 'cv2.detail', 'cv2.flann', 'cv2.ml', 'cv2.aruco', 'cv2.qt', 'cv2.utils', 'cv2.typing', 'cv2.samples', 'cv2.barcode', 'cv2.segmentation', 'cv2.ocl', 'cv2.cuda', 'cv2.parallel', 'cv2.dnn', 'cv2.Error', 'cv2.videoio_registry', 'cv2.ipp', 'cv2.fisheye', 'cv2.misc.version', 'cv2.misc', 'cv2.mat_wrapper', 'cv2', 'gym.wrappers.atari_preprocessing', 'gym.wrappers.autoreset', 'gym.wrappers.clip_action', 'gym.wrappers.filter_observation', 'gym.wrappers.flatten_observation', 'gym.wrappers.frame_stack', 'gym.wrappers.gray_scale_observation', 'gym.wrappers.human_rendering', 'gym.wrappers.normalize', 'gym.wrappers.order_enforcing', 'gym.wrappers.record_episode_statistics', 'gym.wrappers.monitoring', '_json', 'json.scanner', 'json.decoder', 'json.encoder', 'json', 'zlib', '_compression', '_bz2', 'bz2', '_lzma', 'lzma', 'shutil', 'tempfile', 'gym.wrappers.monitoring.video_recorder', 'gym.wrappers.record_video', 'gym.wrappers.render_collection', 'gym.wrappers.rescale_action', 'gym.wrappers.resize_observation', 'gym.utils.step_api_compatibility', 'gym.wrappers.step_api_compatibility', 'gym.wrappers.time_aware_observation', 'gym.wrappers.time_limit', 'gym.wrappers.transform_observation', 'gym.wrappers.transform_reward', 'gym.wrappers.vector_list_info', 'gym.wrappers', 'gym.wrappers.compatibility', 'gym.utils.passive_env_checker', 'gym.wrappers.env_checker', '_csv', 'csv', 'email', 'zipfile', 'uu', 'quopri', '_socket', 'array', 'socket', 'locale', 'calendar', 'email._parseaddr', 'email.base64mime', '_string', 'string', 'email.quoprimime', 'email.errors', 'email.encoders', 'email.charset', 'email.utils', 'email.header', 'email._policybase', 'email._encoded_words', 'email.iterators', 'email.message', 'importlib.metadata._functools', 'importlib.metadata._text', 'importlib.metadata._adapters', 'importlib.metadata._meta', 'importlib.metadata._collections', 'importlib.metadata._itertools', 'importlib.abc', 'importlib.metadata', 'gym.envs.registration', 'gym.envs', 'multiprocessing.process', 'multiprocessing.reduction', 'multiprocessing.context', '__mp_main__', 'multiprocessing', 'gym.vector.utils.misc', 'gym.vector.utils.numpy_utils', 'gym.vector.utils.shared_memory', 'gym.vector.utils.spaces', 'gym.vector.utils', 'gym.vector.vector_env', 'gym.vector.async_vector_env', 'gym.vector.sync_vector_env', 'gym.vector', 'gym_notices', 'gym_notices.notices', 'gym', 'pybullet', 'pybullet_data', 'traceback', 'atexit', 'logging', 'crowdnav.logger_setup', 'crowdnav.config', 'crowdnav.kinematics', 'crowdnav.dynamics', 'crowdnav.sensors', 'crowdnav.control', 'crowdnav.control.align', 'crowdnav.control.track', 'crowdnav.planning', 'swig_runtime_data4', 'casadi._casadi', 'casadi.casadi', 'casadi', 'crowdnav.planning.mpc_runner', 'crowdnav.planning.path_mgr', 'crowdnav.utils2', 'crowdnav.utils2.coord', 'crowdnav.planning.path_math', 'crowdnav.utils', 'matplotlib', 'pprint', 'packaging.__about__', 'packaging', 'packaging._structures', 'packaging.version', 'matplotlib._api.deprecation', 'matplotlib._api', 'matplotlib._version', 'gzip', 'shlex', 'matplotlib._c_internal_utils', 'matplotlib.cbook', 'matplotlib.docstring', 'PIL._version', 'PIL', 'PIL.ImageMode', 'PIL.TiffTags', 'PIL._binary', 'PIL._util', 'PIL._imaging', 'PIL.Image', 'PIL.ImageChops', 'PIL.ImageFile', 'PIL.GimpGradientFile', 'PIL.GimpPaletteFile', 'PIL.ImageColor', 'PIL.PaletteFile', 'PIL.ImagePalette', 'PIL.ImageSequence', 'PIL.PngImagePlugin', 'matplotlib._path', 'matplotlib.bezier', 'matplotlib.path', 'matplotlib.transforms', 'matplotlib.ticker', 'matplotlib.scale', 'matplotlib._color_data', 'matplotlib.colors', 'pyparsing', 'matplotlib.fontconfig_pattern', 'matplotlib._enums', 'cycler', 'matplotlib.rcsetup', 'matplotlib.ft2font', 'dateutil._version', 'dateutil', 'kiwisolver']
20:26:35 [DEBUG] CACHEDIR=/home/max/.cache/matplotlib
20:26:35 [DEBUG] Using fontManager instance from /home/max/.cache/matplotlib/fontlist-v330.json
20:26:35 [DEBUG] Loaded backend TkAgg version unknown.
20:26:35 [INFO] CrowdNavPyBulletEnv initializing...
20:26:38 [INFO] World ready | grid: (112, 112), res: 0.1, N=10, T=0.1
20:26:39 [DEBUG] kappa_max=15.708 vcap_curv=0.153 vmax_local=0.153 vmin_soft=0.030
20:26:39 [INFO] [PROG] s*=0.00/4.44 (0.0%) dist_goal=3.43
20:26:39 [INFO] [MPC] state=(-4.46,-0.16,+3.09) wp0=(-4.75,-0.05) v=+0.153 ω=-2.400 ok=True iters=11
20:26:39 [DEBUG] kappa_max=15.708 vcap_curv=0.153 vmax_local=0.153 vmin_soft=0.030
20:26:39 [INFO] [PROG] s*=0.00/4.44 (0.0%) dist_goal=3.43
20:26:39 [INFO] [MPC] state=(-4.46,-0.16,+2.95) wp0=(-4.75,-0.05) v=+0.153 ω=-2.400 ok=True iters=8
20:26:39 [DEBUG] kappa_max=15.708 vcap_curv=0.153 vmax_local=0.153 vmin_soft=0.030
20:26:39 [INFO] [PROG] s*=0.00/4.44 (0.0%) dist_goal=3.43
20:26:39 [INFO] [MPC] state=(-4.47,-0.16,+2.79) wp0=(-4.75,-0.05) v=+0.153 ω=-2.400 ok=True iters=9
20:26:39 [DEBUG] kappa_max=15.708 vcap_curv=0.153 vmax_local=0.153 vmin_soft=0.030
20:26:39 [INFO] [PROG] s*=0.00/4.44 (0.0%) dist_goal=3.44
20:26:39 [INFO] [MPC] state=(-4.48,-0.16,+2.64) wp0=(-4.75,-0.05) v=+0.153 ω=-1.987 ok=True iters=10
20:26:39 [DEBUG] kappa_max=15.708 vcap_curv=0.153 vmax_local=0.153 vmin_soft=0.030
20:26:39 [INFO] [PROG] s*=0.01/4.44 (0.2%) dist_goal=3.44
20:26:39 [INFO] [MPC] state=(-4.49,-0.15,+2.51) wp0=(-4.75,-0.05) v=+0.153 ω=-1.348 ok=True iters=8
20:26:39 [DEBUG] kappa_max=15.708 vcap_curv=0.153 vmax_local=0.153 vmin_soft=0.030
20:26:39 [INFO] [PROG] s*=0.02/4.44 (0.4%) dist_goal=3.45
20:26:39 [INFO] [MPC] state=(-4.50,-0.14,+2.40) wp0=(-4.75,-0.05) v=+0.153 ω=-0.670 ok=True iters=8
20:26:39 [DEBUG] kappa_max=15.708 vcap_curv=0.153 vmax_local=0.153 vmin_soft=0.030
20:26:39 [INFO] [PROG] s*=0.03/4.44 (0.7%) dist_goal=3.46
20:26:39 [INFO] [MPC] state=(-4.51,-0.13,+2.33) wp0=(-4.75,-0.05) v=+0.153 ω=-0.059 ok=True iters=7
20:26:39 [DEBUG] kappa_max=15.708 vcap_curv=0.153 vmax_local=0.153 vmin_soft=0.030
20:26:39 [INFO] [PROG] s*=0.18/4.44 (4.1%) dist_goal=3.46
20:26:39 [INFO] [MPC] state=(-4.52,-0.12,+2.33) wp0=(-4.75,-0.05) v=+0.153 ω=+0.233 ok=True iters=7
20:26:39 [DEBUG] kappa_max=15.708 vcap_curv=0.153 vmax_local=0.153 vmin_soft=0.030
20:26:39 [INFO] [PROG] s*=0.19/4.44 (4.3%) dist_goal=3.47
20:26:39 [INFO] [MPC] state=(-4.53,-0.11,+2.35) wp0=(-4.85,-0.05) v=+0.153 ω=+0.704 ok=True iters=7
20:26:39 [DEBUG] kappa_max=15.708 vcap_curv=0.153 vmax_local=0.153 vmin_soft=0.030
20:26:39 [INFO] [PROG] s*=0.20/4.44 (4.6%) dist_goal=3.48
20:26:39 [INFO] [MPC] state=(-4.54,-0.10,+2.42) wp0=(-4.85,-0.05) v=+0.153 ω=+0.325 ok=True iters=7
20:26:39 [DEBUG] kappa_max=15.708 vcap_curv=0.153 vmax_local=0.153 vmin_soft=0.030
20:26:39 [INFO] [PROG] s*=0.22/4.44 (4.8%) dist_goal=3.48
20:26:39 [INFO] [MPC] state=(-4.55,-0.09,+2.45) wp0=(-5.05,-0.05) v=+0.153 ω=+0.720 ok=True iters=7
20:26:39 [DEBUG] kappa_max=15.708 vcap_curv=0.153 vmax_local=0.153 vmin_soft=0.030
20:26:39 [INFO] [PROG] s*=0.23/4.44 (5.1%) dist_goal=3.49
20:26:39 [INFO] [MPC] state=(-4.57,-0.08,+2.52) wp0=(-5.05,-0.05) v=+0.153 ω=+0.594 ok=True iters=7
20:26:39 [DEBUG] kappa_max=15.708 vcap_curv=0.153 vmax_local=0.153 vmin_soft=0.030
20:26:39 [INFO] [PROG] s*=0.24/4.44 (5.4%) dist_goal=3.49
20:26:39 [INFO] [MPC] state=(-4.58,-0.07,+2.59) wp0=(-5.05,-0.05) v=+0.153 ω=+0.497 ok=True iters=7
20:26:39 [DEBUG] kappa_max=15.708 vcap_curv=0.153 vmax_local=0.153 vmin_soft=0.030
20:26:39 [INFO] [PROG] s*=0.25/4.44 (5.7%) dist_goal=3.50
20:26:39 [INFO] [MPC] state=(-4.59,-0.06,+2.64) wp0=(-5.05,-0.05) v=+0.153 ω=+0.436 ok=True iters=7
20:26:39 [DEBUG] kappa_max=15.708 vcap_curv=0.153 vmax_local=0.153 vmin_soft=0.030
20:26:39 [INFO] [PROG] s*=0.27/4.44 (6.0%) dist_goal=3.50
20:26:39 [INFO] [MPC] state=(-4.60,-0.06,+2.68) wp0=(-5.05,-0.05) v=+0.153 ω=+0.392 ok=True iters=7
20:26:39 [DEBUG] kappa_max=15.708 vcap_curv=0.153 vmax_local=0.153 vmin_soft=0.080
20:26:39 [INFO] [PROG] s*=0.28/4.44 (6.3%) dist_goal=3.50
20:26:39 [INFO] [MPC] state=(-4.62,-0.05,+2.72) wp0=(-5.05,-0.05) v=+0.153 ω=+0.352 ok=True iters=7
20:26:39 [DEBUG] kappa_max=15.708 vcap_curv=0.153 vmax_local=0.153 vmin_soft=0.080
20:26:39 [INFO] [PROG] s*=0.30/4.44 (6.7%) dist_goal=3.50
20:26:39 [INFO] [MPC] state=(-4.63,-0.04,+2.76) wp0=(-5.05,-0.05) v=+0.153 ω=+0.320 ok=True iters=7
20:26:39 [DEBUG] kappa_max=15.708 vcap_curv=0.153 vmax_local=0.153 vmin_soft=0.080
20:26:39 [INFO] [PROG] s*=0.31/4.44 (7.0%) dist_goal=3.51
20:26:39 [INFO] [MPC] state=(-4.65,-0.04,+2.79) wp0=(-5.05,-0.05) v=+0.153 ω=+0.296 ok=True iters=7
20:26:39 [DEBUG] kappa_max=15.708 vcap_curv=0.153 vmax_local=0.153 vmin_soft=0.080
20:26:39 [INFO] [PROG] s*=0.32/4.44 (7.3%) dist_goal=3.51
20:26:39 [INFO] [MPC] state=(-4.66,-0.03,+2.82) wp0=(-5.05,-0.05) v=+0.153 ω=+0.271 ok=True iters=7
20:26:39 [DEBUG] kappa_max=15.708 vcap_curv=0.153 vmax_local=0.153 vmin_soft=0.080
20:26:39 [INFO] [PROG] s*=0.34/4.44 (7.6%) dist_goal=3.51
20:26:39 [INFO] [MPC] state=(-4.67,-0.03,+2.85) wp0=(-5.05,-0.05) v=+0.153 ω=+0.252 ok=True iters=7
20:26:39 [DEBUG] kappa_max=15.708 vcap_curv=0.153 vmax_local=0.153 vmin_soft=0.080
20:26:39 [INFO] [PROG] s*=0.35/4.44 (8.0%) dist_goal=3.51
20:26:39 [INFO] [MPC] state=(-4.69,-0.02,+2.87) wp0=(-5.05,-0.05) v=+0.153 ω=+0.700 ok=True iters=7
20:26:39 [DEBUG] kappa_max=15.708 vcap_curv=0.153 vmax_local=0.153 vmin_soft=0.080
20:26:39 [INFO] [PROG] s*=0.37/4.44 (8.3%) dist_goal=3.51
20:26:39 [INFO] [MPC] state=(-4.70,-0.02,+2.94) wp0=(-5.05,-0.05) v=+0.153 ω=+0.335 ok=True iters=7
20:26:39 [DEBUG] kappa_max=15.708 vcap_curv=0.153 vmax_local=0.153 vmin_soft=0.080
20:26:39 [INFO] [PROG] s*=0.38/4.44 (8.6%) dist_goal=3.51
20:26:39 [INFO] [MPC] state=(-4.72,-0.02,+2.98) wp0=(-5.05,-0.05) v=+0.153 ω=+0.275 ok=True iters=7
20:26:39 [DEBUG] kappa_max=15.708 vcap_curv=0.153 vmax_local=0.153 vmin_soft=0.080
20:26:39 [INFO] [PROG] s*=0.40/4.44 (9.0%) dist_goal=3.51
20:26:39 [INFO] [MPC] state=(-4.73,-0.02,+3.01) wp0=(-5.05,-0.05) v=+0.153 ω=+0.551 ok=True iters=7
20:26:39 [DEBUG] kappa_max=15.708 vcap_curv=0.153 vmax_local=0.153 vmin_soft=0.080
20:26:39 [INFO] [PROG] s*=0.41/4.44 (9.3%) dist_goal=3.50
20:26:39 [INFO] [MPC] state=(-4.75,-0.01,+3.06) wp0=(-5.05,-0.05) v=+0.153 ω=+0.368 ok=True iters=7
20:26:39 [DEBUG] kappa_max=15.708 vcap_curv=0.153 vmax_local=0.153 vmin_soft=0.080
20:26:39 [INFO] [PROG] s*=0.43/4.44 (9.7%) dist_goal=3.50
20:26:39 [INFO] [MPC] state=(-4.76,-0.01,+3.10) wp0=(-5.15,-0.05) v=+0.153 ω=+0.580 ok=True iters=7
20:26:39 [DEBUG] kappa_max=15.708 vcap_curv=0.153 vmax_local=0.153 vmin_soft=0.080
20:26:39 [INFO] [PROG] s*=0.44/4.44 (10.0%) dist_goal=3.50
20:26:39 [INFO] [MPC] state=(-4.78,-0.01,+3.15) wp0=(-5.15,-0.05) v=+0.153 ω=+0.317 ok=True iters=7
20:26:39 [DEBUG] kappa_max=15.708 vcap_curv=0.153 vmax_local=0.153 vmin_soft=0.080
20:26:39 [INFO] [PROG] s*=0.46/4.44 (10.3%) dist_goal=3.50
20:26:39 [INFO] [MPC] state=(-4.79,-0.01,+3.18) wp0=(-5.15,-0.05) v=+0.153 ω=+0.192 ok=True iters=7
20:26:39 [DEBUG] kappa_max=15.708 vcap_curv=0.153 vmax_local=0.153 vmin_soft=0.080
20:26:39 [INFO] [PROG] s*=0.47/4.44 (10.7%) dist_goal=3.49
20:26:39 [INFO] [MPC] state=(-4.81,-0.01,+3.20) wp0=(-5.15,-0.05) v=+0.153 ω=+0.135 ok=True iters=7
20:26:39 [DEBUG] kappa_max=15.708 vcap_curv=0.153 vmax_local=0.153 vmin_soft=0.080
20:26:39 [INFO] [PROG] s*=0.49/4.44 (11.0%) dist_goal=3.49
20:26:39 [INFO] [MPC] state=(-4.82,-0.02,+3.21) wp0=(-5.15,-0.05) v=+0.153 ω=+0.083 ok=True iters=7
20:26:39 [DEBUG] kappa_max=15.708 vcap_curv=0.153 vmax_local=0.153 vmin_soft=0.080
20:26:39 [INFO] [PROG] s*=0.50/4.44 (11.4%) dist_goal=3.48
20:26:39 [INFO] [MPC] state=(-4.84,-0.02,+3.22) wp0=(-5.15,-0.05) v=+0.153 ω=+0.043 ok=True iters=7
20:26:39 [DEBUG] kappa_max=0.000 vcap_curv=0.200 vmax_local=0.200 vmin_soft=0.080
20:26:39 [INFO] [PROG] s*=0.52/4.44 (11.8%) dist_goal=3.48
20:26:39 [INFO] [MPC] state=(-4.85,-0.02,+3.22) wp0=(-5.25,-0.05) v=+0.200 ω=+0.250 ok=True iters=7
20:26:39 [DEBUG] kappa_max=0.000 vcap_curv=0.200 vmax_local=0.200 vmin_soft=0.080
20:26:39 [INFO] [PROG] s*=0.54/4.44 (12.2%) dist_goal=3.47
20:26:39 [INFO] [MPC] state=(-4.87,-0.02,+3.24) wp0=(-5.25,-0.05) v=+0.200 ω=-0.238 ok=True iters=7
20:26:39 [DEBUG] kappa_max=0.000 vcap_curv=0.200 vmax_local=0.200 vmin_soft=0.080
20:26:39 [INFO] [PROG] s*=0.56/4.44 (12.7%) dist_goal=3.47
20:26:39 [INFO] [MPC] state=(-4.89,-0.02,+3.22) wp0=(-5.25,-0.05) v=+0.200 ω=-0.120 ok=True iters=7
20:26:39 [DEBUG] kappa_max=0.000 vcap_curv=0.200 vmax_local=0.200 vmin_soft=0.080
20:26:39 [INFO] [PROG] s*=0.58/4.44 (13.1%) dist_goal=3.46
20:26:39 [INFO] [MPC] state=(-4.91,-0.02,+3.21) wp0=(-5.25,-0.05) v=+0.200 ω=-0.013 ok=True iters=8
20:26:39 [DEBUG] kappa_max=0.000 vcap_curv=0.200 vmax_local=0.200 vmin_soft=0.080
20:26:39 [INFO] [PROG] s*=0.60/4.44 (13.6%) dist_goal=3.46
20:26:39 [INFO] [MPC] state=(-4.93,-0.02,+3.21) wp0=(-5.25,-0.05) v=+0.200 ω=+0.066 ok=True iters=8
20:26:39 [DEBUG] kappa_max=0.000 vcap_curv=0.200 vmax_local=0.200 vmin_soft=0.080
20:26:39 [INFO] [PROG] s*=0.62/4.44 (14.0%) dist_goal=3.46
20:26:39 [INFO] [MPC] state=(-4.95,-0.03,+3.22) wp0=(-5.25,-0.15) v=+0.200 ω=+0.600 ok=True iters=8
20:26:39 [DEBUG] kappa_max=0.000 vcap_curv=0.200 vmax_local=0.200 vmin_soft=0.080
20:26:39 [INFO] [PROG] s*=0.64/4.44 (14.4%) dist_goal=3.45
20:26:39 [INFO] [MPC] state=(-4.97,-0.03,+3.25) wp0=(-5.25,-0.15) v=+0.200 ω=+0.827 ok=True iters=8
20:26:39 [DEBUG] kappa_max=0.000 vcap_curv=0.200 vmax_local=0.200 vmin_soft=0.080
20:26:39 [INFO] [PROG] s*=0.66/4.44 (14.8%) dist_goal=3.45
20:26:39 [INFO] [MPC] state=(-4.99,-0.03,+3.30) wp0=(-5.25,-0.15) v=+0.200 ω=+0.787 ok=True iters=8
20:26:39 [DEBUG] kappa_max=0.000 vcap_curv=0.200 vmax_local=0.200 vmin_soft=0.080
20:26:39 [INFO] [PROG] s*=0.67/4.44 (15.1%) dist_goal=3.44
20:26:39 [INFO] [MPC] state=(-5.01,-0.03,+3.34) wp0=(-5.25,-0.15) v=+0.200 ω=+0.707 ok=True iters=8
20:26:39 [DEBUG] kappa_max=0.000 vcap_curv=0.200 vmax_local=0.200 vmin_soft=0.080
20:26:39 [INFO] [PROG] s*=0.69/4.44 (15.5%) dist_goal=3.43
20:26:39 [INFO] [MPC] state=(-5.02,-0.04,+3.38) wp0=(-5.25,-0.15) v=+0.200 ω=+0.663 ok=True iters=8
20:26:39 [DEBUG] kappa_max=0.000 vcap_curv=0.200 vmax_local=0.200 vmin_soft=0.080
20:26:39 [INFO] [PROG] s*=0.71/4.44 (15.9%) dist_goal=3.43
20:26:39 [INFO] [MPC] state=(-5.04,-0.04,+3.42) wp0=(-5.25,-0.15) v=+0.200 ω=+0.611 ok=True iters=8
20:26:39 [DEBUG] kappa_max=0.000 vcap_curv=0.200 vmax_local=0.200 vmin_soft=0.080
20:26:39 [INFO] [PROG] s*=0.72/4.44 (16.3%) dist_goal=3.42
20:26:39 [INFO] [MPC] state=(-5.06,-0.05,+3.46) wp0=(-5.25,-0.25) v=+0.200 ω=+0.670 ok=True iters=7
20:26:39 [DEBUG] kappa_max=0.000 vcap_curv=0.200 vmax_local=0.200 vmin_soft=0.080
20:26:39 [INFO] [PROG] s*=0.74/4.44 (16.7%) dist_goal=3.41
20:26:39 [INFO] [MPC] state=(-5.07,-0.05,+3.50) wp0=(-5.25,-0.25) v=+0.200 ω=+0.598 ok=True iters=7
20:26:39 [DEBUG] kappa_max=0.000 vcap_curv=0.200 vmax_local=0.200 vmin_soft=0.080
20:26:39 [INFO] [PROG] s*=0.75/4.44 (17.0%) dist_goal=3.40
20:26:39 [INFO] [MPC] state=(-5.09,-0.06,+3.53) wp0=(-5.25,-0.25) v=+0.200 ω=+1.128 ok=True iters=7
20:26:39 [DEBUG] kappa_max=0.000 vcap_curv=0.200 vmax_local=0.200 vmin_soft=0.030
20:26:39 [INFO] [PROG] s*=0.77/4.44 (17.4%) dist_goal=3.39
20:26:39 [INFO] [MPC] state=(-5.10,-0.07,+3.59) wp0=(-5.25,-0.25) v=+0.200 ω=+0.369 ok=True iters=8
20:26:39 [DEBUG] kappa_max=0.000 vcap_curv=0.200 vmax_local=0.200 vmin_soft=0.030
20:26:39 [INFO] [PROG] s*=0.79/4.44 (17.7%) dist_goal=3.38
20:26:39 [INFO] [MPC] state=(-5.12,-0.07,+3.62) wp0=(-5.25,-0.25) v=+0.200 ω=+0.926 ok=True iters=7
20:26:39 [DEBUG] kappa_max=0.000 vcap_curv=0.200 vmax_local=0.200 vmin_soft=0.030
20:26:39 [INFO] [PROG] s*=0.80/4.44 (18.0%) dist_goal=3.37
20:26:39 [INFO] [MPC] state=(-5.14,-0.08,+3.67) wp0=(-5.25,-0.25) v=+0.200 ω=+0.659 ok=True iters=6
20:26:39 [DEBUG] kappa_max=0.000 vcap_curv=0.200 vmax_local=0.200 vmin_soft=0.030
20:26:39 [INFO] [PROG] s*=0.82/4.44 (18.4%) dist_goal=3.36
20:26:39 [INFO] [MPC] state=(-5.15,-0.09,+3.71) wp0=(-5.25,-0.35) v=+0.200 ω=+0.751 ok=True iters=6
20:26:39 [DEBUG] kappa_max=0.000 vcap_curv=0.200 vmax_local=0.200 vmin_soft=0.030
20:26:39 [INFO] [PROG] s*=0.83/4.44 (18.7%) dist_goal=3.35
20:26:39 [INFO] [MPC] state=(-5.17,-0.10,+3.75) wp0=(-5.25,-0.35) v=+0.200 ω=+0.720 ok=True iters=7
20:26:39 [DEBUG] kappa_max=0.000 vcap_curv=0.200 vmax_local=0.200 vmin_soft=0.030
20:26:39 [INFO] [PROG] s*=0.97/4.44 (21.9%) dist_goal=3.34
20:26:39 [INFO] [MPC] state=(-5.18,-0.11,+3.79) wp0=(-5.25,-0.35) v=+0.200 ω=+0.592 ok=True iters=7
20:26:39 [DEBUG] kappa_max=0.000 vcap_curv=0.200 vmax_local=0.200 vmin_soft=0.030
20:26:39 [INFO] [PROG] s*=0.98/4.44 (22.2%) dist_goal=3.32
20:26:39 [INFO] [MPC] state=(-5.19,-0.12,+3.83) wp0=(-5.25,-0.45) v=+0.200 ω=+0.733 ok=True iters=7
20:26:39 [DEBUG] kappa_max=0.000 vcap_curv=0.200 vmax_local=0.200 vmin_soft=0.030
20:26:39 [INFO] [PROG] s*=1.00/4.44 (22.4%) dist_goal=3.31
20:26:39 [INFO] [MPC] state=(-5.21,-0.13,+3.87) wp0=(-5.25,-0.45) v=+0.200 ω=+0.689 ok=True iters=6
20:26:39 [DEBUG] kappa_max=0.000 vcap_curv=0.200 vmax_local=0.200 vmin_soft=0.030
20:26:39 [INFO] [PROG] s*=1.01/4.44 (22.7%) dist_goal=3.30
20:26:39 [INFO] [MPC] state=(-5.22,-0.15,+3.91) wp0=(-5.25,-0.45) v=+0.200 ω=+0.890 ok=True iters=7
20:26:39 [DEBUG] kappa_max=0.000 vcap_curv=0.200 vmax_local=0.200 vmin_soft=0.030
20:26:39 [INFO] [PROG] s*=1.02/4.44 (23.0%) dist_goal=3.29
20:26:39 [INFO] [MPC] state=(-5.23,-0.16,+3.96) wp0=(-5.25,-0.65) v=+0.200 ω=+0.964 ok=True iters=7
20:26:39 [DEBUG] kappa_max=0.000 vcap_curv=0.200 vmax_local=0.200 vmin_soft=0.030
20:26:39 [INFO] [PROG] s*=1.03/4.44 (23.3%) dist_goal=3.27
20:26:39 [INFO] [MPC] state=(-5.24,-0.17,+4.01) wp0=(-5.25,-0.65) v=+0.200 ω=+0.890 ok=True iters=7
20:26:39 [DEBUG] kappa_max=0.000 vcap_curv=0.200 vmax_local=0.200 vmin_soft=0.030
20:26:39 [INFO] [PROG] s*=1.05/4.44 (23.6%) dist_goal=3.26
20:26:39 [INFO] [MPC] state=(-5.25,-0.18,+4.06) wp0=(-5.25,-0.65) v=+0.200 ω=+0.743 ok=True iters=6
20:26:39 [DEBUG] kappa_max=0.000 vcap_curv=0.200 vmax_local=0.200 vmin_soft=0.030
20:26:39 [INFO] [PROG] s*=1.06/4.44 (23.9%) dist_goal=3.24
20:26:39 [INFO] [MPC] state=(-5.26,-0.20,+4.11) wp0=(-5.25,-0.65) v=+0.200 ω=+0.698 ok=True iters=6
20:26:39 [DEBUG] kappa_max=0.000 vcap_curv=0.200 vmax_local=0.200 vmin_soft=0.030
20:26:39 [INFO] [PROG] s*=1.08/4.44 (24.2%) dist_goal=3.23
20:26:39 [INFO] [MPC] state=(-5.27,-0.21,+4.15) wp0=(-5.25,-0.65) v=+0.200 ω=+1.105 ok=True iters=7
20:26:39 [DEBUG] kappa_max=0.000 vcap_curv=0.200 vmax_local=0.200 vmin_soft=0.030
20:26:39 [INFO] [PROG] s*=1.09/4.44 (24.6%) dist_goal=3.21
20:26:39 [INFO] [MPC] state=(-5.28,-0.23,+4.21) wp0=(-5.25,-0.65) v=+0.200 ω=+0.427 ok=True iters=7
20:26:39 [DEBUG] kappa_max=0.000 vcap_curv=0.200 vmax_local=0.200 vmin_soft=0.030
20:26:39 [INFO] [PROG] s*=1.11/4.44 (24.9%) dist_goal=3.20
20:26:39 [INFO] [MPC] state=(-5.29,-0.24,+4.24) wp0=(-5.25,-0.65) v=+0.200 ω=+1.089 ok=True iters=7
20:26:39 [DEBUG] kappa_max=0.000 vcap_curv=0.200 vmax_local=0.200 vmin_soft=0.030
20:26:39 [INFO] [PROG] s*=1.12/4.44 (25.3%) dist_goal=3.18
20:26:39 [INFO] [MPC] state=(-5.30,-0.26,+4.30) wp0=(-5.25,-0.65) v=+0.200 ω=+0.863 ok=True iters=6
20:26:39 [DEBUG] kappa_max=0.000 vcap_curv=0.200 vmax_local=0.200 vmin_soft=0.030
20:26:39 [INFO] [PROG] s*=1.14/4.44 (25.6%) dist_goal=3.17
20:26:39 [INFO] [MPC] state=(-5.30,-0.27,+4.35) wp0=(-5.25,-0.65) v=+0.200 ω=+0.792 ok=True iters=6
20:26:39 [DEBUG] kappa_max=0.000 vcap_curv=0.200 vmax_local=0.200 vmin_soft=0.030
20:26:39 [INFO] [PROG] s*=1.15/4.44 (26.0%) dist_goal=3.15
20:26:39 [INFO] [MPC] state=(-5.31,-0.29,+4.39) wp0=(-5.25,-0.65) v=+0.200 ω=+0.718 ok=True iters=6
20:26:39 [DEBUG] kappa_max=0.000 vcap_curv=0.200 vmax_local=0.200 vmin_soft=0.030
20:26:39 [INFO] [PROG] s*=1.17/4.44 (26.4%) dist_goal=3.13
20:26:39 [INFO] [MPC] state=(-5.32,-0.30,+4.43) wp0=(-5.25,-0.65) v=+0.200 ω=+0.710 ok=True iters=6
20:26:39 [DEBUG] kappa_max=0.000 vcap_curv=0.200 vmax_local=0.200 vmin_soft=0.030
20:26:39 [INFO] [PROG] s*=1.19/4.44 (26.8%) dist_goal=3.11
20:26:39 [INFO] [MPC] state=(-5.32,-0.32,+4.47) wp0=(-5.25,-0.65) v=+0.200 ω=+0.515 ok=True iters=6
20:26:39 [DEBUG] kappa_max=0.000 vcap_curv=0.200 vmax_local=0.200 vmin_soft=0.030
20:26:39 [INFO] [PROG] s*=1.21/4.44 (27.2%) dist_goal=3.09
20:26:39 [INFO] [MPC] state=(-5.32,-0.34,+4.50) wp0=(-5.25,-0.65) v=+0.200 ω=+0.515 ok=True iters=6
20:26:39 [DEBUG] kappa_max=0.000 vcap_curv=0.200 vmax_local=0.200 vmin_soft=0.030
20:26:39 [INFO] [PROG] s*=1.23/4.44 (27.6%) dist_goal=3.07
20:26:39 [INFO] [MPC] state=(-5.33,-0.36,+4.54) wp0=(-5.25,-0.85) v=+0.200 ω=-0.032 ok=True iters=6
20:26:39 [DEBUG] kappa_max=0.000 vcap_curv=0.200 vmax_local=0.200 vmin_soft=0.030
20:26:39 [INFO] [PROG] s*=1.24/4.44 (28.0%) dist_goal=3.06
20:26:39 [INFO] [MPC] state=(-5.33,-0.38,+4.53) wp0=(-5.25,-0.85) v=+0.200 ω=+0.788 ok=True iters=7
20:26:39 [DEBUG] kappa_max=0.000 vcap_curv=0.200 vmax_local=0.200 vmin_soft=0.030
20:26:39 [INFO] [PROG] s*=1.26/4.44 (28.5%) dist_goal=3.04
20:26:39 [INFO] [MPC] state=(-5.33,-0.39,+4.58) wp0=(-5.25,-0.85) v=+0.200 ω=-0.022 ok=True iters=7
20:26:39 [DEBUG] kappa_max=0.000 vcap_curv=0.200 vmax_local=0.200 vmin_soft=0.030
20:26:39 [INFO] [PROG] s*=1.28/4.44 (28.9%) dist_goal=3.02
20:26:39 [INFO] [MPC] state=(-5.34,-0.41,+4.58) wp0=(-5.25,-0.85) v=+0.200 ω=+0.254 ok=True iters=6
20:26:39 [DEBUG] kappa_max=0.000 vcap_curv=0.200 vmax_local=0.200 vmin_soft=0.030
20:26:39 [INFO] [PROG] s*=1.30/4.44 (29.3%) dist_goal=3.00
20:26:39 [INFO] [MPC] state=(-5.34,-0.43,+4.60) wp0=(-5.25,-0.85) v=+0.200 ω=+0.588 ok=True iters=6
20:26:39 [DEBUG] kappa_max=0.000 vcap_curv=0.200 vmax_local=0.200 vmin_soft=0.030
20:26:39 [INFO] [PROG] s*=1.32/4.44 (29.7%) dist_goal=2.98
20:26:39 [INFO] [MPC] state=(-5.34,-0.45,+4.63) wp0=(-5.25,-0.85) v=+0.200 ω=+0.545 ok=True iters=6
20:26:39 [DEBUG] kappa_max=0.000 vcap_curv=0.200 vmax_local=0.200 vmin_soft=0.030
20:26:39 [INFO] [PROG] s*=1.34/4.44 (30.1%) dist_goal=2.96
20:26:39 [INFO] [MPC] state=(-5.34,-0.47,+4.66) wp0=(-5.25,-0.85) v=+0.200 ω=+0.498 ok=True iters=6
20:26:39 [DEBUG] kappa_max=0.000 vcap_curv=0.200 vmax_local=0.200 vmin_soft=0.030
20:26:39 [INFO] [PROG] s*=1.35/4.44 (30.5%) dist_goal=2.95
20:26:39 [INFO] [MPC] state=(-5.34,-0.49,+4.69) wp0=(-5.25,-0.85) v=+0.200 ω=+0.785 ok=True iters=6
20:26:39 [DEBUG] kappa_max=0.000 vcap_curv=0.200 vmax_local=0.200 vmin_soft=0.030
20:26:39 [INFO] [PROG] s*=1.37/4.44 (30.9%) dist_goal=2.93
20:26:39 [INFO] [MPC] state=(-5.34,-0.50,+4.73) wp0=(-5.25,-0.85) v=+0.200 ω=+0.694 ok=True iters=6
20:26:39 [DEBUG] kappa_max=0.000 vcap_curv=0.200 vmax_local=0.200 vmin_soft=0.030
20:26:39 [INFO] [PROG] s*=1.39/4.44 (31.3%) dist_goal=2.91
20:26:39 [INFO] [MPC] state=(-5.34,-0.52,+4.76) wp0=(-5.25,-0.85) v=+0.200 ω=-0.155 ok=True iters=7
20:26:39 [DEBUG] kappa_max=0.000 vcap_curv=0.200 vmax_local=0.200 vmin_soft=0.030
20:26:39 [INFO] [PROG] s*=1.41/4.44 (31.8%) dist_goal=2.89
20:26:39 [INFO] [MPC] state=(-5.34,-0.54,+4.75) wp0=(-5.25,-0.85) v=+0.200 ω=-0.151 ok=True iters=6
20:26:39 [DEBUG] kappa_max=0.000 vcap_curv=0.200 vmax_local=0.200 vmin_soft=0.030
20:26:39 [INFO] [PROG] s*=1.43/4.44 (32.2%) dist_goal=2.87
20:26:39 [INFO] [MPC] state=(-5.34,-0.56,+4.74) wp0=(-5.25,-0.95) v=+0.200 ω=-0.135 ok=True iters=6
20:26:39 [DEBUG] kappa_max=0.000 vcap_curv=0.200 vmax_local=0.200 vmin_soft=0.030
20:26:39 [INFO] [PROG] s*=1.45/4.44 (32.7%) dist_goal=2.85
20:26:39 [INFO] [MPC] state=(-5.34,-0.58,+4.73) wp0=(-5.25,-0.95) v=+0.200 ω=+0.089 ok=True iters=6
20:26:39 [DEBUG] kappa_max=0.000 vcap_curv=0.200 vmax_local=0.200 vmin_soft=0.030
20:26:39 [INFO] [PROG] s*=1.47/4.44 (33.1%) dist_goal=2.83
20:26:39 [INFO] [MPC] state=(-5.34,-0.60,+4.74) wp0=(-5.25,-0.95) v=+0.200 ω=+0.057 ok=True iters=6
20:26:39 [DEBUG] kappa_max=0.000 vcap_curv=0.200 vmax_local=0.200 vmin_soft=0.030
20:26:39 [INFO] [PROG] s*=1.49/4.44 (33.6%) dist_goal=2.81
20:26:39 [INFO] [MPC] state=(-5.34,-0.62,+4.74) wp0=(-5.25,-0.95) v=+0.200 ω=-0.170 ok=True iters=6
20:26:39 [DEBUG] kappa_max=0.000 vcap_curv=0.200 vmax_local=0.200 vmin_soft=0.030
20:26:39 [INFO] [PROG] s*=1.51/4.44 (34.0%) dist_goal=2.79
20:26:39 [INFO] [MPC] state=(-5.34,-0.64,+4.73) wp0=(-5.25,-0.95) v=+0.200 ω=+0.056 ok=True iters=6
20:26:39 [DEBUG] kappa_max=0.000 vcap_curv=0.200 vmax_local=0.200 vmin_soft=0.030
20:26:39 [INFO] [PROG] s*=1.53/4.44 (34.5%) dist_goal=2.77
20:26:39 [INFO] [MPC] state=(-5.34,-0.66,+4.73) wp0=(-5.25,-1.05) v=+0.200 ω=+0.030 ok=True iters=6
20:26:39 [DEBUG] kappa_max=0.000 vcap_curv=0.200 vmax_local=0.200 vmin_soft=0.030
20:26:39 [INFO] [PROG] s*=1.55/4.44 (34.9%) dist_goal=2.75
20:26:39 [INFO] [MPC] state=(-5.34,-0.68,+4.74) wp0=(-5.25,-1.05) v=+0.200 ω=-0.187 ok=True iters=6
20:26:39 [DEBUG] kappa_max=0.000 vcap_curv=0.200 vmax_local=0.200 vmin_soft=0.030
20:26:39 [INFO] [PROG] s*=1.57/4.44 (35.4%) dist_goal=2.73
20:26:39 [INFO] [MPC] state=(-5.34,-0.70,+4.72) wp0=(-5.25,-1.05) v=+0.200 ω=-0.496 ok=True iters=6
20:26:39 [DEBUG] kappa_max=0.000 vcap_curv=0.200 vmax_local=0.200 vmin_soft=0.030
20:26:39 [INFO] [PROG] s*=1.59/4.44 (35.8%) dist_goal=2.71
20:26:39 [INFO] [MPC] state=(-5.34,-0.72,+4.69) wp0=(-5.25,-1.05) v=+0.200 ω=-0.412 ok=True iters=6
20:26:39 [DEBUG] kappa_max=0.000 vcap_curv=0.200 vmax_local=0.200 vmin_soft=0.030
20:26:39 [INFO] [PROG] s*=1.61/4.44 (36.2%) dist_goal=2.69
20:26:39 [INFO] [MPC] state=(-5.34,-0.74,+4.66) wp0=(-5.25,-1.05) v=+0.200 ω=+0.430 ok=True iters=7
20:26:39 [DEBUG] kappa_max=0.000 vcap_curv=0.200 vmax_local=0.200 vmin_soft=0.030
20:26:39 [INFO] [PROG] s*=1.63/4.44 (36.6%) dist_goal=2.68
20:26:39 [INFO] [MPC] state=(-5.34,-0.76,+4.68) wp0=(-5.25,-1.15) v=+0.200 ω=+0.389 ok=True iters=6
20:26:39 [DEBUG] kappa_max=0.000 vcap_curv=0.200 vmax_local=0.200 vmin_soft=0.030
20:26:39 [INFO] [PROG] s*=1.65/4.44 (37.1%) dist_goal=2.66
20:26:39 [INFO] [MPC] state=(-5.34,-0.78,+4.70) wp0=(-5.25,-1.15) v=+0.200 ω=+0.136 ok=True iters=6
20:26:39 [DEBUG] kappa_max=0.000 vcap_curv=0.200 vmax_local=0.200 vmin_soft=0.030
20:26:39 [INFO] [PROG] s*=1.67/4.44 (37.5%) dist_goal=2.64
20:26:39 [INFO] [MPC] state=(-5.34,-0.80,+4.72) wp0=(-5.25,-1.15) v=+0.200 ω=+0.107 ok=True iters=6
20:26:39 [DEBUG] kappa_max=0.000 vcap_curv=0.200 vmax_local=0.200 vmin_soft=0.030
20:26:39 [INFO] [PROG] s*=1.69/4.44 (38.0%) dist_goal=2.62
20:26:39 [INFO] [MPC] state=(-5.34,-0.82,+4.72) wp0=(-5.25,-1.15) v=+0.200 ω=+0.083 ok=True iters=6
20:26:39 [DEBUG] kappa_max=0.000 vcap_curv=0.200 vmax_local=0.200 vmin_soft=0.030
20:26:39 [INFO] [PROG] s*=1.71/4.44 (38.4%) dist_goal=2.60
20:26:39 [INFO] [MPC] state=(-5.34,-0.84,+4.73) wp0=(-5.25,-1.15) v=+0.200 ω=+0.060 ok=True iters=6
20:26:39 [DEBUG] kappa_max=0.000 vcap_curv=0.200 vmax_local=0.200 vmin_soft=0.030
20:26:39 [INFO] [PROG] s*=1.73/4.44 (38.9%) dist_goal=2.57
20:26:39 [INFO] [MPC] state=(-5.34,-0.86,+4.74) wp0=(-5.25,-1.35) v=+0.200 ω=+0.030 ok=True iters=6
20:26:39 [DEBUG] kappa_max=0.000 vcap_curv=0.200 vmax_local=0.200 vmin_soft=0.030
20:26:39 [INFO] [PROG] s*=1.75/4.44 (39.3%) dist_goal=2.55
20:26:39 [INFO] [MPC] state=(-5.34,-0.88,+4.74) wp0=(-5.25,-1.35) v=+0.200 ω=-0.183 ok=True iters=6
20:26:39 [DEBUG] kappa_max=0.000 vcap_curv=0.200 vmax_local=0.200 vmin_soft=0.030
20:26:39 [INFO] [PROG] s*=1.77/4.44 (39.8%) dist_goal=2.53
20:26:39 [INFO] [MPC] state=(-5.34,-0.90,+4.72) wp0=(-5.25,-1.35) v=+0.200 ω=+0.042 ok=True iters=6
20:26:39 [DEBUG] kappa_max=0.000 vcap_curv=0.200 vmax_local=0.200 vmin_soft=0.030
20:26:39 [INFO] [PROG] s*=1.79/4.44 (40.2%) dist_goal=2.52
20:26:39 [INFO] [MPC] state=(-5.34,-0.92,+4.73) wp0=(-5.25,-1.35) v=+0.200 ω=-0.497 ok=True iters=6
20:26:39 [DEBUG] kappa_max=0.000 vcap_curv=0.200 vmax_local=0.200 vmin_soft=0.030
20:26:39 [INFO] [PROG] s*=1.81/4.44 (40.6%) dist_goal=2.50
20:26:39 [INFO] [MPC] state=(-5.34,-0.94,+4.69) wp0=(-5.25,-1.35) v=+0.200 ω=-0.420 ok=True iters=6
20:26:39 [DEBUG] kappa_max=0.000 vcap_curv=0.200 vmax_local=0.200 vmin_soft=0.030
20:26:39 [INFO] [PROG] s*=1.82/4.44 (41.1%) dist_goal=2.48
20:26:39 [INFO] [MPC] state=(-5.34,-0.96,+4.67) wp0=(-5.25,-1.35) v=+0.200 ω=+0.405 ok=True iters=7
20:26:39 [DEBUG] kappa_max=0.000 vcap_curv=0.200 vmax_local=0.200 vmin_soft=0.030
20:26:39 [INFO] [PROG] s*=1.84/4.44 (41.5%) dist_goal=2.46
20:26:39 [INFO] [MPC] state=(-5.34,-0.97,+4.69) wp0=(-5.25,-1.35) v=+0.200 ω=+0.366 ok=True iters=6
20:26:39 [DEBUG] kappa_max=0.000 vcap_curv=0.200 vmax_local=0.200 vmin_soft=0.030
20:26:39 [INFO] [PROG] s*=1.86/4.44 (41.9%) dist_goal=2.44
20:26:39 [INFO] [MPC] state=(-5.34,-0.99,+4.71) wp0=(-5.25,-1.35) v=+0.200 ω=+0.325 ok=True iters=6
20:26:39 [DEBUG] kappa_max=0.000 vcap_curv=0.200 vmax_local=0.200 vmin_soft=0.030
20:26:39 [INFO] [PROG] s*=1.88/4.44 (42.3%) dist_goal=2.42
20:26:39 [INFO] [MPC] state=(-5.34,-1.01,+4.73) wp0=(-5.25,-1.35) v=+0.200 ω=+0.810 ok=True iters=6
20:26:39 [DEBUG] kappa_max=0.000 vcap_curv=0.200 vmax_local=0.200 vmin_soft=0.030
20:26:39 [INFO] [PROG] s*=1.90/4.44 (42.7%) dist_goal=2.41
20:26:39 [INFO] [MPC] state=(-5.34,-1.03,+4.77) wp0=(-5.25,-1.35) v=+0.200 ω=+0.707 ok=True iters=6
20:26:39 [DEBUG] kappa_max=0.000 vcap_curv=0.200 vmax_local=0.200 vmin_soft=0.030
20:26:39 [INFO] [PROG] s*=1.91/4.44 (43.1%) dist_goal=2.39
20:26:39 [INFO] [MPC] state=(-5.34,-1.05,+4.81) wp0=(-5.25,-1.35) v=+0.200 ω=+0.596 ok=True iters=6
20:26:39 [DEBUG] kappa_max=0.000 vcap_curv=0.200 vmax_local=0.200 vmin_soft=0.030
20:26:39 [INFO] [PROG] s*=1.93/4.44 (43.5%) dist_goal=2.37
20:26:39 [INFO] [MPC] state=(-5.34,-1.06,+4.84) wp0=(-5.25,-1.55) v=+0.200 ω=+0.229 ok=True iters=6
20:26:39 [DEBUG] kappa_max=0.000 vcap_curv=0.200 vmax_local=0.200 vmin_soft=0.030
20:26:39 [INFO] [PROG] s*=1.95/4.44 (43.9%) dist_goal=2.35
20:26:39 [INFO] [MPC] state=(-5.33,-1.08,+4.86) wp0=(-5.25,-1.55) v=+0.200 ω=+0.793 ok=True iters=6
20:26:39 [DEBUG] kappa_max=0.000 vcap_curv=0.200 vmax_local=0.200 vmin_soft=0.030
20:26:39 [INFO] [PROG] s*=1.97/4.44 (44.3%) dist_goal=2.34
20:26:39 [INFO] [MPC] state=(-5.33,-1.10,+4.90) wp0=(-5.25,-1.55) v=+0.200 ω=+0.426 ok=True iters=6
20:26:39 [DEBUG] kappa_max=0.000 vcap_curv=0.200 vmax_local=0.200 vmin_soft=0.030
20:26:39 [INFO] [PROG] s*=1.99/4.44 (44.7%) dist_goal=2.32
20:26:39 [INFO] [MPC] state=(-5.33,-1.12,+4.93) wp0=(-5.25,-1.55) v=+0.200 ω=+0.309 ok=True iters=6
20:26:39 [DEBUG] kappa_max=0.000 vcap_curv=0.200 vmax_local=0.200 vmin_soft=0.030
20:26:39 [INFO] [PROG] s*=2.01/4.44 (45.2%) dist_goal=2.30
20:26:39 [INFO] [MPC] state=(-5.32,-1.14,+4.95) wp0=(-5.25,-1.55) v=+0.200 ω=+0.221 ok=True iters=6
20:26:39 [DEBUG] kappa_max=0.000 vcap_curv=0.200 vmax_local=0.200 vmin_soft=0.030
20:26:39 [INFO] [PROG] s*=2.03/4.44 (45.6%) dist_goal=2.28
20:26:39 [INFO] [MPC] state=(-5.32,-1.16,+4.97) wp0=(-5.25,-1.55) v=+0.200 ω=+0.181 ok=True iters=6
20:26:39 [DEBUG] kappa_max=0.000 vcap_curv=0.200 vmax_local=0.200 vmin_soft=0.030
20:26:39 [INFO] [PROG] s*=2.04/4.44 (46.0%) dist_goal=2.26
20:26:39 [INFO] [MPC] state=(-5.31,-1.18,+4.98) wp0=(-5.25,-1.55) v=+0.200 ω=+0.145 ok=True iters=6
20:26:39 [DEBUG] kappa_max=0.000 vcap_curv=0.200 vmax_local=0.200 vmin_soft=0.030
20:26:39 [INFO] [PROG] s*=2.06/4.44 (46.5%) dist_goal=2.24
20:26:39 [INFO] [MPC] state=(-5.31,-1.19,+4.99) wp0=(-5.25,-1.55) v=+0.200 ω=+0.084 ok=True iters=6
20:26:39 [DEBUG] kappa_max=0.000 vcap_curv=0.200 vmax_local=0.200 vmin_soft=0.030
20:26:39 [INFO] [PROG] s*=2.08/4.44 (46.9%) dist_goal=2.22
20:26:39 [INFO] [MPC] state=(-5.30,-1.21,+5.00) wp0=(-5.25,-1.55) v=+0.200 ω=+0.033 ok=True iters=6
20:26:39 [DEBUG] kappa_max=0.000 vcap_curv=0.200 vmax_local=0.200 vmin_soft=0.030
20:26:39 [INFO] [PROG] s*=2.10/4.44 (47.3%) dist_goal=2.20
20:26:39 [INFO] [MPC] state=(-5.29,-1.23,+5.01) wp0=(-5.25,-1.55) v=+0.200 ω=+0.032 ok=True iters=6
20:26:39 [DEBUG] kappa_max=0.000 vcap_curv=0.200 vmax_local=0.200 vmin_soft=0.030
20:26:39 [INFO] [PROG] s*=2.12/4.44 (47.8%) dist_goal=2.18
20:26:39 [INFO] [MPC] state=(-5.29,-1.25,+5.01) wp0=(-5.25,-1.65) v=+0.200 ω=-0.059 ok=True iters=6
20:26:39 [DEBUG] kappa_max=0.000 vcap_curv=0.200 vmax_local=0.200 vmin_soft=0.030
20:26:39 [INFO] [PROG] s*=2.14/4.44 (48.2%) dist_goal=2.17
20:26:39 [INFO] [MPC] state=(-5.28,-1.27,+5.00) wp0=(-5.25,-1.65) v=+0.200 ω=+0.086 ok=True iters=6
20:26:39 [DEBUG] kappa_max=0.000 vcap_curv=0.200 vmax_local=0.200 vmin_soft=0.030
20:26:39 [INFO] [PROG] s*=2.16/4.44 (48.7%) dist_goal=2.15
20:26:39 [INFO] [MPC] state=(-5.28,-1.29,+5.01) wp0=(-5.25,-1.65) v=+0.200 ω=+0.023 ok=True iters=6
20:26:39 [DEBUG] kappa_max=0.000 vcap_curv=0.200 vmax_local=0.200 vmin_soft=0.030
20:26:39 [INFO] [PROG] s*=2.18/4.44 (49.1%) dist_goal=2.13
20:26:39 [INFO] [MPC] state=(-5.27,-1.31,+5.01) wp0=(-5.25,-1.65) v=+0.200 ω=-0.018 ok=True iters=6
20:26:39 [DEBUG] kappa_max=0.000 vcap_curv=0.200 vmax_local=0.200 vmin_soft=0.030
20:26:39 [INFO] [PROG] s*=2.20/4.44 (49.5%) dist_goal=2.11
20:26:39 [INFO] [MPC] state=(-5.26,-1.33,+5.01) wp0=(-5.25,-1.65) v=+0.200 ω=-0.039 ok=True iters=6
20:26:39 [DEBUG] kappa_max=0.000 vcap_curv=0.200 vmax_local=0.200 vmin_soft=0.030
20:26:39 [INFO] [PROG] s*=2.22/4.44 (49.9%) dist_goal=2.09
20:26:39 [INFO] [MPC] state=(-5.26,-1.35,+5.01) wp0=(-5.25,-1.65) v=+0.200 ω=-0.409 ok=True iters=6
20:26:39 [DEBUG] kappa_max=0.000 vcap_curv=0.200 vmax_local=0.200 vmin_soft=0.030
20:26:39 [INFO] [PROG] s*=2.24/4.44 (50.3%) dist_goal=2.07
20:26:39 [INFO] [MPC] state=(-5.25,-1.37,+4.98) wp0=(-5.25,-1.85) v=+0.200 ω=-0.804 ok=True iters=7
20:26:39 [DEBUG] kappa_max=0.000 vcap_curv=0.200 vmax_local=0.200 vmin_soft=0.030
20:26:39 [INFO] [PROG] s*=2.25/4.44 (50.7%) dist_goal=2.06
20:26:39 [INFO] [MPC] state=(-5.25,-1.39,+4.93) wp0=(-5.25,-1.85) v=+0.200 ω=-0.791 ok=True iters=7
20:26:39 [DEBUG] kappa_max=0.000 vcap_curv=0.200 vmax_local=0.200 vmin_soft=0.030
20:26:39 [INFO] [PROG] s*=2.27/4.44 (51.1%) dist_goal=2.04
20:26:39 [INFO] [MPC] state=(-5.24,-1.40,+4.89) wp0=(-5.25,-1.85) v=+0.200 ω=-1.211 ok=True iters=7
20:26:39 [DEBUG] kappa_max=0.000 vcap_curv=0.200 vmax_local=0.200 vmin_soft=0.030
20:26:39 [INFO] [PROG] s*=2.28/4.44 (51.4%) dist_goal=2.03
20:26:39 [INFO] [MPC] state=(-5.24,-1.42,+4.83) wp0=(-5.25,-1.85) v=+0.200 ω=-1.279 ok=True iters=7
20:26:39 [DEBUG] kappa_max=0.000 vcap_curv=0.200 vmax_local=0.200 vmin_soft=0.030
20:26:39 [INFO] [PROG] s*=2.30/4.44 (51.8%) dist_goal=2.01
20:26:39 [INFO] [MPC] state=(-5.24,-1.43,+4.75) wp0=(-5.25,-1.85) v=+0.200 ω=-1.099 ok=True iters=7
20:26:39 [DEBUG] kappa_max=0.000 vcap_curv=0.200 vmax_local=0.200 vmin_soft=0.030
20:26:39 [INFO] [PROG] s*=2.32/4.44 (52.2%) dist_goal=1.99
20:26:39 [INFO] [MPC] state=(-5.24,-1.45,+4.69) wp0=(-5.25,-1.85) v=+0.200 ω=-1.040 ok=True iters=7
20:26:39 [DEBUG] kappa_max=0.000 vcap_curv=0.200 vmax_local=0.200 vmin_soft=0.030
20:26:39 [INFO] [PROG] s*=2.33/4.44 (52.5%) dist_goal=1.98
20:26:39 [INFO] [MPC] state=(-5.24,-1.47,+4.63) wp0=(-5.25,-1.85) v=+0.200 ω=-1.374 ok=True iters=8
20:26:39 [DEBUG] kappa_max=0.000 vcap_curv=0.200 vmax_local=0.200 vmin_soft=0.030
20:26:40 [INFO] [PROG] s*=2.35/4.44 (52.9%) dist_goal=1.96
20:26:40 [INFO] [MPC] state=(-5.24,-1.48,+4.55) wp0=(-5.25,-1.85) v=+0.200 ω=-1.081 ok=True iters=7
20:26:40 [DEBUG] kappa_max=0.000 vcap_curv=0.200 vmax_local=0.200 vmin_soft=0.030
20:26:40 [INFO] [PROG] s*=2.37/4.44 (53.3%) dist_goal=1.94
20:26:40 [INFO] [MPC] state=(-5.25,-1.50,+4.49) wp0=(-5.25,-1.85) v=+0.200 ω=-0.943 ok=True iters=7
20:26:40 [DEBUG] kappa_max=0.000 vcap_curv=0.200 vmax_local=0.200 vmin_soft=0.030
20:26:40 [INFO] [PROG] s*=2.38/4.44 (53.6%) dist_goal=1.93
20:26:40 [INFO] [MPC] state=(-5.25,-1.52,+4.44) wp0=(-5.25,-1.85) v=+0.200 ω=-0.753 ok=True iters=7
20:26:40 [DEBUG] kappa_max=0.000 vcap_curv=0.200 vmax_local=0.200 vmin_soft=0.030
20:26:40 [INFO] [PROG] s*=2.40/4.44 (54.0%) dist_goal=1.91
20:26:40 [INFO] [MPC] state=(-5.26,-1.53,+4.40) wp0=(-5.25,-1.85) v=+0.200 ω=-0.951 ok=True iters=7
20:26:40 [DEBUG] kappa_max=0.000 vcap_curv=0.200 vmax_local=0.200 vmin_soft=0.030
20:26:40 [INFO] [PROG] s*=2.42/4.44 (54.4%) dist_goal=1.89
20:26:40 [INFO] [MPC] state=(-5.26,-1.55,+4.35) wp0=(-5.25,-1.85) v=+0.200 ω=-0.261 ok=True iters=6
20:26:40 [DEBUG] kappa_max=0.000 vcap_curv=0.200 vmax_local=0.200 vmin_soft=0.030
20:26:40 [INFO] [PROG] s*=2.43/4.44 (54.8%) dist_goal=1.87
20:26:40 [INFO] [MPC] state=(-5.27,-1.57,+4.33) wp0=(-5.25,-2.05) v=+0.200 ω=-0.361 ok=True iters=7
20:26:40 [DEBUG] kappa_max=0.000 vcap_curv=0.200 vmax_local=0.200 vmin_soft=0.030
20:26:40 [INFO] [PROG] s*=2.45/4.44 (55.2%) dist_goal=1.85
20:26:40 [INFO] [MPC] state=(-5.28,-1.58,+4.30) wp0=(-5.25,-2.05) v=+0.200 ω=+0.257 ok=True iters=7
20:26:40 [DEBUG] kappa_max=0.000 vcap_curv=0.200 vmax_local=0.200 vmin_soft=0.030
20:26:40 [INFO] [PROG] s*=2.47/4.44 (55.6%) dist_goal=1.84
20:26:40 [INFO] [MPC] state=(-5.28,-1.60,+4.32) wp0=(-5.25,-2.05) v=+0.200 ω=-0.011 ok=True iters=7
20:26:40 [DEBUG] kappa_max=0.000 vcap_curv=0.200 vmax_local=0.200 vmin_soft=0.030
20:26:40 [INFO] [PROG] s*=2.49/4.44 (56.1%) dist_goal=1.82
20:26:40 [INFO] [MPC] state=(-5.29,-1.62,+4.32) wp0=(-5.25,-2.05) v=+0.200 ω=+0.028 ok=True iters=7
20:26:40 [DEBUG] kappa_max=0.000 vcap_curv=0.200 vmax_local=0.200 vmin_soft=0.030
20:26:40 [INFO] [PROG] s*=2.51/4.44 (56.4%) dist_goal=1.80
20:26:40 [INFO] [MPC] state=(-5.30,-1.64,+4.32) wp0=(-5.25,-2.05) v=+0.200 ω=+0.720 ok=True iters=6
20:26:40 [DEBUG] kappa_max=0.000 vcap_curv=0.200 vmax_local=0.200 vmin_soft=0.030
20:26:40 [INFO] [PROG] s*=2.52/4.44 (56.8%) dist_goal=1.78
20:26:40 [INFO] [MPC] state=(-5.31,-1.66,+4.37) wp0=(-5.25,-2.15) v=+0.200 ω=+0.758 ok=True iters=6
20:26:40 [DEBUG] kappa_max=0.000 vcap_curv=0.200 vmax_local=0.200 vmin_soft=0.030
20:26:40 [INFO] [PROG] s*=2.54/4.44 (57.2%) dist_goal=1.76
20:26:40 [INFO] [MPC] state=(-5.31,-1.67,+4.41) wp0=(-5.25,-2.15) v=+0.200 ω=+0.158 ok=True iters=6
20:26:40 [DEBUG] kappa_max=0.000 vcap_curv=0.200 vmax_local=0.200 vmin_soft=0.030
20:26:40 [INFO] [PROG] s*=2.56/4.44 (57.7%) dist_goal=1.74
20:26:40 [INFO] [MPC] state=(-5.32,-1.69,+4.42) wp0=(-5.25,-2.15) v=+0.200 ω=+0.240 ok=True iters=6
20:26:40 [DEBUG] kappa_max=0.000 vcap_curv=0.200 vmax_local=0.200 vmin_soft=0.030
20:26:40 [INFO] [PROG] s*=2.58/4.44 (58.1%) dist_goal=1.72
20:26:40 [INFO] [MPC] state=(-5.32,-1.71,+4.44) wp0=(-5.25,-2.15) v=+0.200 ω=+0.305 ok=True iters=6
20:26:40 [DEBUG] kappa_max=0.000 vcap_curv=0.200 vmax_local=0.200 vmin_soft=0.030
20:26:40 [INFO] [PROG] s*=2.60/4.44 (58.5%) dist_goal=1.71
20:26:40 [INFO] [MPC] state=(-5.33,-1.73,+4.46) wp0=(-5.25,-2.15) v=+0.200 ω=+0.541 ok=True iters=6
20:26:40 [DEBUG] kappa_max=0.000 vcap_curv=0.200 vmax_local=0.200 vmin_soft=0.030
20:26:40 [INFO] [PROG] s*=2.62/4.44 (58.9%) dist_goal=1.69
20:26:40 [INFO] [MPC] state=(-5.33,-1.75,+4.49) wp0=(-5.25,-2.15) v=+0.200 ω=+0.545 ok=True iters=6
20:26:40 [DEBUG] kappa_max=0.000 vcap_curv=0.200 vmax_local=0.200 vmin_soft=0.030
20:26:40 [INFO] [PROG] s*=2.63/4.44 (59.3%) dist_goal=1.67
20:26:40 [INFO] [MPC] state=(-5.34,-1.77,+4.53) wp0=(-5.25,-2.25) v=+0.200 ω=+0.347 ok=True iters=6
20:26:40 [DEBUG] kappa_max=0.000 vcap_curv=0.200 vmax_local=0.200 vmin_soft=0.030
20:26:40 [INFO] [PROG] s*=2.65/4.44 (59.7%) dist_goal=1.65
20:26:40 [INFO] [MPC] state=(-5.34,-1.78,+4.55) wp0=(-5.25,-2.25) v=+0.200 ω=+0.895 ok=True iters=6
20:26:40 [DEBUG] kappa_max=0.000 vcap_curv=0.200 vmax_local=0.200 vmin_soft=0.030
20:26:40 [INFO] [PROG] s*=2.67/4.44 (60.1%) dist_goal=1.64
20:26:40 [INFO] [MPC] state=(-5.34,-1.80,+4.60) wp0=(-5.25,-2.25) v=+0.200 ω=+0.603 ok=True iters=6
20:26:40 [DEBUG] kappa_max=0.000 vcap_curv=0.200 vmax_local=0.200 vmin_soft=0.030
20:26:40 [INFO] [PROG] s*=2.69/4.44 (60.5%) dist_goal=1.62
20:26:40 [INFO] [MPC] state=(-5.34,-1.82,+4.63) wp0=(-5.25,-2.25) v=+0.200 ω=+0.555 ok=True iters=6
20:26:40 [DEBUG] kappa_max=0.000 vcap_curv=0.200 vmax_local=0.200 vmin_soft=0.030
20:26:40 [INFO] [PROG] s*=2.70/4.44 (60.9%) dist_goal=1.60
20:26:40 [INFO] [MPC] state=(-5.34,-1.84,+4.67) wp0=(-5.25,-2.25) v=+0.200 ω=+0.829 ok=True iters=6
20:26:40 [DEBUG] kappa_max=0.000 vcap_curv=0.200 vmax_local=0.200 vmin_soft=0.030
20:26:40 [INFO] [PROG] s*=2.72/4.44 (61.2%) dist_goal=1.58
20:26:40 [INFO] [MPC] state=(-5.35,-1.85,+4.71) wp0=(-5.25,-2.35) v=+0.200 ω=+0.706 ok=True iters=6
20:26:40 [DEBUG] kappa_max=0.000 vcap_curv=0.200 vmax_local=0.200 vmin_soft=0.030
20:26:40 [INFO] [PROG] s*=2.74/4.44 (61.6%) dist_goal=1.57
20:26:40 [INFO] [MPC] state=(-5.34,-1.87,+4.75) wp0=(-5.25,-2.35) v=+0.200 ω=+0.617 ok=True iters=6
20:26:40 [DEBUG] kappa_max=0.000 vcap_curv=0.200 vmax_local=0.200 vmin_soft=0.030
20:26:40 [INFO] [PROG] s*=2.76/4.44 (62.1%) dist_goal=1.55
20:26:40 [INFO] [MPC] state=(-5.34,-1.89,+4.78) wp0=(-5.25,-2.35) v=+0.200 ω=+0.348 ok=True iters=6
20:26:40 [DEBUG] kappa_max=0.000 vcap_curv=0.200 vmax_local=0.200 vmin_soft=0.030
20:26:40 [INFO] [PROG] s*=2.78/4.44 (62.5%) dist_goal=1.53
20:26:40 [INFO] [MPC] state=(-5.34,-1.91,+4.80) wp0=(-5.25,-2.35) v=+0.200 ω=-0.294 ok=True iters=6
20:26:40 [DEBUG] kappa_max=0.000 vcap_curv=0.200 vmax_local=0.200 vmin_soft=0.030
20:26:40 [INFO] [PROG] s*=2.80/4.44 (62.9%) dist_goal=1.51
20:26:40 [INFO] [MPC] state=(-5.34,-1.93,+4.78) wp0=(-5.25,-2.35) v=+0.200 ω=-0.278 ok=True iters=6
20:26:40 [DEBUG] kappa_max=0.000 vcap_curv=0.200 vmax_local=0.200 vmin_soft=0.030
20:26:40 [INFO] [PROG] s*=2.82/4.44 (63.4%) dist_goal=1.49
20:26:40 [INFO] [MPC] state=(-5.34,-1.95,+4.76) wp0=(-5.25,-2.35) v=+0.200 ω=-0.253 ok=True iters=6
20:26:40 [DEBUG] kappa_max=0.000 vcap_curv=0.200 vmax_local=0.200 vmin_soft=0.030
20:26:40 [INFO] [PROG] s*=2.83/4.44 (63.8%) dist_goal=1.47
20:26:40 [INFO] [MPC] state=(-5.34,-1.97,+4.74) wp0=(-5.25,-2.35) v=+0.200 ω=-0.226 ok=True iters=6
20:26:40 [DEBUG] kappa_max=0.000 vcap_curv=0.200 vmax_local=0.200 vmin_soft=0.030
20:26:40 [INFO] [PROG] s*=2.85/4.44 (64.3%) dist_goal=1.45
20:26:40 [INFO] [MPC] state=(-5.34,-1.98,+4.73) wp0=(-5.25,-2.35) v=+0.200 ω=+0.008 ok=True iters=6
20:26:40 [DEBUG] kappa_max=0.000 vcap_curv=0.200 vmax_local=0.200 vmin_soft=0.030
20:26:40 [INFO] [PROG] s*=2.88/4.44 (64.7%) dist_goal=1.43
20:26:40 [INFO] [MPC] state=(-5.34,-2.00,+4.73) wp0=(-5.25,-2.35) v=+0.200 ω=-0.001 ok=True iters=6
20:26:40 [DEBUG] kappa_max=0.000 vcap_curv=0.200 vmax_local=0.200 vmin_soft=0.030
20:26:40 [INFO] [PROG] s*=2.90/4.44 (65.2%) dist_goal=1.41
20:26:40 [INFO] [MPC] state=(-5.34,-2.03,+4.73) wp0=(-5.25,-2.35) v=+0.200 ω=-0.007 ok=True iters=6
20:26:40 [DEBUG] kappa_max=0.000 vcap_curv=0.200 vmax_local=0.200 vmin_soft=0.030
20:26:40 [INFO] [PROG] s*=2.91/4.44 (65.6%) dist_goal=1.39
20:26:40 [INFO] [MPC] state=(-5.34,-2.05,+4.73) wp0=(-5.25,-2.35) v=+0.200 ω=-0.555 ok=True iters=6
20:26:40 [DEBUG] kappa_max=6.506 vcap_curv=0.369 vmax_local=0.200 vmin_soft=0.030
20:26:40 [INFO] [PROG] s*=2.93/4.44 (66.0%) dist_goal=1.37
20:26:40 [INFO] [MPC] state=(-5.34,-2.06,+4.69) wp0=(-5.25,-2.55) v=+0.200 ω=-0.490 ok=True iters=6
20:26:40 [DEBUG] kappa_max=6.506 vcap_curv=0.369 vmax_local=0.200 vmin_soft=0.030
20:26:40 [INFO] [PROG] s*=2.95/4.44 (66.5%) dist_goal=1.35
20:26:40 [INFO] [MPC] state=(-5.34,-2.08,+4.66) wp0=(-5.25,-2.55) v=+0.200 ω=+0.343 ok=True iters=7
20:26:40 [DEBUG] kappa_max=6.506 vcap_curv=0.369 vmax_local=0.200 vmin_soft=0.030
20:26:40 [INFO] [PROG] s*=2.97/4.44 (66.9%) dist_goal=1.33
20:26:40 [INFO] [MPC] state=(-5.34,-2.10,+4.68) wp0=(-5.25,-2.55) v=+0.200 ω=+0.313 ok=True iters=6
20:26:40 [DEBUG] kappa_max=6.506 vcap_curv=0.369 vmax_local=0.200 vmin_soft=0.030
20:26:40 [INFO] [PROG] s*=2.99/4.44 (67.3%) dist_goal=1.31
20:26:40 [INFO] [MPC] state=(-5.34,-2.12,+4.70) wp0=(-5.25,-2.55) v=+0.200 ω=+0.073 ok=True iters=6
20:26:40 [DEBUG] kappa_max=6.506 vcap_curv=0.369 vmax_local=0.200 vmin_soft=0.030
20:26:40 [INFO] [PROG] s*=3.01/4.44 (67.8%) dist_goal=1.29
20:26:40 [INFO] [MPC] state=(-5.34,-2.14,+4.70) wp0=(-5.25,-2.55) v=+0.200 ω=+0.060 ok=True iters=6
20:26:40 [DEBUG] kappa_max=6.506 vcap_curv=0.369 vmax_local=0.200 vmin_soft=0.030
20:26:40 [INFO] [PROG] s*=3.03/4.44 (68.3%) dist_goal=1.27
20:26:40 [INFO] [MPC] state=(-5.34,-2.16,+4.71) wp0=(-5.25,-2.65) v=+0.200 ω=+0.002 ok=True iters=6
20:26:40 [DEBUG] kappa_max=6.506 vcap_curv=0.369 vmax_local=0.200 vmin_soft=0.030
20:26:40 [INFO] [PROG] s*=3.05/4.44 (68.7%) dist_goal=1.25
20:26:40 [INFO] [MPC] state=(-5.34,-2.18,+4.71) wp0=(-5.25,-2.65) v=+0.200 ω=+0.002 ok=True iters=6
20:26:40 [DEBUG] kappa_max=6.506 vcap_curv=0.369 vmax_local=0.200 vmin_soft=0.030
20:26:40 [INFO] [PROG] s*=3.07/4.44 (69.2%) dist_goal=1.23
20:26:40 [INFO] [MPC] state=(-5.34,-2.20,+4.71) wp0=(-5.25,-2.65) v=+0.200 ω=+0.002 ok=True iters=6
20:26:40 [DEBUG] kappa_max=6.506 vcap_curv=0.369 vmax_local=0.200 vmin_soft=0.030
20:26:40 [INFO] [PROG] s*=3.09/4.44 (69.6%) dist_goal=1.21
20:26:40 [INFO] [MPC] state=(-5.34,-2.22,+4.71) wp0=(-5.25,-2.65) v=+0.200 ω=+0.002 ok=True iters=6
20:26:40 [DEBUG] kappa_max=6.506 vcap_curv=0.369 vmax_local=0.200 vmin_soft=0.030
20:26:40 [INFO] [PROG] s*=3.11/4.44 (70.1%) dist_goal=1.19
20:26:40 [INFO] [MPC] state=(-5.34,-2.24,+4.71) wp0=(-5.25,-2.65) v=+0.200 ω=+0.001 ok=True iters=6
20:26:40 [DEBUG] kappa_max=6.506 vcap_curv=0.369 vmax_local=0.200 vmin_soft=0.030
20:26:40 [INFO] [PROG] s*=3.13/4.44 (70.5%) dist_goal=1.17
20:26:40 [INFO] [MPC] state=(-5.34,-2.26,+4.71) wp0=(-5.25,-2.75) v=+0.200 ω=-0.031 ok=True iters=6
20:26:40 [DEBUG] kappa_max=6.506 vcap_curv=0.369 vmax_local=0.200 vmin_soft=0.030
20:26:40 [INFO] [PROG] s*=3.15/4.44 (71.0%) dist_goal=1.15
20:26:40 [INFO] [MPC] state=(-5.34,-2.28,+4.71) wp0=(-5.25,-2.75) v=+0.200 ω=-0.023 ok=True iters=6
20:26:40 [DEBUG] kappa_max=6.506 vcap_curv=0.369 vmax_local=0.200 vmin_soft=0.030
20:26:40 [INFO] [PROG] s*=3.17/4.44 (71.4%) dist_goal=1.13
20:26:40 [INFO] [MPC] state=(-5.34,-2.30,+4.71) wp0=(-5.25,-2.75) v=+0.200 ω=-0.016 ok=True iters=6
20:26:40 [DEBUG] kappa_max=6.506 vcap_curv=0.369 vmax_local=0.200 vmin_soft=0.030
20:26:40 [INFO] [PROG] s*=3.19/4.44 (71.9%) dist_goal=1.11
20:26:40 [INFO] [MPC] state=(-5.34,-2.32,+4.71) wp0=(-5.25,-2.75) v=+0.200 ω=+0.529 ok=True iters=6
20:26:40 [DEBUG] kappa_max=6.506 vcap_curv=0.369 vmax_local=0.200 vmin_soft=0.030
20:26:40 [INFO] [PROG] s*=3.21/4.44 (72.3%) dist_goal=1.10
20:26:40 [INFO] [MPC] state=(-5.34,-2.34,+4.73) wp0=(-5.25,-2.75) v=+0.200 ω=+0.460 ok=True iters=6
20:26:40 [DEBUG] kappa_max=15.708 vcap_curv=0.153 vmax_local=0.153 vmin_soft=0.030
20:26:40 [INFO] [PROG] s*=3.23/4.44 (72.6%) dist_goal=1.08
20:26:40 [INFO] [MPC] state=(-5.34,-2.36,+4.76) wp0=(-5.25,-2.85) v=+0.153 ω=+0.295 ok=True iters=6
20:26:40 [DEBUG] kappa_max=15.708 vcap_curv=0.153 vmax_local=0.153 vmin_soft=0.030
20:26:40 [INFO] [PROG] s*=3.24/4.44 (73.0%) dist_goal=1.07
20:26:40 [INFO] [MPC] state=(-5.34,-2.38,+4.79) wp0=(-5.25,-2.85) v=+0.153 ω=+0.369 ok=True iters=6
20:26:40 [DEBUG] kappa_max=15.708 vcap_curv=0.153 vmax_local=0.153 vmin_soft=0.030
20:26:40 [INFO] [PROG] s*=3.25/4.44 (73.3%) dist_goal=1.05
20:26:40 [INFO] [MPC] state=(-5.34,-2.39,+4.82) wp0=(-5.25,-2.85) v=+0.153 ω=+0.571 ok=True iters=6
20:26:40 [DEBUG] kappa_max=15.708 vcap_curv=0.153 vmax_local=0.153 vmin_soft=0.030
20:26:40 [INFO] [PROG] s*=3.27/4.44 (73.6%) dist_goal=1.04
20:26:40 [INFO] [MPC] state=(-5.34,-2.40,+4.88) wp0=(-5.25,-2.85) v=+0.153 ω=-0.103 ok=True iters=6
20:26:40 [DEBUG] kappa_max=15.708 vcap_curv=0.153 vmax_local=0.153 vmin_soft=0.030
20:26:40 [INFO] [PROG] s*=3.29/4.44 (74.0%) dist_goal=1.02
20:26:40 [INFO] [MPC] state=(-5.33,-2.42,+4.87) wp0=(-5.25,-2.85) v=+0.153 ω=-0.129 ok=True iters=6
20:26:40 [DEBUG] kappa_max=15.708 vcap_curv=0.153 vmax_local=0.153 vmin_soft=0.030
20:26:40 [INFO] [PROG] s*=3.30/4.44 (74.3%) dist_goal=1.01
20:26:40 [INFO] [MPC] state=(-5.33,-2.44,+4.86) wp0=(-5.25,-2.85) v=+0.153 ω=+0.504 ok=True iters=6
20:26:40 [DEBUG] kappa_max=15.708 vcap_curv=0.153 vmax_local=0.153 vmin_soft=0.030
20:26:40 [INFO] [PROG] s*=3.32/4.44 (74.6%) dist_goal=0.99
20:26:40 [INFO] [MPC] state=(-5.33,-2.45,+4.91) wp0=(-5.25,-2.85) v=+0.153 ω=+0.139 ok=True iters=6
20:26:40 [DEBUG] kappa_max=15.708 vcap_curv=0.153 vmax_local=0.153 vmin_soft=0.030
20:26:40 [INFO] [PROG] s*=3.33/4.44 (75.0%) dist_goal=0.98
20:26:40 [INFO] [MPC] state=(-5.32,-2.47,+4.92) wp0=(-5.25,-2.85) v=+0.153 ω=+0.058 ok=True iters=6
20:26:40 [DEBUG] kappa_max=15.708 vcap_curv=0.153 vmax_local=0.153 vmin_soft=0.030
20:26:40 [INFO] [PROG] s*=3.35/4.44 (75.3%) dist_goal=0.96
20:26:40 [INFO] [MPC] state=(-5.32,-2.48,+4.93) wp0=(-5.25,-2.85) v=+0.153 ω=+0.014 ok=True iters=6
20:26:40 [DEBUG] kappa_max=15.708 vcap_curv=0.153 vmax_local=0.153 vmin_soft=0.030
20:26:40 [INFO] [PROG] s*=3.36/4.44 (75.7%) dist_goal=0.95
20:26:40 [INFO] [MPC] state=(-5.32,-2.50,+4.93) wp0=(-5.25,-2.85) v=+0.153 ω=+0.084 ok=True iters=6
20:26:40 [DEBUG] kappa_max=15.708 vcap_curv=0.153 vmax_local=0.153 vmin_soft=0.030
20:26:40 [INFO] [PROG] s*=3.38/4.44 (76.0%) dist_goal=0.93
20:26:40 [INFO] [MPC] state=(-5.31,-2.51,+4.94) wp0=(-5.25,-2.85) v=+0.153 ω=+0.016 ok=True iters=7
20:26:40 [DEBUG] kappa_max=15.708 vcap_curv=0.153 vmax_local=0.153 vmin_soft=0.030
20:26:40 [INFO] [PROG] s*=3.39/4.44 (76.3%) dist_goal=0.92
20:26:40 [INFO] [MPC] state=(-5.31,-2.53,+4.94) wp0=(-5.25,-2.85) v=+0.153 ω=-0.008 ok=True iters=7
20:26:40 [DEBUG] kappa_max=15.708 vcap_curv=0.153 vmax_local=0.153 vmin_soft=0.030
20:26:40 [INFO] [PROG] s*=3.41/4.44 (76.7%) dist_goal=0.91
20:26:40 [INFO] [MPC] state=(-5.31,-2.54,+4.94) wp0=(-5.25,-2.85) v=+0.153 ω=-0.010 ok=True iters=7
20:26:40 [DEBUG] kappa_max=15.708 vcap_curv=0.153 vmax_local=0.153 vmin_soft=0.030
20:26:40 [INFO] [PROG] s*=3.42/4.44 (77.0%) dist_goal=0.89
20:26:40 [INFO] [MPC] state=(-5.30,-2.56,+4.94) wp0=(-5.25,-3.05) v=+0.153 ω=-0.006 ok=True iters=7
20:26:40 [DEBUG] kappa_max=15.708 vcap_curv=0.153 vmax_local=0.153 vmin_soft=0.030
20:26:40 [INFO] [PROG] s*=3.44/4.44 (77.4%) dist_goal=0.88
20:26:40 [INFO] [MPC] state=(-5.30,-2.57,+4.94) wp0=(-5.25,-3.05) v=+0.153 ω=-0.102 ok=True iters=7
20:26:40 [DEBUG] kappa_max=15.708 vcap_curv=0.153 vmax_local=0.153 vmin_soft=0.030
20:26:40 [INFO] [PROG] s*=3.45/4.44 (77.7%) dist_goal=0.86
20:26:40 [INFO] [MPC] state=(-5.30,-2.59,+4.92) wp0=(-5.25,-3.05) v=+0.153 ω=-0.170 ok=True iters=7
20:26:40 [DEBUG] kappa_max=15.708 vcap_curv=0.153 vmax_local=0.153 vmin_soft=0.030
20:26:40 [INFO] [PROG] s*=3.47/4.44 (78.0%) dist_goal=0.85
20:26:40 [INFO] [MPC] state=(-5.29,-2.60,+4.91) wp0=(-5.25,-3.05) v=+0.153 ω=+0.135 ok=True iters=6
20:26:40 [DEBUG] kappa_max=15.708 vcap_curv=0.153 vmax_local=0.153 vmin_soft=0.030
20:26:40 [INFO] [PROG] s*=3.48/4.44 (78.4%) dist_goal=0.83
20:26:40 [INFO] [MPC] state=(-5.29,-2.62,+4.92) wp0=(-5.25,-3.05) v=+0.153 ω=-0.016 ok=True iters=6
20:26:40 [DEBUG] kappa_max=15.708 vcap_curv=0.153 vmax_local=0.153 vmin_soft=0.030
20:26:40 [INFO] [PROG] s*=3.50/4.44 (78.7%) dist_goal=0.82
20:26:40 [INFO] [MPC] state=(-5.29,-2.63,+4.92) wp0=(-5.25,-3.05) v=+0.153 ω=-0.119 ok=True iters=6
20:26:40 [DEBUG] kappa_max=15.708 vcap_curv=0.153 vmax_local=0.153 vmin_soft=0.030
20:26:40 [INFO] [PROG] s*=3.51/4.44 (79.1%) dist_goal=0.81
20:26:40 [INFO] [MPC] state=(-5.28,-2.65,+4.91) wp0=(-5.25,-3.05) v=+0.153 ω=-0.178 ok=True iters=6
20:26:40 [DEBUG] kappa_max=15.708 vcap_curv=0.153 vmax_local=0.153 vmin_soft=0.030
20:26:40 [INFO] [PROG] s*=3.53/4.44 (79.4%) dist_goal=0.79
20:26:40 [INFO] [MPC] state=(-5.28,-2.66,+4.89) wp0=(-5.35,-3.15) v=+0.153 ω=-0.105 ok=True iters=6
20:26:40 [DEBUG] kappa_max=15.708 vcap_curv=0.153 vmax_local=0.153 vmin_soft=0.030
20:26:40 [INFO] [PROG] s*=3.54/4.44 (79.8%) dist_goal=0.78
20:26:40 [INFO] [MPC] state=(-5.28,-2.68,+4.88) wp0=(-5.35,-3.15) v=+0.153 ω=+0.011 ok=True iters=6
20:26:40 [DEBUG] kappa_max=15.708 vcap_curv=0.153 vmax_local=0.153 vmin_soft=0.030
20:26:40 [INFO] [PROG] s*=3.56/4.44 (80.1%) dist_goal=0.76
20:26:40 [INFO] [MPC] state=(-5.28,-2.69,+4.88) wp0=(-5.35,-3.15) v=+0.153 ω=+0.355 ok=True iters=6
20:26:40 [DEBUG] kappa_max=15.708 vcap_curv=0.153 vmax_local=0.153 vmin_soft=0.030
20:26:40 [INFO] [PROG] s*=3.57/4.44 (80.4%) dist_goal=0.75
20:26:40 [INFO] [MPC] state=(-5.27,-2.71,+4.92) wp0=(-5.35,-3.15) v=+0.153 ω=+0.147 ok=True iters=6
20:26:40 [DEBUG] kappa_max=15.708 vcap_curv=0.153 vmax_local=0.153 vmin_soft=0.030
20:26:40 [INFO] [PROG] s*=3.59/4.44 (80.8%) dist_goal=0.74
20:26:40 [INFO] [MPC] state=(-5.27,-2.72,+4.93) wp0=(-5.35,-3.15) v=+0.153 ω=-0.164 ok=True iters=7
20:26:40 [DEBUG] kappa_max=15.708 vcap_curv=0.153 vmax_local=0.153 vmin_soft=0.030
20:26:40 [INFO] [PROG] s*=3.60/4.44 (81.1%) dist_goal=0.72
20:26:40 [INFO] [MPC] state=(-5.27,-2.74,+4.91) wp0=(-5.35,-3.15) v=+0.153 ω=-0.157 ok=True iters=7
20:26:40 [DEBUG] kappa_max=15.708 vcap_curv=0.153 vmax_local=0.153 vmin_soft=0.030
20:26:40 [INFO] [PROG] s*=3.62/4.44 (81.5%) dist_goal=0.71
20:26:40 [INFO] [MPC] state=(-5.26,-2.75,+4.90) wp0=(-5.35,-3.15) v=+0.153 ω=-0.745 ok=True iters=8
20:26:40 [DEBUG] kappa_max=15.708 vcap_curv=0.153 vmax_local=0.153 vmin_soft=0.030
20:26:40 [INFO] [PROG] s*=3.63/4.44 (81.8%) dist_goal=0.69
20:26:40 [INFO] [MPC] state=(-5.26,-2.77,+4.83) wp0=(-5.35,-3.15) v=+0.153 ω=-0.368 ok=True iters=8
20:26:40 [DEBUG] kappa_max=15.708 vcap_curv=0.153 vmax_local=0.153 vmin_soft=0.030
20:26:40 [INFO] [PROG] s*=3.65/4.44 (82.2%) dist_goal=0.68
20:26:40 [INFO] [MPC] state=(-5.26,-2.78,+4.79) wp0=(-5.35,-3.15) v=+0.153 ω=-0.524 ok=True iters=8
20:26:40 [DEBUG] kappa_max=15.708 vcap_curv=0.153 vmax_local=0.153 vmin_soft=0.030
20:26:40 [INFO] [PROG] s*=3.66/4.44 (82.5%) dist_goal=0.66
20:26:40 [INFO] [MPC] state=(-5.26,-2.80,+4.74) wp0=(-5.35,-3.15) v=+0.153 ω=-0.847 ok=True iters=8
20:26:40 [DEBUG] kappa_max=15.708 vcap_curv=0.153 vmax_local=0.153 vmin_soft=0.030
20:26:40 [INFO] [PROG] s*=3.68/4.44 (82.9%) dist_goal=0.65
20:26:40 [INFO] [MPC] state=(-5.26,-2.81,+4.66) wp0=(-5.35,-3.15) v=+0.153 ω=-0.574 ok=True iters=8
20:26:40 [DEBUG] kappa_max=15.708 vcap_curv=0.153 vmax_local=0.153 vmin_soft=0.030
20:26:40 [INFO] [PROG] s*=3.70/4.44 (83.2%) dist_goal=0.63
20:26:40 [INFO] [MPC] state=(-5.26,-2.83,+4.59) wp0=(-5.35,-3.15) v=+0.153 ω=-0.606 ok=True iters=8
20:26:40 [DEBUG] kappa_max=15.708 vcap_curv=0.153 vmax_local=0.153 vmin_soft=0.030
20:26:40 [INFO] [PROG] s*=3.71/4.44 (83.6%) dist_goal=0.62
20:26:40 [INFO] [MPC] state=(-5.26,-2.85,+4.53) wp0=(-5.35,-3.15) v=+0.153 ω=-0.401 ok=True iters=8
20:26:40 [DEBUG] kappa_max=15.708 vcap_curv=0.153 vmax_local=0.153 vmin_soft=0.030
20:26:40 [INFO] [PROG] s*=3.73/4.44 (83.9%) dist_goal=0.60
20:26:40 [INFO] [MPC] state=(-5.27,-2.86,+4.49) wp0=(-5.35,-3.25) v=+0.153 ω=-0.815 ok=True iters=9
20:26:40 [DEBUG] kappa_max=15.708 vcap_curv=0.153 vmax_local=0.153 vmin_soft=0.030
20:26:40 [INFO] [PROG] s*=3.74/4.44 (84.2%) dist_goal=0.59
20:26:40 [INFO] [MPC] state=(-5.27,-2.88,+4.41) wp0=(-5.35,-3.25) v=+0.153 ω=-0.076 ok=True iters=9
20:26:40 [DEBUG] kappa_max=15.708 vcap_curv=0.153 vmax_local=0.153 vmin_soft=0.030
20:26:40 [INFO] [PROG] s*=3.76/4.44 (84.6%) dist_goal=0.57
20:26:40 [INFO] [MPC] state=(-5.28,-2.89,+4.41) wp0=(-5.35,-3.25) v=+0.153 ω=-0.465 ok=True iters=10
20:26:40 [DEBUG] kappa_max=15.708 vcap_curv=0.153 vmax_local=0.153 vmin_soft=0.030
20:26:40 [INFO] [PROG] s*=3.77/4.44 (84.9%) dist_goal=0.55
20:26:40 [INFO] [MPC] state=(-5.28,-2.91,+4.36) wp0=(-5.35,-3.25) v=+0.153 ω=-0.288 ok=True iters=11
20:26:40 [DEBUG] kappa_max=15.708 vcap_curv=0.153 vmax_local=0.153 vmin_soft=0.030
20:26:40 [INFO] [PROG] s*=3.78/4.44 (85.2%) dist_goal=0.54
20:26:40 [INFO] [MPC] state=(-5.29,-2.92,+4.33) wp0=(-5.35,-3.25) v=+0.153 ω=-0.063 ok=True iters=8
20:26:40 [DEBUG] kappa_max=15.708 vcap_curv=0.153 vmax_local=0.153 vmin_soft=0.030
20:26:40 [INFO] [PROG] s*=3.80/4.44 (85.5%) dist_goal=0.52
20:26:40 [INFO] [MPC] state=(-5.29,-2.93,+4.32) wp0=(-5.35,-3.25) v=+0.153 ω=+0.004 ok=True iters=8
20:26:40 [DEBUG] kappa_max=15.708 vcap_curv=0.153 vmax_local=0.153 vmin_soft=0.030
20:26:40 [INFO] [PROG] s*=3.81/4.44 (85.9%) dist_goal=0.51
20:26:40 [INFO] [MPC] state=(-5.30,-2.95,+4.32) wp0=(-5.35,-3.25) v=+0.153 ω=+0.108 ok=True iters=8
20:26:40 [DEBUG] kappa_max=15.708 vcap_curv=0.153 vmax_local=0.153 vmin_soft=0.030
20:26:40 [INFO] [PROG] s*=3.83/4.44 (86.2%) dist_goal=0.49
20:26:40 [INFO] [MPC] state=(-5.30,-2.96,+4.34) wp0=(-5.35,-3.35) v=+0.153 ω=+0.365 ok=True iters=8
20:26:40 [DEBUG] kappa_max=15.708 vcap_curv=0.153 vmax_local=0.153 vmin_soft=0.030
20:26:40 [INFO] [PROG] s*=3.84/4.44 (86.5%) dist_goal=0.48
20:26:40 [INFO] [MPC] state=(-5.31,-2.98,+4.37) wp0=(-5.35,-3.35) v=+0.153 ω=+0.288 ok=True iters=8
20:26:40 [DEBUG] kappa_max=15.708 vcap_curv=0.153 vmax_local=0.153 vmin_soft=0.030
20:26:40 [INFO] [PROG] s*=3.86/4.44 (86.8%) dist_goal=0.46
20:26:40 [INFO] [MPC] state=(-5.31,-2.99,+4.40) wp0=(-5.35,-3.35) v=+0.153 ω=+0.279 ok=True iters=8
20:26:40 [DEBUG] kappa_max=15.708 vcap_curv=0.153 vmax_local=0.153 vmin_soft=0.030
20:26:40 [INFO] [PROG] s*=3.93/4.44 (88.5%) dist_goal=0.45
20:26:40 [INFO] [MPC] state=(-5.32,-3.01,+4.43) wp0=(-5.35,-3.35) v=+0.153 ω=+0.311 ok=True iters=8
20:26:40 [DEBUG] kappa_max=0.000 vcap_curv=0.200 vmax_local=0.200 vmin_soft=0.030
20:26:40 [INFO] [PROG] s*=3.95/4.44 (88.9%) dist_goal=0.43
20:26:40 [INFO] [MPC] state=(-5.32,-3.02,+4.46) wp0=(-5.35,-3.45) v=+0.200 ω=+0.254 ok=True iters=7
20:26:40 [DEBUG] kappa_max=0.000 vcap_curv=0.200 vmax_local=0.200 vmin_soft=0.030
20:26:40 [INFO] [PROG] s*=3.96/4.44 (89.3%) dist_goal=0.41
20:26:40 [INFO] [MPC] state=(-5.33,-3.04,+4.48) wp0=(-5.35,-3.45) v=+0.200 ω=-0.163 ok=True iters=7
20:26:40 [DEBUG] kappa_max=0.000 vcap_curv=0.200 vmax_local=0.200 vmin_soft=0.030
20:26:40 [INFO] [PROG] s*=3.98/4.44 (89.6%) dist_goal=0.39
20:26:40 [INFO] [MPC] state=(-5.33,-3.06,+4.47) wp0=(-5.35,-3.45) v=+0.200 ω=+0.557 ok=True iters=7
20:26:40 [DEBUG] kappa_max=0.000 vcap_curv=0.200 vmax_local=0.200 vmin_soft=0.030
20:26:40 [INFO] [PROG] s*=4.00/4.44 (90.0%) dist_goal=0.37
20:26:40 [INFO] [MPC] state=(-5.34,-3.08,+4.50) wp0=(-5.35,-3.45) v=+0.200 ω=+0.512 ok=True iters=7
20:26:40 [DEBUG] kappa_max=0.000 vcap_curv=0.200 vmax_local=0.200 vmin_soft=0.030
20:26:40 [INFO] [PROG] s*=4.01/4.44 (90.3%) dist_goal=0.35
20:26:40 [INFO] [MPC] state=(-5.34,-3.10,+4.53) wp0=(-5.35,-3.45) v=+0.200 ω=+0.667 ok=True iters=7
20:26:40 [DEBUG] kappa_max=0.000 vcap_curv=0.200 vmax_local=0.200 vmin_soft=0.030
20:26:40 [INFO] [PROG] s*=4.02/4.44 (90.6%) dist_goal=0.34
20:26:40 [INFO] [MPC] state=(-5.34,-3.11,+4.57) wp0=(-5.35,-3.45) v=+0.200 ω=+0.960 ok=True iters=7
20:26:40 [DEBUG] kappa_max=0.000 vcap_curv=0.200 vmax_local=0.200 vmin_soft=0.030
20:26:40 [INFO] [PROG] s*=4.04/4.44 (90.9%) dist_goal=0.32
20:26:40 [INFO] [MPC] state=(-5.34,-3.13,+4.63) wp0=(-5.35,-3.45) v=+0.200 ω=+0.652 ok=True iters=7
20:26:40 [DEBUG] kappa_max=0.000 vcap_curv=0.200 vmax_local=0.200 vmin_soft=0.030
20:26:40 [INFO] [PROG] s*=4.06/4.44 (91.3%) dist_goal=0.30
20:26:40 [INFO] [MPC] state=(-5.35,-3.15,+4.66) wp0=(-5.35,-3.45) v=+0.200 ω=+0.534 ok=True iters=7
20:26:40 [DEBUG] kappa_max=0.000 vcap_curv=0.200 vmax_local=0.200 vmin_soft=0.030
20:26:40 [INFO] [PROG] s*=4.08/4.44 (91.8%) dist_goal=0.29
20:26:40 [INFO] [MPC] state=(-5.35,-3.16,+4.69) wp0=(-5.45,-3.45) v=+0.200 ω=+0.206 ok=True iters=7
20:26:40 [DEBUG] kappa_max=0.000 vcap_curv=0.200 vmax_local=0.200 vmin_soft=0.030
20:26:40 [INFO] [PROG] s*=4.09/4.44 (92.2%) dist_goal=0.27
20:26:40 [INFO] [MPC] state=(-5.35,-3.18,+4.70) wp0=(-5.45,-3.45) v=+0.200 ω=+0.259 ok=True iters=8
20:26:40 [DEBUG] kappa_max=0.000 vcap_curv=0.200 vmax_local=0.200 vmin_soft=0.030
20:26:40 [INFO] [PROG] s*=4.11/4.44 (92.6%) dist_goal=0.25
20:26:40 [INFO] [MPC] state=(-5.35,-3.20,+4.72) wp0=(-5.45,-3.45) v=+0.200 ω=+0.322 ok=True iters=8
20:26:40 [DEBUG] kappa_max=0.000 vcap_curv=0.200 vmax_local=0.200 vmin_soft=0.030
20:26:40 [INFO] [PROG] s*=4.13/4.44 (93.0%) dist_goal=0.23
20:26:40 [INFO] [MPC] state=(-5.35,-3.22,+4.74) wp0=(-5.45,-3.45) v=+0.200 ω=+0.377 ok=True iters=8
20:26:40 [DEBUG] kappa_max=0.000 vcap_curv=0.200 vmax_local=0.200 vmin_soft=0.030
20:26:40 [INFO] [PROG] s*=4.15/4.44 (93.5%) dist_goal=0.22
20:26:40 [INFO] [MPC] state=(-5.35,-3.24,+4.76) wp0=(-5.45,-3.45) v=+0.200 ω=+0.424 ok=True iters=9
20:26:40 [DEBUG] kappa_max=0.000 vcap_curv=0.200 vmax_local=0.200 vmin_soft=0.030
20:26:40 [INFO] [PROG] s*=4.17/4.44 (93.9%) dist_goal=0.20
20:26:40 [INFO] [MPC] state=(-5.35,-3.26,+4.78) wp0=(-5.45,-3.45) v=+0.200 ω=+0.250 ok=True iters=10
20:26:40 [DEBUG] kappa_max=0.000 vcap_curv=0.200 vmax_local=0.200 vmin_soft=0.030
20:26:40 [INFO] [PROG] s*=4.19/4.44 (94.3%) dist_goal=0.19
20:26:40 [INFO] [MPC] state=(-5.34,-3.28,+4.80) wp0=(-5.45,-3.45) v=+0.200 ω=-0.418 ok=True iters=7
