07:43:59 [INFO] === New MPC Session Started ===
07:43:59 [DEBUG] matplotlib data path: /home/max/.local/lib/python3.10/site-packages/matplotlib/mpl-data
07:43:59 [DEBUG] CONFIGDIR=/home/max/.config/matplotlib
07:43:59 [DEBUG] interactive is False
07:43:59 [DEBUG] platform is linux
07:43:59 [DEBUG] CACHEDIR=/home/max/.cache/matplotlib
07:43:59 [DEBUG] Using fontManager instance from /home/max/.cache/matplotlib/fontlist-v390.json
07:43:59 [INFO] CrowdNavPyBulletEnv initializing...
07:44:02 [INFO] World ready | grid: (112, 112), res: 0.1, N=10, T=0.1
07:44:03 [INFO] [PROG] s*=0.00/6.50 (0.0%) dist_goal=5.30
07:44:03 [INFO] [MPC] state=(-0.14,-1.65,-1.62) wp0=(-0.15,-1.73) v=+0.200 ω=-2.400 ok=True iters=15
07:44:03 [INFO] [PROG] s*=0.00/6.50 (0.0%) dist_goal=5.29
07:44:03 [INFO] [MPC] state=(-0.14,-1.65,-1.74) wp0=(-0.15,-1.73) v=+0.200 ω=-2.400 ok=True iters=9
07:44:03 [INFO] [PROG] s*=0.00/6.50 (0.0%) dist_goal=5.29
07:44:03 [INFO] [MPC] state=(-0.15,-1.66,-1.87) wp0=(-0.15,-1.73) v=+0.200 ω=-2.400 ok=True iters=8
07:44:03 [INFO] [PROG] s*=0.00/6.50 (0.1%) dist_goal=5.28
07:44:03 [INFO] [MPC] state=(-0.15,-1.67,-2.00) wp0=(-0.15,-1.73) v=+0.200 ω=-2.400 ok=True iters=8
07:44:03 [INFO] [PROG] s*=0.01/6.50 (0.2%) dist_goal=5.28
07:44:03 [INFO] [MPC] state=(-0.15,-1.68,-2.12) wp0=(-0.15,-1.74) v=+0.200 ω=-2.225 ok=True iters=10
07:44:03 [INFO] [PROG] s*=0.03/6.50 (0.4%) dist_goal=5.28
07:44:03 [INFO] [MPC] state=(-0.16,-1.69,-2.24) wp0=(-0.15,-1.76) v=+0.200 ω=-1.652 ok=True iters=9
07:44:03 [INFO] [PROG] s*=0.04/6.50 (0.6%) dist_goal=5.28
07:44:03 [INFO] [MPC] state=(-0.17,-1.71,-2.32) wp0=(-0.15,-1.77) v=+0.200 ω=-0.290 ok=True iters=7
07:44:04 [INFO] [PROG] s*=0.05/6.50 (0.8%) dist_goal=5.28
07:44:04 [INFO] [MPC] state=(-0.18,-1.72,-2.35) wp0=(-0.15,-1.78) v=+0.200 ω=+1.017 ok=True iters=7
07:44:04 [INFO] [PROG] s*=0.06/6.50 (1.0%) dist_goal=5.28
07:44:04 [INFO] [MPC] state=(-0.20,-1.73,-2.29) wp0=(-0.15,-1.79) v=+0.200 ω=+1.005 ok=True iters=6
07:44:04 [INFO] [PROG] s*=0.07/6.50 (1.1%) dist_goal=5.28
07:44:04 [INFO] [MPC] state=(-0.21,-1.74,-2.24) wp0=(-0.15,-1.80) v=+0.200 ω=+2.086 ok=True iters=7
07:44:04 [INFO] [PROG] s*=0.08/6.50 (1.3%) dist_goal=5.28
07:44:04 [INFO] [MPC] state=(-0.21,-1.75,-2.13) wp0=(-0.15,-1.81) v=+0.200 ω=+1.835 ok=True iters=8
07:44:04 [INFO] [PROG] s*=0.10/6.50 (1.5%) dist_goal=5.27
07:44:04 [INFO] [MPC] state=(-0.22,-1.76,-2.03) wp0=(-0.15,-1.83) v=+0.200 ω=+1.581 ok=True iters=6
07:44:04 [INFO] [PROG] s*=0.11/6.50 (1.6%) dist_goal=5.27
07:44:04 [INFO] [MPC] state=(-0.22,-1.78,-1.94) wp0=(-0.15,-1.84) v=+0.200 ω=+2.008 ok=True iters=6
07:44:04 [INFO] [PROG] s*=0.12/6.50 (1.8%) dist_goal=5.26
07:44:04 [INFO] [MPC] state=(-0.23,-1.79,-1.84) wp0=(-0.15,-1.85) v=+0.200 ω=+2.342 ok=True iters=9
07:44:04 [INFO] [PROG] s*=0.13/6.50 (2.0%) dist_goal=5.25
07:44:04 [INFO] [MPC] state=(-0.23,-1.80,-1.71) wp0=(-0.15,-1.86) v=+0.200 ω=+1.660 ok=True iters=9
07:44:04 [INFO] [PROG] s*=0.14/6.50 (2.2%) dist_goal=5.24
07:44:04 [INFO] [MPC] state=(-0.23,-1.81,-1.62) wp0=(-0.15,-1.87) v=+0.200 ω=+1.315 ok=True iters=6
07:44:04 [INFO] [PROG] s*=0.16/6.50 (2.4%) dist_goal=5.23
07:44:04 [INFO] [MPC] state=(-0.23,-1.82,-1.56) wp0=(-0.15,-1.89) v=+0.200 ω=+0.928 ok=True iters=6
07:44:04 [INFO] [PROG] s*=0.18/6.50 (2.7%) dist_goal=5.22
07:44:04 [INFO] [MPC] state=(-0.23,-1.84,-1.51) wp0=(-0.15,-1.91) v=+0.200 ω=+0.599 ok=True iters=6
07:44:04 [INFO] [PROG] s*=0.19/6.50 (3.0%) dist_goal=5.21
07:44:04 [INFO] [MPC] state=(-0.23,-1.86,-1.48) wp0=(-0.15,-1.92) v=+0.200 ω=+0.505 ok=True iters=6
07:44:04 [INFO] [PROG] s*=0.21/6.50 (3.3%) dist_goal=5.19
07:44:04 [INFO] [MPC] state=(-0.23,-1.87,-1.45) wp0=(-0.15,-1.94) v=+0.200 ω=+0.128 ok=True iters=6
07:44:04 [INFO] [PROG] s*=0.23/6.50 (3.6%) dist_goal=5.18
07:44:04 [INFO] [MPC] state=(-0.22,-1.89,-1.44) wp0=(-0.15,-1.96) v=+0.200 ω=-0.648 ok=True iters=7
07:44:04 [INFO] [PROG] s*=0.25/6.50 (3.9%) dist_goal=5.16
07:44:04 [INFO] [MPC] state=(-0.22,-1.91,-1.47) wp0=(-0.15,-1.98) v=+0.200 ω=-0.365 ok=True iters=6
07:44:04 [INFO] [PROG] s*=0.27/6.50 (4.1%) dist_goal=5.15
07:44:04 [INFO] [MPC] state=(-0.22,-1.93,-1.50) wp0=(-0.15,-2.00) v=+0.200 ω=-1.089 ok=True iters=7
07:44:04 [INFO] [PROG] s*=0.29/6.50 (4.4%) dist_goal=5.14
07:44:04 [INFO] [MPC] state=(-0.22,-1.95,-1.55) wp0=(-0.15,-2.02) v=+0.200 ω=-0.709 ok=True iters=6
07:44:04 [INFO] [PROG] s*=0.30/6.50 (4.7%) dist_goal=5.13
07:44:04 [INFO] [MPC] state=(-0.22,-1.97,-1.60) wp0=(-0.15,-2.03) v=+0.200 ω=-0.632 ok=True iters=6
07:44:04 [INFO] [PROG] s*=0.32/6.50 (5.0%) dist_goal=5.12
07:44:04 [INFO] [MPC] state=(-0.22,-1.98,-1.64) wp0=(-0.15,-2.05) v=+0.200 ω=-0.314 ok=True iters=6
07:44:04 [INFO] [PROG] s*=0.34/6.50 (5.3%) dist_goal=5.11
07:44:04 [INFO] [MPC] state=(-0.22,-2.00,-1.66) wp0=(-0.15,-2.07) v=+0.200 ω=+0.471 ok=True iters=7
07:44:04 [INFO] [PROG] s*=0.36/6.50 (5.5%) dist_goal=5.10
07:44:04 [INFO] [MPC] state=(-0.22,-2.02,-1.64) wp0=(-0.15,-2.09) v=+0.200 ω=+0.467 ok=True iters=6
07:44:04 [INFO] [PROG] s*=0.38/6.50 (5.8%) dist_goal=5.08
07:44:04 [INFO] [MPC] state=(-0.23,-2.04,-1.61) wp0=(-0.15,-2.11) v=+0.200 ω=+0.451 ok=True iters=6
07:44:04 [INFO] [PROG] s*=0.40/6.50 (6.1%) dist_goal=5.07
07:44:04 [INFO] [MPC] state=(-0.23,-2.06,-1.59) wp0=(-0.15,-2.13) v=+0.200 ω=+0.161 ok=True iters=6
07:44:04 [INFO] [PROG] s*=0.42/6.50 (6.4%) dist_goal=5.06
07:44:04 [INFO] [MPC] state=(-0.23,-2.08,-1.57) wp0=(-0.15,-2.15) v=+0.200 ω=+0.141 ok=True iters=6
07:44:04 [INFO] [PROG] s*=0.44/6.50 (6.7%) dist_goal=5.05
07:44:04 [INFO] [MPC] state=(-0.23,-2.10,-1.56) wp0=(-0.15,-2.17) v=+0.200 ω=+0.122 ok=True iters=6
07:44:04 [INFO] [PROG] s*=0.46/6.50 (7.1%) dist_goal=5.03
07:44:04 [INFO] [MPC] state=(-0.23,-2.12,-1.55) wp0=(-0.15,-2.19) v=+0.200 ω=+0.098 ok=True iters=6
07:44:04 [INFO] [PROG] s*=0.48/6.50 (7.4%) dist_goal=5.02
07:44:04 [INFO] [MPC] state=(-0.23,-2.14,-1.54) wp0=(-0.15,-2.21) v=+0.200 ω=-0.188 ok=True iters=6
07:44:04 [INFO] [PROG] s*=0.50/6.50 (7.7%) dist_goal=5.01
07:44:04 [INFO] [MPC] state=(-0.23,-2.16,-1.56) wp0=(-0.15,-2.23) v=+0.200 ω=+0.083 ok=True iters=6
07:44:04 [INFO] [PROG] s*=0.52/6.50 (8.0%) dist_goal=4.99
07:44:04 [INFO] [MPC] state=(-0.22,-2.18,-1.55) wp0=(-0.15,-2.25) v=+0.200 ω=+0.061 ok=True iters=6
07:44:04 [INFO] [PROG] s*=0.54/6.50 (8.3%) dist_goal=4.98
07:44:04 [INFO] [MPC] state=(-0.22,-2.20,-1.54) wp0=(-0.15,-2.27) v=+0.200 ω=-0.218 ok=True iters=6
07:44:04 [INFO] [PROG] s*=0.56/6.50 (8.6%) dist_goal=4.97
07:44:04 [INFO] [MPC] state=(-0.22,-2.22,-1.56) wp0=(-0.15,-2.29) v=+0.200 ω=+0.055 ok=True iters=6
07:44:04 [INFO] [PROG] s*=0.58/6.50 (8.9%) dist_goal=4.96
07:44:04 [INFO] [MPC] state=(-0.22,-2.24,-1.55) wp0=(-0.15,-2.31) v=+0.200 ω=+0.038 ok=True iters=6
07:44:04 [INFO] [PROG] s*=0.60/6.50 (9.2%) dist_goal=4.94
07:44:04 [INFO] [MPC] state=(-0.22,-2.26,-1.55) wp0=(-0.15,-2.33) v=+0.200 ω=+0.020 ok=True iters=6
07:44:04 [INFO] [PROG] s*=0.62/6.50 (9.5%) dist_goal=4.93
07:44:04 [INFO] [MPC] state=(-0.22,-2.28,-1.55) wp0=(-0.15,-2.35) v=+0.200 ω=-0.656 ok=True iters=7
07:44:04 [INFO] [PROG] s*=0.64/6.50 (9.8%) dist_goal=4.92
07:44:04 [INFO] [MPC] state=(-0.22,-2.30,-1.59) wp0=(-0.15,-2.37) v=+0.200 ω=-0.592 ok=True iters=6
07:44:04 [INFO] [PROG] s*=0.65/6.50 (10.1%) dist_goal=4.91
07:44:04 [INFO] [MPC] state=(-0.22,-2.32,-1.63) wp0=(-0.15,-2.38) v=+0.200 ω=+0.430 ok=True iters=7
07:44:04 [INFO] [PROG] s*=0.67/6.50 (10.3%) dist_goal=4.90
07:44:04 [INFO] [MPC] state=(-0.22,-2.33,-1.61) wp0=(-0.15,-2.40) v=+0.200 ω=+0.422 ok=True iters=6
07:44:04 [INFO] [PROG] s*=0.69/6.50 (10.6%) dist_goal=4.89
07:44:04 [INFO] [MPC] state=(-0.22,-2.35,-1.59) wp0=(-0.15,-2.42) v=+0.200 ω=+0.129 ok=True iters=6
07:44:04 [INFO] [PROG] s*=0.71/6.50 (11.0%) dist_goal=4.87
07:44:04 [INFO] [MPC] state=(-0.23,-2.37,-1.57) wp0=(-0.15,-2.44) v=+0.200 ω=+0.114 ok=True iters=6
07:44:04 [INFO] [PROG] s*=0.73/6.50 (11.3%) dist_goal=4.86
07:44:04 [INFO] [MPC] state=(-0.23,-2.39,-1.56) wp0=(-0.15,-2.46) v=+0.200 ω=+0.093 ok=True iters=6
07:44:04 [INFO] [PROG] s*=0.75/6.50 (11.6%) dist_goal=4.85
07:44:04 [INFO] [MPC] state=(-0.22,-2.41,-1.56) wp0=(-0.15,-2.48) v=+0.200 ω=+0.073 ok=True iters=6
07:44:04 [INFO] [PROG] s*=0.77/6.50 (11.9%) dist_goal=4.84
07:44:04 [INFO] [MPC] state=(-0.22,-2.43,-1.55) wp0=(-0.15,-2.50) v=+0.200 ω=+0.053 ok=True iters=6
07:44:04 [INFO] [PROG] s*=0.79/6.50 (12.2%) dist_goal=4.82
07:44:04 [INFO] [MPC] state=(-0.22,-2.45,-1.55) wp0=(-0.15,-2.52) v=+0.200 ω=+0.031 ok=True iters=6
07:44:04 [INFO] [PROG] s*=0.81/6.50 (12.5%) dist_goal=4.81
07:44:04 [INFO] [MPC] state=(-0.22,-2.47,-1.54) wp0=(-0.15,-2.54) v=+0.200 ω=-0.241 ok=True iters=6
07:44:04 [INFO] [PROG] s*=0.83/6.50 (12.8%) dist_goal=4.80
07:44:04 [INFO] [MPC] state=(-0.22,-2.49,-1.56) wp0=(-0.15,-2.56) v=+0.200 ω=-0.628 ok=True iters=6
07:44:04 [INFO] [PROG] s*=0.85/6.50 (13.1%) dist_goal=4.79
07:44:04 [INFO] [MPC] state=(-0.22,-2.51,-1.60) wp0=(-0.15,-2.58) v=+0.200 ω=+0.383 ok=True iters=7
07:44:04 [INFO] [PROG] s*=0.87/6.50 (13.4%) dist_goal=4.78
07:44:04 [INFO] [MPC] state=(-0.22,-2.53,-1.58) wp0=(-0.15,-2.60) v=+0.200 ω=+0.087 ok=True iters=6
07:44:04 [INFO] [PROG] s*=0.89/6.50 (13.7%) dist_goal=4.77
07:44:04 [INFO] [MPC] state=(-0.22,-2.55,-1.57) wp0=(-0.15,-2.62) v=+0.200 ω=+0.076 ok=True iters=6
07:44:04 [INFO] [PROG] s*=0.91/6.50 (14.0%) dist_goal=4.76
07:44:04 [INFO] [MPC] state=(-0.22,-2.57,-1.57) wp0=(-0.15,-2.64) v=+0.200 ω=+0.063 ok=True iters=6
07:44:04 [INFO] [PROG] s*=0.93/6.50 (14.3%) dist_goal=4.74
07:44:04 [INFO] [MPC] state=(-0.22,-2.59,-1.56) wp0=(-0.15,-2.66) v=+0.200 ω=+0.047 ok=True iters=6
07:44:04 [INFO] [PROG] s*=0.95/6.50 (14.6%) dist_goal=4.73
07:44:04 [INFO] [MPC] state=(-0.22,-2.61,-1.56) wp0=(-0.15,-2.68) v=+0.200 ω=+0.031 ok=True iters=6
07:44:04 [INFO] [PROG] s*=0.97/6.50 (14.9%) dist_goal=4.72
07:44:04 [INFO] [MPC] state=(-0.22,-2.63,-1.55) wp0=(-0.15,-2.70) v=+0.200 ω=-0.647 ok=True iters=7
07:44:04 [INFO] [PROG] s*=0.99/6.50 (15.2%) dist_goal=4.71
07:44:04 [INFO] [MPC] state=(-0.22,-2.65,-1.60) wp0=(-0.15,-2.72) v=+0.200 ω=-0.577 ok=True iters=6
07:44:04 [INFO] [PROG] s*=1.01/6.50 (15.5%) dist_goal=4.70
07:44:04 [INFO] [MPC] state=(-0.22,-2.67,-1.63) wp0=(-0.15,-2.74) v=+0.200 ω=+0.443 ok=True iters=7
07:44:04 [INFO] [PROG] s*=1.02/6.50 (15.7%) dist_goal=4.69
07:44:04 [INFO] [MPC] state=(-0.22,-2.69,-1.61) wp0=(-0.15,-2.75) v=+0.200 ω=+0.437 ok=True iters=6
07:44:04 [INFO] [PROG] s*=1.04/6.50 (16.0%) dist_goal=4.68
07:44:04 [INFO] [MPC] state=(-0.23,-2.70,-1.59) wp0=(-0.15,-2.77) v=+0.200 ω=+0.146 ok=True iters=6
07:44:04 [INFO] [PROG] s*=1.06/6.50 (16.4%) dist_goal=4.67
07:44:04 [INFO] [MPC] state=(-0.23,-2.72,-1.58) wp0=(-0.15,-2.79) v=+0.200 ω=+0.130 ok=True iters=6
07:44:04 [INFO] [PROG] s*=1.08/6.50 (16.7%) dist_goal=4.66
07:44:04 [INFO] [MPC] state=(-0.23,-2.74,-1.57) wp0=(-0.15,-2.81) v=+0.200 ω=+0.110 ok=True iters=6
07:44:04 [INFO] [PROG] s*=1.10/6.50 (17.0%) dist_goal=4.65
07:44:04 [INFO] [MPC] state=(-0.23,-2.76,-1.56) wp0=(-0.15,-2.83) v=+0.200 ω=+0.090 ok=True iters=6
07:44:04 [INFO] [PROG] s*=1.12/6.50 (17.3%) dist_goal=4.64
07:44:04 [INFO] [MPC] state=(-0.23,-2.78,-1.55) wp0=(-0.15,-2.85) v=+0.200 ω=+0.066 ok=True iters=6
07:44:04 [INFO] [PROG] s*=1.14/6.50 (17.6%) dist_goal=4.62
07:44:04 [INFO] [MPC] state=(-0.22,-2.80,-1.54) wp0=(-0.15,-2.87) v=+0.200 ω=-0.214 ok=True iters=6
07:44:04 [INFO] [PROG] s*=1.16/6.50 (17.9%) dist_goal=4.61
07:44:04 [INFO] [MPC] state=(-0.22,-2.82,-1.56) wp0=(-0.15,-2.89) v=+0.200 ω=+0.057 ok=True iters=6
07:44:04 [INFO] [PROG] s*=1.18/6.50 (18.2%) dist_goal=4.60
07:44:04 [INFO] [MPC] state=(-0.22,-2.84,-1.55) wp0=(-0.15,-2.91) v=+0.200 ω=+0.040 ok=True iters=6
07:44:04 [INFO] [PROG] s*=1.20/6.50 (18.5%) dist_goal=4.59
07:44:04 [INFO] [MPC] state=(-0.22,-2.86,-1.55) wp0=(-0.15,-2.93) v=+0.200 ω=+0.022 ok=True iters=6
07:44:04 [INFO] [PROG] s*=1.22/6.50 (18.8%) dist_goal=4.58
07:44:04 [INFO] [MPC] state=(-0.22,-2.88,-1.55) wp0=(-0.15,-2.95) v=+0.200 ω=-0.655 ok=True iters=7
07:44:04 [INFO] [PROG] s*=1.24/6.50 (19.1%) dist_goal=4.57
07:44:04 [INFO] [MPC] state=(-0.22,-2.90,-1.59) wp0=(-0.15,-2.97) v=+0.200 ω=-0.587 ok=True iters=6
07:44:04 [INFO] [PROG] s*=1.26/6.50 (19.4%) dist_goal=4.56
07:44:04 [INFO] [MPC] state=(-0.22,-2.92,-1.63) wp0=(-0.15,-2.99) v=+0.200 ω=+0.438 ok=True iters=7
07:44:04 [INFO] [PROG] s*=1.28/6.50 (19.6%) dist_goal=4.55
07:44:04 [INFO] [MPC] state=(-0.22,-2.94,-1.61) wp0=(-0.15,-3.01) v=+0.200 ω=+0.430 ok=True iters=6
07:44:04 [INFO] [PROG] s*=1.30/6.50 (20.0%) dist_goal=4.54
07:44:04 [INFO] [MPC] state=(-0.22,-2.96,-1.58) wp0=(-0.15,-3.03) v=+0.200 ω=+0.137 ok=True iters=6
07:44:04 [INFO] [PROG] s*=1.32/6.50 (20.3%) dist_goal=4.53
07:44:04 [INFO] [MPC] state=(-0.23,-2.98,-1.57) wp0=(-0.15,-3.05) v=+0.200 ω=+0.127 ok=True iters=6
07:44:04 [INFO] [PROG] s*=1.34/6.50 (20.6%) dist_goal=4.52
07:44:04 [INFO] [MPC] state=(-0.22,-3.00,-1.56) wp0=(-0.15,-3.07) v=+0.200 ω=+0.110 ok=True iters=6
07:44:04 [INFO] [PROG] s*=1.36/6.50 (20.9%) dist_goal=4.51
07:44:04 [INFO] [MPC] state=(-0.22,-3.02,-1.55) wp0=(-0.15,-3.09) v=+0.200 ω=+0.095 ok=True iters=6
07:44:04 [INFO] [PROG] s*=1.38/6.50 (21.2%) dist_goal=4.50
07:44:04 [INFO] [MPC] state=(-0.22,-3.04,-1.54) wp0=(-0.15,-3.11) v=+0.200 ω=-0.172 ok=True iters=6
07:44:04 [INFO] [PROG] s*=1.40/6.50 (21.5%) dist_goal=4.49
07:44:04 [INFO] [MPC] state=(-0.22,-3.06,-1.56) wp0=(-0.15,-3.13) v=+0.200 ω=+0.110 ok=True iters=6
07:44:04 [INFO] [PROG] s*=1.42/6.50 (21.8%) dist_goal=4.48
07:44:04 [INFO] [MPC] state=(-0.22,-3.08,-1.55) wp0=(-0.15,-3.15) v=+0.200 ω=+0.100 ok=True iters=7
07:44:04 [INFO] [PROG] s*=1.44/6.50 (22.1%) dist_goal=4.47
07:44:04 [INFO] [MPC] state=(-0.22,-3.10,-1.54) wp0=(-0.15,-3.17) v=+0.200 ω=+0.140 ok=True iters=7
07:44:04 [INFO] [PROG] s*=1.46/6.50 (22.4%) dist_goal=4.46
07:44:04 [INFO] [MPC] state=(-0.22,-3.12,-1.53) wp0=(-0.15,-3.19) v=+0.200 ω=-0.136 ok=True iters=7
07:44:04 [INFO] [PROG] s*=1.48/6.50 (22.7%) dist_goal=4.45
07:44:04 [INFO] [MPC] state=(-0.22,-3.14,-1.54) wp0=(-0.15,-3.21) v=+0.200 ω=+0.210 ok=True iters=7
07:44:04 [INFO] [PROG] s*=1.50/6.50 (23.0%) dist_goal=4.44
07:44:04 [INFO] [MPC] state=(-0.22,-3.16,-1.53) wp0=(-0.15,-3.23) v=+0.200 ω=-0.053 ok=True iters=7
07:44:04 [INFO] [PROG] s*=1.52/6.50 (23.3%) dist_goal=4.43
07:44:04 [INFO] [MPC] state=(-0.22,-3.18,-1.53) wp0=(-0.15,-3.25) v=+0.200 ω=+0.504 ok=True iters=7
07:44:04 [INFO] [PROG] s*=1.53/6.50 (23.6%) dist_goal=4.42
07:44:04 [INFO] [MPC] state=(-0.22,-3.20,-1.50) wp0=(-0.15,-3.26) v=+0.200 ω=+0.645 ok=True iters=6
07:44:04 [INFO] [PROG] s*=1.55/6.50 (23.8%) dist_goal=4.41
07:44:04 [INFO] [MPC] state=(-0.22,-3.21,-1.47) wp0=(-0.15,-3.28) v=+0.200 ω=+0.884 ok=True iters=6
07:44:04 [INFO] [PROG] s*=1.57/6.50 (24.1%) dist_goal=4.40
07:44:04 [INFO] [MPC] state=(-0.22,-3.23,-1.42) wp0=(-0.15,-3.30) v=+0.200 ω=+0.816 ok=True iters=6
07:44:04 [INFO] [PROG] s*=1.58/6.50 (24.3%) dist_goal=4.39
07:44:04 [INFO] [MPC] state=(-0.21,-3.25,-1.37) wp0=(-0.15,-3.31) v=+0.200 ω=+0.896 ok=True iters=7
07:44:04 [INFO] [PROG] s*=1.60/6.50 (24.6%) dist_goal=4.37
07:44:04 [INFO] [MPC] state=(-0.21,-3.26,-1.32) wp0=(-0.15,-3.33) v=+0.200 ω=+0.687 ok=True iters=8
07:44:04 [INFO] [PROG] s*=1.62/6.50 (24.9%) dist_goal=4.36
07:44:04 [INFO] [MPC] state=(-0.20,-3.28,-1.28) wp0=(-0.15,-3.35) v=+0.200 ω=+0.657 ok=True iters=8
07:44:04 [INFO] [PROG] s*=1.63/6.50 (25.1%) dist_goal=4.35
07:44:04 [INFO] [MPC] state=(-0.20,-3.30,-1.25) wp0=(-0.14,-3.36) v=+0.200 ω=+0.606 ok=True iters=8
07:44:04 [INFO] [PROG] s*=1.65/6.50 (25.4%) dist_goal=4.33
07:44:04 [INFO] [MPC] state=(-0.19,-3.31,-1.21) wp0=(-0.13,-3.37) v=+0.200 ω=+0.737 ok=True iters=7
07:44:04 [INFO] [PROG] s*=1.66/6.50 (25.6%) dist_goal=4.32
07:44:04 [INFO] [MPC] state=(-0.19,-3.33,-1.17) wp0=(-0.12,-3.38) v=+0.200 ω=+1.067 ok=True iters=7
07:44:04 [INFO] [PROG] s*=1.67/6.50 (25.7%) dist_goal=4.31
07:44:04 [INFO] [MPC] state=(-0.18,-3.34,-1.11) wp0=(-0.11,-3.39) v=+0.200 ω=+1.319 ok=True iters=7
07:44:04 [INFO] [PROG] s*=1.68/6.50 (25.8%) dist_goal=4.30
07:44:04 [INFO] [MPC] state=(-0.17,-3.36,-1.04) wp0=(-0.11,-3.39) v=+0.200 ω=+1.292 ok=True iters=7
07:44:04 [INFO] [PROG] s*=1.69/6.50 (26.0%) dist_goal=4.28
07:44:04 [INFO] [MPC] state=(-0.16,-3.37,-0.97) wp0=(-0.10,-3.40) v=+0.200 ω=+1.246 ok=True iters=7
07:44:04 [INFO] [PROG] s*=1.71/6.50 (26.2%) dist_goal=4.27
07:44:04 [INFO] [MPC] state=(-0.15,-3.38,-0.90) wp0=(-0.09,-3.41) v=+0.200 ω=+1.130 ok=True iters=7
07:44:04 [INFO] [PROG] s*=1.72/6.50 (26.5%) dist_goal=4.25
07:44:04 [INFO] [MPC] state=(-0.14,-3.39,-0.84) wp0=(-0.08,-3.42) v=+0.200 ω=+1.194 ok=True iters=7
07:44:04 [INFO] [PROG] s*=1.74/6.50 (26.7%) dist_goal=4.24
07:44:04 [INFO] [MPC] state=(-0.13,-3.41,-0.77) wp0=(-0.07,-3.43) v=+0.200 ω=+1.126 ok=True iters=7
07:44:04 [INFO] [PROG] s*=1.75/6.50 (27.0%) dist_goal=4.22
07:44:04 [INFO] [MPC] state=(-0.12,-3.42,-0.71) wp0=(-0.06,-3.44) v=+0.200 ω=+0.879 ok=True iters=7
07:44:04 [INFO] [PROG] s*=1.77/6.50 (27.2%) dist_goal=4.21
07:44:04 [INFO] [MPC] state=(-0.11,-3.43,-0.66) wp0=(-0.04,-3.45) v=+0.200 ω=+0.765 ok=True iters=7
07:44:04 [INFO] [PROG] s*=1.79/6.50 (27.5%) dist_goal=4.19
07:44:04 [INFO] [MPC] state=(-0.09,-3.44,-0.61) wp0=(-0.02,-3.45) v=+0.200 ω=+0.733 ok=True iters=7
07:44:04 [INFO] [PROG] s*=1.81/6.50 (27.8%) dist_goal=4.17
07:44:04 [INFO] [MPC] state=(-0.08,-3.45,-0.57) wp0=(-0.01,-3.45) v=+0.200 ω=+0.631 ok=True iters=7
07:44:04 [INFO] [PROG] s*=1.81/6.50 (27.9%) dist_goal=4.15
07:44:04 [INFO] [MPC] state=(-0.07,-3.46,-0.53) wp0=(+0.00,-3.45) v=+0.200 ω=+0.529 ok=True iters=7
07:44:04 [INFO] [PROG] s*=1.83/6.50 (28.1%) dist_goal=4.13
07:44:04 [INFO] [MPC] state=(-0.05,-3.47,-0.50) wp0=(+0.02,-3.45) v=+0.200 ω=+0.378 ok=True iters=7
07:44:04 [INFO] [PROG] s*=1.85/6.50 (28.4%) dist_goal=4.11
07:44:04 [INFO] [MPC] state=(-0.03,-3.47,-0.48) wp0=(+0.03,-3.45) v=+0.200 ω=+0.369 ok=True iters=7
07:44:04 [INFO] [PROG] s*=1.86/6.50 (28.6%) dist_goal=4.09
07:44:04 [INFO] [MPC] state=(-0.02,-3.48,-0.45) wp0=(+0.05,-3.45) v=+0.200 ω=+0.350 ok=True iters=7
07:44:04 [INFO] [PROG] s*=1.88/6.50 (28.9%) dist_goal=4.08
07:44:04 [INFO] [MPC] state=(+0.00,-3.49,-0.43) wp0=(+0.07,-3.45) v=+0.200 ω=+0.339 ok=True iters=7
07:44:04 [INFO] [PROG] s*=1.90/6.50 (29.2%) dist_goal=4.06
07:44:04 [INFO] [MPC] state=(+0.02,-3.50,-0.41) wp0=(+0.09,-3.45) v=+0.200 ω=+0.320 ok=True iters=7
07:44:04 [INFO] [PROG] s*=1.92/6.50 (29.5%) dist_goal=4.04
07:44:04 [INFO] [MPC] state=(+0.04,-3.51,-0.39) wp0=(+0.11,-3.45) v=+0.200 ω=+0.137 ok=True iters=7
07:44:04 [INFO] [PROG] s*=1.94/6.50 (29.8%) dist_goal=4.02
07:44:04 [INFO] [MPC] state=(+0.06,-3.51,-0.37) wp0=(+0.12,-3.45) v=+0.200 ω=+0.169 ok=True iters=7
07:44:04 [INFO] [PROG] s*=1.95/6.50 (30.0%) dist_goal=4.00
07:44:04 [INFO] [MPC] state=(+0.07,-3.52,-0.36) wp0=(+0.14,-3.45) v=+0.200 ω=+0.188 ok=True iters=7
07:44:04 [INFO] [PROG] s*=1.97/6.50 (30.3%) dist_goal=3.98
07:44:04 [INFO] [MPC] state=(+0.09,-3.53,-0.35) wp0=(+0.16,-3.45) v=+0.200 ω=+0.198 ok=True iters=7
07:44:04 [INFO] [PROG] s*=1.99/6.50 (30.6%) dist_goal=3.96
07:44:04 [INFO] [MPC] state=(+0.11,-3.54,-0.33) wp0=(+0.18,-3.45) v=+0.200 ω=+0.202 ok=True iters=7
07:44:04 [INFO] [PROG] s*=2.01/6.50 (30.9%) dist_goal=3.94
07:44:04 [INFO] [MPC] state=(+0.13,-3.54,-0.32) wp0=(+0.20,-3.45) v=+0.200 ω=+0.187 ok=True iters=7
07:44:04 [INFO] [PROG] s*=2.03/6.50 (31.2%) dist_goal=3.92
07:44:04 [INFO] [MPC] state=(+0.15,-3.55,-0.30) wp0=(+0.22,-3.45) v=+0.200 ω=+0.190 ok=True iters=7
07:44:04 [INFO] [PROG] s*=2.05/6.50 (31.5%) dist_goal=3.90
07:44:04 [INFO] [MPC] state=(+0.17,-3.55,-0.29) wp0=(+0.24,-3.45) v=+0.200 ω=+0.191 ok=True iters=7
07:44:04 [INFO] [PROG] s*=2.07/6.50 (31.8%) dist_goal=3.88
07:44:04 [INFO] [MPC] state=(+0.19,-3.56,-0.27) wp0=(+0.26,-3.45) v=+0.200 ω=+0.186 ok=True iters=7
07:44:04 [INFO] [PROG] s*=2.09/6.50 (32.1%) dist_goal=3.86
07:44:04 [INFO] [MPC] state=(+0.21,-3.56,-0.26) wp0=(+0.28,-3.45) v=+0.200 ω=+0.179 ok=True iters=7
07:44:04 [INFO] [PROG] s*=2.11/6.50 (32.4%) dist_goal=3.84
07:44:04 [INFO] [MPC] state=(+0.23,-3.57,-0.24) wp0=(+0.29,-3.45) v=+0.200 ω=+0.172 ok=True iters=7
07:44:04 [INFO] [PROG] s*=2.13/6.50 (32.7%) dist_goal=3.82
07:44:04 [INFO] [MPC] state=(+0.24,-3.57,-0.23) wp0=(+0.31,-3.45) v=+0.200 ω=+0.161 ok=True iters=7
07:44:04 [INFO] [PROG] s*=2.15/6.50 (33.0%) dist_goal=3.80
07:44:04 [INFO] [MPC] state=(+0.26,-3.58,-0.22) wp0=(+0.33,-3.45) v=+0.200 ω=+0.151 ok=True iters=7
07:44:04 [INFO] [PROG] s*=2.16/6.50 (33.3%) dist_goal=3.78
07:44:04 [INFO] [MPC] state=(+0.28,-3.58,-0.20) wp0=(+0.35,-3.45) v=+0.200 ω=+0.141 ok=True iters=7
07:44:04 [INFO] [PROG] s*=2.18/6.50 (33.6%) dist_goal=3.76
07:44:04 [INFO] [MPC] state=(+0.30,-3.59,-0.19) wp0=(+0.37,-3.45) v=+0.200 ω=+0.204 ok=True iters=7
07:44:04 [INFO] [PROG] s*=2.20/6.50 (33.9%) dist_goal=3.74
07:44:04 [INFO] [MPC] state=(+0.32,-3.59,-0.18) wp0=(+0.39,-3.45) v=+0.200 ω=+0.103 ok=True iters=7
07:44:04 [INFO] [PROG] s*=2.22/6.50 (34.2%) dist_goal=3.73
07:44:04 [INFO] [MPC] state=(+0.34,-3.59,-0.17) wp0=(+0.41,-3.45) v=+0.200 ω=+0.095 ok=True iters=7
07:44:04 [INFO] [PROG] s*=2.24/6.50 (34.5%) dist_goal=3.71
07:44:04 [INFO] [MPC] state=(+0.36,-3.60,-0.16) wp0=(+0.43,-3.45) v=+0.200 ω=+0.086 ok=True iters=7
07:44:04 [INFO] [PROG] s*=2.26/6.50 (34.8%) dist_goal=3.69
07:44:04 [INFO] [MPC] state=(+0.38,-3.60,-0.15) wp0=(+0.45,-3.45) v=+0.200 ω=+0.079 ok=True iters=7
07:44:04 [INFO] [PROG] s*=2.28/6.50 (35.1%) dist_goal=3.67
07:44:04 [INFO] [MPC] state=(+0.40,-3.60,-0.14) wp0=(+0.47,-3.45) v=+0.200 ω=+0.073 ok=True iters=7
07:44:04 [INFO] [PROG] s*=2.30/6.50 (35.4%) dist_goal=3.65
07:44:04 [INFO] [MPC] state=(+0.42,-3.61,-0.13) wp0=(+0.49,-3.45) v=+0.200 ω=+0.070 ok=True iters=7
07:44:04 [INFO] [PROG] s*=2.32/6.50 (35.7%) dist_goal=3.63
07:44:04 [INFO] [MPC] state=(+0.44,-3.61,-0.12) wp0=(+0.51,-3.45) v=+0.200 ω=+0.064 ok=True iters=7
07:44:04 [INFO] [PROG] s*=2.34/6.50 (36.0%) dist_goal=3.61
07:44:04 [INFO] [MPC] state=(+0.46,-3.61,-0.12) wp0=(+0.53,-3.45) v=+0.200 ω=+0.059 ok=True iters=7
07:44:04 [INFO] [PROG] s*=2.36/6.50 (36.4%) dist_goal=3.59
07:44:04 [INFO] [MPC] state=(+0.48,-3.61,-0.11) wp0=(+0.55,-3.45) v=+0.200 ω=+0.055 ok=True iters=7
07:44:04 [INFO] [PROG] s*=2.38/6.50 (36.7%) dist_goal=3.57
07:44:04 [INFO] [MPC] state=(+0.50,-3.62,-0.11) wp0=(+0.57,-3.45) v=+0.200 ω=+0.052 ok=True iters=7
07:44:04 [INFO] [PROG] s*=2.41/6.50 (37.0%) dist_goal=3.56
07:44:04 [INFO] [MPC] state=(+0.52,-3.62,-0.10) wp0=(+0.59,-3.45) v=+0.200 ω=+0.049 ok=True iters=7
07:44:04 [INFO] [PROG] s*=2.43/6.50 (37.3%) dist_goal=3.54
07:44:04 [INFO] [MPC] state=(+0.54,-3.62,-0.10) wp0=(+0.61,-3.45) v=+0.200 ω=+0.047 ok=True iters=7
07:44:04 [INFO] [PROG] s*=2.45/6.50 (37.6%) dist_goal=3.52
07:44:04 [INFO] [MPC] state=(+0.56,-3.62,-0.09) wp0=(+0.63,-3.45) v=+0.200 ω=+0.045 ok=True iters=7
07:44:04 [INFO] [PROG] s*=2.47/6.50 (37.9%) dist_goal=3.50
07:44:04 [INFO] [MPC] state=(+0.58,-3.62,-0.09) wp0=(+0.65,-3.45) v=+0.200 ω=+0.042 ok=True iters=7
07:44:04 [INFO] [PROG] s*=2.49/6.50 (38.2%) dist_goal=3.48
07:44:04 [INFO] [MPC] state=(+0.60,-3.63,-0.08) wp0=(+0.67,-3.45) v=+0.200 ω=+0.039 ok=True iters=7
07:44:04 [INFO] [PROG] s*=2.51/6.50 (38.5%) dist_goal=3.46
07:44:04 [INFO] [MPC] state=(+0.62,-3.63,-0.08) wp0=(+0.69,-3.45) v=+0.200 ω=+0.036 ok=True iters=7
07:44:04 [INFO] [PROG] s*=2.53/6.50 (38.8%) dist_goal=3.45
07:44:04 [INFO] [MPC] state=(+0.64,-3.63,-0.07) wp0=(+0.71,-3.45) v=+0.200 ω=+0.118 ok=True iters=7
07:44:04 [INFO] [PROG] s*=2.55/6.50 (39.1%) dist_goal=3.43
07:44:04 [INFO] [MPC] state=(+0.66,-3.63,-0.06) wp0=(+0.73,-3.45) v=+0.200 ω=+0.092 ok=True iters=7
07:44:04 [INFO] [PROG] s*=2.57/6.50 (39.5%) dist_goal=3.41
07:44:04 [INFO] [MPC] state=(+0.68,-3.63,-0.05) wp0=(+0.75,-3.45) v=+0.200 ω=+0.070 ok=True iters=7
07:44:04 [INFO] [PROG] s*=2.59/6.50 (39.8%) dist_goal=3.39
07:44:04 [INFO] [MPC] state=(+0.70,-3.63,-0.05) wp0=(+0.78,-3.45) v=+0.200 ω=+0.055 ok=True iters=7
07:44:04 [INFO] [PROG] s*=2.61/6.50 (40.1%) dist_goal=3.37
07:44:04 [INFO] [MPC] state=(+0.73,-3.63,-0.04) wp0=(+0.80,-3.45) v=+0.200 ω=+0.042 ok=True iters=7
07:44:04 [INFO] [PROG] s*=2.63/6.50 (40.4%) dist_goal=3.36
07:44:04 [INFO] [MPC] state=(+0.75,-3.63,-0.04) wp0=(+0.81,-3.45) v=+0.200 ω=+0.209 ok=True iters=7
07:44:04 [INFO] [PROG] s*=2.65/6.50 (40.7%) dist_goal=3.34
07:44:04 [INFO] [MPC] state=(+0.76,-3.63,-0.02) wp0=(+0.83,-3.45) v=+0.200 ω=+0.174 ok=True iters=7
07:44:04 [INFO] [PROG] s*=2.67/6.50 (41.0%) dist_goal=3.32
07:44:04 [INFO] [MPC] state=(+0.78,-3.63,-0.01) wp0=(+0.85,-3.45) v=+0.200 ω=+0.226 ok=True iters=7
07:44:04 [INFO] [PROG] s*=2.69/6.50 (41.3%) dist_goal=3.31
07:44:04 [INFO] [MPC] state=(+0.80,-3.63,+0.01) wp0=(+0.87,-3.45) v=+0.200 ω=+0.185 ok=True iters=7
07:44:04 [INFO] [PROG] s*=2.71/6.50 (41.6%) dist_goal=3.29
07:44:04 [INFO] [MPC] state=(+0.82,-3.63,+0.02) wp0=(+0.89,-3.45) v=+0.200 ω=+0.161 ok=True iters=7
07:44:04 [INFO] [PROG] s*=2.73/6.50 (41.9%) dist_goal=3.27
07:44:04 [INFO] [MPC] state=(+0.84,-3.63,+0.03) wp0=(+0.91,-3.45) v=+0.200 ω=+0.132 ok=True iters=7
07:44:04 [INFO] [PROG] s*=2.74/6.50 (42.2%) dist_goal=3.26
07:44:04 [INFO] [MPC] state=(+0.86,-3.63,+0.04) wp0=(+0.93,-3.45) v=+0.200 ω=+0.309 ok=True iters=7
07:44:04 [INFO] [PROG] s*=2.76/6.50 (42.5%) dist_goal=3.24
07:44:04 [INFO] [MPC] state=(+0.88,-3.63,+0.06) wp0=(+0.95,-3.45) v=+0.200 ω=+0.270 ok=True iters=7
07:44:04 [INFO] [PROG] s*=2.78/6.50 (42.8%) dist_goal=3.23
07:44:04 [INFO] [MPC] state=(+0.90,-3.63,+0.08) wp0=(+0.97,-3.45) v=+0.200 ω=+0.327 ok=True iters=7
07:44:04 [INFO] [PROG] s*=2.80/6.50 (43.1%) dist_goal=3.21
07:44:04 [INFO] [MPC] state=(+0.92,-3.63,+0.10) wp0=(+0.99,-3.45) v=+0.200 ω=+0.277 ok=True iters=7
07:44:04 [INFO] [PROG] s*=2.82/6.50 (43.4%) dist_goal=3.20
07:44:04 [INFO] [MPC] state=(+0.94,-3.63,+0.11) wp0=(+1.01,-3.45) v=+0.200 ω=+0.227 ok=True iters=7
07:44:04 [INFO] [PROG] s*=2.84/6.50 (43.7%) dist_goal=3.18
07:44:04 [INFO] [MPC] state=(+0.96,-3.62,+0.13) wp0=(+1.03,-3.45) v=+0.200 ω=+0.178 ok=True iters=7
07:44:04 [INFO] [PROG] s*=2.86/6.50 (44.0%) dist_goal=3.17
07:44:04 [INFO] [MPC] state=(+0.98,-3.62,+0.15) wp0=(+1.05,-3.45) v=+0.200 ω=+0.134 ok=True iters=7
07:44:04 [INFO] [PROG] s*=2.88/6.50 (44.3%) dist_goal=3.15
07:44:04 [INFO] [MPC] state=(+1.00,-3.62,+0.16) wp0=(+1.07,-3.45) v=+0.200 ω=+0.270 ok=True iters=7
07:44:04 [INFO] [PROG] s*=2.90/6.50 (44.6%) dist_goal=3.14
07:44:04 [INFO] [MPC] state=(+1.02,-3.62,+0.18) wp0=(+1.09,-3.45) v=+0.200 ω=+0.249 ok=True iters=7
07:44:04 [INFO] [PROG] s*=2.92/6.50 (44.9%) dist_goal=3.12
07:44:04 [INFO] [MPC] state=(+1.04,-3.61,+0.19) wp0=(+1.11,-3.45) v=+0.200 ω=+0.314 ok=True iters=7
07:44:04 [INFO] [PROG] s*=2.94/6.50 (45.2%) dist_goal=3.11
07:44:04 [INFO] [MPC] state=(+1.06,-3.61,+0.22) wp0=(+1.13,-3.45) v=+0.200 ω=+0.245 ok=True iters=7
07:44:04 [INFO] [PROG] s*=2.96/6.50 (45.5%) dist_goal=3.10
07:44:04 [INFO] [MPC] state=(+1.08,-3.60,+0.23) wp0=(+1.15,-3.45) v=+0.200 ω=-0.020 ok=True iters=7
07:44:04 [INFO] [PROG] s*=2.98/6.50 (45.8%) dist_goal=3.08
07:44:04 [INFO] [MPC] state=(+1.10,-3.60,+0.23) wp0=(+1.17,-3.45) v=+0.200 ω=-0.049 ok=True iters=7
07:44:04 [INFO] [PROG] s*=3.00/6.50 (46.1%) dist_goal=3.07
07:44:04 [INFO] [MPC] state=(+1.12,-3.59,+0.23) wp0=(+1.19,-3.45) v=+0.200 ω=-0.028 ok=True iters=7
07:44:04 [INFO] [PROG] s*=3.02/6.50 (46.4%) dist_goal=3.06
07:44:04 [INFO] [MPC] state=(+1.14,-3.59,+0.22) wp0=(+1.20,-3.45) v=+0.200 ω=+0.125 ok=True iters=7
07:44:04 [INFO] [PROG] s*=3.04/6.50 (46.7%) dist_goal=3.04
07:44:04 [INFO] [MPC] state=(+1.15,-3.59,+0.23) wp0=(+1.22,-3.45) v=+0.200 ω=+0.081 ok=True iters=7
07:44:04 [INFO] [PROG] s*=3.06/6.50 (47.0%) dist_goal=3.03
07:44:04 [INFO] [MPC] state=(+1.17,-3.58,+0.24) wp0=(+1.24,-3.45) v=+0.200 ω=-0.180 ok=True iters=7
07:44:04 [INFO] [PROG] s*=3.07/6.50 (47.2%) dist_goal=3.02
07:44:04 [INFO] [MPC] state=(+1.19,-3.58,+0.23) wp0=(+1.26,-3.45) v=+0.200 ω=-1.798 ok=True iters=11
07:44:05 [INFO] [PROG] s*=3.08/6.50 (47.4%) dist_goal=3.01
07:44:05 [INFO] [MPC] state=(+1.21,-3.57,+0.14) wp0=(+1.27,-3.45) v=+0.200 ω=-2.400 ok=True iters=11
07:44:05 [INFO] [PROG] s*=3.09/6.50 (47.5%) dist_goal=3.00
07:44:05 [INFO] [MPC] state=(+1.22,-3.57,+0.01) wp0=(+1.28,-3.45) v=+0.191 ω=-2.179 ok=True iters=12
07:44:05 [INFO] [PROG] s*=3.10/6.50 (47.6%) dist_goal=3.00
07:44:05 [INFO] [MPC] state=(+1.23,-3.57,-0.12) wp0=(+1.29,-3.45) v=+0.030 ω=-1.882 ok=True iters=11
07:44:05 [INFO] [PROG] s*=3.10/6.50 (47.7%) dist_goal=2.99
07:44:05 [INFO] [MPC] state=(+1.24,-3.57,-0.29) wp0=(+1.29,-3.45) v=+0.030 ω=-1.358 ok=True iters=13
07:44:05 [INFO] [PROG] s*=3.10/6.50 (47.7%) dist_goal=2.99
07:44:05 [INFO] [MPC] state=(+1.24,-3.58,-0.43) wp0=(+1.29,-3.45) v=+0.030 ω=-0.926 ok=True iters=10
07:44:05 [INFO] [PROG] s*=3.11/6.50 (47.8%) dist_goal=2.99
07:44:05 [INFO] [MPC] state=(+1.24,-3.58,-0.52) wp0=(+1.30,-3.45) v=+0.030 ω=-0.651 ok=True iters=10
07:44:05 [INFO] [PROG] s*=3.11/6.50 (47.8%) dist_goal=2.98
07:44:05 [INFO] [MPC] state=(+1.25,-3.58,-0.58) wp0=(+1.30,-3.45) v=+0.030 ω=-0.454 ok=True iters=11
07:44:05 [INFO] [PROG] s*=3.11/6.50 (47.8%) dist_goal=2.98
07:44:05 [INFO] [MPC] state=(+1.25,-3.58,-0.63) wp0=(+1.30,-3.45) v=+0.030 ω=-0.315 ok=True iters=10
07:44:05 [INFO] [PROG] s*=3.11/6.50 (47.9%) dist_goal=2.98
07:44:05 [INFO] [MPC] state=(+1.25,-3.58,-0.66) wp0=(+1.30,-3.45) v=+0.030 ω=-0.206 ok=True iters=8
07:44:05 [INFO] [PROG] s*=3.12/6.50 (47.9%) dist_goal=2.97
07:44:05 [INFO] [MPC] state=(+1.25,-3.58,-0.68) wp0=(+1.31,-3.45) v=+0.030 ω=-0.195 ok=True iters=9
07:44:05 [INFO] [PROG] s*=3.12/6.50 (48.0%) dist_goal=2.97
07:44:05 [INFO] [MPC] state=(+1.26,-3.59,-0.70) wp0=(+1.31,-3.45) v=+0.030 ω=-0.150 ok=True iters=9
07:44:05 [INFO] [PROG] s*=3.12/6.50 (48.0%) dist_goal=2.97
07:44:05 [INFO] [MPC] state=(+1.26,-3.59,-0.72) wp0=(+1.31,-3.45) v=+0.030 ω=-0.094 ok=True iters=8
07:44:05 [INFO] [PROG] s*=3.12/6.50 (48.0%) dist_goal=2.96
07:44:05 [INFO] [MPC] state=(+1.26,-3.59,-0.73) wp0=(+1.31,-3.45) v=+0.030 ω=-0.058 ok=True iters=8
07:44:05 [INFO] [PROG] s*=3.13/6.50 (48.1%) dist_goal=2.96
07:44:05 [INFO] [MPC] state=(+1.26,-3.59,-0.73) wp0=(+1.31,-3.45) v=+0.030 ω=-0.034 ok=True iters=8
07:44:05 [INFO] [PROG] s*=3.13/6.50 (48.1%) dist_goal=2.96
07:44:05 [INFO] [MPC] state=(+1.26,-3.60,-0.74) wp0=(+1.32,-3.45) v=+0.030 ω=-0.019 ok=True iters=9
07:44:05 [INFO] [PROG] s*=3.13/6.50 (48.1%) dist_goal=2.96
07:44:05 [INFO] [MPC] state=(+1.27,-3.60,-0.74) wp0=(+1.32,-3.45) v=+0.030 ω=+0.007 ok=True iters=10
07:44:05 [INFO] [PROG] s*=3.13/6.50 (48.2%) dist_goal=2.95
07:44:05 [INFO] [MPC] state=(+1.27,-3.60,-0.74) wp0=(+1.32,-3.45) v=+0.030 ω=+0.008 ok=True iters=9
07:44:05 [INFO] [PROG] s*=3.13/6.50 (48.2%) dist_goal=2.95
07:44:05 [INFO] [MPC] state=(+1.27,-3.60,-0.74) wp0=(+1.32,-3.45) v=+0.030 ω=+0.007 ok=True iters=9
07:44:05 [INFO] [PROG] s*=3.14/6.50 (48.2%) dist_goal=2.95
07:44:05 [INFO] [MPC] state=(+1.27,-3.60,-0.74) wp0=(+1.33,-3.45) v=+0.030 ω=+0.008 ok=True iters=9
07:44:05 [INFO] [PROG] s*=3.14/6.50 (48.3%) dist_goal=2.94
07:44:05 [INFO] [MPC] state=(+1.28,-3.61,-0.74) wp0=(+1.33,-3.45) v=+0.030 ω=+0.039 ok=True iters=9
07:44:05 [INFO] [PROG] s*=3.14/6.50 (48.3%) dist_goal=2.94
07:44:05 [INFO] [MPC] state=(+1.28,-3.61,-0.73) wp0=(+1.33,-3.45) v=+0.030 ω=+0.046 ok=True iters=8
07:44:05 [INFO] [PROG] s*=3.14/6.50 (48.3%) dist_goal=2.94
07:44:05 [INFO] [MPC] state=(+1.28,-3.61,-0.73) wp0=(+1.33,-3.45) v=+0.030 ω=+0.032 ok=True iters=8
07:44:05 [INFO] [PROG] s*=3.28/6.50 (50.4%) dist_goal=2.93
07:44:05 [INFO] [MPC] state=(+1.28,-3.61,-0.72) wp0=(+1.43,-3.53) v=+0.030 ω=+0.024 ok=True iters=8
07:44:05 [INFO] [PROG] s*=3.28/6.50 (50.5%) dist_goal=2.93
07:44:05 [INFO] [MPC] state=(+1.28,-3.61,-0.72) wp0=(+1.44,-3.54) v=+0.030 ω=+0.058 ok=True iters=9
07:44:05 [INFO] [PROG] s*=3.29/6.50 (50.5%) dist_goal=2.93
07:44:05 [INFO] [MPC] state=(+1.29,-3.62,-0.71) wp0=(+1.44,-3.54) v=+0.030 ω=+0.040 ok=True iters=9
07:44:05 [INFO] [PROG] s*=3.29/6.50 (50.6%) dist_goal=2.93
07:44:05 [INFO] [MPC] state=(+1.29,-3.62,-0.71) wp0=(+1.44,-3.54) v=+0.030 ω=+0.030 ok=True iters=9
07:44:05 [INFO] [PROG] s*=3.29/6.50 (50.6%) dist_goal=2.92
07:44:05 [INFO] [MPC] state=(+1.29,-3.62,-0.71) wp0=(+1.44,-3.54) v=+0.030 ω=+0.023 ok=True iters=8
07:44:05 [INFO] [PROG] s*=3.30/6.50 (50.7%) dist_goal=2.92
07:44:05 [INFO] [MPC] state=(+1.29,-3.62,-0.70) wp0=(+1.44,-3.54) v=+0.030 ω=+0.019 ok=True iters=8
07:44:05 [INFO] [PROG] s*=3.30/6.50 (50.7%) dist_goal=2.92
07:44:05 [INFO] [MPC] state=(+1.30,-3.62,-0.70) wp0=(+1.45,-3.55) v=+0.030 ω=+0.017 ok=True iters=9
07:44:05 [INFO] [PROG] s*=3.30/6.50 (50.8%) dist_goal=2.91
07:44:05 [INFO] [MPC] state=(+1.30,-3.63,-0.70) wp0=(+1.45,-3.55) v=+0.030 ω=+0.017 ok=True iters=9
07:44:05 [INFO] [PROG] s*=3.30/6.50 (50.8%) dist_goal=2.91
07:44:05 [INFO] [MPC] state=(+1.30,-3.63,-0.70) wp0=(+1.45,-3.55) v=+0.030 ω=+0.015 ok=True iters=8
07:44:05 [INFO] [PROG] s*=3.31/6.50 (50.8%) dist_goal=2.91
07:44:05 [INFO] [MPC] state=(+1.30,-3.63,-0.70) wp0=(+1.45,-3.55) v=+0.030 ω=+0.016 ok=True iters=7
07:44:05 [INFO] [PROG] s*=3.31/6.50 (50.9%) dist_goal=2.91
07:44:05 [INFO] [MPC] state=(+1.30,-3.63,-0.69) wp0=(+1.46,-3.56) v=+0.030 ω=+0.015 ok=True iters=7
07:44:05 [INFO] [PROG] s*=3.31/6.50 (50.9%) dist_goal=2.90
07:44:05 [INFO] [MPC] state=(+1.31,-3.63,-0.69) wp0=(+1.46,-3.56) v=+0.030 ω=+0.015 ok=True iters=7
07:44:05 [INFO] [PROG] s*=3.32/6.50 (51.0%) dist_goal=2.90
07:44:05 [INFO] [MPC] state=(+1.31,-3.63,-0.69) wp0=(+1.46,-3.56) v=+0.030 ω=+0.115 ok=True iters=7
07:44:05 [INFO] [PROG] s*=3.32/6.50 (51.0%) dist_goal=2.90
07:44:05 [INFO] [MPC] state=(+1.31,-3.64,-0.68) wp0=(+1.46,-3.56) v=+0.030 ω=+0.223 ok=True iters=7
07:44:05 [INFO] [PROG] s*=3.32/6.50 (51.1%) dist_goal=2.89
07:44:05 [INFO] [MPC] state=(+1.31,-3.64,-0.66) wp0=(+1.46,-3.56) v=+0.030 ω=+0.339 ok=True iters=7
07:44:05 [INFO] [PROG] s*=3.32/6.50 (51.1%) dist_goal=2.89
07:44:05 [INFO] [MPC] state=(+1.32,-3.64,-0.62) wp0=(+1.47,-3.57) v=+0.030 ω=+0.376 ok=True iters=9
07:44:05 [INFO] [PROG] s*=3.33/6.50 (51.2%) dist_goal=2.89
07:44:05 [INFO] [MPC] state=(+1.32,-3.64,-0.58) wp0=(+1.47,-3.57) v=+0.030 ω=+0.399 ok=True iters=9
07:44:05 [INFO] [PROG] s*=3.33/6.50 (51.2%) dist_goal=2.89
07:44:05 [INFO] [MPC] state=(+1.32,-3.64,-0.54) wp0=(+1.47,-3.57) v=+0.030 ω=+0.410 ok=True iters=9
07:44:05 [INFO] [PROG] s*=3.33/6.50 (51.2%) dist_goal=2.88
07:44:05 [INFO] [MPC] state=(+1.32,-3.64,-0.50) wp0=(+1.47,-3.57) v=+0.030 ω=+0.458 ok=True iters=10
07:44:05 [INFO] [PROG] s*=3.33/6.50 (51.3%) dist_goal=2.88
07:44:05 [INFO] [MPC] state=(+1.33,-3.65,-0.45) wp0=(+1.47,-3.57) v=+0.030 ω=+0.444 ok=True iters=11
07:44:05 [INFO] [PROG] s*=3.34/6.50 (51.3%) dist_goal=2.88
07:44:05 [INFO] [MPC] state=(+1.33,-3.65,-0.41) wp0=(+1.47,-3.57) v=+0.030 ω=+0.427 ok=True iters=12
07:44:05 [INFO] [PROG] s*=3.34/6.50 (51.3%) dist_goal=2.88
07:44:05 [INFO] [MPC] state=(+1.33,-3.65,-0.36) wp0=(+1.47,-3.57) v=+0.030 ω=+2.400 ok=True iters=11
07:44:05 [INFO] [PROG] s*=3.34/6.50 (51.3%) dist_goal=2.88
07:44:05 [INFO] [MPC] state=(+1.33,-3.65,-0.14) wp0=(+1.47,-3.57) v=+0.030 ω=+2.400 ok=True iters=12
07:44:05 [INFO] [PROG] s*=3.34/6.50 (51.4%) dist_goal=2.87
07:44:05 [INFO] [MPC] state=(+1.33,-3.65,+0.08) wp0=(+1.48,-3.58) v=+0.200 ω=+1.871 ok=True iters=10
07:44:05 [INFO] [PROG] s*=3.35/6.50 (51.5%) dist_goal=2.86
07:44:05 [INFO] [MPC] state=(+1.34,-3.65,+0.20) wp0=(+1.48,-3.58) v=+0.200 ω=+1.560 ok=True iters=8
07:44:05 [INFO] [PROG] s*=3.36/6.50 (51.6%) dist_goal=2.85
07:44:05 [INFO] [MPC] state=(+1.35,-3.64,+0.28) wp0=(+1.49,-3.59) v=+0.200 ω=+1.289 ok=True iters=7
07:44:05 [INFO] [PROG] s*=3.36/6.50 (51.7%) dist_goal=2.85
07:44:05 [INFO] [MPC] state=(+1.37,-3.64,+0.35) wp0=(+1.49,-3.59) v=+0.200 ω=+0.992 ok=True iters=7
07:44:05 [INFO] [PROG] s*=3.37/6.50 (51.8%) dist_goal=2.84
07:44:05 [INFO] [MPC] state=(+1.38,-3.63,+0.41) wp0=(+1.50,-3.60) v=+0.200 ω=+0.861 ok=True iters=7
07:44:05 [INFO] [PROG] s*=3.37/6.50 (51.9%) dist_goal=2.83
07:44:05 [INFO] [MPC] state=(+1.40,-3.62,+0.46) wp0=(+1.50,-3.60) v=+0.200 ω=+0.697 ok=True iters=7
07:44:05 [INFO] [PROG] s*=3.38/6.50 (51.9%) dist_goal=2.82
07:44:05 [INFO] [MPC] state=(+1.41,-3.62,+0.50) wp0=(+1.50,-3.60) v=+0.200 ω=+0.413 ok=True iters=7
07:44:05 [INFO] [PROG] s*=3.38/6.50 (52.0%) dist_goal=2.82
07:44:05 [INFO] [MPC] state=(+1.43,-3.61,+0.52) wp0=(+1.51,-3.61) v=+0.200 ω=+0.312 ok=True iters=7
07:44:05 [INFO] [PROG] s*=3.39/6.50 (52.1%) dist_goal=2.81
07:44:05 [INFO] [MPC] state=(+1.44,-3.60,+0.54) wp0=(+1.51,-3.61) v=+0.200 ω=+0.195 ok=True iters=7
07:44:05 [INFO] [PROG] s*=3.39/6.50 (52.1%) dist_goal=2.80
07:44:05 [INFO] [MPC] state=(+1.46,-3.59,+0.56) wp0=(+1.51,-3.61) v=+0.200 ω=-0.046 ok=True iters=7
07:44:05 [INFO] [PROG] s*=3.40/6.50 (52.2%) dist_goal=2.80
07:44:05 [INFO] [MPC] state=(+1.48,-3.58,+0.55) wp0=(+1.52,-3.62) v=+0.200 ω=-0.076 ok=True iters=7
07:44:05 [INFO] [PROG] s*=3.40/6.50 (52.3%) dist_goal=2.79
07:44:05 [INFO] [MPC] state=(+1.50,-3.56,+0.55) wp0=(+1.52,-3.62) v=+0.200 ω=-0.100 ok=True iters=7
07:44:05 [INFO] [PROG] s*=3.41/6.50 (52.4%) dist_goal=2.78
07:44:05 [INFO] [MPC] state=(+1.51,-3.55,+0.54) wp0=(+1.52,-3.62) v=+0.200 ω=-0.129 ok=True iters=7
07:44:05 [INFO] [PROG] s*=3.41/6.50 (52.4%) dist_goal=2.78
07:44:05 [INFO] [MPC] state=(+1.53,-3.54,+0.52) wp0=(+1.53,-3.63) v=+0.200 ω=-0.919 ok=True iters=8
07:44:05 [INFO] [PROG] s*=3.42/6.50 (52.5%) dist_goal=2.77
07:44:05 [INFO] [MPC] state=(+1.55,-3.54,+0.47) wp0=(+1.53,-3.63) v=+0.200 ω=-0.871 ok=True iters=8
07:44:05 [INFO] [PROG] s*=3.42/6.50 (52.6%) dist_goal=2.76
07:44:05 [INFO] [MPC] state=(+1.56,-3.53,+0.43) wp0=(+1.54,-3.64) v=+0.200 ω=-1.110 ok=True iters=8
07:44:05 [INFO] [PROG] s*=3.43/6.50 (52.7%) dist_goal=2.75
07:44:05 [INFO] [MPC] state=(+1.58,-3.52,+0.36) wp0=(+1.54,-3.64) v=+0.200 ω=-0.493 ok=True iters=8
07:44:05 [INFO] [PROG] s*=3.56/6.50 (54.7%) dist_goal=2.75
07:44:05 [INFO] [MPC] state=(+1.60,-3.51,+0.33) wp0=(+1.66,-3.65) v=+0.200 ω=-0.923 ok=True iters=8
07:44:05 [INFO] [PROG] s*=3.57/6.50 (54.9%) dist_goal=2.74
07:44:05 [INFO] [MPC] state=(+1.61,-3.51,+0.28) wp0=(+1.68,-3.65) v=+0.200 ω=-0.738 ok=True iters=7
07:44:05 [INFO] [PROG] s*=3.59/6.50 (55.2%) dist_goal=2.73
07:44:05 [INFO] [MPC] state=(+1.63,-3.50,+0.24) wp0=(+1.70,-3.65) v=+0.200 ω=-1.092 ok=True iters=7
07:44:05 [INFO] [PROG] s*=3.61/6.50 (55.5%) dist_goal=2.72
07:44:05 [INFO] [MPC] state=(+1.65,-3.50,+0.18) wp0=(+1.71,-3.65) v=+0.200 ω=-0.442 ok=True iters=7
07:44:05 [INFO] [PROG] s*=3.63/6.50 (55.8%) dist_goal=2.70
07:44:05 [INFO] [MPC] state=(+1.66,-3.50,+0.15) wp0=(+1.73,-3.65) v=+0.200 ω=-0.797 ok=True iters=7
07:44:05 [INFO] [PROG] s*=3.64/6.50 (56.0%) dist_goal=2.69
07:44:05 [INFO] [MPC] state=(+1.68,-3.50,+0.11) wp0=(+1.75,-3.65) v=+0.200 ω=-0.573 ok=True iters=7
07:44:05 [INFO] [PROG] s*=3.66/6.50 (56.3%) dist_goal=2.68
07:44:05 [INFO] [MPC] state=(+1.70,-3.49,+0.07) wp0=(+1.77,-3.65) v=+0.200 ω=-0.494 ok=True iters=7
07:44:05 [INFO] [PROG] s*=3.68/6.50 (56.6%) dist_goal=2.67
07:44:05 [INFO] [MPC] state=(+1.72,-3.49,+0.04) wp0=(+1.79,-3.65) v=+0.200 ω=-0.418 ok=True iters=7
07:44:05 [INFO] [PROG] s*=3.70/6.50 (56.9%) dist_goal=2.65
07:44:05 [INFO] [MPC] state=(+1.74,-3.49,+0.01) wp0=(+1.81,-3.65) v=+0.200 ω=-0.335 ok=True iters=7
07:44:05 [INFO] [PROG] s*=3.72/6.50 (57.2%) dist_goal=2.64
07:44:05 [INFO] [MPC] state=(+1.76,-3.49,-0.01) wp0=(+1.83,-3.65) v=+0.200 ω=-0.266 ok=True iters=7
07:44:05 [INFO] [PROG] s*=3.74/6.50 (57.5%) dist_goal=2.62
07:44:05 [INFO] [MPC] state=(+1.78,-3.49,-0.04) wp0=(+1.85,-3.65) v=+0.200 ω=-0.078 ok=True iters=7
07:44:05 [INFO] [PROG] s*=3.76/6.50 (57.8%) dist_goal=2.61
07:44:05 [INFO] [MPC] state=(+1.80,-3.49,-0.04) wp0=(+1.87,-3.65) v=+0.200 ω=-0.047 ok=True iters=7
07:44:05 [INFO] [PROG] s*=3.78/6.50 (58.1%) dist_goal=2.59
07:44:05 [INFO] [MPC] state=(+1.82,-3.49,-0.05) wp0=(+1.89,-3.65) v=+0.200 ω=-0.034 ok=True iters=7
07:44:05 [INFO] [PROG] s*=3.80/6.50 (58.5%) dist_goal=2.58
07:44:05 [INFO] [MPC] state=(+1.84,-3.50,-0.05) wp0=(+1.91,-3.65) v=+0.200 ω=-0.030 ok=True iters=7
07:44:05 [INFO] [PROG] s*=3.82/6.50 (58.8%) dist_goal=2.56
07:44:05 [INFO] [MPC] state=(+1.86,-3.50,-0.05) wp0=(+1.93,-3.65) v=+0.200 ω=+0.228 ok=True iters=7
07:44:05 [INFO] [PROG] s*=3.84/6.50 (59.1%) dist_goal=2.55
07:44:05 [INFO] [MPC] state=(+1.88,-3.50,-0.04) wp0=(+1.95,-3.65) v=+0.200 ω=+0.168 ok=True iters=7
07:44:05 [INFO] [PROG] s*=3.86/6.50 (59.4%) dist_goal=2.54
07:44:05 [INFO] [MPC] state=(+1.90,-3.50,-0.03) wp0=(+1.97,-3.65) v=+0.200 ω=+0.113 ok=True iters=7
07:44:05 [INFO] [PROG] s*=3.88/6.50 (59.7%) dist_goal=2.52
07:44:05 [INFO] [MPC] state=(+1.92,-3.50,-0.02) wp0=(+1.99,-3.65) v=+0.200 ω=-0.433 ok=True iters=7
07:44:05 [INFO] [PROG] s*=3.90/6.50 (60.0%) dist_goal=2.51
07:44:05 [INFO] [MPC] state=(+1.94,-3.50,-0.05) wp0=(+2.01,-3.65) v=+0.200 ω=-0.264 ok=True iters=7
07:44:05 [INFO] [PROG] s*=3.92/6.50 (60.3%) dist_goal=2.49
07:44:05 [INFO] [MPC] state=(+1.96,-3.50,-0.07) wp0=(+2.03,-3.65) v=+0.200 ω=-0.240 ok=True iters=7
07:44:05 [INFO] [PROG] s*=3.94/6.50 (60.6%) dist_goal=2.48
07:44:05 [INFO] [MPC] state=(+1.98,-3.50,-0.08) wp0=(+2.05,-3.65) v=+0.200 ω=-0.219 ok=True iters=7
07:44:05 [INFO] [PROG] s*=3.96/6.50 (60.9%) dist_goal=2.46
07:44:05 [INFO] [MPC] state=(+2.00,-3.50,-0.10) wp0=(+2.07,-3.65) v=+0.200 ω=-0.204 ok=True iters=7
07:44:05 [INFO] [PROG] s*=3.98/6.50 (61.2%) dist_goal=2.45
07:44:05 [INFO] [MPC] state=(+2.02,-3.51,-0.11) wp0=(+2.09,-3.65) v=+0.200 ω=-0.187 ok=True iters=7
07:44:05 [INFO] [PROG] s*=4.00/6.50 (61.5%) dist_goal=2.43
07:44:05 [INFO] [MPC] state=(+2.04,-3.51,-0.13) wp0=(+2.10,-3.65) v=+0.200 ω=-0.175 ok=True iters=7
07:44:05 [INFO] [PROG] s*=4.02/6.50 (61.8%) dist_goal=2.42
07:44:05 [INFO] [MPC] state=(+2.05,-3.51,-0.14) wp0=(+2.12,-3.65) v=+0.200 ω=-0.163 ok=True iters=7
07:44:05 [INFO] [PROG] s*=4.04/6.50 (62.1%) dist_goal=2.40
07:44:05 [INFO] [MPC] state=(+2.07,-3.51,-0.15) wp0=(+2.14,-3.65) v=+0.200 ω=-0.338 ok=True iters=7
07:44:05 [INFO] [PROG] s*=4.06/6.50 (62.4%) dist_goal=2.39
07:44:05 [INFO] [MPC] state=(+2.09,-3.52,-0.18) wp0=(+2.16,-3.65) v=+0.200 ω=-0.781 ok=True iters=7
07:44:05 [INFO] [PROG] s*=4.07/6.50 (62.6%) dist_goal=2.38
07:44:05 [INFO] [MPC] state=(+2.11,-3.52,-0.22) wp0=(+2.18,-3.65) v=+0.200 ω=-1.008 ok=True iters=7
07:44:05 [INFO] [PROG] s*=4.09/6.50 (62.9%) dist_goal=2.36
07:44:05 [INFO] [MPC] state=(+2.13,-3.53,-0.28) wp0=(+2.20,-3.65) v=+0.200 ω=-0.601 ok=True iters=7
07:44:05 [INFO] [PROG] s*=4.11/6.50 (63.1%) dist_goal=2.35
07:44:05 [INFO] [MPC] state=(+2.15,-3.53,-0.31) wp0=(+2.21,-3.65) v=+0.200 ω=-0.664 ok=True iters=7
07:44:05 [INFO] [PROG] s*=4.12/6.50 (63.4%) dist_goal=2.33
07:44:05 [INFO] [MPC] state=(+2.16,-3.54,-0.35) wp0=(+2.23,-3.65) v=+0.200 ω=-0.641 ok=True iters=7
07:44:05 [INFO] [PROG] s*=4.14/6.50 (63.7%) dist_goal=2.31
07:44:05 [INFO] [MPC] state=(+2.18,-3.54,-0.39) wp0=(+2.25,-3.65) v=+0.200 ω=-0.492 ok=True iters=7
07:44:05 [INFO] [PROG] s*=4.16/6.50 (64.0%) dist_goal=2.29
07:44:05 [INFO] [MPC] state=(+2.20,-3.55,-0.42) wp0=(+2.26,-3.66) v=+0.200 ω=-0.112 ok=True iters=7
07:44:05 [INFO] [PROG] s*=4.18/6.50 (64.2%) dist_goal=2.28
07:44:05 [INFO] [MPC] state=(+2.22,-3.56,-0.43) wp0=(+2.27,-3.67) v=+0.200 ω=-0.058 ok=True iters=7
07:44:05 [INFO] [PROG] s*=4.19/6.50 (64.5%) dist_goal=2.26
07:44:05 [INFO] [MPC] state=(+2.23,-3.57,-0.43) wp0=(+2.29,-3.69) v=+0.200 ω=-0.060 ok=True iters=7
07:44:05 [INFO] [PROG] s*=4.19/6.50 (64.5%) dist_goal=2.24
07:44:05 [INFO] [MPC] state=(+2.25,-3.58,-0.44) wp0=(+2.29,-3.69) v=+0.200 ω=+0.079 ok=True iters=7
07:44:05 [INFO] [PROG] s*=4.19/6.50 (64.5%) dist_goal=2.22
07:44:05 [INFO] [MPC] state=(+2.27,-3.59,-0.43) wp0=(+2.29,-3.69) v=+0.200 ω=+0.035 ok=True iters=7
07:44:05 [INFO] [PROG] s*=4.20/6.50 (64.6%) dist_goal=2.20
07:44:05 [INFO] [MPC] state=(+2.29,-3.59,-0.43) wp0=(+2.29,-3.69) v=+0.200 ω=+0.013 ok=True iters=7
07:44:05 [INFO] [PROG] s*=4.22/6.50 (64.9%) dist_goal=2.19
07:44:05 [INFO] [MPC] state=(+2.31,-3.60,-0.43) wp0=(+2.30,-3.70) v=+0.200 ω=-0.029 ok=True iters=7
07:44:05 [INFO] [PROG] s*=4.24/6.50 (65.2%) dist_goal=2.17
07:44:05 [INFO] [MPC] state=(+2.33,-3.61,-0.43) wp0=(+2.32,-3.72) v=+0.200 ω=+0.038 ok=True iters=7
07:44:05 [INFO] [PROG] s*=4.26/6.50 (65.5%) dist_goal=2.15
07:44:05 [INFO] [MPC] state=(+2.35,-3.62,-0.43) wp0=(+2.33,-3.73) v=+0.200 ω=-0.230 ok=True iters=7
07:44:05 [INFO] [PROG] s*=4.28/6.50 (65.8%) dist_goal=2.13
07:44:05 [INFO] [MPC] state=(+2.36,-3.63,-0.44) wp0=(+2.34,-3.74) v=+0.200 ω=-0.033 ok=True iters=7
07:44:05 [INFO] [PROG] s*=4.30/6.50 (66.1%) dist_goal=2.11
07:44:05 [INFO] [MPC] state=(+2.38,-3.64,-0.44) wp0=(+2.36,-3.76) v=+0.200 ω=-0.084 ok=True iters=7
07:44:05 [INFO] [PROG] s*=4.32/6.50 (66.4%) dist_goal=2.10
07:44:05 [INFO] [MPC] state=(+2.40,-3.65,-0.45) wp0=(+2.37,-3.77) v=+0.200 ω=-0.117 ok=True iters=7
07:44:05 [INFO] [PROG] s*=4.34/6.50 (66.7%) dist_goal=2.08
07:44:05 [INFO] [MPC] state=(+2.42,-3.65,-0.46) wp0=(+2.39,-3.79) v=+0.200 ω=-0.284 ok=True iters=7
07:44:05 [INFO] [PROG] s*=4.35/6.50 (67.0%) dist_goal=2.06
07:44:05 [INFO] [MPC] state=(+2.44,-3.66,-0.48) wp0=(+2.40,-3.80) v=+0.200 ω=-0.131 ok=True iters=7
07:44:05 [INFO] [PROG] s*=4.37/6.50 (67.3%) dist_goal=2.04
07:44:05 [INFO] [MPC] state=(+2.45,-3.67,-0.49) wp0=(+2.41,-3.81) v=+0.200 ω=-0.150 ok=True iters=7
07:44:05 [INFO] [PROG] s*=4.39/6.50 (67.6%) dist_goal=2.02
07:44:05 [INFO] [MPC] state=(+2.47,-3.68,-0.51) wp0=(+2.43,-3.83) v=+0.200 ω=-0.223 ok=True iters=7
07:44:05 [INFO] [PROG] s*=4.41/6.50 (67.8%) dist_goal=2.00
07:44:05 [INFO] [MPC] state=(+2.49,-3.69,-0.52) wp0=(+2.44,-3.84) v=+0.200 ω=-0.217 ok=True iters=7
07:44:05 [INFO] [PROG] s*=4.43/6.50 (68.1%) dist_goal=1.99
07:44:05 [INFO] [MPC] state=(+2.51,-3.70,-0.54) wp0=(+2.45,-3.85) v=+0.200 ω=-0.210 ok=True iters=7
07:44:05 [INFO] [PROG] s*=4.45/6.50 (68.5%) dist_goal=1.97
07:44:05 [INFO] [MPC] state=(+2.52,-3.71,-0.55) wp0=(+2.47,-3.87) v=+0.200 ω=-0.204 ok=True iters=7
07:44:05 [INFO] [PROG] s*=4.47/6.50 (68.8%) dist_goal=1.95
07:44:05 [INFO] [MPC] state=(+2.54,-3.72,-0.57) wp0=(+2.48,-3.88) v=+0.200 ω=-0.197 ok=True iters=7
07:44:05 [INFO] [PROG] s*=4.49/6.50 (69.1%) dist_goal=1.93
07:44:05 [INFO] [MPC] state=(+2.56,-3.74,-0.58) wp0=(+2.50,-3.90) v=+0.200 ω=-0.190 ok=True iters=7
07:44:05 [INFO] [PROG] s*=4.51/6.50 (69.4%) dist_goal=1.91
07:44:05 [INFO] [MPC] state=(+2.57,-3.75,-0.60) wp0=(+2.51,-3.91) v=+0.200 ω=-0.183 ok=True iters=7
07:44:05 [INFO] [PROG] s*=4.53/6.50 (69.7%) dist_goal=1.89
07:44:05 [INFO] [MPC] state=(+2.59,-3.76,-0.61) wp0=(+2.52,-3.92) v=+0.200 ω=-0.175 ok=True iters=7
07:44:05 [INFO] [PROG] s*=4.55/6.50 (70.0%) dist_goal=1.87
07:44:05 [INFO] [MPC] state=(+2.61,-3.77,-0.62) wp0=(+2.54,-3.94) v=+0.200 ω=-0.168 ok=True iters=7
07:44:05 [INFO] [PROG] s*=4.57/6.50 (70.3%) dist_goal=1.86
07:44:05 [INFO] [MPC] state=(+2.62,-3.78,-0.64) wp0=(+2.55,-3.95) v=+0.200 ω=-0.162 ok=True iters=7
07:44:05 [INFO] [PROG] s*=4.59/6.50 (70.6%) dist_goal=1.84
07:44:05 [INFO] [MPC] state=(+2.64,-3.79,-0.65) wp0=(+2.57,-3.97) v=+0.200 ω=-0.153 ok=True iters=7
07:44:05 [INFO] [PROG] s*=4.61/6.50 (70.9%) dist_goal=1.82
07:44:05 [INFO] [MPC] state=(+2.66,-3.81,-0.66) wp0=(+2.58,-3.98) v=+0.200 ω=-0.145 ok=True iters=7
07:44:05 [INFO] [PROG] s*=4.63/6.50 (71.2%) dist_goal=1.80
07:44:05 [INFO] [MPC] state=(+2.67,-3.82,-0.67) wp0=(+2.60,-4.00) v=+0.200 ω=-0.139 ok=True iters=7
07:44:05 [INFO] [PROG] s*=4.65/6.50 (71.5%) dist_goal=1.78
07:44:05 [INFO] [MPC] state=(+2.69,-3.83,-0.69) wp0=(+2.61,-4.01) v=+0.200 ω=-0.132 ok=True iters=7
07:44:05 [INFO] [PROG] s*=4.67/6.50 (71.8%) dist_goal=1.76
07:44:05 [INFO] [MPC] state=(+2.70,-3.85,-0.70) wp0=(+2.62,-4.02) v=+0.200 ω=-0.124 ok=True iters=7
07:44:05 [INFO] [PROG] s*=4.69/6.50 (72.2%) dist_goal=1.74
07:44:05 [INFO] [MPC] state=(+2.72,-3.86,-0.71) wp0=(+2.64,-4.04) v=+0.200 ω=-0.118 ok=True iters=7
07:44:05 [INFO] [PROG] s*=4.71/6.50 (72.5%) dist_goal=1.72
07:44:05 [INFO] [MPC] state=(+2.73,-3.87,-0.72) wp0=(+2.65,-4.05) v=+0.200 ω=-0.113 ok=True iters=7
07:44:05 [INFO] [PROG] s*=4.73/6.50 (72.8%) dist_goal=1.70
07:44:05 [INFO] [MPC] state=(+2.75,-3.89,-0.73) wp0=(+2.67,-4.07) v=+0.200 ω=-0.105 ok=True iters=7
07:44:05 [INFO] [PROG] s*=4.75/6.50 (73.1%) dist_goal=1.68
07:44:05 [INFO] [MPC] state=(+2.76,-3.90,-0.74) wp0=(+2.68,-4.08) v=+0.200 ω=-0.097 ok=True iters=7
07:44:05 [INFO] [PROG] s*=4.78/6.50 (73.4%) dist_goal=1.66
07:44:05 [INFO] [MPC] state=(+2.78,-3.91,-0.75) wp0=(+2.70,-4.10) v=+0.200 ω=-0.091 ok=True iters=7
07:44:05 [INFO] [PROG] s*=4.80/6.50 (73.7%) dist_goal=1.64
07:44:05 [INFO] [MPC] state=(+2.79,-3.93,-0.76) wp0=(+2.71,-4.11) v=+0.200 ω=-0.087 ok=True iters=7
07:44:05 [INFO] [PROG] s*=4.82/6.50 (74.0%) dist_goal=1.62
07:44:05 [INFO] [MPC] state=(+2.81,-3.94,-0.77) wp0=(+2.73,-4.13) v=+0.200 ω=-0.083 ok=True iters=7
07:44:05 [INFO] [PROG] s*=4.84/6.50 (74.4%) dist_goal=1.60
07:44:05 [INFO] [MPC] state=(+2.82,-3.96,-0.78) wp0=(+2.74,-4.14) v=+0.200 ω=-0.079 ok=True iters=7
07:44:05 [INFO] [PROG] s*=4.86/6.50 (74.7%) dist_goal=1.58
07:44:05 [INFO] [MPC] state=(+2.84,-3.97,-0.78) wp0=(+2.75,-4.15) v=+0.200 ω=-0.075 ok=True iters=7
07:44:05 [INFO] [PROG] s*=4.88/6.50 (75.0%) dist_goal=1.56
07:44:05 [INFO] [MPC] state=(+2.85,-3.99,-0.79) wp0=(+2.77,-4.17) v=+0.200 ω=-0.113 ok=True iters=7
07:44:05 [INFO] [PROG] s*=4.90/6.50 (75.3%) dist_goal=1.54
07:44:05 [INFO] [MPC] state=(+2.87,-4.00,-0.80) wp0=(+2.78,-4.18) v=+0.200 ω=-0.093 ok=True iters=7
07:44:05 [INFO] [PROG] s*=4.92/6.50 (75.6%) dist_goal=1.52
07:44:05 [INFO] [MPC] state=(+2.88,-4.01,-0.81) wp0=(+2.80,-4.20) v=+0.200 ω=-0.075 ok=True iters=7
07:44:05 [INFO] [PROG] s*=4.94/6.50 (75.9%) dist_goal=1.50
07:44:05 [INFO] [MPC] state=(+2.90,-4.03,-0.82) wp0=(+2.81,-4.21) v=+0.200 ω=-0.063 ok=True iters=7
07:44:05 [INFO] [PROG] s*=4.96/6.50 (76.3%) dist_goal=1.48
07:44:05 [INFO] [MPC] state=(+2.91,-4.04,-0.83) wp0=(+2.83,-4.23) v=+0.200 ω=-0.055 ok=True iters=7
07:44:05 [INFO] [PROG] s*=4.98/6.50 (76.6%) dist_goal=1.46
07:44:05 [INFO] [MPC] state=(+2.92,-4.06,-0.83) wp0=(+2.84,-4.24) v=+0.200 ω=-0.050 ok=True iters=7
07:44:05 [INFO] [PROG] s*=5.00/6.50 (76.9%) dist_goal=1.44
07:44:05 [INFO] [MPC] state=(+2.94,-4.07,-0.84) wp0=(+2.86,-4.26) v=+0.200 ω=-0.046 ok=True iters=7
07:44:05 [INFO] [PROG] s*=5.02/6.50 (77.2%) dist_goal=1.42
07:44:05 [INFO] [MPC] state=(+2.95,-4.09,-0.84) wp0=(+2.87,-4.27) v=+0.200 ω=-0.050 ok=True iters=7
07:44:05 [INFO] [PROG] s*=5.04/6.50 (77.5%) dist_goal=1.40
07:44:05 [INFO] [MPC] state=(+2.96,-4.11,-0.85) wp0=(+2.88,-4.28) v=+0.200 ω=-0.045 ok=True iters=7
07:44:05 [INFO] [PROG] s*=5.06/6.50 (77.8%) dist_goal=1.38
07:44:05 [INFO] [MPC] state=(+2.98,-4.12,-0.85) wp0=(+2.90,-4.30) v=+0.200 ω=-0.042 ok=True iters=7
07:44:05 [INFO] [PROG] s*=5.08/6.50 (78.1%) dist_goal=1.36
07:44:05 [INFO] [MPC] state=(+2.99,-4.14,-0.85) wp0=(+2.91,-4.31) v=+0.200 ω=-0.044 ok=True iters=7
07:44:05 [INFO] [PROG] s*=5.10/6.50 (78.5%) dist_goal=1.34
07:44:05 [INFO] [MPC] state=(+3.00,-4.15,-0.86) wp0=(+2.93,-4.33) v=+0.200 ω=-0.082 ok=True iters=7
07:44:05 [INFO] [PROG] s*=5.12/6.50 (78.8%) dist_goal=1.32
07:44:05 [INFO] [MPC] state=(+3.02,-4.17,-0.87) wp0=(+2.94,-4.34) v=+0.200 ω=-0.060 ok=True iters=7
07:44:05 [INFO] [PROG] s*=5.14/6.50 (79.1%) dist_goal=1.30
07:44:05 [INFO] [MPC] state=(+3.03,-4.18,-0.87) wp0=(+2.96,-4.36) v=+0.200 ω=-0.047 ok=True iters=7
07:44:05 [INFO] [PROG] s*=5.16/6.50 (79.4%) dist_goal=1.28
07:44:05 [INFO] [MPC] state=(+3.04,-4.20,-0.88) wp0=(+2.97,-4.37) v=+0.200 ω=-0.039 ok=True iters=7
07:44:05 [INFO] [PROG] s*=5.18/6.50 (79.7%) dist_goal=1.26
07:44:05 [INFO] [MPC] state=(+3.06,-4.21,-0.88) wp0=(+2.99,-4.39) v=+0.200 ω=-0.040 ok=True iters=7
07:44:05 [INFO] [PROG] s*=5.21/6.50 (80.0%) dist_goal=1.24
07:44:05 [INFO] [MPC] state=(+3.07,-4.23,-0.89) wp0=(+3.00,-4.40) v=+0.200 ω=-0.035 ok=True iters=7
07:44:05 [INFO] [PROG] s*=5.23/6.50 (80.3%) dist_goal=1.22
07:44:05 [INFO] [MPC] state=(+3.08,-4.25,-0.89) wp0=(+3.01,-4.41) v=+0.200 ω=-0.087 ok=True iters=7
07:44:05 [INFO] [PROG] s*=5.25/6.50 (80.7%) dist_goal=1.20
07:44:05 [INFO] [MPC] state=(+3.10,-4.26,-0.90) wp0=(+3.03,-4.43) v=+0.200 ω=-0.062 ok=True iters=7
07:44:05 [INFO] [PROG] s*=5.27/6.50 (81.0%) dist_goal=1.18
07:44:05 [INFO] [MPC] state=(+3.11,-4.28,-0.90) wp0=(+3.04,-4.44) v=+0.200 ω=-0.046 ok=True iters=7
07:44:05 [INFO] [PROG] s*=5.29/6.50 (81.3%) dist_goal=1.16
07:44:05 [INFO] [MPC] state=(+3.12,-4.29,-0.91) wp0=(+3.06,-4.46) v=+0.200 ω=-0.043 ok=True iters=7
07:44:05 [INFO] [PROG] s*=5.31/6.50 (81.6%) dist_goal=1.14
07:44:05 [INFO] [MPC] state=(+3.13,-4.31,-0.91) wp0=(+3.07,-4.47) v=+0.200 ω=-0.102 ok=True iters=7
07:44:05 [INFO] [PROG] s*=5.33/6.50 (81.9%) dist_goal=1.12
07:44:05 [INFO] [MPC] state=(+3.15,-4.33,-0.92) wp0=(+3.09,-4.49) v=+0.200 ω=-0.075 ok=True iters=7
07:44:05 [INFO] [PROG] s*=5.35/6.50 (82.2%) dist_goal=1.10
07:44:05 [INFO] [MPC] state=(+3.16,-4.34,-0.93) wp0=(+3.10,-4.50) v=+0.200 ω=-0.056 ok=True iters=7
07:44:05 [INFO] [PROG] s*=5.37/6.50 (82.5%) dist_goal=1.08
07:44:05 [INFO] [MPC] state=(+3.17,-4.36,-0.94) wp0=(+3.12,-4.52) v=+0.200 ω=-0.109 ok=True iters=7
07:44:05 [INFO] [PROG] s*=5.39/6.50 (82.8%) dist_goal=1.06
07:44:05 [INFO] [MPC] state=(+3.18,-4.38,-0.95) wp0=(+3.13,-4.53) v=+0.200 ω=-0.082 ok=True iters=7
07:44:06 [INFO] [PROG] s*=5.41/6.50 (83.1%) dist_goal=1.04
07:44:06 [INFO] [MPC] state=(+3.20,-4.39,-0.96) wp0=(+3.14,-4.54) v=+0.200 ω=-0.065 ok=True iters=7
07:44:06 [INFO] [PROG] s*=5.43/6.50 (83.5%) dist_goal=1.02
07:44:06 [INFO] [MPC] state=(+3.21,-4.41,-0.96) wp0=(+3.16,-4.56) v=+0.200 ω=-0.125 ok=True iters=7
07:44:06 [INFO] [PROG] s*=5.45/6.50 (83.8%) dist_goal=1.00
07:44:06 [INFO] [MPC] state=(+3.22,-4.43,-0.97) wp0=(+3.17,-4.57) v=+0.200 ω=-0.101 ok=True iters=7
07:44:06 [INFO] [PROG] s*=5.47/6.50 (84.1%) dist_goal=0.98
07:44:06 [INFO] [MPC] state=(+3.23,-4.44,-0.98) wp0=(+3.19,-4.59) v=+0.200 ω=-0.085 ok=True iters=7
07:44:06 [INFO] [PROG] s*=5.49/6.50 (84.4%) dist_goal=0.96
07:44:06 [INFO] [MPC] state=(+3.24,-4.46,-0.99) wp0=(+3.20,-4.60) v=+0.200 ω=-0.083 ok=True iters=7
07:44:06 [INFO] [PROG] s*=5.51/6.50 (84.7%) dist_goal=0.94
07:44:06 [INFO] [MPC] state=(+3.25,-4.48,-1.00) wp0=(+3.21,-4.61) v=+0.200 ω=-0.143 ok=True iters=7
07:44:06 [INFO] [PROG] s*=5.53/6.50 (85.0%) dist_goal=0.92
07:44:06 [INFO] [MPC] state=(+3.26,-4.49,-1.01) wp0=(+3.23,-4.63) v=+0.200 ω=-0.140 ok=True iters=7
07:44:06 [INFO] [PROG] s*=5.55/6.50 (85.3%) dist_goal=0.90
07:44:06 [INFO] [MPC] state=(+3.27,-4.51,-1.03) wp0=(+3.24,-4.64) v=+0.200 ω=-0.134 ok=True iters=7
07:44:06 [INFO] [PROG] s*=5.57/6.50 (85.6%) dist_goal=0.88
07:44:06 [INFO] [MPC] state=(+3.28,-4.53,-1.04) wp0=(+3.26,-4.66) v=+0.200 ω=-0.180 ok=True iters=7
07:44:06 [INFO] [PROG] s*=5.59/6.50 (85.9%) dist_goal=0.86
07:44:06 [INFO] [MPC] state=(+3.29,-4.55,-1.05) wp0=(+3.27,-4.67) v=+0.200 ω=-0.162 ok=True iters=7
07:44:06 [INFO] [PROG] s*=5.61/6.50 (86.2%) dist_goal=0.84
07:44:06 [INFO] [MPC] state=(+3.30,-4.56,-1.07) wp0=(+3.28,-4.68) v=+0.200 ω=-0.105 ok=True iters=7
07:44:06 [INFO] [PROG] s*=5.63/6.50 (86.5%) dist_goal=0.82
07:44:06 [INFO] [MPC] state=(+3.31,-4.58,-1.08) wp0=(+3.30,-4.70) v=+0.200 ω=-0.098 ok=True iters=7
07:44:06 [INFO] [PROG] s*=5.65/6.50 (86.8%) dist_goal=0.80
07:44:06 [INFO] [MPC] state=(+3.32,-4.60,-1.09) wp0=(+3.31,-4.71) v=+0.200 ω=-0.137 ok=True iters=7
07:44:06 [INFO] [PROG] s*=5.66/6.50 (87.1%) dist_goal=0.78
07:44:06 [INFO] [MPC] state=(+3.33,-4.62,-1.10) wp0=(+3.33,-4.73) v=+0.199 ω=-0.122 ok=True iters=7
07:44:06 [INFO] [PROG] s*=5.68/6.50 (87.4%) dist_goal=0.76
07:44:06 [INFO] [MPC] state=(+3.34,-4.64,-1.11) wp0=(+3.34,-4.74) v=+0.194 ω=-0.076 ok=True iters=7
07:44:06 [INFO] [PROG] s*=5.70/6.50 (87.7%) dist_goal=0.74
07:44:06 [INFO] [MPC] state=(+3.35,-4.65,-1.12) wp0=(+3.35,-4.75) v=+0.189 ω=-0.041 ok=True iters=7
07:44:06 [INFO] [PROG] s*=5.72/6.50 (87.9%) dist_goal=0.72
07:44:06 [INFO] [MPC] state=(+3.36,-4.67,-1.12) wp0=(+3.36,-4.76) v=+0.184 ω=-0.025 ok=True iters=7
07:44:06 [INFO] [PROG] s*=5.74/6.50 (88.2%) dist_goal=0.70
07:44:06 [INFO] [MPC] state=(+3.37,-4.69,-1.12) wp0=(+3.38,-4.78) v=+0.180 ω=-0.398 ok=True iters=7
07:44:06 [INFO] [PROG] s*=5.75/6.50 (88.4%) dist_goal=0.68
07:44:06 [INFO] [MPC] state=(+3.38,-4.71,-1.16) wp0=(+3.39,-4.79) v=+0.175 ω=-0.871 ok=True iters=7
07:44:06 [INFO] [PROG] s*=5.77/6.50 (88.6%) dist_goal=0.67
07:44:06 [INFO] [MPC] state=(+3.38,-4.72,-1.23) wp0=(+3.40,-4.80) v=+0.171 ω=-1.138 ok=True iters=8
07:44:06 [INFO] [PROG] s*=5.78/6.50 (88.9%) dist_goal=0.65
07:44:06 [INFO] [MPC] state=(+3.39,-4.74,-1.31) wp0=(+3.41,-4.81) v=+0.167 ω=-0.949 ok=True iters=8
07:44:06 [INFO] [PROG] s*=5.79/6.50 (89.1%) dist_goal=0.64
07:44:06 [INFO] [MPC] state=(+3.39,-4.75,-1.38) wp0=(+3.42,-4.82) v=+0.163 ω=-0.768 ok=True iters=8
07:44:06 [INFO] [PROG] s*=5.80/6.50 (89.2%) dist_goal=0.62
07:44:06 [INFO] [MPC] state=(+3.39,-4.77,-1.45) wp0=(+3.42,-4.82) v=+0.159 ω=-0.635 ok=True iters=8
07:44:06 [INFO] [PROG] s*=5.82/6.50 (89.4%) dist_goal=0.61
07:44:06 [INFO] [MPC] state=(+3.39,-4.78,-1.51) wp0=(+3.43,-4.83) v=+0.156 ω=-0.403 ok=True iters=8
07:44:06 [INFO] [PROG] s*=5.83/6.50 (89.6%) dist_goal=0.59
07:44:06 [INFO] [MPC] state=(+3.40,-4.80,-1.56) wp0=(+3.44,-4.84) v=+0.152 ω=+0.054 ok=True iters=8
07:44:06 [INFO] [PROG] s*=5.84/6.50 (89.8%) dist_goal=0.58
07:44:06 [INFO] [MPC] state=(+3.40,-4.81,-1.55) wp0=(+3.45,-4.85) v=+0.148 ω=+0.479 ok=True iters=8
07:44:06 [INFO] [PROG] s*=5.85/6.50 (89.9%) dist_goal=0.57
07:44:06 [INFO] [MPC] state=(+3.40,-4.83,-1.51) wp0=(+3.45,-4.86) v=+0.145 ω=+0.763 ok=True iters=8
07:44:06 [INFO] [PROG] s*=5.86/6.50 (90.1%) dist_goal=0.56
07:44:06 [INFO] [MPC] state=(+3.40,-4.84,-1.44) wp0=(+3.45,-4.87) v=+0.142 ω=+0.966 ok=True iters=8
07:44:06 [INFO] [PROG] s*=5.87/6.50 (90.3%) dist_goal=0.54
07:44:06 [INFO] [MPC] state=(+3.40,-4.85,-1.35) wp0=(+3.45,-4.88) v=+0.139 ω=+0.818 ok=True iters=9
07:44:06 [INFO] [PROG] s*=5.92/6.50 (91.0%) dist_goal=0.53
07:44:06 [INFO] [MPC] state=(+3.40,-4.87,-1.27) wp0=(+3.45,-4.93) v=+0.135 ω=+0.698 ok=True iters=9
07:44:06 [INFO] [PROG] s*=5.93/6.50 (91.2%) dist_goal=0.52
07:44:06 [INFO] [MPC] state=(+3.41,-4.88,-1.19) wp0=(+3.45,-4.94) v=+0.132 ω=+0.629 ok=True iters=9
07:44:06 [INFO] [PROG] s*=5.94/6.50 (91.4%) dist_goal=0.50
07:44:06 [INFO] [MPC] state=(+3.41,-4.89,-1.13) wp0=(+3.45,-4.95) v=+0.129 ω=+0.456 ok=True iters=7
07:44:06 [INFO] [PROG] s*=5.96/6.50 (91.6%) dist_goal=0.49
07:44:06 [INFO] [MPC] state=(+3.42,-4.90,-1.08) wp0=(+3.46,-4.96) v=+0.126 ω=+0.302 ok=True iters=7
07:44:06 [INFO] [PROG] s*=5.97/6.50 (91.7%) dist_goal=0.48
07:44:06 [INFO] [MPC] state=(+3.42,-4.91,-1.05) wp0=(+3.47,-4.97) v=+0.123 ω=-0.019 ok=True iters=7
07:44:06 [INFO] [PROG] s*=5.98/6.50 (91.9%) dist_goal=0.47
07:44:06 [INFO] [MPC] state=(+3.43,-4.92,-1.05) wp0=(+3.48,-4.98) v=+0.120 ω=-0.440 ok=True iters=7
07:44:06 [INFO] [PROG] s*=5.99/6.50 (92.1%) dist_goal=0.45
07:44:06 [INFO] [MPC] state=(+3.44,-4.94,-1.10) wp0=(+3.48,-4.98) v=+0.116 ω=-0.732 ok=True iters=7
07:44:06 [INFO] [PROG] s*=5.99/6.50 (92.2%) dist_goal=0.44
07:44:06 [INFO] [MPC] state=(+3.44,-4.95,-1.17) wp0=(+3.49,-4.99) v=+0.113 ω=-0.898 ok=True iters=7
07:44:06 [INFO] [PROG] s*=6.00/6.50 (92.3%) dist_goal=0.43
07:44:06 [INFO] [MPC] state=(+3.45,-4.96,-1.26) wp0=(+3.49,-4.99) v=+0.110 ω=-0.746 ok=True iters=7
07:44:06 [INFO] [PROG] s*=6.01/6.50 (92.5%) dist_goal=0.42
07:44:06 [INFO] [MPC] state=(+3.45,-4.97,-1.34) wp0=(+3.50,-5.00) v=+0.107 ω=-0.594 ok=True iters=7
07:44:06 [INFO] [PROG] s*=6.02/6.50 (92.6%) dist_goal=0.41
07:44:06 [INFO] [MPC] state=(+3.45,-4.98,-1.40) wp0=(+3.51,-5.01) v=+0.105 ω=-0.427 ok=True iters=7
07:44:06 [INFO] [PROG] s*=6.03/6.50 (92.7%) dist_goal=0.40
07:44:06 [INFO] [MPC] state=(+3.45,-4.99,-1.44) wp0=(+3.51,-5.01) v=+0.102 ω=-0.348 ok=True iters=7
07:44:06 [INFO] [PROG] s*=6.04/6.50 (92.8%) dist_goal=0.39
07:44:06 [INFO] [MPC] state=(+3.45,-5.00,-1.48) wp0=(+3.52,-5.02) v=+0.100 ω=-0.267 ok=True iters=7
07:44:06 [INFO] [PROG] s*=6.05/6.50 (93.0%) dist_goal=0.38
07:44:06 [INFO] [MPC] state=(+3.46,-5.01,-1.51) wp0=(+3.52,-5.02) v=+0.097 ω=-0.250 ok=True iters=8
07:44:06 [INFO] [PROG] s*=6.05/6.50 (93.1%) dist_goal=0.37
07:44:06 [INFO] [MPC] state=(+3.46,-5.02,-1.53) wp0=(+3.53,-5.03) v=+0.095 ω=-0.101 ok=True iters=7
07:44:06 [INFO] [PROG] s*=6.06/6.50 (93.2%) dist_goal=0.36
07:44:06 [INFO] [MPC] state=(+3.46,-5.03,-1.54) wp0=(+3.53,-5.03) v=+0.093 ω=-0.059 ok=True iters=7
07:44:06 [INFO] [PROG] s*=6.07/6.50 (93.3%) dist_goal=0.36
07:44:06 [INFO] [MPC] state=(+3.46,-5.04,-1.55) wp0=(+3.54,-5.04) v=+0.091 ω=-0.033 ok=True iters=7
07:44:06 [INFO] [PROG] s*=6.07/6.50 (93.4%) dist_goal=0.35
07:44:06 [INFO] [MPC] state=(+3.46,-5.05,-1.55) wp0=(+3.54,-5.04) v=+0.089 ω=+0.080 ok=True iters=8
07:44:06 [INFO] [PROG] s*=6.08/6.50 (93.5%) dist_goal=0.34
07:44:06 [INFO] [MPC] state=(+3.46,-5.06,-1.54) wp0=(+3.55,-5.05) v=+0.087 ω=-0.034 ok=True iters=9
07:44:06 [INFO] [PROG] s*=6.08/6.50 (93.5%) dist_goal=0.34
07:44:06 [INFO] [MPC] state=(+3.46,-5.07,-1.55) wp0=(+3.55,-5.05) v=+0.030 ω=+0.029 ok=True iters=15
07:44:06 [INFO] [PROG] s*=6.08/6.50 (93.5%) dist_goal=0.34
07:44:06 [INFO] [MPC] state=(+3.46,-5.07,-1.54) wp0=(+3.55,-5.05) v=+0.030 ω=+0.011 ok=True iters=11
07:44:06 [INFO] [PROG] s*=6.09/6.50 (93.6%) dist_goal=0.33
07:44:06 [INFO] [MPC] state=(+3.46,-5.07,-1.54) wp0=(+3.55,-5.05) v=+0.030 ω=+0.000 ok=True iters=10
07:44:06 [INFO] [PROG] s*=6.09/6.50 (93.6%) dist_goal=0.33
07:44:06 [INFO] [MPC] state=(+3.46,-5.08,-1.54) wp0=(+3.55,-5.06) v=+0.030 ω=-0.006 ok=True iters=9
07:44:06 [INFO] [PROG] s*=6.09/6.50 (93.6%) dist_goal=0.33
07:44:06 [INFO] [MPC] state=(+3.46,-5.08,-1.54) wp0=(+3.55,-5.06) v=+0.030 ω=-0.007 ok=True iters=9
07:44:06 [INFO] [PROG] s*=6.09/6.50 (93.7%) dist_goal=0.33
07:44:06 [INFO] [MPC] state=(+3.46,-5.08,-1.54) wp0=(+3.55,-5.06) v=+0.030 ω=-0.012 ok=True iters=8
07:44:06 [INFO] [PROG] s*=6.09/6.50 (93.7%) dist_goal=0.32
07:44:06 [INFO] [MPC] state=(+3.46,-5.09,-1.54) wp0=(+3.55,-5.06) v=+0.030 ω=-0.017 ok=True iters=10
07:44:06 [INFO] [PROG] s*=6.17/6.50 (94.9%) dist_goal=0.32
07:44:06 [INFO] [MPC] state=(+3.46,-5.09,-1.55) wp0=(+3.55,-5.14) v=+0.030 ω=-0.013 ok=True iters=14
07:44:06 [INFO] [PROG] s*=6.18/6.50 (95.0%) dist_goal=0.32
07:44:06 [INFO] [MPC] state=(+3.46,-5.09,-1.55) wp0=(+3.55,-5.14) v=+0.030 ω=-0.020 ok=True iters=11
07:44:06 [INFO] [PROG] s*=6.18/6.50 (95.0%) dist_goal=0.32
07:44:06 [INFO] [MPC] state=(+3.46,-5.09,-1.55) wp0=(+3.55,-5.15) v=+0.030 ω=-0.015 ok=True iters=12
07:44:06 [INFO] [PROG] s*=6.18/6.50 (95.0%) dist_goal=0.32
07:44:06 [INFO] [MPC] state=(+3.46,-5.10,-1.55) wp0=(+3.55,-5.15) v=+0.030 ω=-0.013 ok=True iters=11
07:44:06 [INFO] [PROG] s*=6.18/6.50 (95.1%) dist_goal=0.31
07:44:06 [INFO] [MPC] state=(+3.46,-5.10,-1.55) wp0=(+3.55,-5.15) v=+0.030 ω=-0.011 ok=True iters=12
07:44:06 [INFO] [PROG] s*=6.19/6.50 (95.1%) dist_goal=0.31
07:44:06 [INFO] [MPC] state=(+3.46,-5.10,-1.55) wp0=(+3.55,-5.16) v=+0.030 ω=-0.009 ok=True iters=11
07:44:06 [INFO] [PROG] s*=6.19/6.50 (95.2%) dist_goal=0.31
07:44:06 [INFO] [MPC] state=(+3.46,-5.11,-1.55) wp0=(+3.55,-5.16) v=+0.030 ω=-0.006 ok=True iters=12
07:44:06 [INFO] [PROG] s*=6.19/6.50 (95.2%) dist_goal=0.31
07:44:06 [INFO] [MPC] state=(+3.46,-5.11,-1.55) wp0=(+3.55,-5.16) v=+0.030 ω=-0.005 ok=True iters=11
07:44:06 [INFO] [PROG] s*=6.20/6.50 (95.3%) dist_goal=0.30
07:44:06 [INFO] [MPC] state=(+3.46,-5.11,-1.55) wp0=(+3.55,-5.16) v=+0.030 ω=+0.019 ok=True iters=11
07:44:06 [INFO] [PROG] s*=6.20/6.50 (95.3%) dist_goal=0.30
07:44:06 [INFO] [MPC] state=(+3.46,-5.11,-1.55) wp0=(+3.55,-5.17) v=+0.030 ω=+0.013 ok=True iters=12
07:44:06 [INFO] [PROG] s*=6.20/6.50 (95.4%) dist_goal=0.30
07:44:06 [INFO] [MPC] state=(+3.46,-5.12,-1.55) wp0=(+3.55,-5.17) v=+0.030 ω=+0.006 ok=True iters=13
07:44:06 [INFO] [PROG] s*=6.20/6.50 (95.4%) dist_goal=0.30
07:44:06 [INFO] [MPC] state=(+3.46,-5.12,-1.55) wp0=(+3.55,-5.17) v=+0.030 ω=+0.004 ok=True iters=13
07:44:06 [INFO] [PROG] s*=6.21/6.50 (95.4%) dist_goal=0.30
07:44:06 [INFO] [MPC] state=(+3.46,-5.12,-1.55) wp0=(+3.55,-5.17) v=+0.030 ω=+0.002 ok=True iters=11
07:44:06 [INFO] [PROG] s*=6.21/6.50 (95.5%) dist_goal=0.29
07:44:06 [INFO] [MPC] state=(+3.46,-5.12,-1.55) wp0=(+3.55,-5.18) v=+0.030 ω=+0.005 ok=True iters=10
07:44:06 [INFO] [PROG] s*=6.21/6.50 (95.5%) dist_goal=0.29
07:44:06 [INFO] [MPC] state=(+3.46,-5.13,-1.55) wp0=(+3.55,-5.18) v=+0.030 ω=+0.004 ok=True iters=9
07:44:06 [INFO] [PROG] s*=6.22/6.50 (95.6%) dist_goal=0.29
07:44:06 [INFO] [MPC] state=(+3.46,-5.13,-1.54) wp0=(+3.55,-5.18) v=+0.030 ω=+0.072 ok=True iters=9
07:44:06 [INFO] [PROG] s*=6.22/6.50 (95.6%) dist_goal=0.29
07:44:06 [INFO] [MPC] state=(+3.46,-5.13,-1.54) wp0=(+3.55,-5.19) v=+0.030 ω=+0.222 ok=True iters=10
07:44:06 [INFO] [PROG] s*=6.22/6.50 (95.6%) dist_goal=0.28
07:44:06 [INFO] [MPC] state=(+3.46,-5.14,-1.52) wp0=(+3.55,-5.19) v=+0.030 ω=+0.339 ok=True iters=10
07:44:06 [INFO] [PROG] s*=6.22/6.50 (95.7%) dist_goal=0.28
07:44:06 [INFO] [MPC] state=(+3.46,-5.14,-1.48) wp0=(+3.55,-5.19) v=+0.030 ω=+0.402 ok=True iters=11
07:44:06 [INFO] [PROG] s*=6.23/6.50 (95.7%) dist_goal=0.28
07:44:06 [INFO] [MPC] state=(+3.46,-5.14,-1.45) wp0=(+3.55,-5.19) v=+0.030 ω=+0.454 ok=True iters=12
07:44:06 [INFO] [PROG] s*=6.23/6.50 (95.8%) dist_goal=0.28
07:44:06 [INFO] [MPC] state=(+3.46,-5.14,-1.40) wp0=(+3.55,-5.20) v=+0.030 ω=+0.526 ok=True iters=13
07:44:06 [INFO] [PROG] s*=6.23/6.50 (95.8%) dist_goal=0.28
07:44:06 [INFO] [MPC] state=(+3.46,-5.15,-1.35) wp0=(+3.55,-5.20) v=+0.030 ω=+0.554 ok=True iters=11
07:44:06 [INFO] [PROG] s*=6.23/6.50 (95.8%) dist_goal=0.27
07:44:06 [INFO] [MPC] state=(+3.46,-5.15,-1.30) wp0=(+3.55,-5.20) v=+0.030 ω=+0.574 ok=True iters=12
07:44:06 [INFO] [PROG] s*=6.24/6.50 (95.9%) dist_goal=0.27
07:44:06 [INFO] [MPC] state=(+3.46,-5.15,-1.24) wp0=(+3.55,-5.20) v=+0.030 ω=+0.547 ok=True iters=12
07:44:06 [INFO] [PROG] s*=6.24/6.50 (95.9%) dist_goal=0.27
07:44:06 [INFO] [MPC] state=(+3.46,-5.15,-1.18) wp0=(+3.55,-5.21) v=+0.030 ω=+0.541 ok=True iters=10
07:44:06 [INFO] [PROG] s*=6.24/6.50 (95.9%) dist_goal=0.27
07:44:06 [INFO] [MPC] state=(+3.46,-5.16,-1.13) wp0=(+3.55,-5.21) v=+0.030 ω=+0.572 ok=True iters=11
07:44:06 [INFO] [PROG] s*=6.24/6.50 (96.0%) dist_goal=0.26
07:44:06 [INFO] [MPC] state=(+3.47,-5.16,-1.07) wp0=(+3.55,-5.21) v=+0.030 ω=+0.551 ok=True iters=11
07:44:06 [INFO] [PROG] s*=6.24/6.50 (96.0%) dist_goal=0.26
07:44:06 [INFO] [MPC] state=(+3.47,-5.16,-1.02) wp0=(+3.55,-5.21) v=+0.030 ω=+0.514 ok=True iters=13
07:44:06 [INFO] [PROG] s*=6.25/6.50 (96.0%) dist_goal=0.26
07:44:06 [INFO] [MPC] state=(+3.47,-5.16,-0.96) wp0=(+3.55,-5.21) v=+0.030 ω=+0.366 ok=True iters=11
07:44:06 [INFO] [PROG] s*=6.25/6.50 (96.1%) dist_goal=0.26
07:44:06 [INFO] [MPC] state=(+3.47,-5.16,-0.93) wp0=(+3.55,-5.22) v=+0.030 ω=+0.274 ok=True iters=11
07:44:06 [INFO] [PROG] s*=6.25/6.50 (96.1%) dist_goal=0.25
07:44:06 [INFO] [MPC] state=(+3.47,-5.17,-0.90) wp0=(+3.55,-5.22) v=+0.030 ω=+0.217 ok=True iters=12
07:44:06 [INFO] [PROG] s*=6.25/6.50 (96.1%) dist_goal=0.25
07:44:06 [INFO] [MPC] state=(+3.47,-5.17,-0.87) wp0=(+3.55,-5.22) v=+0.030 ω=+0.204 ok=True iters=11
07:44:06 [INFO] [PROG] s*=6.26/6.50 (96.2%) dist_goal=0.25
07:44:06 [INFO] [MPC] state=(+3.48,-5.17,-0.85) wp0=(+3.55,-5.22) v=+0.030 ω=+0.179 ok=True iters=11
07:44:06 [INFO] [PROG] s*=6.26/6.50 (96.2%) dist_goal=0.24
07:44:06 [INFO] [MPC] state=(+3.48,-5.17,-0.84) wp0=(+3.55,-5.22) v=+0.030 ω=+0.165 ok=True iters=12
07:44:06 [INFO] [PROG] s*=6.26/6.50 (96.2%) dist_goal=0.24
07:44:06 [INFO] [MPC] state=(+3.48,-5.17,-0.82) wp0=(+3.55,-5.23) v=+0.030 ω=+0.157 ok=True iters=12
07:44:06 [INFO] [PROG] s*=6.26/6.50 (96.3%) dist_goal=0.24
07:44:06 [INFO] [MPC] state=(+3.48,-5.18,-0.80) wp0=(+3.55,-5.23) v=+0.030 ω=+0.147 ok=True iters=13
07:44:06 [INFO] [PROG] s*=6.26/6.50 (96.3%) dist_goal=0.24
07:44:06 [INFO] [MPC] state=(+3.48,-5.18,-0.79) wp0=(+3.55,-5.23) v=+0.030 ω=+0.142 ok=True iters=11
07:44:06 [INFO] [PROG] s*=6.27/6.50 (96.3%) dist_goal=0.23
07:44:06 [INFO] [MPC] state=(+3.49,-5.18,-0.77) wp0=(+3.55,-5.23) v=+0.030 ω=+0.140 ok=True iters=12
07:44:06 [INFO] [PROG] s*=6.27/6.50 (96.4%) dist_goal=0.23
07:44:06 [INFO] [MPC] state=(+3.49,-5.18,-0.76) wp0=(+3.55,-5.23) v=+0.030 ω=+0.134 ok=True iters=11
07:44:06 [INFO] [PROG] s*=6.27/6.50 (96.4%) dist_goal=0.23
07:44:06 [INFO] [MPC] state=(+3.49,-5.18,-0.75) wp0=(+3.55,-5.24) v=+0.030 ω=+0.089 ok=True iters=12
07:44:06 [INFO] [PROG] s*=6.27/6.50 (96.4%) dist_goal=0.22
07:44:06 [INFO] [MPC] state=(+3.49,-5.19,-0.74) wp0=(+3.55,-5.24) v=+0.030 ω=+0.060 ok=True iters=11
07:44:06 [INFO] [PROG] s*=6.27/6.50 (96.4%) dist_goal=0.22
07:44:06 [INFO] [MPC] state=(+3.49,-5.19,-0.73) wp0=(+3.55,-5.24) v=+0.030 ω=+0.063 ok=True iters=11
07:44:06 [INFO] [PROG] s*=6.28/6.50 (96.5%) dist_goal=0.22
07:44:06 [INFO] [MPC] state=(+3.50,-5.19,-0.72) wp0=(+3.55,-5.24) v=+0.030 ω=+0.043 ok=True iters=11
07:44:06 [INFO] [PROG] s*=6.28/6.50 (96.5%) dist_goal=0.22
07:44:06 [INFO] [MPC] state=(+3.50,-5.19,-0.72) wp0=(+3.55,-5.24) v=+0.030 ω=+0.031 ok=True iters=11
07:44:06 [INFO] [PROG] s*=6.28/6.50 (96.5%) dist_goal=0.21
07:44:06 [INFO] [MPC] state=(+3.50,-5.19,-0.72) wp0=(+3.55,-5.25) v=+0.030 ω=+0.026 ok=True iters=10
07:44:06 [INFO] [PROG] s*=6.28/6.50 (96.6%) dist_goal=0.21
07:44:06 [INFO] [MPC] state=(+3.50,-5.20,-0.71) wp0=(+3.55,-5.25) v=+0.030 ω=+0.020 ok=True iters=10
07:44:06 [INFO] [PROG] s*=6.28/6.50 (96.6%) dist_goal=0.21
07:44:06 [INFO] [MPC] state=(+3.51,-5.20,-0.71) wp0=(+3.55,-5.25) v=+0.030 ω=+0.017 ok=True iters=10
07:44:06 [INFO] [PROG] s*=6.29/6.50 (96.6%) dist_goal=0.20
07:44:06 [INFO] [MPC] state=(+3.51,-5.20,-0.71) wp0=(+3.55,-5.25) v=+0.030 ω=+0.014 ok=True iters=10
07:44:06 [INFO] [PROG] s*=6.29/6.50 (96.7%) dist_goal=0.20
07:44:06 [INFO] [MPC] state=(+3.51,-5.20,-0.71) wp0=(+3.55,-5.25) v=+0.030 ω=+0.013 ok=True iters=10
07:44:06 [INFO] [PROG] s*=6.29/6.50 (96.7%) dist_goal=0.20
07:44:06 [INFO] [MPC] state=(+3.51,-5.20,-0.71) wp0=(+3.55,-5.25) v=+0.030 ω=+0.012 ok=True iters=10
07:44:06 [INFO] [PROG] s*=6.29/6.50 (96.7%) dist_goal=0.19
07:44:06 [INFO] [MPC] state=(+3.51,-5.21,-0.70) wp0=(+3.56,-5.26) v=+0.030 ω=+0.011 ok=True iters=10
07:44:06 [INFO] [PROG] s*=6.29/6.50 (96.8%) dist_goal=0.19
07:44:06 [INFO] [MPC] state=(+3.52,-5.21,-0.70) wp0=(+3.56,-5.26) v=+0.030 ω=+0.012 ok=True iters=10
07:44:06 [INFO] [PROG] s*=6.29/6.50 (96.8%) dist_goal=0.19
07:44:06 [INFO] [MPC] state=(+3.52,-5.21,-0.70) wp0=(+3.56,-5.26) v=+0.030 ω=+0.011 ok=True iters=10
07:44:06 [INFO] [PROG] s*=6.30/6.50 (96.8%) dist_goal=0.19
07:44:06 [INFO] [MPC] state=(+3.52,-5.21,-0.70) wp0=(+3.56,-5.26) v=+0.030 ω=+0.011 ok=True iters=10
07:44:06 [INFO] [PROG] s*=6.30/6.50 (96.8%) dist_goal=0.18
07:44:06 [INFO] [MPC] state=(+3.52,-5.21,-0.70) wp0=(+3.56,-5.26) v=+0.030 ω=+0.011 ok=True iters=10
07:44:06 [INFO] [PROG] s*=6.30/6.50 (96.9%) dist_goal=0.18
07:44:06 [INFO] [MPC] state=(+3.53,-5.22,-0.70) wp0=(+3.56,-5.26) v=+0.030 ω=+0.011 ok=True iters=10
07:44:06 [INFO] [PROG] s*=6.30/6.50 (96.9%) dist_goal=0.18
07:44:06 [INFO] [MPC] state=(+3.53,-5.22,-0.70) wp0=(+3.56,-5.26) v=+0.030 ω=+0.012 ok=True iters=10
07:44:06 [INFO] [PROG] s*=6.30/6.50 (96.9%) dist_goal=0.17
07:44:06 [INFO] [MPC] state=(+3.53,-5.22,-0.69) wp0=(+3.57,-5.27) v=+0.030 ω=+0.012 ok=True iters=10
07:44:06 [INFO] [PROG] s*=6.31/6.50 (97.0%) dist_goal=0.17
07:44:06 [INFO] [MPC] state=(+3.53,-5.22,-0.69) wp0=(+3.57,-5.27) v=+0.030 ω=+0.013 ok=True iters=10
07:44:06 [INFO] [PROG] s*=6.31/6.50 (97.0%) dist_goal=0.17
07:44:06 [INFO] [MPC] state=(+3.53,-5.22,-0.69) wp0=(+3.57,-5.27) v=+0.030 ω=+0.012 ok=True iters=11
07:44:06 [INFO] [PROG] s*=6.31/6.50 (97.0%) dist_goal=0.17
07:44:06 [INFO] [MPC] state=(+3.54,-5.23,-0.69) wp0=(+3.57,-5.27) v=+0.030 ω=+0.013 ok=True iters=11
07:44:06 [INFO] [PROG] s*=6.31/6.50 (97.1%) dist_goal=0.16
07:44:06 [INFO] [MPC] state=(+3.54,-5.23,-0.69) wp0=(+3.57,-5.27) v=+0.030 ω=+0.014 ok=True iters=11
07:44:06 [INFO] [PROG] s*=6.31/6.50 (97.1%) dist_goal=0.16
07:44:06 [INFO] [MPC] state=(+3.54,-5.23,-0.69) wp0=(+3.57,-5.27) v=+0.030 ω=+0.015 ok=True iters=11
07:44:06 [INFO] [PROG] s*=6.32/6.50 (97.1%) dist_goal=0.16
07:44:06 [INFO] [MPC] state=(+3.54,-5.23,-0.69) wp0=(+3.57,-5.27) v=+0.030 ω=+0.015 ok=True iters=11
07:44:06 [INFO] [PROG] s*=6.32/6.50 (97.1%) dist_goal=0.15
07:44:06 [INFO] [MPC] state=(+3.55,-5.23,-0.68) wp0=(+3.58,-5.28) v=+0.030 ω=+0.016 ok=True iters=12
07:44:06 [INFO] [PROG] s*=6.32/6.50 (97.2%) dist_goal=0.15
07:44:06 [INFO] [MPC] state=(+3.55,-5.24,-0.68) wp0=(+3.58,-5.28) v=+0.030 ω=+0.015 ok=True iters=11
07:44:06 [INFO] [PROG] s*=6.32/6.50 (97.2%) dist_goal=0.15
07:44:06 [INFO] [MPC] state=(+3.55,-5.24,-0.68) wp0=(+3.58,-5.28) v=+0.030 ω=+0.015 ok=True iters=11
07:44:06 [INFO] [PROG] s*=6.32/6.50 (97.2%) dist_goal=0.14
07:44:06 [INFO] [MPC] state=(+3.55,-5.24,-0.68) wp0=(+3.58,-5.28) v=+0.030 ω=+0.014 ok=True iters=11
07:44:06 [INFO] [PROG] s*=6.33/6.50 (97.3%) dist_goal=0.14
07:44:06 [INFO] [MPC] state=(+3.55,-5.24,-0.68) wp0=(+3.58,-5.28) v=+0.030 ω=+0.016 ok=True iters=12
07:44:06 [INFO] [PROG] s*=6.33/6.50 (97.3%) dist_goal=0.14
07:44:06 [INFO] [MPC] state=(+3.56,-5.24,-0.67) wp0=(+3.58,-5.28) v=+0.030 ω=+0.015 ok=True iters=12
07:44:06 [INFO] [PROG] s*=6.34/6.50 (97.5%) dist_goal=0.14
07:44:06 [INFO] [MPC] state=(+3.56,-5.24,-0.67) wp0=(+3.59,-5.29) v=+0.030 ω=+0.016 ok=True iters=12
07:44:06 [INFO] [PROG] s*=6.34/6.50 (97.5%) dist_goal=0.13
07:44:06 [INFO] [MPC] state=(+3.56,-5.25,-0.67) wp0=(+3.59,-5.29) v=+0.030 ω=+0.016 ok=True iters=11
07:44:06 [INFO] [PROG] s*=6.34/6.50 (97.5%) dist_goal=0.13
07:44:06 [INFO] [MPC] state=(+3.56,-5.25,-0.67) wp0=(+3.59,-5.29) v=+0.030 ω=+0.016 ok=True iters=11
07:44:06 [INFO] [PROG] s*=6.35/6.50 (97.6%) dist_goal=0.13
07:44:06 [INFO] [MPC] state=(+3.57,-5.25,-0.67) wp0=(+3.60,-5.30) v=+0.030 ω=+0.018 ok=True iters=11
07:44:06 [INFO] [PROG] s*=6.35/6.50 (97.6%) dist_goal=0.12
07:44:06 [INFO] [MPC] state=(+3.57,-5.25,-0.66) wp0=(+3.60,-5.30) v=+0.030 ω=+0.017 ok=True iters=10
07:44:06 [INFO] [PROG] s*=6.35/6.50 (97.7%) dist_goal=0.12
07:44:06 [INFO] [MPC] state=(+3.57,-5.25,-0.66) wp0=(+3.60,-5.30) v=+0.030 ω=+0.018 ok=True iters=10
07:44:06 [INFO] [PROG] s*=6.36/6.50 (97.7%) dist_goal=0.12
07:44:06 [INFO] [MPC] state=(+3.57,-5.26,-0.66) wp0=(+3.60,-5.30) v=+0.030 ω=+0.020 ok=True iters=9
07:44:06 [INFO] [PROG] s*=6.36/6.50 (97.8%) dist_goal=0.12
07:44:06 [INFO] [MPC] state=(+3.58,-5.26,-0.66) wp0=(+3.60,-5.30) v=+0.030 ω=+0.021 ok=True iters=5
07:44:06 [INFO] [PROG] s*=6.36/6.50 (97.8%) dist_goal=0.11
07:44:06 [INFO] [MPC] state=(+3.58,-5.26,-0.66) wp0=(+3.61,-5.31) v=+0.030 ω=+0.021 ok=True iters=5
07:44:06 [INFO] [PROG] s*=6.37/6.50 (97.9%) dist_goal=0.11
07:44:06 [INFO] [MPC] state=(+3.58,-5.26,-0.65) wp0=(+3.61,-5.31) v=+0.030 ω=+0.022 ok=True iters=5
07:44:06 [INFO] [PROG] s*=6.37/6.50 (97.9%) dist_goal=0.11
07:44:06 [INFO] [MPC] state=(+3.58,-5.26,-0.65) wp0=(+3.61,-5.31) v=+0.030 ω=+0.021 ok=True iters=5
07:44:06 [INFO] [PROG] s*=6.37/6.50 (98.0%) dist_goal=0.10
07:44:06 [INFO] [MPC] state=(+3.58,-5.27,-0.65) wp0=(+3.61,-5.31) v=+0.030 ω=+0.022 ok=True iters=5
07:44:06 [INFO] [PROG] s*=6.37/6.50 (98.0%) dist_goal=0.10
07:44:06 [INFO] [MPC] state=(+3.59,-5.27,-0.65) wp0=(+3.61,-5.31) v=+0.030 ω=+0.021 ok=True iters=5
07:44:06 [INFO] [PROG] s*=6.38/6.50 (98.0%) dist_goal=0.10
07:44:06 [INFO] [MPC] state=(+3.59,-5.27,-0.64) wp0=(+3.62,-5.32) v=+0.030 ω=+0.022 ok=True iters=5
