22:37:20 [INFO] === New MPC Session Started ===
22:37:20 [DEBUG] matplotlib data path: /home/max/.local/lib/python3.10/site-packages/matplotlib/mpl-data
22:37:20 [DEBUG] CONFIGDIR=/home/max/.config/matplotlib
22:37:20 [DEBUG] interactive is False
22:37:20 [DEBUG] platform is linux
22:37:20 [DEBUG] CACHEDIR=/home/max/.cache/matplotlib
22:37:20 [DEBUG] Using fontManager instance from /home/max/.cache/matplotlib/fontlist-v390.json
22:37:20 [INFO] CrowdNavPyBulletEnv initializing...
22:37:23 [INFO] World ready | grid: (112, 112), res: 0.1, N=10, T=0.1
22:37:25 [INFO] [PROG] s*=0.00/8.34 (0.0%) dist_goal=7.64
22:37:25 [INFO] [MPC] state=(+4.04,+5.15,-3.10) wp0=(+3.97,+5.15) v=+0.200 ω=-1.734 ok=True iters=8
22:37:25 [INFO] [PROG] s*=0.00/8.34 (0.0%) dist_goal=7.62
22:37:25 [INFO] [MPC] state=(+4.03,+5.14,-3.17) wp0=(+3.97,+5.15) v=+0.200 ω=-1.039 ok=True iters=6
22:37:25 [INFO] [PROG] s*=0.02/8.34 (0.2%) dist_goal=7.61
22:37:25 [INFO] [MPC] state=(+4.02,+5.15,-3.25) wp0=(+3.95,+5.15) v=+0.200 ω=-0.309 ok=True iters=6
22:37:25 [INFO] [PROG] s*=0.04/8.34 (0.5%) dist_goal=7.59
22:37:25 [INFO] [MPC] state=(+4.00,+5.15,-3.28) wp0=(+3.93,+5.15) v=+0.200 ω=-0.025 ok=True iters=6
22:37:25 [INFO] [PROG] s*=0.06/8.34 (0.7%) dist_goal=7.57
22:37:25 [INFO] [MPC] state=(+3.98,+5.15,-3.28) wp0=(+3.91,+5.15) v=+0.200 ω=+0.151 ok=True iters=6
22:37:25 [INFO] [PROG] s*=0.08/8.34 (1.0%) dist_goal=7.55
22:37:25 [INFO] [MPC] state=(+3.96,+5.15,-3.27) wp0=(+3.89,+5.15) v=+0.200 ω=+0.220 ok=True iters=7
22:37:25 [INFO] [PROG] s*=0.10/8.34 (1.2%) dist_goal=7.54
22:37:25 [INFO] [MPC] state=(+3.94,+5.16,-3.25) wp0=(+3.87,+5.15) v=+0.200 ω=+0.517 ok=True iters=7
22:37:25 [INFO] [PROG] s*=0.12/8.34 (1.4%) dist_goal=7.52
22:37:25 [INFO] [MPC] state=(+3.92,+5.16,-3.22) wp0=(+3.85,+5.15) v=+0.200 ω=+0.490 ok=True iters=7
22:37:25 [INFO] [PROG] s*=0.14/8.34 (1.6%) dist_goal=7.50
22:37:25 [INFO] [MPC] state=(+3.90,+5.16,-3.19) wp0=(+3.83,+5.15) v=+0.200 ω=+0.395 ok=True iters=7
22:37:25 [INFO] [PROG] s*=0.15/8.34 (1.8%) dist_goal=7.49
22:37:25 [INFO] [MPC] state=(+3.88,+5.16,-3.17) wp0=(+3.82,+5.15) v=+0.200 ω=+0.388 ok=True iters=7
22:37:25 [INFO] [PROG] s*=0.17/8.34 (2.1%) dist_goal=7.47
22:37:25 [INFO] [MPC] state=(+3.87,+5.16,-3.15) wp0=(+3.80,+5.15) v=+0.200 ω=+0.373 ok=True iters=7
22:37:25 [INFO] [PROG] s*=0.19/8.34 (2.3%) dist_goal=7.45
22:37:25 [INFO] [MPC] state=(+3.85,+5.16,-3.13) wp0=(+3.78,+5.15) v=+0.200 ω=+0.349 ok=True iters=7
22:37:25 [INFO] [PROG] s*=0.21/8.34 (2.5%) dist_goal=7.43
22:37:25 [INFO] [MPC] state=(+3.83,+5.16,-3.10) wp0=(+3.76,+5.15) v=+0.200 ω=+0.311 ok=True iters=7
22:37:25 [INFO] [PROG] s*=0.23/8.34 (2.8%) dist_goal=7.41
22:37:25 [INFO] [MPC] state=(+3.81,+5.16,-3.09) wp0=(+3.74,+5.15) v=+0.200 ω=+0.424 ok=True iters=7
22:37:25 [INFO] [PROG] s*=0.25/8.34 (3.0%) dist_goal=7.40
22:37:25 [INFO] [MPC] state=(+3.79,+5.16,-3.06) wp0=(+3.72,+5.15) v=+0.200 ω=+0.356 ok=True iters=7
22:37:25 [INFO] [PROG] s*=0.27/8.34 (3.2%) dist_goal=7.38
22:37:25 [INFO] [MPC] state=(+3.77,+5.16,-3.04) wp0=(+3.70,+5.15) v=+0.200 ω=+0.293 ok=True iters=7
22:37:25 [INFO] [PROG] s*=0.29/8.34 (3.4%) dist_goal=7.36
22:37:25 [INFO] [MPC] state=(+3.75,+5.15,-3.02) wp0=(+3.68,+5.15) v=+0.200 ω=+0.228 ok=True iters=7
22:37:25 [INFO] [PROG] s*=0.31/8.34 (3.7%) dist_goal=7.34
22:37:25 [INFO] [MPC] state=(+3.73,+5.15,-3.00) wp0=(+3.66,+5.15) v=+0.200 ω=+0.170 ok=True iters=7
22:37:25 [INFO] [PROG] s*=0.33/8.34 (3.9%) dist_goal=7.32
22:37:25 [INFO] [MPC] state=(+3.71,+5.15,-2.99) wp0=(+3.64,+5.15) v=+0.200 ω=+0.118 ok=True iters=7
22:37:25 [INFO] [PROG] s*=0.35/8.34 (4.2%) dist_goal=7.30
22:37:25 [INFO] [MPC] state=(+3.69,+5.14,-2.98) wp0=(+3.62,+5.15) v=+0.200 ω=+0.176 ok=True iters=7
22:37:25 [INFO] [PROG] s*=0.37/8.34 (4.4%) dist_goal=7.28
22:37:25 [INFO] [MPC] state=(+3.67,+5.14,-2.97) wp0=(+3.60,+5.15) v=+0.200 ω=+0.111 ok=True iters=7
22:37:25 [INFO] [PROG] s*=0.39/8.34 (4.6%) dist_goal=7.26
22:37:25 [INFO] [MPC] state=(+3.65,+5.14,-2.96) wp0=(+3.58,+5.15) v=+0.200 ω=+0.054 ok=True iters=7
22:37:25 [INFO] [PROG] s*=0.41/8.34 (4.9%) dist_goal=7.24
22:37:25 [INFO] [MPC] state=(+3.63,+5.13,-2.95) wp0=(+3.56,+5.15) v=+0.200 ω=+0.013 ok=True iters=7
22:37:25 [INFO] [PROG] s*=0.43/8.34 (5.1%) dist_goal=7.22
22:37:25 [INFO] [MPC] state=(+3.61,+5.13,-2.95) wp0=(+3.54,+5.15) v=+0.200 ω=-0.015 ok=True iters=7
22:37:25 [INFO] [PROG] s*=0.45/8.34 (5.3%) dist_goal=7.20
22:37:25 [INFO] [MPC] state=(+3.59,+5.13,-2.95) wp0=(+3.52,+5.15) v=+0.200 ω=+0.034 ok=True iters=7
22:37:25 [INFO] [PROG] s*=0.47/8.34 (5.6%) dist_goal=7.18
22:37:25 [INFO] [MPC] state=(+3.57,+5.12,-2.95) wp0=(+3.50,+5.15) v=+0.200 ω=-0.003 ok=True iters=7
22:37:25 [INFO] [PROG] s*=0.49/8.34 (5.8%) dist_goal=7.16
22:37:25 [INFO] [MPC] state=(+3.55,+5.12,-2.95) wp0=(+3.48,+5.15) v=+0.200 ω=-0.029 ok=True iters=7
22:37:25 [INFO] [PROG] s*=0.51/8.34 (6.1%) dist_goal=7.14
22:37:25 [INFO] [MPC] state=(+3.53,+5.11,-2.95) wp0=(+3.46,+5.15) v=+0.200 ω=-0.045 ok=True iters=7
22:37:25 [INFO] [PROG] s*=0.53/8.34 (6.3%) dist_goal=7.12
22:37:25 [INFO] [MPC] state=(+3.51,+5.11,-2.96) wp0=(+3.44,+5.15) v=+0.200 ω=-0.055 ok=True iters=7
22:37:25 [INFO] [PROG] s*=0.55/8.34 (6.5%) dist_goal=7.10
22:37:25 [INFO] [MPC] state=(+3.49,+5.11,-2.96) wp0=(+3.42,+5.15) v=+0.200 ω=-0.060 ok=True iters=7
22:37:25 [INFO] [PROG] s*=0.57/8.34 (6.8%) dist_goal=7.08
22:37:25 [INFO] [MPC] state=(+3.47,+5.10,-2.97) wp0=(+3.40,+5.15) v=+0.200 ω=-0.002 ok=True iters=7
22:37:25 [INFO] [PROG] s*=0.59/8.34 (7.0%) dist_goal=7.06
22:37:25 [INFO] [MPC] state=(+3.45,+5.10,-2.97) wp0=(+3.38,+5.15) v=+0.200 ω=-0.026 ok=True iters=7
22:37:25 [INFO] [PROG] s*=0.61/8.34 (7.3%) dist_goal=7.04
22:37:25 [INFO] [MPC] state=(+3.43,+5.10,-2.97) wp0=(+3.36,+5.15) v=+0.200 ω=-0.041 ok=True iters=7
22:37:25 [INFO] [PROG] s*=0.63/8.34 (7.5%) dist_goal=7.02
22:37:25 [INFO] [MPC] state=(+3.41,+5.09,-2.97) wp0=(+3.34,+5.15) v=+0.200 ω=-0.050 ok=True iters=7
22:37:25 [INFO] [PROG] s*=0.65/8.34 (7.7%) dist_goal=7.00
22:37:25 [INFO] [MPC] state=(+3.39,+5.09,-2.98) wp0=(+3.32,+5.15) v=+0.200 ω=-0.054 ok=True iters=7
22:37:25 [INFO] [PROG] s*=0.67/8.34 (8.0%) dist_goal=6.98
22:37:25 [INFO] [MPC] state=(+3.37,+5.09,-2.99) wp0=(+3.30,+5.15) v=+0.200 ω=-0.057 ok=True iters=7
22:37:25 [INFO] [PROG] s*=0.69/8.34 (8.2%) dist_goal=6.96
22:37:25 [INFO] [MPC] state=(+3.35,+5.08,-2.99) wp0=(+3.28,+5.15) v=+0.200 ω=-0.057 ok=True iters=7
22:37:25 [INFO] [PROG] s*=0.71/8.34 (8.5%) dist_goal=6.94
22:37:25 [INFO] [MPC] state=(+3.33,+5.08,-3.00) wp0=(+3.26,+5.15) v=+0.200 ω=-0.056 ok=True iters=7
22:37:25 [INFO] [PROG] s*=0.73/8.34 (8.7%) dist_goal=6.92
22:37:25 [INFO] [MPC] state=(+3.31,+5.08,-3.00) wp0=(+3.24,+5.15) v=+0.200 ω=-0.054 ok=True iters=7
22:37:25 [INFO] [PROG] s*=0.75/8.34 (9.0%) dist_goal=6.90
22:37:25 [INFO] [MPC] state=(+3.29,+5.07,-3.01) wp0=(+3.22,+5.15) v=+0.200 ω=-0.053 ok=True iters=7
22:37:25 [INFO] [PROG] s*=0.77/8.34 (9.2%) dist_goal=6.88
22:37:25 [INFO] [MPC] state=(+3.27,+5.07,-3.01) wp0=(+3.20,+5.15) v=+0.200 ω=-0.051 ok=True iters=7
22:37:25 [INFO] [PROG] s*=0.79/8.34 (9.4%) dist_goal=6.86
22:37:25 [INFO] [MPC] state=(+3.25,+5.07,-3.02) wp0=(+3.18,+5.15) v=+0.200 ω=-0.050 ok=True iters=7
22:37:25 [INFO] [PROG] s*=0.81/8.34 (9.7%) dist_goal=6.84
22:37:25 [INFO] [MPC] state=(+3.23,+5.07,-3.02) wp0=(+3.16,+5.15) v=+0.200 ω=-0.048 ok=True iters=7
22:37:25 [INFO] [PROG] s*=0.83/8.34 (9.9%) dist_goal=6.82
22:37:25 [INFO] [MPC] state=(+3.21,+5.06,-3.03) wp0=(+3.14,+5.15) v=+0.200 ω=-0.046 ok=True iters=7
22:37:25 [INFO] [PROG] s*=0.85/8.34 (10.2%) dist_goal=6.80
22:37:25 [INFO] [MPC] state=(+3.19,+5.06,-3.03) wp0=(+3.12,+5.15) v=+0.200 ω=-0.043 ok=True iters=7
22:37:25 [INFO] [PROG] s*=0.87/8.34 (10.4%) dist_goal=6.78
22:37:25 [INFO] [MPC] state=(+3.17,+5.06,-3.04) wp0=(+3.10,+5.15) v=+0.200 ω=-0.041 ok=True iters=7
22:37:25 [INFO] [PROG] s*=0.89/8.34 (10.6%) dist_goal=6.76
22:37:25 [INFO] [MPC] state=(+3.15,+5.06,-3.04) wp0=(+3.08,+5.15) v=+0.200 ω=-0.039 ok=True iters=7
22:37:25 [INFO] [PROG] s*=0.91/8.34 (10.9%) dist_goal=6.74
22:37:25 [INFO] [MPC] state=(+3.13,+5.05,-3.04) wp0=(+3.06,+5.15) v=+0.200 ω=-0.038 ok=True iters=7
22:37:25 [INFO] [PROG] s*=0.93/8.34 (11.1%) dist_goal=6.72
22:37:25 [INFO] [MPC] state=(+3.11,+5.05,-3.05) wp0=(+3.04,+5.15) v=+0.200 ω=-0.037 ok=True iters=7
22:37:25 [INFO] [PROG] s*=0.95/8.34 (11.4%) dist_goal=6.71
22:37:25 [INFO] [MPC] state=(+3.09,+5.05,-3.05) wp0=(+3.02,+5.15) v=+0.200 ω=-0.035 ok=True iters=7
22:37:25 [INFO] [PROG] s*=0.97/8.34 (11.6%) dist_goal=6.69
22:37:25 [INFO] [MPC] state=(+3.07,+5.05,-3.06) wp0=(+3.00,+5.15) v=+0.200 ω=-0.034 ok=True iters=7
22:37:25 [INFO] [PROG] s*=0.99/8.34 (11.9%) dist_goal=6.67
22:37:25 [INFO] [MPC] state=(+3.05,+5.05,-3.06) wp0=(+2.98,+5.15) v=+0.200 ω=-0.033 ok=True iters=7
22:37:25 [INFO] [PROG] s*=1.01/8.34 (12.1%) dist_goal=6.65
22:37:25 [INFO] [MPC] state=(+3.03,+5.05,-3.06) wp0=(+2.96,+5.15) v=+0.200 ω=-0.032 ok=True iters=7
22:37:25 [INFO] [PROG] s*=1.03/8.34 (12.3%) dist_goal=6.63
22:37:25 [INFO] [MPC] state=(+3.01,+5.04,-3.06) wp0=(+2.94,+5.15) v=+0.200 ω=-0.031 ok=True iters=7
22:37:25 [INFO] [PROG] s*=1.05/8.34 (12.6%) dist_goal=6.61
22:37:25 [INFO] [MPC] state=(+2.99,+5.04,-3.07) wp0=(+2.92,+5.15) v=+0.200 ω=-0.025 ok=True iters=7
22:37:25 [INFO] [PROG] s*=1.07/8.34 (12.8%) dist_goal=6.59
22:37:25 [INFO] [MPC] state=(+2.97,+5.04,-3.07) wp0=(+2.90,+5.15) v=+0.200 ω=-0.013 ok=True iters=7
22:37:25 [INFO] [PROG] s*=1.09/8.34 (13.1%) dist_goal=6.57
22:37:25 [INFO] [MPC] state=(+2.95,+5.04,-3.07) wp0=(+2.88,+5.15) v=+0.200 ω=-0.004 ok=True iters=7
22:37:25 [INFO] [PROG] s*=1.11/8.34 (13.3%) dist_goal=6.55
22:37:25 [INFO] [MPC] state=(+2.93,+5.04,-3.07) wp0=(+2.86,+5.15) v=+0.200 ω=+0.007 ok=True iters=7
22:37:25 [INFO] [PROG] s*=1.13/8.34 (13.6%) dist_goal=6.53
22:37:25 [INFO] [MPC] state=(+2.91,+5.04,-3.07) wp0=(+2.84,+5.15) v=+0.200 ω=+0.014 ok=True iters=7
22:37:25 [INFO] [PROG] s*=1.15/8.34 (13.8%) dist_goal=6.51
22:37:25 [INFO] [MPC] state=(+2.89,+5.04,-3.07) wp0=(+2.82,+5.15) v=+0.200 ω=+0.025 ok=True iters=7
22:37:25 [INFO] [PROG] s*=1.17/8.34 (14.0%) dist_goal=6.49
22:37:25 [INFO] [MPC] state=(+2.87,+5.03,-3.07) wp0=(+2.80,+5.15) v=+0.200 ω=+0.031 ok=True iters=7
22:37:25 [INFO] [PROG] s*=1.19/8.34 (14.3%) dist_goal=6.47
22:37:25 [INFO] [MPC] state=(+2.85,+5.03,-3.06) wp0=(+2.78,+5.15) v=+0.200 ω=+0.034 ok=True iters=7
22:37:25 [INFO] [PROG] s*=1.21/8.34 (14.5%) dist_goal=6.45
22:37:25 [INFO] [MPC] state=(+2.83,+5.03,-3.06) wp0=(+2.76,+5.15) v=+0.200 ω=+0.030 ok=True iters=7
22:37:25 [INFO] [PROG] s*=1.23/8.34 (14.8%) dist_goal=6.43
22:37:25 [INFO] [MPC] state=(+2.81,+5.03,-3.06) wp0=(+2.74,+5.15) v=+0.200 ω=+0.029 ok=True iters=7
22:37:25 [INFO] [PROG] s*=1.25/8.34 (15.0%) dist_goal=6.42
22:37:25 [INFO] [MPC] state=(+2.79,+5.03,-3.05) wp0=(+2.72,+5.15) v=+0.200 ω=+0.026 ok=True iters=7
22:37:25 [INFO] [PROG] s*=1.27/8.34 (15.3%) dist_goal=6.40
22:37:25 [INFO] [MPC] state=(+2.77,+5.03,-3.05) wp0=(+2.70,+5.15) v=+0.200 ω=+0.025 ok=True iters=7
22:37:25 [INFO] [PROG] s*=1.29/8.34 (15.5%) dist_goal=6.38
22:37:25 [INFO] [MPC] state=(+2.75,+5.02,-3.05) wp0=(+2.68,+5.15) v=+0.200 ω=+0.020 ok=True iters=7
22:37:25 [INFO] [PROG] s*=1.31/8.34 (15.7%) dist_goal=6.36
22:37:25 [INFO] [MPC] state=(+2.73,+5.02,-3.04) wp0=(+2.66,+5.15) v=+0.200 ω=+0.176 ok=True iters=7
22:37:25 [INFO] [PROG] s*=1.33/8.34 (15.9%) dist_goal=6.34
22:37:25 [INFO] [MPC] state=(+2.71,+5.02,-3.03) wp0=(+2.64,+5.15) v=+0.200 ω=+0.834 ok=True iters=8
22:37:25 [INFO] [PROG] s*=1.34/8.34 (16.1%) dist_goal=6.33
22:37:25 [INFO] [MPC] state=(+2.69,+5.02,-2.98) wp0=(+2.63,+5.15) v=+0.200 ω=+1.280 ok=True iters=8
22:37:25 [INFO] [PROG] s*=1.36/8.34 (16.3%) dist_goal=6.31
22:37:25 [INFO] [MPC] state=(+2.68,+5.01,-2.91) wp0=(+2.61,+5.15) v=+0.200 ω=+1.193 ok=True iters=9
22:37:25 [INFO] [PROG] s*=1.37/8.34 (16.5%) dist_goal=6.30
22:37:25 [INFO] [MPC] state=(+2.66,+5.01,-2.85) wp0=(+2.60,+5.15) v=+0.200 ω=+1.091 ok=True iters=9
22:37:25 [INFO] [PROG] s*=1.39/8.34 (16.6%) dist_goal=6.28
22:37:25 [INFO] [MPC] state=(+2.65,+5.00,-2.79) wp0=(+2.58,+5.15) v=+0.200 ω=+0.996 ok=True iters=9
22:37:25 [INFO] [PROG] s*=1.40/8.34 (16.8%) dist_goal=6.26
22:37:25 [INFO] [MPC] state=(+2.63,+5.00,-2.73) wp0=(+2.57,+5.15) v=+0.200 ω=+0.800 ok=True iters=9
22:37:25 [INFO] [PROG] s*=1.55/8.34 (18.6%) dist_goal=6.24
22:37:25 [INFO] [MPC] state=(+2.62,+4.99,-2.68) wp0=(+2.46,+5.06) v=+0.200 ω=+0.606 ok=True iters=9
22:37:25 [INFO] [PROG] s*=1.57/8.34 (18.8%) dist_goal=6.23
22:37:25 [INFO] [MPC] state=(+2.60,+4.98,-2.65) wp0=(+2.45,+5.05) v=+0.200 ω=-1.668 ok=True iters=8
22:37:25 [INFO] [PROG] s*=1.58/8.34 (19.0%) dist_goal=6.21
22:37:25 [INFO] [MPC] state=(+2.59,+4.98,-2.74) wp0=(+2.43,+5.05) v=+0.200 ω=-1.356 ok=True iters=7
22:37:25 [INFO] [PROG] s*=1.59/8.34 (19.1%) dist_goal=6.20
22:37:25 [INFO] [MPC] state=(+2.57,+4.97,-2.81) wp0=(+2.42,+5.05) v=+0.200 ω=-1.111 ok=True iters=7
22:37:25 [INFO] [PROG] s*=1.61/8.34 (19.3%) dist_goal=6.18
22:37:25 [INFO] [MPC] state=(+2.56,+4.97,-2.87) wp0=(+2.40,+5.05) v=+0.200 ω=-0.908 ok=True iters=7
22:37:25 [INFO] [PROG] s*=1.61/8.34 (19.3%) dist_goal=6.16
22:37:25 [INFO] [MPC] state=(+2.54,+4.96,-2.92) wp0=(+2.40,+5.05) v=+0.200 ω=-0.742 ok=True iters=7
22:37:25 [INFO] [PROG] s*=1.61/8.34 (19.3%) dist_goal=6.15
22:37:25 [INFO] [MPC] state=(+2.52,+4.96,-2.96) wp0=(+2.40,+5.05) v=+0.200 ω=-0.601 ok=True iters=7
22:37:25 [INFO] [PROG] s*=1.61/8.34 (19.3%) dist_goal=6.13
22:37:25 [INFO] [MPC] state=(+2.51,+4.95,-3.00) wp0=(+2.40,+5.05) v=+0.200 ω=-0.457 ok=True iters=7
22:37:25 [INFO] [PROG] s*=1.61/8.34 (19.3%) dist_goal=6.11
22:37:25 [INFO] [MPC] state=(+2.49,+4.95,-3.02) wp0=(+2.40,+5.05) v=+0.200 ω=-0.365 ok=True iters=7
22:37:25 [INFO] [PROG] s*=1.61/8.34 (19.4%) dist_goal=6.09
22:37:25 [INFO] [MPC] state=(+2.47,+4.95,-3.05) wp0=(+2.40,+5.05) v=+0.200 ω=-0.287 ok=True iters=7
22:37:25 [INFO] [PROG] s*=1.63/8.34 (19.6%) dist_goal=6.07
22:37:25 [INFO] [MPC] state=(+2.45,+4.95,-3.07) wp0=(+2.38,+5.05) v=+0.200 ω=-0.226 ok=True iters=7
22:37:25 [INFO] [PROG] s*=1.65/8.34 (19.8%) dist_goal=6.05
22:37:25 [INFO] [MPC] state=(+2.43,+4.95,-3.08) wp0=(+2.36,+5.05) v=+0.200 ω=-0.173 ok=True iters=7
22:37:25 [INFO] [PROG] s*=1.67/8.34 (20.1%) dist_goal=6.03
22:37:25 [INFO] [MPC] state=(+2.41,+4.95,-3.10) wp0=(+2.34,+5.05) v=+0.200 ω=-0.128 ok=True iters=7
22:37:25 [INFO] [PROG] s*=1.69/8.34 (20.3%) dist_goal=6.01
22:37:25 [INFO] [MPC] state=(+2.39,+4.95,-3.11) wp0=(+2.32,+5.05) v=+0.200 ω=-0.091 ok=True iters=7
22:37:25 [INFO] [PROG] s*=1.71/8.34 (20.6%) dist_goal=6.00
22:37:25 [INFO] [MPC] state=(+2.37,+4.94,-3.12) wp0=(+2.30,+5.05) v=+0.200 ω=-0.038 ok=True iters=7
22:37:25 [INFO] [PROG] s*=1.73/8.34 (20.8%) dist_goal=5.98
22:37:25 [INFO] [MPC] state=(+2.35,+4.94,-3.12) wp0=(+2.28,+5.05) v=+0.200 ω=-0.027 ok=True iters=7
22:37:25 [INFO] [PROG] s*=1.76/8.34 (21.1%) dist_goal=5.96
22:37:25 [INFO] [MPC] state=(+2.33,+4.94,-3.12) wp0=(+2.26,+5.05) v=+0.200 ω=-0.020 ok=True iters=7
22:37:25 [INFO] [PROG] s*=1.78/8.34 (21.3%) dist_goal=5.94
22:37:25 [INFO] [MPC] state=(+2.31,+4.94,-3.12) wp0=(+2.24,+5.05) v=+0.200 ω=-0.015 ok=True iters=7
22:37:25 [INFO] [PROG] s*=1.80/8.34 (21.5%) dist_goal=5.92
22:37:25 [INFO] [MPC] state=(+2.29,+4.94,-3.13) wp0=(+2.22,+5.05) v=+0.200 ω=-0.012 ok=True iters=7
22:37:25 [INFO] [PROG] s*=1.82/8.34 (21.8%) dist_goal=5.90
22:37:25 [INFO] [MPC] state=(+2.27,+4.94,-3.13) wp0=(+2.20,+5.05) v=+0.200 ω=-0.010 ok=True iters=7
22:37:25 [INFO] [PROG] s*=1.84/8.34 (22.0%) dist_goal=5.88
22:37:25 [INFO] [MPC] state=(+2.25,+4.94,-3.13) wp0=(+2.18,+5.05) v=+0.200 ω=-0.009 ok=True iters=7
22:37:25 [INFO] [PROG] s*=1.86/8.34 (22.3%) dist_goal=5.86
22:37:25 [INFO] [MPC] state=(+2.23,+4.94,-3.13) wp0=(+2.15,+5.05) v=+0.200 ω=-0.008 ok=True iters=7
22:37:25 [INFO] [PROG] s*=1.88/8.34 (22.5%) dist_goal=5.85
22:37:25 [INFO] [MPC] state=(+2.20,+4.94,-3.13) wp0=(+2.13,+5.05) v=+0.200 ω=-0.007 ok=True iters=7
22:37:25 [INFO] [PROG] s*=1.90/8.34 (22.8%) dist_goal=5.83
22:37:25 [INFO] [MPC] state=(+2.18,+4.94,-3.13) wp0=(+2.11,+5.05) v=+0.200 ω=-0.007 ok=True iters=7
22:37:25 [INFO] [PROG] s*=1.92/8.34 (23.0%) dist_goal=5.81
22:37:25 [INFO] [MPC] state=(+2.16,+4.94,-3.13) wp0=(+2.09,+5.05) v=+0.200 ω=-0.006 ok=True iters=7
22:37:25 [INFO] [PROG] s*=1.94/8.34 (23.2%) dist_goal=5.79
22:37:25 [INFO] [MPC] state=(+2.14,+4.94,-3.13) wp0=(+2.07,+5.05) v=+0.200 ω=-0.006 ok=True iters=7
22:37:25 [INFO] [PROG] s*=1.96/8.34 (23.5%) dist_goal=5.77
22:37:25 [INFO] [MPC] state=(+2.12,+4.94,-3.13) wp0=(+2.05,+5.05) v=+0.200 ω=-0.006 ok=True iters=7
22:37:25 [INFO] [PROG] s*=1.98/8.34 (23.7%) dist_goal=5.75
22:37:25 [INFO] [MPC] state=(+2.10,+4.94,-3.13) wp0=(+2.03,+5.05) v=+0.200 ω=-0.006 ok=True iters=7
22:37:25 [INFO] [PROG] s*=2.00/8.34 (24.0%) dist_goal=5.73
22:37:25 [INFO] [MPC] state=(+2.08,+4.94,-3.13) wp0=(+2.01,+5.05) v=+0.200 ω=-0.006 ok=True iters=7
22:37:25 [INFO] [PROG] s*=2.02/8.34 (24.2%) dist_goal=5.72
22:37:25 [INFO] [MPC] state=(+2.06,+4.94,-3.13) wp0=(+1.99,+5.05) v=+0.200 ω=-0.006 ok=True iters=7
22:37:25 [INFO] [PROG] s*=2.04/8.34 (24.5%) dist_goal=5.70
22:37:25 [INFO] [MPC] state=(+2.04,+4.94,-3.13) wp0=(+1.97,+5.05) v=+0.200 ω=-0.006 ok=True iters=7
22:37:25 [INFO] [PROG] s*=2.06/8.34 (24.7%) dist_goal=5.68
22:37:25 [INFO] [MPC] state=(+2.02,+4.94,-3.13) wp0=(+1.95,+5.05) v=+0.200 ω=-0.006 ok=True iters=7
22:37:25 [INFO] [PROG] s*=2.08/8.34 (24.9%) dist_goal=5.66
22:37:25 [INFO] [MPC] state=(+2.00,+4.94,-3.13) wp0=(+1.93,+5.05) v=+0.200 ω=-0.005 ok=True iters=7
22:37:25 [INFO] [PROG] s*=2.10/8.34 (25.2%) dist_goal=5.64
22:37:25 [INFO] [MPC] state=(+1.98,+4.94,-3.13) wp0=(+1.91,+5.05) v=+0.200 ω=-0.006 ok=True iters=7
22:37:25 [INFO] [PROG] s*=2.12/8.34 (25.4%) dist_goal=5.62
22:37:25 [INFO] [MPC] state=(+1.96,+4.94,-3.13) wp0=(+1.89,+5.05) v=+0.200 ω=-0.006 ok=True iters=7
22:37:25 [INFO] [PROG] s*=2.14/8.34 (25.7%) dist_goal=5.61
22:37:25 [INFO] [MPC] state=(+1.94,+4.94,-3.13) wp0=(+1.87,+5.05) v=+0.200 ω=-0.005 ok=True iters=7
22:37:25 [INFO] [PROG] s*=2.16/8.34 (25.9%) dist_goal=5.59
22:37:25 [INFO] [MPC] state=(+1.92,+4.94,-3.13) wp0=(+1.85,+5.05) v=+0.200 ω=-0.006 ok=True iters=7
22:37:25 [INFO] [PROG] s*=2.18/8.34 (26.2%) dist_goal=5.57
22:37:25 [INFO] [MPC] state=(+1.90,+4.94,-3.13) wp0=(+1.83,+5.05) v=+0.200 ω=-0.006 ok=True iters=7
22:37:25 [INFO] [PROG] s*=2.20/8.34 (26.4%) dist_goal=5.55
22:37:25 [INFO] [MPC] state=(+1.88,+4.94,-3.13) wp0=(+1.81,+5.05) v=+0.200 ω=-0.005 ok=True iters=7
22:37:25 [INFO] [PROG] s*=2.22/8.34 (26.6%) dist_goal=5.53
22:37:25 [INFO] [MPC] state=(+1.86,+4.94,-3.13) wp0=(+1.79,+5.05) v=+0.200 ω=-0.006 ok=True iters=7
22:37:25 [INFO] [PROG] s*=2.24/8.34 (26.9%) dist_goal=5.51
22:37:25 [INFO] [MPC] state=(+1.84,+4.94,-3.13) wp0=(+1.77,+5.05) v=+0.200 ω=-0.006 ok=True iters=7
22:37:25 [INFO] [PROG] s*=2.26/8.34 (27.1%) dist_goal=5.50
22:37:25 [INFO] [MPC] state=(+1.82,+4.94,-3.13) wp0=(+1.75,+5.05) v=+0.200 ω=-0.005 ok=True iters=7
22:37:25 [INFO] [PROG] s*=2.28/8.34 (27.4%) dist_goal=5.48
22:37:25 [INFO] [MPC] state=(+1.80,+4.94,-3.13) wp0=(+1.73,+5.05) v=+0.200 ω=-0.005 ok=True iters=7
22:37:25 [INFO] [PROG] s*=2.30/8.34 (27.6%) dist_goal=5.46
22:37:25 [INFO] [MPC] state=(+1.78,+4.94,-3.13) wp0=(+1.71,+5.05) v=+0.200 ω=-0.005 ok=True iters=7
22:37:25 [INFO] [PROG] s*=2.32/8.34 (27.9%) dist_goal=5.44
22:37:25 [INFO] [MPC] state=(+1.76,+4.94,-3.13) wp0=(+1.69,+5.05) v=+0.200 ω=-0.005 ok=True iters=7
22:37:25 [INFO] [PROG] s*=2.34/8.34 (28.1%) dist_goal=5.42
22:37:25 [INFO] [MPC] state=(+1.74,+4.94,-3.14) wp0=(+1.67,+5.05) v=+0.200 ω=-0.005 ok=True iters=7
22:37:25 [INFO] [PROG] s*=2.36/8.34 (28.4%) dist_goal=5.40
22:37:25 [INFO] [MPC] state=(+1.72,+4.94,-3.14) wp0=(+1.65,+5.05) v=+0.200 ω=-0.005 ok=True iters=7
22:37:25 [INFO] [PROG] s*=2.38/8.34 (28.6%) dist_goal=5.39
22:37:25 [INFO] [MPC] state=(+1.70,+4.94,-3.14) wp0=(+1.63,+5.05) v=+0.200 ω=-0.005 ok=True iters=7
22:37:25 [INFO] [PROG] s*=2.40/8.34 (28.8%) dist_goal=5.37
22:37:25 [INFO] [MPC] state=(+1.68,+4.94,-3.14) wp0=(+1.61,+5.05) v=+0.200 ω=-0.005 ok=True iters=7
22:37:25 [INFO] [PROG] s*=2.42/8.34 (29.1%) dist_goal=5.35
22:37:25 [INFO] [MPC] state=(+1.66,+4.94,-3.14) wp0=(+1.59,+5.05) v=+0.200 ω=-0.005 ok=True iters=7
22:37:25 [INFO] [PROG] s*=2.44/8.34 (29.3%) dist_goal=5.33
22:37:25 [INFO] [MPC] state=(+1.64,+4.94,-3.14) wp0=(+1.57,+5.05) v=+0.200 ω=-0.005 ok=True iters=7
22:37:25 [INFO] [PROG] s*=2.46/8.34 (29.6%) dist_goal=5.31
22:37:25 [INFO] [MPC] state=(+1.62,+4.94,-3.14) wp0=(+1.55,+5.05) v=+0.200 ω=-0.005 ok=True iters=7
22:37:25 [INFO] [PROG] s*=2.48/8.34 (29.8%) dist_goal=5.30
22:37:25 [INFO] [MPC] state=(+1.60,+4.94,-3.14) wp0=(+1.53,+5.05) v=+0.200 ω=-0.004 ok=True iters=7
22:37:25 [INFO] [PROG] s*=2.51/8.34 (30.1%) dist_goal=5.28
22:37:25 [INFO] [MPC] state=(+1.58,+4.94,-3.14) wp0=(+1.51,+5.05) v=+0.200 ω=-0.004 ok=True iters=7
22:37:25 [INFO] [PROG] s*=2.53/8.34 (30.3%) dist_goal=5.26
22:37:25 [INFO] [MPC] state=(+1.56,+4.94,-3.14) wp0=(+1.49,+5.05) v=+0.200 ω=-0.004 ok=True iters=7
22:37:25 [INFO] [PROG] s*=2.55/8.34 (30.5%) dist_goal=5.24
22:37:25 [INFO] [MPC] state=(+1.54,+4.94,-3.14) wp0=(+1.47,+5.05) v=+0.200 ω=-0.004 ok=True iters=7
22:37:25 [INFO] [PROG] s*=2.57/8.34 (30.8%) dist_goal=5.22
22:37:25 [INFO] [MPC] state=(+1.52,+4.94,-3.14) wp0=(+1.45,+5.05) v=+0.200 ω=-0.004 ok=True iters=7
22:37:25 [INFO] [PROG] s*=2.59/8.34 (31.0%) dist_goal=5.20
22:37:25 [INFO] [MPC] state=(+1.50,+4.94,-3.14) wp0=(+1.43,+5.05) v=+0.200 ω=-0.004 ok=True iters=7
22:37:25 [INFO] [PROG] s*=2.61/8.34 (31.3%) dist_goal=5.19
22:37:25 [INFO] [MPC] state=(+1.48,+4.94,-3.14) wp0=(+1.41,+5.05) v=+0.200 ω=-0.004 ok=True iters=7
22:37:25 [INFO] [PROG] s*=2.63/8.34 (31.5%) dist_goal=5.17
22:37:25 [INFO] [MPC] state=(+1.46,+4.94,-3.14) wp0=(+1.38,+5.05) v=+0.200 ω=-0.004 ok=True iters=7
22:37:25 [INFO] [PROG] s*=2.65/8.34 (31.8%) dist_goal=5.15
22:37:25 [INFO] [MPC] state=(+1.43,+4.94,-3.14) wp0=(+1.36,+5.05) v=+0.200 ω=-0.004 ok=True iters=7
22:37:25 [INFO] [PROG] s*=2.67/8.34 (32.0%) dist_goal=5.13
22:37:25 [INFO] [MPC] state=(+1.41,+4.94,-3.14) wp0=(+1.34,+5.05) v=+0.200 ω=-0.004 ok=True iters=7
22:37:25 [INFO] [PROG] s*=2.69/8.34 (32.2%) dist_goal=5.11
22:37:25 [INFO] [MPC] state=(+1.39,+4.94,-3.14) wp0=(+1.32,+5.05) v=+0.200 ω=-0.004 ok=True iters=7
22:37:25 [INFO] [PROG] s*=2.71/8.34 (32.5%) dist_goal=5.10
22:37:25 [INFO] [MPC] state=(+1.37,+4.94,-3.14) wp0=(+1.30,+5.05) v=+0.200 ω=-0.004 ok=True iters=7
22:37:25 [INFO] [PROG] s*=2.73/8.34 (32.7%) dist_goal=5.08
22:37:25 [INFO] [MPC] state=(+1.35,+4.94,-3.14) wp0=(+1.28,+5.05) v=+0.200 ω=-0.003 ok=True iters=7
22:37:25 [INFO] [PROG] s*=2.75/8.34 (33.0%) dist_goal=5.06
22:37:25 [INFO] [MPC] state=(+1.33,+4.94,-3.14) wp0=(+1.26,+5.05) v=+0.200 ω=-0.003 ok=True iters=7
22:37:25 [INFO] [PROG] s*=2.77/8.34 (33.2%) dist_goal=5.04
22:37:25 [INFO] [MPC] state=(+1.31,+4.94,-3.14) wp0=(+1.24,+5.05) v=+0.200 ω=-0.003 ok=True iters=7
22:37:25 [INFO] [PROG] s*=2.79/8.34 (33.5%) dist_goal=5.02
22:37:25 [INFO] [MPC] state=(+1.29,+4.94,-3.14) wp0=(+1.22,+5.05) v=+0.200 ω=+0.001 ok=True iters=7
22:37:25 [INFO] [PROG] s*=2.81/8.34 (33.7%) dist_goal=5.01
22:37:25 [INFO] [MPC] state=(+1.27,+4.94,-3.14) wp0=(+1.20,+5.05) v=+0.200 ω=+0.012 ok=True iters=7
22:37:25 [INFO] [PROG] s*=2.83/8.34 (33.9%) dist_goal=4.99
22:37:25 [INFO] [MPC] state=(+1.25,+4.94,-3.14) wp0=(+1.18,+5.05) v=+0.200 ω=+0.019 ok=True iters=7
22:37:25 [INFO] [PROG] s*=2.85/8.34 (34.2%) dist_goal=4.97
22:37:25 [INFO] [MPC] state=(+1.23,+4.94,-3.13) wp0=(+1.16,+5.05) v=+0.200 ω=+0.029 ok=True iters=7
22:37:25 [INFO] [PROG] s*=2.87/8.34 (34.4%) dist_goal=4.95
22:37:25 [INFO] [MPC] state=(+1.21,+4.93,-3.13) wp0=(+1.14,+5.05) v=+0.200 ω=+0.035 ok=True iters=7
22:37:25 [INFO] [PROG] s*=2.89/8.34 (34.7%) dist_goal=4.94
22:37:25 [INFO] [MPC] state=(+1.19,+4.93,-3.13) wp0=(+1.12,+5.05) v=+0.200 ω=+0.046 ok=True iters=7
22:37:25 [INFO] [PROG] s*=2.91/8.34 (34.9%) dist_goal=4.92
22:37:25 [INFO] [MPC] state=(+1.17,+4.93,-3.12) wp0=(+1.10,+5.05) v=+0.200 ω=+0.052 ok=True iters=7
22:37:25 [INFO] [PROG] s*=2.93/8.34 (35.2%) dist_goal=4.90
22:37:25 [INFO] [MPC] state=(+1.15,+4.93,-3.12) wp0=(+1.08,+5.05) v=+0.200 ω=+0.061 ok=True iters=7
22:37:25 [INFO] [PROG] s*=2.95/8.34 (35.4%) dist_goal=4.88
22:37:25 [INFO] [MPC] state=(+1.13,+4.93,-3.11) wp0=(+1.06,+5.05) v=+0.200 ω=+0.052 ok=True iters=7
22:37:25 [INFO] [PROG] s*=2.97/8.34 (35.6%) dist_goal=4.86
22:37:25 [INFO] [MPC] state=(+1.11,+4.93,-3.11) wp0=(+1.04,+5.05) v=+0.200 ω=+0.068 ok=True iters=7
22:37:25 [INFO] [PROG] s*=2.99/8.34 (35.9%) dist_goal=4.85
22:37:25 [INFO] [MPC] state=(+1.09,+4.93,-3.10) wp0=(+1.02,+5.05) v=+0.200 ω=+0.080 ok=True iters=7
22:37:25 [INFO] [PROG] s*=3.01/8.34 (36.1%) dist_goal=4.83
22:37:25 [INFO] [MPC] state=(+1.07,+4.93,-3.09) wp0=(+1.00,+5.05) v=+0.200 ω=+0.086 ok=True iters=7
22:37:25 [INFO] [PROG] s*=3.03/8.34 (36.4%) dist_goal=4.81
22:37:25 [INFO] [MPC] state=(+1.05,+4.93,-3.08) wp0=(+0.98,+5.05) v=+0.200 ω=+0.090 ok=True iters=7
22:37:25 [INFO] [PROG] s*=3.05/8.34 (36.6%) dist_goal=4.79
22:37:25 [INFO] [MPC] state=(+1.03,+4.93,-3.08) wp0=(+0.96,+5.05) v=+0.200 ω=+0.208 ok=True iters=7
22:37:26 [INFO] [PROG] s*=3.07/8.34 (36.8%) dist_goal=4.78
22:37:26 [INFO] [MPC] state=(+1.01,+4.93,-3.06) wp0=(+0.94,+5.05) v=+0.200 ω=+0.923 ok=True iters=8
22:37:26 [INFO] [PROG] s*=3.08/8.34 (37.0%) dist_goal=4.76
22:37:26 [INFO] [MPC] state=(+0.99,+4.93,-3.01) wp0=(+0.93,+5.05) v=+0.200 ω=+1.404 ok=True iters=8
22:37:26 [INFO] [PROG] s*=3.10/8.34 (37.1%) dist_goal=4.75
22:37:26 [INFO] [MPC] state=(+0.98,+4.92,-2.94) wp0=(+0.92,+5.05) v=+0.200 ω=+1.391 ok=True iters=8
22:37:26 [INFO] [PROG] s*=3.11/8.34 (37.3%) dist_goal=4.73
22:37:26 [INFO] [MPC] state=(+0.97,+4.92,-2.86) wp0=(+0.90,+5.05) v=+0.200 ω=+1.275 ok=True iters=8
22:37:26 [INFO] [PROG] s*=3.12/8.34 (37.5%) dist_goal=4.72
22:37:26 [INFO] [MPC] state=(+0.95,+4.91,-2.79) wp0=(+0.89,+5.05) v=+0.200 ω=+1.186 ok=True iters=8
22:37:26 [INFO] [PROG] s*=3.14/8.34 (37.7%) dist_goal=4.70
22:37:26 [INFO] [MPC] state=(+0.94,+4.91,-2.73) wp0=(+0.87,+5.05) v=+0.200 ω=+1.033 ok=True iters=8
22:37:26 [INFO] [PROG] s*=3.28/8.34 (39.4%) dist_goal=4.69
22:37:26 [INFO] [MPC] state=(+0.92,+4.90,-2.67) wp0=(+0.77,+4.97) v=+0.200 ω=+0.839 ok=True iters=8
22:37:26 [INFO] [PROG] s*=3.30/8.34 (39.6%) dist_goal=4.67
22:37:26 [INFO] [MPC] state=(+0.91,+4.89,-2.63) wp0=(+0.75,+4.95) v=+0.200 ω=+0.724 ok=True iters=7
22:37:26 [INFO] [PROG] s*=3.32/8.34 (39.8%) dist_goal=4.65
22:37:26 [INFO] [MPC] state=(+0.89,+4.88,-2.59) wp0=(+0.74,+4.94) v=+0.200 ω=+0.574 ok=True iters=7
22:37:26 [INFO] [PROG] s*=3.33/8.34 (40.0%) dist_goal=4.63
22:37:26 [INFO] [MPC] state=(+0.88,+4.88,-2.55) wp0=(+0.73,+4.93) v=+0.200 ω=+0.449 ok=True iters=7
22:37:26 [INFO] [PROG] s*=3.35/8.34 (40.2%) dist_goal=4.61
22:37:26 [INFO] [MPC] state=(+0.86,+4.86,-2.52) wp0=(+0.71,+4.91) v=+0.200 ω=+0.349 ok=True iters=7
22:37:26 [INFO] [PROG] s*=3.37/8.34 (40.5%) dist_goal=4.59
22:37:26 [INFO] [MPC] state=(+0.85,+4.85,-2.50) wp0=(+0.70,+4.90) v=+0.200 ω=+0.265 ok=True iters=7
22:37:26 [INFO] [PROG] s*=3.39/8.34 (40.7%) dist_goal=4.57
22:37:26 [INFO] [MPC] state=(+0.83,+4.84,-2.48) wp0=(+0.69,+4.89) v=+0.200 ω=+0.196 ok=True iters=7
22:37:26 [INFO] [PROG] s*=3.41/8.34 (40.9%) dist_goal=4.55
22:37:26 [INFO] [MPC] state=(+0.81,+4.83,-2.47) wp0=(+0.67,+4.87) v=+0.200 ω=+0.139 ok=True iters=7
22:37:26 [INFO] [PROG] s*=3.43/8.34 (41.2%) dist_goal=4.53
22:37:26 [INFO] [MPC] state=(+0.80,+4.82,-2.46) wp0=(+0.66,+4.86) v=+0.200 ω=+0.094 ok=True iters=7
22:37:26 [INFO] [PROG] s*=3.45/8.34 (41.4%) dist_goal=4.51
22:37:26 [INFO] [MPC] state=(+0.78,+4.80,-2.45) wp0=(+0.64,+4.84) v=+0.200 ω=+0.057 ok=True iters=7
22:37:26 [INFO] [PROG] s*=3.47/8.34 (41.7%) dist_goal=4.49
22:37:26 [INFO] [MPC] state=(+0.77,+4.79,-2.44) wp0=(+0.63,+4.83) v=+0.200 ω=+0.036 ok=True iters=7
22:37:26 [INFO] [PROG] s*=3.49/8.34 (41.9%) dist_goal=4.47
22:37:26 [INFO] [MPC] state=(+0.75,+4.78,-2.44) wp0=(+0.61,+4.81) v=+0.200 ω=+0.023 ok=True iters=7
22:37:26 [INFO] [PROG] s*=3.51/8.34 (42.2%) dist_goal=4.45
22:37:26 [INFO] [MPC] state=(+0.74,+4.76,-2.44) wp0=(+0.60,+4.80) v=+0.200 ω=+0.014 ok=True iters=7
22:37:26 [INFO] [PROG] s*=3.53/8.34 (42.4%) dist_goal=4.43
22:37:26 [INFO] [MPC] state=(+0.72,+4.75,-2.43) wp0=(+0.59,+4.79) v=+0.200 ω=+0.009 ok=True iters=7
22:37:26 [INFO] [PROG] s*=3.56/8.34 (42.7%) dist_goal=4.41
22:37:26 [INFO] [MPC] state=(+0.71,+4.74,-2.43) wp0=(+0.57,+4.77) v=+0.200 ω=+0.006 ok=True iters=7
22:37:26 [INFO] [PROG] s*=3.58/8.34 (42.9%) dist_goal=4.39
22:37:26 [INFO] [MPC] state=(+0.69,+4.72,-2.43) wp0=(+0.56,+4.76) v=+0.200 ω=+0.004 ok=True iters=7
22:37:26 [INFO] [PROG] s*=3.60/8.34 (43.1%) dist_goal=4.37
22:37:26 [INFO] [MPC] state=(+0.67,+4.71,-2.43) wp0=(+0.54,+4.74) v=+0.200 ω=+0.003 ok=True iters=7
22:37:26 [INFO] [PROG] s*=3.62/8.34 (43.4%) dist_goal=4.35
22:37:26 [INFO] [MPC] state=(+0.66,+4.70,-2.43) wp0=(+0.53,+4.73) v=+0.200 ω=+0.003 ok=True iters=7
22:37:26 [INFO] [PROG] s*=3.64/8.34 (43.6%) dist_goal=4.33
22:37:26 [INFO] [MPC] state=(+0.64,+4.68,-2.43) wp0=(+0.51,+4.71) v=+0.200 ω=+0.003 ok=True iters=7
22:37:26 [INFO] [PROG] s*=3.66/8.34 (43.9%) dist_goal=4.31
22:37:26 [INFO] [MPC] state=(+0.63,+4.67,-2.43) wp0=(+0.50,+4.70) v=+0.200 ω=+0.003 ok=True iters=7
22:37:26 [INFO] [PROG] s*=3.68/8.34 (44.1%) dist_goal=4.29
22:37:26 [INFO] [MPC] state=(+0.61,+4.66,-2.43) wp0=(+0.48,+4.68) v=+0.200 ω=+0.003 ok=True iters=7
22:37:26 [INFO] [PROG] s*=3.70/8.34 (44.4%) dist_goal=4.27
22:37:26 [INFO] [MPC] state=(+0.60,+4.64,-2.43) wp0=(+0.47,+4.67) v=+0.200 ω=+0.004 ok=True iters=7
22:37:26 [INFO] [PROG] s*=3.72/8.34 (44.6%) dist_goal=4.25
22:37:26 [INFO] [MPC] state=(+0.58,+4.63,-2.43) wp0=(+0.46,+4.66) v=+0.200 ω=+0.004 ok=True iters=7
22:37:26 [INFO] [PROG] s*=3.74/8.34 (44.9%) dist_goal=4.23
22:37:26 [INFO] [MPC] state=(+0.57,+4.62,-2.43) wp0=(+0.44,+4.64) v=+0.200 ω=+0.005 ok=True iters=7
22:37:26 [INFO] [PROG] s*=3.76/8.34 (45.1%) dist_goal=4.21
22:37:26 [INFO] [MPC] state=(+0.55,+4.60,-2.43) wp0=(+0.43,+4.63) v=+0.200 ω=+0.005 ok=True iters=7
22:37:26 [INFO] [PROG] s*=3.78/8.34 (45.3%) dist_goal=4.19
22:37:26 [INFO] [MPC] state=(+0.54,+4.59,-2.43) wp0=(+0.41,+4.61) v=+0.200 ω=+0.005 ok=True iters=7
22:37:26 [INFO] [PROG] s*=3.80/8.34 (45.6%) dist_goal=4.17
22:37:26 [INFO] [MPC] state=(+0.52,+4.58,-2.43) wp0=(+0.40,+4.60) v=+0.200 ω=+0.005 ok=True iters=7
22:37:26 [INFO] [PROG] s*=3.82/8.34 (45.8%) dist_goal=4.15
22:37:26 [INFO] [MPC] state=(+0.50,+4.56,-2.43) wp0=(+0.38,+4.58) v=+0.200 ω=+0.005 ok=True iters=7
22:37:26 [INFO] [PROG] s*=3.84/8.34 (46.1%) dist_goal=4.13
22:37:26 [INFO] [MPC] state=(+0.49,+4.55,-2.43) wp0=(+0.37,+4.57) v=+0.200 ω=+0.006 ok=True iters=7
22:37:26 [INFO] [PROG] s*=3.86/8.34 (46.3%) dist_goal=4.11
22:37:26 [INFO] [MPC] state=(+0.47,+4.54,-2.43) wp0=(+0.35,+4.55) v=+0.200 ω=+0.006 ok=True iters=7
22:37:26 [INFO] [PROG] s*=3.88/8.34 (46.6%) dist_goal=4.09
22:37:26 [INFO] [MPC] state=(+0.46,+4.52,-2.43) wp0=(+0.34,+4.54) v=+0.200 ω=+0.006 ok=True iters=7
22:37:26 [INFO] [PROG] s*=3.90/8.34 (46.8%) dist_goal=4.07
22:37:26 [INFO] [MPC] state=(+0.44,+4.51,-2.43) wp0=(+0.33,+4.53) v=+0.200 ω=+0.006 ok=True iters=7
22:37:26 [INFO] [PROG] s*=3.92/8.34 (47.1%) dist_goal=4.05
22:37:26 [INFO] [MPC] state=(+0.43,+4.50,-2.42) wp0=(+0.31,+4.51) v=+0.200 ω=+0.006 ok=True iters=7
22:37:26 [INFO] [PROG] s*=3.94/8.34 (47.3%) dist_goal=4.03
22:37:26 [INFO] [MPC] state=(+0.41,+4.48,-2.42) wp0=(+0.30,+4.50) v=+0.200 ω=+0.006 ok=True iters=7
22:37:26 [INFO] [PROG] s*=3.96/8.34 (47.6%) dist_goal=4.01
22:37:26 [INFO] [MPC] state=(+0.40,+4.47,-2.42) wp0=(+0.28,+4.48) v=+0.200 ω=+0.006 ok=True iters=7
22:37:26 [INFO] [PROG] s*=3.98/8.34 (47.8%) dist_goal=3.99
22:37:26 [INFO] [MPC] state=(+0.38,+4.46,-2.42) wp0=(+0.27,+4.47) v=+0.200 ω=+0.006 ok=True iters=7
22:37:26 [INFO] [PROG] s*=4.00/8.34 (48.0%) dist_goal=3.97
22:37:26 [INFO] [MPC] state=(+0.37,+4.44,-2.42) wp0=(+0.25,+4.45) v=+0.200 ω=+0.006 ok=True iters=7
22:37:26 [INFO] [PROG] s*=4.02/8.34 (48.3%) dist_goal=3.95
22:37:26 [INFO] [MPC] state=(+0.35,+4.43,-2.42) wp0=(+0.24,+4.44) v=+0.200 ω=+0.007 ok=True iters=7
22:37:26 [INFO] [PROG] s*=4.05/8.34 (48.5%) dist_goal=3.93
22:37:26 [INFO] [MPC] state=(+0.33,+4.41,-2.42) wp0=(+0.23,+4.43) v=+0.200 ω=+0.007 ok=True iters=7
22:37:26 [INFO] [PROG] s*=4.07/8.34 (48.8%) dist_goal=3.91
22:37:26 [INFO] [MPC] state=(+0.32,+4.40,-2.42) wp0=(+0.21,+4.41) v=+0.200 ω=+0.006 ok=True iters=7
22:37:26 [INFO] [PROG] s*=4.09/8.34 (49.0%) dist_goal=3.89
22:37:26 [INFO] [MPC] state=(+0.30,+4.39,-2.42) wp0=(+0.20,+4.40) v=+0.200 ω=+0.007 ok=True iters=7
22:37:26 [INFO] [PROG] s*=4.11/8.34 (49.3%) dist_goal=3.87
22:37:26 [INFO] [MPC] state=(+0.29,+4.37,-2.42) wp0=(+0.18,+4.38) v=+0.200 ω=+0.006 ok=True iters=7
22:37:26 [INFO] [PROG] s*=4.13/8.34 (49.5%) dist_goal=3.85
22:37:26 [INFO] [MPC] state=(+0.27,+4.36,-2.42) wp0=(+0.17,+4.37) v=+0.200 ω=+0.007 ok=True iters=7
22:37:26 [INFO] [PROG] s*=4.15/8.34 (49.8%) dist_goal=3.83
22:37:26 [INFO] [MPC] state=(+0.26,+4.35,-2.42) wp0=(+0.15,+4.35) v=+0.200 ω=+0.007 ok=True iters=7
22:37:26 [INFO] [PROG] s*=4.17/8.34 (50.0%) dist_goal=3.81
22:37:26 [INFO] [MPC] state=(+0.24,+4.33,-2.42) wp0=(+0.14,+4.34) v=+0.200 ω=+0.007 ok=True iters=7
22:37:26 [INFO] [PROG] s*=4.19/8.34 (50.2%) dist_goal=3.79
22:37:26 [INFO] [MPC] state=(+0.23,+4.32,-2.41) wp0=(+0.12,+4.32) v=+0.200 ω=+0.006 ok=True iters=7
22:37:26 [INFO] [PROG] s*=4.21/8.34 (50.5%) dist_goal=3.77
22:37:26 [INFO] [MPC] state=(+0.21,+4.31,-2.41) wp0=(+0.11,+4.31) v=+0.200 ω=+0.006 ok=True iters=7
22:37:26 [INFO] [PROG] s*=4.23/8.34 (50.7%) dist_goal=3.75
22:37:26 [INFO] [MPC] state=(+0.20,+4.29,-2.41) wp0=(+0.10,+4.30) v=+0.200 ω=+0.008 ok=True iters=7
22:37:26 [INFO] [PROG] s*=4.25/8.34 (51.0%) dist_goal=3.73
22:37:26 [INFO] [MPC] state=(+0.18,+4.28,-2.41) wp0=(+0.08,+4.28) v=+0.200 ω=+0.007 ok=True iters=7
22:37:26 [INFO] [PROG] s*=4.27/8.34 (51.2%) dist_goal=3.71
22:37:26 [INFO] [MPC] state=(+0.17,+4.27,-2.41) wp0=(+0.07,+4.27) v=+0.200 ω=+0.007 ok=True iters=7
22:37:26 [INFO] [PROG] s*=4.29/8.34 (51.5%) dist_goal=3.69
22:37:26 [INFO] [MPC] state=(+0.15,+4.25,-2.41) wp0=(+0.05,+4.25) v=+0.200 ω=+0.007 ok=True iters=7
22:37:26 [INFO] [PROG] s*=4.31/8.34 (51.7%) dist_goal=3.67
22:37:26 [INFO] [MPC] state=(+0.14,+4.24,-2.41) wp0=(+0.04,+4.24) v=+0.200 ω=+0.006 ok=True iters=7
22:37:26 [INFO] [PROG] s*=4.33/8.34 (52.0%) dist_goal=3.65
22:37:26 [INFO] [MPC] state=(+0.12,+4.22,-2.41) wp0=(+0.02,+4.22) v=+0.200 ω=+0.007 ok=True iters=7
22:37:26 [INFO] [PROG] s*=4.35/8.34 (52.2%) dist_goal=3.64
22:37:26 [INFO] [MPC] state=(+0.11,+4.21,-2.41) wp0=(+0.01,+4.21) v=+0.200 ω=+0.007 ok=True iters=7
22:37:26 [INFO] [PROG] s*=4.37/8.34 (52.4%) dist_goal=3.62
22:37:26 [INFO] [MPC] state=(+0.09,+4.20,-2.41) wp0=(-0.01,+4.19) v=+0.200 ω=+0.009 ok=True iters=7
22:37:26 [INFO] [PROG] s*=4.39/8.34 (52.7%) dist_goal=3.60
22:37:26 [INFO] [MPC] state=(+0.08,+4.18,-2.41) wp0=(-0.02,+4.18) v=+0.200 ω=+0.008 ok=True iters=7
22:37:26 [INFO] [PROG] s*=4.41/8.34 (52.9%) dist_goal=3.58
22:37:26 [INFO] [MPC] state=(+0.06,+4.17,-2.41) wp0=(-0.03,+4.17) v=+0.200 ω=+0.009 ok=True iters=7
22:37:26 [INFO] [PROG] s*=4.43/8.34 (53.2%) dist_goal=3.56
22:37:26 [INFO] [MPC] state=(+0.04,+4.16,-2.41) wp0=(-0.05,+4.15) v=+0.200 ω=+0.008 ok=True iters=7
22:37:26 [INFO] [PROG] s*=4.45/8.34 (53.4%) dist_goal=3.54
22:37:26 [INFO] [MPC] state=(+0.03,+4.14,-2.41) wp0=(-0.06,+4.14) v=+0.200 ω=+0.007 ok=True iters=7
22:37:26 [INFO] [PROG] s*=4.47/8.34 (53.7%) dist_goal=3.52
22:37:26 [INFO] [MPC] state=(+0.01,+4.13,-2.40) wp0=(-0.08,+4.12) v=+0.200 ω=+0.006 ok=True iters=7
22:37:26 [INFO] [PROG] s*=4.49/8.34 (53.9%) dist_goal=3.50
22:37:26 [INFO] [MPC] state=(-0.00,+4.11,-2.40) wp0=(-0.09,+4.11) v=+0.200 ω=+0.007 ok=True iters=7
22:37:26 [INFO] [PROG] s*=4.52/8.34 (54.2%) dist_goal=3.48
22:37:26 [INFO] [MPC] state=(-0.02,+4.10,-2.40) wp0=(-0.11,+4.09) v=+0.200 ω=+0.006 ok=True iters=7
22:37:26 [INFO] [PROG] s*=4.54/8.34 (54.4%) dist_goal=3.46
22:37:26 [INFO] [MPC] state=(-0.03,+4.09,-2.40) wp0=(-0.12,+4.08) v=+0.200 ω=+0.007 ok=True iters=7
22:37:26 [INFO] [PROG] s*=4.56/8.34 (54.7%) dist_goal=3.44
22:37:26 [INFO] [MPC] state=(-0.05,+4.07,-2.40) wp0=(-0.14,+4.06) v=+0.200 ω=+0.007 ok=True iters=7
22:37:26 [INFO] [PROG] s*=4.58/8.34 (54.9%) dist_goal=3.42
22:37:26 [INFO] [MPC] state=(-0.06,+4.06,-2.40) wp0=(-0.15,+4.05) v=+0.200 ω=+0.007 ok=True iters=7
22:37:26 [INFO] [PROG] s*=4.60/8.34 (55.1%) dist_goal=3.40
22:37:26 [INFO] [MPC] state=(-0.08,+4.05,-2.40) wp0=(-0.16,+4.04) v=+0.200 ω=+0.006 ok=True iters=7
22:37:26 [INFO] [PROG] s*=4.62/8.34 (55.4%) dist_goal=3.38
22:37:26 [INFO] [MPC] state=(-0.09,+4.03,-2.40) wp0=(-0.18,+4.02) v=+0.200 ω=+0.006 ok=True iters=7
22:37:26 [INFO] [PROG] s*=4.64/8.34 (55.6%) dist_goal=3.36
22:37:26 [INFO] [MPC] state=(-0.11,+4.02,-2.40) wp0=(-0.19,+4.01) v=+0.200 ω=-0.005 ok=True iters=7
22:37:26 [INFO] [PROG] s*=4.66/8.34 (55.9%) dist_goal=3.34
22:37:26 [INFO] [MPC] state=(-0.12,+4.00,-2.40) wp0=(-0.21,+3.99) v=+0.200 ω=-0.014 ok=True iters=7
22:37:26 [INFO] [PROG] s*=4.68/8.34 (56.1%) dist_goal=3.32
22:37:26 [INFO] [MPC] state=(-0.14,+3.99,-2.40) wp0=(-0.22,+3.98) v=+0.200 ω=-0.025 ok=True iters=7
22:37:26 [INFO] [PROG] s*=4.70/8.34 (56.4%) dist_goal=3.30
22:37:26 [INFO] [MPC] state=(-0.15,+3.98,-2.40) wp0=(-0.24,+3.96) v=+0.200 ω=-0.033 ok=True iters=7
22:37:26 [INFO] [PROG] s*=4.72/8.34 (56.6%) dist_goal=3.28
22:37:26 [INFO] [MPC] state=(-0.17,+3.96,-2.41) wp0=(-0.25,+3.95) v=+0.200 ω=-0.041 ok=True iters=7
22:37:26 [INFO] [PROG] s*=4.74/8.34 (56.9%) dist_goal=3.26
22:37:26 [INFO] [MPC] state=(-0.18,+3.95,-2.41) wp0=(-0.27,+3.93) v=+0.200 ω=-0.037 ok=True iters=7
22:37:26 [INFO] [PROG] s*=4.76/8.34 (57.1%) dist_goal=3.24
22:37:26 [INFO] [MPC] state=(-0.20,+3.94,-2.41) wp0=(-0.28,+3.92) v=+0.200 ω=-0.036 ok=True iters=7
22:37:26 [INFO] [PROG] s*=4.78/8.34 (57.4%) dist_goal=3.22
22:37:26 [INFO] [MPC] state=(-0.21,+3.92,-2.42) wp0=(-0.30,+3.90) v=+0.200 ω=-0.031 ok=True iters=7
22:37:26 [INFO] [PROG] s*=4.80/8.34 (57.6%) dist_goal=3.20
22:37:26 [INFO] [MPC] state=(-0.23,+3.91,-2.42) wp0=(-0.31,+3.89) v=+0.200 ω=-0.028 ok=True iters=7
22:37:26 [INFO] [PROG] s*=4.82/8.34 (57.8%) dist_goal=3.18
22:37:26 [INFO] [MPC] state=(-0.24,+3.89,-2.42) wp0=(-0.32,+3.88) v=+0.200 ω=-0.029 ok=True iters=7
22:37:26 [INFO] [PROG] s*=4.84/8.34 (58.1%) dist_goal=3.16
22:37:26 [INFO] [MPC] state=(-0.26,+3.88,-2.43) wp0=(-0.34,+3.86) v=+0.200 ω=-0.026 ok=True iters=7
22:37:26 [INFO] [PROG] s*=4.86/8.34 (58.3%) dist_goal=3.14
22:37:26 [INFO] [MPC] state=(-0.27,+3.87,-2.43) wp0=(-0.35,+3.85) v=+0.200 ω=-0.026 ok=True iters=7
22:37:26 [INFO] [PROG] s*=4.88/8.34 (58.6%) dist_goal=3.12
22:37:26 [INFO] [MPC] state=(-0.29,+3.85,-2.43) wp0=(-0.37,+3.83) v=+0.200 ω=-0.035 ok=True iters=7
22:37:26 [INFO] [PROG] s*=4.90/8.34 (58.8%) dist_goal=3.11
22:37:26 [INFO] [MPC] state=(-0.31,+3.84,-2.44) wp0=(-0.38,+3.82) v=+0.200 ω=-0.647 ok=True iters=7
22:37:26 [INFO] [PROG] s*=4.92/8.34 (59.0%) dist_goal=3.09
22:37:26 [INFO] [MPC] state=(-0.32,+3.83,-2.47) wp0=(-0.39,+3.81) v=+0.200 ω=-1.240 ok=True iters=7
22:37:26 [INFO] [PROG] s*=4.93/8.34 (59.2%) dist_goal=3.07
22:37:26 [INFO] [MPC] state=(-0.33,+3.82,-2.54) wp0=(-0.40,+3.80) v=+0.200 ω=-1.406 ok=True iters=7
22:37:26 [INFO] [PROG] s*=4.95/8.34 (59.4%) dist_goal=3.06
22:37:26 [INFO] [MPC] state=(-0.35,+3.81,-2.62) wp0=(-0.41,+3.79) v=+0.200 ω=-1.278 ok=True iters=7
22:37:26 [INFO] [PROG] s*=4.96/8.34 (59.5%) dist_goal=3.04
22:37:26 [INFO] [MPC] state=(-0.36,+3.80,-2.69) wp0=(-0.42,+3.78) v=+0.200 ω=-1.178 ok=True iters=7
22:37:26 [INFO] [PROG] s*=4.98/8.34 (59.7%) dist_goal=3.03
22:37:26 [INFO] [MPC] state=(-0.37,+3.80,-2.75) wp0=(-0.44,+3.76) v=+0.200 ω=-1.004 ok=True iters=7
22:37:26 [INFO] [PROG] s*=5.00/8.34 (59.9%) dist_goal=3.01
22:37:26 [INFO] [MPC] state=(-0.39,+3.79,-2.81) wp0=(-0.45,+3.75) v=+0.200 ω=-0.340 ok=True iters=7
22:37:26 [INFO] [PROG] s*=5.01/8.34 (60.1%) dist_goal=2.99
22:37:26 [INFO] [MPC] state=(-0.41,+3.78,-2.83) wp0=(-0.46,+3.75) v=+0.200 ω=+0.439 ok=True iters=7
22:37:26 [INFO] [PROG] s*=5.03/8.34 (60.3%) dist_goal=2.97
22:37:26 [INFO] [MPC] state=(-0.43,+3.78,-2.80) wp0=(-0.48,+3.75) v=+0.200 ω=+0.905 ok=True iters=7
22:37:26 [INFO] [PROG] s*=5.06/8.34 (60.7%) dist_goal=2.95
22:37:26 [INFO] [MPC] state=(-0.44,+3.77,-2.75) wp0=(-0.51,+3.75) v=+0.200 ω=+0.869 ok=True iters=7
22:37:26 [INFO] [PROG] s*=5.07/8.34 (60.9%) dist_goal=2.94
22:37:26 [INFO] [MPC] state=(-0.46,+3.77,-2.70) wp0=(-0.52,+3.75) v=+0.200 ω=+0.954 ok=True iters=7
22:37:26 [INFO] [PROG] s*=5.09/8.34 (61.0%) dist_goal=2.92
22:37:26 [INFO] [MPC] state=(-0.47,+3.76,-2.65) wp0=(-0.54,+3.75) v=+0.200 ω=+0.763 ok=True iters=7
22:37:26 [INFO] [PROG] s*=5.10/8.34 (61.2%) dist_goal=2.90
22:37:26 [INFO] [MPC] state=(-0.49,+3.75,-2.61) wp0=(-0.55,+3.75) v=+0.200 ω=+0.606 ok=True iters=7
22:37:26 [INFO] [PROG] s*=5.12/8.34 (61.4%) dist_goal=2.88
22:37:26 [INFO] [MPC] state=(-0.50,+3.74,-2.57) wp0=(-0.56,+3.74) v=+0.200 ω=+0.469 ok=True iters=7
22:37:26 [INFO] [PROG] s*=5.14/8.34 (61.6%) dist_goal=2.86
22:37:26 [INFO] [MPC] state=(-0.52,+3.73,-2.54) wp0=(-0.58,+3.72) v=+0.200 ω=-0.033 ok=True iters=7
22:37:26 [INFO] [PROG] s*=5.18/8.34 (62.1%) dist_goal=2.85
22:37:26 [INFO] [MPC] state=(-0.54,+3.72,-2.54) wp0=(-0.61,+3.69) v=+0.200 ω=-0.699 ok=True iters=7
22:37:26 [INFO] [PROG] s*=5.19/8.34 (62.3%) dist_goal=2.83
22:37:26 [INFO] [MPC] state=(-0.55,+3.71,-2.59) wp0=(-0.62,+3.68) v=+0.200 ω=-1.461 ok=True iters=7
22:37:26 [INFO] [PROG] s*=5.21/8.34 (62.5%) dist_goal=2.81
22:37:26 [INFO] [MPC] state=(-0.56,+3.70,-2.66) wp0=(-0.63,+3.67) v=+0.200 ω=-1.326 ok=True iters=7
22:37:26 [INFO] [PROG] s*=5.23/8.34 (62.7%) dist_goal=2.80
22:37:26 [INFO] [MPC] state=(-0.58,+3.69,-2.74) wp0=(-0.64,+3.66) v=+0.200 ω=-1.020 ok=True iters=7
22:37:26 [INFO] [PROG] s*=5.24/8.34 (62.9%) dist_goal=2.78
22:37:26 [INFO] [MPC] state=(-0.59,+3.69,-2.79) wp0=(-0.65,+3.65) v=+0.200 ω=-0.229 ok=True iters=7
22:37:26 [INFO] [PROG] s*=5.26/8.34 (63.1%) dist_goal=2.76
22:37:26 [INFO] [MPC] state=(-0.61,+3.68,-2.81) wp0=(-0.67,+3.65) v=+0.200 ω=+0.529 ok=True iters=7
22:37:26 [INFO] [PROG] s*=5.28/8.34 (63.3%) dist_goal=2.74
22:37:26 [INFO] [MPC] state=(-0.63,+3.67,-2.78) wp0=(-0.68,+3.65) v=+0.200 ω=+0.813 ok=True iters=8
22:37:26 [INFO] [PROG] s*=5.30/8.34 (63.6%) dist_goal=2.73
22:37:26 [INFO] [MPC] state=(-0.65,+3.67,-2.74) wp0=(-0.71,+3.65) v=+0.200 ω=+0.785 ok=True iters=8
22:37:26 [INFO] [PROG] s*=5.32/8.34 (63.8%) dist_goal=2.71
22:37:26 [INFO] [MPC] state=(-0.66,+3.66,-2.69) wp0=(-0.73,+3.65) v=+0.200 ω=+0.802 ok=True iters=7
22:37:26 [INFO] [PROG] s*=5.33/8.34 (64.0%) dist_goal=2.69
22:37:26 [INFO] [MPC] state=(-0.68,+3.65,-2.64) wp0=(-0.74,+3.65) v=+0.200 ω=+0.625 ok=True iters=8
22:37:26 [INFO] [PROG] s*=5.35/8.34 (64.2%) dist_goal=2.67
22:37:26 [INFO] [MPC] state=(-0.69,+3.64,-2.61) wp0=(-0.76,+3.64) v=+0.200 ω=+0.483 ok=True iters=8
22:37:26 [INFO] [PROG] s*=5.37/8.34 (64.4%) dist_goal=2.65
22:37:26 [INFO] [MPC] state=(-0.71,+3.63,-2.58) wp0=(-0.77,+3.63) v=+0.200 ω=+0.371 ok=True iters=8
22:37:26 [INFO] [PROG] s*=5.41/8.34 (64.9%) dist_goal=2.63
22:37:26 [INFO] [MPC] state=(-0.72,+3.62,-2.56) wp0=(-0.80,+3.60) v=+0.200 ω=-0.327 ok=True iters=7
22:37:26 [INFO] [PROG] s*=5.43/8.34 (65.1%) dist_goal=2.62
22:37:26 [INFO] [MPC] state=(-0.74,+3.61,-2.58) wp0=(-0.81,+3.59) v=+0.200 ω=-1.498 ok=True iters=7
22:37:26 [INFO] [PROG] s*=5.44/8.34 (65.3%) dist_goal=2.60
22:37:26 [INFO] [MPC] state=(-0.75,+3.61,-2.65) wp0=(-0.82,+3.58) v=+0.200 ω=-1.357 ok=True iters=7
22:37:26 [INFO] [PROG] s*=5.46/8.34 (65.4%) dist_goal=2.59
22:37:26 [INFO] [MPC] state=(-0.77,+3.60,-2.73) wp0=(-0.83,+3.57) v=+0.200 ω=-1.206 ok=True iters=7
22:37:26 [INFO] [PROG] s*=5.47/8.34 (65.6%) dist_goal=2.57
22:37:26 [INFO] [MPC] state=(-0.78,+3.59,-2.79) wp0=(-0.84,+3.56) v=+0.200 ω=-0.966 ok=True iters=7
22:37:26 [INFO] [PROG] s*=5.49/8.34 (65.8%) dist_goal=2.55
22:37:26 [INFO] [MPC] state=(-0.80,+3.59,-2.85) wp0=(-0.85,+3.55) v=+0.200 ω=-0.771 ok=True iters=7
22:37:26 [INFO] [PROG] s*=5.50/8.34 (66.0%) dist_goal=2.53
22:37:26 [INFO] [MPC] state=(-0.82,+3.58,-2.89) wp0=(-0.87,+3.55) v=+0.200 ω=-0.605 ok=True iters=7
22:37:26 [INFO] [PROG] s*=5.52/8.34 (66.2%) dist_goal=2.52
22:37:26 [INFO] [MPC] state=(-0.83,+3.58,-2.93) wp0=(-0.89,+3.55) v=+0.200 ω=-0.470 ok=True iters=7
22:37:26 [INFO] [PROG] s*=5.55/8.34 (66.6%) dist_goal=2.50
22:37:26 [INFO] [MPC] state=(-0.85,+3.57,-2.96) wp0=(-0.92,+3.55) v=+0.200 ω=-0.362 ok=True iters=8
22:37:26 [INFO] [PROG] s*=5.57/8.34 (66.9%) dist_goal=2.48
22:37:26 [INFO] [MPC] state=(-0.87,+3.57,-2.98) wp0=(-0.94,+3.55) v=+0.200 ω=-0.057 ok=True iters=7
22:37:26 [INFO] [PROG] s*=5.59/8.34 (67.1%) dist_goal=2.46
22:37:26 [INFO] [MPC] state=(-0.89,+3.57,-2.99) wp0=(-0.96,+3.55) v=+0.200 ω=+0.765 ok=True iters=7
22:37:26 [INFO] [PROG] s*=5.61/8.34 (67.3%) dist_goal=2.44
22:37:26 [INFO] [MPC] state=(-0.91,+3.56,-2.94) wp0=(-0.97,+3.55) v=+0.200 ω=+1.284 ok=True iters=7
22:37:26 [INFO] [PROG] s*=5.62/8.34 (67.4%) dist_goal=2.43
22:37:26 [INFO] [MPC] state=(-0.92,+3.56,-2.88) wp0=(-0.99,+3.55) v=+0.200 ω=+1.245 ok=True iters=7
22:37:26 [INFO] [PROG] s*=5.64/8.34 (67.6%) dist_goal=2.41
22:37:26 [INFO] [MPC] state=(-0.94,+3.56,-2.81) wp0=(-1.00,+3.55) v=+0.200 ω=+1.154 ok=True iters=7
22:37:26 [INFO] [PROG] s*=5.65/8.34 (67.8%) dist_goal=2.40
22:37:26 [INFO] [MPC] state=(-0.95,+3.55,-2.75) wp0=(-1.02,+3.55) v=+0.200 ω=+1.074 ok=True iters=7
22:37:26 [INFO] [PROG] s*=5.67/8.34 (68.0%) dist_goal=2.38
22:37:26 [INFO] [MPC] state=(-0.97,+3.54,-2.69) wp0=(-1.03,+3.55) v=+0.200 ω=+0.884 ok=True iters=8
22:37:26 [INFO] [PROG] s*=5.68/8.34 (68.1%) dist_goal=2.36
22:37:26 [INFO] [MPC] state=(-0.98,+3.54,-2.64) wp0=(-1.05,+3.55) v=+0.200 ω=+0.700 ok=True iters=8
22:37:26 [INFO] [PROG] s*=5.70/8.34 (68.3%) dist_goal=2.35
22:37:26 [INFO] [MPC] state=(-1.00,+3.53,-2.60) wp0=(-1.06,+3.54) v=+0.200 ω=+0.573 ok=True iters=8
22:37:26 [INFO] [PROG] s*=5.71/8.34 (68.5%) dist_goal=2.33
22:37:26 [INFO] [MPC] state=(-1.01,+3.52,-2.56) wp0=(-1.07,+3.53) v=+0.200 ω=+0.277 ok=True iters=8
22:37:26 [INFO] [PROG] s*=5.77/8.34 (69.2%) dist_goal=2.31
22:37:26 [INFO] [MPC] state=(-1.03,+3.51,-2.55) wp0=(-1.11,+3.49) v=+0.200 ω=-0.425 ok=True iters=8
22:37:26 [INFO] [PROG] s*=5.78/8.34 (69.4%) dist_goal=2.29
22:37:26 [INFO] [MPC] state=(-1.05,+3.50,-2.57) wp0=(-1.12,+3.48) v=+0.200 ω=-1.495 ok=True iters=8
22:37:26 [INFO] [PROG] s*=5.80/8.34 (69.6%) dist_goal=2.28
22:37:26 [INFO] [MPC] state=(-1.06,+3.49,-2.65) wp0=(-1.13,+3.47) v=+0.200 ω=-1.301 ok=True iters=8
22:37:26 [INFO] [PROG] s*=5.81/8.34 (69.8%) dist_goal=2.26
22:37:26 [INFO] [MPC] state=(-1.07,+3.48,-2.72) wp0=(-1.14,+3.46) v=+0.200 ω=-0.784 ok=True iters=7
22:37:26 [INFO] [PROG] s*=5.83/8.34 (70.0%) dist_goal=2.24
22:37:26 [INFO] [MPC] state=(-1.09,+3.47,-2.77) wp0=(-1.16,+3.45) v=+0.200 ω=+0.045 ok=True iters=7
22:37:26 [INFO] [PROG] s*=5.85/8.34 (70.2%) dist_goal=2.22
22:37:26 [INFO] [MPC] state=(-1.11,+3.47,-2.76) wp0=(-1.17,+3.45) v=+0.200 ω=+0.770 ok=True iters=7
22:37:26 [INFO] [PROG] s*=5.86/8.34 (70.4%) dist_goal=2.20
22:37:26 [INFO] [MPC] state=(-1.12,+3.46,-2.72) wp0=(-1.19,+3.45) v=+0.200 ω=+0.865 ok=True iters=7
22:37:26 [INFO] [PROG] s*=5.88/8.34 (70.5%) dist_goal=2.19
22:37:26 [INFO] [MPC] state=(-1.14,+3.45,-2.67) wp0=(-1.20,+3.45) v=+0.200 ω=+0.864 ok=True iters=7
22:37:26 [INFO] [PROG] s*=5.89/8.34 (70.7%) dist_goal=2.17
22:37:26 [INFO] [MPC] state=(-1.15,+3.44,-2.62) wp0=(-1.22,+3.45) v=+0.200 ω=+0.821 ok=True iters=7
22:37:26 [INFO] [PROG] s*=5.91/8.34 (70.9%) dist_goal=2.15
22:37:26 [INFO] [MPC] state=(-1.17,+3.44,-2.58) wp0=(-1.23,+3.45) v=+0.200 ω=+0.695 ok=True iters=7
22:37:26 [INFO] [PROG] s*=5.92/8.34 (71.0%) dist_goal=2.13
22:37:26 [INFO] [MPC] state=(-1.18,+3.43,-2.54) wp0=(-1.25,+3.45) v=+0.200 ω=+0.563 ok=True iters=7
22:37:26 [INFO] [PROG] s*=5.94/8.34 (71.2%) dist_goal=2.12
22:37:26 [INFO] [MPC] state=(-1.20,+3.41,-2.50) wp0=(-1.26,+3.44) v=+0.200 ω=+0.451 ok=True iters=8
22:37:26 [INFO] [PROG] s*=6.00/8.34 (72.0%) dist_goal=2.10
22:37:26 [INFO] [MPC] state=(-1.21,+3.40,-2.48) wp0=(-1.30,+3.40) v=+0.200 ω=+0.371 ok=True iters=8
22:37:26 [INFO] [PROG] s*=6.02/8.34 (72.2%) dist_goal=2.08
22:37:26 [INFO] [MPC] state=(-1.23,+3.39,-2.45) wp0=(-1.32,+3.38) v=+0.200 ω=+0.301 ok=True iters=7
22:37:26 [INFO] [PROG] s*=6.04/8.34 (72.5%) dist_goal=2.06
22:37:26 [INFO] [MPC] state=(-1.24,+3.38,-2.43) wp0=(-1.33,+3.37) v=+0.200 ω=+0.231 ok=True iters=7
22:37:26 [INFO] [PROG] s*=6.06/8.34 (72.7%) dist_goal=2.04
22:37:26 [INFO] [MPC] state=(-1.26,+3.37,-2.42) wp0=(-1.35,+3.35) v=+0.200 ω=+0.179 ok=True iters=7
22:37:26 [INFO] [PROG] s*=6.08/8.34 (72.9%) dist_goal=2.02
22:37:26 [INFO] [MPC] state=(-1.27,+3.35,-2.40) wp0=(-1.36,+3.34) v=+0.200 ω=+0.164 ok=True iters=7
22:37:26 [INFO] [PROG] s*=6.10/8.34 (73.2%) dist_goal=2.00
22:37:26 [INFO] [MPC] state=(-1.29,+3.34,-2.39) wp0=(-1.37,+3.33) v=+0.200 ω=+0.128 ok=True iters=7
22:37:26 [INFO] [PROG] s*=6.12/8.34 (73.4%) dist_goal=1.98
22:37:26 [INFO] [MPC] state=(-1.30,+3.32,-2.38) wp0=(-1.39,+3.31) v=+0.200 ω=+0.084 ok=True iters=7
22:37:26 [INFO] [PROG] s*=6.14/8.34 (73.7%) dist_goal=1.97
22:37:26 [INFO] [MPC] state=(-1.32,+3.31,-2.37) wp0=(-1.40,+3.30) v=+0.200 ω=+0.063 ok=True iters=7
22:37:26 [INFO] [PROG] s*=6.16/8.34 (73.9%) dist_goal=1.95
22:37:26 [INFO] [MPC] state=(-1.33,+3.30,-2.36) wp0=(-1.42,+3.28) v=+0.200 ω=+0.071 ok=True iters=7
22:37:26 [INFO] [PROG] s*=6.18/8.34 (74.2%) dist_goal=1.93
22:37:26 [INFO] [MPC] state=(-1.35,+3.28,-2.35) wp0=(-1.43,+3.27) v=+0.200 ω=+0.058 ok=True iters=7
22:37:26 [INFO] [PROG] s*=6.20/8.34 (74.4%) dist_goal=1.91
22:37:26 [INFO] [MPC] state=(-1.36,+3.27,-2.35) wp0=(-1.45,+3.25) v=+0.200 ω=+0.044 ok=True iters=7
22:37:26 [INFO] [PROG] s*=6.22/8.34 (74.6%) dist_goal=1.89
22:37:26 [INFO] [MPC] state=(-1.37,+3.25,-2.34) wp0=(-1.46,+3.24) v=+0.200 ω=+0.043 ok=True iters=7
22:37:26 [INFO] [PROG] s*=6.24/8.34 (74.9%) dist_goal=1.87
22:37:26 [INFO] [MPC] state=(-1.39,+3.24,-2.34) wp0=(-1.48,+3.22) v=+0.200 ω=+0.043 ok=True iters=7
22:37:26 [INFO] [PROG] s*=6.26/8.34 (75.1%) dist_goal=1.85
22:37:26 [INFO] [MPC] state=(-1.40,+3.22,-2.34) wp0=(-1.49,+3.21) v=+0.200 ω=+0.045 ok=True iters=7
22:37:26 [INFO] [PROG] s*=6.28/8.34 (75.4%) dist_goal=1.84
22:37:26 [INFO] [MPC] state=(-1.42,+3.21,-2.33) wp0=(-1.50,+3.20) v=+0.200 ω=+0.029 ok=True iters=7
22:37:26 [INFO] [PROG] s*=6.30/8.34 (75.6%) dist_goal=1.82
22:37:26 [INFO] [MPC] state=(-1.43,+3.19,-2.33) wp0=(-1.52,+3.18) v=+0.200 ω=+0.038 ok=True iters=7
22:37:27 [INFO] [PROG] s*=6.32/8.34 (75.9%) dist_goal=1.80
22:37:27 [INFO] [MPC] state=(-1.45,+3.18,-2.32) wp0=(-1.53,+3.17) v=+0.200 ω=+0.046 ok=True iters=7
22:37:27 [INFO] [PROG] s*=6.34/8.34 (76.1%) dist_goal=1.78
22:37:27 [INFO] [MPC] state=(-1.46,+3.16,-2.32) wp0=(-1.55,+3.15) v=+0.200 ω=+0.051 ok=True iters=7
22:37:27 [INFO] [PROG] s*=6.37/8.34 (76.4%) dist_goal=1.76
22:37:27 [INFO] [MPC] state=(-1.47,+3.15,-2.31) wp0=(-1.56,+3.14) v=+0.200 ω=+0.056 ok=True iters=7
22:37:27 [INFO] [PROG] s*=6.39/8.34 (76.6%) dist_goal=1.74
22:37:27 [INFO] [MPC] state=(-1.49,+3.13,-2.31) wp0=(-1.58,+3.12) v=+0.200 ω=+0.089 ok=True iters=7
22:37:27 [INFO] [PROG] s*=6.41/8.34 (76.8%) dist_goal=1.73
22:37:27 [INFO] [MPC] state=(-1.50,+3.12,-2.30) wp0=(-1.59,+3.11) v=+0.200 ω=+0.082 ok=True iters=7
22:37:27 [INFO] [PROG] s*=6.43/8.34 (77.1%) dist_goal=1.71
22:37:27 [INFO] [MPC] state=(-1.51,+3.10,-2.29) wp0=(-1.61,+3.09) v=+0.200 ω=-0.019 ok=True iters=7
22:37:27 [INFO] [PROG] s*=6.45/8.34 (77.3%) dist_goal=1.69
22:37:27 [INFO] [MPC] state=(-1.53,+3.09,-2.29) wp0=(-1.62,+3.08) v=+0.200 ω=-0.000 ok=True iters=7
22:37:27 [INFO] [PROG] s*=6.47/8.34 (77.6%) dist_goal=1.67
22:37:27 [INFO] [MPC] state=(-1.54,+3.07,-2.29) wp0=(-1.63,+3.07) v=+0.200 ω=+0.013 ok=True iters=7
22:37:27 [INFO] [PROG] s*=6.49/8.34 (77.8%) dist_goal=1.66
22:37:27 [INFO] [MPC] state=(-1.55,+3.06,-2.29) wp0=(-1.65,+3.05) v=+0.200 ω=+0.024 ok=True iters=7
22:37:27 [INFO] [PROG] s*=6.51/8.34 (78.1%) dist_goal=1.64
22:37:27 [INFO] [MPC] state=(-1.57,+3.04,-2.29) wp0=(-1.66,+3.04) v=+0.200 ω=+0.050 ok=True iters=7
22:37:27 [INFO] [PROG] s*=6.53/8.34 (78.3%) dist_goal=1.62
22:37:27 [INFO] [MPC] state=(-1.58,+3.03,-2.28) wp0=(-1.68,+3.02) v=+0.200 ω=+0.054 ok=True iters=7
22:37:27 [INFO] [PROG] s*=6.55/8.34 (78.6%) dist_goal=1.60
22:37:27 [INFO] [MPC] state=(-1.60,+3.01,-2.28) wp0=(-1.69,+3.01) v=+0.200 ω=-0.110 ok=True iters=7
22:37:27 [INFO] [PROG] s*=6.57/8.34 (78.8%) dist_goal=1.59
22:37:27 [INFO] [MPC] state=(-1.61,+3.00,-2.29) wp0=(-1.71,+2.99) v=+0.200 ω=-0.071 ok=True iters=7
22:37:27 [INFO] [PROG] s*=6.59/8.34 (79.1%) dist_goal=1.57
22:37:27 [INFO] [MPC] state=(-1.62,+2.98,-2.29) wp0=(-1.72,+2.98) v=+0.200 ω=-0.041 ok=True iters=7
22:37:27 [INFO] [PROG] s*=6.61/8.34 (79.3%) dist_goal=1.55
22:37:27 [INFO] [MPC] state=(-1.64,+2.97,-2.30) wp0=(-1.73,+2.97) v=+0.200 ω=-0.014 ok=True iters=7
22:37:27 [INFO] [PROG] s*=6.63/8.34 (79.5%) dist_goal=1.54
22:37:27 [INFO] [MPC] state=(-1.65,+2.95,-2.30) wp0=(-1.75,+2.95) v=+0.200 ω=+0.010 ok=True iters=7
22:37:27 [INFO] [PROG] s*=6.65/8.34 (79.8%) dist_goal=1.52
22:37:27 [INFO] [MPC] state=(-1.66,+2.94,-2.30) wp0=(-1.76,+2.94) v=+0.200 ω=-0.095 ok=True iters=8
22:37:27 [INFO] [PROG] s*=6.67/8.34 (80.0%) dist_goal=1.50
22:37:27 [INFO] [MPC] state=(-1.68,+2.92,-2.31) wp0=(-1.78,+2.92) v=+0.200 ω=-0.494 ok=True iters=7
22:37:27 [INFO] [PROG] s*=6.69/8.34 (80.2%) dist_goal=1.49
22:37:27 [INFO] [MPC] state=(-1.69,+2.91,-2.34) wp0=(-1.79,+2.91) v=+0.200 ω=-1.094 ok=True iters=7
22:37:27 [INFO] [PROG] s*=6.70/8.34 (80.4%) dist_goal=1.47
22:37:27 [INFO] [MPC] state=(-1.70,+2.89,-2.40) wp0=(-1.80,+2.90) v=+0.200 ω=-1.380 ok=True iters=9
22:37:27 [INFO] [PROG] s*=6.72/8.34 (80.6%) dist_goal=1.46
22:37:27 [INFO] [MPC] state=(-1.71,+2.88,-2.47) wp0=(-1.81,+2.89) v=+0.200 ω=-1.258 ok=True iters=13
22:37:27 [INFO] [PROG] s*=6.73/8.34 (80.8%) dist_goal=1.44
22:37:27 [INFO] [MPC] state=(-1.73,+2.87,-2.54) wp0=(-1.82,+2.88) v=+0.200 ω=-1.095 ok=True iters=11
22:37:27 [INFO] [PROG] s*=6.75/8.34 (81.0%) dist_goal=1.43
22:37:27 [INFO] [MPC] state=(-1.74,+2.87,-2.60) wp0=(-1.84,+2.86) v=+0.200 ω=-0.954 ok=True iters=14
22:37:27 [INFO] [PROG] s*=6.77/8.34 (81.2%) dist_goal=1.41
22:37:27 [INFO] [MPC] state=(-1.76,+2.86,-2.66) wp0=(-1.85,+2.85) v=+0.200 ω=-1.112 ok=True iters=10
22:37:27 [INFO] [PROG] s*=6.78/8.34 (81.4%) dist_goal=1.39
22:37:27 [INFO] [MPC] state=(-1.77,+2.85,-2.72) wp0=(-1.86,+2.85) v=+0.200 ω=-1.016 ok=True iters=10
22:37:27 [INFO] [PROG] s*=6.79/8.34 (81.4%) dist_goal=1.39
22:37:27 [INFO] [MPC] state=(-1.79,+2.84,-2.77) wp0=(-1.86,+2.85) v=+0.030 ω=-0.538 ok=True iters=12
22:37:27 [INFO] [PROG] s*=6.79/8.34 (81.5%) dist_goal=1.39
22:37:27 [INFO] [MPC] state=(-1.79,+2.84,-2.83) wp0=(-1.87,+2.85) v=+0.030 ω=-0.776 ok=True iters=12
22:37:27 [INFO] [PROG] s*=6.79/8.34 (81.5%) dist_goal=1.38
22:37:27 [INFO] [MPC] state=(-1.80,+2.84,-2.91) wp0=(-1.87,+2.85) v=+0.030 ω=-0.327 ok=True iters=9
22:37:27 [INFO] [PROG] s*=6.80/8.34 (81.5%) dist_goal=1.38
22:37:27 [INFO] [MPC] state=(-1.80,+2.84,-2.94) wp0=(-1.87,+2.85) v=+0.030 ω=-0.265 ok=True iters=13
22:37:27 [INFO] [PROG] s*=6.80/8.34 (81.6%) dist_goal=1.38
22:37:27 [INFO] [MPC] state=(-1.80,+2.84,-2.97) wp0=(-1.88,+2.85) v=+0.030 ω=-0.239 ok=True iters=10
22:37:27 [INFO] [PROG] s*=6.80/8.34 (81.6%) dist_goal=1.37
22:37:27 [INFO] [MPC] state=(-1.80,+2.84,-2.99) wp0=(-1.88,+2.85) v=+0.030 ω=-0.248 ok=True iters=11
22:37:27 [INFO] [PROG] s*=6.80/8.34 (81.6%) dist_goal=1.37
22:37:27 [INFO] [MPC] state=(-1.81,+2.84,-3.02) wp0=(-1.88,+2.85) v=+0.030 ω=-0.142 ok=True iters=10
22:37:27 [INFO] [PROG] s*=6.81/8.34 (81.6%) dist_goal=1.37
22:37:27 [INFO] [MPC] state=(-1.81,+2.84,-3.03) wp0=(-1.88,+2.85) v=+0.030 ω=-0.088 ok=True iters=10
22:37:27 [INFO] [PROG] s*=6.81/8.34 (81.7%) dist_goal=1.36
22:37:27 [INFO] [MPC] state=(-1.81,+2.84,-3.04) wp0=(-1.89,+2.85) v=+0.030 ω=-0.062 ok=True iters=10
22:37:27 [INFO] [PROG] s*=6.81/8.34 (81.7%) dist_goal=1.36
22:37:27 [INFO] [MPC] state=(-1.82,+2.84,-3.05) wp0=(-1.89,+2.85) v=+0.030 ω=-0.034 ok=True iters=12
22:37:27 [INFO] [PROG] s*=6.81/8.34 (81.7%) dist_goal=1.36
22:37:27 [INFO] [MPC] state=(-1.82,+2.84,-3.05) wp0=(-1.89,+2.85) v=+0.030 ω=-0.042 ok=True iters=11
22:37:27 [INFO] [PROG] s*=6.81/8.34 (81.8%) dist_goal=1.36
22:37:27 [INFO] [MPC] state=(-1.82,+2.84,-3.05) wp0=(-1.89,+2.85) v=+0.030 ω=-0.036 ok=True iters=10
22:37:27 [INFO] [PROG] s*=6.82/8.34 (81.8%) dist_goal=1.35
22:37:27 [INFO] [MPC] state=(-1.82,+2.84,-3.06) wp0=(-1.89,+2.85) v=+0.030 ω=-0.032 ok=True iters=9
22:37:27 [INFO] [PROG] s*=6.82/8.34 (81.8%) dist_goal=1.35
22:37:27 [INFO] [MPC] state=(-1.83,+2.84,-3.06) wp0=(-1.90,+2.85) v=+0.030 ω=-0.031 ok=True iters=9
22:37:27 [INFO] [PROG] s*=6.82/8.34 (81.8%) dist_goal=1.35
22:37:27 [INFO] [MPC] state=(-1.83,+2.84,-3.06) wp0=(-1.90,+2.85) v=+0.030 ω=-0.031 ok=True iters=9
22:37:27 [INFO] [PROG] s*=6.82/8.34 (81.9%) dist_goal=1.34
22:37:27 [INFO] [MPC] state=(-1.83,+2.84,-3.07) wp0=(-1.90,+2.85) v=+0.030 ω=-0.031 ok=True iters=10
22:37:27 [INFO] [PROG] s*=6.82/8.34 (81.9%) dist_goal=1.34
22:37:27 [INFO] [MPC] state=(-1.84,+2.84,-3.07) wp0=(-1.90,+2.85) v=+0.030 ω=-0.031 ok=True iters=14
22:37:27 [INFO] [PROG] s*=6.82/8.34 (81.9%) dist_goal=1.34
22:37:27 [INFO] [MPC] state=(-1.84,+2.84,-3.07) wp0=(-1.90,+2.85) v=+0.030 ω=-0.026 ok=True iters=10
22:37:27 [INFO] [PROG] s*=6.82/8.34 (81.9%) dist_goal=1.34
22:37:27 [INFO] [MPC] state=(-1.84,+2.83,-3.07) wp0=(-1.90,+2.85) v=+0.030 ω=-0.023 ok=True iters=9
22:37:27 [INFO] [PROG] s*=6.82/8.34 (81.9%) dist_goal=1.33
22:37:27 [INFO] [MPC] state=(-1.84,+2.83,-3.08) wp0=(-1.90,+2.85) v=+0.030 ω=-0.021 ok=True iters=8
22:37:27 [INFO] [PROG] s*=6.82/8.34 (81.9%) dist_goal=1.33
22:37:27 [INFO] [MPC] state=(-1.85,+2.83,-3.08) wp0=(-1.90,+2.85) v=+0.030 ω=-0.018 ok=True iters=9
22:37:27 [INFO] [PROG] s*=6.83/8.34 (81.9%) dist_goal=1.33
22:37:27 [INFO] [MPC] state=(-1.85,+2.83,-3.08) wp0=(-1.90,+2.85) v=+0.030 ω=-0.015 ok=True iters=10
22:37:27 [INFO] [PROG] s*=6.83/8.34 (81.9%) dist_goal=1.32
22:37:27 [INFO] [MPC] state=(-1.85,+2.83,-3.08) wp0=(-1.91,+2.85) v=+0.030 ω=-0.010 ok=True iters=10
22:37:27 [INFO] [PROG] s*=6.83/8.34 (82.0%) dist_goal=1.32
22:37:27 [INFO] [MPC] state=(-1.86,+2.83,-3.08) wp0=(-1.91,+2.85) v=+0.030 ω=-0.007 ok=True iters=12
22:37:27 [INFO] [PROG] s*=6.83/8.34 (82.0%) dist_goal=1.32
22:37:27 [INFO] [MPC] state=(-1.86,+2.83,-3.08) wp0=(-1.91,+2.85) v=+0.030 ω=-0.003 ok=True iters=12
22:37:27 [INFO] [PROG] s*=6.84/8.34 (82.0%) dist_goal=1.32
22:37:27 [INFO] [MPC] state=(-1.86,+2.83,-3.08) wp0=(-1.91,+2.85) v=+0.030 ω=+0.001 ok=True iters=11
22:37:27 [INFO] [PROG] s*=6.84/8.34 (82.1%) dist_goal=1.31
22:37:27 [INFO] [MPC] state=(-1.86,+2.83,-3.08) wp0=(-1.92,+2.85) v=+0.030 ω=+0.006 ok=True iters=11
22:37:27 [INFO] [PROG] s*=6.84/8.34 (82.1%) dist_goal=1.31
22:37:27 [INFO] [MPC] state=(-1.87,+2.83,-3.08) wp0=(-1.92,+2.85) v=+0.030 ω=+0.006 ok=True iters=13
22:37:27 [INFO] [PROG] s*=6.85/8.34 (82.1%) dist_goal=1.31
22:37:27 [INFO] [MPC] state=(-1.87,+2.83,-3.08) wp0=(-1.92,+2.85) v=+0.030 ω=+0.008 ok=True iters=12
22:37:27 [INFO] [PROG] s*=6.85/8.34 (82.2%) dist_goal=1.31
22:37:27 [INFO] [MPC] state=(-1.87,+2.83,-3.08) wp0=(-1.93,+2.85) v=+0.030 ω=+0.008 ok=True iters=11
22:37:27 [INFO] [PROG] s*=6.85/8.34 (82.2%) dist_goal=1.30
22:37:27 [INFO] [MPC] state=(-1.88,+2.83,-3.08) wp0=(-1.93,+2.85) v=+0.030 ω=+0.008 ok=True iters=11
22:37:27 [INFO] [PROG] s*=6.85/8.34 (82.2%) dist_goal=1.30
22:37:27 [INFO] [MPC] state=(-1.88,+2.83,-3.08) wp0=(-1.93,+2.85) v=+0.030 ω=+0.009 ok=True iters=10
22:37:27 [INFO] [PROG] s*=6.86/8.34 (82.3%) dist_goal=1.30
22:37:27 [INFO] [MPC] state=(-1.88,+2.83,-3.08) wp0=(-1.93,+2.85) v=+0.030 ω=+0.009 ok=True iters=10
22:37:27 [INFO] [PROG] s*=6.86/8.34 (82.3%) dist_goal=1.29
22:37:27 [INFO] [MPC] state=(-1.88,+2.83,-3.07) wp0=(-1.94,+2.85) v=+0.030 ω=+0.010 ok=True iters=10
22:37:27 [INFO] [PROG] s*=6.86/8.34 (82.3%) dist_goal=1.29
22:37:27 [INFO] [MPC] state=(-1.89,+2.83,-3.07) wp0=(-1.94,+2.85) v=+0.030 ω=+0.009 ok=True iters=9
22:37:27 [INFO] [PROG] s*=6.87/8.34 (82.4%) dist_goal=1.29
22:37:27 [INFO] [MPC] state=(-1.89,+2.83,-3.07) wp0=(-1.94,+2.85) v=+0.030 ω=-0.004 ok=True iters=10
22:37:27 [INFO] [PROG] s*=6.87/8.34 (82.4%) dist_goal=1.29
22:37:27 [INFO] [MPC] state=(-1.89,+2.83,-3.07) wp0=(-1.95,+2.85) v=+0.030 ω=+0.001 ok=True iters=9
22:37:27 [INFO] [PROG] s*=6.87/8.34 (82.4%) dist_goal=1.28
22:37:27 [INFO] [MPC] state=(-1.90,+2.83,-3.07) wp0=(-1.95,+2.85) v=+0.030 ω=+0.004 ok=True iters=8
22:37:27 [INFO] [PROG] s*=6.87/8.34 (82.5%) dist_goal=1.28
22:37:27 [INFO] [MPC] state=(-1.90,+2.83,-3.07) wp0=(-1.95,+2.85) v=+0.030 ω=+0.007 ok=True iters=9
22:37:27 [INFO] [PROG] s*=6.88/8.34 (82.5%) dist_goal=1.28
22:37:27 [INFO] [MPC] state=(-1.90,+2.83,-3.07) wp0=(-1.95,+2.85) v=+0.030 ω=+0.007 ok=True iters=10
22:37:27 [INFO] [PROG] s*=6.88/8.34 (82.5%) dist_goal=1.27
22:37:27 [INFO] [MPC] state=(-1.90,+2.83,-3.07) wp0=(-1.96,+2.85) v=+0.030 ω=+0.009 ok=True iters=13
22:37:27 [INFO] [PROG] s*=6.88/8.34 (82.6%) dist_goal=1.27
22:37:27 [INFO] [MPC] state=(-1.91,+2.83,-3.07) wp0=(-1.96,+2.85) v=+0.030 ω=+0.048 ok=True iters=11
22:37:27 [INFO] [PROG] s*=6.89/8.34 (82.6%) dist_goal=1.27
22:37:27 [INFO] [MPC] state=(-1.91,+2.83,-3.06) wp0=(-1.96,+2.85) v=+0.030 ω=+0.033 ok=True iters=11
22:37:27 [INFO] [PROG] s*=6.89/8.34 (82.6%) dist_goal=1.27
22:37:27 [INFO] [MPC] state=(-1.91,+2.83,-3.06) wp0=(-1.97,+2.85) v=+0.030 ω=+0.024 ok=True iters=12
22:37:27 [INFO] [PROG] s*=6.89/8.34 (82.7%) dist_goal=1.26
22:37:27 [INFO] [MPC] state=(-1.92,+2.83,-3.06) wp0=(-1.97,+2.85) v=+0.030 ω=+0.018 ok=True iters=13
22:37:27 [INFO] [PROG] s*=6.89/8.34 (82.7%) dist_goal=1.26
22:37:27 [INFO] [MPC] state=(-1.92,+2.83,-3.06) wp0=(-1.97,+2.85) v=+0.030 ω=+0.018 ok=True iters=11
22:37:27 [INFO] [PROG] s*=6.90/8.34 (82.7%) dist_goal=1.26
22:37:27 [INFO] [MPC] state=(-1.92,+2.83,-3.05) wp0=(-1.97,+2.85) v=+0.030 ω=+0.018 ok=True iters=11
22:37:27 [INFO] [PROG] s*=6.90/8.34 (82.8%) dist_goal=1.25
22:37:27 [INFO] [MPC] state=(-1.92,+2.83,-3.05) wp0=(-1.98,+2.85) v=+0.030 ω=+0.017 ok=True iters=11
22:37:27 [INFO] [PROG] s*=6.90/8.34 (82.8%) dist_goal=1.25
22:37:27 [INFO] [MPC] state=(-1.93,+2.83,-3.05) wp0=(-1.98,+2.85) v=+0.030 ω=+0.020 ok=True iters=10
22:37:27 [INFO] [PROG] s*=6.91/8.34 (82.8%) dist_goal=1.25
22:37:27 [INFO] [MPC] state=(-1.93,+2.83,-3.05) wp0=(-1.98,+2.85) v=+0.030 ω=+0.019 ok=True iters=10
22:37:27 [INFO] [PROG] s*=6.91/8.34 (82.9%) dist_goal=1.25
22:37:27 [INFO] [MPC] state=(-1.93,+2.83,-3.05) wp0=(-1.99,+2.85) v=+0.030 ω=+0.022 ok=True iters=12
22:37:27 [INFO] [PROG] s*=6.91/8.34 (82.9%) dist_goal=1.24
22:37:27 [INFO] [MPC] state=(-1.94,+2.83,-3.04) wp0=(-1.99,+2.85) v=+0.030 ω=+0.749 ok=True iters=13
22:37:27 [INFO] [PROG] s*=6.91/8.34 (82.9%) dist_goal=1.24
22:37:27 [INFO] [MPC] state=(-1.94,+2.83,-2.97) wp0=(-1.99,+2.85) v=+0.030 ω=-0.216 ok=True iters=11
22:37:27 [INFO] [PROG] s*=6.92/8.34 (83.0%) dist_goal=1.24
22:37:27 [INFO] [MPC] state=(-1.94,+2.83,-2.99) wp0=(-1.99,+2.85) v=+0.030 ω=-0.135 ok=True iters=11
22:37:27 [INFO] [PROG] s*=6.92/8.34 (83.0%) dist_goal=1.24
22:37:27 [INFO] [MPC] state=(-1.94,+2.83,-3.00) wp0=(-1.99,+2.85) v=+0.030 ω=+1.633 ok=True iters=8
22:37:27 [INFO] [PROG] s*=6.92/8.34 (83.0%) dist_goal=1.23
22:37:27 [INFO] [MPC] state=(-1.94,+2.83,-2.86) wp0=(-2.00,+2.85) v=+0.030 ω=+1.461 ok=True iters=8
22:37:27 [INFO] [PROG] s*=6.93/8.34 (83.1%) dist_goal=1.22
22:37:27 [INFO] [MPC] state=(-1.95,+2.83,-2.71) wp0=(-2.01,+2.85) v=+0.200 ω=+0.808 ok=True iters=8
22:37:27 [INFO] [PROG] s*=6.95/8.34 (83.3%) dist_goal=1.21
22:37:27 [INFO] [MPC] state=(-1.96,+2.82,-2.65) wp0=(-2.02,+2.85) v=+0.200 ω=+0.475 ok=True iters=8
22:37:27 [INFO] [PROG] s*=6.96/8.34 (83.5%) dist_goal=1.19
22:37:27 [INFO] [MPC] state=(-1.97,+2.81,-2.62) wp0=(-2.04,+2.85) v=+0.200 ω=+0.246 ok=True iters=8
22:37:27 [INFO] [PROG] s*=6.98/8.34 (83.7%) dist_goal=1.17
22:37:27 [INFO] [MPC] state=(-1.99,+2.80,-2.60) wp0=(-2.06,+2.85) v=+0.200 ω=+0.057 ok=True iters=7
22:37:27 [INFO] [PROG] s*=7.00/8.34 (83.9%) dist_goal=1.15
22:37:27 [INFO] [MPC] state=(-2.01,+2.79,-2.59) wp0=(-2.07,+2.85) v=+0.200 ω=-0.123 ok=True iters=7
22:37:27 [INFO] [PROG] s*=7.01/8.34 (84.2%) dist_goal=1.13
22:37:27 [INFO] [MPC] state=(-2.02,+2.78,-2.60) wp0=(-2.09,+2.85) v=+0.200 ω=-0.280 ok=True iters=7
22:37:27 [INFO] [PROG] s*=7.03/8.34 (84.4%) dist_goal=1.11
22:37:27 [INFO] [MPC] state=(-2.04,+2.77,-2.62) wp0=(-2.11,+2.85) v=+0.200 ω=-0.330 ok=True iters=7
22:37:27 [INFO] [PROG] s*=7.05/8.34 (84.6%) dist_goal=1.09
22:37:27 [INFO] [MPC] state=(-2.06,+2.76,-2.65) wp0=(-2.13,+2.85) v=+0.200 ω=-0.324 ok=True iters=7
22:37:27 [INFO] [PROG] s*=7.06/8.34 (84.8%) dist_goal=1.08
22:37:27 [INFO] [MPC] state=(-2.08,+2.75,-2.67) wp0=(-2.14,+2.85) v=+0.200 ω=-0.859 ok=True iters=7
22:37:27 [INFO] [PROG] s*=7.08/8.34 (85.0%) dist_goal=1.06
22:37:27 [INFO] [MPC] state=(-2.09,+2.74,-2.72) wp0=(-2.16,+2.85) v=+0.200 ω=-0.803 ok=True iters=7
22:37:27 [INFO] [PROG] s*=7.10/8.34 (85.2%) dist_goal=1.04
22:37:27 [INFO] [MPC] state=(-2.11,+2.73,-2.76) wp0=(-2.18,+2.85) v=+0.200 ω=-0.759 ok=True iters=7
22:37:27 [INFO] [PROG] s*=7.12/8.34 (85.4%) dist_goal=1.02
22:37:27 [INFO] [MPC] state=(-2.13,+2.73,-2.81) wp0=(-2.19,+2.85) v=+0.200 ω=-0.660 ok=True iters=7
22:37:27 [INFO] [PROG] s*=7.13/8.34 (85.6%) dist_goal=1.00
22:37:27 [INFO] [MPC] state=(-2.14,+2.72,-2.84) wp0=(-2.21,+2.85) v=+0.200 ω=-0.632 ok=True iters=7
22:37:27 [INFO] [PROG] s*=7.15/8.34 (85.8%) dist_goal=0.98
22:37:27 [INFO] [MPC] state=(-2.16,+2.72,-2.88) wp0=(-2.23,+2.85) v=+0.200 ω=-0.503 ok=True iters=7
22:37:27 [INFO] [PROG] s*=7.17/8.34 (86.0%) dist_goal=0.97
22:37:27 [INFO] [MPC] state=(-2.18,+2.71,-2.91) wp0=(-2.25,+2.85) v=+0.200 ω=-0.621 ok=True iters=7
22:37:27 [INFO] [PROG] s*=7.19/8.34 (86.2%) dist_goal=0.95
22:37:27 [INFO] [MPC] state=(-2.20,+2.71,-2.95) wp0=(-2.27,+2.85) v=+0.200 ω=-0.461 ok=True iters=7
22:37:27 [INFO] [PROG] s*=7.21/8.34 (86.5%) dist_goal=0.93
22:37:27 [INFO] [MPC] state=(-2.22,+2.70,-2.98) wp0=(-2.28,+2.85) v=+0.200 ω=-0.434 ok=True iters=7
22:37:27 [INFO] [PROG] s*=7.22/8.34 (86.7%) dist_goal=0.91
22:37:27 [INFO] [MPC] state=(-2.23,+2.70,-3.00) wp0=(-2.30,+2.85) v=+0.200 ω=-0.848 ok=True iters=7
22:37:27 [INFO] [PROG] s*=7.24/8.34 (86.9%) dist_goal=0.89
22:37:27 [INFO] [MPC] state=(-2.25,+2.70,-3.05) wp0=(-2.32,+2.85) v=+0.200 ω=-0.602 ok=True iters=7
22:37:27 [INFO] [PROG] s*=7.26/8.34 (87.1%) dist_goal=0.87
22:37:27 [INFO] [MPC] state=(-2.27,+2.70,-3.09) wp0=(-2.34,+2.85) v=+0.200 ω=-0.523 ok=True iters=7
22:37:27 [INFO] [PROG] s*=7.28/8.34 (87.3%) dist_goal=0.85
22:37:27 [INFO] [MPC] state=(-2.29,+2.70,-3.13) wp0=(-2.36,+2.85) v=+0.200 ω=-0.277 ok=True iters=7
22:37:27 [INFO] [PROG] s*=7.30/8.34 (87.6%) dist_goal=0.84
22:37:27 [INFO] [MPC] state=(-2.31,+2.70,-3.15) wp0=(-2.38,+2.85) v=+0.200 ω=-0.216 ok=True iters=7
22:37:27 [INFO] [PROG] s*=7.32/8.34 (87.8%) dist_goal=0.82
22:37:27 [INFO] [MPC] state=(-2.33,+2.70,-3.17) wp0=(-2.40,+2.85) v=+0.200 ω=+0.012 ok=True iters=7
22:37:27 [INFO] [PROG] s*=7.34/8.34 (88.1%) dist_goal=0.80
22:37:27 [INFO] [MPC] state=(-2.35,+2.70,-3.17) wp0=(-2.42,+2.85) v=+0.200 ω=+0.034 ok=True iters=7
22:37:27 [INFO] [PROG] s*=7.36/8.34 (88.3%) dist_goal=0.78
22:37:27 [INFO] [MPC] state=(-2.37,+2.70,-3.16) wp0=(-2.44,+2.85) v=+0.199 ω=-0.081 ok=True iters=7
22:37:27 [INFO] [PROG] s*=7.38/8.34 (88.5%) dist_goal=0.76
22:37:27 [INFO] [MPC] state=(-2.39,+2.70,-3.17) wp0=(-2.46,+2.85) v=+0.194 ω=+0.533 ok=True iters=8
22:37:27 [INFO] [PROG] s*=7.40/8.34 (88.7%) dist_goal=0.74
22:37:27 [INFO] [MPC] state=(-2.41,+2.70,-3.14) wp0=(-2.47,+2.85) v=+0.190 ω=+0.672 ok=True iters=8
22:37:27 [INFO] [PROG] s*=7.41/8.34 (88.9%) dist_goal=0.73
22:37:27 [INFO] [MPC] state=(-2.42,+2.70,-3.10) wp0=(-2.49,+2.85) v=+0.186 ω=+0.671 ok=True iters=8
22:37:27 [INFO] [PROG] s*=7.43/8.34 (89.1%) dist_goal=0.71
22:37:27 [INFO] [MPC] state=(-2.44,+2.70,-3.06) wp0=(-2.51,+2.85) v=+0.182 ω=+0.728 ok=True iters=8
22:37:27 [INFO] [PROG] s*=7.45/8.34 (89.3%) dist_goal=0.69
22:37:27 [INFO] [MPC] state=(-2.46,+2.70,-3.00) wp0=(-2.52,+2.85) v=+0.178 ω=+0.132 ok=True iters=9
22:37:27 [INFO] [PROG] s*=7.59/8.34 (91.1%) dist_goal=0.68
22:37:27 [INFO] [MPC] state=(-2.47,+2.69,-2.99) wp0=(-2.63,+2.77) v=+0.173 ω=+0.100 ok=True iters=9
22:37:27 [INFO] [PROG] s*=7.60/8.34 (91.2%) dist_goal=0.66
22:37:27 [INFO] [MPC] state=(-2.49,+2.69,-2.98) wp0=(-2.64,+2.76) v=+0.169 ω=-0.941 ok=True iters=7
22:37:27 [INFO] [PROG] s*=7.62/8.34 (91.4%) dist_goal=0.64
22:37:27 [INFO] [MPC] state=(-2.51,+2.69,-3.05) wp0=(-2.65,+2.75) v=+0.165 ω=-0.415 ok=True iters=7
22:37:27 [INFO] [PROG] s*=7.63/8.34 (91.5%) dist_goal=0.63
22:37:27 [INFO] [MPC] state=(-2.52,+2.69,-3.09) wp0=(-2.67,+2.75) v=+0.161 ω=-0.372 ok=True iters=8
22:37:27 [INFO] [PROG] s*=7.64/8.34 (91.7%) dist_goal=0.61
22:37:27 [INFO] [MPC] state=(-2.54,+2.69,-3.14) wp0=(-2.68,+2.75) v=+0.157 ω=+0.492 ok=True iters=8
22:37:27 [INFO] [PROG] s*=7.65/8.34 (91.8%) dist_goal=0.60
22:37:27 [INFO] [MPC] state=(-2.55,+2.69,-3.09) wp0=(-2.69,+2.75) v=+0.153 ω=-0.048 ok=True iters=9
22:37:27 [INFO] [PROG] s*=7.66/8.34 (91.9%) dist_goal=0.58
22:37:27 [INFO] [MPC] state=(-2.57,+2.69,-3.10) wp0=(-2.70,+2.75) v=+0.149 ω=+0.080 ok=True iters=9
22:37:27 [INFO] [PROG] s*=7.66/8.34 (91.9%) dist_goal=0.57
22:37:27 [INFO] [MPC] state=(-2.58,+2.69,-3.09) wp0=(-2.70,+2.75) v=+0.146 ω=+0.173 ok=True iters=9
22:37:27 [INFO] [PROG] s*=7.66/8.34 (91.9%) dist_goal=0.55
22:37:27 [INFO] [MPC] state=(-2.60,+2.68,-3.07) wp0=(-2.70,+2.75) v=+0.142 ω=+0.155 ok=True iters=9
22:37:27 [INFO] [PROG] s*=7.66/8.34 (91.9%) dist_goal=0.54
22:37:27 [INFO] [MPC] state=(-2.61,+2.68,-3.05) wp0=(-2.70,+2.75) v=+0.138 ω=+0.133 ok=True iters=9
22:37:27 [INFO] [PROG] s*=7.66/8.34 (91.9%) dist_goal=0.53
22:37:27 [INFO] [MPC] state=(-2.63,+2.68,-3.04) wp0=(-2.70,+2.75) v=+0.135 ω=+0.111 ok=True iters=10
22:37:27 [INFO] [PROG] s*=7.67/8.34 (92.0%) dist_goal=0.51
22:37:27 [INFO] [MPC] state=(-2.64,+2.68,-3.03) wp0=(-2.70,+2.75) v=+0.132 ω=-0.384 ok=True iters=13
22:37:27 [INFO] [PROG] s*=7.68/8.34 (92.1%) dist_goal=0.50
22:37:27 [INFO] [MPC] state=(-2.65,+2.68,-3.07) wp0=(-2.72,+2.75) v=+0.128 ω=+0.242 ok=True iters=8
22:37:27 [INFO] [PROG] s*=7.69/8.34 (92.3%) dist_goal=0.49
22:37:27 [INFO] [MPC] state=(-2.67,+2.68,-3.05) wp0=(-2.73,+2.75) v=+0.125 ω=-0.221 ok=True iters=9
22:37:27 [INFO] [PROG] s*=7.71/8.34 (92.4%) dist_goal=0.48
22:37:27 [INFO] [MPC] state=(-2.68,+2.68,-3.07) wp0=(-2.74,+2.75) v=+0.122 ω=-0.125 ok=True iters=10
22:37:27 [INFO] [PROG] s*=7.72/8.34 (92.6%) dist_goal=0.46
22:37:27 [INFO] [MPC] state=(-2.69,+2.68,-3.08) wp0=(-2.75,+2.75) v=+0.119 ω=-0.055 ok=True iters=12
22:37:27 [INFO] [PROG] s*=7.73/8.34 (92.7%) dist_goal=0.45
22:37:27 [INFO] [MPC] state=(-2.70,+2.68,-3.09) wp0=(-2.76,+2.74) v=+0.116 ω=-0.271 ok=True iters=15
22:37:27 [INFO] [PROG] s*=7.80/8.34 (93.6%) dist_goal=0.44
22:37:27 [INFO] [MPC] state=(-2.72,+2.68,-3.11) wp0=(-2.81,+2.69) v=+0.113 ω=+0.042 ok=True iters=8
22:37:27 [INFO] [PROG] s*=7.81/8.34 (93.7%) dist_goal=0.43
22:37:27 [INFO] [MPC] state=(-2.73,+2.68,-3.11) wp0=(-2.82,+2.68) v=+0.110 ω=-1.332 ok=True iters=7
22:37:27 [INFO] [PROG] s*=7.81/8.34 (93.7%) dist_goal=0.42
22:37:27 [INFO] [MPC] state=(-2.74,+2.68,-3.24) wp0=(-2.82,+2.68) v=+0.108 ω=-1.249 ok=True iters=7
22:37:27 [INFO] [PROG] s*=7.82/8.34 (93.8%) dist_goal=0.41
22:37:27 [INFO] [MPC] state=(-2.75,+2.68,-3.36) wp0=(-2.82,+2.68) v=+0.105 ω=-0.453 ok=True iters=8
22:37:27 [INFO] [PROG] s*=7.82/8.34 (93.9%) dist_goal=0.40
22:37:27 [INFO] [MPC] state=(-2.76,+2.68,-3.41) wp0=(-2.83,+2.67) v=+0.103 ω=+0.122 ok=True iters=7
22:37:27 [INFO] [PROG] s*=7.83/8.34 (93.9%) dist_goal=0.40
22:37:27 [INFO] [MPC] state=(-2.77,+2.68,-3.39) wp0=(-2.83,+2.67) v=+0.101 ω=+0.133 ok=True iters=7
22:37:27 [INFO] [PROG] s*=7.84/8.34 (94.0%) dist_goal=0.39
22:37:27 [INFO] [MPC] state=(-2.78,+2.69,-3.38) wp0=(-2.84,+2.66) v=+0.099 ω=+0.134 ok=True iters=7
22:37:27 [INFO] [PROG] s*=7.84/8.34 (94.1%) dist_goal=0.38
22:37:27 [INFO] [MPC] state=(-2.79,+2.69,-3.37) wp0=(-2.84,+2.66) v=+0.097 ω=+0.132 ok=True iters=7
22:37:27 [INFO] [PROG] s*=7.85/8.34 (94.1%) dist_goal=0.37
22:37:27 [INFO] [MPC] state=(-2.80,+2.69,-3.35) wp0=(-2.84,+2.66) v=+0.095 ω=+0.436 ok=True iters=7
22:37:27 [INFO] [PROG] s*=7.85/8.34 (94.2%) dist_goal=0.36
22:37:27 [INFO] [MPC] state=(-2.81,+2.69,-3.31) wp0=(-2.85,+2.65) v=+0.093 ω=+0.289 ok=True iters=7
22:37:27 [INFO] [PROG] s*=7.86/8.34 (94.2%) dist_goal=0.36
22:37:27 [INFO] [MPC] state=(-2.82,+2.69,-3.28) wp0=(-2.85,+2.65) v=+0.091 ω=+0.228 ok=True iters=7
22:37:27 [INFO] [PROG] s*=7.86/8.34 (94.3%) dist_goal=0.35
22:37:27 [INFO] [MPC] state=(-2.82,+2.69,-3.26) wp0=(-2.86,+2.65) v=+0.089 ω=+0.180 ok=True iters=7
22:37:27 [INFO] [PROG] s*=7.87/8.34 (94.4%) dist_goal=0.34
22:37:27 [INFO] [MPC] state=(-2.83,+2.69,-3.24) wp0=(-2.86,+2.65) v=+0.087 ω=+0.397 ok=True iters=7
22:37:27 [INFO] [PROG] s*=7.87/8.34 (94.4%) dist_goal=0.33
22:37:27 [INFO] [MPC] state=(-2.84,+2.70,-3.20) wp0=(-2.87,+2.65) v=+0.085 ω=+0.293 ok=True iters=7
22:37:27 [INFO] [PROG] s*=7.88/8.34 (94.5%) dist_goal=0.33
22:37:27 [INFO] [MPC] state=(-2.85,+2.70,-3.17) wp0=(-2.87,+2.65) v=+0.084 ω=-0.165 ok=True iters=7
22:37:27 [INFO] [PROG] s*=7.88/8.34 (94.6%) dist_goal=0.32
22:37:27 [INFO] [MPC] state=(-2.86,+2.70,-3.19) wp0=(-2.88,+2.65) v=+0.082 ω=+0.267 ok=True iters=7
22:37:27 [INFO] [PROG] s*=7.93/8.34 (95.1%) dist_goal=0.31
22:37:27 [INFO] [MPC] state=(-2.87,+2.70,-3.16) wp0=(-2.92,+2.65) v=+0.080 ω=-0.175 ok=True iters=8
22:37:27 [INFO] [PROG] s*=7.94/8.34 (95.2%) dist_goal=0.31
22:37:27 [INFO] [MPC] state=(-2.87,+2.70,-3.18) wp0=(-2.93,+2.65) v=+0.078 ω=+0.252 ok=True iters=8
22:37:27 [INFO] [PROG] s*=7.94/8.34 (95.3%) dist_goal=0.30
22:37:27 [INFO] [MPC] state=(-2.88,+2.70,-3.16) wp0=(-2.94,+2.65) v=+0.077 ω=-0.166 ok=True iters=8
22:37:27 [INFO] [PROG] s*=7.95/8.34 (95.4%) dist_goal=0.29
22:37:27 [INFO] [MPC] state=(-2.89,+2.70,-3.18) wp0=(-2.95,+2.65) v=+0.075 ω=+0.245 ok=True iters=8
22:37:28 [INFO] [PROG] s*=7.96/8.34 (95.5%) dist_goal=0.29
22:37:28 [INFO] [MPC] state=(-2.90,+2.70,-3.16) wp0=(-2.95,+2.65) v=+0.073 ω=-0.162 ok=True iters=8
22:37:28 [INFO] [PROG] s*=7.97/8.34 (95.6%) dist_goal=0.28
22:37:28 [INFO] [MPC] state=(-2.90,+2.70,-3.17) wp0=(-2.96,+2.65) v=+0.072 ω=+0.235 ok=True iters=8
22:37:28 [INFO] [PROG] s*=7.97/8.34 (95.6%) dist_goal=0.28
22:37:28 [INFO] [MPC] state=(-2.91,+2.70,-3.15) wp0=(-2.97,+2.65) v=+0.070 ω=+0.126 ok=True iters=7
22:37:28 [INFO] [PROG] s*=7.98/8.34 (95.7%) dist_goal=0.27
22:37:28 [INFO] [MPC] state=(-2.92,+2.70,-3.14) wp0=(-2.97,+2.65) v=+0.069 ω=+0.091 ok=True iters=8
22:37:28 [INFO] [PROG] s*=7.99/8.34 (95.8%) dist_goal=0.26
22:37:28 [INFO] [MPC] state=(-2.92,+2.70,-3.14) wp0=(-2.98,+2.65) v=+0.068 ω=+0.063 ok=True iters=8
22:37:28 [INFO] [PROG] s*=7.99/8.34 (95.9%) dist_goal=0.26
22:37:28 [INFO] [MPC] state=(-2.93,+2.70,-3.13) wp0=(-2.99,+2.65) v=+0.066 ω=+0.041 ok=True iters=8
22:37:28 [INFO] [PROG] s*=8.00/8.34 (96.0%) dist_goal=0.25
22:37:28 [INFO] [MPC] state=(-2.94,+2.70,-3.12) wp0=(-2.99,+2.65) v=+0.065 ω=+0.025 ok=True iters=8
22:37:28 [INFO] [PROG] s*=8.00/8.34 (96.0%) dist_goal=0.25
22:37:28 [INFO] [MPC] state=(-2.94,+2.70,-3.12) wp0=(-3.00,+2.65) v=+0.064 ω=+0.014 ok=True iters=8
22:37:28 [INFO] [PROG] s*=8.01/8.34 (96.1%) dist_goal=0.24
22:37:28 [INFO] [MPC] state=(-2.95,+2.70,-3.12) wp0=(-3.01,+2.65) v=+0.062 ω=+0.006 ok=True iters=8
22:37:28 [INFO] [PROG] s*=8.02/8.34 (96.2%) dist_goal=0.24
22:37:28 [INFO] [MPC] state=(-2.96,+2.70,-3.12) wp0=(-3.01,+2.65) v=+0.061 ω=-0.250 ok=True iters=8
22:37:28 [INFO] [PROG] s*=8.02/8.34 (96.3%) dist_goal=0.23
22:37:28 [INFO] [MPC] state=(-2.96,+2.70,-3.15) wp0=(-3.02,+2.65) v=+0.060 ω=-0.166 ok=True iters=8
22:37:28 [INFO] [PROG] s*=8.03/8.34 (96.3%) dist_goal=0.23
22:37:28 [INFO] [MPC] state=(-2.97,+2.70,-3.17) wp0=(-3.02,+2.65) v=+0.059 ω=-0.099 ok=True iters=8
22:37:28 [INFO] [PROG] s*=8.03/8.34 (96.4%) dist_goal=0.23
22:37:28 [INFO] [MPC] state=(-2.97,+2.70,-3.18) wp0=(-3.03,+2.65) v=+0.058 ω=+0.220 ok=True iters=8
22:37:28 [INFO] [PROG] s*=8.04/8.34 (96.5%) dist_goal=0.22
22:37:28 [INFO] [MPC] state=(-2.98,+2.70,-3.16) wp0=(-3.03,+2.65) v=+0.057 ω=+0.126 ok=True iters=9
22:37:28 [INFO] [PROG] s*=8.05/8.34 (96.5%) dist_goal=0.22
22:37:28 [INFO] [MPC] state=(-2.98,+2.70,-3.15) wp0=(-3.04,+2.65) v=+0.056 ω=+0.089 ok=True iters=9
22:37:28 [INFO] [PROG] s*=8.05/8.34 (96.6%) dist_goal=0.21
22:37:28 [INFO] [MPC] state=(-2.99,+2.70,-3.14) wp0=(-3.04,+2.65) v=+0.055 ω=+0.058 ok=True iters=9
22:37:28 [INFO] [PROG] s*=8.06/8.34 (96.6%) dist_goal=0.21
22:37:28 [INFO] [MPC] state=(-2.99,+2.70,-3.13) wp0=(-3.05,+2.65) v=+0.054 ω=+0.037 ok=True iters=9
22:37:28 [INFO] [PROG] s*=8.06/8.34 (96.7%) dist_goal=0.21
22:37:28 [INFO] [MPC] state=(-3.00,+2.70,-3.13) wp0=(-3.06,+2.65) v=+0.053 ω=+0.022 ok=True iters=9
22:37:28 [INFO] [PROG] s*=8.07/8.34 (96.8%) dist_goal=0.20
22:37:28 [INFO] [MPC] state=(-3.01,+2.70,-3.12) wp0=(-3.06,+2.65) v=+0.052 ω=+0.012 ok=True iters=9
22:37:28 [INFO] [PROG] s*=8.07/8.34 (96.8%) dist_goal=0.20
22:37:28 [INFO] [MPC] state=(-3.01,+2.70,-3.12) wp0=(-3.07,+2.65) v=+0.051 ω=+0.006 ok=True iters=9
22:37:28 [INFO] [PROG] s*=8.08/8.34 (96.9%) dist_goal=0.20
22:37:28 [INFO] [MPC] state=(-3.02,+2.70,-3.12) wp0=(-3.07,+2.65) v=+0.050 ω=-0.213 ok=True iters=9
22:37:28 [INFO] [PROG] s*=8.08/8.34 (96.9%) dist_goal=0.19
22:37:28 [INFO] [MPC] state=(-3.02,+2.70,-3.14) wp0=(-3.08,+2.65) v=+0.049 ω=-0.142 ok=True iters=9
22:37:28 [INFO] [PROG] s*=8.09/8.34 (97.0%) dist_goal=0.19
22:37:28 [INFO] [MPC] state=(-3.03,+2.70,-3.16) wp0=(-3.08,+2.65) v=+0.048 ω=-0.088 ok=True iters=9
22:37:28 [INFO] [PROG] s*=8.09/8.34 (97.1%) dist_goal=0.19
22:37:28 [INFO] [MPC] state=(-3.03,+2.70,-3.17) wp0=(-3.08,+2.65) v=+0.048 ω=-0.057 ok=True iters=9
22:37:28 [INFO] [PROG] s*=8.09/8.34 (97.1%) dist_goal=0.18
22:37:28 [INFO] [MPC] state=(-3.03,+2.70,-3.17) wp0=(-3.09,+2.65) v=+0.047 ω=+0.201 ok=True iters=9
22:37:28 [INFO] [PROG] s*=8.10/8.34 (97.2%) dist_goal=0.18
22:37:28 [INFO] [MPC] state=(-3.04,+2.70,-3.16) wp0=(-3.09,+2.65) v=+0.046 ω=-0.083 ok=True iters=9
22:37:28 [INFO] [PROG] s*=8.10/8.34 (97.2%) dist_goal=0.18
22:37:28 [INFO] [MPC] state=(-3.04,+2.70,-3.17) wp0=(-3.10,+2.65) v=+0.046 ω=-0.054 ok=True iters=10
22:37:28 [INFO] [PROG] s*=8.11/8.34 (97.3%) dist_goal=0.18
22:37:28 [INFO] [MPC] state=(-3.05,+2.70,-3.17) wp0=(-3.10,+2.65) v=+0.045 ω=+0.192 ok=True iters=10
22:37:28 [INFO] [PROG] s*=8.11/8.34 (97.3%) dist_goal=0.18
22:37:28 [INFO] [MPC] state=(-3.05,+2.70,-3.15) wp0=(-3.11,+2.65) v=+0.044 ω=+0.355 ok=True iters=9
22:37:28 [INFO] [PROG] s*=8.11/8.34 (97.3%) dist_goal=0.17
22:37:28 [INFO] [MPC] state=(-3.06,+2.70,-3.12) wp0=(-3.11,+2.65) v=+0.044 ω=+0.772 ok=True iters=8
22:37:28 [INFO] [PROG] s*=8.12/8.34 (97.4%) dist_goal=0.17
22:37:28 [INFO] [MPC] state=(-3.06,+2.70,-3.06) wp0=(-3.11,+2.65) v=+0.043 ω=+1.057 ok=True iters=9
22:37:28 [INFO] [PROG] s*=8.12/8.34 (97.4%) dist_goal=0.17
22:37:28 [INFO] [MPC] state=(-3.06,+2.70,-2.95) wp0=(-3.11,+2.65) v=+0.043 ω=+1.429 ok=True iters=9
22:37:28 [INFO] [PROG] s*=8.12/8.34 (97.4%) dist_goal=0.17
22:37:28 [INFO] [MPC] state=(-3.06,+2.70,-2.81) wp0=(-3.12,+2.65) v=+0.042 ω=+1.569 ok=True iters=10
22:37:28 [INFO] [PROG] s*=8.12/8.34 (97.5%) dist_goal=0.17
22:37:28 [INFO] [MPC] state=(-3.07,+2.70,-2.65) wp0=(-3.12,+2.65) v=+0.030 ω=+1.752 ok=True iters=9
22:37:28 [INFO] [PROG] s*=8.13/8.34 (97.5%) dist_goal=0.16
22:37:28 [INFO] [MPC] state=(-3.07,+2.69,-2.48) wp0=(-3.12,+2.65) v=+0.030 ω=+1.435 ok=True iters=9
22:37:28 [INFO] [PROG] s*=8.13/8.34 (97.5%) dist_goal=0.16
22:37:28 [INFO] [MPC] state=(-3.07,+2.69,-2.33) wp0=(-3.12,+2.65) v=+0.030 ω=+1.155 ok=True iters=9
22:37:28 [INFO] [PROG] s*=8.13/8.34 (97.5%) dist_goal=0.16
22:37:28 [INFO] [MPC] state=(-3.07,+2.69,-2.21) wp0=(-3.12,+2.65) v=+0.030 ω=+1.038 ok=True iters=9
22:37:28 [INFO] [PROG] s*=8.13/8.34 (97.5%) dist_goal=0.16
22:37:28 [INFO] [MPC] state=(-3.07,+2.69,-2.11) wp0=(-3.12,+2.65) v=+0.030 ω=+0.723 ok=True iters=9
22:37:28 [INFO] [PROG] s*=8.13/8.34 (97.5%) dist_goal=0.15
22:37:28 [INFO] [MPC] state=(-3.07,+2.69,-2.03) wp0=(-3.12,+2.65) v=+0.030 ω=+0.493 ok=True iters=9
22:37:28 [INFO] [PROG] s*=8.13/8.34 (97.5%) dist_goal=0.15
22:37:28 [INFO] [MPC] state=(-3.07,+2.68,-1.98) wp0=(-3.13,+2.65) v=+0.030 ω=+0.429 ok=True iters=9
22:37:28 [INFO] [PROG] s*=8.13/8.34 (97.6%) dist_goal=0.15
22:37:28 [INFO] [MPC] state=(-3.08,+2.68,-1.94) wp0=(-3.13,+2.65) v=+0.030 ω=+0.308 ok=True iters=9
22:37:28 [INFO] [PROG] s*=8.13/8.34 (97.6%) dist_goal=0.15
22:37:28 [INFO] [MPC] state=(-3.08,+2.68,-1.91) wp0=(-3.13,+2.65) v=+0.030 ω=+0.241 ok=True iters=10
22:37:28 [INFO] [PROG] s*=8.13/8.34 (97.6%) dist_goal=0.14
22:37:28 [INFO] [MPC] state=(-3.08,+2.68,-1.88) wp0=(-3.13,+2.65) v=+0.030 ω=+0.201 ok=True iters=10
22:37:28 [INFO] [PROG] s*=8.13/8.34 (97.6%) dist_goal=0.14
22:37:28 [INFO] [MPC] state=(-3.08,+2.67,-1.86) wp0=(-3.13,+2.65) v=+0.030 ω=+0.176 ok=True iters=10
22:37:28 [INFO] [PROG] s*=8.14/8.34 (97.6%) dist_goal=0.14
22:37:28 [INFO] [MPC] state=(-3.08,+2.67,-1.84) wp0=(-3.13,+2.65) v=+0.030 ω=+0.164 ok=True iters=10
22:37:28 [INFO] [PROG] s*=8.14/8.34 (97.6%) dist_goal=0.14
22:37:28 [INFO] [MPC] state=(-3.08,+2.67,-1.83) wp0=(-3.13,+2.65) v=+0.030 ω=+0.158 ok=True iters=10
22:37:28 [INFO] [PROG] s*=8.14/8.34 (97.6%) dist_goal=0.13
22:37:28 [INFO] [MPC] state=(-3.08,+2.67,-1.81) wp0=(-3.13,+2.65) v=+0.030 ω=+0.149 ok=True iters=10
22:37:28 [INFO] [PROG] s*=8.14/8.34 (97.6%) dist_goal=0.13
22:37:28 [INFO] [MPC] state=(-3.08,+2.66,-1.79) wp0=(-3.13,+2.65) v=+0.030 ω=+0.251 ok=True iters=10
22:37:28 [INFO] [PROG] s*=8.14/8.34 (97.6%) dist_goal=0.13
22:37:28 [INFO] [MPC] state=(-3.08,+2.66,-1.77) wp0=(-3.13,+2.65) v=+0.030 ω=+0.192 ok=True iters=10
22:37:28 [INFO] [PROG] s*=8.14/8.34 (97.6%) dist_goal=0.13
22:37:28 [INFO] [MPC] state=(-3.08,+2.66,-1.75) wp0=(-3.13,+2.65) v=+0.030 ω=+0.160 ok=True iters=10
22:37:28 [INFO] [PROG] s*=8.14/8.34 (97.6%) dist_goal=0.12
22:37:28 [INFO] [MPC] state=(-3.08,+2.66,-1.73) wp0=(-3.13,+2.65) v=+0.030 ω=+0.134 ok=True iters=10
22:37:28 [INFO] [PROG] s*=8.14/8.34 (97.6%) dist_goal=0.12
22:37:28 [INFO] [MPC] state=(-3.08,+2.65,-1.72) wp0=(-3.13,+2.65) v=+0.030 ω=+0.113 ok=True iters=10
22:37:28 [INFO] [PROG] s*=8.14/8.34 (97.6%) dist_goal=0.12
22:37:28 [INFO] [MPC] state=(-3.08,+2.65,-1.71) wp0=(-3.13,+2.65) v=+0.030 ω=+0.093 ok=True iters=9
22:37:28 [INFO] [PROG] s*=8.14/8.34 (97.7%) dist_goal=0.12
22:37:28 [INFO] [MPC] state=(-3.08,+2.65,-1.70) wp0=(-3.13,+2.65) v=+0.030 ω=+0.081 ok=True iters=5
22:37:28 [INFO] [PROG] s*=8.14/8.34 (97.7%) dist_goal=0.11
22:37:28 [INFO] [MPC] state=(-3.08,+2.64,-1.69) wp0=(-3.13,+2.65) v=+0.030 ω=+0.070 ok=True iters=5
22:37:28 [INFO] [PROG] s*=8.14/8.34 (97.7%) dist_goal=0.11
22:37:28 [INFO] [MPC] state=(-3.08,+2.64,-1.68) wp0=(-3.13,+2.65) v=+0.030 ω=+0.060 ok=True iters=5
22:37:28 [INFO] [PROG] s*=8.14/8.34 (97.7%) dist_goal=0.11
22:37:28 [INFO] [MPC] state=(-3.08,+2.64,-1.67) wp0=(-3.14,+2.65) v=+0.030 ω=+0.054 ok=True iters=5
22:37:28 [INFO] [PROG] s*=8.14/8.34 (97.7%) dist_goal=0.11
22:37:28 [INFO] [MPC] state=(-3.09,+2.64,-1.67) wp0=(-3.14,+2.65) v=+0.030 ω=+0.047 ok=True iters=5
22:37:28 [INFO] [PROG] s*=8.14/8.34 (97.7%) dist_goal=0.10
22:37:28 [INFO] [MPC] state=(-3.09,+2.63,-1.66) wp0=(-3.14,+2.65) v=+0.030 ω=+0.039 ok=True iters=5
22:37:28 [INFO] [PROG] s*=8.14/8.34 (97.7%) dist_goal=0.10
22:37:28 [INFO] [MPC] state=(-3.09,+2.63,-1.66) wp0=(-3.14,+2.65) v=+0.030 ω=+0.035 ok=True iters=5
22:37:28 [INFO] [PROG] s*=8.14/8.34 (97.7%) dist_goal=0.10
22:37:28 [INFO] [MPC] state=(-3.09,+2.63,-1.66) wp0=(-3.14,+2.65) v=+0.030 ω=+0.029 ok=True iters=5
