12:09:50 [INFO] === New MPC Session Started ===
12:09:50 [DEBUG] matplotlib data path: /home/max/.local/lib/python3.10/site-packages/matplotlib/mpl-data
12:09:50 [DEBUG] CONFIGDIR=/home/max/.config/matplotlib
12:09:50 [DEBUG] interactive is False
12:09:50 [DEBUG] platform is linux
12:09:50 [DEBUG] CACHEDIR=/home/max/.cache/matplotlib
12:09:50 [DEBUG] Using fontManager instance from /home/max/.cache/matplotlib/fontlist-v390.json
12:09:50 [INFO] CrowdNavPyBulletEnv initializing...
12:09:54 [INFO] World ready | grid: (112, 112), res: 0.1, N=10, T=0.1
12:09:55 [INFO] [PROG] s*=0.00/4.71 (0.0%) dist_goal=3.59
12:09:55 [INFO] [MPC] state=(+1.23,-0.64,-2.18) wp0=(+1.17,-0.65) v=+0.200 ω=-2.400 ok=True iters=10
12:09:55 [INFO] [PROG] s*=0.00/4.71 (0.0%) dist_goal=3.58
12:09:55 [INFO] [MPC] state=(+1.23,-0.65,-2.26) wp0=(+1.17,-0.65) v=+0.200 ω=-2.400 ok=True iters=10
12:09:55 [INFO] [PROG] s*=0.01/4.71 (0.2%) dist_goal=3.58
12:09:55 [INFO] [MPC] state=(+1.22,-0.66,-2.39) wp0=(+1.16,-0.65) v=+0.200 ω=-1.944 ok=True iters=11
12:09:55 [INFO] [PROG] s*=0.02/4.71 (0.5%) dist_goal=3.58
12:09:55 [INFO] [MPC] state=(+1.21,-0.67,-2.49) wp0=(+1.15,-0.65) v=+0.200 ω=-0.597 ok=True iters=8
12:09:55 [INFO] [PROG] s*=0.11/4.71 (2.3%) dist_goal=3.58
12:09:55 [INFO] [MPC] state=(+1.20,-0.68,-2.53) wp0=(+1.15,-0.74) v=+0.200 ω=+0.709 ok=True iters=8
12:09:55 [INFO] [PROG] s*=0.12/4.71 (2.5%) dist_goal=3.57
12:09:55 [INFO] [MPC] state=(+1.18,-0.69,-2.49) wp0=(+1.15,-0.75) v=+0.200 ω=+1.073 ok=True iters=6
12:09:55 [INFO] [PROG] s*=0.13/4.71 (2.7%) dist_goal=3.57
12:09:55 [INFO] [MPC] state=(+1.17,-0.70,-2.43) wp0=(+1.15,-0.76) v=+0.200 ω=+1.117 ok=True iters=6
12:09:55 [INFO] [PROG] s*=0.14/4.71 (2.9%) dist_goal=3.56
12:09:55 [INFO] [MPC] state=(+1.16,-0.71,-2.37) wp0=(+1.15,-0.77) v=+0.200 ω=+1.946 ok=True iters=6
12:09:55 [INFO] [PROG] s*=0.15/4.71 (3.1%) dist_goal=3.56
12:09:55 [INFO] [MPC] state=(+1.15,-0.72,-2.27) wp0=(+1.15,-0.78) v=+0.200 ω=+1.939 ok=True iters=6
12:09:55 [INFO] [PROG] s*=0.16/4.71 (3.4%) dist_goal=3.55
12:09:55 [INFO] [MPC] state=(+1.14,-0.73,-2.16) wp0=(+1.15,-0.79) v=+0.200 ω=+1.700 ok=True iters=6
12:09:55 [INFO] [PROG] s*=0.17/4.71 (3.6%) dist_goal=3.54
12:09:55 [INFO] [MPC] state=(+1.14,-0.74,-2.07) wp0=(+1.15,-0.80) v=+0.200 ω=+1.468 ok=True iters=6
12:09:55 [INFO] [PROG] s*=0.18/4.71 (3.9%) dist_goal=3.54
12:09:55 [INFO] [MPC] state=(+1.13,-0.75,-1.99) wp0=(+1.15,-0.81) v=+0.200 ω=+1.499 ok=True iters=6
12:09:55 [INFO] [PROG] s*=0.20/4.71 (4.2%) dist_goal=3.53
12:09:55 [INFO] [MPC] state=(+1.12,-0.76,-1.91) wp0=(+1.15,-0.83) v=+0.200 ω=+1.926 ok=True iters=6
12:09:55 [INFO] [PROG] s*=0.21/4.71 (4.4%) dist_goal=3.52
12:09:55 [INFO] [MPC] state=(+1.12,-0.78,-1.80) wp0=(+1.15,-0.84) v=+0.200 ω=+2.035 ok=True iters=6
12:09:55 [INFO] [PROG] s*=0.22/4.71 (4.7%) dist_goal=3.51
12:09:55 [INFO] [MPC] state=(+1.12,-0.79,-1.69) wp0=(+1.15,-0.85) v=+0.200 ω=+1.608 ok=True iters=6
12:09:55 [INFO] [PROG] s*=0.23/4.71 (4.9%) dist_goal=3.50
12:09:55 [INFO] [MPC] state=(+1.12,-0.80,-1.61) wp0=(+1.15,-0.86) v=+0.200 ω=+1.924 ok=True iters=6
12:09:55 [INFO] [PROG] s*=0.25/4.71 (5.2%) dist_goal=3.49
12:09:55 [INFO] [MPC] state=(+1.12,-0.81,-1.51) wp0=(+1.15,-0.88) v=+0.200 ω=+1.253 ok=True iters=6
12:09:55 [INFO] [PROG] s*=0.26/4.71 (5.6%) dist_goal=3.47
12:09:55 [INFO] [MPC] state=(+1.12,-0.83,-1.45) wp0=(+1.15,-0.89) v=+0.200 ω=+0.160 ok=True iters=7
12:09:55 [INFO] [PROG] s*=0.28/4.71 (6.0%) dist_goal=3.45
12:09:55 [INFO] [MPC] state=(+1.12,-0.84,-1.43) wp0=(+1.15,-0.91) v=+0.200 ω=+0.067 ok=True iters=6
12:09:55 [INFO] [PROG] s*=0.30/4.71 (6.4%) dist_goal=3.43
12:09:55 [INFO] [MPC] state=(+1.12,-0.86,-1.43) wp0=(+1.15,-0.93) v=+0.200 ω=-0.703 ok=True iters=7
12:09:55 [INFO] [PROG] s*=0.32/4.71 (6.8%) dist_goal=3.42
12:09:55 [INFO] [MPC] state=(+1.13,-0.88,-1.47) wp0=(+1.15,-0.95) v=+0.200 ω=-0.423 ok=True iters=6
12:09:55 [INFO] [PROG] s*=0.34/4.71 (7.2%) dist_goal=3.40
12:09:55 [INFO] [MPC] state=(+1.13,-0.90,-1.49) wp0=(+1.15,-0.97) v=+0.200 ω=-0.426 ok=True iters=6
12:09:55 [INFO] [PROG] s*=0.36/4.71 (7.6%) dist_goal=3.38
12:09:55 [INFO] [MPC] state=(+1.13,-0.92,-1.52) wp0=(+1.15,-0.99) v=+0.200 ω=-0.823 ok=True iters=6
12:09:55 [INFO] [PROG] s*=0.37/4.71 (8.0%) dist_goal=3.37
12:09:55 [INFO] [MPC] state=(+1.13,-0.94,-1.57) wp0=(+1.15,-1.00) v=+0.200 ω=-0.754 ok=True iters=6
12:09:55 [INFO] [PROG] s*=0.39/4.71 (8.3%) dist_goal=3.35
12:09:55 [INFO] [MPC] state=(+1.13,-0.95,-1.62) wp0=(+1.15,-1.02) v=+0.200 ω=-0.668 ok=True iters=6
12:09:55 [INFO] [PROG] s*=0.41/4.71 (8.7%) dist_goal=3.34
12:09:55 [INFO] [MPC] state=(+1.13,-0.97,-1.66) wp0=(+1.15,-1.04) v=+0.200 ω=+0.374 ok=True iters=7
12:09:55 [INFO] [PROG] s*=0.43/4.71 (9.1%) dist_goal=3.32
12:09:55 [INFO] [MPC] state=(+1.13,-0.99,-1.64) wp0=(+1.15,-1.06) v=+0.200 ω=+0.382 ok=True iters=6
12:09:55 [INFO] [PROG] s*=0.45/4.71 (9.5%) dist_goal=3.31
12:09:55 [INFO] [MPC] state=(+1.13,-1.01,-1.62) wp0=(+1.15,-1.08) v=+0.200 ω=+0.374 ok=True iters=6
12:09:55 [INFO] [PROG] s*=0.47/4.71 (9.9%) dist_goal=3.29
12:09:55 [INFO] [MPC] state=(+1.12,-1.03,-1.60) wp0=(+1.15,-1.10) v=+0.200 ω=+0.361 ok=True iters=6
12:09:55 [INFO] [PROG] s*=0.49/4.71 (10.4%) dist_goal=3.27
12:09:55 [INFO] [MPC] state=(+1.12,-1.05,-1.58) wp0=(+1.15,-1.12) v=+0.200 ω=+0.071 ok=True iters=6
12:09:55 [INFO] [PROG] s*=0.51/4.71 (10.8%) dist_goal=3.26
12:09:55 [INFO] [MPC] state=(+1.12,-1.07,-1.57) wp0=(+1.15,-1.14) v=+0.200 ω=+0.060 ok=True iters=6
12:09:55 [INFO] [PROG] s*=0.53/4.71 (11.2%) dist_goal=3.24
12:09:55 [INFO] [MPC] state=(+1.12,-1.09,-1.56) wp0=(+1.15,-1.16) v=+0.200 ω=+0.047 ok=True iters=6
12:09:55 [INFO] [PROG] s*=0.55/4.71 (11.7%) dist_goal=3.22
12:09:55 [INFO] [MPC] state=(+1.12,-1.11,-1.56) wp0=(+1.15,-1.18) v=+0.200 ω=+0.033 ok=True iters=6
12:09:55 [INFO] [PROG] s*=0.57/4.71 (12.1%) dist_goal=3.21
12:09:55 [INFO] [MPC] state=(+1.12,-1.13,-1.56) wp0=(+1.15,-1.20) v=+0.200 ω=+0.020 ok=True iters=6
12:09:55 [INFO] [PROG] s*=0.59/4.71 (12.5%) dist_goal=3.19
12:09:55 [INFO] [MPC] state=(+1.12,-1.15,-1.55) wp0=(+1.15,-1.22) v=+0.200 ω=+0.007 ok=True iters=6
12:09:55 [INFO] [PROG] s*=0.61/4.71 (12.9%) dist_goal=3.17
12:09:55 [INFO] [MPC] state=(+1.13,-1.17,-1.55) wp0=(+1.15,-1.24) v=+0.200 ω=-0.004 ok=True iters=6
12:09:55 [INFO] [PROG] s*=0.63/4.71 (13.4%) dist_goal=3.15
12:09:55 [INFO] [MPC] state=(+1.13,-1.19,-1.55) wp0=(+1.15,-1.26) v=+0.200 ω=-0.014 ok=True iters=6
12:09:55 [INFO] [PROG] s*=0.65/4.71 (13.8%) dist_goal=3.14
12:09:55 [INFO] [MPC] state=(+1.13,-1.21,-1.55) wp0=(+1.15,-1.28) v=+0.200 ω=-0.021 ok=True iters=6
12:09:55 [INFO] [PROG] s*=0.67/4.71 (14.2%) dist_goal=3.12
12:09:55 [INFO] [MPC] state=(+1.13,-1.23,-1.56) wp0=(+1.15,-1.30) v=+0.200 ω=-0.027 ok=True iters=6
12:09:55 [INFO] [PROG] s*=0.69/4.71 (14.7%) dist_goal=3.10
12:09:55 [INFO] [MPC] state=(+1.13,-1.25,-1.56) wp0=(+1.15,-1.32) v=+0.200 ω=-0.030 ok=True iters=6
12:09:55 [INFO] [PROG] s*=0.71/4.71 (15.1%) dist_goal=3.09
12:09:55 [INFO] [MPC] state=(+1.13,-1.27,-1.56) wp0=(+1.15,-1.34) v=+0.200 ω=-0.031 ok=True iters=6
12:09:55 [INFO] [PROG] s*=0.73/4.71 (15.5%) dist_goal=3.07
12:09:55 [INFO] [MPC] state=(+1.13,-1.29,-1.56) wp0=(+1.15,-1.36) v=+0.200 ω=-0.700 ok=True iters=7
12:09:55 [INFO] [PROG] s*=0.75/4.71 (15.9%) dist_goal=3.06
12:09:55 [INFO] [MPC] state=(+1.13,-1.31,-1.61) wp0=(+1.15,-1.38) v=+0.200 ω=+0.322 ok=True iters=7
12:09:55 [INFO] [PROG] s*=0.77/4.71 (16.3%) dist_goal=3.04
12:09:55 [INFO] [MPC] state=(+1.13,-1.33,-1.60) wp0=(+1.15,-1.40) v=+0.200 ω=+0.052 ok=True iters=6
12:09:55 [INFO] [PROG] s*=0.79/4.71 (16.7%) dist_goal=3.02
12:09:55 [INFO] [MPC] state=(+1.13,-1.35,-1.59) wp0=(+1.15,-1.42) v=+0.200 ω=+0.055 ok=True iters=6
12:09:55 [INFO] [PROG] s*=0.81/4.71 (17.2%) dist_goal=3.01
12:09:55 [INFO] [MPC] state=(+1.13,-1.37,-1.59) wp0=(+1.15,-1.44) v=+0.200 ω=+0.055 ok=True iters=6
12:09:55 [INFO] [PROG] s*=0.83/4.71 (17.6%) dist_goal=2.99
12:09:55 [INFO] [MPC] state=(+1.12,-1.39,-1.58) wp0=(+1.15,-1.46) v=+0.200 ω=+0.052 ok=True iters=6
12:09:55 [INFO] [PROG] s*=0.85/4.71 (18.0%) dist_goal=2.97
12:09:55 [INFO] [MPC] state=(+1.12,-1.41,-1.57) wp0=(+1.15,-1.48) v=+0.200 ω=+0.045 ok=True iters=6
12:09:55 [INFO] [PROG] s*=0.87/4.71 (18.5%) dist_goal=2.96
12:09:55 [INFO] [MPC] state=(+1.12,-1.43,-1.57) wp0=(+1.15,-1.50) v=+0.200 ω=+0.037 ok=True iters=6
12:09:55 [INFO] [PROG] s*=0.89/4.71 (18.9%) dist_goal=2.94
12:09:55 [INFO] [MPC] state=(+1.12,-1.45,-1.57) wp0=(+1.15,-1.52) v=+0.200 ω=+0.028 ok=True iters=6
12:09:55 [INFO] [PROG] s*=0.91/4.71 (19.3%) dist_goal=2.92
12:09:55 [INFO] [MPC] state=(+1.13,-1.47,-1.56) wp0=(+1.15,-1.54) v=+0.200 ω=+0.019 ok=True iters=6
12:09:55 [INFO] [PROG] s*=0.93/4.71 (19.7%) dist_goal=2.91
12:09:55 [INFO] [MPC] state=(+1.13,-1.49,-1.56) wp0=(+1.15,-1.56) v=+0.200 ω=+0.010 ok=True iters=6
12:09:55 [INFO] [PROG] s*=0.95/4.71 (20.2%) dist_goal=2.89
12:09:55 [INFO] [MPC] state=(+1.13,-1.51,-1.56) wp0=(+1.15,-1.58) v=+0.200 ω=+0.002 ok=True iters=6
12:09:55 [INFO] [PROG] s*=0.97/4.71 (20.6%) dist_goal=2.87
12:09:55 [INFO] [MPC] state=(+1.13,-1.53,-1.56) wp0=(+1.15,-1.60) v=+0.200 ω=-0.006 ok=True iters=6
12:09:55 [INFO] [PROG] s*=0.99/4.71 (21.0%) dist_goal=2.86
12:09:55 [INFO] [MPC] state=(+1.13,-1.55,-1.56) wp0=(+1.15,-1.62) v=+0.200 ω=-0.012 ok=True iters=6
12:09:55 [INFO] [PROG] s*=1.01/4.71 (21.5%) dist_goal=2.84
12:09:55 [INFO] [MPC] state=(+1.13,-1.57,-1.56) wp0=(+1.15,-1.64) v=+0.200 ω=-0.017 ok=True iters=6
12:09:55 [INFO] [PROG] s*=1.03/4.71 (21.9%) dist_goal=2.83
12:09:55 [INFO] [MPC] state=(+1.13,-1.59,-1.56) wp0=(+1.15,-1.66) v=+0.200 ω=+0.016 ok=True iters=8
12:09:55 [INFO] [PROG] s*=1.05/4.71 (22.3%) dist_goal=2.81
12:09:55 [INFO] [MPC] state=(+1.13,-1.61,-1.56) wp0=(+1.15,-1.68) v=+0.200 ω=-0.029 ok=True iters=6
12:09:55 [INFO] [PROG] s*=1.07/4.71 (22.8%) dist_goal=2.79
12:09:55 [INFO] [MPC] state=(+1.13,-1.63,-1.56) wp0=(+1.15,-1.70) v=+0.200 ω=-0.030 ok=True iters=6
12:09:55 [INFO] [PROG] s*=1.09/4.71 (23.1%) dist_goal=2.78
12:09:55 [INFO] [MPC] state=(+1.13,-1.65,-1.56) wp0=(+1.15,-1.72) v=+0.200 ω=-0.700 ok=True iters=7
12:09:55 [INFO] [PROG] s*=1.11/4.71 (23.5%) dist_goal=2.76
12:09:55 [INFO] [MPC] state=(+1.13,-1.67,-1.61) wp0=(+1.15,-1.74) v=+0.200 ω=+0.317 ok=True iters=7
12:09:55 [INFO] [PROG] s*=1.13/4.71 (24.0%) dist_goal=2.75
12:09:55 [INFO] [MPC] state=(+1.13,-1.69,-1.59) wp0=(+1.15,-1.76) v=+0.200 ω=+0.039 ok=True iters=6
12:09:55 [INFO] [PROG] s*=1.15/4.71 (24.4%) dist_goal=2.73
12:09:55 [INFO] [MPC] state=(+1.13,-1.71,-1.59) wp0=(+1.15,-1.78) v=+0.200 ω=+0.041 ok=True iters=6
12:09:55 [INFO] [PROG] s*=1.17/4.71 (24.8%) dist_goal=2.72
12:09:55 [INFO] [MPC] state=(+1.13,-1.73,-1.58) wp0=(+1.15,-1.80) v=+0.200 ω=+0.039 ok=True iters=6
12:09:55 [INFO] [PROG] s*=1.19/4.71 (25.3%) dist_goal=2.70
12:09:55 [INFO] [MPC] state=(+1.13,-1.75,-1.58) wp0=(+1.15,-1.82) v=+0.200 ω=+0.037 ok=True iters=6
12:09:55 [INFO] [PROG] s*=1.21/4.71 (25.7%) dist_goal=2.69
12:09:55 [INFO] [MPC] state=(+1.13,-1.77,-1.57) wp0=(+1.15,-1.84) v=+0.200 ω=+0.032 ok=True iters=6
12:09:55 [INFO] [PROG] s*=1.23/4.71 (26.1%) dist_goal=2.67
12:09:55 [INFO] [MPC] state=(+1.13,-1.79,-1.57) wp0=(+1.15,-1.86) v=+0.200 ω=+0.027 ok=True iters=6
12:09:55 [INFO] [PROG] s*=1.25/4.71 (26.6%) dist_goal=2.66
12:09:55 [INFO] [MPC] state=(+1.13,-1.81,-1.57) wp0=(+1.15,-1.88) v=+0.200 ω=+0.022 ok=True iters=6
12:09:55 [INFO] [PROG] s*=1.27/4.71 (27.0%) dist_goal=2.64
12:09:55 [INFO] [MPC] state=(+1.13,-1.83,-1.57) wp0=(+1.15,-1.90) v=+0.200 ω=+0.016 ok=True iters=6
12:09:55 [INFO] [PROG] s*=1.29/4.71 (27.4%) dist_goal=2.63
12:09:55 [INFO] [MPC] state=(+1.13,-1.85,-1.56) wp0=(+1.15,-1.92) v=+0.200 ω=+0.010 ok=True iters=6
12:09:55 [INFO] [PROG] s*=1.31/4.71 (27.8%) dist_goal=2.61
12:09:55 [INFO] [MPC] state=(+1.13,-1.87,-1.56) wp0=(+1.15,-1.94) v=+0.200 ω=+0.004 ok=True iters=6
12:09:55 [INFO] [PROG] s*=1.33/4.71 (28.3%) dist_goal=2.59
12:09:55 [INFO] [MPC] state=(+1.13,-1.89,-1.56) wp0=(+1.15,-1.96) v=+0.200 ω=-0.001 ok=True iters=6
12:09:55 [INFO] [PROG] s*=1.35/4.71 (28.7%) dist_goal=2.58
12:09:55 [INFO] [MPC] state=(+1.13,-1.91,-1.56) wp0=(+1.15,-1.98) v=+0.200 ω=-0.006 ok=True iters=6
12:09:55 [INFO] [PROG] s*=1.37/4.71 (29.1%) dist_goal=2.56
12:09:55 [INFO] [MPC] state=(+1.13,-1.93,-1.56) wp0=(+1.15,-2.00) v=+0.200 ω=-0.010 ok=True iters=6
12:09:55 [INFO] [PROG] s*=1.39/4.71 (29.6%) dist_goal=2.55
12:09:55 [INFO] [MPC] state=(+1.13,-1.95,-1.56) wp0=(+1.15,-2.02) v=+0.200 ω=-0.012 ok=True iters=6
12:09:55 [INFO] [PROG] s*=1.41/4.71 (30.0%) dist_goal=2.53
12:09:55 [INFO] [MPC] state=(+1.13,-1.97,-1.56) wp0=(+1.15,-2.04) v=+0.200 ω=-0.014 ok=True iters=6
12:09:55 [INFO] [PROG] s*=1.43/4.71 (30.4%) dist_goal=2.52
12:09:55 [INFO] [MPC] state=(+1.13,-1.99,-1.57) wp0=(+1.15,-2.06) v=+0.200 ω=-0.016 ok=True iters=6
12:09:55 [INFO] [PROG] s*=1.45/4.71 (30.9%) dist_goal=2.50
12:09:55 [INFO] [MPC] state=(+1.13,-2.01,-1.57) wp0=(+1.15,-2.08) v=+0.200 ω=-0.016 ok=True iters=6
12:09:55 [INFO] [PROG] s*=1.47/4.71 (31.3%) dist_goal=2.49
12:09:55 [INFO] [MPC] state=(+1.13,-2.03,-1.57) wp0=(+1.15,-2.10) v=+0.200 ω=-0.015 ok=True iters=6
12:09:55 [INFO] [PROG] s*=1.49/4.71 (31.7%) dist_goal=2.48
12:09:55 [INFO] [MPC] state=(+1.13,-2.05,-1.57) wp0=(+1.15,-2.12) v=+0.200 ω=-0.014 ok=True iters=6
12:09:55 [INFO] [PROG] s*=1.51/4.71 (32.2%) dist_goal=2.46
12:09:55 [INFO] [MPC] state=(+1.13,-2.07,-1.57) wp0=(+1.15,-2.14) v=+0.200 ω=-0.013 ok=True iters=6
12:09:55 [INFO] [PROG] s*=1.53/4.71 (32.6%) dist_goal=2.45
12:09:55 [INFO] [MPC] state=(+1.13,-2.09,-1.57) wp0=(+1.15,-2.16) v=+0.200 ω=-0.011 ok=True iters=6
12:09:55 [INFO] [PROG] s*=1.55/4.71 (33.0%) dist_goal=2.43
12:09:55 [INFO] [MPC] state=(+1.13,-2.11,-1.57) wp0=(+1.15,-2.18) v=+0.200 ω=-0.009 ok=True iters=6
12:09:55 [INFO] [PROG] s*=1.57/4.71 (33.4%) dist_goal=2.42
12:09:55 [INFO] [MPC] state=(+1.13,-2.13,-1.57) wp0=(+1.15,-2.20) v=+0.200 ω=-0.008 ok=True iters=6
12:09:55 [INFO] [PROG] s*=1.59/4.71 (33.9%) dist_goal=2.40
12:09:55 [INFO] [MPC] state=(+1.13,-2.15,-1.57) wp0=(+1.15,-2.22) v=+0.200 ω=-0.006 ok=True iters=6
12:09:55 [INFO] [PROG] s*=1.61/4.71 (34.3%) dist_goal=2.39
12:09:55 [INFO] [MPC] state=(+1.13,-2.17,-1.57) wp0=(+1.15,-2.24) v=+0.200 ω=-0.004 ok=True iters=6
12:09:55 [INFO] [PROG] s*=1.64/4.71 (34.7%) dist_goal=2.38
12:09:55 [INFO] [MPC] state=(+1.13,-2.19,-1.57) wp0=(+1.15,-2.27) v=+0.200 ω=-0.002 ok=True iters=6
12:09:55 [INFO] [PROG] s*=1.66/4.71 (35.2%) dist_goal=2.36
12:09:55 [INFO] [MPC] state=(+1.13,-2.22,-1.57) wp0=(+1.15,-2.29) v=+0.200 ω=-0.001 ok=True iters=6
12:09:55 [INFO] [PROG] s*=1.68/4.71 (35.6%) dist_goal=2.35
12:09:55 [INFO] [MPC] state=(+1.13,-2.24,-1.57) wp0=(+1.15,-2.31) v=+0.200 ω=+0.001 ok=True iters=6
12:09:55 [INFO] [PROG] s*=1.70/4.71 (36.0%) dist_goal=2.33
12:09:55 [INFO] [MPC] state=(+1.13,-2.26,-1.57) wp0=(+1.15,-2.33) v=+0.200 ω=+0.002 ok=True iters=6
12:09:55 [INFO] [PROG] s*=1.72/4.71 (36.5%) dist_goal=2.32
12:09:55 [INFO] [MPC] state=(+1.13,-2.28,-1.57) wp0=(+1.15,-2.35) v=+0.200 ω=+0.002 ok=True iters=6
12:09:55 [INFO] [PROG] s*=1.74/4.71 (36.9%) dist_goal=2.31
12:09:55 [INFO] [MPC] state=(+1.13,-2.30,-1.57) wp0=(+1.15,-2.37) v=+0.200 ω=+0.002 ok=True iters=6
12:09:55 [INFO] [PROG] s*=1.76/4.71 (37.3%) dist_goal=2.29
12:09:55 [INFO] [MPC] state=(+1.13,-2.32,-1.57) wp0=(+1.15,-2.39) v=+0.200 ω=+0.002 ok=True iters=6
12:09:55 [INFO] [PROG] s*=1.78/4.71 (37.8%) dist_goal=2.28
12:09:55 [INFO] [MPC] state=(+1.13,-2.34,-1.57) wp0=(+1.15,-2.41) v=+0.200 ω=+0.002 ok=True iters=6
12:09:55 [INFO] [PROG] s*=1.80/4.71 (38.2%) dist_goal=2.27
12:09:55 [INFO] [MPC] state=(+1.13,-2.36,-1.57) wp0=(+1.15,-2.43) v=+0.200 ω=+0.001 ok=True iters=6
12:09:55 [INFO] [PROG] s*=1.82/4.71 (38.6%) dist_goal=2.25
12:09:55 [INFO] [MPC] state=(+1.13,-2.38,-1.57) wp0=(+1.15,-2.45) v=+0.200 ω=-0.000 ok=True iters=6
12:09:55 [INFO] [PROG] s*=1.84/4.71 (39.0%) dist_goal=2.24
12:09:55 [INFO] [MPC] state=(+1.13,-2.40,-1.57) wp0=(+1.15,-2.47) v=+0.200 ω=-0.001 ok=True iters=6
12:09:55 [INFO] [PROG] s*=1.86/4.71 (39.5%) dist_goal=2.23
12:09:55 [INFO] [MPC] state=(+1.13,-2.42,-1.57) wp0=(+1.15,-2.49) v=+0.200 ω=-0.001 ok=True iters=6
12:09:55 [INFO] [PROG] s*=1.88/4.71 (39.9%) dist_goal=2.22
12:09:55 [INFO] [MPC] state=(+1.13,-2.44,-1.57) wp0=(+1.15,-2.51) v=+0.200 ω=-0.002 ok=True iters=6
12:09:55 [INFO] [PROG] s*=1.90/4.71 (40.3%) dist_goal=2.20
12:09:55 [INFO] [MPC] state=(+1.13,-2.46,-1.57) wp0=(+1.15,-2.53) v=+0.200 ω=-0.003 ok=True iters=6
12:09:55 [INFO] [PROG] s*=1.92/4.71 (40.8%) dist_goal=2.19
12:09:55 [INFO] [MPC] state=(+1.13,-2.48,-1.57) wp0=(+1.15,-2.55) v=+0.200 ω=-0.003 ok=True iters=6
12:09:56 [INFO] [PROG] s*=1.94/4.71 (41.2%) dist_goal=2.18
12:09:56 [INFO] [MPC] state=(+1.13,-2.50,-1.57) wp0=(+1.15,-2.57) v=+0.200 ω=-0.004 ok=True iters=6
12:09:56 [INFO] [PROG] s*=1.96/4.71 (41.6%) dist_goal=2.17
12:09:56 [INFO] [MPC] state=(+1.13,-2.52,-1.57) wp0=(+1.15,-2.59) v=+0.200 ω=-0.003 ok=True iters=6
12:09:56 [INFO] [PROG] s*=1.98/4.71 (42.1%) dist_goal=2.15
12:09:56 [INFO] [MPC] state=(+1.13,-2.54,-1.57) wp0=(+1.15,-2.61) v=+0.200 ω=-0.004 ok=True iters=6
12:09:56 [INFO] [PROG] s*=2.00/4.71 (42.5%) dist_goal=2.14
12:09:56 [INFO] [MPC] state=(+1.13,-2.56,-1.57) wp0=(+1.15,-2.63) v=+0.200 ω=-0.004 ok=True iters=6
12:09:56 [INFO] [PROG] s*=2.02/4.71 (42.9%) dist_goal=2.13
12:09:56 [INFO] [MPC] state=(+1.13,-2.58,-1.57) wp0=(+1.15,-2.65) v=+0.200 ω=-0.004 ok=True iters=6
12:09:56 [INFO] [PROG] s*=2.04/4.71 (43.4%) dist_goal=2.12
12:09:56 [INFO] [MPC] state=(+1.13,-2.60,-1.57) wp0=(+1.15,-2.67) v=+0.200 ω=-0.004 ok=True iters=6
12:09:56 [INFO] [PROG] s*=2.06/4.71 (43.8%) dist_goal=2.11
12:09:56 [INFO] [MPC] state=(+1.13,-2.62,-1.57) wp0=(+1.15,-2.69) v=+0.200 ω=-0.004 ok=True iters=6
12:09:56 [INFO] [PROG] s*=2.08/4.71 (44.2%) dist_goal=2.09
12:09:56 [INFO] [MPC] state=(+1.13,-2.64,-1.57) wp0=(+1.15,-2.71) v=+0.200 ω=-0.004 ok=True iters=6
12:09:56 [INFO] [PROG] s*=2.10/4.71 (44.6%) dist_goal=2.08
12:09:56 [INFO] [MPC] state=(+1.13,-2.66,-1.57) wp0=(+1.15,-2.73) v=+0.200 ω=-0.004 ok=True iters=6
12:09:56 [INFO] [PROG] s*=2.12/4.71 (45.1%) dist_goal=2.07
12:09:56 [INFO] [MPC] state=(+1.13,-2.68,-1.57) wp0=(+1.15,-2.75) v=+0.200 ω=-0.003 ok=True iters=6
12:09:56 [INFO] [PROG] s*=2.14/4.71 (45.5%) dist_goal=2.06
12:09:56 [INFO] [MPC] state=(+1.13,-2.70,-1.57) wp0=(+1.15,-2.77) v=+0.200 ω=-0.003 ok=True iters=6
12:09:56 [INFO] [PROG] s*=2.16/4.71 (45.9%) dist_goal=2.05
12:09:56 [INFO] [MPC] state=(+1.13,-2.72,-1.57) wp0=(+1.15,-2.79) v=+0.200 ω=-0.003 ok=True iters=6
12:09:56 [INFO] [PROG] s*=2.18/4.71 (46.4%) dist_goal=2.04
12:09:56 [INFO] [MPC] state=(+1.13,-2.74,-1.57) wp0=(+1.15,-2.81) v=+0.200 ω=-0.002 ok=True iters=6
12:09:56 [INFO] [PROG] s*=2.20/4.71 (46.8%) dist_goal=2.03
12:09:56 [INFO] [MPC] state=(+1.13,-2.76,-1.57) wp0=(+1.15,-2.83) v=+0.200 ω=-0.002 ok=True iters=6
12:09:56 [INFO] [PROG] s*=2.22/4.71 (47.2%) dist_goal=2.02
12:09:56 [INFO] [MPC] state=(+1.13,-2.78,-1.57) wp0=(+1.15,-2.85) v=+0.200 ω=-0.003 ok=True iters=6
12:09:56 [INFO] [PROG] s*=2.24/4.71 (47.7%) dist_goal=2.01
12:09:56 [INFO] [MPC] state=(+1.13,-2.80,-1.57) wp0=(+1.15,-2.87) v=+0.200 ω=-0.002 ok=True iters=6
12:09:56 [INFO] [PROG] s*=2.26/4.71 (48.1%) dist_goal=2.00
12:09:56 [INFO] [MPC] state=(+1.13,-2.82,-1.57) wp0=(+1.15,-2.89) v=+0.200 ω=-0.002 ok=True iters=6
12:09:56 [INFO] [PROG] s*=2.28/4.71 (48.5%) dist_goal=1.99
12:09:56 [INFO] [MPC] state=(+1.13,-2.84,-1.57) wp0=(+1.15,-2.91) v=+0.200 ω=-0.002 ok=True iters=6
12:09:56 [INFO] [PROG] s*=2.30/4.71 (49.0%) dist_goal=1.98
12:09:56 [INFO] [MPC] state=(+1.13,-2.86,-1.57) wp0=(+1.15,-2.93) v=+0.200 ω=-0.002 ok=True iters=6
12:09:56 [INFO] [PROG] s*=2.32/4.71 (49.4%) dist_goal=1.97
12:09:56 [INFO] [MPC] state=(+1.13,-2.88,-1.57) wp0=(+1.15,-2.95) v=+0.200 ω=-0.002 ok=True iters=6
12:09:56 [INFO] [PROG] s*=2.34/4.71 (49.8%) dist_goal=1.96
12:09:56 [INFO] [MPC] state=(+1.13,-2.90,-1.57) wp0=(+1.15,-2.97) v=+0.200 ω=-0.001 ok=True iters=6
12:09:56 [INFO] [PROG] s*=2.37/4.71 (50.2%) dist_goal=1.95
12:09:56 [INFO] [MPC] state=(+1.13,-2.92,-1.57) wp0=(+1.15,-3.00) v=+0.200 ω=+0.005 ok=True iters=6
12:09:56 [INFO] [PROG] s*=2.39/4.71 (50.7%) dist_goal=1.94
12:09:56 [INFO] [MPC] state=(+1.13,-2.95,-1.57) wp0=(+1.15,-3.02) v=+0.200 ω=+0.010 ok=True iters=6
12:09:56 [INFO] [PROG] s*=2.41/4.71 (51.1%) dist_goal=1.93
12:09:56 [INFO] [MPC] state=(+1.13,-2.97,-1.57) wp0=(+1.15,-3.04) v=+0.200 ω=+0.016 ok=True iters=7
12:09:56 [INFO] [PROG] s*=2.43/4.71 (51.5%) dist_goal=1.92
12:09:56 [INFO] [MPC] state=(+1.13,-2.99,-1.57) wp0=(+1.15,-3.06) v=+0.200 ω=+0.021 ok=True iters=7
12:09:56 [INFO] [PROG] s*=2.45/4.71 (52.0%) dist_goal=1.91
12:09:56 [INFO] [MPC] state=(+1.13,-3.01,-1.57) wp0=(+1.15,-3.08) v=+0.200 ω=+0.028 ok=True iters=7
12:09:56 [INFO] [PROG] s*=2.47/4.71 (52.4%) dist_goal=1.90
12:09:56 [INFO] [MPC] state=(+1.13,-3.03,-1.56) wp0=(+1.15,-3.10) v=+0.200 ω=+0.033 ok=True iters=7
12:09:56 [INFO] [PROG] s*=2.48/4.71 (52.8%) dist_goal=1.89
12:09:56 [INFO] [MPC] state=(+1.13,-3.05,-1.56) wp0=(+1.15,-3.11) v=+0.200 ω=-0.632 ok=True iters=8
12:09:56 [INFO] [PROG] s*=2.50/4.71 (53.2%) dist_goal=1.89
12:09:56 [INFO] [MPC] state=(+1.13,-3.06,-1.60) wp0=(+1.15,-3.13) v=+0.200 ω=+0.410 ok=True iters=8
12:09:56 [INFO] [PROG] s*=2.52/4.71 (53.6%) dist_goal=1.88
12:09:56 [INFO] [MPC] state=(+1.13,-3.08,-1.58) wp0=(+1.15,-3.15) v=+0.200 ω=+0.124 ok=True iters=8
12:09:56 [INFO] [PROG] s*=2.54/4.71 (54.0%) dist_goal=1.87
12:09:56 [INFO] [MPC] state=(+1.13,-3.10,-1.57) wp0=(+1.15,-3.17) v=+0.200 ω=+0.160 ok=True iters=8
12:09:56 [INFO] [PROG] s*=2.56/4.71 (54.5%) dist_goal=1.86
12:09:56 [INFO] [MPC] state=(+1.13,-3.12,-1.56) wp0=(+1.15,-3.19) v=+0.200 ω=-0.111 ok=True iters=8
12:09:56 [INFO] [PROG] s*=2.58/4.71 (54.9%) dist_goal=1.86
12:09:56 [INFO] [MPC] state=(+1.13,-3.14,-1.57) wp0=(+1.15,-3.21) v=+0.200 ω=+0.249 ok=True iters=9
12:09:56 [INFO] [PROG] s*=2.60/4.71 (55.3%) dist_goal=1.85
12:09:56 [INFO] [MPC] state=(+1.13,-3.16,-1.55) wp0=(+1.15,-3.23) v=+0.200 ω=+0.149 ok=True iters=11
12:09:56 [INFO] [PROG] s*=2.62/4.71 (55.6%) dist_goal=1.84
12:09:56 [INFO] [MPC] state=(+1.13,-3.18,-1.54) wp0=(+1.15,-3.25) v=+0.200 ω=+0.891 ok=True iters=7
12:09:56 [INFO] [PROG] s*=2.63/4.71 (55.9%) dist_goal=1.83
12:09:56 [INFO] [MPC] state=(+1.13,-3.20,-1.50) wp0=(+1.15,-3.26) v=+0.200 ω=+1.420 ok=True iters=7
12:09:56 [INFO] [PROG] s*=2.65/4.71 (56.2%) dist_goal=1.83
12:09:56 [INFO] [MPC] state=(+1.13,-3.21,-1.42) wp0=(+1.15,-3.28) v=+0.200 ω=+1.677 ok=True iters=7
12:09:56 [INFO] [PROG] s*=2.66/4.71 (56.5%) dist_goal=1.82
12:09:56 [INFO] [MPC] state=(+1.13,-3.23,-1.33) wp0=(+1.15,-3.29) v=+0.200 ω=+1.282 ok=True iters=8
12:09:56 [INFO] [PROG] s*=2.67/4.71 (56.8%) dist_goal=1.81
12:09:56 [INFO] [MPC] state=(+1.14,-3.24,-1.26) wp0=(+1.15,-3.30) v=+0.200 ω=+1.302 ok=True iters=8
12:09:56 [INFO] [PROG] s*=2.69/4.71 (57.1%) dist_goal=1.80
12:09:56 [INFO] [MPC] state=(+1.14,-3.25,-1.19) wp0=(+1.15,-3.32) v=+0.200 ω=+1.244 ok=True iters=8
12:09:56 [INFO] [PROG] s*=2.70/4.71 (57.4%) dist_goal=1.79
12:09:56 [INFO] [MPC] state=(+1.15,-3.27,-1.12) wp0=(+1.15,-3.33) v=+0.200 ω=+1.035 ok=True iters=8
12:09:56 [INFO] [PROG] s*=2.72/4.71 (57.7%) dist_goal=1.77
12:09:56 [INFO] [MPC] state=(+1.16,-3.28,-1.06) wp0=(+1.15,-3.35) v=+0.200 ω=+0.906 ok=True iters=8
12:09:56 [INFO] [PROG] s*=2.73/4.71 (58.0%) dist_goal=1.76
12:09:56 [INFO] [MPC] state=(+1.16,-3.30,-1.01) wp0=(+1.16,-3.35) v=+0.200 ω=+0.834 ok=True iters=8
12:09:56 [INFO] [PROG] s*=2.80/4.71 (59.6%) dist_goal=1.75
12:09:56 [INFO] [MPC] state=(+1.17,-3.31,-0.96) wp0=(+1.23,-3.35) v=+0.200 ω=+0.796 ok=True iters=8
12:09:56 [INFO] [PROG] s*=2.81/4.71 (59.8%) dist_goal=1.73
12:09:56 [INFO] [MPC] state=(+1.18,-3.32,-0.92) wp0=(+1.24,-3.35) v=+0.200 ω=+0.846 ok=True iters=7
12:09:56 [INFO] [PROG] s*=2.83/4.71 (60.0%) dist_goal=1.72
12:09:56 [INFO] [MPC] state=(+1.19,-3.34,-0.87) wp0=(+1.26,-3.35) v=+0.200 ω=+0.825 ok=True iters=7
12:09:56 [INFO] [PROG] s*=2.84/4.71 (60.3%) dist_goal=1.70
12:09:56 [INFO] [MPC] state=(+1.21,-3.35,-0.82) wp0=(+1.27,-3.35) v=+0.200 ω=+0.810 ok=True iters=7
12:09:56 [INFO] [PROG] s*=2.85/4.71 (60.6%) dist_goal=1.69
12:09:56 [INFO] [MPC] state=(+1.22,-3.36,-0.78) wp0=(+1.28,-3.35) v=+0.200 ω=+0.652 ok=True iters=7
12:09:56 [INFO] [PROG] s*=2.86/4.71 (60.8%) dist_goal=1.67
12:09:56 [INFO] [MPC] state=(+1.23,-3.38,-0.74) wp0=(+1.29,-3.35) v=+0.200 ω=+0.628 ok=True iters=7
12:09:56 [INFO] [PROG] s*=2.88/4.71 (61.1%) dist_goal=1.65
12:09:56 [INFO] [MPC] state=(+1.24,-3.39,-0.70) wp0=(+1.31,-3.35) v=+0.200 ω=+0.595 ok=True iters=7
12:09:56 [INFO] [PROG] s*=2.89/4.71 (61.5%) dist_goal=1.64
12:09:56 [INFO] [MPC] state=(+1.26,-3.40,-0.67) wp0=(+1.32,-3.35) v=+0.200 ω=+0.553 ok=True iters=7
12:09:56 [INFO] [PROG] s*=2.91/4.71 (61.8%) dist_goal=1.62
12:09:56 [INFO] [MPC] state=(+1.27,-3.41,-0.63) wp0=(+1.34,-3.35) v=+0.200 ω=+0.542 ok=True iters=7
12:09:56 [INFO] [PROG] s*=2.92/4.71 (62.1%) dist_goal=1.60
12:09:56 [INFO] [MPC] state=(+1.29,-3.42,-0.60) wp0=(+1.35,-3.35) v=+0.200 ω=+0.555 ok=True iters=7
12:09:56 [INFO] [PROG] s*=2.94/4.71 (62.4%) dist_goal=1.59
12:09:56 [INFO] [MPC] state=(+1.30,-3.43,-0.57) wp0=(+1.37,-3.35) v=+0.200 ω=+0.731 ok=True iters=7
12:09:56 [INFO] [PROG] s*=2.95/4.71 (62.7%) dist_goal=1.57
12:09:56 [INFO] [MPC] state=(+1.32,-3.44,-0.52) wp0=(+1.38,-3.35) v=+0.200 ω=+0.677 ok=True iters=7
12:09:56 [INFO] [PROG] s*=2.97/4.71 (63.1%) dist_goal=1.55
12:09:56 [INFO] [MPC] state=(+1.33,-3.45,-0.48) wp0=(+1.40,-3.35) v=+0.200 ω=+0.913 ok=True iters=7
12:09:56 [INFO] [PROG] s*=2.98/4.71 (63.4%) dist_goal=1.53
12:09:56 [INFO] [MPC] state=(+1.35,-3.46,-0.43) wp0=(+1.41,-3.35) v=+0.200 ω=+0.516 ok=True iters=7
12:09:56 [INFO] [PROG] s*=3.00/4.71 (63.8%) dist_goal=1.52
12:09:56 [INFO] [MPC] state=(+1.36,-3.46,-0.40) wp0=(+1.43,-3.35) v=+0.200 ω=+0.511 ok=True iters=7
12:09:56 [INFO] [PROG] s*=3.02/4.71 (64.1%) dist_goal=1.50
12:09:56 [INFO] [MPC] state=(+1.38,-3.47,-0.37) wp0=(+1.45,-3.35) v=+0.200 ω=+0.843 ok=True iters=7
12:09:56 [INFO] [PROG] s*=3.03/4.71 (64.5%) dist_goal=1.48
12:09:56 [INFO] [MPC] state=(+1.40,-3.48,-0.32) wp0=(+1.46,-3.35) v=+0.200 ω=+0.780 ok=True iters=7
12:09:56 [INFO] [PROG] s*=3.05/4.71 (64.8%) dist_goal=1.46
12:09:56 [INFO] [MPC] state=(+1.41,-3.48,-0.28) wp0=(+1.48,-3.35) v=+0.200 ω=+0.669 ok=True iters=7
12:09:56 [INFO] [PROG] s*=3.07/4.71 (65.2%) dist_goal=1.45
12:09:56 [INFO] [MPC] state=(+1.43,-3.49,-0.24) wp0=(+1.50,-3.35) v=+0.200 ω=+0.631 ok=True iters=7
12:09:56 [INFO] [PROG] s*=3.09/4.71 (65.6%) dist_goal=1.43
12:09:56 [INFO] [MPC] state=(+1.45,-3.49,-0.20) wp0=(+1.52,-3.35) v=+0.200 ω=+0.209 ok=True iters=7
12:09:56 [INFO] [PROG] s*=3.11/4.71 (66.0%) dist_goal=1.41
12:09:56 [INFO] [MPC] state=(+1.47,-3.49,-0.19) wp0=(+1.54,-3.35) v=+0.200 ω=+0.227 ok=True iters=7
12:09:56 [INFO] [PROG] s*=3.13/4.71 (66.4%) dist_goal=1.39
12:09:56 [INFO] [MPC] state=(+1.49,-3.50,-0.17) wp0=(+1.56,-3.35) v=+0.200 ω=+0.234 ok=True iters=7
12:09:56 [INFO] [PROG] s*=3.14/4.71 (66.8%) dist_goal=1.37
12:09:56 [INFO] [MPC] state=(+1.51,-3.50,-0.15) wp0=(+1.57,-3.35) v=+0.200 ω=+0.689 ok=True iters=7
12:09:56 [INFO] [PROG] s*=3.16/4.71 (67.2%) dist_goal=1.35
12:09:56 [INFO] [MPC] state=(+1.52,-3.50,-0.11) wp0=(+1.59,-3.35) v=+0.200 ω=+0.629 ok=True iters=7
12:09:56 [INFO] [PROG] s*=3.18/4.71 (67.5%) dist_goal=1.34
12:09:56 [INFO] [MPC] state=(+1.54,-3.50,-0.08) wp0=(+1.61,-3.35) v=+0.200 ω=+0.856 ok=True iters=7
12:09:56 [INFO] [PROG] s*=3.20/4.71 (67.9%) dist_goal=1.32
12:09:56 [INFO] [MPC] state=(+1.56,-3.51,-0.03) wp0=(+1.63,-3.35) v=+0.200 ω=+0.228 ok=True iters=7
12:09:56 [INFO] [PROG] s*=3.22/4.71 (68.3%) dist_goal=1.30
12:09:56 [INFO] [MPC] state=(+1.58,-3.51,-0.02) wp0=(+1.65,-3.35) v=+0.200 ω=+0.499 ok=True iters=8
12:09:56 [INFO] [PROG] s*=3.23/4.71 (68.7%) dist_goal=1.28
12:09:56 [INFO] [MPC] state=(+1.60,-3.51,+0.01) wp0=(+1.66,-3.35) v=+0.200 ω=+0.443 ok=True iters=8
12:09:56 [INFO] [PROG] s*=3.25/4.71 (69.1%) dist_goal=1.26
12:09:56 [INFO] [MPC] state=(+1.61,-3.51,+0.03) wp0=(+1.68,-3.35) v=+0.200 ω=+0.377 ok=True iters=8
12:09:56 [INFO] [PROG] s*=3.27/4.71 (69.5%) dist_goal=1.25
12:09:56 [INFO] [MPC] state=(+1.63,-3.50,+0.06) wp0=(+1.70,-3.35) v=+0.200 ω=+0.608 ok=True iters=8
12:09:56 [INFO] [PROG] s*=3.29/4.71 (69.9%) dist_goal=1.23
12:09:56 [INFO] [MPC] state=(+1.65,-3.50,+0.09) wp0=(+1.72,-3.35) v=+0.200 ω=+0.076 ok=True iters=7
12:09:56 [INFO] [PROG] s*=3.31/4.71 (70.3%) dist_goal=1.21
12:09:56 [INFO] [MPC] state=(+1.67,-3.50,+0.10) wp0=(+1.74,-3.35) v=+0.200 ω=-0.065 ok=True iters=7
12:09:56 [INFO] [PROG] s*=3.33/4.71 (70.7%) dist_goal=1.19
12:09:56 [INFO] [MPC] state=(+1.69,-3.50,+0.09) wp0=(+1.76,-3.35) v=+0.200 ω=-0.528 ok=True iters=8
12:09:56 [INFO] [PROG] s*=3.35/4.71 (71.1%) dist_goal=1.18
12:09:56 [INFO] [MPC] state=(+1.71,-3.50,+0.06) wp0=(+1.78,-3.35) v=+0.200 ω=-0.868 ok=True iters=8
12:09:56 [INFO] [PROG] s*=3.36/4.71 (71.5%) dist_goal=1.16
12:09:56 [INFO] [MPC] state=(+1.73,-3.50,+0.01) wp0=(+1.79,-3.35) v=+0.200 ω=-0.899 ok=True iters=8
12:09:56 [INFO] [PROG] s*=3.38/4.71 (71.9%) dist_goal=1.14
12:09:56 [INFO] [MPC] state=(+1.74,-3.50,-0.05) wp0=(+1.81,-3.35) v=+0.200 ω=-0.349 ok=True iters=9
12:09:56 [INFO] [PROG] s*=3.40/4.71 (72.3%) dist_goal=1.12
12:09:56 [INFO] [MPC] state=(+1.76,-3.50,-0.08) wp0=(+1.83,-3.35) v=+0.200 ω=-0.346 ok=True iters=8
12:09:56 [INFO] [PROG] s*=3.54/4.71 (75.3%) dist_goal=1.10
12:09:56 [INFO] [MPC] state=(+1.78,-3.50,-0.10) wp0=(+1.94,-3.44) v=+0.200 ω=-0.278 ok=True iters=8
12:09:56 [INFO] [PROG] s*=3.56/4.71 (75.6%) dist_goal=1.09
12:09:56 [INFO] [MPC] state=(+1.80,-3.50,-0.12) wp0=(+1.95,-3.45) v=+0.200 ω=+0.725 ok=True iters=7
12:09:56 [INFO] [PROG] s*=3.57/4.71 (75.9%) dist_goal=1.07
12:09:56 [INFO] [MPC] state=(+1.82,-3.50,-0.08) wp0=(+1.96,-3.45) v=+0.200 ω=+0.247 ok=True iters=7
12:09:56 [INFO] [PROG] s*=3.59/4.71 (76.2%) dist_goal=1.05
12:09:56 [INFO] [MPC] state=(+1.84,-3.51,-0.06) wp0=(+1.98,-3.45) v=+0.200 ω=-0.266 ok=True iters=8
12:09:56 [INFO] [PROG] s*=3.60/4.71 (76.5%) dist_goal=1.03
12:09:56 [INFO] [MPC] state=(+1.86,-3.51,-0.08) wp0=(+1.99,-3.45) v=+0.200 ω=-0.347 ok=True iters=8
12:09:56 [INFO] [PROG] s*=3.61/4.71 (76.7%) dist_goal=1.01
12:09:56 [INFO] [MPC] state=(+1.88,-3.51,-0.10) wp0=(+2.00,-3.45) v=+0.200 ω=+0.068 ok=True iters=8
12:09:56 [INFO] [PROG] s*=3.61/4.71 (76.7%) dist_goal=0.99
12:09:56 [INFO] [MPC] state=(+1.90,-3.51,-0.10) wp0=(+2.00,-3.45) v=+0.200 ω=-0.520 ok=True iters=7
12:09:56 [INFO] [PROG] s*=3.61/4.71 (76.7%) dist_goal=0.97
12:09:56 [INFO] [MPC] state=(+1.92,-3.51,-0.13) wp0=(+2.00,-3.45) v=+0.200 ω=+0.036 ok=True iters=8
12:09:56 [INFO] [PROG] s*=3.62/4.71 (76.8%) dist_goal=0.95
12:09:56 [INFO] [MPC] state=(+1.94,-3.52,-0.12) wp0=(+2.00,-3.45) v=+0.200 ω=-0.384 ok=True iters=8
12:09:56 [INFO] [PROG] s*=3.64/4.71 (77.3%) dist_goal=0.93
12:09:56 [INFO] [MPC] state=(+1.95,-3.52,-0.15) wp0=(+2.02,-3.45) v=+0.200 ω=+0.038 ok=True iters=8
12:09:56 [INFO] [PROG] s*=3.66/4.71 (77.7%) dist_goal=0.92
12:09:56 [INFO] [MPC] state=(+1.97,-3.52,-0.15) wp0=(+2.04,-3.45) v=+0.200 ω=-0.185 ok=True iters=8
12:09:56 [INFO] [PROG] s*=3.68/4.71 (78.1%) dist_goal=0.90
12:09:56 [INFO] [MPC] state=(+1.99,-3.52,-0.16) wp0=(+2.06,-3.46) v=+0.200 ω=-0.167 ok=True iters=8
12:09:56 [INFO] [PROG] s*=3.76/4.71 (79.8%) dist_goal=0.88
12:09:56 [INFO] [MPC] state=(+2.01,-3.53,-0.17) wp0=(+2.12,-3.52) v=+0.200 ω=-0.017 ok=True iters=8
12:09:56 [INFO] [PROG] s*=3.77/4.71 (80.1%) dist_goal=0.86
12:09:56 [INFO] [MPC] state=(+2.03,-3.53,-0.18) wp0=(+2.13,-3.53) v=+0.200 ω=+1.182 ok=True iters=7
12:09:56 [INFO] [PROG] s*=3.78/4.71 (80.4%) dist_goal=0.84
12:09:56 [INFO] [MPC] state=(+2.05,-3.53,-0.11) wp0=(+2.14,-3.54) v=+0.200 ω=+0.951 ok=True iters=7
12:09:56 [INFO] [PROG] s*=3.80/4.71 (80.7%) dist_goal=0.83
12:09:56 [INFO] [MPC] state=(+2.07,-3.54,-0.06) wp0=(+2.15,-3.55) v=+0.200 ω=+0.325 ok=True iters=7
12:09:56 [INFO] [PROG] s*=3.81/4.71 (81.0%) dist_goal=0.81
12:09:56 [INFO] [MPC] state=(+2.09,-3.54,-0.04) wp0=(+2.16,-3.55) v=+0.200 ω=-0.132 ok=True iters=7
12:09:56 [INFO] [PROG] s*=3.83/4.71 (81.3%) dist_goal=0.79
12:09:56 [INFO] [MPC] state=(+2.11,-3.54,-0.06) wp0=(+2.17,-3.55) v=+0.200 ω=-0.515 ok=True iters=7
12:09:56 [INFO] [PROG] s*=3.84/4.71 (81.6%) dist_goal=0.77
12:09:56 [INFO] [MPC] state=(+2.12,-3.54,-0.09) wp0=(+2.19,-3.55) v=+0.197 ω=-0.628 ok=True iters=7
12:09:56 [INFO] [PROG] s*=3.86/4.71 (82.1%) dist_goal=0.76
12:09:56 [INFO] [MPC] state=(+2.14,-3.54,-0.12) wp0=(+2.21,-3.55) v=+0.193 ω=-0.705 ok=True iters=8
12:09:56 [INFO] [PROG] s*=3.88/4.71 (82.4%) dist_goal=0.74
12:09:56 [INFO] [MPC] state=(+2.16,-3.54,-0.17) wp0=(+2.23,-3.55) v=+0.189 ω=-0.958 ok=True iters=8
12:09:56 [INFO] [PROG] s*=3.90/4.71 (82.8%) dist_goal=0.72
12:09:56 [INFO] [MPC] state=(+2.18,-3.55,-0.23) wp0=(+2.24,-3.55) v=+0.185 ω=-0.484 ok=True iters=8
12:09:56 [INFO] [PROG] s*=3.91/4.71 (83.2%) dist_goal=0.70
12:09:56 [INFO] [MPC] state=(+2.19,-3.55,-0.27) wp0=(+2.26,-3.56) v=+0.180 ω=-0.405 ok=True iters=8
12:09:56 [INFO] [PROG] s*=3.93/4.71 (83.5%) dist_goal=0.68
12:09:56 [INFO] [MPC] state=(+2.21,-3.56,-0.31) wp0=(+2.27,-3.57) v=+0.176 ω=-0.209 ok=True iters=8
12:09:56 [INFO] [PROG] s*=3.96/4.71 (84.2%) dist_goal=0.67
12:09:56 [INFO] [MPC] state=(+2.23,-3.56,-0.33) wp0=(+2.29,-3.59) v=+0.171 ω=+0.317 ok=True iters=8
12:09:56 [INFO] [PROG] s*=3.97/4.71 (84.4%) dist_goal=0.65
12:09:56 [INFO] [MPC] state=(+2.24,-3.57,-0.29) wp0=(+2.30,-3.60) v=+0.167 ω=+0.957 ok=True iters=8
12:09:56 [INFO] [PROG] s*=3.99/4.71 (84.7%) dist_goal=0.64
12:09:56 [INFO] [MPC] state=(+2.26,-3.57,-0.22) wp0=(+2.31,-3.61) v=+0.163 ω=+0.736 ok=True iters=8
12:09:56 [INFO] [PROG] s*=4.00/4.71 (84.9%) dist_goal=0.62
12:09:56 [INFO] [MPC] state=(+2.27,-3.57,-0.15) wp0=(+2.32,-3.62) v=+0.160 ω=+0.743 ok=True iters=8
12:09:56 [INFO] [PROG] s*=4.01/4.71 (85.2%) dist_goal=0.61
12:09:56 [INFO] [MPC] state=(+2.29,-3.58,-0.09) wp0=(+2.33,-3.63) v=+0.156 ω=+0.372 ok=True iters=8
12:09:56 [INFO] [PROG] s*=4.02/4.71 (85.4%) dist_goal=0.60
12:09:56 [INFO] [MPC] state=(+2.30,-3.58,-0.05) wp0=(+2.33,-3.63) v=+0.153 ω=+0.242 ok=True iters=8
12:09:56 [INFO] [PROG] s*=4.03/4.71 (85.7%) dist_goal=0.58
12:09:56 [INFO] [MPC] state=(+2.32,-3.58,-0.03) wp0=(+2.34,-3.64) v=+0.149 ω=-0.182 ok=True iters=8
12:09:56 [INFO] [PROG] s*=4.04/4.71 (85.9%) dist_goal=0.57
12:09:56 [INFO] [MPC] state=(+2.33,-3.58,-0.05) wp0=(+2.35,-3.65) v=+0.146 ω=-0.525 ok=True iters=8
12:09:56 [INFO] [PROG] s*=4.06/4.71 (86.2%) dist_goal=0.56
12:09:56 [INFO] [MPC] state=(+2.35,-3.58,-0.10) wp0=(+2.36,-3.65) v=+0.142 ω=-0.790 ok=True iters=8
12:09:56 [INFO] [PROG] s*=4.12/4.71 (87.6%) dist_goal=0.54
12:09:56 [INFO] [MPC] state=(+2.36,-3.58,-0.18) wp0=(+2.43,-3.65) v=+0.139 ω=-0.934 ok=True iters=8
12:09:56 [INFO] [PROG] s*=4.14/4.71 (87.9%) dist_goal=0.53
12:09:56 [INFO] [MPC] state=(+2.38,-3.58,-0.27) wp0=(+2.44,-3.65) v=+0.135 ω=-0.970 ok=True iters=8
12:09:56 [INFO] [PROG] s*=4.15/4.71 (88.1%) dist_goal=0.51
12:09:56 [INFO] [MPC] state=(+2.39,-3.59,-0.37) wp0=(+2.45,-3.65) v=+0.132 ω=-0.551 ok=True iters=7
12:09:56 [INFO] [PROG] s*=4.16/4.71 (88.4%) dist_goal=0.50
12:09:56 [INFO] [MPC] state=(+2.40,-3.59,-0.42) wp0=(+2.46,-3.66) v=+0.129 ω=-0.387 ok=True iters=7
12:09:56 [INFO] [PROG] s*=4.17/4.71 (88.6%) dist_goal=0.49
12:09:56 [INFO] [MPC] state=(+2.42,-3.60,-0.46) wp0=(+2.47,-3.67) v=+0.125 ω=-0.005 ok=True iters=7
12:09:56 [INFO] [PROG] s*=4.18/4.71 (88.9%) dist_goal=0.48
12:09:56 [INFO] [MPC] state=(+2.43,-3.61,-0.46) wp0=(+2.48,-3.68) v=+0.122 ω=+0.377 ok=True iters=7
12:09:56 [INFO] [PROG] s*=4.19/4.71 (89.1%) dist_goal=0.46
12:09:56 [INFO] [MPC] state=(+2.44,-3.61,-0.43) wp0=(+2.48,-3.68) v=+0.119 ω=+0.688 ok=True iters=7
12:09:56 [INFO] [PROG] s*=4.19/4.71 (89.1%) dist_goal=0.45
12:09:56 [INFO] [MPC] state=(+2.45,-3.62,-0.36) wp0=(+2.49,-3.69) v=+0.116 ω=+0.695 ok=True iters=7
12:09:56 [INFO] [PROG] s*=4.19/4.71 (89.1%) dist_goal=0.44
12:09:56 [INFO] [MPC] state=(+2.46,-3.62,-0.29) wp0=(+2.49,-3.69) v=+0.113 ω=+0.578 ok=True iters=7
12:09:56 [INFO] [PROG] s*=4.20/4.71 (89.2%) dist_goal=0.43
12:09:56 [INFO] [MPC] state=(+2.47,-3.62,-0.23) wp0=(+2.49,-3.69) v=+0.111 ω=+0.245 ok=True iters=7
12:09:56 [INFO] [PROG] s*=4.21/4.71 (89.4%) dist_goal=0.42
12:09:56 [INFO] [MPC] state=(+2.48,-3.62,-0.20) wp0=(+2.49,-3.69) v=+0.108 ω=+0.245 ok=True iters=7
12:09:56 [INFO] [PROG] s*=4.22/4.71 (89.6%) dist_goal=0.41
12:09:56 [INFO] [MPC] state=(+2.49,-3.63,-0.17) wp0=(+2.50,-3.70) v=+0.106 ω=+0.222 ok=True iters=7
12:09:56 [INFO] [PROG] s*=4.22/4.71 (89.7%) dist_goal=0.40
12:09:56 [INFO] [MPC] state=(+2.50,-3.63,-0.15) wp0=(+2.51,-3.71) v=+0.103 ω=+0.210 ok=True iters=7
12:09:56 [INFO] [PROG] s*=4.23/4.71 (89.9%) dist_goal=0.39
12:09:56 [INFO] [MPC] state=(+2.51,-3.63,-0.13) wp0=(+2.51,-3.71) v=+0.101 ω=+0.112 ok=True iters=7
12:09:56 [INFO] [PROG] s*=4.24/4.71 (90.1%) dist_goal=0.39
12:09:56 [INFO] [MPC] state=(+2.52,-3.63,-0.12) wp0=(+2.52,-3.72) v=+0.099 ω=+0.137 ok=True iters=7
12:09:56 [INFO] [PROG] s*=4.25/4.71 (90.2%) dist_goal=0.38
12:09:56 [INFO] [MPC] state=(+2.53,-3.63,-0.11) wp0=(+2.52,-3.72) v=+0.096 ω=+0.149 ok=True iters=7
12:09:56 [INFO] [PROG] s*=4.25/4.71 (90.4%) dist_goal=0.37
12:09:56 [INFO] [MPC] state=(+2.54,-3.63,-0.09) wp0=(+2.53,-3.73) v=+0.094 ω=+0.121 ok=True iters=7
12:09:56 [INFO] [PROG] s*=4.26/4.71 (90.5%) dist_goal=0.36
12:09:56 [INFO] [MPC] state=(+2.55,-3.63,-0.08) wp0=(+2.53,-3.73) v=+0.092 ω=+0.072 ok=True iters=7
12:09:56 [INFO] [PROG] s*=4.27/4.71 (90.7%) dist_goal=0.35
12:09:56 [INFO] [MPC] state=(+2.56,-3.63,-0.07) wp0=(+2.54,-3.74) v=+0.090 ω=+0.045 ok=True iters=7
12:09:56 [INFO] [PROG] s*=4.27/4.71 (90.8%) dist_goal=0.35
12:09:56 [INFO] [MPC] state=(+2.57,-3.64,-0.07) wp0=(+2.54,-3.74) v=+0.089 ω=-0.041 ok=True iters=7
12:09:56 [INFO] [PROG] s*=4.28/4.71 (90.9%) dist_goal=0.34
12:09:56 [INFO] [MPC] state=(+2.58,-3.64,-0.07) wp0=(+2.55,-3.75) v=+0.087 ω=-0.023 ok=True iters=7
12:09:56 [INFO] [PROG] s*=4.29/4.71 (91.1%) dist_goal=0.33
12:09:56 [INFO] [MPC] state=(+2.59,-3.64,-0.07) wp0=(+2.55,-3.75) v=+0.085 ω=-0.033 ok=True iters=7
12:09:56 [INFO] [PROG] s*=4.39/4.71 (93.2%) dist_goal=0.33
12:09:56 [INFO] [MPC] state=(+2.59,-3.64,-0.08) wp0=(+2.65,-3.75) v=+0.083 ω=-0.031 ok=True iters=7
12:09:56 [INFO] [PROG] s*=4.40/4.71 (93.4%) dist_goal=0.32
12:09:56 [INFO] [MPC] state=(+2.60,-3.64,-0.08) wp0=(+2.66,-3.75) v=+0.081 ω=-0.038 ok=True iters=7
12:09:56 [INFO] [PROG] s*=4.40/4.71 (93.6%) dist_goal=0.31
12:09:56 [INFO] [MPC] state=(+2.61,-3.64,-0.08) wp0=(+2.67,-3.75) v=+0.080 ω=-0.022 ok=True iters=7
12:09:56 [INFO] [PROG] s*=4.41/4.71 (93.7%) dist_goal=0.31
12:09:56 [INFO] [MPC] state=(+2.62,-3.64,-0.09) wp0=(+2.68,-3.75) v=+0.078 ω=-0.012 ok=True iters=7
12:09:56 [INFO] [PROG] s*=4.42/4.71 (93.9%) dist_goal=0.30
12:09:56 [INFO] [MPC] state=(+2.63,-3.64,-0.09) wp0=(+2.68,-3.75) v=+0.077 ω=-0.005 ok=True iters=7
12:09:56 [INFO] [PROG] s*=4.43/4.71 (94.1%) dist_goal=0.29
12:09:56 [INFO] [MPC] state=(+2.63,-3.64,-0.09) wp0=(+2.69,-3.75) v=+0.075 ω=-0.270 ok=True iters=7
12:09:56 [INFO] [PROG] s*=4.44/4.71 (94.2%) dist_goal=0.29
12:09:56 [INFO] [MPC] state=(+2.64,-3.64,-0.11) wp0=(+2.70,-3.75) v=+0.074 ω=-0.631 ok=True iters=7
12:09:56 [INFO] [PROG] s*=4.44/4.71 (94.4%) dist_goal=0.28
12:09:56 [INFO] [MPC] state=(+2.65,-3.64,-0.18) wp0=(+2.71,-3.75) v=+0.072 ω=-0.966 ok=True iters=7
12:09:56 [INFO] [PROG] s*=4.45/4.71 (94.5%) dist_goal=0.27
12:09:56 [INFO] [MPC] state=(+2.66,-3.64,-0.28) wp0=(+2.71,-3.75) v=+0.070 ω=-1.156 ok=True iters=7
12:09:56 [INFO] [PROG] s*=4.46/4.71 (94.7%) dist_goal=0.27
12:09:56 [INFO] [MPC] state=(+2.66,-3.65,-0.40) wp0=(+2.72,-3.75) v=+0.069 ω=-0.997 ok=True iters=7
12:09:56 [INFO] [PROG] s*=4.46/4.71 (94.8%) dist_goal=0.26
12:09:56 [INFO] [MPC] state=(+2.67,-3.65,-0.50) wp0=(+2.73,-3.75) v=+0.067 ω=-0.725 ok=True iters=7
12:09:56 [INFO] [PROG] s*=4.47/4.71 (94.9%) dist_goal=0.25
12:09:56 [INFO] [MPC] state=(+2.68,-3.65,-0.57) wp0=(+2.73,-3.75) v=+0.065 ω=-0.647 ok=True iters=7
12:09:56 [INFO] [PROG] s*=4.47/4.71 (95.0%) dist_goal=0.25
12:09:56 [INFO] [MPC] state=(+2.68,-3.66,-0.64) wp0=(+2.74,-3.75) v=+0.064 ω=-0.474 ok=True iters=7
12:09:56 [INFO] [PROG] s*=4.48/4.71 (95.2%) dist_goal=0.24
12:09:56 [INFO] [MPC] state=(+2.69,-3.66,-0.68) wp0=(+2.74,-3.75) v=+0.062 ω=-0.354 ok=True iters=7
12:09:56 [INFO] [PROG] s*=4.48/4.71 (95.3%) dist_goal=0.23
12:09:56 [INFO] [MPC] state=(+2.69,-3.67,-0.72) wp0=(+2.75,-3.75) v=+0.060 ω=-0.227 ok=True iters=7
12:09:56 [INFO] [PROG] s*=4.49/4.71 (95.3%) dist_goal=0.23
12:09:56 [INFO] [MPC] state=(+2.70,-3.67,-0.74) wp0=(+2.75,-3.75) v=+0.059 ω=-0.145 ok=True iters=8
12:09:56 [INFO] [PROG] s*=4.49/4.71 (95.4%) dist_goal=0.22
12:09:56 [INFO] [MPC] state=(+2.70,-3.68,-0.76) wp0=(+2.75,-3.75) v=+0.057 ω=-0.049 ok=True iters=8
12:09:56 [INFO] [PROG] s*=4.50/4.71 (95.5%) dist_goal=0.22
12:09:56 [INFO] [MPC] state=(+2.71,-3.68,-0.76) wp0=(+2.76,-3.76) v=+0.056 ω=-0.032 ok=True iters=8
12:09:56 [INFO] [PROG] s*=4.50/4.71 (95.6%) dist_goal=0.21
12:09:56 [INFO] [MPC] state=(+2.71,-3.68,-0.77) wp0=(+2.76,-3.76) v=+0.054 ω=-0.063 ok=True iters=8
12:09:56 [INFO] [PROG] s*=4.50/4.71 (95.7%) dist_goal=0.21
12:09:56 [INFO] [MPC] state=(+2.71,-3.69,-0.77) wp0=(+2.76,-3.76) v=+0.053 ω=-0.041 ok=True iters=8
12:09:56 [INFO] [PROG] s*=4.51/4.71 (95.8%) dist_goal=0.20
12:09:56 [INFO] [MPC] state=(+2.72,-3.69,-0.78) wp0=(+2.77,-3.77) v=+0.052 ω=-0.026 ok=True iters=8
12:09:56 [INFO] [PROG] s*=4.51/4.71 (95.8%) dist_goal=0.20
12:09:56 [INFO] [MPC] state=(+2.72,-3.70,-0.78) wp0=(+2.77,-3.77) v=+0.050 ω=-0.016 ok=True iters=8
12:09:56 [INFO] [PROG] s*=4.51/4.71 (95.9%) dist_goal=0.19
12:09:56 [INFO] [MPC] state=(+2.73,-3.70,-0.78) wp0=(+2.77,-3.77) v=+0.049 ω=-0.010 ok=True iters=9
12:09:56 [INFO] [PROG] s*=4.52/4.71 (96.0%) dist_goal=0.19
12:09:56 [INFO] [MPC] state=(+2.73,-3.70,-0.78) wp0=(+2.77,-3.77) v=+0.048 ω=-0.007 ok=True iters=9
12:09:56 [INFO] [PROG] s*=4.52/4.71 (96.1%) dist_goal=0.18
12:09:56 [INFO] [MPC] state=(+2.73,-3.71,-0.78) wp0=(+2.78,-3.78) v=+0.047 ω=-0.005 ok=True iters=9
12:09:56 [INFO] [PROG] s*=4.52/4.71 (96.1%) dist_goal=0.18
12:09:56 [INFO] [MPC] state=(+2.74,-3.71,-0.78) wp0=(+2.78,-3.78) v=+0.045 ω=-0.003 ok=True iters=8
12:09:56 [INFO] [PROG] s*=4.53/4.71 (96.2%) dist_goal=0.17
12:09:56 [INFO] [MPC] state=(+2.74,-3.71,-0.78) wp0=(+2.78,-3.78) v=+0.044 ω=-0.002 ok=True iters=8
12:09:57 [INFO] [PROG] s*=4.53/4.71 (96.3%) dist_goal=0.17
12:09:57 [INFO] [MPC] state=(+2.74,-3.72,-0.78) wp0=(+2.78,-3.78) v=+0.043 ω=-0.002 ok=True iters=8
12:09:57 [INFO] [PROG] s*=4.53/4.71 (96.3%) dist_goal=0.16
12:09:57 [INFO] [MPC] state=(+2.75,-3.72,-0.78) wp0=(+2.78,-3.78) v=+0.042 ω=-0.001 ok=True iters=8
12:09:57 [INFO] [PROG] s*=4.54/4.71 (96.4%) dist_goal=0.16
12:09:57 [INFO] [MPC] state=(+2.75,-3.72,-0.78) wp0=(+2.79,-3.79) v=+0.041 ω=-0.001 ok=True iters=8
12:09:57 [INFO] [PROG] s*=4.54/4.71 (96.4%) dist_goal=0.16
12:09:57 [INFO] [MPC] state=(+2.75,-3.72,-0.78) wp0=(+2.79,-3.79) v=+0.040 ω=+0.025 ok=True iters=8
12:09:57 [INFO] [PROG] s*=4.54/4.71 (96.4%) dist_goal=0.15
12:09:57 [INFO] [MPC] state=(+2.75,-3.73,-0.78) wp0=(+2.79,-3.79) v=+0.039 ω=+0.015 ok=True iters=8
12:09:57 [INFO] [PROG] s*=4.54/4.71 (96.4%) dist_goal=0.15
12:09:57 [INFO] [MPC] state=(+2.76,-3.73,-0.78) wp0=(+2.79,-3.79) v=+0.038 ω=+0.009 ok=True iters=8
12:09:57 [INFO] [PROG] s*=4.54/4.71 (96.4%) dist_goal=0.14
12:09:57 [INFO] [MPC] state=(+2.76,-3.73,-0.78) wp0=(+2.79,-3.79) v=+0.037 ω=+0.005 ok=True iters=9
12:09:57 [INFO] [PROG] s*=4.54/4.71 (96.4%) dist_goal=0.14
12:09:57 [INFO] [MPC] state=(+2.76,-3.74,-0.78) wp0=(+2.79,-3.79) v=+0.036 ω=+0.002 ok=True iters=9
12:09:57 [INFO] [PROG] s*=4.54/4.71 (96.5%) dist_goal=0.14
12:09:57 [INFO] [MPC] state=(+2.76,-3.74,-0.78) wp0=(+2.79,-3.79) v=+0.035 ω=+0.000 ok=True iters=9
12:09:57 [INFO] [PROG] s*=4.54/4.71 (96.5%) dist_goal=0.13
12:09:57 [INFO] [MPC] state=(+2.77,-3.74,-0.77) wp0=(+2.79,-3.79) v=+0.034 ω=-0.002 ok=True iters=9
12:09:57 [INFO] [PROG] s*=4.55/4.71 (96.6%) dist_goal=0.13
12:09:57 [INFO] [MPC] state=(+2.77,-3.74,-0.78) wp0=(+2.79,-3.79) v=+0.033 ω=-0.002 ok=True iters=9
12:09:57 [INFO] [PROG] s*=4.55/4.71 (96.7%) dist_goal=0.13
12:09:57 [INFO] [MPC] state=(+2.77,-3.75,-0.77) wp0=(+2.80,-3.80) v=+0.033 ω=-0.003 ok=True iters=9
12:09:57 [INFO] [PROG] s*=4.55/4.71 (96.8%) dist_goal=0.12
12:09:57 [INFO] [MPC] state=(+2.77,-3.75,-0.78) wp0=(+2.80,-3.80) v=+0.032 ω=-0.003 ok=True iters=9
12:09:57 [INFO] [PROG] s*=4.56/4.71 (96.8%) dist_goal=0.12
12:09:57 [INFO] [MPC] state=(+2.78,-3.75,-0.78) wp0=(+2.80,-3.80) v=+0.031 ω=-0.004 ok=True iters=9
12:09:57 [INFO] [PROG] s*=4.56/4.71 (96.9%) dist_goal=0.12
12:09:57 [INFO] [MPC] state=(+2.78,-3.75,-0.78) wp0=(+2.80,-3.80) v=+0.030 ω=-0.003 ok=True iters=8
12:09:57 [INFO] [PROG] s*=4.56/4.71 (96.9%) dist_goal=0.12
12:09:57 [INFO] [MPC] state=(+2.78,-3.75,-0.78) wp0=(+2.81,-3.81) v=+0.030 ω=-0.003 ok=True iters=5
12:09:57 [INFO] [PROG] s*=4.57/4.71 (97.0%) dist_goal=0.11
12:09:57 [INFO] [MPC] state=(+2.78,-3.76,-0.78) wp0=(+2.81,-3.81) v=+0.030 ω=-0.003 ok=True iters=5
12:09:57 [INFO] [PROG] s*=4.57/4.71 (97.1%) dist_goal=0.11
12:09:57 [INFO] [MPC] state=(+2.79,-3.76,-0.78) wp0=(+2.81,-3.81) v=+0.030 ω=-0.002 ok=True iters=5
12:09:57 [INFO] [PROG] s*=4.57/4.71 (97.1%) dist_goal=0.11
12:09:57 [INFO] [MPC] state=(+2.79,-3.76,-0.78) wp0=(+2.81,-3.81) v=+0.030 ω=-0.002 ok=True iters=5
12:09:57 [INFO] [PROG] s*=4.58/4.71 (97.2%) dist_goal=0.10
12:09:57 [INFO] [MPC] state=(+2.79,-3.76,-0.78) wp0=(+2.81,-3.81) v=+0.030 ω=-0.002 ok=True iters=5
12:09:57 [INFO] [PROG] s*=4.58/4.71 (97.3%) dist_goal=0.10
12:09:57 [INFO] [MPC] state=(+2.79,-3.76,-0.78) wp0=(+2.82,-3.82) v=+0.030 ω=-0.002 ok=True iters=5
12:09:57 [INFO] [PROG] s*=4.58/4.71 (97.3%) dist_goal=0.10
12:09:57 [INFO] [MPC] state=(+2.79,-3.77,-0.78) wp0=(+2.82,-3.82) v=+0.030 ω=-0.001 ok=True iters=5
