21:17:07 [INFO] === New MPC Session Started ===
21:17:07 [DEBUG] matplotlib data path: /home/max/.local/lib/python3.10/site-packages/matplotlib/mpl-data
21:17:07 [DEBUG] CONFIGDIR=/home/max/.config/matplotlib
21:17:07 [DEBUG] interactive is False
21:17:07 [DEBUG] platform is linux
21:17:07 [DEBUG] CACHEDIR=/home/max/.cache/matplotlib
21:17:07 [DEBUG] Using fontManager instance from /home/max/.cache/matplotlib/fontlist-v390.json
21:17:08 [DEBUG] falling back to hashlib hashing: `pip install xxhash`for 50x faster cache checks
21:17:08 [INFO] CrowdNavPyBulletEnv initializing...
21:17:08 [DEBUG] `trimesh.load(force='mesh')` is a compatibility wrapper for `trimesh.load_mesh`
21:17:08 [DEBUG] 3 items cleared from cache: ['triangles', 'triangles_cross', 'face_normals']
21:17:08 [DEBUG] 1 items cleared from cache: ['face_normals']
21:17:11 [INFO] World ready | grid: (220, 120), res: 0.1, N=10, T=0.1
21:17:13 [INFO] [PROG] s*=0.00/9.46 (0.0%) dist_goal=6.49
21:17:13 [INFO] [MPC] state=(-1.16,-1.64,+1.10) wp0=(-1.15,-1.57) v=+0.200 ω=-0.269 ok=True iters=7
21:17:13 [INFO] [PROG] s*=0.01/9.46 (0.1%) dist_goal=6.48
21:17:13 [INFO] [MPC] state=(-1.16,-1.63,+1.07) wp0=(-1.15,-1.56) v=+0.200 ω=-0.724 ok=True iters=7
21:17:13 [INFO] [PROG] s*=0.02/9.46 (0.3%) dist_goal=6.47
21:17:13 [INFO] [MPC] state=(-1.15,-1.61,+1.03) wp0=(-1.15,-1.55) v=+0.200 ω=-0.638 ok=True iters=7
21:17:13 [INFO] [PROG] s*=0.04/9.46 (0.4%) dist_goal=6.46
21:17:13 [INFO] [MPC] state=(-1.14,-1.60,+0.99) wp0=(-1.14,-1.54) v=+0.200 ω=-0.579 ok=True iters=8
21:17:13 [INFO] [PROG] s*=0.05/9.46 (0.6%) dist_goal=6.44
21:17:13 [INFO] [MPC] state=(-1.13,-1.58,+0.96) wp0=(-1.13,-1.53) v=+0.200 ω=-0.546 ok=True iters=7
21:17:13 [INFO] [PROG] s*=0.10/9.46 (1.1%) dist_goal=6.43
21:17:13 [INFO] [MPC] state=(-1.12,-1.57,+0.93) wp0=(-1.09,-1.49) v=+0.200 ω=-0.665 ok=True iters=8
21:17:13 [INFO] [PROG] s*=0.12/9.46 (1.3%) dist_goal=6.43
21:17:13 [INFO] [MPC] state=(-1.10,-1.55,+0.89) wp0=(-1.08,-1.48) v=+0.200 ω=-0.665 ok=True iters=8
21:17:13 [INFO] [PROG] s*=0.14/9.46 (1.5%) dist_goal=6.42
21:17:13 [INFO] [MPC] state=(-1.09,-1.54,+0.85) wp0=(-1.07,-1.47) v=+0.200 ω=-0.634 ok=True iters=7
21:17:13 [INFO] [PROG] s*=0.16/9.46 (1.7%) dist_goal=6.41
21:17:13 [INFO] [MPC] state=(-1.08,-1.52,+0.81) wp0=(-1.05,-1.45) v=+0.200 ω=-0.606 ok=True iters=7
21:17:13 [INFO] [PROG] s*=0.18/9.46 (1.9%) dist_goal=6.40
21:17:13 [INFO] [MPC] state=(-1.07,-1.51,+0.78) wp0=(-1.04,-1.44) v=+0.200 ω=-0.764 ok=True iters=7
21:17:13 [INFO] [PROG] s*=0.19/9.46 (2.0%) dist_goal=6.39
21:17:13 [INFO] [MPC] state=(-1.05,-1.50,+0.73) wp0=(-1.03,-1.43) v=+0.200 ω=-0.894 ok=True iters=7
21:17:13 [INFO] [PROG] s*=0.21/9.46 (2.2%) dist_goal=6.39
21:17:13 [INFO] [MPC] state=(-1.04,-1.49,+0.68) wp0=(-1.02,-1.42) v=+0.200 ω=-1.409 ok=True iters=7
21:17:13 [INFO] [PROG] s*=0.22/9.46 (2.3%) dist_goal=6.39
21:17:13 [INFO] [MPC] state=(-1.03,-1.48,+0.61) wp0=(-1.01,-1.41) v=+0.200 ω=-1.885 ok=True iters=7
21:17:13 [INFO] [PROG] s*=0.23/9.46 (2.5%) dist_goal=6.38
21:17:13 [INFO] [MPC] state=(-1.02,-1.47,+0.51) wp0=(-1.00,-1.40) v=+0.200 ω=-1.796 ok=True iters=7
21:17:13 [INFO] [PROG] s*=0.25/9.46 (2.6%) dist_goal=6.38
21:17:13 [INFO] [MPC] state=(-1.00,-1.46,+0.41) wp0=(-0.99,-1.39) v=+0.200 ω=-1.777 ok=True iters=7
21:17:13 [INFO] [PROG] s*=0.26/9.46 (2.7%) dist_goal=6.39
21:17:13 [INFO] [MPC] state=(-0.99,-1.46,+0.32) wp0=(-0.98,-1.38) v=+0.200 ω=-1.542 ok=True iters=7
21:17:13 [INFO] [PROG] s*=0.27/9.46 (2.9%) dist_goal=6.39
21:17:13 [INFO] [MPC] state=(-0.98,-1.45,+0.24) wp0=(-0.97,-1.37) v=+0.200 ω=-1.520 ok=True iters=7
21:17:13 [INFO] [PROG] s*=0.28/9.46 (3.0%) dist_goal=6.39
21:17:13 [INFO] [MPC] state=(-0.96,-1.45,+0.16) wp0=(-0.96,-1.36) v=+0.200 ω=-1.261 ok=True iters=7
21:17:13 [INFO] [PROG] s*=0.30/9.46 (3.1%) dist_goal=6.40
21:17:13 [INFO] [MPC] state=(-0.95,-1.45,+0.09) wp0=(-0.95,-1.35) v=+0.200 ω=-0.970 ok=True iters=7
21:17:13 [INFO] [PROG] s*=0.31/9.46 (3.3%) dist_goal=6.40
21:17:13 [INFO] [MPC] state=(-0.93,-1.45,+0.03) wp0=(-0.94,-1.35) v=+0.200 ω=-0.779 ok=True iters=7
21:17:13 [INFO] [PROG] s*=0.41/9.46 (4.3%) dist_goal=6.41
21:17:13 [INFO] [MPC] state=(-0.91,-1.45,-0.02) wp0=(-0.84,-1.35) v=+0.200 ω=-0.600 ok=True iters=7
21:17:13 [INFO] [PROG] s*=0.43/9.46 (4.5%) dist_goal=6.42
21:17:13 [INFO] [MPC] state=(-0.89,-1.45,-0.06) wp0=(-0.83,-1.35) v=+0.200 ω=-0.357 ok=True iters=7
21:17:13 [INFO] [PROG] s*=0.45/9.46 (4.7%) dist_goal=6.43
21:17:13 [INFO] [MPC] state=(-0.88,-1.45,-0.09) wp0=(-0.81,-1.35) v=+0.200 ω=-0.258 ok=True iters=7
21:17:13 [INFO] [PROG] s*=0.47/9.46 (4.9%) dist_goal=6.44
21:17:13 [INFO] [MPC] state=(-0.86,-1.45,-0.11) wp0=(-0.79,-1.35) v=+0.200 ω=-0.181 ok=True iters=7
21:17:13 [INFO] [PROG] s*=0.49/9.46 (5.1%) dist_goal=6.45
21:17:13 [INFO] [MPC] state=(-0.84,-1.46,-0.12) wp0=(-0.77,-1.35) v=+0.200 ω=-0.115 ok=True iters=7
21:17:13 [INFO] [PROG] s*=0.51/9.46 (5.4%) dist_goal=6.45
21:17:13 [INFO] [MPC] state=(-0.82,-1.46,-0.13) wp0=(-0.75,-1.35) v=+0.200 ω=-0.057 ok=True iters=7
21:17:13 [INFO] [PROG] s*=0.53/9.46 (5.6%) dist_goal=6.46
21:17:13 [INFO] [MPC] state=(-0.80,-1.46,-0.14) wp0=(-0.73,-1.35) v=+0.200 ω=+0.181 ok=True iters=7
21:17:13 [INFO] [PROG] s*=0.55/9.46 (5.8%) dist_goal=6.47
21:17:13 [INFO] [MPC] state=(-0.78,-1.46,-0.12) wp0=(-0.71,-1.35) v=+0.200 ω=+0.153 ok=True iters=7
21:17:13 [INFO] [PROG] s*=0.57/9.46 (6.0%) dist_goal=6.48
21:17:13 [INFO] [MPC] state=(-0.76,-1.47,-0.11) wp0=(-0.69,-1.35) v=+0.200 ω=+0.129 ok=True iters=7
21:17:13 [INFO] [PROG] s*=0.59/9.46 (6.2%) dist_goal=6.49
21:17:13 [INFO] [MPC] state=(-0.74,-1.47,-0.10) wp0=(-0.67,-1.35) v=+0.200 ω=+0.230 ok=True iters=8
21:17:13 [INFO] [PROG] s*=0.61/9.46 (6.4%) dist_goal=6.50
21:17:13 [INFO] [MPC] state=(-0.72,-1.47,-0.08) wp0=(-0.65,-1.35) v=+0.200 ω=+0.187 ok=True iters=8
21:17:13 [INFO] [PROG] s*=0.63/9.46 (6.6%) dist_goal=6.51
21:17:13 [INFO] [MPC] state=(-0.70,-1.47,-0.07) wp0=(-0.63,-1.35) v=+0.200 ω=+0.151 ok=True iters=8
21:17:13 [INFO] [PROG] s*=0.65/9.46 (6.8%) dist_goal=6.52
21:17:13 [INFO] [MPC] state=(-0.68,-1.47,-0.06) wp0=(-0.61,-1.35) v=+0.200 ω=+0.120 ok=True iters=8
21:17:13 [INFO] [PROG] s*=0.66/9.46 (7.0%) dist_goal=6.53
21:17:13 [INFO] [MPC] state=(-0.66,-1.47,-0.05) wp0=(-0.59,-1.35) v=+0.200 ω=+0.288 ok=True iters=8
21:17:13 [INFO] [PROG] s*=0.68/9.46 (7.2%) dist_goal=6.53
21:17:13 [INFO] [MPC] state=(-0.64,-1.47,-0.03) wp0=(-0.57,-1.35) v=+0.200 ω=+0.243 ok=True iters=8
21:17:13 [INFO] [PROG] s*=0.70/9.46 (7.4%) dist_goal=6.54
21:17:13 [INFO] [MPC] state=(-0.62,-1.47,-0.01) wp0=(-0.55,-1.35) v=+0.200 ω=+0.195 ok=True iters=8
21:17:13 [INFO] [PROG] s*=0.72/9.46 (7.6%) dist_goal=6.55
21:17:13 [INFO] [MPC] state=(-0.60,-1.47,-0.00) wp0=(-0.53,-1.35) v=+0.200 ω=+0.155 ok=True iters=8
21:17:13 [INFO] [PROG] s*=0.74/9.46 (7.9%) dist_goal=6.56
21:17:13 [INFO] [MPC] state=(-0.58,-1.47,+0.01) wp0=(-0.51,-1.35) v=+0.200 ω=+0.120 ok=True iters=8
21:17:13 [INFO] [PROG] s*=0.76/9.46 (8.1%) dist_goal=6.57
21:17:13 [INFO] [MPC] state=(-0.56,-1.47,+0.02) wp0=(-0.49,-1.35) v=+0.200 ω=+0.045 ok=True iters=8
21:17:13 [INFO] [PROG] s*=0.78/9.46 (8.3%) dist_goal=6.57
21:17:13 [INFO] [MPC] state=(-0.54,-1.47,+0.03) wp0=(-0.47,-1.35) v=+0.200 ω=+0.200 ok=True iters=8
21:17:13 [INFO] [PROG] s*=0.80/9.46 (8.5%) dist_goal=6.58
21:17:13 [INFO] [MPC] state=(-0.52,-1.47,+0.04) wp0=(-0.45,-1.35) v=+0.200 ω=+0.162 ok=True iters=8
21:17:13 [INFO] [PROG] s*=0.82/9.46 (8.7%) dist_goal=6.59
21:17:13 [INFO] [MPC] state=(-0.50,-1.47,+0.05) wp0=(-0.43,-1.35) v=+0.200 ω=+0.002 ok=True iters=8
21:17:13 [INFO] [PROG] s*=0.84/9.46 (8.9%) dist_goal=6.59
21:17:13 [INFO] [MPC] state=(-0.48,-1.47,+0.05) wp0=(-0.41,-1.35) v=+0.200 ω=+0.012 ok=True iters=8
21:17:13 [INFO] [PROG] s*=0.86/9.46 (9.1%) dist_goal=6.60
21:17:13 [INFO] [MPC] state=(-0.46,-1.47,+0.05) wp0=(-0.39,-1.35) v=+0.200 ω=+0.049 ok=True iters=9
21:17:13 [INFO] [PROG] s*=0.88/9.46 (9.3%) dist_goal=6.61
21:17:13 [INFO] [MPC] state=(-0.44,-1.47,+0.06) wp0=(-0.37,-1.35) v=+0.200 ω=+0.171 ok=True iters=9
21:17:13 [INFO] [PROG] s*=0.90/9.46 (9.6%) dist_goal=6.62
21:17:13 [INFO] [MPC] state=(-0.42,-1.47,+0.07) wp0=(-0.35,-1.35) v=+0.200 ω=+0.098 ok=True iters=9
21:17:13 [INFO] [PROG] s*=0.92/9.46 (9.8%) dist_goal=6.62
21:17:13 [INFO] [MPC] state=(-0.40,-1.47,+0.08) wp0=(-0.33,-1.35) v=+0.200 ω=+0.097 ok=True iters=9
21:17:13 [INFO] [PROG] s*=0.94/9.46 (10.0%) dist_goal=6.63
21:17:13 [INFO] [MPC] state=(-0.38,-1.46,+0.09) wp0=(-0.31,-1.35) v=+0.200 ω=+0.097 ok=True iters=9
21:17:13 [INFO] [PROG] s*=0.96/9.46 (10.2%) dist_goal=6.64
21:17:13 [INFO] [MPC] state=(-0.36,-1.46,+0.10) wp0=(-0.29,-1.35) v=+0.200 ω=+0.102 ok=True iters=10
21:17:13 [INFO] [PROG] s*=0.98/9.46 (10.4%) dist_goal=6.64
21:17:13 [INFO] [MPC] state=(-0.34,-1.46,+0.11) wp0=(-0.27,-1.35) v=+0.200 ω=+0.067 ok=True iters=10
21:17:13 [INFO] [PROG] s*=1.00/9.46 (10.6%) dist_goal=6.65
21:17:13 [INFO] [MPC] state=(-0.32,-1.46,+0.12) wp0=(-0.25,-1.35) v=+0.200 ω=+0.101 ok=True iters=10
21:17:13 [INFO] [PROG] s*=1.02/9.46 (10.8%) dist_goal=6.65
21:17:13 [INFO] [MPC] state=(-0.30,-1.46,+0.13) wp0=(-0.23,-1.35) v=+0.200 ω=+0.129 ok=True iters=10
21:17:13 [INFO] [PROG] s*=1.04/9.46 (11.0%) dist_goal=6.66
21:17:13 [INFO] [MPC] state=(-0.28,-1.45,+0.14) wp0=(-0.21,-1.35) v=+0.200 ω=+0.137 ok=True iters=11
21:17:13 [INFO] [PROG] s*=1.06/9.46 (11.2%) dist_goal=6.67
21:17:13 [INFO] [MPC] state=(-0.26,-1.45,+0.15) wp0=(-0.19,-1.35) v=+0.200 ω=+0.158 ok=True iters=12
21:17:13 [INFO] [PROG] s*=1.08/9.46 (11.4%) dist_goal=6.67
21:17:13 [INFO] [MPC] state=(-0.24,-1.45,+0.16) wp0=(-0.17,-1.35) v=+0.200 ω=+0.181 ok=True iters=13
21:17:13 [INFO] [PROG] s*=1.10/9.46 (11.6%) dist_goal=6.68
21:17:13 [INFO] [MPC] state=(-0.22,-1.44,+0.18) wp0=(-0.15,-1.35) v=+0.200 ω=+1.066 ok=True iters=9
21:17:13 [INFO] [PROG] s*=1.11/9.46 (11.7%) dist_goal=6.68
21:17:13 [INFO] [MPC] state=(-0.20,-1.44,+0.23) wp0=(-0.14,-1.35) v=+0.200 ω=+2.358 ok=True iters=11
21:17:13 [INFO] [PROG] s*=1.12/9.46 (11.8%) dist_goal=6.68
21:17:13 [INFO] [MPC] state=(-0.19,-1.44,+0.35) wp0=(-0.13,-1.35) v=+0.200 ω=+2.400 ok=True iters=9
21:17:13 [INFO] [PROG] s*=1.13/9.46 (11.9%) dist_goal=6.68
21:17:13 [INFO] [MPC] state=(-0.18,-1.43,+0.48) wp0=(-0.13,-1.35) v=+0.200 ω=+2.400 ok=True iters=10
21:17:13 [INFO] [PROG] s*=1.13/9.46 (12.0%) dist_goal=6.67
21:17:13 [INFO] [MPC] state=(-0.18,-1.43,+0.61) wp0=(-0.12,-1.35) v=+0.200 ω=+2.225 ok=True iters=9
21:17:14 [INFO] [PROG] s*=1.14/9.46 (12.1%) dist_goal=6.67
21:17:14 [INFO] [MPC] state=(-0.17,-1.42,+0.73) wp0=(-0.11,-1.35) v=+0.200 ω=+2.001 ok=True iters=8
21:17:14 [INFO] [PROG] s*=1.15/9.46 (12.2%) dist_goal=6.67
21:17:14 [INFO] [MPC] state=(-0.16,-1.41,+0.84) wp0=(-0.10,-1.35) v=+0.200 ω=+1.804 ok=True iters=8
21:17:14 [INFO] [PROG] s*=1.16/9.46 (12.2%) dist_goal=6.66
21:17:14 [INFO] [MPC] state=(-0.15,-1.40,+0.94) wp0=(-0.09,-1.35) v=+0.200 ω=+1.632 ok=True iters=8
21:17:14 [INFO] [PROG] s*=1.17/9.46 (12.3%) dist_goal=6.65
21:17:14 [INFO] [MPC] state=(-0.14,-1.39,+1.02) wp0=(-0.09,-1.35) v=+0.200 ω=+1.415 ok=True iters=9
21:17:14 [INFO] [PROG] s*=1.17/9.46 (12.4%) dist_goal=6.64
21:17:14 [INFO] [MPC] state=(-0.14,-1.38,+1.10) wp0=(-0.08,-1.35) v=+0.200 ω=+1.155 ok=True iters=9
21:17:14 [INFO] [PROG] s*=1.18/9.46 (12.4%) dist_goal=6.63
21:17:14 [INFO] [MPC] state=(-0.13,-1.37,+1.17) wp0=(-0.07,-1.35) v=+0.200 ω=+0.936 ok=True iters=8
21:17:14 [INFO] [PROG] s*=1.18/9.46 (12.5%) dist_goal=6.62
21:17:14 [INFO] [MPC] state=(-0.12,-1.35,+1.22) wp0=(-0.07,-1.35) v=+0.200 ω=+0.726 ok=True iters=8
21:17:14 [INFO] [PROG] s*=1.19/9.46 (12.6%) dist_goal=6.61
21:17:14 [INFO] [MPC] state=(-0.12,-1.33,+1.26) wp0=(-0.06,-1.35) v=+0.200 ω=+0.577 ok=True iters=8
21:17:14 [INFO] [PROG] s*=1.19/9.46 (12.6%) dist_goal=6.59
21:17:14 [INFO] [MPC] state=(-0.11,-1.32,+1.30) wp0=(-0.06,-1.35) v=+0.200 ω=+0.456 ok=True iters=9
21:17:14 [INFO] [PROG] s*=1.32/9.46 (14.0%) dist_goal=6.58
21:17:14 [INFO] [MPC] state=(-0.11,-1.30,+1.33) wp0=(-0.05,-1.23) v=+0.200 ω=+0.344 ok=True iters=10
21:17:14 [INFO] [PROG] s*=1.34/9.46 (14.2%) dist_goal=6.56
21:17:14 [INFO] [MPC] state=(-0.10,-1.28,+1.35) wp0=(-0.05,-1.21) v=+0.200 ω=+0.323 ok=True iters=8
21:17:14 [INFO] [PROG] s*=1.36/9.46 (14.4%) dist_goal=6.55
21:17:14 [INFO] [MPC] state=(-0.10,-1.26,+1.37) wp0=(-0.05,-1.19) v=+0.200 ω=+0.251 ok=True iters=8
21:17:14 [INFO] [PROG] s*=1.38/9.46 (14.6%) dist_goal=6.53
21:17:14 [INFO] [MPC] state=(-0.10,-1.24,+1.39) wp0=(-0.05,-1.17) v=+0.200 ω=+0.189 ok=True iters=8
21:17:14 [INFO] [PROG] s*=1.40/9.46 (14.8%) dist_goal=6.52
21:17:14 [INFO] [MPC] state=(-0.09,-1.22,+1.40) wp0=(-0.05,-1.15) v=+0.200 ω=+0.118 ok=True iters=8
21:17:14 [INFO] [PROG] s*=1.42/9.46 (15.0%) dist_goal=6.50
21:17:14 [INFO] [MPC] state=(-0.09,-1.20,+1.41) wp0=(-0.05,-1.13) v=+0.200 ω=+0.059 ok=True iters=8
21:17:14 [INFO] [PROG] s*=1.44/9.46 (15.2%) dist_goal=6.48
21:17:14 [INFO] [MPC] state=(-0.09,-1.18,+1.42) wp0=(-0.05,-1.11) v=+0.200 ω=+0.029 ok=True iters=8
21:17:14 [INFO] [PROG] s*=1.46/9.46 (15.4%) dist_goal=6.47
21:17:14 [INFO] [MPC] state=(-0.08,-1.16,+1.42) wp0=(-0.05,-1.09) v=+0.200 ω=+0.037 ok=True iters=8
21:17:14 [INFO] [PROG] s*=1.48/9.46 (15.6%) dist_goal=6.45
21:17:14 [INFO] [MPC] state=(-0.08,-1.14,+1.43) wp0=(-0.05,-1.07) v=+0.200 ω=+0.013 ok=True iters=8
21:17:14 [INFO] [PROG] s*=1.50/9.46 (15.8%) dist_goal=6.44
21:17:14 [INFO] [MPC] state=(-0.08,-1.12,+1.43) wp0=(-0.05,-1.05) v=+0.200 ω=-0.020 ok=True iters=8
21:17:14 [INFO] [PROG] s*=1.52/9.46 (16.1%) dist_goal=6.42
21:17:14 [INFO] [MPC] state=(-0.08,-1.10,+1.43) wp0=(-0.05,-1.03) v=+0.200 ω=-0.013 ok=True iters=8
21:17:14 [INFO] [PROG] s*=1.54/9.46 (16.3%) dist_goal=6.40
21:17:14 [INFO] [MPC] state=(-0.07,-1.08,+1.43) wp0=(-0.05,-1.01) v=+0.200 ω=+0.031 ok=True iters=8
21:17:14 [INFO] [PROG] s*=1.56/9.46 (16.5%) dist_goal=6.39
21:17:14 [INFO] [MPC] state=(-0.07,-1.06,+1.43) wp0=(-0.05,-0.99) v=+0.200 ω=+0.037 ok=True iters=8
21:17:14 [INFO] [PROG] s*=1.58/9.46 (16.7%) dist_goal=6.37
21:17:14 [INFO] [MPC] state=(-0.07,-1.04,+1.43) wp0=(-0.05,-0.97) v=+0.200 ω=-0.025 ok=True iters=8
21:17:14 [INFO] [PROG] s*=1.60/9.46 (16.9%) dist_goal=6.35
21:17:14 [INFO] [MPC] state=(-0.06,-1.02,+1.43) wp0=(-0.05,-0.95) v=+0.200 ω=+0.010 ok=True iters=8
21:17:14 [INFO] [PROG] s*=1.62/9.46 (17.1%) dist_goal=6.34
21:17:14 [INFO] [MPC] state=(-0.06,-1.00,+1.43) wp0=(-0.05,-0.93) v=+0.200 ω=+0.029 ok=True iters=8
21:17:14 [INFO] [PROG] s*=1.64/9.46 (17.3%) dist_goal=6.32
21:17:14 [INFO] [MPC] state=(-0.06,-0.98,+1.44) wp0=(-0.05,-0.91) v=+0.200 ω=+0.047 ok=True iters=8
21:17:14 [INFO] [PROG] s*=1.66/9.46 (17.5%) dist_goal=6.31
21:17:14 [INFO] [MPC] state=(-0.06,-0.96,+1.44) wp0=(-0.05,-0.89) v=+0.200 ω=+0.023 ok=True iters=8
21:17:14 [INFO] [PROG] s*=1.68/9.46 (17.8%) dist_goal=6.29
21:17:14 [INFO] [MPC] state=(-0.05,-0.94,+1.44) wp0=(-0.05,-0.87) v=+0.200 ω=+0.035 ok=True iters=8
21:17:14 [INFO] [PROG] s*=1.70/9.46 (18.0%) dist_goal=6.27
21:17:14 [INFO] [MPC] state=(-0.05,-0.92,+1.45) wp0=(-0.05,-0.85) v=+0.200 ω=+0.041 ok=True iters=8
21:17:14 [INFO] [PROG] s*=1.72/9.46 (18.2%) dist_goal=6.26
21:17:14 [INFO] [MPC] state=(-0.05,-0.90,+1.45) wp0=(-0.05,-0.83) v=+0.200 ω=-0.152 ok=True iters=7
21:17:14 [INFO] [PROG] s*=1.74/9.46 (18.4%) dist_goal=6.24
21:17:14 [INFO] [MPC] state=(-0.04,-0.88,+1.44) wp0=(-0.05,-0.81) v=+0.200 ω=-0.067 ok=True iters=7
21:17:14 [INFO] [PROG] s*=1.76/9.46 (18.6%) dist_goal=6.23
21:17:14 [INFO] [MPC] state=(-0.04,-0.86,+1.43) wp0=(-0.05,-0.79) v=+0.200 ω=-0.020 ok=True iters=7
21:17:14 [INFO] [PROG] s*=1.78/9.46 (18.8%) dist_goal=6.21
21:17:14 [INFO] [MPC] state=(-0.04,-0.84,+1.43) wp0=(-0.05,-0.77) v=+0.200 ω=+0.192 ok=True iters=7
21:17:14 [INFO] [PROG] s*=1.80/9.46 (19.0%) dist_goal=6.19
21:17:14 [INFO] [MPC] state=(-0.04,-0.82,+1.44) wp0=(-0.05,-0.75) v=+0.200 ω=-0.002 ok=True iters=7
21:17:14 [INFO] [PROG] s*=1.82/9.46 (19.2%) dist_goal=6.18
21:17:14 [INFO] [MPC] state=(-0.03,-0.80,+1.44) wp0=(-0.05,-0.73) v=+0.200 ω=+0.018 ok=True iters=7
21:17:14 [INFO] [PROG] s*=1.84/9.46 (19.4%) dist_goal=6.16
21:17:14 [INFO] [MPC] state=(-0.03,-0.78,+1.45) wp0=(-0.05,-0.71) v=+0.200 ω=+0.030 ok=True iters=7
21:17:14 [INFO] [PROG] s*=1.86/9.46 (19.7%) dist_goal=6.15
21:17:14 [INFO] [MPC] state=(-0.03,-0.76,+1.45) wp0=(-0.05,-0.69) v=+0.200 ω=+0.039 ok=True iters=7
21:17:14 [INFO] [PROG] s*=1.88/9.46 (19.9%) dist_goal=6.13
21:17:14 [INFO] [MPC] state=(-0.03,-0.74,+1.45) wp0=(-0.05,-0.67) v=+0.200 ω=+0.044 ok=True iters=7
21:17:14 [INFO] [PROG] s*=1.90/9.46 (20.1%) dist_goal=6.11
21:17:14 [INFO] [MPC] state=(-0.02,-0.72,+1.46) wp0=(-0.05,-0.65) v=+0.200 ω=+0.046 ok=True iters=7
21:17:14 [INFO] [PROG] s*=1.92/9.46 (20.3%) dist_goal=6.10
21:17:14 [INFO] [MPC] state=(-0.02,-0.70,+1.46) wp0=(-0.05,-0.63) v=+0.200 ω=+0.047 ok=True iters=7
21:17:14 [INFO] [PROG] s*=1.94/9.46 (20.5%) dist_goal=6.08
21:17:14 [INFO] [MPC] state=(-0.02,-0.68,+1.47) wp0=(-0.05,-0.61) v=+0.200 ω=+0.047 ok=True iters=7
21:17:14 [INFO] [PROG] s*=1.96/9.46 (20.7%) dist_goal=6.06
21:17:14 [INFO] [MPC] state=(-0.02,-0.66,+1.47) wp0=(-0.05,-0.59) v=+0.200 ω=+0.046 ok=True iters=7
21:17:14 [INFO] [PROG] s*=1.98/9.46 (20.9%) dist_goal=6.05
21:17:14 [INFO] [MPC] state=(-0.02,-0.64,+1.48) wp0=(-0.05,-0.57) v=+0.200 ω=+0.044 ok=True iters=7
21:17:14 [INFO] [PROG] s*=2.00/9.46 (21.1%) dist_goal=6.03
21:17:14 [INFO] [MPC] state=(-0.01,-0.62,+1.48) wp0=(-0.05,-0.55) v=+0.200 ω=+0.222 ok=True iters=8
21:17:14 [INFO] [PROG] s*=2.02/9.46 (21.4%) dist_goal=6.02
21:17:14 [INFO] [MPC] state=(-0.01,-0.60,+1.50) wp0=(-0.05,-0.53) v=+0.200 ω=+0.163 ok=True iters=7
21:17:14 [INFO] [PROG] s*=2.04/9.46 (21.6%) dist_goal=6.00
21:17:14 [INFO] [MPC] state=(-0.01,-0.58,+1.51) wp0=(-0.05,-0.51) v=+0.200 ω=+0.129 ok=True iters=7
21:17:14 [INFO] [PROG] s*=2.06/9.46 (21.8%) dist_goal=5.98
21:17:14 [INFO] [MPC] state=(-0.01,-0.56,+1.52) wp0=(-0.05,-0.49) v=+0.200 ω=+0.061 ok=True iters=7
21:17:14 [INFO] [PROG] s*=2.08/9.46 (22.0%) dist_goal=5.97
21:17:14 [INFO] [MPC] state=(-0.01,-0.54,+1.53) wp0=(-0.05,-0.47) v=+0.200 ω=+0.047 ok=True iters=7
21:17:14 [INFO] [PROG] s*=2.10/9.46 (22.2%) dist_goal=5.95
21:17:14 [INFO] [MPC] state=(-0.01,-0.52,+1.53) wp0=(-0.05,-0.45) v=+0.200 ω=+0.038 ok=True iters=7
21:17:14 [INFO] [PROG] s*=2.12/9.46 (22.4%) dist_goal=5.93
21:17:14 [INFO] [MPC] state=(-0.01,-0.50,+1.54) wp0=(-0.05,-0.43) v=+0.200 ω=+0.031 ok=True iters=7
21:17:14 [INFO] [PROG] s*=2.14/9.46 (22.6%) dist_goal=5.92
21:17:14 [INFO] [MPC] state=(-0.01,-0.48,+1.54) wp0=(-0.05,-0.41) v=+0.200 ω=+0.026 ok=True iters=7
21:17:14 [INFO] [PROG] s*=2.16/9.46 (22.8%) dist_goal=5.90
21:17:14 [INFO] [MPC] state=(-0.01,-0.46,+1.54) wp0=(-0.05,-0.39) v=+0.200 ω=+0.022 ok=True iters=7
21:17:14 [INFO] [PROG] s*=2.18/9.46 (23.1%) dist_goal=5.88
21:17:14 [INFO] [MPC] state=(-0.01,-0.44,+1.54) wp0=(-0.05,-0.37) v=+0.200 ω=+0.020 ok=True iters=7
21:17:14 [INFO] [PROG] s*=2.20/9.46 (23.3%) dist_goal=5.87
21:17:14 [INFO] [MPC] state=(-0.00,-0.42,+1.55) wp0=(-0.05,-0.35) v=+0.200 ω=+0.017 ok=True iters=7
21:17:14 [INFO] [PROG] s*=2.22/9.46 (23.5%) dist_goal=5.85
21:17:14 [INFO] [MPC] state=(-0.00,-0.40,+1.55) wp0=(-0.05,-0.33) v=+0.200 ω=+0.014 ok=True iters=7
21:17:14 [INFO] [PROG] s*=2.24/9.46 (23.7%) dist_goal=5.83
21:17:14 [INFO] [MPC] state=(-0.00,-0.38,+1.55) wp0=(-0.05,-0.31) v=+0.200 ω=+0.012 ok=True iters=7
21:17:14 [INFO] [PROG] s*=2.26/9.46 (23.9%) dist_goal=5.82
21:17:14 [INFO] [MPC] state=(-0.00,-0.36,+1.55) wp0=(-0.05,-0.29) v=+0.200 ω=+0.189 ok=True iters=7
21:17:14 [INFO] [PROG] s*=2.28/9.46 (24.1%) dist_goal=5.80
21:17:14 [INFO] [MPC] state=(-0.00,-0.34,+1.57) wp0=(-0.05,-0.27) v=+0.200 ω=+0.141 ok=True iters=7
21:17:14 [INFO] [PROG] s*=2.30/9.46 (24.3%) dist_goal=5.78
21:17:14 [INFO] [MPC] state=(-0.00,-0.32,+1.58) wp0=(-0.05,-0.25) v=+0.200 ω=+0.105 ok=True iters=7
21:17:14 [INFO] [PROG] s*=2.32/9.46 (24.5%) dist_goal=5.76
21:17:14 [INFO] [MPC] state=(-0.00,-0.30,+1.58) wp0=(-0.05,-0.23) v=+0.200 ω=+0.076 ok=True iters=7
21:17:14 [INFO] [PROG] s*=2.34/9.46 (24.8%) dist_goal=5.75
21:17:14 [INFO] [MPC] state=(-0.00,-0.28,+1.59) wp0=(-0.05,-0.21) v=+0.200 ω=+0.049 ok=True iters=7
21:17:14 [INFO] [PROG] s*=2.36/9.46 (25.0%) dist_goal=5.73
21:17:14 [INFO] [MPC] state=(-0.00,-0.26,+1.60) wp0=(-0.05,-0.19) v=+0.200 ω=-0.016 ok=True iters=7
21:17:14 [INFO] [PROG] s*=2.38/9.46 (25.2%) dist_goal=5.71
21:17:14 [INFO] [MPC] state=(-0.00,-0.24,+1.59) wp0=(-0.05,-0.17) v=+0.200 ω=-0.143 ok=True iters=7
21:17:14 [INFO] [PROG] s*=2.40/9.46 (25.4%) dist_goal=5.70
21:17:14 [INFO] [MPC] state=(-0.00,-0.22,+1.58) wp0=(-0.05,-0.15) v=+0.200 ω=-0.108 ok=True iters=7
21:17:14 [INFO] [PROG] s*=2.42/9.46 (25.6%) dist_goal=5.68
21:17:14 [INFO] [MPC] state=(-0.01,-0.20,+1.57) wp0=(-0.05,-0.13) v=+0.200 ω=-0.073 ok=True iters=7
21:17:14 [INFO] [PROG] s*=2.44/9.46 (25.8%) dist_goal=5.66
21:17:14 [INFO] [MPC] state=(-0.01,-0.18,+1.56) wp0=(-0.05,-0.11) v=+0.200 ω=-0.047 ok=True iters=7
21:17:14 [INFO] [PROG] s*=2.46/9.46 (26.0%) dist_goal=5.65
21:17:14 [INFO] [MPC] state=(-0.00,-0.16,+1.56) wp0=(-0.05,-0.09) v=+0.200 ω=-0.031 ok=True iters=7
21:17:14 [INFO] [PROG] s*=2.48/9.46 (26.2%) dist_goal=5.63
21:17:14 [INFO] [MPC] state=(-0.00,-0.14,+1.56) wp0=(-0.05,-0.07) v=+0.200 ω=+0.205 ok=True iters=7
21:17:14 [INFO] [PROG] s*=2.50/9.46 (26.5%) dist_goal=5.61
21:17:14 [INFO] [MPC] state=(-0.00,-0.12,+1.57) wp0=(-0.05,-0.05) v=+0.200 ω=+0.116 ok=True iters=7
21:17:14 [INFO] [PROG] s*=2.52/9.46 (26.7%) dist_goal=5.60
21:17:14 [INFO] [MPC] state=(-0.00,-0.10,+1.58) wp0=(-0.05,-0.03) v=+0.200 ω=+0.086 ok=True iters=7
21:17:14 [INFO] [PROG] s*=2.54/9.46 (26.9%) dist_goal=5.58
21:17:14 [INFO] [MPC] state=(-0.00,-0.08,+1.59) wp0=(-0.05,-0.01) v=+0.200 ω=+0.057 ok=True iters=7
21:17:14 [INFO] [PROG] s*=2.56/9.46 (27.1%) dist_goal=5.56
21:17:14 [INFO] [MPC] state=(-0.01,-0.06,+1.59) wp0=(-0.05,+0.01) v=+0.200 ω=-0.025 ok=True iters=7
21:17:14 [INFO] [PROG] s*=2.58/9.46 (27.3%) dist_goal=5.55
21:17:14 [INFO] [MPC] state=(-0.01,-0.04,+1.59) wp0=(-0.05,+0.03) v=+0.200 ω=+0.047 ok=True iters=7
21:17:14 [INFO] [PROG] s*=2.60/9.46 (27.5%) dist_goal=5.53
21:17:14 [INFO] [MPC] state=(-0.01,-0.02,+1.60) wp0=(-0.05,+0.05) v=+0.200 ω=+0.029 ok=True iters=7
21:17:14 [INFO] [PROG] s*=2.63/9.46 (27.7%) dist_goal=5.51
21:17:14 [INFO] [MPC] state=(-0.01,+0.00,+1.60) wp0=(-0.05,+0.07) v=+0.200 ω=-0.048 ok=True iters=7
21:17:14 [INFO] [PROG] s*=2.65/9.46 (28.0%) dist_goal=5.49
21:17:14 [INFO] [MPC] state=(-0.01,+0.02,+1.60) wp0=(-0.05,+0.09) v=+0.200 ω=-0.026 ok=True iters=7
21:17:14 [INFO] [PROG] s*=2.67/9.46 (28.2%) dist_goal=5.48
21:17:14 [INFO] [MPC] state=(-0.01,+0.04,+1.59) wp0=(-0.05,+0.11) v=+0.200 ω=+0.064 ok=True iters=7
21:17:14 [INFO] [PROG] s*=2.69/9.46 (28.4%) dist_goal=5.46
21:17:14 [INFO] [MPC] state=(-0.01,+0.06,+1.60) wp0=(-0.05,+0.13) v=+0.200 ω=+0.058 ok=True iters=7
21:17:14 [INFO] [PROG] s*=2.71/9.46 (28.6%) dist_goal=5.44
21:17:14 [INFO] [MPC] state=(-0.01,+0.08,+1.61) wp0=(-0.05,+0.15) v=+0.200 ω=+0.034 ok=True iters=7
21:17:14 [INFO] [PROG] s*=2.73/9.46 (28.8%) dist_goal=5.43
21:17:14 [INFO] [MPC] state=(-0.01,+0.10,+1.61) wp0=(-0.05,+0.17) v=+0.200 ω=+0.005 ok=True iters=7
21:17:14 [INFO] [PROG] s*=2.75/9.46 (29.0%) dist_goal=5.41
21:17:14 [INFO] [MPC] state=(-0.01,+0.12,+1.61) wp0=(-0.05,+0.19) v=+0.200 ω=+0.049 ok=True iters=7
21:17:14 [INFO] [PROG] s*=2.77/9.46 (29.2%) dist_goal=5.39
21:17:14 [INFO] [MPC] state=(-0.01,+0.14,+1.61) wp0=(-0.05,+0.21) v=+0.200 ω=+0.079 ok=True iters=7
21:17:14 [INFO] [PROG] s*=2.79/9.46 (29.4%) dist_goal=5.38
21:17:14 [INFO] [MPC] state=(-0.01,+0.16,+1.62) wp0=(-0.05,+0.23) v=+0.200 ω=+0.076 ok=True iters=7
21:17:14 [INFO] [PROG] s*=2.81/9.46 (29.7%) dist_goal=5.36
21:17:14 [INFO] [MPC] state=(-0.01,+0.18,+1.63) wp0=(-0.05,+0.25) v=+0.200 ω=+0.080 ok=True iters=7
21:17:14 [INFO] [PROG] s*=2.83/9.46 (29.9%) dist_goal=5.34
21:17:14 [INFO] [MPC] state=(-0.01,+0.20,+1.64) wp0=(-0.05,+0.27) v=+0.200 ω=+0.076 ok=True iters=7
21:17:14 [INFO] [PROG] s*=2.85/9.46 (30.1%) dist_goal=5.32
21:17:14 [INFO] [MPC] state=(-0.02,+0.22,+1.65) wp0=(-0.05,+0.29) v=+0.200 ω=+0.089 ok=True iters=7
21:17:14 [INFO] [PROG] s*=2.87/9.46 (30.3%) dist_goal=5.31
21:17:14 [INFO] [MPC] state=(-0.02,+0.24,+1.65) wp0=(-0.05,+0.31) v=+0.200 ω=+0.061 ok=True iters=7
21:17:14 [INFO] [PROG] s*=2.89/9.46 (30.5%) dist_goal=5.29
21:17:14 [INFO] [MPC] state=(-0.02,+0.26,+1.66) wp0=(-0.05,+0.33) v=+0.200 ω=+0.080 ok=True iters=7
21:17:14 [INFO] [PROG] s*=2.90/9.46 (30.7%) dist_goal=5.27
21:17:14 [INFO] [MPC] state=(-0.02,+0.28,+1.67) wp0=(-0.05,+0.35) v=+0.200 ω=+0.720 ok=True iters=7
21:17:14 [INFO] [PROG] s*=2.92/9.46 (30.9%) dist_goal=5.26
21:17:14 [INFO] [MPC] state=(-0.02,+0.30,+1.71) wp0=(-0.05,+0.37) v=+0.200 ω=+1.248 ok=True iters=7
21:17:14 [INFO] [PROG] s*=2.93/9.46 (31.0%) dist_goal=5.25
21:17:14 [INFO] [MPC] state=(-0.03,+0.32,+1.77) wp0=(-0.05,+0.38) v=+0.200 ω=+1.383 ok=True iters=7
21:17:14 [INFO] [PROG] s*=2.95/9.46 (31.2%) dist_goal=5.23
21:17:14 [INFO] [MPC] state=(-0.03,+0.33,+1.85) wp0=(-0.05,+0.39) v=+0.200 ω=+1.236 ok=True iters=7
21:17:14 [INFO] [PROG] s*=2.96/9.46 (31.3%) dist_goal=5.22
21:17:14 [INFO] [MPC] state=(-0.03,+0.34,+1.92) wp0=(-0.05,+0.41) v=+0.200 ω=+1.142 ok=True iters=7
21:17:14 [INFO] [PROG] s*=2.98/9.46 (31.5%) dist_goal=5.20
21:17:14 [INFO] [MPC] state=(-0.04,+0.36,+1.98) wp0=(-0.05,+0.42) v=+0.200 ω=+1.012 ok=True iters=7
21:17:14 [INFO] [PROG] s*=2.99/9.46 (31.6%) dist_goal=5.19
21:17:14 [INFO] [MPC] state=(-0.05,+0.37,+2.04) wp0=(-0.05,+0.44) v=+0.200 ω=+0.824 ok=True iters=7
21:17:14 [INFO] [PROG] s*=3.01/9.46 (31.8%) dist_goal=5.17
21:17:14 [INFO] [MPC] state=(-0.06,+0.39,+2.08) wp0=(-0.05,+0.45) v=+0.200 ω=+0.664 ok=True iters=7
21:17:14 [INFO] [PROG] s*=3.02/9.46 (31.9%) dist_goal=5.15
21:17:14 [INFO] [MPC] state=(-0.06,+0.40,+2.12) wp0=(-0.06,+0.46) v=+0.200 ω=+0.534 ok=True iters=7
21:17:14 [INFO] [PROG] s*=3.04/9.46 (32.1%) dist_goal=5.13
21:17:14 [INFO] [MPC] state=(-0.07,+0.42,+2.15) wp0=(-0.07,+0.47) v=+0.200 ω=+0.435 ok=True iters=7
21:17:14 [INFO] [PROG] s*=3.09/9.46 (32.6%) dist_goal=5.11
21:17:14 [INFO] [MPC] state=(-0.08,+0.44,+2.18) wp0=(-0.11,+0.51) v=+0.200 ω=+0.352 ok=True iters=7
21:17:14 [INFO] [PROG] s*=3.11/9.46 (32.8%) dist_goal=5.09
21:17:14 [INFO] [MPC] state=(-0.10,+0.45,+2.20) wp0=(-0.12,+0.52) v=+0.200 ω=+0.289 ok=True iters=7
21:17:14 [INFO] [PROG] s*=3.12/9.46 (33.0%) dist_goal=5.07
21:17:14 [INFO] [MPC] state=(-0.11,+0.47,+2.22) wp0=(-0.14,+0.54) v=+0.200 ω=+0.232 ok=True iters=7
21:17:14 [INFO] [PROG] s*=3.14/9.46 (33.2%) dist_goal=5.05
21:17:14 [INFO] [MPC] state=(-0.12,+0.48,+2.24) wp0=(-0.15,+0.55) v=+0.200 ω=+0.183 ok=True iters=7
21:17:14 [INFO] [PROG] s*=3.16/9.46 (33.4%) dist_goal=5.03
21:17:14 [INFO] [MPC] state=(-0.13,+0.50,+2.25) wp0=(-0.16,+0.56) v=+0.200 ω=+0.142 ok=True iters=7
21:17:14 [INFO] [PROG] s*=3.19/9.46 (33.7%) dist_goal=5.01
21:17:14 [INFO] [MPC] state=(-0.15,+0.51,+2.26) wp0=(-0.18,+0.58) v=+0.200 ω=+0.108 ok=True iters=7
21:17:14 [INFO] [PROG] s*=3.21/9.46 (33.9%) dist_goal=4.99
21:17:14 [INFO] [MPC] state=(-0.16,+0.53,+2.28) wp0=(-0.19,+0.59) v=+0.200 ω=+0.077 ok=True iters=7
21:17:14 [INFO] [PROG] s*=3.23/9.46 (34.1%) dist_goal=4.97
21:17:14 [INFO] [MPC] state=(-0.17,+0.54,+2.28) wp0=(-0.21,+0.61) v=+0.200 ω=+0.056 ok=True iters=7
21:17:14 [INFO] [PROG] s*=3.25/9.46 (34.3%) dist_goal=4.95
21:17:14 [INFO] [MPC] state=(-0.19,+0.56,+2.29) wp0=(-0.22,+0.62) v=+0.200 ω=+0.044 ok=True iters=7
21:17:14 [INFO] [PROG] s*=3.27/9.46 (34.5%) dist_goal=4.93
21:17:14 [INFO] [MPC] state=(-0.20,+0.57,+2.29) wp0=(-0.24,+0.64) v=+0.200 ω=+0.039 ok=True iters=7
21:17:14 [INFO] [PROG] s*=3.29/9.46 (34.7%) dist_goal=4.91
21:17:14 [INFO] [MPC] state=(-0.21,+0.59,+2.30) wp0=(-0.25,+0.65) v=+0.200 ω=+0.035 ok=True iters=7
21:17:14 [INFO] [PROG] s*=3.31/9.46 (35.0%) dist_goal=4.89
21:17:14 [INFO] [MPC] state=(-0.23,+0.61,+2.30) wp0=(-0.27,+0.67) v=+0.200 ω=+0.031 ok=True iters=7
21:17:14 [INFO] [PROG] s*=3.33/9.46 (35.2%) dist_goal=4.87
21:17:14 [INFO] [MPC] state=(-0.24,+0.62,+2.30) wp0=(-0.28,+0.68) v=+0.200 ω=+0.025 ok=True iters=7
21:17:14 [INFO] [PROG] s*=3.35/9.46 (35.4%) dist_goal=4.85
21:17:14 [INFO] [MPC] state=(-0.25,+0.64,+2.31) wp0=(-0.29,+0.69) v=+0.200 ω=+0.021 ok=True iters=7
21:17:14 [INFO] [PROG] s*=3.37/9.46 (35.6%) dist_goal=4.83
21:17:14 [INFO] [MPC] state=(-0.27,+0.65,+2.31) wp0=(-0.31,+0.71) v=+0.200 ω=+0.027 ok=True iters=7
21:17:14 [INFO] [PROG] s*=3.39/9.46 (35.8%) dist_goal=4.81
21:17:14 [INFO] [MPC] state=(-0.28,+0.67,+2.31) wp0=(-0.32,+0.72) v=+0.200 ω=+0.025 ok=True iters=7
21:17:14 [INFO] [PROG] s*=3.41/9.46 (36.0%) dist_goal=4.79
21:17:14 [INFO] [MPC] state=(-0.29,+0.68,+2.31) wp0=(-0.34,+0.74) v=+0.200 ω=+0.023 ok=True iters=7
21:17:14 [INFO] [PROG] s*=3.43/9.46 (36.2%) dist_goal=4.77
21:17:14 [INFO] [MPC] state=(-0.31,+0.70,+2.32) wp0=(-0.35,+0.75) v=+0.200 ω=+0.021 ok=True iters=7
21:17:15 [INFO] [PROG] s*=3.45/9.46 (36.5%) dist_goal=4.75
21:17:15 [INFO] [MPC] state=(-0.32,+0.71,+2.32) wp0=(-0.37,+0.77) v=+0.200 ω=+0.020 ok=True iters=7
21:17:15 [INFO] [PROG] s*=3.47/9.46 (36.7%) dist_goal=4.73
21:17:15 [INFO] [MPC] state=(-0.34,+0.73,+2.32) wp0=(-0.38,+0.78) v=+0.200 ω=+0.018 ok=True iters=7
21:17:15 [INFO] [PROG] s*=3.49/9.46 (36.9%) dist_goal=4.71
21:17:15 [INFO] [MPC] state=(-0.35,+0.74,+2.32) wp0=(-0.40,+0.80) v=+0.200 ω=+0.015 ok=True iters=7
21:17:15 [INFO] [PROG] s*=3.51/9.46 (37.1%) dist_goal=4.69
21:17:15 [INFO] [MPC] state=(-0.36,+0.76,+2.32) wp0=(-0.41,+0.81) v=+0.200 ω=+0.013 ok=True iters=7
21:17:15 [INFO] [PROG] s*=3.53/9.46 (37.3%) dist_goal=4.67
21:17:15 [INFO] [MPC] state=(-0.38,+0.77,+2.33) wp0=(-0.42,+0.82) v=+0.200 ω=+0.016 ok=True iters=7
21:17:15 [INFO] [PROG] s*=3.55/9.46 (37.5%) dist_goal=4.65
21:17:15 [INFO] [MPC] state=(-0.39,+0.79,+2.33) wp0=(-0.44,+0.84) v=+0.200 ω=+0.017 ok=True iters=7
21:17:15 [INFO] [PROG] s*=3.57/9.46 (37.8%) dist_goal=4.63
21:17:15 [INFO] [MPC] state=(-0.41,+0.80,+2.33) wp0=(-0.45,+0.85) v=+0.200 ω=+0.030 ok=True iters=7
21:17:15 [INFO] [PROG] s*=3.59/9.46 (38.0%) dist_goal=4.61
21:17:15 [INFO] [MPC] state=(-0.42,+0.82,+2.33) wp0=(-0.47,+0.87) v=+0.200 ω=+0.026 ok=True iters=7
21:17:15 [INFO] [PROG] s*=3.61/9.46 (38.2%) dist_goal=4.59
21:17:15 [INFO] [MPC] state=(-0.43,+0.83,+2.33) wp0=(-0.48,+0.88) v=+0.200 ω=+0.021 ok=True iters=7
21:17:15 [INFO] [PROG] s*=3.63/9.46 (38.4%) dist_goal=4.57
21:17:15 [INFO] [MPC] state=(-0.45,+0.84,+2.34) wp0=(-0.50,+0.90) v=+0.200 ω=+0.018 ok=True iters=7
21:17:15 [INFO] [PROG] s*=3.65/9.46 (38.6%) dist_goal=4.55
21:17:15 [INFO] [MPC] state=(-0.46,+0.86,+2.34) wp0=(-0.51,+0.91) v=+0.200 ω=+0.016 ok=True iters=7
21:17:15 [INFO] [PROG] s*=3.68/9.46 (38.8%) dist_goal=4.52
21:17:15 [INFO] [MPC] state=(-0.48,+0.87,+2.34) wp0=(-0.53,+0.93) v=+0.200 ω=+0.015 ok=True iters=7
21:17:15 [INFO] [PROG] s*=3.70/9.46 (39.1%) dist_goal=4.50
21:17:15 [INFO] [MPC] state=(-0.49,+0.89,+2.34) wp0=(-0.54,+0.94) v=+0.200 ω=+0.010 ok=True iters=7
21:17:15 [INFO] [PROG] s*=3.72/9.46 (39.3%) dist_goal=4.48
21:17:15 [INFO] [MPC] state=(-0.51,+0.90,+2.34) wp0=(-0.55,+0.95) v=+0.200 ω=+0.012 ok=True iters=7
21:17:15 [INFO] [PROG] s*=3.74/9.46 (39.5%) dist_goal=4.46
21:17:15 [INFO] [MPC] state=(-0.52,+0.92,+2.34) wp0=(-0.57,+0.97) v=+0.200 ω=+0.011 ok=True iters=7
21:17:15 [INFO] [PROG] s*=3.76/9.46 (39.7%) dist_goal=4.44
21:17:15 [INFO] [MPC] state=(-0.53,+0.93,+2.35) wp0=(-0.58,+0.98) v=+0.200 ω=+0.011 ok=True iters=7
21:17:15 [INFO] [PROG] s*=3.78/9.46 (39.9%) dist_goal=4.42
21:17:15 [INFO] [MPC] state=(-0.55,+0.95,+2.35) wp0=(-0.60,+1.00) v=+0.200 ω=+0.010 ok=True iters=7
21:17:15 [INFO] [PROG] s*=3.80/9.46 (40.1%) dist_goal=4.40
21:17:15 [INFO] [MPC] state=(-0.56,+0.96,+2.35) wp0=(-0.61,+1.01) v=+0.200 ω=+0.034 ok=True iters=7
21:17:15 [INFO] [PROG] s*=3.82/9.46 (40.3%) dist_goal=4.38
21:17:15 [INFO] [MPC] state=(-0.58,+0.98,+2.35) wp0=(-0.63,+1.03) v=+0.200 ω=+0.025 ok=True iters=7
21:17:15 [INFO] [PROG] s*=3.84/9.46 (40.6%) dist_goal=4.36
21:17:15 [INFO] [MPC] state=(-0.59,+0.99,+2.35) wp0=(-0.64,+1.04) v=+0.200 ω=+0.019 ok=True iters=7
21:17:15 [INFO] [PROG] s*=3.86/9.46 (40.8%) dist_goal=4.34
21:17:15 [INFO] [MPC] state=(-0.61,+1.01,+2.36) wp0=(-0.66,+1.06) v=+0.200 ω=+0.015 ok=True iters=7
21:17:15 [INFO] [PROG] s*=3.88/9.46 (41.0%) dist_goal=4.32
21:17:15 [INFO] [MPC] state=(-0.62,+1.02,+2.36) wp0=(-0.67,+1.07) v=+0.200 ω=+0.012 ok=True iters=7
21:17:15 [INFO] [PROG] s*=3.90/9.46 (41.2%) dist_goal=4.30
21:17:15 [INFO] [MPC] state=(-0.63,+1.03,+2.36) wp0=(-0.68,+1.08) v=+0.200 ω=+0.025 ok=True iters=7
21:17:15 [INFO] [PROG] s*=3.92/9.46 (41.4%) dist_goal=4.28
21:17:15 [INFO] [MPC] state=(-0.65,+1.05,+2.36) wp0=(-0.70,+1.10) v=+0.200 ω=+0.019 ok=True iters=7
21:17:15 [INFO] [PROG] s*=3.94/9.46 (41.6%) dist_goal=4.26
21:17:15 [INFO] [MPC] state=(-0.66,+1.06,+2.36) wp0=(-0.71,+1.11) v=+0.200 ω=+0.015 ok=True iters=7
21:17:15 [INFO] [PROG] s*=3.96/9.46 (41.9%) dist_goal=4.24
21:17:15 [INFO] [MPC] state=(-0.68,+1.08,+2.37) wp0=(-0.73,+1.13) v=+0.200 ω=+0.012 ok=True iters=7
21:17:15 [INFO] [PROG] s*=3.98/9.46 (42.1%) dist_goal=4.22
21:17:15 [INFO] [MPC] state=(-0.69,+1.09,+2.37) wp0=(-0.74,+1.14) v=+0.200 ω=+0.043 ok=True iters=7
21:17:15 [INFO] [PROG] s*=4.00/9.46 (42.3%) dist_goal=4.20
21:17:15 [INFO] [MPC] state=(-0.71,+1.11,+2.37) wp0=(-0.76,+1.16) v=+0.200 ω=+0.033 ok=True iters=7
21:17:15 [INFO] [PROG] s*=4.02/9.46 (42.5%) dist_goal=4.18
21:17:15 [INFO] [MPC] state=(-0.72,+1.12,+2.37) wp0=(-0.77,+1.17) v=+0.200 ω=+0.024 ok=True iters=7
21:17:15 [INFO] [PROG] s*=4.04/9.46 (42.7%) dist_goal=4.16
21:17:15 [INFO] [MPC] state=(-0.74,+1.13,+2.38) wp0=(-0.79,+1.19) v=+0.200 ω=+0.021 ok=True iters=7
21:17:15 [INFO] [PROG] s*=4.06/9.46 (42.9%) dist_goal=4.14
21:17:15 [INFO] [MPC] state=(-0.75,+1.15,+2.38) wp0=(-0.80,+1.20) v=+0.200 ω=+0.027 ok=True iters=7
21:17:15 [INFO] [PROG] s*=4.08/9.46 (43.2%) dist_goal=4.12
21:17:15 [INFO] [MPC] state=(-0.77,+1.16,+2.38) wp0=(-0.81,+1.21) v=+0.200 ω=+0.021 ok=True iters=7
21:17:15 [INFO] [PROG] s*=4.10/9.46 (43.4%) dist_goal=4.10
21:17:15 [INFO] [MPC] state=(-0.78,+1.18,+2.38) wp0=(-0.83,+1.23) v=+0.200 ω=+0.058 ok=True iters=7
21:17:15 [INFO] [PROG] s*=4.12/9.46 (43.6%) dist_goal=4.08
21:17:15 [INFO] [MPC] state=(-0.80,+1.19,+2.39) wp0=(-0.84,+1.24) v=+0.200 ω=+0.043 ok=True iters=7
21:17:15 [INFO] [PROG] s*=4.15/9.46 (43.8%) dist_goal=4.06
21:17:15 [INFO] [MPC] state=(-0.81,+1.20,+2.39) wp0=(-0.86,+1.26) v=+0.200 ω=+0.036 ok=True iters=7
21:17:15 [INFO] [PROG] s*=4.17/9.46 (44.0%) dist_goal=4.04
21:17:15 [INFO] [MPC] state=(-0.83,+1.22,+2.40) wp0=(-0.87,+1.27) v=+0.200 ω=+0.032 ok=True iters=7
21:17:15 [INFO] [PROG] s*=4.19/9.46 (44.2%) dist_goal=4.02
21:17:15 [INFO] [MPC] state=(-0.84,+1.23,+2.40) wp0=(-0.89,+1.29) v=+0.200 ω=+0.030 ok=True iters=7
21:17:15 [INFO] [PROG] s*=4.21/9.46 (44.5%) dist_goal=4.00
21:17:15 [INFO] [MPC] state=(-0.86,+1.25,+2.40) wp0=(-0.90,+1.30) v=+0.200 ω=+0.028 ok=True iters=7
21:17:15 [INFO] [PROG] s*=4.23/9.46 (44.7%) dist_goal=3.98
21:17:15 [INFO] [MPC] state=(-0.87,+1.26,+2.41) wp0=(-0.92,+1.32) v=+0.200 ω=+0.059 ok=True iters=7
21:17:15 [INFO] [PROG] s*=4.25/9.46 (44.9%) dist_goal=3.96
21:17:15 [INFO] [MPC] state=(-0.89,+1.27,+2.41) wp0=(-0.93,+1.33) v=+0.200 ω=+0.049 ok=True iters=7
21:17:15 [INFO] [PROG] s*=4.27/9.46 (45.1%) dist_goal=3.94
21:17:15 [INFO] [MPC] state=(-0.90,+1.29,+2.42) wp0=(-0.94,+1.34) v=+0.200 ω=+0.045 ok=True iters=7
21:17:15 [INFO] [PROG] s*=4.29/9.46 (45.3%) dist_goal=3.92
21:17:15 [INFO] [MPC] state=(-0.92,+1.30,+2.42) wp0=(-0.96,+1.36) v=+0.200 ω=+0.043 ok=True iters=7
21:17:15 [INFO] [PROG] s*=4.31/9.46 (45.5%) dist_goal=3.90
21:17:15 [INFO] [MPC] state=(-0.93,+1.31,+2.43) wp0=(-0.97,+1.37) v=+0.200 ω=+0.044 ok=True iters=7
21:17:15 [INFO] [PROG] s*=4.33/9.46 (45.7%) dist_goal=3.88
21:17:15 [INFO] [MPC] state=(-0.95,+1.33,+2.43) wp0=(-0.99,+1.39) v=+0.200 ω=+0.071 ok=True iters=7
21:17:15 [INFO] [PROG] s*=4.35/9.46 (46.0%) dist_goal=3.86
21:17:15 [INFO] [MPC] state=(-0.96,+1.34,+2.44) wp0=(-1.00,+1.40) v=+0.200 ω=+0.079 ok=True iters=7
21:17:15 [INFO] [PROG] s*=4.37/9.46 (46.2%) dist_goal=3.84
21:17:15 [INFO] [MPC] state=(-0.98,+1.35,+2.45) wp0=(-1.02,+1.42) v=+0.200 ω=+0.089 ok=True iters=7
21:17:15 [INFO] [PROG] s*=4.39/9.46 (46.4%) dist_goal=3.82
21:17:15 [INFO] [MPC] state=(-0.99,+1.37,+2.46) wp0=(-1.03,+1.43) v=+0.200 ω=+0.101 ok=True iters=7
21:17:15 [INFO] [PROG] s*=4.41/9.46 (46.6%) dist_goal=3.81
21:17:15 [INFO] [MPC] state=(-1.01,+1.38,+2.47) wp0=(-1.04,+1.44) v=+0.200 ω=+0.112 ok=True iters=7
21:17:15 [INFO] [PROG] s*=4.43/9.46 (46.8%) dist_goal=3.79
21:17:15 [INFO] [MPC] state=(-1.03,+1.39,+2.48) wp0=(-1.06,+1.46) v=+0.200 ω=+0.129 ok=True iters=8
21:17:15 [INFO] [PROG] s*=4.45/9.46 (47.0%) dist_goal=3.77
21:17:15 [INFO] [MPC] state=(-1.04,+1.41,+2.49) wp0=(-1.07,+1.47) v=+0.200 ω=+0.145 ok=True iters=8
21:17:15 [INFO] [PROG] s*=4.47/9.46 (47.2%) dist_goal=3.75
21:17:15 [INFO] [MPC] state=(-1.06,+1.42,+2.50) wp0=(-1.09,+1.49) v=+0.200 ω=+0.164 ok=True iters=8
21:17:15 [INFO] [PROG] s*=4.49/9.46 (47.4%) dist_goal=3.73
21:17:15 [INFO] [MPC] state=(-1.07,+1.43,+2.51) wp0=(-1.10,+1.50) v=+0.200 ω=+0.183 ok=True iters=8
21:17:15 [INFO] [PROG] s*=4.51/9.46 (47.6%) dist_goal=3.71
21:17:15 [INFO] [MPC] state=(-1.09,+1.44,+2.53) wp0=(-1.11,+1.51) v=+0.200 ω=+0.205 ok=True iters=8
21:17:15 [INFO] [PROG] s*=4.53/9.46 (47.9%) dist_goal=3.69
21:17:15 [INFO] [MPC] state=(-1.11,+1.45,+2.54) wp0=(-1.13,+1.53) v=+0.200 ω=+0.223 ok=True iters=8
21:17:15 [INFO] [PROG] s*=4.55/9.46 (48.1%) dist_goal=3.67
21:17:15 [INFO] [MPC] state=(-1.12,+1.46,+2.56) wp0=(-1.14,+1.54) v=+0.200 ω=+0.245 ok=True iters=7
21:17:15 [INFO] [PROG] s*=4.57/9.46 (48.3%) dist_goal=3.66
21:17:15 [INFO] [MPC] state=(-1.14,+1.47,+2.58) wp0=(-1.16,+1.56) v=+0.200 ω=+0.265 ok=True iters=7
21:17:15 [INFO] [PROG] s*=4.59/9.46 (48.5%) dist_goal=3.64
21:17:15 [INFO] [MPC] state=(-1.16,+1.48,+2.60) wp0=(-1.17,+1.57) v=+0.200 ω=+0.283 ok=True iters=8
21:17:15 [INFO] [PROG] s*=4.60/9.46 (48.6%) dist_goal=3.63
21:17:15 [INFO] [MPC] state=(-1.17,+1.49,+2.62) wp0=(-1.18,+1.58) v=+0.200 ω=+0.935 ok=True iters=7
21:17:15 [INFO] [PROG] s*=4.61/9.46 (48.8%) dist_goal=3.61
21:17:15 [INFO] [MPC] state=(-1.19,+1.50,+2.67) wp0=(-1.19,+1.59) v=+0.200 ω=+1.368 ok=True iters=8
21:17:15 [INFO] [PROG] s*=4.63/9.46 (48.9%) dist_goal=3.60
21:17:15 [INFO] [MPC] state=(-1.20,+1.51,+2.75) wp0=(-1.20,+1.60) v=+0.200 ω=+1.459 ok=True iters=8
21:17:15 [INFO] [PROG] s*=4.64/9.46 (49.0%) dist_goal=3.59
21:17:15 [INFO] [MPC] state=(-1.21,+1.51,+2.83) wp0=(-1.21,+1.61) v=+0.200 ω=+1.335 ok=True iters=8
21:17:15 [INFO] [PROG] s*=4.65/9.46 (49.2%) dist_goal=3.58
21:17:15 [INFO] [MPC] state=(-1.23,+1.52,+2.90) wp0=(-1.22,+1.62) v=+0.200 ω=+1.175 ok=True iters=8
21:17:15 [INFO] [PROG] s*=4.67/9.46 (49.3%) dist_goal=3.57
21:17:15 [INFO] [MPC] state=(-1.24,+1.52,+2.97) wp0=(-1.23,+1.63) v=+0.200 ω=+1.089 ok=True iters=8
21:17:15 [INFO] [PROG] s*=4.68/9.46 (49.4%) dist_goal=3.56
21:17:15 [INFO] [MPC] state=(-1.26,+1.52,+3.03) wp0=(-1.23,+1.63) v=+0.200 ω=+0.851 ok=True iters=8
21:17:15 [INFO] [PROG] s*=4.69/9.46 (49.6%) dist_goal=3.55
21:17:15 [INFO] [MPC] state=(-1.27,+1.52,+3.07) wp0=(-1.24,+1.64) v=+0.200 ω=+0.704 ok=True iters=8
21:17:15 [INFO] [PROG] s*=4.81/9.46 (50.8%) dist_goal=3.54
21:17:15 [INFO] [MPC] state=(-1.29,+1.53,+3.11) wp0=(-1.36,+1.65) v=+0.200 ω=+0.587 ok=True iters=8
21:17:15 [INFO] [PROG] s*=4.83/9.46 (51.0%) dist_goal=3.53
21:17:15 [INFO] [MPC] state=(-1.31,+1.53,+3.14) wp0=(-1.38,+1.65) v=+0.200 ω=+0.464 ok=True iters=7
21:17:15 [INFO] [PROG] s*=4.85/9.46 (51.2%) dist_goal=3.52
21:17:15 [INFO] [MPC] state=(-1.33,+1.53,+3.16) wp0=(-1.40,+1.65) v=+0.200 ω=+0.374 ok=True iters=7
21:17:15 [INFO] [PROG] s*=4.87/9.46 (51.4%) dist_goal=3.51
21:17:15 [INFO] [MPC] state=(-1.35,+1.52,+3.19) wp0=(-1.42,+1.65) v=+0.200 ω=+0.232 ok=True iters=7
21:17:15 [INFO] [PROG] s*=4.88/9.46 (51.6%) dist_goal=3.50
21:17:15 [INFO] [MPC] state=(-1.37,+1.52,+3.20) wp0=(-1.43,+1.65) v=+0.200 ω=+0.174 ok=True iters=7
21:17:15 [INFO] [PROG] s*=4.90/9.46 (51.8%) dist_goal=3.50
21:17:15 [INFO] [MPC] state=(-1.38,+1.52,+3.22) wp0=(-1.45,+1.65) v=+0.200 ω=+0.119 ok=True iters=7
21:17:15 [INFO] [PROG] s*=4.92/9.46 (52.0%) dist_goal=3.49
21:17:15 [INFO] [MPC] state=(-1.40,+1.52,+3.23) wp0=(-1.48,+1.65) v=+0.200 ω=+0.069 ok=True iters=7
21:17:15 [INFO] [PROG] s*=4.95/9.46 (52.3%) dist_goal=3.48
21:17:15 [INFO] [MPC] state=(-1.43,+1.52,+3.23) wp0=(-1.50,+1.65) v=+0.200 ω=+0.031 ok=True iters=7
21:17:15 [INFO] [PROG] s*=4.97/9.46 (52.5%) dist_goal=3.47
21:17:15 [INFO] [MPC] state=(-1.45,+1.52,+3.24) wp0=(-1.52,+1.65) v=+0.200 ω=+0.007 ok=True iters=7
21:17:15 [INFO] [PROG] s*=4.99/9.46 (52.7%) dist_goal=3.46
21:17:15 [INFO] [MPC] state=(-1.47,+1.52,+3.24) wp0=(-1.54,+1.65) v=+0.200 ω=-0.010 ok=True iters=7
21:17:15 [INFO] [PROG] s*=5.01/9.46 (52.9%) dist_goal=3.45
21:17:15 [INFO] [MPC] state=(-1.49,+1.51,+3.24) wp0=(-1.56,+1.65) v=+0.200 ω=-0.021 ok=True iters=7
21:17:15 [INFO] [PROG] s*=5.03/9.46 (53.1%) dist_goal=3.45
21:17:15 [INFO] [MPC] state=(-1.51,+1.51,+3.23) wp0=(-1.58,+1.65) v=+0.200 ω=-0.027 ok=True iters=7
21:17:15 [INFO] [PROG] s*=5.05/9.46 (53.3%) dist_goal=3.44
21:17:15 [INFO] [MPC] state=(-1.53,+1.51,+3.23) wp0=(-1.60,+1.65) v=+0.200 ω=-0.031 ok=True iters=7
21:17:15 [INFO] [PROG] s*=5.07/9.46 (53.5%) dist_goal=3.43
21:17:15 [INFO] [MPC] state=(-1.55,+1.51,+3.23) wp0=(-1.62,+1.65) v=+0.200 ω=-0.033 ok=True iters=7
21:17:15 [INFO] [PROG] s*=5.09/9.46 (53.8%) dist_goal=3.42
21:17:15 [INFO] [MPC] state=(-1.57,+1.51,+3.23) wp0=(-1.64,+1.65) v=+0.200 ω=-0.034 ok=True iters=7
21:17:15 [INFO] [PROG] s*=5.11/9.46 (54.0%) dist_goal=3.42
21:17:15 [INFO] [MPC] state=(-1.59,+1.50,+3.22) wp0=(-1.66,+1.65) v=+0.200 ω=-0.033 ok=True iters=7
21:17:15 [INFO] [PROG] s*=5.13/9.46 (54.2%) dist_goal=3.41
21:17:15 [INFO] [MPC] state=(-1.61,+1.50,+3.22) wp0=(-1.68,+1.65) v=+0.200 ω=-0.033 ok=True iters=7
21:17:15 [INFO] [PROG] s*=5.15/9.46 (54.4%) dist_goal=3.40
21:17:15 [INFO] [MPC] state=(-1.63,+1.50,+3.22) wp0=(-1.70,+1.65) v=+0.200 ω=-0.032 ok=True iters=7
21:17:15 [INFO] [PROG] s*=5.17/9.46 (54.6%) dist_goal=3.39
21:17:15 [INFO] [MPC] state=(-1.65,+1.50,+3.21) wp0=(-1.72,+1.65) v=+0.200 ω=-0.030 ok=True iters=7
21:17:15 [INFO] [PROG] s*=5.19/9.46 (54.8%) dist_goal=3.39
21:17:15 [INFO] [MPC] state=(-1.67,+1.50,+3.21) wp0=(-1.74,+1.65) v=+0.200 ω=-0.029 ok=True iters=7
21:17:15 [INFO] [PROG] s*=5.21/9.46 (55.0%) dist_goal=3.38
21:17:15 [INFO] [MPC] state=(-1.69,+1.50,+3.21) wp0=(-1.76,+1.65) v=+0.200 ω=-0.028 ok=True iters=7
21:17:15 [INFO] [PROG] s*=5.23/9.46 (55.2%) dist_goal=3.37
21:17:15 [INFO] [MPC] state=(-1.71,+1.50,+3.20) wp0=(-1.78,+1.65) v=+0.200 ω=-0.027 ok=True iters=7
21:17:15 [INFO] [PROG] s*=5.25/9.46 (55.5%) dist_goal=3.36
21:17:15 [INFO] [MPC] state=(-1.73,+1.49,+3.20) wp0=(-1.80,+1.65) v=+0.200 ω=-0.027 ok=True iters=7
21:17:15 [INFO] [PROG] s*=5.27/9.46 (55.7%) dist_goal=3.36
21:17:15 [INFO] [MPC] state=(-1.75,+1.49,+3.20) wp0=(-1.82,+1.65) v=+0.200 ω=-0.026 ok=True iters=7
21:17:15 [INFO] [PROG] s*=5.29/9.46 (55.9%) dist_goal=3.35
21:17:15 [INFO] [MPC] state=(-1.77,+1.49,+3.20) wp0=(-1.84,+1.65) v=+0.200 ω=-0.025 ok=True iters=7
21:17:15 [INFO] [PROG] s*=5.31/9.46 (56.1%) dist_goal=3.34
21:17:15 [INFO] [MPC] state=(-1.79,+1.49,+3.19) wp0=(-1.86,+1.65) v=+0.200 ω=-0.025 ok=True iters=7
21:17:15 [INFO] [PROG] s*=5.33/9.46 (56.3%) dist_goal=3.33
21:17:15 [INFO] [MPC] state=(-1.81,+1.49,+3.19) wp0=(-1.88,+1.65) v=+0.200 ω=-0.024 ok=True iters=7
21:17:15 [INFO] [PROG] s*=5.35/9.46 (56.5%) dist_goal=3.33
21:17:15 [INFO] [MPC] state=(-1.83,+1.49,+3.19) wp0=(-1.90,+1.65) v=+0.200 ω=-0.023 ok=True iters=7
21:17:15 [INFO] [PROG] s*=5.37/9.46 (56.7%) dist_goal=3.32
21:17:15 [INFO] [MPC] state=(-1.85,+1.49,+3.19) wp0=(-1.92,+1.65) v=+0.200 ω=-0.022 ok=True iters=7
21:17:15 [INFO] [PROG] s*=5.39/9.46 (57.0%) dist_goal=3.31
21:17:15 [INFO] [MPC] state=(-1.87,+1.49,+3.19) wp0=(-1.94,+1.65) v=+0.200 ω=-0.021 ok=True iters=7
21:17:15 [INFO] [PROG] s*=5.41/9.46 (57.2%) dist_goal=3.31
21:17:15 [INFO] [MPC] state=(-1.89,+1.49,+3.18) wp0=(-1.96,+1.65) v=+0.200 ω=-0.021 ok=True iters=7
21:17:15 [INFO] [PROG] s*=5.43/9.46 (57.4%) dist_goal=3.30
21:17:15 [INFO] [MPC] state=(-1.91,+1.48,+3.18) wp0=(-1.98,+1.65) v=+0.200 ω=-0.020 ok=True iters=7
21:17:15 [INFO] [PROG] s*=5.45/9.46 (57.6%) dist_goal=3.29
21:17:15 [INFO] [MPC] state=(-1.93,+1.48,+3.18) wp0=(-2.00,+1.65) v=+0.200 ω=-0.019 ok=True iters=7
21:17:15 [INFO] [PROG] s*=5.47/9.46 (57.8%) dist_goal=3.29
21:17:15 [INFO] [MPC] state=(-1.95,+1.48,+3.18) wp0=(-2.02,+1.65) v=+0.200 ω=-0.019 ok=True iters=7
21:17:15 [INFO] [PROG] s*=5.49/9.46 (58.0%) dist_goal=3.28
21:17:15 [INFO] [MPC] state=(-1.97,+1.48,+3.18) wp0=(-2.04,+1.65) v=+0.200 ω=-0.018 ok=True iters=7
21:17:15 [INFO] [PROG] s*=5.51/9.46 (58.2%) dist_goal=3.27
21:17:15 [INFO] [MPC] state=(-1.99,+1.48,+3.18) wp0=(-2.06,+1.65) v=+0.200 ω=-0.017 ok=True iters=7
21:17:15 [INFO] [PROG] s*=5.53/9.46 (58.5%) dist_goal=3.27
21:17:15 [INFO] [MPC] state=(-2.01,+1.48,+3.18) wp0=(-2.08,+1.65) v=+0.200 ω=-0.017 ok=True iters=7
21:17:15 [INFO] [PROG] s*=5.55/9.46 (58.7%) dist_goal=3.26
21:17:15 [INFO] [MPC] state=(-2.03,+1.48,+3.17) wp0=(-2.10,+1.65) v=+0.200 ω=-0.016 ok=True iters=7
21:17:15 [INFO] [PROG] s*=5.57/9.46 (58.9%) dist_goal=3.25
21:17:15 [INFO] [MPC] state=(-2.05,+1.48,+3.17) wp0=(-2.12,+1.65) v=+0.200 ω=-0.015 ok=True iters=7
21:17:15 [INFO] [PROG] s*=5.59/9.46 (59.1%) dist_goal=3.25
21:17:15 [INFO] [MPC] state=(-2.07,+1.48,+3.17) wp0=(-2.14,+1.65) v=+0.200 ω=-0.014 ok=True iters=7
21:17:15 [INFO] [PROG] s*=5.61/9.46 (59.3%) dist_goal=3.24
21:17:15 [INFO] [MPC] state=(-2.09,+1.48,+3.17) wp0=(-2.16,+1.65) v=+0.200 ω=-0.014 ok=True iters=7
21:17:15 [INFO] [PROG] s*=5.63/9.46 (59.5%) dist_goal=3.24
21:17:15 [INFO] [MPC] state=(-2.11,+1.48,+3.17) wp0=(-2.18,+1.65) v=+0.200 ω=-0.013 ok=True iters=7
21:17:15 [INFO] [PROG] s*=5.65/9.46 (59.7%) dist_goal=3.23
21:17:15 [INFO] [MPC] state=(-2.13,+1.48,+3.17) wp0=(-2.20,+1.65) v=+0.200 ω=-0.013 ok=True iters=7
21:17:15 [INFO] [PROG] s*=5.67/9.46 (60.0%) dist_goal=3.23
21:17:15 [INFO] [MPC] state=(-2.15,+1.48,+3.17) wp0=(-2.22,+1.65) v=+0.200 ω=-0.012 ok=True iters=7
21:17:15 [INFO] [PROG] s*=5.69/9.46 (60.2%) dist_goal=3.22
21:17:15 [INFO] [MPC] state=(-2.17,+1.48,+3.17) wp0=(-2.24,+1.65) v=+0.200 ω=-0.012 ok=True iters=7
21:17:15 [INFO] [PROG] s*=5.71/9.46 (60.4%) dist_goal=3.21
21:17:15 [INFO] [MPC] state=(-2.19,+1.48,+3.16) wp0=(-2.26,+1.65) v=+0.200 ω=-0.011 ok=True iters=7
21:17:15 [INFO] [PROG] s*=5.73/9.46 (60.6%) dist_goal=3.21
21:17:15 [INFO] [MPC] state=(-2.21,+1.48,+3.16) wp0=(-2.28,+1.65) v=+0.200 ω=-0.011 ok=True iters=7
21:17:15 [INFO] [PROG] s*=5.75/9.46 (60.8%) dist_goal=3.20
21:17:15 [INFO] [MPC] state=(-2.23,+1.47,+3.16) wp0=(-2.30,+1.65) v=+0.200 ω=-0.011 ok=True iters=7
21:17:15 [INFO] [PROG] s*=5.77/9.46 (61.0%) dist_goal=3.20
21:17:15 [INFO] [MPC] state=(-2.25,+1.47,+3.16) wp0=(-2.33,+1.65) v=+0.200 ω=-0.084 ok=True iters=7
21:17:15 [INFO] [PROG] s*=5.80/9.46 (61.2%) dist_goal=3.19
21:17:15 [INFO] [MPC] state=(-2.28,+1.47,+3.15) wp0=(-2.35,+1.65) v=+0.200 ω=-0.058 ok=True iters=7
21:17:15 [INFO] [PROG] s*=5.82/9.46 (61.5%) dist_goal=3.19
21:17:15 [INFO] [MPC] state=(-2.30,+1.47,+3.15) wp0=(-2.37,+1.65) v=+0.200 ω=-0.042 ok=True iters=7
21:17:15 [INFO] [PROG] s*=5.84/9.46 (61.7%) dist_goal=3.18
21:17:15 [INFO] [MPC] state=(-2.32,+1.47,+3.14) wp0=(-2.39,+1.65) v=+0.200 ω=-0.031 ok=True iters=7
21:17:16 [INFO] [PROG] s*=5.86/9.46 (61.9%) dist_goal=3.18
21:17:16 [INFO] [MPC] state=(-2.34,+1.47,+3.14) wp0=(-2.41,+1.65) v=+0.200 ω=-0.023 ok=True iters=7
21:17:16 [INFO] [PROG] s*=5.88/9.46 (62.1%) dist_goal=3.17
21:17:16 [INFO] [MPC] state=(-2.36,+1.47,+3.14) wp0=(-2.43,+1.65) v=+0.200 ω=-0.114 ok=True iters=7
21:17:16 [INFO] [PROG] s*=5.90/9.46 (62.3%) dist_goal=3.17
21:17:16 [INFO] [MPC] state=(-2.38,+1.47,+3.13) wp0=(-2.45,+1.65) v=+0.200 ω=-0.078 ok=True iters=7
21:17:16 [INFO] [PROG] s*=5.92/9.46 (62.5%) dist_goal=3.16
21:17:16 [INFO] [MPC] state=(-2.40,+1.47,+3.12) wp0=(-2.47,+1.65) v=+0.200 ω=-0.052 ok=True iters=7
21:17:16 [INFO] [PROG] s*=5.94/9.46 (62.7%) dist_goal=3.16
21:17:16 [INFO] [MPC] state=(-2.42,+1.47,+3.12) wp0=(-2.49,+1.65) v=+0.200 ω=-0.034 ok=True iters=7
21:17:16 [INFO] [PROG] s*=5.96/9.46 (63.0%) dist_goal=3.15
21:17:16 [INFO] [MPC] state=(-2.44,+1.48,+3.11) wp0=(-2.51,+1.65) v=+0.200 ω=-0.020 ok=True iters=7
21:17:16 [INFO] [PROG] s*=5.98/9.46 (63.2%) dist_goal=3.15
21:17:16 [INFO] [MPC] state=(-2.46,+1.48,+3.11) wp0=(-2.53,+1.65) v=+0.200 ω=-0.110 ok=True iters=7
21:17:16 [INFO] [PROG] s*=6.00/9.46 (63.4%) dist_goal=3.14
21:17:16 [INFO] [MPC] state=(-2.48,+1.48,+3.10) wp0=(-2.55,+1.65) v=+0.200 ω=-0.072 ok=True iters=7
21:17:16 [INFO] [PROG] s*=6.02/9.46 (63.6%) dist_goal=3.14
21:17:16 [INFO] [MPC] state=(-2.50,+1.48,+3.09) wp0=(-2.57,+1.65) v=+0.200 ω=-0.045 ok=True iters=7
21:17:16 [INFO] [PROG] s*=6.04/9.46 (63.8%) dist_goal=3.13
21:17:16 [INFO] [MPC] state=(-2.52,+1.48,+3.09) wp0=(-2.59,+1.65) v=+0.200 ω=-0.042 ok=True iters=7
21:17:16 [INFO] [PROG] s*=6.06/9.46 (64.0%) dist_goal=3.13
21:17:16 [INFO] [MPC] state=(-2.54,+1.48,+3.09) wp0=(-2.61,+1.65) v=+0.200 ω=-0.041 ok=True iters=7
21:17:16 [INFO] [PROG] s*=6.08/9.46 (64.2%) dist_goal=3.12
21:17:16 [INFO] [MPC] state=(-2.56,+1.48,+3.08) wp0=(-2.63,+1.65) v=+0.200 ω=-0.100 ok=True iters=7
21:17:16 [INFO] [PROG] s*=6.10/9.46 (64.5%) dist_goal=3.12
21:17:16 [INFO] [MPC] state=(-2.58,+1.48,+3.07) wp0=(-2.65,+1.65) v=+0.200 ω=-0.108 ok=True iters=7
21:17:16 [INFO] [PROG] s*=6.12/9.46 (64.7%) dist_goal=3.11
21:17:16 [INFO] [MPC] state=(-2.60,+1.48,+3.06) wp0=(-2.67,+1.65) v=+0.200 ω=-0.110 ok=True iters=7
21:17:16 [INFO] [PROG] s*=6.14/9.46 (64.9%) dist_goal=3.10
21:17:16 [INFO] [MPC] state=(-2.62,+1.49,+3.05) wp0=(-2.69,+1.65) v=+0.200 ω=-0.111 ok=True iters=8
21:17:16 [INFO] [PROG] s*=6.16/9.46 (65.1%) dist_goal=3.10
21:17:16 [INFO] [MPC] state=(-2.64,+1.49,+3.04) wp0=(-2.71,+1.65) v=+0.200 ω=-0.113 ok=True iters=8
21:17:16 [INFO] [PROG] s*=6.18/9.46 (65.3%) dist_goal=3.09
21:17:16 [INFO] [MPC] state=(-2.66,+1.49,+3.03) wp0=(-2.73,+1.65) v=+0.200 ω=-0.132 ok=True iters=8
21:17:16 [INFO] [PROG] s*=6.20/9.46 (65.5%) dist_goal=3.09
21:17:16 [INFO] [MPC] state=(-2.68,+1.49,+3.02) wp0=(-2.75,+1.65) v=+0.200 ω=-0.150 ok=True iters=8
21:17:16 [INFO] [PROG] s*=6.22/9.46 (65.7%) dist_goal=3.08
21:17:16 [INFO] [MPC] state=(-2.70,+1.49,+3.01) wp0=(-2.77,+1.65) v=+0.200 ω=-0.168 ok=True iters=9
21:17:16 [INFO] [PROG] s*=6.24/9.46 (65.9%) dist_goal=3.08
21:17:16 [INFO] [MPC] state=(-2.72,+1.50,+2.99) wp0=(-2.79,+1.65) v=+0.200 ω=-0.179 ok=True iters=9
21:17:16 [INFO] [PROG] s*=6.26/9.46 (66.1%) dist_goal=3.07
21:17:16 [INFO] [MPC] state=(-2.74,+1.50,+2.98) wp0=(-2.81,+1.65) v=+0.200 ω=-0.193 ok=True iters=9
21:17:16 [INFO] [PROG] s*=6.28/9.46 (66.4%) dist_goal=3.07
21:17:16 [INFO] [MPC] state=(-2.76,+1.50,+2.97) wp0=(-2.83,+1.65) v=+0.200 ω=-0.204 ok=True iters=10
21:17:16 [INFO] [PROG] s*=6.30/9.46 (66.5%) dist_goal=3.06
21:17:16 [INFO] [MPC] state=(-2.78,+1.51,+2.95) wp0=(-2.85,+1.65) v=+0.200 ω=-1.030 ok=True iters=8
21:17:16 [INFO] [PROG] s*=6.31/9.46 (66.7%) dist_goal=3.05
21:17:16 [INFO] [MPC] state=(-2.80,+1.51,+2.89) wp0=(-2.86,+1.65) v=+0.200 ω=-2.400 ok=True iters=13
21:17:16 [INFO] [PROG] s*=6.32/9.46 (66.8%) dist_goal=3.05
21:17:16 [INFO] [MPC] state=(-2.81,+1.51,+2.77) wp0=(-2.87,+1.65) v=+0.200 ω=-2.400 ok=True iters=8
21:17:16 [INFO] [PROG] s*=6.33/9.46 (66.9%) dist_goal=3.04
21:17:16 [INFO] [MPC] state=(-2.82,+1.52,+2.65) wp0=(-2.88,+1.65) v=+0.200 ω=-2.400 ok=True iters=8
21:17:16 [INFO] [PROG] s*=6.34/9.46 (67.0%) dist_goal=3.03
21:17:16 [INFO] [MPC] state=(-2.83,+1.53,+2.52) wp0=(-2.89,+1.65) v=+0.200 ω=-2.400 ok=True iters=12
21:17:16 [INFO] [PROG] s*=6.35/9.46 (67.1%) dist_goal=3.02
21:17:16 [INFO] [MPC] state=(-2.84,+1.53,+2.39) wp0=(-2.90,+1.65) v=+0.200 ω=-2.166 ok=True iters=8
21:17:16 [INFO] [PROG] s*=6.35/9.46 (67.1%) dist_goal=3.01
21:17:16 [INFO] [MPC] state=(-2.85,+1.54,+2.28) wp0=(-2.90,+1.65) v=+0.200 ω=-1.964 ok=True iters=7
21:17:16 [INFO] [PROG] s*=6.36/9.46 (67.2%) dist_goal=3.00
21:17:16 [INFO] [MPC] state=(-2.85,+1.55,+2.17) wp0=(-2.91,+1.65) v=+0.200 ω=-1.707 ok=True iters=7
21:17:16 [INFO] [PROG] s*=6.37/9.46 (67.3%) dist_goal=2.98
21:17:16 [INFO] [MPC] state=(-2.86,+1.57,+2.08) wp0=(-2.92,+1.65) v=+0.200 ω=-1.413 ok=True iters=7
21:17:16 [INFO] [PROG] s*=6.38/9.46 (67.4%) dist_goal=2.97
21:17:16 [INFO] [MPC] state=(-2.87,+1.58,+2.01) wp0=(-2.93,+1.65) v=+0.200 ω=-1.143 ok=True iters=7
21:17:16 [INFO] [PROG] s*=6.38/9.46 (67.4%) dist_goal=2.95
21:17:16 [INFO] [MPC] state=(-2.88,+1.60,+1.94) wp0=(-2.93,+1.65) v=+0.200 ω=-0.912 ok=True iters=7
21:17:16 [INFO] [PROG] s*=6.39/9.46 (67.5%) dist_goal=2.93
21:17:16 [INFO] [MPC] state=(-2.88,+1.61,+1.89) wp0=(-2.94,+1.65) v=+0.200 ω=-0.737 ok=True iters=7
21:17:16 [INFO] [PROG] s*=6.39/9.46 (67.5%) dist_goal=2.92
21:17:16 [INFO] [MPC] state=(-2.89,+1.63,+1.85) wp0=(-2.94,+1.65) v=+0.200 ω=-0.586 ok=True iters=7
21:17:16 [INFO] [PROG] s*=6.40/9.46 (67.6%) dist_goal=2.90
21:17:16 [INFO] [MPC] state=(-2.89,+1.65,+1.81) wp0=(-2.95,+1.65) v=+0.200 ω=-0.461 ok=True iters=8
21:17:16 [INFO] [PROG] s*=6.40/9.46 (67.6%) dist_goal=2.88
21:17:16 [INFO] [MPC] state=(-2.90,+1.66,+1.79) wp0=(-2.95,+1.65) v=+0.200 ω=-0.350 ok=True iters=8
21:17:16 [INFO] [PROG] s*=6.50/9.46 (68.7%) dist_goal=2.86
21:17:16 [INFO] [MPC] state=(-2.90,+1.68,+1.76) wp0=(-2.95,+1.75) v=+0.200 ω=-0.256 ok=True iters=8
21:17:16 [INFO] [PROG] s*=6.52/9.46 (68.9%) dist_goal=2.84
21:17:16 [INFO] [MPC] state=(-2.90,+1.70,+1.75) wp0=(-2.95,+1.77) v=+0.200 ω=-0.218 ok=True iters=7
21:17:16 [INFO] [PROG] s*=6.54/9.46 (69.1%) dist_goal=2.82
21:17:16 [INFO] [MPC] state=(-2.91,+1.72,+1.73) wp0=(-2.95,+1.79) v=+0.200 ω=-0.152 ok=True iters=7
21:17:16 [INFO] [PROG] s*=6.56/9.46 (69.4%) dist_goal=2.80
21:17:16 [INFO] [MPC] state=(-2.91,+1.74,+1.72) wp0=(-2.95,+1.81) v=+0.200 ω=-0.098 ok=True iters=7
21:17:16 [INFO] [PROG] s*=6.58/9.46 (69.6%) dist_goal=2.78
21:17:16 [INFO] [MPC] state=(-2.91,+1.76,+1.71) wp0=(-2.95,+1.83) v=+0.200 ω=-0.053 ok=True iters=7
21:17:16 [INFO] [PROG] s*=6.60/9.46 (69.8%) dist_goal=2.76
21:17:16 [INFO] [MPC] state=(-2.92,+1.78,+1.70) wp0=(-2.95,+1.85) v=+0.200 ω=-0.037 ok=True iters=7
21:17:16 [INFO] [PROG] s*=6.62/9.46 (70.0%) dist_goal=2.74
21:17:16 [INFO] [MPC] state=(-2.92,+1.80,+1.70) wp0=(-2.95,+1.87) v=+0.200 ω=-0.022 ok=True iters=7
21:17:16 [INFO] [PROG] s*=6.64/9.46 (70.2%) dist_goal=2.72
21:17:16 [INFO] [MPC] state=(-2.92,+1.82,+1.70) wp0=(-2.95,+1.89) v=+0.200 ω=+0.002 ok=True iters=7
21:17:16 [INFO] [PROG] s*=6.66/9.46 (70.4%) dist_goal=2.70
21:17:16 [INFO] [MPC] state=(-2.92,+1.84,+1.70) wp0=(-2.95,+1.91) v=+0.200 ω=-0.001 ok=True iters=7
21:17:16 [INFO] [PROG] s*=6.68/9.46 (70.6%) dist_goal=2.68
21:17:16 [INFO] [MPC] state=(-2.93,+1.86,+1.70) wp0=(-2.95,+1.93) v=+0.200 ω=+0.010 ok=True iters=7
21:17:16 [INFO] [PROG] s*=6.70/9.46 (70.8%) dist_goal=2.66
21:17:16 [INFO] [MPC] state=(-2.93,+1.88,+1.70) wp0=(-2.95,+1.95) v=+0.200 ω=+0.039 ok=True iters=7
21:17:16 [INFO] [PROG] s*=6.72/9.46 (71.1%) dist_goal=2.64
21:17:16 [INFO] [MPC] state=(-2.93,+1.90,+1.70) wp0=(-2.95,+1.97) v=+0.200 ω=+0.011 ok=True iters=7
21:17:16 [INFO] [PROG] s*=6.74/9.46 (71.3%) dist_goal=2.61
21:17:16 [INFO] [MPC] state=(-2.93,+1.92,+1.70) wp0=(-2.95,+1.99) v=+0.200 ω=-0.046 ok=True iters=7
21:17:16 [INFO] [PROG] s*=6.76/9.46 (71.5%) dist_goal=2.59
21:17:16 [INFO] [MPC] state=(-2.94,+1.94,+1.70) wp0=(-2.95,+2.01) v=+0.200 ω=-0.026 ok=True iters=7
21:17:16 [INFO] [PROG] s*=6.78/9.46 (71.7%) dist_goal=2.57
21:17:16 [INFO] [MPC] state=(-2.94,+1.96,+1.70) wp0=(-2.95,+2.03) v=+0.200 ω=+0.026 ok=True iters=7
21:17:16 [INFO] [PROG] s*=6.80/9.46 (71.9%) dist_goal=2.55
21:17:16 [INFO] [MPC] state=(-2.94,+1.98,+1.70) wp0=(-2.95,+2.05) v=+0.200 ω=-0.008 ok=True iters=7
21:17:16 [INFO] [PROG] s*=6.82/9.46 (72.1%) dist_goal=2.53
21:17:16 [INFO] [MPC] state=(-2.94,+2.00,+1.70) wp0=(-2.95,+2.07) v=+0.200 ω=-0.034 ok=True iters=7
21:17:16 [INFO] [PROG] s*=6.84/9.46 (72.3%) dist_goal=2.51
21:17:16 [INFO] [MPC] state=(-2.95,+2.02,+1.69) wp0=(-2.95,+2.09) v=+0.200 ω=-0.016 ok=True iters=7
21:17:16 [INFO] [PROG] s*=6.86/9.46 (72.5%) dist_goal=2.49
21:17:16 [INFO] [MPC] state=(-2.95,+2.04,+1.69) wp0=(-2.95,+2.11) v=+0.200 ω=-0.031 ok=True iters=7
21:17:16 [INFO] [PROG] s*=6.88/9.46 (72.8%) dist_goal=2.47
21:17:16 [INFO] [MPC] state=(-2.95,+2.06,+1.69) wp0=(-2.95,+2.13) v=+0.200 ω=-0.040 ok=True iters=7
21:17:16 [INFO] [PROG] s*=6.90/9.46 (73.0%) dist_goal=2.45
21:17:16 [INFO] [MPC] state=(-2.95,+2.08,+1.69) wp0=(-2.95,+2.15) v=+0.200 ω=-0.029 ok=True iters=7
21:17:16 [INFO] [PROG] s*=6.92/9.46 (73.2%) dist_goal=2.43
21:17:16 [INFO] [MPC] state=(-2.96,+2.10,+1.68) wp0=(-2.95,+2.17) v=+0.200 ω=+0.145 ok=True iters=7
21:17:16 [INFO] [PROG] s*=6.94/9.46 (73.4%) dist_goal=2.41
21:17:16 [INFO] [MPC] state=(-2.96,+2.12,+1.70) wp0=(-2.95,+2.19) v=+0.200 ω=+0.081 ok=True iters=7
21:17:16 [INFO] [PROG] s*=6.96/9.46 (73.6%) dist_goal=2.39
21:17:16 [INFO] [MPC] state=(-2.96,+2.14,+1.70) wp0=(-2.95,+2.21) v=+0.200 ω=-0.173 ok=True iters=7
21:17:16 [INFO] [PROG] s*=6.98/9.46 (73.8%) dist_goal=2.37
21:17:16 [INFO] [MPC] state=(-2.96,+2.16,+1.69) wp0=(-2.95,+2.23) v=+0.200 ω=-0.146 ok=True iters=7
21:17:16 [INFO] [PROG] s*=7.00/9.46 (74.0%) dist_goal=2.35
21:17:16 [INFO] [MPC] state=(-2.97,+2.18,+1.68) wp0=(-2.95,+2.25) v=+0.200 ω=+0.039 ok=True iters=7
21:17:16 [INFO] [PROG] s*=7.02/9.46 (74.2%) dist_goal=2.33
21:17:16 [INFO] [MPC] state=(-2.97,+2.20,+1.68) wp0=(-2.95,+2.27) v=+0.200 ω=+0.009 ok=True iters=7
21:17:16 [INFO] [PROG] s*=7.05/9.46 (74.5%) dist_goal=2.31
21:17:16 [INFO] [MPC] state=(-2.97,+2.22,+1.68) wp0=(-2.95,+2.30) v=+0.200 ω=-0.010 ok=True iters=7
21:17:16 [INFO] [PROG] s*=7.07/9.46 (74.7%) dist_goal=2.29
21:17:16 [INFO] [MPC] state=(-2.97,+2.25,+1.68) wp0=(-2.95,+2.32) v=+0.200 ω=-0.023 ok=True iters=7
21:17:16 [INFO] [PROG] s*=7.09/9.46 (74.9%) dist_goal=2.27
21:17:16 [INFO] [MPC] state=(-2.98,+2.27,+1.68) wp0=(-2.95,+2.34) v=+0.200 ω=-0.031 ok=True iters=7
21:17:16 [INFO] [PROG] s*=7.11/9.46 (75.1%) dist_goal=2.25
21:17:16 [INFO] [MPC] state=(-2.98,+2.29,+1.68) wp0=(-2.95,+2.36) v=+0.200 ω=-0.036 ok=True iters=7
21:17:16 [INFO] [PROG] s*=7.13/9.46 (75.3%) dist_goal=2.23
21:17:16 [INFO] [MPC] state=(-2.98,+2.31,+1.67) wp0=(-2.95,+2.38) v=+0.200 ω=-0.039 ok=True iters=7
21:17:16 [INFO] [PROG] s*=7.15/9.46 (75.5%) dist_goal=2.21
21:17:16 [INFO] [MPC] state=(-2.98,+2.33,+1.67) wp0=(-2.95,+2.40) v=+0.200 ω=-0.040 ok=True iters=7
21:17:16 [INFO] [PROG] s*=7.17/9.46 (75.7%) dist_goal=2.19
21:17:16 [INFO] [MPC] state=(-2.98,+2.35,+1.66) wp0=(-2.95,+2.42) v=+0.200 ω=-0.041 ok=True iters=7
21:17:16 [INFO] [PROG] s*=7.19/9.46 (75.9%) dist_goal=2.17
21:17:16 [INFO] [MPC] state=(-2.99,+2.37,+1.66) wp0=(-2.95,+2.44) v=+0.200 ω=-0.206 ok=True iters=7
21:17:16 [INFO] [PROG] s*=7.21/9.46 (76.2%) dist_goal=2.15
21:17:16 [INFO] [MPC] state=(-2.99,+2.39,+1.65) wp0=(-2.95,+2.46) v=+0.200 ω=-0.167 ok=True iters=7
21:17:16 [INFO] [PROG] s*=7.23/9.46 (76.4%) dist_goal=2.13
21:17:16 [INFO] [MPC] state=(-2.99,+2.41,+1.63) wp0=(-2.95,+2.48) v=+0.200 ω=-0.132 ok=True iters=7
21:17:16 [INFO] [PROG] s*=7.25/9.46 (76.6%) dist_goal=2.11
21:17:16 [INFO] [MPC] state=(-2.99,+2.43,+1.62) wp0=(-2.95,+2.50) v=+0.200 ω=-0.066 ok=True iters=7
21:17:16 [INFO] [PROG] s*=7.27/9.46 (76.8%) dist_goal=2.09
21:17:16 [INFO] [MPC] state=(-2.99,+2.45,+1.61) wp0=(-2.95,+2.52) v=+0.200 ω=-0.052 ok=True iters=7
21:17:16 [INFO] [PROG] s*=7.29/9.46 (77.0%) dist_goal=2.07
21:17:16 [INFO] [MPC] state=(-2.99,+2.47,+1.61) wp0=(-2.95,+2.54) v=+0.200 ω=-0.042 ok=True iters=7
21:17:16 [INFO] [PROG] s*=7.31/9.46 (77.2%) dist_goal=2.05
21:17:16 [INFO] [MPC] state=(-2.99,+2.49,+1.61) wp0=(-2.95,+2.56) v=+0.200 ω=-0.035 ok=True iters=7
21:17:16 [INFO] [PROG] s*=7.33/9.46 (77.4%) dist_goal=2.03
21:17:16 [INFO] [MPC] state=(-2.99,+2.51,+1.60) wp0=(-2.95,+2.58) v=+0.200 ω=-0.030 ok=True iters=7
21:17:16 [INFO] [PROG] s*=7.35/9.46 (77.7%) dist_goal=2.01
21:17:16 [INFO] [MPC] state=(-2.99,+2.53,+1.60) wp0=(-2.95,+2.60) v=+0.200 ω=-0.025 ok=True iters=7
21:17:16 [INFO] [PROG] s*=7.37/9.46 (77.9%) dist_goal=1.99
21:17:16 [INFO] [MPC] state=(-2.99,+2.55,+1.60) wp0=(-2.95,+2.62) v=+0.200 ω=-0.022 ok=True iters=7
21:17:16 [INFO] [PROG] s*=7.39/9.46 (78.1%) dist_goal=1.97
21:17:16 [INFO] [MPC] state=(-3.00,+2.57,+1.60) wp0=(-2.95,+2.64) v=+0.200 ω=-0.019 ok=True iters=7
21:17:16 [INFO] [PROG] s*=7.41/9.46 (78.3%) dist_goal=1.95
21:17:16 [INFO] [MPC] state=(-3.00,+2.59,+1.59) wp0=(-2.95,+2.66) v=+0.200 ω=-0.017 ok=True iters=7
21:17:16 [INFO] [PROG] s*=7.43/9.46 (78.5%) dist_goal=1.93
21:17:16 [INFO] [MPC] state=(-3.00,+2.61,+1.59) wp0=(-2.95,+2.68) v=+0.200 ω=-0.195 ok=True iters=7
21:17:16 [INFO] [PROG] s*=7.45/9.46 (78.7%) dist_goal=1.91
21:17:16 [INFO] [MPC] state=(-3.00,+2.63,+1.58) wp0=(-2.95,+2.70) v=+0.200 ω=-0.147 ok=True iters=7
21:17:16 [INFO] [PROG] s*=7.47/9.46 (78.9%) dist_goal=1.89
21:17:16 [INFO] [MPC] state=(-3.00,+2.65,+1.56) wp0=(-2.95,+2.72) v=+0.200 ω=-0.097 ok=True iters=7
21:17:16 [INFO] [PROG] s*=7.49/9.46 (79.1%) dist_goal=1.87
21:17:16 [INFO] [MPC] state=(-3.00,+2.67,+1.55) wp0=(-2.95,+2.74) v=+0.200 ω=-0.061 ok=True iters=7
21:17:16 [INFO] [PROG] s*=7.51/9.46 (79.4%) dist_goal=1.85
21:17:16 [INFO] [MPC] state=(-3.00,+2.69,+1.55) wp0=(-2.95,+2.76) v=+0.200 ω=-0.038 ok=True iters=7
21:17:16 [INFO] [PROG] s*=7.53/9.46 (79.6%) dist_goal=1.83
21:17:16 [INFO] [MPC] state=(-3.00,+2.71,+1.54) wp0=(-2.95,+2.78) v=+0.200 ω=+0.148 ok=True iters=7
21:17:16 [INFO] [PROG] s*=7.55/9.46 (79.8%) dist_goal=1.81
21:17:16 [INFO] [MPC] state=(-3.00,+2.73,+1.56) wp0=(-2.95,+2.80) v=+0.200 ω=+0.114 ok=True iters=7
21:17:16 [INFO] [PROG] s*=7.57/9.46 (80.0%) dist_goal=1.79
21:17:16 [INFO] [MPC] state=(-2.99,+2.75,+1.56) wp0=(-2.95,+2.82) v=+0.200 ω=+0.088 ok=True iters=7
21:17:16 [INFO] [PROG] s*=7.59/9.46 (80.2%) dist_goal=1.77
21:17:16 [INFO] [MPC] state=(-2.99,+2.77,+1.57) wp0=(-2.95,+2.84) v=+0.200 ω=+0.061 ok=True iters=7
21:17:16 [INFO] [PROG] s*=7.61/9.46 (80.4%) dist_goal=1.75
21:17:16 [INFO] [MPC] state=(-3.00,+2.79,+1.58) wp0=(-2.95,+2.86) v=+0.200 ω=+0.038 ok=True iters=7
21:17:16 [INFO] [PROG] s*=7.63/9.46 (80.6%) dist_goal=1.73
21:17:16 [INFO] [MPC] state=(-3.00,+2.81,+1.58) wp0=(-2.95,+2.88) v=+0.200 ω=+0.024 ok=True iters=7
21:17:16 [INFO] [PROG] s*=7.65/9.46 (80.8%) dist_goal=1.71
21:17:16 [INFO] [MPC] state=(-3.00,+2.83,+1.59) wp0=(-2.95,+2.90) v=+0.200 ω=+0.013 ok=True iters=7
21:17:16 [INFO] [PROG] s*=7.67/9.46 (81.1%) dist_goal=1.69
21:17:16 [INFO] [MPC] state=(-3.00,+2.85,+1.59) wp0=(-2.95,+2.92) v=+0.200 ω=+0.006 ok=True iters=7
21:17:16 [INFO] [PROG] s*=7.69/9.46 (81.3%) dist_goal=1.67
21:17:16 [INFO] [MPC] state=(-3.00,+2.87,+1.59) wp0=(-2.95,+2.94) v=+0.200 ω=+0.000 ok=True iters=7
21:17:16 [INFO] [PROG] s*=7.71/9.46 (81.5%) dist_goal=1.65
21:17:16 [INFO] [MPC] state=(-3.00,+2.89,+1.59) wp0=(-2.95,+2.96) v=+0.200 ω=-0.181 ok=True iters=7
21:17:16 [INFO] [PROG] s*=7.73/9.46 (81.7%) dist_goal=1.63
21:17:16 [INFO] [MPC] state=(-3.00,+2.91,+1.58) wp0=(-2.95,+2.98) v=+0.200 ω=-0.136 ok=True iters=7
21:17:16 [INFO] [PROG] s*=7.75/9.46 (81.9%) dist_goal=1.61
21:17:16 [INFO] [MPC] state=(-3.00,+2.93,+1.56) wp0=(-2.95,+3.00) v=+0.200 ω=-0.095 ok=True iters=7
21:17:16 [INFO] [PROG] s*=7.77/9.46 (82.1%) dist_goal=1.59
21:17:16 [INFO] [MPC] state=(-3.00,+2.95,+1.55) wp0=(-2.95,+3.02) v=+0.200 ω=-0.058 ok=True iters=7
21:17:16 [INFO] [PROG] s*=7.79/9.46 (82.3%) dist_goal=1.57
21:17:16 [INFO] [MPC] state=(-3.00,+2.97,+1.55) wp0=(-2.95,+3.04) v=+0.200 ω=-0.034 ok=True iters=7
21:17:16 [INFO] [PROG] s*=7.81/9.46 (82.6%) dist_goal=1.55
21:17:16 [INFO] [MPC] state=(-3.00,+2.99,+1.54) wp0=(-2.95,+3.06) v=+0.200 ω=+0.025 ok=True iters=7
21:17:16 [INFO] [PROG] s*=7.83/9.46 (82.8%) dist_goal=1.53
21:17:16 [INFO] [MPC] state=(-3.00,+3.01,+1.55) wp0=(-2.95,+3.08) v=+0.200 ω=+0.148 ok=True iters=7
21:17:16 [INFO] [PROG] s*=7.85/9.46 (83.0%) dist_goal=1.51
21:17:16 [INFO] [MPC] state=(-2.99,+3.03,+1.56) wp0=(-2.95,+3.10) v=+0.200 ω=+0.119 ok=True iters=7
21:17:16 [INFO] [PROG] s*=7.87/9.46 (83.2%) dist_goal=1.49
21:17:16 [INFO] [MPC] state=(-2.99,+3.05,+1.57) wp0=(-2.95,+3.12) v=+0.200 ω=+0.086 ok=True iters=7
21:17:16 [INFO] [PROG] s*=7.89/9.46 (83.4%) dist_goal=1.47
21:17:16 [INFO] [MPC] state=(-2.99,+3.07,+1.58) wp0=(-2.95,+3.14) v=+0.200 ω=+0.057 ok=True iters=7
21:17:16 [INFO] [PROG] s*=7.91/9.46 (83.6%) dist_goal=1.45
21:17:16 [INFO] [MPC] state=(-2.99,+3.09,+1.58) wp0=(-2.95,+3.16) v=+0.200 ω=+0.037 ok=True iters=7
21:17:16 [INFO] [PROG] s*=7.93/9.46 (83.8%) dist_goal=1.43
21:17:16 [INFO] [MPC] state=(-2.99,+3.11,+1.58) wp0=(-2.95,+3.18) v=+0.200 ω=+0.023 ok=True iters=7
21:17:16 [INFO] [PROG] s*=7.95/9.46 (84.0%) dist_goal=1.41
21:17:16 [INFO] [MPC] state=(-3.00,+3.13,+1.59) wp0=(-2.95,+3.20) v=+0.200 ω=+0.013 ok=True iters=7
21:17:16 [INFO] [PROG] s*=7.97/9.46 (84.3%) dist_goal=1.38
21:17:16 [INFO] [MPC] state=(-3.00,+3.15,+1.59) wp0=(-2.95,+3.22) v=+0.200 ω=+0.006 ok=True iters=7
21:17:16 [INFO] [PROG] s*=7.99/9.46 (84.5%) dist_goal=1.36
21:17:16 [INFO] [MPC] state=(-3.00,+3.17,+1.59) wp0=(-2.95,+3.24) v=+0.200 ω=+0.002 ok=True iters=7
21:17:16 [INFO] [PROG] s*=8.01/9.46 (84.7%) dist_goal=1.34
21:17:16 [INFO] [MPC] state=(-3.00,+3.19,+1.59) wp0=(-2.95,+3.26) v=+0.200 ω=-0.003 ok=True iters=7
21:17:16 [INFO] [PROG] s*=8.03/9.46 (84.9%) dist_goal=1.32
21:17:16 [INFO] [MPC] state=(-3.00,+3.21,+1.59) wp0=(-2.95,+3.28) v=+0.200 ω=-0.184 ok=True iters=7
21:17:16 [INFO] [PROG] s*=8.05/9.46 (85.1%) dist_goal=1.30
21:17:16 [INFO] [MPC] state=(-3.00,+3.23,+1.57) wp0=(-2.95,+3.30) v=+0.200 ω=-0.127 ok=True iters=7
21:17:16 [INFO] [PROG] s*=8.07/9.46 (85.3%) dist_goal=1.28
21:17:16 [INFO] [MPC] state=(-3.00,+3.25,+1.56) wp0=(-2.95,+3.32) v=+0.200 ω=-0.089 ok=True iters=7
21:17:17 [INFO] [PROG] s*=8.09/9.46 (85.5%) dist_goal=1.26
21:17:17 [INFO] [MPC] state=(-3.00,+3.27,+1.55) wp0=(-2.95,+3.34) v=+0.200 ω=-0.057 ok=True iters=7
21:17:17 [INFO] [PROG] s*=8.11/9.46 (85.8%) dist_goal=1.24
21:17:17 [INFO] [MPC] state=(-3.00,+3.29,+1.55) wp0=(-2.95,+3.37) v=+0.200 ω=-0.035 ok=True iters=7
21:17:17 [INFO] [PROG] s*=8.14/9.46 (86.0%) dist_goal=1.22
21:17:17 [INFO] [MPC] state=(-3.00,+3.32,+1.54) wp0=(-2.95,+3.39) v=+0.200 ω=+0.024 ok=True iters=7
21:17:17 [INFO] [PROG] s*=8.16/9.46 (86.2%) dist_goal=1.20
21:17:17 [INFO] [MPC] state=(-2.99,+3.34,+1.55) wp0=(-2.95,+3.41) v=+0.200 ω=+0.147 ok=True iters=7
21:17:17 [INFO] [PROG] s*=8.18/9.46 (86.4%) dist_goal=1.18
21:17:17 [INFO] [MPC] state=(-2.99,+3.36,+1.56) wp0=(-2.95,+3.43) v=+0.200 ω=+0.112 ok=True iters=7
21:17:17 [INFO] [PROG] s*=8.20/9.46 (86.6%) dist_goal=1.16
21:17:17 [INFO] [MPC] state=(-2.99,+3.38,+1.57) wp0=(-2.95,+3.45) v=+0.200 ω=+0.077 ok=True iters=7
21:17:17 [INFO] [PROG] s*=8.22/9.46 (86.8%) dist_goal=1.14
21:17:17 [INFO] [MPC] state=(-2.99,+3.40,+1.58) wp0=(-2.95,+3.47) v=+0.200 ω=+0.056 ok=True iters=7
21:17:17 [INFO] [PROG] s*=8.24/9.46 (87.0%) dist_goal=1.12
21:17:17 [INFO] [MPC] state=(-2.99,+3.42,+1.58) wp0=(-2.95,+3.49) v=+0.200 ω=+0.040 ok=True iters=7
21:17:17 [INFO] [PROG] s*=8.26/9.46 (87.2%) dist_goal=1.10
21:17:17 [INFO] [MPC] state=(-2.99,+3.44,+1.58) wp0=(-2.95,+3.51) v=+0.200 ω=+0.026 ok=True iters=7
21:17:17 [INFO] [PROG] s*=8.28/9.46 (87.5%) dist_goal=1.08
21:17:17 [INFO] [MPC] state=(-3.00,+3.46,+1.59) wp0=(-2.95,+3.53) v=+0.200 ω=+0.016 ok=True iters=7
21:17:17 [INFO] [PROG] s*=8.30/9.46 (87.7%) dist_goal=1.06
21:17:17 [INFO] [MPC] state=(-3.00,+3.48,+1.59) wp0=(-2.95,+3.55) v=+0.200 ω=+0.008 ok=True iters=7
21:17:17 [INFO] [PROG] s*=8.32/9.46 (87.9%) dist_goal=1.04
21:17:17 [INFO] [MPC] state=(-3.00,+3.50,+1.59) wp0=(-2.95,+3.57) v=+0.200 ω=+0.002 ok=True iters=7
21:17:17 [INFO] [PROG] s*=8.34/9.46 (88.1%) dist_goal=1.02
21:17:17 [INFO] [MPC] state=(-3.00,+3.52,+1.59) wp0=(-2.95,+3.59) v=+0.200 ω=-0.002 ok=True iters=7
21:17:17 [INFO] [PROG] s*=8.36/9.46 (88.3%) dist_goal=1.00
21:17:17 [INFO] [MPC] state=(-3.00,+3.54,+1.59) wp0=(-2.95,+3.61) v=+0.200 ω=-0.183 ok=True iters=7
21:17:17 [INFO] [PROG] s*=8.38/9.46 (88.5%) dist_goal=0.98
21:17:17 [INFO] [MPC] state=(-3.00,+3.56,+1.57) wp0=(-2.95,+3.63) v=+0.200 ω=-0.129 ok=True iters=7
21:17:17 [INFO] [PROG] s*=8.40/9.46 (88.7%) dist_goal=0.96
21:17:17 [INFO] [MPC] state=(-3.00,+3.58,+1.56) wp0=(-2.95,+3.65) v=+0.200 ω=-0.077 ok=True iters=7
21:17:17 [INFO] [PROG] s*=8.42/9.46 (89.0%) dist_goal=0.94
21:17:17 [INFO] [MPC] state=(-3.00,+3.60,+1.55) wp0=(-2.95,+3.67) v=+0.200 ω=-0.049 ok=True iters=7
21:17:17 [INFO] [PROG] s*=8.44/9.46 (89.2%) dist_goal=0.93
21:17:17 [INFO] [MPC] state=(-3.00,+3.62,+1.55) wp0=(-2.95,+3.69) v=+0.200 ω=-0.030 ok=True iters=7
21:17:17 [INFO] [PROG] s*=8.46/9.46 (89.4%) dist_goal=0.91
21:17:17 [INFO] [MPC] state=(-3.00,+3.64,+1.54) wp0=(-2.95,+3.71) v=+0.200 ω=+0.027 ok=True iters=7
21:17:17 [INFO] [PROG] s*=8.48/9.46 (89.6%) dist_goal=0.89
21:17:17 [INFO] [MPC] state=(-2.99,+3.66,+1.55) wp0=(-2.95,+3.73) v=+0.200 ω=+0.148 ok=True iters=7
21:17:17 [INFO] [PROG] s*=8.50/9.46 (89.8%) dist_goal=0.87
21:17:17 [INFO] [MPC] state=(-2.99,+3.68,+1.56) wp0=(-2.95,+3.75) v=+0.200 ω=+0.112 ok=True iters=7
21:17:17 [INFO] [PROG] s*=8.52/9.46 (90.0%) dist_goal=0.85
21:17:17 [INFO] [MPC] state=(-2.99,+3.70,+1.57) wp0=(-2.95,+3.77) v=+0.200 ω=+0.087 ok=True iters=7
21:17:17 [INFO] [PROG] s*=8.54/9.46 (90.2%) dist_goal=0.83
21:17:17 [INFO] [MPC] state=(-2.99,+3.72,+1.57) wp0=(-2.95,+3.79) v=+0.200 ω=+0.071 ok=True iters=7
21:17:17 [INFO] [PROG] s*=8.56/9.46 (90.4%) dist_goal=0.81
21:17:17 [INFO] [MPC] state=(-2.99,+3.74,+1.58) wp0=(-2.95,+3.81) v=+0.200 ω=+0.057 ok=True iters=7
21:17:17 [INFO] [PROG] s*=8.58/9.46 (90.7%) dist_goal=0.79
21:17:17 [INFO] [MPC] state=(-2.99,+3.76,+1.59) wp0=(-2.95,+3.83) v=+0.200 ω=+0.051 ok=True iters=7
21:17:17 [INFO] [PROG] s*=8.60/9.46 (90.9%) dist_goal=0.77
21:17:17 [INFO] [MPC] state=(-3.00,+3.78,+1.59) wp0=(-2.95,+3.85) v=+0.197 ω=+0.046 ok=True iters=7
21:17:17 [INFO] [PROG] s*=8.62/9.46 (91.1%) dist_goal=0.75
21:17:17 [INFO] [MPC] state=(-3.00,+3.80,+1.60) wp0=(-2.95,+3.87) v=+0.192 ω=+0.046 ok=True iters=7
21:17:17 [INFO] [PROG] s*=8.64/9.46 (91.3%) dist_goal=0.73
21:17:17 [INFO] [MPC] state=(-3.00,+3.82,+1.60) wp0=(-2.95,+3.89) v=+0.187 ω=-0.167 ok=True iters=7
21:17:17 [INFO] [PROG] s*=8.66/9.46 (91.5%) dist_goal=0.71
21:17:17 [INFO] [MPC] state=(-3.00,+3.84,+1.58) wp0=(-2.95,+3.91) v=+0.182 ω=-0.048 ok=True iters=7
21:17:17 [INFO] [PROG] s*=8.67/9.46 (91.7%) dist_goal=0.69
21:17:17 [INFO] [MPC] state=(-3.00,+3.86,+1.58) wp0=(-2.95,+3.92) v=+0.178 ω=-0.058 ok=True iters=8
21:17:17 [INFO] [PROG] s*=8.69/9.46 (91.8%) dist_goal=0.68
21:17:17 [INFO] [MPC] state=(-3.00,+3.87,+1.57) wp0=(-2.95,+3.94) v=+0.173 ω=+0.016 ok=True iters=8
21:17:17 [INFO] [PROG] s*=8.71/9.46 (92.0%) dist_goal=0.66
21:17:17 [INFO] [MPC] state=(-3.00,+3.89,+1.58) wp0=(-2.95,+3.96) v=+0.169 ω=+0.025 ok=True iters=8
21:17:17 [INFO] [PROG] s*=8.72/9.46 (92.2%) dist_goal=0.64
21:17:17 [INFO] [MPC] state=(-3.00,+3.91,+1.58) wp0=(-2.95,+3.97) v=+0.165 ω=+0.027 ok=True iters=8
21:17:17 [INFO] [PROG] s*=8.74/9.46 (92.4%) dist_goal=0.63
21:17:17 [INFO] [MPC] state=(-3.00,+3.92,+1.58) wp0=(-2.95,+3.99) v=+0.161 ω=+0.028 ok=True iters=8
21:17:17 [INFO] [PROG] s*=8.76/9.46 (92.5%) dist_goal=0.61
21:17:17 [INFO] [MPC] state=(-3.00,+3.94,+1.58) wp0=(-2.95,+4.01) v=+0.157 ω=-0.025 ok=True iters=8
21:17:17 [INFO] [PROG] s*=8.77/9.46 (92.7%) dist_goal=0.60
21:17:17 [INFO] [MPC] state=(-3.00,+3.96,+1.58) wp0=(-2.95,+4.02) v=+0.153 ω=+0.042 ok=True iters=8
21:17:17 [INFO] [PROG] s*=8.79/9.46 (92.9%) dist_goal=0.58
21:17:17 [INFO] [MPC] state=(-3.00,+3.97,+1.59) wp0=(-2.95,+4.04) v=+0.149 ω=+0.233 ok=True iters=8
21:17:17 [INFO] [PROG] s*=8.80/9.46 (93.0%) dist_goal=0.57
21:17:17 [INFO] [MPC] state=(-3.00,+3.99,+1.61) wp0=(-2.95,+4.05) v=+0.146 ω=+0.730 ok=True iters=8
21:17:17 [INFO] [PROG] s*=8.81/9.46 (93.1%) dist_goal=0.56
21:17:17 [INFO] [MPC] state=(-3.00,+4.00,+1.67) wp0=(-2.95,+4.06) v=+0.142 ω=+1.027 ok=True iters=8
21:17:17 [INFO] [PROG] s*=8.83/9.46 (93.3%) dist_goal=0.54
21:17:17 [INFO] [MPC] state=(-3.00,+4.01,+1.77) wp0=(-2.95,+4.08) v=+0.139 ω=+1.030 ok=True iters=8
21:17:17 [INFO] [PROG] s*=8.84/9.46 (93.4%) dist_goal=0.53
21:17:17 [INFO] [MPC] state=(-3.00,+4.03,+1.86) wp0=(-2.95,+4.09) v=+0.136 ω=+0.774 ok=True iters=8
21:17:17 [INFO] [PROG] s*=8.85/9.46 (93.5%) dist_goal=0.52
21:17:17 [INFO] [MPC] state=(-3.01,+4.04,+1.94) wp0=(-2.95,+4.10) v=+0.133 ω=+0.580 ok=True iters=8
21:17:17 [INFO] [PROG] s*=8.86/9.46 (93.6%) dist_goal=0.51
21:17:17 [INFO] [MPC] state=(-3.01,+4.05,+2.00) wp0=(-2.95,+4.11) v=+0.130 ω=+0.457 ok=True iters=7
21:17:17 [INFO] [PROG] s*=8.87/9.46 (93.8%) dist_goal=0.49
21:17:17 [INFO] [MPC] state=(-3.02,+4.06,+2.05) wp0=(-2.95,+4.12) v=+0.126 ω=+0.374 ok=True iters=7
21:17:17 [INFO] [PROG] s*=8.88/9.46 (93.9%) dist_goal=0.48
21:17:17 [INFO] [MPC] state=(-3.03,+4.07,+2.09) wp0=(-2.95,+4.13) v=+0.123 ω=+0.245 ok=True iters=7
21:17:17 [INFO] [PROG] s*=8.89/9.46 (94.0%) dist_goal=0.47
21:17:17 [INFO] [MPC] state=(-3.03,+4.08,+2.11) wp0=(-2.95,+4.14) v=+0.120 ω=+0.145 ok=True iters=7
21:17:17 [INFO] [PROG] s*=8.90/9.46 (94.1%) dist_goal=0.46
21:17:17 [INFO] [MPC] state=(-3.04,+4.09,+2.12) wp0=(-2.95,+4.15) v=+0.118 ω=+0.079 ok=True iters=7
21:17:17 [INFO] [PROG] s*=9.00/9.46 (95.1%) dist_goal=0.45
21:17:17 [INFO] [MPC] state=(-3.04,+4.10,+2.13) wp0=(-3.02,+4.22) v=+0.115 ω=+0.059 ok=True iters=7
21:17:17 [INFO] [PROG] s*=9.00/9.46 (95.1%) dist_goal=0.44
21:17:17 [INFO] [MPC] state=(-3.05,+4.11,+2.14) wp0=(-3.02,+4.22) v=+0.112 ω=-2.133 ok=True iters=9
21:17:17 [INFO] [PROG] s*=9.01/9.46 (95.2%) dist_goal=0.43
21:17:17 [INFO] [MPC] state=(-3.05,+4.12,+1.98) wp0=(-3.03,+4.23) v=+0.110 ω=-1.545 ok=True iters=7
21:17:17 [INFO] [PROG] s*=9.02/9.46 (95.3%) dist_goal=0.42
21:17:17 [INFO] [MPC] state=(-3.06,+4.13,+1.84) wp0=(-3.04,+4.24) v=+0.107 ω=-1.029 ok=True iters=7
21:17:17 [INFO] [PROG] s*=9.03/9.46 (95.4%) dist_goal=0.41
21:17:17 [INFO] [MPC] state=(-3.06,+4.14,+1.74) wp0=(-3.04,+4.24) v=+0.105 ω=-0.662 ok=True iters=7
21:17:17 [INFO] [PROG] s*=9.04/9.46 (95.5%) dist_goal=0.40
21:17:17 [INFO] [MPC] state=(-3.06,+4.15,+1.68) wp0=(-3.05,+4.25) v=+0.102 ω=-0.411 ok=True iters=7
21:17:17 [INFO] [PROG] s*=9.05/9.46 (95.6%) dist_goal=0.39
21:17:17 [INFO] [MPC] state=(-3.06,+4.16,+1.63) wp0=(-3.05,+4.25) v=+0.099 ω=-0.250 ok=True iters=7
21:17:17 [INFO] [PROG] s*=9.05/9.46 (95.7%) dist_goal=0.38
21:17:17 [INFO] [MPC] state=(-3.06,+4.17,+1.61) wp0=(-3.05,+4.26) v=+0.097 ω=-0.130 ok=True iters=7
21:17:17 [INFO] [PROG] s*=9.06/9.46 (95.7%) dist_goal=0.37
21:17:17 [INFO] [MPC] state=(-3.06,+4.18,+1.59) wp0=(-3.05,+4.27) v=+0.094 ω=-0.074 ok=True iters=7
21:17:17 [INFO] [PROG] s*=9.07/9.46 (95.8%) dist_goal=0.36
21:17:17 [INFO] [MPC] state=(-3.06,+4.19,+1.58) wp0=(-3.05,+4.28) v=+0.092 ω=-0.043 ok=True iters=7
21:17:17 [INFO] [PROG] s*=9.07/9.46 (95.9%) dist_goal=0.35
21:17:17 [INFO] [MPC] state=(-3.06,+4.20,+1.58) wp0=(-3.05,+4.28) v=+0.090 ω=-0.027 ok=True iters=7
21:17:17 [INFO] [PROG] s*=9.08/9.46 (95.9%) dist_goal=0.34
21:17:17 [INFO] [MPC] state=(-3.06,+4.21,+1.58) wp0=(-3.05,+4.29) v=+0.088 ω=-0.017 ok=True iters=7
21:17:17 [INFO] [PROG] s*=9.09/9.46 (96.0%) dist_goal=0.33
21:17:17 [INFO] [MPC] state=(-3.06,+4.22,+1.58) wp0=(-3.05,+4.29) v=+0.086 ω=-0.011 ok=True iters=7
21:17:17 [INFO] [PROG] s*=9.09/9.46 (96.1%) dist_goal=0.33
21:17:17 [INFO] [MPC] state=(-3.06,+4.23,+1.58) wp0=(-3.05,+4.30) v=+0.083 ω=-0.008 ok=True iters=7
21:17:17 [INFO] [PROG] s*=9.09/9.46 (96.1%) dist_goal=0.32
21:17:17 [INFO] [MPC] state=(-3.06,+4.24,+1.58) wp0=(-3.05,+4.30) v=+0.081 ω=-0.003 ok=True iters=7
21:17:17 [INFO] [PROG] s*=9.09/9.46 (96.1%) dist_goal=0.31
21:17:17 [INFO] [MPC] state=(-3.06,+4.24,+1.58) wp0=(-3.05,+4.30) v=+0.080 ω=+0.001 ok=True iters=7
21:17:17 [INFO] [PROG] s*=9.10/9.46 (96.2%) dist_goal=0.30
21:17:17 [INFO] [MPC] state=(-3.06,+4.25,+1.58) wp0=(-3.05,+4.31) v=+0.078 ω=+0.002 ok=True iters=7
21:17:17 [INFO] [PROG] s*=9.11/9.46 (96.3%) dist_goal=0.30
21:17:17 [INFO] [MPC] state=(-3.06,+4.26,+1.58) wp0=(-3.05,+4.32) v=+0.076 ω=+0.004 ok=True iters=7
21:17:17 [INFO] [PROG] s*=9.12/9.46 (96.3%) dist_goal=0.29
21:17:17 [INFO] [MPC] state=(-3.06,+4.27,+1.58) wp0=(-3.05,+4.32) v=+0.074 ω=+0.004 ok=True iters=7
21:17:17 [INFO] [PROG] s*=9.12/9.46 (96.4%) dist_goal=0.28
21:17:17 [INFO] [MPC] state=(-3.06,+4.27,+1.58) wp0=(-3.05,+4.33) v=+0.072 ω=+0.004 ok=True iters=7
21:17:17 [INFO] [PROG] s*=9.13/9.46 (96.5%) dist_goal=0.28
21:17:17 [INFO] [MPC] state=(-3.06,+4.28,+1.58) wp0=(-3.05,+4.34) v=+0.070 ω=+0.004 ok=True iters=7
21:17:17 [INFO] [PROG] s*=9.14/9.46 (96.6%) dist_goal=0.27
21:17:17 [INFO] [MPC] state=(-3.06,+4.29,+1.58) wp0=(-3.05,+4.35) v=+0.069 ω=+0.003 ok=True iters=7
21:17:17 [INFO] [PROG] s*=9.14/9.46 (96.6%) dist_goal=0.26
21:17:17 [INFO] [MPC] state=(-3.06,+4.30,+1.58) wp0=(-3.05,+4.35) v=+0.067 ω=+0.002 ok=True iters=7
21:17:17 [INFO] [PROG] s*=9.15/9.46 (96.7%) dist_goal=0.26
21:17:17 [INFO] [MPC] state=(-3.06,+4.30,+1.58) wp0=(-3.05,+4.36) v=+0.066 ω=+0.001 ok=True iters=7
21:17:17 [INFO] [PROG] s*=9.16/9.46 (96.8%) dist_goal=0.25
21:17:17 [INFO] [MPC] state=(-3.06,+4.31,+1.58) wp0=(-3.05,+4.36) v=+0.064 ω=-0.000 ok=True iters=7
21:17:17 [INFO] [PROG] s*=9.16/9.46 (96.8%) dist_goal=0.24
21:17:17 [INFO] [MPC] state=(-3.06,+4.31,+1.58) wp0=(-3.05,+4.37) v=+0.063 ω=-0.001 ok=True iters=8
21:17:17 [INFO] [PROG] s*=9.17/9.46 (96.9%) dist_goal=0.24
21:17:17 [INFO] [MPC] state=(-3.06,+4.32,+1.58) wp0=(-3.05,+4.38) v=+0.061 ω=-0.001 ok=True iters=8
21:17:17 [INFO] [PROG] s*=9.17/9.46 (96.9%) dist_goal=0.23
21:17:17 [INFO] [MPC] state=(-3.06,+4.33,+1.58) wp0=(-3.05,+4.38) v=+0.060 ω=-0.002 ok=True iters=8
21:17:17 [INFO] [PROG] s*=9.18/9.46 (97.0%) dist_goal=0.23
21:17:17 [INFO] [MPC] state=(-3.07,+4.33,+1.58) wp0=(-3.05,+4.39) v=+0.058 ω=+0.186 ok=True iters=8
21:17:17 [INFO] [PROG] s*=9.18/9.46 (97.1%) dist_goal=0.22
21:17:17 [INFO] [MPC] state=(-3.07,+4.34,+1.60) wp0=(-3.05,+4.39) v=+0.057 ω=+0.470 ok=True iters=8
21:17:17 [INFO] [PROG] s*=9.19/9.46 (97.1%) dist_goal=0.22
21:17:17 [INFO] [MPC] state=(-3.07,+4.34,+1.64) wp0=(-3.05,+4.40) v=+0.056 ω=+0.648 ok=True iters=8
21:17:17 [INFO] [PROG] s*=9.19/9.46 (97.2%) dist_goal=0.21
21:17:17 [INFO] [MPC] state=(-3.07,+4.35,+1.70) wp0=(-3.05,+4.40) v=+0.055 ω=+0.754 ok=True iters=8
21:17:17 [INFO] [PROG] s*=9.20/9.46 (97.2%) dist_goal=0.21
21:17:17 [INFO] [MPC] state=(-3.07,+4.35,+1.78) wp0=(-3.05,+4.41) v=+0.054 ω=+0.817 ok=True iters=8
21:17:17 [INFO] [PROG] s*=9.20/9.46 (97.2%) dist_goal=0.21
21:17:17 [INFO] [MPC] state=(-3.07,+4.36,+1.86) wp0=(-3.05,+4.41) v=+0.053 ω=+0.852 ok=True iters=9
21:17:17 [INFO] [PROG] s*=9.21/9.46 (97.3%) dist_goal=0.20
21:17:17 [INFO] [MPC] state=(-3.07,+4.36,+1.95) wp0=(-3.05,+4.41) v=+0.051 ω=+0.818 ok=True iters=9
21:17:17 [INFO] [PROG] s*=9.21/9.46 (97.3%) dist_goal=0.20
21:17:17 [INFO] [MPC] state=(-3.07,+4.36,+2.03) wp0=(-3.05,+4.42) v=+0.050 ω=+0.604 ok=True iters=9
21:17:17 [INFO] [PROG] s*=9.21/9.46 (97.4%) dist_goal=0.19
21:17:17 [INFO] [MPC] state=(-3.07,+4.37,+2.09) wp0=(-3.05,+4.42) v=+0.049 ω=+0.470 ok=True iters=9
21:17:17 [INFO] [PROG] s*=9.22/9.46 (97.4%) dist_goal=0.19
21:17:17 [INFO] [MPC] state=(-3.08,+4.37,+2.14) wp0=(-3.05,+4.43) v=+0.048 ω=+0.389 ok=True iters=9
21:17:17 [INFO] [PROG] s*=9.22/9.46 (97.4%) dist_goal=0.18
21:17:17 [INFO] [MPC] state=(-3.08,+4.38,+2.18) wp0=(-3.05,+4.43) v=+0.047 ω=+0.339 ok=True iters=9
21:17:17 [INFO] [PROG] s*=9.22/9.46 (97.5%) dist_goal=0.18
21:17:17 [INFO] [MPC] state=(-3.08,+4.38,+2.21) wp0=(-3.05,+4.43) v=+0.046 ω=+0.299 ok=True iters=8
21:17:17 [INFO] [PROG] s*=9.23/9.46 (97.5%) dist_goal=0.18
21:17:17 [INFO] [MPC] state=(-3.08,+4.38,+2.25) wp0=(-3.05,+4.44) v=+0.045 ω=+0.257 ok=True iters=10
21:17:17 [INFO] [PROG] s*=9.23/9.46 (97.5%) dist_goal=0.17
21:17:17 [INFO] [MPC] state=(-3.09,+4.39,+2.27) wp0=(-3.05,+4.44) v=+0.044 ω=+0.170 ok=True iters=10
21:17:17 [INFO] [PROG] s*=9.23/9.46 (97.6%) dist_goal=0.17
21:17:17 [INFO] [MPC] state=(-3.09,+4.39,+2.29) wp0=(-3.05,+4.44) v=+0.043 ω=+0.114 ok=True iters=10
21:17:17 [INFO] [PROG] s*=9.24/9.46 (97.6%) dist_goal=0.16
21:17:17 [INFO] [MPC] state=(-3.09,+4.39,+2.30) wp0=(-3.05,+4.45) v=+0.042 ω=+0.077 ok=True iters=10
21:17:17 [INFO] [PROG] s*=9.24/9.46 (97.6%) dist_goal=0.16
21:17:17 [INFO] [MPC] state=(-3.10,+4.40,+2.31) wp0=(-3.05,+4.45) v=+0.041 ω=+0.053 ok=True iters=10
21:17:17 [INFO] [PROG] s*=9.24/9.46 (97.7%) dist_goal=0.16
21:17:17 [INFO] [MPC] state=(-3.10,+4.40,+2.31) wp0=(-3.05,+4.45) v=+0.040 ω=+0.037 ok=True iters=10
21:17:17 [INFO] [PROG] s*=9.25/9.46 (97.7%) dist_goal=0.15
21:17:17 [INFO] [MPC] state=(-3.10,+4.40,+2.32) wp0=(-3.05,+4.45) v=+0.039 ω=+0.028 ok=True iters=11
21:17:17 [INFO] [PROG] s*=9.25/9.46 (97.7%) dist_goal=0.15
21:17:17 [INFO] [MPC] state=(-3.10,+4.40,+2.32) wp0=(-3.06,+4.46) v=+0.038 ω=+0.025 ok=True iters=9
21:17:17 [INFO] [PROG] s*=9.25/9.46 (97.8%) dist_goal=0.15
21:17:17 [INFO] [MPC] state=(-3.11,+4.41,+2.32) wp0=(-3.06,+4.46) v=+0.037 ω=+0.015 ok=True iters=9
21:17:17 [INFO] [PROG] s*=9.25/9.46 (97.8%) dist_goal=0.14
21:17:17 [INFO] [MPC] state=(-3.11,+4.41,+2.32) wp0=(-3.06,+4.46) v=+0.037 ω=+0.013 ok=True iters=9
21:17:17 [INFO] [PROG] s*=9.26/9.46 (97.8%) dist_goal=0.14
21:17:17 [INFO] [MPC] state=(-3.11,+4.41,+2.33) wp0=(-3.06,+4.46) v=+0.036 ω=+0.009 ok=True iters=9
21:17:17 [INFO] [PROG] s*=9.26/9.46 (97.8%) dist_goal=0.14
21:17:17 [INFO] [MPC] state=(-3.11,+4.42,+2.33) wp0=(-3.06,+4.46) v=+0.035 ω=+0.008 ok=True iters=9
21:17:17 [INFO] [PROG] s*=9.26/9.46 (97.9%) dist_goal=0.13
21:17:17 [INFO] [MPC] state=(-3.12,+4.42,+2.33) wp0=(-3.06,+4.46) v=+0.034 ω=+0.008 ok=True iters=9
21:17:17 [INFO] [PROG] s*=9.32/9.46 (98.5%) dist_goal=0.13
21:17:17 [INFO] [MPC] state=(-3.12,+4.42,+2.33) wp0=(-3.11,+4.51) v=+0.033 ω=+0.007 ok=True iters=9
21:17:17 [INFO] [PROG] s*=9.32/9.46 (98.5%) dist_goal=0.13
21:17:17 [INFO] [MPC] state=(-3.12,+4.42,+2.33) wp0=(-3.11,+4.51) v=+0.033 ω=+0.006 ok=True iters=9
21:17:17 [INFO] [PROG] s*=9.33/9.46 (98.6%) dist_goal=0.13
21:17:17 [INFO] [MPC] state=(-3.12,+4.43,+2.33) wp0=(-3.11,+4.51) v=+0.032 ω=+0.006 ok=True iters=9
21:17:17 [INFO] [PROG] s*=9.33/9.46 (98.6%) dist_goal=0.12
21:17:17 [INFO] [MPC] state=(-3.12,+4.43,+2.33) wp0=(-3.11,+4.51) v=+0.031 ω=+0.005 ok=True iters=9
21:17:17 [INFO] [PROG] s*=9.33/9.46 (98.6%) dist_goal=0.12
21:17:17 [INFO] [MPC] state=(-3.13,+4.43,+2.33) wp0=(-3.12,+4.52) v=+0.031 ω=+0.004 ok=True iters=9
21:17:17 [INFO] [PROG] s*=9.34/9.46 (98.7%) dist_goal=0.12
21:17:17 [INFO] [MPC] state=(-3.13,+4.43,+2.33) wp0=(-3.12,+4.52) v=+0.030 ω=+0.004 ok=True iters=5
21:17:17 [INFO] [PROG] s*=9.34/9.46 (98.7%) dist_goal=0.12
21:17:17 [INFO] [MPC] state=(-3.13,+4.43,+2.33) wp0=(-3.12,+4.52) v=+0.030 ω=+0.002 ok=True iters=5
21:17:17 [INFO] [PROG] s*=9.34/9.46 (98.7%) dist_goal=0.11
21:17:17 [INFO] [MPC] state=(-3.13,+4.44,+2.33) wp0=(-3.12,+4.52) v=+0.030 ω=+0.001 ok=True iters=5
21:17:17 [INFO] [PROG] s*=9.35/9.46 (98.8%) dist_goal=0.11
21:17:17 [INFO] [MPC] state=(-3.14,+4.44,+2.33) wp0=(-3.12,+4.52) v=+0.030 ω=-0.000 ok=True iters=5
21:17:17 [INFO] [PROG] s*=9.35/9.46 (98.8%) dist_goal=0.11
21:17:17 [INFO] [MPC] state=(-3.14,+4.44,+2.33) wp0=(-3.13,+4.53) v=+0.030 ω=-0.000 ok=True iters=5
21:17:17 [INFO] [PROG] s*=9.35/9.46 (98.8%) dist_goal=0.11
21:17:17 [INFO] [MPC] state=(-3.14,+4.44,+2.33) wp0=(-3.13,+4.53) v=+0.030 ω=-0.001 ok=True iters=5
21:17:17 [INFO] [PROG] s*=9.36/9.46 (98.9%) dist_goal=0.10
21:17:17 [INFO] [MPC] state=(-3.14,+4.44,+2.33) wp0=(-3.13,+4.53) v=+0.030 ω=-0.001 ok=True iters=5
21:17:17 [ERROR] Error in step()
Traceback (most recent call last):
  File "/home/max/thesis_proj/pybullet2/crowdnav/env.py", line 712, in step
    theta_ref = _make_theta_ref(path_xy, self._theta_ref_prev, k_strong=3, alpha=0.25)
  File "/home/max/thesis_proj/pybullet2/crowdnav/env.py", line 97, in _make_theta_ref
    if theta_prev is not None and len(theta_prev) == len(ref):
UnboundLocalError: local variable 'ref' referenced before assignment
