11:38:14 [INFO] === New MPC Session Started ===
11:38:14 [DEBUG] matplotlib data path: /home/max/.local/lib/python3.10/site-packages/matplotlib/mpl-data
11:38:14 [DEBUG] CONFIGDIR=/home/max/.config/matplotlib
11:38:14 [DEBUG] interactive is False
11:38:14 [DEBUG] platform is linux
11:38:14 [DEBUG] CACHEDIR=/home/max/.cache/matplotlib
11:38:14 [DEBUG] Using fontManager instance from /home/max/.cache/matplotlib/fontlist-v390.json
11:38:14 [INFO] CrowdNavPyBulletEnv initializing...
11:38:17 [INFO] World ready | grid: (112, 112), res: 0.1, N=10, T=0.1
11:38:19 [INFO] [PROG] s*=0.00/7.21 (0.0%) dist_goal=5.13
11:38:19 [INFO] [MPC] state=(-2.15,+2.56,+1.18) wp0=(-2.15,+2.63) v=+0.143 ω=-1.803 ok=True iters=8
11:38:19 [INFO] [PROG] s*=0.00/7.21 (0.0%) dist_goal=5.12
11:38:19 [INFO] [MPC] state=(-2.15,+2.56,+1.08) wp0=(-2.15,+2.63) v=+0.200 ω=-1.925 ok=True iters=8
11:38:19 [INFO] [PROG] s*=0.01/7.21 (0.1%) dist_goal=5.11
11:38:19 [INFO] [MPC] state=(-2.14,+2.58,+0.98) wp0=(-2.15,+2.64) v=+0.200 ω=-1.363 ok=True iters=8
11:38:19 [INFO] [PROG] s*=0.02/7.21 (0.3%) dist_goal=5.09
11:38:19 [INFO] [MPC] state=(-2.13,+2.59,+0.90) wp0=(-2.15,+2.65) v=+0.200 ω=-1.121 ok=True iters=7
11:38:19 [INFO] [PROG] s*=0.03/7.21 (0.5%) dist_goal=5.08
11:38:19 [INFO] [MPC] state=(-2.12,+2.60,+0.84) wp0=(-2.14,+2.66) v=+0.200 ω=-1.134 ok=True iters=7
11:38:19 [INFO] [PROG] s*=0.05/7.21 (0.6%) dist_goal=5.06
11:38:19 [INFO] [MPC] state=(-2.11,+2.61,+0.78) wp0=(-2.13,+2.67) v=+0.200 ω=-0.876 ok=True iters=7
11:38:19 [INFO] [PROG] s*=0.11/7.21 (1.5%) dist_goal=5.04
11:38:19 [INFO] [MPC] state=(-2.10,+2.63,+0.73) wp0=(-2.09,+2.71) v=+0.200 ω=-0.559 ok=True iters=7
11:38:19 [INFO] [PROG] s*=0.13/7.21 (1.8%) dist_goal=5.02
11:38:19 [INFO] [MPC] state=(-2.08,+2.64,+0.70) wp0=(-2.07,+2.73) v=+0.200 ω=-0.615 ok=True iters=7
11:38:19 [INFO] [PROG] s*=0.15/7.21 (2.0%) dist_goal=5.01
11:38:19 [INFO] [MPC] state=(-2.07,+2.65,+0.66) wp0=(-2.06,+2.74) v=+0.200 ω=-0.631 ok=True iters=7
11:38:19 [INFO] [PROG] s*=0.17/7.21 (2.3%) dist_goal=4.99
11:38:19 [INFO] [MPC] state=(-2.05,+2.66,+0.63) wp0=(-2.05,+2.75) v=+0.200 ω=-0.388 ok=True iters=7
11:38:19 [INFO] [PROG] s*=0.18/7.21 (2.6%) dist_goal=4.97
11:38:19 [INFO] [MPC] state=(-2.04,+2.67,+0.60) wp0=(-2.03,+2.77) v=+0.200 ω=-0.403 ok=True iters=7
11:38:19 [INFO] [PROG] s*=0.20/7.21 (2.8%) dist_goal=4.95
11:38:19 [INFO] [MPC] state=(-2.02,+2.68,+0.58) wp0=(-2.02,+2.78) v=+0.200 ω=-0.673 ok=True iters=7
11:38:19 [INFO] [PROG] s*=0.22/7.21 (3.0%) dist_goal=4.93
11:38:19 [INFO] [MPC] state=(-2.00,+2.69,+0.54) wp0=(-2.01,+2.79) v=+0.200 ω=-1.078 ok=True iters=8
11:38:19 [INFO] [PROG] s*=0.23/7.21 (3.3%) dist_goal=4.92
11:38:19 [INFO] [MPC] state=(-1.99,+2.70,+0.48) wp0=(-2.00,+2.80) v=+0.200 ω=-1.195 ok=True iters=8
11:38:19 [INFO] [PROG] s*=0.25/7.21 (3.5%) dist_goal=4.90
11:38:19 [INFO] [MPC] state=(-1.97,+2.71,+0.41) wp0=(-1.99,+2.81) v=+0.200 ω=-0.995 ok=True iters=8
11:38:19 [INFO] [PROG] s*=0.27/7.21 (3.7%) dist_goal=4.88
11:38:19 [INFO] [MPC] state=(-1.96,+2.71,+0.36) wp0=(-1.98,+2.82) v=+0.200 ω=-0.803 ok=True iters=8
11:38:19 [INFO] [PROG] s*=0.28/7.21 (3.9%) dist_goal=4.86
11:38:19 [INFO] [MPC] state=(-1.94,+2.72,+0.31) wp0=(-1.96,+2.84) v=+0.200 ω=-0.689 ok=True iters=8
11:38:19 [INFO] [PROG] s*=0.30/7.21 (4.2%) dist_goal=4.84
11:38:19 [INFO] [MPC] state=(-1.93,+2.73,+0.27) wp0=(-1.95,+2.85) v=+0.200 ω=+0.076 ok=True iters=8
11:38:19 [INFO] [PROG] s*=0.41/7.21 (5.7%) dist_goal=4.83
11:38:19 [INFO] [MPC] state=(-1.91,+2.73,+0.28) wp0=(-1.84,+2.86) v=+0.200 ω=+0.740 ok=True iters=7
11:38:19 [INFO] [PROG] s*=0.43/7.21 (5.9%) dist_goal=4.81
11:38:19 [INFO] [MPC] state=(-1.89,+2.74,+0.32) wp0=(-1.83,+2.87) v=+0.200 ω=+1.643 ok=True iters=7
11:38:19 [INFO] [PROG] s*=0.44/7.21 (6.1%) dist_goal=4.80
11:38:19 [INFO] [MPC] state=(-1.88,+2.74,+0.41) wp0=(-1.82,+2.88) v=+0.200 ω=+1.298 ok=True iters=7
11:38:19 [INFO] [PROG] s*=0.45/7.21 (6.3%) dist_goal=4.78
11:38:19 [INFO] [MPC] state=(-1.86,+2.75,+0.48) wp0=(-1.81,+2.89) v=+0.200 ω=+1.282 ok=True iters=7
11:38:19 [INFO] [PROG] s*=0.45/7.21 (6.3%) dist_goal=4.77
11:38:19 [INFO] [MPC] state=(-1.85,+2.75,+0.55) wp0=(-1.81,+2.89) v=+0.200 ω=+1.115 ok=True iters=7
11:38:19 [INFO] [PROG] s*=0.45/7.21 (6.3%) dist_goal=4.75
11:38:19 [INFO] [MPC] state=(-1.84,+2.76,+0.61) wp0=(-1.81,+2.89) v=+0.200 ω=+1.156 ok=True iters=7
11:38:19 [INFO] [PROG] s*=0.45/7.21 (6.3%) dist_goal=4.74
11:38:19 [INFO] [MPC] state=(-1.82,+2.77,+0.67) wp0=(-1.81,+2.89) v=+0.200 ω=+1.020 ok=True iters=7
11:38:19 [INFO] [PROG] s*=0.45/7.21 (6.3%) dist_goal=4.72
11:38:19 [INFO] [MPC] state=(-1.81,+2.78,+0.73) wp0=(-1.81,+2.89) v=+0.200 ω=+0.933 ok=True iters=7
11:38:19 [INFO] [PROG] s*=0.46/7.21 (6.4%) dist_goal=4.71
11:38:19 [INFO] [MPC] state=(-1.80,+2.79,+0.78) wp0=(-1.81,+2.89) v=+0.095 ω=+1.019 ok=True iters=8
11:38:19 [INFO] [PROG] s*=0.47/7.21 (6.6%) dist_goal=4.70
11:38:19 [INFO] [MPC] state=(-1.79,+2.80,+0.88) wp0=(-1.80,+2.90) v=+0.200 ω=+0.506 ok=True iters=7
11:38:19 [INFO] [PROG] s*=0.49/7.21 (6.8%) dist_goal=4.68
11:38:19 [INFO] [MPC] state=(-1.78,+2.81,+0.92) wp0=(-1.79,+2.91) v=+0.200 ω=+0.421 ok=True iters=7
11:38:19 [INFO] [PROG] s*=0.51/7.21 (7.1%) dist_goal=4.66
11:38:19 [INFO] [MPC] state=(-1.77,+2.83,+0.94) wp0=(-1.77,+2.93) v=+0.200 ω=+0.444 ok=True iters=7
11:38:19 [INFO] [PROG] s*=0.53/7.21 (7.4%) dist_goal=4.65
11:38:19 [INFO] [MPC] state=(-1.76,+2.84,+0.97) wp0=(-1.76,+2.94) v=+0.200 ω=+0.462 ok=True iters=7
11:38:19 [INFO] [PROG] s*=0.55/7.21 (7.6%) dist_goal=4.63
11:38:19 [INFO] [MPC] state=(-1.75,+2.86,+1.00) wp0=(-1.75,+2.95) v=+0.200 ω=+0.751 ok=True iters=7
11:38:19 [INFO] [PROG] s*=0.56/7.21 (7.8%) dist_goal=4.62
11:38:19 [INFO] [MPC] state=(-1.74,+2.88,+1.04) wp0=(-1.74,+2.96) v=+0.200 ω=+0.733 ok=True iters=7
11:38:19 [INFO] [PROG] s*=0.58/7.21 (8.1%) dist_goal=4.61
11:38:19 [INFO] [MPC] state=(-1.73,+2.89,+1.09) wp0=(-1.72,+2.98) v=+0.200 ω=+0.710 ok=True iters=7
11:38:19 [INFO] [PROG] s*=0.60/7.21 (8.3%) dist_goal=4.59
11:38:19 [INFO] [MPC] state=(-1.73,+2.91,+1.13) wp0=(-1.71,+2.99) v=+0.200 ω=+0.684 ok=True iters=7
11:38:19 [INFO] [PROG] s*=0.61/7.21 (8.5%) dist_goal=4.58
11:38:19 [INFO] [MPC] state=(-1.72,+2.92,+1.17) wp0=(-1.70,+3.00) v=+0.200 ω=+0.916 ok=True iters=8
11:38:19 [INFO] [PROG] s*=0.63/7.21 (8.7%) dist_goal=4.57
11:38:19 [INFO] [MPC] state=(-1.71,+2.94,+1.22) wp0=(-1.69,+3.01) v=+0.200 ω=+0.684 ok=True iters=7
11:38:19 [INFO] [PROG] s*=0.64/7.21 (8.9%) dist_goal=4.56
11:38:19 [INFO] [MPC] state=(-1.71,+2.95,+1.26) wp0=(-1.68,+3.02) v=+0.200 ω=+0.653 ok=True iters=7
11:38:19 [INFO] [PROG] s*=0.66/7.21 (9.1%) dist_goal=4.55
11:38:19 [INFO] [MPC] state=(-1.70,+2.97,+1.30) wp0=(-1.67,+3.03) v=+0.200 ω=+0.617 ok=True iters=8
11:38:19 [INFO] [PROG] s*=0.67/7.21 (9.3%) dist_goal=4.54
11:38:19 [INFO] [MPC] state=(-1.70,+2.99,+1.33) wp0=(-1.66,+3.04) v=+0.200 ω=+0.806 ok=True iters=8
11:38:19 [INFO] [PROG] s*=0.69/7.21 (9.5%) dist_goal=4.53
11:38:19 [INFO] [MPC] state=(-1.69,+3.00,+1.38) wp0=(-1.65,+3.05) v=+0.200 ω=+0.721 ok=True iters=8
11:38:19 [INFO] [PROG] s*=0.70/7.21 (9.7%) dist_goal=4.52
11:38:19 [INFO] [MPC] state=(-1.69,+3.02,+1.42) wp0=(-1.64,+3.06) v=+0.200 ω=+0.632 ok=True iters=8
11:38:19 [INFO] [PROG] s*=0.72/7.21 (9.9%) dist_goal=4.51
11:38:19 [INFO] [MPC] state=(-1.69,+3.04,+1.46) wp0=(-1.63,+3.07) v=+0.200 ω=+0.534 ok=True iters=8
11:38:19 [INFO] [PROG] s*=0.73/7.21 (10.1%) dist_goal=4.50
11:38:19 [INFO] [MPC] state=(-1.69,+3.06,+1.49) wp0=(-1.62,+3.08) v=+0.200 ω=+0.792 ok=True iters=8
11:38:19 [INFO] [PROG] s*=0.74/7.21 (10.3%) dist_goal=4.49
11:38:19 [INFO] [MPC] state=(-1.68,+3.07,+1.53) wp0=(-1.61,+3.09) v=+0.200 ω=+0.994 ok=True iters=7
11:38:19 [INFO] [PROG] s*=0.75/7.21 (10.4%) dist_goal=4.49
11:38:19 [INFO] [MPC] state=(-1.68,+3.09,+1.58) wp0=(-1.60,+3.10) v=+0.200 ω=+1.078 ok=True iters=7
11:38:19 [INFO] [PROG] s*=0.76/7.21 (10.6%) dist_goal=4.48
11:38:19 [INFO] [MPC] state=(-1.69,+3.11,+1.64) wp0=(-1.60,+3.10) v=+0.200 ω=+0.825 ok=True iters=7
11:38:19 [INFO] [PROG] s*=0.77/7.21 (10.7%) dist_goal=4.48
11:38:19 [INFO] [MPC] state=(-1.69,+3.12,+1.68) wp0=(-1.59,+3.11) v=+0.200 ω=+0.772 ok=True iters=8
11:38:19 [INFO] [PROG] s*=0.78/7.21 (10.8%) dist_goal=4.47
11:38:19 [INFO] [MPC] state=(-1.69,+3.14,+1.72) wp0=(-1.58,+3.12) v=+0.200 ω=+0.701 ok=True iters=8
11:38:19 [INFO] [PROG] s*=0.79/7.21 (11.0%) dist_goal=4.47
11:38:19 [INFO] [MPC] state=(-1.69,+3.16,+1.77) wp0=(-1.57,+3.13) v=+0.200 ω=+0.226 ok=True iters=8
11:38:19 [INFO] [PROG] s*=0.80/7.21 (11.1%) dist_goal=4.47
11:38:19 [INFO] [MPC] state=(-1.70,+3.18,+1.78) wp0=(-1.57,+3.13) v=+0.200 ω=+0.107 ok=True iters=8
11:38:19 [INFO] [PROG] s*=0.94/7.21 (13.1%) dist_goal=4.46
11:38:19 [INFO] [MPC] state=(-1.70,+3.20,+1.79) wp0=(-1.55,+3.27) v=+0.200 ω=+0.025 ok=True iters=8
11:38:19 [INFO] [PROG] s*=0.96/7.21 (13.3%) dist_goal=4.46
11:38:19 [INFO] [MPC] state=(-1.71,+3.22,+1.80) wp0=(-1.55,+3.28) v=+0.200 ω=-0.484 ok=True iters=7
11:38:19 [INFO] [PROG] s*=0.98/7.21 (13.6%) dist_goal=4.46
11:38:19 [INFO] [MPC] state=(-1.71,+3.23,+1.77) wp0=(-1.55,+3.30) v=+0.200 ω=-0.447 ok=True iters=7
11:38:19 [INFO] [PROG] s*=1.00/7.21 (13.8%) dist_goal=4.45
11:38:19 [INFO] [MPC] state=(-1.71,+3.25,+1.74) wp0=(-1.55,+3.32) v=+0.200 ω=-0.637 ok=True iters=7
11:38:19 [INFO] [PROG] s*=1.02/7.21 (14.1%) dist_goal=4.45
11:38:19 [INFO] [MPC] state=(-1.72,+3.27,+1.70) wp0=(-1.55,+3.34) v=+0.200 ω=-0.566 ok=True iters=7
11:38:19 [INFO] [PROG] s*=1.04/7.21 (14.4%) dist_goal=4.44
11:38:19 [INFO] [MPC] state=(-1.72,+3.29,+1.67) wp0=(-1.55,+3.36) v=+0.200 ω=-0.376 ok=True iters=7
11:38:19 [INFO] [PROG] s*=1.05/7.21 (14.6%) dist_goal=4.44
11:38:19 [INFO] [MPC] state=(-1.72,+3.31,+1.64) wp0=(-1.55,+3.38) v=+0.200 ω=-0.677 ok=True iters=7
11:38:19 [INFO] [PROG] s*=1.07/7.21 (14.9%) dist_goal=4.43
11:38:19 [INFO] [MPC] state=(-1.72,+3.33,+1.60) wp0=(-1.55,+3.40) v=+0.200 ω=-0.139 ok=True iters=7
11:38:19 [INFO] [PROG] s*=1.09/7.21 (15.2%) dist_goal=4.43
11:38:19 [INFO] [MPC] state=(-1.72,+3.35,+1.59) wp0=(-1.55,+3.42) v=+0.200 ω=-0.094 ok=True iters=7
11:38:19 [INFO] [PROG] s*=1.11/7.21 (15.5%) dist_goal=4.42
11:38:19 [INFO] [MPC] state=(-1.72,+3.37,+1.58) wp0=(-1.55,+3.44) v=+0.200 ω=-0.065 ok=True iters=7
11:38:19 [INFO] [PROG] s*=1.13/7.21 (15.7%) dist_goal=4.41
11:38:19 [INFO] [MPC] state=(-1.72,+3.39,+1.57) wp0=(-1.55,+3.46) v=+0.200 ω=-0.047 ok=True iters=7
11:38:19 [INFO] [PROG] s*=1.15/7.21 (16.0%) dist_goal=4.41
11:38:19 [INFO] [MPC] state=(-1.72,+3.41,+1.56) wp0=(-1.55,+3.48) v=+0.200 ω=-0.033 ok=True iters=7
11:38:19 [INFO] [PROG] s*=1.17/7.21 (16.3%) dist_goal=4.40
11:38:19 [INFO] [MPC] state=(-1.72,+3.43,+1.56) wp0=(-1.55,+3.50) v=+0.200 ω=-0.023 ok=True iters=7
11:38:19 [INFO] [PROG] s*=1.20/7.21 (16.6%) dist_goal=4.39
11:38:19 [INFO] [MPC] state=(-1.72,+3.45,+1.56) wp0=(-1.55,+3.52) v=+0.200 ω=-0.015 ok=True iters=7
11:38:19 [INFO] [PROG] s*=1.22/7.21 (16.9%) dist_goal=4.39
11:38:19 [INFO] [MPC] state=(-1.72,+3.47,+1.56) wp0=(-1.55,+3.54) v=+0.200 ω=-0.009 ok=True iters=7
11:38:19 [INFO] [PROG] s*=1.24/7.21 (17.1%) dist_goal=4.38
11:38:19 [INFO] [MPC] state=(-1.72,+3.49,+1.56) wp0=(-1.55,+3.56) v=+0.200 ω=-0.004 ok=True iters=7
11:38:19 [INFO] [PROG] s*=1.26/7.21 (17.4%) dist_goal=4.37
11:38:19 [INFO] [MPC] state=(-1.72,+3.51,+1.56) wp0=(-1.55,+3.58) v=+0.200 ω=-0.001 ok=True iters=7
11:38:19 [INFO] [PROG] s*=1.28/7.21 (17.7%) dist_goal=4.37
11:38:19 [INFO] [MPC] state=(-1.72,+3.53,+1.56) wp0=(-1.55,+3.60) v=+0.200 ω=+0.002 ok=True iters=7
11:38:19 [INFO] [PROG] s*=1.30/7.21 (18.0%) dist_goal=4.36
11:38:19 [INFO] [MPC] state=(-1.72,+3.55,+1.56) wp0=(-1.55,+3.62) v=+0.200 ω=+0.004 ok=True iters=7
11:38:19 [INFO] [PROG] s*=1.32/7.21 (18.3%) dist_goal=4.35
11:38:19 [INFO] [MPC] state=(-1.72,+3.57,+1.56) wp0=(-1.55,+3.64) v=+0.200 ω=+0.005 ok=True iters=7
11:38:19 [INFO] [PROG] s*=1.34/7.21 (18.6%) dist_goal=4.35
11:38:19 [INFO] [MPC] state=(-1.72,+3.59,+1.56) wp0=(-1.55,+3.66) v=+0.200 ω=+0.005 ok=True iters=7
11:38:19 [INFO] [PROG] s*=1.36/7.21 (18.8%) dist_goal=4.34
11:38:19 [INFO] [MPC] state=(-1.72,+3.61,+1.56) wp0=(-1.55,+3.68) v=+0.200 ω=+0.006 ok=True iters=7
11:38:19 [INFO] [PROG] s*=1.38/7.21 (19.1%) dist_goal=4.34
11:38:19 [INFO] [MPC] state=(-1.72,+3.63,+1.56) wp0=(-1.55,+3.70) v=+0.200 ω=+0.006 ok=True iters=7
11:38:19 [INFO] [PROG] s*=1.40/7.21 (19.4%) dist_goal=4.33
11:38:19 [INFO] [MPC] state=(-1.72,+3.65,+1.56) wp0=(-1.55,+3.72) v=+0.200 ω=+0.006 ok=True iters=7
11:38:19 [INFO] [PROG] s*=1.42/7.21 (19.7%) dist_goal=4.33
11:38:19 [INFO] [MPC] state=(-1.72,+3.67,+1.56) wp0=(-1.55,+3.74) v=+0.200 ω=+0.005 ok=True iters=7
11:38:19 [INFO] [PROG] s*=1.44/7.21 (20.0%) dist_goal=4.32
11:38:19 [INFO] [MPC] state=(-1.72,+3.69,+1.56) wp0=(-1.55,+3.76) v=+0.200 ω=+0.093 ok=True iters=7
11:38:19 [INFO] [PROG] s*=1.46/7.21 (20.2%) dist_goal=4.32
11:38:19 [INFO] [MPC] state=(-1.72,+3.71,+1.57) wp0=(-1.55,+3.78) v=+0.200 ω=+0.072 ok=True iters=7
11:38:19 [INFO] [PROG] s*=1.48/7.21 (20.5%) dist_goal=4.31
11:38:19 [INFO] [MPC] state=(-1.72,+3.73,+1.58) wp0=(-1.55,+3.80) v=+0.200 ω=+0.055 ok=True iters=7
11:38:19 [INFO] [PROG] s*=1.50/7.21 (20.8%) dist_goal=4.31
11:38:19 [INFO] [MPC] state=(-1.72,+3.75,+1.58) wp0=(-1.55,+3.82) v=+0.200 ω=+0.439 ok=True iters=7
11:38:19 [INFO] [PROG] s*=1.52/7.21 (21.0%) dist_goal=4.30
11:38:19 [INFO] [MPC] state=(-1.72,+3.77,+1.61) wp0=(-1.55,+3.84) v=+0.200 ω=+0.228 ok=True iters=7
11:38:19 [INFO] [PROG] s*=1.54/7.21 (21.3%) dist_goal=4.30
11:38:19 [INFO] [MPC] state=(-1.72,+3.79,+1.62) wp0=(-1.55,+3.86) v=+0.200 ω=+0.183 ok=True iters=7
11:38:19 [INFO] [PROG] s*=1.56/7.21 (21.6%) dist_goal=4.29
11:38:19 [INFO] [MPC] state=(-1.72,+3.81,+1.64) wp0=(-1.55,+3.88) v=+0.200 ω=+0.131 ok=True iters=7
11:38:19 [INFO] [PROG] s*=1.58/7.21 (21.9%) dist_goal=4.29
11:38:19 [INFO] [MPC] state=(-1.72,+3.83,+1.65) wp0=(-1.55,+3.90) v=+0.200 ω=+0.083 ok=True iters=7
11:38:19 [INFO] [PROG] s*=1.60/7.21 (22.1%) dist_goal=4.29
11:38:19 [INFO] [MPC] state=(-1.72,+3.85,+1.66) wp0=(-1.55,+3.92) v=+0.200 ω=+0.386 ok=True iters=7
11:38:19 [INFO] [PROG] s*=1.61/7.21 (22.4%) dist_goal=4.29
11:38:19 [INFO] [MPC] state=(-1.73,+3.87,+1.68) wp0=(-1.55,+3.94) v=+0.200 ω=+0.165 ok=True iters=7
11:38:19 [INFO] [PROG] s*=1.64/7.21 (22.7%) dist_goal=4.29
11:38:19 [INFO] [MPC] state=(-1.73,+3.89,+1.69) wp0=(-1.55,+3.96) v=+0.200 ω=+0.101 ok=True iters=7
11:38:19 [INFO] [PROG] s*=1.66/7.21 (23.0%) dist_goal=4.28
11:38:19 [INFO] [MPC] state=(-1.73,+3.91,+1.70) wp0=(-1.55,+3.98) v=+0.200 ω=+0.046 ok=True iters=7
11:38:19 [INFO] [PROG] s*=1.68/7.21 (23.2%) dist_goal=4.28
11:38:19 [INFO] [MPC] state=(-1.73,+3.93,+1.71) wp0=(-1.55,+4.00) v=+0.200 ω=+0.015 ok=True iters=7
11:38:19 [INFO] [PROG] s*=1.70/7.21 (23.5%) dist_goal=4.28
11:38:19 [INFO] [MPC] state=(-1.74,+3.95,+1.71) wp0=(-1.55,+4.02) v=+0.200 ω=+0.009 ok=True iters=7
11:38:19 [INFO] [PROG] s*=1.72/7.21 (23.8%) dist_goal=4.28
11:38:19 [INFO] [MPC] state=(-1.74,+3.97,+1.71) wp0=(-1.55,+4.04) v=+0.200 ω=-0.022 ok=True iters=7
11:38:19 [INFO] [PROG] s*=1.74/7.21 (24.1%) dist_goal=4.28
11:38:19 [INFO] [MPC] state=(-1.74,+3.99,+1.71) wp0=(-1.55,+4.06) v=+0.200 ω=-0.043 ok=True iters=7
11:38:19 [INFO] [PROG] s*=1.75/7.21 (24.4%) dist_goal=4.28
11:38:19 [INFO] [MPC] state=(-1.74,+4.01,+1.70) wp0=(-1.55,+4.08) v=+0.200 ω=+0.190 ok=True iters=7
11:38:19 [INFO] [PROG] s*=1.77/7.21 (24.6%) dist_goal=4.28
11:38:19 [INFO] [MPC] state=(-1.75,+4.03,+1.72) wp0=(-1.55,+4.10) v=+0.200 ω=+0.111 ok=True iters=7
11:38:19 [INFO] [PROG] s*=1.79/7.21 (24.9%) dist_goal=4.28
11:38:19 [INFO] [MPC] state=(-1.75,+4.05,+1.73) wp0=(-1.55,+4.12) v=+0.200 ω=-0.288 ok=True iters=7
11:38:19 [INFO] [PROG] s*=1.81/7.21 (25.2%) dist_goal=4.27
11:38:19 [INFO] [MPC] state=(-1.75,+4.07,+1.71) wp0=(-1.55,+4.14) v=+0.200 ω=-0.256 ok=True iters=7
11:38:19 [INFO] [PROG] s*=1.83/7.21 (25.4%) dist_goal=4.27
11:38:19 [INFO] [MPC] state=(-1.76,+4.09,+1.69) wp0=(-1.55,+4.16) v=+0.200 ω=+0.119 ok=True iters=7
11:38:19 [INFO] [PROG] s*=1.85/7.21 (25.7%) dist_goal=4.27
11:38:19 [INFO] [MPC] state=(-1.76,+4.11,+1.70) wp0=(-1.55,+4.18) v=+0.200 ω=-0.296 ok=True iters=7
11:38:19 [INFO] [PROG] s*=1.87/7.21 (26.0%) dist_goal=4.27
11:38:19 [INFO] [MPC] state=(-1.76,+4.13,+1.68) wp0=(-1.55,+4.20) v=+0.200 ω=-0.320 ok=True iters=7
11:38:19 [INFO] [PROG] s*=1.89/7.21 (26.2%) dist_goal=4.27
11:38:19 [INFO] [MPC] state=(-1.76,+4.15,+1.66) wp0=(-1.55,+4.21) v=+0.200 ω=-0.495 ok=True iters=7
11:38:19 [INFO] [PROG] s*=1.91/7.21 (26.5%) dist_goal=4.27
11:38:19 [INFO] [MPC] state=(-1.76,+4.16,+1.63) wp0=(-1.55,+4.23) v=+0.200 ω=-0.492 ok=True iters=7
11:38:19 [INFO] [PROG] s*=1.93/7.21 (26.8%) dist_goal=4.26
11:38:19 [INFO] [MPC] state=(-1.76,+4.18,+1.60) wp0=(-1.55,+4.25) v=+0.200 ω=-0.402 ok=True iters=7
11:38:19 [INFO] [PROG] s*=1.95/7.21 (27.0%) dist_goal=4.26
11:38:19 [INFO] [MPC] state=(-1.77,+4.20,+1.57) wp0=(-1.55,+4.27) v=+0.200 ω=-0.608 ok=True iters=7
11:38:19 [INFO] [PROG] s*=1.97/7.21 (27.3%) dist_goal=4.26
11:38:19 [INFO] [MPC] state=(-1.76,+4.22,+1.53) wp0=(-1.55,+4.29) v=+0.200 ω=-0.109 ok=True iters=7
11:38:19 [INFO] [PROG] s*=1.99/7.21 (27.6%) dist_goal=4.25
11:38:19 [INFO] [MPC] state=(-1.76,+4.24,+1.52) wp0=(-1.55,+4.31) v=+0.200 ω=-0.370 ok=True iters=7
11:38:19 [INFO] [PROG] s*=2.01/7.21 (27.8%) dist_goal=4.25
11:38:19 [INFO] [MPC] state=(-1.76,+4.26,+1.49) wp0=(-1.55,+4.33) v=+0.200 ω=-0.294 ok=True iters=7
11:38:19 [INFO] [PROG] s*=2.03/7.21 (28.1%) dist_goal=4.24
11:38:19 [INFO] [MPC] state=(-1.76,+4.28,+1.47) wp0=(-1.55,+4.35) v=+0.200 ω=-0.181 ok=True iters=7
11:38:19 [INFO] [PROG] s*=2.05/7.21 (28.4%) dist_goal=4.24
11:38:19 [INFO] [MPC] state=(-1.76,+4.30,+1.46) wp0=(-1.55,+4.37) v=+0.200 ω=-0.155 ok=True iters=7
11:38:19 [INFO] [PROG] s*=2.07/7.21 (28.7%) dist_goal=4.23
11:38:19 [INFO] [MPC] state=(-1.76,+4.32,+1.45) wp0=(-1.55,+4.39) v=+0.200 ω=-0.076 ok=True iters=7
11:38:19 [INFO] [PROG] s*=2.09/7.21 (28.9%) dist_goal=4.23
11:38:19 [INFO] [MPC] state=(-1.75,+4.34,+1.44) wp0=(-1.55,+4.41) v=+0.200 ω=-0.335 ok=True iters=7
11:38:19 [INFO] [PROG] s*=2.11/7.21 (29.2%) dist_goal=4.22
11:38:19 [INFO] [MPC] state=(-1.75,+4.36,+1.42) wp0=(-1.55,+4.43) v=+0.200 ω=-0.213 ok=True iters=7
11:38:19 [INFO] [PROG] s*=2.13/7.21 (29.5%) dist_goal=4.22
11:38:19 [INFO] [MPC] state=(-1.75,+4.38,+1.40) wp0=(-1.55,+4.45) v=+0.200 ω=-0.088 ok=True iters=7
11:38:19 [INFO] [PROG] s*=2.15/7.21 (29.8%) dist_goal=4.21
11:38:19 [INFO] [MPC] state=(-1.74,+4.40,+1.39) wp0=(-1.55,+4.47) v=+0.200 ω=-0.011 ok=True iters=7
11:38:19 [INFO] [PROG] s*=2.17/7.21 (30.0%) dist_goal=4.21
11:38:19 [INFO] [MPC] state=(-1.74,+4.42,+1.39) wp0=(-1.55,+4.49) v=+0.200 ω=+0.040 ok=True iters=7
11:38:19 [INFO] [PROG] s*=2.18/7.21 (30.3%) dist_goal=4.20
11:38:19 [INFO] [MPC] state=(-1.74,+4.44,+1.39) wp0=(-1.55,+4.51) v=+0.200 ω=+0.141 ok=True iters=7
11:38:19 [INFO] [PROG] s*=2.20/7.21 (30.6%) dist_goal=4.20
11:38:19 [INFO] [MPC] state=(-1.73,+4.46,+1.41) wp0=(-1.55,+4.53) v=+0.200 ω=+0.146 ok=True iters=7
11:38:19 [INFO] [PROG] s*=2.22/7.21 (30.9%) dist_goal=4.19
11:38:19 [INFO] [MPC] state=(-1.73,+4.48,+1.42) wp0=(-1.55,+4.55) v=+0.200 ω=+0.149 ok=True iters=7
11:38:19 [INFO] [PROG] s*=2.24/7.21 (31.1%) dist_goal=4.19
11:38:19 [INFO] [MPC] state=(-1.73,+4.50,+1.43) wp0=(-1.55,+4.57) v=+0.200 ω=+0.147 ok=True iters=7
11:38:19 [INFO] [PROG] s*=2.26/7.21 (31.4%) dist_goal=4.18
11:38:19 [INFO] [MPC] state=(-1.72,+4.52,+1.45) wp0=(-1.55,+4.59) v=+0.200 ω=+0.033 ok=True iters=7
11:38:19 [INFO] [PROG] s*=2.28/7.21 (31.7%) dist_goal=4.18
11:38:19 [INFO] [MPC] state=(-1.72,+4.54,+1.45) wp0=(-1.55,+4.61) v=+0.200 ω=+0.492 ok=True iters=7
11:38:19 [INFO] [PROG] s*=2.30/7.21 (32.0%) dist_goal=4.18
11:38:19 [INFO] [MPC] state=(-1.72,+4.56,+1.48) wp0=(-1.55,+4.63) v=+0.200 ω=-0.007 ok=True iters=7
11:38:19 [INFO] [PROG] s*=2.32/7.21 (32.2%) dist_goal=4.17
11:38:19 [INFO] [MPC] state=(-1.72,+4.58,+1.48) wp0=(-1.55,+4.64) v=+0.200 ω=+0.377 ok=True iters=7
11:38:19 [INFO] [PROG] s*=2.34/7.21 (32.5%) dist_goal=4.17
11:38:19 [INFO] [MPC] state=(-1.72,+4.59,+1.50) wp0=(-1.55,+4.66) v=+0.200 ω=+0.328 ok=True iters=7
11:38:19 [INFO] [PROG] s*=2.36/7.21 (32.8%) dist_goal=4.17
11:38:19 [INFO] [MPC] state=(-1.72,+4.61,+1.52) wp0=(-1.55,+4.68) v=+0.200 ω=+0.149 ok=True iters=7
11:38:19 [INFO] [PROG] s*=2.38/7.21 (33.0%) dist_goal=4.17
11:38:19 [INFO] [MPC] state=(-1.71,+4.63,+1.53) wp0=(-1.55,+4.70) v=+0.200 ω=+0.129 ok=True iters=7
11:38:19 [INFO] [PROG] s*=2.40/7.21 (33.3%) dist_goal=4.17
11:38:19 [INFO] [MPC] state=(-1.71,+4.65,+1.54) wp0=(-1.55,+4.72) v=+0.200 ω=+0.107 ok=True iters=7
11:38:19 [INFO] [PROG] s*=2.42/7.21 (33.6%) dist_goal=4.17
11:38:19 [INFO] [MPC] state=(-1.71,+4.67,+1.55) wp0=(-1.55,+4.74) v=+0.200 ω=+0.082 ok=True iters=7
11:38:19 [INFO] [PROG] s*=2.44/7.21 (33.9%) dist_goal=4.17
11:38:19 [INFO] [MPC] state=(-1.71,+4.69,+1.56) wp0=(-1.55,+4.76) v=+0.200 ω=+0.063 ok=True iters=7
11:38:19 [INFO] [PROG] s*=2.46/7.21 (34.2%) dist_goal=4.16
11:38:19 [INFO] [MPC] state=(-1.71,+4.71,+1.57) wp0=(-1.55,+4.78) v=+0.200 ω=+0.041 ok=True iters=7
11:38:19 [INFO] [PROG] s*=2.48/7.21 (34.4%) dist_goal=4.16
11:38:19 [INFO] [MPC] state=(-1.71,+4.73,+1.57) wp0=(-1.55,+4.80) v=+0.200 ω=+0.018 ok=True iters=7
11:38:19 [INFO] [PROG] s*=2.50/7.21 (34.7%) dist_goal=4.16
11:38:19 [INFO] [MPC] state=(-1.71,+4.75,+1.57) wp0=(-1.55,+4.82) v=+0.200 ω=-0.005 ok=True iters=7
11:38:19 [INFO] [PROG] s*=2.52/7.21 (35.0%) dist_goal=4.16
11:38:19 [INFO] [MPC] state=(-1.71,+4.77,+1.57) wp0=(-1.55,+4.85) v=+0.200 ω=-0.025 ok=True iters=7
11:38:19 [INFO] [PROG] s*=2.54/7.21 (35.3%) dist_goal=4.16
11:38:19 [INFO] [MPC] state=(-1.71,+4.80,+1.57) wp0=(-1.55,+4.87) v=+0.200 ω=-0.042 ok=True iters=8
11:38:19 [INFO] [PROG] s*=2.56/7.21 (35.6%) dist_goal=4.16
11:38:19 [INFO] [MPC] state=(-1.71,+4.82,+1.57) wp0=(-1.55,+4.89) v=+0.200 ω=-0.060 ok=True iters=8
11:38:19 [INFO] [PROG] s*=2.58/7.21 (35.8%) dist_goal=4.16
11:38:19 [INFO] [MPC] state=(-1.71,+4.84,+1.56) wp0=(-1.55,+4.91) v=+0.200 ω=-0.071 ok=True iters=8
11:38:19 [INFO] [PROG] s*=2.60/7.21 (36.1%) dist_goal=4.16
11:38:19 [INFO] [MPC] state=(-1.71,+4.86,+1.56) wp0=(-1.55,+4.92) v=+0.200 ω=-0.541 ok=True iters=8
11:38:19 [INFO] [PROG] s*=2.62/7.21 (36.4%) dist_goal=4.16
11:38:19 [INFO] [MPC] state=(-1.71,+4.87,+1.52) wp0=(-1.55,+4.94) v=+0.200 ω=-0.395 ok=True iters=8
11:38:19 [INFO] [PROG] s*=2.64/7.21 (36.6%) dist_goal=4.16
11:38:19 [INFO] [MPC] state=(-1.71,+4.89,+1.50) wp0=(-1.55,+4.96) v=+0.200 ω=-0.361 ok=True iters=8
11:38:19 [INFO] [PROG] s*=2.66/7.21 (36.9%) dist_goal=4.16
11:38:19 [INFO] [MPC] state=(-1.71,+4.91,+1.47) wp0=(-1.55,+4.98) v=+0.200 ω=-0.330 ok=True iters=8
11:38:19 [INFO] [PROG] s*=2.68/7.21 (37.2%) dist_goal=4.16
11:38:19 [INFO] [MPC] state=(-1.71,+4.93,+1.45) wp0=(-1.55,+5.00) v=+0.200 ω=-0.303 ok=True iters=9
11:38:19 [INFO] [PROG] s*=2.70/7.21 (37.4%) dist_goal=4.15
11:38:19 [INFO] [MPC] state=(-1.70,+4.95,+1.43) wp0=(-1.55,+5.02) v=+0.200 ω=-0.277 ok=True iters=10
11:38:19 [INFO] [PROG] s*=2.72/7.21 (37.7%) dist_goal=4.15
11:38:19 [INFO] [MPC] state=(-1.70,+4.97,+1.41) wp0=(-1.55,+5.04) v=+0.200 ω=-0.565 ok=True iters=9
11:38:19 [INFO] [PROG] s*=2.73/7.21 (37.9%) dist_goal=4.15
11:38:19 [INFO] [MPC] state=(-1.70,+4.99,+1.38) wp0=(-1.55,+5.05) v=+0.200 ω=-1.785 ok=True iters=7
11:38:19 [INFO] [PROG] s*=2.74/7.21 (38.1%) dist_goal=4.14
11:38:19 [INFO] [MPC] state=(-1.69,+5.00,+1.29) wp0=(-1.55,+5.07) v=+0.200 ω=-1.936 ok=True iters=7
11:38:19 [INFO] [PROG] s*=2.76/7.21 (38.2%) dist_goal=4.14
11:38:19 [INFO] [MPC] state=(-1.69,+5.02,+1.19) wp0=(-1.55,+5.08) v=+0.200 ω=-2.065 ok=True iters=7
11:38:19 [INFO] [PROG] s*=2.77/7.21 (38.4%) dist_goal=4.13
11:38:19 [INFO] [MPC] state=(-1.68,+5.03,+1.08) wp0=(-1.55,+5.09) v=+0.200 ω=-1.630 ok=True iters=8
11:38:19 [INFO] [PROG] s*=2.78/7.21 (38.6%) dist_goal=4.12
11:38:19 [INFO] [MPC] state=(-1.68,+5.04,+0.99) wp0=(-1.55,+5.10) v=+0.200 ω=-1.649 ok=True iters=8
11:38:19 [INFO] [PROG] s*=2.79/7.21 (38.7%) dist_goal=4.11
11:38:19 [INFO] [MPC] state=(-1.67,+5.05,+0.90) wp0=(-1.55,+5.11) v=+0.200 ω=-1.586 ok=True iters=8
11:38:19 [INFO] [PROG] s*=2.80/7.21 (38.9%) dist_goal=4.10
11:38:19 [INFO] [MPC] state=(-1.66,+5.06,+0.82) wp0=(-1.55,+5.12) v=+0.200 ω=-1.337 ok=True iters=8
11:38:19 [INFO] [PROG] s*=2.81/7.21 (39.0%) dist_goal=4.09
11:38:19 [INFO] [MPC] state=(-1.65,+5.07,+0.75) wp0=(-1.55,+5.13) v=+0.200 ω=-2.123 ok=True iters=9
11:38:19 [INFO] [PROG] s*=2.82/7.21 (39.1%) dist_goal=4.08
11:38:19 [INFO] [MPC] state=(-1.64,+5.08,+0.64) wp0=(-1.55,+5.14) v=+0.200 ω=-0.704 ok=True iters=9
11:38:19 [INFO] [PROG] s*=2.83/7.21 (39.2%) dist_goal=4.07
11:38:19 [INFO] [MPC] state=(-1.62,+5.09,+0.59) wp0=(-1.55,+5.15) v=+0.174 ω=-1.820 ok=True iters=12
11:38:19 [INFO] [PROG] s*=2.83/7.21 (39.2%) dist_goal=4.07
11:38:19 [INFO] [MPC] state=(-1.61,+5.10,+0.48) wp0=(-1.55,+5.15) v=+0.030 ω=-1.420 ok=True iters=10
11:38:19 [INFO] [PROG] s*=2.83/7.21 (39.3%) dist_goal=4.06
11:38:19 [INFO] [MPC] state=(-1.61,+5.10,+0.34) wp0=(-1.55,+5.15) v=+0.030 ω=-0.946 ok=True iters=9
11:38:19 [INFO] [PROG] s*=2.83/7.21 (39.3%) dist_goal=4.06
11:38:19 [INFO] [MPC] state=(-1.60,+5.10,+0.24) wp0=(-1.55,+5.15) v=+0.030 ω=-0.639 ok=True iters=10
11:38:19 [INFO] [PROG] s*=2.83/7.21 (39.3%) dist_goal=4.06
11:38:19 [INFO] [MPC] state=(-1.60,+5.10,+0.18) wp0=(-1.55,+5.15) v=+0.030 ω=-0.423 ok=True iters=11
11:38:19 [INFO] [PROG] s*=2.83/7.21 (39.3%) dist_goal=4.05
11:38:19 [INFO] [MPC] state=(-1.60,+5.10,+0.14) wp0=(-1.55,+5.15) v=+0.030 ω=-0.271 ok=True iters=11
11:38:19 [INFO] [PROG] s*=2.83/7.21 (39.3%) dist_goal=4.05
11:38:19 [INFO] [MPC] state=(-1.59,+5.10,+0.11) wp0=(-1.55,+5.15) v=+0.030 ω=-0.177 ok=True iters=10
11:38:19 [INFO] [PROG] s*=2.83/7.21 (39.3%) dist_goal=4.05
11:38:19 [INFO] [MPC] state=(-1.59,+5.10,+0.10) wp0=(-1.55,+5.15) v=+0.030 ω=-0.115 ok=True iters=10
11:38:20 [INFO] [PROG] s*=2.83/7.21 (39.3%) dist_goal=4.04
11:38:20 [INFO] [MPC] state=(-1.59,+5.10,+0.09) wp0=(-1.55,+5.15) v=+0.030 ω=-0.074 ok=True iters=10
11:38:20 [INFO] [PROG] s*=2.83/7.21 (39.3%) dist_goal=4.04
11:38:20 [INFO] [MPC] state=(-1.59,+5.10,+0.08) wp0=(-1.55,+5.15) v=+0.030 ω=-0.046 ok=True iters=10
11:38:20 [INFO] [PROG] s*=2.83/7.21 (39.3%) dist_goal=4.04
11:38:20 [INFO] [MPC] state=(-1.58,+5.10,+0.07) wp0=(-1.54,+5.15) v=+0.030 ω=-0.028 ok=True iters=9
11:38:20 [INFO] [PROG] s*=2.83/7.21 (39.3%) dist_goal=4.03
11:38:20 [INFO] [MPC] state=(-1.58,+5.11,+0.07) wp0=(-1.54,+5.15) v=+0.030 ω=-0.017 ok=True iters=10
11:38:20 [INFO] [PROG] s*=2.83/7.21 (39.3%) dist_goal=4.03
11:38:20 [INFO] [MPC] state=(-1.58,+5.11,+0.07) wp0=(-1.54,+5.15) v=+0.030 ω=-0.008 ok=True iters=11
11:38:20 [INFO] [PROG] s*=2.83/7.21 (39.3%) dist_goal=4.03
11:38:20 [INFO] [MPC] state=(-1.57,+5.11,+0.07) wp0=(-1.54,+5.15) v=+0.030 ω=+0.000 ok=True iters=11
11:38:20 [INFO] [PROG] s*=2.83/7.21 (39.3%) dist_goal=4.03
11:38:20 [INFO] [MPC] state=(-1.57,+5.11,+0.07) wp0=(-1.54,+5.15) v=+0.030 ω=+0.008 ok=True iters=10
11:38:20 [INFO] [PROG] s*=2.83/7.21 (39.3%) dist_goal=4.02
11:38:20 [INFO] [MPC] state=(-1.57,+5.11,+0.07) wp0=(-1.54,+5.15) v=+0.030 ω=+0.011 ok=True iters=10
11:38:20 [INFO] [PROG] s*=2.83/7.21 (39.3%) dist_goal=4.02
11:38:20 [INFO] [MPC] state=(-1.57,+5.11,+0.07) wp0=(-1.54,+5.15) v=+0.030 ω=+0.012 ok=True iters=10
11:38:20 [INFO] [PROG] s*=2.83/7.21 (39.3%) dist_goal=4.02
11:38:20 [INFO] [MPC] state=(-1.56,+5.11,+0.07) wp0=(-1.54,+5.15) v=+0.030 ω=+0.014 ok=True iters=11
11:38:20 [INFO] [PROG] s*=2.83/7.21 (39.3%) dist_goal=4.02
11:38:20 [INFO] [MPC] state=(-1.56,+5.11,+0.07) wp0=(-1.54,+5.15) v=+0.030 ω=+0.014 ok=True iters=11
11:38:20 [INFO] [PROG] s*=2.83/7.21 (39.3%) dist_goal=4.01
11:38:20 [INFO] [MPC] state=(-1.56,+5.11,+0.08) wp0=(-1.54,+5.15) v=+0.030 ω=+0.016 ok=True iters=12
11:38:20 [INFO] [PROG] s*=2.83/7.21 (39.3%) dist_goal=4.01
11:38:20 [INFO] [MPC] state=(-1.55,+5.11,+0.08) wp0=(-1.54,+5.15) v=+0.030 ω=+0.017 ok=True iters=14
11:38:20 [INFO] [PROG] s*=2.83/7.21 (39.3%) dist_goal=4.01
11:38:20 [INFO] [MPC] state=(-1.55,+5.11,+0.08) wp0=(-1.54,+5.15) v=+0.030 ω=+0.017 ok=True iters=11
11:38:20 [INFO] [PROG] s*=2.84/7.21 (39.3%) dist_goal=4.00
11:38:20 [INFO] [MPC] state=(-1.55,+5.11,+0.08) wp0=(-1.54,+5.15) v=+0.030 ω=+0.019 ok=True iters=11
11:38:20 [INFO] [PROG] s*=2.84/7.21 (39.3%) dist_goal=4.00
11:38:20 [INFO] [MPC] state=(-1.55,+5.11,+0.08) wp0=(-1.54,+5.15) v=+0.030 ω=+0.018 ok=True iters=10
11:38:20 [INFO] [PROG] s*=2.84/7.21 (39.3%) dist_goal=4.00
11:38:20 [INFO] [MPC] state=(-1.54,+5.11,+0.09) wp0=(-1.54,+5.15) v=+0.030 ω=+0.021 ok=True iters=9
11:38:20 [INFO] [PROG] s*=2.84/7.21 (39.3%) dist_goal=4.00
11:38:20 [INFO] [MPC] state=(-1.54,+5.11,+0.09) wp0=(-1.54,+5.15) v=+0.030 ω=+0.023 ok=True iters=8
11:38:20 [INFO] [PROG] s*=2.84/7.21 (39.4%) dist_goal=3.99
11:38:20 [INFO] [MPC] state=(-1.54,+5.11,+0.09) wp0=(-1.54,+5.15) v=+0.030 ω=+0.024 ok=True iters=9
11:38:20 [INFO] [PROG] s*=2.84/7.21 (39.4%) dist_goal=3.99
11:38:20 [INFO] [MPC] state=(-1.53,+5.11,+0.09) wp0=(-1.54,+5.15) v=+0.030 ω=+0.027 ok=True iters=11
11:38:20 [INFO] [PROG] s*=2.84/7.21 (39.4%) dist_goal=3.99
11:38:20 [INFO] [MPC] state=(-1.53,+5.11,+0.10) wp0=(-1.54,+5.15) v=+0.030 ω=+0.027 ok=True iters=13
11:38:20 [INFO] [PROG] s*=2.84/7.21 (39.4%) dist_goal=3.98
11:38:20 [INFO] [MPC] state=(-1.53,+5.11,+0.10) wp0=(-1.54,+5.15) v=+0.030 ω=+0.032 ok=True iters=12
11:38:20 [INFO] [PROG] s*=2.84/7.21 (39.4%) dist_goal=3.98
11:38:20 [INFO] [MPC] state=(-1.53,+5.11,+0.10) wp0=(-1.54,+5.15) v=+0.030 ω=+0.089 ok=True iters=15
11:38:20 [INFO] [PROG] s*=2.84/7.21 (39.4%) dist_goal=3.98
11:38:20 [INFO] [MPC] state=(-1.52,+5.11,+0.11) wp0=(-1.54,+5.15) v=+0.030 ω=+0.060 ok=True iters=22
11:38:20 [INFO] [PROG] s*=2.84/7.21 (39.4%) dist_goal=3.98
11:38:20 [INFO] [MPC] state=(-1.52,+5.11,+0.12) wp0=(-1.54,+5.15) v=+0.030 ω=+2.100 ok=True iters=25
11:38:20 [INFO] [PROG] s*=2.84/7.21 (39.4%) dist_goal=3.98
11:38:20 [INFO] [MPC] state=(-1.52,+5.11,+0.29) wp0=(-1.54,+5.15) v=+0.030 ω=+1.908 ok=True iters=10
11:38:20 [INFO] [PROG] s*=2.92/7.21 (40.5%) dist_goal=3.97
11:38:20 [INFO] [MPC] state=(-1.52,+5.11,+0.49) wp0=(-1.46,+5.15) v=+0.200 ω=+1.087 ok=True iters=8
11:38:20 [INFO] [PROG] s*=2.93/7.21 (40.7%) dist_goal=3.95
11:38:20 [INFO] [MPC] state=(-1.51,+5.12,+0.57) wp0=(-1.44,+5.15) v=+0.200 ω=+0.589 ok=True iters=7
11:38:20 [INFO] [PROG] s*=2.95/7.21 (40.9%) dist_goal=3.94
11:38:20 [INFO] [MPC] state=(-1.49,+5.13,+0.60) wp0=(-1.43,+5.15) v=+0.200 ω=+0.091 ok=True iters=7
11:38:20 [INFO] [PROG] s*=2.97/7.21 (41.2%) dist_goal=3.92
11:38:20 [INFO] [MPC] state=(-1.48,+5.14,+0.61) wp0=(-1.41,+5.15) v=+0.200 ω=-0.027 ok=True iters=7
11:38:20 [INFO] [PROG] s*=2.98/7.21 (41.4%) dist_goal=3.91
11:38:20 [INFO] [MPC] state=(-1.46,+5.15,+0.61) wp0=(-1.39,+5.15) v=+0.200 ω=+0.034 ok=True iters=7
11:38:20 [INFO] [PROG] s*=3.00/7.21 (41.6%) dist_goal=3.89
11:38:20 [INFO] [MPC] state=(-1.44,+5.16,+0.61) wp0=(-1.38,+5.15) v=+0.200 ω=-0.431 ok=True iters=7
11:38:20 [INFO] [PROG] s*=3.02/7.21 (41.8%) dist_goal=3.88
11:38:20 [INFO] [MPC] state=(-1.43,+5.17,+0.59) wp0=(-1.36,+5.15) v=+0.200 ω=-0.503 ok=True iters=7
11:38:20 [INFO] [PROG] s*=3.03/7.21 (42.1%) dist_goal=3.86
11:38:20 [INFO] [MPC] state=(-1.41,+5.18,+0.55) wp0=(-1.35,+5.15) v=+0.200 ω=-0.526 ok=True iters=7
11:38:20 [INFO] [PROG] s*=3.05/7.21 (42.3%) dist_goal=3.85
11:38:20 [INFO] [MPC] state=(-1.40,+5.19,+0.52) wp0=(-1.33,+5.15) v=+0.200 ω=-0.527 ok=True iters=7
11:38:20 [INFO] [PROG] s*=3.06/7.21 (42.5%) dist_goal=3.83
11:38:20 [INFO] [MPC] state=(-1.38,+5.20,+0.49) wp0=(-1.31,+5.15) v=+0.200 ω=-0.520 ok=True iters=7
11:38:20 [INFO] [PROG] s*=3.08/7.21 (42.8%) dist_goal=3.81
11:38:20 [INFO] [MPC] state=(-1.36,+5.21,+0.46) wp0=(-1.30,+5.15) v=+0.200 ω=-0.576 ok=True iters=7
11:38:20 [INFO] [PROG] s*=3.10/7.21 (43.0%) dist_goal=3.80
11:38:20 [INFO] [MPC] state=(-1.35,+5.22,+0.43) wp0=(-1.28,+5.15) v=+0.200 ω=-0.609 ok=True iters=7
11:38:20 [INFO] [PROG] s*=3.12/7.21 (43.2%) dist_goal=3.78
11:38:20 [INFO] [MPC] state=(-1.33,+5.23,+0.39) wp0=(-1.26,+5.15) v=+0.200 ω=-0.623 ok=True iters=7
11:38:20 [INFO] [PROG] s*=3.13/7.21 (43.5%) dist_goal=3.76
11:38:20 [INFO] [MPC] state=(-1.31,+5.24,+0.35) wp0=(-1.24,+5.15) v=+0.200 ω=-0.153 ok=True iters=7
11:38:20 [INFO] [PROG] s*=3.15/7.21 (43.7%) dist_goal=3.75
11:38:20 [INFO] [MPC] state=(-1.29,+5.24,+0.34) wp0=(-1.23,+5.15) v=+0.200 ω=-0.694 ok=True iters=7
11:38:20 [INFO] [PROG] s*=3.17/7.21 (44.0%) dist_goal=3.73
11:38:20 [INFO] [MPC] state=(-1.28,+5.25,+0.30) wp0=(-1.21,+5.15) v=+0.200 ω=-0.684 ok=True iters=7
11:38:20 [INFO] [PROG] s*=3.19/7.21 (44.2%) dist_goal=3.71
11:38:20 [INFO] [MPC] state=(-1.26,+5.25,+0.26) wp0=(-1.19,+5.15) v=+0.200 ω=-0.668 ok=True iters=7
11:38:20 [INFO] [PROG] s*=3.21/7.21 (44.5%) dist_goal=3.69
11:38:20 [INFO] [MPC] state=(-1.24,+5.26,+0.22) wp0=(-1.17,+5.15) v=+0.200 ω=-0.640 ok=True iters=7
11:38:20 [INFO] [PROG] s*=3.22/7.21 (44.7%) dist_goal=3.68
11:38:20 [INFO] [MPC] state=(-1.22,+5.26,+0.18) wp0=(-1.15,+5.15) v=+0.200 ω=-0.483 ok=True iters=7
11:38:20 [INFO] [PROG] s*=3.24/7.21 (45.0%) dist_goal=3.66
11:38:20 [INFO] [MPC] state=(-1.20,+5.26,+0.15) wp0=(-1.14,+5.15) v=+0.200 ω=-0.913 ok=True iters=7
11:38:20 [INFO] [PROG] s*=3.26/7.21 (45.2%) dist_goal=3.64
11:38:20 [INFO] [MPC] state=(-1.19,+5.27,+0.10) wp0=(-1.12,+5.15) v=+0.200 ω=-0.671 ok=True iters=7
11:38:20 [INFO] [PROG] s*=3.28/7.21 (45.5%) dist_goal=3.62
11:38:20 [INFO] [MPC] state=(-1.17,+5.27,+0.06) wp0=(-1.10,+5.15) v=+0.200 ω=-0.602 ok=True iters=7
11:38:20 [INFO] [PROG] s*=3.29/7.21 (45.7%) dist_goal=3.61
11:38:20 [INFO] [MPC] state=(-1.15,+5.27,+0.03) wp0=(-1.08,+5.15) v=+0.200 ω=-0.814 ok=True iters=7
11:38:20 [INFO] [PROG] s*=3.31/7.21 (46.0%) dist_goal=3.59
11:38:20 [INFO] [MPC] state=(-1.13,+5.27,-0.02) wp0=(-1.06,+5.15) v=+0.200 ω=-0.700 ok=True iters=7
11:38:20 [INFO] [PROG] s*=3.33/7.21 (46.2%) dist_goal=3.57
11:38:20 [INFO] [MPC] state=(-1.11,+5.27,-0.07) wp0=(-1.04,+5.15) v=+0.200 ω=+0.029 ok=True iters=7
11:38:20 [INFO] [PROG] s*=3.35/7.21 (46.5%) dist_goal=3.55
11:38:20 [INFO] [MPC] state=(-1.09,+5.27,-0.07) wp0=(-1.02,+5.15) v=+0.200 ω=+0.051 ok=True iters=7
11:38:20 [INFO] [PROG] s*=3.37/7.21 (46.8%) dist_goal=3.53
11:38:20 [INFO] [MPC] state=(-1.07,+5.27,-0.06) wp0=(-1.00,+5.15) v=+0.200 ω=+0.060 ok=True iters=7
11:38:20 [INFO] [PROG] s*=3.39/7.21 (47.1%) dist_goal=3.51
11:38:20 [INFO] [MPC] state=(-1.05,+5.26,-0.06) wp0=(-0.98,+5.15) v=+0.200 ω=+0.065 ok=True iters=7
11:38:20 [INFO] [PROG] s*=3.41/7.21 (47.4%) dist_goal=3.49
11:38:20 [INFO] [MPC] state=(-1.03,+5.26,-0.05) wp0=(-0.96,+5.15) v=+0.200 ω=+0.068 ok=True iters=7
11:38:20 [INFO] [PROG] s*=3.43/7.21 (47.6%) dist_goal=3.47
11:38:20 [INFO] [MPC] state=(-1.01,+5.26,-0.04) wp0=(-0.94,+5.15) v=+0.200 ω=+0.067 ok=True iters=7
11:38:20 [INFO] [PROG] s*=3.45/7.21 (47.9%) dist_goal=3.45
11:38:20 [INFO] [MPC] state=(-0.99,+5.26,-0.04) wp0=(-0.92,+5.15) v=+0.200 ω=+0.065 ok=True iters=7
11:38:20 [INFO] [PROG] s*=3.47/7.21 (48.2%) dist_goal=3.43
11:38:20 [INFO] [MPC] state=(-0.97,+5.26,-0.03) wp0=(-0.90,+5.15) v=+0.200 ω=+0.350 ok=True iters=7
11:38:20 [INFO] [PROG] s*=3.49/7.21 (48.4%) dist_goal=3.41
11:38:20 [INFO] [MPC] state=(-0.95,+5.26,-0.01) wp0=(-0.89,+5.15) v=+0.200 ω=+0.308 ok=True iters=7
11:38:20 [INFO] [PROG] s*=3.51/7.21 (48.7%) dist_goal=3.39
11:38:20 [INFO] [MPC] state=(-0.94,+5.26,+0.01) wp0=(-0.87,+5.15) v=+0.200 ω=+0.271 ok=True iters=7
11:38:20 [INFO] [PROG] s*=3.53/7.21 (49.0%) dist_goal=3.37
11:38:20 [INFO] [MPC] state=(-0.92,+5.26,+0.02) wp0=(-0.85,+5.15) v=+0.200 ω=+0.223 ok=True iters=7
11:38:20 [INFO] [PROG] s*=3.55/7.21 (49.3%) dist_goal=3.35
11:38:20 [INFO] [MPC] state=(-0.90,+5.26,+0.04) wp0=(-0.83,+5.15) v=+0.200 ω=+0.183 ok=True iters=7
11:38:20 [INFO] [PROG] s*=3.57/7.21 (49.5%) dist_goal=3.33
11:38:20 [INFO] [MPC] state=(-0.88,+5.26,+0.05) wp0=(-0.81,+5.15) v=+0.200 ω=-0.469 ok=True iters=7
11:38:20 [INFO] [PROG] s*=3.59/7.21 (49.8%) dist_goal=3.31
11:38:20 [INFO] [MPC] state=(-0.86,+5.26,+0.02) wp0=(-0.79,+5.15) v=+0.200 ω=+0.202 ok=True iters=7
11:38:20 [INFO] [PROG] s*=3.61/7.21 (50.0%) dist_goal=3.30
11:38:20 [INFO] [MPC] state=(-0.84,+5.26,+0.03) wp0=(-0.77,+5.15) v=+0.200 ω=-0.441 ok=True iters=7
11:38:20 [INFO] [PROG] s*=3.63/7.21 (50.3%) dist_goal=3.28
11:38:20 [INFO] [MPC] state=(-0.82,+5.26,-0.00) wp0=(-0.75,+5.15) v=+0.200 ω=-0.207 ok=True iters=7
11:38:20 [INFO] [PROG] s*=3.65/7.21 (50.6%) dist_goal=3.26
11:38:20 [INFO] [MPC] state=(-0.80,+5.26,-0.02) wp0=(-0.73,+5.15) v=+0.200 ω=-0.162 ok=True iters=7
11:38:20 [INFO] [PROG] s*=3.67/7.21 (50.9%) dist_goal=3.24
11:38:20 [INFO] [MPC] state=(-0.78,+5.26,-0.03) wp0=(-0.71,+5.15) v=+0.200 ω=+0.032 ok=True iters=7
11:38:20 [INFO] [PROG] s*=3.69/7.21 (51.1%) dist_goal=3.22
11:38:20 [INFO] [MPC] state=(-0.76,+5.26,-0.03) wp0=(-0.69,+5.15) v=+0.200 ω=+0.323 ok=True iters=7
11:38:20 [INFO] [PROG] s*=3.71/7.21 (51.4%) dist_goal=3.20
11:38:20 [INFO] [MPC] state=(-0.74,+5.26,-0.01) wp0=(-0.67,+5.15) v=+0.200 ω=+0.284 ok=True iters=7
11:38:20 [INFO] [PROG] s*=3.72/7.21 (51.7%) dist_goal=3.18
11:38:20 [INFO] [MPC] state=(-0.72,+5.26,+0.01) wp0=(-0.65,+5.15) v=+0.200 ω=+0.246 ok=True iters=7
11:38:20 [INFO] [PROG] s*=3.74/7.21 (52.0%) dist_goal=3.16
11:38:20 [INFO] [MPC] state=(-0.70,+5.26,+0.02) wp0=(-0.63,+5.15) v=+0.200 ω=+0.205 ok=True iters=7
11:38:20 [INFO] [PROG] s*=3.76/7.21 (52.2%) dist_goal=3.14
11:38:20 [INFO] [MPC] state=(-0.68,+5.26,+0.04) wp0=(-0.61,+5.15) v=+0.200 ω=-0.445 ok=True iters=7
11:38:20 [INFO] [PROG] s*=3.78/7.21 (52.5%) dist_goal=3.12
11:38:20 [INFO] [MPC] state=(-0.66,+5.26,+0.01) wp0=(-0.59,+5.15) v=+0.200 ω=-0.217 ok=True iters=7
11:38:20 [INFO] [PROG] s*=3.80/7.21 (52.8%) dist_goal=3.10
11:38:20 [INFO] [MPC] state=(-0.64,+5.26,-0.02) wp0=(-0.57,+5.15) v=+0.200 ω=-0.157 ok=True iters=7
11:38:20 [INFO] [PROG] s*=3.82/7.21 (53.0%) dist_goal=3.08
11:38:20 [INFO] [MPC] state=(-0.62,+5.26,-0.03) wp0=(-0.55,+5.15) v=+0.200 ω=+0.033 ok=True iters=7
11:38:20 [INFO] [PROG] s*=3.84/7.21 (53.3%) dist_goal=3.06
11:38:20 [INFO] [MPC] state=(-0.60,+5.26,-0.03) wp0=(-0.54,+5.15) v=+0.200 ω=+0.323 ok=True iters=7
11:38:20 [INFO] [PROG] s*=3.86/7.21 (53.6%) dist_goal=3.04
11:38:20 [INFO] [MPC] state=(-0.59,+5.26,-0.01) wp0=(-0.52,+5.15) v=+0.200 ω=+0.287 ok=True iters=7
11:38:20 [INFO] [PROG] s*=3.88/7.21 (53.8%) dist_goal=3.02
11:38:20 [INFO] [MPC] state=(-0.57,+5.26,+0.01) wp0=(-0.50,+5.15) v=+0.200 ω=+0.245 ok=True iters=7
11:38:20 [INFO] [PROG] s*=3.90/7.21 (54.1%) dist_goal=3.01
11:38:20 [INFO] [MPC] state=(-0.55,+5.26,+0.02) wp0=(-0.48,+5.15) v=+0.200 ω=+0.207 ok=True iters=7
11:38:20 [INFO] [PROG] s*=3.92/7.21 (54.4%) dist_goal=2.99
11:38:20 [INFO] [MPC] state=(-0.53,+5.26,+0.04) wp0=(-0.46,+5.15) v=+0.200 ω=-0.445 ok=True iters=7
11:38:20 [INFO] [PROG] s*=3.94/7.21 (54.6%) dist_goal=2.97
11:38:20 [INFO] [MPC] state=(-0.51,+5.26,+0.01) wp0=(-0.44,+5.15) v=+0.200 ω=-0.384 ok=True iters=7
11:38:20 [INFO] [PROG] s*=3.96/7.21 (54.9%) dist_goal=2.95
11:38:20 [INFO] [MPC] state=(-0.49,+5.26,-0.02) wp0=(-0.42,+5.15) v=+0.200 ω=-0.320 ok=True iters=7
11:38:20 [INFO] [PROG] s*=3.98/7.21 (55.2%) dist_goal=2.93
11:38:20 [INFO] [MPC] state=(-0.47,+5.26,-0.04) wp0=(-0.40,+5.15) v=+0.200 ω=-0.701 ok=True iters=7
11:38:20 [INFO] [PROG] s*=3.99/7.21 (55.4%) dist_goal=2.91
11:38:20 [INFO] [MPC] state=(-0.45,+5.26,-0.08) wp0=(-0.38,+5.15) v=+0.200 ω=-0.592 ok=True iters=7
11:38:20 [INFO] [PROG] s*=4.01/7.21 (55.7%) dist_goal=2.89
11:38:20 [INFO] [MPC] state=(-0.43,+5.26,-0.12) wp0=(-0.36,+5.15) v=+0.200 ω=-0.331 ok=True iters=7
11:38:20 [INFO] [PROG] s*=4.03/7.21 (56.0%) dist_goal=2.87
11:38:20 [INFO] [MPC] state=(-0.41,+5.26,-0.14) wp0=(-0.34,+5.15) v=+0.200 ω=-0.250 ok=True iters=7
11:38:20 [INFO] [PROG] s*=4.05/7.21 (56.2%) dist_goal=2.85
11:38:20 [INFO] [MPC] state=(-0.39,+5.25,-0.16) wp0=(-0.32,+5.15) v=+0.200 ω=-0.174 ok=True iters=7
11:38:20 [INFO] [PROG] s*=4.07/7.21 (56.5%) dist_goal=2.83
11:38:20 [INFO] [MPC] state=(-0.37,+5.25,-0.17) wp0=(-0.31,+5.15) v=+0.200 ω=-0.618 ok=True iters=7
11:38:20 [INFO] [PROG] s*=4.09/7.21 (56.7%) dist_goal=2.81
11:38:20 [INFO] [MPC] state=(-0.36,+5.25,-0.21) wp0=(-0.29,+5.15) v=+0.200 ω=-0.335 ok=True iters=7
11:38:20 [INFO] [PROG] s*=4.11/7.21 (57.0%) dist_goal=2.80
11:38:20 [INFO] [MPC] state=(-0.34,+5.24,-0.23) wp0=(-0.27,+5.15) v=+0.200 ω=-0.234 ok=True iters=7
11:38:20 [INFO] [PROG] s*=4.13/7.21 (57.3%) dist_goal=2.78
11:38:20 [INFO] [MPC] state=(-0.32,+5.24,-0.25) wp0=(-0.25,+5.15) v=+0.200 ω=-0.148 ok=True iters=7
11:38:20 [INFO] [PROG] s*=4.15/7.21 (57.6%) dist_goal=2.75
11:38:20 [INFO] [MPC] state=(-0.30,+5.23,-0.26) wp0=(-0.23,+5.15) v=+0.200 ω=-0.113 ok=True iters=7
11:38:20 [INFO] [PROG] s*=4.17/7.21 (57.8%) dist_goal=2.73
11:38:20 [INFO] [MPC] state=(-0.28,+5.23,-0.27) wp0=(-0.21,+5.15) v=+0.200 ω=-0.091 ok=True iters=7
11:38:20 [INFO] [PROG] s*=4.19/7.21 (58.1%) dist_goal=2.72
11:38:20 [INFO] [MPC] state=(-0.26,+5.22,-0.28) wp0=(-0.19,+5.15) v=+0.200 ω=+0.584 ok=True iters=7
11:38:20 [INFO] [PROG] s*=4.20/7.21 (58.3%) dist_goal=2.70
11:38:20 [INFO] [MPC] state=(-0.24,+5.22,-0.24) wp0=(-0.17,+5.15) v=+0.200 ω=+0.345 ok=True iters=7
11:38:20 [INFO] [PROG] s*=4.22/7.21 (58.6%) dist_goal=2.68
11:38:20 [INFO] [MPC] state=(-0.22,+5.21,-0.22) wp0=(-0.16,+5.15) v=+0.200 ω=+0.623 ok=True iters=7
11:38:20 [INFO] [PROG] s*=4.24/7.21 (58.8%) dist_goal=2.66
11:38:20 [INFO] [MPC] state=(-0.21,+5.21,-0.18) wp0=(-0.14,+5.15) v=+0.200 ω=+0.542 ok=True iters=7
11:38:20 [INFO] [PROG] s*=4.26/7.21 (59.1%) dist_goal=2.64
11:38:20 [INFO] [MPC] state=(-0.19,+5.21,-0.15) wp0=(-0.12,+5.15) v=+0.200 ω=+0.610 ok=True iters=7
11:38:20 [INFO] [PROG] s*=4.27/7.21 (59.3%) dist_goal=2.63
11:38:20 [INFO] [MPC] state=(-0.17,+5.20,-0.11) wp0=(-0.10,+5.15) v=+0.200 ω=+0.830 ok=True iters=7
11:38:20 [INFO] [PROG] s*=4.29/7.21 (59.5%) dist_goal=2.61
11:38:20 [INFO] [MPC] state=(-0.15,+5.20,-0.07) wp0=(-0.09,+5.15) v=+0.200 ω=+0.965 ok=True iters=7
11:38:20 [INFO] [PROG] s*=4.31/7.21 (59.7%) dist_goal=2.60
11:38:20 [INFO] [MPC] state=(-0.14,+5.20,-0.02) wp0=(-0.07,+5.15) v=+0.200 ω=+0.955 ok=True iters=9
11:38:20 [INFO] [PROG] s*=4.32/7.21 (60.0%) dist_goal=2.58
11:38:20 [INFO] [MPC] state=(-0.12,+5.20,+0.03) wp0=(-0.06,+5.15) v=+0.200 ω=+0.818 ok=True iters=8
11:38:20 [INFO] [PROG] s*=4.34/7.21 (60.2%) dist_goal=2.56
11:38:20 [INFO] [MPC] state=(-0.11,+5.20,+0.07) wp0=(-0.04,+5.15) v=+0.200 ω=+0.758 ok=True iters=8
11:38:20 [INFO] [PROG] s*=4.36/7.21 (60.4%) dist_goal=2.55
11:38:20 [INFO] [MPC] state=(-0.09,+5.20,+0.11) wp0=(-0.02,+5.15) v=+0.200 ω=+0.937 ok=True iters=8
11:38:20 [INFO] [PROG] s*=4.37/7.21 (60.7%) dist_goal=2.53
11:38:20 [INFO] [MPC] state=(-0.07,+5.21,+0.16) wp0=(-0.00,+5.15) v=+0.200 ω=+0.394 ok=True iters=7
11:38:20 [INFO] [PROG] s*=4.39/7.21 (60.9%) dist_goal=2.51
11:38:20 [INFO] [MPC] state=(-0.05,+5.21,+0.19) wp0=(+0.01,+5.15) v=+0.200 ω=+0.623 ok=True iters=7
11:38:20 [INFO] [PROG] s*=4.41/7.21 (61.2%) dist_goal=2.49
11:38:20 [INFO] [MPC] state=(-0.04,+5.21,+0.22) wp0=(+0.03,+5.15) v=+0.200 ω=+0.015 ok=True iters=7
11:38:20 [INFO] [PROG] s*=4.43/7.21 (61.5%) dist_goal=2.48
11:38:20 [INFO] [MPC] state=(-0.02,+5.22,+0.23) wp0=(+0.05,+5.15) v=+0.200 ω=+0.225 ok=True iters=7
11:38:20 [INFO] [PROG] s*=4.45/7.21 (61.7%) dist_goal=2.46
11:38:20 [INFO] [MPC] state=(+0.00,+5.22,+0.24) wp0=(+0.07,+5.15) v=+0.200 ω=+0.175 ok=True iters=7
11:38:20 [INFO] [PROG] s*=4.47/7.21 (62.0%) dist_goal=2.44
11:38:20 [INFO] [MPC] state=(+0.02,+5.23,+0.26) wp0=(+0.09,+5.15) v=+0.200 ω=+0.493 ok=True iters=7
11:38:20 [INFO] [PROG] s*=4.49/7.21 (62.2%) dist_goal=2.42
11:38:20 [INFO] [MPC] state=(+0.04,+5.23,+0.29) wp0=(+0.11,+5.15) v=+0.200 ω=-0.236 ok=True iters=7
11:38:20 [INFO] [PROG] s*=4.50/7.21 (62.5%) dist_goal=2.40
11:38:20 [INFO] [MPC] state=(+0.06,+5.24,+0.27) wp0=(+0.13,+5.15) v=+0.200 ω=-0.285 ok=True iters=7
11:38:20 [INFO] [PROG] s*=4.52/7.21 (62.8%) dist_goal=2.39
11:38:20 [INFO] [MPC] state=(+0.08,+5.24,+0.25) wp0=(+0.15,+5.15) v=+0.200 ω=+0.126 ok=True iters=7
11:38:20 [INFO] [PROG] s*=4.54/7.21 (63.0%) dist_goal=2.37
11:38:20 [INFO] [MPC] state=(+0.10,+5.25,+0.26) wp0=(+0.17,+5.15) v=+0.200 ω=-0.575 ok=True iters=7
11:38:20 [INFO] [PROG] s*=4.56/7.21 (63.3%) dist_goal=2.35
11:38:20 [INFO] [MPC] state=(+0.12,+5.25,+0.22) wp0=(+0.18,+5.15) v=+0.200 ω=-0.562 ok=True iters=7
11:38:20 [INFO] [PROG] s*=4.58/7.21 (63.5%) dist_goal=2.33
11:38:20 [INFO] [MPC] state=(+0.13,+5.26,+0.19) wp0=(+0.20,+5.15) v=+0.200 ω=-0.422 ok=True iters=7
11:38:20 [INFO] [PROG] s*=4.60/7.21 (63.8%) dist_goal=2.32
11:38:20 [INFO] [MPC] state=(+0.15,+5.26,+0.17) wp0=(+0.22,+5.15) v=+0.200 ω=-0.416 ok=True iters=7
11:38:20 [INFO] [PROG] s*=4.62/7.21 (64.0%) dist_goal=2.30
11:38:20 [INFO] [MPC] state=(+0.17,+5.26,+0.14) wp0=(+0.24,+5.15) v=+0.200 ω=-0.844 ok=True iters=7
11:38:20 [INFO] [PROG] s*=4.63/7.21 (64.3%) dist_goal=2.28
11:38:20 [INFO] [MPC] state=(+0.19,+5.26,+0.09) wp0=(+0.26,+5.15) v=+0.200 ω=-0.615 ok=True iters=7
11:38:20 [INFO] [PROG] s*=4.65/7.21 (64.6%) dist_goal=2.26
11:38:20 [INFO] [MPC] state=(+0.21,+5.27,+0.06) wp0=(+0.28,+5.15) v=+0.200 ω=-0.551 ok=True iters=7
11:38:20 [INFO] [PROG] s*=4.67/7.21 (64.8%) dist_goal=2.24
11:38:20 [INFO] [MPC] state=(+0.23,+5.27,+0.02) wp0=(+0.29,+5.15) v=+0.200 ω=-0.325 ok=True iters=7
11:38:20 [INFO] [PROG] s*=4.69/7.21 (65.1%) dist_goal=2.23
11:38:20 [INFO] [MPC] state=(+0.24,+5.27,-0.01) wp0=(+0.31,+5.15) v=+0.200 ω=-0.247 ok=True iters=7
11:38:20 [INFO] [PROG] s*=4.71/7.21 (65.4%) dist_goal=2.21
11:38:20 [INFO] [MPC] state=(+0.26,+5.27,-0.03) wp0=(+0.33,+5.15) v=+0.200 ω=-0.041 ok=True iters=7
11:38:20 [INFO] [PROG] s*=4.73/7.21 (65.7%) dist_goal=2.19
11:38:20 [INFO] [MPC] state=(+0.28,+5.27,-0.03) wp0=(+0.35,+5.15) v=+0.200 ω=-0.022 ok=True iters=7
11:38:20 [INFO] [PROG] s*=4.75/7.21 (65.9%) dist_goal=2.17
11:38:20 [INFO] [MPC] state=(+0.30,+5.27,-0.03) wp0=(+0.37,+5.15) v=+0.200 ω=-0.006 ok=True iters=7
11:38:20 [INFO] [PROG] s*=4.77/7.21 (66.2%) dist_goal=2.15
11:38:20 [INFO] [MPC] state=(+0.32,+5.26,-0.03) wp0=(+0.40,+5.15) v=+0.200 ω=+0.006 ok=True iters=7
11:38:20 [INFO] [PROG] s*=4.79/7.21 (66.5%) dist_goal=2.13
11:38:20 [INFO] [MPC] state=(+0.35,+5.26,-0.03) wp0=(+0.42,+5.15) v=+0.200 ω=+0.015 ok=True iters=7
11:38:20 [INFO] [PROG] s*=4.81/7.21 (66.8%) dist_goal=2.11
11:38:20 [INFO] [MPC] state=(+0.37,+5.26,-0.03) wp0=(+0.44,+5.15) v=+0.200 ω=+0.022 ok=True iters=7
11:38:20 [INFO] [PROG] s*=4.83/7.21 (67.1%) dist_goal=2.09
11:38:20 [INFO] [MPC] state=(+0.39,+5.26,-0.03) wp0=(+0.46,+5.15) v=+0.200 ω=+0.026 ok=True iters=7
11:38:20 [INFO] [PROG] s*=4.85/7.21 (67.3%) dist_goal=2.07
11:38:20 [INFO] [MPC] state=(+0.41,+5.26,-0.03) wp0=(+0.47,+5.15) v=+0.200 ω=+0.317 ok=True iters=7
11:38:20 [INFO] [PROG] s*=4.87/7.21 (67.6%) dist_goal=2.05
11:38:20 [INFO] [MPC] state=(+0.42,+5.26,-0.01) wp0=(+0.49,+5.15) v=+0.200 ω=+0.277 ok=True iters=7
11:38:20 [INFO] [PROG] s*=4.89/7.21 (67.9%) dist_goal=2.03
11:38:20 [INFO] [MPC] state=(+0.44,+5.26,+0.01) wp0=(+0.51,+5.15) v=+0.200 ω=+0.239 ok=True iters=7
11:38:20 [INFO] [PROG] s*=4.91/7.21 (68.1%) dist_goal=2.01
11:38:20 [INFO] [MPC] state=(+0.46,+5.26,+0.02) wp0=(+0.53,+5.15) v=+0.200 ω=+0.198 ok=True iters=7
11:38:20 [INFO] [PROG] s*=4.93/7.21 (68.4%) dist_goal=1.99
11:38:20 [INFO] [MPC] state=(+0.48,+5.26,+0.04) wp0=(+0.55,+5.15) v=+0.200 ω=-0.448 ok=True iters=7
11:38:20 [INFO] [PROG] s*=4.95/7.21 (68.7%) dist_goal=1.97
11:38:20 [INFO] [MPC] state=(+0.50,+5.26,+0.00) wp0=(+0.57,+5.15) v=+0.200 ω=-0.208 ok=True iters=7
11:38:20 [INFO] [PROG] s*=4.97/7.21 (68.9%) dist_goal=1.95
11:38:20 [INFO] [MPC] state=(+0.52,+5.26,-0.01) wp0=(+0.59,+5.15) v=+0.200 ω=-0.165 ok=True iters=7
11:38:20 [INFO] [PROG] s*=4.99/7.21 (69.2%) dist_goal=1.93
11:38:20 [INFO] [MPC] state=(+0.54,+5.26,-0.03) wp0=(+0.61,+5.15) v=+0.200 ω=+0.024 ok=True iters=7
11:38:20 [INFO] [PROG] s*=5.01/7.21 (69.5%) dist_goal=1.91
11:38:20 [INFO] [MPC] state=(+0.56,+5.26,-0.03) wp0=(+0.63,+5.15) v=+0.200 ω=+0.315 ok=True iters=7
11:38:20 [INFO] [PROG] s*=5.03/7.21 (69.8%) dist_goal=1.89
11:38:20 [INFO] [MPC] state=(+0.58,+5.26,-0.01) wp0=(+0.65,+5.15) v=+0.200 ω=+0.275 ok=True iters=7
11:38:20 [INFO] [PROG] s*=5.05/7.21 (70.0%) dist_goal=1.88
11:38:20 [INFO] [MPC] state=(+0.60,+5.26,+0.01) wp0=(+0.67,+5.15) v=+0.200 ω=+0.237 ok=True iters=7
11:38:20 [INFO] [PROG] s*=5.07/7.21 (70.3%) dist_goal=1.86
11:38:20 [INFO] [MPC] state=(+0.62,+5.26,+0.03) wp0=(+0.69,+5.15) v=+0.200 ω=+0.195 ok=True iters=7
11:38:20 [INFO] [PROG] s*=5.09/7.21 (70.6%) dist_goal=1.84
11:38:20 [INFO] [MPC] state=(+0.64,+5.26,+0.04) wp0=(+0.71,+5.15) v=+0.200 ω=-0.454 ok=True iters=7
11:38:20 [INFO] [PROG] s*=5.10/7.21 (70.8%) dist_goal=1.82
11:38:20 [INFO] [MPC] state=(+0.66,+5.26,+0.01) wp0=(+0.73,+5.15) v=+0.200 ω=-0.227 ok=True iters=7
11:38:20 [INFO] [PROG] s*=5.12/7.21 (71.1%) dist_goal=1.80
11:38:20 [INFO] [MPC] state=(+0.68,+5.26,-0.01) wp0=(+0.75,+5.15) v=+0.200 ω=-0.163 ok=True iters=7
11:38:20 [INFO] [PROG] s*=5.15/7.21 (71.4%) dist_goal=1.78
11:38:20 [INFO] [MPC] state=(+0.70,+5.26,-0.03) wp0=(+0.77,+5.15) v=+0.200 ω=+0.024 ok=True iters=7
11:38:20 [INFO] [PROG] s*=5.16/7.21 (71.7%) dist_goal=1.76
11:38:20 [INFO] [MPC] state=(+0.72,+5.26,-0.03) wp0=(+0.79,+5.15) v=+0.200 ω=+0.315 ok=True iters=7
11:38:20 [INFO] [PROG] s*=5.18/7.21 (71.9%) dist_goal=1.74
11:38:20 [INFO] [MPC] state=(+0.74,+5.26,-0.01) wp0=(+0.81,+5.15) v=+0.200 ω=+0.280 ok=True iters=7
11:38:20 [INFO] [PROG] s*=5.20/7.21 (72.2%) dist_goal=1.72
11:38:20 [INFO] [MPC] state=(+0.76,+5.26,+0.01) wp0=(+0.83,+5.15) v=+0.200 ω=+0.238 ok=True iters=7
11:38:20 [INFO] [PROG] s*=5.22/7.21 (72.5%) dist_goal=1.71
11:38:20 [INFO] [MPC] state=(+0.78,+5.26,+0.02) wp0=(+0.85,+5.15) v=+0.200 ω=+0.202 ok=True iters=7
11:38:20 [INFO] [PROG] s*=5.24/7.21 (72.7%) dist_goal=1.69
11:38:20 [INFO] [MPC] state=(+0.80,+5.26,+0.04) wp0=(+0.86,+5.15) v=+0.200 ω=-0.448 ok=True iters=7
11:38:20 [INFO] [PROG] s*=5.26/7.21 (73.0%) dist_goal=1.67
11:38:20 [INFO] [MPC] state=(+0.81,+5.26,+0.00) wp0=(+0.88,+5.15) v=+0.200 ω=-0.381 ok=True iters=7
11:38:20 [INFO] [PROG] s*=5.28/7.21 (73.3%) dist_goal=1.65
11:38:20 [INFO] [MPC] state=(+0.83,+5.26,-0.02) wp0=(+0.90,+5.15) v=+0.200 ω=-0.313 ok=True iters=7
11:38:20 [INFO] [PROG] s*=5.30/7.21 (73.5%) dist_goal=1.63
11:38:20 [INFO] [MPC] state=(+0.85,+5.26,-0.05) wp0=(+0.92,+5.15) v=+0.200 ω=-0.107 ok=True iters=7
11:38:20 [INFO] [PROG] s*=5.32/7.21 (73.8%) dist_goal=1.61
11:38:20 [INFO] [MPC] state=(+0.87,+5.26,-0.06) wp0=(+0.94,+5.15) v=+0.200 ω=-0.067 ok=True iters=7
11:38:20 [INFO] [PROG] s*=5.34/7.21 (74.1%) dist_goal=1.59
11:38:20 [INFO] [MPC] state=(+0.89,+5.26,-0.06) wp0=(+0.96,+5.15) v=+0.200 ω=-0.619 ok=True iters=7
11:38:20 [INFO] [PROG] s*=5.36/7.21 (74.3%) dist_goal=1.57
11:38:20 [INFO] [MPC] state=(+0.91,+5.26,-0.10) wp0=(+0.98,+5.15) v=+0.200 ω=-0.514 ok=True iters=7
11:38:20 [INFO] [PROG] s*=5.38/7.21 (74.6%) dist_goal=1.55
11:38:20 [INFO] [MPC] state=(+0.93,+5.26,-0.13) wp0=(+1.00,+5.15) v=+0.200 ω=-0.264 ok=True iters=7
11:38:20 [INFO] [PROG] s*=5.40/7.21 (74.9%) dist_goal=1.53
11:38:20 [INFO] [MPC] state=(+0.95,+5.25,-0.15) wp0=(+1.02,+5.15) v=+0.200 ω=-0.186 ok=True iters=7
11:38:20 [INFO] [PROG] s*=5.41/7.21 (75.1%) dist_goal=1.52
11:38:20 [INFO] [MPC] state=(+0.97,+5.25,-0.16) wp0=(+1.04,+5.15) v=+0.200 ω=-0.634 ok=True iters=7
11:38:21 [INFO] [PROG] s*=5.43/7.21 (75.4%) dist_goal=1.50
11:38:21 [INFO] [MPC] state=(+0.99,+5.25,-0.20) wp0=(+1.06,+5.15) v=+0.200 ω=-0.353 ok=True iters=7
11:38:21 [INFO] [PROG] s*=5.45/7.21 (75.7%) dist_goal=1.48
11:38:21 [INFO] [MPC] state=(+1.01,+5.24,-0.22) wp0=(+1.08,+5.15) v=+0.200 ω=-0.252 ok=True iters=7
11:38:21 [INFO] [PROG] s*=5.47/7.21 (75.9%) dist_goal=1.46
11:38:21 [INFO] [MPC] state=(+1.03,+5.24,-0.24) wp0=(+1.10,+5.15) v=+0.200 ω=-0.155 ok=True iters=7
11:38:21 [INFO] [PROG] s*=5.49/7.21 (76.2%) dist_goal=1.44
11:38:21 [INFO] [MPC] state=(+1.05,+5.23,-0.25) wp0=(+1.11,+5.15) v=+0.200 ω=-0.119 ok=True iters=7
11:38:21 [INFO] [PROG] s*=5.51/7.21 (76.5%) dist_goal=1.42
11:38:21 [INFO] [MPC] state=(+1.06,+5.23,-0.26) wp0=(+1.13,+5.15) v=+0.200 ω=-0.110 ok=True iters=7
11:38:21 [INFO] [PROG] s*=5.53/7.21 (76.7%) dist_goal=1.40
11:38:21 [INFO] [MPC] state=(+1.08,+5.22,-0.27) wp0=(+1.15,+5.15) v=+0.200 ω=+0.547 ok=True iters=7
11:38:21 [INFO] [PROG] s*=5.55/7.21 (77.0%) dist_goal=1.38
11:38:21 [INFO] [MPC] state=(+1.10,+5.22,-0.24) wp0=(+1.17,+5.15) v=+0.200 ω=+0.338 ok=True iters=7
11:38:21 [INFO] [PROG] s*=5.57/7.21 (77.2%) dist_goal=1.36
11:38:21 [INFO] [MPC] state=(+1.12,+5.21,-0.22) wp0=(+1.19,+5.15) v=+0.200 ω=+0.587 ok=True iters=7
11:38:21 [INFO] [PROG] s*=5.58/7.21 (77.5%) dist_goal=1.34
11:38:21 [INFO] [MPC] state=(+1.14,+5.21,-0.18) wp0=(+1.21,+5.15) v=+0.200 ω=+0.343 ok=True iters=7
11:38:21 [INFO] [PROG] s*=5.60/7.21 (77.7%) dist_goal=1.32
11:38:21 [INFO] [MPC] state=(+1.16,+5.21,-0.16) wp0=(+1.23,+5.15) v=+0.200 ω=+0.607 ok=True iters=7
11:38:21 [INFO] [PROG] s*=5.62/7.21 (78.0%) dist_goal=1.31
11:38:21 [INFO] [MPC] state=(+1.18,+5.20,-0.13) wp0=(+1.24,+5.15) v=+0.200 ω=+1.018 ok=True iters=7
11:38:21 [INFO] [PROG] s*=5.63/7.21 (78.2%) dist_goal=1.29
11:38:21 [INFO] [MPC] state=(+1.19,+5.20,-0.07) wp0=(+1.26,+5.15) v=+0.200 ω=+0.942 ok=True iters=7
11:38:21 [INFO] [PROG] s*=5.65/7.21 (78.4%) dist_goal=1.28
11:38:21 [INFO] [MPC] state=(+1.21,+5.20,-0.02) wp0=(+1.27,+5.15) v=+0.200 ω=+0.952 ok=True iters=9
11:38:21 [INFO] [PROG] s*=5.67/7.21 (78.6%) dist_goal=1.26
11:38:21 [INFO] [MPC] state=(+1.22,+5.20,+0.02) wp0=(+1.29,+5.15) v=+0.200 ω=+0.537 ok=True iters=7
11:38:21 [INFO] [PROG] s*=5.68/7.21 (78.9%) dist_goal=1.24
11:38:21 [INFO] [MPC] state=(+1.24,+5.20,+0.05) wp0=(+1.31,+5.15) v=+0.200 ω=+0.786 ok=True iters=8
11:38:21 [INFO] [PROG] s*=5.70/7.21 (79.1%) dist_goal=1.23
11:38:21 [INFO] [MPC] state=(+1.26,+5.20,+0.09) wp0=(+1.32,+5.15) v=+0.200 ω=+0.743 ok=True iters=8
11:38:21 [INFO] [PROG] s*=5.72/7.21 (79.4%) dist_goal=1.21
11:38:21 [INFO] [MPC] state=(+1.27,+5.20,+0.13) wp0=(+1.34,+5.15) v=+0.200 ω=+0.455 ok=True iters=7
11:38:21 [INFO] [PROG] s*=5.74/7.21 (79.6%) dist_goal=1.19
11:38:21 [INFO] [MPC] state=(+1.29,+5.21,+0.16) wp0=(+1.36,+5.15) v=+0.200 ω=+0.350 ok=True iters=7
11:38:21 [INFO] [PROG] s*=5.76/7.21 (79.9%) dist_goal=1.18
11:38:21 [INFO] [MPC] state=(+1.31,+5.21,+0.18) wp0=(+1.38,+5.15) v=+0.200 ω=+0.724 ok=True iters=7
11:38:21 [INFO] [PROG] s*=5.78/7.21 (80.1%) dist_goal=1.16
11:38:21 [INFO] [MPC] state=(+1.33,+5.21,+0.23) wp0=(+1.40,+5.15) v=+0.200 ω=-0.026 ok=True iters=7
11:38:21 [INFO] [PROG] s*=5.79/7.21 (80.4%) dist_goal=1.15
11:38:21 [INFO] [MPC] state=(+1.35,+5.22,+0.23) wp0=(+1.42,+5.15) v=+0.200 ω=+0.299 ok=True iters=7
11:38:21 [INFO] [PROG] s*=5.81/7.21 (80.7%) dist_goal=1.13
11:38:21 [INFO] [MPC] state=(+1.37,+5.22,+0.25) wp0=(+1.44,+5.15) v=+0.200 ω=+0.126 ok=True iters=7
11:38:21 [INFO] [PROG] s*=5.83/7.21 (80.9%) dist_goal=1.11
11:38:21 [INFO] [MPC] state=(+1.39,+5.23,+0.26) wp0=(+1.46,+5.15) v=+0.200 ω=-0.087 ok=True iters=7
11:38:21 [INFO] [PROG] s*=5.85/7.21 (81.2%) dist_goal=1.10
11:38:21 [INFO] [MPC] state=(+1.41,+5.23,+0.25) wp0=(+1.48,+5.15) v=+0.200 ω=-0.156 ok=True iters=7
11:38:21 [INFO] [PROG] s*=5.87/7.21 (81.5%) dist_goal=1.08
11:38:21 [INFO] [MPC] state=(+1.43,+5.24,+0.24) wp0=(+1.49,+5.15) v=+0.200 ω=+0.230 ok=True iters=7
11:38:21 [INFO] [PROG] s*=5.89/7.21 (81.7%) dist_goal=1.06
11:38:21 [INFO] [MPC] state=(+1.44,+5.24,+0.25) wp0=(+1.51,+5.15) v=+0.200 ω=+0.100 ok=True iters=7
11:38:21 [INFO] [PROG] s*=5.91/7.21 (82.0%) dist_goal=1.05
11:38:21 [INFO] [MPC] state=(+1.46,+5.25,+0.26) wp0=(+1.53,+5.15) v=+0.200 ω=-0.602 ok=True iters=7
11:38:21 [INFO] [PROG] s*=5.93/7.21 (82.3%) dist_goal=1.03
11:38:21 [INFO] [MPC] state=(+1.48,+5.25,+0.23) wp0=(+1.55,+5.15) v=+0.200 ω=-0.165 ok=True iters=7
11:38:21 [INFO] [PROG] s*=5.95/7.21 (82.5%) dist_goal=1.02
11:38:21 [INFO] [MPC] state=(+1.50,+5.26,+0.21) wp0=(+1.57,+5.15) v=+0.200 ω=-0.625 ok=True iters=7
11:38:21 [INFO] [PROG] s*=5.97/7.21 (82.8%) dist_goal=1.00
11:38:21 [INFO] [MPC] state=(+1.52,+5.26,+0.18) wp0=(+1.59,+5.15) v=+0.200 ω=-0.468 ok=True iters=7
11:38:21 [INFO] [PROG] s*=5.98/7.21 (83.0%) dist_goal=0.99
11:38:21 [INFO] [MPC] state=(+1.54,+5.26,+0.15) wp0=(+1.61,+5.15) v=+0.200 ω=-0.897 ok=True iters=7
11:38:21 [INFO] [PROG] s*=6.00/7.21 (83.3%) dist_goal=0.97
11:38:21 [INFO] [MPC] state=(+1.56,+5.27,+0.10) wp0=(+1.62,+5.15) v=+0.200 ω=-0.660 ok=True iters=7
11:38:21 [INFO] [PROG] s*=6.02/7.21 (83.5%) dist_goal=0.95
11:38:21 [INFO] [MPC] state=(+1.57,+5.27,+0.06) wp0=(+1.64,+5.15) v=+0.200 ω=-0.589 ok=True iters=7
11:38:21 [INFO] [PROG] s*=6.04/7.21 (83.8%) dist_goal=0.94
11:38:21 [INFO] [MPC] state=(+1.59,+5.27,+0.02) wp0=(+1.66,+5.15) v=+0.200 ω=-0.799 ok=True iters=7
11:38:21 [INFO] [PROG] s*=6.05/7.21 (84.0%) dist_goal=0.92
11:38:21 [INFO] [MPC] state=(+1.61,+5.27,-0.03) wp0=(+1.68,+5.15) v=+0.200 ω=-0.680 ok=True iters=7
11:38:21 [INFO] [PROG] s*=6.07/7.21 (84.3%) dist_goal=0.90
11:38:21 [INFO] [MPC] state=(+1.63,+5.27,-0.07) wp0=(+1.70,+5.15) v=+0.200 ω=+0.043 ok=True iters=7
11:38:21 [INFO] [PROG] s*=6.09/7.21 (84.6%) dist_goal=0.89
11:38:21 [INFO] [MPC] state=(+1.65,+5.27,-0.08) wp0=(+1.72,+5.15) v=+0.200 ω=+0.074 ok=True iters=7
11:38:21 [INFO] [PROG] s*=6.11/7.21 (84.8%) dist_goal=0.87
11:38:21 [INFO] [MPC] state=(+1.67,+5.26,-0.07) wp0=(+1.74,+5.15) v=+0.200 ω=+0.080 ok=True iters=7
11:38:21 [INFO] [PROG] s*=6.13/7.21 (85.1%) dist_goal=0.85
11:38:21 [INFO] [MPC] state=(+1.69,+5.26,-0.06) wp0=(+1.76,+5.15) v=+0.200 ω=+0.082 ok=True iters=7
11:38:21 [INFO] [PROG] s*=6.16/7.21 (85.4%) dist_goal=0.83
11:38:21 [INFO] [MPC] state=(+1.71,+5.26,-0.05) wp0=(+1.78,+5.15) v=+0.200 ω=+0.082 ok=True iters=7
11:38:21 [INFO] [PROG] s*=6.18/7.21 (85.7%) dist_goal=0.81
11:38:21 [INFO] [MPC] state=(+1.73,+5.26,-0.04) wp0=(+1.80,+5.15) v=+0.200 ω=+0.079 ok=True iters=7
11:38:21 [INFO] [PROG] s*=6.19/7.21 (85.9%) dist_goal=0.80
11:38:21 [INFO] [MPC] state=(+1.75,+5.26,-0.04) wp0=(+1.82,+5.15) v=+0.200 ω=+0.360 ok=True iters=7
11:38:21 [INFO] [PROG] s*=6.21/7.21 (86.2%) dist_goal=0.78
11:38:21 [INFO] [MPC] state=(+1.77,+5.26,-0.01) wp0=(+1.84,+5.15) v=+0.199 ω=+0.318 ok=True iters=7
11:38:21 [INFO] [PROG] s*=6.23/7.21 (86.5%) dist_goal=0.76
11:38:21 [INFO] [MPC] state=(+1.79,+5.26,+0.00) wp0=(+1.85,+5.15) v=+0.195 ω=+0.276 ok=True iters=7
11:38:21 [INFO] [PROG] s*=6.25/7.21 (86.7%) dist_goal=0.75
11:38:21 [INFO] [MPC] state=(+1.80,+5.26,+0.02) wp0=(+1.87,+5.15) v=+0.191 ω=+0.231 ok=True iters=7
11:38:21 [INFO] [PROG] s*=6.27/7.21 (87.0%) dist_goal=0.73
11:38:21 [INFO] [MPC] state=(+1.82,+5.26,+0.04) wp0=(+1.89,+5.15) v=+0.187 ω=+0.169 ok=True iters=7
11:38:21 [INFO] [PROG] s*=6.29/7.21 (87.2%) dist_goal=0.72
11:38:21 [INFO] [MPC] state=(+1.84,+5.26,+0.06) wp0=(+1.91,+5.15) v=+0.183 ω=-0.469 ok=True iters=7
11:38:21 [INFO] [PROG] s*=6.31/7.21 (87.5%) dist_goal=0.70
11:38:21 [INFO] [MPC] state=(+1.86,+5.26,+0.02) wp0=(+1.93,+5.15) v=+0.180 ω=+0.210 ok=True iters=7
11:38:21 [INFO] [PROG] s*=6.32/7.21 (87.7%) dist_goal=0.69
11:38:21 [INFO] [MPC] state=(+1.88,+5.26,+0.04) wp0=(+1.95,+5.15) v=+0.176 ω=-0.426 ok=True iters=8
11:38:21 [INFO] [PROG] s*=6.34/7.21 (88.0%) dist_goal=0.68
11:38:21 [INFO] [MPC] state=(+1.90,+5.26,-0.01) wp0=(+1.96,+5.15) v=+0.173 ω=-0.159 ok=True iters=8
11:38:21 [INFO] [PROG] s*=6.36/7.21 (88.2%) dist_goal=0.66
11:38:21 [INFO] [MPC] state=(+1.91,+5.26,-0.03) wp0=(+1.98,+5.15) v=+0.169 ω=+0.022 ok=True iters=8
11:38:21 [INFO] [PROG] s*=6.37/7.21 (88.4%) dist_goal=0.65
11:38:21 [INFO] [MPC] state=(+1.93,+5.26,-0.03) wp0=(+2.00,+5.15) v=+0.166 ω=+0.316 ok=True iters=8
11:38:21 [INFO] [PROG] s*=6.39/7.21 (88.7%) dist_goal=0.64
11:38:21 [INFO] [MPC] state=(+1.95,+5.26,+0.00) wp0=(+2.01,+5.15) v=+0.163 ω=+0.250 ok=True iters=8
11:38:21 [INFO] [PROG] s*=6.41/7.21 (88.9%) dist_goal=0.63
11:38:21 [INFO] [MPC] state=(+1.96,+5.26,+0.03) wp0=(+2.03,+5.15) v=+0.159 ω=+0.187 ok=True iters=8
11:38:21 [INFO] [PROG] s*=6.42/7.21 (89.1%) dist_goal=0.61
11:38:21 [INFO] [MPC] state=(+1.98,+5.26,+0.04) wp0=(+2.04,+5.15) v=+0.157 ω=-0.415 ok=True iters=8
11:38:21 [INFO] [PROG] s*=6.44/7.21 (89.3%) dist_goal=0.60
11:38:21 [INFO] [MPC] state=(+1.99,+5.26,-0.01) wp0=(+2.06,+5.15) v=+0.154 ω=-0.161 ok=True iters=8
11:38:21 [INFO] [PROG] s*=6.45/7.21 (89.5%) dist_goal=0.59
11:38:21 [INFO] [MPC] state=(+2.01,+5.26,-0.02) wp0=(+2.08,+5.15) v=+0.151 ω=-0.110 ok=True iters=8
11:38:21 [INFO] [PROG] s*=6.47/7.21 (89.7%) dist_goal=0.58
11:38:21 [INFO] [MPC] state=(+2.03,+5.26,-0.04) wp0=(+2.09,+5.15) v=+0.148 ω=+0.035 ok=True iters=8
11:38:21 [INFO] [PROG] s*=6.48/7.21 (89.9%) dist_goal=0.57
11:38:21 [INFO] [MPC] state=(+2.04,+5.26,-0.03) wp0=(+2.11,+5.15) v=+0.145 ω=+0.027 ok=True iters=8
11:38:21 [INFO] [PROG] s*=6.50/7.21 (90.1%) dist_goal=0.56
11:38:21 [INFO] [MPC] state=(+2.06,+5.26,-0.03) wp0=(+2.12,+5.15) v=+0.143 ω=+0.308 ok=True iters=8
11:38:21 [INFO] [PROG] s*=6.51/7.21 (90.3%) dist_goal=0.55
11:38:21 [INFO] [MPC] state=(+2.07,+5.26,-0.00) wp0=(+2.13,+5.15) v=+0.140 ω=+0.230 ok=True iters=8
11:38:21 [INFO] [PROG] s*=6.52/7.21 (90.5%) dist_goal=0.54
11:38:21 [INFO] [MPC] state=(+2.08,+5.26,+0.02) wp0=(+2.15,+5.15) v=+0.138 ω=+0.168 ok=True iters=7
11:38:21 [INFO] [PROG] s*=6.54/7.21 (90.7%) dist_goal=0.53
11:38:21 [INFO] [MPC] state=(+2.10,+5.26,+0.03) wp0=(+2.16,+5.15) v=+0.136 ω=+0.105 ok=True iters=7
11:38:21 [INFO] [PROG] s*=6.55/7.21 (90.9%) dist_goal=0.53
11:38:21 [INFO] [MPC] state=(+2.11,+5.26,+0.04) wp0=(+2.17,+5.15) v=+0.134 ω=-0.458 ok=True iters=7
11:38:21 [INFO] [PROG] s*=6.56/7.21 (91.1%) dist_goal=0.52
11:38:21 [INFO] [MPC] state=(+2.12,+5.26,-0.01) wp0=(+2.19,+5.15) v=+0.131 ω=+0.173 ok=True iters=7
11:38:21 [INFO] [PROG] s*=6.58/7.21 (91.2%) dist_goal=0.51
11:38:21 [INFO] [MPC] state=(+2.14,+5.26,+0.01) wp0=(+2.20,+5.15) v=+0.129 ω=+0.123 ok=True iters=7
11:38:21 [INFO] [PROG] s*=6.59/7.21 (91.4%) dist_goal=0.50
11:38:21 [INFO] [MPC] state=(+2.15,+5.26,+0.02) wp0=(+2.21,+5.15) v=+0.128 ω=+0.071 ok=True iters=7
11:38:21 [INFO] [PROG] s*=6.60/7.21 (91.6%) dist_goal=0.50
11:38:21 [INFO] [MPC] state=(+2.16,+5.26,+0.03) wp0=(+2.22,+5.15) v=+0.126 ω=-0.472 ok=True iters=7
11:38:21 [INFO] [PROG] s*=6.61/7.21 (91.8%) dist_goal=0.49
11:38:21 [INFO] [MPC] state=(+2.17,+5.26,-0.02) wp0=(+2.24,+5.15) v=+0.124 ω=-0.638 ok=True iters=8
11:38:21 [INFO] [PROG] s*=6.63/7.21 (91.9%) dist_goal=0.48
11:38:21 [INFO] [MPC] state=(+2.19,+5.26,-0.09) wp0=(+2.25,+5.15) v=+0.122 ω=+0.032 ok=True iters=8
11:38:21 [INFO] [PROG] s*=6.64/7.21 (92.1%) dist_goal=0.47
11:38:21 [INFO] [MPC] state=(+2.20,+5.26,-0.09) wp0=(+2.26,+5.15) v=+0.120 ω=-0.105 ok=True iters=8
11:38:21 [INFO] [PROG] s*=6.65/7.21 (92.3%) dist_goal=0.47
11:38:21 [INFO] [MPC] state=(+2.21,+5.26,-0.10) wp0=(+2.27,+5.15) v=+0.119 ω=-0.078 ok=True iters=8
11:38:21 [INFO] [PROG] s*=6.66/7.21 (92.4%) dist_goal=0.46
11:38:21 [INFO] [MPC] state=(+2.22,+5.26,-0.11) wp0=(+2.29,+5.15) v=+0.117 ω=-0.054 ok=True iters=8
11:38:21 [INFO] [PROG] s*=6.67/7.21 (92.6%) dist_goal=0.45
11:38:21 [INFO] [MPC] state=(+2.24,+5.26,-0.11) wp0=(+2.30,+5.15) v=+0.115 ω=-0.037 ok=True iters=8
11:38:21 [INFO] [PROG] s*=6.69/7.21 (92.8%) dist_goal=0.45
11:38:21 [INFO] [MPC] state=(+2.25,+5.26,-0.12) wp0=(+2.31,+5.15) v=+0.113 ω=-0.024 ok=True iters=8
11:38:21 [INFO] [PROG] s*=6.70/7.21 (92.9%) dist_goal=0.44
11:38:21 [INFO] [MPC] state=(+2.26,+5.25,-0.12) wp0=(+2.32,+5.15) v=+0.112 ω=-0.390 ok=True iters=8
11:38:21 [INFO] [PROG] s*=6.71/7.21 (93.1%) dist_goal=0.43
11:38:21 [INFO] [MPC] state=(+2.27,+5.25,-0.16) wp0=(+2.33,+5.15) v=+0.110 ω=-0.427 ok=True iters=8
11:38:21 [INFO] [PROG] s*=6.72/7.21 (93.2%) dist_goal=0.43
11:38:21 [INFO] [MPC] state=(+2.28,+5.25,-0.20) wp0=(+2.34,+5.15) v=+0.109 ω=-1.009 ok=True iters=7
11:38:21 [INFO] [PROG] s*=6.73/7.21 (93.3%) dist_goal=0.42
11:38:21 [INFO] [MPC] state=(+2.29,+5.25,-0.30) wp0=(+2.35,+5.15) v=+0.107 ω=-1.408 ok=True iters=7
11:38:21 [INFO] [PROG] s*=6.74/7.21 (93.5%) dist_goal=0.41
11:38:21 [INFO] [MPC] state=(+2.30,+5.24,-0.44) wp0=(+2.36,+5.15) v=+0.105 ω=-1.578 ok=True iters=7
11:38:21 [INFO] [PROG] s*=6.74/7.21 (93.6%) dist_goal=0.41
11:38:21 [INFO] [MPC] state=(+2.31,+5.24,-0.58) wp0=(+2.37,+5.15) v=+0.104 ω=-1.591 ok=True iters=7
11:38:21 [INFO] [PROG] s*=6.75/7.21 (93.7%) dist_goal=0.40
11:38:21 [INFO] [MPC] state=(+2.32,+5.23,-0.73) wp0=(+2.37,+5.15) v=+0.101 ω=-1.071 ok=True iters=8
11:38:21 [INFO] [PROG] s*=6.76/7.21 (93.8%) dist_goal=0.39
11:38:21 [INFO] [MPC] state=(+2.32,+5.23,-0.84) wp0=(+2.38,+5.15) v=+0.099 ω=-0.866 ok=True iters=10
11:38:21 [INFO] [PROG] s*=6.76/7.21 (93.9%) dist_goal=0.38
11:38:21 [INFO] [MPC] state=(+2.33,+5.22,-0.92) wp0=(+2.39,+5.15) v=+0.096 ω=-0.900 ok=True iters=11
11:38:21 [INFO] [PROG] s*=6.77/7.21 (93.9%) dist_goal=0.37
11:38:21 [INFO] [MPC] state=(+2.34,+5.21,-1.01) wp0=(+2.39,+5.15) v=+0.094 ω=-1.055 ok=True iters=12
11:38:21 [INFO] [PROG] s*=6.77/7.21 (93.9%) dist_goal=0.36
11:38:21 [INFO] [MPC] state=(+2.34,+5.20,-1.12) wp0=(+2.39,+5.15) v=+0.030 ω=-0.805 ok=True iters=10
11:38:21 [INFO] [PROG] s*=6.77/7.21 (93.9%) dist_goal=0.36
11:38:21 [INFO] [MPC] state=(+2.34,+5.20,-1.20) wp0=(+2.39,+5.15) v=+0.030 ω=-0.547 ok=True iters=9
11:38:21 [INFO] [PROG] s*=6.77/7.21 (94.0%) dist_goal=0.36
11:38:21 [INFO] [MPC] state=(+2.34,+5.19,-1.25) wp0=(+2.39,+5.15) v=+0.030 ω=-0.337 ok=True iters=8
11:38:21 [INFO] [PROG] s*=6.77/7.21 (94.0%) dist_goal=0.35
11:38:21 [INFO] [MPC] state=(+2.34,+5.19,-1.29) wp0=(+2.40,+5.15) v=+0.030 ω=-0.246 ok=True iters=8
11:38:21 [INFO] [PROG] s*=6.77/7.21 (94.0%) dist_goal=0.35
11:38:21 [INFO] [MPC] state=(+2.35,+5.19,-1.31) wp0=(+2.40,+5.15) v=+0.030 ω=-0.176 ok=True iters=8
11:38:21 [INFO] [PROG] s*=6.77/7.21 (94.0%) dist_goal=0.35
11:38:21 [INFO] [MPC] state=(+2.35,+5.19,-1.33) wp0=(+2.40,+5.15) v=+0.030 ω=-0.126 ok=True iters=8
11:38:21 [INFO] [PROG] s*=6.78/7.21 (94.0%) dist_goal=0.34
11:38:21 [INFO] [MPC] state=(+2.35,+5.18,-1.34) wp0=(+2.40,+5.15) v=+0.030 ω=-0.142 ok=True iters=8
11:38:21 [INFO] [PROG] s*=6.78/7.21 (94.0%) dist_goal=0.34
11:38:21 [INFO] [MPC] state=(+2.35,+5.18,-1.36) wp0=(+2.40,+5.15) v=+0.030 ω=-0.098 ok=True iters=8
11:38:21 [INFO] [PROG] s*=6.78/7.21 (94.0%) dist_goal=0.34
11:38:21 [INFO] [MPC] state=(+2.35,+5.18,-1.37) wp0=(+2.40,+5.15) v=+0.030 ω=-0.069 ok=True iters=8
11:38:21 [INFO] [PROG] s*=6.78/7.21 (94.0%) dist_goal=0.34
11:38:21 [INFO] [MPC] state=(+2.35,+5.17,-1.37) wp0=(+2.40,+5.15) v=+0.030 ω=-0.050 ok=True iters=8
11:38:21 [INFO] [PROG] s*=6.78/7.21 (94.0%) dist_goal=0.33
11:38:21 [INFO] [MPC] state=(+2.35,+5.17,-1.38) wp0=(+2.40,+5.15) v=+0.030 ω=+0.006 ok=True iters=8
11:38:21 [INFO] [PROG] s*=6.78/7.21 (94.0%) dist_goal=0.33
11:38:21 [INFO] [MPC] state=(+2.35,+5.17,-1.38) wp0=(+2.40,+5.15) v=+0.030 ω=+0.004 ok=True iters=8
11:38:21 [INFO] [PROG] s*=6.78/7.21 (94.1%) dist_goal=0.33
11:38:21 [INFO] [MPC] state=(+2.35,+5.17,-1.38) wp0=(+2.40,+5.15) v=+0.030 ω=+0.002 ok=True iters=8
11:38:21 [INFO] [PROG] s*=6.78/7.21 (94.1%) dist_goal=0.32
11:38:21 [INFO] [MPC] state=(+2.35,+5.16,-1.38) wp0=(+2.40,+5.15) v=+0.030 ω=+0.003 ok=True iters=8
11:38:21 [INFO] [PROG] s*=6.78/7.21 (94.1%) dist_goal=0.32
11:38:21 [INFO] [MPC] state=(+2.35,+5.16,-1.38) wp0=(+2.40,+5.15) v=+0.030 ω=+0.004 ok=True iters=8
11:38:21 [INFO] [PROG] s*=6.78/7.21 (94.1%) dist_goal=0.32
11:38:21 [INFO] [MPC] state=(+2.35,+5.16,-1.38) wp0=(+2.40,+5.15) v=+0.030 ω=+0.007 ok=True iters=8
11:38:21 [INFO] [PROG] s*=6.78/7.21 (94.1%) dist_goal=0.32
11:38:21 [INFO] [MPC] state=(+2.35,+5.15,-1.38) wp0=(+2.40,+5.15) v=+0.030 ω=+0.011 ok=True iters=8
11:38:21 [INFO] [PROG] s*=6.78/7.21 (94.1%) dist_goal=0.31
11:38:21 [INFO] [MPC] state=(+2.35,+5.15,-1.38) wp0=(+2.40,+5.15) v=+0.030 ω=+0.014 ok=True iters=8
11:38:21 [INFO] [PROG] s*=6.78/7.21 (94.1%) dist_goal=0.31
11:38:21 [INFO] [MPC] state=(+2.35,+5.15,-1.38) wp0=(+2.41,+5.15) v=+0.030 ω=+0.018 ok=True iters=8
11:38:21 [INFO] [PROG] s*=6.78/7.21 (94.1%) dist_goal=0.31
11:38:21 [INFO] [MPC] state=(+2.36,+5.15,-1.37) wp0=(+2.41,+5.15) v=+0.030 ω=+0.014 ok=True iters=8
11:38:21 [INFO] [PROG] s*=6.78/7.21 (94.1%) dist_goal=0.30
11:38:21 [INFO] [MPC] state=(+2.36,+5.14,-1.37) wp0=(+2.41,+5.15) v=+0.030 ω=+0.008 ok=True iters=8
11:38:21 [INFO] [PROG] s*=6.78/7.21 (94.1%) dist_goal=0.30
11:38:21 [INFO] [MPC] state=(+2.36,+5.14,-1.37) wp0=(+2.41,+5.15) v=+0.030 ω=+0.008 ok=True iters=8
11:38:21 [INFO] [PROG] s*=6.78/7.21 (94.1%) dist_goal=0.30
11:38:21 [INFO] [MPC] state=(+2.36,+5.14,-1.37) wp0=(+2.41,+5.15) v=+0.030 ω=+0.007 ok=True iters=8
11:38:21 [INFO] [PROG] s*=6.79/7.21 (94.1%) dist_goal=0.30
11:38:21 [INFO] [MPC] state=(+2.36,+5.13,-1.37) wp0=(+2.41,+5.15) v=+0.030 ω=+0.010 ok=True iters=8
11:38:21 [INFO] [PROG] s*=6.79/7.21 (94.2%) dist_goal=0.29
11:38:21 [INFO] [MPC] state=(+2.36,+5.13,-1.37) wp0=(+2.41,+5.15) v=+0.030 ω=+0.012 ok=True iters=8
11:38:21 [INFO] [PROG] s*=6.79/7.21 (94.2%) dist_goal=0.29
11:38:21 [INFO] [MPC] state=(+2.36,+5.13,-1.37) wp0=(+2.41,+5.15) v=+0.030 ω=+0.014 ok=True iters=8
11:38:21 [INFO] [PROG] s*=6.79/7.21 (94.2%) dist_goal=0.29
11:38:21 [INFO] [MPC] state=(+2.36,+5.13,-1.37) wp0=(+2.41,+5.15) v=+0.030 ω=+0.019 ok=True iters=8
11:38:21 [INFO] [PROG] s*=6.79/7.21 (94.2%) dist_goal=0.28
11:38:21 [INFO] [MPC] state=(+2.36,+5.12,-1.36) wp0=(+2.41,+5.15) v=+0.030 ω=+0.022 ok=True iters=8
11:38:21 [INFO] [PROG] s*=6.79/7.21 (94.2%) dist_goal=0.28
11:38:21 [INFO] [MPC] state=(+2.36,+5.12,-1.36) wp0=(+2.41,+5.15) v=+0.030 ω=+0.029 ok=True iters=8
11:38:21 [INFO] [PROG] s*=6.79/7.21 (94.2%) dist_goal=0.28
11:38:21 [INFO] [MPC] state=(+2.36,+5.12,-1.36) wp0=(+2.41,+5.15) v=+0.030 ω=+0.032 ok=True iters=8
11:38:21 [INFO] [PROG] s*=6.79/7.21 (94.2%) dist_goal=0.28
11:38:21 [INFO] [MPC] state=(+2.36,+5.12,-1.35) wp0=(+2.41,+5.15) v=+0.030 ω=+0.038 ok=True iters=8
11:38:21 [INFO] [PROG] s*=6.79/7.21 (94.2%) dist_goal=0.27
11:38:21 [INFO] [MPC] state=(+2.36,+5.11,-1.35) wp0=(+2.41,+5.15) v=+0.030 ω=+0.054 ok=True iters=8
11:38:21 [INFO] [PROG] s*=6.79/7.21 (94.2%) dist_goal=0.27
11:38:21 [INFO] [MPC] state=(+2.36,+5.11,-1.35) wp0=(+2.41,+5.15) v=+0.030 ω=+0.058 ok=True iters=8
11:38:21 [INFO] [PROG] s*=6.79/7.21 (94.2%) dist_goal=0.27
11:38:21 [INFO] [MPC] state=(+2.36,+5.11,-1.34) wp0=(+2.41,+5.15) v=+0.030 ω=+0.042 ok=True iters=8
11:38:21 [INFO] [PROG] s*=6.79/7.21 (94.2%) dist_goal=0.27
11:38:21 [INFO] [MPC] state=(+2.36,+5.10,-1.34) wp0=(+2.42,+5.15) v=+0.030 ω=+0.042 ok=True iters=8
11:38:21 [INFO] [PROG] s*=6.79/7.21 (94.3%) dist_goal=0.26
11:38:21 [INFO] [MPC] state=(+2.37,+5.10,-1.33) wp0=(+2.42,+5.15) v=+0.030 ω=+0.042 ok=True iters=8
11:38:21 [INFO] [PROG] s*=6.79/7.21 (94.3%) dist_goal=0.26
11:38:21 [INFO] [MPC] state=(+2.37,+5.10,-1.33) wp0=(+2.42,+5.15) v=+0.030 ω=+0.125 ok=True iters=9
11:38:21 [INFO] [PROG] s*=6.79/7.21 (94.3%) dist_goal=0.26
11:38:21 [INFO] [MPC] state=(+2.37,+5.10,-1.31) wp0=(+2.42,+5.15) v=+0.030 ω=+0.051 ok=True iters=9
11:38:21 [INFO] [PROG] s*=6.80/7.21 (94.3%) dist_goal=0.25
11:38:21 [INFO] [MPC] state=(+2.37,+5.09,-1.31) wp0=(+2.42,+5.15) v=+0.030 ω=+0.064 ok=True iters=9
11:38:21 [INFO] [PROG] s*=6.80/7.21 (94.3%) dist_goal=0.25
11:38:21 [INFO] [MPC] state=(+2.37,+5.09,-1.30) wp0=(+2.42,+5.15) v=+0.030 ω=+0.081 ok=True iters=9
11:38:21 [INFO] [PROG] s*=6.80/7.21 (94.3%) dist_goal=0.25
11:38:21 [INFO] [MPC] state=(+2.37,+5.09,-1.29) wp0=(+2.42,+5.15) v=+0.030 ω=+0.091 ok=True iters=9
11:38:21 [INFO] [PROG] s*=6.80/7.21 (94.3%) dist_goal=0.25
11:38:21 [INFO] [MPC] state=(+2.37,+5.09,-1.28) wp0=(+2.42,+5.15) v=+0.030 ω=+0.064 ok=True iters=9
11:38:21 [INFO] [PROG] s*=6.80/7.21 (94.3%) dist_goal=0.24
11:38:21 [INFO] [MPC] state=(+2.37,+5.08,-1.28) wp0=(+2.42,+5.15) v=+0.030 ω=+0.058 ok=True iters=9
11:38:21 [INFO] [PROG] s*=6.80/7.21 (94.4%) dist_goal=0.24
11:38:21 [INFO] [MPC] state=(+2.37,+5.08,-1.27) wp0=(+2.42,+5.15) v=+0.030 ω=+0.053 ok=True iters=9
11:38:21 [INFO] [PROG] s*=6.80/7.21 (94.4%) dist_goal=0.24
11:38:21 [INFO] [MPC] state=(+2.37,+5.08,-1.27) wp0=(+2.42,+5.15) v=+0.030 ω=+0.056 ok=True iters=9
11:38:21 [INFO] [PROG] s*=6.96/7.21 (96.5%) dist_goal=0.23
11:38:21 [INFO] [MPC] state=(+2.37,+5.07,-1.26) wp0=(+2.45,+5.02) v=+0.030 ω=+0.066 ok=True iters=9
11:38:21 [INFO] [PROG] s*=6.96/7.21 (96.5%) dist_goal=0.23
11:38:21 [INFO] [MPC] state=(+2.37,+5.07,-1.26) wp0=(+2.45,+5.02) v=+0.030 ω=+0.065 ok=True iters=9
11:38:21 [INFO] [PROG] s*=6.96/7.21 (96.6%) dist_goal=0.23
11:38:21 [INFO] [MPC] state=(+2.38,+5.07,-1.25) wp0=(+2.45,+5.02) v=+0.030 ω=+0.083 ok=True iters=9
11:38:21 [INFO] [PROG] s*=6.96/7.21 (96.6%) dist_goal=0.23
11:38:21 [INFO] [MPC] state=(+2.38,+5.07,-1.24) wp0=(+2.45,+5.01) v=+0.030 ω=+0.057 ok=True iters=9
11:38:21 [INFO] [PROG] s*=6.97/7.21 (96.7%) dist_goal=0.22
11:38:21 [INFO] [MPC] state=(+2.38,+5.06,-1.23) wp0=(+2.45,+5.01) v=+0.030 ω=+0.135 ok=True iters=9
11:38:21 [INFO] [PROG] s*=6.97/7.21 (96.7%) dist_goal=0.22
11:38:21 [INFO] [MPC] state=(+2.38,+5.06,-1.22) wp0=(+2.45,+5.01) v=+0.030 ω=+0.022 ok=True iters=9
11:38:21 [INFO] [PROG] s*=6.97/7.21 (96.7%) dist_goal=0.22
11:38:21 [INFO] [MPC] state=(+2.38,+5.06,-1.22) wp0=(+2.45,+5.01) v=+0.030 ω=+0.037 ok=True iters=9
11:38:21 [INFO] [PROG] s*=6.97/7.21 (96.8%) dist_goal=0.21
11:38:21 [INFO] [MPC] state=(+2.38,+5.06,-1.21) wp0=(+2.45,+5.00) v=+0.030 ω=+0.048 ok=True iters=9
11:38:21 [INFO] [PROG] s*=6.98/7.21 (96.8%) dist_goal=0.21
11:38:21 [INFO] [MPC] state=(+2.38,+5.05,-1.21) wp0=(+2.45,+5.00) v=+0.030 ω=+0.064 ok=True iters=9
11:38:21 [INFO] [PROG] s*=6.98/7.21 (96.8%) dist_goal=0.21
11:38:21 [INFO] [MPC] state=(+2.38,+5.05,-1.20) wp0=(+2.45,+5.00) v=+0.030 ω=+0.079 ok=True iters=8
11:38:21 [INFO] [PROG] s*=6.98/7.21 (96.9%) dist_goal=0.21
11:38:21 [INFO] [MPC] state=(+2.38,+5.05,-1.19) wp0=(+2.45,+5.00) v=+0.030 ω=+0.044 ok=True iters=10
11:38:21 [INFO] [PROG] s*=6.98/7.21 (96.9%) dist_goal=0.20
11:38:21 [INFO] [MPC] state=(+2.39,+5.05,-1.19) wp0=(+2.45,+4.99) v=+0.030 ω=+0.032 ok=True iters=10
11:38:21 [INFO] [PROG] s*=6.99/7.21 (96.9%) dist_goal=0.20
11:38:21 [INFO] [MPC] state=(+2.39,+5.04,-1.19) wp0=(+2.45,+4.99) v=+0.030 ω=+0.027 ok=True iters=10
11:38:21 [INFO] [PROG] s*=6.99/7.21 (97.0%) dist_goal=0.20
11:38:21 [INFO] [MPC] state=(+2.39,+5.04,-1.18) wp0=(+2.45,+4.99) v=+0.030 ω=+0.030 ok=True iters=10
11:38:21 [INFO] [PROG] s*=6.99/7.21 (97.0%) dist_goal=0.19
11:38:21 [INFO] [MPC] state=(+2.39,+5.04,-1.18) wp0=(+2.45,+4.99) v=+0.030 ω=+0.039 ok=True iters=10
11:38:21 [INFO] [PROG] s*=6.99/7.21 (97.1%) dist_goal=0.19
11:38:21 [INFO] [MPC] state=(+2.39,+5.04,-1.18) wp0=(+2.45,+4.98) v=+0.030 ω=+0.045 ok=True iters=10
11:38:21 [INFO] [PROG] s*=7.00/7.21 (97.1%) dist_goal=0.19
11:38:21 [INFO] [MPC] state=(+2.39,+5.03,-1.17) wp0=(+2.45,+4.98) v=+0.030 ω=+0.062 ok=True iters=10
11:38:21 [INFO] [PROG] s*=7.00/7.21 (97.1%) dist_goal=0.19
11:38:21 [INFO] [MPC] state=(+2.39,+5.03,-1.17) wp0=(+2.45,+4.98) v=+0.030 ω=+0.023 ok=True iters=10
11:38:21 [INFO] [PROG] s*=7.00/7.21 (97.2%) dist_goal=0.18
11:38:21 [INFO] [MPC] state=(+2.39,+5.03,-1.16) wp0=(+2.45,+4.97) v=+0.030 ω=+0.016 ok=True iters=10
11:38:21 [INFO] [PROG] s*=7.01/7.21 (97.2%) dist_goal=0.18
11:38:21 [INFO] [MPC] state=(+2.39,+5.02,-1.16) wp0=(+2.45,+4.97) v=+0.030 ω=+0.017 ok=True iters=10
11:38:21 [INFO] [PROG] s*=7.01/7.21 (97.2%) dist_goal=0.18
11:38:21 [INFO] [MPC] state=(+2.40,+5.02,-1.16) wp0=(+2.45,+4.97) v=+0.030 ω=+0.018 ok=True iters=10
11:38:21 [INFO] [PROG] s*=7.01/7.21 (97.3%) dist_goal=0.17
11:38:21 [INFO] [MPC] state=(+2.40,+5.02,-1.16) wp0=(+2.45,+4.97) v=+0.030 ω=+0.026 ok=True iters=10
11:38:21 [INFO] [PROG] s*=7.01/7.21 (97.3%) dist_goal=0.17
11:38:21 [INFO] [MPC] state=(+2.40,+5.02,-1.16) wp0=(+2.45,+4.96) v=+0.030 ω=+0.039 ok=True iters=9
11:38:21 [INFO] [PROG] s*=7.02/7.21 (97.3%) dist_goal=0.17
11:38:21 [INFO] [MPC] state=(+2.40,+5.01,-1.15) wp0=(+2.45,+4.96) v=+0.030 ω=+0.055 ok=True iters=9
11:38:21 [INFO] [PROG] s*=7.02/7.21 (97.4%) dist_goal=0.17
11:38:21 [INFO] [MPC] state=(+2.40,+5.01,-1.15) wp0=(+2.45,+4.96) v=+0.030 ω=+0.042 ok=True iters=9
11:38:21 [INFO] [PROG] s*=7.02/7.21 (97.4%) dist_goal=0.16
11:38:21 [INFO] [MPC] state=(+2.40,+5.01,-1.14) wp0=(+2.45,+4.96) v=+0.030 ω=+0.005 ok=True iters=9
11:38:21 [INFO] [PROG] s*=7.02/7.21 (97.5%) dist_goal=0.16
11:38:21 [INFO] [MPC] state=(+2.40,+5.01,-1.14) wp0=(+2.45,+4.95) v=+0.030 ω=-0.005 ok=True iters=9
11:38:22 [INFO] [PROG] s*=7.03/7.21 (97.5%) dist_goal=0.16
11:38:22 [INFO] [MPC] state=(+2.40,+5.00,-1.14) wp0=(+2.45,+4.95) v=+0.030 ω=-0.007 ok=True iters=10
11:38:22 [INFO] [PROG] s*=7.03/7.21 (97.5%) dist_goal=0.15
11:38:22 [INFO] [MPC] state=(+2.41,+5.00,-1.14) wp0=(+2.45,+4.95) v=+0.030 ω=-0.005 ok=True iters=7
11:38:22 [INFO] [PROG] s*=7.03/7.21 (97.6%) dist_goal=0.15
11:38:22 [INFO] [MPC] state=(+2.41,+5.00,-1.14) wp0=(+2.45,+4.95) v=+0.030 ω=-0.019 ok=True iters=9
11:38:22 [INFO] [PROG] s*=7.03/7.21 (97.6%) dist_goal=0.15
11:38:22 [INFO] [MPC] state=(+2.41,+5.00,-1.15) wp0=(+2.45,+4.94) v=+0.030 ω=-0.016 ok=True iters=9
11:38:22 [INFO] [PROG] s*=7.04/7.21 (97.6%) dist_goal=0.15
11:38:22 [INFO] [MPC] state=(+2.41,+4.99,-1.15) wp0=(+2.45,+4.94) v=+0.030 ω=+0.015 ok=True iters=9
11:38:22 [INFO] [PROG] s*=7.04/7.21 (97.7%) dist_goal=0.14
11:38:22 [INFO] [MPC] state=(+2.41,+4.99,-1.15) wp0=(+2.45,+4.94) v=+0.030 ω=+0.018 ok=True iters=9
11:38:22 [INFO] [PROG] s*=7.04/7.21 (97.7%) dist_goal=0.14
11:38:22 [INFO] [MPC] state=(+2.41,+4.99,-1.14) wp0=(+2.45,+4.94) v=+0.030 ω=-0.021 ok=True iters=9
11:38:22 [INFO] [PROG] s*=7.04/7.21 (97.7%) dist_goal=0.14
11:38:22 [INFO] [MPC] state=(+2.41,+4.99,-1.15) wp0=(+2.45,+4.93) v=+0.030 ω=-0.043 ok=True iters=9
11:38:22 [INFO] [PROG] s*=7.05/7.21 (97.8%) dist_goal=0.13
11:38:22 [INFO] [MPC] state=(+2.42,+4.98,-1.15) wp0=(+2.45,+4.93) v=+0.030 ω=-0.048 ok=True iters=9
11:38:22 [INFO] [PROG] s*=7.05/7.21 (97.8%) dist_goal=0.13
11:38:22 [INFO] [MPC] state=(+2.42,+4.98,-1.16) wp0=(+2.45,+4.93) v=+0.030 ω=-0.050 ok=True iters=9
11:38:22 [INFO] [PROG] s*=7.05/7.21 (97.9%) dist_goal=0.13
11:38:22 [INFO] [MPC] state=(+2.42,+4.98,-1.16) wp0=(+2.45,+4.92) v=+0.030 ω=-0.050 ok=True iters=9
11:38:22 [INFO] [PROG] s*=7.06/7.21 (97.9%) dist_goal=0.13
11:38:22 [INFO] [MPC] state=(+2.42,+4.97,-1.17) wp0=(+2.45,+4.92) v=+0.030 ω=-0.050 ok=True iters=9
11:38:22 [INFO] [PROG] s*=7.06/7.21 (97.9%) dist_goal=0.12
11:38:22 [INFO] [MPC] state=(+2.42,+4.97,-1.17) wp0=(+2.45,+4.92) v=+0.030 ω=-0.050 ok=True iters=10
11:38:22 [INFO] [PROG] s*=7.06/7.21 (98.0%) dist_goal=0.12
11:38:22 [INFO] [MPC] state=(+2.42,+4.97,-1.18) wp0=(+2.45,+4.92) v=+0.030 ω=-0.039 ok=True iters=9
11:38:22 [INFO] [PROG] s*=7.06/7.21 (98.0%) dist_goal=0.12
11:38:22 [INFO] [MPC] state=(+2.42,+4.97,-1.18) wp0=(+2.45,+4.91) v=+0.030 ω=-0.018 ok=True iters=5
11:38:22 [INFO] [PROG] s*=7.07/7.21 (98.0%) dist_goal=0.11
11:38:22 [INFO] [MPC] state=(+2.42,+4.96,-1.18) wp0=(+2.45,+4.91) v=+0.030 ω=+0.021 ok=True iters=5
11:38:22 [INFO] [PROG] s*=7.07/7.21 (98.1%) dist_goal=0.11
11:38:22 [INFO] [MPC] state=(+2.42,+4.96,-1.18) wp0=(+2.45,+4.91) v=+0.030 ω=+0.104 ok=True iters=5
11:38:22 [INFO] [PROG] s*=7.07/7.21 (98.1%) dist_goal=0.11
11:38:22 [INFO] [MPC] state=(+2.43,+4.96,-1.17) wp0=(+2.45,+4.91) v=+0.030 ω=+0.026 ok=True iters=5
11:38:22 [INFO] [PROG] s*=7.07/7.21 (98.2%) dist_goal=0.11
11:38:22 [INFO] [MPC] state=(+2.43,+4.96,-1.17) wp0=(+2.45,+4.90) v=+0.030 ω=-0.015 ok=True iters=5
11:38:22 [INFO] [PROG] s*=7.08/7.21 (98.2%) dist_goal=0.10
11:38:22 [INFO] [MPC] state=(+2.43,+4.95,-1.17) wp0=(+2.45,+4.90) v=+0.030 ω=-0.033 ok=True iters=5
11:38:22 [INFO] [PROG] s*=7.08/7.21 (98.2%) dist_goal=0.10
11:38:22 [INFO] [MPC] state=(+2.43,+4.95,-1.17) wp0=(+2.45,+4.90) v=+0.030 ω=-0.041 ok=True iters=5
