13:34:49 [INFO] === New MPC Session Started ===
13:34:49 [DEBUG] matplotlib data path: /usr/share/matplotlib/mpl-data
13:34:49 [DEBUG] CONFIGDIR=/home/max/.config/matplotlib
13:34:49 [DEBUG] interactive is False
13:34:49 [DEBUG] platform is linux
13:34:49 [DEBUG] loaded modules: ['sys', 'builtins', '_frozen_importlib', '_imp', '_thread', '_warnings', '_weakref', '_io', 'marshal', 'posix', '_frozen_importlib_external', 'time', 'zipimport', '_codecs', 'codecs', 'encodings.aliases', 'encodings', 'encodings.utf_8', '_signal', '_abc', 'abc', 'io', '__main__', '_stat', 'stat', '_collections_abc', 'genericpath', 'posixpath', 'os.path', 'os', '_sitebuiltins', 'types', 'importlib._bootstrap', 'importlib._bootstrap_external', 'warnings', 'importlib', 'importlib._abc', 'itertools', 'keyword', '_operator', 'operator', 'reprlib', '_collections', 'collections', '_functools', 'functools', 'contextlib', 'importlib.util', 'importlib.machinery', 'mpl_toolkits', 'phply', 'ruamel', 'zope', 'apport_python_hook', 'sitecustomize', 'site', 'crowdnav', 'crowdnav.env', 'gym.error', 'gym.version', 'collections.abc', 'enum', '_sre', 'sre_constants', 'sre_parse', 'sre_compile', '_locale', 'copyreg', 're', 'typing.io', 'typing.re', 'typing', 'numpy._utils._convertions', 'numpy._utils', 'numpy._globals', 'numpy.exceptions', 'numpy.version', 'numpy._distributor_init', 'numpy._utils._inspect', 'math', '_datetime', 'datetime', 'numpy.core._exceptions', 'numpy.dtypes', 'numpy.core._multiarray_umath', 'numpy.core.overrides', 'numpy.core.multiarray', 'numpy.core.umath', 'numbers', 'numpy.core._string_helpers', 'fnmatch', 'ntpath', 'errno', 'urllib', 'ipaddress', 'urllib.parse', 'pathlib', '_struct', 'struct', '_compat_pickle', '_pickle', 'pickle', 'numpy.compat.py3k', 'numpy.compat', 'numpy.core._dtype', 'numpy.core._type_aliases', 'numpy.core.numerictypes', '_contextvars', 'contextvars', 'numpy.core._ufunc_config', 'numpy.core._methods', 'numpy.core.fromnumeric', 'numpy.core.shape_base', 'numpy.core.arrayprint', 'numpy.core._asarray', 'numpy.core.numeric', 'numpy.core.defchararray', 'numpy.core.records', 'numpy.core.memmap', 'numpy.core.function_base', 'numpy.core._machar', 'numpy.core.getlimits', 'numpy.core.einsumfunc', 'numpy.core._multiarray_tests', 'numpy.core._add_newdocs', 'numpy.core._add_newdocs_scalars', 'numpy.core._dtype_ctypes', '_ast', 'ast', '_ctypes', 'ctypes._endian', 'ctypes', 'numpy.core._internal', 'numpy._pytesttester', 'numpy.core', 'numpy.__config__', 'numpy.lib.mixins', 'numpy.lib.ufunclike', 'numpy.lib.type_check', 'numpy.lib.scimath', 'numpy.lib.stride_tricks', 'numpy.lib.twodim_base', 'numpy.linalg._umath_linalg', '__future__', 'numpy._typing._nested_sequence', 'numpy._typing._nbit', 'numpy._typing._char_codes', 'numpy._typing._scalars', 'numpy._typing._shape', 'numpy._typing._dtype_like', 'numpy._typing._array_like', 'numpy._typing', 'numpy.linalg.linalg', 'numpy.linalg', 'numpy.matrixlib.defmatrix', 'numpy.matrixlib', 'numpy.lib.histograms', 'numpy.lib.function_base', 'numpy.lib.index_tricks', 'numpy.lib.nanfunctions', 'numpy.lib.shape_base', 'numpy.lib.polynomial', 'textwrap', 'signal', '_weakrefset', 'threading', 'fcntl', '_posixsubprocess', 'select', 'selectors', 'subprocess', 'platform', 'numpy.lib.utils', 'numpy.lib.arraysetops', 'weakref', 'numpy.lib.format', 'numpy.lib._datasource', 'numpy.lib._iotools', 'numpy.lib.npyio', 'numpy.lib.arrayterator', 'numpy.lib.arraypad', 'numpy.lib._version', 'numpy.lib', 'numpy.fft._pocketfft_internal', 'numpy.fft._pocketfft', 'numpy.fft.helper', 'numpy.fft', 'numpy.polynomial.polyutils', 'numpy.polynomial._polybase', 'numpy.polynomial.polynomial', 'numpy.polynomial.chebyshev', 'numpy.polynomial.legendre', 'numpy.polynomial.hermite', 'numpy.polynomial.hermite_e', 'numpy.polynomial.laguerre', 'numpy.polynomial', 'cython_runtime', '_cython_3_0_8', 'numpy.random._common', 'binascii', 'base64', '_hashlib', '_blake2', 'hashlib', 'hmac', '_bisect', 'bisect', '_random', '_sha512', 'random', 'secrets', 'numpy.random.bit_generator', 'numpy.random._bounded_integers', 'numpy.random._mt19937', 'numpy.random.mtrand', 'numpy.random._philox', 'numpy.random._pcg64', 'numpy.random._sfc64', 'numpy.random._generator', 'numpy.random._pickle', 'numpy.random', 'numpy.ctypeslib', '_opcode', 'opcode', 'dis', 'token', 'tokenize', 'linecache', 'inspect', 'numpy.ma.core', 'numpy.ma.extras', 'numpy.ma', 'numpy', 'gym.utils.colorize', 'gym.utils.ezpickle', 'gym.utils', 'gym.logger', 'gym.utils.seeding', 'gym.spaces.space', 'gym.spaces.box', 'gym.spaces.dict', 'gym.spaces.discrete', 'gym.spaces.multi_discrete', 'gym.spaces.graph', 'gym.spaces.multi_binary', 'gym.spaces.sequence', 'gym.spaces.text', 'gym.spaces.tuple', 'gym.spaces.utils', 'gym.spaces', 'gym.core', 'copy', '_heapq', 'heapq', 'difflib', 'dataclasses', 'cv2.load_config_py3', 'cv2.version', 'numpy._core', 'numpy._core._multiarray_umath', 'cv2.gapi.core', 'cv2.gapi.core.cpu', 'cv2.gapi.core.fluid', 'cv2.gapi.core.ocl', 'cv2.gapi.ie', 'cv2.gapi.ie.detail', 'cv2.gapi.imgproc', 'cv2.gapi.imgproc.fluid', 'cv2.gapi.oak', 'cv2.gapi.onnx', 'cv2.gapi.onnx.ep', 'cv2.gapi.ot', 'cv2.gapi.ot.cpu', 'cv2.gapi.ov', 'cv2.gapi.own', 'cv2.gapi.own.detail', 'cv2.gapi.render', 'cv2.gapi.render.ocv', 'cv2.gapi.streaming', 'cv2.gapi.video', 'cv2.gapi.wip', 'cv2.gapi.wip.draw', 'cv2.gapi.wip.gst', 'cv2.gapi.wip.onevpl', 'cv2.utils.fs', 'cv2.utils.nested', 'cv2.gapi', 'cv2.ogl', 'cv2.data', 'cv2.detail', 'cv2.flann', 'cv2.ml', 'cv2.aruco', 'cv2.qt', 'cv2.utils', 'cv2.typing', 'cv2.samples', 'cv2.barcode', 'cv2.segmentation', 'cv2.ocl', 'cv2.cuda', 'cv2.parallel', 'cv2.dnn', 'cv2.Error', 'cv2.videoio_registry', 'cv2.ipp', 'cv2.fisheye', 'cv2.misc.version', 'cv2.misc', 'cv2.mat_wrapper', 'cv2', 'gym.wrappers.atari_preprocessing', 'gym.wrappers.autoreset', 'gym.wrappers.clip_action', 'gym.wrappers.filter_observation', 'gym.wrappers.flatten_observation', 'gym.wrappers.frame_stack', 'gym.wrappers.gray_scale_observation', 'gym.wrappers.human_rendering', 'gym.wrappers.normalize', 'gym.wrappers.order_enforcing', 'gym.wrappers.record_episode_statistics', 'gym.wrappers.monitoring', '_json', 'json.scanner', 'json.decoder', 'json.encoder', 'json', 'zlib', '_compression', '_bz2', 'bz2', '_lzma', 'lzma', 'shutil', 'tempfile', 'gym.wrappers.monitoring.video_recorder', 'gym.wrappers.record_video', 'gym.wrappers.render_collection', 'gym.wrappers.rescale_action', 'gym.wrappers.resize_observation', 'gym.utils.step_api_compatibility', 'gym.wrappers.step_api_compatibility', 'gym.wrappers.time_aware_observation', 'gym.wrappers.time_limit', 'gym.wrappers.transform_observation', 'gym.wrappers.transform_reward', 'gym.wrappers.vector_list_info', 'gym.wrappers', 'gym.wrappers.compatibility', 'gym.utils.passive_env_checker', 'gym.wrappers.env_checker', '_csv', 'csv', 'email', 'zipfile', 'uu', 'quopri', '_socket', 'array', 'socket', 'locale', 'calendar', 'email._parseaddr', 'email.base64mime', '_string', 'string', 'email.quoprimime', 'email.errors', 'email.encoders', 'email.charset', 'email.utils', 'email.header', 'email._policybase', 'email._encoded_words', 'email.iterators', 'email.message', 'importlib.metadata._functools', 'importlib.metadata._text', 'importlib.metadata._adapters', 'importlib.metadata._meta', 'importlib.metadata._collections', 'importlib.metadata._itertools', 'importlib.abc', 'importlib.metadata', 'gym.envs.registration', 'gym.envs', 'multiprocessing.process', 'multiprocessing.reduction', 'multiprocessing.context', '__mp_main__', 'multiprocessing', 'gym.vector.utils.misc', 'gym.vector.utils.numpy_utils', 'gym.vector.utils.shared_memory', 'gym.vector.utils.spaces', 'gym.vector.utils', 'gym.vector.vector_env', 'gym.vector.async_vector_env', 'gym.vector.sync_vector_env', 'gym.vector', 'gym_notices', 'gym_notices.notices', 'gym', 'pybullet', 'pybullet_data', 'traceback', 'atexit', 'logging', 'crowdnav.logger_setup', 'crowdnav.config', 'crowdnav.kinematics', 'crowdnav.dynamics', 'crowdnav.sensors', 'crowdnav.control', 'crowdnav.control.align', 'crowdnav.control.track', 'crowdnav.planning', 'swig_runtime_data4', 'casadi._casadi', 'casadi.casadi', 'casadi', 'crowdnav.planning.mpc_runner', 'crowdnav.utils2', 'crowdnav.utils2.coord', 'crowdnav.planning.path_mgr', 'crowdnav.utils2.hud', 'crowdnav.mpc', 'crowdnav.world', 'crowdnav.utils', 'matplotlib', 'pprint', 'packaging.__about__', 'packaging', 'packaging._structures', 'packaging.version', 'matplotlib._api.deprecation', 'matplotlib._api', 'matplotlib._version', 'gzip', 'shlex', 'matplotlib._c_internal_utils', 'matplotlib.cbook', 'matplotlib.docstring', 'PIL._version', 'PIL', 'PIL.ImageMode', 'PIL.TiffTags', 'PIL._binary', 'PIL._util', 'PIL._imaging', 'PIL.Image', 'PIL.ImageChops', 'PIL.ImageFile', 'PIL.GimpGradientFile', 'PIL.GimpPaletteFile', 'PIL.ImageColor', 'PIL.PaletteFile', 'PIL.ImagePalette', 'PIL.ImageSequence', 'PIL.PngImagePlugin', 'matplotlib._path', 'matplotlib.bezier', 'matplotlib.path', 'matplotlib.transforms', 'matplotlib.ticker', 'matplotlib.scale', 'matplotlib._color_data', 'matplotlib.colors', 'pyparsing', 'matplotlib.fontconfig_pattern', 'matplotlib._enums', 'cycler', 'matplotlib.rcsetup', 'matplotlib.ft2font', 'dateutil._version', 'dateutil', 'kiwisolver']
13:34:49 [DEBUG] CACHEDIR=/home/max/.cache/matplotlib
13:34:49 [DEBUG] Using fontManager instance from /home/max/.cache/matplotlib/fontlist-v330.json
13:34:49 [DEBUG] Loaded backend TkAgg version unknown.
13:34:49 [INFO] CrowdNavPyBulletEnv initializing...
13:34:52 [INFO] World ready | grid: (112, 112), res: 0.1, N=10, T=0.1
13:34:54 [DEBUG] corner=0.00 vmax_loc=0.20
13:34:54 [INFO] [MPC] state=(-3.36,+0.15,-3.11) wp0=(-3.85,+0.15) v=+0.200 ω=+2.400 wp_prog=0/26 ok=True iters=11
13:34:54 [DEBUG] [MPC IN] path_xy0..1=[[-3.8500000000000005, 0.14999999999999947], [-3.95, 0.14999999999999947]] theta_ref0..2=[3.141592653589793, 3.141592653589793, 3.141592653589793] weights=[18.0, 7.5, 0.25, 0.5, 0.18, 0.0] vmin_soft=0.080
13:34:54 [DEBUG] corner=0.00 vmax_loc=0.20
13:34:54 [INFO] [MPC] state=(-3.36,+0.15,-3.09) wp0=(-3.85,+0.15) v=+0.200 ω=+2.400 wp_prog=0/26 ok=True iters=7
13:34:54 [DEBUG] [MPC IN] path_xy0..1=[[-3.8500000000000005, 0.14999999999999947], [-3.95, 0.14999999999999947]] theta_ref0..2=[3.141592653589793, 3.141592653589793, 3.141592653589793] weights=[18.0, 7.5, 0.25, 0.5, 0.18, 0.0] vmin_soft=0.080
13:34:54 [DEBUG] corner=0.00 vmax_loc=0.20
13:34:54 [INFO] [MPC] state=(-3.36,+0.15,-3.06) wp0=(-3.85,+0.15) v=+0.200 ω=+2.400 wp_prog=0/26 ok=True iters=7
13:34:54 [DEBUG] [MPC IN] path_xy0..1=[[-3.8500000000000005, 0.14999999999999947], [-3.95, 0.14999999999999947]] theta_ref0..2=[3.141592653589793, 3.141592653589793, 3.141592653589793] weights=[18.0, 7.5, 0.25, 0.5, 0.18, 0.0] vmin_soft=0.080
13:34:54 [DEBUG] corner=0.00 vmax_loc=0.20
13:34:54 [INFO] [MPC] state=(-3.37,+0.15,-3.02) wp0=(-3.85,+0.15) v=+0.200 ω=+2.400 wp_prog=0/26 ok=True iters=7
13:34:54 [DEBUG] [MPC IN] path_xy0..1=[[-3.8500000000000005, 0.14999999999999947], [-3.95, 0.14999999999999947]] theta_ref0..2=[3.141592653589793, 3.141592653589793, 3.141592653589793] weights=[18.0, 7.5, 0.25, 0.5, 0.18, 0.0] vmin_soft=0.080
13:34:54 [DEBUG] corner=0.00 vmax_loc=0.20
13:34:54 [INFO] [MPC] state=(-3.37,+0.14,-2.94) wp0=(-3.85,+0.15) v=+0.200 ω=+2.400 wp_prog=0/26 ok=True iters=7
13:34:54 [DEBUG] [MPC IN] path_xy0..1=[[-3.8500000000000005, 0.14999999999999947], [-3.95, 0.14999999999999947]] theta_ref0..2=[3.141592653589793, 3.141592653589793, 3.141592653589793] weights=[18.0, 7.5, 0.25, 0.5, 0.18, 0.0] vmin_soft=0.080
13:34:54 [DEBUG] corner=0.00 vmax_loc=0.20
13:34:54 [INFO] [MPC] state=(-3.38,+0.14,-2.82) wp0=(-3.85,+0.15) v=+0.200 ω=+2.400 wp_prog=0/26 ok=True iters=8
13:34:54 [DEBUG] [MPC IN] path_xy0..1=[[-3.8500000000000005, 0.14999999999999947], [-3.95, 0.14999999999999947]] theta_ref0..2=[3.141592653589793, 3.141592653589793, 3.141592653589793] weights=[18.0, 7.5, 0.25, 0.5, 0.18, 0.0] vmin_soft=0.080
13:34:54 [DEBUG] corner=0.00 vmax_loc=0.20
13:34:54 [INFO] [MPC] state=(-3.39,+0.14,-2.69) wp0=(-3.85,+0.15) v=+0.200 ω=+2.400 wp_prog=0/26 ok=True iters=12
13:34:54 [DEBUG] [MPC IN] path_xy0..1=[[-3.8500000000000005, 0.14999999999999947], [-3.95, 0.14999999999999947]] theta_ref0..2=[3.141592653589793, 3.141592653589793, 3.141592653589793] weights=[18.0, 7.5, 0.25, 0.5, 0.18, 0.0] vmin_soft=0.080
13:34:54 [DEBUG] corner=0.00 vmax_loc=0.20
13:34:54 [INFO] [MPC] state=(-3.40,+0.13,-2.56) wp0=(-3.85,+0.15) v=+0.200 ω=+2.400 wp_prog=0/26 ok=True iters=8
13:34:54 [DEBUG] [MPC IN] path_xy0..1=[[-3.8500000000000005, 0.14999999999999947], [-3.95, 0.14999999999999947]] theta_ref0..2=[3.141592653589793, 3.141592653589793, 3.141592653589793] weights=[18.0, 7.5, 0.25, 0.5, 0.18, 0.0] vmin_soft=0.080
13:34:54 [DEBUG] corner=0.00 vmax_loc=0.20
13:34:54 [INFO] [MPC] state=(-3.41,+0.13,-2.43) wp0=(-3.85,+0.15) v=+0.200 ω=+2.400 wp_prog=0/26 ok=True iters=7
13:34:54 [DEBUG] [MPC IN] path_xy0..1=[[-3.8500000000000005, 0.14999999999999947], [-3.95, 0.14999999999999947]] theta_ref0..2=[3.141592653589793, 3.141592653589793, 3.141592653589793] weights=[18.0, 7.5, 0.25, 0.5, 0.18, 0.0] vmin_soft=0.080
13:34:54 [DEBUG] corner=0.00 vmax_loc=0.20
13:34:54 [INFO] [MPC] state=(-3.42,+0.12,-2.30) wp0=(-3.85,+0.15) v=+0.200 ω=+2.113 wp_prog=0/26 ok=True iters=9
13:34:54 [DEBUG] [MPC IN] path_xy0..1=[[-3.8500000000000005, 0.14999999999999947], [-3.95, 0.14999999999999947]] theta_ref0..2=[3.141592653589793, 3.141592653589793, 3.141592653589793] weights=[18.0, 7.5, 0.25, 0.5, 0.18, 0.0] vmin_soft=0.080
13:34:54 [DEBUG] corner=0.00 vmax_loc=0.20
13:34:54 [INFO] [MPC] state=(-3.42,+0.11,-2.19) wp0=(-3.85,+0.15) v=+0.200 ω=+0.542 wp_prog=0/26 ok=True iters=8
13:34:54 [DEBUG] [MPC IN] path_xy0..1=[[-3.8500000000000005, 0.14999999999999947], [-3.95, 0.14999999999999947]] theta_ref0..2=[3.141592653589793, 3.141592653589793, 3.141592653589793] weights=[18.0, 7.5, 0.25, 0.5, 0.18, 0.0] vmin_soft=0.080
13:34:54 [DEBUG] corner=0.00 vmax_loc=0.20
13:34:54 [INFO] [MPC] state=(-3.43,+0.10,-2.15) wp0=(-3.85,+0.15) v=+0.200 ω=+0.017 wp_prog=0/26 ok=True iters=7
13:34:54 [DEBUG] [MPC IN] path_xy0..1=[[-3.8500000000000005, 0.14999999999999947], [-3.95, 0.14999999999999947]] theta_ref0..2=[3.141592653589793, 3.141592653589793, 3.141592653589793] weights=[18.0, 7.5, 0.25, 0.5, 0.18, 0.0] vmin_soft=0.080
13:34:54 [DEBUG] corner=0.00 vmax_loc=0.20
13:34:54 [INFO] [MPC] state=(-3.44,+0.08,-2.15) wp0=(-3.85,+0.15) v=+0.200 ω=-1.529 wp_prog=1/26 ok=True iters=8
13:34:54 [DEBUG] [MPC IN] path_xy0..1=[[-3.8500000000000005, 0.14999999999999947], [-3.95, 0.14999999999999947]] theta_ref0..2=[3.141592653589793, 3.141592653589793, 3.141592653589793] weights=[18.0, 7.5, 0.25, 0.5, 0.18, 0.0] vmin_soft=0.080
13:34:54 [DEBUG] corner=0.00 vmax_loc=0.20
13:34:54 [INFO] [MPC] state=(-3.45,+0.07,-2.23) wp0=(-3.95,+0.15) v=+0.200 ω=-1.673 wp_prog=1/26 ok=True iters=7
13:34:54 [DEBUG] [MPC IN] path_xy0..1=[[-3.95, 0.14999999999999947], [-4.050000000000001, 0.14999999999999947]] theta_ref0..2=[3.141592653589793, 3.141592653589793, 3.141592653589793] weights=[18.0, 7.5, 0.25, 0.5, 0.18, 0.0] vmin_soft=0.080
13:34:54 [DEBUG] corner=0.00 vmax_loc=0.20
13:34:54 [INFO] [MPC] state=(-3.46,+0.06,-2.32) wp0=(-3.95,+0.15) v=+0.200 ω=-0.456 wp_prog=1/26 ok=True iters=8
13:34:54 [DEBUG] [MPC IN] path_xy0..1=[[-3.95, 0.14999999999999947], [-4.050000000000001, 0.14999999999999947]] theta_ref0..2=[3.141592653589793, 3.141592653589793, 3.141592653589793] weights=[18.0, 7.5, 0.25, 0.5, 0.18, 0.0] vmin_soft=0.080
13:34:54 [DEBUG] corner=0.00 vmax_loc=0.20
13:34:54 [INFO] [MPC] state=(-3.47,+0.04,-2.35) wp0=(-3.95,+0.15) v=+0.200 ω=-1.772 wp_prog=1/26 ok=True iters=8
13:34:54 [DEBUG] [MPC IN] path_xy0..1=[[-3.95, 0.14999999999999947], [-4.050000000000001, 0.14999999999999947]] theta_ref0..2=[3.141592653589793, 3.141592653589793, 3.141592653589793] weights=[18.0, 7.5, 0.25, 0.5, 0.06, 0.0] vmin_soft=0.030
13:34:54 [DEBUG] corner=0.00 vmax_loc=0.20
13:34:54 [INFO] [MPC] state=(-3.49,+0.03,-2.44) wp0=(-3.95,+0.15) v=+0.200 ω=-1.741 wp_prog=1/26 ok=True iters=7
13:34:54 [DEBUG] [MPC IN] path_xy0..1=[[-3.95, 0.14999999999999947], [-4.050000000000001, 0.14999999999999947]] theta_ref0..2=[3.141592653589793, 3.141592653589793, 3.141592653589793] weights=[18.0, 7.5, 0.25, 0.5, 0.06, 0.0] vmin_soft=0.030
13:34:54 [DEBUG] corner=0.00 vmax_loc=0.20
13:34:54 [INFO] [MPC] state=(-3.50,+0.02,-2.53) wp0=(-3.95,+0.15) v=+0.200 ω=-1.573 wp_prog=1/26 ok=True iters=7
13:34:54 [DEBUG] [MPC IN] path_xy0..1=[[-3.95, 0.14999999999999947], [-4.050000000000001, 0.14999999999999947]] theta_ref0..2=[3.141592653589793, 3.141592653589793, 3.141592653589793] weights=[18.0, 7.5, 0.25, 0.5, 0.06, 0.0] vmin_soft=0.030
13:34:54 [DEBUG] corner=0.00 vmax_loc=0.20
13:34:54 [INFO] [MPC] state=(-3.51,+0.02,-2.61) wp0=(-3.95,+0.15) v=+0.200 ω=-1.561 wp_prog=1/26 ok=True iters=7
13:34:54 [DEBUG] [MPC IN] path_xy0..1=[[-3.95, 0.14999999999999947], [-4.050000000000001, 0.14999999999999947]] theta_ref0..2=[3.141592653589793, 3.141592653589793, 3.141592653589793] weights=[18.0, 7.5, 0.25, 0.5, 0.06, 0.0] vmin_soft=0.030
13:34:54 [DEBUG] corner=0.00 vmax_loc=0.20
13:34:54 [INFO] [MPC] state=(-3.52,+0.01,-2.70) wp0=(-3.95,+0.15) v=+0.200 ω=-1.383 wp_prog=1/26 ok=True iters=6
13:34:54 [DEBUG] [MPC IN] path_xy0..1=[[-3.95, 0.14999999999999947], [-4.050000000000001, 0.14999999999999947]] theta_ref0..2=[3.141592653589793, 3.141592653589793, 3.141592653589793] weights=[18.0, 7.5, 0.25, 0.5, 0.06, 0.0] vmin_soft=0.030
13:34:54 [DEBUG] corner=0.00 vmax_loc=0.20
13:34:54 [INFO] [MPC] state=(-3.54,+0.00,-2.77) wp0=(-3.95,+0.15) v=+0.200 ω=-2.118 wp_prog=1/26 ok=True iters=7
13:34:54 [DEBUG] [MPC IN] path_xy0..1=[[-3.95, 0.14999999999999947], [-4.050000000000001, 0.14999999999999947]] theta_ref0..2=[3.141592653589793, 3.141592653589793, 3.141592653589793] weights=[18.0, 7.5, 0.25, 0.5, 0.06, 0.0] vmin_soft=0.030
13:34:54 [DEBUG] corner=0.00 vmax_loc=0.20
13:34:54 [INFO] [MPC] state=(-3.55,-0.00,-2.88) wp0=(-3.95,+0.15) v=+0.200 ω=-1.493 wp_prog=2/26 ok=True iters=7
13:34:54 [DEBUG] [MPC IN] path_xy0..1=[[-3.95, 0.14999999999999947], [-4.050000000000001, 0.14999999999999947]] theta_ref0..2=[3.141592653589793, 3.141592653589793, 3.141592653589793] weights=[18.0, 7.5, 0.25, 0.5, 0.06, 0.0] vmin_soft=0.030
13:34:54 [DEBUG] corner=0.00 vmax_loc=0.20
13:34:54 [INFO] [MPC] state=(-3.56,-0.00,-2.96) wp0=(-4.05,+0.15) v=+0.200 ω=-2.139 wp_prog=2/26 ok=True iters=7
13:34:54 [DEBUG] [MPC IN] path_xy0..1=[[-4.050000000000001, 0.14999999999999947], [-4.15, 0.14999999999999947]] theta_ref0..2=[3.141592653589793, 3.141592653589793, 3.141592653589793] weights=[18.0, 7.5, 0.25, 0.5, 0.06, 0.0] vmin_soft=0.030
13:34:54 [DEBUG] corner=0.00 vmax_loc=0.20
13:34:54 [INFO] [MPC] state=(-3.58,-0.01,-3.08) wp0=(-4.05,+0.15) v=+0.200 ω=-1.754 wp_prog=2/26 ok=True iters=7
13:34:54 [DEBUG] [MPC IN] path_xy0..1=[[-4.050000000000001, 0.14999999999999947], [-4.15, 0.14999999999999947]] theta_ref0..2=[3.141592653589793, 3.141592653589793, 3.141592653589793] weights=[18.0, 7.5, 0.25, 0.5, 0.06, 0.0] vmin_soft=0.030
13:34:54 [DEBUG] corner=0.00 vmax_loc=0.20
13:34:54 [INFO] [MPC] state=(-3.59,-0.01,-3.18) wp0=(-4.05,+0.15) v=+0.200 ω=-1.280 wp_prog=2/26 ok=True iters=7
13:34:54 [DEBUG] [MPC IN] path_xy0..1=[[-4.050000000000001, 0.14999999999999947], [-4.15, 0.14999999999999947]] theta_ref0..2=[3.141592653589793, 3.141592653589793, 3.141592653589793] weights=[18.0, 7.5, 0.25, 0.5, 0.06, 0.0] vmin_soft=0.030
13:34:54 [DEBUG] corner=0.00 vmax_loc=0.20
13:34:54 [INFO] [MPC] state=(-3.60,-0.00,-3.26) wp0=(-4.05,+0.15) v=+0.200 ω=-0.609 wp_prog=2/26 ok=True iters=7
13:34:54 [DEBUG] [MPC IN] path_xy0..1=[[-4.050000000000001, 0.14999999999999947], [-4.15, 0.14999999999999947]] theta_ref0..2=[3.141592653589793, 3.141592653589793, 3.141592653589793] weights=[18.0, 7.5, 0.25, 0.5, 0.06, 0.0] vmin_soft=0.030
13:34:54 [DEBUG] corner=0.00 vmax_loc=0.20
13:34:54 [INFO] [MPC] state=(-3.62,-0.00,-3.30) wp0=(-4.05,+0.15) v=+0.200 ω=+0.492 wp_prog=2/26 ok=True iters=7
13:34:54 [DEBUG] [MPC IN] path_xy0..1=[[-4.050000000000001, 0.14999999999999947], [-4.15, 0.14999999999999947]] theta_ref0..2=[3.141592653589793, 3.141592653589793, 3.141592653589793] weights=[18.0, 7.5, 0.25, 0.5, 0.06, 0.0] vmin_soft=0.030
13:34:54 [DEBUG] corner=0.00 vmax_loc=0.20
13:34:54 [INFO] [MPC] state=(-3.64,+0.00,-3.27) wp0=(-4.05,+0.15) v=+0.200 ω=+0.487 wp_prog=3/26 ok=True iters=6
13:34:54 [DEBUG] [MPC IN] path_xy0..1=[[-4.050000000000001, 0.14999999999999947], [-4.15, 0.14999999999999947]] theta_ref0..2=[3.141592653589793, 3.141592653589793, 3.141592653589793] weights=[18.0, 7.5, 0.25, 0.5, 0.06, 0.0] vmin_soft=0.030
13:34:54 [DEBUG] corner=0.00 vmax_loc=0.20
13:34:54 [INFO] [MPC] state=(-3.66,+0.00,-3.24) wp0=(-4.05,+0.15) v=+0.200 ω=+0.228 wp_prog=3/26 ok=True iters=6
13:34:54 [DEBUG] [MPC IN] path_xy0..1=[[-4.050000000000001, 0.14999999999999947], [-4.15, 0.14999999999999947]] theta_ref0..2=[3.141592653589793, 3.141592653589793, 3.141592653589793] weights=[18.0, 7.5, 0.25, 0.5, 0.06, 0.0] vmin_soft=0.030
13:34:54 [DEBUG] corner=0.00 vmax_loc=0.20
13:34:54 [INFO] [MPC] state=(-3.68,+0.00,-3.22) wp0=(-4.05,+0.15) v=+0.200 ω=+0.236 wp_prog=3/26 ok=True iters=6
13:34:54 [DEBUG] [MPC IN] path_xy0..1=[[-4.050000000000001, 0.14999999999999947], [-4.15, 0.14999999999999947]] theta_ref0..2=[3.141592653589793, 3.141592653589793, 3.141592653589793] weights=[18.0, 7.5, 0.25, 0.5, 0.06, 0.0] vmin_soft=0.030
13:34:54 [DEBUG] corner=0.00 vmax_loc=0.20
13:34:54 [INFO] [MPC] state=(-3.70,+0.01,-3.21) wp0=(-4.05,+0.15) v=+0.200 ω=+1.292 wp_prog=3/26 ok=True iters=7
13:34:54 [DEBUG] [MPC IN] path_xy0..1=[[-4.050000000000001, 0.14999999999999947], [-4.15, 0.14999999999999947]] theta_ref0..2=[3.141592653589793, 3.141592653589793, 3.141592653589793] weights=[18.0, 7.5, 0.25, 0.5, 0.06, 0.0] vmin_soft=0.030
13:34:54 [DEBUG] corner=0.00 vmax_loc=0.20
13:34:54 [INFO] [MPC] state=(-3.71,+0.01,-3.14) wp0=(-4.05,+0.15) v=+0.200 ω=+0.881 wp_prog=3/26 ok=True iters=7
13:34:54 [DEBUG] [MPC IN] path_xy0..1=[[-4.050000000000001, 0.14999999999999947], [-4.15, 0.14999999999999947]] theta_ref0..2=[3.141592653589793, 3.141592653589793, 3.141592653589793] weights=[18.0, 7.5, 0.25, 0.5, 0.06, 0.0] vmin_soft=0.030
13:34:54 [DEBUG] corner=0.00 vmax_loc=0.20
13:34:54 [INFO] [MPC] state=(-3.73,+0.01,-3.10) wp0=(-4.05,+0.15) v=+0.200 ω=+0.805 wp_prog=3/26 ok=True iters=6
13:34:54 [DEBUG] [MPC IN] path_xy0..1=[[-4.050000000000001, 0.14999999999999947], [-4.15, 0.14999999999999947]] theta_ref0..2=[3.141592653589793, 3.141592653589793, 3.141592653589793] weights=[18.0, 7.5, 0.25, 0.5, 0.06, 0.0] vmin_soft=0.030
13:34:54 [DEBUG] corner=0.00 vmax_loc=0.20
13:34:54 [INFO] [MPC] state=(-3.74,+0.00,-3.05) wp0=(-4.05,+0.15) v=+0.200 ω=-0.563 wp_prog=4/26 ok=True iters=7
13:34:54 [DEBUG] [MPC IN] path_xy0..1=[[-4.050000000000001, 0.14999999999999947], [-4.15, 0.14999999999999947]] theta_ref0..2=[3.141592653589793, 3.141592653589793, 3.141592653589793] weights=[18.0, 7.5, 0.25, 0.5, 0.06, 0.0] vmin_soft=0.030
13:34:54 [DEBUG] corner=0.00 vmax_loc=0.20
13:34:54 [INFO] [MPC] state=(-3.76,+0.00,-3.09) wp0=(-4.25,+0.15) v=+0.200 ω=-0.535 wp_prog=4/26 ok=True iters=5
13:34:54 [DEBUG] [MPC IN] path_xy0..1=[[-4.25, 0.14999999999999947], [-4.3500000000000005, 0.14999999999999947]] theta_ref0..2=[3.141592653589793, 3.141592653589793, 3.141592653589793] weights=[18.0, 7.5, 0.25, 0.5, 0.06, 0.0] vmin_soft=0.030
13:34:54 [DEBUG] corner=0.00 vmax_loc=0.20
13:34:54 [INFO] [MPC] state=(-3.78,+0.00,-3.12) wp0=(-4.25,+0.15) v=+0.200 ω=+0.743 wp_prog=4/26 ok=True iters=7
13:34:54 [DEBUG] [MPC IN] path_xy0..1=[[-4.25, 0.14999999999999947], [-4.3500000000000005, 0.14999999999999947]] theta_ref0..2=[3.141592653589793, 3.141592653589793, 3.141592653589793] weights=[18.0, 7.5, 0.25, 0.5, 0.06, 0.0] vmin_soft=0.030
13:34:54 [DEBUG] corner=0.00 vmax_loc=0.20
13:34:54 [INFO] [MPC] state=(-3.80,+0.00,-3.08) wp0=(-4.25,+0.15) v=+0.200 ω=-0.568 wp_prog=4/26 ok=True iters=7
13:34:54 [DEBUG] [MPC IN] path_xy0..1=[[-4.25, 0.14999999999999947], [-4.3500000000000005, 0.14999999999999947]] theta_ref0..2=[3.141592653589793, 3.141592653589793, 3.141592653589793] weights=[18.0, 7.5, 0.25, 0.5, 0.06, 0.0] vmin_soft=0.030
13:34:54 [DEBUG] corner=0.00 vmax_loc=0.20
13:34:54 [INFO] [MPC] state=(-3.82,+0.00,-3.11) wp0=(-4.25,+0.15) v=+0.200 ω=-0.532 wp_prog=4/26 ok=True iters=6
13:34:54 [DEBUG] [MPC IN] path_xy0..1=[[-4.25, 0.14999999999999947], [-4.3500000000000005, 0.14999999999999947]] theta_ref0..2=[3.141592653589793, 3.141592653589793, 3.141592653589793] weights=[18.0, 7.5, 0.25, 0.5, 0.06, 0.0] vmin_soft=0.030
13:34:54 [DEBUG] corner=0.00 vmax_loc=0.20
13:34:54 [INFO] [MPC] state=(-3.84,+0.00,-3.15) wp0=(-4.25,+0.15) v=+0.200 ω=-0.209 wp_prog=5/26 ok=True iters=6
13:34:54 [DEBUG] [MPC IN] path_xy0..1=[[-4.25, 0.14999999999999947], [-4.3500000000000005, 0.14999999999999947]] theta_ref0..2=[3.141592653589793, 3.141592653589793, 3.141592653589793] weights=[18.0, 7.5, 0.25, 0.5, 0.06, 0.0] vmin_soft=0.030
13:34:54 [DEBUG] corner=0.00 vmax_loc=0.20
13:34:54 [INFO] [MPC] state=(-3.86,+0.00,-3.17) wp0=(-4.35,+0.15) v=+0.200 ω=+0.086 wp_prog=5/26 ok=True iters=6
13:34:54 [DEBUG] [MPC IN] path_xy0..1=[[-4.3500000000000005, 0.14999999999999947], [-4.45, 0.14999999999999947]] theta_ref0..2=[3.141592653589793, 3.141592653589793, 3.141592653589793] weights=[18.0, 7.5, 0.25, 0.5, 0.06, 0.0] vmin_soft=0.030
13:34:54 [DEBUG] corner=0.00 vmax_loc=0.20
13:34:54 [INFO] [MPC] state=(-3.88,+0.00,-3.16) wp0=(-4.35,+0.15) v=+0.200 ω=-0.162 wp_prog=5/26 ok=True iters=6
13:34:54 [DEBUG] [MPC IN] path_xy0..1=[[-4.3500000000000005, 0.14999999999999947], [-4.45, 0.14999999999999947]] theta_ref0..2=[3.141592653589793, 3.141592653589793, 3.141592653589793] weights=[18.0, 7.5, 0.25, 0.5, 0.06, 0.0] vmin_soft=0.030
13:34:54 [DEBUG] corner=0.00 vmax_loc=0.20
13:34:54 [INFO] [MPC] state=(-3.90,+0.00,-3.17) wp0=(-4.35,+0.15) v=+0.200 ω=+0.115 wp_prog=5/26 ok=True iters=6
13:34:54 [DEBUG] [MPC IN] path_xy0..1=[[-4.3500000000000005, 0.14999999999999947], [-4.45, 0.14999999999999947]] theta_ref0..2=[3.141592653589793, 3.141592653589793, 3.141592653589793] weights=[18.0, 7.5, 0.25, 0.5, 0.06, 0.0] vmin_soft=0.030
13:34:54 [DEBUG] corner=0.00 vmax_loc=0.20
13:34:54 [INFO] [MPC] state=(-3.92,+0.00,-3.16) wp0=(-4.35,+0.15) v=+0.200 ω=+0.833 wp_prog=5/26 ok=True iters=7
13:34:54 [DEBUG] [MPC IN] path_xy0..1=[[-4.3500000000000005, 0.14999999999999947], [-4.45, 0.14999999999999947]] theta_ref0..2=[3.141592653589793, 3.141592653589793, 3.141592653589793] weights=[18.0, 7.5, 0.25, 0.5, 0.06, 0.0] vmin_soft=0.030
13:34:54 [DEBUG] corner=0.00 vmax_loc=0.20
13:34:54 [INFO] [MPC] state=(-3.93,+0.00,-3.12) wp0=(-4.35,+0.15) v=+0.200 ω=+0.764 wp_prog=5/26 ok=True iters=6
13:34:54 [DEBUG] [MPC IN] path_xy0..1=[[-4.3500000000000005, 0.14999999999999947], [-4.45, 0.14999999999999947]] theta_ref0..2=[3.141592653589793, 3.141592653589793, 3.141592653589793] weights=[18.0, 7.5, 0.25, 0.5, 0.06, 0.0] vmin_soft=0.030
13:34:54 [DEBUG] corner=0.00 vmax_loc=0.20
13:34:54 [INFO] [MPC] state=(-3.95,+0.00,-3.08) wp0=(-4.35,+0.15) v=+0.200 ω=-0.564 wp_prog=6/26 ok=True iters=7
13:34:54 [DEBUG] [MPC IN] path_xy0..1=[[-4.3500000000000005, 0.14999999999999947], [-4.45, 0.14999999999999947]] theta_ref0..2=[3.141592653589793, 3.141592653589793, 3.141592653589793] weights=[18.0, 7.5, 0.25, 0.5, 0.06, 0.0] vmin_soft=0.030
13:34:54 [DEBUG] corner=0.00 vmax_loc=0.20
13:34:54 [INFO] [MPC] state=(-3.97,+0.00,-3.12) wp0=(-4.35,+0.15) v=+0.200 ω=-0.266 wp_prog=6/26 ok=True iters=6
13:34:54 [DEBUG] [MPC IN] path_xy0..1=[[-4.3500000000000005, 0.14999999999999947], [-4.45, 0.14999999999999947]] theta_ref0..2=[3.141592653589793, 3.141592653589793, 3.141592653589793] weights=[18.0, 7.5, 0.25, 0.5, 0.06, 0.0] vmin_soft=0.030
13:34:54 [DEBUG] corner=0.00 vmax_loc=0.20
13:34:54 [INFO] [MPC] state=(-3.99,+0.00,-3.14) wp0=(-4.35,+0.15) v=+0.200 ω=-0.233 wp_prog=6/26 ok=True iters=6
13:34:54 [DEBUG] [MPC IN] path_xy0..1=[[-4.3500000000000005, 0.14999999999999947], [-4.45, 0.14999999999999947]] theta_ref0..2=[3.141592653589793, 3.141592653589793, 3.141592653589793] weights=[18.0, 7.5, 0.25, 0.5, 0.06, 0.0] vmin_soft=0.030
13:34:54 [DEBUG] corner=0.00 vmax_loc=0.20
13:34:54 [INFO] [MPC] state=(-4.01,+0.00,-3.16) wp0=(-4.35,+0.15) v=+0.200 ω=-0.188 wp_prog=6/26 ok=True iters=6
13:34:54 [DEBUG] [MPC IN] path_xy0..1=[[-4.3500000000000005, 0.14999999999999947], [-4.45, 0.14999999999999947]] theta_ref0..2=[3.141592653589793, 3.141592653589793, 3.141592653589793] weights=[18.0, 7.5, 0.25, 0.5, 0.06, 0.0] vmin_soft=0.030
13:34:54 [DEBUG] corner=0.00 vmax_loc=0.20
13:34:54 [INFO] [MPC] state=(-4.03,+0.00,-3.17) wp0=(-4.35,+0.15) v=+0.200 ω=+0.102 wp_prog=6/26 ok=True iters=6
13:34:54 [DEBUG] [MPC IN] path_xy0..1=[[-4.3500000000000005, 0.14999999999999947], [-4.45, 0.14999999999999947]] theta_ref0..2=[3.141592653589793, 3.141592653589793, 3.141592653589793] weights=[18.0, 7.5, 0.25, 0.5, 0.06, 0.0] vmin_soft=0.030
13:34:54 [DEBUG] corner=0.00 vmax_loc=0.20
13:34:54 [INFO] [MPC] state=(-4.05,+0.00,-3.17) wp0=(-4.35,+0.15) v=+0.200 ω=-0.151 wp_prog=7/26 ok=True iters=6
13:34:54 [DEBUG] [MPC IN] path_xy0..1=[[-4.3500000000000005, 0.14999999999999947], [-4.45, 0.14999999999999947]] theta_ref0..2=[3.141592653589793, 3.141592653589793, 3.141592653589793] weights=[18.0, 7.5, 0.25, 0.5, 0.06, 0.0] vmin_soft=0.030
13:34:54 [DEBUG] corner=0.00 vmax_loc=0.20
13:34:54 [INFO] [MPC] state=(-4.07,+0.00,-3.18) wp0=(-4.55,+0.15) v=+0.200 ω=+0.071 wp_prog=7/26 ok=True iters=6
13:34:54 [DEBUG] [MPC IN] path_xy0..1=[[-4.550000000000001, 0.14999999999999947], [-4.65, 0.14999999999999947]] theta_ref0..2=[3.141592653589793, 3.141592653589793, 3.141592653589793] weights=[18.0, 7.5, 0.25, 0.5, 0.06, 0.0] vmin_soft=0.030
13:34:54 [DEBUG] corner=0.00 vmax_loc=0.20
13:34:54 [INFO] [MPC] state=(-4.09,+0.00,-3.17) wp0=(-4.55,+0.15) v=+0.200 ω=+0.797 wp_prog=7/26 ok=True iters=7
13:34:54 [DEBUG] [MPC IN] path_xy0..1=[[-4.550000000000001, 0.14999999999999947], [-4.65, 0.14999999999999947]] theta_ref0..2=[3.141592653589793, 3.141592653589793, 3.141592653589793] weights=[18.0, 7.5, 0.25, 0.5, 0.06, 0.0] vmin_soft=0.030
13:34:54 [DEBUG] corner=0.00 vmax_loc=0.20
13:34:54 [INFO] [MPC] state=(-4.10,+0.00,-3.13) wp0=(-4.55,+0.15) v=+0.200 ω=+0.736 wp_prog=7/26 ok=True iters=6
13:34:54 [DEBUG] [MPC IN] path_xy0..1=[[-4.550000000000001, 0.14999999999999947], [-4.65, 0.14999999999999947]] theta_ref0..2=[3.141592653589793, 3.141592653589793, 3.141592653589793] weights=[18.0, 7.5, 0.25, 0.5, 0.06, 0.0] vmin_soft=0.030
13:34:54 [DEBUG] corner=0.00 vmax_loc=0.20
13:34:55 [INFO] [MPC] state=(-4.12,+0.00,-3.09) wp0=(-4.55,+0.15) v=+0.200 ω=-0.591 wp_prog=7/26 ok=True iters=7
13:34:55 [DEBUG] [MPC IN] path_xy0..1=[[-4.550000000000001, 0.14999999999999947], [-4.65, 0.14999999999999947]] theta_ref0..2=[3.141592653589793, 3.141592653589793, 3.141592653589793] weights=[18.0, 7.5, 0.25, 0.5, 0.06, 0.0] vmin_soft=0.030
13:34:55 [DEBUG] corner=0.00 vmax_loc=0.20
13:34:55 [INFO] [MPC] state=(-4.14,+0.00,-3.13) wp0=(-4.55,+0.15) v=+0.200 ω=+0.721 wp_prog=8/26 ok=True iters=7
13:34:55 [DEBUG] [MPC IN] path_xy0..1=[[-4.550000000000001, 0.14999999999999947], [-4.65, 0.14999999999999947]] theta_ref0..2=[3.141592653589793, 3.141592653589793, 3.141592653589793] weights=[18.0, 7.5, 0.25, 0.5, 0.06, 0.0] vmin_soft=0.030
13:34:55 [DEBUG] corner=0.00 vmax_loc=0.20
13:34:55 [INFO] [MPC] state=(-4.16,+0.00,-3.10) wp0=(-4.55,+0.15) v=+0.200 ω=-0.609 wp_prog=8/26 ok=True iters=7
13:34:55 [DEBUG] [MPC IN] path_xy0..1=[[-4.550000000000001, 0.14999999999999947], [-4.65, 0.14999999999999947]] theta_ref0..2=[3.141592653589793, 3.141592653589793, 3.141592653589793] weights=[18.0, 7.5, 0.25, 0.5, 0.06, 0.0] vmin_soft=0.030
13:34:55 [DEBUG] corner=0.00 vmax_loc=0.20
13:34:55 [INFO] [MPC] state=(-4.17,+0.00,-3.13) wp0=(-4.55,+0.15) v=+0.200 ω=-0.296 wp_prog=8/26 ok=True iters=6
13:34:55 [DEBUG] [MPC IN] path_xy0..1=[[-4.550000000000001, 0.14999999999999947], [-4.65, 0.14999999999999947]] theta_ref0..2=[3.141592653589793, 3.141592653589793, 3.141592653589793] weights=[18.0, 7.5, 0.25, 0.5, 0.06, 0.0] vmin_soft=0.030
13:34:55 [DEBUG] corner=0.00 vmax_loc=0.20
13:34:55 [INFO] [MPC] state=(-4.19,+0.00,-3.16) wp0=(-4.55,+0.15) v=+0.200 ω=-0.231 wp_prog=8/26 ok=True iters=6
13:34:55 [DEBUG] [MPC IN] path_xy0..1=[[-4.550000000000001, 0.14999999999999947], [-4.65, 0.14999999999999947]] theta_ref0..2=[3.141592653589793, 3.141592653589793, 3.141592653589793] weights=[18.0, 7.5, 0.25, 0.5, 0.06, 0.0] vmin_soft=0.030
13:34:55 [DEBUG] corner=0.00 vmax_loc=0.20
13:34:55 [INFO] [MPC] state=(-4.21,+0.00,-3.18) wp0=(-4.55,+0.15) v=+0.200 ω=+0.060 wp_prog=8/26 ok=True iters=6
13:34:55 [DEBUG] [MPC IN] path_xy0..1=[[-4.550000000000001, 0.14999999999999947], [-4.65, 0.14999999999999947]] theta_ref0..2=[3.141592653589793, 3.141592653589793, 3.141592653589793] weights=[18.0, 7.5, 0.25, 0.5, 0.06, 0.0] vmin_soft=0.030
13:34:55 [DEBUG] corner=0.00 vmax_loc=0.20
13:34:55 [INFO] [MPC] state=(-4.23,+0.00,-3.17) wp0=(-4.55,+0.15) v=+0.200 ω=+0.067 wp_prog=9/26 ok=True iters=6
13:34:55 [DEBUG] [MPC IN] path_xy0..1=[[-4.550000000000001, 0.14999999999999947], [-4.65, 0.14999999999999947]] theta_ref0..2=[3.141592653589793, 3.141592653589793, 3.141592653589793] weights=[18.0, 7.5, 0.25, 0.5, 0.06, 0.0] vmin_soft=0.030
13:34:55 [DEBUG] corner=0.00 vmax_loc=0.20
13:34:55 [INFO] [MPC] state=(-4.25,+0.00,-3.17) wp0=(-4.65,+0.15) v=+0.200 ω=+0.746 wp_prog=9/26 ok=True iters=7
13:34:55 [DEBUG] [MPC IN] path_xy0..1=[[-4.65, 0.14999999999999947], [-4.75, 0.14999999999999947]] theta_ref0..2=[3.141592653589793, 3.141592653589793, 3.141592653589793] weights=[18.0, 7.5, 0.25, 0.5, 0.06, 0.0] vmin_soft=0.030
13:34:55 [DEBUG] corner=0.00 vmax_loc=0.20
13:34:55 [INFO] [MPC] state=(-4.27,+0.00,-3.13) wp0=(-4.65,+0.15) v=+0.200 ω=+0.693 wp_prog=9/26 ok=True iters=7
13:34:55 [DEBUG] [MPC IN] path_xy0..1=[[-4.65, 0.14999999999999947], [-4.75, 0.14999999999999947]] theta_ref0..2=[3.141592653589793, 3.141592653589793, 3.141592653589793] weights=[18.0, 7.5, 0.25, 0.5, 0.06, 0.0] vmin_soft=0.030
13:34:55 [DEBUG] corner=0.00 vmax_loc=0.20
13:34:55 [INFO] [MPC] state=(-4.29,+0.00,-3.09) wp0=(-4.65,+0.15) v=+0.200 ω=-0.662 wp_prog=9/26 ok=True iters=7
13:34:55 [DEBUG] [MPC IN] path_xy0..1=[[-4.65, 0.14999999999999947], [-4.75, 0.14999999999999947]] theta_ref0..2=[3.141592653589793, 3.141592653589793, 3.141592653589793] weights=[18.0, 7.5, 0.25, 0.5, 0.06, 0.0] vmin_soft=0.030
13:34:55 [DEBUG] corner=0.00 vmax_loc=0.20
13:34:55 [INFO] [MPC] state=(-4.31,+0.00,-3.13) wp0=(-4.65,+0.15) v=+0.200 ω=+0.685 wp_prog=9/26 ok=True iters=8
13:34:55 [DEBUG] [MPC IN] path_xy0..1=[[-4.65, 0.14999999999999947], [-4.75, 0.14999999999999947]] theta_ref0..2=[3.141592653589793, 3.141592653589793, 3.141592653589793] weights=[18.0, 7.5, 0.25, 0.5, 0.06, 0.0] vmin_soft=0.030
13:34:55 [DEBUG] corner=0.00 vmax_loc=0.20
13:34:55 [INFO] [MPC] state=(-4.32,+0.00,-3.10) wp0=(-4.65,+0.15) v=+0.200 ω=-0.675 wp_prog=9/26 ok=True iters=7
13:34:55 [DEBUG] [MPC IN] path_xy0..1=[[-4.65, 0.14999999999999947], [-4.75, 0.14999999999999947]] theta_ref0..2=[3.141592653589793, 3.141592653589793, 3.141592653589793] weights=[18.0, 7.5, 0.25, 0.5, 0.06, 0.0] vmin_soft=0.030
13:34:55 [DEBUG] corner=0.00 vmax_loc=0.20
13:34:55 [INFO] [MPC] state=(-4.34,+0.00,-3.14) wp0=(-4.65,+0.15) v=+0.200 ω=-0.343 wp_prog=10/26 ok=True iters=7
13:34:55 [DEBUG] [MPC IN] path_xy0..1=[[-4.65, 0.14999999999999947], [-4.75, 0.14999999999999947]] theta_ref0..2=[3.141592653589793, 3.141592653589793, 3.141592653589793] weights=[18.0, 7.5, 0.25, 0.5, 0.06, 0.0] vmin_soft=0.030
13:34:55 [DEBUG] corner=0.00 vmax_loc=0.20
13:34:55 [INFO] [MPC] state=(-4.36,+0.00,-3.17) wp0=(-4.85,+0.15) v=+0.200 ω=-0.249 wp_prog=10/26 ok=True iters=6
13:34:55 [DEBUG] [MPC IN] path_xy0..1=[[-4.8500000000000005, 0.14999999999999947], [-4.95, 0.14999999999999947]] theta_ref0..2=[3.141592653589793, 3.141592653589793, 3.141592653589793] weights=[18.0, 7.5, 0.25, 0.5, 0.06, 0.0] vmin_soft=0.030
13:34:55 [DEBUG] corner=0.00 vmax_loc=0.20
13:34:55 [INFO] [MPC] state=(-4.38,+0.00,-3.19) wp0=(-4.85,+0.15) v=+0.200 ω=-0.207 wp_prog=10/26 ok=True iters=6
13:34:55 [DEBUG] [MPC IN] path_xy0..1=[[-4.8500000000000005, 0.14999999999999947], [-4.95, 0.14999999999999947]] theta_ref0..2=[3.141592653589793, 3.141592653589793, 3.141592653589793] weights=[18.0, 7.5, 0.25, 0.5, 0.06, 0.0] vmin_soft=0.030
13:34:55 [DEBUG] corner=0.00 vmax_loc=0.20
13:34:55 [INFO] [MPC] state=(-4.40,+0.00,-3.20) wp0=(-4.85,+0.15) v=+0.200 ω=-0.163 wp_prog=10/26 ok=True iters=6
13:34:55 [DEBUG] [MPC IN] path_xy0..1=[[-4.8500000000000005, 0.14999999999999947], [-4.95, 0.14999999999999947]] theta_ref0..2=[3.141592653589793, 3.141592653589793, 3.141592653589793] weights=[18.0, 7.5, 0.25, 0.5, 0.06, 0.0] vmin_soft=0.030
13:34:55 [DEBUG] corner=0.00 vmax_loc=0.20
13:34:55 [INFO] [MPC] state=(-4.42,+0.01,-3.22) wp0=(-4.85,+0.15) v=+0.200 ω=+0.989 wp_prog=10/26 ok=True iters=8
13:34:55 [DEBUG] [MPC IN] path_xy0..1=[[-4.8500000000000005, 0.14999999999999947], [-4.95, 0.14999999999999947]] theta_ref0..2=[3.141592653589793, 3.141592653589793, 3.141592653589793] weights=[18.0, 7.5, 0.25, 0.5, 0.06, 0.0] vmin_soft=0.030
13:34:55 [DEBUG] corner=0.00 vmax_loc=0.20
13:34:55 [INFO] [MPC] state=(-4.43,+0.01,-3.17) wp0=(-4.85,+0.15) v=+0.200 ω=+0.592 wp_prog=11/26 ok=True iters=7
13:34:55 [DEBUG] [MPC IN] path_xy0..1=[[-4.8500000000000005, 0.14999999999999947], [-4.95, 0.14999999999999947]] theta_ref0..2=[3.141592653589793, 3.141592653589793, 3.141592653589793] weights=[18.0, 7.5, 0.25, 0.5, 0.06, 0.0] vmin_soft=0.030
13:34:55 [DEBUG] corner=0.00 vmax_loc=0.20
13:34:55 [INFO] [MPC] state=(-4.45,+0.01,-3.13) wp0=(-4.85,+0.15) v=+0.200 ω=+0.557 wp_prog=11/26 ok=True iters=7
13:34:55 [DEBUG] [MPC IN] path_xy0..1=[[-4.8500000000000005, 0.14999999999999947], [-4.95, 0.14999999999999947]] theta_ref0..2=[3.141592653589793, 3.141592653589793, 3.141592653589793] weights=[18.0, 7.5, 0.25, 0.5, 0.06, 0.0] vmin_soft=0.030
13:34:55 [DEBUG] corner=0.00 vmax_loc=0.20
13:34:55 [INFO] [MPC] state=(-4.47,+0.01,-3.11) wp0=(-4.85,+0.15) v=+0.200 ω=+0.512 wp_prog=11/26 ok=True iters=7
13:34:55 [DEBUG] [MPC IN] path_xy0..1=[[-4.8500000000000005, 0.14999999999999947], [-4.95, 0.14999999999999947]] theta_ref0..2=[3.141592653589793, 3.141592653589793, 3.141592653589793] weights=[18.0, 7.5, 0.25, 0.5, 0.06, 0.0] vmin_soft=0.030
13:34:55 [DEBUG] corner=0.00 vmax_loc=0.20
13:34:55 [INFO] [MPC] state=(-4.49,+0.01,-3.08) wp0=(-4.85,+0.15) v=+0.200 ω=+0.255 wp_prog=11/26 ok=True iters=7
13:34:55 [DEBUG] [MPC IN] path_xy0..1=[[-4.8500000000000005, 0.14999999999999947], [-4.95, 0.14999999999999947]] theta_ref0..2=[3.141592653589793, 3.141592653589793, 3.141592653589793] weights=[18.0, 7.5, 0.25, 0.5, 0.06, 0.0] vmin_soft=0.030
13:34:55 [DEBUG] corner=0.00 vmax_loc=0.20
13:34:55 [INFO] [MPC] state=(-4.51,+0.00,-3.06) wp0=(-4.85,+0.15) v=+0.200 ω=-0.937 wp_prog=11/26 ok=True iters=7
13:34:55 [DEBUG] [MPC IN] path_xy0..1=[[-4.8500000000000005, 0.14999999999999947], [-4.95, 0.14999999999999947]] theta_ref0..2=[3.141592653589793, 3.141592653589793, 3.141592653589793] weights=[18.0, 7.5, 0.25, 0.5, 0.06, 0.0] vmin_soft=0.030
13:34:55 [DEBUG] corner=0.00 vmax_loc=0.20
13:34:55 [INFO] [MPC] state=(-4.52,+0.00,-3.11) wp0=(-4.85,+0.15) v=+0.200 ω=+0.461 wp_prog=11/26 ok=True iters=8
13:34:55 [DEBUG] [MPC IN] path_xy0..1=[[-4.8500000000000005, 0.14999999999999947], [-4.95, 0.14999999999999947]] theta_ref0..2=[3.141592653589793, 3.141592653589793, 3.141592653589793] weights=[18.0, 7.5, 0.25, 0.5, 0.06, 0.0] vmin_soft=0.030
13:34:55 [DEBUG] corner=0.00 vmax_loc=0.20
13:34:55 [INFO] [MPC] state=(-4.54,+0.00,-3.09) wp0=(-4.85,+0.15) v=+0.200 ω=-0.943 wp_prog=12/26 ok=True iters=7
13:34:55 [DEBUG] [MPC IN] path_xy0..1=[[-4.8500000000000005, 0.14999999999999947], [-4.95, 0.14999999999999947]] theta_ref0..2=[3.141592653589793, 3.141592653589793, 3.141592653589793] weights=[18.0, 7.5, 0.25, 0.5, 0.06, 0.0] vmin_soft=0.030
13:34:55 [DEBUG] corner=0.09 vmax_loc=0.17
13:34:55 [INFO] [MPC] state=(-4.56,+0.00,-3.15) wp0=(-5.05,+0.15) v=+0.173 ω=-0.931 wp_prog=12/26 ok=True iters=6
13:34:55 [DEBUG] [MPC IN] path_xy0..1=[[-5.050000000000001, 0.14999999999999947], [-5.15, 0.14999999999999947]] theta_ref0..2=[3.141592653589793, 3.141592653589793, 3.054092653589793] weights=[18.0, 7.5, 0.25, 0.5, 0.06, 0.0] vmin_soft=0.030
13:34:55 [DEBUG] corner=0.11 vmax_loc=0.17
13:34:55 [INFO] [MPC] state=(-4.58,+0.00,-3.22) wp0=(-5.05,+0.15) v=+0.168 ω=-0.572 wp_prog=12/26 ok=True iters=7
13:34:55 [DEBUG] [MPC IN] path_xy0..1=[[-5.050000000000001, 0.14999999999999947], [-5.15, 0.14999999999999947]] theta_ref0..2=[3.141592653589793, 3.141592653589793, 3.032217653589793] weights=[18.0, 7.5, 0.25, 0.5, 0.06, 0.0] vmin_soft=0.030
13:34:55 [DEBUG] corner=0.11 vmax_loc=0.17
13:34:55 [INFO] [MPC] state=(-4.59,+0.00,-3.28) wp0=(-5.05,+0.15) v=+0.167 ω=+0.923 wp_prog=12/26 ok=True iters=8
13:34:55 [DEBUG] [MPC IN] path_xy0..1=[[-5.050000000000001, 0.14999999999999947], [-5.15, 0.14999999999999947]] theta_ref0..2=[3.141592653589793, 3.141592653589793, 3.026748903589793] weights=[18.0, 7.5, 0.25, 0.5, 0.06, 0.0] vmin_soft=0.030
13:34:55 [DEBUG] corner=0.12 vmax_loc=0.17
13:34:55 [INFO] [MPC] state=(-4.61,+0.01,-3.21) wp0=(-5.05,+0.15) v=+0.166 ω=+0.679 wp_prog=12/26 ok=True iters=7
13:34:55 [DEBUG] [MPC IN] path_xy0..1=[[-5.050000000000001, 0.14999999999999947], [-5.15, 0.14999999999999947]] theta_ref0..2=[3.141592653589793, 3.141592653589793, 3.025381716089793] weights=[18.0, 7.5, 0.25, 0.5, 0.06, 0.0] vmin_soft=0.030
13:34:55 [DEBUG] corner=0.12 vmax_loc=0.17
13:34:55 [INFO] [MPC] state=(-4.62,+0.01,-3.16) wp0=(-5.05,+0.15) v=+0.166 ω=+0.299 wp_prog=12/26 ok=True iters=7
13:34:55 [DEBUG] [MPC IN] path_xy0..1=[[-5.050000000000001, 0.14999999999999947], [-5.15, 0.14999999999999947]] theta_ref0..2=[3.141592653589793, 3.141592653589793, 3.025039919214793] weights=[18.0, 7.5, 0.25, 0.5, 0.06, 0.0] vmin_soft=0.030
13:34:55 [DEBUG] corner=0.12 vmax_loc=0.17
13:34:55 [INFO] [MPC] state=(-4.64,+0.01,-3.13) wp0=(-5.05,+0.15) v=+0.166 ω=+0.271 wp_prog=13/26 ok=True iters=7
13:34:55 [DEBUG] [MPC IN] path_xy0..1=[[-5.050000000000001, 0.14999999999999947], [-5.15, 0.14999999999999947]] theta_ref0..2=[3.141592653589793, 3.141592653589793, 3.024954469996043] weights=[18.0, 7.5, 0.25, 0.5, 0.06, 0.0] vmin_soft=0.030
13:34:55 [DEBUG] corner=0.12 vmax_loc=0.17
13:34:55 [INFO] [MPC] state=(-4.65,+0.01,-3.11) wp0=(-5.05,+0.15) v=+0.166 ω=+0.236 wp_prog=13/26 ok=True iters=7
13:34:55 [DEBUG] [MPC IN] path_xy0..1=[[-5.050000000000001, 0.14999999999999947], [-5.15, 0.14999999999999947]] theta_ref0..2=[3.141592653589793, 3.141592653589793, 3.0249331076913557] weights=[18.0, 7.5, 0.25, 0.5, 0.06, 0.0] vmin_soft=0.030
13:34:55 [DEBUG] corner=0.12 vmax_loc=0.17
13:34:55 [INFO] [MPC] state=(-4.67,+0.01,-3.08) wp0=(-5.05,+0.15) v=+0.166 ω=+0.006 wp_prog=13/26 ok=True iters=7
13:34:55 [DEBUG] [MPC IN] path_xy0..1=[[-5.050000000000001, 0.14999999999999947], [-5.15, 0.14999999999999947]] theta_ref0..2=[3.141592653589793, 3.141592653589793, 3.0249277671151837] weights=[18.0, 7.5, 0.25, 0.5, 0.06, 0.0] vmin_soft=0.030
13:34:55 [DEBUG] corner=0.12 vmax_loc=0.17
13:34:55 [INFO] [MPC] state=(-4.69,+0.00,-3.08) wp0=(-5.05,+0.15) v=+0.166 ω=-1.255 wp_prog=13/26 ok=True iters=8
13:34:55 [DEBUG] [MPC IN] path_xy0..1=[[-5.050000000000001, 0.14999999999999947], [-5.15, 0.14999999999999947]] theta_ref0..2=[3.141592653589793, 3.141592653589793, 3.024926431971141] weights=[18.0, 7.5, 0.25, 0.5, 0.06, 0.0] vmin_soft=0.030
13:34:55 [DEBUG] corner=0.12 vmax_loc=0.17
13:34:55 [INFO] [MPC] state=(-4.70,+0.00,-3.17) wp0=(-5.05,+0.15) v=+0.166 ω=+0.266 wp_prog=13/26 ok=True iters=8
13:34:55 [DEBUG] [MPC IN] path_xy0..1=[[-5.050000000000001, 0.14999999999999947], [-5.15, 0.14999999999999947]] theta_ref0..2=[3.141592653589793, 3.141592653589793, 3.02492609818513] weights=[18.0, 7.5, 0.25, 0.5, 0.06, 0.0] vmin_soft=0.030
13:34:55 [DEBUG] corner=0.12 vmax_loc=0.17
13:34:55 [INFO] [MPC] state=(-4.72,+0.00,-3.16) wp0=(-5.05,+0.15) v=+0.166 ω=+0.269 wp_prog=13/26 ok=True iters=7
13:34:55 [DEBUG] [MPC IN] path_xy0..1=[[-5.050000000000001, 0.14999999999999947], [-5.15, 0.14999999999999947]] theta_ref0..2=[3.141592653589793, 3.141592653589793, 3.0249260147386274] weights=[18.0, 7.5, 0.25, 0.5, 0.06, 0.0] vmin_soft=0.030
13:34:55 [DEBUG] corner=0.12 vmax_loc=0.17
13:34:55 [INFO] [MPC] state=(-4.73,+0.00,-3.14) wp0=(-5.05,+0.15) v=+0.166 ω=+0.253 wp_prog=13/26 ok=True iters=7
13:34:55 [DEBUG] [MPC IN] path_xy0..1=[[-5.050000000000001, 0.14999999999999947], [-5.15, 0.14999999999999947]] theta_ref0..2=[3.141592653589793, 3.141592653589793, 3.0249259938770017] weights=[18.0, 7.5, 0.25, 0.5, 0.06, 0.0] vmin_soft=0.030
13:34:55 [DEBUG] corner=0.12 vmax_loc=0.17
13:34:55 [INFO] [MPC] state=(-4.75,+0.00,-3.12) wp0=(-5.05,+0.15) v=+0.166 ω=+0.226 wp_prog=14/26 ok=True iters=7
13:34:55 [DEBUG] [MPC IN] path_xy0..1=[[-5.050000000000001, 0.14999999999999947], [-5.15, 0.14999999999999947]] theta_ref0..2=[3.141592653589793, 3.141592653589793, 3.0249259886615953] weights=[18.0, 7.5, 0.25, 0.5, 0.06, 0.0] vmin_soft=0.030
13:34:55 [DEBUG] corner=0.09 vmax_loc=0.17
13:34:55 [INFO] [MPC] state=(-4.77,+0.00,-3.10) wp0=(-5.15,+0.15) v=+0.171 ω=+0.018 wp_prog=14/26 ok=True iters=7
13:34:55 [DEBUG] [MPC IN] path_xy0..1=[[-5.15, 0.14999999999999947], [-5.250000000000001, 0.14999999999999947]] theta_ref0..2=[3.141592653589793, 3.054092653589793, 2.959300987357744] weights=[18.0, 7.5, 0.25, 0.5, 0.06, 0.0] vmin_soft=0.030
13:34:55 [DEBUG] corner=0.11 vmax_loc=0.17
13:34:55 [INFO] [MPC] state=(-4.78,+0.00,-3.09) wp0=(-5.15,+0.15) v=+0.168 ω=-1.454 wp_prog=14/26 ok=True iters=8
13:34:55 [DEBUG] [MPC IN] path_xy0..1=[[-5.15, 0.14999999999999947], [-5.250000000000001, 0.14999999999999947]] theta_ref0..2=[3.141592653589793, 3.032217653589793, 2.9264884870317807] weights=[18.0, 7.5, 0.25, 0.5, 0.06, 0.0] vmin_soft=0.030
13:34:55 [DEBUG] corner=0.11 vmax_loc=0.17
13:34:55 [INFO] [MPC] state=(-4.80,+0.00,-3.19) wp0=(-5.15,+0.15) v=+0.167 ω=-0.810 wp_prog=14/26 ok=True iters=7
13:34:55 [DEBUG] [MPC IN] path_xy0..1=[[-5.15, 0.14999999999999947], [-5.250000000000001, 0.14999999999999947]] theta_ref0..2=[3.141592653589793, 3.026748903589793, 2.91418379945029] weights=[18.0, 7.5, 0.25, 0.5, 0.06, 0.0] vmin_soft=0.030
13:34:55 [DEBUG] corner=0.12 vmax_loc=0.17
13:34:55 [INFO] [MPC] state=(-4.81,+0.00,-3.26) wp0=(-5.15,+0.15) v=+0.166 ω=+0.763 wp_prog=14/26 ok=True iters=8
13:34:55 [DEBUG] [MPC IN] path_xy0..1=[[-5.15, 0.14999999999999947], [-5.250000000000001, 0.14999999999999947]] theta_ref0..2=[3.141592653589793, 3.025381716089793, 2.9100822369299175] weights=[18.0, 7.5, 0.25, 0.5, 0.06, 0.0] vmin_soft=0.030
13:34:55 [DEBUG] corner=0.12 vmax_loc=0.17
13:34:55 [INFO] [MPC] state=(-4.83,+0.01,-3.21) wp0=(-5.15,+0.15) v=+0.166 ω=+0.534 wp_prog=14/26 ok=True iters=7
13:34:55 [DEBUG] [MPC IN] path_xy0..1=[[-5.15, 0.14999999999999947], [-5.250000000000001, 0.14999999999999947]] theta_ref0..2=[3.141592653589793, 3.025039919214793, 2.9088004986435743] weights=[18.0, 7.5, 0.25, 0.5, 0.06, 0.0] vmin_soft=0.030
13:34:55 [DEBUG] corner=0.12 vmax_loc=0.17
13:34:55 [INFO] [MPC] state=(-4.84,+0.01,-3.16) wp0=(-5.15,+0.15) v=+0.166 ω=+0.162 wp_prog=15/26 ok=True iters=7
13:34:55 [DEBUG] [MPC IN] path_xy0..1=[[-5.15, 0.14999999999999947], [-5.250000000000001, 0.14999999999999947]] theta_ref0..2=[3.141592653589793, 3.024954469996043, 2.908415977157926] weights=[18.0, 7.5, 0.25, 0.5, 0.06, 0.0] vmin_soft=0.030
13:34:55 [DEBUG] corner=0.10 vmax_loc=0.17
13:34:55 [INFO] [MPC] state=(-4.86,+0.01,-3.15) wp0=(-5.25,+0.15) v=+0.170 ω=+0.006 wp_prog=15/26 ok=True iters=6
13:34:55 [DEBUG] [MPC IN] path_xy0..1=[[-5.250000000000001, 0.14999999999999947], [-5.250000000000001, 0.25]] theta_ref0..2=[3.054092653589793, 2.9593081076913554, 2.859085075057998] weights=[18.0, 7.5, 0.25, 0.5, 0.06, 0.0] vmin_soft=0.030
13:34:55 [DEBUG] corner=0.09 vmax_loc=0.17
13:34:55 [INFO] [MPC] state=(-4.88,+0.01,-3.15) wp0=(-5.25,+0.15) v=+0.172 ω=+0.006 wp_prog=15/26 ok=True iters=7
13:34:55 [DEBUG] [MPC IN] path_xy0..1=[[-5.250000000000001, 0.14999999999999947], [-5.250000000000001, 0.25]] theta_ref0..2=[2.9665926535897933, 2.877271517115184, 2.785224906600887] weights=[18.0, 7.5, 0.25, 0.5, 0.06, 0.0] vmin_soft=0.030
13:34:55 [DEBUG] corner=0.09 vmax_loc=0.17
13:34:55 [INFO] [MPC] state=(-4.89,+0.01,-3.14) wp0=(-5.25,+0.15) v=+0.173 ω=+0.006 wp_prog=15/26 ok=True iters=7
13:34:55 [DEBUG] [MPC IN] path_xy0..1=[[-5.250000000000001, 0.14999999999999947], [-5.250000000000001, 0.25]] theta_ref0..2=[2.8790926535897934, 2.7911373694711408, 2.7021592537535772] weights=[18.0, 7.5, 0.25, 0.5, 0.06, 0.0] vmin_soft=0.030
13:34:55 [DEBUG] corner=0.09 vmax_loc=0.17
13:34:55 [INFO] [MPC] state=(-4.91,+0.01,-3.14) wp0=(-5.25,+0.15) v=+0.173 ω=+0.007 wp_prog=15/26 ok=True iters=7
13:34:55 [DEBUG] [MPC IN] path_xy0..1=[[-5.250000000000001, 0.14999999999999947], [-5.250000000000001, 0.25]] theta_ref0..2=[2.7915926535897935, 2.7039788325601304, 2.616023937858492] weights=[18.0, 7.5, 0.25, 0.5, 0.06, 0.0] vmin_soft=0.030
13:34:55 [DEBUG] corner=0.09 vmax_loc=0.17
13:34:55 [INFO] [MPC] state=(-4.93,+0.01,-3.14) wp0=(-5.25,+0.15) v=+0.173 ω=+0.007 wp_prog=15/26 ok=True iters=7
13:34:55 [DEBUG] [MPC IN] path_xy0..1=[[-5.250000000000001, 0.14999999999999947], [-5.250000000000001, 0.25]] theta_ref0..2=[2.7040926535897936, 2.6165641983323775, 2.5289291332139063] weights=[18.0, 7.5, 0.25, 0.5, 0.06, 0.0] vmin_soft=0.030
13:34:55 [DEBUG] corner=0.09 vmax_loc=0.17
13:34:55 [INFO] [MPC] state=(-4.95,+0.01,-3.14) wp0=(-5.25,+0.15) v=+0.173 ω=+0.008 wp_prog=16/26 ok=True iters=7
13:34:55 [DEBUG] [MPC IN] path_xy0..1=[[-5.250000000000001, 0.14999999999999947], [-5.250000000000001, 0.25]] theta_ref0..2=[2.6165926535897936, 2.5290855397754397, 2.4415464381350565] weights=[18.0, 7.5, 0.25, 0.5, 0.06, 0.0] vmin_soft=0.030
13:34:55 [DEBUG] corner=0.09 vmax_loc=0.17
13:34:55 [INFO] [MPC] state=(-4.96,+0.01,-3.14) wp0=(-5.25,+0.25) v=+0.173 ω=-0.110 wp_prog=16/26 ok=True iters=7
13:34:55 [DEBUG] [MPC IN] path_xy0..1=[[-5.250000000000001, 0.25], [-5.250000000000001, 0.34999999999999964]] theta_ref0..2=[2.5290926535897937, 2.441590875136205, 2.354079765885918] weights=[18.0, 7.5, 0.25, 0.5, 0.06, 0.0] vmin_soft=0.030
13:34:55 [DEBUG] corner=0.09 vmax_loc=0.17
13:34:55 [INFO] [MPC] state=(-4.98,+0.01,-3.15) wp0=(-5.25,+0.25) v=+0.173 ω=-0.100 wp_prog=16/26 ok=True iters=7
13:34:55 [DEBUG] [MPC IN] path_xy0..1=[[-5.250000000000001, 0.25], [-5.250000000000001, 0.34999999999999964]] theta_ref0..2=[2.441592653589794, 2.3540922089763967, 2.266589098203777] weights=[18.0, 7.5, 0.25, 0.5, 0.06, 0.0] vmin_soft=0.030
13:34:55 [DEBUG] corner=0.09 vmax_loc=0.17
13:34:55 [INFO] [MPC] state=(-5.00,+0.01,-3.16) wp0=(-5.25,+0.25) v=+0.173 ω=-0.087 wp_prog=16/26 ok=True iters=7
13:34:55 [DEBUG] [MPC IN] path_xy0..1=[[-5.250000000000001, 0.25], [-5.250000000000001, 0.34999999999999964]] theta_ref0..2=[2.354092653589794, 2.2665925424364444, 2.1790916813782775] weights=[18.0, 7.5, 0.25, 0.5, 0.06, 0.0] vmin_soft=0.030
13:34:55 [DEBUG] corner=0.09 vmax_loc=0.17
13:34:55 [INFO] [MPC] state=(-5.02,+0.01,-3.17) wp0=(-5.25,+0.25) v=+0.173 ω=-0.070 wp_prog=16/26 ok=True iters=7
13:34:55 [DEBUG] [MPC IN] path_xy0..1=[[-5.250000000000001, 0.25], [-5.250000000000001, 0.34999999999999964]] theta_ref0..2=[2.266592653589794, 2.1790926258014567, 2.091592389695662] weights=[18.0, 7.5, 0.25, 0.5, 0.06, 0.0] vmin_soft=0.030
13:34:55 [DEBUG] corner=0.09 vmax_loc=0.17
13:34:55 [INFO] [MPC] state=(-5.03,+0.01,-3.18) wp0=(-5.25,+0.25) v=+0.173 ω=-1.328 wp_prog=16/26 ok=True iters=8
13:34:55 [DEBUG] [MPC IN] path_xy0..1=[[-5.250000000000001, 0.25], [-5.250000000000001, 0.34999999999999964]] theta_ref0..2=[2.179092653589794, 2.0915926466427095, 2.0040925824059475] weights=[18.0, 7.5, 0.25, 0.5, 0.06, 0.0] vmin_soft=0.030
13:34:55 [DEBUG] corner=0.09 vmax_loc=0.17
13:34:55 [INFO] [MPC] state=(-5.05,+0.01,-3.27) wp0=(-5.25,+0.25) v=+0.173 ω=+0.218 wp_prog=17/26 ok=True iters=8
13:34:55 [DEBUG] [MPC IN] path_xy0..1=[[-5.250000000000001, 0.25], [-5.250000000000001, 0.34999999999999964]] theta_ref0..2=[2.091592653589794, 2.004092651853023, 1.9165926344912543] weights=[18.0, 7.5, 0.25, 0.5, 0.06, 0.0] vmin_soft=0.030
13:34:55 [DEBUG] corner=0.09 vmax_loc=0.17
13:34:55 [INFO] [MPC] state=(-5.07,+0.01,-3.25) wp0=(-5.25,+0.35) v=+0.173 ω=-1.039 wp_prog=17/26 ok=True iters=7
13:34:55 [DEBUG] [MPC IN] path_xy0..1=[[-5.250000000000001, 0.34999999999999964], [-5.250000000000001, 0.4500000000000002]] theta_ref0..2=[2.0040926535897943, 1.9165926531556015, 1.8301435715654253] weights=[18.0, 7.5, 0.25, 0.5, 0.06, 0.0] vmin_soft=0.030
13:34:55 [DEBUG] corner=0.09 vmax_loc=0.17
13:34:55 [INFO] [MPC] state=(-5.08,+0.01,-3.32) wp0=(-5.25,+0.35) v=+0.173 ω=-0.714 wp_prog=17/26 ok=True iters=6
13:34:55 [DEBUG] [MPC IN] path_xy0..1=[[-5.250000000000001, 0.34999999999999964], [-5.250000000000001, 0.4500000000000002]] theta_ref0..2=[1.9165926535897944, 1.83014357189107, 1.7653067606170265] weights=[18.0, 7.5, 0.25, 0.5, 0.06, 0.0] vmin_soft=0.030
13:34:56 [DEBUG] corner=0.06 vmax_loc=0.18
13:34:56 [INFO] [MPC] state=(-5.10,+0.02,-3.38) wp0=(-5.25,+0.35) v=+0.179 ω=-0.377 wp_prog=17/26 ok=True iters=6
13:34:56 [DEBUG] [MPC IN] path_xy0..1=[[-5.250000000000001, 0.34999999999999964], [-5.250000000000001, 0.4500000000000002]] theta_ref0..2=[1.83014357189107, 1.7653067606170265, 1.7166791521614941] weights=[18.0, 7.5, 0.25, 0.5, 0.06, 0.0] vmin_soft=0.030
13:34:56 [DEBUG] corner=0.05 vmax_loc=0.18
13:34:56 [INFO] [MPC] state=(-5.12,+0.02,-3.42) wp0=(-5.25,+0.35) v=+0.183 ω=-0.326 wp_prog=17/26 ok=True iters=6
13:34:56 [DEBUG] [MPC IN] path_xy0..1=[[-5.250000000000001, 0.34999999999999964], [-5.250000000000001, 0.4500000000000002]] theta_ref0..2=[1.7653067606170265, 1.7166791521614941, 1.6802084458198447] weights=[18.0, 7.5, 0.25, 0.5, 0.06, 0.0] vmin_soft=0.030
13:34:56 [DEBUG] corner=0.04 vmax_loc=0.19
13:34:56 [INFO] [MPC] state=(-5.13,+0.03,-3.45) wp0=(-5.25,+0.35) v=+0.187 ω=+0.499 wp_prog=18/26 ok=True iters=7
13:34:56 [DEBUG] [MPC IN] path_xy0..1=[[-5.250000000000001, 0.34999999999999964], [-5.250000000000001, 0.4500000000000002]] theta_ref0..2=[1.7166791521614941, 1.6802084458198447, 1.6528554160636078] weights=[18.0, 7.5, 0.25, 0.5, 0.06, 0.0] vmin_soft=0.030
13:34:56 [DEBUG] corner=0.03 vmax_loc=0.19
13:34:56 [INFO] [MPC] state=(-5.15,+0.03,-3.41) wp0=(-5.25,+0.45) v=+0.190 ω=+0.384 wp_prog=18/26 ok=True iters=6
13:34:56 [DEBUG] [MPC IN] path_xy0..1=[[-5.250000000000001, 0.4500000000000002], [-5.250000000000001, 0.5499999999999998]] theta_ref0..2=[1.6802084458198447, 1.6528554160636078, 1.63234064374643] weights=[18.0, 7.5, 0.25, 0.5, 0.06, 0.0] vmin_soft=0.030
13:34:56 [DEBUG] corner=0.02 vmax_loc=0.19
13:34:56 [INFO] [MPC] state=(-5.17,+0.04,-3.38) wp0=(-5.25,+0.45) v=+0.192 ω=-0.704 wp_prog=18/26 ok=True iters=7
13:34:56 [DEBUG] [MPC IN] path_xy0..1=[[-5.250000000000001, 0.4500000000000002], [-5.250000000000001, 0.5499999999999998]] theta_ref0..2=[1.6528554160636078, 1.63234064374643, 1.6169545645085468] weights=[18.0, 7.5, 0.25, 0.5, 0.06, 0.0] vmin_soft=0.030
13:34:56 [DEBUG] corner=0.02 vmax_loc=0.19
13:34:56 [INFO] [MPC] state=(-5.19,+0.04,-3.43) wp0=(-5.25,+0.45) v=+0.194 ω=-1.579 wp_prog=18/26 ok=True iters=13
13:34:56 [DEBUG] [MPC IN] path_xy0..1=[[-5.250000000000001, 0.4500000000000002], [-5.250000000000001, 0.5499999999999998]] theta_ref0..2=[1.63234064374643, 1.6169545645085468, 1.6054150050801343] weights=[18.0, 7.5, 0.25, 0.5, 0.06, 0.0] vmin_soft=0.030
13:34:56 [DEBUG] corner=0.01 vmax_loc=0.20
13:34:56 [INFO] [MPC] state=(-5.20,+0.05,-3.52) wp0=(-5.25,+0.45) v=+0.196 ω=-2.400 wp_prog=18/26 ok=True iters=9
13:34:56 [DEBUG] [MPC IN] path_xy0..1=[[-5.250000000000001, 0.4500000000000002], [-5.250000000000001, 0.5499999999999998]] theta_ref0..2=[1.6169545645085468, 1.6054150050801343, 1.596760335508825] weights=[18.0, 7.5, 0.25, 0.5, 0.06, 0.0] vmin_soft=0.030
13:34:56 [DEBUG] corner=0.01 vmax_loc=0.20
13:34:56 [INFO] [MPC] state=(-5.21,+0.05,-3.64) wp0=(-5.25,+0.45) v=+0.030 ω=+2.400 wp_prog=18/26 ok=True iters=21
13:34:56 [DEBUG] [MPC IN] path_xy0..1=[[-5.250000000000001, 0.4500000000000002], [-5.250000000000001, 0.5499999999999998]] theta_ref0..2=[1.6054150050801343, 1.596760335508825, 1.5902693333303428] weights=[18.0, 7.5, 0.25, 0.5, 0.06, 0.0] vmin_soft=0.030
13:34:56 [DEBUG] corner=0.01 vmax_loc=0.20
13:34:56 [INFO] [MPC] state=(-5.21,+0.05,-3.44) wp0=(-5.25,+0.45) v=+0.030 ω=+2.400 wp_prog=18/26 ok=True iters=16
13:34:56 [DEBUG] [MPC IN] path_xy0..1=[[-5.250000000000001, 0.4500000000000002], [-5.250000000000001, 0.5499999999999998]] theta_ref0..2=[1.596760335508825, 1.5902693333303428, 1.5854010816964812] weights=[18.0, 7.5, 0.25, 0.5, 0.06, 0.0] vmin_soft=0.030
13:34:56 [DEBUG] corner=0.00 vmax_loc=0.20
13:34:56 [INFO] [MPC] state=(-5.21,+0.05,-3.21) wp0=(-5.25,+0.45) v=+0.030 ω=+2.400 wp_prog=18/26 ok=True iters=17
13:34:56 [DEBUG] [MPC IN] path_xy0..1=[[-5.250000000000001, 0.4500000000000002], [-5.250000000000001, 0.5499999999999998]] theta_ref0..2=[1.5902693333303428, 1.5854010816964812, 1.581749892971085] weights=[18.0, 7.5, 0.25, 0.5, 0.06, 0.0] vmin_soft=0.030
13:34:56 [DEBUG] corner=0.00 vmax_loc=0.20
13:34:56 [INFO] [MPC] state=(-5.21,+0.05,-2.99) wp0=(-5.25,+0.45) v=+0.030 ω=+2.400 wp_prog=18/26 ok=True iters=16
13:34:56 [DEBUG] [MPC IN] path_xy0..1=[[-5.250000000000001, 0.4500000000000002], [-5.250000000000001, 0.5499999999999998]] theta_ref0..2=[1.5854010816964812, 1.581749892971085, 1.5790115014270378] weights=[18.0, 7.5, 0.25, 0.5, 0.06, 0.0] vmin_soft=0.030
13:34:56 [DEBUG] corner=0.00 vmax_loc=0.20
13:34:56 [INFO] [MPC] state=(-5.21,+0.05,-2.76) wp0=(-5.25,+0.45) v=+0.030 ω=+2.400 wp_prog=18/26 ok=True iters=16
13:34:56 [DEBUG] [MPC IN] path_xy0..1=[[-5.250000000000001, 0.4500000000000002], [-5.250000000000001, 0.5499999999999998]] theta_ref0..2=[1.581749892971085, 1.5790115014270378, 1.5769577077690025] weights=[18.0, 7.5, 0.25, 0.5, 0.06, 0.0] vmin_soft=0.030
13:34:56 [DEBUG] corner=0.00 vmax_loc=0.20
13:34:56 [INFO] [MPC] state=(-5.21,+0.05,-2.53) wp0=(-5.25,+0.45) v=+0.030 ω=+2.400 wp_prog=18/26 ok=True iters=17
13:34:56 [DEBUG] [MPC IN] path_xy0..1=[[-5.250000000000001, 0.4500000000000002], [-5.250000000000001, 0.5499999999999998]] theta_ref0..2=[1.5790115014270378, 1.5769577077690025, 1.575417362525476] weights=[18.0, 7.5, 0.25, 0.5, 0.06, 0.0] vmin_soft=0.030
13:34:56 [DEBUG] corner=0.00 vmax_loc=0.20
13:34:56 [INFO] [MPC] state=(-5.21,+0.05,-2.29) wp0=(-5.25,+0.45) v=+0.030 ω=+2.400 wp_prog=18/26 ok=True iters=15
13:34:56 [DEBUG] [MPC IN] path_xy0..1=[[-5.250000000000001, 0.4500000000000002], [-5.250000000000001, 0.5499999999999998]] theta_ref0..2=[1.5769577077690025, 1.575417362525476, 1.574262103592831] weights=[18.0, 7.5, 0.25, 0.5, 0.06, 0.0] vmin_soft=0.030
13:34:56 [DEBUG] corner=0.00 vmax_loc=0.20
13:34:56 [INFO] [MPC] state=(-5.21,+0.05,-2.07) wp0=(-5.25,+0.45) v=+0.030 ω=+2.400 wp_prog=18/26 ok=True iters=14
13:34:56 [DEBUG] [MPC IN] path_xy0..1=[[-5.250000000000001, 0.4500000000000002], [-5.250000000000001, 0.5499999999999998]] theta_ref0..2=[1.575417362525476, 1.574262103592831, 1.5733956593933474] weights=[18.0, 7.5, 0.25, 0.5, 0.06, 0.0] vmin_soft=0.030
13:34:56 [DEBUG] corner=0.00 vmax_loc=0.20
13:34:56 [INFO] [MPC] state=(-5.21,+0.05,-1.83) wp0=(-5.25,+0.45) v=+0.030 ω=+2.400 wp_prog=18/26 ok=True iters=15
13:34:56 [DEBUG] [MPC IN] path_xy0..1=[[-5.250000000000001, 0.4500000000000002], [-5.250000000000001, 0.5499999999999998]] theta_ref0..2=[1.574262103592831, 1.5733956593933474, 1.5727458262437346] weights=[18.0, 7.5, 0.25, 0.5, 0.06, 0.0] vmin_soft=0.030
13:34:56 [DEBUG] corner=0.00 vmax_loc=0.20
13:34:56 [INFO] [MPC] state=(-5.21,+0.05,-1.60) wp0=(-5.25,+0.45) v=+0.030 ω=+2.400 wp_prog=18/26 ok=True iters=15
13:34:56 [DEBUG] [MPC IN] path_xy0..1=[[-5.250000000000001, 0.4500000000000002], [-5.250000000000001, 0.5499999999999998]] theta_ref0..2=[1.5733956593933474, 1.5727458262437346, 1.5722584513815252] weights=[18.0, 7.5, 0.25, 0.5, 0.06, 0.0] vmin_soft=0.030
13:34:56 [DEBUG] corner=0.00 vmax_loc=0.20
13:34:56 [INFO] [MPC] state=(-5.21,+0.05,-1.38) wp0=(-5.25,+0.45) v=+0.030 ω=+2.400 wp_prog=18/26 ok=True iters=15
13:34:56 [DEBUG] [MPC IN] path_xy0..1=[[-5.250000000000001, 0.4500000000000002], [-5.250000000000001, 0.5499999999999998]] theta_ref0..2=[1.5727458262437346, 1.5722584513815252, 1.571892920234868] weights=[18.0, 7.5, 0.25, 0.5, 0.06, 0.0] vmin_soft=0.030
13:34:56 [DEBUG] corner=0.00 vmax_loc=0.20
13:34:56 [INFO] [MPC] state=(-5.21,+0.05,-1.15) wp0=(-5.25,+0.45) v=+0.200 ω=+2.400 wp_prog=18/26 ok=True iters=15
13:34:56 [DEBUG] [MPC IN] path_xy0..1=[[-5.250000000000001, 0.4500000000000002], [-5.250000000000001, 0.5499999999999998]] theta_ref0..2=[1.5722584513815252, 1.571892920234868, 1.571618771874875] weights=[18.0, 7.5, 0.25, 0.5, 0.06, 0.0] vmin_soft=0.030
13:34:56 [DEBUG] corner=0.00 vmax_loc=0.20
13:34:56 [INFO] [MPC] state=(-5.21,+0.04,-1.01) wp0=(-5.25,+0.45) v=+0.200 ω=+2.400 wp_prog=18/26 ok=True iters=15
13:34:56 [DEBUG] [MPC IN] path_xy0..1=[[-5.250000000000001, 0.4500000000000002], [-5.250000000000001, 0.5499999999999998]] theta_ref0..2=[1.571892920234868, 1.571618771874875, 1.5714131606048805] weights=[18.0, 7.5, 0.25, 0.5, 0.06, 0.0] vmin_soft=0.030
13:34:56 [DEBUG] corner=0.00 vmax_loc=0.20
13:34:56 [INFO] [MPC] state=(-5.20,+0.03,-0.88) wp0=(-5.25,+0.45) v=+0.030 ω=+2.400 wp_prog=18/26 ok=True iters=16
13:34:56 [DEBUG] [MPC IN] path_xy0..1=[[-5.250000000000001, 0.4500000000000002], [-5.250000000000001, 0.5499999999999998]] theta_ref0..2=[1.571618771874875, 1.5714131606048805, 1.5712589521523845] weights=[18.0, 7.5, 0.25, 0.5, 0.06, 0.0] vmin_soft=0.030
13:34:56 [DEBUG] corner=0.00 vmax_loc=0.20
13:34:56 [INFO] [MPC] state=(-5.20,+0.03,-0.65) wp0=(-5.25,+0.45) v=+0.030 ω=+2.400 wp_prog=18/26 ok=True iters=15
13:34:56 [DEBUG] [MPC IN] path_xy0..1=[[-5.250000000000001, 0.4500000000000002], [-5.250000000000001, 0.5499999999999998]] theta_ref0..2=[1.5714131606048805, 1.5712589521523845, 1.5711432958130125] weights=[18.0, 7.5, 0.25, 0.5, 0.06, 0.0] vmin_soft=0.030
13:34:56 [DEBUG] corner=0.00 vmax_loc=0.20
13:34:56 [INFO] [MPC] state=(-5.20,+0.03,-0.42) wp0=(-5.25,+0.45) v=+0.080 ω=+2.400 wp_prog=18/26 ok=True iters=16
13:34:56 [DEBUG] [MPC IN] path_xy0..1=[[-5.250000000000001, 0.4500000000000002], [-5.250000000000001, 0.5499999999999998]] theta_ref0..2=[1.5712589521523845, 1.5711432958130125, 1.5710565535584835] weights=[18.0, 7.5, 0.25, 0.5, 0.18, 0.0] vmin_soft=0.080
13:34:56 [DEBUG] corner=0.00 vmax_loc=0.20
13:34:56 [INFO] [MPC] state=(-5.20,+0.03,-0.21) wp0=(-5.25,+0.45) v=+0.080 ω=+2.400 wp_prog=18/26 ok=True iters=14
13:34:56 [DEBUG] [MPC IN] path_xy0..1=[[-5.250000000000001, 0.4500000000000002], [-5.250000000000001, 0.5499999999999998]] theta_ref0..2=[1.5711432958130125, 1.5710565535584835, 1.5709914968675869] weights=[18.0, 7.5, 0.25, 0.5, 0.18, 0.0] vmin_soft=0.080
13:34:56 [DEBUG] corner=0.00 vmax_loc=0.20
13:34:56 [INFO] [MPC] state=(-5.20,+0.03,-0.02) wp0=(-5.25,+0.45) v=+0.080 ω=+2.400 wp_prog=18/26 ok=True iters=14
13:34:56 [DEBUG] [MPC IN] path_xy0..1=[[-5.250000000000001, 0.4500000000000002], [-5.250000000000001, 0.5499999999999998]] theta_ref0..2=[1.5710565535584835, 1.5709914968675869, 1.5709427043494144] weights=[18.0, 7.5, 0.25, 0.5, 0.18, 0.0] vmin_soft=0.080
13:34:56 [DEBUG] corner=0.00 vmax_loc=0.20
13:34:56 [INFO] [MPC] state=(-5.20,+0.03,+0.16) wp0=(-5.25,+0.45) v=+0.080 ω=+2.400 wp_prog=18/26 ok=True iters=13
13:34:56 [DEBUG] [MPC IN] path_xy0..1=[[-5.250000000000001, 0.4500000000000002], [-5.250000000000001, 0.5499999999999998]] theta_ref0..2=[1.5709914968675869, 1.5709427043494144, 1.5709061099607848] weights=[18.0, 7.5, 0.25, 0.5, 0.18, 0.0] vmin_soft=0.080
13:34:56 [DEBUG] corner=0.00 vmax_loc=0.20
13:34:56 [INFO] [MPC] state=(-5.19,+0.03,+0.36) wp0=(-5.25,+0.45) v=+0.080 ω=+2.400 wp_prog=18/26 ok=True iters=13
13:34:56 [DEBUG] [MPC IN] path_xy0..1=[[-5.250000000000001, 0.4500000000000002], [-5.250000000000001, 0.5499999999999998]] theta_ref0..2=[1.5709427043494144, 1.5709061099607848, 1.5708786641693129] weights=[18.0, 7.5, 0.25, 0.5, 0.18, 0.0] vmin_soft=0.080
13:34:56 [DEBUG] corner=0.00 vmax_loc=0.20
13:34:56 [INFO] [MPC] state=(-5.19,+0.04,+0.56) wp0=(-5.25,+0.45) v=+0.080 ω=+2.400 wp_prog=18/26 ok=True iters=12
13:34:56 [DEBUG] [MPC IN] path_xy0..1=[[-5.250000000000001, 0.4500000000000002], [-5.250000000000001, 0.5499999999999998]] theta_ref0..2=[1.5709061099607848, 1.5708786641693129, 1.5708580798257088] weights=[18.0, 7.5, 0.25, 0.5, 0.18, 0.0] vmin_soft=0.080
13:34:56 [DEBUG] corner=0.00 vmax_loc=0.20
13:34:56 [INFO] [MPC] state=(-5.19,+0.04,+0.76) wp0=(-5.25,+0.45) v=+0.080 ω=+2.400 wp_prog=18/26 ok=True iters=11
13:34:56 [DEBUG] [MPC IN] path_xy0..1=[[-5.250000000000001, 0.4500000000000002], [-5.250000000000001, 0.5499999999999998]] theta_ref0..2=[1.5708786641693129, 1.5708580798257088, 1.5708426415680057] weights=[18.0, 7.5, 0.25, 0.5, 0.18, 0.0] vmin_soft=0.080
13:34:56 [DEBUG] corner=0.00 vmax_loc=0.20
13:34:56 [INFO] [MPC] state=(-5.18,+0.04,+0.96) wp0=(-5.25,+0.45) v=+0.080 ω=+2.400 wp_prog=18/26 ok=True iters=15
13:34:56 [DEBUG] [MPC IN] path_xy0..1=[[-5.250000000000001, 0.4500000000000002], [-5.250000000000001, 0.5499999999999998]] theta_ref0..2=[1.5708580798257088, 1.5708426415680057, 1.5708310628747284] weights=[18.0, 7.5, 0.25, 0.5, 0.18, 0.0] vmin_soft=0.080
13:34:56 [DEBUG] corner=0.00 vmax_loc=0.20
13:34:56 [INFO] [MPC] state=(-5.18,+0.04,+1.16) wp0=(-5.25,+0.45) v=+0.080 ω=+2.400 wp_prog=18/26 ok=True iters=11
13:34:56 [DEBUG] [MPC IN] path_xy0..1=[[-5.250000000000001, 0.4500000000000002], [-5.250000000000001, 0.5499999999999998]] theta_ref0..2=[1.5708426415680057, 1.5708310628747284, 1.5708223788547704] weights=[18.0, 7.5, 0.25, 0.5, 0.18, 0.0] vmin_soft=0.080
13:34:56 [DEBUG] corner=0.00 vmax_loc=0.20
13:34:56 [INFO] [MPC] state=(-5.18,+0.05,+1.36) wp0=(-5.25,+0.45) v=+0.080 ω=+2.400 wp_prog=18/26 ok=True iters=16
13:34:56 [DEBUG] [MPC IN] path_xy0..1=[[-5.250000000000001, 0.4500000000000002], [-5.250000000000001, 0.5499999999999998]] theta_ref0..2=[1.5708310628747284, 1.5708223788547704, 1.570815865839802] weights=[18.0, 7.5, 0.25, 0.5, 0.18, 0.0] vmin_soft=0.080
13:34:56 [DEBUG] corner=0.00 vmax_loc=0.20
13:34:56 [INFO] [MPC] state=(-5.18,+0.05,+1.55) wp0=(-5.25,+0.45) v=+0.080 ω=+2.400 wp_prog=18/26 ok=True iters=14
13:34:56 [DEBUG] [MPC IN] path_xy0..1=[[-5.250000000000001, 0.4500000000000002], [-5.250000000000001, 0.5499999999999998]] theta_ref0..2=[1.5708223788547704, 1.570815865839802, 1.5708109810785755] weights=[18.0, 7.5, 0.25, 0.5, 0.18, 0.0] vmin_soft=0.080
13:34:56 [DEBUG] corner=0.00 vmax_loc=0.20
13:34:56 [INFO] [MPC] state=(-5.18,+0.05,+1.73) wp0=(-5.25,+0.45) v=+0.080 ω=+2.400 wp_prog=18/26 ok=True iters=13
13:34:56 [DEBUG] [MPC IN] path_xy0..1=[[-5.250000000000001, 0.4500000000000002], [-5.250000000000001, 0.5499999999999998]] theta_ref0..2=[1.570815865839802, 1.5708109810785755, 1.5708073175076558] weights=[18.0, 7.5, 0.25, 0.5, 0.18, 0.0] vmin_soft=0.080
13:34:56 [DEBUG] corner=0.00 vmax_loc=0.20
13:34:56 [INFO] [MPC] state=(-5.18,+0.05,+1.93) wp0=(-5.25,+0.45) v=+0.080 ω=+2.400 wp_prog=18/26 ok=True iters=14
13:34:56 [DEBUG] [MPC IN] path_xy0..1=[[-5.250000000000001, 0.4500000000000002], [-5.250000000000001, 0.5499999999999998]] theta_ref0..2=[1.5708109810785755, 1.5708073175076558, 1.570804569829466] weights=[18.0, 7.5, 0.25, 0.5, 0.18, 0.0] vmin_soft=0.080
13:34:56 [DEBUG] corner=0.00 vmax_loc=0.20
13:34:56 [INFO] [MPC] state=(-5.18,+0.06,+2.13) wp0=(-5.25,+0.45) v=+0.080 ω=+2.400 wp_prog=18/26 ok=True iters=16
13:34:56 [DEBUG] [MPC IN] path_xy0..1=[[-5.250000000000001, 0.4500000000000002], [-5.250000000000001, 0.5499999999999998]] theta_ref0..2=[1.5708073175076558, 1.570804569829466, 1.5708025090708235] weights=[18.0, 7.5, 0.25, 0.5, 0.18, 0.0] vmin_soft=0.080
13:34:56 [DEBUG] corner=0.00 vmax_loc=0.20
13:34:56 [INFO] [MPC] state=(-5.19,+0.06,+2.33) wp0=(-5.25,+0.45) v=+0.080 ω=+2.400 wp_prog=18/26 ok=True iters=14
13:34:56 [DEBUG] [MPC IN] path_xy0..1=[[-5.250000000000001, 0.4500000000000002], [-5.250000000000001, 0.5499999999999998]] theta_ref0..2=[1.570804569829466, 1.5708025090708235, 1.5708009635018418] weights=[18.0, 7.5, 0.25, 0.5, 0.18, 0.0] vmin_soft=0.080
13:34:56 [DEBUG] corner=0.00 vmax_loc=0.20
13:34:56 [INFO] [MPC] state=(-5.19,+0.06,+2.53) wp0=(-5.25,+0.45) v=+0.080 ω=+2.400 wp_prog=18/26 ok=True iters=15
13:34:56 [DEBUG] [MPC IN] path_xy0..1=[[-5.250000000000001, 0.4500000000000002], [-5.250000000000001, 0.5499999999999998]] theta_ref0..2=[1.5708025090708235, 1.5708009635018418, 1.5707998043251055] weights=[18.0, 7.5, 0.25, 0.5, 0.18, 0.0] vmin_soft=0.080
13:34:56 [DEBUG] corner=0.00 vmax_loc=0.20
13:34:56 [INFO] [MPC] state=(-5.19,+0.06,+2.74) wp0=(-5.25,+0.45) v=+0.080 ω=+2.400 wp_prog=18/26 ok=True iters=17
13:34:56 [DEBUG] [MPC IN] path_xy0..1=[[-5.250000000000001, 0.4500000000000002], [-5.250000000000001, 0.5499999999999998]] theta_ref0..2=[1.5708009635018418, 1.5707998043251055, 1.5707989349425533] weights=[18.0, 7.5, 0.25, 0.5, 0.18, 0.0] vmin_soft=0.080
13:34:56 [DEBUG] corner=0.00 vmax_loc=0.20
13:34:56 [INFO] [MPC] state=(-5.19,+0.06,+2.94) wp0=(-5.25,+0.45) v=+0.200 ω=-2.250 wp_prog=18/26 ok=True iters=13
13:34:56 [DEBUG] [MPC IN] path_xy0..1=[[-5.250000000000001, 0.4500000000000002], [-5.250000000000001, 0.5499999999999998]] theta_ref0..2=[1.5707998043251055, 1.5707989349425533, 1.570798282905639] weights=[18.0, 7.5, 0.25, 0.5, 0.18, 0.0] vmin_soft=0.080
13:34:56 [DEBUG] corner=0.00 vmax_loc=0.20
13:34:56 [INFO] [MPC] state=(-5.20,+0.07,+2.87) wp0=(-5.25,+0.45) v=+0.080 ω=-0.675 wp_prog=18/26 ok=True iters=10
13:34:56 [DEBUG] [MPC IN] path_xy0..1=[[-5.250000000000001, 0.4500000000000002], [-5.250000000000001, 0.5499999999999998]] theta_ref0..2=[1.5707989349425533, 1.570798282905639, 1.5707977938779534] weights=[18.0, 7.5, 0.25, 0.5, 0.18, 0.0] vmin_soft=0.080
13:34:56 [DEBUG] corner=0.00 vmax_loc=0.20
13:34:56 [INFO] [MPC] state=(-5.21,+0.07,+2.80) wp0=(-5.25,+0.45) v=+0.080 ω=-0.647 wp_prog=18/26 ok=True iters=9
13:34:56 [DEBUG] [MPC IN] path_xy0..1=[[-5.250000000000001, 0.4500000000000002], [-5.250000000000001, 0.5499999999999998]] theta_ref0..2=[1.570798282905639, 1.5707977938779534, 1.5707974271071892] weights=[18.0, 7.5, 0.25, 0.5, 0.18, 0.0] vmin_soft=0.080
13:34:56 [DEBUG] corner=0.00 vmax_loc=0.20
13:34:56 [INFO] [MPC] state=(-5.22,+0.07,+2.74) wp0=(-5.25,+0.45) v=+0.080 ω=-2.400 wp_prog=18/26 ok=True iters=14
13:34:56 [DEBUG] [MPC IN] path_xy0..1=[[-5.250000000000001, 0.4500000000000002], [-5.250000000000001, 0.5499999999999998]] theta_ref0..2=[1.5707977938779534, 1.5707974271071892, 1.570797152029116] weights=[18.0, 7.5, 0.25, 0.5, 0.18, 0.0] vmin_soft=0.080
13:34:56 [DEBUG] corner=0.00 vmax_loc=0.20
13:34:56 [INFO] [MPC] state=(-5.22,+0.08,+2.54) wp0=(-5.25,+0.45) v=+0.080 ω=-2.400 wp_prog=18/26 ok=True iters=13
13:34:56 [DEBUG] [MPC IN] path_xy0..1=[[-5.250000000000001, 0.4500000000000002], [-5.250000000000001, 0.5499999999999998]] theta_ref0..2=[1.5707974271071892, 1.570797152029116, 1.570796945720561] weights=[18.0, 7.5, 0.25, 0.5, 0.18, 0.0] vmin_soft=0.080
13:34:56 [DEBUG] corner=0.00 vmax_loc=0.20
13:34:56 [INFO] [MPC] state=(-5.23,+0.08,+2.33) wp0=(-5.25,+0.45) v=+0.080 ω=-0.405 wp_prog=18/26 ok=True iters=19
13:34:56 [DEBUG] [MPC IN] path_xy0..1=[[-5.250000000000001, 0.4500000000000002], [-5.250000000000001, 0.5499999999999998]] theta_ref0..2=[1.570797152029116, 1.570796945720561, 1.570796790989145] weights=[18.0, 7.5, 0.25, 0.5, 0.18, 0.0] vmin_soft=0.080
13:34:56 [DEBUG] corner=0.00 vmax_loc=0.20
13:34:56 [INFO] [MPC] state=(-5.23,+0.09,+2.29) wp0=(-5.25,+0.45) v=+0.200 ω=-0.953 wp_prog=18/26 ok=True iters=9
13:34:56 [DEBUG] [MPC IN] path_xy0..1=[[-5.250000000000001, 0.4500000000000002], [-5.250000000000001, 0.5499999999999998]] theta_ref0..2=[1.570796945720561, 1.570796790989145, 1.5707966749405828] weights=[18.0, 7.5, 0.25, 0.5, 0.18, 0.0] vmin_soft=0.080
13:34:56 [DEBUG] corner=0.00 vmax_loc=0.20
13:34:56 [INFO] [MPC] state=(-5.24,+0.10,+2.25) wp0=(-5.25,+0.45) v=+0.200 ω=-0.994 wp_prog=18/26 ok=True iters=12
13:34:56 [DEBUG] [MPC IN] path_xy0..1=[[-5.250000000000001, 0.4500000000000002], [-5.250000000000001, 0.5499999999999998]] theta_ref0..2=[1.570796790989145, 1.5707966749405828, 1.5707965879041612] weights=[18.0, 7.5, 0.25, 0.5, 0.18, 0.0] vmin_soft=0.080
13:34:56 [DEBUG] corner=0.00 vmax_loc=0.20
13:34:56 [INFO] [MPC] state=(-5.26,+0.11,+2.19) wp0=(-5.25,+0.45) v=+0.200 ω=-2.282 wp_prog=18/26 ok=True iters=13
13:34:56 [DEBUG] [MPC IN] path_xy0..1=[[-5.250000000000001, 0.4500000000000002], [-5.250000000000001, 0.5499999999999998]] theta_ref0..2=[1.5707966749405828, 1.5707965879041612, 1.570796522626845] weights=[18.0, 7.5, 0.25, 0.5, 0.18, 0.0] vmin_soft=0.080
13:34:56 [DEBUG] corner=0.00 vmax_loc=0.20
13:34:56 [INFO] [MPC] state=(-5.26,+0.12,+2.07) wp0=(-5.25,+0.45) v=+0.200 ω=-1.851 wp_prog=18/26 ok=True iters=10
13:34:56 [DEBUG] [MPC IN] path_xy0..1=[[-5.250000000000001, 0.4500000000000002], [-5.250000000000001, 0.5499999999999998]] theta_ref0..2=[1.5707965879041612, 1.570796522626845, 1.570796473668858] weights=[18.0, 7.5, 0.25, 0.5, 0.18, 0.0] vmin_soft=0.080
13:34:56 [DEBUG] corner=0.00 vmax_loc=0.20
13:34:56 [INFO] [MPC] state=(-5.27,+0.13,+1.97) wp0=(-5.25,+0.45) v=+0.200 ω=-1.539 wp_prog=18/26 ok=True iters=12
13:34:56 [DEBUG] [MPC IN] path_xy0..1=[[-5.250000000000001, 0.4500000000000002], [-5.250000000000001, 0.5499999999999998]] theta_ref0..2=[1.570796522626845, 1.570796473668858, 1.5707964369503675] weights=[18.0, 7.5, 0.25, 0.5, 0.18, 0.0] vmin_soft=0.080
13:34:56 [DEBUG] corner=0.00 vmax_loc=0.20
13:34:56 [INFO] [MPC] state=(-5.27,+0.15,+1.89) wp0=(-5.25,+0.45) v=+0.200 ω=-1.043 wp_prog=19/26 ok=True iters=10
13:34:56 [DEBUG] [MPC IN] path_xy0..1=[[-5.250000000000001, 0.4500000000000002], [-5.250000000000001, 0.5499999999999998]] theta_ref0..2=[1.570796473668858, 1.5707964369503675, 1.5707964094115] weights=[18.0, 7.5, 0.25, 0.5, 0.18, 0.0] vmin_soft=0.080
13:34:56 [DEBUG] corner=0.09 vmax_loc=0.17
13:34:57 [INFO] [MPC] state=(-5.28,+0.16,+1.83) wp0=(-5.25,+0.55) v=+0.173 ω=-1.023 wp_prog=19/26 ok=True iters=9
13:34:57 [DEBUG] [MPC IN] path_xy0..1=[[-5.250000000000001, 0.5499999999999998], [-5.250000000000001, 0.6499999999999995]] theta_ref0..2=[1.5707964369503675, 1.5707964094115, 1.6582964094114998] weights=[18.0, 7.5, 0.25, 0.5, 0.18, 0.0] vmin_soft=0.080
13:34:57 [DEBUG] corner=0.11 vmax_loc=0.17
13:34:57 [INFO] [MPC] state=(-5.28,+0.18,+1.76) wp0=(-5.25,+0.55) v=+0.030 ω=+2.400 wp_prog=19/26 ok=True iters=23
13:34:57 [DEBUG] [MPC IN] path_xy0..1=[[-5.250000000000001, 0.5499999999999998], [-5.250000000000001, 0.6499999999999995]] theta_ref0..2=[1.5707964094115, 1.570796388757349, 1.6801713939208867] weights=[18.0, 7.5, 0.25, 0.5, 0.06, 0.0] vmin_soft=0.030
13:34:57 [DEBUG] corner=0.11 vmax_loc=0.17
13:34:57 [INFO] [MPC] state=(-5.28,+0.19,+1.92) wp0=(-5.25,+0.55) v=+0.030 ω=+2.400 wp_prog=19/26 ok=True iters=20
13:34:57 [DEBUG] [MPC IN] path_xy0..1=[[-5.250000000000001, 0.5499999999999998], [-5.250000000000001, 0.6499999999999995]] theta_ref0..2=[1.570796388757349, 1.5707963732667358, 1.6856401284302736] weights=[18.0, 7.5, 0.25, 0.5, 0.06, 0.0] vmin_soft=0.030
13:34:57 [DEBUG] corner=0.12 vmax_loc=0.17
13:34:57 [INFO] [MPC] state=(-5.28,+0.19,+2.15) wp0=(-5.25,+0.55) v=+0.030 ω=-2.400 wp_prog=19/26 ok=True iters=17
13:34:57 [DEBUG] [MPC IN] path_xy0..1=[[-5.250000000000001, 0.5499999999999998], [-5.250000000000001, 0.6499999999999995]] theta_ref0..2=[1.5707963732667358, 1.570796361648776, 1.6870073033441502] weights=[18.0, 7.5, 0.25, 0.5, 0.06, 0.0] vmin_soft=0.030
13:34:57 [DEBUG] corner=0.12 vmax_loc=0.17
13:34:57 [INFO] [MPC] state=(-5.28,+0.19,+1.96) wp0=(-5.25,+0.55) v=+0.030 ω=-2.400 wp_prog=19/26 ok=True iters=16
13:34:57 [DEBUG] [MPC IN] path_xy0..1=[[-5.250000000000001, 0.5499999999999998], [-5.250000000000001, 0.6499999999999995]] theta_ref0..2=[1.570796361648776, 1.570796352935306, 1.687349090537517] weights=[18.0, 7.5, 0.25, 0.5, 0.06, 0.0] vmin_soft=0.030
13:34:57 [DEBUG] corner=0.12 vmax_loc=0.17
13:34:57 [INFO] [MPC] state=(-5.28,+0.19,+1.73) wp0=(-5.25,+0.55) v=+0.030 ω=+2.400 wp_prog=19/26 ok=True iters=22
13:34:57 [DEBUG] [MPC IN] path_xy0..1=[[-5.250000000000001, 0.5499999999999998], [-5.250000000000001, 0.6499999999999995]] theta_ref0..2=[1.570796352935306, 1.5707963464002037, 1.6874345324345321] weights=[18.0, 7.5, 0.25, 0.5, 0.06, 0.0] vmin_soft=0.030
13:34:57 [DEBUG] corner=0.12 vmax_loc=0.17
13:34:57 [INFO] [MPC] state=(-5.28,+0.20,+1.85) wp0=(-5.25,+0.55) v=+0.166 ω=+0.636 wp_prog=19/26 ok=True iters=20
13:34:57 [DEBUG] [MPC IN] path_xy0..1=[[-5.250000000000001, 0.5499999999999998], [-5.250000000000001, 0.6499999999999995]] theta_ref0..2=[1.5707963464002037, 1.5707963414988768, 1.6874558892327907] weights=[18.0, 7.5, 0.25, 0.5, 0.06, 0.0] vmin_soft=0.030
13:34:57 [DEBUG] corner=0.12 vmax_loc=0.17
13:34:57 [INFO] [MPC] state=(-5.29,+0.20,+1.94) wp0=(-5.25,+0.55) v=+0.166 ω=-1.632 wp_prog=19/26 ok=True iters=36
13:34:57 [DEBUG] [MPC IN] path_xy0..1=[[-5.250000000000001, 0.5499999999999998], [-5.250000000000001, 0.6499999999999995]] theta_ref0..2=[1.5707963414988768, 1.5707963378228817, 1.687461225675359] weights=[18.0, 7.5, 0.25, 0.5, 0.06, 0.0] vmin_soft=0.030
13:34:57 [DEBUG] corner=0.12 vmax_loc=0.17
13:34:57 [INFO] [MPC] state=(-5.29,+0.22,+1.83) wp0=(-5.25,+0.55) v=+0.166 ω=+0.613 wp_prog=19/26 ok=True iters=13
13:34:57 [DEBUG] [MPC IN] path_xy0..1=[[-5.250000000000001, 0.5499999999999998], [-5.250000000000001, 0.6499999999999995]] theta_ref0..2=[1.5707963378228817, 1.5707963350658853, 1.6874625577182538] weights=[18.0, 7.5, 0.25, 0.5, 0.06, 0.0] vmin_soft=0.030
13:34:57 [DEBUG] corner=0.12 vmax_loc=0.17
13:34:57 [INFO] [MPC] state=(-5.30,+0.23,+1.87) wp0=(-5.25,+0.55) v=+0.166 ω=-1.260 wp_prog=19/26 ok=True iters=10
13:34:57 [DEBUG] [MPC IN] path_xy0..1=[[-5.250000000000001, 0.5499999999999998], [-5.250000000000001, 0.6499999999999995]] theta_ref0..2=[1.5707963350658853, 1.570796332998138, 1.6874628891781671] weights=[18.0, 7.5, 0.25, 0.5, 0.06, 0.0] vmin_soft=0.030
13:34:57 [DEBUG] corner=0.12 vmax_loc=0.17
13:34:57 [INFO] [MPC] state=(-5.30,+0.25,+1.78) wp0=(-5.25,+0.55) v=+0.166 ω=+0.703 wp_prog=20/26 ok=True iters=12
13:34:57 [DEBUG] [MPC IN] path_xy0..1=[[-5.250000000000001, 0.5499999999999998], [-5.250000000000001, 0.6499999999999995]] theta_ref0..2=[1.570796332998138, 1.5707963314473277, 1.6874629708800375] weights=[18.0, 7.5, 0.25, 0.5, 0.06, 0.0] vmin_soft=0.030
13:34:57 [DEBUG] corner=0.11 vmax_loc=0.17
13:34:57 [INFO] [MPC] state=(-5.30,+0.26,+1.83) wp0=(-5.25,+0.75) v=+0.168 ω=+0.366 wp_prog=20/26 ok=True iters=8
13:34:57 [DEBUG] [MPC IN] path_xy0..1=[[-5.250000000000001, 0.75], [-5.3500000000000005, 0.8499999999999996]] theta_ref0..2=[1.658296332998138, 1.5489213326104354, 1.496056742177836] weights=[18.0, 7.5, 0.25, 0.5, 0.06, 0.0] vmin_soft=0.030
13:34:57 [DEBUG] corner=0.14 vmax_loc=0.16
13:34:57 [INFO] [MPC] state=(-5.31,+0.28,+1.87) wp0=(-5.25,+0.75) v=+0.162 ω=-0.053 wp_prog=20/26 ok=True iters=8
13:34:57 [DEBUG] [MPC IN] path_xy0..1=[[-5.250000000000001, 0.75], [-5.3500000000000005, 0.8499999999999996]] theta_ref0..2=[1.7457963329981379, 1.6090775829012123, 1.4933223727203682] weights=[18.0, 7.5, 0.25, 0.5, 0.06, 0.0] vmin_soft=0.030
13:34:57 [DEBUG] corner=0.14 vmax_loc=0.16
13:34:57 [INFO] [MPC] state=(-5.31,+0.29,+1.87) wp0=(-5.25,+0.75) v=+0.161 ω=-0.260 wp_prog=20/26 ok=True iters=8
13:34:57 [DEBUG] [MPC IN] path_xy0..1=[[-5.250000000000001, 0.75], [-5.3500000000000005, 0.8499999999999996]] theta_ref0..2=[1.8332963329981378, 1.6897416454739065, 1.553136827285522] weights=[18.0, 7.5, 0.25, 0.5, 0.06, 0.0] vmin_soft=0.030
13:34:57 [DEBUG] corner=0.15 vmax_loc=0.16
13:34:57 [INFO] [MPC] state=(-5.32,+0.31,+1.84) wp0=(-5.25,+0.75) v=+0.161 ω=-0.095 wp_prog=20/26 ok=True iters=7
13:34:57 [DEBUG] [MPC IN] path_xy0..1=[[-5.250000000000001, 0.75], [-5.3500000000000005, 0.8499999999999996]] theta_ref0..2=[1.9207963329981377, 1.7755326611170799, 1.6324337026591904] weights=[18.0, 7.5, 0.25, 0.5, 0.06, 0.0] vmin_soft=0.030
13:34:57 [DEBUG] corner=0.15 vmax_loc=0.16
13:34:57 [INFO] [MPC] state=(-5.32,+0.32,+1.83) wp0=(-5.25,+0.75) v=+0.160 ω=-0.202 wp_prog=20/26 ok=True iters=7
13:34:57 [DEBUG] [MPC IN] path_xy0..1=[[-5.250000000000001, 0.75], [-5.3500000000000005, 0.8499999999999996]] theta_ref0..2=[2.0082963329981376, 1.8626054150278732, 1.7175624869357025] weights=[18.0, 7.5, 0.25, 0.5, 0.06, 0.0] vmin_soft=0.030
13:34:57 [DEBUG] corner=0.15 vmax_loc=0.16
13:34:57 [INFO] [MPC] state=(-5.33,+0.34,+1.81) wp0=(-5.25,+0.75) v=+0.160 ω=-0.496 wp_prog=21/26 ok=True iters=6
13:34:57 [DEBUG] [MPC IN] path_xy0..1=[[-5.250000000000001, 0.75], [-5.3500000000000005, 0.8499999999999996]] theta_ref0..2=[2.0952708722966893, 1.9496045079794853, 1.8040940027185395] weights=[18.0, 7.5, 0.25, 0.5, 0.06, 0.0] vmin_soft=0.030
13:34:57 [DEBUG] corner=0.14 vmax_loc=0.16
13:34:57 [INFO] [MPC] state=(-5.33,+0.36,+1.76) wp0=(-5.25,+0.75) v=+0.161 ω=-0.530 wp_prog=21/26 ok=True iters=6
13:34:57 [DEBUG] [MPC IN] path_xy0..1=[[-5.250000000000001, 0.75], [-5.3500000000000005, 0.8499999999999996]] theta_ref0..2=[2.1605017767706034, 2.020277459572824, 1.8787315953592527] weights=[18.0, 7.5, 0.25, 0.5, 0.06, 0.0] vmin_soft=0.030
13:34:57 [DEBUG] corner=0.14 vmax_loc=0.16
13:34:57 [INFO] [MPC] state=(-5.33,+0.37,+1.71) wp0=(-5.25,+0.75) v=+0.162 ω=+1.212 wp_prog=21/26 ok=True iters=8
13:34:57 [DEBUG] [MPC IN] path_xy0..1=[[-5.250000000000001, 0.75], [-5.3500000000000005, 0.8499999999999996]] theta_ref0..2=[2.209424955126039, 2.074638081237735, 1.9381614597681143] weights=[18.0, 7.5, 0.25, 0.5, 0.06, 0.0] vmin_soft=0.030
13:34:57 [DEBUG] corner=0.13 vmax_loc=0.16
13:34:57 [INFO] [MPC] state=(-5.34,+0.39,+1.79) wp0=(-5.25,+0.75) v=+0.163 ω=+0.497 wp_prog=21/26 ok=True iters=8
13:34:57 [DEBUG] [MPC IN] path_xy0..1=[[-5.250000000000001, 0.75], [-5.3500000000000005, 0.8499999999999996]] theta_ref0..2=[2.2461173388926152, 2.1157475244788952, 1.9838510083012] weights=[18.0, 7.5, 0.25, 0.5, 0.06, 0.0] vmin_soft=0.030
13:34:57 [DEBUG] corner=0.13 vmax_loc=0.16
13:34:57 [INFO] [MPC] state=(-5.34,+0.40,+1.84) wp0=(-5.25,+0.75) v=+0.164 ω=-1.139 wp_prog=21/26 ok=True iters=8
13:34:57 [DEBUG] [MPC IN] path_xy0..1=[[-5.250000000000001, 0.75], [-5.3500000000000005, 0.8499999999999996]] theta_ref0..2=[2.273636626717548, 2.1466643511578845, 2.0184610154437133] weights=[18.0, 7.5, 0.25, 0.5, 0.06, 0.0] vmin_soft=0.030
13:34:57 [DEBUG] corner=0.13 vmax_loc=0.16
13:34:57 [INFO] [MPC] state=(-5.34,+0.41,+1.76) wp0=(-5.25,+0.75) v=+0.164 ω=-2.241 wp_prog=21/26 ok=True iters=9
13:34:57 [DEBUG] [MPC IN] path_xy0..1=[[-5.250000000000001, 0.75], [-5.3500000000000005, 0.8499999999999996]] theta_ref0..2=[2.294276092586247, 2.1698731572291563, 2.0445201217827957] weights=[18.0, 7.5, 0.25, 0.5, 0.06, 0.0] vmin_soft=0.030
13:34:57 [DEBUG] corner=0.12 vmax_loc=0.16
13:34:57 [INFO] [MPC] state=(-5.34,+0.42,+1.62) wp0=(-5.25,+0.75) v=+0.165 ω=-1.534 wp_prog=21/26 ok=True iters=8
13:34:57 [DEBUG] [MPC IN] path_xy0..1=[[-5.250000000000001, 0.75], [-5.3500000000000005, 0.8499999999999996]] theta_ref0..2=[2.3097556919877715, 2.1872850582981176, 2.064093824169287] weights=[18.0, 7.5, 0.25, 0.5, 0.06, 0.0] vmin_soft=0.030
13:34:57 [DEBUG] corner=0.12 vmax_loc=0.17
13:34:57 [INFO] [MPC] state=(-5.34,+0.44,+1.51) wp0=(-5.25,+0.75) v=+0.165 ω=-1.242 wp_prog=21/26 ok=True iters=7
13:34:57 [DEBUG] [MPC IN] path_xy0..1=[[-5.250000000000001, 0.75], [-5.3500000000000005, 0.8499999999999996]] theta_ref0..2=[2.3213653915389147, 2.2003453082287154, 2.0787824372138584] weights=[18.0, 7.5, 0.25, 0.5, 0.06, 0.0] vmin_soft=0.030
13:34:57 [DEBUG] corner=0.12 vmax_loc=0.17
13:34:57 [INFO] [MPC] state=(-5.34,+0.45,+1.41) wp0=(-5.25,+0.75) v=+0.166 ω=-0.716 wp_prog=22/26 ok=True iters=7
13:34:57 [DEBUG] [MPC IN] path_xy0..1=[[-5.250000000000001, 0.75], [-5.3500000000000005, 0.8499999999999996]] theta_ref0..2=[2.3300726662022724, 2.210140826708883, 2.089801229335127] weights=[18.0, 7.5, 0.25, 0.5, 0.06, 0.0] vmin_soft=0.030
13:34:57 [DEBUG] corner=0.10 vmax_loc=0.17
13:34:57 [INFO] [MPC] state=(-5.34,+0.47,+1.35) wp0=(-5.35,+0.85) v=+0.170 ω=+1.148 wp_prog=22/26 ok=True iters=8
13:34:57 [DEBUG] [MPC IN] path_xy0..1=[[-5.3500000000000005, 0.8499999999999996], [-5.3500000000000005, 0.8499999999999996]] theta_ref0..2=[2.2425726662022725, 2.146964706328925, 2.0451738370804757] weights=[18.0, 7.5, 0.25, 0.5, 0.06, 0.0] vmin_soft=0.030
13:34:57 [DEBUG] corner=0.09 vmax_loc=0.17
13:34:57 [INFO] [MPC] state=(-5.34,+0.48,+1.42) wp0=(-5.35,+0.85) v=+0.172 ω=+2.244 wp_prog=22/26 ok=True iters=8
13:34:57 [DEBUG] [MPC IN] path_xy0..1=[[-5.3500000000000005, 0.8499999999999996], [-5.3500000000000005, 0.8499999999999996]] theta_ref0..2=[2.1550726662022726, 2.0655456762339357, 1.9729527164455707] weights=[18.0, 7.5, 0.25, 0.5, 0.06, 0.0] vmin_soft=0.030
13:34:57 [DEBUG] corner=0.09 vmax_loc=0.17
13:34:57 [INFO] [MPC] state=(-5.34,+0.49,+1.56) wp0=(-5.35,+0.85) v=+0.173 ω=+1.518 wp_prog=22/26 ok=True iters=8
13:34:57 [DEBUG] [MPC IN] path_xy0..1=[[-5.3500000000000005, 0.8499999999999996], [-5.3500000000000005, 0.8499999999999996]] theta_ref0..2=[2.0675726662022726, 1.9795659187101884, 1.890412618144034] weights=[18.0, 7.5, 0.25, 0.5, 0.06, 0.0] vmin_soft=0.030
13:34:57 [DEBUG] corner=0.09 vmax_loc=0.17
13:34:57 [INFO] [MPC] state=(-5.34,+0.50,+1.65) wp0=(-5.35,+0.85) v=+0.173 ω=-0.285 wp_prog=22/26 ok=True iters=9
13:34:57 [DEBUG] [MPC IN] path_xy0..1=[[-5.3500000000000005, 0.8499999999999996], [-5.3500000000000005, 0.8499999999999996]] theta_ref0..2=[1.9800726662022727, 1.8924459793292516, 1.8044376390329473] weights=[18.0, 7.5, 0.25, 0.5, 0.06, 0.0] vmin_soft=0.030
13:34:57 [DEBUG] corner=0.09 vmax_loc=0.17
13:34:57 [INFO] [MPC] state=(-5.34,+0.51,+1.65) wp0=(-5.35,+0.85) v=+0.173 ω=-0.317 wp_prog=22/26 ok=True iters=7
13:34:57 [DEBUG] [MPC IN] path_xy0..1=[[-5.3500000000000005, 0.8499999999999996], [-5.3500000000000005, 0.8499999999999996]] theta_ref0..2=[1.8925726662022728, 1.8050409944840176, 1.71739015562125] weights=[18.0, 7.5, 0.25, 0.5, 0.06, 0.0] vmin_soft=0.030
13:34:57 [DEBUG] corner=0.09 vmax_loc=0.17
13:34:57 [INFO] [MPC] state=(-5.34,+0.53,+1.61) wp0=(-5.35,+0.85) v=+0.173 ω=-0.328 wp_prog=22/26 ok=True iters=7
13:34:57 [DEBUG] [MPC IN] path_xy0..1=[[-5.3500000000000005, 0.8499999999999996], [-5.3500000000000005, 0.8499999999999996]] theta_ref0..2=[1.805072666202273, 1.717564748272709, 1.6300211001098441] weights=[18.0, 7.5, 0.25, 0.5, 0.06, 0.0] vmin_soft=0.030
13:34:57 [DEBUG] corner=0.09 vmax_loc=0.17
13:34:57 [INFO] [MPC] state=(-5.34,+0.55,+1.58) wp0=(-5.35,+0.85) v=+0.173 ω=+0.017 wp_prog=23/26 ok=True iters=8
13:34:57 [DEBUG] [MPC IN] path_xy0..1=[[-5.3500000000000005, 0.8499999999999996], [-5.3500000000000005, 0.8499999999999996]] theta_ref0..2=[1.717572666202273, 1.630070686719882, 1.5425582900673724] weights=[18.0, 7.5, 0.25, 0.5, 0.06, 0.0] vmin_soft=0.030
13:34:57 [DEBUG] corner=0.09 vmax_loc=0.17
13:34:57 [INFO] [MPC] state=(-5.34,+0.57,+1.58) wp0=(-5.35,+0.85) v=+0.173 ω=+0.013 wp_prog=23/26 ok=True iters=7
13:34:57 [DEBUG] [MPC IN] path_xy0..1=[[-5.3500000000000005, 0.8499999999999996], [-5.3500000000000005, 0.8499999999999996]] theta_ref0..2=[1.630072666202273, 1.5425721713316753, 1.4550687010155996] weights=[18.0, 7.5, 0.25, 0.5, 0.06, 0.0] vmin_soft=0.030
13:34:57 [DEBUG] corner=0.09 vmax_loc=0.17
13:34:57 [INFO] [MPC] state=(-5.34,+0.58,+1.58) wp0=(-5.35,+0.85) v=+0.173 ω=+0.008 wp_prog=23/26 ok=True iters=8
13:34:57 [DEBUG] [MPC IN] path_xy0..1=[[-5.3500000000000005, 0.8499999999999996], [-5.3500000000000005, 0.8499999999999996]] theta_ref0..2=[1.5425726662022732, 1.4550725424846238, 1.3675715821173677] weights=[18.0, 7.5, 0.25, 0.5, 0.06, 0.0] vmin_soft=0.030
13:34:57 [DEBUG] corner=0.09 vmax_loc=0.17
13:34:57 [INFO] [MPC] state=(-5.34,+0.60,+1.58) wp0=(-5.35,+0.85) v=+0.173 ω=+0.003 wp_prog=23/26 ok=True iters=8
13:34:57 [DEBUG] [MPC IN] path_xy0..1=[[-5.3500000000000005, 0.8499999999999996], [-5.3500000000000005, 0.8499999999999996]] theta_ref0..2=[1.4550726662022733, 1.367572635272861, 1.2800723719839877] weights=[18.0, 7.5, 0.25, 0.5, 0.06, 0.0] vmin_soft=0.030
13:34:57 [DEBUG] corner=0.09 vmax_loc=0.17
13:34:57 [INFO] [MPC] state=(-5.34,+0.62,+1.58) wp0=(-5.35,+0.85) v=+0.173 ω=-0.002 wp_prog=23/26 ok=True iters=8
13:34:57 [DEBUG] [MPC IN] path_xy0..1=[[-5.3500000000000005, 0.8499999999999996], [-5.3500000000000005, 0.8499999999999996]] theta_ref0..2=[1.3675726662022734, 1.2800726584699202, 1.1925725868484371] weights=[18.0, 7.5, 0.25, 0.5, 0.06, 0.0] vmin_soft=0.030
13:34:57 [DEBUG] corner=0.09 vmax_loc=0.17
13:34:57 [INFO] [MPC] state=(-5.34,+0.64,+1.58) wp0=(-5.35,+0.85) v=+0.173 ω=-0.007 wp_prog=24/26 ok=True iters=8
13:34:57 [DEBUG] [MPC IN] path_xy0..1=[[-5.3500000000000005, 0.8499999999999996], [-5.3500000000000005, 0.8499999999999996]] theta_ref0..2=[1.2800726662022734, 1.1925726642691852, 1.105072644913998] weights=[18.0, 7.5, 0.25, 0.5, 0.06, 0.0] vmin_soft=0.030
