12:36:14 [INFO] === New MPC Session Started ===
12:36:14 [DEBUG] matplotlib data path: /home/max/.local/lib/python3.10/site-packages/matplotlib/mpl-data
12:36:14 [DEBUG] CONFIGDIR=/home/max/.config/matplotlib
12:36:14 [DEBUG] interactive is False
12:36:14 [DEBUG] platform is linux
12:36:14 [DEBUG] CACHEDIR=/home/max/.cache/matplotlib
12:36:14 [DEBUG] Using fontManager instance from /home/max/.cache/matplotlib/fontlist-v390.json
12:36:14 [INFO] CrowdNavPyBulletEnv initializing...
12:36:17 [INFO] World ready | grid: (112, 112), res: 0.1, N=10, T=0.1
12:36:18 [INFO] [PROG] s*=0.00/5.39 (0.0%) dist_goal=4.89
12:36:18 [INFO] [MPC] state=(-5.04,-2.54,+0.05) wp0=(-4.97,-2.55) v=+0.200 ω=-2.400 ok=True iters=10
12:36:18 [INFO] [PROG] s*=0.00/5.39 (0.0%) dist_goal=4.88
12:36:18 [INFO] [MPC] state=(-5.04,-2.54,+0.00) wp0=(-4.97,-2.55) v=+0.200 ω=-2.400 ok=True iters=8
12:36:18 [INFO] [PROG] s*=0.01/5.39 (0.1%) dist_goal=4.87
12:36:18 [INFO] [MPC] state=(-5.02,-2.54,-0.14) wp0=(-4.96,-2.55) v=+0.200 ω=-2.400 ok=True iters=11
12:36:18 [INFO] [PROG] s*=0.02/5.39 (0.3%) dist_goal=4.86
12:36:18 [INFO] [MPC] state=(-5.01,-2.54,-0.27) wp0=(-4.95,-2.55) v=+0.200 ω=-2.400 ok=True iters=10
12:36:18 [INFO] [PROG] s*=0.03/5.39 (0.5%) dist_goal=4.85
12:36:18 [INFO] [MPC] state=(-5.00,-2.55,-0.40) wp0=(-4.94,-2.55) v=+0.200 ω=-2.400 ok=True iters=9
12:36:18 [INFO] [PROG] s*=0.04/5.39 (0.7%) dist_goal=4.83
12:36:18 [INFO] [MPC] state=(-4.99,-2.55,-0.52) wp0=(-4.93,-2.55) v=+0.200 ω=-2.081 ok=True iters=10
12:36:18 [INFO] [PROG] s*=0.05/5.39 (0.9%) dist_goal=4.82
12:36:18 [INFO] [MPC] state=(-4.98,-2.56,-0.63) wp0=(-4.92,-2.55) v=+0.200 ω=-1.542 ok=True iters=7
12:36:18 [INFO] [PROG] s*=0.06/5.39 (1.1%) dist_goal=4.81
12:36:18 [INFO] [MPC] state=(-4.97,-2.57,-0.71) wp0=(-4.91,-2.55) v=+0.200 ω=-1.002 ok=True iters=6
12:36:18 [INFO] [PROG] s*=0.08/5.39 (1.4%) dist_goal=4.79
12:36:18 [INFO] [MPC] state=(-4.96,-2.58,-0.77) wp0=(-4.89,-2.55) v=+0.200 ω=-0.506 ok=True iters=6
12:36:18 [INFO] [PROG] s*=0.09/5.39 (1.7%) dist_goal=4.77
12:36:18 [INFO] [MPC] state=(-4.94,-2.59,-0.80) wp0=(-4.88,-2.55) v=+0.200 ω=+0.230 ok=True iters=7
12:36:18 [INFO] [PROG] s*=0.10/5.39 (1.9%) dist_goal=4.76
12:36:18 [INFO] [MPC] state=(-4.93,-2.61,-0.78) wp0=(-4.87,-2.55) v=+0.200 ω=+0.443 ok=True iters=7
12:36:18 [INFO] [PROG] s*=0.12/5.39 (2.2%) dist_goal=4.74
12:36:18 [INFO] [MPC] state=(-4.92,-2.62,-0.76) wp0=(-4.85,-2.55) v=+0.200 ω=+0.584 ok=True iters=7
12:36:18 [INFO] [PROG] s*=0.13/5.39 (2.4%) dist_goal=4.73
12:36:18 [INFO] [MPC] state=(-4.90,-2.63,-0.72) wp0=(-4.84,-2.55) v=+0.200 ω=+0.672 ok=True iters=7
12:36:18 [INFO] [PROG] s*=0.14/5.39 (2.6%) dist_goal=4.71
12:36:18 [INFO] [MPC] state=(-4.89,-2.64,-0.68) wp0=(-4.83,-2.55) v=+0.200 ω=+1.185 ok=True iters=7
12:36:18 [INFO] [PROG] s*=0.16/5.39 (2.9%) dist_goal=4.70
12:36:18 [INFO] [MPC] state=(-4.88,-2.65,-0.62) wp0=(-4.81,-2.55) v=+0.200 ω=+1.142 ok=True iters=7
12:36:18 [INFO] [PROG] s*=0.17/5.39 (3.1%) dist_goal=4.68
12:36:18 [INFO] [MPC] state=(-4.86,-2.66,-0.55) wp0=(-4.80,-2.55) v=+0.200 ω=+1.034 ok=True iters=7
12:36:18 [INFO] [PROG] s*=0.18/5.39 (3.4%) dist_goal=4.67
12:36:18 [INFO] [MPC] state=(-4.85,-2.67,-0.49) wp0=(-4.79,-2.55) v=+0.200 ω=+1.006 ok=True iters=7
12:36:18 [INFO] [PROG] s*=0.20/5.39 (3.7%) dist_goal=4.65
12:36:18 [INFO] [MPC] state=(-4.84,-2.68,-0.44) wp0=(-4.77,-2.55) v=+0.200 ω=+0.977 ok=True iters=7
12:36:18 [INFO] [PROG] s*=0.21/5.39 (4.0%) dist_goal=4.64
12:36:18 [INFO] [MPC] state=(-4.82,-2.68,-0.38) wp0=(-4.76,-2.55) v=+0.200 ω=+0.857 ok=True iters=7
12:36:18 [INFO] [PROG] s*=0.23/5.39 (4.2%) dist_goal=4.62
12:36:18 [INFO] [MPC] state=(-4.81,-2.69,-0.33) wp0=(-4.74,-2.55) v=+0.200 ω=+1.134 ok=True iters=7
12:36:18 [INFO] [PROG] s*=0.24/5.39 (4.5%) dist_goal=4.61
12:36:18 [INFO] [MPC] state=(-4.79,-2.70,-0.27) wp0=(-4.73,-2.55) v=+0.200 ω=+1.059 ok=True iters=7
12:36:18 [INFO] [PROG] s*=0.26/5.39 (4.8%) dist_goal=4.59
12:36:18 [INFO] [MPC] state=(-4.78,-2.70,-0.21) wp0=(-4.71,-2.55) v=+0.200 ω=+1.273 ok=True iters=7
12:36:18 [INFO] [PROG] s*=0.27/5.39 (5.1%) dist_goal=4.57
12:36:18 [INFO] [MPC] state=(-4.76,-2.70,-0.14) wp0=(-4.70,-2.55) v=+0.200 ω=+0.988 ok=True iters=7
12:36:18 [INFO] [PROG] s*=0.29/5.39 (5.4%) dist_goal=4.56
12:36:18 [INFO] [MPC] state=(-4.75,-2.70,-0.09) wp0=(-4.68,-2.55) v=+0.200 ω=+0.738 ok=True iters=7
12:36:18 [INFO] [PROG] s*=0.31/5.39 (5.7%) dist_goal=4.54
12:36:18 [INFO] [MPC] state=(-4.73,-2.70,-0.05) wp0=(-4.66,-2.55) v=+0.200 ω=+0.662 ok=True iters=7
12:36:18 [INFO] [PROG] s*=0.33/5.39 (6.0%) dist_goal=4.52
12:36:18 [INFO] [MPC] state=(-4.71,-2.71,-0.01) wp0=(-4.64,-2.55) v=+0.200 ω=+0.877 ok=True iters=7
12:36:18 [INFO] [PROG] s*=0.34/5.39 (6.4%) dist_goal=4.51
12:36:18 [INFO] [MPC] state=(-4.69,-2.70,+0.03) wp0=(-4.63,-2.55) v=+0.200 ω=+0.768 ok=True iters=7
12:36:18 [INFO] [PROG] s*=0.36/5.39 (6.7%) dist_goal=4.49
12:36:18 [INFO] [MPC] state=(-4.68,-2.70,+0.07) wp0=(-4.61,-2.55) v=+0.200 ω=+0.059 ok=True iters=7
12:36:18 [INFO] [PROG] s*=0.38/5.39 (7.1%) dist_goal=4.47
12:36:18 [INFO] [MPC] state=(-4.66,-2.70,+0.08) wp0=(-4.59,-2.55) v=+0.200 ω=+0.007 ok=True iters=7
12:36:18 [INFO] [PROG] s*=0.40/5.39 (7.5%) dist_goal=4.45
12:36:18 [INFO] [MPC] state=(-4.64,-2.70,+0.08) wp0=(-4.57,-2.55) v=+0.200 ω=-0.022 ok=True iters=7
12:36:18 [INFO] [PROG] s*=0.42/5.39 (7.8%) dist_goal=4.43
12:36:18 [INFO] [MPC] state=(-4.62,-2.70,+0.08) wp0=(-4.55,-2.55) v=+0.200 ω=-0.044 ok=True iters=7
12:36:18 [INFO] [PROG] s*=0.44/5.39 (8.2%) dist_goal=4.41
12:36:18 [INFO] [MPC] state=(-4.60,-2.70,+0.08) wp0=(-4.53,-2.55) v=+0.200 ω=-0.060 ok=True iters=7
12:36:18 [INFO] [PROG] s*=0.46/5.39 (8.6%) dist_goal=4.39
12:36:18 [INFO] [MPC] state=(-4.58,-2.70,+0.07) wp0=(-4.51,-2.55) v=+0.200 ω=-0.071 ok=True iters=7
12:36:18 [INFO] [PROG] s*=0.48/5.39 (8.9%) dist_goal=4.37
12:36:18 [INFO] [MPC] state=(-4.56,-2.69,+0.06) wp0=(-4.49,-2.55) v=+0.200 ω=-0.555 ok=True iters=7
12:36:18 [INFO] [PROG] s*=0.50/5.39 (9.3%) dist_goal=4.35
12:36:18 [INFO] [MPC] state=(-4.54,-2.69,+0.03) wp0=(-4.47,-2.55) v=+0.200 ω=-0.297 ok=True iters=7
12:36:18 [INFO] [PROG] s*=0.52/5.39 (9.7%) dist_goal=4.33
12:36:18 [INFO] [MPC] state=(-4.52,-2.69,+0.01) wp0=(-4.45,-2.55) v=+0.200 ω=-0.251 ok=True iters=7
12:36:18 [INFO] [PROG] s*=0.54/5.39 (10.0%) dist_goal=4.32
12:36:18 [INFO] [MPC] state=(-4.50,-2.69,-0.01) wp0=(-4.43,-2.55) v=+0.200 ω=-0.204 ok=True iters=7
12:36:18 [INFO] [PROG] s*=0.56/5.39 (10.4%) dist_goal=4.30
12:36:18 [INFO] [MPC] state=(-4.48,-2.69,-0.03) wp0=(-4.41,-2.55) v=+0.200 ω=-0.151 ok=True iters=7
12:36:19 [INFO] [PROG] s*=0.58/5.39 (10.8%) dist_goal=4.28
12:36:19 [INFO] [MPC] state=(-4.46,-2.69,-0.04) wp0=(-4.39,-2.55) v=+0.200 ω=-0.109 ok=True iters=7
12:36:19 [INFO] [PROG] s*=0.60/5.39 (11.1%) dist_goal=4.26
12:36:19 [INFO] [MPC] state=(-4.44,-2.70,-0.05) wp0=(-4.37,-2.55) v=+0.200 ω=+0.536 ok=True iters=7
12:36:19 [INFO] [PROG] s*=0.62/5.39 (11.5%) dist_goal=4.24
12:36:19 [INFO] [MPC] state=(-4.42,-2.70,-0.02) wp0=(-4.35,-2.55) v=+0.200 ω=-0.131 ok=True iters=7
12:36:19 [INFO] [PROG] s*=0.64/5.39 (11.8%) dist_goal=4.22
12:36:19 [INFO] [MPC] state=(-4.40,-2.70,-0.03) wp0=(-4.33,-2.55) v=+0.200 ω=+0.512 ok=True iters=7
12:36:19 [INFO] [PROG] s*=0.66/5.39 (12.2%) dist_goal=4.20
12:36:19 [INFO] [MPC] state=(-4.38,-2.70,-0.01) wp0=(-4.31,-2.55) v=+0.200 ω=-0.154 ok=True iters=7
12:36:19 [INFO] [PROG] s*=0.68/5.39 (12.6%) dist_goal=4.18
12:36:19 [INFO] [MPC] state=(-4.36,-2.70,-0.02) wp0=(-4.29,-2.55) v=+0.200 ω=-0.122 ok=True iters=7
12:36:19 [INFO] [PROG] s*=0.70/5.39 (12.9%) dist_goal=4.16
12:36:19 [INFO] [MPC] state=(-4.34,-2.70,-0.03) wp0=(-4.27,-2.55) v=+0.200 ω=+0.520 ok=True iters=7
12:36:19 [INFO] [PROG] s*=0.71/5.39 (13.3%) dist_goal=4.14
12:36:19 [INFO] [MPC] state=(-4.32,-2.70,-0.00) wp0=(-4.26,-2.55) v=+0.200 ω=+0.289 ok=True iters=7
12:36:19 [INFO] [PROG] s*=0.73/5.39 (13.6%) dist_goal=4.13
12:36:19 [INFO] [MPC] state=(-4.31,-2.70,+0.01) wp0=(-4.24,-2.55) v=+0.200 ω=+0.248 ok=True iters=7
12:36:19 [INFO] [PROG] s*=0.75/5.39 (14.0%) dist_goal=4.11
12:36:19 [INFO] [MPC] state=(-4.29,-2.70,+0.03) wp0=(-4.22,-2.55) v=+0.200 ω=+0.054 ok=True iters=7
12:36:19 [INFO] [PROG] s*=0.77/5.39 (14.4%) dist_goal=4.09
12:36:19 [INFO] [MPC] state=(-4.27,-2.70,+0.04) wp0=(-4.20,-2.55) v=+0.200 ω=+0.028 ok=True iters=7
12:36:19 [INFO] [PROG] s*=0.79/5.39 (14.7%) dist_goal=4.07
12:36:19 [INFO] [MPC] state=(-4.25,-2.70,+0.04) wp0=(-4.18,-2.55) v=+0.200 ω=+0.009 ok=True iters=7
12:36:19 [INFO] [PROG] s*=0.81/5.39 (15.1%) dist_goal=4.05
12:36:19 [INFO] [MPC] state=(-4.23,-2.70,+0.04) wp0=(-4.16,-2.55) v=+0.200 ω=-0.294 ok=True iters=7
12:36:19 [INFO] [PROG] s*=0.83/5.39 (15.5%) dist_goal=4.03
12:36:19 [INFO] [MPC] state=(-4.21,-2.69,+0.02) wp0=(-4.14,-2.55) v=+0.200 ω=-0.257 ok=True iters=7
12:36:19 [INFO] [PROG] s*=0.85/5.39 (15.8%) dist_goal=4.01
12:36:19 [INFO] [MPC] state=(-4.19,-2.69,+0.00) wp0=(-4.12,-2.55) v=+0.200 ω=-0.212 ok=True iters=7
12:36:19 [INFO] [PROG] s*=0.87/5.39 (16.2%) dist_goal=3.99
12:36:19 [INFO] [MPC] state=(-4.17,-2.69,-0.02) wp0=(-4.10,-2.55) v=+0.200 ω=-0.159 ok=True iters=7
12:36:19 [INFO] [PROG] s*=0.89/5.39 (16.6%) dist_goal=3.97
12:36:19 [INFO] [MPC] state=(-4.15,-2.70,-0.03) wp0=(-4.08,-2.55) v=+0.200 ω=-0.121 ok=True iters=7
12:36:19 [INFO] [PROG] s*=0.91/5.39 (16.9%) dist_goal=3.95
12:36:19 [INFO] [MPC] state=(-4.13,-2.70,-0.04) wp0=(-4.06,-2.55) v=+0.200 ω=+0.524 ok=True iters=7
12:36:19 [INFO] [PROG] s*=0.93/5.39 (17.3%) dist_goal=3.93
12:36:19 [INFO] [MPC] state=(-4.11,-2.70,-0.01) wp0=(-4.04,-2.55) v=+0.200 ω=-0.144 ok=True iters=7
12:36:19 [INFO] [PROG] s*=0.95/5.39 (17.7%) dist_goal=3.91
12:36:19 [INFO] [MPC] state=(-4.09,-2.70,-0.03) wp0=(-4.02,-2.55) v=+0.200 ω=-0.111 ok=True iters=7
12:36:19 [INFO] [PROG] s*=0.97/5.39 (18.0%) dist_goal=3.89
12:36:19 [INFO] [MPC] state=(-4.07,-2.70,-0.04) wp0=(-4.00,-2.55) v=+0.200 ω=+0.530 ok=True iters=7
12:36:19 [INFO] [PROG] s*=0.99/5.39 (18.4%) dist_goal=3.88
12:36:19 [INFO] [MPC] state=(-4.05,-2.70,-0.01) wp0=(-3.98,-2.55) v=+0.200 ω=+0.301 ok=True iters=7
12:36:19 [INFO] [PROG] s*=1.01/5.39 (18.7%) dist_goal=3.86
12:36:19 [INFO] [MPC] state=(-4.03,-2.70,+0.01) wp0=(-3.96,-2.55) v=+0.200 ω=+0.253 ok=True iters=7
12:36:19 [INFO] [PROG] s*=1.03/5.39 (19.1%) dist_goal=3.84
12:36:19 [INFO] [MPC] state=(-4.01,-2.70,+0.03) wp0=(-3.94,-2.55) v=+0.200 ω=+0.211 ok=True iters=7
12:36:19 [INFO] [PROG] s*=1.05/5.39 (19.4%) dist_goal=3.82
12:36:19 [INFO] [MPC] state=(-3.99,-2.70,+0.04) wp0=(-3.92,-2.55) v=+0.200 ω=+0.023 ok=True iters=7
12:36:19 [INFO] [PROG] s*=1.07/5.39 (19.8%) dist_goal=3.80
12:36:19 [INFO] [MPC] state=(-3.97,-2.70,+0.04) wp0=(-3.90,-2.55) v=+0.200 ω=+0.003 ok=True iters=7
12:36:19 [INFO] [PROG] s*=1.09/5.39 (20.2%) dist_goal=3.78
12:36:19 [INFO] [MPC] state=(-3.95,-2.70,+0.04) wp0=(-3.88,-2.55) v=+0.200 ω=-0.012 ok=True iters=7
12:36:19 [INFO] [PROG] s*=1.11/5.39 (20.6%) dist_goal=3.76
12:36:19 [INFO] [MPC] state=(-3.93,-2.69,+0.04) wp0=(-3.86,-2.55) v=+0.200 ω=-0.311 ok=True iters=7
12:36:19 [INFO] [PROG] s*=1.13/5.39 (20.9%) dist_goal=3.74
12:36:19 [INFO] [MPC] state=(-3.91,-2.69,+0.02) wp0=(-3.84,-2.55) v=+0.200 ω=-0.275 ok=True iters=7
12:36:19 [INFO] [PROG] s*=1.15/5.39 (21.3%) dist_goal=3.72
12:36:19 [INFO] [MPC] state=(-3.89,-2.69,-0.00) wp0=(-3.82,-2.55) v=+0.200 ω=-0.225 ok=True iters=7
12:36:19 [INFO] [PROG] s*=1.17/5.39 (21.7%) dist_goal=3.70
12:36:19 [INFO] [MPC] state=(-3.87,-2.69,-0.02) wp0=(-3.80,-2.55) v=+0.200 ω=-0.184 ok=True iters=7
12:36:19 [INFO] [PROG] s*=1.19/5.39 (22.0%) dist_goal=3.68
12:36:19 [INFO] [MPC] state=(-3.85,-2.69,-0.03) wp0=(-3.78,-2.55) v=+0.200 ω=-0.135 ok=True iters=7
12:36:19 [INFO] [PROG] s*=1.21/5.39 (22.4%) dist_goal=3.66
12:36:19 [INFO] [MPC] state=(-3.83,-2.70,-0.05) wp0=(-3.76,-2.55) v=+0.200 ω=-0.094 ok=True iters=7
12:36:19 [INFO] [PROG] s*=1.23/5.39 (22.7%) dist_goal=3.65
12:36:19 [INFO] [MPC] state=(-3.81,-2.70,-0.05) wp0=(-3.74,-2.55) v=+0.200 ω=+0.551 ok=True iters=7
12:36:19 [INFO] [PROG] s*=1.25/5.39 (23.1%) dist_goal=3.63
12:36:19 [INFO] [MPC] state=(-3.79,-2.70,-0.03) wp0=(-3.72,-2.55) v=+0.200 ω=-0.114 ok=True iters=7
12:36:19 [INFO] [PROG] s*=1.26/5.39 (23.5%) dist_goal=3.61
12:36:19 [INFO] [MPC] state=(-3.77,-2.70,-0.04) wp0=(-3.71,-2.55) v=+0.200 ω=+0.527 ok=True iters=7
12:36:19 [INFO] [PROG] s*=1.28/5.39 (23.8%) dist_goal=3.59
12:36:19 [INFO] [MPC] state=(-3.76,-2.70,-0.01) wp0=(-3.69,-2.55) v=+0.200 ω=+0.301 ok=True iters=7
12:36:19 [INFO] [PROG] s*=1.30/5.39 (24.2%) dist_goal=3.57
12:36:19 [INFO] [MPC] state=(-3.74,-2.70,+0.01) wp0=(-3.67,-2.55) v=+0.200 ω=+0.260 ok=True iters=7
12:36:19 [INFO] [PROG] s*=1.32/5.39 (24.5%) dist_goal=3.55
12:36:19 [INFO] [MPC] state=(-3.72,-2.70,+0.02) wp0=(-3.65,-2.55) v=+0.200 ω=+0.210 ok=True iters=7
12:36:19 [INFO] [PROG] s*=1.34/5.39 (24.9%) dist_goal=3.53
12:36:19 [INFO] [MPC] state=(-3.70,-2.70,+0.04) wp0=(-3.63,-2.55) v=+0.200 ω=+0.028 ok=True iters=7
12:36:19 [INFO] [PROG] s*=1.36/5.39 (25.3%) dist_goal=3.51
12:36:19 [INFO] [MPC] state=(-3.68,-2.70,+0.04) wp0=(-3.61,-2.55) v=+0.200 ω=+0.009 ok=True iters=7
12:36:19 [INFO] [PROG] s*=1.38/5.39 (25.6%) dist_goal=3.49
12:36:19 [INFO] [MPC] state=(-3.66,-2.70,+0.04) wp0=(-3.59,-2.55) v=+0.200 ω=-0.294 ok=True iters=7
12:36:19 [INFO] [PROG] s*=1.40/5.39 (26.0%) dist_goal=3.48
12:36:19 [INFO] [MPC] state=(-3.64,-2.69,+0.02) wp0=(-3.57,-2.55) v=+0.200 ω=-0.251 ok=True iters=7
12:36:19 [INFO] [PROG] s*=1.42/5.39 (26.4%) dist_goal=3.46
12:36:19 [INFO] [MPC] state=(-3.62,-2.69,+0.00) wp0=(-3.55,-2.55) v=+0.200 ω=-0.211 ok=True iters=7
12:36:19 [INFO] [PROG] s*=1.44/5.39 (26.7%) dist_goal=3.44
12:36:19 [INFO] [MPC] state=(-3.60,-2.69,-0.02) wp0=(-3.53,-2.55) v=+0.200 ω=-0.168 ok=True iters=7
12:36:19 [INFO] [PROG] s*=1.46/5.39 (27.1%) dist_goal=3.42
12:36:19 [INFO] [MPC] state=(-3.58,-2.70,-0.03) wp0=(-3.51,-2.55) v=+0.200 ω=-0.122 ok=True iters=7
12:36:19 [INFO] [PROG] s*=1.48/5.39 (27.4%) dist_goal=3.40
12:36:19 [INFO] [MPC] state=(-3.56,-2.70,-0.04) wp0=(-3.49,-2.55) v=+0.200 ω=+0.523 ok=True iters=7
12:36:19 [INFO] [PROG] s*=1.50/5.39 (27.8%) dist_goal=3.38
12:36:19 [INFO] [MPC] state=(-3.54,-2.70,-0.02) wp0=(-3.47,-2.55) v=+0.200 ω=-0.140 ok=True iters=7
12:36:19 [INFO] [PROG] s*=1.52/5.39 (28.2%) dist_goal=3.36
12:36:19 [INFO] [MPC] state=(-3.52,-2.70,-0.03) wp0=(-3.45,-2.55) v=+0.200 ω=-0.106 ok=True iters=7
12:36:19 [INFO] [PROG] s*=1.54/5.39 (28.5%) dist_goal=3.34
12:36:19 [INFO] [MPC] state=(-3.50,-2.70,-0.04) wp0=(-3.43,-2.55) v=+0.200 ω=+0.537 ok=True iters=7
12:36:19 [INFO] [PROG] s*=1.56/5.39 (28.9%) dist_goal=3.32
12:36:19 [INFO] [MPC] state=(-3.48,-2.70,-0.01) wp0=(-3.41,-2.55) v=+0.200 ω=+0.312 ok=True iters=7
12:36:19 [INFO] [PROG] s*=1.58/5.39 (29.2%) dist_goal=3.31
12:36:19 [INFO] [MPC] state=(-3.46,-2.70,+0.01) wp0=(-3.39,-2.55) v=+0.200 ω=+0.270 ok=True iters=7
12:36:19 [INFO] [PROG] s*=1.60/5.39 (29.6%) dist_goal=3.29
12:36:19 [INFO] [MPC] state=(-3.44,-2.70,+0.02) wp0=(-3.37,-2.55) v=+0.200 ω=+0.221 ok=True iters=7
12:36:19 [INFO] [PROG] s*=1.62/5.39 (30.0%) dist_goal=3.27
12:36:19 [INFO] [MPC] state=(-3.42,-2.70,+0.04) wp0=(-3.35,-2.55) v=+0.200 ω=+0.037 ok=True iters=7
12:36:19 [INFO] [PROG] s*=1.64/5.39 (30.3%) dist_goal=3.25
12:36:19 [INFO] [MPC] state=(-3.40,-2.70,+0.04) wp0=(-3.33,-2.55) v=+0.200 ω=+0.016 ok=True iters=7
12:36:19 [INFO] [PROG] s*=1.66/5.39 (30.7%) dist_goal=3.23
12:36:19 [INFO] [MPC] state=(-3.38,-2.70,+0.04) wp0=(-3.31,-2.55) v=+0.200 ω=-0.000 ok=True iters=7
12:36:19 [INFO] [PROG] s*=1.68/5.39 (31.1%) dist_goal=3.21
12:36:19 [INFO] [MPC] state=(-3.36,-2.70,+0.04) wp0=(-3.29,-2.55) v=+0.200 ω=-0.302 ok=True iters=7
12:36:19 [INFO] [PROG] s*=1.70/5.39 (31.4%) dist_goal=3.19
12:36:19 [INFO] [MPC] state=(-3.34,-2.69,+0.02) wp0=(-3.27,-2.55) v=+0.200 ω=-0.254 ok=True iters=7
12:36:19 [INFO] [PROG] s*=1.71/5.39 (31.8%) dist_goal=3.17
12:36:19 [INFO] [MPC] state=(-3.32,-2.69,-0.00) wp0=(-3.26,-2.55) v=+0.200 ω=-0.214 ok=True iters=7
12:36:19 [INFO] [PROG] s*=1.73/5.39 (32.2%) dist_goal=3.15
12:36:19 [INFO] [MPC] state=(-3.31,-2.69,-0.02) wp0=(-3.24,-2.55) v=+0.200 ω=-0.168 ok=True iters=7
12:36:19 [INFO] [PROG] s*=1.76/5.39 (32.6%) dist_goal=3.13
12:36:19 [INFO] [MPC] state=(-3.29,-2.70,-0.03) wp0=(-3.21,-2.55) v=+0.200 ω=-0.123 ok=True iters=7
12:36:19 [INFO] [PROG] s*=1.77/5.39 (32.9%) dist_goal=3.12
12:36:19 [INFO] [MPC] state=(-3.26,-2.70,-0.05) wp0=(-3.20,-2.55) v=+0.200 ω=+0.522 ok=True iters=7
12:36:19 [INFO] [PROG] s*=1.79/5.39 (33.3%) dist_goal=3.10
12:36:19 [INFO] [MPC] state=(-3.25,-2.70,-0.02) wp0=(-3.18,-2.55) v=+0.200 ω=-0.144 ok=True iters=7
12:36:19 [INFO] [PROG] s*=1.81/5.39 (33.6%) dist_goal=3.08
12:36:19 [INFO] [MPC] state=(-3.23,-2.70,-0.03) wp0=(-3.16,-2.55) v=+0.200 ω=-0.107 ok=True iters=7
12:36:19 [INFO] [PROG] s*=1.83/5.39 (34.0%) dist_goal=3.06
12:36:19 [INFO] [MPC] state=(-3.21,-2.70,-0.04) wp0=(-3.14,-2.55) v=+0.200 ω=+0.535 ok=True iters=7
12:36:19 [INFO] [PROG] s*=1.85/5.39 (34.3%) dist_goal=3.04
12:36:19 [INFO] [MPC] state=(-3.19,-2.70,-0.01) wp0=(-3.12,-2.55) v=+0.200 ω=+0.309 ok=True iters=7
12:36:19 [INFO] [PROG] s*=1.87/5.39 (34.7%) dist_goal=3.02
12:36:19 [INFO] [MPC] state=(-3.17,-2.70,+0.01) wp0=(-3.10,-2.55) v=+0.200 ω=+0.261 ok=True iters=7
12:36:19 [INFO] [PROG] s*=1.89/5.39 (35.1%) dist_goal=3.00
12:36:19 [INFO] [MPC] state=(-3.15,-2.70,+0.02) wp0=(-3.08,-2.55) v=+0.200 ω=+0.214 ok=True iters=7
12:36:19 [INFO] [PROG] s*=1.91/5.39 (35.4%) dist_goal=2.99
12:36:19 [INFO] [MPC] state=(-3.13,-2.70,+0.04) wp0=(-3.06,-2.55) v=+0.200 ω=+0.027 ok=True iters=7
12:36:19 [INFO] [PROG] s*=1.93/5.39 (35.8%) dist_goal=2.97
12:36:19 [INFO] [MPC] state=(-3.11,-2.70,+0.04) wp0=(-3.04,-2.55) v=+0.200 ω=+0.007 ok=True iters=7
12:36:19 [INFO] [PROG] s*=1.95/5.39 (36.2%) dist_goal=2.95
12:36:19 [INFO] [MPC] state=(-3.09,-2.70,+0.04) wp0=(-3.02,-2.55) v=+0.200 ω=-0.009 ok=True iters=7
12:36:19 [INFO] [PROG] s*=1.97/5.39 (36.5%) dist_goal=2.93
12:36:19 [INFO] [MPC] state=(-3.07,-2.69,+0.04) wp0=(-3.00,-2.55) v=+0.200 ω=-0.309 ok=True iters=7
12:36:19 [INFO] [PROG] s*=1.99/5.39 (36.9%) dist_goal=2.91
12:36:19 [INFO] [MPC] state=(-3.05,-2.69,+0.02) wp0=(-2.98,-2.55) v=+0.200 ω=-0.268 ok=True iters=7
12:36:19 [INFO] [PROG] s*=2.01/5.39 (37.3%) dist_goal=2.89
12:36:19 [INFO] [MPC] state=(-3.03,-2.69,+0.00) wp0=(-2.96,-2.55) v=+0.200 ω=-0.226 ok=True iters=7
12:36:19 [INFO] [PROG] s*=2.03/5.39 (37.6%) dist_goal=2.87
12:36:19 [INFO] [MPC] state=(-3.01,-2.69,-0.02) wp0=(-2.94,-2.55) v=+0.200 ω=-0.179 ok=True iters=7
12:36:19 [INFO] [PROG] s*=2.05/5.39 (38.0%) dist_goal=2.85
12:36:19 [INFO] [MPC] state=(-2.99,-2.69,-0.03) wp0=(-2.92,-2.55) v=+0.200 ω=-0.139 ok=True iters=7
12:36:19 [INFO] [PROG] s*=2.07/5.39 (38.4%) dist_goal=2.83
12:36:19 [INFO] [MPC] state=(-2.97,-2.70,-0.04) wp0=(-2.90,-2.55) v=+0.200 ω=-0.098 ok=True iters=7
12:36:19 [INFO] [PROG] s*=2.09/5.39 (38.7%) dist_goal=2.81
12:36:19 [INFO] [MPC] state=(-2.95,-2.70,-0.05) wp0=(-2.88,-2.55) v=+0.200 ω=+0.547 ok=True iters=7
12:36:19 [INFO] [PROG] s*=2.11/5.39 (39.1%) dist_goal=2.80
12:36:19 [INFO] [MPC] state=(-2.93,-2.70,-0.02) wp0=(-2.86,-2.55) v=+0.200 ω=-0.118 ok=True iters=7
12:36:19 [INFO] [PROG] s*=2.13/5.39 (39.4%) dist_goal=2.78
12:36:19 [INFO] [MPC] state=(-2.91,-2.70,-0.03) wp0=(-2.84,-2.55) v=+0.200 ω=+0.521 ok=True iters=7
12:36:19 [INFO] [PROG] s*=2.14/5.39 (39.8%) dist_goal=2.76
12:36:19 [INFO] [MPC] state=(-2.89,-2.70,-0.01) wp0=(-2.83,-2.55) v=+0.200 ω=+0.295 ok=True iters=7
12:36:19 [INFO] [PROG] s*=2.16/5.39 (40.2%) dist_goal=2.74
12:36:19 [INFO] [MPC] state=(-2.88,-2.70,+0.01) wp0=(-2.81,-2.55) v=+0.200 ω=+0.244 ok=True iters=7
12:36:19 [INFO] [PROG] s*=2.18/5.39 (40.5%) dist_goal=2.72
12:36:19 [INFO] [MPC] state=(-2.86,-2.70,+0.03) wp0=(-2.79,-2.55) v=+0.200 ω=+0.058 ok=True iters=7
12:36:19 [INFO] [PROG] s*=2.20/5.39 (40.9%) dist_goal=2.70
12:36:19 [INFO] [MPC] state=(-2.84,-2.70,+0.03) wp0=(-2.77,-2.55) v=+0.200 ω=+0.036 ok=True iters=7
12:36:19 [INFO] [PROG] s*=2.22/5.39 (41.3%) dist_goal=2.68
12:36:19 [INFO] [MPC] state=(-2.82,-2.70,+0.04) wp0=(-2.75,-2.55) v=+0.200 ω=+0.016 ok=True iters=7
12:36:19 [INFO] [PROG] s*=2.24/5.39 (41.6%) dist_goal=2.67
12:36:19 [INFO] [MPC] state=(-2.80,-2.70,+0.04) wp0=(-2.73,-2.55) v=+0.200 ω=-0.289 ok=True iters=7
12:36:19 [INFO] [PROG] s*=2.26/5.39 (42.0%) dist_goal=2.65
12:36:19 [INFO] [MPC] state=(-2.78,-2.69,+0.02) wp0=(-2.71,-2.55) v=+0.200 ω=-0.261 ok=True iters=7
12:36:19 [INFO] [PROG] s*=2.28/5.39 (42.4%) dist_goal=2.63
12:36:19 [INFO] [MPC] state=(-2.76,-2.69,-0.00) wp0=(-2.69,-2.55) v=+0.200 ω=-0.220 ok=True iters=7
12:36:19 [INFO] [PROG] s*=2.30/5.39 (42.7%) dist_goal=2.61
12:36:19 [INFO] [MPC] state=(-2.74,-2.70,-0.02) wp0=(-2.67,-2.55) v=+0.200 ω=-0.190 ok=True iters=7
12:36:19 [INFO] [PROG] s*=2.32/5.39 (43.1%) dist_goal=2.59
12:36:19 [INFO] [MPC] state=(-2.72,-2.70,-0.04) wp0=(-2.65,-2.55) v=+0.200 ω=-0.152 ok=True iters=7
12:36:19 [INFO] [PROG] s*=2.34/5.39 (43.4%) dist_goal=2.57
12:36:19 [INFO] [MPC] state=(-2.70,-2.70,-0.05) wp0=(-2.63,-2.55) v=+0.200 ω=+0.485 ok=True iters=7
12:36:19 [INFO] [PROG] s*=2.36/5.39 (43.8%) dist_goal=2.55
12:36:19 [INFO] [MPC] state=(-2.68,-2.70,-0.02) wp0=(-2.61,-2.55) v=+0.200 ω=-0.187 ok=True iters=7
12:36:19 [INFO] [PROG] s*=2.38/5.39 (44.2%) dist_goal=2.54
12:36:19 [INFO] [MPC] state=(-2.66,-2.70,-0.04) wp0=(-2.59,-2.55) v=+0.200 ω=+0.453 ok=True iters=7
12:36:19 [INFO] [PROG] s*=2.40/5.39 (44.5%) dist_goal=2.52
12:36:19 [INFO] [MPC] state=(-2.64,-2.70,-0.01) wp0=(-2.57,-2.55) v=+0.200 ω=+0.228 ok=True iters=7
12:36:19 [INFO] [PROG] s*=2.42/5.39 (44.9%) dist_goal=2.50
12:36:19 [INFO] [MPC] state=(-2.62,-2.70,-0.00) wp0=(-2.55,-2.55) v=+0.200 ω=+0.186 ok=True iters=7
12:36:19 [INFO] [PROG] s*=2.44/5.39 (45.3%) dist_goal=2.48
12:36:19 [INFO] [MPC] state=(-2.60,-2.70,+0.01) wp0=(-2.53,-2.55) v=+0.200 ω=+0.135 ok=True iters=7
12:36:19 [INFO] [PROG] s*=2.46/5.39 (45.6%) dist_goal=2.46
12:36:19 [INFO] [MPC] state=(-2.58,-2.70,+0.02) wp0=(-2.51,-2.55) v=+0.200 ω=+0.087 ok=True iters=7
12:36:19 [INFO] [PROG] s*=2.48/5.39 (46.0%) dist_goal=2.44
12:36:19 [INFO] [MPC] state=(-2.56,-2.70,+0.03) wp0=(-2.49,-2.55) v=+0.200 ω=-0.099 ok=True iters=7
12:36:19 [INFO] [PROG] s*=2.50/5.39 (46.4%) dist_goal=2.43
12:36:19 [INFO] [MPC] state=(-2.54,-2.70,+0.02) wp0=(-2.47,-2.55) v=+0.200 ω=-0.392 ok=True iters=7
12:36:19 [INFO] [PROG] s*=2.52/5.39 (46.7%) dist_goal=2.41
12:36:19 [INFO] [MPC] state=(-2.52,-2.70,-0.01) wp0=(-2.45,-2.55) v=+0.200 ω=-0.591 ok=True iters=8
12:36:19 [INFO] [PROG] s*=2.54/5.39 (47.1%) dist_goal=2.39
12:36:19 [INFO] [MPC] state=(-2.50,-2.70,-0.04) wp0=(-2.43,-2.55) v=+0.200 ω=-0.268 ok=True iters=8
12:36:19 [INFO] [PROG] s*=2.56/5.39 (47.4%) dist_goal=2.37
12:36:19 [INFO] [MPC] state=(-2.48,-2.70,-0.06) wp0=(-2.41,-2.55) v=+0.200 ω=-0.533 ok=True iters=8
12:36:19 [INFO] [PROG] s*=2.57/5.39 (47.7%) dist_goal=2.35
12:36:19 [INFO] [MPC] state=(-2.46,-2.70,-0.09) wp0=(-2.40,-2.55) v=+0.200 ω=-0.603 ok=True iters=8
12:36:19 [INFO] [PROG] s*=2.59/5.39 (48.1%) dist_goal=2.34
12:36:19 [INFO] [MPC] state=(-2.45,-2.70,-0.13) wp0=(-2.38,-2.55) v=+0.200 ω=-0.434 ok=True iters=8
12:36:19 [INFO] [PROG] s*=2.74/5.39 (50.9%) dist_goal=2.32
12:36:19 [INFO] [MPC] state=(-2.43,-2.70,-0.16) wp0=(-2.26,-2.64) v=+0.200 ω=+0.065 ok=True iters=8
12:36:19 [INFO] [PROG] s*=2.75/5.39 (51.1%) dist_goal=2.30
12:36:19 [INFO] [MPC] state=(-2.41,-2.71,-0.15) wp0=(-2.25,-2.65) v=+0.200 ω=+0.944 ok=True iters=7
12:36:19 [INFO] [PROG] s*=2.77/5.39 (51.4%) dist_goal=2.28
12:36:19 [INFO] [MPC] state=(-2.39,-2.71,-0.10) wp0=(-2.24,-2.65) v=+0.200 ω=+0.600 ok=True iters=7
12:36:19 [INFO] [PROG] s*=2.78/5.39 (51.6%) dist_goal=2.27
12:36:19 [INFO] [MPC] state=(-2.37,-2.71,-0.07) wp0=(-2.23,-2.65) v=+0.200 ω=+0.566 ok=True iters=7
12:36:19 [INFO] [PROG] s*=2.79/5.39 (51.9%) dist_goal=2.25
12:36:19 [INFO] [MPC] state=(-2.36,-2.71,-0.04) wp0=(-2.22,-2.65) v=+0.200 ω=+0.365 ok=True iters=8
12:36:19 [INFO] [PROG] s*=2.81/5.39 (52.1%) dist_goal=2.23
12:36:19 [INFO] [MPC] state=(-2.34,-2.71,-0.02) wp0=(-2.20,-2.65) v=+0.200 ω=+0.153 ok=True iters=8
12:36:19 [INFO] [PROG] s*=2.81/5.39 (52.2%) dist_goal=2.21
12:36:19 [INFO] [MPC] state=(-2.32,-2.71,-0.00) wp0=(-2.20,-2.65) v=+0.200 ω=+0.010 ok=True iters=8
12:36:19 [INFO] [PROG] s*=2.81/5.39 (52.2%) dist_goal=2.19
12:36:19 [INFO] [MPC] state=(-2.30,-2.71,-0.00) wp0=(-2.20,-2.65) v=+0.200 ω=-0.011 ok=True iters=8
12:36:19 [INFO] [PROG] s*=2.81/5.39 (52.2%) dist_goal=2.17
12:36:19 [INFO] [MPC] state=(-2.28,-2.71,-0.00) wp0=(-2.20,-2.65) v=+0.200 ω=-0.009 ok=True iters=8
12:36:19 [INFO] [PROG] s*=2.83/5.39 (52.4%) dist_goal=2.15
12:36:19 [INFO] [MPC] state=(-2.26,-2.71,-0.00) wp0=(-2.19,-2.65) v=+0.200 ω=-0.008 ok=True iters=8
12:36:19 [INFO] [PROG] s*=2.84/5.39 (52.8%) dist_goal=2.14
12:36:19 [INFO] [MPC] state=(-2.24,-2.71,-0.00) wp0=(-2.17,-2.65) v=+0.200 ω=-0.596 ok=True iters=8
12:36:19 [INFO] [PROG] s*=2.86/5.39 (53.1%) dist_goal=2.12
12:36:19 [INFO] [MPC] state=(-2.22,-2.71,-0.04) wp0=(-2.15,-2.65) v=+0.200 ω=-0.524 ok=True iters=8
12:36:19 [INFO] [PROG] s*=2.88/5.39 (53.5%) dist_goal=2.10
12:36:19 [INFO] [MPC] state=(-2.20,-2.72,-0.07) wp0=(-2.14,-2.66) v=+0.200 ω=-0.450 ok=True iters=8
12:36:19 [INFO] [PROG] s*=2.95/5.39 (54.8%) dist_goal=2.08
12:36:19 [INFO] [MPC] state=(-2.18,-2.72,-0.10) wp0=(-2.09,-2.71) v=+0.200 ω=-0.169 ok=True iters=8
12:36:19 [INFO] [PROG] s*=2.97/5.39 (55.0%) dist_goal=2.07
12:36:19 [INFO] [MPC] state=(-2.16,-2.72,-0.11) wp0=(-2.08,-2.72) v=+0.200 ω=+0.871 ok=True iters=8
12:36:19 [INFO] [PROG] s*=2.98/5.39 (55.3%) dist_goal=2.05
12:36:19 [INFO] [MPC] state=(-2.14,-2.72,-0.07) wp0=(-2.07,-2.73) v=+0.200 ω=+0.576 ok=True iters=7
12:36:19 [INFO] [PROG] s*=2.99/5.39 (55.5%) dist_goal=2.03
12:36:19 [INFO] [MPC] state=(-2.13,-2.72,-0.03) wp0=(-2.06,-2.74) v=+0.200 ω=+0.078 ok=True iters=7
12:36:19 [INFO] [PROG] s*=3.01/5.39 (55.8%) dist_goal=2.01
12:36:19 [INFO] [MPC] state=(-2.11,-2.72,-0.03) wp0=(-2.05,-2.75) v=+0.200 ω=+0.234 ok=True iters=7
12:36:19 [INFO] [PROG] s*=3.02/5.39 (56.1%) dist_goal=2.00
12:36:19 [INFO] [MPC] state=(-2.09,-2.72,-0.01) wp0=(-2.03,-2.75) v=+0.200 ω=+0.174 ok=True iters=7
12:36:19 [INFO] [PROG] s*=3.04/5.39 (56.3%) dist_goal=1.98
12:36:19 [INFO] [MPC] state=(-2.07,-2.72,+0.00) wp0=(-2.02,-2.75) v=+0.200 ω=+0.028 ok=True iters=7
12:36:19 [INFO] [PROG] s*=3.08/5.39 (57.1%) dist_goal=1.96
12:36:19 [INFO] [MPC] state=(-2.05,-2.72,+0.00) wp0=(-1.98,-2.75) v=+0.200 ω=-0.017 ok=True iters=8
12:36:19 [INFO] [PROG] s*=3.10/5.39 (57.4%) dist_goal=1.94
12:36:19 [INFO] [MPC] state=(-2.03,-2.72,+0.00) wp0=(-1.96,-2.75) v=+0.200 ω=-0.540 ok=True iters=7
12:36:19 [INFO] [PROG] s*=3.11/5.39 (57.8%) dist_goal=1.93
12:36:19 [INFO] [MPC] state=(-2.01,-2.72,-0.04) wp0=(-1.94,-2.75) v=+0.200 ω=-0.795 ok=True iters=7
12:36:19 [INFO] [PROG] s*=3.13/5.39 (58.1%) dist_goal=1.91
12:36:19 [INFO] [MPC] state=(-1.99,-2.72,-0.08) wp0=(-1.92,-2.75) v=+0.200 ω=-1.121 ok=True iters=7
12:36:19 [INFO] [PROG] s*=3.15/5.39 (58.4%) dist_goal=1.89
12:36:19 [INFO] [MPC] state=(-1.97,-2.73,-0.15) wp0=(-1.91,-2.75) v=+0.200 ω=-1.138 ok=True iters=7
12:36:19 [INFO] [PROG] s*=3.16/5.39 (58.7%) dist_goal=1.88
12:36:19 [INFO] [MPC] state=(-1.96,-2.73,-0.21) wp0=(-1.89,-2.75) v=+0.200 ω=-1.115 ok=True iters=7
12:36:19 [INFO] [PROG] s*=3.18/5.39 (59.0%) dist_goal=1.86
12:36:19 [INFO] [MPC] state=(-1.94,-2.73,-0.27) wp0=(-1.87,-2.75) v=+0.200 ω=-0.949 ok=True iters=7
12:36:19 [INFO] [PROG] s*=3.19/5.39 (59.3%) dist_goal=1.84
12:36:19 [INFO] [MPC] state=(-1.92,-2.74,-0.32) wp0=(-1.86,-2.75) v=+0.200 ω=-0.924 ok=True iters=7
12:36:19 [INFO] [PROG] s*=3.21/5.39 (59.6%) dist_goal=1.83
12:36:19 [INFO] [MPC] state=(-1.91,-2.74,-0.37) wp0=(-1.84,-2.76) v=+0.200 ω=-0.837 ok=True iters=7
12:36:19 [INFO] [PROG] s*=3.23/5.39 (59.9%) dist_goal=1.81
12:36:19 [INFO] [MPC] state=(-1.89,-2.75,-0.42) wp0=(-1.83,-2.77) v=+0.200 ω=-0.820 ok=True iters=7
12:36:19 [INFO] [PROG] s*=3.24/5.39 (60.1%) dist_goal=1.79
12:36:19 [INFO] [MPC] state=(-1.88,-2.76,-0.47) wp0=(-1.82,-2.78) v=+0.200 ω=-0.918 ok=True iters=7
12:36:19 [INFO] [PROG] s*=3.27/5.39 (60.7%) dist_goal=1.77
12:36:19 [INFO] [MPC] state=(-1.86,-2.77,-0.52) wp0=(-1.80,-2.80) v=+0.200 ω=-0.833 ok=True iters=8
12:36:19 [INFO] [PROG] s*=3.29/5.39 (61.1%) dist_goal=1.76
12:36:19 [INFO] [MPC] state=(-1.85,-2.78,-0.56) wp0=(-1.79,-2.81) v=+0.200 ω=-0.817 ok=True iters=7
12:36:19 [INFO] [PROG] s*=3.31/5.39 (61.4%) dist_goal=1.74
12:36:19 [INFO] [MPC] state=(-1.83,-2.79,-0.61) wp0=(-1.77,-2.83) v=+0.200 ω=-0.776 ok=True iters=7
12:36:19 [INFO] [PROG] s*=3.33/5.39 (61.7%) dist_goal=1.72
12:36:19 [INFO] [MPC] state=(-1.82,-2.80,-0.65) wp0=(-1.76,-2.84) v=+0.200 ω=-0.964 ok=True iters=8
12:36:19 [INFO] [PROG] s*=3.34/5.39 (62.0%) dist_goal=1.70
12:36:19 [INFO] [MPC] state=(-1.80,-2.81,-0.71) wp0=(-1.75,-2.85) v=+0.200 ω=-0.911 ok=True iters=10
12:36:19 [INFO] [PROG] s*=3.35/5.39 (62.2%) dist_goal=1.70
12:36:19 [INFO] [MPC] state=(-1.79,-2.82,-0.76) wp0=(-1.74,-2.86) v=+0.075 ω=-0.773 ok=True iters=9
12:36:19 [INFO] [PROG] s*=3.37/5.39 (62.5%) dist_goal=1.68
12:36:19 [INFO] [MPC] state=(-1.78,-2.83,-0.83) wp0=(-1.73,-2.87) v=+0.200 ω=-0.666 ok=True iters=7
12:36:19 [INFO] [PROG] s*=3.39/5.39 (62.8%) dist_goal=1.67
12:36:19 [INFO] [MPC] state=(-1.77,-2.84,-0.88) wp0=(-1.72,-2.88) v=+0.167 ω=-0.850 ok=True iters=9
12:36:19 [INFO] [PROG] s*=3.39/5.39 (62.9%) dist_goal=1.66
12:36:19 [INFO] [MPC] state=(-1.76,-2.85,-0.94) wp0=(-1.72,-2.88) v=+0.042 ω=-0.658 ok=True iters=10
12:36:19 [INFO] [PROG] s*=3.41/5.39 (63.2%) dist_goal=1.65
12:36:19 [INFO] [MPC] state=(-1.76,-2.86,-1.01) wp0=(-1.71,-2.89) v=+0.200 ω=-0.251 ok=True iters=7
12:36:19 [INFO] [PROG] s*=3.43/5.39 (63.5%) dist_goal=1.63
12:36:19 [INFO] [MPC] state=(-1.75,-2.87,-1.03) wp0=(-1.69,-2.91) v=+0.200 ω=-0.575 ok=True iters=7
12:36:19 [INFO] [PROG] s*=3.44/5.39 (63.9%) dist_goal=1.62
12:36:19 [INFO] [MPC] state=(-1.74,-2.88,-1.07) wp0=(-1.68,-2.92) v=+0.200 ω=-0.588 ok=True iters=7
12:36:19 [INFO] [PROG] s*=3.46/5.39 (64.2%) dist_goal=1.60
12:36:19 [INFO] [MPC] state=(-1.73,-2.90,-1.10) wp0=(-1.67,-2.93) v=+0.200 ω=-0.592 ok=True iters=8
12:36:19 [INFO] [PROG] s*=3.48/5.39 (64.5%) dist_goal=1.59
12:36:19 [INFO] [MPC] state=(-1.72,-2.92,-1.14) wp0=(-1.66,-2.94) v=+0.200 ω=-0.596 ok=True iters=8
12:36:19 [INFO] [PROG] s*=3.50/5.39 (64.9%) dist_goal=1.58
12:36:19 [INFO] [MPC] state=(-1.72,-2.94,-1.17) wp0=(-1.64,-2.96) v=+0.200 ω=-0.468 ok=True iters=7
12:36:19 [INFO] [PROG] s*=3.51/5.39 (65.2%) dist_goal=1.56
12:36:19 [INFO] [MPC] state=(-1.71,-2.95,-1.20) wp0=(-1.63,-2.97) v=+0.200 ω=-0.536 ok=True iters=8
12:36:19 [INFO] [PROG] s*=3.53/5.39 (65.4%) dist_goal=1.55
12:36:19 [INFO] [MPC] state=(-1.70,-2.97,-1.23) wp0=(-1.62,-2.98) v=+0.200 ω=-1.190 ok=True iters=8
12:36:19 [INFO] [PROG] s*=3.54/5.39 (65.7%) dist_goal=1.54
12:36:19 [INFO] [MPC] state=(-1.70,-2.99,-1.29) wp0=(-1.61,-2.99) v=+0.200 ω=-0.988 ok=True iters=7
12:36:19 [INFO] [PROG] s*=3.55/5.39 (65.9%) dist_goal=1.54
12:36:19 [INFO] [MPC] state=(-1.69,-3.00,-1.35) wp0=(-1.60,-3.00) v=+0.200 ω=-1.433 ok=True iters=8
12:36:19 [INFO] [PROG] s*=3.57/5.39 (66.2%) dist_goal=1.53
12:36:19 [INFO] [MPC] state=(-1.69,-3.02,-1.43) wp0=(-1.59,-3.01) v=+0.200 ω=-1.123 ok=True iters=8
12:36:19 [INFO] [PROG] s*=3.58/5.39 (66.4%) dist_goal=1.52
12:36:19 [INFO] [MPC] state=(-1.69,-3.03,-1.49) wp0=(-1.58,-3.02) v=+0.200 ω=-0.613 ok=True iters=8
12:36:19 [INFO] [PROG] s*=3.59/5.39 (66.7%) dist_goal=1.52
12:36:19 [INFO] [MPC] state=(-1.69,-3.05,-1.54) wp0=(-1.57,-3.03) v=+0.200 ω=-0.620 ok=True iters=8
12:36:19 [INFO] [PROG] s*=3.61/5.39 (66.9%) dist_goal=1.51
12:36:19 [INFO] [MPC] state=(-1.69,-3.07,-1.58) wp0=(-1.56,-3.04) v=+0.200 ω=-0.302 ok=True iters=8
12:36:19 [INFO] [PROG] s*=3.74/5.39 (69.3%) dist_goal=1.51
12:36:19 [INFO] [MPC] state=(-1.69,-3.09,-1.60) wp0=(-1.55,-3.16) v=+0.200 ω=-0.227 ok=True iters=9
12:36:19 [INFO] [PROG] s*=3.75/5.39 (69.6%) dist_goal=1.50
12:36:19 [INFO] [MPC] state=(-1.69,-3.11,-1.62) wp0=(-1.55,-3.18) v=+0.200 ω=+0.511 ok=True iters=8
12:36:19 [INFO] [PROG] s*=3.77/5.39 (70.0%) dist_goal=1.50
12:36:19 [INFO] [MPC] state=(-1.69,-3.13,-1.59) wp0=(-1.55,-3.20) v=+0.200 ω=+0.436 ok=True iters=9
12:36:19 [INFO] [PROG] s*=3.79/5.39 (70.3%) dist_goal=1.49
12:36:19 [INFO] [MPC] state=(-1.69,-3.15,-1.57) wp0=(-1.55,-3.21) v=+0.200 ω=+0.436 ok=True iters=9
12:36:19 [INFO] [PROG] s*=3.81/5.39 (70.7%) dist_goal=1.48
12:36:19 [INFO] [MPC] state=(-1.69,-3.16,-1.54) wp0=(-1.55,-3.23) v=+0.200 ω=+0.431 ok=True iters=10
12:36:19 [INFO] [PROG] s*=3.82/5.39 (70.9%) dist_goal=1.48
12:36:19 [INFO] [MPC] state=(-1.69,-3.18,-1.52) wp0=(-1.55,-3.25) v=+0.200 ω=+1.474 ok=True iters=7
12:36:19 [INFO] [PROG] s*=3.83/5.39 (71.1%) dist_goal=1.48
12:36:19 [INFO] [MPC] state=(-1.69,-3.20,-1.44) wp0=(-1.55,-3.26) v=+0.200 ω=+2.127 ok=True iters=8
12:36:20 [INFO] [PROG] s*=3.84/5.39 (71.3%) dist_goal=1.47
12:36:20 [INFO] [MPC] state=(-1.69,-3.21,-1.33) wp0=(-1.55,-3.27) v=+0.200 ω=+2.400 ok=True iters=8
12:36:20 [INFO] [PROG] s*=3.85/5.39 (71.5%) dist_goal=1.46
12:36:20 [INFO] [MPC] state=(-1.68,-3.22,-1.20) wp0=(-1.55,-3.28) v=+0.200 ω=+2.041 ok=True iters=8
12:36:20 [INFO] [PROG] s*=3.86/5.39 (71.7%) dist_goal=1.46
12:36:20 [INFO] [MPC] state=(-1.68,-3.23,-1.09) wp0=(-1.55,-3.29) v=+0.200 ω=+1.843 ok=True iters=8
12:36:20 [INFO] [PROG] s*=3.88/5.39 (71.9%) dist_goal=1.45
12:36:20 [INFO] [MPC] state=(-1.67,-3.24,-1.00) wp0=(-1.55,-3.30) v=+0.200 ω=+1.649 ok=True iters=8
12:36:20 [INFO] [PROG] s*=3.89/5.39 (72.1%) dist_goal=1.43
12:36:20 [INFO] [MPC] state=(-1.66,-3.25,-0.91) wp0=(-1.55,-3.31) v=+0.200 ω=+1.563 ok=True iters=8
12:36:20 [INFO] [PROG] s*=3.90/5.39 (72.3%) dist_goal=1.42
12:36:20 [INFO] [MPC] state=(-1.65,-3.26,-0.82) wp0=(-1.55,-3.32) v=+0.200 ω=+1.241 ok=True iters=8
12:36:20 [INFO] [PROG] s*=3.91/5.39 (72.5%) dist_goal=1.41
12:36:20 [INFO] [MPC] state=(-1.64,-3.27,-0.75) wp0=(-1.55,-3.33) v=+0.200 ω=+0.777 ok=True iters=8
12:36:20 [INFO] [PROG] s*=3.92/5.39 (72.7%) dist_goal=1.39
12:36:20 [INFO] [MPC] state=(-1.63,-3.28,-0.71) wp0=(-1.55,-3.34) v=+0.200 ω=+0.595 ok=True iters=8
12:36:20 [INFO] [PROG] s*=3.93/5.39 (72.9%) dist_goal=1.37
12:36:20 [INFO] [MPC] state=(-1.62,-3.29,-0.67) wp0=(-1.55,-3.35) v=+0.200 ω=+0.468 ok=True iters=8
12:36:20 [INFO] [PROG] s*=3.94/5.39 (73.1%) dist_goal=1.36
12:36:20 [INFO] [MPC] state=(-1.60,-3.30,-0.64) wp0=(-1.53,-3.35) v=+0.200 ω=+0.366 ok=True iters=8
12:36:20 [INFO] [PROG] s*=3.95/5.39 (73.4%) dist_goal=1.34
12:36:20 [INFO] [MPC] state=(-1.59,-3.32,-0.62) wp0=(-1.52,-3.35) v=+0.200 ω=+0.173 ok=True iters=8
12:36:20 [INFO] [PROG] s*=3.97/5.39 (73.6%) dist_goal=1.32
12:36:20 [INFO] [MPC] state=(-1.57,-3.33,-0.61) wp0=(-1.51,-3.35) v=+0.200 ω=+0.075 ok=True iters=7
12:36:20 [INFO] [PROG] s*=3.99/5.39 (74.0%) dist_goal=1.30
12:36:20 [INFO] [MPC] state=(-1.55,-3.34,-0.60) wp0=(-1.49,-3.35) v=+0.200 ω=+0.088 ok=True iters=7
12:36:20 [INFO] [PROG] s*=4.01/5.39 (74.3%) dist_goal=1.28
12:36:20 [INFO] [MPC] state=(-1.54,-3.35,-0.59) wp0=(-1.47,-3.35) v=+0.200 ω=+0.084 ok=True iters=7
12:36:20 [INFO] [PROG] s*=4.02/5.39 (74.7%) dist_goal=1.27
12:36:20 [INFO] [MPC] state=(-1.52,-3.36,-0.58) wp0=(-1.45,-3.35) v=+0.200 ω=+0.083 ok=True iters=7
12:36:20 [INFO] [PROG] s*=4.04/5.39 (75.0%) dist_goal=1.25
12:36:20 [INFO] [MPC] state=(-1.50,-3.37,-0.57) wp0=(-1.44,-3.35) v=+0.200 ω=+0.157 ok=True iters=7
12:36:20 [INFO] [PROG] s*=4.06/5.39 (75.3%) dist_goal=1.23
12:36:20 [INFO] [MPC] state=(-1.49,-3.38,-0.56) wp0=(-1.42,-3.35) v=+0.200 ω=+0.178 ok=True iters=7
12:36:20 [INFO] [PROG] s*=4.07/5.39 (75.6%) dist_goal=1.21
12:36:20 [INFO] [MPC] state=(-1.47,-3.39,-0.54) wp0=(-1.40,-3.35) v=+0.200 ω=+0.129 ok=True iters=7
12:36:20 [INFO] [PROG] s*=4.09/5.39 (75.9%) dist_goal=1.19
12:36:20 [INFO] [MPC] state=(-1.45,-3.40,-0.53) wp0=(-1.39,-3.35) v=+0.200 ω=+0.322 ok=True iters=7
12:36:20 [INFO] [PROG] s*=4.11/5.39 (76.2%) dist_goal=1.18
12:36:20 [INFO] [MPC] state=(-1.44,-3.41,-0.51) wp0=(-1.37,-3.35) v=+0.200 ω=+0.318 ok=True iters=7
12:36:20 [INFO] [PROG] s*=4.13/5.39 (76.5%) dist_goal=1.16
12:36:20 [INFO] [MPC] state=(-1.42,-3.42,-0.49) wp0=(-1.35,-3.35) v=+0.200 ω=+0.357 ok=True iters=7
12:36:20 [INFO] [PROG] s*=4.14/5.39 (76.9%) dist_goal=1.14
12:36:20 [INFO] [MPC] state=(-1.40,-3.43,-0.47) wp0=(-1.33,-3.35) v=+0.200 ω=+0.358 ok=True iters=7
12:36:20 [INFO] [PROG] s*=4.16/5.39 (77.2%) dist_goal=1.12
12:36:20 [INFO] [MPC] state=(-1.38,-3.44,-0.44) wp0=(-1.32,-3.35) v=+0.200 ω=+0.290 ok=True iters=7
12:36:20 [INFO] [PROG] s*=4.18/5.39 (77.5%) dist_goal=1.10
12:36:20 [INFO] [MPC] state=(-1.37,-3.45,-0.42) wp0=(-1.30,-3.35) v=+0.200 ω=+0.351 ok=True iters=7
12:36:20 [INFO] [PROG] s*=4.20/5.39 (77.8%) dist_goal=1.09
12:36:20 [INFO] [MPC] state=(-1.35,-3.46,-0.40) wp0=(-1.28,-3.35) v=+0.200 ω=+0.395 ok=True iters=7
12:36:20 [INFO] [PROG] s*=4.21/5.39 (78.2%) dist_goal=1.07
12:36:20 [INFO] [MPC] state=(-1.33,-3.46,-0.38) wp0=(-1.26,-3.35) v=+0.200 ω=+0.416 ok=True iters=7
12:36:20 [INFO] [PROG] s*=4.23/5.39 (78.5%) dist_goal=1.05
12:36:20 [INFO] [MPC] state=(-1.31,-3.47,-0.35) wp0=(-1.25,-3.35) v=+0.200 ω=+0.783 ok=True iters=7
12:36:20 [INFO] [PROG] s*=4.25/5.39 (78.8%) dist_goal=1.03
12:36:20 [INFO] [MPC] state=(-1.30,-3.48,-0.30) wp0=(-1.23,-3.35) v=+0.200 ω=+0.725 ok=True iters=7
12:36:20 [INFO] [PROG] s*=4.26/5.39 (79.1%) dist_goal=1.02
12:36:20 [INFO] [MPC] state=(-1.28,-3.48,-0.26) wp0=(-1.21,-3.35) v=+0.200 ω=+0.631 ok=True iters=7
12:36:20 [INFO] [PROG] s*=4.28/5.39 (79.4%) dist_goal=1.00
12:36:20 [INFO] [MPC] state=(-1.26,-3.49,-0.22) wp0=(-1.20,-3.35) v=+0.200 ω=+0.600 ok=True iters=7
12:36:20 [INFO] [PROG] s*=4.30/5.39 (79.8%) dist_goal=0.98
12:36:20 [INFO] [MPC] state=(-1.25,-3.49,-0.19) wp0=(-1.18,-3.35) v=+0.200 ω=+0.195 ok=True iters=7
12:36:20 [INFO] [PROG] s*=4.32/5.39 (80.1%) dist_goal=0.96
12:36:20 [INFO] [MPC] state=(-1.23,-3.49,-0.17) wp0=(-1.16,-3.35) v=+0.200 ω=+0.219 ok=True iters=7
12:36:20 [INFO] [PROG] s*=4.34/5.39 (80.5%) dist_goal=0.94
12:36:20 [INFO] [MPC] state=(-1.21,-3.50,-0.16) wp0=(-1.14,-3.35) v=+0.200 ω=+0.238 ok=True iters=7
12:36:20 [INFO] [PROG] s*=4.36/5.39 (80.8%) dist_goal=0.92
12:36:20 [INFO] [MPC] state=(-1.19,-3.50,-0.14) wp0=(-1.12,-3.35) v=+0.200 ω=+0.711 ok=True iters=7
12:36:20 [INFO] [PROG] s*=4.37/5.39 (81.1%) dist_goal=0.91
12:36:20 [INFO] [MPC] state=(-1.17,-3.50,-0.10) wp0=(-1.10,-3.35) v=+0.200 ω=+0.942 ok=True iters=7
12:36:20 [INFO] [PROG] s*=4.39/5.39 (81.5%) dist_goal=0.89
12:36:20 [INFO] [MPC] state=(-1.15,-3.50,-0.05) wp0=(-1.09,-3.35) v=+0.200 ω=+0.318 ok=True iters=7
12:36:20 [INFO] [PROG] s*=4.41/5.39 (81.8%) dist_goal=0.87
12:36:20 [INFO] [MPC] state=(-1.14,-3.50,-0.03) wp0=(-1.07,-3.35) v=+0.200 ω=+0.306 ok=True iters=7
12:36:20 [INFO] [PROG] s*=4.43/5.39 (82.2%) dist_goal=0.85
12:36:20 [INFO] [MPC] state=(-1.12,-3.50,-0.01) wp0=(-1.05,-3.35) v=+0.200 ω=+0.578 ok=True iters=7
12:36:20 [INFO] [PROG] s*=4.45/5.39 (82.5%) dist_goal=0.83
12:36:20 [INFO] [MPC] state=(-1.10,-3.50,+0.02) wp0=(-1.03,-3.35) v=+0.200 ω=+0.516 ok=True iters=7
12:36:20 [INFO] [PROG] s*=4.46/5.39 (82.8%) dist_goal=0.81
12:36:20 [INFO] [MPC] state=(-1.08,-3.50,+0.05) wp0=(-1.01,-3.35) v=+0.200 ω=+0.440 ok=True iters=7
12:36:20 [INFO] [PROG] s*=4.48/5.39 (83.2%) dist_goal=0.79
12:36:20 [INFO] [MPC] state=(-1.06,-3.50,+0.07) wp0=(-0.99,-3.35) v=+0.200 ω=+0.248 ok=True iters=7
12:36:20 [INFO] [PROG] s*=4.50/5.39 (83.6%) dist_goal=0.78
12:36:20 [INFO] [MPC] state=(-1.04,-3.50,+0.09) wp0=(-0.97,-3.35) v=+0.199 ω=+0.191 ok=True iters=7
12:36:20 [INFO] [PROG] s*=4.52/5.39 (83.9%) dist_goal=0.76
12:36:20 [INFO] [MPC] state=(-1.02,-3.50,+0.10) wp0=(-0.95,-3.35) v=+0.194 ω=+0.121 ok=True iters=7
12:36:20 [INFO] [PROG] s*=4.54/5.39 (84.3%) dist_goal=0.74
12:36:20 [INFO] [MPC] state=(-1.00,-3.50,+0.11) wp0=(-0.93,-3.35) v=+0.189 ω=+0.045 ok=True iters=7
12:36:20 [INFO] [PROG] s*=4.56/5.39 (84.6%) dist_goal=0.72
12:36:20 [INFO] [MPC] state=(-0.98,-3.49,+0.12) wp0=(-0.92,-3.35) v=+0.184 ω=-0.133 ok=True iters=8
12:36:20 [INFO] [PROG] s*=4.58/5.39 (85.0%) dist_goal=0.70
12:36:20 [INFO] [MPC] state=(-0.97,-3.49,+0.10) wp0=(-0.90,-3.35) v=+0.180 ω=-0.138 ok=True iters=8
12:36:20 [INFO] [PROG] s*=4.60/5.39 (85.3%) dist_goal=0.68
12:36:20 [INFO] [MPC] state=(-0.95,-3.49,+0.09) wp0=(-0.88,-3.35) v=+0.175 ω=-0.140 ok=True iters=8
12:36:20 [INFO] [PROG] s*=4.61/5.39 (85.6%) dist_goal=0.67
12:36:20 [INFO] [MPC] state=(-0.93,-3.49,+0.08) wp0=(-0.86,-3.35) v=+0.171 ω=-0.134 ok=True iters=8
12:36:20 [INFO] [PROG] s*=4.63/5.39 (85.9%) dist_goal=0.65
12:36:20 [INFO] [MPC] state=(-0.91,-3.49,+0.06) wp0=(-0.85,-3.35) v=+0.166 ω=-0.128 ok=True iters=8
12:36:20 [INFO] [PROG] s*=4.65/5.39 (86.2%) dist_goal=0.63
12:36:20 [INFO] [MPC] state=(-0.90,-3.49,+0.05) wp0=(-0.83,-3.35) v=+0.162 ω=-0.119 ok=True iters=8
12:36:20 [INFO] [PROG] s*=4.66/5.39 (86.5%) dist_goal=0.62
12:36:20 [INFO] [MPC] state=(-0.88,-3.49,+0.04) wp0=(-0.81,-3.35) v=+0.158 ω=-0.109 ok=True iters=8
12:36:20 [INFO] [PROG] s*=4.68/5.39 (86.8%) dist_goal=0.60
12:36:20 [INFO] [MPC] state=(-0.86,-3.49,+0.03) wp0=(-0.80,-3.35) v=+0.154 ω=-0.360 ok=True iters=8
12:36:20 [INFO] [PROG] s*=4.69/5.39 (87.1%) dist_goal=0.59
12:36:20 [INFO] [MPC] state=(-0.85,-3.49,-0.01) wp0=(-0.78,-3.35) v=+0.150 ω=-0.259 ok=True iters=8
12:36:20 [INFO] [PROG] s*=4.71/5.39 (87.4%) dist_goal=0.57
12:36:20 [INFO] [MPC] state=(-0.83,-3.49,-0.04) wp0=(-0.77,-3.35) v=+0.147 ω=-0.199 ok=True iters=8
12:36:20 [INFO] [PROG] s*=4.72/5.39 (87.6%) dist_goal=0.56
12:36:20 [INFO] [MPC] state=(-0.82,-3.49,-0.06) wp0=(-0.75,-3.35) v=+0.143 ω=-0.561 ok=True iters=8
12:36:20 [INFO] [PROG] s*=4.74/5.39 (87.9%) dist_goal=0.54
12:36:20 [INFO] [MPC] state=(-0.80,-3.49,-0.12) wp0=(-0.74,-3.35) v=+0.139 ω=-0.419 ok=True iters=8
12:36:20 [INFO] [PROG] s*=4.75/5.39 (88.2%) dist_goal=0.53
12:36:20 [INFO] [MPC] state=(-0.79,-3.49,-0.16) wp0=(-0.72,-3.35) v=+0.135 ω=-0.716 ok=True iters=9
12:36:20 [INFO] [PROG] s*=4.77/5.39 (88.4%) dist_goal=0.51
12:36:20 [INFO] [MPC] state=(-0.77,-3.49,-0.23) wp0=(-0.71,-3.35) v=+0.132 ω=-0.559 ok=True iters=8
12:36:20 [INFO] [PROG] s*=4.78/5.39 (88.7%) dist_goal=0.50
12:36:20 [INFO] [MPC] state=(-0.76,-3.50,-0.29) wp0=(-0.70,-3.35) v=+0.129 ω=-0.433 ok=True iters=8
12:36:20 [INFO] [PROG] s*=4.79/5.39 (88.9%) dist_goal=0.49
12:36:20 [INFO] [MPC] state=(-0.75,-3.50,-0.34) wp0=(-0.69,-3.35) v=+0.125 ω=-0.335 ok=True iters=8
12:36:20 [INFO] [PROG] s*=4.80/5.39 (89.1%) dist_goal=0.48
12:36:20 [INFO] [MPC] state=(-0.74,-3.51,-0.37) wp0=(-0.67,-3.35) v=+0.122 ω=-0.264 ok=True iters=8
12:36:20 [INFO] [PROG] s*=4.95/5.39 (91.8%) dist_goal=0.47
12:36:20 [INFO] [MPC] state=(-0.72,-3.51,-0.40) wp0=(-0.56,-3.44) v=+0.119 ω=+0.128 ok=True iters=8
12:36:20 [INFO] [PROG] s*=4.95/5.39 (91.9%) dist_goal=0.46
12:36:20 [INFO] [MPC] state=(-0.71,-3.51,-0.38) wp0=(-0.56,-3.44) v=+0.116 ω=+2.148 ok=True iters=10
12:36:20 [INFO] [PROG] s*=4.96/5.39 (92.1%) dist_goal=0.45
12:36:20 [INFO] [MPC] state=(-0.71,-3.52,-0.22) wp0=(-0.55,-3.45) v=+0.115 ω=+1.199 ok=True iters=7
12:36:20 [INFO] [PROG] s*=4.97/5.39 (92.2%) dist_goal=0.44
12:36:20 [INFO] [MPC] state=(-0.70,-3.52,-0.10) wp0=(-0.55,-3.45) v=+0.112 ω=+1.010 ok=True iters=7
12:36:20 [INFO] [PROG] s*=4.98/5.39 (92.3%) dist_goal=0.43
12:36:20 [INFO] [MPC] state=(-0.69,-3.52,-0.00) wp0=(-0.54,-3.45) v=+0.110 ω=+0.393 ok=True iters=7
12:36:20 [INFO] [PROG] s*=4.98/5.39 (92.5%) dist_goal=0.42
12:36:20 [INFO] [MPC] state=(-0.68,-3.52,+0.04) wp0=(-0.54,-3.45) v=+0.107 ω=+0.449 ok=True iters=7
12:36:20 [INFO] [PROG] s*=4.99/5.39 (92.6%) dist_goal=0.41
12:36:20 [INFO] [MPC] state=(-0.67,-3.52,+0.08) wp0=(-0.53,-3.45) v=+0.105 ω=-0.005 ok=True iters=7
12:36:20 [INFO] [PROG] s*=5.00/5.39 (92.7%) dist_goal=0.40
12:36:20 [INFO] [MPC] state=(-0.66,-3.52,+0.08) wp0=(-0.52,-3.45) v=+0.102 ω=-0.028 ok=True iters=7
12:36:20 [INFO] [PROG] s*=5.00/5.39 (92.8%) dist_goal=0.39
12:36:20 [INFO] [MPC] state=(-0.65,-3.52,+0.07) wp0=(-0.52,-3.45) v=+0.100 ω=-0.041 ok=True iters=7
12:36:20 [INFO] [PROG] s*=5.01/5.39 (92.9%) dist_goal=0.38
12:36:20 [INFO] [MPC] state=(-0.64,-3.52,+0.07) wp0=(-0.51,-3.45) v=+0.097 ω=-0.049 ok=True iters=7
12:36:20 [INFO] [PROG] s*=5.02/5.39 (93.1%) dist_goal=0.37
12:36:20 [INFO] [MPC] state=(-0.63,-3.51,+0.07) wp0=(-0.50,-3.45) v=+0.095 ω=-0.295 ok=True iters=7
12:36:20 [INFO] [PROG] s*=5.02/5.39 (93.1%) dist_goal=0.36
12:36:20 [INFO] [MPC] state=(-0.62,-3.51,+0.04) wp0=(-0.50,-3.45) v=+0.092 ω=-0.159 ok=True iters=7
12:36:20 [INFO] [PROG] s*=5.02/5.39 (93.1%) dist_goal=0.35
12:36:20 [INFO] [MPC] state=(-0.61,-3.51,+0.02) wp0=(-0.50,-3.45) v=+0.090 ω=-0.109 ok=True iters=7
12:36:20 [INFO] [PROG] s*=5.02/5.39 (93.1%) dist_goal=0.34
12:36:20 [INFO] [MPC] state=(-0.60,-3.51,+0.01) wp0=(-0.50,-3.45) v=+0.088 ω=-0.079 ok=True iters=7
12:36:20 [INFO] [PROG] s*=5.02/5.39 (93.1%) dist_goal=0.33
12:36:20 [INFO] [MPC] state=(-0.59,-3.51,-0.00) wp0=(-0.50,-3.45) v=+0.086 ω=-0.060 ok=True iters=7
12:36:20 [INFO] [PROG] s*=5.02/5.39 (93.1%) dist_goal=0.33
12:36:20 [INFO] [MPC] state=(-0.58,-3.51,-0.01) wp0=(-0.50,-3.45) v=+0.083 ω=-0.249 ok=True iters=7
12:36:20 [INFO] [PROG] s*=5.02/5.39 (93.1%) dist_goal=0.32
12:36:20 [INFO] [MPC] state=(-0.57,-3.51,-0.04) wp0=(-0.50,-3.45) v=+0.081 ω=-0.156 ok=True iters=7
12:36:20 [INFO] [PROG] s*=5.02/5.39 (93.1%) dist_goal=0.31
12:36:20 [INFO] [MPC] state=(-0.57,-3.51,-0.05) wp0=(-0.50,-3.45) v=+0.079 ω=+0.125 ok=True iters=7
12:36:20 [INFO] [PROG] s*=5.02/5.39 (93.1%) dist_goal=0.30
12:36:20 [INFO] [MPC] state=(-0.56,-3.51,-0.04) wp0=(-0.50,-3.45) v=+0.077 ω=+0.081 ok=True iters=7
12:36:20 [INFO] [PROG] s*=5.03/5.39 (93.3%) dist_goal=0.29
12:36:20 [INFO] [MPC] state=(-0.55,-3.51,-0.03) wp0=(-0.49,-3.45) v=+0.075 ω=+0.052 ok=True iters=7
12:36:20 [INFO] [PROG] s*=5.03/5.39 (93.4%) dist_goal=0.29
12:36:20 [INFO] [MPC] state=(-0.54,-3.52,-0.03) wp0=(-0.48,-3.45) v=+0.074 ω=+0.030 ok=True iters=7
12:36:20 [INFO] [PROG] s*=5.04/5.39 (93.5%) dist_goal=0.28
12:36:20 [INFO] [MPC] state=(-0.53,-3.52,-0.02) wp0=(-0.48,-3.45) v=+0.072 ω=-0.015 ok=True iters=7
12:36:20 [INFO] [PROG] s*=5.05/5.39 (93.7%) dist_goal=0.27
12:36:20 [INFO] [MPC] state=(-0.53,-3.52,-0.03) wp0=(-0.47,-3.45) v=+0.070 ω=-0.014 ok=True iters=7
12:36:20 [INFO] [PROG] s*=5.05/5.39 (93.8%) dist_goal=0.27
12:36:20 [INFO] [MPC] state=(-0.52,-3.52,-0.03) wp0=(-0.46,-3.45) v=+0.068 ω=-0.127 ok=True iters=7
12:36:20 [INFO] [PROG] s*=5.06/5.39 (93.9%) dist_goal=0.26
12:36:20 [INFO] [MPC] state=(-0.51,-3.52,-0.04) wp0=(-0.46,-3.45) v=+0.067 ω=-0.085 ok=True iters=7
12:36:20 [INFO] [PROG] s*=5.07/5.39 (94.0%) dist_goal=0.25
12:36:20 [INFO] [MPC] state=(-0.51,-3.52,-0.05) wp0=(-0.45,-3.45) v=+0.065 ω=+0.100 ok=True iters=7
12:36:20 [INFO] [PROG] s*=5.07/5.39 (94.1%) dist_goal=0.25
12:36:20 [INFO] [MPC] state=(-0.50,-3.52,-0.04) wp0=(-0.44,-3.45) v=+0.063 ω=+0.068 ok=True iters=8
12:36:20 [INFO] [PROG] s*=5.08/5.39 (94.2%) dist_goal=0.24
12:36:20 [INFO] [MPC] state=(-0.49,-3.52,-0.03) wp0=(-0.44,-3.45) v=+0.062 ω=+0.046 ok=True iters=8
12:36:20 [INFO] [PROG] s*=5.09/5.39 (94.4%) dist_goal=0.24
12:36:20 [INFO] [MPC] state=(-0.49,-3.52,-0.03) wp0=(-0.43,-3.45) v=+0.060 ω=+0.030 ok=True iters=8
12:36:20 [INFO] [PROG] s*=5.09/5.39 (94.5%) dist_goal=0.23
12:36:20 [INFO] [MPC] state=(-0.48,-3.52,-0.03) wp0=(-0.43,-3.45) v=+0.059 ω=+0.018 ok=True iters=8
12:36:20 [INFO] [PROG] s*=5.10/5.39 (94.6%) dist_goal=0.22
12:36:20 [INFO] [MPC] state=(-0.48,-3.52,-0.02) wp0=(-0.42,-3.45) v=+0.057 ω=+0.010 ok=True iters=8
12:36:20 [INFO] [PROG] s*=5.10/5.39 (94.7%) dist_goal=0.22
12:36:20 [INFO] [MPC] state=(-0.47,-3.52,-0.02) wp0=(-0.42,-3.45) v=+0.056 ω=+0.005 ok=True iters=8
12:36:20 [INFO] [PROG] s*=5.11/5.39 (94.8%) dist_goal=0.21
12:36:20 [INFO] [MPC] state=(-0.47,-3.52,-0.02) wp0=(-0.41,-3.45) v=+0.055 ω=-0.260 ok=True iters=8
12:36:20 [INFO] [PROG] s*=5.11/5.39 (94.9%) dist_goal=0.21
12:36:20 [INFO] [MPC] state=(-0.46,-3.52,-0.05) wp0=(-0.41,-3.45) v=+0.053 ω=-0.491 ok=True iters=8
12:36:20 [INFO] [PROG] s*=5.12/5.39 (95.0%) dist_goal=0.20
12:36:20 [INFO] [MPC] state=(-0.46,-3.52,-0.10) wp0=(-0.40,-3.45) v=+0.052 ω=-0.629 ok=True iters=8
12:36:20 [INFO] [PROG] s*=5.12/5.39 (95.1%) dist_goal=0.20
12:36:20 [INFO] [MPC] state=(-0.45,-3.52,-0.17) wp0=(-0.39,-3.45) v=+0.051 ω=-0.800 ok=True iters=8
12:36:20 [INFO] [PROG] s*=5.13/5.39 (95.2%) dist_goal=0.19
12:36:20 [INFO] [MPC] state=(-0.44,-3.52,-0.25) wp0=(-0.39,-3.45) v=+0.049 ω=-0.863 ok=True iters=8
12:36:20 [INFO] [PROG] s*=5.13/5.39 (95.3%) dist_goal=0.19
12:36:20 [INFO] [MPC] state=(-0.44,-3.52,-0.34) wp0=(-0.38,-3.45) v=+0.048 ω=-0.800 ok=True iters=9
12:36:20 [INFO] [PROG] s*=5.14/5.39 (95.3%) dist_goal=0.18
12:36:20 [INFO] [MPC] state=(-0.43,-3.52,-0.42) wp0=(-0.38,-3.45) v=+0.047 ω=-0.630 ok=True iters=9
12:36:20 [INFO] [PROG] s*=5.14/5.39 (95.4%) dist_goal=0.18
12:36:20 [INFO] [MPC] state=(-0.43,-3.53,-0.48) wp0=(-0.38,-3.45) v=+0.045 ω=-0.428 ok=True iters=8
12:36:20 [INFO] [PROG] s*=5.15/5.39 (95.5%) dist_goal=0.17
12:36:20 [INFO] [MPC] state=(-0.43,-3.53,-0.53) wp0=(-0.37,-3.45) v=+0.044 ω=-0.377 ok=True iters=8
12:36:20 [INFO] [PROG] s*=5.15/5.39 (95.6%) dist_goal=0.17
12:36:20 [INFO] [MPC] state=(-0.42,-3.53,-0.57) wp0=(-0.37,-3.45) v=+0.043 ω=-0.334 ok=True iters=9
12:36:20 [INFO] [PROG] s*=5.15/5.39 (95.6%) dist_goal=0.17
12:36:20 [INFO] [MPC] state=(-0.42,-3.53,-0.60) wp0=(-0.36,-3.45) v=+0.042 ω=-0.243 ok=True iters=8
12:36:20 [INFO] [PROG] s*=5.16/5.39 (95.7%) dist_goal=0.16
12:36:20 [INFO] [MPC] state=(-0.41,-3.54,-0.62) wp0=(-0.36,-3.45) v=+0.041 ω=-0.175 ok=True iters=9
12:36:20 [INFO] [PROG] s*=5.16/5.39 (95.7%) dist_goal=0.16
12:36:20 [INFO] [MPC] state=(-0.41,-3.54,-0.64) wp0=(-0.36,-3.45) v=+0.040 ω=-0.123 ok=True iters=9
12:36:20 [INFO] [PROG] s*=5.16/5.39 (95.8%) dist_goal=0.15
12:36:20 [INFO] [MPC] state=(-0.41,-3.54,-0.65) wp0=(-0.35,-3.45) v=+0.040 ω=-0.088 ok=True iters=9
12:36:20 [INFO] [PROG] s*=5.17/5.39 (95.9%) dist_goal=0.15
12:36:20 [INFO] [MPC] state=(-0.40,-3.54,-0.66) wp0=(-0.35,-3.45) v=+0.039 ω=-0.064 ok=True iters=9
12:36:20 [INFO] [PROG] s*=5.17/5.39 (95.9%) dist_goal=0.15
12:36:20 [INFO] [MPC] state=(-0.40,-3.55,-0.67) wp0=(-0.35,-3.45) v=+0.038 ω=-0.044 ok=True iters=9
12:36:20 [INFO] [PROG] s*=5.17/5.39 (96.0%) dist_goal=0.15
12:36:20 [INFO] [MPC] state=(-0.40,-3.55,-0.67) wp0=(-0.35,-3.45) v=+0.037 ω=-0.026 ok=True iters=8
12:36:20 [INFO] [PROG] s*=5.18/5.39 (96.0%) dist_goal=0.14
12:36:20 [INFO] [MPC] state=(-0.40,-3.55,-0.68) wp0=(-0.35,-3.45) v=+0.036 ω=-0.018 ok=True iters=8
12:36:20 [INFO] [PROG] s*=5.27/5.39 (97.7%) dist_goal=0.14
12:36:20 [INFO] [MPC] state=(-0.39,-3.55,-0.68) wp0=(-0.28,-3.52) v=+0.036 ω=-0.013 ok=True iters=8
12:36:20 [INFO] [PROG] s*=5.27/5.39 (97.7%) dist_goal=0.14
12:36:20 [INFO] [MPC] state=(-0.39,-3.56,-0.68) wp0=(-0.28,-3.52) v=+0.030 ω=-0.039 ok=True iters=9
12:36:20 [INFO] [PROG] s*=5.27/5.39 (97.8%) dist_goal=0.14
12:36:20 [INFO] [MPC] state=(-0.39,-3.56,-0.68) wp0=(-0.28,-3.52) v=+0.030 ω=-0.026 ok=True iters=9
12:36:20 [INFO] [PROG] s*=5.27/5.39 (97.8%) dist_goal=0.13
12:36:20 [INFO] [MPC] state=(-0.39,-3.56,-0.69) wp0=(-0.28,-3.52) v=+0.030 ω=-0.016 ok=True iters=9
12:36:20 [INFO] [PROG] s*=5.28/5.39 (97.9%) dist_goal=0.13
12:36:20 [INFO] [MPC] state=(-0.38,-3.56,-0.69) wp0=(-0.27,-3.53) v=+0.030 ω=-0.010 ok=True iters=9
12:36:20 [INFO] [PROG] s*=5.28/5.39 (98.0%) dist_goal=0.13
12:36:20 [INFO] [MPC] state=(-0.38,-3.56,-0.69) wp0=(-0.27,-3.53) v=+0.030 ω=-0.006 ok=True iters=9
12:36:20 [INFO] [PROG] s*=5.28/5.39 (98.0%) dist_goal=0.13
12:36:20 [INFO] [MPC] state=(-0.38,-3.57,-0.69) wp0=(-0.27,-3.53) v=+0.030 ω=-0.004 ok=True iters=9
12:36:20 [ERROR] Error in step()
Traceback (most recent call last):
  File "/home/max/thesis_proj/pybullet2/crowdnav/env.py", line 707, in step
    theta_ref = _make_theta_ref(path_xy, self._theta_ref_prev, k_strong=3, alpha=0.25)
  File "/home/max/thesis_proj/pybullet2/crowdnav/env.py", line 95, in _make_theta_ref
    if theta_prev is not None and len(theta_prev) == len(ref):
UnboundLocalError: local variable 'ref' referenced before assignment
