20:46:26 [INFO] === New MPC Session Started ===
20:46:26 [DEBUG] matplotlib data path: /home/max/.local/lib/python3.10/site-packages/matplotlib/mpl-data
20:46:26 [DEBUG] CONFIGDIR=/home/max/.config/matplotlib
20:46:26 [DEBUG] interactive is False
20:46:26 [DEBUG] platform is linux
20:46:26 [DEBUG] CACHEDIR=/home/max/.cache/matplotlib
20:46:26 [DEBUG] Using fontManager instance from /home/max/.cache/matplotlib/fontlist-v390.json
20:46:26 [INFO] CrowdNavPyBulletEnv initializing...
20:46:31 [INFO] World ready | grid: (112, 112), res: 0.1, N=10, T=0.1
20:46:32 [INFO] [PROG] s*=0.00/9.61 (0.0%) dist_goal=9.16
20:46:32 [INFO] [MPC] state=(+1.23,+3.96,-2.19) wp0=(+1.17,+3.95) v=+0.200 ω=-2.400 ok=True iters=10
20:46:32 [INFO] [PROG] s*=0.00/9.61 (0.0%) dist_goal=9.15
20:46:32 [INFO] [MPC] state=(+1.23,+3.95,-2.27) wp0=(+1.17,+3.95) v=+0.200 ω=-2.400 ok=True iters=10
20:46:32 [INFO] [PROG] s*=0.01/9.61 (0.1%) dist_goal=9.15
20:46:32 [INFO] [MPC] state=(+1.22,+3.94,-2.39) wp0=(+1.16,+3.95) v=+0.200 ω=-1.910 ok=True iters=11
20:46:32 [INFO] [PROG] s*=0.02/9.61 (0.3%) dist_goal=9.13
20:46:32 [INFO] [MPC] state=(+1.21,+3.93,-2.49) wp0=(+1.15,+3.95) v=+0.200 ω=-0.593 ok=True iters=8
20:46:32 [INFO] [PROG] s*=0.11/9.61 (1.1%) dist_goal=9.12
20:46:32 [INFO] [MPC] state=(+1.20,+3.92,-2.53) wp0=(+1.15,+3.86) v=+0.200 ω=+0.717 ok=True iters=7
20:46:32 [INFO] [PROG] s*=0.12/9.61 (1.2%) dist_goal=9.11
20:46:32 [INFO] [MPC] state=(+1.18,+3.91,-2.49) wp0=(+1.15,+3.85) v=+0.200 ω=+1.076 ok=True iters=6
20:46:32 [INFO] [PROG] s*=0.13/9.61 (1.3%) dist_goal=9.10
20:46:32 [INFO] [MPC] state=(+1.17,+3.90,-2.43) wp0=(+1.15,+3.84) v=+0.200 ω=+1.104 ok=True iters=6
20:46:32 [INFO] [PROG] s*=0.14/9.61 (1.4%) dist_goal=9.09
20:46:32 [INFO] [MPC] state=(+1.16,+3.89,-2.37) wp0=(+1.15,+3.83) v=+0.200 ω=+1.944 ok=True iters=6
20:46:32 [INFO] [PROG] s*=0.15/9.61 (1.5%) dist_goal=9.08
20:46:32 [INFO] [MPC] state=(+1.15,+3.88,-2.27) wp0=(+1.15,+3.82) v=+0.200 ω=+1.938 ok=True iters=6
20:46:32 [INFO] [PROG] s*=0.16/9.61 (1.6%) dist_goal=9.07
20:46:32 [INFO] [MPC] state=(+1.14,+3.87,-2.16) wp0=(+1.15,+3.81) v=+0.200 ω=+1.700 ok=True iters=6
20:46:32 [INFO] [PROG] s*=0.17/9.61 (1.8%) dist_goal=9.05
20:46:32 [INFO] [MPC] state=(+1.14,+3.86,-2.07) wp0=(+1.15,+3.80) v=+0.200 ω=+1.474 ok=True iters=6
20:46:32 [INFO] [PROG] s*=0.18/9.61 (1.9%) dist_goal=9.04
20:46:32 [INFO] [MPC] state=(+1.13,+3.85,-1.99) wp0=(+1.15,+3.79) v=+0.200 ω=+1.508 ok=True iters=6
20:46:32 [INFO] [PROG] s*=0.20/9.61 (2.0%) dist_goal=9.03
20:46:32 [INFO] [MPC] state=(+1.12,+3.84,-1.91) wp0=(+1.15,+3.77) v=+0.200 ω=+1.934 ok=True iters=6
20:46:32 [INFO] [PROG] s*=0.21/9.61 (2.1%) dist_goal=9.02
20:46:32 [INFO] [MPC] state=(+1.12,+3.82,-1.81) wp0=(+1.15,+3.76) v=+0.200 ω=+2.050 ok=True iters=6
20:46:32 [INFO] [PROG] s*=0.22/9.61 (2.3%) dist_goal=9.00
20:46:32 [INFO] [MPC] state=(+1.12,+3.81,-1.70) wp0=(+1.15,+3.75) v=+0.200 ω=+1.614 ok=True iters=6
20:46:32 [INFO] [PROG] s*=0.23/9.61 (2.4%) dist_goal=8.99
20:46:32 [INFO] [MPC] state=(+1.12,+3.80,-1.61) wp0=(+1.15,+3.74) v=+0.200 ω=+1.932 ok=True iters=6
20:46:32 [INFO] [PROG] s*=0.24/9.61 (2.5%) dist_goal=8.98
20:46:32 [INFO] [MPC] state=(+1.12,+3.79,-1.52) wp0=(+1.15,+3.73) v=+0.200 ω=+1.264 ok=True iters=6
20:46:32 [INFO] [PROG] s*=0.26/9.61 (2.7%) dist_goal=8.96
20:46:32 [INFO] [MPC] state=(+1.12,+3.78,-1.45) wp0=(+1.15,+3.71) v=+0.200 ω=+0.168 ok=True iters=7
20:46:32 [INFO] [PROG] s*=0.28/9.61 (2.9%) dist_goal=8.94
20:46:32 [INFO] [MPC] state=(+1.12,+3.76,-1.44) wp0=(+1.15,+3.69) v=+0.200 ω=+0.077 ok=True iters=6
20:46:32 [INFO] [PROG] s*=0.30/9.61 (3.1%) dist_goal=8.92
20:46:32 [INFO] [MPC] state=(+1.12,+3.74,-1.43) wp0=(+1.15,+3.67) v=+0.200 ω=-0.692 ok=True iters=7
20:46:32 [INFO] [PROG] s*=0.32/9.61 (3.3%) dist_goal=8.90
20:46:32 [INFO] [MPC] state=(+1.13,+3.72,-1.47) wp0=(+1.15,+3.65) v=+0.200 ω=-0.412 ok=True iters=6
20:46:32 [INFO] [PROG] s*=0.34/9.61 (3.5%) dist_goal=8.88
20:46:32 [INFO] [MPC] state=(+1.13,+3.70,-1.49) wp0=(+1.15,+3.63) v=+0.200 ω=-0.416 ok=True iters=6
20:46:32 [INFO] [PROG] s*=0.36/9.61 (3.7%) dist_goal=8.87
20:46:32 [INFO] [MPC] state=(+1.13,+3.68,-1.52) wp0=(+1.15,+3.61) v=+0.200 ω=-0.407 ok=True iters=6
20:46:32 [INFO] [PROG] s*=0.38/9.61 (3.9%) dist_goal=8.85
20:46:32 [INFO] [MPC] state=(+1.13,+3.66,-1.55) wp0=(+1.15,+3.59) v=+0.200 ω=-0.785 ok=True iters=6
20:46:32 [INFO] [PROG] s*=0.39/9.61 (4.1%) dist_goal=8.83
20:46:32 [INFO] [MPC] state=(+1.13,+3.64,-1.60) wp0=(+1.15,+3.58) v=+0.200 ω=-0.709 ok=True iters=6
20:46:32 [INFO] [PROG] s*=0.41/9.61 (4.3%) dist_goal=8.81
20:46:32 [INFO] [MPC] state=(+1.13,+3.63,-1.64) wp0=(+1.15,+3.56) v=+0.200 ω=-0.383 ok=True iters=6
20:46:33 [INFO] [PROG] s*=0.43/9.61 (4.5%) dist_goal=8.79
20:46:33 [INFO] [MPC] state=(+1.13,+3.61,-1.67) wp0=(+1.15,+3.54) v=+0.200 ω=+0.412 ok=True iters=7
20:46:33 [INFO] [PROG] s*=0.45/9.61 (4.7%) dist_goal=8.77
20:46:33 [INFO] [MPC] state=(+1.13,+3.59,-1.65) wp0=(+1.15,+3.52) v=+0.200 ω=+0.416 ok=True iters=6
20:46:33 [INFO] [PROG] s*=0.47/9.61 (4.9%) dist_goal=8.76
20:46:33 [INFO] [MPC] state=(+1.12,+3.57,-1.62) wp0=(+1.15,+3.50) v=+0.200 ω=+0.411 ok=True iters=6
20:46:33 [INFO] [PROG] s*=0.49/9.61 (5.1%) dist_goal=8.74
20:46:33 [INFO] [MPC] state=(+1.12,+3.55,-1.60) wp0=(+1.15,+3.48) v=+0.200 ω=+0.392 ok=True iters=6
20:46:33 [INFO] [PROG] s*=0.50/9.61 (5.2%) dist_goal=8.72
20:46:33 [INFO] [MPC] state=(+1.12,+3.53,-1.58) wp0=(+1.15,+3.47) v=+0.200 ω=+0.776 ok=True iters=6
20:46:33 [INFO] [PROG] s*=0.52/9.61 (5.4%) dist_goal=8.70
20:46:33 [INFO] [MPC] state=(+1.12,+3.52,-1.54) wp0=(+1.15,+3.45) v=+0.200 ω=-0.237 ok=True iters=7
20:46:33 [INFO] [PROG] s*=0.54/9.61 (5.7%) dist_goal=8.68
20:46:33 [INFO] [MPC] state=(+1.12,+3.50,-1.55) wp0=(+1.15,+3.43) v=+0.200 ω=+0.030 ok=True iters=6
20:46:33 [INFO] [PROG] s*=0.56/9.61 (5.9%) dist_goal=8.66
20:46:33 [INFO] [MPC] state=(+1.12,+3.48,-1.55) wp0=(+1.15,+3.41) v=+0.200 ω=+0.015 ok=True iters=6
20:46:33 [INFO] [PROG] s*=0.58/9.61 (6.1%) dist_goal=8.64
20:46:33 [INFO] [MPC] state=(+1.12,+3.46,-1.55) wp0=(+1.15,+3.39) v=+0.200 ω=-0.001 ok=True iters=6
20:46:33 [INFO] [PROG] s*=0.60/9.61 (6.3%) dist_goal=8.62
20:46:33 [INFO] [MPC] state=(+1.13,+3.44,-1.55) wp0=(+1.15,+3.37) v=+0.200 ω=-0.015 ok=True iters=6
20:46:33 [INFO] [PROG] s*=0.62/9.61 (6.5%) dist_goal=8.60
20:46:33 [INFO] [MPC] state=(+1.13,+3.42,-1.55) wp0=(+1.15,+3.35) v=+0.200 ω=-0.026 ok=True iters=6
20:46:33 [INFO] [PROG] s*=0.64/9.61 (6.7%) dist_goal=8.58
20:46:33 [INFO] [MPC] state=(+1.13,+3.40,-1.55) wp0=(+1.15,+3.33) v=+0.200 ω=-0.034 ok=True iters=6
20:46:33 [INFO] [PROG] s*=0.67/9.61 (6.9%) dist_goal=8.56
20:46:33 [INFO] [MPC] state=(+1.13,+3.38,-1.55) wp0=(+1.15,+3.30) v=+0.200 ω=-0.040 ok=True iters=6
20:46:33 [INFO] [PROG] s*=0.69/9.61 (7.1%) dist_goal=8.54
20:46:33 [INFO] [MPC] state=(+1.13,+3.35,-1.56) wp0=(+1.15,+3.28) v=+0.200 ω=-0.042 ok=True iters=6
20:46:33 [INFO] [PROG] s*=0.70/9.61 (7.3%) dist_goal=8.52
20:46:33 [INFO] [MPC] state=(+1.13,+3.33,-1.56) wp0=(+1.15,+3.27) v=+0.200 ω=-0.710 ok=True iters=7
20:46:33 [INFO] [PROG] s*=0.72/9.61 (7.5%) dist_goal=8.50
20:46:33 [INFO] [MPC] state=(+1.13,+3.32,-1.60) wp0=(+1.15,+3.25) v=+0.200 ω=+0.308 ok=True iters=7
20:46:33 [INFO] [PROG] s*=0.74/9.61 (7.7%) dist_goal=8.48
20:46:33 [INFO] [MPC] state=(+1.13,+3.30,-1.59) wp0=(+1.15,+3.23) v=+0.200 ω=+0.026 ok=True iters=6
20:46:33 [INFO] [PROG] s*=0.76/9.61 (7.9%) dist_goal=8.46
20:46:33 [INFO] [MPC] state=(+1.13,+3.28,-1.58) wp0=(+1.15,+3.21) v=+0.200 ω=+0.028 ok=True iters=6
20:46:33 [INFO] [PROG] s*=0.78/9.61 (8.1%) dist_goal=8.44
20:46:33 [INFO] [MPC] state=(+1.13,+3.26,-1.58) wp0=(+1.15,+3.19) v=+0.200 ω=+0.029 ok=True iters=6
20:46:33 [INFO] [PROG] s*=0.80/9.61 (8.4%) dist_goal=8.42
20:46:33 [INFO] [MPC] state=(+1.13,+3.24,-1.58) wp0=(+1.15,+3.17) v=+0.200 ω=+0.028 ok=True iters=6
20:46:33 [INFO] [PROG] s*=0.82/9.61 (8.6%) dist_goal=8.40
20:46:33 [INFO] [MPC] state=(+1.13,+3.22,-1.57) wp0=(+1.15,+3.15) v=+0.200 ω=+0.026 ok=True iters=6
20:46:33 [INFO] [PROG] s*=0.84/9.61 (8.8%) dist_goal=8.38
20:46:33 [INFO] [MPC] state=(+1.13,+3.20,-1.57) wp0=(+1.15,+3.13) v=+0.200 ω=+0.023 ok=True iters=6
20:46:33 [INFO] [PROG] s*=0.86/9.61 (9.0%) dist_goal=8.36
20:46:33 [INFO] [MPC] state=(+1.13,+3.18,-1.57) wp0=(+1.15,+3.11) v=+0.200 ω=+0.019 ok=True iters=6
20:46:33 [INFO] [PROG] s*=0.88/9.61 (9.2%) dist_goal=8.34
20:46:33 [INFO] [MPC] state=(+1.13,+3.16,-1.57) wp0=(+1.15,+3.09) v=+0.200 ω=+0.014 ok=True iters=6
20:46:33 [INFO] [PROG] s*=0.90/9.61 (9.4%) dist_goal=8.32
20:46:33 [INFO] [MPC] state=(+1.13,+3.14,-1.57) wp0=(+1.15,+3.07) v=+0.200 ω=+0.009 ok=True iters=6
20:46:33 [INFO] [PROG] s*=0.92/9.61 (9.6%) dist_goal=8.30
20:46:33 [INFO] [MPC] state=(+1.13,+3.12,-1.57) wp0=(+1.15,+3.05) v=+0.200 ω=+0.005 ok=True iters=6
20:46:33 [INFO] [PROG] s*=0.95/9.61 (9.8%) dist_goal=8.28
20:46:33 [INFO] [MPC] state=(+1.13,+3.10,-1.57) wp0=(+1.15,+3.02) v=+0.200 ω=+0.001 ok=True iters=6
20:46:33 [INFO] [PROG] s*=0.97/9.61 (10.0%) dist_goal=8.26
20:46:33 [INFO] [MPC] state=(+1.13,+3.07,-1.56) wp0=(+1.15,+3.00) v=+0.200 ω=-0.003 ok=True iters=6
20:46:33 [INFO] [PROG] s*=0.99/9.61 (10.3%) dist_goal=8.24
20:46:33 [INFO] [MPC] state=(+1.13,+3.05,-1.56) wp0=(+1.15,+2.98) v=+0.200 ω=-0.006 ok=True iters=6
20:46:33 [INFO] [PROG] s*=1.01/9.61 (10.5%) dist_goal=8.22
20:46:33 [INFO] [MPC] state=(+1.13,+3.03,-1.57) wp0=(+1.15,+2.96) v=+0.200 ω=-0.009 ok=True iters=6
20:46:33 [INFO] [PROG] s*=1.03/9.61 (10.7%) dist_goal=8.20
20:46:33 [INFO] [MPC] state=(+1.13,+3.01,-1.57) wp0=(+1.15,+2.94) v=+0.200 ω=-0.011 ok=True iters=6
20:46:33 [INFO] [PROG] s*=1.05/9.61 (10.9%) dist_goal=8.18
20:46:33 [INFO] [MPC] state=(+1.13,+2.99,-1.57) wp0=(+1.15,+2.92) v=+0.200 ω=-0.012 ok=True iters=6
20:46:33 [INFO] [PROG] s*=1.07/9.61 (11.1%) dist_goal=8.16
20:46:33 [INFO] [MPC] state=(+1.13,+2.97,-1.57) wp0=(+1.15,+2.90) v=+0.200 ω=-0.013 ok=True iters=6
20:46:33 [INFO] [PROG] s*=1.09/9.61 (11.3%) dist_goal=8.14
20:46:33 [INFO] [MPC] state=(+1.13,+2.95,-1.57) wp0=(+1.15,+2.88) v=+0.200 ω=-0.013 ok=True iters=6
20:46:33 [INFO] [PROG] s*=1.11/9.61 (11.5%) dist_goal=8.12
20:46:33 [INFO] [MPC] state=(+1.13,+2.93,-1.57) wp0=(+1.15,+2.86) v=+0.200 ω=-0.012 ok=True iters=6
20:46:33 [INFO] [PROG] s*=1.13/9.61 (11.7%) dist_goal=8.10
20:46:33 [INFO] [MPC] state=(+1.13,+2.91,-1.57) wp0=(+1.15,+2.84) v=+0.200 ω=-0.011 ok=True iters=6
20:46:33 [INFO] [PROG] s*=1.15/9.61 (11.9%) dist_goal=8.08
20:46:33 [INFO] [MPC] state=(+1.13,+2.89,-1.57) wp0=(+1.15,+2.82) v=+0.200 ω=-0.010 ok=True iters=6
20:46:33 [INFO] [PROG] s*=1.17/9.61 (12.2%) dist_goal=8.06
20:46:33 [INFO] [MPC] state=(+1.13,+2.87,-1.57) wp0=(+1.15,+2.80) v=+0.200 ω=-0.008 ok=True iters=6
20:46:33 [INFO] [PROG] s*=1.19/9.61 (12.4%) dist_goal=8.04
20:46:33 [INFO] [MPC] state=(+1.13,+2.85,-1.57) wp0=(+1.15,+2.78) v=+0.200 ω=-0.007 ok=True iters=6
20:46:33 [INFO] [PROG] s*=1.21/9.61 (12.6%) dist_goal=8.02
20:46:33 [INFO] [MPC] state=(+1.13,+2.83,-1.57) wp0=(+1.15,+2.76) v=+0.200 ω=-0.005 ok=True iters=6
20:46:33 [INFO] [PROG] s*=1.23/9.61 (12.8%) dist_goal=8.00
20:46:33 [INFO] [MPC] state=(+1.13,+2.81,-1.57) wp0=(+1.15,+2.74) v=+0.200 ω=-0.004 ok=True iters=6
20:46:33 [INFO] [PROG] s*=1.25/9.61 (13.0%) dist_goal=7.98
20:46:33 [INFO] [MPC] state=(+1.13,+2.79,-1.57) wp0=(+1.15,+2.72) v=+0.200 ω=-0.003 ok=True iters=6
20:46:33 [INFO] [PROG] s*=1.27/9.61 (13.2%) dist_goal=7.96
20:46:33 [INFO] [MPC] state=(+1.13,+2.77,-1.57) wp0=(+1.15,+2.70) v=+0.200 ω=-0.001 ok=True iters=6
20:46:33 [INFO] [PROG] s*=1.29/9.61 (13.4%) dist_goal=7.94
20:46:33 [INFO] [MPC] state=(+1.13,+2.75,-1.57) wp0=(+1.15,+2.68) v=+0.200 ω=-0.000 ok=True iters=6
20:46:33 [INFO] [PROG] s*=1.31/9.61 (13.6%) dist_goal=7.92
20:46:33 [INFO] [MPC] state=(+1.13,+2.73,-1.57) wp0=(+1.15,+2.66) v=+0.200 ω=+0.001 ok=True iters=6
20:46:33 [INFO] [PROG] s*=1.33/9.61 (13.8%) dist_goal=7.90
20:46:33 [INFO] [MPC] state=(+1.13,+2.71,-1.57) wp0=(+1.15,+2.64) v=+0.200 ω=+0.001 ok=True iters=6
20:46:33 [INFO] [PROG] s*=1.35/9.61 (14.1%) dist_goal=7.88
20:46:33 [INFO] [MPC] state=(+1.13,+2.69,-1.57) wp0=(+1.15,+2.62) v=+0.200 ω=+0.001 ok=True iters=6
20:46:33 [INFO] [PROG] s*=1.37/9.61 (14.3%) dist_goal=7.86
20:46:33 [INFO] [MPC] state=(+1.13,+2.67,-1.57) wp0=(+1.15,+2.60) v=+0.200 ω=+0.001 ok=True iters=6
20:46:33 [INFO] [PROG] s*=1.39/9.61 (14.5%) dist_goal=7.84
20:46:33 [INFO] [MPC] state=(+1.13,+2.65,-1.57) wp0=(+1.15,+2.58) v=+0.200 ω=+0.001 ok=True iters=6
20:46:33 [INFO] [PROG] s*=1.41/9.61 (14.7%) dist_goal=7.82
20:46:33 [INFO] [MPC] state=(+1.13,+2.63,-1.57) wp0=(+1.15,+2.56) v=+0.200 ω=+0.000 ok=True iters=6
20:46:33 [INFO] [PROG] s*=1.43/9.61 (14.9%) dist_goal=7.80
20:46:33 [INFO] [MPC] state=(+1.13,+2.61,-1.57) wp0=(+1.15,+2.54) v=+0.200 ω=-0.000 ok=True iters=6
20:46:33 [INFO] [PROG] s*=1.45/9.61 (15.1%) dist_goal=7.78
20:46:33 [INFO] [MPC] state=(+1.13,+2.59,-1.57) wp0=(+1.15,+2.52) v=+0.200 ω=-0.000 ok=True iters=6
20:46:33 [INFO] [PROG] s*=1.47/9.61 (15.3%) dist_goal=7.76
20:46:33 [INFO] [MPC] state=(+1.13,+2.57,-1.57) wp0=(+1.15,+2.50) v=+0.200 ω=-0.001 ok=True iters=6
20:46:33 [INFO] [PROG] s*=1.49/9.61 (15.5%) dist_goal=7.74
20:46:33 [INFO] [MPC] state=(+1.13,+2.55,-1.57) wp0=(+1.15,+2.48) v=+0.200 ω=-0.002 ok=True iters=6
20:46:33 [INFO] [PROG] s*=1.51/9.61 (15.7%) dist_goal=7.72
20:46:33 [INFO] [MPC] state=(+1.13,+2.53,-1.57) wp0=(+1.15,+2.46) v=+0.200 ω=-0.002 ok=True iters=6
20:46:33 [INFO] [PROG] s*=1.53/9.61 (15.9%) dist_goal=7.70
20:46:33 [INFO] [MPC] state=(+1.13,+2.51,-1.57) wp0=(+1.15,+2.44) v=+0.200 ω=-0.003 ok=True iters=6
20:46:33 [INFO] [PROG] s*=1.55/9.61 (16.2%) dist_goal=7.68
20:46:33 [INFO] [MPC] state=(+1.13,+2.49,-1.57) wp0=(+1.15,+2.42) v=+0.200 ω=-0.003 ok=True iters=6
20:46:33 [INFO] [PROG] s*=1.57/9.61 (16.4%) dist_goal=7.66
20:46:33 [INFO] [MPC] state=(+1.13,+2.47,-1.57) wp0=(+1.15,+2.40) v=+0.200 ω=-0.003 ok=True iters=6
20:46:33 [INFO] [PROG] s*=1.59/9.61 (16.6%) dist_goal=7.64
20:46:33 [INFO] [MPC] state=(+1.13,+2.45,-1.57) wp0=(+1.15,+2.38) v=+0.200 ω=-0.004 ok=True iters=6
20:46:33 [INFO] [PROG] s*=1.61/9.61 (16.8%) dist_goal=7.62
20:46:33 [INFO] [MPC] state=(+1.13,+2.43,-1.57) wp0=(+1.15,+2.36) v=+0.200 ω=-0.004 ok=True iters=6
20:46:33 [INFO] [PROG] s*=1.63/9.61 (17.0%) dist_goal=7.60
20:46:33 [INFO] [MPC] state=(+1.13,+2.41,-1.57) wp0=(+1.15,+2.34) v=+0.200 ω=-0.004 ok=True iters=6
20:46:33 [INFO] [PROG] s*=1.65/9.61 (17.2%) dist_goal=7.58
20:46:33 [INFO] [MPC] state=(+1.13,+2.39,-1.57) wp0=(+1.15,+2.32) v=+0.200 ω=+0.034 ok=True iters=8
20:46:33 [INFO] [PROG] s*=1.68/9.61 (17.4%) dist_goal=7.56
20:46:33 [INFO] [MPC] state=(+1.13,+2.37,-1.57) wp0=(+1.15,+2.29) v=+0.200 ω=-0.011 ok=True iters=6
20:46:33 [INFO] [PROG] s*=1.70/9.61 (17.6%) dist_goal=7.54
20:46:33 [INFO] [MPC] state=(+1.13,+2.34,-1.57) wp0=(+1.15,+2.27) v=+0.200 ω=-0.011 ok=True iters=6
20:46:33 [INFO] [PROG] s*=1.72/9.61 (17.8%) dist_goal=7.52
20:46:33 [INFO] [MPC] state=(+1.13,+2.32,-1.57) wp0=(+1.15,+2.25) v=+0.200 ω=-0.011 ok=True iters=6
20:46:33 [INFO] [PROG] s*=1.74/9.61 (18.1%) dist_goal=7.50
20:46:33 [INFO] [MPC] state=(+1.13,+2.30,-1.57) wp0=(+1.15,+2.23) v=+0.200 ω=-0.010 ok=True iters=6
20:46:33 [INFO] [PROG] s*=1.76/9.61 (18.3%) dist_goal=7.48
20:46:33 [INFO] [MPC] state=(+1.13,+2.28,-1.57) wp0=(+1.15,+2.21) v=+0.200 ω=-0.009 ok=True iters=6
20:46:33 [INFO] [PROG] s*=1.78/9.61 (18.5%) dist_goal=7.46
20:46:33 [INFO] [MPC] state=(+1.13,+2.26,-1.57) wp0=(+1.15,+2.19) v=+0.200 ω=-0.008 ok=True iters=6
20:46:33 [INFO] [PROG] s*=1.80/9.61 (18.7%) dist_goal=7.44
20:46:33 [INFO] [MPC] state=(+1.13,+2.24,-1.57) wp0=(+1.15,+2.17) v=+0.200 ω=-0.007 ok=True iters=6
20:46:33 [INFO] [PROG] s*=1.82/9.61 (18.9%) dist_goal=7.42
20:46:33 [INFO] [MPC] state=(+1.13,+2.22,-1.57) wp0=(+1.15,+2.15) v=+0.200 ω=-0.005 ok=True iters=6
20:46:33 [INFO] [PROG] s*=1.84/9.61 (19.1%) dist_goal=7.40
20:46:33 [INFO] [MPC] state=(+1.13,+2.20,-1.57) wp0=(+1.15,+2.13) v=+0.200 ω=-0.004 ok=True iters=6
20:46:33 [INFO] [PROG] s*=1.86/9.61 (19.3%) dist_goal=7.38
20:46:33 [INFO] [MPC] state=(+1.13,+2.18,-1.57) wp0=(+1.15,+2.11) v=+0.200 ω=-0.003 ok=True iters=6
20:46:33 [INFO] [PROG] s*=1.88/9.61 (19.5%) dist_goal=7.36
20:46:33 [INFO] [MPC] state=(+1.13,+2.16,-1.57) wp0=(+1.15,+2.09) v=+0.200 ω=-0.002 ok=True iters=6
20:46:33 [INFO] [PROG] s*=1.90/9.61 (19.7%) dist_goal=7.34
20:46:33 [INFO] [MPC] state=(+1.13,+2.14,-1.57) wp0=(+1.15,+2.07) v=+0.200 ω=-0.001 ok=True iters=6
20:46:33 [INFO] [PROG] s*=1.92/9.61 (20.0%) dist_goal=7.32
20:46:33 [INFO] [MPC] state=(+1.13,+2.12,-1.57) wp0=(+1.15,+2.05) v=+0.200 ω=-0.000 ok=True iters=6
20:46:33 [INFO] [PROG] s*=1.94/9.61 (20.2%) dist_goal=7.30
20:46:33 [INFO] [MPC] state=(+1.13,+2.10,-1.57) wp0=(+1.15,+2.03) v=+0.200 ω=-0.000 ok=True iters=6
20:46:33 [INFO] [PROG] s*=1.96/9.61 (20.4%) dist_goal=7.28
20:46:33 [INFO] [MPC] state=(+1.13,+2.08,-1.57) wp0=(+1.15,+2.01) v=+0.200 ω=-0.000 ok=True iters=6
20:46:33 [INFO] [PROG] s*=1.98/9.61 (20.6%) dist_goal=7.26
20:46:33 [INFO] [MPC] state=(+1.13,+2.06,-1.57) wp0=(+1.15,+1.99) v=+0.200 ω=+0.000 ok=True iters=6
20:46:33 [INFO] [PROG] s*=2.00/9.61 (20.8%) dist_goal=7.24
20:46:33 [INFO] [MPC] state=(+1.13,+2.04,-1.57) wp0=(+1.15,+1.97) v=+0.200 ω=-0.000 ok=True iters=6
20:46:33 [INFO] [PROG] s*=2.02/9.61 (21.0%) dist_goal=7.22
20:46:33 [INFO] [MPC] state=(+1.13,+2.02,-1.57) wp0=(+1.15,+1.95) v=+0.200 ω=-0.000 ok=True iters=6
20:46:33 [INFO] [PROG] s*=2.04/9.61 (21.2%) dist_goal=7.20
20:46:33 [INFO] [MPC] state=(+1.13,+2.00,-1.57) wp0=(+1.15,+1.93) v=+0.200 ω=-0.000 ok=True iters=6
20:46:33 [INFO] [PROG] s*=2.06/9.61 (21.4%) dist_goal=7.18
20:46:33 [INFO] [MPC] state=(+1.13,+1.98,-1.57) wp0=(+1.15,+1.91) v=+0.200 ω=-0.001 ok=True iters=6
20:46:33 [INFO] [PROG] s*=2.08/9.61 (21.6%) dist_goal=7.16
20:46:33 [INFO] [MPC] state=(+1.13,+1.96,-1.57) wp0=(+1.15,+1.89) v=+0.200 ω=-0.001 ok=True iters=6
20:46:33 [INFO] [PROG] s*=2.10/9.61 (21.9%) dist_goal=7.14
20:46:33 [INFO] [MPC] state=(+1.13,+1.94,-1.57) wp0=(+1.15,+1.87) v=+0.200 ω=-0.001 ok=True iters=6
20:46:33 [INFO] [PROG] s*=2.12/9.61 (22.1%) dist_goal=7.12
20:46:33 [INFO] [MPC] state=(+1.13,+1.92,-1.57) wp0=(+1.15,+1.85) v=+0.200 ω=-0.002 ok=True iters=6
20:46:33 [INFO] [PROG] s*=2.14/9.61 (22.3%) dist_goal=7.10
20:46:33 [INFO] [MPC] state=(+1.13,+1.90,-1.57) wp0=(+1.15,+1.83) v=+0.200 ω=-0.002 ok=True iters=6
20:46:33 [INFO] [PROG] s*=2.16/9.61 (22.5%) dist_goal=7.08
20:46:33 [INFO] [MPC] state=(+1.13,+1.88,-1.57) wp0=(+1.15,+1.81) v=+0.200 ω=-0.002 ok=True iters=6
20:46:33 [INFO] [PROG] s*=2.18/9.61 (22.7%) dist_goal=7.06
20:46:33 [INFO] [MPC] state=(+1.13,+1.86,-1.57) wp0=(+1.15,+1.79) v=+0.200 ω=-0.002 ok=True iters=6
20:46:33 [INFO] [PROG] s*=2.20/9.61 (22.9%) dist_goal=7.04
20:46:33 [INFO] [MPC] state=(+1.13,+1.84,-1.57) wp0=(+1.15,+1.77) v=+0.200 ω=-0.002 ok=True iters=6
20:46:33 [INFO] [PROG] s*=2.22/9.61 (23.1%) dist_goal=7.02
20:46:33 [INFO] [MPC] state=(+1.13,+1.82,-1.57) wp0=(+1.15,+1.75) v=+0.200 ω=-0.002 ok=True iters=6
20:46:33 [INFO] [PROG] s*=2.24/9.61 (23.3%) dist_goal=7.00
20:46:33 [INFO] [MPC] state=(+1.13,+1.80,-1.57) wp0=(+1.15,+1.73) v=+0.200 ω=-0.002 ok=True iters=6
20:46:33 [INFO] [PROG] s*=2.26/9.61 (23.5%) dist_goal=6.98
20:46:33 [INFO] [MPC] state=(+1.13,+1.78,-1.57) wp0=(+1.15,+1.71) v=+0.200 ω=-0.002 ok=True iters=6
20:46:33 [INFO] [PROG] s*=2.28/9.61 (23.8%) dist_goal=6.96
20:46:33 [INFO] [MPC] state=(+1.13,+1.76,-1.57) wp0=(+1.15,+1.69) v=+0.200 ω=-0.002 ok=True iters=6
20:46:33 [INFO] [PROG] s*=2.30/9.61 (24.0%) dist_goal=6.94
20:46:33 [INFO] [MPC] state=(+1.13,+1.74,-1.57) wp0=(+1.15,+1.67) v=+0.200 ω=-0.002 ok=True iters=6
20:46:33 [INFO] [PROG] s*=2.32/9.61 (24.2%) dist_goal=6.92
20:46:33 [INFO] [MPC] state=(+1.13,+1.72,-1.57) wp0=(+1.15,+1.65) v=+0.200 ω=-0.001 ok=True iters=6
20:46:33 [INFO] [PROG] s*=2.34/9.61 (24.4%) dist_goal=6.89
20:46:33 [INFO] [MPC] state=(+1.13,+1.70,-1.57) wp0=(+1.15,+1.63) v=+0.200 ω=-0.001 ok=True iters=6
20:46:33 [INFO] [PROG] s*=2.36/9.61 (24.6%) dist_goal=6.87
20:46:33 [INFO] [MPC] state=(+1.13,+1.68,-1.57) wp0=(+1.15,+1.61) v=+0.200 ω=-0.001 ok=True iters=6
20:46:33 [INFO] [PROG] s*=2.39/9.61 (24.8%) dist_goal=6.85
20:46:33 [INFO] [MPC] state=(+1.13,+1.66,-1.57) wp0=(+1.15,+1.58) v=+0.200 ω=-0.001 ok=True iters=6
20:46:33 [INFO] [PROG] s*=2.41/9.61 (25.0%) dist_goal=6.83
20:46:33 [INFO] [MPC] state=(+1.13,+1.63,-1.57) wp0=(+1.15,+1.56) v=+0.200 ω=-0.001 ok=True iters=6
20:46:33 [INFO] [PROG] s*=2.43/9.61 (25.2%) dist_goal=6.81
20:46:33 [INFO] [MPC] state=(+1.13,+1.61,-1.57) wp0=(+1.15,+1.54) v=+0.200 ω=-0.001 ok=True iters=6
20:46:33 [INFO] [PROG] s*=2.45/9.61 (25.4%) dist_goal=6.79
20:46:33 [INFO] [MPC] state=(+1.13,+1.59,-1.57) wp0=(+1.15,+1.52) v=+0.200 ω=-0.001 ok=True iters=6
20:46:33 [INFO] [PROG] s*=2.47/9.61 (25.7%) dist_goal=6.77
20:46:33 [INFO] [MPC] state=(+1.13,+1.57,-1.57) wp0=(+1.15,+1.50) v=+0.200 ω=-0.001 ok=True iters=6
20:46:33 [INFO] [PROG] s*=2.49/9.61 (25.9%) dist_goal=6.75
20:46:33 [INFO] [MPC] state=(+1.13,+1.55,-1.57) wp0=(+1.15,+1.48) v=+0.200 ω=-0.002 ok=True iters=6
20:46:33 [INFO] [PROG] s*=2.51/9.61 (26.1%) dist_goal=6.73
20:46:33 [INFO] [MPC] state=(+1.13,+1.53,-1.57) wp0=(+1.15,+1.46) v=+0.200 ω=-0.001 ok=True iters=6
20:46:33 [INFO] [PROG] s*=2.53/9.61 (26.3%) dist_goal=6.71
20:46:33 [INFO] [MPC] state=(+1.13,+1.51,-1.57) wp0=(+1.15,+1.44) v=+0.200 ω=-0.002 ok=True iters=6
20:46:33 [INFO] [PROG] s*=2.55/9.61 (26.5%) dist_goal=6.69
20:46:33 [INFO] [MPC] state=(+1.13,+1.49,-1.57) wp0=(+1.15,+1.42) v=+0.200 ω=-0.002 ok=True iters=6
20:46:33 [INFO] [PROG] s*=2.57/9.61 (26.7%) dist_goal=6.67
20:46:33 [INFO] [MPC] state=(+1.13,+1.47,-1.57) wp0=(+1.15,+1.40) v=+0.200 ω=-0.002 ok=True iters=6
20:46:33 [INFO] [PROG] s*=2.59/9.61 (26.9%) dist_goal=6.65
20:46:33 [INFO] [MPC] state=(+1.13,+1.45,-1.57) wp0=(+1.15,+1.38) v=+0.200 ω=-0.002 ok=True iters=6
20:46:33 [INFO] [PROG] s*=2.61/9.61 (27.1%) dist_goal=6.63
20:46:33 [INFO] [MPC] state=(+1.13,+1.43,-1.57) wp0=(+1.15,+1.36) v=+0.200 ω=-0.002 ok=True iters=6
20:46:33 [INFO] [PROG] s*=2.63/9.61 (27.3%) dist_goal=6.61
20:46:33 [INFO] [MPC] state=(+1.13,+1.41,-1.57) wp0=(+1.15,+1.34) v=+0.200 ω=-0.002 ok=True iters=6
20:46:33 [INFO] [PROG] s*=2.65/9.61 (27.5%) dist_goal=6.59
20:46:33 [INFO] [MPC] state=(+1.13,+1.39,-1.57) wp0=(+1.15,+1.32) v=+0.200 ω=-0.002 ok=True iters=6
20:46:33 [INFO] [PROG] s*=2.67/9.61 (27.8%) dist_goal=6.57
20:46:33 [INFO] [MPC] state=(+1.13,+1.37,-1.57) wp0=(+1.15,+1.30) v=+0.200 ω=-0.002 ok=True iters=6
20:46:33 [INFO] [PROG] s*=2.69/9.61 (28.0%) dist_goal=6.55
20:46:33 [INFO] [MPC] state=(+1.13,+1.35,-1.57) wp0=(+1.15,+1.28) v=+0.200 ω=-0.002 ok=True iters=6
20:46:33 [INFO] [PROG] s*=2.71/9.61 (28.2%) dist_goal=6.53
20:46:33 [INFO] [MPC] state=(+1.13,+1.33,-1.57) wp0=(+1.15,+1.26) v=+0.200 ω=-0.002 ok=True iters=6
20:46:33 [INFO] [PROG] s*=2.73/9.61 (28.4%) dist_goal=6.51
20:46:33 [INFO] [MPC] state=(+1.13,+1.31,-1.57) wp0=(+1.15,+1.24) v=+0.200 ω=-0.002 ok=True iters=6
20:46:33 [INFO] [PROG] s*=2.75/9.61 (28.6%) dist_goal=6.49
20:46:33 [INFO] [MPC] state=(+1.13,+1.29,-1.57) wp0=(+1.15,+1.22) v=+0.200 ω=-0.002 ok=True iters=6
20:46:33 [INFO] [PROG] s*=2.77/9.61 (28.8%) dist_goal=6.47
20:46:33 [INFO] [MPC] state=(+1.13,+1.27,-1.57) wp0=(+1.15,+1.20) v=+0.200 ω=-0.003 ok=True iters=6
20:46:33 [INFO] [PROG] s*=2.79/9.61 (29.0%) dist_goal=6.45
20:46:33 [INFO] [MPC] state=(+1.13,+1.25,-1.57) wp0=(+1.15,+1.18) v=+0.200 ω=-0.002 ok=True iters=6
20:46:33 [INFO] [PROG] s*=2.81/9.61 (29.2%) dist_goal=6.43
20:46:33 [INFO] [MPC] state=(+1.13,+1.23,-1.57) wp0=(+1.15,+1.16) v=+0.200 ω=-0.002 ok=True iters=6
20:46:33 [INFO] [PROG] s*=2.83/9.61 (29.4%) dist_goal=6.41
20:46:33 [INFO] [MPC] state=(+1.13,+1.21,-1.57) wp0=(+1.15,+1.14) v=+0.200 ω=-0.003 ok=True iters=6
20:46:33 [INFO] [PROG] s*=2.85/9.61 (29.7%) dist_goal=6.39
20:46:33 [INFO] [MPC] state=(+1.13,+1.19,-1.57) wp0=(+1.15,+1.12) v=+0.200 ω=-0.002 ok=True iters=6
20:46:33 [INFO] [PROG] s*=2.87/9.61 (29.9%) dist_goal=6.37
20:46:33 [INFO] [MPC] state=(+1.13,+1.17,-1.57) wp0=(+1.15,+1.10) v=+0.200 ω=-0.002 ok=True iters=6
20:46:33 [INFO] [PROG] s*=2.89/9.61 (30.1%) dist_goal=6.35
20:46:33 [INFO] [MPC] state=(+1.13,+1.15,-1.57) wp0=(+1.15,+1.08) v=+0.200 ω=-0.003 ok=True iters=6
20:46:33 [INFO] [PROG] s*=2.91/9.61 (30.3%) dist_goal=6.33
20:46:33 [INFO] [MPC] state=(+1.13,+1.13,-1.57) wp0=(+1.15,+1.06) v=+0.200 ω=-0.002 ok=True iters=6
20:46:33 [INFO] [PROG] s*=2.93/9.61 (30.5%) dist_goal=6.31
20:46:33 [INFO] [MPC] state=(+1.13,+1.11,-1.57) wp0=(+1.15,+1.04) v=+0.200 ω=-0.003 ok=True iters=6
20:46:33 [INFO] [PROG] s*=2.95/9.61 (30.7%) dist_goal=6.29
20:46:33 [INFO] [MPC] state=(+1.13,+1.09,-1.57) wp0=(+1.15,+1.02) v=+0.200 ω=-0.003 ok=True iters=6
20:46:33 [INFO] [PROG] s*=2.97/9.61 (30.9%) dist_goal=6.27
20:46:33 [INFO] [MPC] state=(+1.13,+1.07,-1.57) wp0=(+1.15,+1.00) v=+0.200 ω=-0.002 ok=True iters=6
20:46:33 [INFO] [PROG] s*=2.99/9.61 (31.1%) dist_goal=6.25
20:46:33 [INFO] [MPC] state=(+1.13,+1.05,-1.57) wp0=(+1.15,+0.98) v=+0.200 ω=-0.003 ok=True iters=6
20:46:33 [INFO] [PROG] s*=3.01/9.61 (31.3%) dist_goal=6.23
20:46:33 [INFO] [MPC] state=(+1.13,+1.03,-1.57) wp0=(+1.15,+0.96) v=+0.200 ω=-0.003 ok=True iters=6
20:46:33 [INFO] [PROG] s*=3.03/9.61 (31.6%) dist_goal=6.21
20:46:33 [INFO] [MPC] state=(+1.13,+1.01,-1.57) wp0=(+1.15,+0.94) v=+0.200 ω=-0.003 ok=True iters=6
20:46:33 [INFO] [PROG] s*=3.05/9.61 (31.8%) dist_goal=6.19
20:46:33 [INFO] [MPC] state=(+1.13,+0.99,-1.57) wp0=(+1.15,+0.92) v=+0.200 ω=-0.003 ok=True iters=6
20:46:33 [INFO] [PROG] s*=3.07/9.61 (32.0%) dist_goal=6.17
20:46:33 [INFO] [MPC] state=(+1.13,+0.97,-1.57) wp0=(+1.15,+0.90) v=+0.200 ω=-0.003 ok=True iters=6
20:46:33 [INFO] [PROG] s*=3.09/9.61 (32.2%) dist_goal=6.15
20:46:33 [INFO] [MPC] state=(+1.13,+0.95,-1.57) wp0=(+1.15,+0.88) v=+0.200 ω=-0.003 ok=True iters=6
20:46:33 [INFO] [PROG] s*=3.12/9.61 (32.4%) dist_goal=6.13
20:46:33 [INFO] [MPC] state=(+1.13,+0.93,-1.57) wp0=(+1.15,+0.85) v=+0.200 ω=-0.003 ok=True iters=6
20:46:33 [INFO] [PROG] s*=3.14/9.61 (32.6%) dist_goal=6.11
20:46:33 [INFO] [MPC] state=(+1.13,+0.90,-1.57) wp0=(+1.15,+0.83) v=+0.200 ω=-0.003 ok=True iters=6
20:46:33 [INFO] [PROG] s*=3.16/9.61 (32.8%) dist_goal=6.09
20:46:33 [INFO] [MPC] state=(+1.13,+0.88,-1.57) wp0=(+1.15,+0.81) v=+0.200 ω=-0.003 ok=True iters=6
20:46:33 [INFO] [PROG] s*=3.18/9.61 (33.0%) dist_goal=6.07
20:46:33 [INFO] [MPC] state=(+1.13,+0.86,-1.57) wp0=(+1.15,+0.79) v=+0.200 ω=-0.003 ok=True iters=6
20:46:33 [INFO] [PROG] s*=3.20/9.61 (33.2%) dist_goal=6.05
20:46:33 [INFO] [MPC] state=(+1.13,+0.84,-1.57) wp0=(+1.15,+0.77) v=+0.200 ω=-0.003 ok=True iters=6
20:46:33 [INFO] [PROG] s*=3.22/9.61 (33.5%) dist_goal=6.03
20:46:33 [INFO] [MPC] state=(+1.13,+0.82,-1.57) wp0=(+1.15,+0.75) v=+0.200 ω=-0.003 ok=True iters=6
20:46:33 [INFO] [PROG] s*=3.24/9.61 (33.7%) dist_goal=6.01
20:46:33 [INFO] [MPC] state=(+1.13,+0.80,-1.57) wp0=(+1.15,+0.73) v=+0.200 ω=-0.003 ok=True iters=6
20:46:33 [INFO] [PROG] s*=3.26/9.61 (33.9%) dist_goal=5.99
20:46:33 [INFO] [MPC] state=(+1.13,+0.78,-1.57) wp0=(+1.15,+0.71) v=+0.200 ω=-0.003 ok=True iters=6
20:46:33 [INFO] [PROG] s*=3.28/9.61 (34.1%) dist_goal=5.97
20:46:33 [INFO] [MPC] state=(+1.13,+0.76,-1.57) wp0=(+1.15,+0.69) v=+0.200 ω=-0.003 ok=True iters=6
20:46:33 [INFO] [PROG] s*=3.30/9.61 (34.3%) dist_goal=5.95
20:46:33 [INFO] [MPC] state=(+1.13,+0.74,-1.57) wp0=(+1.15,+0.67) v=+0.200 ω=-0.003 ok=True iters=6
20:46:33 [INFO] [PROG] s*=3.32/9.61 (34.5%) dist_goal=5.93
20:46:33 [INFO] [MPC] state=(+1.13,+0.72,-1.57) wp0=(+1.15,+0.65) v=+0.200 ω=-0.003 ok=True iters=6
20:46:33 [INFO] [PROG] s*=3.34/9.61 (34.7%) dist_goal=5.91
20:46:33 [INFO] [MPC] state=(+1.13,+0.70,-1.57) wp0=(+1.15,+0.63) v=+0.200 ω=-0.002 ok=True iters=6
20:46:33 [INFO] [PROG] s*=3.36/9.61 (34.9%) dist_goal=5.89
20:46:33 [INFO] [MPC] state=(+1.13,+0.68,-1.57) wp0=(+1.15,+0.61) v=+0.200 ω=-0.003 ok=True iters=6
20:46:33 [INFO] [PROG] s*=3.38/9.61 (35.1%) dist_goal=5.87
20:46:33 [INFO] [MPC] state=(+1.13,+0.66,-1.57) wp0=(+1.15,+0.59) v=+0.200 ω=-0.003 ok=True iters=6
20:46:33 [INFO] [PROG] s*=3.40/9.61 (35.4%) dist_goal=5.85
20:46:33 [INFO] [MPC] state=(+1.13,+0.64,-1.57) wp0=(+1.15,+0.57) v=+0.200 ω=-0.003 ok=True iters=6
20:46:33 [INFO] [PROG] s*=3.42/9.61 (35.6%) dist_goal=5.83
20:46:33 [INFO] [MPC] state=(+1.13,+0.62,-1.57) wp0=(+1.15,+0.55) v=+0.200 ω=-0.003 ok=True iters=6
20:46:34 [INFO] [PROG] s*=3.44/9.61 (35.8%) dist_goal=5.81
20:46:34 [INFO] [MPC] state=(+1.13,+0.60,-1.57) wp0=(+1.15,+0.53) v=+0.200 ω=-0.003 ok=True iters=6
20:46:34 [INFO] [PROG] s*=3.46/9.61 (36.0%) dist_goal=5.79
20:46:34 [INFO] [MPC] state=(+1.13,+0.58,-1.57) wp0=(+1.15,+0.51) v=+0.200 ω=-0.003 ok=True iters=6
20:46:34 [INFO] [PROG] s*=3.48/9.61 (36.2%) dist_goal=5.77
20:46:34 [INFO] [MPC] state=(+1.13,+0.56,-1.57) wp0=(+1.15,+0.49) v=+0.200 ω=-0.003 ok=True iters=6
20:46:34 [INFO] [PROG] s*=3.50/9.61 (36.4%) dist_goal=5.75
20:46:34 [INFO] [MPC] state=(+1.13,+0.54,-1.57) wp0=(+1.15,+0.47) v=+0.200 ω=-0.002 ok=True iters=6
20:46:34 [INFO] [PROG] s*=3.52/9.61 (36.6%) dist_goal=5.73
20:46:34 [INFO] [MPC] state=(+1.13,+0.52,-1.57) wp0=(+1.15,+0.45) v=+0.200 ω=-0.002 ok=True iters=6
20:46:34 [INFO] [PROG] s*=3.54/9.61 (36.8%) dist_goal=5.71
20:46:34 [INFO] [MPC] state=(+1.13,+0.50,-1.57) wp0=(+1.15,+0.43) v=+0.200 ω=-0.002 ok=True iters=6
20:46:34 [INFO] [PROG] s*=3.56/9.61 (37.0%) dist_goal=5.69
20:46:34 [INFO] [MPC] state=(+1.13,+0.48,-1.57) wp0=(+1.15,+0.41) v=+0.200 ω=-0.002 ok=True iters=6
20:46:34 [INFO] [PROG] s*=3.58/9.61 (37.3%) dist_goal=5.67
20:46:34 [INFO] [MPC] state=(+1.13,+0.46,-1.57) wp0=(+1.15,+0.39) v=+0.200 ω=-0.002 ok=True iters=6
20:46:34 [INFO] [PROG] s*=3.60/9.61 (37.5%) dist_goal=5.65
20:46:34 [INFO] [MPC] state=(+1.13,+0.44,-1.57) wp0=(+1.15,+0.37) v=+0.200 ω=-0.002 ok=True iters=6
20:46:34 [INFO] [PROG] s*=3.62/9.61 (37.7%) dist_goal=5.63
20:46:34 [INFO] [MPC] state=(+1.13,+0.42,-1.57) wp0=(+1.15,+0.35) v=+0.200 ω=-0.002 ok=True iters=6
20:46:34 [INFO] [PROG] s*=3.64/9.61 (37.9%) dist_goal=5.61
20:46:34 [INFO] [MPC] state=(+1.13,+0.40,-1.57) wp0=(+1.15,+0.33) v=+0.200 ω=-0.002 ok=True iters=6
20:46:34 [INFO] [PROG] s*=3.66/9.61 (38.1%) dist_goal=5.59
20:46:34 [INFO] [MPC] state=(+1.13,+0.38,-1.57) wp0=(+1.15,+0.31) v=+0.200 ω=-0.002 ok=True iters=6
20:46:34 [INFO] [PROG] s*=3.68/9.61 (38.3%) dist_goal=5.57
20:46:34 [INFO] [MPC] state=(+1.13,+0.36,-1.57) wp0=(+1.15,+0.29) v=+0.200 ω=-0.002 ok=True iters=6
20:46:34 [INFO] [PROG] s*=3.70/9.61 (38.5%) dist_goal=5.55
20:46:34 [INFO] [MPC] state=(+1.13,+0.34,-1.57) wp0=(+1.15,+0.27) v=+0.200 ω=-0.002 ok=True iters=6
20:46:34 [INFO] [PROG] s*=3.72/9.61 (38.7%) dist_goal=5.53
20:46:34 [INFO] [MPC] state=(+1.13,+0.32,-1.57) wp0=(+1.15,+0.25) v=+0.200 ω=-0.002 ok=True iters=6
20:46:34 [INFO] [PROG] s*=3.74/9.61 (38.9%) dist_goal=5.51
20:46:34 [INFO] [MPC] state=(+1.13,+0.30,-1.57) wp0=(+1.15,+0.23) v=+0.200 ω=-0.002 ok=True iters=6
20:46:34 [INFO] [PROG] s*=3.76/9.61 (39.2%) dist_goal=5.49
20:46:34 [INFO] [MPC] state=(+1.13,+0.28,-1.57) wp0=(+1.15,+0.21) v=+0.200 ω=-0.003 ok=True iters=6
20:46:34 [INFO] [PROG] s*=3.78/9.61 (39.4%) dist_goal=5.47
20:46:34 [INFO] [MPC] state=(+1.13,+0.26,-1.57) wp0=(+1.15,+0.19) v=+0.200 ω=-0.003 ok=True iters=6
20:46:34 [INFO] [PROG] s*=3.80/9.61 (39.6%) dist_goal=5.45
20:46:34 [INFO] [MPC] state=(+1.13,+0.24,-1.57) wp0=(+1.15,+0.17) v=+0.200 ω=-0.002 ok=True iters=6
20:46:34 [INFO] [PROG] s*=3.82/9.61 (39.8%) dist_goal=5.43
20:46:34 [INFO] [MPC] state=(+1.13,+0.22,-1.57) wp0=(+1.15,+0.15) v=+0.200 ω=-0.002 ok=True iters=6
20:46:34 [INFO] [PROG] s*=3.85/9.61 (40.0%) dist_goal=5.41
20:46:34 [INFO] [MPC] state=(+1.13,+0.20,-1.57) wp0=(+1.15,+0.12) v=+0.200 ω=-0.003 ok=True iters=6
20:46:34 [INFO] [PROG] s*=3.87/9.61 (40.2%) dist_goal=5.39
20:46:34 [INFO] [MPC] state=(+1.13,+0.17,-1.57) wp0=(+1.15,+0.10) v=+0.200 ω=-0.002 ok=True iters=6
20:46:34 [INFO] [PROG] s*=3.89/9.61 (40.4%) dist_goal=5.37
20:46:34 [INFO] [MPC] state=(+1.13,+0.15,-1.57) wp0=(+1.15,+0.08) v=+0.200 ω=-0.002 ok=True iters=6
20:46:34 [INFO] [PROG] s*=3.91/9.61 (40.6%) dist_goal=5.35
20:46:34 [INFO] [MPC] state=(+1.13,+0.13,-1.57) wp0=(+1.15,+0.06) v=+0.200 ω=-0.002 ok=True iters=6
20:46:34 [INFO] [PROG] s*=3.93/9.61 (40.8%) dist_goal=5.33
20:46:34 [INFO] [MPC] state=(+1.13,+0.11,-1.57) wp0=(+1.15,+0.04) v=+0.200 ω=-0.002 ok=True iters=6
20:46:34 [INFO] [PROG] s*=3.95/9.61 (41.0%) dist_goal=5.31
20:46:34 [INFO] [MPC] state=(+1.13,+0.09,-1.57) wp0=(+1.15,+0.02) v=+0.200 ω=-0.002 ok=True iters=6
20:46:34 [INFO] [PROG] s*=3.97/9.61 (41.3%) dist_goal=5.29
20:46:34 [INFO] [MPC] state=(+1.13,+0.07,-1.57) wp0=(+1.15,+0.00) v=+0.200 ω=-0.002 ok=True iters=6
20:46:34 [INFO] [PROG] s*=3.99/9.61 (41.5%) dist_goal=5.27
20:46:34 [INFO] [MPC] state=(+1.13,+0.05,-1.57) wp0=(+1.15,-0.02) v=+0.200 ω=-0.002 ok=True iters=6
20:46:34 [INFO] [PROG] s*=4.01/9.61 (41.7%) dist_goal=5.25
20:46:34 [INFO] [MPC] state=(+1.13,+0.03,-1.57) wp0=(+1.15,-0.04) v=+0.200 ω=+0.035 ok=True iters=8
20:46:34 [INFO] [PROG] s*=4.03/9.61 (41.9%) dist_goal=5.23
20:46:34 [INFO] [MPC] state=(+1.13,+0.01,-1.57) wp0=(+1.15,-0.06) v=+0.200 ω=-0.010 ok=True iters=6
20:46:34 [INFO] [PROG] s*=4.05/9.61 (42.1%) dist_goal=5.21
20:46:34 [INFO] [MPC] state=(+1.13,-0.01,-1.57) wp0=(+1.15,-0.08) v=+0.200 ω=-0.010 ok=True iters=6
20:46:34 [INFO] [PROG] s*=4.07/9.61 (42.3%) dist_goal=5.19
20:46:34 [INFO] [MPC] state=(+1.13,-0.03,-1.57) wp0=(+1.15,-0.10) v=+0.200 ω=-0.010 ok=True iters=6
20:46:34 [INFO] [PROG] s*=4.09/9.61 (42.5%) dist_goal=5.17
20:46:34 [INFO] [MPC] state=(+1.13,-0.05,-1.57) wp0=(+1.15,-0.12) v=+0.200 ω=-0.010 ok=True iters=6
20:46:34 [INFO] [PROG] s*=4.11/9.61 (42.7%) dist_goal=5.15
20:46:34 [INFO] [MPC] state=(+1.13,-0.07,-1.57) wp0=(+1.15,-0.14) v=+0.200 ω=-0.009 ok=True iters=6
20:46:34 [INFO] [PROG] s*=4.13/9.61 (42.9%) dist_goal=5.13
20:46:34 [INFO] [MPC] state=(+1.13,-0.09,-1.57) wp0=(+1.15,-0.16) v=+0.200 ω=-0.008 ok=True iters=6
20:46:34 [INFO] [PROG] s*=4.15/9.61 (43.2%) dist_goal=5.11
20:46:34 [INFO] [MPC] state=(+1.13,-0.11,-1.57) wp0=(+1.15,-0.18) v=+0.200 ω=-0.007 ok=True iters=6
20:46:34 [INFO] [PROG] s*=4.17/9.61 (43.4%) dist_goal=5.09
20:46:34 [INFO] [MPC] state=(+1.13,-0.13,-1.57) wp0=(+1.15,-0.20) v=+0.200 ω=-0.006 ok=True iters=6
20:46:34 [INFO] [PROG] s*=4.19/9.61 (43.6%) dist_goal=5.08
20:46:34 [INFO] [MPC] state=(+1.13,-0.15,-1.57) wp0=(+1.15,-0.22) v=+0.200 ω=-0.005 ok=True iters=6
20:46:34 [INFO] [PROG] s*=4.21/9.61 (43.8%) dist_goal=5.06
20:46:34 [INFO] [MPC] state=(+1.13,-0.17,-1.57) wp0=(+1.15,-0.24) v=+0.200 ω=-0.004 ok=True iters=6
20:46:34 [INFO] [PROG] s*=4.23/9.61 (44.0%) dist_goal=5.04
20:46:34 [INFO] [MPC] state=(+1.13,-0.19,-1.57) wp0=(+1.15,-0.26) v=+0.200 ω=-0.003 ok=True iters=6
20:46:34 [INFO] [PROG] s*=4.25/9.61 (44.2%) dist_goal=5.02
20:46:34 [INFO] [MPC] state=(+1.13,-0.21,-1.57) wp0=(+1.15,-0.28) v=+0.200 ω=+0.037 ok=True iters=8
20:46:34 [INFO] [PROG] s*=4.27/9.61 (44.4%) dist_goal=5.00
20:46:34 [INFO] [MPC] state=(+1.13,-0.23,-1.57) wp0=(+1.15,-0.30) v=+0.200 ω=-0.009 ok=True iters=6
20:46:34 [INFO] [PROG] s*=4.29/9.61 (44.6%) dist_goal=4.98
20:46:34 [INFO] [MPC] state=(+1.13,-0.25,-1.57) wp0=(+1.15,-0.32) v=+0.200 ω=-0.008 ok=True iters=6
20:46:34 [INFO] [PROG] s*=4.31/9.61 (44.8%) dist_goal=4.96
20:46:34 [INFO] [MPC] state=(+1.13,-0.27,-1.57) wp0=(+1.15,-0.34) v=+0.200 ω=-0.008 ok=True iters=6
20:46:34 [INFO] [PROG] s*=4.33/9.61 (45.1%) dist_goal=4.94
20:46:34 [INFO] [MPC] state=(+1.13,-0.29,-1.57) wp0=(+1.15,-0.36) v=+0.200 ω=-0.007 ok=True iters=6
20:46:34 [INFO] [PROG] s*=4.35/9.61 (45.3%) dist_goal=4.92
20:46:34 [INFO] [MPC] state=(+1.13,-0.31,-1.57) wp0=(+1.15,-0.38) v=+0.200 ω=-0.007 ok=True iters=6
20:46:34 [INFO] [PROG] s*=4.37/9.61 (45.5%) dist_goal=4.90
20:46:34 [INFO] [MPC] state=(+1.13,-0.33,-1.57) wp0=(+1.15,-0.40) v=+0.200 ω=-0.006 ok=True iters=6
20:46:34 [INFO] [PROG] s*=4.39/9.61 (45.7%) dist_goal=4.88
20:46:34 [INFO] [MPC] state=(+1.13,-0.35,-1.57) wp0=(+1.15,-0.42) v=+0.200 ω=-0.004 ok=True iters=6
20:46:34 [INFO] [PROG] s*=4.41/9.61 (45.9%) dist_goal=4.86
20:46:34 [INFO] [MPC] state=(+1.13,-0.37,-1.57) wp0=(+1.15,-0.44) v=+0.200 ω=-0.004 ok=True iters=6
20:46:34 [INFO] [PROG] s*=4.43/9.61 (46.1%) dist_goal=4.84
20:46:34 [INFO] [MPC] state=(+1.13,-0.39,-1.57) wp0=(+1.15,-0.46) v=+0.200 ω=-0.003 ok=True iters=6
20:46:34 [INFO] [PROG] s*=4.45/9.61 (46.3%) dist_goal=4.82
20:46:34 [INFO] [MPC] state=(+1.13,-0.41,-1.57) wp0=(+1.15,-0.48) v=+0.200 ω=-0.001 ok=True iters=6
20:46:34 [INFO] [PROG] s*=4.47/9.61 (46.5%) dist_goal=4.80
20:46:34 [INFO] [MPC] state=(+1.13,-0.43,-1.57) wp0=(+1.15,-0.50) v=+0.200 ω=-0.001 ok=True iters=6
20:46:34 [INFO] [PROG] s*=4.49/9.61 (46.7%) dist_goal=4.78
20:46:34 [INFO] [MPC] state=(+1.13,-0.45,-1.57) wp0=(+1.15,-0.52) v=+0.200 ω=-0.000 ok=True iters=6
20:46:34 [INFO] [PROG] s*=4.51/9.61 (47.0%) dist_goal=4.76
20:46:34 [INFO] [MPC] state=(+1.13,-0.47,-1.57) wp0=(+1.15,-0.54) v=+0.200 ω=+0.000 ok=True iters=6
20:46:34 [INFO] [PROG] s*=4.53/9.61 (47.2%) dist_goal=4.74
20:46:34 [INFO] [MPC] state=(+1.13,-0.49,-1.57) wp0=(+1.15,-0.56) v=+0.200 ω=+0.000 ok=True iters=6
20:46:34 [INFO] [PROG] s*=4.55/9.61 (47.4%) dist_goal=4.72
20:46:34 [INFO] [MPC] state=(+1.13,-0.51,-1.57) wp0=(+1.15,-0.58) v=+0.200 ω=-0.000 ok=True iters=6
20:46:34 [INFO] [PROG] s*=4.58/9.61 (47.6%) dist_goal=4.70
20:46:34 [INFO] [MPC] state=(+1.13,-0.53,-1.57) wp0=(+1.15,-0.61) v=+0.200 ω=-0.000 ok=True iters=6
20:46:34 [INFO] [PROG] s*=4.60/9.61 (47.8%) dist_goal=4.68
20:46:34 [INFO] [MPC] state=(+1.13,-0.56,-1.57) wp0=(+1.15,-0.63) v=+0.200 ω=-0.000 ok=True iters=6
20:46:34 [INFO] [PROG] s*=4.62/9.61 (48.0%) dist_goal=4.66
20:46:34 [INFO] [MPC] state=(+1.13,-0.58,-1.57) wp0=(+1.15,-0.65) v=+0.200 ω=-0.001 ok=True iters=6
20:46:34 [INFO] [PROG] s*=4.64/9.61 (48.2%) dist_goal=4.64
20:46:34 [INFO] [MPC] state=(+1.13,-0.60,-1.57) wp0=(+1.15,-0.67) v=+0.200 ω=-0.001 ok=True iters=6
20:46:34 [INFO] [PROG] s*=4.66/9.61 (48.4%) dist_goal=4.62
20:46:34 [INFO] [MPC] state=(+1.13,-0.62,-1.57) wp0=(+1.15,-0.69) v=+0.200 ω=-0.002 ok=True iters=6
20:46:34 [INFO] [PROG] s*=4.68/9.61 (48.6%) dist_goal=4.60
20:46:34 [INFO] [MPC] state=(+1.13,-0.64,-1.57) wp0=(+1.15,-0.71) v=+0.200 ω=-0.002 ok=True iters=6
20:46:34 [INFO] [PROG] s*=4.70/9.61 (48.9%) dist_goal=4.58
20:46:34 [INFO] [MPC] state=(+1.13,-0.66,-1.57) wp0=(+1.15,-0.73) v=+0.200 ω=-0.003 ok=True iters=6
20:46:34 [INFO] [PROG] s*=4.72/9.61 (49.1%) dist_goal=4.56
20:46:34 [INFO] [MPC] state=(+1.13,-0.68,-1.57) wp0=(+1.15,-0.75) v=+0.200 ω=-0.003 ok=True iters=6
20:46:34 [INFO] [PROG] s*=4.74/9.61 (49.3%) dist_goal=4.54
20:46:34 [INFO] [MPC] state=(+1.13,-0.70,-1.57) wp0=(+1.15,-0.77) v=+0.200 ω=-0.003 ok=True iters=6
20:46:34 [INFO] [PROG] s*=4.76/9.61 (49.5%) dist_goal=4.52
20:46:34 [INFO] [MPC] state=(+1.13,-0.72,-1.57) wp0=(+1.15,-0.79) v=+0.200 ω=-0.004 ok=True iters=6
20:46:34 [INFO] [PROG] s*=4.78/9.61 (49.7%) dist_goal=4.50
20:46:34 [INFO] [MPC] state=(+1.13,-0.74,-1.57) wp0=(+1.15,-0.81) v=+0.200 ω=-0.004 ok=True iters=6
20:46:34 [INFO] [PROG] s*=4.80/9.61 (49.9%) dist_goal=4.48
20:46:34 [INFO] [MPC] state=(+1.13,-0.76,-1.57) wp0=(+1.15,-0.83) v=+0.200 ω=-0.004 ok=True iters=6
20:46:34 [INFO] [PROG] s*=4.82/9.61 (50.1%) dist_goal=4.46
20:46:34 [INFO] [MPC] state=(+1.13,-0.78,-1.57) wp0=(+1.15,-0.85) v=+0.200 ω=-0.004 ok=True iters=6
20:46:34 [INFO] [PROG] s*=4.84/9.61 (50.3%) dist_goal=4.44
20:46:34 [INFO] [MPC] state=(+1.13,-0.80,-1.57) wp0=(+1.15,-0.87) v=+0.200 ω=+0.034 ok=True iters=8
20:46:34 [INFO] [PROG] s*=4.86/9.61 (50.5%) dist_goal=4.42
20:46:34 [INFO] [MPC] state=(+1.13,-0.82,-1.57) wp0=(+1.15,-0.89) v=+0.200 ω=-0.012 ok=True iters=6
20:46:34 [INFO] [PROG] s*=4.88/9.61 (50.7%) dist_goal=4.40
20:46:34 [INFO] [MPC] state=(+1.13,-0.84,-1.57) wp0=(+1.15,-0.91) v=+0.200 ω=-0.012 ok=True iters=6
20:46:34 [INFO] [PROG] s*=4.90/9.61 (51.0%) dist_goal=4.38
20:46:34 [INFO] [MPC] state=(+1.13,-0.86,-1.57) wp0=(+1.15,-0.93) v=+0.200 ω=-0.012 ok=True iters=6
20:46:34 [INFO] [PROG] s*=4.92/9.61 (51.2%) dist_goal=4.36
20:46:34 [INFO] [MPC] state=(+1.13,-0.88,-1.57) wp0=(+1.15,-0.95) v=+0.200 ω=-0.011 ok=True iters=6
20:46:34 [INFO] [PROG] s*=4.94/9.61 (51.4%) dist_goal=4.34
20:46:34 [INFO] [MPC] state=(+1.13,-0.90,-1.57) wp0=(+1.15,-0.97) v=+0.200 ω=-0.011 ok=True iters=6
20:46:34 [INFO] [PROG] s*=4.96/9.61 (51.6%) dist_goal=4.32
20:46:34 [INFO] [MPC] state=(+1.13,-0.92,-1.57) wp0=(+1.15,-0.99) v=+0.200 ω=-0.010 ok=True iters=6
20:46:34 [INFO] [PROG] s*=4.98/9.61 (51.8%) dist_goal=4.30
20:46:34 [INFO] [MPC] state=(+1.13,-0.94,-1.57) wp0=(+1.15,-1.01) v=+0.200 ω=-0.009 ok=True iters=6
20:46:34 [INFO] [PROG] s*=5.00/9.61 (52.0%) dist_goal=4.28
20:46:34 [INFO] [MPC] state=(+1.13,-0.96,-1.57) wp0=(+1.15,-1.03) v=+0.200 ω=-0.007 ok=True iters=6
20:46:34 [INFO] [PROG] s*=5.02/9.61 (52.2%) dist_goal=4.26
20:46:34 [INFO] [MPC] state=(+1.13,-0.98,-1.57) wp0=(+1.15,-1.05) v=+0.200 ω=-0.006 ok=True iters=6
20:46:34 [INFO] [PROG] s*=5.04/9.61 (52.4%) dist_goal=4.24
20:46:34 [INFO] [MPC] state=(+1.13,-1.00,-1.57) wp0=(+1.15,-1.07) v=+0.200 ω=-0.004 ok=True iters=6
20:46:34 [INFO] [PROG] s*=5.06/9.61 (52.6%) dist_goal=4.22
20:46:34 [INFO] [MPC] state=(+1.13,-1.02,-1.57) wp0=(+1.15,-1.09) v=+0.200 ω=-0.003 ok=True iters=6
20:46:34 [INFO] [PROG] s*=5.08/9.61 (52.9%) dist_goal=4.20
20:46:34 [INFO] [MPC] state=(+1.13,-1.04,-1.57) wp0=(+1.15,-1.11) v=+0.200 ω=-0.002 ok=True iters=6
20:46:34 [INFO] [PROG] s*=5.10/9.61 (53.1%) dist_goal=4.18
20:46:34 [INFO] [MPC] state=(+1.13,-1.06,-1.57) wp0=(+1.15,-1.13) v=+0.200 ω=-0.001 ok=True iters=6
20:46:34 [INFO] [PROG] s*=5.12/9.61 (53.3%) dist_goal=4.16
20:46:34 [INFO] [MPC] state=(+1.13,-1.08,-1.57) wp0=(+1.15,-1.15) v=+0.200 ω=-0.000 ok=True iters=6
20:46:34 [INFO] [PROG] s*=5.14/9.61 (53.5%) dist_goal=4.14
20:46:34 [INFO] [MPC] state=(+1.13,-1.10,-1.57) wp0=(+1.15,-1.17) v=+0.200 ω=+0.000 ok=True iters=6
20:46:34 [INFO] [PROG] s*=5.16/9.61 (53.7%) dist_goal=4.12
20:46:34 [INFO] [MPC] state=(+1.13,-1.12,-1.57) wp0=(+1.15,-1.19) v=+0.200 ω=+0.000 ok=True iters=6
20:46:34 [INFO] [PROG] s*=5.18/9.61 (53.9%) dist_goal=4.10
20:46:34 [INFO] [MPC] state=(+1.13,-1.14,-1.57) wp0=(+1.15,-1.21) v=+0.200 ω=+0.000 ok=True iters=6
20:46:34 [INFO] [PROG] s*=5.20/9.61 (54.1%) dist_goal=4.08
20:46:34 [INFO] [MPC] state=(+1.13,-1.16,-1.57) wp0=(+1.15,-1.23) v=+0.200 ω=-0.000 ok=True iters=6
20:46:34 [INFO] [PROG] s*=5.22/9.61 (54.3%) dist_goal=4.07
20:46:34 [INFO] [MPC] state=(+1.13,-1.18,-1.57) wp0=(+1.15,-1.25) v=+0.200 ω=-0.000 ok=True iters=6
20:46:34 [INFO] [PROG] s*=5.24/9.61 (54.5%) dist_goal=4.05
20:46:34 [INFO] [MPC] state=(+1.13,-1.20,-1.57) wp0=(+1.15,-1.27) v=+0.200 ω=-0.001 ok=True iters=6
20:46:34 [INFO] [PROG] s*=5.26/9.61 (54.8%) dist_goal=4.03
20:46:34 [INFO] [MPC] state=(+1.13,-1.22,-1.57) wp0=(+1.15,-1.29) v=+0.200 ω=-0.002 ok=True iters=6
20:46:34 [INFO] [PROG] s*=5.28/9.61 (55.0%) dist_goal=4.01
20:46:34 [INFO] [MPC] state=(+1.13,-1.24,-1.57) wp0=(+1.15,-1.31) v=+0.200 ω=-0.002 ok=True iters=6
20:46:34 [INFO] [PROG] s*=5.30/9.61 (55.2%) dist_goal=3.99
20:46:34 [INFO] [MPC] state=(+1.13,-1.26,-1.57) wp0=(+1.15,-1.33) v=+0.200 ω=-0.003 ok=True iters=6
20:46:34 [INFO] [PROG] s*=5.33/9.61 (55.4%) dist_goal=3.97
20:46:34 [INFO] [MPC] state=(+1.13,-1.28,-1.57) wp0=(+1.15,-1.36) v=+0.200 ω=-0.003 ok=True iters=6
20:46:34 [INFO] [PROG] s*=5.35/9.61 (55.6%) dist_goal=3.95
20:46:34 [INFO] [MPC] state=(+1.13,-1.31,-1.57) wp0=(+1.15,-1.38) v=+0.200 ω=-0.003 ok=True iters=6
20:46:34 [INFO] [PROG] s*=5.37/9.61 (55.8%) dist_goal=3.93
20:46:34 [INFO] [MPC] state=(+1.13,-1.33,-1.57) wp0=(+1.15,-1.40) v=+0.200 ω=-0.004 ok=True iters=6
20:46:34 [INFO] [PROG] s*=5.39/9.61 (56.0%) dist_goal=3.91
20:46:34 [INFO] [MPC] state=(+1.13,-1.35,-1.57) wp0=(+1.15,-1.42) v=+0.200 ω=-0.004 ok=True iters=6
20:46:34 [INFO] [PROG] s*=5.41/9.61 (56.2%) dist_goal=3.89
20:46:34 [INFO] [MPC] state=(+1.13,-1.37,-1.57) wp0=(+1.15,-1.44) v=+0.200 ω=-0.004 ok=True iters=6
20:46:34 [INFO] [PROG] s*=5.43/9.61 (56.4%) dist_goal=3.87
20:46:34 [INFO] [MPC] state=(+1.13,-1.39,-1.57) wp0=(+1.15,-1.46) v=+0.200 ω=-0.005 ok=True iters=6
20:46:34 [INFO] [PROG] s*=5.45/9.61 (56.7%) dist_goal=3.85
20:46:34 [INFO] [MPC] state=(+1.13,-1.41,-1.57) wp0=(+1.15,-1.48) v=+0.200 ω=-0.005 ok=True iters=6
20:46:34 [INFO] [PROG] s*=5.47/9.61 (56.9%) dist_goal=3.83
20:46:34 [INFO] [MPC] state=(+1.13,-1.43,-1.57) wp0=(+1.15,-1.50) v=+0.200 ω=-0.005 ok=True iters=6
20:46:34 [INFO] [PROG] s*=5.49/9.61 (57.1%) dist_goal=3.81
20:46:34 [INFO] [MPC] state=(+1.13,-1.45,-1.57) wp0=(+1.15,-1.52) v=+0.200 ω=-0.005 ok=True iters=6
20:46:34 [INFO] [PROG] s*=5.51/9.61 (57.3%) dist_goal=3.79
20:46:34 [INFO] [MPC] state=(+1.13,-1.47,-1.57) wp0=(+1.15,-1.54) v=+0.200 ω=-0.004 ok=True iters=6
20:46:34 [INFO] [PROG] s*=5.53/9.61 (57.5%) dist_goal=3.77
20:46:34 [INFO] [MPC] state=(+1.13,-1.49,-1.57) wp0=(+1.15,-1.56) v=+0.200 ω=-0.004 ok=True iters=6
20:46:34 [INFO] [PROG] s*=5.55/9.61 (57.7%) dist_goal=3.75
20:46:34 [INFO] [MPC] state=(+1.13,-1.51,-1.57) wp0=(+1.15,-1.58) v=+0.200 ω=-0.004 ok=True iters=6
20:46:34 [INFO] [PROG] s*=5.57/9.61 (57.9%) dist_goal=3.73
20:46:34 [INFO] [MPC] state=(+1.13,-1.53,-1.57) wp0=(+1.15,-1.60) v=+0.200 ω=-0.004 ok=True iters=6
20:46:34 [INFO] [PROG] s*=5.59/9.61 (58.1%) dist_goal=3.71
20:46:34 [INFO] [MPC] state=(+1.13,-1.55,-1.57) wp0=(+1.15,-1.62) v=+0.200 ω=-0.003 ok=True iters=6
20:46:34 [INFO] [PROG] s*=5.61/9.61 (58.3%) dist_goal=3.69
20:46:34 [INFO] [MPC] state=(+1.13,-1.57,-1.57) wp0=(+1.15,-1.64) v=+0.200 ω=-0.003 ok=True iters=6
20:46:34 [INFO] [PROG] s*=5.63/9.61 (58.6%) dist_goal=3.67
20:46:34 [INFO] [MPC] state=(+1.13,-1.59,-1.57) wp0=(+1.15,-1.66) v=+0.200 ω=-0.003 ok=True iters=6
20:46:34 [INFO] [PROG] s*=5.65/9.61 (58.8%) dist_goal=3.65
20:46:34 [INFO] [MPC] state=(+1.13,-1.61,-1.57) wp0=(+1.15,-1.68) v=+0.200 ω=-0.003 ok=True iters=6
20:46:34 [INFO] [PROG] s*=5.67/9.61 (59.0%) dist_goal=3.63
20:46:34 [INFO] [MPC] state=(+1.13,-1.63,-1.57) wp0=(+1.15,-1.70) v=+0.200 ω=-0.003 ok=True iters=6
20:46:34 [INFO] [PROG] s*=5.69/9.61 (59.2%) dist_goal=3.61
20:46:34 [INFO] [MPC] state=(+1.13,-1.65,-1.57) wp0=(+1.15,-1.72) v=+0.200 ω=-0.003 ok=True iters=6
20:46:34 [INFO] [PROG] s*=5.71/9.61 (59.4%) dist_goal=3.59
20:46:34 [INFO] [MPC] state=(+1.13,-1.67,-1.57) wp0=(+1.15,-1.74) v=+0.200 ω=-0.003 ok=True iters=6
20:46:34 [INFO] [PROG] s*=5.73/9.61 (59.6%) dist_goal=3.58
20:46:34 [INFO] [MPC] state=(+1.13,-1.69,-1.57) wp0=(+1.15,-1.76) v=+0.200 ω=-0.002 ok=True iters=6
20:46:34 [INFO] [PROG] s*=5.75/9.61 (59.8%) dist_goal=3.56
20:46:34 [INFO] [MPC] state=(+1.13,-1.71,-1.57) wp0=(+1.15,-1.78) v=+0.200 ω=-0.003 ok=True iters=6
20:46:34 [INFO] [PROG] s*=5.77/9.61 (60.0%) dist_goal=3.54
20:46:34 [INFO] [MPC] state=(+1.13,-1.73,-1.57) wp0=(+1.15,-1.80) v=+0.200 ω=-0.003 ok=True iters=6
20:46:34 [INFO] [PROG] s*=5.79/9.61 (60.2%) dist_goal=3.52
20:46:34 [INFO] [MPC] state=(+1.13,-1.75,-1.57) wp0=(+1.15,-1.82) v=+0.200 ω=-0.003 ok=True iters=6
20:46:34 [INFO] [PROG] s*=5.81/9.61 (60.4%) dist_goal=3.50
20:46:34 [INFO] [MPC] state=(+1.13,-1.77,-1.57) wp0=(+1.15,-1.84) v=+0.200 ω=-0.003 ok=True iters=6
20:46:34 [INFO] [PROG] s*=5.83/9.61 (60.7%) dist_goal=3.48
20:46:34 [INFO] [MPC] state=(+1.13,-1.79,-1.57) wp0=(+1.15,-1.86) v=+0.200 ω=-0.003 ok=True iters=6
20:46:34 [INFO] [PROG] s*=5.85/9.61 (60.9%) dist_goal=3.46
20:46:34 [INFO] [MPC] state=(+1.13,-1.81,-1.57) wp0=(+1.15,-1.88) v=+0.200 ω=-0.003 ok=True iters=6
20:46:34 [INFO] [PROG] s*=5.87/9.61 (61.1%) dist_goal=3.44
20:46:34 [INFO] [MPC] state=(+1.13,-1.83,-1.57) wp0=(+1.15,-1.90) v=+0.200 ω=-0.004 ok=True iters=6
20:46:34 [INFO] [PROG] s*=5.89/9.61 (61.3%) dist_goal=3.42
20:46:34 [INFO] [MPC] state=(+1.13,-1.85,-1.57) wp0=(+1.15,-1.92) v=+0.200 ω=-0.004 ok=True iters=6
20:46:34 [INFO] [PROG] s*=5.91/9.61 (61.5%) dist_goal=3.40
20:46:34 [INFO] [MPC] state=(+1.13,-1.87,-1.57) wp0=(+1.15,-1.94) v=+0.200 ω=-0.004 ok=True iters=6
20:46:34 [INFO] [PROG] s*=5.93/9.61 (61.7%) dist_goal=3.38
20:46:34 [INFO] [MPC] state=(+1.13,-1.89,-1.57) wp0=(+1.15,-1.96) v=+0.200 ω=-0.004 ok=True iters=6
20:46:34 [INFO] [PROG] s*=5.95/9.61 (61.9%) dist_goal=3.36
20:46:34 [INFO] [MPC] state=(+1.13,-1.91,-1.57) wp0=(+1.15,-1.98) v=+0.200 ω=-0.004 ok=True iters=6
20:46:34 [INFO] [PROG] s*=5.97/9.61 (62.1%) dist_goal=3.34
20:46:34 [INFO] [MPC] state=(+1.13,-1.93,-1.57) wp0=(+1.15,-2.00) v=+0.200 ω=-0.003 ok=True iters=6
20:46:34 [INFO] [PROG] s*=5.99/9.61 (62.3%) dist_goal=3.32
20:46:34 [INFO] [MPC] state=(+1.13,-1.95,-1.57) wp0=(+1.15,-2.02) v=+0.200 ω=-0.003 ok=True iters=6
20:46:34 [INFO] [PROG] s*=6.01/9.61 (62.6%) dist_goal=3.30
20:46:34 [INFO] [MPC] state=(+1.13,-1.97,-1.57) wp0=(+1.15,-2.04) v=+0.200 ω=-0.003 ok=True iters=6
20:46:34 [INFO] [PROG] s*=6.03/9.61 (62.8%) dist_goal=3.28
20:46:34 [INFO] [MPC] state=(+1.13,-1.99,-1.57) wp0=(+1.15,-2.06) v=+0.200 ω=-0.003 ok=True iters=6
20:46:34 [INFO] [PROG] s*=6.05/9.61 (63.0%) dist_goal=3.26
20:46:34 [INFO] [MPC] state=(+1.13,-2.01,-1.57) wp0=(+1.15,-2.08) v=+0.200 ω=-0.003 ok=True iters=6
20:46:34 [INFO] [PROG] s*=6.08/9.61 (63.2%) dist_goal=3.25
20:46:34 [INFO] [MPC] state=(+1.13,-2.03,-1.57) wp0=(+1.15,-2.11) v=+0.200 ω=-0.003 ok=True iters=6
20:46:34 [INFO] [PROG] s*=6.10/9.61 (63.4%) dist_goal=3.23
20:46:34 [INFO] [MPC] state=(+1.13,-2.06,-1.57) wp0=(+1.15,-2.13) v=+0.200 ω=-0.003 ok=True iters=6
20:46:34 [INFO] [PROG] s*=6.12/9.61 (63.6%) dist_goal=3.21
20:46:34 [INFO] [MPC] state=(+1.13,-2.08,-1.57) wp0=(+1.15,-2.15) v=+0.200 ω=-0.003 ok=True iters=6
20:46:34 [INFO] [PROG] s*=6.14/9.61 (63.8%) dist_goal=3.19
20:46:34 [INFO] [MPC] state=(+1.13,-2.10,-1.57) wp0=(+1.15,-2.17) v=+0.200 ω=-0.003 ok=True iters=6
20:46:34 [INFO] [PROG] s*=6.16/9.61 (64.0%) dist_goal=3.17
20:46:34 [INFO] [MPC] state=(+1.13,-2.12,-1.57) wp0=(+1.15,-2.19) v=+0.200 ω=-0.003 ok=True iters=6
20:46:34 [INFO] [PROG] s*=6.18/9.61 (64.2%) dist_goal=3.15
20:46:34 [INFO] [MPC] state=(+1.13,-2.14,-1.57) wp0=(+1.15,-2.21) v=+0.200 ω=-0.004 ok=True iters=6
20:46:34 [INFO] [PROG] s*=6.20/9.61 (64.5%) dist_goal=3.13
20:46:34 [INFO] [MPC] state=(+1.13,-2.16,-1.57) wp0=(+1.15,-2.23) v=+0.200 ω=-0.004 ok=True iters=6
20:46:34 [INFO] [PROG] s*=6.22/9.61 (64.7%) dist_goal=3.11
20:46:34 [INFO] [MPC] state=(+1.13,-2.18,-1.57) wp0=(+1.15,-2.25) v=+0.200 ω=-0.003 ok=True iters=6
20:46:34 [INFO] [PROG] s*=6.24/9.61 (64.9%) dist_goal=3.09
20:46:34 [INFO] [MPC] state=(+1.13,-2.20,-1.57) wp0=(+1.15,-2.27) v=+0.200 ω=-0.003 ok=True iters=6
20:46:34 [INFO] [PROG] s*=6.26/9.61 (65.1%) dist_goal=3.07
20:46:34 [INFO] [MPC] state=(+1.13,-2.22,-1.57) wp0=(+1.15,-2.29) v=+0.200 ω=-0.003 ok=True iters=6
20:46:34 [INFO] [PROG] s*=6.28/9.61 (65.3%) dist_goal=3.05
20:46:34 [INFO] [MPC] state=(+1.13,-2.24,-1.57) wp0=(+1.15,-2.31) v=+0.200 ω=-0.003 ok=True iters=6
20:46:34 [INFO] [PROG] s*=6.30/9.61 (65.5%) dist_goal=3.03
20:46:34 [INFO] [MPC] state=(+1.13,-2.26,-1.57) wp0=(+1.15,-2.33) v=+0.200 ω=-0.003 ok=True iters=6
20:46:34 [INFO] [PROG] s*=6.32/9.61 (65.7%) dist_goal=3.01
20:46:34 [INFO] [MPC] state=(+1.13,-2.28,-1.57) wp0=(+1.15,-2.35) v=+0.200 ω=-0.003 ok=True iters=6
20:46:34 [INFO] [PROG] s*=6.34/9.61 (65.9%) dist_goal=3.00
20:46:34 [INFO] [MPC] state=(+1.13,-2.30,-1.57) wp0=(+1.15,-2.37) v=+0.200 ω=-0.003 ok=True iters=6
20:46:34 [INFO] [PROG] s*=6.36/9.61 (66.1%) dist_goal=2.98
20:46:34 [INFO] [MPC] state=(+1.13,-2.32,-1.57) wp0=(+1.15,-2.39) v=+0.200 ω=-0.003 ok=True iters=6
20:46:34 [INFO] [PROG] s*=6.38/9.61 (66.3%) dist_goal=2.96
20:46:34 [INFO] [MPC] state=(+1.13,-2.34,-1.57) wp0=(+1.15,-2.41) v=+0.200 ω=-0.003 ok=True iters=6
20:46:34 [INFO] [PROG] s*=6.40/9.61 (66.6%) dist_goal=2.94
20:46:34 [INFO] [MPC] state=(+1.13,-2.36,-1.57) wp0=(+1.15,-2.43) v=+0.200 ω=-0.003 ok=True iters=6
20:46:34 [INFO] [PROG] s*=6.42/9.61 (66.8%) dist_goal=2.92
20:46:34 [INFO] [MPC] state=(+1.13,-2.38,-1.57) wp0=(+1.15,-2.45) v=+0.200 ω=-0.003 ok=True iters=6
20:46:34 [INFO] [PROG] s*=6.44/9.61 (67.0%) dist_goal=2.90
20:46:34 [INFO] [MPC] state=(+1.13,-2.40,-1.57) wp0=(+1.15,-2.47) v=+0.200 ω=-0.003 ok=True iters=6
20:46:34 [INFO] [PROG] s*=6.46/9.61 (67.2%) dist_goal=2.88
20:46:34 [INFO] [MPC] state=(+1.13,-2.42,-1.57) wp0=(+1.15,-2.49) v=+0.200 ω=-0.003 ok=True iters=6
20:46:34 [INFO] [PROG] s*=6.48/9.61 (67.4%) dist_goal=2.86
20:46:34 [INFO] [MPC] state=(+1.13,-2.44,-1.57) wp0=(+1.15,-2.51) v=+0.200 ω=-0.003 ok=True iters=6
20:46:34 [INFO] [PROG] s*=6.50/9.61 (67.6%) dist_goal=2.84
20:46:34 [INFO] [MPC] state=(+1.13,-2.46,-1.57) wp0=(+1.15,-2.53) v=+0.200 ω=-0.003 ok=True iters=6
20:46:34 [INFO] [PROG] s*=6.52/9.61 (67.8%) dist_goal=2.82
20:46:34 [INFO] [MPC] state=(+1.13,-2.48,-1.57) wp0=(+1.15,-2.55) v=+0.200 ω=-0.003 ok=True iters=6
20:46:34 [INFO] [PROG] s*=6.54/9.61 (68.0%) dist_goal=2.80
20:46:34 [INFO] [MPC] state=(+1.13,-2.50,-1.57) wp0=(+1.15,-2.57) v=+0.200 ω=-0.003 ok=True iters=6
20:46:35 [INFO] [PROG] s*=6.56/9.61 (68.2%) dist_goal=2.79
20:46:35 [INFO] [MPC] state=(+1.13,-2.52,-1.57) wp0=(+1.15,-2.59) v=+0.200 ω=-0.003 ok=True iters=6
20:46:35 [INFO] [PROG] s*=6.58/9.61 (68.5%) dist_goal=2.77
20:46:35 [INFO] [MPC] state=(+1.13,-2.54,-1.57) wp0=(+1.15,-2.61) v=+0.200 ω=-0.003 ok=True iters=6
20:46:35 [INFO] [PROG] s*=6.60/9.61 (68.7%) dist_goal=2.75
20:46:35 [INFO] [MPC] state=(+1.13,-2.56,-1.57) wp0=(+1.15,-2.63) v=+0.200 ω=-0.003 ok=True iters=6
20:46:35 [INFO] [PROG] s*=6.62/9.61 (68.9%) dist_goal=2.73
20:46:35 [INFO] [MPC] state=(+1.13,-2.58,-1.57) wp0=(+1.15,-2.65) v=+0.200 ω=-0.003 ok=True iters=6
20:46:35 [INFO] [PROG] s*=6.64/9.61 (69.1%) dist_goal=2.71
20:46:35 [INFO] [MPC] state=(+1.13,-2.60,-1.57) wp0=(+1.15,-2.67) v=+0.200 ω=-0.003 ok=True iters=6
20:46:35 [INFO] [PROG] s*=6.66/9.61 (69.3%) dist_goal=2.69
20:46:35 [INFO] [MPC] state=(+1.13,-2.62,-1.57) wp0=(+1.15,-2.69) v=+0.200 ω=-0.003 ok=True iters=6
20:46:35 [INFO] [PROG] s*=6.68/9.61 (69.5%) dist_goal=2.67
20:46:35 [INFO] [MPC] state=(+1.13,-2.64,-1.57) wp0=(+1.15,-2.71) v=+0.200 ω=-0.003 ok=True iters=6
20:46:35 [INFO] [PROG] s*=6.70/9.61 (69.7%) dist_goal=2.65
20:46:35 [INFO] [MPC] state=(+1.13,-2.66,-1.57) wp0=(+1.15,-2.73) v=+0.200 ω=-0.003 ok=True iters=6
20:46:35 [INFO] [PROG] s*=6.72/9.61 (69.9%) dist_goal=2.63
20:46:35 [INFO] [MPC] state=(+1.13,-2.68,-1.57) wp0=(+1.15,-2.75) v=+0.200 ω=-0.003 ok=True iters=6
20:46:35 [INFO] [PROG] s*=6.74/9.61 (70.1%) dist_goal=2.62
20:46:35 [INFO] [MPC] state=(+1.13,-2.70,-1.57) wp0=(+1.15,-2.77) v=+0.200 ω=-0.003 ok=True iters=6
20:46:35 [INFO] [PROG] s*=6.76/9.61 (70.4%) dist_goal=2.60
20:46:35 [INFO] [MPC] state=(+1.13,-2.72,-1.57) wp0=(+1.15,-2.79) v=+0.200 ω=-0.003 ok=True iters=6
20:46:35 [INFO] [PROG] s*=6.78/9.61 (70.6%) dist_goal=2.58
20:46:35 [INFO] [MPC] state=(+1.13,-2.74,-1.57) wp0=(+1.15,-2.81) v=+0.200 ω=-0.003 ok=True iters=6
20:46:35 [INFO] [PROG] s*=6.80/9.61 (70.8%) dist_goal=2.56
20:46:35 [INFO] [MPC] state=(+1.13,-2.76,-1.57) wp0=(+1.15,-2.83) v=+0.200 ω=-0.003 ok=True iters=6
20:46:35 [INFO] [PROG] s*=6.82/9.61 (71.0%) dist_goal=2.54
20:46:35 [INFO] [MPC] state=(+1.13,-2.78,-1.57) wp0=(+1.15,-2.85) v=+0.200 ω=-0.003 ok=True iters=6
20:46:35 [INFO] [PROG] s*=6.84/9.61 (71.2%) dist_goal=2.52
20:46:35 [INFO] [MPC] state=(+1.13,-2.80,-1.57) wp0=(+1.15,-2.87) v=+0.200 ω=-0.003 ok=True iters=6
20:46:35 [INFO] [PROG] s*=6.87/9.61 (71.4%) dist_goal=2.50
20:46:35 [INFO] [MPC] state=(+1.13,-2.82,-1.57) wp0=(+1.15,-2.90) v=+0.200 ω=-0.003 ok=True iters=6
20:46:35 [INFO] [PROG] s*=6.89/9.61 (71.6%) dist_goal=2.48
20:46:35 [INFO] [MPC] state=(+1.13,-2.85,-1.57) wp0=(+1.15,-2.92) v=+0.200 ω=-0.003 ok=True iters=6
20:46:35 [INFO] [PROG] s*=6.91/9.61 (71.8%) dist_goal=2.47
20:46:35 [INFO] [MPC] state=(+1.13,-2.87,-1.57) wp0=(+1.15,-2.94) v=+0.200 ω=-0.003 ok=True iters=6
20:46:35 [INFO] [PROG] s*=6.93/9.61 (72.0%) dist_goal=2.45
20:46:35 [INFO] [MPC] state=(+1.13,-2.89,-1.57) wp0=(+1.15,-2.96) v=+0.200 ω=-0.003 ok=True iters=6
20:46:35 [INFO] [PROG] s*=6.95/9.61 (72.2%) dist_goal=2.43
20:46:35 [INFO] [MPC] state=(+1.13,-2.91,-1.57) wp0=(+1.15,-2.98) v=+0.200 ω=-0.004 ok=True iters=6
20:46:35 [INFO] [PROG] s*=6.97/9.61 (72.5%) dist_goal=2.41
20:46:35 [INFO] [MPC] state=(+1.13,-2.93,-1.57) wp0=(+1.15,-3.00) v=+0.200 ω=-0.009 ok=True iters=6
20:46:35 [INFO] [PROG] s*=6.99/9.61 (72.7%) dist_goal=2.39
20:46:35 [INFO] [MPC] state=(+1.13,-2.95,-1.57) wp0=(+1.15,-3.02) v=+0.200 ω=-0.012 ok=True iters=6
20:46:35 [INFO] [PROG] s*=7.01/9.61 (72.9%) dist_goal=2.37
20:46:35 [INFO] [MPC] state=(+1.13,-2.97,-1.57) wp0=(+1.15,-3.04) v=+0.200 ω=-0.017 ok=True iters=6
20:46:35 [INFO] [PROG] s*=7.03/9.61 (73.1%) dist_goal=2.35
20:46:35 [INFO] [MPC] state=(+1.13,-2.99,-1.57) wp0=(+1.15,-3.06) v=+0.200 ω=-0.020 ok=True iters=6
20:46:35 [INFO] [PROG] s*=7.05/9.61 (73.3%) dist_goal=2.34
20:46:35 [INFO] [MPC] state=(+1.13,-3.01,-1.58) wp0=(+1.15,-3.08) v=+0.200 ω=-0.024 ok=True iters=6
20:46:35 [INFO] [PROG] s*=7.07/9.61 (73.5%) dist_goal=2.32
20:46:35 [INFO] [MPC] state=(+1.13,-3.03,-1.58) wp0=(+1.15,-3.10) v=+0.200 ω=-0.027 ok=True iters=6
20:46:35 [INFO] [PROG] s*=7.09/9.61 (73.7%) dist_goal=2.30
20:46:35 [INFO] [MPC] state=(+1.13,-3.05,-1.58) wp0=(+1.15,-3.12) v=+0.200 ω=-0.029 ok=True iters=6
20:46:35 [INFO] [PROG] s*=7.11/9.61 (73.9%) dist_goal=2.28
20:46:35 [INFO] [MPC] state=(+1.13,-3.07,-1.58) wp0=(+1.15,-3.14) v=+0.200 ω=-0.031 ok=True iters=6
20:46:35 [INFO] [PROG] s*=7.13/9.61 (74.1%) dist_goal=2.26
20:46:35 [INFO] [MPC] state=(+1.13,-3.09,-1.59) wp0=(+1.15,-3.16) v=+0.200 ω=+0.230 ok=True iters=6
20:46:35 [INFO] [PROG] s*=7.15/9.61 (74.3%) dist_goal=2.24
20:46:35 [INFO] [MPC] state=(+1.13,-3.11,-1.57) wp0=(+1.15,-3.18) v=+0.200 ω=-0.081 ok=True iters=7
20:46:35 [INFO] [PROG] s*=7.17/9.61 (74.6%) dist_goal=2.23
20:46:35 [INFO] [MPC] state=(+1.13,-3.13,-1.58) wp0=(+1.15,-3.20) v=+0.200 ω=-0.105 ok=True iters=7
20:46:35 [INFO] [PROG] s*=7.19/9.61 (74.8%) dist_goal=2.21
20:46:35 [INFO] [MPC] state=(+1.13,-3.15,-1.59) wp0=(+1.15,-3.22) v=+0.200 ω=-0.114 ok=True iters=7
20:46:35 [INFO] [PROG] s*=7.21/9.61 (75.0%) dist_goal=2.19
20:46:35 [INFO] [MPC] state=(+1.12,-3.17,-1.60) wp0=(+1.15,-3.24) v=+0.200 ω=-0.179 ok=True iters=6
20:46:35 [INFO] [PROG] s*=7.23/9.61 (75.2%) dist_goal=2.17
20:46:35 [INFO] [MPC] state=(+1.12,-3.19,-1.61) wp0=(+1.15,-3.26) v=+0.200 ω=-0.451 ok=True iters=6
20:46:35 [INFO] [PROG] s*=7.25/9.61 (75.4%) dist_goal=2.16
20:46:35 [INFO] [MPC] state=(+1.12,-3.21,-1.64) wp0=(+1.15,-3.28) v=+0.200 ω=-0.702 ok=True iters=6
20:46:35 [INFO] [PROG] s*=7.26/9.61 (75.5%) dist_goal=2.14
20:46:35 [INFO] [MPC] state=(+1.12,-3.23,-1.68) wp0=(+1.15,-3.29) v=+0.200 ω=-0.829 ok=True iters=7
20:46:35 [INFO] [PROG] s*=7.28/9.61 (75.7%) dist_goal=2.12
20:46:35 [INFO] [MPC] state=(+1.12,-3.24,-1.73) wp0=(+1.15,-3.31) v=+0.200 ω=-0.732 ok=True iters=7
20:46:35 [INFO] [PROG] s*=7.30/9.61 (75.9%) dist_goal=2.10
20:46:35 [INFO] [MPC] state=(+1.12,-3.26,-1.77) wp0=(+1.15,-3.33) v=+0.200 ω=-0.757 ok=True iters=7
20:46:35 [INFO] [PROG] s*=7.32/9.61 (76.1%) dist_goal=2.09
20:46:35 [INFO] [MPC] state=(+1.11,-3.28,-1.81) wp0=(+1.15,-3.35) v=+0.200 ω=-0.506 ok=True iters=8
20:46:35 [INFO] [PROG] s*=7.33/9.61 (76.3%) dist_goal=2.07
20:46:35 [INFO] [MPC] state=(+1.11,-3.30,-1.84) wp0=(+1.14,-3.36) v=+0.200 ω=-0.479 ok=True iters=8
20:46:35 [INFO] [PROG] s*=7.40/9.61 (76.9%) dist_goal=2.05
20:46:35 [INFO] [MPC] state=(+1.10,-3.31,-1.87) wp0=(+1.10,-3.40) v=+0.200 ω=-0.464 ok=True iters=8
20:46:35 [INFO] [PROG] s*=7.41/9.61 (77.1%) dist_goal=2.03
20:46:35 [INFO] [MPC] state=(+1.10,-3.33,-1.90) wp0=(+1.08,-3.42) v=+0.200 ω=-0.483 ok=True iters=7
20:46:35 [INFO] [PROG] s*=7.43/9.61 (77.3%) dist_goal=2.01
20:46:35 [INFO] [MPC] state=(+1.09,-3.35,-1.93) wp0=(+1.07,-3.43) v=+0.200 ω=-0.486 ok=True iters=7
20:46:35 [INFO] [PROG] s*=7.45/9.61 (77.5%) dist_goal=1.99
20:46:35 [INFO] [MPC] state=(+1.08,-3.37,-1.96) wp0=(+1.06,-3.44) v=+0.200 ω=-0.462 ok=True iters=7
20:46:35 [INFO] [PROG] s*=7.47/9.61 (77.7%) dist_goal=1.97
20:46:35 [INFO] [MPC] state=(+1.07,-3.39,-1.99) wp0=(+1.05,-3.45) v=+0.200 ω=-0.454 ok=True iters=7
20:46:35 [INFO] [PROG] s*=7.48/9.61 (77.9%) dist_goal=1.95
20:46:35 [INFO] [MPC] state=(+1.07,-3.40,-2.01) wp0=(+1.03,-3.47) v=+0.200 ω=-0.482 ok=True iters=7
20:46:35 [INFO] [PROG] s*=7.50/9.61 (78.0%) dist_goal=1.93
20:46:35 [INFO] [MPC] state=(+1.06,-3.42,-2.04) wp0=(+1.02,-3.48) v=+0.200 ω=-0.458 ok=True iters=7
20:46:35 [INFO] [PROG] s*=7.52/9.61 (78.2%) dist_goal=1.92
20:46:35 [INFO] [MPC] state=(+1.05,-3.44,-2.07) wp0=(+1.01,-3.49) v=+0.200 ω=-0.421 ok=True iters=7
20:46:35 [INFO] [PROG] s*=7.54/9.61 (78.4%) dist_goal=1.90
20:46:35 [INFO] [MPC] state=(+1.04,-3.45,-2.10) wp0=(+0.99,-3.51) v=+0.200 ω=-0.372 ok=True iters=7
20:46:35 [INFO] [PROG] s*=7.56/9.61 (78.6%) dist_goal=1.88
20:46:35 [INFO] [MPC] state=(+1.03,-3.47,-2.12) wp0=(+0.98,-3.52) v=+0.200 ω=-0.334 ok=True iters=7
20:46:35 [INFO] [PROG] s*=7.58/9.61 (78.8%) dist_goal=1.86
20:46:35 [INFO] [MPC] state=(+1.02,-3.49,-2.14) wp0=(+0.97,-3.53) v=+0.200 ω=-0.306 ok=True iters=7
20:46:35 [INFO] [PROG] s*=7.60/9.61 (79.0%) dist_goal=1.84
20:46:35 [INFO] [MPC] state=(+1.01,-3.50,-2.16) wp0=(+0.95,-3.55) v=+0.200 ω=-0.273 ok=True iters=7
20:46:35 [INFO] [PROG] s*=7.62/9.61 (79.2%) dist_goal=1.82
20:46:35 [INFO] [MPC] state=(+1.00,-3.52,-2.18) wp0=(+0.94,-3.56) v=+0.200 ω=-0.363 ok=True iters=7
20:46:35 [INFO] [PROG] s*=7.64/9.61 (79.4%) dist_goal=1.80
20:46:35 [INFO] [MPC] state=(+0.99,-3.54,-2.20) wp0=(+0.93,-3.57) v=+0.200 ω=-0.314 ok=True iters=7
20:46:35 [INFO] [PROG] s*=7.66/9.61 (79.6%) dist_goal=1.78
20:46:35 [INFO] [MPC] state=(+0.97,-3.55,-2.22) wp0=(+0.91,-3.59) v=+0.200 ω=-0.245 ok=True iters=7
20:46:35 [INFO] [PROG] s*=7.68/9.61 (79.9%) dist_goal=1.76
20:46:35 [INFO] [MPC] state=(+0.96,-3.57,-2.24) wp0=(+0.90,-3.60) v=+0.200 ω=-0.206 ok=True iters=7
20:46:35 [INFO] [PROG] s*=7.70/9.61 (80.1%) dist_goal=1.74
20:46:35 [INFO] [MPC] state=(+0.95,-3.58,-2.26) wp0=(+0.88,-3.62) v=+0.200 ω=-0.162 ok=True iters=7
20:46:35 [INFO] [PROG] s*=7.72/9.61 (80.3%) dist_goal=1.72
20:46:35 [INFO] [MPC] state=(+0.94,-3.60,-2.27) wp0=(+0.87,-3.63) v=+0.200 ω=-0.126 ok=True iters=7
20:46:35 [INFO] [PROG] s*=7.74/9.61 (80.5%) dist_goal=1.70
20:46:35 [INFO] [MPC] state=(+0.92,-3.61,-2.28) wp0=(+0.85,-3.65) v=+0.200 ω=-0.102 ok=True iters=7
20:46:35 [INFO] [PROG] s*=7.76/9.61 (80.7%) dist_goal=1.68
20:46:35 [INFO] [MPC] state=(+0.91,-3.63,-2.29) wp0=(+0.84,-3.66) v=+0.200 ω=-0.182 ok=True iters=7
20:46:35 [INFO] [PROG] s*=7.78/9.61 (80.9%) dist_goal=1.66
20:46:35 [INFO] [MPC] state=(+0.90,-3.64,-2.30) wp0=(+0.83,-3.67) v=+0.200 ω=+0.058 ok=True iters=7
20:46:35 [INFO] [PROG] s*=7.80/9.61 (81.1%) dist_goal=1.64
20:46:35 [INFO] [MPC] state=(+0.88,-3.66,-2.30) wp0=(+0.81,-3.69) v=+0.200 ω=+0.758 ok=True iters=7
20:46:35 [INFO] [PROG] s*=7.81/9.61 (81.3%) dist_goal=1.63
20:46:35 [INFO] [MPC] state=(+0.87,-3.67,-2.26) wp0=(+0.80,-3.70) v=+0.200 ω=+1.209 ok=True iters=8
20:46:35 [INFO] [PROG] s*=7.83/9.61 (81.4%) dist_goal=1.61
20:46:35 [INFO] [MPC] state=(+0.86,-3.69,-2.19) wp0=(+0.79,-3.71) v=+0.200 ω=+1.030 ok=True iters=8
20:46:35 [INFO] [PROG] s*=7.84/9.61 (81.6%) dist_goal=1.60
20:46:35 [INFO] [MPC] state=(+0.85,-3.70,-2.13) wp0=(+0.78,-3.72) v=+0.200 ω=+0.982 ok=True iters=8
20:46:35 [INFO] [PROG] s*=7.86/9.61 (81.7%) dist_goal=1.58
20:46:35 [INFO] [MPC] state=(+0.84,-3.71,-2.08) wp0=(+0.77,-3.73) v=+0.200 ω=+0.818 ok=True iters=8
20:46:35 [INFO] [PROG] s*=7.88/9.61 (81.9%) dist_goal=1.56
20:46:35 [INFO] [MPC] state=(+0.84,-3.73,-2.03) wp0=(+0.76,-3.74) v=+0.200 ω=+0.402 ok=True iters=7
20:46:35 [INFO] [PROG] s*=7.90/9.61 (82.1%) dist_goal=1.54
20:46:35 [INFO] [MPC] state=(+0.83,-3.74,-2.00) wp0=(+0.75,-3.76) v=+0.200 ω=-0.337 ok=True iters=7
20:46:35 [INFO] [PROG] s*=7.96/9.61 (82.8%) dist_goal=1.52
20:46:35 [INFO] [MPC] state=(+0.82,-3.76,-2.03) wp0=(+0.75,-3.83) v=+0.200 ω=-0.898 ok=True iters=7
20:46:35 [INFO] [PROG] s*=7.98/9.61 (83.0%) dist_goal=1.51
20:46:35 [INFO] [MPC] state=(+0.81,-3.78,-2.08) wp0=(+0.75,-3.84) v=+0.200 ω=-1.056 ok=True iters=7
20:46:35 [INFO] [PROG] s*=7.99/9.61 (83.1%) dist_goal=1.49
20:46:35 [INFO] [MPC] state=(+0.80,-3.79,-2.13) wp0=(+0.75,-3.85) v=+0.200 ω=-0.854 ok=True iters=7
20:46:35 [INFO] [PROG] s*=8.01/9.61 (83.3%) dist_goal=1.47
20:46:35 [INFO] [MPC] state=(+0.79,-3.81,-2.18) wp0=(+0.73,-3.87) v=+0.200 ω=-0.674 ok=True iters=7
20:46:35 [INFO] [PROG] s*=8.02/9.61 (83.5%) dist_goal=1.45
20:46:35 [INFO] [MPC] state=(+0.78,-3.82,-2.22) wp0=(+0.72,-3.88) v=+0.200 ω=-0.049 ok=True iters=7
20:46:35 [INFO] [PROG] s*=8.04/9.61 (83.6%) dist_goal=1.43
20:46:35 [INFO] [MPC] state=(+0.77,-3.84,-2.23) wp0=(+0.71,-3.89) v=+0.200 ω=+0.565 ok=True iters=7
20:46:35 [INFO] [PROG] s*=8.05/9.61 (83.7%) dist_goal=1.42
20:46:35 [INFO] [MPC] state=(+0.76,-3.85,-2.19) wp0=(+0.71,-3.89) v=+0.200 ω=+0.880 ok=True iters=7
20:46:35 [INFO] [PROG] s*=8.07/9.61 (83.9%) dist_goal=1.40
20:46:35 [INFO] [MPC] state=(+0.75,-3.87,-2.14) wp0=(+0.69,-3.91) v=+0.200 ω=+0.821 ok=True iters=7
20:46:35 [INFO] [PROG] s*=8.08/9.61 (84.1%) dist_goal=1.38
20:46:35 [INFO] [MPC] state=(+0.74,-3.88,-2.10) wp0=(+0.68,-3.92) v=+0.200 ω=+0.815 ok=True iters=7
20:46:35 [INFO] [PROG] s*=8.10/9.61 (84.2%) dist_goal=1.36
20:46:35 [INFO] [MPC] state=(+0.73,-3.90,-2.05) wp0=(+0.67,-3.93) v=+0.200 ω=+0.804 ok=True iters=7
20:46:35 [INFO] [PROG] s*=8.11/9.61 (84.4%) dist_goal=1.35
20:46:35 [INFO] [MPC] state=(+0.72,-3.91,-2.00) wp0=(+0.66,-3.94) v=+0.200 ω=+0.637 ok=True iters=7
20:46:35 [INFO] [PROG] s*=8.13/9.61 (84.6%) dist_goal=1.33
20:46:35 [INFO] [MPC] state=(+0.72,-3.93,-1.97) wp0=(+0.65,-3.95) v=+0.200 ω=+0.495 ok=True iters=7
20:46:35 [INFO] [PROG] s*=8.15/9.61 (84.8%) dist_goal=1.31
20:46:35 [INFO] [MPC] state=(+0.71,-3.94,-1.94) wp0=(+0.65,-3.97) v=+0.200 ω=+0.382 ok=True iters=7
20:46:35 [INFO] [PROG] s*=8.21/9.61 (85.4%) dist_goal=1.29
20:46:35 [INFO] [MPC] state=(+0.70,-3.96,-1.91) wp0=(+0.65,-4.03) v=+0.200 ω=+0.289 ok=True iters=7
20:46:35 [INFO] [PROG] s*=8.23/9.61 (85.6%) dist_goal=1.27
20:46:35 [INFO] [MPC] state=(+0.70,-3.98,-1.89) wp0=(+0.65,-4.05) v=+0.200 ω=-0.282 ok=True iters=7
20:46:35 [INFO] [PROG] s*=8.24/9.61 (85.7%) dist_goal=1.25
20:46:35 [INFO] [MPC] state=(+0.69,-4.00,-1.91) wp0=(+0.65,-4.07) v=+0.200 ω=-0.910 ok=True iters=7
20:46:35 [INFO] [PROG] s*=8.26/9.61 (85.9%) dist_goal=1.24
20:46:35 [INFO] [MPC] state=(+0.68,-4.02,-1.96) wp0=(+0.65,-4.08) v=+0.200 ω=-1.154 ok=True iters=7
20:46:35 [INFO] [PROG] s*=8.27/9.61 (86.0%) dist_goal=1.22
20:46:35 [INFO] [MPC] state=(+0.68,-4.03,-2.02) wp0=(+0.65,-4.10) v=+0.200 ω=-1.044 ok=True iters=7
20:46:35 [INFO] [PROG] s*=8.29/9.61 (86.2%) dist_goal=1.20
20:46:35 [INFO] [MPC] state=(+0.67,-4.05,-2.08) wp0=(+0.65,-4.11) v=+0.200 ω=-0.969 ok=True iters=7
20:46:35 [INFO] [PROG] s*=8.30/9.61 (86.4%) dist_goal=1.19
20:46:35 [INFO] [MPC] state=(+0.66,-4.06,-2.13) wp0=(+0.65,-4.13) v=+0.200 ω=-0.817 ok=True iters=7
20:46:35 [INFO] [PROG] s*=8.32/9.61 (86.5%) dist_goal=1.17
20:46:35 [INFO] [MPC] state=(+0.65,-4.08,-2.18) wp0=(+0.65,-4.14) v=+0.200 ω=-0.657 ok=True iters=7
20:46:35 [INFO] [PROG] s*=8.33/9.61 (86.7%) dist_goal=1.15
20:46:35 [INFO] [MPC] state=(+0.64,-4.09,-2.22) wp0=(+0.65,-4.15) v=+0.200 ω=-0.457 ok=True iters=7
20:46:35 [INFO] [PROG] s*=8.35/9.61 (86.8%) dist_goal=1.13
20:46:35 [INFO] [MPC] state=(+0.63,-4.11,-2.25) wp0=(+0.64,-4.16) v=+0.200 ω=-0.333 ok=True iters=7
20:46:35 [INFO] [PROG] s*=8.40/9.61 (87.4%) dist_goal=1.11
20:46:35 [INFO] [MPC] state=(+0.61,-4.12,-2.27) wp0=(+0.60,-4.20) v=+0.200 ω=+0.198 ok=True iters=7
20:46:35 [INFO] [PROG] s*=8.41/9.61 (87.5%) dist_goal=1.10
20:46:35 [INFO] [MPC] state=(+0.60,-4.14,-2.25) wp0=(+0.59,-4.21) v=+0.200 ω=+1.548 ok=True iters=7
20:46:35 [INFO] [PROG] s*=8.43/9.61 (87.7%) dist_goal=1.08
20:46:35 [INFO] [MPC] state=(+0.59,-4.15,-2.17) wp0=(+0.58,-4.22) v=+0.200 ω=+1.400 ok=True iters=7
20:46:35 [INFO] [PROG] s*=8.44/9.61 (87.8%) dist_goal=1.07
20:46:35 [INFO] [MPC] state=(+0.59,-4.16,-2.10) wp0=(+0.57,-4.23) v=+0.200 ω=+1.259 ok=True iters=7
20:46:35 [INFO] [PROG] s*=8.46/9.61 (88.0%) dist_goal=1.05
20:46:35 [INFO] [MPC] state=(+0.58,-4.17,-2.03) wp0=(+0.56,-4.24) v=+0.200 ω=+0.671 ok=True iters=7
20:46:35 [INFO] [PROG] s*=8.48/9.61 (88.2%) dist_goal=1.03
20:46:35 [INFO] [MPC] state=(+0.57,-4.19,-1.99) wp0=(+0.55,-4.26) v=+0.200 ω=-0.073 ok=True iters=7
20:46:35 [INFO] [PROG] s*=8.50/9.61 (88.4%) dist_goal=1.01
20:46:35 [INFO] [MPC] state=(+0.56,-4.21,-1.99) wp0=(+0.55,-4.28) v=+0.200 ω=-0.713 ok=True iters=7
20:46:35 [INFO] [PROG] s*=8.51/9.61 (88.6%) dist_goal=0.99
20:46:35 [INFO] [MPC] state=(+0.55,-4.22,-2.03) wp0=(+0.55,-4.30) v=+0.200 ω=-0.666 ok=True iters=7
20:46:35 [INFO] [PROG] s*=8.52/9.61 (88.7%) dist_goal=0.97
20:46:35 [INFO] [MPC] state=(+0.55,-4.24,-2.07) wp0=(+0.55,-4.31) v=+0.200 ω=-0.689 ok=True iters=7
20:46:35 [INFO] [PROG] s*=8.54/9.61 (88.8%) dist_goal=0.96
20:46:35 [INFO] [MPC] state=(+0.54,-4.26,-2.11) wp0=(+0.55,-4.32) v=+0.200 ω=-0.605 ok=True iters=7
20:46:35 [INFO] [PROG] s*=8.56/9.61 (89.0%) dist_goal=0.94
20:46:35 [INFO] [MPC] state=(+0.53,-4.27,-2.15) wp0=(+0.55,-4.34) v=+0.200 ω=-0.477 ok=True iters=7
20:46:35 [INFO] [PROG] s*=8.57/9.61 (89.1%) dist_goal=0.92
20:46:35 [INFO] [MPC] state=(+0.52,-4.29,-2.18) wp0=(+0.55,-4.35) v=+0.200 ω=-0.357 ok=True iters=8
20:46:35 [INFO] [PROG] s*=8.59/9.61 (89.3%) dist_goal=0.90
20:46:35 [INFO] [MPC] state=(+0.50,-4.30,-2.20) wp0=(+0.54,-4.36) v=+0.200 ω=-0.180 ok=True iters=8
20:46:35 [INFO] [PROG] s*=8.66/9.61 (90.0%) dist_goal=0.88
20:46:35 [INFO] [MPC] state=(+0.49,-4.32,-2.21) wp0=(+0.49,-4.41) v=+0.200 ω=+0.280 ok=True iters=8
20:46:35 [INFO] [PROG] s*=8.67/9.61 (90.2%) dist_goal=0.87
20:46:35 [INFO] [MPC] state=(+0.48,-4.33,-2.19) wp0=(+0.48,-4.42) v=+0.200 ω=+1.820 ok=True iters=8
20:46:35 [INFO] [PROG] s*=8.68/9.61 (90.3%) dist_goal=0.85
20:46:35 [INFO] [MPC] state=(+0.47,-4.34,-2.10) wp0=(+0.47,-4.43) v=+0.200 ω=+1.633 ok=True iters=7
20:46:35 [INFO] [PROG] s*=8.70/9.61 (90.5%) dist_goal=0.84
20:46:35 [INFO] [MPC] state=(+0.47,-4.36,-2.01) wp0=(+0.46,-4.44) v=+0.200 ω=+1.075 ok=True iters=7
20:46:35 [INFO] [PROG] s*=8.71/9.61 (90.6%) dist_goal=0.82
20:46:35 [INFO] [MPC] state=(+0.46,-4.37,-1.95) wp0=(+0.45,-4.45) v=+0.200 ω=+0.398 ok=True iters=7
20:46:35 [INFO] [PROG] s*=8.73/9.61 (90.8%) dist_goal=0.80
20:46:35 [INFO] [MPC] state=(+0.45,-4.39,-1.92) wp0=(+0.45,-4.47) v=+0.200 ω=-0.336 ok=True iters=7
20:46:35 [INFO] [PROG] s*=8.75/9.61 (91.0%) dist_goal=0.78
20:46:35 [INFO] [MPC] state=(+0.45,-4.41,-1.94) wp0=(+0.45,-4.49) v=+0.200 ω=-0.612 ok=True iters=7
20:46:35 [INFO] [PROG] s*=8.76/9.61 (91.1%) dist_goal=0.76
20:46:35 [INFO] [MPC] state=(+0.44,-4.42,-1.98) wp0=(+0.45,-4.50) v=+0.196 ω=-0.637 ok=True iters=7
20:46:35 [INFO] [PROG] s*=8.77/9.61 (91.2%) dist_goal=0.75
20:46:35 [INFO] [MPC] state=(+0.43,-4.44,-2.02) wp0=(+0.45,-4.51) v=+0.191 ω=-0.608 ok=True iters=7
20:46:35 [INFO] [PROG] s*=8.78/9.61 (91.3%) dist_goal=0.73
20:46:35 [INFO] [MPC] state=(+0.42,-4.46,-2.06) wp0=(+0.45,-4.52) v=+0.186 ω=-0.449 ok=True iters=8
20:46:35 [INFO] [PROG] s*=8.80/9.61 (91.5%) dist_goal=0.71
20:46:35 [INFO] [MPC] state=(+0.42,-4.47,-2.10) wp0=(+0.45,-4.54) v=+0.182 ω=-0.318 ok=True iters=7
20:46:35 [INFO] [PROG] s*=8.81/9.61 (91.7%) dist_goal=0.69
20:46:35 [INFO] [MPC] state=(+0.41,-4.49,-2.13) wp0=(+0.45,-4.55) v=+0.177 ω=-0.198 ok=True iters=7
20:46:35 [INFO] [PROG] s*=8.83/9.61 (91.8%) dist_goal=0.67
20:46:35 [INFO] [MPC] state=(+0.40,-4.50,-2.15) wp0=(+0.44,-4.56) v=+0.173 ω=-0.107 ok=True iters=8
20:46:35 [INFO] [PROG] s*=8.90/9.61 (92.6%) dist_goal=0.66
20:46:35 [INFO] [MPC] state=(+0.39,-4.52,-2.16) wp0=(+0.39,-4.61) v=+0.168 ω=+0.336 ok=True iters=8
20:46:35 [INFO] [PROG] s*=8.91/9.61 (92.7%) dist_goal=0.65
20:46:35 [INFO] [MPC] state=(+0.38,-4.53,-2.13) wp0=(+0.38,-4.62) v=+0.164 ω=+1.945 ok=True iters=8
20:46:35 [INFO] [PROG] s*=8.92/9.61 (92.8%) dist_goal=0.64
20:46:35 [INFO] [MPC] state=(+0.37,-4.54,-2.00) wp0=(+0.37,-4.63) v=+0.162 ω=+1.560 ok=True iters=8
20:46:35 [INFO] [PROG] s*=8.93/9.61 (92.9%) dist_goal=0.62
20:46:35 [INFO] [MPC] state=(+0.37,-4.55,-1.89) wp0=(+0.36,-4.64) v=+0.159 ω=+1.145 ok=True iters=8
20:46:35 [INFO] [PROG] s*=8.94/9.61 (93.0%) dist_goal=0.61
20:46:35 [INFO] [MPC] state=(+0.36,-4.56,-1.80) wp0=(+0.36,-4.64) v=+0.156 ω=+0.345 ok=True iters=8
20:46:35 [INFO] [PROG] s*=8.96/9.61 (93.2%) dist_goal=0.59
20:46:35 [INFO] [MPC] state=(+0.36,-4.58,-1.77) wp0=(+0.35,-4.66) v=+0.152 ω=-0.261 ok=True iters=8
20:46:35 [INFO] [PROG] s*=8.97/9.61 (93.3%) dist_goal=0.58
20:46:35 [INFO] [MPC] state=(+0.36,-4.59,-1.79) wp0=(+0.35,-4.67) v=+0.148 ω=-0.685 ok=True iters=8
20:46:35 [INFO] [PROG] s*=8.98/9.61 (93.4%) dist_goal=0.56
20:46:35 [INFO] [MPC] state=(+0.35,-4.61,-1.86) wp0=(+0.35,-4.68) v=+0.144 ω=-0.747 ok=True iters=8
20:46:35 [INFO] [PROG] s*=9.00/9.61 (93.6%) dist_goal=0.55
20:46:35 [INFO] [MPC] state=(+0.35,-4.62,-1.93) wp0=(+0.35,-4.70) v=+0.141 ω=-0.570 ok=True iters=8
20:46:35 [INFO] [PROG] s*=9.00/9.61 (93.6%) dist_goal=0.53
20:46:35 [INFO] [MPC] state=(+0.34,-4.64,-1.99) wp0=(+0.35,-4.70) v=+0.137 ω=-0.500 ok=True iters=9
20:46:35 [INFO] [PROG] s*=9.01/9.61 (93.8%) dist_goal=0.52
20:46:35 [INFO] [MPC] state=(+0.34,-4.65,-2.04) wp0=(+0.35,-4.71) v=+0.133 ω=-0.398 ok=True iters=9
20:46:35 [INFO] [PROG] s*=9.03/9.61 (93.9%) dist_goal=0.51
20:46:35 [INFO] [MPC] state=(+0.33,-4.66,-2.08) wp0=(+0.35,-4.72) v=+0.130 ω=-0.268 ok=True iters=7
20:46:35 [INFO] [PROG] s*=9.04/9.61 (94.0%) dist_goal=0.49
20:46:35 [INFO] [MPC] state=(+0.32,-4.67,-2.11) wp0=(+0.35,-4.74) v=+0.127 ω=-0.170 ok=True iters=7
20:46:35 [INFO] [PROG] s*=9.05/9.61 (94.1%) dist_goal=0.48
20:46:35 [INFO] [MPC] state=(+0.32,-4.69,-2.13) wp0=(+0.35,-4.75) v=+0.123 ω=-0.108 ok=True iters=7
20:46:35 [INFO] [PROG] s*=9.06/9.61 (94.2%) dist_goal=0.47
20:46:35 [INFO] [MPC] state=(+0.31,-4.70,-2.14) wp0=(+0.35,-4.75) v=+0.120 ω=-0.071 ok=True iters=7
20:46:35 [INFO] [PROG] s*=9.07/9.61 (94.3%) dist_goal=0.46
20:46:35 [INFO] [MPC] state=(+0.30,-4.71,-2.15) wp0=(+0.34,-4.76) v=+0.117 ω=-0.047 ok=True iters=7
20:46:35 [INFO] [PROG] s*=9.13/9.61 (94.9%) dist_goal=0.45
20:46:35 [INFO] [MPC] state=(+0.30,-4.72,-2.15) wp0=(+0.30,-4.80) v=+0.114 ω=+0.292 ok=True iters=7
20:46:35 [INFO] [PROG] s*=9.13/9.61 (95.0%) dist_goal=0.44
20:46:35 [INFO] [MPC] state=(+0.29,-4.73,-2.12) wp0=(+0.29,-4.81) v=+0.112 ω=+1.935 ok=True iters=8
20:46:35 [INFO] [PROG] s*=9.14/9.61 (95.1%) dist_goal=0.43
20:46:35 [INFO] [MPC] state=(+0.29,-4.73,-1.96) wp0=(+0.29,-4.81) v=+0.110 ω=+1.423 ok=True iters=7
20:46:35 [INFO] [PROG] s*=9.15/9.61 (95.2%) dist_goal=0.42
20:46:35 [INFO] [MPC] state=(+0.28,-4.74,-1.82) wp0=(+0.28,-4.82) v=+0.108 ω=+1.003 ok=True iters=7
20:46:35 [INFO] [PROG] s*=9.16/9.61 (95.3%) dist_goal=0.41
20:46:35 [INFO] [MPC] state=(+0.28,-4.75,-1.72) wp0=(+0.27,-4.83) v=+0.105 ω=+0.685 ok=True iters=7
20:46:35 [INFO] [PROG] s*=9.17/9.61 (95.3%) dist_goal=0.40
20:46:35 [INFO] [MPC] state=(+0.28,-4.76,-1.65) wp0=(+0.27,-4.83) v=+0.103 ω=+0.429 ok=True iters=7
20:46:35 [INFO] [PROG] s*=9.17/9.61 (95.4%) dist_goal=0.39
20:46:35 [INFO] [MPC] state=(+0.28,-4.77,-1.61) wp0=(+0.26,-4.84) v=+0.100 ω=+0.277 ok=True iters=7
20:46:35 [INFO] [PROG] s*=9.18/9.61 (95.5%) dist_goal=0.38
20:46:35 [INFO] [MPC] state=(+0.28,-4.78,-1.59) wp0=(+0.26,-4.84) v=+0.098 ω=+0.176 ok=True iters=7
20:46:35 [INFO] [PROG] s*=9.19/9.61 (95.5%) dist_goal=0.37
20:46:35 [INFO] [MPC] state=(+0.28,-4.79,-1.57) wp0=(+0.25,-4.85) v=+0.096 ω=+0.125 ok=True iters=7
20:46:35 [INFO] [PROG] s*=9.19/9.61 (95.6%) dist_goal=0.37
20:46:35 [INFO] [MPC] state=(+0.28,-4.80,-1.56) wp0=(+0.25,-4.85) v=+0.094 ω=+0.057 ok=True iters=7
20:46:36 [INFO] [PROG] s*=9.20/9.61 (95.7%) dist_goal=0.36
20:46:36 [INFO] [MPC] state=(+0.28,-4.81,-1.55) wp0=(+0.25,-4.86) v=+0.091 ω=+0.032 ok=True iters=7
20:46:36 [INFO] [PROG] s*=9.20/9.61 (95.7%) dist_goal=0.35
20:46:36 [INFO] [MPC] state=(+0.28,-4.82,-1.55) wp0=(+0.25,-4.86) v=+0.089 ω=+0.015 ok=True iters=7
20:46:36 [INFO] [PROG] s*=9.21/9.61 (95.8%) dist_goal=0.34
20:46:36 [INFO] [MPC] state=(+0.28,-4.83,-1.55) wp0=(+0.25,-4.87) v=+0.087 ω=+0.004 ok=True iters=7
20:46:36 [INFO] [PROG] s*=9.22/9.61 (95.9%) dist_goal=0.33
20:46:36 [INFO] [MPC] state=(+0.28,-4.83,-1.55) wp0=(+0.25,-4.87) v=+0.085 ω=-0.004 ok=True iters=7
20:46:36 [INFO] [PROG] s*=9.22/9.61 (95.9%) dist_goal=0.33
20:46:36 [INFO] [MPC] state=(+0.28,-4.84,-1.55) wp0=(+0.25,-4.88) v=+0.083 ω=-0.009 ok=True iters=7
20:46:36 [INFO] [PROG] s*=9.23/9.61 (96.0%) dist_goal=0.32
20:46:36 [INFO] [MPC] state=(+0.28,-4.85,-1.55) wp0=(+0.25,-4.89) v=+0.081 ω=-0.012 ok=True iters=7
20:46:36 [INFO] [PROG] s*=9.26/9.61 (96.3%) dist_goal=0.31
20:46:36 [INFO] [MPC] state=(+0.28,-4.86,-1.55) wp0=(+0.25,-4.92) v=+0.080 ω=-0.014 ok=True iters=7
20:46:36 [INFO] [PROG] s*=9.27/9.61 (96.4%) dist_goal=0.30
20:46:36 [INFO] [MPC] state=(+0.28,-4.87,-1.55) wp0=(+0.25,-4.93) v=+0.078 ω=-0.033 ok=True iters=7
20:46:36 [INFO] [PROG] s*=9.28/9.61 (96.5%) dist_goal=0.30
20:46:36 [INFO] [MPC] state=(+0.28,-4.88,-1.55) wp0=(+0.25,-4.93) v=+0.076 ω=-0.028 ok=True iters=7
20:46:36 [INFO] [PROG] s*=9.28/9.61 (96.6%) dist_goal=0.29
20:46:36 [INFO] [MPC] state=(+0.28,-4.88,-1.55) wp0=(+0.25,-4.94) v=+0.074 ω=-0.037 ok=True iters=7
20:46:36 [INFO] [PROG] s*=9.29/9.61 (96.6%) dist_goal=0.28
20:46:36 [INFO] [MPC] state=(+0.28,-4.89,-1.56) wp0=(+0.25,-4.95) v=+0.073 ω=-0.027 ok=True iters=7
20:46:36 [INFO] [PROG] s*=9.30/9.61 (96.7%) dist_goal=0.28
20:46:36 [INFO] [MPC] state=(+0.28,-4.90,-1.56) wp0=(+0.25,-4.96) v=+0.071 ω=-0.021 ok=True iters=7
20:46:36 [INFO] [PROG] s*=9.30/9.61 (96.8%) dist_goal=0.27
20:46:36 [INFO] [MPC] state=(+0.28,-4.91,-1.56) wp0=(+0.25,-4.96) v=+0.070 ω=-0.017 ok=True iters=8
20:46:36 [INFO] [PROG] s*=9.31/9.61 (96.9%) dist_goal=0.27
20:46:36 [INFO] [MPC] state=(+0.28,-4.91,-1.56) wp0=(+0.25,-4.97) v=+0.068 ω=-0.014 ok=True iters=8
20:46:36 [INFO] [PROG] s*=9.32/9.61 (96.9%) dist_goal=0.26
20:46:36 [INFO] [MPC] state=(+0.28,-4.92,-1.56) wp0=(+0.25,-4.98) v=+0.067 ω=-0.013 ok=True iters=8
20:46:36 [INFO] [PROG] s*=9.32/9.61 (97.0%) dist_goal=0.25
20:46:36 [INFO] [MPC] state=(+0.28,-4.93,-1.57) wp0=(+0.25,-4.98) v=+0.065 ω=-0.012 ok=True iters=9
20:46:36 [INFO] [PROG] s*=9.33/9.61 (97.1%) dist_goal=0.25
20:46:36 [INFO] [MPC] state=(+0.28,-4.93,-1.57) wp0=(+0.25,-4.99) v=+0.064 ω=-0.148 ok=True iters=9
20:46:36 [INFO] [PROG] s*=9.34/9.61 (97.1%) dist_goal=0.24
20:46:36 [INFO] [MPC] state=(+0.28,-4.94,-1.58) wp0=(+0.25,-4.99) v=+0.062 ω=-0.505 ok=True iters=9
20:46:36 [INFO] [PROG] s*=9.34/9.61 (97.2%) dist_goal=0.24
20:46:36 [INFO] [MPC] state=(+0.28,-4.94,-1.64) wp0=(+0.25,-5.00) v=+0.061 ω=-0.742 ok=True iters=10
20:46:36 [INFO] [PROG] s*=9.35/9.61 (97.2%) dist_goal=0.23
20:46:36 [INFO] [MPC] state=(+0.28,-4.95,-1.71) wp0=(+0.25,-5.01) v=+0.060 ω=-0.973 ok=True iters=10
20:46:36 [INFO] [PROG] s*=9.36/9.61 (97.3%) dist_goal=0.23
20:46:36 [INFO] [MPC] state=(+0.28,-4.96,-1.82) wp0=(+0.25,-5.01) v=+0.058 ω=-1.107 ok=True iters=10
20:46:36 [INFO] [PROG] s*=9.36/9.61 (97.4%) dist_goal=0.22
20:46:36 [INFO] [MPC] state=(+0.28,-4.96,-1.93) wp0=(+0.25,-5.02) v=+0.056 ω=-0.991 ok=True iters=9
20:46:36 [INFO] [PROG] s*=9.37/9.61 (97.4%) dist_goal=0.21
20:46:36 [INFO] [MPC] state=(+0.27,-4.97,-2.03) wp0=(+0.25,-5.02) v=+0.055 ω=-0.761 ok=True iters=9
20:46:36 [INFO] [PROG] s*=9.37/9.61 (97.5%) dist_goal=0.21
20:46:36 [INFO] [MPC] state=(+0.27,-4.97,-2.11) wp0=(+0.25,-5.03) v=+0.054 ω=-0.640 ok=True iters=9
20:46:36 [INFO] [PROG] s*=9.38/9.61 (97.5%) dist_goal=0.20
20:46:36 [INFO] [MPC] state=(+0.27,-4.98,-2.17) wp0=(+0.25,-5.03) v=+0.052 ω=-0.494 ok=True iters=9
20:46:36 [INFO] [PROG] s*=9.38/9.61 (97.6%) dist_goal=0.20
20:46:36 [INFO] [MPC] state=(+0.27,-4.98,-2.22) wp0=(+0.25,-5.04) v=+0.051 ω=-0.436 ok=True iters=12
20:46:36 [INFO] [PROG] s*=9.38/9.61 (97.6%) dist_goal=0.19
20:46:36 [INFO] [MPC] state=(+0.26,-4.99,-2.27) wp0=(+0.25,-5.04) v=+0.030 ω=-0.283 ok=True iters=11
20:46:36 [INFO] [PROG] s*=9.39/9.61 (97.6%) dist_goal=0.19
20:46:36 [INFO] [MPC] state=(+0.26,-4.99,-2.30) wp0=(+0.25,-5.04) v=+0.049 ω=-0.158 ok=True iters=11
20:46:36 [INFO] [PROG] s*=9.39/9.61 (97.7%) dist_goal=0.19
20:46:36 [INFO] [MPC] state=(+0.26,-4.99,-2.31) wp0=(+0.25,-5.05) v=+0.030 ω=-0.103 ok=True iters=11
20:46:36 [INFO] [PROG] s*=9.39/9.61 (97.7%) dist_goal=0.18
20:46:36 [INFO] [MPC] state=(+0.25,-5.00,-2.32) wp0=(+0.25,-5.05) v=+0.030 ω=-0.068 ok=True iters=13
20:46:36 [INFO] [PROG] s*=9.39/9.61 (97.7%) dist_goal=0.18
20:46:36 [INFO] [MPC] state=(+0.25,-5.00,-2.33) wp0=(+0.25,-5.05) v=+0.030 ω=-0.050 ok=True iters=13
20:46:36 [INFO] [PROG] s*=9.40/9.61 (97.7%) dist_goal=0.18
20:46:36 [INFO] [MPC] state=(+0.25,-5.00,-2.33) wp0=(+0.25,-5.05) v=+0.030 ω=-0.033 ok=True iters=11
20:46:36 [INFO] [PROG] s*=9.40/9.61 (97.7%) dist_goal=0.17
20:46:36 [INFO] [MPC] state=(+0.25,-5.00,-2.34) wp0=(+0.25,-5.05) v=+0.030 ω=-0.024 ok=True iters=12
20:46:36 [INFO] [PROG] s*=9.40/9.61 (97.8%) dist_goal=0.17
20:46:36 [INFO] [MPC] state=(+0.25,-5.00,-2.34) wp0=(+0.25,-5.05) v=+0.030 ω=-0.019 ok=True iters=11
20:46:36 [INFO] [PROG] s*=9.40/9.61 (97.8%) dist_goal=0.17
20:46:36 [INFO] [MPC] state=(+0.24,-5.01,-2.34) wp0=(+0.24,-5.06) v=+0.030 ω=-0.014 ok=True iters=9
20:46:36 [INFO] [PROG] s*=9.40/9.61 (97.8%) dist_goal=0.17
20:46:36 [INFO] [MPC] state=(+0.24,-5.01,-2.34) wp0=(+0.24,-5.06) v=+0.030 ω=-0.012 ok=True iters=8
20:46:36 [INFO] [PROG] s*=9.41/9.61 (97.8%) dist_goal=0.16
20:46:36 [INFO] [MPC] state=(+0.24,-5.01,-2.34) wp0=(+0.24,-5.06) v=+0.030 ω=-0.010 ok=True iters=9
20:46:36 [INFO] [PROG] s*=9.41/9.61 (97.9%) dist_goal=0.16
20:46:36 [INFO] [MPC] state=(+0.24,-5.01,-2.34) wp0=(+0.24,-5.06) v=+0.030 ω=-0.008 ok=True iters=10
20:46:36 [INFO] [PROG] s*=9.41/9.61 (97.9%) dist_goal=0.16
20:46:36 [INFO] [MPC] state=(+0.23,-5.02,-2.34) wp0=(+0.24,-5.06) v=+0.030 ω=-0.007 ok=True iters=11
20:46:36 [INFO] [PROG] s*=9.41/9.61 (97.9%) dist_goal=0.15
20:46:36 [INFO] [MPC] state=(+0.23,-5.02,-2.35) wp0=(+0.24,-5.06) v=+0.030 ω=-0.006 ok=True iters=11
20:46:36 [INFO] [PROG] s*=9.41/9.61 (97.9%) dist_goal=0.15
20:46:36 [INFO] [MPC] state=(+0.23,-5.02,-2.35) wp0=(+0.23,-5.07) v=+0.030 ω=-0.031 ok=True iters=11
20:46:36 [INFO] [PROG] s*=9.42/9.61 (97.9%) dist_goal=0.15
20:46:36 [INFO] [MPC] state=(+0.23,-5.02,-2.35) wp0=(+0.23,-5.07) v=+0.030 ω=-0.022 ok=True iters=13
20:46:36 [INFO] [PROG] s*=9.42/9.61 (98.0%) dist_goal=0.14
20:46:36 [INFO] [MPC] state=(+0.23,-5.02,-2.35) wp0=(+0.23,-5.07) v=+0.030 ω=-0.015 ok=True iters=11
20:46:36 [INFO] [PROG] s*=9.42/9.61 (98.0%) dist_goal=0.14
20:46:36 [INFO] [MPC] state=(+0.22,-5.03,-2.35) wp0=(+0.23,-5.07) v=+0.030 ω=-0.012 ok=True iters=11
20:46:36 [INFO] [PROG] s*=9.42/9.61 (98.0%) dist_goal=0.14
20:46:36 [INFO] [MPC] state=(+0.22,-5.03,-2.35) wp0=(+0.23,-5.07) v=+0.030 ω=-0.008 ok=True iters=13
20:46:36 [INFO] [PROG] s*=9.42/9.61 (98.0%) dist_goal=0.14
20:46:36 [INFO] [MPC] state=(+0.22,-5.03,-2.35) wp0=(+0.23,-5.07) v=+0.030 ω=-0.008 ok=True iters=12
20:46:36 [INFO] [PROG] s*=9.43/9.61 (98.1%) dist_goal=0.13
20:46:36 [INFO] [MPC] state=(+0.22,-5.03,-2.35) wp0=(+0.23,-5.07) v=+0.030 ω=-0.006 ok=True iters=12
20:46:36 [INFO] [PROG] s*=9.46/9.61 (98.4%) dist_goal=0.13
20:46:36 [INFO] [MPC] state=(+0.22,-5.03,-2.35) wp0=(+0.20,-5.10) v=+0.030 ω=-0.005 ok=True iters=12
20:46:36 [INFO] [PROG] s*=9.46/9.61 (98.4%) dist_goal=0.13
20:46:36 [INFO] [MPC] state=(+0.21,-5.04,-2.35) wp0=(+0.20,-5.10) v=+0.030 ω=-0.004 ok=True iters=10
20:46:36 [INFO] [PROG] s*=9.46/9.61 (98.4%) dist_goal=0.12
20:46:36 [INFO] [MPC] state=(+0.21,-5.04,-2.36) wp0=(+0.20,-5.10) v=+0.030 ω=-0.002 ok=True iters=10
20:46:36 [INFO] [PROG] s*=9.47/9.61 (98.5%) dist_goal=0.12
20:46:36 [INFO] [MPC] state=(+0.21,-5.04,-2.36) wp0=(+0.20,-5.10) v=+0.030 ω=-0.004 ok=True iters=9
20:46:36 [INFO] [PROG] s*=9.47/9.61 (98.5%) dist_goal=0.12
20:46:36 [INFO] [MPC] state=(+0.21,-5.04,-2.36) wp0=(+0.19,-5.11) v=+0.030 ω=-0.003 ok=True iters=9
20:46:36 [INFO] [PROG] s*=9.47/9.61 (98.5%) dist_goal=0.12
20:46:36 [INFO] [MPC] state=(+0.21,-5.04,-2.35) wp0=(+0.19,-5.11) v=+0.030 ω=-0.005 ok=True iters=5
20:46:36 [INFO] [PROG] s*=9.48/9.61 (98.6%) dist_goal=0.11
20:46:36 [INFO] [MPC] state=(+0.20,-5.05,-2.36) wp0=(+0.19,-5.11) v=+0.030 ω=-0.003 ok=True iters=5
20:46:36 [INFO] [PROG] s*=9.48/9.61 (98.6%) dist_goal=0.11
20:46:36 [INFO] [MPC] state=(+0.20,-5.05,-2.36) wp0=(+0.19,-5.11) v=+0.030 ω=-0.005 ok=True iters=5
20:46:36 [INFO] [PROG] s*=9.48/9.61 (98.6%) dist_goal=0.11
20:46:36 [INFO] [MPC] state=(+0.20,-5.05,-2.36) wp0=(+0.19,-5.11) v=+0.030 ω=-0.004 ok=True iters=5
20:46:36 [INFO] [PROG] s*=9.49/9.61 (98.7%) dist_goal=0.10
20:46:36 [INFO] [MPC] state=(+0.20,-5.05,-2.36) wp0=(+0.18,-5.12) v=+0.030 ω=-0.005 ok=True iters=5
20:46:36 [INFO] [PROG] s*=9.49/9.61 (98.7%) dist_goal=0.10
20:46:36 [INFO] [MPC] state=(+0.19,-5.06,-2.36) wp0=(+0.18,-5.12) v=+0.030 ω=-0.028 ok=True iters=5
20:46:36 [INFO] [PROG] s*=9.49/9.61 (98.7%) dist_goal=0.10
20:46:36 [INFO] [MPC] state=(+0.19,-5.06,-2.36) wp0=(+0.18,-5.12) v=+0.030 ω=-0.019 ok=True iters=5
