20:52:29 [INFO] === New MPC Session Started ===
20:52:29 [DEBUG] matplotlib data path: /home/max/.local/lib/python3.10/site-packages/matplotlib/mpl-data
20:52:29 [DEBUG] CONFIGDIR=/home/max/.config/matplotlib
20:52:29 [DEBUG] interactive is False
20:52:29 [DEBUG] platform is linux
20:52:30 [DEBUG] CACHEDIR=/home/max/.cache/matplotlib
20:52:30 [DEBUG] Using fontManager instance from /home/max/.cache/matplotlib/fontlist-v390.json
20:52:30 [DEBUG] falling back to hashlib hashing: `pip install xxhash`for 50x faster cache checks
20:52:30 [INFO] CrowdNavPyBulletEnv initializing...
20:52:30 [DEBUG] `trimesh.load(force='mesh')` is a compatibility wrapper for `trimesh.load_mesh`
20:52:30 [DEBUG] 3 items cleared from cache: ['triangles', 'triangles_cross', 'face_normals']
20:52:30 [DEBUG] 1 items cleared from cache: ['face_normals']
20:52:33 [INFO] World ready | grid: (220, 120), res: 0.1, N=10, T=0.1
20:52:34 [INFO] [PROG] s*=0.00/5.97 (0.0%) dist_goal=3.73
20:52:34 [INFO] [MPC] state=(-4.64,+4.96,-0.39) wp0=(-4.57,+4.95) v=+0.200 ω=-0.595 ok=True iters=6
20:52:34 [INFO] [PROG] s*=0.01/5.97 (0.1%) dist_goal=3.72
20:52:34 [INFO] [MPC] state=(-4.63,+4.96,-0.43) wp0=(-4.56,+4.95) v=+0.200 ω=-0.964 ok=True iters=7
20:52:34 [INFO] [PROG] s*=0.02/5.97 (0.4%) dist_goal=3.71
20:52:34 [INFO] [MPC] state=(-4.61,+4.95,-0.48) wp0=(-4.55,+4.95) v=+0.200 ω=-0.798 ok=True iters=7
20:52:34 [INFO] [PROG] s*=0.04/5.97 (0.6%) dist_goal=3.70
20:52:34 [INFO] [MPC] state=(-4.60,+4.94,-0.53) wp0=(-4.54,+4.94) v=+0.200 ω=-0.639 ok=True iters=7
20:52:34 [INFO] [PROG] s*=0.05/5.97 (0.9%) dist_goal=3.68
20:52:34 [INFO] [MPC] state=(-4.58,+4.93,-0.56) wp0=(-4.53,+4.93) v=+0.200 ω=-0.538 ok=True iters=7
20:52:34 [INFO] [PROG] s*=0.10/5.97 (1.6%) dist_goal=3.67
20:52:34 [INFO] [MPC] state=(-4.57,+4.92,-0.59) wp0=(-4.49,+4.89) v=+0.200 ω=-0.451 ok=True iters=7
20:52:34 [INFO] [PROG] s*=0.12/5.97 (2.0%) dist_goal=3.66
20:52:34 [INFO] [MPC] state=(-4.55,+4.91,-0.62) wp0=(-4.48,+4.88) v=+0.200 ω=-0.383 ok=True iters=7
20:52:34 [INFO] [PROG] s*=0.14/5.97 (2.3%) dist_goal=3.64
20:52:34 [INFO] [MPC] state=(-4.54,+4.90,-0.64) wp0=(-4.47,+4.87) v=+0.200 ω=-0.228 ok=True iters=7
20:52:34 [INFO] [PROG] s*=0.16/5.97 (2.6%) dist_goal=3.63
20:52:34 [INFO] [MPC] state=(-4.52,+4.88,-0.66) wp0=(-4.45,+4.85) v=+0.200 ω=-0.193 ok=True iters=7
20:52:34 [INFO] [PROG] s*=0.18/5.97 (3.0%) dist_goal=3.62
20:52:34 [INFO] [MPC] state=(-4.50,+4.87,-0.68) wp0=(-4.44,+4.84) v=+0.200 ω=-0.162 ok=True iters=7
20:52:34 [INFO] [PROG] s*=0.20/5.97 (3.3%) dist_goal=3.60
20:52:34 [INFO] [MPC] state=(-4.49,+4.86,-0.69) wp0=(-4.42,+4.82) v=+0.200 ω=-0.135 ok=True iters=7
20:52:34 [INFO] [PROG] s*=0.22/5.97 (3.7%) dist_goal=3.59
20:52:34 [INFO] [MPC] state=(-4.47,+4.85,-0.70) wp0=(-4.41,+4.81) v=+0.200 ω=-0.110 ok=True iters=7
20:52:34 [INFO] [PROG] s*=0.24/5.97 (4.0%) dist_goal=3.57
20:52:34 [INFO] [MPC] state=(-4.46,+4.83,-0.71) wp0=(-4.40,+4.80) v=+0.200 ω=-0.088 ok=True iters=7
20:52:34 [INFO] [PROG] s*=0.26/5.97 (4.3%) dist_goal=3.56
20:52:34 [INFO] [MPC] state=(-4.44,+4.82,-0.72) wp0=(-4.38,+4.78) v=+0.200 ω=-0.071 ok=True iters=7
20:52:34 [INFO] [PROG] s*=0.28/5.97 (4.7%) dist_goal=3.55
20:52:34 [INFO] [MPC] state=(-4.43,+4.81,-0.73) wp0=(-4.37,+4.77) v=+0.200 ω=-0.059 ok=True iters=7
20:52:34 [INFO] [PROG] s*=0.30/5.97 (5.0%) dist_goal=3.53
20:52:34 [INFO] [MPC] state=(-4.41,+4.79,-0.73) wp0=(-4.35,+4.75) v=+0.200 ω=-0.050 ok=True iters=7
20:52:34 [INFO] [PROG] s*=0.32/5.97 (5.4%) dist_goal=3.52
20:52:34 [INFO] [MPC] state=(-4.40,+4.78,-0.74) wp0=(-4.34,+4.74) v=+0.200 ω=-0.043 ok=True iters=7
20:52:34 [INFO] [PROG] s*=0.34/5.97 (5.7%) dist_goal=3.50
20:52:34 [INFO] [MPC] state=(-4.38,+4.76,-0.74) wp0=(-4.32,+4.72) v=+0.200 ω=-0.025 ok=True iters=7
20:52:34 [INFO] [PROG] s*=0.36/5.97 (6.1%) dist_goal=3.49
20:52:34 [INFO] [MPC] state=(-4.37,+4.75,-0.74) wp0=(-4.31,+4.71) v=+0.200 ω=+0.048 ok=True iters=7
20:52:34 [INFO] [PROG] s*=0.38/5.97 (6.4%) dist_goal=3.47
20:52:34 [INFO] [MPC] state=(-4.35,+4.74,-0.74) wp0=(-4.29,+4.69) v=+0.200 ω=+0.106 ok=True iters=7
20:52:34 [INFO] [PROG] s*=0.40/5.97 (6.7%) dist_goal=3.46
20:52:34 [INFO] [MPC] state=(-4.34,+4.72,-0.73) wp0=(-4.28,+4.68) v=+0.200 ω=+0.150 ok=True iters=7
20:52:34 [INFO] [PROG] s*=0.42/5.97 (7.1%) dist_goal=3.45
20:52:34 [INFO] [MPC] state=(-4.32,+4.71,-0.71) wp0=(-4.27,+4.67) v=+0.200 ω=+0.130 ok=True iters=7
20:52:34 [INFO] [PROG] s*=0.44/5.97 (7.4%) dist_goal=3.43
20:52:34 [INFO] [MPC] state=(-4.30,+4.70,-0.70) wp0=(-4.25,+4.65) v=+0.200 ω=+0.113 ok=True iters=7
20:52:34 [INFO] [PROG] s*=0.46/5.97 (7.7%) dist_goal=3.42
20:52:34 [INFO] [MPC] state=(-4.29,+4.68,-0.69) wp0=(-4.24,+4.64) v=+0.200 ω=+0.127 ok=True iters=7
20:52:34 [INFO] [PROG] s*=0.48/5.97 (8.1%) dist_goal=3.41
20:52:34 [INFO] [MPC] state=(-4.27,+4.67,-0.68) wp0=(-4.22,+4.62) v=+0.200 ω=+0.123 ok=True iters=7
20:52:34 [INFO] [PROG] s*=0.50/5.97 (8.4%) dist_goal=3.40
20:52:34 [INFO] [MPC] state=(-4.26,+4.66,-0.67) wp0=(-4.21,+4.61) v=+0.200 ω=+0.137 ok=True iters=8
20:52:34 [INFO] [PROG] s*=0.52/5.97 (8.7%) dist_goal=3.38
20:52:34 [INFO] [MPC] state=(-4.24,+4.65,-0.66) wp0=(-4.19,+4.59) v=+0.200 ω=+0.164 ok=True iters=8
20:52:34 [INFO] [PROG] s*=0.54/5.97 (9.1%) dist_goal=3.37
20:52:34 [INFO] [MPC] state=(-4.23,+4.63,-0.64) wp0=(-4.18,+4.58) v=+0.200 ω=+0.174 ok=True iters=8
20:52:34 [INFO] [PROG] s*=0.56/5.97 (9.4%) dist_goal=3.36
20:52:34 [INFO] [MPC] state=(-4.21,+4.62,-0.63) wp0=(-4.17,+4.57) v=+0.200 ω=+0.184 ok=True iters=8
20:52:34 [INFO] [PROG] s*=0.58/5.97 (9.7%) dist_goal=3.35
20:52:34 [INFO] [MPC] state=(-4.19,+4.61,-0.61) wp0=(-4.15,+4.55) v=+0.200 ω=+0.193 ok=True iters=8
20:52:34 [INFO] [PROG] s*=0.60/5.97 (10.1%) dist_goal=3.34
20:52:34 [INFO] [MPC] state=(-4.18,+4.60,-0.60) wp0=(-4.14,+4.54) v=+0.200 ω=+0.206 ok=True iters=8
20:52:34 [INFO] [PROG] s*=0.62/5.97 (10.4%) dist_goal=3.33
20:52:34 [INFO] [MPC] state=(-4.16,+4.59,-0.58) wp0=(-4.13,+4.53) v=+0.200 ω=+0.478 ok=True iters=8
20:52:34 [INFO] [PROG] s*=0.63/5.97 (10.6%) dist_goal=3.32
20:52:34 [INFO] [MPC] state=(-4.15,+4.58,-0.55) wp0=(-4.12,+4.52) v=+0.200 ω=+1.108 ok=True iters=7
20:52:34 [INFO] [PROG] s*=0.65/5.97 (10.9%) dist_goal=3.32
20:52:34 [INFO] [MPC] state=(-4.13,+4.57,-0.49) wp0=(-4.11,+4.51) v=+0.200 ω=+1.496 ok=True iters=7
20:52:34 [INFO] [PROG] s*=0.66/5.97 (11.1%) dist_goal=3.31
20:52:34 [INFO] [MPC] state=(-4.12,+4.56,-0.41) wp0=(-4.10,+4.50) v=+0.200 ω=+1.402 ok=True iters=7
20:52:34 [INFO] [PROG] s*=0.67/5.97 (11.3%) dist_goal=3.31
20:52:34 [INFO] [MPC] state=(-4.11,+4.56,-0.34) wp0=(-4.09,+4.49) v=+0.200 ω=+1.290 ok=True iters=7
20:52:34 [INFO] [PROG] s*=0.69/5.97 (11.5%) dist_goal=3.30
20:52:34 [INFO] [MPC] state=(-4.09,+4.55,-0.26) wp0=(-4.08,+4.48) v=+0.200 ω=+1.150 ok=True iters=7
20:52:34 [INFO] [PROG] s*=0.70/5.97 (11.7%) dist_goal=3.30
20:52:34 [INFO] [MPC] state=(-4.08,+4.55,-0.20) wp0=(-4.07,+4.47) v=+0.200 ω=+1.017 ok=True iters=7
20:52:34 [INFO] [PROG] s*=0.71/5.97 (12.0%) dist_goal=3.30
20:52:34 [INFO] [MPC] state=(-4.06,+4.55,-0.14) wp0=(-4.06,+4.46) v=+0.200 ω=+0.827 ok=True iters=7
20:52:34 [INFO] [PROG] s*=0.73/5.97 (12.2%) dist_goal=3.30
20:52:34 [INFO] [MPC] state=(-4.04,+4.55,-0.10) wp0=(-4.05,+4.45) v=+0.200 ω=+0.642 ok=True iters=7
20:52:34 [INFO] [PROG] s*=0.82/5.97 (13.7%) dist_goal=3.30
20:52:34 [INFO] [MPC] state=(-4.03,+4.54,-0.06) wp0=(-3.96,+4.45) v=+0.200 ω=+0.528 ok=True iters=7
20:52:34 [INFO] [PROG] s*=0.84/5.97 (14.0%) dist_goal=3.30
20:52:34 [INFO] [MPC] state=(-4.01,+4.54,-0.03) wp0=(-3.94,+4.45) v=+0.200 ω=+0.414 ok=True iters=7
20:52:34 [INFO] [PROG] s*=0.86/5.97 (14.3%) dist_goal=3.30
20:52:34 [INFO] [MPC] state=(-3.99,+4.54,-0.01) wp0=(-3.92,+4.45) v=+0.200 ω=+0.334 ok=True iters=7
20:52:34 [INFO] [PROG] s*=0.88/5.97 (14.7%) dist_goal=3.31
20:52:34 [INFO] [MPC] state=(-3.97,+4.54,+0.01) wp0=(-3.90,+4.45) v=+0.200 ω=+0.269 ok=True iters=7
20:52:34 [INFO] [PROG] s*=0.89/5.97 (15.0%) dist_goal=3.31
20:52:34 [INFO] [MPC] state=(-3.95,+4.54,+0.03) wp0=(-3.88,+4.45) v=+0.200 ω=+0.164 ok=True iters=7
20:52:34 [INFO] [PROG] s*=0.91/5.97 (15.3%) dist_goal=3.31
20:52:34 [INFO] [MPC] state=(-3.93,+4.54,+0.04) wp0=(-3.86,+4.45) v=+0.200 ω=+0.123 ok=True iters=7
20:52:34 [INFO] [PROG] s*=0.94/5.97 (15.7%) dist_goal=3.31
20:52:34 [INFO] [MPC] state=(-3.91,+4.54,+0.05) wp0=(-3.84,+4.45) v=+0.200 ω=+0.083 ok=True iters=7
20:52:34 [INFO] [PROG] s*=0.96/5.97 (16.0%) dist_goal=3.32
20:52:34 [INFO] [MPC] state=(-3.89,+4.55,+0.06) wp0=(-3.82,+4.45) v=+0.200 ω=+0.047 ok=True iters=7
20:52:34 [INFO] [PROG] s*=0.98/5.97 (16.3%) dist_goal=3.32
20:52:34 [INFO] [MPC] state=(-3.87,+4.55,+0.06) wp0=(-3.80,+4.45) v=+0.200 ω=+0.022 ok=True iters=7
20:52:34 [INFO] [PROG] s*=1.00/5.97 (16.7%) dist_goal=3.33
20:52:34 [INFO] [MPC] state=(-3.85,+4.55,+0.06) wp0=(-3.78,+4.45) v=+0.200 ω=+0.005 ok=True iters=7
20:52:34 [INFO] [PROG] s*=1.02/5.97 (17.0%) dist_goal=3.33
20:52:34 [INFO] [MPC] state=(-3.83,+4.55,+0.06) wp0=(-3.76,+4.45) v=+0.200 ω=-0.005 ok=True iters=7
20:52:34 [INFO] [PROG] s*=1.04/5.97 (17.3%) dist_goal=3.33
20:52:34 [INFO] [MPC] state=(-3.81,+4.55,+0.06) wp0=(-3.74,+4.45) v=+0.200 ω=-0.012 ok=True iters=7
20:52:34 [INFO] [PROG] s*=1.06/5.97 (17.7%) dist_goal=3.34
20:52:34 [INFO] [MPC] state=(-3.79,+4.55,+0.06) wp0=(-3.72,+4.45) v=+0.200 ω=-0.072 ok=True iters=7
20:52:34 [INFO] [PROG] s*=1.08/5.97 (18.0%) dist_goal=3.34
20:52:34 [INFO] [MPC] state=(-3.77,+4.55,+0.06) wp0=(-3.70,+4.45) v=+0.200 ω=-0.055 ok=True iters=7
20:52:34 [INFO] [PROG] s*=1.10/5.97 (18.4%) dist_goal=3.35
20:52:34 [INFO] [MPC] state=(-3.75,+4.55,+0.05) wp0=(-3.68,+4.45) v=+0.200 ω=-0.043 ok=True iters=8
20:52:34 [INFO] [PROG] s*=1.12/5.97 (18.7%) dist_goal=3.35
20:52:34 [INFO] [MPC] state=(-3.73,+4.56,+0.05) wp0=(-3.66,+4.45) v=+0.200 ω=-0.035 ok=True iters=8
20:52:34 [INFO] [PROG] s*=1.14/5.97 (19.0%) dist_goal=3.35
20:52:34 [INFO] [MPC] state=(-3.71,+4.56,+0.04) wp0=(-3.64,+4.45) v=+0.200 ω=-0.031 ok=True iters=8
20:52:34 [INFO] [PROG] s*=1.16/5.97 (19.4%) dist_goal=3.36
20:52:34 [INFO] [MPC] state=(-3.69,+4.56,+0.04) wp0=(-3.62,+4.45) v=+0.200 ω=-0.026 ok=True iters=8
20:52:34 [INFO] [PROG] s*=1.18/5.97 (19.7%) dist_goal=3.36
20:52:34 [INFO] [MPC] state=(-3.67,+4.56,+0.04) wp0=(-3.60,+4.45) v=+0.200 ω=-0.119 ok=True iters=8
20:52:35 [INFO] [PROG] s*=1.20/5.97 (20.1%) dist_goal=3.37
20:52:35 [INFO] [MPC] state=(-3.65,+4.56,+0.03) wp0=(-3.58,+4.45) v=+0.200 ω=-0.082 ok=True iters=8
20:52:35 [INFO] [PROG] s*=1.22/5.97 (20.4%) dist_goal=3.37
20:52:35 [INFO] [MPC] state=(-3.63,+4.56,+0.02) wp0=(-3.56,+4.45) v=+0.200 ω=-0.053 ok=True iters=8
20:52:35 [INFO] [PROG] s*=1.24/5.97 (20.7%) dist_goal=3.38
20:52:35 [INFO] [MPC] state=(-3.61,+4.56,+0.01) wp0=(-3.54,+4.45) v=+0.200 ω=-0.038 ok=True iters=8
20:52:35 [INFO] [PROG] s*=1.26/5.97 (21.1%) dist_goal=3.38
20:52:35 [INFO] [MPC] state=(-3.59,+4.56,+0.01) wp0=(-3.52,+4.45) v=+0.200 ω=-0.028 ok=True iters=8
20:52:35 [INFO] [PROG] s*=1.28/5.97 (21.4%) dist_goal=3.38
20:52:35 [INFO] [MPC] state=(-3.57,+4.56,+0.01) wp0=(-3.50,+4.45) v=+0.200 ω=-0.118 ok=True iters=8
20:52:35 [INFO] [PROG] s*=1.30/5.97 (21.8%) dist_goal=3.39
20:52:35 [INFO] [MPC] state=(-3.55,+4.56,-0.00) wp0=(-3.48,+4.45) v=+0.200 ω=-0.083 ok=True iters=8
20:52:35 [INFO] [PROG] s*=1.32/5.97 (22.1%) dist_goal=3.39
20:52:35 [INFO] [MPC] state=(-3.53,+4.56,-0.01) wp0=(-3.46,+4.45) v=+0.200 ω=-0.056 ok=True iters=8
20:52:35 [INFO] [PROG] s*=1.34/5.97 (22.4%) dist_goal=3.40
20:52:35 [INFO] [MPC] state=(-3.51,+4.56,-0.02) wp0=(-3.44,+4.45) v=+0.200 ω=-0.036 ok=True iters=8
20:52:35 [INFO] [PROG] s*=1.36/5.97 (22.8%) dist_goal=3.40
20:52:35 [INFO] [MPC] state=(-3.49,+4.56,-0.02) wp0=(-3.42,+4.45) v=+0.200 ω=-0.038 ok=True iters=8
20:52:35 [INFO] [PROG] s*=1.38/5.97 (23.1%) dist_goal=3.40
20:52:35 [INFO] [MPC] state=(-3.47,+4.56,-0.02) wp0=(-3.40,+4.45) v=+0.200 ω=-0.059 ok=True iters=8
20:52:35 [INFO] [PROG] s*=1.40/5.97 (23.5%) dist_goal=3.41
20:52:35 [INFO] [MPC] state=(-3.45,+4.56,-0.03) wp0=(-3.38,+4.45) v=+0.200 ω=-0.090 ok=True iters=9
20:52:35 [INFO] [PROG] s*=1.42/5.97 (23.8%) dist_goal=3.41
20:52:35 [INFO] [MPC] state=(-3.43,+4.56,-0.04) wp0=(-3.36,+4.45) v=+0.200 ω=-0.109 ok=True iters=9
20:52:35 [INFO] [PROG] s*=1.44/5.97 (24.1%) dist_goal=3.42
20:52:35 [INFO] [MPC] state=(-3.41,+4.56,-0.05) wp0=(-3.34,+4.45) v=+0.200 ω=-0.101 ok=True iters=9
20:52:35 [INFO] [PROG] s*=1.46/5.97 (24.5%) dist_goal=3.42
20:52:35 [INFO] [MPC] state=(-3.39,+4.56,-0.06) wp0=(-3.32,+4.45) v=+0.200 ω=-0.102 ok=True iters=9
20:52:35 [INFO] [PROG] s*=1.48/5.97 (24.8%) dist_goal=3.42
20:52:35 [INFO] [MPC] state=(-3.37,+4.55,-0.07) wp0=(-3.30,+4.45) v=+0.200 ω=-0.112 ok=True iters=9
20:52:35 [INFO] [PROG] s*=1.50/5.97 (25.1%) dist_goal=3.43
20:52:35 [INFO] [MPC] state=(-3.35,+4.55,-0.08) wp0=(-3.27,+4.45) v=+0.200 ω=-0.137 ok=True iters=10
20:52:35 [INFO] [PROG] s*=1.52/5.97 (25.5%) dist_goal=3.43
20:52:35 [INFO] [MPC] state=(-3.32,+4.55,-0.09) wp0=(-3.25,+4.45) v=+0.200 ω=-0.151 ok=True iters=10
20:52:35 [INFO] [PROG] s*=1.54/5.97 (25.8%) dist_goal=3.44
20:52:35 [INFO] [MPC] state=(-3.30,+4.55,-0.10) wp0=(-3.23,+4.45) v=+0.200 ω=-0.168 ok=True iters=10
20:52:35 [INFO] [PROG] s*=1.56/5.97 (26.2%) dist_goal=3.44
20:52:35 [INFO] [MPC] state=(-3.28,+4.55,-0.11) wp0=(-3.22,+4.45) v=+0.200 ω=-0.180 ok=True iters=11
20:52:35 [INFO] [PROG] s*=1.58/5.97 (26.5%) dist_goal=3.44
20:52:35 [INFO] [MPC] state=(-3.27,+4.54,-0.13) wp0=(-3.20,+4.45) v=+0.200 ω=-0.195 ok=True iters=11
20:52:35 [INFO] [PROG] s*=1.60/5.97 (26.8%) dist_goal=3.44
20:52:35 [INFO] [MPC] state=(-3.25,+4.54,-0.14) wp0=(-3.18,+4.45) v=+0.200 ω=-0.211 ok=True iters=14
20:52:35 [INFO] [PROG] s*=1.62/5.97 (27.1%) dist_goal=3.45
20:52:35 [INFO] [MPC] state=(-3.23,+4.54,-0.16) wp0=(-3.16,+4.45) v=+0.200 ω=-0.667 ok=True iters=10
20:52:35 [INFO] [PROG] s*=1.63/5.97 (27.3%) dist_goal=3.45
20:52:35 [INFO] [MPC] state=(-3.21,+4.54,-0.19) wp0=(-3.14,+4.45) v=+0.200 ω=-2.186 ok=True iters=9
20:52:35 [INFO] [PROG] s*=1.64/5.97 (27.5%) dist_goal=3.45
20:52:35 [INFO] [MPC] state=(-3.19,+4.53,-0.30) wp0=(-3.13,+4.45) v=+0.200 ω=-2.400 ok=True iters=9
20:52:35 [INFO] [PROG] s*=1.65/5.97 (27.7%) dist_goal=3.44
20:52:35 [INFO] [MPC] state=(-3.18,+4.53,-0.42) wp0=(-3.12,+4.45) v=+0.200 ω=-2.400 ok=True iters=9
20:52:35 [INFO] [PROG] s*=1.66/5.97 (27.9%) dist_goal=3.44
20:52:35 [INFO] [MPC] state=(-3.17,+4.52,-0.55) wp0=(-3.11,+4.45) v=+0.200 ω=-2.400 ok=True iters=12
20:52:35 [INFO] [PROG] s*=1.67/5.97 (28.0%) dist_goal=3.44
20:52:35 [INFO] [MPC] state=(-3.16,+4.52,-0.68) wp0=(-3.10,+4.45) v=+0.200 ω=-2.400 ok=True iters=12
20:52:35 [INFO] [PROG] s*=1.68/5.97 (28.1%) dist_goal=3.43
20:52:35 [INFO] [MPC] state=(-3.15,+4.51,-0.80) wp0=(-3.10,+4.45) v=+0.200 ω=-2.163 ok=True iters=8
20:52:35 [INFO] [PROG] s*=1.69/5.97 (28.3%) dist_goal=3.42
20:52:35 [INFO] [MPC] state=(-3.15,+4.50,-0.91) wp0=(-3.09,+4.45) v=+0.200 ω=-1.934 ok=True iters=8
20:52:35 [INFO] [PROG] s*=1.70/5.97 (28.4%) dist_goal=3.41
20:52:35 [INFO] [MPC] state=(-3.14,+4.49,-1.01) wp0=(-3.08,+4.45) v=+0.200 ω=-1.583 ok=True iters=8
20:52:35 [INFO] [PROG] s*=1.70/5.97 (28.5%) dist_goal=3.40
20:52:35 [INFO] [MPC] state=(-3.13,+4.47,-1.10) wp0=(-3.07,+4.45) v=+0.200 ω=-1.293 ok=True iters=8
20:52:35 [INFO] [PROG] s*=1.71/5.97 (28.6%) dist_goal=3.39
20:52:35 [INFO] [MPC] state=(-3.12,+4.46,-1.17) wp0=(-3.07,+4.45) v=+0.200 ω=-1.059 ok=True iters=8
20:52:35 [INFO] [PROG] s*=1.71/5.97 (28.7%) dist_goal=3.37
20:52:35 [INFO] [MPC] state=(-3.12,+4.44,-1.23) wp0=(-3.06,+4.45) v=+0.200 ω=-0.848 ok=True iters=8
20:52:35 [INFO] [PROG] s*=1.72/5.97 (28.8%) dist_goal=3.36
20:52:35 [INFO] [MPC] state=(-3.11,+4.43,-1.28) wp0=(-3.06,+4.45) v=+0.200 ω=-0.712 ok=True iters=8
20:52:35 [INFO] [PROG] s*=1.83/5.97 (30.7%) dist_goal=3.34
20:52:35 [INFO] [MPC] state=(-3.11,+4.41,-1.32) wp0=(-3.05,+4.34) v=+0.200 ω=-0.533 ok=True iters=8
20:52:35 [INFO] [PROG] s*=1.85/5.97 (31.0%) dist_goal=3.33
20:52:35 [INFO] [MPC] state=(-3.10,+4.39,-1.35) wp0=(-3.05,+4.32) v=+0.200 ω=-0.458 ok=True iters=7
20:52:35 [INFO] [PROG] s*=1.87/5.97 (31.4%) dist_goal=3.31
20:52:35 [INFO] [MPC] state=(-3.10,+4.37,-1.38) wp0=(-3.05,+4.30) v=+0.200 ω=-0.357 ok=True iters=7
20:52:35 [INFO] [PROG] s*=1.89/5.97 (31.7%) dist_goal=3.30
20:52:35 [INFO] [MPC] state=(-3.10,+4.35,-1.40) wp0=(-3.05,+4.29) v=+0.200 ω=-0.273 ok=True iters=7
20:52:35 [INFO] [PROG] s*=1.91/5.97 (32.0%) dist_goal=3.28
20:52:35 [INFO] [MPC] state=(-3.09,+4.34,-1.42) wp0=(-3.05,+4.27) v=+0.200 ω=-0.201 ok=True iters=7
20:52:35 [INFO] [PROG] s*=1.93/5.97 (32.3%) dist_goal=3.26
20:52:35 [INFO] [MPC] state=(-3.09,+4.32,-1.43) wp0=(-3.05,+4.25) v=+0.200 ω=-0.144 ok=True iters=7
20:52:35 [INFO] [PROG] s*=1.95/5.97 (32.7%) dist_goal=3.24
20:52:35 [INFO] [MPC] state=(-3.09,+4.30,-1.44) wp0=(-3.05,+4.23) v=+0.200 ω=-0.099 ok=True iters=7
20:52:35 [INFO] [PROG] s*=1.97/5.97 (33.0%) dist_goal=3.22
20:52:35 [INFO] [MPC] state=(-3.08,+4.28,-1.45) wp0=(-3.05,+4.21) v=+0.200 ω=-0.044 ok=True iters=7
20:52:35 [INFO] [PROG] s*=1.99/5.97 (33.4%) dist_goal=3.21
20:52:35 [INFO] [MPC] state=(-3.08,+4.26,-1.46) wp0=(-3.05,+4.18) v=+0.200 ω=+0.002 ok=True iters=7
20:52:35 [INFO] [PROG] s*=2.01/5.97 (33.7%) dist_goal=3.19
20:52:35 [INFO] [MPC] state=(-3.08,+4.23,-1.46) wp0=(-3.05,+4.16) v=+0.200 ω=-0.003 ok=True iters=7
20:52:35 [INFO] [PROG] s*=2.03/5.97 (34.0%) dist_goal=3.17
20:52:35 [INFO] [MPC] state=(-3.08,+4.21,-1.46) wp0=(-3.05,+4.14) v=+0.200 ω=-0.009 ok=True iters=7
20:52:35 [INFO] [PROG] s*=2.05/5.97 (34.4%) dist_goal=3.15
20:52:35 [INFO] [MPC] state=(-3.08,+4.19,-1.46) wp0=(-3.05,+4.12) v=+0.200 ω=-0.010 ok=True iters=7
20:52:35 [INFO] [PROG] s*=2.07/5.97 (34.7%) dist_goal=3.13
20:52:35 [INFO] [MPC] state=(-3.07,+4.17,-1.46) wp0=(-3.05,+4.10) v=+0.200 ω=+0.022 ok=True iters=7
20:52:35 [INFO] [PROG] s*=2.09/5.97 (35.0%) dist_goal=3.12
20:52:35 [INFO] [MPC] state=(-3.07,+4.15,-1.46) wp0=(-3.05,+4.08) v=+0.200 ω=+0.010 ok=True iters=7
20:52:35 [INFO] [PROG] s*=2.11/5.97 (35.4%) dist_goal=3.10
20:52:35 [INFO] [MPC] state=(-3.07,+4.13,-1.46) wp0=(-3.05,+4.06) v=+0.200 ω=+0.015 ok=True iters=7
20:52:35 [INFO] [PROG] s*=2.13/5.97 (35.7%) dist_goal=3.08
20:52:35 [INFO] [MPC] state=(-3.07,+4.11,-1.45) wp0=(-3.05,+4.04) v=+0.200 ω=+0.041 ok=True iters=7
20:52:35 [INFO] [PROG] s*=2.15/5.97 (36.0%) dist_goal=3.06
20:52:35 [INFO] [MPC] state=(-3.06,+4.09,-1.45) wp0=(-3.05,+4.02) v=+0.200 ω=+0.002 ok=True iters=7
20:52:35 [INFO] [PROG] s*=2.17/5.97 (36.4%) dist_goal=3.05
20:52:35 [INFO] [MPC] state=(-3.06,+4.07,-1.45) wp0=(-3.05,+4.00) v=+0.200 ω=-0.033 ok=True iters=7
20:52:35 [INFO] [PROG] s*=2.19/5.97 (36.7%) dist_goal=3.03
20:52:35 [INFO] [MPC] state=(-3.06,+4.05,-1.45) wp0=(-3.05,+3.98) v=+0.200 ω=-0.031 ok=True iters=7
20:52:35 [INFO] [PROG] s*=2.21/5.97 (37.1%) dist_goal=3.01
20:52:35 [INFO] [MPC] state=(-3.06,+4.03,-1.46) wp0=(-3.05,+3.96) v=+0.200 ω=+0.035 ok=True iters=7
20:52:35 [INFO] [PROG] s*=2.23/5.97 (37.4%) dist_goal=2.99
20:52:35 [INFO] [MPC] state=(-3.05,+4.01,-1.45) wp0=(-3.05,+3.94) v=+0.200 ω=-0.003 ok=True iters=7
20:52:35 [INFO] [PROG] s*=2.25/5.97 (37.7%) dist_goal=2.98
20:52:35 [INFO] [MPC] state=(-3.05,+3.99,-1.45) wp0=(-3.05,+3.92) v=+0.200 ω=-0.031 ok=True iters=7
20:52:35 [INFO] [PROG] s*=2.27/5.97 (38.1%) dist_goal=2.96
20:52:35 [INFO] [MPC] state=(-3.05,+3.97,-1.46) wp0=(-3.05,+3.90) v=+0.200 ω=-0.039 ok=True iters=7
20:52:35 [INFO] [PROG] s*=2.29/5.97 (38.4%) dist_goal=2.94
20:52:35 [INFO] [MPC] state=(-3.05,+3.95,-1.46) wp0=(-3.05,+3.88) v=+0.200 ω=-0.021 ok=True iters=7
20:52:35 [INFO] [PROG] s*=2.31/5.97 (38.7%) dist_goal=2.92
20:52:35 [INFO] [MPC] state=(-3.04,+3.93,-1.46) wp0=(-3.05,+3.86) v=+0.200 ω=-0.032 ok=True iters=7
20:52:35 [INFO] [PROG] s*=2.33/5.97 (39.1%) dist_goal=2.91
20:52:35 [INFO] [MPC] state=(-3.04,+3.91,-1.46) wp0=(-3.05,+3.84) v=+0.200 ω=-0.023 ok=True iters=7
20:52:35 [INFO] [PROG] s*=2.35/5.97 (39.4%) dist_goal=2.89
20:52:35 [INFO] [MPC] state=(-3.04,+3.89,-1.47) wp0=(-3.05,+3.82) v=+0.200 ω=+0.148 ok=True iters=7
20:52:35 [INFO] [PROG] s*=2.37/5.97 (39.8%) dist_goal=2.87
20:52:35 [INFO] [MPC] state=(-3.04,+3.87,-1.45) wp0=(-3.05,+3.80) v=+0.200 ω=+0.084 ok=True iters=7
20:52:35 [INFO] [PROG] s*=2.39/5.97 (40.1%) dist_goal=2.86
20:52:35 [INFO] [MPC] state=(-3.04,+3.85,-1.44) wp0=(-3.05,+3.78) v=+0.200 ω=-0.171 ok=True iters=7
20:52:35 [INFO] [PROG] s*=2.41/5.97 (40.4%) dist_goal=2.84
20:52:35 [INFO] [MPC] state=(-3.03,+3.83,-1.46) wp0=(-3.05,+3.76) v=+0.200 ω=-0.143 ok=True iters=7
20:52:35 [INFO] [PROG] s*=2.43/5.97 (40.8%) dist_goal=2.82
20:52:35 [INFO] [MPC] state=(-3.03,+3.81,-1.47) wp0=(-3.05,+3.74) v=+0.200 ω=-0.117 ok=True iters=7
20:52:35 [INFO] [PROG] s*=2.45/5.97 (41.1%) dist_goal=2.80
20:52:35 [INFO] [MPC] state=(-3.03,+3.79,-1.48) wp0=(-3.05,+3.72) v=+0.200 ω=+0.065 ok=True iters=7
20:52:35 [INFO] [PROG] s*=2.47/5.97 (41.4%) dist_goal=2.79
20:52:35 [INFO] [MPC] state=(-3.03,+3.77,-1.47) wp0=(-3.05,+3.70) v=+0.200 ω=+0.029 ok=True iters=7
20:52:35 [INFO] [PROG] s*=2.49/5.97 (41.8%) dist_goal=2.77
20:52:35 [INFO] [MPC] state=(-3.02,+3.75,-1.47) wp0=(-3.05,+3.68) v=+0.200 ω=+0.004 ok=True iters=7
20:52:35 [INFO] [PROG] s*=2.52/5.97 (42.1%) dist_goal=2.75
20:52:35 [INFO] [MPC] state=(-3.02,+3.73,-1.47) wp0=(-3.05,+3.66) v=+0.200 ω=-0.013 ok=True iters=7
20:52:35 [INFO] [PROG] s*=2.54/5.97 (42.4%) dist_goal=2.73
20:52:35 [INFO] [MPC] state=(-3.02,+3.71,-1.47) wp0=(-3.05,+3.64) v=+0.200 ω=-0.024 ok=True iters=7
20:52:35 [INFO] [PROG] s*=2.56/5.97 (42.8%) dist_goal=2.72
20:52:35 [INFO] [MPC] state=(-3.02,+3.69,-1.47) wp0=(-3.05,+3.62) v=+0.200 ω=-0.031 ok=True iters=7
20:52:35 [INFO] [PROG] s*=2.58/5.97 (43.1%) dist_goal=2.70
20:52:35 [INFO] [MPC] state=(-3.02,+3.67,-1.48) wp0=(-3.05,+3.60) v=+0.200 ω=-0.035 ok=True iters=7
20:52:35 [INFO] [PROG] s*=2.60/5.97 (43.5%) dist_goal=2.68
20:52:35 [INFO] [MPC] state=(-3.01,+3.65,-1.48) wp0=(-3.05,+3.58) v=+0.200 ω=-0.203 ok=True iters=7
20:52:35 [INFO] [PROG] s*=2.62/5.97 (43.8%) dist_goal=2.67
20:52:35 [INFO] [MPC] state=(-3.01,+3.63,-1.49) wp0=(-3.05,+3.56) v=+0.200 ω=-0.165 ok=True iters=7
20:52:35 [INFO] [PROG] s*=2.64/5.97 (44.1%) dist_goal=2.65
20:52:35 [INFO] [MPC] state=(-3.01,+3.61,-1.51) wp0=(-3.05,+3.54) v=+0.200 ω=-0.130 ok=True iters=7
20:52:35 [INFO] [PROG] s*=2.66/5.97 (44.5%) dist_goal=2.63
20:52:35 [INFO] [MPC] state=(-3.01,+3.59,-1.52) wp0=(-3.05,+3.52) v=+0.200 ω=-0.100 ok=True iters=7
20:52:35 [INFO] [PROG] s*=2.68/5.97 (44.8%) dist_goal=2.61
20:52:35 [INFO] [MPC] state=(-3.01,+3.57,-1.53) wp0=(-3.05,+3.50) v=+0.200 ω=-0.042 ok=True iters=7
20:52:35 [INFO] [PROG] s*=2.70/5.97 (45.1%) dist_goal=2.60
20:52:35 [INFO] [MPC] state=(-3.01,+3.55,-1.53) wp0=(-3.05,+3.48) v=+0.200 ω=-0.036 ok=True iters=7
20:52:35 [INFO] [PROG] s*=2.72/5.97 (45.5%) dist_goal=2.58
20:52:35 [INFO] [MPC] state=(-3.01,+3.53,-1.53) wp0=(-3.05,+3.46) v=+0.200 ω=-0.031 ok=True iters=7
20:52:35 [INFO] [PROG] s*=2.74/5.97 (45.8%) dist_goal=2.56
20:52:35 [INFO] [MPC] state=(-3.01,+3.51,-1.54) wp0=(-3.05,+3.44) v=+0.200 ω=-0.027 ok=True iters=7
20:52:35 [INFO] [PROG] s*=2.76/5.97 (46.2%) dist_goal=2.54
20:52:35 [INFO] [MPC] state=(-3.01,+3.49,-1.54) wp0=(-3.05,+3.42) v=+0.200 ω=-0.024 ok=True iters=7
20:52:35 [INFO] [PROG] s*=2.78/5.97 (46.5%) dist_goal=2.53
20:52:35 [INFO] [MPC] state=(-3.01,+3.47,-1.54) wp0=(-3.05,+3.40) v=+0.200 ω=-0.021 ok=True iters=7
20:52:35 [INFO] [PROG] s*=2.80/5.97 (46.8%) dist_goal=2.51
20:52:35 [INFO] [MPC] state=(-3.01,+3.45,-1.54) wp0=(-3.05,+3.38) v=+0.200 ω=-0.020 ok=True iters=7
20:52:35 [INFO] [PROG] s*=2.82/5.97 (47.2%) dist_goal=2.49
20:52:35 [INFO] [MPC] state=(-3.00,+3.43,-1.55) wp0=(-3.05,+3.36) v=+0.200 ω=-0.018 ok=True iters=7
20:52:35 [INFO] [PROG] s*=2.84/5.97 (47.5%) dist_goal=2.48
20:52:35 [INFO] [MPC] state=(-3.00,+3.41,-1.55) wp0=(-3.05,+3.34) v=+0.200 ω=-0.017 ok=True iters=7
20:52:35 [INFO] [PROG] s*=2.86/5.97 (47.9%) dist_goal=2.46
20:52:35 [INFO] [MPC] state=(-3.00,+3.39,-1.55) wp0=(-3.05,+3.32) v=+0.200 ω=-0.016 ok=True iters=7
20:52:35 [INFO] [PROG] s*=2.88/5.97 (48.2%) dist_goal=2.44
20:52:35 [INFO] [MPC] state=(-3.00,+3.37,-1.55) wp0=(-3.05,+3.30) v=+0.200 ω=-0.193 ok=True iters=7
20:52:35 [INFO] [PROG] s*=2.90/5.97 (48.5%) dist_goal=2.42
20:52:35 [INFO] [MPC] state=(-3.00,+3.35,-1.57) wp0=(-3.05,+3.28) v=+0.200 ω=-0.137 ok=True iters=7
20:52:35 [INFO] [PROG] s*=2.92/5.97 (48.9%) dist_goal=2.41
20:52:35 [INFO] [MPC] state=(-3.00,+3.33,-1.58) wp0=(-3.05,+3.26) v=+0.200 ω=-0.083 ok=True iters=7
20:52:35 [INFO] [PROG] s*=2.94/5.97 (49.2%) dist_goal=2.39
20:52:35 [INFO] [MPC] state=(-3.00,+3.31,-1.59) wp0=(-3.05,+3.24) v=+0.200 ω=-0.053 ok=True iters=7
20:52:35 [INFO] [PROG] s*=2.96/5.97 (49.5%) dist_goal=2.37
20:52:35 [INFO] [MPC] state=(-3.00,+3.29,-1.59) wp0=(-3.05,+3.22) v=+0.200 ω=-0.034 ok=True iters=7
20:52:35 [INFO] [PROG] s*=2.98/5.97 (49.9%) dist_goal=2.35
20:52:35 [INFO] [MPC] state=(-3.00,+3.27,-1.60) wp0=(-3.05,+3.20) v=+0.200 ω=+0.024 ok=True iters=7
20:52:35 [INFO] [PROG] s*=3.00/5.97 (50.2%) dist_goal=2.34
20:52:35 [INFO] [MPC] state=(-3.00,+3.25,-1.59) wp0=(-3.05,+3.18) v=+0.200 ω=+0.146 ok=True iters=7
20:52:35 [INFO] [PROG] s*=3.02/5.97 (50.6%) dist_goal=2.32
20:52:35 [INFO] [MPC] state=(-3.01,+3.23,-1.58) wp0=(-3.05,+3.16) v=+0.200 ω=+0.110 ok=True iters=7
20:52:35 [INFO] [PROG] s*=3.04/5.97 (50.9%) dist_goal=2.30
20:52:35 [INFO] [MPC] state=(-3.01,+3.21,-1.57) wp0=(-3.05,+3.14) v=+0.200 ω=+0.084 ok=True iters=7
20:52:35 [INFO] [PROG] s*=3.06/5.97 (51.2%) dist_goal=2.29
20:52:35 [INFO] [MPC] state=(-3.01,+3.19,-1.57) wp0=(-3.05,+3.12) v=+0.200 ω=+0.058 ok=True iters=7
20:52:35 [INFO] [PROG] s*=3.08/5.97 (51.6%) dist_goal=2.27
20:52:35 [INFO] [MPC] state=(-3.01,+3.17,-1.56) wp0=(-3.05,+3.10) v=+0.200 ω=+0.036 ok=True iters=7
20:52:35 [INFO] [PROG] s*=3.10/5.97 (51.9%) dist_goal=2.25
20:52:35 [INFO] [MPC] state=(-3.01,+3.15,-1.56) wp0=(-3.05,+3.08) v=+0.200 ω=+0.021 ok=True iters=7
20:52:35 [INFO] [PROG] s*=3.12/5.97 (52.2%) dist_goal=2.24
20:52:35 [INFO] [MPC] state=(-3.00,+3.13,-1.55) wp0=(-3.05,+3.06) v=+0.200 ω=+0.011 ok=True iters=7
20:52:35 [INFO] [PROG] s*=3.14/5.97 (52.6%) dist_goal=2.22
20:52:35 [INFO] [MPC] state=(-3.00,+3.11,-1.55) wp0=(-3.05,+3.04) v=+0.200 ω=+0.004 ok=True iters=7
20:52:35 [INFO] [PROG] s*=3.16/5.97 (52.9%) dist_goal=2.20
20:52:35 [INFO] [MPC] state=(-3.00,+3.09,-1.55) wp0=(-3.05,+3.02) v=+0.200 ω=-0.002 ok=True iters=7
20:52:35 [INFO] [PROG] s*=3.18/5.97 (53.3%) dist_goal=2.19
20:52:35 [INFO] [MPC] state=(-3.00,+3.07,-1.55) wp0=(-3.05,+3.00) v=+0.200 ω=-0.184 ok=True iters=7
20:52:35 [INFO] [PROG] s*=3.20/5.97 (53.6%) dist_goal=2.17
20:52:35 [INFO] [MPC] state=(-3.00,+3.05,-1.57) wp0=(-3.05,+2.98) v=+0.200 ω=-0.139 ok=True iters=7
20:52:35 [INFO] [PROG] s*=3.22/5.97 (53.9%) dist_goal=2.15
20:52:35 [INFO] [MPC] state=(-3.00,+3.03,-1.58) wp0=(-3.05,+2.96) v=+0.200 ω=-0.097 ok=True iters=7
20:52:35 [INFO] [PROG] s*=3.24/5.97 (54.3%) dist_goal=2.14
20:52:35 [INFO] [MPC] state=(-3.00,+3.01,-1.59) wp0=(-3.05,+2.94) v=+0.200 ω=-0.062 ok=True iters=7
20:52:35 [INFO] [PROG] s*=3.26/5.97 (54.6%) dist_goal=2.12
20:52:35 [INFO] [MPC] state=(-3.00,+2.99,-1.59) wp0=(-3.05,+2.92) v=+0.200 ω=-0.038 ok=True iters=7
20:52:35 [INFO] [PROG] s*=3.28/5.97 (54.9%) dist_goal=2.10
20:52:35 [INFO] [MPC] state=(-3.00,+2.97,-1.60) wp0=(-3.05,+2.90) v=+0.200 ω=+0.150 ok=True iters=7
20:52:35 [INFO] [PROG] s*=3.30/5.97 (55.3%) dist_goal=2.09
20:52:35 [INFO] [MPC] state=(-3.00,+2.95,-1.59) wp0=(-3.05,+2.88) v=+0.200 ω=+0.118 ok=True iters=7
20:52:35 [INFO] [PROG] s*=3.32/5.97 (55.6%) dist_goal=2.07
20:52:35 [INFO] [MPC] state=(-3.01,+2.93,-1.58) wp0=(-3.05,+2.85) v=+0.200 ω=+0.089 ok=True iters=7
20:52:35 [INFO] [PROG] s*=3.34/5.97 (56.0%) dist_goal=2.05
20:52:35 [INFO] [MPC] state=(-3.01,+2.90,-1.57) wp0=(-3.05,+2.83) v=+0.200 ω=+0.059 ok=True iters=7
20:52:35 [INFO] [PROG] s*=3.36/5.97 (56.3%) dist_goal=2.04
20:52:35 [INFO] [MPC] state=(-3.01,+2.88,-1.56) wp0=(-3.05,+2.81) v=+0.200 ω=+0.037 ok=True iters=7
20:52:35 [INFO] [PROG] s*=3.38/5.97 (56.6%) dist_goal=2.02
20:52:35 [INFO] [MPC] state=(-3.00,+2.86,-1.56) wp0=(-3.05,+2.79) v=+0.200 ω=+0.022 ok=True iters=7
20:52:35 [INFO] [PROG] s*=3.40/5.97 (57.0%) dist_goal=2.01
20:52:35 [INFO] [MPC] state=(-3.00,+2.84,-1.55) wp0=(-3.05,+2.77) v=+0.200 ω=+0.012 ok=True iters=7
20:52:35 [INFO] [PROG] s*=3.42/5.97 (57.3%) dist_goal=1.99
20:52:35 [INFO] [MPC] state=(-3.00,+2.82,-1.55) wp0=(-3.05,+2.75) v=+0.200 ω=+0.005 ok=True iters=7
20:52:35 [INFO] [PROG] s*=3.44/5.97 (57.7%) dist_goal=1.98
20:52:35 [INFO] [MPC] state=(-3.00,+2.80,-1.55) wp0=(-3.05,+2.73) v=+0.200 ω=-0.001 ok=True iters=7
20:52:35 [INFO] [PROG] s*=3.46/5.97 (58.0%) dist_goal=1.96
20:52:35 [INFO] [MPC] state=(-3.00,+2.78,-1.55) wp0=(-3.05,+2.71) v=+0.200 ω=-0.183 ok=True iters=7
20:52:35 [INFO] [PROG] s*=3.48/5.97 (58.3%) dist_goal=1.95
20:52:35 [INFO] [MPC] state=(-3.00,+2.76,-1.57) wp0=(-3.05,+2.69) v=+0.200 ω=-0.135 ok=True iters=7
20:52:35 [INFO] [PROG] s*=3.50/5.97 (58.7%) dist_goal=1.93
20:52:35 [INFO] [MPC] state=(-3.00,+2.74,-1.58) wp0=(-3.05,+2.67) v=+0.200 ω=-0.095 ok=True iters=7
20:52:35 [INFO] [PROG] s*=3.52/5.97 (59.0%) dist_goal=1.91
20:52:35 [INFO] [MPC] state=(-3.00,+2.72,-1.59) wp0=(-3.05,+2.65) v=+0.200 ω=-0.061 ok=True iters=7
20:52:35 [INFO] [PROG] s*=3.54/5.97 (59.3%) dist_goal=1.90
20:52:35 [INFO] [MPC] state=(-3.00,+2.70,-1.59) wp0=(-3.05,+2.63) v=+0.200 ω=-0.037 ok=True iters=7
20:52:35 [INFO] [PROG] s*=3.56/5.97 (59.7%) dist_goal=1.88
20:52:35 [INFO] [MPC] state=(-3.00,+2.68,-1.60) wp0=(-3.05,+2.61) v=+0.200 ω=+0.023 ok=True iters=7
20:52:35 [INFO] [PROG] s*=3.58/5.97 (60.0%) dist_goal=1.87
20:52:35 [INFO] [MPC] state=(-3.00,+2.66,-1.60) wp0=(-3.05,+2.59) v=+0.200 ω=+0.147 ok=True iters=7
20:52:36 [INFO] [PROG] s*=3.60/5.97 (60.4%) dist_goal=1.85
20:52:36 [INFO] [MPC] state=(-3.01,+2.64,-1.58) wp0=(-3.05,+2.57) v=+0.200 ω=+0.116 ok=True iters=7
20:52:36 [INFO] [PROG] s*=3.63/5.97 (60.7%) dist_goal=1.84
20:52:36 [INFO] [MPC] state=(-3.01,+2.62,-1.57) wp0=(-3.05,+2.55) v=+0.200 ω=+0.081 ok=True iters=7
20:52:36 [INFO] [PROG] s*=3.65/5.97 (61.0%) dist_goal=1.82
20:52:36 [INFO] [MPC] state=(-3.01,+2.60,-1.57) wp0=(-3.05,+2.53) v=+0.200 ω=+0.053 ok=True iters=7
20:52:36 [INFO] [PROG] s*=3.67/5.97 (61.4%) dist_goal=1.81
20:52:36 [INFO] [MPC] state=(-3.01,+2.58,-1.56) wp0=(-3.05,+2.51) v=+0.200 ω=+0.034 ok=True iters=7
20:52:36 [INFO] [PROG] s*=3.69/5.97 (61.7%) dist_goal=1.79
20:52:36 [INFO] [MPC] state=(-3.01,+2.56,-1.56) wp0=(-3.05,+2.49) v=+0.200 ω=+0.020 ok=True iters=7
20:52:36 [INFO] [PROG] s*=3.71/5.97 (62.0%) dist_goal=1.78
20:52:36 [INFO] [MPC] state=(-3.00,+2.54,-1.55) wp0=(-3.05,+2.47) v=+0.200 ω=+0.010 ok=True iters=7
20:52:36 [INFO] [PROG] s*=3.73/5.97 (62.4%) dist_goal=1.77
20:52:36 [INFO] [MPC] state=(-3.00,+2.52,-1.55) wp0=(-3.05,+2.45) v=+0.200 ω=+0.004 ok=True iters=7
20:52:36 [INFO] [PROG] s*=3.75/5.97 (62.7%) dist_goal=1.75
20:52:36 [INFO] [MPC] state=(-3.00,+2.50,-1.55) wp0=(-3.05,+2.43) v=+0.200 ω=-0.002 ok=True iters=7
20:52:36 [INFO] [PROG] s*=3.77/5.97 (63.1%) dist_goal=1.74
20:52:36 [INFO] [MPC] state=(-3.00,+2.48,-1.55) wp0=(-3.05,+2.41) v=+0.200 ω=-0.184 ok=True iters=7
20:52:36 [INFO] [PROG] s*=3.79/5.97 (63.4%) dist_goal=1.72
20:52:36 [INFO] [MPC] state=(-3.00,+2.46,-1.57) wp0=(-3.05,+2.39) v=+0.200 ω=-0.127 ok=True iters=7
20:52:36 [INFO] [PROG] s*=3.81/5.97 (63.7%) dist_goal=1.71
20:52:36 [INFO] [MPC] state=(-3.00,+2.44,-1.58) wp0=(-3.05,+2.37) v=+0.200 ω=-0.087 ok=True iters=7
20:52:36 [INFO] [PROG] s*=3.83/5.97 (64.1%) dist_goal=1.70
20:52:36 [INFO] [MPC] state=(-3.00,+2.42,-1.59) wp0=(-3.05,+2.35) v=+0.200 ω=-0.057 ok=True iters=7
20:52:36 [INFO] [PROG] s*=3.85/5.97 (64.4%) dist_goal=1.68
20:52:36 [INFO] [MPC] state=(-3.00,+2.40,-1.59) wp0=(-3.05,+2.33) v=+0.200 ω=-0.036 ok=True iters=7
20:52:36 [INFO] [PROG] s*=3.87/5.97 (64.8%) dist_goal=1.67
20:52:36 [INFO] [MPC] state=(-3.00,+2.38,-1.60) wp0=(-3.05,+2.31) v=+0.200 ω=+0.150 ok=True iters=7
20:52:36 [INFO] [PROG] s*=3.89/5.97 (65.1%) dist_goal=1.65
20:52:36 [INFO] [MPC] state=(-3.01,+2.36,-1.58) wp0=(-3.05,+2.29) v=+0.200 ω=+0.113 ok=True iters=7
20:52:36 [INFO] [PROG] s*=3.91/5.97 (65.4%) dist_goal=1.64
20:52:36 [INFO] [MPC] state=(-3.01,+2.34,-1.57) wp0=(-3.05,+2.27) v=+0.200 ω=+0.079 ok=True iters=7
20:52:36 [INFO] [PROG] s*=3.93/5.97 (65.8%) dist_goal=1.63
20:52:36 [INFO] [MPC] state=(-3.01,+2.32,-1.57) wp0=(-3.05,+2.25) v=+0.200 ω=+0.055 ok=True iters=7
20:52:36 [INFO] [PROG] s*=3.95/5.97 (66.1%) dist_goal=1.62
20:52:36 [INFO] [MPC] state=(-3.01,+2.30,-1.56) wp0=(-3.05,+2.23) v=+0.200 ω=+0.038 ok=True iters=7
20:52:36 [INFO] [PROG] s*=3.97/5.97 (66.4%) dist_goal=1.60
20:52:36 [INFO] [MPC] state=(-3.00,+2.28,-1.56) wp0=(-3.05,+2.21) v=+0.200 ω=+0.024 ok=True iters=7
20:52:36 [INFO] [PROG] s*=3.99/5.97 (66.8%) dist_goal=1.59
20:52:36 [INFO] [MPC] state=(-3.00,+2.26,-1.56) wp0=(-3.05,+2.19) v=+0.200 ω=+0.015 ok=True iters=7
20:52:36 [INFO] [PROG] s*=4.01/5.97 (67.1%) dist_goal=1.58
20:52:36 [INFO] [MPC] state=(-3.00,+2.24,-1.55) wp0=(-3.05,+2.17) v=+0.200 ω=+0.007 ok=True iters=7
20:52:36 [INFO] [PROG] s*=4.03/5.97 (67.5%) dist_goal=1.57
20:52:36 [INFO] [MPC] state=(-3.00,+2.22,-1.55) wp0=(-3.05,+2.15) v=+0.200 ω=+0.001 ok=True iters=7
20:52:36 [INFO] [PROG] s*=4.05/5.97 (67.8%) dist_goal=1.55
20:52:36 [INFO] [MPC] state=(-3.00,+2.20,-1.55) wp0=(-3.05,+2.13) v=+0.200 ω=-0.181 ok=True iters=7
20:52:36 [INFO] [PROG] s*=4.07/5.97 (68.1%) dist_goal=1.54
20:52:36 [INFO] [MPC] state=(-3.00,+2.18,-1.57) wp0=(-3.05,+2.11) v=+0.200 ω=-0.125 ok=True iters=7
20:52:36 [INFO] [PROG] s*=4.09/5.97 (68.5%) dist_goal=1.53
20:52:36 [INFO] [MPC] state=(-3.00,+2.16,-1.58) wp0=(-3.05,+2.09) v=+0.200 ω=-0.073 ok=True iters=7
20:52:36 [INFO] [PROG] s*=4.11/5.97 (68.8%) dist_goal=1.52
20:52:36 [INFO] [MPC] state=(-3.00,+2.14,-1.59) wp0=(-3.05,+2.07) v=+0.200 ω=+0.125 ok=True iters=7
20:52:36 [INFO] [PROG] s*=4.13/5.97 (69.1%) dist_goal=1.51
20:52:36 [INFO] [MPC] state=(-3.00,+2.12,-1.58) wp0=(-3.05,+2.05) v=+0.200 ω=-0.086 ok=True iters=7
20:52:36 [INFO] [PROG] s*=4.15/5.97 (69.5%) dist_goal=1.49
20:52:36 [INFO] [MPC] state=(-3.00,+2.10,-1.59) wp0=(-3.05,+2.03) v=+0.200 ω=-0.059 ok=True iters=7
20:52:36 [INFO] [PROG] s*=4.17/5.97 (69.8%) dist_goal=1.48
20:52:36 [INFO] [MPC] state=(-3.00,+2.08,-1.59) wp0=(-3.05,+2.01) v=+0.200 ω=-0.056 ok=True iters=7
20:52:36 [INFO] [PROG] s*=4.19/5.97 (70.2%) dist_goal=1.47
20:52:36 [INFO] [MPC] state=(-3.01,+2.06,-1.60) wp0=(-3.05,+1.99) v=+0.200 ω=+0.007 ok=True iters=7
20:52:36 [INFO] [PROG] s*=4.21/5.97 (70.5%) dist_goal=1.46
20:52:36 [INFO] [MPC] state=(-3.01,+2.04,-1.60) wp0=(-3.05,+1.97) v=+0.200 ω=-0.088 ok=True iters=7
20:52:36 [INFO] [PROG] s*=4.23/5.97 (70.8%) dist_goal=1.45
20:52:36 [INFO] [MPC] state=(-3.01,+2.02,-1.61) wp0=(-3.05,+1.95) v=+0.200 ω=-0.084 ok=True iters=7
20:52:36 [INFO] [PROG] s*=4.25/5.97 (71.2%) dist_goal=1.44
20:52:36 [INFO] [MPC] state=(-3.01,+2.00,-1.62) wp0=(-3.05,+1.93) v=+0.200 ω=-0.023 ok=True iters=8
20:52:36 [INFO] [PROG] s*=4.27/5.97 (71.5%) dist_goal=1.43
20:52:36 [INFO] [MPC] state=(-3.01,+1.98,-1.62) wp0=(-3.05,+1.91) v=+0.200 ω=-0.047 ok=True iters=8
20:52:36 [INFO] [PROG] s*=4.29/5.97 (71.9%) dist_goal=1.42
20:52:36 [INFO] [MPC] state=(-3.01,+1.96,-1.62) wp0=(-3.05,+1.89) v=+0.200 ω=-0.108 ok=True iters=8
20:52:36 [INFO] [PROG] s*=4.31/5.97 (72.2%) dist_goal=1.41
20:52:36 [INFO] [MPC] state=(-3.01,+1.94,-1.63) wp0=(-3.05,+1.87) v=+0.200 ω=-0.144 ok=True iters=8
20:52:36 [INFO] [PROG] s*=4.33/5.97 (72.5%) dist_goal=1.39
20:52:36 [INFO] [MPC] state=(-3.01,+1.92,-1.64) wp0=(-3.05,+1.85) v=+0.200 ω=-0.105 ok=True iters=9
20:52:36 [INFO] [PROG] s*=4.35/5.97 (72.9%) dist_goal=1.38
20:52:36 [INFO] [MPC] state=(-3.01,+1.90,-1.65) wp0=(-3.05,+1.82) v=+0.200 ω=-0.125 ok=True iters=9
20:52:36 [INFO] [PROG] s*=4.37/5.97 (73.2%) dist_goal=1.37
20:52:36 [INFO] [MPC] state=(-3.02,+1.87,-1.67) wp0=(-3.05,+1.80) v=+0.200 ω=-0.141 ok=True iters=9
20:52:36 [INFO] [PROG] s*=4.39/5.97 (73.5%) dist_goal=1.36
20:52:36 [INFO] [MPC] state=(-3.02,+1.85,-1.68) wp0=(-3.05,+1.78) v=+0.200 ω=-0.143 ok=True iters=10
20:52:36 [INFO] [PROG] s*=4.41/5.97 (73.9%) dist_goal=1.35
20:52:36 [INFO] [MPC] state=(-3.02,+1.83,-1.69) wp0=(-3.05,+1.76) v=+0.200 ω=-0.127 ok=True iters=12
20:52:36 [INFO] [PROG] s*=4.43/5.97 (74.1%) dist_goal=1.34
20:52:36 [INFO] [MPC] state=(-3.02,+1.81,-1.70) wp0=(-3.05,+1.75) v=+0.200 ω=-1.486 ok=True iters=8
20:52:36 [INFO] [PROG] s*=4.44/5.97 (74.3%) dist_goal=1.33
20:52:36 [INFO] [MPC] state=(-3.02,+1.80,-1.77) wp0=(-3.05,+1.74) v=+0.200 ω=-2.400 ok=True iters=9
20:52:36 [INFO] [PROG] s*=4.45/5.97 (74.5%) dist_goal=1.33
20:52:36 [INFO] [MPC] state=(-3.03,+1.79,-1.90) wp0=(-3.05,+1.73) v=+0.200 ω=-2.400 ok=True iters=9
20:52:36 [INFO] [PROG] s*=4.46/5.97 (74.7%) dist_goal=1.32
20:52:36 [INFO] [MPC] state=(-3.03,+1.78,-2.03) wp0=(-3.05,+1.72) v=+0.200 ω=-2.400 ok=True iters=10
20:52:36 [INFO] [PROG] s*=4.47/5.97 (74.8%) dist_goal=1.31
20:52:36 [INFO] [MPC] state=(-3.04,+1.77,-2.16) wp0=(-3.05,+1.71) v=+0.200 ω=-2.331 ok=True iters=9
20:52:36 [INFO] [PROG] s*=4.48/5.97 (75.0%) dist_goal=1.29
20:52:36 [INFO] [MPC] state=(-3.05,+1.76,-2.28) wp0=(-3.05,+1.70) v=+0.200 ω=-2.142 ok=True iters=8
20:52:36 [INFO] [PROG] s*=4.49/5.97 (75.1%) dist_goal=1.28
20:52:36 [INFO] [MPC] state=(-3.05,+1.75,-2.39) wp0=(-3.05,+1.69) v=+0.200 ω=-1.888 ok=True iters=8
20:52:36 [INFO] [PROG] s*=4.50/5.97 (75.3%) dist_goal=1.27
20:52:36 [INFO] [MPC] state=(-3.07,+1.74,-2.49) wp0=(-3.05,+1.68) v=+0.200 ω=-1.594 ok=True iters=8
20:52:36 [INFO] [PROG] s*=4.50/5.97 (75.4%) dist_goal=1.25
20:52:36 [INFO] [MPC] state=(-3.08,+1.73,-2.58) wp0=(-3.05,+1.67) v=+0.200 ω=-1.287 ok=True iters=8
20:52:36 [INFO] [PROG] s*=4.51/5.97 (75.5%) dist_goal=1.24
20:52:36 [INFO] [MPC] state=(-3.09,+1.72,-2.64) wp0=(-3.05,+1.67) v=+0.200 ω=-1.047 ok=True iters=8
20:52:36 [INFO] [PROG] s*=4.65/5.97 (77.8%) dist_goal=1.22
20:52:36 [INFO] [MPC] state=(-3.11,+1.72,-2.70) wp0=(-3.17,+1.65) v=+0.200 ω=-0.834 ok=True iters=8
20:52:36 [INFO] [PROG] s*=4.67/5.97 (78.1%) dist_goal=1.20
20:52:36 [INFO] [MPC] state=(-3.12,+1.71,-2.75) wp0=(-3.19,+1.65) v=+0.200 ω=-0.634 ok=True iters=7
20:52:36 [INFO] [PROG] s*=4.68/5.97 (78.4%) dist_goal=1.18
20:52:36 [INFO] [MPC] state=(-3.14,+1.70,-2.79) wp0=(-3.21,+1.65) v=+0.200 ω=-0.463 ok=True iters=7
20:52:36 [INFO] [PROG] s*=4.70/5.97 (78.7%) dist_goal=1.16
20:52:36 [INFO] [MPC] state=(-3.16,+1.69,-2.81) wp0=(-3.23,+1.65) v=+0.200 ω=-0.326 ok=True iters=7
20:52:36 [INFO] [PROG] s*=4.72/5.97 (79.0%) dist_goal=1.14
20:52:36 [INFO] [MPC] state=(-3.18,+1.69,-2.84) wp0=(-3.24,+1.65) v=+0.200 ω=-0.211 ok=True iters=7
20:52:36 [INFO] [PROG] s*=4.74/5.97 (79.4%) dist_goal=1.12
20:52:36 [INFO] [MPC] state=(-3.19,+1.68,-2.85) wp0=(-3.26,+1.65) v=+0.200 ω=-0.109 ok=True iters=7
20:52:36 [INFO] [PROG] s*=4.76/5.97 (79.7%) dist_goal=1.10
20:52:36 [INFO] [MPC] state=(-3.21,+1.68,-2.86) wp0=(-3.28,+1.65) v=+0.200 ω=-0.018 ok=True iters=7
20:52:36 [INFO] [PROG] s*=4.78/5.97 (80.0%) dist_goal=1.08
20:52:36 [INFO] [MPC] state=(-3.23,+1.67,-2.86) wp0=(-3.30,+1.65) v=+0.200 ω=+0.023 ok=True iters=7
20:52:36 [INFO] [PROG] s*=4.80/5.97 (80.4%) dist_goal=1.06
20:52:36 [INFO] [MPC] state=(-3.25,+1.67,-2.86) wp0=(-3.32,+1.65) v=+0.200 ω=+0.042 ok=True iters=7
20:52:36 [INFO] [PROG] s*=4.82/5.97 (80.7%) dist_goal=1.04
20:52:36 [INFO] [MPC] state=(-3.27,+1.66,-2.86) wp0=(-3.34,+1.65) v=+0.200 ω=+0.251 ok=True iters=7
20:52:36 [INFO] [PROG] s*=4.83/5.97 (80.9%) dist_goal=1.02
20:52:36 [INFO] [MPC] state=(-3.29,+1.65,-2.84) wp0=(-3.36,+1.65) v=+0.200 ω=+0.854 ok=True iters=7
20:52:36 [INFO] [PROG] s*=4.85/5.97 (81.2%) dist_goal=1.01
20:52:36 [INFO] [MPC] state=(-3.31,+1.65,-2.79) wp0=(-3.37,+1.65) v=+0.200 ω=+1.237 ok=True iters=7
20:52:36 [INFO] [PROG] s*=4.86/5.97 (81.4%) dist_goal=0.99
20:52:36 [INFO] [MPC] state=(-3.32,+1.64,-2.72) wp0=(-3.38,+1.65) v=+0.200 ω=+1.203 ok=True iters=7
20:52:36 [INFO] [PROG] s*=4.88/5.97 (81.6%) dist_goal=0.98
20:52:36 [INFO] [MPC] state=(-3.33,+1.64,-2.66) wp0=(-3.40,+1.65) v=+0.200 ω=+1.086 ok=True iters=7
20:52:36 [INFO] [PROG] s*=4.89/5.97 (81.9%) dist_goal=0.96
20:52:36 [INFO] [MPC] state=(-3.35,+1.63,-2.60) wp0=(-3.41,+1.65) v=+0.200 ω=+0.985 ok=True iters=7
20:52:36 [INFO] [PROG] s*=4.90/5.97 (82.1%) dist_goal=0.94
20:52:36 [INFO] [MPC] state=(-3.36,+1.62,-2.54) wp0=(-3.43,+1.65) v=+0.200 ω=+0.813 ok=True iters=7
20:52:36 [INFO] [PROG] s*=4.92/5.97 (82.3%) dist_goal=0.93
20:52:36 [INFO] [MPC] state=(-3.38,+1.61,-2.50) wp0=(-3.44,+1.65) v=+0.200 ω=+0.637 ok=True iters=7
20:52:36 [INFO] [PROG] s*=4.93/5.97 (82.6%) dist_goal=0.91
20:52:36 [INFO] [MPC] state=(-3.39,+1.60,-2.46) wp0=(-3.45,+1.65) v=+0.200 ω=+0.458 ok=True iters=7
20:52:36 [INFO] [PROG] s*=5.01/5.97 (83.9%) dist_goal=0.89
20:52:36 [INFO] [MPC] state=(-3.40,+1.59,-2.43) wp0=(-3.51,+1.59) v=+0.200 ω=+0.331 ok=True iters=8
20:52:36 [INFO] [PROG] s*=5.02/5.97 (84.1%) dist_goal=0.88
20:52:36 [INFO] [MPC] state=(-3.42,+1.57,-2.41) wp0=(-3.52,+1.58) v=+0.200 ω=-1.639 ok=True iters=7
20:52:36 [INFO] [PROG] s*=5.04/5.97 (84.4%) dist_goal=0.86
20:52:36 [INFO] [MPC] state=(-3.43,+1.56,-2.49) wp0=(-3.53,+1.57) v=+0.200 ω=-1.437 ok=True iters=7
20:52:36 [INFO] [PROG] s*=5.06/5.97 (84.6%) dist_goal=0.85
20:52:36 [INFO] [MPC] state=(-3.44,+1.55,-2.57) wp0=(-3.54,+1.56) v=+0.200 ω=-1.060 ok=True iters=7
20:52:36 [INFO] [PROG] s*=5.07/5.97 (85.0%) dist_goal=0.83
20:52:36 [INFO] [MPC] state=(-3.46,+1.55,-2.63) wp0=(-3.56,+1.55) v=+0.200 ω=-0.313 ok=True iters=7
20:52:36 [INFO] [PROG] s*=5.09/5.97 (85.3%) dist_goal=0.81
20:52:36 [INFO] [MPC] state=(-3.47,+1.54,-2.65) wp0=(-3.57,+1.55) v=+0.200 ω=+0.404 ok=True iters=7
20:52:36 [INFO] [PROG] s*=5.11/5.97 (85.6%) dist_goal=0.79
20:52:36 [INFO] [MPC] state=(-3.49,+1.53,-2.63) wp0=(-3.59,+1.55) v=+0.200 ω=+0.615 ok=True iters=7
20:52:36 [INFO] [PROG] s*=5.12/5.97 (85.7%) dist_goal=0.77
20:52:36 [INFO] [MPC] state=(-3.51,+1.52,-2.59) wp0=(-3.60,+1.55) v=+0.198 ω=+0.611 ok=True iters=7
20:52:36 [INFO] [PROG] s*=5.12/5.97 (85.7%) dist_goal=0.76
20:52:36 [INFO] [MPC] state=(-3.52,+1.51,-2.55) wp0=(-3.60,+1.55) v=+0.193 ω=+0.557 ok=True iters=7
20:52:36 [INFO] [PROG] s*=5.12/5.97 (85.7%) dist_goal=0.74
20:52:36 [INFO] [MPC] state=(-3.54,+1.50,-2.51) wp0=(-3.60,+1.55) v=+0.189 ω=+0.399 ok=True iters=8
20:52:36 [INFO] [PROG] s*=5.13/5.97 (86.0%) dist_goal=0.72
20:52:36 [INFO] [MPC] state=(-3.55,+1.49,-2.48) wp0=(-3.62,+1.55) v=+0.185 ω=+0.267 ok=True iters=8
20:52:36 [INFO] [PROG] s*=5.15/5.97 (86.2%) dist_goal=0.70
20:52:36 [INFO] [MPC] state=(-3.57,+1.48,-2.46) wp0=(-3.63,+1.55) v=+0.180 ω=+0.210 ok=True iters=8
20:52:36 [INFO] [PROG] s*=5.16/5.97 (86.4%) dist_goal=0.69
20:52:36 [INFO] [MPC] state=(-3.58,+1.46,-2.43) wp0=(-3.64,+1.55) v=+0.176 ω=+0.108 ok=True iters=8
20:52:36 [INFO] [PROG] s*=5.27/5.97 (88.2%) dist_goal=0.67
20:52:36 [INFO] [MPC] state=(-3.59,+1.45,-2.42) wp0=(-3.72,+1.48) v=+0.172 ω=+0.046 ok=True iters=8
20:52:36 [INFO] [PROG] s*=5.28/5.97 (88.3%) dist_goal=0.66
20:52:36 [INFO] [MPC] state=(-3.61,+1.44,-2.42) wp0=(-3.73,+1.47) v=+0.168 ω=-2.113 ok=True iters=9
20:52:36 [INFO] [PROG] s*=5.29/5.97 (88.5%) dist_goal=0.65
20:52:36 [INFO] [MPC] state=(-3.62,+1.43,-2.54) wp0=(-3.74,+1.46) v=+0.165 ω=-1.638 ok=True iters=8
20:52:36 [INFO] [PROG] s*=5.30/5.97 (88.8%) dist_goal=0.63
20:52:36 [INFO] [MPC] state=(-3.63,+1.43,-2.65) wp0=(-3.75,+1.45) v=+0.162 ω=-0.835 ok=True iters=7
20:52:36 [INFO] [PROG] s*=5.32/5.97 (89.0%) dist_goal=0.62
20:52:36 [INFO] [MPC] state=(-3.64,+1.42,-2.73) wp0=(-3.76,+1.45) v=+0.158 ω=-0.016 ok=True iters=7
20:52:36 [INFO] [PROG] s*=5.33/5.97 (89.3%) dist_goal=0.60
20:52:36 [INFO] [MPC] state=(-3.65,+1.41,-2.73) wp0=(-3.77,+1.45) v=+0.154 ω=+0.537 ok=True iters=8
20:52:36 [INFO] [PROG] s*=5.35/5.97 (89.5%) dist_goal=0.59
20:52:36 [INFO] [MPC] state=(-3.67,+1.41,-2.67) wp0=(-3.79,+1.45) v=+0.151 ω=+0.513 ok=True iters=8
20:52:36 [INFO] [PROG] s*=5.36/5.97 (89.7%) dist_goal=0.57
20:52:36 [INFO] [MPC] state=(-3.68,+1.40,-2.62) wp0=(-3.80,+1.45) v=+0.147 ω=+0.450 ok=True iters=8
20:52:36 [INFO] [PROG] s*=5.36/5.97 (89.7%) dist_goal=0.56
20:52:36 [INFO] [MPC] state=(-3.69,+1.39,-2.57) wp0=(-3.80,+1.45) v=+0.143 ω=+0.395 ok=True iters=8
20:52:36 [INFO] [PROG] s*=5.36/5.97 (89.7%) dist_goal=0.55
20:52:36 [INFO] [MPC] state=(-3.71,+1.38,-2.53) wp0=(-3.80,+1.45) v=+0.140 ω=+0.247 ok=True iters=8
20:52:36 [INFO] [PROG] s*=5.36/5.97 (89.7%) dist_goal=0.53
20:52:36 [INFO] [MPC] state=(-3.72,+1.38,-2.51) wp0=(-3.80,+1.45) v=+0.137 ω=+0.155 ok=True iters=9
20:52:36 [INFO] [PROG] s*=5.36/5.97 (89.7%) dist_goal=0.52
20:52:36 [INFO] [MPC] state=(-3.73,+1.37,-2.49) wp0=(-3.80,+1.45) v=+0.134 ω=+0.098 ok=True iters=9
20:52:36 [INFO] [PROG] s*=5.36/5.97 (89.7%) dist_goal=0.51
20:52:36 [INFO] [MPC] state=(-3.74,+1.36,-2.48) wp0=(-3.80,+1.45) v=+0.131 ω=+0.062 ok=True iters=7
20:52:36 [INFO] [PROG] s*=5.37/5.97 (89.9%) dist_goal=0.50
20:52:36 [INFO] [MPC] state=(-3.75,+1.35,-2.48) wp0=(-3.81,+1.45) v=+0.128 ω=+0.041 ok=True iters=7
20:52:36 [INFO] [PROG] s*=5.38/5.97 (90.1%) dist_goal=0.49
20:52:36 [INFO] [MPC] state=(-3.76,+1.34,-2.47) wp0=(-3.82,+1.45) v=+0.125 ω=+0.073 ok=True iters=7
20:52:36 [INFO] [PROG] s*=5.39/5.97 (90.2%) dist_goal=0.48
20:52:36 [INFO] [MPC] state=(-3.77,+1.33,-2.47) wp0=(-3.83,+1.45) v=+0.122 ω=+0.041 ok=True iters=8
20:52:36 [INFO] [PROG] s*=5.40/5.97 (90.4%) dist_goal=0.47
20:52:36 [INFO] [MPC] state=(-3.78,+1.33,-2.46) wp0=(-3.84,+1.45) v=+0.119 ω=+0.020 ok=True iters=7
20:52:36 [INFO] [PROG] s*=5.52/5.97 (92.4%) dist_goal=0.46
20:52:36 [INFO] [MPC] state=(-3.79,+1.32,-2.46) wp0=(-3.93,+1.37) v=+0.117 ω=+0.009 ok=True iters=7
20:52:36 [INFO] [PROG] s*=5.53/5.97 (92.6%) dist_goal=0.45
20:52:36 [INFO] [MPC] state=(-3.80,+1.31,-2.46) wp0=(-3.93,+1.37) v=+0.114 ω=-2.294 ok=True iters=10
20:52:36 [INFO] [PROG] s*=5.54/5.97 (92.7%) dist_goal=0.44
20:52:36 [INFO] [MPC] state=(-3.80,+1.31,-2.62) wp0=(-3.94,+1.36) v=+0.112 ω=-1.684 ok=True iters=7
20:52:36 [INFO] [PROG] s*=5.55/5.97 (92.9%) dist_goal=0.43
20:52:36 [INFO] [MPC] state=(-3.81,+1.30,-2.77) wp0=(-3.95,+1.35) v=+0.110 ω=-1.163 ok=True iters=7
20:52:36 [INFO] [PROG] s*=5.56/5.97 (93.1%) dist_goal=0.42
20:52:36 [INFO] [MPC] state=(-3.83,+1.30,-2.89) wp0=(-3.96,+1.35) v=+0.107 ω=-0.747 ok=True iters=7
20:52:36 [INFO] [PROG] s*=5.57/5.97 (93.2%) dist_goal=0.41
20:52:36 [INFO] [MPC] state=(-3.84,+1.30,-2.96) wp0=(-3.97,+1.35) v=+0.104 ω=-0.486 ok=True iters=7
20:52:36 [INFO] [PROG] s*=5.58/5.97 (93.4%) dist_goal=0.39
20:52:36 [INFO] [MPC] state=(-3.85,+1.29,-3.01) wp0=(-3.97,+1.35) v=+0.101 ω=-0.311 ok=True iters=7
20:52:36 [INFO] [PROG] s*=5.58/5.97 (93.5%) dist_goal=0.38
20:52:36 [INFO] [MPC] state=(-3.86,+1.29,-3.04) wp0=(-3.98,+1.35) v=+0.099 ω=-0.200 ok=True iters=7
20:52:36 [INFO] [PROG] s*=5.59/5.97 (93.6%) dist_goal=0.38
20:52:36 [INFO] [MPC] state=(-3.87,+1.29,-3.06) wp0=(-3.99,+1.35) v=+0.096 ω=-0.132 ok=True iters=7
20:52:36 [INFO] [PROG] s*=5.60/5.97 (93.7%) dist_goal=0.37
20:52:36 [INFO] [MPC] state=(-3.88,+1.29,-3.08) wp0=(-4.00,+1.35) v=+0.094 ω=-0.087 ok=True iters=7
20:52:36 [INFO] [PROG] s*=5.60/5.97 (93.8%) dist_goal=0.36
20:52:36 [INFO] [MPC] state=(-3.89,+1.29,-3.09) wp0=(-4.00,+1.35) v=+0.091 ω=-0.060 ok=True iters=7
20:52:36 [INFO] [PROG] s*=5.60/5.97 (93.8%) dist_goal=0.35
20:52:36 [INFO] [MPC] state=(-3.90,+1.29,-3.09) wp0=(-4.00,+1.35) v=+0.089 ω=-0.043 ok=True iters=7
20:52:36 [INFO] [PROG] s*=5.60/5.97 (93.8%) dist_goal=0.34
20:52:36 [INFO] [MPC] state=(-3.90,+1.29,-3.10) wp0=(-4.00,+1.35) v=+0.087 ω=-0.033 ok=True iters=7
20:52:36 [INFO] [PROG] s*=5.60/5.97 (93.8%) dist_goal=0.33
20:52:36 [INFO] [MPC] state=(-3.91,+1.29,-3.10) wp0=(-4.00,+1.35) v=+0.085 ω=-0.026 ok=True iters=7
20:52:36 [INFO] [PROG] s*=5.60/5.97 (93.8%) dist_goal=0.32
20:52:36 [INFO] [MPC] state=(-3.92,+1.29,-3.10) wp0=(-4.00,+1.35) v=+0.083 ω=-0.021 ok=True iters=7
20:52:36 [INFO] [PROG] s*=5.60/5.97 (93.8%) dist_goal=0.31
20:52:36 [INFO] [MPC] state=(-3.93,+1.29,-3.10) wp0=(-4.00,+1.35) v=+0.081 ω=-0.018 ok=True iters=7
20:52:36 [INFO] [PROG] s*=5.60/5.97 (93.8%) dist_goal=0.31
20:52:36 [INFO] [MPC] state=(-3.94,+1.29,-3.10) wp0=(-4.00,+1.35) v=+0.079 ω=-0.016 ok=True iters=7
20:52:36 [INFO] [PROG] s*=5.61/5.97 (93.8%) dist_goal=0.30
20:52:36 [INFO] [MPC] state=(-3.95,+1.29,-3.10) wp0=(-4.00,+1.35) v=+0.077 ω=-0.014 ok=True iters=7
20:52:36 [INFO] [PROG] s*=5.61/5.97 (94.0%) dist_goal=0.29
20:52:36 [INFO] [MPC] state=(-3.95,+1.29,-3.11) wp0=(-4.01,+1.35) v=+0.075 ω=-0.012 ok=True iters=7
20:52:36 [INFO] [PROG] s*=5.62/5.97 (94.1%) dist_goal=0.28
20:52:36 [INFO] [MPC] state=(-3.96,+1.29,-3.11) wp0=(-4.02,+1.35) v=+0.073 ω=-0.011 ok=True iters=7
20:52:36 [INFO] [PROG] s*=5.63/5.97 (94.2%) dist_goal=0.28
20:52:36 [INFO] [MPC] state=(-3.97,+1.29,-3.11) wp0=(-4.03,+1.35) v=+0.071 ω=-0.010 ok=True iters=7
20:52:36 [INFO] [PROG] s*=5.63/5.97 (94.3%) dist_goal=0.27
20:52:36 [INFO] [MPC] state=(-3.98,+1.29,-3.11) wp0=(-4.03,+1.35) v=+0.069 ω=-0.009 ok=True iters=7
20:52:36 [INFO] [PROG] s*=5.64/5.97 (94.4%) dist_goal=0.26
20:52:36 [INFO] [MPC] state=(-3.98,+1.29,-3.11) wp0=(-4.04,+1.35) v=+0.068 ω=-0.008 ok=True iters=7
20:52:37 [INFO] [PROG] s*=5.65/5.97 (94.5%) dist_goal=0.26
20:52:37 [INFO] [MPC] state=(-3.99,+1.29,-3.11) wp0=(-4.05,+1.35) v=+0.066 ω=-0.008 ok=True iters=7
20:52:37 [INFO] [PROG] s*=5.65/5.97 (94.7%) dist_goal=0.25
20:52:37 [INFO] [MPC] state=(-4.00,+1.29,-3.11) wp0=(-4.05,+1.35) v=+0.064 ω=-0.009 ok=True iters=7
20:52:37 [INFO] [PROG] s*=5.66/5.97 (94.8%) dist_goal=0.24
20:52:37 [INFO] [MPC] state=(-4.00,+1.29,-3.11) wp0=(-4.06,+1.35) v=+0.063 ω=-0.008 ok=True iters=8
20:52:37 [INFO] [PROG] s*=5.67/5.97 (94.9%) dist_goal=0.24
20:52:37 [INFO] [MPC] state=(-4.01,+1.29,-3.11) wp0=(-4.06,+1.35) v=+0.061 ω=-0.008 ok=True iters=8
20:52:37 [INFO] [PROG] s*=5.67/5.97 (95.0%) dist_goal=0.23
20:52:37 [INFO] [MPC] state=(-4.01,+1.29,-3.11) wp0=(-4.07,+1.35) v=+0.060 ω=-0.007 ok=True iters=8
20:52:37 [INFO] [PROG] s*=5.68/5.97 (95.1%) dist_goal=0.23
20:52:37 [INFO] [MPC] state=(-4.02,+1.29,-3.11) wp0=(-4.08,+1.35) v=+0.058 ω=-0.007 ok=True iters=8
20:52:37 [INFO] [PROG] s*=5.68/5.97 (95.1%) dist_goal=0.22
20:52:37 [INFO] [MPC] state=(-4.03,+1.29,-3.11) wp0=(-4.08,+1.35) v=+0.057 ω=-0.007 ok=True iters=8
20:52:37 [INFO] [PROG] s*=5.69/5.97 (95.2%) dist_goal=0.22
20:52:37 [INFO] [MPC] state=(-4.03,+1.29,-3.11) wp0=(-4.09,+1.35) v=+0.055 ω=+0.109 ok=True iters=8
20:52:37 [INFO] [PROG] s*=5.69/5.97 (95.3%) dist_goal=0.21
20:52:37 [INFO] [MPC] state=(-4.04,+1.29,-3.10) wp0=(-4.09,+1.35) v=+0.054 ω=+0.393 ok=True iters=9
20:52:37 [INFO] [PROG] s*=5.70/5.97 (95.4%) dist_goal=0.21
20:52:37 [INFO] [MPC] state=(-4.04,+1.29,-3.07) wp0=(-4.10,+1.35) v=+0.053 ω=+0.566 ok=True iters=9
20:52:37 [INFO] [PROG] s*=5.70/5.97 (95.4%) dist_goal=0.20
20:52:37 [INFO] [MPC] state=(-4.05,+1.28,-3.02) wp0=(-4.10,+1.35) v=+0.052 ω=+0.687 ok=True iters=9
20:52:37 [INFO] [PROG] s*=5.71/5.97 (95.5%) dist_goal=0.20
20:52:37 [INFO] [MPC] state=(-4.05,+1.28,-2.95) wp0=(-4.10,+1.35) v=+0.051 ω=+0.760 ok=True iters=9
20:52:37 [INFO] [PROG] s*=5.71/5.97 (95.6%) dist_goal=0.19
20:52:37 [INFO] [MPC] state=(-4.05,+1.28,-2.87) wp0=(-4.11,+1.35) v=+0.050 ω=+0.795 ok=True iters=9
20:52:37 [INFO] [PROG] s*=5.71/5.97 (95.7%) dist_goal=0.19
20:52:37 [INFO] [MPC] state=(-4.06,+1.28,-2.79) wp0=(-4.11,+1.35) v=+0.049 ω=+0.862 ok=True iters=9
20:52:37 [INFO] [PROG] s*=5.72/5.97 (95.7%) dist_goal=0.19
20:52:37 [INFO] [MPC] state=(-4.06,+1.28,-2.70) wp0=(-4.12,+1.35) v=+0.048 ω=+0.711 ok=True iters=11
20:52:37 [INFO] [PROG] s*=5.72/5.97 (95.8%) dist_goal=0.18
20:52:37 [INFO] [MPC] state=(-4.07,+1.28,-2.63) wp0=(-4.12,+1.35) v=+0.047 ω=+0.527 ok=True iters=11
20:52:37 [INFO] [PROG] s*=5.72/5.97 (95.8%) dist_goal=0.18
20:52:37 [INFO] [MPC] state=(-4.07,+1.28,-2.57) wp0=(-4.12,+1.35) v=+0.046 ω=+0.409 ok=True iters=10
20:52:37 [INFO] [PROG] s*=5.73/5.97 (95.9%) dist_goal=0.18
20:52:37 [INFO] [MPC] state=(-4.07,+1.27,-2.53) wp0=(-4.13,+1.35) v=+0.045 ω=+0.339 ok=True iters=10
20:52:37 [INFO] [PROG] s*=5.73/5.97 (95.9%) dist_goal=0.17
20:52:37 [INFO] [MPC] state=(-4.08,+1.27,-2.50) wp0=(-4.13,+1.35) v=+0.044 ω=+0.296 ok=True iters=10
20:52:37 [INFO] [PROG] s*=5.73/5.97 (96.0%) dist_goal=0.17
20:52:37 [INFO] [MPC] state=(-4.08,+1.27,-2.47) wp0=(-4.13,+1.35) v=+0.043 ω=+0.263 ok=True iters=11
20:52:37 [INFO] [PROG] s*=5.74/5.97 (96.0%) dist_goal=0.17
20:52:37 [INFO] [MPC] state=(-4.08,+1.27,-2.44) wp0=(-4.14,+1.35) v=+0.042 ω=+0.235 ok=True iters=10
20:52:37 [INFO] [PROG] s*=5.74/5.97 (96.1%) dist_goal=0.16
20:52:37 [INFO] [MPC] state=(-4.09,+1.26,-2.42) wp0=(-4.14,+1.35) v=+0.041 ω=+0.160 ok=True iters=11
20:52:37 [INFO] [PROG] s*=5.74/5.97 (96.1%) dist_goal=0.16
20:52:37 [INFO] [MPC] state=(-4.09,+1.26,-2.40) wp0=(-4.14,+1.35) v=+0.041 ω=+0.104 ok=True iters=11
20:52:37 [INFO] [PROG] s*=5.75/5.97 (96.2%) dist_goal=0.16
20:52:37 [INFO] [MPC] state=(-4.09,+1.26,-2.39) wp0=(-4.14,+1.35) v=+0.040 ω=+0.068 ok=True iters=11
20:52:37 [INFO] [PROG] s*=5.75/5.97 (96.2%) dist_goal=0.15
20:52:37 [INFO] [MPC] state=(-4.09,+1.25,-2.38) wp0=(-4.15,+1.35) v=+0.039 ω=+0.046 ok=True iters=10
20:52:37 [INFO] [PROG] s*=5.75/5.97 (96.3%) dist_goal=0.15
20:52:37 [INFO] [MPC] state=(-4.10,+1.25,-2.38) wp0=(-4.15,+1.35) v=+0.038 ω=+0.029 ok=True iters=10
20:52:37 [INFO] [PROG] s*=5.75/5.97 (96.3%) dist_goal=0.15
20:52:37 [INFO] [MPC] state=(-4.10,+1.25,-2.37) wp0=(-4.15,+1.35) v=+0.038 ω=+0.019 ok=True iters=10
20:52:37 [INFO] [PROG] s*=5.76/5.97 (96.4%) dist_goal=0.15
20:52:37 [INFO] [MPC] state=(-4.10,+1.25,-2.37) wp0=(-4.15,+1.35) v=+0.037 ω=+0.012 ok=True iters=10
20:52:37 [INFO] [PROG] s*=5.85/5.97 (97.9%) dist_goal=0.14
20:52:37 [INFO] [MPC] state=(-4.10,+1.24,-2.37) wp0=(-4.22,+1.28) v=+0.036 ω=+0.007 ok=True iters=10
20:52:37 [INFO] [PROG] s*=5.85/5.97 (98.0%) dist_goal=0.14
20:52:37 [INFO] [MPC] state=(-4.11,+1.24,-2.37) wp0=(-4.22,+1.28) v=+0.036 ω=+0.005 ok=True iters=10
20:52:37 [INFO] [PROG] s*=5.86/5.97 (98.0%) dist_goal=0.14
20:52:37 [INFO] [MPC] state=(-4.11,+1.24,-2.37) wp0=(-4.22,+1.28) v=+0.035 ω=+0.001 ok=True iters=10
20:52:37 [INFO] [PROG] s*=5.86/5.97 (98.1%) dist_goal=0.14
20:52:37 [INFO] [MPC] state=(-4.11,+1.24,-2.37) wp0=(-4.23,+1.27) v=+0.035 ω=+0.001 ok=True iters=11
20:52:37 [INFO] [PROG] s*=5.86/5.97 (98.1%) dist_goal=0.13
20:52:37 [INFO] [MPC] state=(-4.11,+1.23,-2.37) wp0=(-4.23,+1.27) v=+0.034 ω=-0.001 ok=True iters=9
20:52:37 [INFO] [PROG] s*=5.87/5.97 (98.2%) dist_goal=0.13
20:52:37 [INFO] [MPC] state=(-4.12,+1.23,-2.37) wp0=(-4.23,+1.27) v=+0.033 ω=-0.000 ok=True iters=9
20:52:37 [ERROR] Error in step()
Traceback (most recent call last):
  File "/home/max/thesis_proj/pybullet2/crowdnav/env.py", line 712, in step
    theta_ref = _make_theta_ref(path_xy, self._theta_ref_prev, k_strong=3, alpha=0.25)
  File "/home/max/thesis_proj/pybullet2/crowdnav/env.py", line 97, in _make_theta_ref
    if theta_prev is not None and len(theta_prev) == len(ref):
UnboundLocalError: local variable 'ref' referenced before assignment
