10:22:07 [INFO] === New MPC Session Started ===
10:22:07 [DEBUG] matplotlib data path: /usr/share/matplotlib/mpl-data
10:22:07 [DEBUG] CONFIGDIR=/home/max/.config/matplotlib
10:22:07 [DEBUG] interactive is False
10:22:07 [DEBUG] platform is linux
10:22:07 [DEBUG] loaded modules: ['sys', 'builtins', '_frozen_importlib', '_imp', '_thread', '_warnings', '_weakref', '_io', 'marshal', 'posix', '_frozen_importlib_external', 'time', 'zipimport', '_codecs', 'codecs', 'encodings.aliases', 'encodings', 'encodings.utf_8', '_signal', '_abc', 'abc', 'io', '__main__', '_stat', 'stat', '_collections_abc', 'genericpath', 'posixpath', 'os.path', 'os', '_sitebuiltins', 'types', 'importlib._bootstrap', 'importlib._bootstrap_external', 'warnings', 'importlib', 'importlib._abc', 'itertools', 'keyword', '_operator', 'operator', 'reprlib', '_collections', 'collections', '_functools', 'functools', 'contextlib', 'importlib.util', 'importlib.machinery', 'mpl_toolkits', 'phply', 'ruamel', 'zope', 'apport_python_hook', 'sitecustomize', 'site', 'crowdnav', 'crowdnav.env', 'gym.error', 'gym.version', 'collections.abc', 'enum', '_sre', 'sre_constants', 'sre_parse', 'sre_compile', '_locale', 'copyreg', 're', 'typing.io', 'typing.re', 'typing', 'numpy._utils._convertions', 'numpy._utils', 'numpy._globals', 'numpy.exceptions', 'numpy.version', 'numpy._distributor_init', 'numpy._utils._inspect', 'math', '_datetime', 'datetime', 'numpy.core._exceptions', 'numpy.dtypes', 'numpy.core._multiarray_umath', 'numpy.core.overrides', 'numpy.core.multiarray', 'numpy.core.umath', 'numbers', 'numpy.core._string_helpers', 'fnmatch', 'ntpath', 'errno', 'urllib', 'ipaddress', 'urllib.parse', 'pathlib', '_struct', 'struct', '_compat_pickle', '_pickle', 'pickle', 'numpy.compat.py3k', 'numpy.compat', 'numpy.core._dtype', 'numpy.core._type_aliases', 'numpy.core.numerictypes', '_contextvars', 'contextvars', 'numpy.core._ufunc_config', 'numpy.core._methods', 'numpy.core.fromnumeric', 'numpy.core.shape_base', 'numpy.core.arrayprint', 'numpy.core._asarray', 'numpy.core.numeric', 'numpy.core.defchararray', 'numpy.core.records', 'numpy.core.memmap', 'numpy.core.function_base', 'numpy.core._machar', 'numpy.core.getlimits', 'numpy.core.einsumfunc', 'numpy.core._multiarray_tests', 'numpy.core._add_newdocs', 'numpy.core._add_newdocs_scalars', 'numpy.core._dtype_ctypes', '_ast', 'ast', '_ctypes', 'ctypes._endian', 'ctypes', 'numpy.core._internal', 'numpy._pytesttester', 'numpy.core', 'numpy.__config__', 'numpy.lib.mixins', 'numpy.lib.ufunclike', 'numpy.lib.type_check', 'numpy.lib.scimath', 'numpy.lib.stride_tricks', 'numpy.lib.twodim_base', 'numpy.linalg._umath_linalg', '__future__', 'numpy._typing._nested_sequence', 'numpy._typing._nbit', 'numpy._typing._char_codes', 'numpy._typing._scalars', 'numpy._typing._shape', 'numpy._typing._dtype_like', 'numpy._typing._array_like', 'numpy._typing', 'numpy.linalg.linalg', 'numpy.linalg', 'numpy.matrixlib.defmatrix', 'numpy.matrixlib', 'numpy.lib.histograms', 'numpy.lib.function_base', 'numpy.lib.index_tricks', 'numpy.lib.nanfunctions', 'numpy.lib.shape_base', 'numpy.lib.polynomial', 'textwrap', 'signal', '_weakrefset', 'threading', 'fcntl', '_posixsubprocess', 'select', 'selectors', 'subprocess', 'platform', 'numpy.lib.utils', 'numpy.lib.arraysetops', 'weakref', 'numpy.lib.format', 'numpy.lib._datasource', 'numpy.lib._iotools', 'numpy.lib.npyio', 'numpy.lib.arrayterator', 'numpy.lib.arraypad', 'numpy.lib._version', 'numpy.lib', 'numpy.fft._pocketfft_internal', 'numpy.fft._pocketfft', 'numpy.fft.helper', 'numpy.fft', 'numpy.polynomial.polyutils', 'numpy.polynomial._polybase', 'numpy.polynomial.polynomial', 'numpy.polynomial.chebyshev', 'numpy.polynomial.legendre', 'numpy.polynomial.hermite', 'numpy.polynomial.hermite_e', 'numpy.polynomial.laguerre', 'numpy.polynomial', 'cython_runtime', '_cython_3_0_8', 'numpy.random._common', 'binascii', 'base64', '_hashlib', '_blake2', 'hashlib', 'hmac', '_bisect', 'bisect', '_random', '_sha512', 'random', 'secrets', 'numpy.random.bit_generator', 'numpy.random._bounded_integers', 'numpy.random._mt19937', 'numpy.random.mtrand', 'numpy.random._philox', 'numpy.random._pcg64', 'numpy.random._sfc64', 'numpy.random._generator', 'numpy.random._pickle', 'numpy.random', 'numpy.ctypeslib', '_opcode', 'opcode', 'dis', 'token', 'tokenize', 'linecache', 'inspect', 'numpy.ma.core', 'numpy.ma.extras', 'numpy.ma', 'numpy', 'gym.utils.colorize', 'gym.utils.ezpickle', 'gym.utils', 'gym.logger', 'gym.utils.seeding', 'gym.spaces.space', 'gym.spaces.box', 'gym.spaces.dict', 'gym.spaces.discrete', 'gym.spaces.multi_discrete', 'gym.spaces.graph', 'gym.spaces.multi_binary', 'gym.spaces.sequence', 'gym.spaces.text', 'gym.spaces.tuple', 'gym.spaces.utils', 'gym.spaces', 'gym.core', 'copy', '_heapq', 'heapq', 'difflib', 'dataclasses', 'cv2.load_config_py3', 'cv2.version', 'numpy._core', 'numpy._core._multiarray_umath', 'cv2.gapi.core', 'cv2.gapi.core.cpu', 'cv2.gapi.core.fluid', 'cv2.gapi.core.ocl', 'cv2.gapi.ie', 'cv2.gapi.ie.detail', 'cv2.gapi.imgproc', 'cv2.gapi.imgproc.fluid', 'cv2.gapi.oak', 'cv2.gapi.onnx', 'cv2.gapi.onnx.ep', 'cv2.gapi.ot', 'cv2.gapi.ot.cpu', 'cv2.gapi.ov', 'cv2.gapi.own', 'cv2.gapi.own.detail', 'cv2.gapi.render', 'cv2.gapi.render.ocv', 'cv2.gapi.streaming', 'cv2.gapi.video', 'cv2.gapi.wip', 'cv2.gapi.wip.draw', 'cv2.gapi.wip.gst', 'cv2.gapi.wip.onevpl', 'cv2.utils.fs', 'cv2.utils.nested', 'cv2.gapi', 'cv2.ogl', 'cv2.data', 'cv2.detail', 'cv2.flann', 'cv2.ml', 'cv2.aruco', 'cv2.qt', 'cv2.utils', 'cv2.typing', 'cv2.samples', 'cv2.barcode', 'cv2.segmentation', 'cv2.ocl', 'cv2.cuda', 'cv2.parallel', 'cv2.dnn', 'cv2.Error', 'cv2.videoio_registry', 'cv2.ipp', 'cv2.fisheye', 'cv2.misc.version', 'cv2.misc', 'cv2.mat_wrapper', 'cv2', 'gym.wrappers.atari_preprocessing', 'gym.wrappers.autoreset', 'gym.wrappers.clip_action', 'gym.wrappers.filter_observation', 'gym.wrappers.flatten_observation', 'gym.wrappers.frame_stack', 'gym.wrappers.gray_scale_observation', 'gym.wrappers.human_rendering', 'gym.wrappers.normalize', 'gym.wrappers.order_enforcing', 'gym.wrappers.record_episode_statistics', 'gym.wrappers.monitoring', '_json', 'json.scanner', 'json.decoder', 'json.encoder', 'json', 'zlib', '_compression', '_bz2', 'bz2', '_lzma', 'lzma', 'shutil', 'tempfile', 'gym.wrappers.monitoring.video_recorder', 'gym.wrappers.record_video', 'gym.wrappers.render_collection', 'gym.wrappers.rescale_action', 'gym.wrappers.resize_observation', 'gym.utils.step_api_compatibility', 'gym.wrappers.step_api_compatibility', 'gym.wrappers.time_aware_observation', 'gym.wrappers.time_limit', 'gym.wrappers.transform_observation', 'gym.wrappers.transform_reward', 'gym.wrappers.vector_list_info', 'gym.wrappers', 'gym.wrappers.compatibility', 'gym.utils.passive_env_checker', 'gym.wrappers.env_checker', '_csv', 'csv', 'email', 'zipfile', 'uu', 'quopri', '_socket', 'array', 'socket', 'locale', 'calendar', 'email._parseaddr', 'email.base64mime', '_string', 'string', 'email.quoprimime', 'email.errors', 'email.encoders', 'email.charset', 'email.utils', 'email.header', 'email._policybase', 'email._encoded_words', 'email.iterators', 'email.message', 'importlib.metadata._functools', 'importlib.metadata._text', 'importlib.metadata._adapters', 'importlib.metadata._meta', 'importlib.metadata._collections', 'importlib.metadata._itertools', 'importlib.abc', 'importlib.metadata', 'gym.envs.registration', 'gym.envs', 'multiprocessing.process', 'multiprocessing.reduction', 'multiprocessing.context', '__mp_main__', 'multiprocessing', 'gym.vector.utils.misc', 'gym.vector.utils.numpy_utils', 'gym.vector.utils.shared_memory', 'gym.vector.utils.spaces', 'gym.vector.utils', 'gym.vector.vector_env', 'gym.vector.async_vector_env', 'gym.vector.sync_vector_env', 'gym.vector', 'gym_notices', 'gym_notices.notices', 'gym', 'pybullet', 'pybullet_data', 'traceback', 'atexit', 'logging', 'crowdnav.logger_setup', 'crowdnav.config', 'crowdnav.kinematics', 'crowdnav.dynamics', 'crowdnav.sensors', 'crowdnav.control', 'crowdnav.control.align', 'crowdnav.control.track', 'crowdnav.planning', 'swig_runtime_data4', 'casadi._casadi', 'casadi.casadi', 'casadi', 'crowdnav.planning.mpc_runner', 'crowdnav.utils2', 'crowdnav.utils2.coord', 'crowdnav.planning.path_mgr', 'crowdnav.utils2.hud', 'crowdnav.mpc', 'crowdnav.world', 'crowdnav.utils', 'matplotlib', 'pprint', 'packaging.__about__', 'packaging', 'packaging._structures', 'packaging.version', 'matplotlib._api.deprecation', 'matplotlib._api', 'matplotlib._version', 'gzip', 'shlex', 'matplotlib._c_internal_utils', 'matplotlib.cbook', 'matplotlib.docstring', 'PIL._version', 'PIL', 'PIL.ImageMode', 'PIL.TiffTags', 'PIL._binary', 'PIL._util', 'PIL._imaging', 'PIL.Image', 'PIL.ImageChops', 'PIL.ImageFile', 'PIL.GimpGradientFile', 'PIL.GimpPaletteFile', 'PIL.ImageColor', 'PIL.PaletteFile', 'PIL.ImagePalette', 'PIL.ImageSequence', 'PIL.PngImagePlugin', 'matplotlib._path', 'matplotlib.bezier', 'matplotlib.path', 'matplotlib.transforms', 'matplotlib.ticker', 'matplotlib.scale', 'matplotlib._color_data', 'matplotlib.colors', 'pyparsing', 'matplotlib.fontconfig_pattern', 'matplotlib._enums', 'cycler', 'matplotlib.rcsetup', 'matplotlib.ft2font', 'dateutil._version', 'dateutil', 'kiwisolver']
10:22:07 [DEBUG] CACHEDIR=/home/max/.cache/matplotlib
10:22:07 [DEBUG] Using fontManager instance from /home/max/.cache/matplotlib/fontlist-v330.json
10:22:07 [DEBUG] Loaded backend TkAgg version unknown.
10:22:07 [INFO] CrowdNavPyBulletEnv initializing...
10:22:11 [INFO] World ready | grid: (112, 112), res: 0.1, N=10, T=0.1
10:22:12 [DEBUG] kappa_max=6.506 vcap_curv=0.369 vmax_local=0.200 vmin_soft=0.080
10:22:12 [DEBUG] omega=-0.044 sat_streak=0 wp=0/42
10:22:12 [INFO] [MPC] state=(+3.44,-5.16,+2.27) wp0=(+3.15,-4.85) v=+0.200 ω=-0.044 wp_prog=0/42 ok=True iters=6
10:22:12 [DEBUG] kappa_max=6.506 vcap_curv=0.369 vmax_local=0.200 vmin_soft=0.080
10:22:12 [DEBUG] omega=-0.023 sat_streak=0 wp=0/42
10:22:12 [INFO] [MPC] state=(+3.43,-5.15,+2.27) wp0=(+3.15,-4.85) v=+0.200 ω=-0.023 wp_prog=0/42 ok=True iters=7
10:22:12 [DEBUG] kappa_max=6.506 vcap_curv=0.369 vmax_local=0.200 vmin_soft=0.080
10:22:12 [DEBUG] omega=+0.005 sat_streak=0 wp=0/42
10:22:12 [INFO] [MPC] state=(+3.42,-5.14,+2.27) wp0=(+3.15,-4.85) v=+0.200 ω=+0.005 wp_prog=0/42 ok=True iters=7
10:22:12 [DEBUG] kappa_max=6.506 vcap_curv=0.369 vmax_local=0.200 vmin_soft=0.080
10:22:12 [DEBUG] omega=+0.019 sat_streak=0 wp=0/42
10:22:12 [INFO] [MPC] state=(+3.41,-5.12,+2.27) wp0=(+3.15,-4.85) v=+0.200 ω=+0.019 wp_prog=0/42 ok=True iters=7
10:22:12 [DEBUG] kappa_max=6.506 vcap_curv=0.369 vmax_local=0.200 vmin_soft=0.080
10:22:12 [DEBUG] omega=+0.025 sat_streak=0 wp=0/42
10:22:12 [INFO] [MPC] state=(+3.39,-5.10,+2.27) wp0=(+3.15,-4.85) v=+0.200 ω=+0.025 wp_prog=0/42 ok=True iters=7
10:22:12 [DEBUG] kappa_max=6.506 vcap_curv=0.369 vmax_local=0.200 vmin_soft=0.030
10:22:12 [DEBUG] omega=+0.085 sat_streak=0 wp=0/42
10:22:12 [INFO] [MPC] state=(+3.38,-5.09,+2.27) wp0=(+3.15,-4.85) v=+0.200 ω=+0.085 wp_prog=0/42 ok=True iters=6
10:22:12 [DEBUG] kappa_max=6.506 vcap_curv=0.369 vmax_local=0.200 vmin_soft=0.030
10:22:12 [DEBUG] omega=+0.057 sat_streak=0 wp=0/42
10:22:12 [INFO] [MPC] state=(+3.37,-5.07,+2.28) wp0=(+3.15,-4.85) v=+0.200 ω=+0.057 wp_prog=0/42 ok=True iters=6
10:22:12 [DEBUG] kappa_max=6.506 vcap_curv=0.369 vmax_local=0.200 vmin_soft=0.030
10:22:12 [DEBUG] omega=+0.041 sat_streak=0 wp=1/42
10:22:12 [INFO] [MPC] state=(+3.35,-5.06,+2.29) wp0=(+3.15,-4.85) v=+0.200 ω=+0.041 wp_prog=1/42 ok=True iters=6
10:22:12 [DEBUG] kappa_max=6.506 vcap_curv=0.369 vmax_local=0.200 vmin_soft=0.030
10:22:12 [DEBUG] omega=-0.014 sat_streak=0 wp=1/42
10:22:12 [INFO] [MPC] state=(+3.34,-5.04,+2.29) wp0=(+3.05,-4.75) v=+0.200 ω=-0.014 wp_prog=1/42 ok=True iters=6
10:22:12 [DEBUG] kappa_max=6.506 vcap_curv=0.369 vmax_local=0.200 vmin_soft=0.030
10:22:12 [DEBUG] omega=-0.004 sat_streak=0 wp=1/42
10:22:12 [INFO] [MPC] state=(+3.33,-5.03,+2.29) wp0=(+3.05,-4.75) v=+0.200 ω=-0.004 wp_prog=1/42 ok=True iters=6
10:22:12 [DEBUG] kappa_max=6.506 vcap_curv=0.369 vmax_local=0.200 vmin_soft=0.030
10:22:12 [DEBUG] omega=+0.001 sat_streak=0 wp=1/42
10:22:12 [INFO] [MPC] state=(+3.31,-5.01,+2.29) wp0=(+3.05,-4.75) v=+0.200 ω=+0.001 wp_prog=1/42 ok=True iters=6
10:22:12 [DEBUG] kappa_max=6.506 vcap_curv=0.369 vmax_local=0.200 vmin_soft=0.030
10:22:12 [DEBUG] omega=+0.003 sat_streak=0 wp=1/42
10:22:12 [INFO] [MPC] state=(+3.30,-5.00,+2.29) wp0=(+3.05,-4.75) v=+0.200 ω=+0.003 wp_prog=1/42 ok=True iters=6
10:22:12 [DEBUG] kappa_max=6.506 vcap_curv=0.369 vmax_local=0.200 vmin_soft=0.030
10:22:12 [DEBUG] omega=-0.008 sat_streak=0 wp=1/42
10:22:12 [INFO] [MPC] state=(+3.29,-4.98,+2.29) wp0=(+3.05,-4.75) v=+0.200 ω=-0.008 wp_prog=1/42 ok=True iters=6
10:22:12 [DEBUG] kappa_max=6.506 vcap_curv=0.369 vmax_local=0.200 vmin_soft=0.030
10:22:12 [DEBUG] omega=-0.002 sat_streak=0 wp=1/42
10:22:12 [INFO] [MPC] state=(+3.27,-4.97,+2.29) wp0=(+3.05,-4.75) v=+0.200 ω=-0.002 wp_prog=1/42 ok=True iters=6
10:22:12 [DEBUG] kappa_max=6.506 vcap_curv=0.369 vmax_local=0.200 vmin_soft=0.030
10:22:12 [DEBUG] omega=+0.001 sat_streak=0 wp=2/42
10:22:12 [INFO] [MPC] state=(+3.26,-4.95,+2.29) wp0=(+3.05,-4.75) v=+0.200 ω=+0.001 wp_prog=2/42 ok=True iters=6
10:22:12 [DEBUG] kappa_max=6.506 vcap_curv=0.369 vmax_local=0.200 vmin_soft=0.030
10:22:12 [DEBUG] omega=-0.033 sat_streak=0 wp=2/42
10:22:12 [INFO] [MPC] state=(+3.25,-4.93,+2.29) wp0=(+2.95,-4.65) v=+0.200 ω=-0.033 wp_prog=2/42 ok=True iters=6
10:22:12 [DEBUG] kappa_max=6.506 vcap_curv=0.369 vmax_local=0.200 vmin_soft=0.030
10:22:12 [DEBUG] omega=-0.018 sat_streak=0 wp=2/42
10:22:12 [INFO] [MPC] state=(+3.23,-4.92,+2.28) wp0=(+2.95,-4.65) v=+0.200 ω=-0.018 wp_prog=2/42 ok=True iters=6
10:22:12 [DEBUG] kappa_max=6.506 vcap_curv=0.369 vmax_local=0.200 vmin_soft=0.030
10:22:12 [DEBUG] omega=-0.010 sat_streak=0 wp=2/42
10:22:12 [INFO] [MPC] state=(+3.22,-4.90,+2.28) wp0=(+2.95,-4.65) v=+0.200 ω=-0.010 wp_prog=2/42 ok=True iters=6
10:22:12 [DEBUG] kappa_max=6.506 vcap_curv=0.369 vmax_local=0.200 vmin_soft=0.030
10:22:12 [DEBUG] omega=-0.010 sat_streak=0 wp=2/42
10:22:12 [INFO] [MPC] state=(+3.21,-4.89,+2.28) wp0=(+2.95,-4.65) v=+0.200 ω=-0.010 wp_prog=2/42 ok=True iters=6
10:22:12 [DEBUG] kappa_max=6.506 vcap_curv=0.369 vmax_local=0.200 vmin_soft=0.030
10:22:12 [DEBUG] omega=-0.008 sat_streak=0 wp=2/42
10:22:12 [INFO] [MPC] state=(+3.19,-4.87,+2.28) wp0=(+2.95,-4.65) v=+0.200 ω=-0.008 wp_prog=2/42 ok=True iters=6
10:22:12 [DEBUG] kappa_max=6.506 vcap_curv=0.369 vmax_local=0.200 vmin_soft=0.030
10:22:12 [DEBUG] omega=-0.019 sat_streak=0 wp=2/42
10:22:12 [INFO] [MPC] state=(+3.18,-4.86,+2.28) wp0=(+2.95,-4.65) v=+0.200 ω=-0.019 wp_prog=2/42 ok=True iters=6
10:22:12 [DEBUG] kappa_max=6.506 vcap_curv=0.369 vmax_local=0.200 vmin_soft=0.030
10:22:12 [DEBUG] omega=-0.018 sat_streak=0 wp=3/42
10:22:12 [INFO] [MPC] state=(+3.17,-4.84,+2.28) wp0=(+2.95,-4.65) v=+0.200 ω=-0.018 wp_prog=3/42 ok=True iters=6
10:22:12 [DEBUG] kappa_max=6.506 vcap_curv=0.369 vmax_local=0.200 vmin_soft=0.030
10:22:13 [DEBUG] omega=-0.205 sat_streak=0 wp=3/42
10:22:13 [INFO] [MPC] state=(+3.15,-4.83,+2.27) wp0=(+2.85,-4.55) v=+0.200 ω=-0.205 wp_prog=3/42 ok=True iters=6
10:22:13 [DEBUG] kappa_max=6.506 vcap_curv=0.369 vmax_local=0.200 vmin_soft=0.030
10:22:13 [DEBUG] omega=-0.180 sat_streak=0 wp=3/42
10:22:13 [INFO] [MPC] state=(+3.14,-4.81,+2.26) wp0=(+2.85,-4.55) v=+0.200 ω=-0.180 wp_prog=3/42 ok=True iters=6
10:22:13 [DEBUG] kappa_max=6.506 vcap_curv=0.369 vmax_local=0.200 vmin_soft=0.030
10:22:13 [DEBUG] omega=-0.161 sat_streak=0 wp=3/42
10:22:13 [INFO] [MPC] state=(+3.13,-4.79,+2.25) wp0=(+2.85,-4.55) v=+0.200 ω=-0.161 wp_prog=3/42 ok=True iters=6
10:22:13 [DEBUG] kappa_max=6.506 vcap_curv=0.369 vmax_local=0.200 vmin_soft=0.030
10:22:13 [DEBUG] omega=-0.125 sat_streak=0 wp=3/42
10:22:13 [INFO] [MPC] state=(+3.11,-4.78,+2.23) wp0=(+2.85,-4.55) v=+0.200 ω=-0.125 wp_prog=3/42 ok=True iters=6
10:22:13 [DEBUG] kappa_max=6.506 vcap_curv=0.369 vmax_local=0.200 vmin_soft=0.030
10:22:13 [DEBUG] omega=-0.095 sat_streak=0 wp=3/42
10:22:13 [INFO] [MPC] state=(+3.10,-4.76,+2.22) wp0=(+2.85,-4.55) v=+0.200 ω=-0.095 wp_prog=3/42 ok=True iters=6
10:22:13 [DEBUG] kappa_max=6.506 vcap_curv=0.369 vmax_local=0.200 vmin_soft=0.030
10:22:13 [DEBUG] omega=-0.119 sat_streak=0 wp=3/42
10:22:13 [INFO] [MPC] state=(+3.09,-4.75,+2.21) wp0=(+2.85,-4.55) v=+0.200 ω=-0.119 wp_prog=3/42 ok=True iters=6
10:22:13 [DEBUG] kappa_max=6.506 vcap_curv=0.369 vmax_local=0.200 vmin_soft=0.030
10:22:13 [DEBUG] omega=-0.097 sat_streak=0 wp=4/42
10:22:13 [INFO] [MPC] state=(+3.08,-4.73,+2.20) wp0=(+2.85,-4.55) v=+0.200 ω=-0.097 wp_prog=4/42 ok=True iters=6
10:22:13 [DEBUG] kappa_max=6.506 vcap_curv=0.369 vmax_local=0.200 vmin_soft=0.030
10:22:13 [DEBUG] omega=-0.182 sat_streak=0 wp=4/42
10:22:13 [INFO] [MPC] state=(+3.07,-4.71,+2.19) wp0=(+2.75,-4.45) v=+0.200 ω=-0.182 wp_prog=4/42 ok=True iters=6
10:22:13 [DEBUG] kappa_max=6.506 vcap_curv=0.369 vmax_local=0.200 vmin_soft=0.030
10:22:13 [DEBUG] omega=-0.240 sat_streak=0 wp=4/42
10:22:13 [INFO] [MPC] state=(+3.05,-4.70,+2.18) wp0=(+2.75,-4.45) v=+0.200 ω=-0.240 wp_prog=4/42 ok=True iters=6
10:22:13 [DEBUG] kappa_max=6.506 vcap_curv=0.369 vmax_local=0.200 vmin_soft=0.030
10:22:13 [DEBUG] omega=-0.218 sat_streak=0 wp=4/42
10:22:13 [INFO] [MPC] state=(+3.04,-4.68,+2.16) wp0=(+2.75,-4.45) v=+0.200 ω=-0.218 wp_prog=4/42 ok=True iters=6
10:22:13 [DEBUG] kappa_max=6.506 vcap_curv=0.369 vmax_local=0.200 vmin_soft=0.030
10:22:13 [DEBUG] omega=-0.187 sat_streak=0 wp=4/42
10:22:13 [INFO] [MPC] state=(+3.03,-4.66,+2.14) wp0=(+2.75,-4.45) v=+0.200 ω=-0.187 wp_prog=4/42 ok=True iters=6
10:22:13 [DEBUG] kappa_max=6.506 vcap_curv=0.369 vmax_local=0.200 vmin_soft=0.030
10:22:13 [DEBUG] omega=-0.160 sat_streak=0 wp=4/42
10:22:13 [INFO] [MPC] state=(+3.02,-4.65,+2.13) wp0=(+2.75,-4.45) v=+0.200 ω=-0.160 wp_prog=4/42 ok=True iters=6
10:22:13 [DEBUG] kappa_max=6.506 vcap_curv=0.369 vmax_local=0.200 vmin_soft=0.030
10:22:13 [DEBUG] omega=-0.180 sat_streak=0 wp=4/42
10:22:13 [INFO] [MPC] state=(+3.01,-4.63,+2.12) wp0=(+2.75,-4.45) v=+0.200 ω=-0.180 wp_prog=4/42 ok=True iters=6
10:22:13 [DEBUG] kappa_max=6.506 vcap_curv=0.369 vmax_local=0.200 vmin_soft=0.030
10:22:13 [DEBUG] omega=-0.159 sat_streak=0 wp=5/42
10:22:13 [INFO] [MPC] state=(+3.00,-4.61,+2.10) wp0=(+2.75,-4.45) v=+0.200 ω=-0.159 wp_prog=5/42 ok=True iters=6
10:22:13 [DEBUG] kappa_max=6.506 vcap_curv=0.369 vmax_local=0.200 vmin_soft=0.030
10:22:13 [DEBUG] omega=-0.136 sat_streak=0 wp=5/42
10:22:13 [INFO] [MPC] state=(+2.99,-4.59,+2.09) wp0=(+2.65,-4.35) v=+0.200 ω=-0.136 wp_prog=5/42 ok=True iters=6
10:22:13 [DEBUG] kappa_max=6.506 vcap_curv=0.369 vmax_local=0.200 vmin_soft=0.030
10:22:13 [DEBUG] omega=-0.253 sat_streak=0 wp=5/42
10:22:13 [INFO] [MPC] state=(+2.98,-4.58,+2.08) wp0=(+2.65,-4.35) v=+0.200 ω=-0.253 wp_prog=5/42 ok=True iters=6
10:22:13 [DEBUG] kappa_max=6.506 vcap_curv=0.369 vmax_local=0.200 vmin_soft=0.030
10:22:13 [DEBUG] omega=-0.395 sat_streak=0 wp=5/42
10:22:13 [INFO] [MPC] state=(+2.97,-4.56,+2.06) wp0=(+2.65,-4.35) v=+0.200 ω=-0.395 wp_prog=5/42 ok=True iters=6
10:22:13 [DEBUG] kappa_max=6.506 vcap_curv=0.369 vmax_local=0.200 vmin_soft=0.030
10:22:13 [DEBUG] omega=-0.477 sat_streak=0 wp=5/42
10:22:13 [INFO] [MPC] state=(+2.96,-4.54,+2.03) wp0=(+2.65,-4.35) v=+0.200 ω=-0.477 wp_prog=5/42 ok=True iters=6
10:22:13 [DEBUG] kappa_max=6.506 vcap_curv=0.369 vmax_local=0.200 vmin_soft=0.030
10:22:13 [DEBUG] omega=-0.506 sat_streak=0 wp=5/42
10:22:13 [INFO] [MPC] state=(+2.95,-4.53,+2.00) wp0=(+2.65,-4.35) v=+0.200 ω=-0.506 wp_prog=5/42 ok=True iters=6
10:22:13 [DEBUG] kappa_max=6.506 vcap_curv=0.369 vmax_local=0.200 vmin_soft=0.030
10:22:13 [DEBUG] omega=-0.496 sat_streak=0 wp=5/42
10:22:13 [INFO] [MPC] state=(+2.94,-4.51,+1.97) wp0=(+2.65,-4.35) v=+0.200 ω=-0.496 wp_prog=5/42 ok=True iters=6
10:22:13 [DEBUG] kappa_max=6.506 vcap_curv=0.369 vmax_local=0.080 vmin_soft=0.000
10:22:13 [DEBUG] omega=-0.614 sat_streak=0 wp=5/42
10:22:13 [INFO] [MPC] state=(+2.94,-4.49,+1.94) wp0=(+2.65,-4.35) v=+0.080 ω=-0.614 wp_prog=5/42 ok=True iters=7
10:22:13 [DEBUG] kappa_max=6.506 vcap_curv=0.369 vmax_local=0.080 vmin_soft=0.000
10:22:13 [DEBUG] omega=-0.493 sat_streak=0 wp=5/42
10:22:13 [INFO] [MPC] state=(+2.93,-4.48,+1.89) wp0=(+2.65,-4.35) v=+0.080 ω=-0.493 wp_prog=5/42 ok=True iters=7
10:22:13 [DEBUG] kappa_max=6.506 vcap_curv=0.369 vmax_local=0.080 vmin_soft=0.000
10:22:13 [DEBUG] omega=-0.371 sat_streak=0 wp=6/42
10:22:13 [INFO] [MPC] state=(+2.93,-4.47,+1.84) wp0=(+2.65,-4.35) v=+0.080 ω=-0.371 wp_prog=6/42 ok=True iters=7
10:22:13 [DEBUG] kappa_max=6.506 vcap_curv=0.369 vmax_local=0.200 vmin_soft=0.030
10:22:13 [DEBUG] omega=+0.541 sat_streak=0 wp=6/42
10:22:13 [INFO] [MPC] state=(+2.93,-4.47,+1.80) wp0=(+2.65,-4.15) v=+0.200 ω=+0.541 wp_prog=6/42 ok=True iters=7
10:22:13 [DEBUG] kappa_max=6.506 vcap_curv=0.369 vmax_local=0.200 vmin_soft=0.030
10:22:13 [DEBUG] omega=+0.713 sat_streak=0 wp=6/42
10:22:13 [INFO] [MPC] state=(+2.93,-4.45,+1.78) wp0=(+2.65,-4.15) v=+0.200 ω=+0.713 wp_prog=6/42 ok=True iters=6
10:22:13 [DEBUG] kappa_max=6.506 vcap_curv=0.369 vmax_local=0.200 vmin_soft=0.030
10:22:13 [DEBUG] omega=+0.531 sat_streak=0 wp=6/42
10:22:13 [INFO] [MPC] state=(+2.92,-4.44,+1.82) wp0=(+2.65,-4.15) v=+0.200 ω=+0.531 wp_prog=6/42 ok=True iters=6
10:22:13 [DEBUG] kappa_max=6.506 vcap_curv=0.369 vmax_local=0.200 vmin_soft=0.030
10:22:13 [DEBUG] omega=+0.369 sat_streak=0 wp=6/42
10:22:13 [INFO] [MPC] state=(+2.92,-4.42,+1.85) wp0=(+2.65,-4.15) v=+0.200 ω=+0.369 wp_prog=6/42 ok=True iters=6
10:22:13 [DEBUG] kappa_max=6.506 vcap_curv=0.369 vmax_local=0.200 vmin_soft=0.030
10:22:13 [DEBUG] omega=+0.245 sat_streak=0 wp=6/42
10:22:13 [INFO] [MPC] state=(+2.91,-4.40,+1.87) wp0=(+2.65,-4.15) v=+0.200 ω=+0.245 wp_prog=6/42 ok=True iters=6
10:22:13 [DEBUG] kappa_max=6.506 vcap_curv=0.369 vmax_local=0.200 vmin_soft=0.030
10:22:13 [DEBUG] omega=+0.147 sat_streak=0 wp=6/42
10:22:13 [INFO] [MPC] state=(+2.91,-4.38,+1.89) wp0=(+2.65,-4.15) v=+0.200 ω=+0.147 wp_prog=6/42 ok=True iters=6
10:22:13 [DEBUG] kappa_max=6.506 vcap_curv=0.369 vmax_local=0.200 vmin_soft=0.030
10:22:13 [DEBUG] omega=+0.070 sat_streak=0 wp=6/42
10:22:13 [INFO] [MPC] state=(+2.90,-4.36,+1.90) wp0=(+2.65,-4.15) v=+0.200 ω=+0.070 wp_prog=6/42 ok=True iters=6
10:22:13 [DEBUG] kappa_max=6.506 vcap_curv=0.369 vmax_local=0.200 vmin_soft=0.030
10:22:13 [DEBUG] omega=+0.020 sat_streak=0 wp=6/42
10:22:13 [INFO] [MPC] state=(+2.89,-4.34,+1.91) wp0=(+2.65,-4.15) v=+0.200 ω=+0.020 wp_prog=6/42 ok=True iters=6
10:22:13 [DEBUG] kappa_max=6.506 vcap_curv=0.369 vmax_local=0.200 vmin_soft=0.030
10:22:13 [DEBUG] omega=-0.005 sat_streak=0 wp=7/42
10:22:13 [INFO] [MPC] state=(+2.89,-4.32,+1.91) wp0=(+2.65,-4.15) v=+0.200 ω=-0.005 wp_prog=7/42 ok=True iters=6
10:22:13 [DEBUG] kappa_max=0.000 vcap_curv=0.200 vmax_local=0.200 vmin_soft=0.030
10:22:13 [DEBUG] omega=+0.219 sat_streak=0 wp=7/42
10:22:13 [INFO] [MPC] state=(+2.88,-4.30,+1.91) wp0=(+2.65,-4.05) v=+0.200 ω=+0.219 wp_prog=7/42 ok=True iters=6
10:22:13 [DEBUG] kappa_max=0.000 vcap_curv=0.200 vmax_local=0.200 vmin_soft=0.030
10:22:13 [DEBUG] omega=+0.257 sat_streak=0 wp=7/42
10:22:13 [INFO] [MPC] state=(+2.87,-4.29,+1.93) wp0=(+2.65,-4.05) v=+0.200 ω=+0.257 wp_prog=7/42 ok=True iters=6
10:22:13 [DEBUG] kappa_max=0.000 vcap_curv=0.200 vmax_local=0.200 vmin_soft=0.030
10:22:13 [DEBUG] omega=+0.298 sat_streak=0 wp=9/42
10:22:13 [INFO] [MPC] state=(+2.87,-4.27,+1.94) wp0=(+2.65,-4.05) v=+0.200 ω=+0.298 wp_prog=9/42 ok=True iters=6
10:22:13 [DEBUG] kappa_max=6.506 vcap_curv=0.369 vmax_local=0.200 vmin_soft=0.030
10:22:13 [DEBUG] omega=+0.607 sat_streak=0 wp=9/42
10:22:13 [INFO] [MPC] state=(+2.86,-4.25,+1.96) wp0=(+2.45,-3.85) v=+0.200 ω=+0.607 wp_prog=9/42 ok=True iters=6
10:22:13 [DEBUG] kappa_max=6.506 vcap_curv=0.369 vmax_local=0.200 vmin_soft=0.030
10:22:13 [DEBUG] omega=+0.535 sat_streak=0 wp=9/42
10:22:13 [INFO] [MPC] state=(+2.85,-4.23,+2.00) wp0=(+2.45,-3.85) v=+0.200 ω=+0.535 wp_prog=9/42 ok=True iters=6
10:22:13 [DEBUG] kappa_max=6.506 vcap_curv=0.369 vmax_local=0.200 vmin_soft=0.030
10:22:13 [DEBUG] omega=+0.455 sat_streak=0 wp=9/42
10:22:13 [INFO] [MPC] state=(+2.84,-4.22,+2.03) wp0=(+2.45,-3.85) v=+0.200 ω=+0.455 wp_prog=9/42 ok=True iters=6
10:22:13 [DEBUG] kappa_max=6.506 vcap_curv=0.369 vmax_local=0.200 vmin_soft=0.030
10:22:13 [DEBUG] omega=+0.373 sat_streak=0 wp=9/42
10:22:13 [INFO] [MPC] state=(+2.83,-4.20,+2.06) wp0=(+2.45,-3.85) v=+0.200 ω=+0.373 wp_prog=9/42 ok=True iters=6
10:22:13 [DEBUG] kappa_max=6.506 vcap_curv=0.369 vmax_local=0.200 vmin_soft=0.030
10:22:13 [DEBUG] omega=+0.297 sat_streak=0 wp=9/42
10:22:13 [INFO] [MPC] state=(+2.83,-4.18,+2.08) wp0=(+2.45,-3.85) v=+0.200 ω=+0.297 wp_prog=9/42 ok=True iters=6
10:22:13 [DEBUG] kappa_max=6.506 vcap_curv=0.369 vmax_local=0.200 vmin_soft=0.030
10:22:13 [DEBUG] omega=+0.221 sat_streak=0 wp=10/42
10:22:13 [INFO] [MPC] state=(+2.82,-4.17,+2.10) wp0=(+2.45,-3.85) v=+0.200 ω=+0.221 wp_prog=10/42 ok=True iters=6
10:22:13 [DEBUG] kappa_max=6.506 vcap_curv=0.369 vmax_local=0.200 vmin_soft=0.030
10:22:13 [DEBUG] omega=+0.287 sat_streak=0 wp=10/42
10:22:13 [INFO] [MPC] state=(+2.81,-4.15,+2.12) wp0=(+2.35,-3.75) v=+0.200 ω=+0.287 wp_prog=10/42 ok=True iters=6
10:22:13 [DEBUG] kappa_max=6.506 vcap_curv=0.369 vmax_local=0.200 vmin_soft=0.030
10:22:13 [DEBUG] omega=+0.197 sat_streak=0 wp=10/42
10:22:13 [INFO] [MPC] state=(+2.80,-4.13,+2.14) wp0=(+2.35,-3.75) v=+0.200 ω=+0.197 wp_prog=10/42 ok=True iters=6
10:22:13 [DEBUG] kappa_max=6.506 vcap_curv=0.369 vmax_local=0.200 vmin_soft=0.030
10:22:13 [DEBUG] omega=+0.124 sat_streak=0 wp=10/42
10:22:13 [INFO] [MPC] state=(+2.78,-4.12,+2.15) wp0=(+2.35,-3.75) v=+0.200 ω=+0.124 wp_prog=10/42 ok=True iters=6
10:22:13 [DEBUG] kappa_max=6.506 vcap_curv=0.369 vmax_local=0.200 vmin_soft=0.030
10:22:13 [DEBUG] omega=+0.065 sat_streak=0 wp=10/42
10:22:13 [INFO] [MPC] state=(+2.77,-4.10,+2.16) wp0=(+2.35,-3.75) v=+0.200 ω=+0.065 wp_prog=10/42 ok=True iters=6
10:22:13 [DEBUG] kappa_max=6.506 vcap_curv=0.369 vmax_local=0.200 vmin_soft=0.030
10:22:13 [DEBUG] omega=+0.021 sat_streak=0 wp=10/42
10:22:13 [INFO] [MPC] state=(+2.76,-4.08,+2.17) wp0=(+2.35,-3.75) v=+0.200 ω=+0.021 wp_prog=10/42 ok=True iters=6
10:22:13 [DEBUG] kappa_max=6.506 vcap_curv=0.369 vmax_local=0.200 vmin_soft=0.030
10:22:13 [DEBUG] omega=+0.001 sat_streak=0 wp=10/42
10:22:13 [INFO] [MPC] state=(+2.75,-4.07,+2.17) wp0=(+2.35,-3.75) v=+0.200 ω=+0.001 wp_prog=10/42 ok=True iters=6
10:22:13 [DEBUG] kappa_max=6.506 vcap_curv=0.369 vmax_local=0.200 vmin_soft=0.030
10:22:13 [DEBUG] omega=-0.009 sat_streak=0 wp=10/42
10:22:13 [INFO] [MPC] state=(+2.74,-4.05,+2.17) wp0=(+2.35,-3.75) v=+0.200 ω=-0.009 wp_prog=10/42 ok=True iters=6
10:22:13 [DEBUG] kappa_max=6.506 vcap_curv=0.369 vmax_local=0.200 vmin_soft=0.030
10:22:13 [DEBUG] omega=-0.007 sat_streak=0 wp=10/42
10:22:13 [INFO] [MPC] state=(+2.73,-4.03,+2.17) wp0=(+2.35,-3.75) v=+0.200 ω=-0.007 wp_prog=10/42 ok=True iters=6
10:22:13 [DEBUG] kappa_max=6.506 vcap_curv=0.369 vmax_local=0.200 vmin_soft=0.030
10:22:13 [DEBUG] omega=+0.038 sat_streak=0 wp=10/42
10:22:13 [INFO] [MPC] state=(+2.72,-4.02,+2.17) wp0=(+2.35,-3.75) v=+0.200 ω=+0.038 wp_prog=10/42 ok=True iters=6
10:22:13 [DEBUG] kappa_max=6.506 vcap_curv=0.369 vmax_local=0.200 vmin_soft=0.030
10:22:13 [DEBUG] omega=+0.015 sat_streak=0 wp=11/42
10:22:13 [INFO] [MPC] state=(+2.70,-4.00,+2.17) wp0=(+2.35,-3.75) v=+0.200 ω=+0.015 wp_prog=11/42 ok=True iters=6
10:22:13 [DEBUG] kappa_max=6.506 vcap_curv=0.369 vmax_local=0.200 vmin_soft=0.030
10:22:13 [DEBUG] omega=+0.005 sat_streak=0 wp=11/42
10:22:13 [INFO] [MPC] state=(+2.69,-3.98,+2.18) wp0=(+2.35,-3.75) v=+0.200 ω=+0.005 wp_prog=11/42 ok=True iters=6
10:22:13 [DEBUG] kappa_max=6.506 vcap_curv=0.369 vmax_local=0.200 vmin_soft=0.030
10:22:13 [DEBUG] omega=+0.003 sat_streak=0 wp=11/42
10:22:13 [INFO] [MPC] state=(+2.68,-3.97,+2.18) wp0=(+2.35,-3.75) v=+0.200 ω=+0.003 wp_prog=11/42 ok=True iters=6
10:22:13 [DEBUG] kappa_max=6.506 vcap_curv=0.369 vmax_local=0.200 vmin_soft=0.030
10:22:13 [DEBUG] omega=+0.008 sat_streak=0 wp=11/42
10:22:13 [INFO] [MPC] state=(+2.67,-3.95,+2.18) wp0=(+2.35,-3.75) v=+0.200 ω=+0.008 wp_prog=11/42 ok=True iters=6
10:22:13 [DEBUG] kappa_max=6.506 vcap_curv=0.369 vmax_local=0.200 vmin_soft=0.030
10:22:13 [DEBUG] omega=+0.021 sat_streak=0 wp=11/42
10:22:13 [INFO] [MPC] state=(+2.66,-3.93,+2.18) wp0=(+2.35,-3.75) v=+0.200 ω=+0.021 wp_prog=11/42 ok=True iters=6
10:22:13 [DEBUG] kappa_max=6.506 vcap_curv=0.369 vmax_local=0.200 vmin_soft=0.030
10:22:13 [DEBUG] omega=+0.029 sat_streak=0 wp=11/42
10:22:13 [INFO] [MPC] state=(+2.65,-3.92,+2.18) wp0=(+2.35,-3.75) v=+0.200 ω=+0.029 wp_prog=11/42 ok=True iters=6
10:22:13 [DEBUG] kappa_max=6.506 vcap_curv=0.369 vmax_local=0.200 vmin_soft=0.030
10:22:13 [DEBUG] omega=+0.038 sat_streak=0 wp=11/42
10:22:13 [INFO] [MPC] state=(+2.63,-3.90,+2.18) wp0=(+2.35,-3.75) v=+0.200 ω=+0.038 wp_prog=11/42 ok=True iters=6
10:22:13 [DEBUG] kappa_max=6.506 vcap_curv=0.369 vmax_local=0.200 vmin_soft=0.030
10:22:13 [DEBUG] omega=+0.107 sat_streak=0 wp=12/42
10:22:13 [INFO] [MPC] state=(+2.62,-3.88,+2.19) wp0=(+2.35,-3.75) v=+0.200 ω=+0.107 wp_prog=12/42 ok=True iters=6
10:22:13 [DEBUG] kappa_max=6.506 vcap_curv=0.369 vmax_local=0.200 vmin_soft=0.030
10:22:13 [DEBUG] omega=+0.224 sat_streak=0 wp=12/42
10:22:13 [INFO] [MPC] state=(+2.61,-3.87,+2.20) wp0=(+2.25,-3.65) v=+0.200 ω=+0.224 wp_prog=12/42 ok=True iters=6
10:22:13 [DEBUG] kappa_max=6.506 vcap_curv=0.369 vmax_local=0.200 vmin_soft=0.030
10:22:13 [DEBUG] omega=+0.178 sat_streak=0 wp=12/42
10:22:13 [INFO] [MPC] state=(+2.60,-3.85,+2.21) wp0=(+2.25,-3.65) v=+0.200 ω=+0.178 wp_prog=12/42 ok=True iters=6
10:22:13 [DEBUG] kappa_max=6.506 vcap_curv=0.369 vmax_local=0.200 vmin_soft=0.030
10:22:13 [DEBUG] omega=+0.142 sat_streak=0 wp=12/42
10:22:13 [INFO] [MPC] state=(+2.59,-3.83,+2.23) wp0=(+2.25,-3.65) v=+0.200 ω=+0.142 wp_prog=12/42 ok=True iters=6
10:22:13 [DEBUG] kappa_max=6.506 vcap_curv=0.369 vmax_local=0.200 vmin_soft=0.030
10:22:13 [DEBUG] omega=+0.115 sat_streak=0 wp=12/42
10:22:13 [INFO] [MPC] state=(+2.57,-3.82,+2.24) wp0=(+2.25,-3.65) v=+0.200 ω=+0.115 wp_prog=12/42 ok=True iters=6
10:22:13 [DEBUG] kappa_max=6.506 vcap_curv=0.369 vmax_local=0.200 vmin_soft=0.030
10:22:13 [DEBUG] omega=+0.096 sat_streak=0 wp=12/42
10:22:13 [INFO] [MPC] state=(+2.56,-3.80,+2.25) wp0=(+2.25,-3.65) v=+0.200 ω=+0.096 wp_prog=12/42 ok=True iters=6
10:22:13 [DEBUG] kappa_max=6.506 vcap_curv=0.369 vmax_local=0.200 vmin_soft=0.030
10:22:13 [DEBUG] omega=+0.078 sat_streak=0 wp=12/42
10:22:13 [INFO] [MPC] state=(+2.55,-3.79,+2.26) wp0=(+2.25,-3.65) v=+0.200 ω=+0.078 wp_prog=12/42 ok=True iters=6
10:22:13 [DEBUG] kappa_max=6.506 vcap_curv=0.369 vmax_local=0.200 vmin_soft=0.030
10:22:13 [DEBUG] omega=+0.071 sat_streak=0 wp=13/42
10:22:13 [INFO] [MPC] state=(+2.53,-3.77,+2.27) wp0=(+2.25,-3.65) v=+0.200 ω=+0.071 wp_prog=13/42 ok=True iters=6
10:22:13 [DEBUG] kappa_max=6.506 vcap_curv=0.369 vmax_local=0.200 vmin_soft=0.030
10:22:13 [DEBUG] omega=+0.305 sat_streak=0 wp=13/42
10:22:13 [INFO] [MPC] state=(+2.52,-3.75,+2.27) wp0=(+2.15,-3.55) v=+0.200 ω=+0.305 wp_prog=13/42 ok=True iters=6
10:22:13 [DEBUG] kappa_max=6.506 vcap_curv=0.369 vmax_local=0.200 vmin_soft=0.030
10:22:13 [DEBUG] omega=+0.274 sat_streak=0 wp=13/42
10:22:13 [INFO] [MPC] state=(+2.51,-3.74,+2.29) wp0=(+2.15,-3.55) v=+0.200 ω=+0.274 wp_prog=13/42 ok=True iters=6
10:22:13 [DEBUG] kappa_max=6.506 vcap_curv=0.369 vmax_local=0.200 vmin_soft=0.030
10:22:13 [DEBUG] omega=+0.235 sat_streak=0 wp=13/42
10:22:13 [INFO] [MPC] state=(+2.50,-3.73,+2.31) wp0=(+2.15,-3.55) v=+0.200 ω=+0.235 wp_prog=13/42 ok=True iters=6
10:22:13 [DEBUG] kappa_max=6.506 vcap_curv=0.369 vmax_local=0.200 vmin_soft=0.030
10:22:13 [DEBUG] omega=+0.194 sat_streak=0 wp=13/42
10:22:13 [INFO] [MPC] state=(+2.48,-3.71,+2.33) wp0=(+2.15,-3.55) v=+0.200 ω=+0.194 wp_prog=13/42 ok=True iters=6
10:22:13 [DEBUG] kappa_max=6.506 vcap_curv=0.369 vmax_local=0.200 vmin_soft=0.030
10:22:13 [DEBUG] omega=+0.163 sat_streak=0 wp=13/42
10:22:13 [INFO] [MPC] state=(+2.47,-3.70,+2.34) wp0=(+2.15,-3.55) v=+0.200 ω=+0.163 wp_prog=13/42 ok=True iters=6
10:22:13 [DEBUG] kappa_max=6.506 vcap_curv=0.369 vmax_local=0.200 vmin_soft=0.030
10:22:13 [DEBUG] omega=+0.138 sat_streak=0 wp=13/42
10:22:13 [INFO] [MPC] state=(+2.45,-3.68,+2.36) wp0=(+2.15,-3.55) v=+0.200 ω=+0.138 wp_prog=13/42 ok=True iters=6
10:22:13 [DEBUG] kappa_max=6.506 vcap_curv=0.369 vmax_local=0.200 vmin_soft=0.030
10:22:13 [DEBUG] omega=+0.118 sat_streak=0 wp=14/42
10:22:13 [INFO] [MPC] state=(+2.44,-3.67,+2.37) wp0=(+2.15,-3.55) v=+0.200 ω=+0.118 wp_prog=14/42 ok=True iters=6
10:22:13 [DEBUG] kappa_max=6.506 vcap_curv=0.369 vmax_local=0.200 vmin_soft=0.030
10:22:13 [DEBUG] omega=+0.348 sat_streak=0 wp=14/42
10:22:13 [INFO] [MPC] state=(+2.43,-3.65,+2.38) wp0=(+2.05,-3.45) v=+0.200 ω=+0.348 wp_prog=14/42 ok=True iters=6
10:22:13 [DEBUG] kappa_max=6.506 vcap_curv=0.369 vmax_local=0.200 vmin_soft=0.030
10:22:13 [DEBUG] omega=+0.329 sat_streak=0 wp=14/42
10:22:13 [INFO] [MPC] state=(+2.41,-3.64,+2.40) wp0=(+2.05,-3.45) v=+0.200 ω=+0.329 wp_prog=14/42 ok=True iters=6
10:22:13 [DEBUG] kappa_max=6.506 vcap_curv=0.369 vmax_local=0.200 vmin_soft=0.030
10:22:13 [DEBUG] omega=+0.491 sat_streak=0 wp=14/42
10:22:13 [INFO] [MPC] state=(+2.40,-3.63,+2.42) wp0=(+2.05,-3.45) v=+0.200 ω=+0.491 wp_prog=14/42 ok=True iters=6
10:22:13 [DEBUG] kappa_max=6.506 vcap_curv=0.369 vmax_local=0.200 vmin_soft=0.030
10:22:13 [DEBUG] omega=+0.408 sat_streak=0 wp=14/42
10:22:13 [INFO] [MPC] state=(+2.38,-3.62,+2.45) wp0=(+2.05,-3.45) v=+0.200 ω=+0.408 wp_prog=14/42 ok=True iters=6
10:22:13 [DEBUG] kappa_max=6.506 vcap_curv=0.369 vmax_local=0.200 vmin_soft=0.030
10:22:13 [DEBUG] omega=+0.270 sat_streak=0 wp=14/42
10:22:13 [INFO] [MPC] state=(+2.37,-3.60,+2.48) wp0=(+2.05,-3.45) v=+0.200 ω=+0.270 wp_prog=14/42 ok=True iters=6
10:22:13 [DEBUG] kappa_max=6.506 vcap_curv=0.369 vmax_local=0.200 vmin_soft=0.030
10:22:13 [DEBUG] omega=+0.492 sat_streak=0 wp=14/42
10:22:13 [INFO] [MPC] state=(+2.35,-3.59,+2.50) wp0=(+2.05,-3.45) v=+0.200 ω=+0.492 wp_prog=14/42 ok=True iters=6
10:22:13 [DEBUG] kappa_max=6.506 vcap_curv=0.369 vmax_local=0.200 vmin_soft=0.030
10:22:13 [DEBUG] omega=+0.410 sat_streak=0 wp=15/42
10:22:13 [INFO] [MPC] state=(+2.34,-3.58,+2.53) wp0=(+2.05,-3.45) v=+0.200 ω=+0.410 wp_prog=15/42 ok=True iters=6
10:22:13 [DEBUG] kappa_max=0.000 vcap_curv=0.200 vmax_local=0.200 vmin_soft=0.030
10:22:13 [DEBUG] omega=+0.458 sat_streak=0 wp=15/42
10:22:13 [INFO] [MPC] state=(+2.32,-3.57,+2.56) wp0=(+1.95,-3.35) v=+0.200 ω=+0.458 wp_prog=15/42 ok=True iters=6
10:22:13 [DEBUG] kappa_max=0.000 vcap_curv=0.200 vmax_local=0.200 vmin_soft=0.030
10:22:13 [DEBUG] omega=+0.548 sat_streak=0 wp=15/42
10:22:13 [INFO] [MPC] state=(+2.31,-3.56,+2.59) wp0=(+1.95,-3.35) v=+0.200 ω=+0.548 wp_prog=15/42 ok=True iters=6
10:22:13 [DEBUG] kappa_max=0.000 vcap_curv=0.200 vmax_local=0.200 vmin_soft=0.030
10:22:13 [DEBUG] omega=+0.795 sat_streak=0 wp=15/42
10:22:13 [INFO] [MPC] state=(+2.29,-3.55,+2.62) wp0=(+1.95,-3.35) v=+0.200 ω=+0.795 wp_prog=15/42 ok=True iters=6
10:22:13 [DEBUG] kappa_max=0.000 vcap_curv=0.200 vmax_local=0.200 vmin_soft=0.030
10:22:13 [DEBUG] omega=+0.832 sat_streak=0 wp=15/42
10:22:13 [INFO] [MPC] state=(+2.28,-3.54,+2.66) wp0=(+1.95,-3.35) v=+0.200 ω=+0.832 wp_prog=15/42 ok=True iters=6
10:22:13 [DEBUG] kappa_max=0.000 vcap_curv=0.200 vmax_local=0.200 vmin_soft=0.030
10:22:13 [DEBUG] omega=+0.789 sat_streak=0 wp=15/42
10:22:13 [INFO] [MPC] state=(+2.26,-3.53,+2.71) wp0=(+1.95,-3.35) v=+0.200 ω=+0.789 wp_prog=15/42 ok=True iters=6
10:22:13 [DEBUG] kappa_max=0.000 vcap_curv=0.200 vmax_local=0.200 vmin_soft=0.030
10:22:13 [DEBUG] omega=+0.996 sat_streak=0 wp=15/42
10:22:13 [INFO] [MPC] state=(+2.24,-3.53,+2.76) wp0=(+1.95,-3.35) v=+0.200 ω=+0.996 wp_prog=15/42 ok=True iters=6
10:22:13 [DEBUG] kappa_max=0.000 vcap_curv=0.200 vmax_local=0.200 vmin_soft=0.030
10:22:13 [DEBUG] omega=+0.864 sat_streak=0 wp=15/42
10:22:13 [INFO] [MPC] state=(+2.23,-3.52,+2.81) wp0=(+1.95,-3.35) v=+0.200 ω=+0.864 wp_prog=15/42 ok=True iters=6
10:22:13 [DEBUG] kappa_max=0.000 vcap_curv=0.200 vmax_local=0.200 vmin_soft=0.030
10:22:13 [DEBUG] omega=+0.758 sat_streak=0 wp=15/42
10:22:13 [INFO] [MPC] state=(+2.21,-3.52,+2.86) wp0=(+1.95,-3.35) v=+0.200 ω=+0.758 wp_prog=15/42 ok=True iters=6
10:22:13 [DEBUG] kappa_max=0.000 vcap_curv=0.200 vmax_local=0.200 vmin_soft=0.030
10:22:13 [DEBUG] omega=+0.910 sat_streak=0 wp=16/42
10:22:13 [INFO] [MPC] state=(+2.20,-3.51,+2.90) wp0=(+1.95,-3.35) v=+0.200 ω=+0.910 wp_prog=16/42 ok=True iters=6
10:22:13 [DEBUG] kappa_max=15.708 vcap_curv=0.153 vmax_local=0.153 vmin_soft=0.030
10:22:13 [DEBUG] omega=+0.248 sat_streak=0 wp=16/42
10:22:13 [INFO] [MPC] state=(+2.18,-3.51,+2.96) wp0=(+1.75,-3.35) v=+0.153 ω=+0.248 wp_prog=16/42 ok=True iters=6
10:22:13 [DEBUG] kappa_max=15.708 vcap_curv=0.153 vmax_local=0.153 vmin_soft=0.030
10:22:13 [DEBUG] omega=+0.476 sat_streak=0 wp=16/42
10:22:13 [INFO] [MPC] state=(+2.17,-3.51,+2.98) wp0=(+1.75,-3.35) v=+0.153 ω=+0.476 wp_prog=16/42 ok=True iters=6
10:22:13 [DEBUG] kappa_max=15.708 vcap_curv=0.153 vmax_local=0.153 vmin_soft=0.030
10:22:13 [DEBUG] omega=+0.271 sat_streak=0 wp=16/42
10:22:13 [INFO] [MPC] state=(+2.15,-3.50,+3.03) wp0=(+1.75,-3.35) v=+0.153 ω=+0.271 wp_prog=16/42 ok=True iters=6
10:22:13 [DEBUG] kappa_max=15.708 vcap_curv=0.153 vmax_local=0.153 vmin_soft=0.030
10:22:13 [DEBUG] omega=+0.132 sat_streak=0 wp=16/42
10:22:13 [INFO] [MPC] state=(+2.14,-3.50,+3.06) wp0=(+1.75,-3.35) v=+0.153 ω=+0.132 wp_prog=16/42 ok=True iters=6
10:22:13 [DEBUG] kappa_max=15.708 vcap_curv=0.153 vmax_local=0.153 vmin_soft=0.030
10:22:13 [DEBUG] omega=+0.088 sat_streak=0 wp=16/42
10:22:13 [INFO] [MPC] state=(+2.12,-3.50,+3.07) wp0=(+1.75,-3.35) v=+0.153 ω=+0.088 wp_prog=16/42 ok=True iters=6
10:22:13 [DEBUG] kappa_max=15.708 vcap_curv=0.153 vmax_local=0.153 vmin_soft=0.030
10:22:13 [DEBUG] omega=+0.337 sat_streak=0 wp=16/42
10:22:13 [INFO] [MPC] state=(+2.10,-3.50,+3.08) wp0=(+1.75,-3.35) v=+0.153 ω=+0.337 wp_prog=16/42 ok=True iters=6
10:22:13 [DEBUG] kappa_max=15.708 vcap_curv=0.153 vmax_local=0.153 vmin_soft=0.030
10:22:13 [DEBUG] omega=-0.144 sat_streak=0 wp=16/42
10:22:13 [INFO] [MPC] state=(+2.09,-3.50,+3.11) wp0=(+1.75,-3.35) v=+0.153 ω=-0.144 wp_prog=16/42 ok=True iters=6
10:22:13 [DEBUG] kappa_max=15.708 vcap_curv=0.153 vmax_local=0.153 vmin_soft=0.030
10:22:13 [DEBUG] omega=-0.105 sat_streak=0 wp=16/42
10:22:13 [INFO] [MPC] state=(+2.07,-3.50,+3.10) wp0=(+1.75,-3.35) v=+0.153 ω=-0.105 wp_prog=16/42 ok=True iters=6
10:22:13 [DEBUG] kappa_max=15.708 vcap_curv=0.153 vmax_local=0.153 vmin_soft=0.030
10:22:13 [DEBUG] omega=+0.072 sat_streak=0 wp=16/42
10:22:13 [INFO] [MPC] state=(+2.06,-3.50,+3.09) wp0=(+1.75,-3.35) v=+0.153 ω=+0.072 wp_prog=16/42 ok=True iters=6
10:22:13 [DEBUG] kappa_max=15.708 vcap_curv=0.153 vmax_local=0.153 vmin_soft=0.030
10:22:13 [DEBUG] omega=-0.343 sat_streak=0 wp=16/42
10:22:13 [INFO] [MPC] state=(+2.04,-3.50,+3.09) wp0=(+1.75,-3.35) v=+0.153 ω=-0.343 wp_prog=16/42 ok=True iters=6
10:22:13 [DEBUG] kappa_max=15.708 vcap_curv=0.153 vmax_local=0.153 vmin_soft=0.030
10:22:13 [DEBUG] omega=+0.160 sat_streak=0 wp=16/42
10:22:13 [INFO] [MPC] state=(+2.03,-3.50,+3.06) wp0=(+1.75,-3.35) v=+0.153 ω=+0.160 wp_prog=16/42 ok=True iters=6
10:22:13 [DEBUG] kappa_max=15.708 vcap_curv=0.153 vmax_local=0.153 vmin_soft=0.030
10:22:13 [DEBUG] omega=+0.107 sat_streak=0 wp=17/42
10:22:13 [INFO] [MPC] state=(+2.01,-3.50,+3.08) wp0=(+1.75,-3.35) v=+0.153 ω=+0.107 wp_prog=17/42 ok=True iters=6
10:22:13 [DEBUG] kappa_max=15.708 vcap_curv=0.153 vmax_local=0.153 vmin_soft=0.030
10:22:13 [DEBUG] omega=-0.042 sat_streak=0 wp=17/42
10:22:13 [INFO] [MPC] state=(+2.00,-3.49,+3.09) wp0=(+1.65,-3.35) v=+0.153 ω=-0.042 wp_prog=17/42 ok=True iters=6
10:22:13 [DEBUG] kappa_max=15.708 vcap_curv=0.153 vmax_local=0.153 vmin_soft=0.030
10:22:13 [DEBUG] omega=-0.029 sat_streak=0 wp=17/42
10:22:13 [INFO] [MPC] state=(+1.98,-3.49,+3.08) wp0=(+1.65,-3.35) v=+0.153 ω=-0.029 wp_prog=17/42 ok=True iters=6
10:22:13 [DEBUG] kappa_max=15.708 vcap_curv=0.153 vmax_local=0.153 vmin_soft=0.030
10:22:13 [DEBUG] omega=-0.018 sat_streak=0 wp=17/42
10:22:13 [INFO] [MPC] state=(+1.97,-3.49,+3.08) wp0=(+1.65,-3.35) v=+0.153 ω=-0.018 wp_prog=17/42 ok=True iters=6
10:22:13 [DEBUG] kappa_max=15.708 vcap_curv=0.153 vmax_local=0.153 vmin_soft=0.030
10:22:13 [DEBUG] omega=-0.343 sat_streak=0 wp=17/42
10:22:13 [INFO] [MPC] state=(+1.95,-3.49,+3.08) wp0=(+1.65,-3.35) v=+0.153 ω=-0.343 wp_prog=17/42 ok=True iters=6
10:22:13 [DEBUG] kappa_max=15.708 vcap_curv=0.153 vmax_local=0.153 vmin_soft=0.030
10:22:13 [DEBUG] omega=+0.180 sat_streak=0 wp=17/42
10:22:13 [INFO] [MPC] state=(+1.94,-3.49,+3.04) wp0=(+1.65,-3.35) v=+0.153 ω=+0.180 wp_prog=17/42 ok=True iters=6
10:22:13 [DEBUG] kappa_max=15.708 vcap_curv=0.153 vmax_local=0.153 vmin_soft=0.030
10:22:13 [DEBUG] omega=-0.282 sat_streak=0 wp=17/42
10:22:13 [INFO] [MPC] state=(+1.92,-3.49,+3.06) wp0=(+1.65,-3.35) v=+0.153 ω=-0.282 wp_prog=17/42 ok=True iters=6
10:22:13 [DEBUG] kappa_max=15.708 vcap_curv=0.153 vmax_local=0.153 vmin_soft=0.030
10:22:13 [DEBUG] omega=+0.233 sat_streak=0 wp=18/42
10:22:13 [INFO] [MPC] state=(+1.90,-3.49,+3.03) wp0=(+1.65,-3.35) v=+0.153 ω=+0.233 wp_prog=18/42 ok=True iters=6
10:22:13 [DEBUG] kappa_max=15.708 vcap_curv=0.153 vmax_local=0.153 vmin_soft=0.030
10:22:13 [DEBUG] omega=+0.041 sat_streak=0 wp=18/42
10:22:13 [INFO] [MPC] state=(+1.89,-3.49,+3.05) wp0=(+1.55,-3.35) v=+0.153 ω=+0.041 wp_prog=18/42 ok=True iters=6
10:22:13 [DEBUG] kappa_max=15.708 vcap_curv=0.153 vmax_local=0.153 vmin_soft=0.030
10:22:13 [DEBUG] omega=+0.038 sat_streak=0 wp=18/42
10:22:13 [INFO] [MPC] state=(+1.87,-3.48,+3.06) wp0=(+1.55,-3.35) v=+0.153 ω=+0.038 wp_prog=18/42 ok=True iters=6
10:22:13 [DEBUG] kappa_max=15.708 vcap_curv=0.153 vmax_local=0.153 vmin_soft=0.030
10:22:13 [DEBUG] omega=+0.036 sat_streak=0 wp=19/42
10:22:13 [INFO] [MPC] state=(+1.86,-3.48,+3.06) wp0=(+1.55,-3.35) v=+0.153 ω=+0.036 wp_prog=19/42 ok=True iters=6
10:22:13 [DEBUG] kappa_max=15.708 vcap_curv=0.153 vmax_local=0.153 vmin_soft=0.030
10:22:13 [DEBUG] omega=-0.393 sat_streak=0 wp=19/42
10:22:13 [INFO] [MPC] state=(+1.84,-3.48,+3.07) wp0=(+1.35,-3.35) v=+0.153 ω=-0.393 wp_prog=19/42 ok=True iters=6
10:22:13 [DEBUG] kappa_max=15.708 vcap_curv=0.153 vmax_local=0.153 vmin_soft=0.030
10:22:13 [DEBUG] omega=-0.275 sat_streak=0 wp=19/42
10:22:13 [INFO] [MPC] state=(+1.83,-3.48,+3.03) wp0=(+1.35,-3.35) v=+0.153 ω=-0.275 wp_prog=19/42 ok=True iters=6
10:22:13 [DEBUG] kappa_max=15.708 vcap_curv=0.153 vmax_local=0.153 vmin_soft=0.030
10:22:13 [DEBUG] omega=-0.112 sat_streak=0 wp=19/42
10:22:13 [INFO] [MPC] state=(+1.81,-3.48,+3.00) wp0=(+1.35,-3.35) v=+0.153 ω=-0.112 wp_prog=19/42 ok=True iters=6
10:22:13 [DEBUG] kappa_max=15.708 vcap_curv=0.153 vmax_local=0.153 vmin_soft=0.030
10:22:13 [DEBUG] omega=-0.054 sat_streak=0 wp=19/42
10:22:13 [INFO] [MPC] state=(+1.80,-3.48,+2.99) wp0=(+1.35,-3.35) v=+0.153 ω=-0.054 wp_prog=19/42 ok=True iters=6
10:22:13 [DEBUG] kappa_max=15.708 vcap_curv=0.153 vmax_local=0.153 vmin_soft=0.030
10:22:13 [DEBUG] omega=+0.398 sat_streak=0 wp=19/42
10:22:13 [INFO] [MPC] state=(+1.78,-3.47,+2.98) wp0=(+1.35,-3.35) v=+0.153 ω=+0.398 wp_prog=19/42 ok=True iters=6
10:22:13 [DEBUG] kappa_max=15.708 vcap_curv=0.153 vmax_local=0.153 vmin_soft=0.030
10:22:13 [DEBUG] omega=+0.123 sat_streak=0 wp=19/42
10:22:13 [INFO] [MPC] state=(+1.77,-3.47,+3.02) wp0=(+1.35,-3.35) v=+0.153 ω=+0.123 wp_prog=19/42 ok=True iters=6
10:22:13 [DEBUG] kappa_max=15.708 vcap_curv=0.153 vmax_local=0.153 vmin_soft=0.030
10:22:13 [DEBUG] omega=+0.508 sat_streak=0 wp=20/42
10:22:13 [INFO] [MPC] state=(+1.75,-3.47,+3.04) wp0=(+1.35,-3.35) v=+0.153 ω=+0.508 wp_prog=20/42 ok=True iters=7
10:22:13 [DEBUG] kappa_max=15.708 vcap_curv=0.153 vmax_local=0.153 vmin_soft=0.030
10:22:13 [DEBUG] omega=-0.021 sat_streak=0 wp=20/42
10:22:13 [INFO] [MPC] state=(+1.74,-3.47,+3.08) wp0=(+1.35,-3.35) v=+0.153 ω=-0.021 wp_prog=20/42 ok=True iters=7
10:22:13 [DEBUG] kappa_max=15.708 vcap_curv=0.153 vmax_local=0.153 vmin_soft=0.030
10:22:13 [DEBUG] omega=-0.002 sat_streak=0 wp=20/42
10:22:13 [INFO] [MPC] state=(+1.72,-3.47,+3.08) wp0=(+1.35,-3.35) v=+0.153 ω=-0.002 wp_prog=20/42 ok=True iters=7
10:22:13 [DEBUG] kappa_max=15.708 vcap_curv=0.153 vmax_local=0.153 vmin_soft=0.030
10:22:13 [DEBUG] omega=+0.399 sat_streak=0 wp=20/42
10:22:13 [INFO] [MPC] state=(+1.71,-3.47,+3.08) wp0=(+1.35,-3.35) v=+0.153 ω=+0.399 wp_prog=20/42 ok=True iters=7
10:22:13 [DEBUG] kappa_max=15.708 vcap_curv=0.153 vmax_local=0.153 vmin_soft=0.030
10:22:13 [DEBUG] omega=+0.162 sat_streak=0 wp=20/42
10:22:13 [INFO] [MPC] state=(+1.69,-3.47,+3.12) wp0=(+1.35,-3.35) v=+0.153 ω=+0.162 wp_prog=20/42 ok=True iters=6
10:22:13 [DEBUG] kappa_max=15.708 vcap_curv=0.153 vmax_local=0.153 vmin_soft=0.030
10:22:13 [DEBUG] omega=+0.116 sat_streak=0 wp=20/42
10:22:13 [INFO] [MPC] state=(+1.68,-3.47,+3.13) wp0=(+1.35,-3.35) v=+0.153 ω=+0.116 wp_prog=20/42 ok=True iters=6
10:22:13 [DEBUG] kappa_max=15.708 vcap_curv=0.153 vmax_local=0.153 vmin_soft=0.030
10:22:13 [DEBUG] omega=+0.089 sat_streak=0 wp=21/42
10:22:13 [INFO] [MPC] state=(+1.66,-3.47,+3.14) wp0=(+1.35,-3.35) v=+0.153 ω=+0.089 wp_prog=21/42 ok=True iters=7
10:22:13 [DEBUG] kappa_max=0.000 vcap_curv=0.200 vmax_local=0.200 vmin_soft=0.030
10:22:13 [DEBUG] omega=-0.519 sat_streak=0 wp=21/42
10:22:13 [INFO] [MPC] state=(+1.64,-3.47,+3.15) wp0=(+1.15,-3.35) v=+0.200 ω=-0.519 wp_prog=21/42 ok=True iters=7
10:22:13 [DEBUG] kappa_max=0.000 vcap_curv=0.200 vmax_local=0.200 vmin_soft=0.030
10:22:13 [DEBUG] omega=-0.143 sat_streak=0 wp=21/42
10:22:13 [INFO] [MPC] state=(+1.63,-3.47,+3.11) wp0=(+1.15,-3.35) v=+0.200 ω=-0.143 wp_prog=21/42 ok=True iters=7
10:22:13 [DEBUG] kappa_max=0.000 vcap_curv=0.200 vmax_local=0.200 vmin_soft=0.030
10:22:13 [DEBUG] omega=-0.217 sat_streak=0 wp=21/42
10:22:13 [INFO] [MPC] state=(+1.61,-3.46,+3.10) wp0=(+1.15,-3.35) v=+0.200 ω=-0.217 wp_prog=21/42 ok=True iters=7
10:22:13 [DEBUG] kappa_max=0.000 vcap_curv=0.200 vmax_local=0.200 vmin_soft=0.030
10:22:13 [DEBUG] omega=-0.268 sat_streak=0 wp=21/42
10:22:13 [INFO] [MPC] state=(+1.59,-3.46,+3.08) wp0=(+1.15,-3.35) v=+0.200 ω=-0.268 wp_prog=21/42 ok=True iters=7
10:22:13 [DEBUG] kappa_max=0.000 vcap_curv=0.200 vmax_local=0.200 vmin_soft=0.030
10:22:13 [DEBUG] omega=-0.305 sat_streak=0 wp=22/42
10:22:13 [INFO] [MPC] state=(+1.57,-3.46,+3.07) wp0=(+1.15,-3.35) v=+0.200 ω=-0.305 wp_prog=22/42 ok=True iters=7
10:22:13 [DEBUG] kappa_max=0.000 vcap_curv=0.200 vmax_local=0.200 vmin_soft=0.030
10:22:13 [DEBUG] omega=-0.328 sat_streak=0 wp=22/42
10:22:13 [INFO] [MPC] state=(+1.55,-3.46,+3.05) wp0=(+1.15,-3.35) v=+0.200 ω=-0.328 wp_prog=22/42 ok=True iters=7
10:22:13 [DEBUG] kappa_max=0.000 vcap_curv=0.200 vmax_local=0.200 vmin_soft=0.030
10:22:13 [DEBUG] omega=-0.340 sat_streak=0 wp=22/42
10:22:13 [INFO] [MPC] state=(+1.53,-3.46,+3.02) wp0=(+1.15,-3.35) v=+0.200 ω=-0.340 wp_prog=22/42 ok=True iters=7
10:22:13 [DEBUG] kappa_max=0.000 vcap_curv=0.200 vmax_local=0.200 vmin_soft=0.030
10:22:13 [DEBUG] omega=-0.339 sat_streak=0 wp=22/42
10:22:13 [INFO] [MPC] state=(+1.51,-3.46,+3.00) wp0=(+1.15,-3.35) v=+0.200 ω=-0.339 wp_prog=22/42 ok=True iters=7
10:22:13 [DEBUG] kappa_max=0.000 vcap_curv=0.200 vmax_local=0.200 vmin_soft=0.030
10:22:13 [DEBUG] omega=-0.329 sat_streak=0 wp=22/42
10:22:13 [INFO] [MPC] state=(+1.49,-3.45,+2.98) wp0=(+1.15,-3.35) v=+0.200 ω=-0.329 wp_prog=22/42 ok=True iters=7
10:22:13 [DEBUG] kappa_max=0.000 vcap_curv=0.200 vmax_local=0.200 vmin_soft=0.030
10:22:13 [DEBUG] omega=-0.820 sat_streak=0 wp=22/42
10:22:13 [INFO] [MPC] state=(+1.47,-3.45,+2.96) wp0=(+1.15,-3.35) v=+0.200 ω=-0.820 wp_prog=22/42 ok=True iters=7
10:22:13 [DEBUG] kappa_max=0.000 vcap_curv=0.200 vmax_local=0.200 vmin_soft=0.030
10:22:13 [DEBUG] omega=-0.778 sat_streak=0 wp=23/42
10:22:13 [INFO] [MPC] state=(+1.45,-3.45,+2.91) wp0=(+1.15,-3.35) v=+0.200 ω=-0.778 wp_prog=23/42 ok=True iters=7
10:22:13 [DEBUG] kappa_max=0.000 vcap_curv=0.200 vmax_local=0.200 vmin_soft=0.030
10:22:13 [DEBUG] omega=-0.881 sat_streak=0 wp=23/42
10:22:13 [INFO] [MPC] state=(+1.44,-3.44,+2.87) wp0=(+1.15,-3.25) v=+0.200 ω=-0.881 wp_prog=23/42 ok=True iters=7
10:22:13 [DEBUG] kappa_max=0.000 vcap_curv=0.200 vmax_local=0.200 vmin_soft=0.030
10:22:13 [DEBUG] omega=-0.816 sat_streak=0 wp=23/42
10:22:13 [INFO] [MPC] state=(+1.42,-3.44,+2.82) wp0=(+1.15,-3.25) v=+0.200 ω=-0.816 wp_prog=23/42 ok=True iters=7
10:22:13 [DEBUG] kappa_max=0.000 vcap_curv=0.200 vmax_local=0.200 vmin_soft=0.030
10:22:13 [DEBUG] omega=-0.727 sat_streak=0 wp=23/42
10:22:13 [INFO] [MPC] state=(+1.40,-3.43,+2.77) wp0=(+1.15,-3.25) v=+0.200 ω=-0.727 wp_prog=23/42 ok=True iters=8
10:22:13 [DEBUG] kappa_max=0.000 vcap_curv=0.200 vmax_local=0.200 vmin_soft=0.030
10:22:13 [DEBUG] omega=-0.621 sat_streak=0 wp=23/42
10:22:13 [INFO] [MPC] state=(+1.39,-3.42,+2.73) wp0=(+1.15,-3.25) v=+0.200 ω=-0.621 wp_prog=23/42 ok=True iters=8
10:22:13 [DEBUG] kappa_max=0.000 vcap_curv=0.200 vmax_local=0.200 vmin_soft=0.030
10:22:13 [DEBUG] omega=-0.496 sat_streak=0 wp=23/42
10:22:13 [INFO] [MPC] state=(+1.37,-3.42,+2.70) wp0=(+1.15,-3.25) v=+0.200 ω=-0.496 wp_prog=23/42 ok=True iters=8
10:22:13 [DEBUG] kappa_max=0.000 vcap_curv=0.200 vmax_local=0.200 vmin_soft=0.030
10:22:13 [DEBUG] omega=-0.351 sat_streak=0 wp=24/42
10:22:13 [INFO] [MPC] state=(+1.35,-3.41,+2.67) wp0=(+1.15,-3.25) v=+0.200 ω=-0.351 wp_prog=24/42 ok=True iters=8
10:22:13 [DEBUG] kappa_max=0.000 vcap_curv=0.200 vmax_local=0.200 vmin_soft=0.030
10:22:13 [DEBUG] omega=-0.303 sat_streak=0 wp=24/42
10:22:13 [INFO] [MPC] state=(+1.34,-3.40,+2.64) wp0=(+1.15,-3.15) v=+0.200 ω=-0.303 wp_prog=24/42 ok=True iters=8
10:22:13 [DEBUG] kappa_max=0.000 vcap_curv=0.200 vmax_local=0.200 vmin_soft=0.030
10:22:13 [DEBUG] omega=-0.671 sat_streak=0 wp=24/42
10:22:13 [INFO] [MPC] state=(+1.32,-3.39,+2.62) wp0=(+1.15,-3.15) v=+0.200 ω=-0.671 wp_prog=24/42 ok=True iters=7
10:22:13 [DEBUG] kappa_max=0.000 vcap_curv=0.200 vmax_local=0.200 vmin_soft=0.030
10:22:13 [DEBUG] omega=-0.581 sat_streak=0 wp=24/42
10:22:13 [INFO] [MPC] state=(+1.30,-3.38,+2.58) wp0=(+1.15,-3.15) v=+0.200 ω=-0.581 wp_prog=24/42 ok=True iters=7
10:22:13 [DEBUG] kappa_max=0.000 vcap_curv=0.200 vmax_local=0.200 vmin_soft=0.030
10:22:13 [DEBUG] omega=-0.474 sat_streak=0 wp=24/42
10:22:13 [INFO] [MPC] state=(+1.29,-3.37,+2.55) wp0=(+1.15,-3.15) v=+0.200 ω=-0.474 wp_prog=24/42 ok=True iters=7
10:22:13 [DEBUG] kappa_max=0.000 vcap_curv=0.200 vmax_local=0.200 vmin_soft=0.030
10:22:13 [DEBUG] omega=-0.431 sat_streak=0 wp=24/42
10:22:13 [INFO] [MPC] state=(+1.27,-3.36,+2.52) wp0=(+1.15,-3.15) v=+0.200 ω=-0.431 wp_prog=24/42 ok=True iters=6
10:22:13 [DEBUG] kappa_max=0.000 vcap_curv=0.200 vmax_local=0.200 vmin_soft=0.030
10:22:13 [DEBUG] omega=-0.473 sat_streak=0 wp=25/42
10:22:13 [INFO] [MPC] state=(+1.26,-3.35,+2.50) wp0=(+1.15,-3.15) v=+0.200 ω=-0.473 wp_prog=25/42 ok=True iters=6
10:22:13 [DEBUG] kappa_max=0.000 vcap_curv=0.200 vmax_local=0.200 vmin_soft=0.030
10:22:13 [DEBUG] omega=-0.722 sat_streak=0 wp=25/42
10:22:13 [INFO] [MPC] state=(+1.24,-3.33,+2.47) wp0=(+1.15,-3.05) v=+0.200 ω=-0.722 wp_prog=25/42 ok=True iters=7
10:22:13 [DEBUG] kappa_max=0.000 vcap_curv=0.200 vmax_local=0.200 vmin_soft=0.030
10:22:13 [DEBUG] omega=-0.762 sat_streak=0 wp=25/42
10:22:13 [INFO] [MPC] state=(+1.23,-3.32,+2.43) wp0=(+1.15,-3.05) v=+0.200 ω=-0.762 wp_prog=25/42 ok=True iters=7
10:22:13 [DEBUG] kappa_max=0.000 vcap_curv=0.200 vmax_local=0.200 vmin_soft=0.030
10:22:13 [DEBUG] omega=-0.707 sat_streak=0 wp=26/42
10:22:13 [INFO] [MPC] state=(+1.21,-3.31,+2.38) wp0=(+1.15,-3.05) v=+0.200 ω=-0.707 wp_prog=26/42 ok=True iters=7
10:22:13 [DEBUG] kappa_max=0.000 vcap_curv=0.200 vmax_local=0.200 vmin_soft=0.030
10:22:13 [DEBUG] omega=-1.171 sat_streak=0 wp=26/42
10:22:13 [INFO] [MPC] state=(+1.20,-3.30,+2.34) wp0=(+1.15,-2.95) v=+0.200 ω=-1.171 wp_prog=26/42 ok=True iters=7
10:22:13 [DEBUG] kappa_max=0.000 vcap_curv=0.200 vmax_local=0.200 vmin_soft=0.030
10:22:13 [DEBUG] omega=-0.775 sat_streak=0 wp=26/42
10:22:13 [INFO] [MPC] state=(+1.19,-3.29,+2.28) wp0=(+1.15,-2.95) v=+0.200 ω=-0.775 wp_prog=26/42 ok=True iters=7
10:22:13 [DEBUG] kappa_max=0.000 vcap_curv=0.200 vmax_local=0.200 vmin_soft=0.030
10:22:13 [DEBUG] omega=-1.259 sat_streak=0 wp=26/42
10:22:13 [INFO] [MPC] state=(+1.18,-3.27,+2.23) wp0=(+1.15,-2.95) v=+0.200 ω=-1.259 wp_prog=26/42 ok=True iters=7
10:22:13 [DEBUG] kappa_max=0.000 vcap_curv=0.200 vmax_local=0.200 vmin_soft=0.030
10:22:13 [DEBUG] omega=-1.036 sat_streak=0 wp=27/42
10:22:13 [INFO] [MPC] state=(+1.17,-3.26,+2.17) wp0=(+1.15,-2.95) v=+0.200 ω=-1.036 wp_prog=27/42 ok=True iters=7
10:22:13 [DEBUG] kappa_max=0.000 vcap_curv=0.200 vmax_local=0.200 vmin_soft=0.030
10:22:13 [DEBUG] omega=-1.253 sat_streak=0 wp=27/42
10:22:13 [INFO] [MPC] state=(+1.16,-3.24,+2.11) wp0=(+1.15,-2.75) v=+0.200 ω=-1.253 wp_prog=27/42 ok=True iters=7
10:22:13 [DEBUG] kappa_max=0.000 vcap_curv=0.200 vmax_local=0.200 vmin_soft=0.030
10:22:13 [DEBUG] omega=-1.038 sat_streak=0 wp=27/42
10:22:13 [INFO] [MPC] state=(+1.15,-3.23,+2.04) wp0=(+1.15,-2.75) v=+0.200 ω=-1.038 wp_prog=27/42 ok=True iters=7
10:22:13 [DEBUG] kappa_max=0.000 vcap_curv=0.200 vmax_local=0.200 vmin_soft=0.030
10:22:13 [DEBUG] omega=-1.057 sat_streak=0 wp=27/42
10:22:13 [INFO] [MPC] state=(+1.14,-3.21,+1.98) wp0=(+1.15,-2.75) v=+0.200 ω=-1.057 wp_prog=27/42 ok=True iters=7
10:22:13 [DEBUG] kappa_max=0.000 vcap_curv=0.200 vmax_local=0.200 vmin_soft=0.030
10:22:13 [DEBUG] omega=-0.977 sat_streak=0 wp=27/42
10:22:13 [INFO] [MPC] state=(+1.14,-3.20,+1.93) wp0=(+1.15,-2.75) v=+0.200 ω=-0.977 wp_prog=27/42 ok=True iters=6
10:22:13 [DEBUG] kappa_max=0.000 vcap_curv=0.200 vmax_local=0.200 vmin_soft=0.030
10:22:13 [DEBUG] omega=-1.466 sat_streak=0 wp=27/42
10:22:13 [INFO] [MPC] state=(+1.13,-3.18,+1.87) wp0=(+1.15,-2.75) v=+0.200 ω=-1.466 wp_prog=27/42 ok=True iters=7
10:22:13 [DEBUG] kappa_max=0.000 vcap_curv=0.200 vmax_local=0.200 vmin_soft=0.030
10:22:13 [DEBUG] omega=-1.100 sat_streak=0 wp=27/42
10:22:13 [INFO] [MPC] state=(+1.13,-3.17,+1.79) wp0=(+1.15,-2.75) v=+0.200 ω=-1.100 wp_prog=27/42 ok=True iters=7
10:22:13 [DEBUG] kappa_max=0.000 vcap_curv=0.200 vmax_local=0.200 vmin_soft=0.030
10:22:13 [DEBUG] omega=-0.880 sat_streak=0 wp=28/42
10:22:13 [INFO] [MPC] state=(+1.12,-3.15,+1.73) wp0=(+1.15,-2.75) v=+0.200 ω=-0.880 wp_prog=28/42 ok=True iters=7
10:22:13 [DEBUG] kappa_max=0.000 vcap_curv=0.200 vmax_local=0.200 vmin_soft=0.030
10:22:13 [DEBUG] omega=-0.778 sat_streak=0 wp=28/42
10:22:13 [INFO] [MPC] state=(+1.12,-3.13,+1.68) wp0=(+1.15,-2.65) v=+0.200 ω=-0.778 wp_prog=28/42 ok=True iters=6
10:22:13 [DEBUG] kappa_max=0.000 vcap_curv=0.200 vmax_local=0.200 vmin_soft=0.030
10:22:13 [DEBUG] omega=-0.507 sat_streak=0 wp=28/42
10:22:13 [INFO] [MPC] state=(+1.12,-3.12,+1.64) wp0=(+1.15,-2.65) v=+0.200 ω=-0.507 wp_prog=28/42 ok=True iters=6
10:22:13 [DEBUG] kappa_max=0.000 vcap_curv=0.200 vmax_local=0.200 vmin_soft=0.030
10:22:13 [DEBUG] omega=-1.041 sat_streak=0 wp=28/42
10:22:13 [INFO] [MPC] state=(+1.12,-3.10,+1.60) wp0=(+1.15,-2.65) v=+0.200 ω=-1.041 wp_prog=28/42 ok=True iters=6
10:22:13 [DEBUG] kappa_max=0.000 vcap_curv=0.200 vmax_local=0.200 vmin_soft=0.030
10:22:13 [DEBUG] omega=-0.664 sat_streak=0 wp=28/42
10:22:13 [INFO] [MPC] state=(+1.12,-3.08,+1.55) wp0=(+1.15,-2.65) v=+0.200 ω=-0.664 wp_prog=28/42 ok=True iters=6
10:22:13 [DEBUG] kappa_max=0.000 vcap_curv=0.200 vmax_local=0.200 vmin_soft=0.030
10:22:13 [DEBUG] omega=-0.341 sat_streak=0 wp=29/42
10:22:13 [INFO] [MPC] state=(+1.12,-3.06,+1.50) wp0=(+1.15,-2.65) v=+0.200 ω=-0.341 wp_prog=29/42 ok=True iters=6
10:22:13 [DEBUG] kappa_max=0.000 vcap_curv=0.200 vmax_local=0.200 vmin_soft=0.030
10:22:13 [DEBUG] omega=+0.361 sat_streak=0 wp=29/42
10:22:13 [INFO] [MPC] state=(+1.12,-3.04,+1.47) wp0=(+1.15,-2.55) v=+0.200 ω=+0.361 wp_prog=29/42 ok=True iters=7
10:22:13 [DEBUG] kappa_max=0.000 vcap_curv=0.200 vmax_local=0.200 vmin_soft=0.030
10:22:13 [DEBUG] omega=+0.348 sat_streak=0 wp=29/42
10:22:13 [INFO] [MPC] state=(+1.12,-3.03,+1.50) wp0=(+1.15,-2.55) v=+0.200 ω=+0.348 wp_prog=29/42 ok=True iters=6
10:22:13 [DEBUG] kappa_max=0.000 vcap_curv=0.200 vmax_local=0.200 vmin_soft=0.030
10:22:13 [DEBUG] omega=+0.325 sat_streak=0 wp=29/42
10:22:13 [INFO] [MPC] state=(+1.13,-3.01,+1.52) wp0=(+1.15,-2.55) v=+0.200 ω=+0.325 wp_prog=29/42 ok=True iters=6
10:22:14 [DEBUG] kappa_max=0.000 vcap_curv=0.200 vmax_local=0.200 vmin_soft=0.030
10:22:14 [DEBUG] omega=+0.299 sat_streak=0 wp=29/42
10:22:14 [INFO] [MPC] state=(+1.13,-2.99,+1.54) wp0=(+1.15,-2.55) v=+0.200 ω=+0.299 wp_prog=29/42 ok=True iters=6
10:22:14 [DEBUG] kappa_max=0.000 vcap_curv=0.200 vmax_local=0.200 vmin_soft=0.030
10:22:14 [DEBUG] omega=+0.048 sat_streak=0 wp=30/42
10:22:14 [INFO] [MPC] state=(+1.13,-2.97,+1.56) wp0=(+1.15,-2.55) v=+0.200 ω=+0.048 wp_prog=30/42 ok=True iters=6
10:22:14 [DEBUG] kappa_max=0.000 vcap_curv=0.200 vmax_local=0.200 vmin_soft=0.030
10:22:14 [DEBUG] omega=+0.614 sat_streak=0 wp=30/42
10:22:14 [INFO] [MPC] state=(+1.13,-2.95,+1.56) wp0=(+1.15,-2.45) v=+0.200 ω=+0.614 wp_prog=30/42 ok=True iters=6
10:22:14 [DEBUG] kappa_max=0.000 vcap_curv=0.200 vmax_local=0.200 vmin_soft=0.030
10:22:14 [DEBUG] omega=+0.543 sat_streak=0 wp=30/42
10:22:14 [INFO] [MPC] state=(+1.13,-2.93,+1.59) wp0=(+1.15,-2.45) v=+0.200 ω=+0.543 wp_prog=30/42 ok=True iters=6
10:22:14 [DEBUG] kappa_max=0.000 vcap_curv=0.200 vmax_local=0.200 vmin_soft=0.030
10:22:14 [DEBUG] omega=-0.345 sat_streak=0 wp=30/42
10:22:14 [INFO] [MPC] state=(+1.13,-2.91,+1.62) wp0=(+1.15,-2.45) v=+0.200 ω=-0.345 wp_prog=30/42 ok=True iters=7
10:22:14 [DEBUG] kappa_max=0.000 vcap_curv=0.200 vmax_local=0.200 vmin_soft=0.030
10:22:14 [DEBUG] omega=-0.079 sat_streak=0 wp=30/42
10:22:14 [INFO] [MPC] state=(+1.13,-2.89,+1.60) wp0=(+1.15,-2.45) v=+0.200 ω=-0.079 wp_prog=30/42 ok=True iters=6
10:22:14 [DEBUG] kappa_max=0.000 vcap_curv=0.200 vmax_local=0.200 vmin_soft=0.030
10:22:14 [DEBUG] omega=-0.069 sat_streak=0 wp=30/42
10:22:14 [INFO] [MPC] state=(+1.13,-2.87,+1.59) wp0=(+1.15,-2.45) v=+0.200 ω=-0.069 wp_prog=30/42 ok=True iters=6
10:22:14 [DEBUG] kappa_max=0.000 vcap_curv=0.200 vmax_local=0.200 vmin_soft=0.030
10:22:14 [DEBUG] omega=-0.060 sat_streak=0 wp=31/42
10:22:14 [INFO] [MPC] state=(+1.12,-2.85,+1.58) wp0=(+1.15,-2.45) v=+0.200 ω=-0.060 wp_prog=31/42 ok=True iters=6
10:22:14 [DEBUG] kappa_max=0.000 vcap_curv=0.200 vmax_local=0.200 vmin_soft=0.030
10:22:14 [DEBUG] omega=-0.049 sat_streak=0 wp=31/42
10:22:14 [INFO] [MPC] state=(+1.12,-2.83,+1.58) wp0=(+1.15,-2.45) v=+0.200 ω=-0.049 wp_prog=31/42 ok=True iters=6
10:22:14 [DEBUG] kappa_max=0.000 vcap_curv=0.200 vmax_local=0.200 vmin_soft=0.030
10:22:14 [DEBUG] omega=-0.040 sat_streak=0 wp=31/42
10:22:14 [INFO] [MPC] state=(+1.12,-2.81,+1.57) wp0=(+1.15,-2.45) v=+0.200 ω=-0.040 wp_prog=31/42 ok=True iters=6
10:22:14 [DEBUG] kappa_max=0.000 vcap_curv=0.200 vmax_local=0.200 vmin_soft=0.030
10:22:14 [DEBUG] omega=-0.031 sat_streak=0 wp=31/42
10:22:14 [INFO] [MPC] state=(+1.12,-2.79,+1.57) wp0=(+1.15,-2.45) v=+0.200 ω=-0.031 wp_prog=31/42 ok=True iters=6
10:22:14 [DEBUG] kappa_max=0.000 vcap_curv=0.200 vmax_local=0.200 vmin_soft=0.030
10:22:14 [DEBUG] omega=-0.022 sat_streak=0 wp=31/42
10:22:14 [INFO] [MPC] state=(+1.12,-2.77,+1.56) wp0=(+1.15,-2.45) v=+0.200 ω=-0.022 wp_prog=31/42 ok=True iters=6
10:22:14 [DEBUG] kappa_max=0.000 vcap_curv=0.200 vmax_local=0.200 vmin_soft=0.030
10:22:14 [DEBUG] omega=-0.014 sat_streak=0 wp=32/42
10:22:14 [INFO] [MPC] state=(+1.12,-2.75,+1.56) wp0=(+1.15,-2.45) v=+0.200 ω=-0.014 wp_prog=32/42 ok=True iters=6
10:22:14 [DEBUG] kappa_max=0.000 vcap_curv=0.200 vmax_local=0.200 vmin_soft=0.030
10:22:14 [DEBUG] omega=-0.006 sat_streak=0 wp=32/42
10:22:14 [INFO] [MPC] state=(+1.13,-2.73,+1.56) wp0=(+1.15,-2.25) v=+0.200 ω=-0.006 wp_prog=32/42 ok=True iters=6
10:22:14 [DEBUG] kappa_max=0.000 vcap_curv=0.200 vmax_local=0.200 vmin_soft=0.030
10:22:14 [DEBUG] omega=-0.001 sat_streak=0 wp=32/42
10:22:14 [INFO] [MPC] state=(+1.13,-2.71,+1.56) wp0=(+1.15,-2.25) v=+0.200 ω=-0.001 wp_prog=32/42 ok=True iters=6
10:22:14 [DEBUG] kappa_max=0.000 vcap_curv=0.200 vmax_local=0.200 vmin_soft=0.030
10:22:14 [DEBUG] omega=+0.003 sat_streak=0 wp=32/42
10:22:14 [INFO] [MPC] state=(+1.13,-2.69,+1.56) wp0=(+1.15,-2.25) v=+0.200 ω=+0.003 wp_prog=32/42 ok=True iters=6
10:22:14 [DEBUG] kappa_max=0.000 vcap_curv=0.200 vmax_local=0.200 vmin_soft=0.030
10:22:14 [DEBUG] omega=+0.007 sat_streak=0 wp=32/42
10:22:14 [INFO] [MPC] state=(+1.13,-2.67,+1.56) wp0=(+1.15,-2.25) v=+0.200 ω=+0.007 wp_prog=32/42 ok=True iters=6
10:22:14 [DEBUG] kappa_max=0.000 vcap_curv=0.200 vmax_local=0.200 vmin_soft=0.030
10:22:14 [DEBUG] omega=+0.009 sat_streak=0 wp=33/42
10:22:14 [INFO] [MPC] state=(+1.13,-2.65,+1.56) wp0=(+1.15,-2.25) v=+0.200 ω=+0.009 wp_prog=33/42 ok=True iters=6
10:22:14 [DEBUG] kappa_max=0.000 vcap_curv=0.200 vmax_local=0.200 vmin_soft=0.030
10:22:14 [DEBUG] omega=+0.011 sat_streak=0 wp=33/42
10:22:14 [INFO] [MPC] state=(+1.13,-2.63,+1.56) wp0=(+1.15,-2.15) v=+0.200 ω=+0.011 wp_prog=33/42 ok=True iters=6
10:22:14 [DEBUG] kappa_max=0.000 vcap_curv=0.200 vmax_local=0.200 vmin_soft=0.030
10:22:14 [DEBUG] omega=+0.011 sat_streak=0 wp=33/42
10:22:14 [INFO] [MPC] state=(+1.13,-2.61,+1.56) wp0=(+1.15,-2.15) v=+0.200 ω=+0.011 wp_prog=33/42 ok=True iters=6
10:22:14 [DEBUG] kappa_max=0.000 vcap_curv=0.200 vmax_local=0.200 vmin_soft=0.030
10:22:14 [DEBUG] omega=+0.011 sat_streak=0 wp=33/42
10:22:14 [INFO] [MPC] state=(+1.13,-2.59,+1.57) wp0=(+1.15,-2.15) v=+0.200 ω=+0.011 wp_prog=33/42 ok=True iters=6
10:22:14 [DEBUG] kappa_max=0.000 vcap_curv=0.200 vmax_local=0.200 vmin_soft=0.030
10:22:14 [DEBUG] omega=+0.011 sat_streak=0 wp=34/42
10:22:14 [INFO] [MPC] state=(+1.13,-2.57,+1.57) wp0=(+1.15,-2.15) v=+0.200 ω=+0.011 wp_prog=34/42 ok=True iters=6
10:22:14 [DEBUG] kappa_max=0.000 vcap_curv=0.200 vmax_local=0.200 vmin_soft=0.030
10:22:14 [DEBUG] omega=+0.010 sat_streak=0 wp=34/42
10:22:14 [INFO] [MPC] state=(+1.13,-2.55,+1.57) wp0=(+1.15,-2.05) v=+0.200 ω=+0.010 wp_prog=34/42 ok=True iters=6
10:22:14 [DEBUG] kappa_max=0.000 vcap_curv=0.200 vmax_local=0.200 vmin_soft=0.030
10:22:14 [DEBUG] omega=+0.008 sat_streak=0 wp=34/42
10:22:14 [INFO] [MPC] state=(+1.13,-2.53,+1.57) wp0=(+1.15,-2.05) v=+0.200 ω=+0.008 wp_prog=34/42 ok=True iters=6
10:22:14 [DEBUG] kappa_max=0.000 vcap_curv=0.200 vmax_local=0.200 vmin_soft=0.030
10:22:14 [DEBUG] omega=+0.006 sat_streak=0 wp=34/42
10:22:14 [INFO] [MPC] state=(+1.13,-2.51,+1.57) wp0=(+1.15,-2.05) v=+0.200 ω=+0.006 wp_prog=34/42 ok=True iters=6
10:22:14 [DEBUG] kappa_max=0.000 vcap_curv=0.200 vmax_local=0.200 vmin_soft=0.030
10:22:14 [DEBUG] omega=+0.005 sat_streak=0 wp=34/42
10:22:14 [INFO] [MPC] state=(+1.13,-2.49,+1.57) wp0=(+1.15,-2.05) v=+0.200 ω=+0.005 wp_prog=34/42 ok=True iters=6
10:22:14 [DEBUG] kappa_max=0.000 vcap_curv=0.200 vmax_local=0.200 vmin_soft=0.030
10:22:14 [DEBUG] omega=+0.002 sat_streak=0 wp=35/42
10:22:14 [INFO] [MPC] state=(+1.13,-2.47,+1.57) wp0=(+1.15,-2.05) v=+0.200 ω=+0.002 wp_prog=35/42 ok=True iters=6
10:22:14 [DEBUG] kappa_max=0.000 vcap_curv=0.200 vmax_local=0.200 vmin_soft=0.030
10:22:14 [DEBUG] omega=-0.040 sat_streak=0 wp=35/42
10:22:14 [INFO] [MPC] state=(+1.13,-2.45,+1.57) wp0=(+1.15,-1.95) v=+0.200 ω=-0.040 wp_prog=35/42 ok=True iters=6
10:22:14 [DEBUG] kappa_max=0.000 vcap_curv=0.200 vmax_local=0.200 vmin_soft=0.030
10:22:14 [DEBUG] omega=-0.042 sat_streak=0 wp=35/42
10:22:14 [INFO] [MPC] state=(+1.13,-2.43,+1.57) wp0=(+1.15,-1.95) v=+0.200 ω=-0.042 wp_prog=35/42 ok=True iters=6
10:22:14 [DEBUG] kappa_max=0.000 vcap_curv=0.200 vmax_local=0.200 vmin_soft=0.030
10:22:14 [DEBUG] omega=-0.034 sat_streak=0 wp=35/42
10:22:14 [INFO] [MPC] state=(+1.13,-2.41,+1.57) wp0=(+1.15,-1.95) v=+0.200 ω=-0.034 wp_prog=35/42 ok=True iters=6
10:22:14 [DEBUG] kappa_max=0.000 vcap_curv=0.200 vmax_local=0.200 vmin_soft=0.030
10:22:14 [DEBUG] omega=-0.025 sat_streak=0 wp=35/42
10:22:14 [INFO] [MPC] state=(+1.13,-2.39,+1.56) wp0=(+1.15,-1.95) v=+0.200 ω=-0.025 wp_prog=35/42 ok=True iters=6
10:22:14 [DEBUG] kappa_max=0.000 vcap_curv=0.200 vmax_local=0.200 vmin_soft=0.030
10:22:14 [DEBUG] omega=+0.603 sat_streak=0 wp=36/42
10:22:14 [INFO] [MPC] state=(+1.13,-2.37,+1.56) wp0=(+1.15,-1.95) v=+0.200 ω=+0.603 wp_prog=36/42 ok=True iters=7
10:22:14 [DEBUG] kappa_max=0.000 vcap_curv=0.200 vmax_local=0.200 vmin_soft=0.030
10:22:14 [DEBUG] omega=+0.542 sat_streak=0 wp=36/42
10:22:14 [INFO] [MPC] state=(+1.13,-2.35,+1.59) wp0=(+1.15,-1.95) v=+0.200 ω=+0.542 wp_prog=36/42 ok=True iters=6
10:22:14 [DEBUG] kappa_max=0.000 vcap_curv=0.200 vmax_local=0.200 vmin_soft=0.030
10:22:14 [DEBUG] omega=-0.419 sat_streak=0 wp=36/42
10:22:14 [INFO] [MPC] state=(+1.13,-2.33,+1.62) wp0=(+1.15,-1.95) v=+0.200 ω=-0.419 wp_prog=36/42 ok=True iters=7
10:22:14 [DEBUG] kappa_max=0.000 vcap_curv=0.200 vmax_local=0.200 vmin_soft=0.030
10:22:14 [DEBUG] omega=-0.395 sat_streak=0 wp=36/42
10:22:14 [INFO] [MPC] state=(+1.13,-2.31,+1.60) wp0=(+1.15,-1.95) v=+0.200 ω=-0.395 wp_prog=36/42 ok=True iters=6
10:22:14 [DEBUG] kappa_max=0.000 vcap_curv=0.200 vmax_local=0.200 vmin_soft=0.030
10:22:14 [DEBUG] omega=-0.082 sat_streak=0 wp=36/42
10:22:14 [INFO] [MPC] state=(+1.13,-2.29,+1.57) wp0=(+1.15,-1.95) v=+0.200 ω=-0.082 wp_prog=36/42 ok=True iters=6
10:22:14 [DEBUG] kappa_max=0.000 vcap_curv=0.200 vmax_local=0.200 vmin_soft=0.030
10:22:14 [DEBUG] omega=-0.062 sat_streak=0 wp=36/42
10:22:14 [INFO] [MPC] state=(+1.13,-2.27,+1.56) wp0=(+1.15,-1.95) v=+0.200 ω=-0.062 wp_prog=36/42 ok=True iters=6
10:22:14 [DEBUG] kappa_max=0.000 vcap_curv=0.200 vmax_local=0.200 vmin_soft=0.030
10:22:14 [DEBUG] omega=-0.044 sat_streak=0 wp=37/42
10:22:14 [INFO] [MPC] state=(+1.13,-2.25,+1.55) wp0=(+1.15,-1.95) v=+0.200 ω=-0.044 wp_prog=37/42 ok=True iters=6
10:22:14 [DEBUG] kappa_max=0.000 vcap_curv=0.200 vmax_local=0.200 vmin_soft=0.030
10:22:14 [DEBUG] omega=-0.134 sat_streak=0 wp=37/42
10:22:14 [INFO] [MPC] state=(+1.13,-2.23,+1.55) wp0=(+1.15,-1.75) v=+0.200 ω=-0.134 wp_prog=37/42 ok=True iters=6
10:22:14 [DEBUG] kappa_max=0.000 vcap_curv=0.200 vmax_local=0.200 vmin_soft=0.030
10:22:14 [DEBUG] omega=+0.039 sat_streak=0 wp=37/42
10:22:14 [INFO] [MPC] state=(+1.13,-2.21,+1.54) wp0=(+1.15,-1.75) v=+0.200 ω=+0.039 wp_prog=37/42 ok=True iters=6
10:22:14 [DEBUG] kappa_max=0.000 vcap_curv=0.200 vmax_local=0.200 vmin_soft=0.030
10:22:14 [DEBUG] omega=-0.035 sat_streak=0 wp=37/42
10:22:14 [INFO] [MPC] state=(+1.13,-2.19,+1.54) wp0=(+1.15,-1.75) v=+0.200 ω=-0.035 wp_prog=37/42 ok=True iters=6
10:22:14 [DEBUG] kappa_max=0.000 vcap_curv=0.200 vmax_local=0.200 vmin_soft=0.030
10:22:14 [DEBUG] omega=+0.299 sat_streak=0 wp=37/42
10:22:14 [INFO] [MPC] state=(+1.13,-2.17,+1.54) wp0=(+1.15,-1.75) v=+0.200 ω=+0.299 wp_prog=37/42 ok=True iters=6
10:22:14 [DEBUG] kappa_max=0.000 vcap_curv=0.200 vmax_local=0.200 vmin_soft=0.030
10:22:14 [DEBUG] omega=+0.206 sat_streak=0 wp=38/42
10:22:14 [INFO] [MPC] state=(+1.13,-2.15,+1.56) wp0=(+1.15,-1.75) v=+0.200 ω=+0.206 wp_prog=38/42 ok=True iters=7
10:22:14 [DEBUG] kappa_max=0.000 vcap_curv=0.200 vmax_local=0.200 vmin_soft=0.030
10:22:14 [DEBUG] omega=+0.111 sat_streak=0 wp=38/42
10:22:14 [INFO] [MPC] state=(+1.13,-2.13,+1.57) wp0=(+1.15,-1.75) v=+0.200 ω=+0.111 wp_prog=38/42 ok=True iters=7
10:22:14 [DEBUG] kappa_max=0.000 vcap_curv=0.200 vmax_local=0.200 vmin_soft=0.030
10:22:14 [DEBUG] omega=+0.022 sat_streak=0 wp=38/42
10:22:14 [INFO] [MPC] state=(+1.13,-2.11,+1.58) wp0=(+1.15,-1.75) v=+0.200 ω=+0.022 wp_prog=38/42 ok=True iters=7
10:22:14 [DEBUG] kappa_max=0.000 vcap_curv=0.200 vmax_local=0.200 vmin_soft=0.030
10:22:14 [DEBUG] omega=-0.059 sat_streak=0 wp=38/42
10:22:14 [INFO] [MPC] state=(+1.13,-2.09,+1.58) wp0=(+1.15,-1.75) v=+0.200 ω=-0.059 wp_prog=38/42 ok=True iters=8
10:22:14 [DEBUG] kappa_max=0.000 vcap_curv=0.200 vmax_local=0.200 vmin_soft=0.030
10:22:14 [DEBUG] omega=-0.127 sat_streak=0 wp=38/42
10:22:14 [INFO] [MPC] state=(+1.13,-2.07,+1.58) wp0=(+1.15,-1.75) v=+0.200 ω=-0.127 wp_prog=38/42 ok=True iters=8
10:22:14 [DEBUG] kappa_max=0.000 vcap_curv=0.200 vmax_local=0.200 vmin_soft=0.030
10:22:14 [DEBUG] omega=-0.179 sat_streak=0 wp=39/42
10:22:14 [INFO] [MPC] state=(+1.13,-2.05,+1.56) wp0=(+1.15,-1.75) v=+0.200 ω=-0.179 wp_prog=39/42 ok=True iters=8
10:22:14 [DEBUG] kappa_max=0.000 vcap_curv=0.200 vmax_local=0.200 vmin_soft=0.030
10:22:14 [DEBUG] omega=-0.223 sat_streak=0 wp=39/42
10:22:14 [INFO] [MPC] state=(+1.13,-2.03,+1.55) wp0=(+1.15,-1.75) v=+0.200 ω=-0.223 wp_prog=39/42 ok=True iters=9
10:22:14 [DEBUG] kappa_max=0.000 vcap_curv=0.200 vmax_local=0.200 vmin_soft=0.030
10:22:14 [DEBUG] omega=-0.255 sat_streak=0 wp=39/42
10:22:14 [INFO] [MPC] state=(+1.13,-2.01,+1.53) wp0=(+1.15,-1.75) v=+0.200 ω=-0.255 wp_prog=39/42 ok=True iters=9
10:22:14 [DEBUG] kappa_max=0.000 vcap_curv=0.200 vmax_local=0.200 vmin_soft=0.030
10:22:14 [DEBUG] omega=+0.172 sat_streak=0 wp=39/42
10:22:14 [INFO] [MPC] state=(+1.13,-1.99,+1.52) wp0=(+1.15,-1.75) v=+0.200 ω=+0.172 wp_prog=39/42 ok=True iters=17
10:22:14 [DEBUG] kappa_max=0.000 vcap_curv=0.200 vmax_local=0.200 vmin_soft=0.030
10:22:14 [DEBUG] omega=-0.301 sat_streak=0 wp=39/42
10:22:14 [INFO] [MPC] state=(+1.13,-1.97,+1.53) wp0=(+1.15,-1.75) v=+0.200 ω=-0.301 wp_prog=39/42 ok=True iters=15
10:22:14 [DEBUG] kappa_max=0.000 vcap_curv=0.200 vmax_local=0.200 vmin_soft=0.030
10:22:14 [DEBUG] omega=+0.163 sat_streak=0 wp=40/42
10:22:14 [INFO] [MPC] state=(+1.13,-1.95,+1.51) wp0=(+1.15,-1.75) v=+0.200 ω=+0.163 wp_prog=40/42 ok=True iters=16
