21:16:46 [INFO] === New MPC Session Started ===
21:16:46 [DEBUG] matplotlib data path: /home/max/.local/lib/python3.10/site-packages/matplotlib/mpl-data
21:16:46 [DEBUG] CONFIGDIR=/home/max/.config/matplotlib
21:16:46 [DEBUG] interactive is False
21:16:46 [DEBUG] platform is linux
21:16:46 [DEBUG] CACHEDIR=/home/max/.cache/matplotlib
21:16:46 [DEBUG] Using fontManager instance from /home/max/.cache/matplotlib/fontlist-v390.json
21:16:46 [DEBUG] falling back to hashlib hashing: `pip install xxhash`for 50x faster cache checks
21:16:46 [INFO] CrowdNavPyBulletEnv initializing...
21:16:46 [DEBUG] `trimesh.load(force='mesh')` is a compatibility wrapper for `trimesh.load_mesh`
21:16:46 [DEBUG] 3 items cleared from cache: ['triangles', 'triangles_cross', 'face_normals']
21:16:46 [DEBUG] 1 items cleared from cache: ['face_normals']
21:16:49 [INFO] World ready | grid: (220, 120), res: 0.1, N=10, T=0.1
21:16:50 [INFO] [PROG] s*=0.00/5.07 (0.0%) dist_goal=4.62
21:16:50 [INFO] [MPC] state=(-0.15,+2.05,-0.48) wp0=(-0.07,+2.05) v=+0.200 ω=-0.742 ok=True iters=7
21:16:50 [INFO] [PROG] s*=0.00/5.07 (0.0%) dist_goal=4.61
21:16:50 [INFO] [MPC] state=(-0.14,+2.05,-0.51) wp0=(-0.07,+2.05) v=+0.200 ω=-1.205 ok=True iters=7
21:16:50 [INFO] [PROG] s*=0.01/5.07 (0.2%) dist_goal=4.59
21:16:50 [INFO] [MPC] state=(-0.13,+2.04,-0.58) wp0=(-0.06,+2.05) v=+0.200 ω=-1.034 ok=True iters=7
21:16:50 [INFO] [PROG] s*=0.02/5.07 (0.4%) dist_goal=4.57
21:16:50 [INFO] [MPC] state=(-0.11,+2.03,-0.64) wp0=(-0.05,+2.05) v=+0.200 ω=-0.820 ok=True iters=8
21:16:50 [INFO] [PROG] s*=0.04/5.07 (0.7%) dist_goal=4.56
21:16:50 [INFO] [MPC] state=(-0.10,+2.02,-0.68) wp0=(-0.04,+2.04) v=+0.200 ω=-0.732 ok=True iters=8
21:16:50 [INFO] [PROG] s*=0.10/5.07 (1.9%) dist_goal=4.54
21:16:50 [INFO] [MPC] state=(-0.08,+2.00,-0.72) wp0=(+0.00,+2.00) v=+0.200 ω=-0.557 ok=True iters=8
21:16:50 [INFO] [PROG] s*=0.12/5.07 (2.3%) dist_goal=4.53
21:16:50 [INFO] [MPC] state=(-0.07,+1.99,-0.76) wp0=(+0.02,+1.98) v=+0.200 ω=-0.586 ok=True iters=7
21:16:50 [INFO] [PROG] s*=0.13/5.07 (2.7%) dist_goal=4.51
21:16:50 [INFO] [MPC] state=(-0.06,+1.98,-0.79) wp0=(+0.03,+1.97) v=+0.200 ω=-0.536 ok=True iters=7
21:16:50 [INFO] [PROG] s*=0.15/5.07 (3.0%) dist_goal=4.49
21:16:50 [INFO] [MPC] state=(-0.04,+1.96,-0.82) wp0=(+0.04,+1.96) v=+0.200 ω=-0.353 ok=True iters=7
21:16:50 [INFO] [PROG] s*=0.17/5.07 (3.4%) dist_goal=4.48
21:16:50 [INFO] [MPC] state=(-0.03,+1.95,-0.85) wp0=(+0.06,+1.94) v=+0.200 ω=-0.322 ok=True iters=7
21:16:50 [INFO] [PROG] s*=0.19/5.07 (3.8%) dist_goal=4.46
21:16:50 [INFO] [MPC] state=(-0.02,+1.94,-0.87) wp0=(+0.07,+1.93) v=+0.200 ω=-0.424 ok=True iters=7
21:16:50 [INFO] [PROG] s*=0.21/5.07 (4.1%) dist_goal=4.45
21:16:50 [INFO] [MPC] state=(-0.01,+1.92,-0.89) wp0=(+0.08,+1.92) v=+0.200 ω=-0.976 ok=True iters=8
21:16:50 [INFO] [PROG] s*=0.23/5.07 (4.4%) dist_goal=4.44
21:16:50 [INFO] [MPC] state=(+0.00,+1.91,-0.95) wp0=(+0.10,+1.90) v=+0.200 ω=-1.412 ok=True iters=9
21:16:50 [INFO] [PROG] s*=0.24/5.07 (4.7%) dist_goal=4.43
21:16:50 [INFO] [MPC] state=(+0.01,+1.89,-1.02) wp0=(+0.11,+1.89) v=+0.200 ω=-1.317 ok=True iters=9
21:16:50 [INFO] [PROG] s*=0.26/5.07 (5.0%) dist_goal=4.42
21:16:50 [INFO] [MPC] state=(+0.02,+1.88,-1.09) wp0=(+0.12,+1.88) v=+0.200 ω=-1.165 ok=True iters=9
21:16:50 [INFO] [PROG] s*=0.27/5.07 (5.4%) dist_goal=4.41
21:16:50 [INFO] [MPC] state=(+0.03,+1.87,-1.16) wp0=(+0.13,+1.87) v=+0.200 ω=-1.039 ok=True iters=10
21:16:50 [INFO] [PROG] s*=0.29/5.07 (5.7%) dist_goal=4.40
21:16:50 [INFO] [MPC] state=(+0.03,+1.85,-1.22) wp0=(+0.14,+1.86) v=+0.200 ω=-0.804 ok=True iters=11
21:16:50 [INFO] [PROG] s*=0.30/5.07 (6.0%) dist_goal=4.39
21:16:50 [INFO] [MPC] state=(+0.04,+1.83,-1.26) wp0=(+0.15,+1.85) v=+0.200 ω=-0.615 ok=True iters=11
21:16:50 [INFO] [PROG] s*=0.41/5.07 (8.0%) dist_goal=4.38
21:16:50 [INFO] [MPC] state=(+0.05,+1.82,-1.30) wp0=(+0.15,+1.75) v=+0.200 ω=-0.402 ok=True iters=9
21:16:50 [INFO] [PROG] s*=0.42/5.07 (8.2%) dist_goal=4.38
21:16:50 [INFO] [MPC] state=(+0.05,+1.80,-1.32) wp0=(+0.15,+1.74) v=+0.200 ω=+2.400 ok=True iters=9
21:16:50 [INFO] [PROG] s*=0.43/5.07 (8.4%) dist_goal=4.37
21:16:50 [INFO] [MPC] state=(+0.05,+1.79,-1.21) wp0=(+0.15,+1.73) v=+0.200 ω=+2.400 ok=True iters=8
21:16:50 [INFO] [PROG] s*=0.43/5.07 (8.6%) dist_goal=4.36
21:16:50 [INFO] [MPC] state=(+0.06,+1.78,-1.08) wp0=(+0.15,+1.72) v=+0.200 ω=+2.400 ok=True iters=14
21:16:50 [INFO] [PROG] s*=0.44/5.07 (8.7%) dist_goal=4.36
21:16:50 [INFO] [MPC] state=(+0.06,+1.77,-0.96) wp0=(+0.15,+1.71) v=+0.200 ω=+2.212 ok=True iters=8
21:16:50 [INFO] [PROG] s*=0.45/5.07 (8.9%) dist_goal=4.35
21:16:50 [INFO] [MPC] state=(+0.07,+1.76,-0.84) wp0=(+0.15,+1.70) v=+0.200 ω=+2.000 ok=True iters=7
21:16:50 [INFO] [PROG] s*=0.46/5.07 (9.0%) dist_goal=4.33
21:16:50 [INFO] [MPC] state=(+0.08,+1.75,-0.73) wp0=(+0.15,+1.69) v=+0.200 ω=+1.762 ok=True iters=7
21:16:50 [INFO] [PROG] s*=0.47/5.07 (9.2%) dist_goal=4.32
21:16:50 [INFO] [MPC] state=(+0.09,+1.74,-0.63) wp0=(+0.15,+1.69) v=+0.200 ω=+1.527 ok=True iters=7
21:16:50 [INFO] [PROG] s*=0.47/5.07 (9.4%) dist_goal=4.31
21:16:50 [INFO] [MPC] state=(+0.10,+1.74,-0.55) wp0=(+0.15,+1.68) v=+0.200 ω=+1.198 ok=True iters=7
21:16:50 [INFO] [PROG] s*=0.48/5.07 (9.5%) dist_goal=4.29
21:16:50 [INFO] [MPC] state=(+0.11,+1.73,-0.48) wp0=(+0.15,+1.67) v=+0.200 ω=+0.969 ok=True iters=7
21:16:50 [INFO] [PROG] s*=0.49/5.07 (9.6%) dist_goal=4.28
21:16:50 [INFO] [MPC] state=(+0.13,+1.72,-0.43) wp0=(+0.15,+1.66) v=+0.200 ω=+0.764 ok=True iters=7
21:16:50 [INFO] [PROG] s*=0.50/5.07 (9.8%) dist_goal=4.26
21:16:50 [INFO] [MPC] state=(+0.14,+1.71,-0.39) wp0=(+0.15,+1.66) v=+0.200 ω=+0.587 ok=True iters=7
21:16:50 [INFO] [PROG] s*=0.50/5.07 (9.9%) dist_goal=4.24
21:16:50 [INFO] [MPC] state=(+0.16,+1.71,-0.35) wp0=(+0.15,+1.65) v=+0.200 ω=+0.437 ok=True iters=7
21:16:50 [INFO] [PROG] s*=0.60/5.07 (11.8%) dist_goal=4.22
21:16:50 [INFO] [MPC] state=(+0.18,+1.70,-0.32) wp0=(+0.25,+1.65) v=+0.200 ω=+0.308 ok=True iters=7
21:16:50 [INFO] [PROG] s*=0.62/5.07 (12.2%) dist_goal=4.20
21:16:50 [INFO] [MPC] state=(+0.20,+1.70,-0.30) wp0=(+0.27,+1.65) v=+0.200 ω=+0.265 ok=True iters=7
21:16:50 [INFO] [PROG] s*=0.64/5.07 (12.6%) dist_goal=4.18
21:16:50 [INFO] [MPC] state=(+0.22,+1.69,-0.28) wp0=(+0.28,+1.65) v=+0.200 ω=+0.161 ok=True iters=7
21:16:50 [INFO] [PROG] s*=0.66/5.07 (12.9%) dist_goal=4.16
21:16:50 [INFO] [MPC] state=(+0.23,+1.68,-0.27) wp0=(+0.30,+1.65) v=+0.200 ω=+0.066 ok=True iters=7
21:16:50 [INFO] [PROG] s*=0.68/5.07 (13.3%) dist_goal=4.14
21:16:50 [INFO] [MPC] state=(+0.25,+1.68,-0.26) wp0=(+0.32,+1.65) v=+0.200 ω=+0.037 ok=True iters=7
21:16:50 [INFO] [PROG] s*=0.70/5.07 (13.7%) dist_goal=4.12
21:16:50 [INFO] [MPC] state=(+0.27,+1.67,-0.26) wp0=(+0.34,+1.65) v=+0.200 ω=+0.005 ok=True iters=7
21:16:50 [INFO] [PROG] s*=0.72/5.07 (14.1%) dist_goal=4.10
21:16:50 [INFO] [MPC] state=(+0.29,+1.67,-0.26) wp0=(+0.36,+1.65) v=+0.200 ω=-0.037 ok=True iters=7
21:16:50 [INFO] [PROG] s*=0.74/5.07 (14.5%) dist_goal=4.08
21:16:50 [INFO] [MPC] state=(+0.31,+1.66,-0.26) wp0=(+0.38,+1.65) v=+0.200 ω=-0.037 ok=True iters=7
21:16:50 [INFO] [PROG] s*=0.75/5.07 (14.9%) dist_goal=4.06
21:16:50 [INFO] [MPC] state=(+0.33,+1.66,-0.27) wp0=(+0.40,+1.65) v=+0.200 ω=-0.027 ok=True iters=7
21:16:50 [INFO] [PROG] s*=0.77/5.07 (15.3%) dist_goal=4.04
21:16:50 [INFO] [MPC] state=(+0.35,+1.65,-0.27) wp0=(+0.42,+1.65) v=+0.200 ω=-0.054 ok=True iters=7
21:16:50 [INFO] [PROG] s*=0.79/5.07 (15.6%) dist_goal=4.02
21:16:50 [INFO] [MPC] state=(+0.37,+1.65,-0.27) wp0=(+0.44,+1.65) v=+0.200 ω=-0.016 ok=True iters=7
21:16:50 [INFO] [PROG] s*=0.81/5.07 (16.0%) dist_goal=4.00
21:16:50 [INFO] [MPC] state=(+0.39,+1.64,-0.28) wp0=(+0.46,+1.65) v=+0.200 ω=-0.011 ok=True iters=7
21:16:50 [INFO] [PROG] s*=0.83/5.07 (16.4%) dist_goal=3.98
21:16:50 [INFO] [MPC] state=(+0.41,+1.64,-0.28) wp0=(+0.48,+1.65) v=+0.200 ω=-0.034 ok=True iters=7
21:16:51 [INFO] [PROG] s*=0.85/5.07 (16.8%) dist_goal=3.96
21:16:51 [INFO] [MPC] state=(+0.43,+1.63,-0.28) wp0=(+0.50,+1.65) v=+0.200 ω=+0.020 ok=True iters=7
21:16:51 [INFO] [PROG] s*=0.87/5.07 (17.2%) dist_goal=3.94
21:16:51 [INFO] [MPC] state=(+0.45,+1.62,-0.28) wp0=(+0.52,+1.65) v=+0.200 ω=+0.016 ok=True iters=7
21:16:51 [INFO] [PROG] s*=0.89/5.07 (17.6%) dist_goal=3.92
21:16:51 [INFO] [MPC] state=(+0.47,+1.62,-0.27) wp0=(+0.54,+1.65) v=+0.200 ω=-0.029 ok=True iters=7
21:16:51 [INFO] [PROG] s*=0.91/5.07 (18.0%) dist_goal=3.90
21:16:51 [INFO] [MPC] state=(+0.49,+1.61,-0.28) wp0=(+0.56,+1.65) v=+0.200 ω=+0.040 ok=True iters=7
21:16:51 [INFO] [PROG] s*=0.93/5.07 (18.3%) dist_goal=3.88
21:16:51 [INFO] [MPC] state=(+0.51,+1.61,-0.27) wp0=(+0.58,+1.65) v=+0.200 ω=+0.073 ok=True iters=7
21:16:51 [INFO] [PROG] s*=0.95/5.07 (18.7%) dist_goal=3.86
21:16:51 [INFO] [MPC] state=(+0.53,+1.60,-0.26) wp0=(+0.60,+1.65) v=+0.200 ω=-0.029 ok=True iters=7
21:16:51 [INFO] [PROG] s*=0.97/5.07 (19.1%) dist_goal=3.84
21:16:51 [INFO] [MPC] state=(+0.55,+1.60,-0.27) wp0=(+0.62,+1.65) v=+0.200 ω=+0.035 ok=True iters=7
21:16:51 [INFO] [PROG] s*=0.99/5.07 (19.5%) dist_goal=3.82
21:16:51 [INFO] [MPC] state=(+0.57,+1.59,-0.26) wp0=(+0.64,+1.65) v=+0.200 ω=+0.070 ok=True iters=7
21:16:51 [INFO] [PROG] s*=1.01/5.07 (19.9%) dist_goal=3.80
21:16:51 [INFO] [MPC] state=(+0.59,+1.59,-0.26) wp0=(+0.66,+1.65) v=+0.200 ω=+0.087 ok=True iters=7
21:16:51 [INFO] [PROG] s*=1.03/5.07 (20.3%) dist_goal=3.78
21:16:51 [INFO] [MPC] state=(+0.61,+1.58,-0.25) wp0=(+0.68,+1.65) v=+0.200 ω=+0.040 ok=True iters=7
21:16:51 [INFO] [PROG] s*=1.05/5.07 (20.7%) dist_goal=3.76
21:16:51 [INFO] [MPC] state=(+0.63,+1.58,-0.24) wp0=(+0.70,+1.65) v=+0.200 ω=+0.066 ok=True iters=7
21:16:51 [INFO] [PROG] s*=1.07/5.07 (21.0%) dist_goal=3.74
21:16:51 [INFO] [MPC] state=(+0.65,+1.57,-0.24) wp0=(+0.71,+1.65) v=+0.200 ω=+0.082 ok=True iters=7
21:16:51 [INFO] [PROG] s*=1.09/5.07 (21.4%) dist_goal=3.72
21:16:51 [INFO] [MPC] state=(+0.66,+1.57,-0.23) wp0=(+0.73,+1.65) v=+0.200 ω=+0.087 ok=True iters=7
21:16:51 [INFO] [PROG] s*=1.11/5.07 (21.8%) dist_goal=3.70
21:16:51 [INFO] [MPC] state=(+0.68,+1.56,-0.22) wp0=(+0.75,+1.65) v=+0.200 ω=+0.089 ok=True iters=7
21:16:51 [INFO] [PROG] s*=1.13/5.07 (22.2%) dist_goal=3.68
21:16:51 [INFO] [MPC] state=(+0.70,+1.56,-0.21) wp0=(+0.77,+1.65) v=+0.200 ω=+0.102 ok=True iters=7
21:16:51 [INFO] [PROG] s*=1.15/5.07 (22.6%) dist_goal=3.66
21:16:51 [INFO] [MPC] state=(+0.72,+1.55,-0.20) wp0=(+0.79,+1.65) v=+0.200 ω=+0.099 ok=True iters=7
21:16:51 [INFO] [PROG] s*=1.17/5.07 (23.0%) dist_goal=3.64
21:16:51 [INFO] [MPC] state=(+0.74,+1.55,-0.19) wp0=(+0.81,+1.65) v=+0.200 ω=+0.091 ok=True iters=7
21:16:51 [INFO] [PROG] s*=1.19/5.07 (23.4%) dist_goal=3.62
21:16:51 [INFO] [MPC] state=(+0.76,+1.55,-0.18) wp0=(+0.83,+1.65) v=+0.200 ω=+0.085 ok=True iters=7
21:16:51 [INFO] [PROG] s*=1.21/5.07 (23.8%) dist_goal=3.59
21:16:51 [INFO] [MPC] state=(+0.78,+1.54,-0.17) wp0=(+0.85,+1.65) v=+0.200 ω=+0.081 ok=True iters=7
21:16:51 [INFO] [PROG] s*=1.23/5.07 (24.2%) dist_goal=3.57
21:16:51 [INFO] [MPC] state=(+0.80,+1.54,-0.16) wp0=(+0.87,+1.65) v=+0.200 ω=+0.076 ok=True iters=7
21:16:51 [INFO] [PROG] s*=1.25/5.07 (24.6%) dist_goal=3.55
21:16:51 [INFO] [MPC] state=(+0.82,+1.54,-0.15) wp0=(+0.89,+1.65) v=+0.200 ω=+0.071 ok=True iters=7
21:16:51 [INFO] [PROG] s*=1.27/5.07 (25.0%) dist_goal=3.53
21:16:51 [INFO] [MPC] state=(+0.84,+1.53,-0.15) wp0=(+0.91,+1.65) v=+0.200 ω=+0.066 ok=True iters=7
21:16:51 [INFO] [PROG] s*=1.29/5.07 (25.4%) dist_goal=3.51
21:16:51 [INFO] [MPC] state=(+0.86,+1.53,-0.14) wp0=(+0.93,+1.65) v=+0.200 ω=+0.063 ok=True iters=7
21:16:51 [INFO] [PROG] s*=1.31/5.07 (25.8%) dist_goal=3.49
21:16:51 [INFO] [MPC] state=(+0.88,+1.53,-0.13) wp0=(+0.95,+1.65) v=+0.200 ω=+0.060 ok=True iters=7
21:16:51 [INFO] [PROG] s*=1.33/5.07 (26.2%) dist_goal=3.47
21:16:51 [INFO] [MPC] state=(+0.90,+1.52,-0.13) wp0=(+0.97,+1.65) v=+0.200 ω=+0.056 ok=True iters=7
21:16:51 [INFO] [PROG] s*=1.35/5.07 (26.5%) dist_goal=3.45
21:16:51 [INFO] [MPC] state=(+0.92,+1.52,-0.12) wp0=(+0.99,+1.65) v=+0.200 ω=+0.053 ok=True iters=7
21:16:51 [INFO] [PROG] s*=1.37/5.07 (26.9%) dist_goal=3.43
21:16:51 [INFO] [MPC] state=(+0.94,+1.52,-0.11) wp0=(+1.01,+1.65) v=+0.200 ω=+0.050 ok=True iters=7
21:16:51 [INFO] [PROG] s*=1.39/5.07 (27.3%) dist_goal=3.41
21:16:51 [INFO] [MPC] state=(+0.96,+1.52,-0.11) wp0=(+1.03,+1.65) v=+0.200 ω=+0.047 ok=True iters=7
21:16:51 [INFO] [PROG] s*=1.41/5.07 (27.7%) dist_goal=3.39
21:16:51 [INFO] [MPC] state=(+0.98,+1.51,-0.10) wp0=(+1.05,+1.65) v=+0.200 ω=+0.044 ok=True iters=7
21:16:51 [INFO] [PROG] s*=1.43/5.07 (28.1%) dist_goal=3.37
21:16:51 [INFO] [MPC] state=(+1.00,+1.51,-0.10) wp0=(+1.07,+1.65) v=+0.200 ω=+0.042 ok=True iters=7
21:16:51 [INFO] [PROG] s*=1.45/5.07 (28.5%) dist_goal=3.35
21:16:51 [INFO] [MPC] state=(+1.02,+1.51,-0.10) wp0=(+1.09,+1.65) v=+0.200 ω=+0.041 ok=True iters=7
21:16:51 [INFO] [PROG] s*=1.47/5.07 (28.9%) dist_goal=3.33
21:16:51 [INFO] [MPC] state=(+1.04,+1.51,-0.09) wp0=(+1.11,+1.65) v=+0.200 ω=+0.040 ok=True iters=7
21:16:51 [INFO] [PROG] s*=1.49/5.07 (29.3%) dist_goal=3.31
21:16:51 [INFO] [MPC] state=(+1.06,+1.51,-0.09) wp0=(+1.14,+1.65) v=+0.200 ω=+0.038 ok=True iters=7
21:16:51 [INFO] [PROG] s*=1.51/5.07 (29.7%) dist_goal=3.29
21:16:51 [INFO] [MPC] state=(+1.09,+1.50,-0.08) wp0=(+1.16,+1.65) v=+0.200 ω=+0.037 ok=True iters=7
21:16:51 [INFO] [PROG] s*=1.53/5.07 (30.1%) dist_goal=3.27
21:16:51 [INFO] [MPC] state=(+1.11,+1.50,-0.08) wp0=(+1.18,+1.65) v=+0.200 ω=+0.035 ok=True iters=7
21:16:51 [INFO] [PROG] s*=1.55/5.07 (30.5%) dist_goal=3.25
21:16:51 [INFO] [MPC] state=(+1.13,+1.50,-0.08) wp0=(+1.20,+1.65) v=+0.200 ω=+0.032 ok=True iters=7
21:16:51 [INFO] [PROG] s*=1.57/5.07 (30.9%) dist_goal=3.23
21:16:51 [INFO] [MPC] state=(+1.15,+1.50,-0.07) wp0=(+1.22,+1.65) v=+0.200 ω=+0.029 ok=True iters=7
21:16:51 [INFO] [PROG] s*=1.59/5.07 (31.3%) dist_goal=3.21
21:16:51 [INFO] [MPC] state=(+1.17,+1.50,-0.07) wp0=(+1.24,+1.65) v=+0.200 ω=+0.027 ok=True iters=7
21:16:51 [INFO] [PROG] s*=1.61/5.07 (31.7%) dist_goal=3.19
21:16:51 [INFO] [MPC] state=(+1.19,+1.50,-0.07) wp0=(+1.26,+1.65) v=+0.200 ω=+0.026 ok=True iters=7
21:16:51 [INFO] [PROG] s*=1.63/5.07 (32.1%) dist_goal=3.17
21:16:51 [INFO] [MPC] state=(+1.21,+1.50,-0.06) wp0=(+1.28,+1.65) v=+0.200 ω=+0.025 ok=True iters=7
21:16:51 [INFO] [PROG] s*=1.65/5.07 (32.5%) dist_goal=3.15
21:16:51 [INFO] [MPC] state=(+1.23,+1.49,-0.06) wp0=(+1.30,+1.65) v=+0.200 ω=+0.025 ok=True iters=7
21:16:51 [INFO] [PROG] s*=1.67/5.07 (32.9%) dist_goal=3.13
21:16:51 [INFO] [MPC] state=(+1.25,+1.49,-0.06) wp0=(+1.32,+1.65) v=+0.200 ω=+0.024 ok=True iters=7
21:16:51 [INFO] [PROG] s*=1.69/5.07 (33.3%) dist_goal=3.11
21:16:51 [INFO] [MPC] state=(+1.27,+1.49,-0.06) wp0=(+1.34,+1.65) v=+0.200 ω=+0.022 ok=True iters=7
21:16:51 [INFO] [PROG] s*=1.71/5.07 (33.7%) dist_goal=3.09
21:16:51 [INFO] [MPC] state=(+1.29,+1.49,-0.05) wp0=(+1.36,+1.65) v=+0.200 ω=+0.021 ok=True iters=7
21:16:51 [INFO] [PROG] s*=1.73/5.07 (34.1%) dist_goal=3.07
21:16:51 [INFO] [MPC] state=(+1.31,+1.49,-0.05) wp0=(+1.38,+1.65) v=+0.200 ω=+0.019 ok=True iters=7
21:16:51 [INFO] [PROG] s*=1.75/5.07 (34.5%) dist_goal=3.05
21:16:51 [INFO] [MPC] state=(+1.33,+1.49,-0.05) wp0=(+1.40,+1.65) v=+0.200 ω=+0.018 ok=True iters=7
21:16:51 [INFO] [PROG] s*=1.77/5.07 (34.9%) dist_goal=3.03
21:16:51 [INFO] [MPC] state=(+1.35,+1.49,-0.05) wp0=(+1.42,+1.65) v=+0.200 ω=+0.017 ok=True iters=7
21:16:51 [INFO] [PROG] s*=1.79/5.07 (35.3%) dist_goal=3.01
21:16:51 [INFO] [MPC] state=(+1.37,+1.49,-0.04) wp0=(+1.44,+1.65) v=+0.200 ω=+0.016 ok=True iters=7
21:16:51 [INFO] [PROG] s*=1.81/5.07 (35.7%) dist_goal=2.99
21:16:51 [INFO] [MPC] state=(+1.39,+1.49,-0.04) wp0=(+1.46,+1.65) v=+0.200 ω=+0.016 ok=True iters=7
21:16:51 [INFO] [PROG] s*=1.83/5.07 (36.1%) dist_goal=2.97
21:16:51 [INFO] [MPC] state=(+1.41,+1.49,-0.04) wp0=(+1.48,+1.65) v=+0.200 ω=+0.016 ok=True iters=7
21:16:51 [INFO] [PROG] s*=1.85/5.07 (36.5%) dist_goal=2.95
21:16:51 [INFO] [MPC] state=(+1.43,+1.48,-0.04) wp0=(+1.50,+1.65) v=+0.200 ω=+0.015 ok=True iters=7
21:16:51 [INFO] [PROG] s*=1.87/5.07 (36.9%) dist_goal=2.93
21:16:51 [INFO] [MPC] state=(+1.45,+1.48,-0.04) wp0=(+1.52,+1.65) v=+0.200 ω=+0.014 ok=True iters=7
21:16:51 [INFO] [PROG] s*=1.89/5.07 (37.3%) dist_goal=2.91
21:16:51 [INFO] [MPC] state=(+1.47,+1.48,-0.04) wp0=(+1.54,+1.65) v=+0.200 ω=+0.012 ok=True iters=7
21:16:51 [INFO] [PROG] s*=1.91/5.07 (37.7%) dist_goal=2.89
21:16:51 [INFO] [MPC] state=(+1.49,+1.48,-0.03) wp0=(+1.56,+1.65) v=+0.200 ω=+0.011 ok=True iters=7
21:16:51 [INFO] [PROG] s*=1.93/5.07 (38.1%) dist_goal=2.87
21:16:51 [INFO] [MPC] state=(+1.51,+1.48,-0.03) wp0=(+1.58,+1.65) v=+0.200 ω=+0.010 ok=True iters=7
21:16:51 [INFO] [PROG] s*=1.95/5.07 (38.5%) dist_goal=2.85
21:16:51 [INFO] [MPC] state=(+1.53,+1.48,-0.03) wp0=(+1.60,+1.65) v=+0.200 ω=+0.010 ok=True iters=7
21:16:51 [INFO] [PROG] s*=1.97/5.07 (38.9%) dist_goal=2.83
21:16:51 [INFO] [MPC] state=(+1.55,+1.48,-0.03) wp0=(+1.62,+1.65) v=+0.200 ω=+0.009 ok=True iters=7
21:16:51 [INFO] [PROG] s*=1.99/5.07 (39.3%) dist_goal=2.81
21:16:51 [INFO] [MPC] state=(+1.57,+1.48,-0.03) wp0=(+1.64,+1.65) v=+0.200 ω=+0.008 ok=True iters=7
21:16:51 [INFO] [PROG] s*=2.01/5.07 (39.7%) dist_goal=2.79
21:16:51 [INFO] [MPC] state=(+1.59,+1.48,-0.03) wp0=(+1.66,+1.65) v=+0.200 ω=+0.008 ok=True iters=7
21:16:51 [INFO] [PROG] s*=2.03/5.07 (40.1%) dist_goal=2.77
21:16:51 [INFO] [MPC] state=(+1.61,+1.48,-0.03) wp0=(+1.68,+1.65) v=+0.200 ω=+0.007 ok=True iters=7
21:16:51 [INFO] [PROG] s*=2.05/5.07 (40.5%) dist_goal=2.75
21:16:51 [INFO] [MPC] state=(+1.63,+1.48,-0.03) wp0=(+1.70,+1.65) v=+0.200 ω=+0.007 ok=True iters=7
21:16:51 [INFO] [PROG] s*=2.07/5.07 (40.9%) dist_goal=2.73
21:16:51 [INFO] [MPC] state=(+1.65,+1.48,-0.02) wp0=(+1.72,+1.65) v=+0.200 ω=-0.035 ok=True iters=7
21:16:51 [INFO] [PROG] s*=2.09/5.07 (41.3%) dist_goal=2.71
21:16:51 [INFO] [MPC] state=(+1.67,+1.48,-0.03) wp0=(+1.74,+1.65) v=+0.200 ω=+0.021 ok=True iters=7
21:16:51 [INFO] [PROG] s*=2.11/5.07 (41.7%) dist_goal=2.69
21:16:51 [INFO] [MPC] state=(+1.69,+1.48,-0.03) wp0=(+1.76,+1.65) v=+0.200 ω=+0.017 ok=True iters=7
21:16:51 [INFO] [PROG] s*=2.14/5.07 (42.1%) dist_goal=2.67
21:16:51 [INFO] [MPC] state=(+1.71,+1.48,-0.02) wp0=(+1.78,+1.65) v=+0.200 ω=-0.029 ok=True iters=7
21:16:51 [INFO] [PROG] s*=2.16/5.07 (42.5%) dist_goal=2.65
21:16:51 [INFO] [MPC] state=(+1.73,+1.48,-0.03) wp0=(+1.80,+1.65) v=+0.200 ω=+0.025 ok=True iters=7
21:16:51 [INFO] [PROG] s*=2.18/5.07 (42.9%) dist_goal=2.63
21:16:51 [INFO] [MPC] state=(+1.75,+1.47,-0.02) wp0=(+1.82,+1.65) v=+0.200 ω=-0.023 ok=True iters=7
21:16:51 [INFO] [PROG] s*=2.20/5.07 (43.3%) dist_goal=2.61
21:16:51 [INFO] [MPC] state=(+1.77,+1.47,-0.03) wp0=(+1.84,+1.65) v=+0.200 ω=-0.013 ok=True iters=7
21:16:51 [INFO] [PROG] s*=2.22/5.07 (43.7%) dist_goal=2.59
21:16:51 [INFO] [MPC] state=(+1.79,+1.47,-0.03) wp0=(+1.86,+1.65) v=+0.200 ω=+0.035 ok=True iters=7
21:16:51 [INFO] [PROG] s*=2.24/5.07 (44.1%) dist_goal=2.57
21:16:51 [INFO] [MPC] state=(+1.81,+1.47,-0.02) wp0=(+1.88,+1.65) v=+0.200 ω=-0.017 ok=True iters=7
21:16:51 [INFO] [PROG] s*=2.26/5.07 (44.5%) dist_goal=2.55
21:16:51 [INFO] [MPC] state=(+1.83,+1.47,-0.02) wp0=(+1.90,+1.65) v=+0.200 ω=-0.009 ok=True iters=7
21:16:51 [INFO] [PROG] s*=2.28/5.07 (44.9%) dist_goal=2.53
21:16:51 [INFO] [MPC] state=(+1.85,+1.47,-0.02) wp0=(+1.92,+1.65) v=+0.200 ω=-0.003 ok=True iters=7
21:16:51 [INFO] [PROG] s*=2.30/5.07 (45.3%) dist_goal=2.51
21:16:51 [INFO] [MPC] state=(+1.87,+1.47,-0.02) wp0=(+1.94,+1.65) v=+0.200 ω=-0.000 ok=True iters=7
21:16:51 [INFO] [PROG] s*=2.32/5.07 (45.7%) dist_goal=2.49
21:16:51 [INFO] [MPC] state=(+1.89,+1.47,-0.02) wp0=(+1.96,+1.65) v=+0.200 ω=+0.002 ok=True iters=7
21:16:51 [INFO] [PROG] s*=2.34/5.07 (46.1%) dist_goal=2.47
21:16:51 [INFO] [MPC] state=(+1.91,+1.47,-0.02) wp0=(+1.98,+1.65) v=+0.200 ω=+0.003 ok=True iters=7
21:16:51 [INFO] [PROG] s*=2.36/5.07 (46.5%) dist_goal=2.45
21:16:51 [INFO] [MPC] state=(+1.93,+1.47,-0.02) wp0=(+2.01,+1.65) v=+0.200 ω=+0.004 ok=True iters=7
21:16:51 [INFO] [PROG] s*=2.38/5.07 (46.9%) dist_goal=2.43
21:16:51 [INFO] [MPC] state=(+1.96,+1.47,-0.02) wp0=(+2.03,+1.65) v=+0.200 ω=+0.004 ok=True iters=7
21:16:51 [INFO] [PROG] s*=2.40/5.07 (47.3%) dist_goal=2.41
21:16:51 [INFO] [MPC] state=(+1.98,+1.47,-0.02) wp0=(+2.05,+1.65) v=+0.200 ω=+0.004 ok=True iters=7
21:16:51 [INFO] [PROG] s*=2.42/5.07 (47.7%) dist_goal=2.39
21:16:51 [INFO] [MPC] state=(+2.00,+1.47,-0.02) wp0=(+2.07,+1.65) v=+0.200 ω=+0.004 ok=True iters=7
21:16:51 [INFO] [PROG] s*=2.44/5.07 (48.1%) dist_goal=2.37
21:16:51 [INFO] [MPC] state=(+2.02,+1.47,-0.02) wp0=(+2.09,+1.65) v=+0.200 ω=+0.004 ok=True iters=7
21:16:51 [INFO] [PROG] s*=2.46/5.07 (48.5%) dist_goal=2.35
21:16:51 [INFO] [MPC] state=(+2.04,+1.47,-0.02) wp0=(+2.11,+1.65) v=+0.200 ω=+0.005 ok=True iters=7
21:16:51 [INFO] [PROG] s*=2.48/5.07 (48.9%) dist_goal=2.33
21:16:51 [INFO] [MPC] state=(+2.06,+1.47,-0.02) wp0=(+2.13,+1.65) v=+0.200 ω=+0.005 ok=True iters=7
21:16:51 [INFO] [PROG] s*=2.50/5.07 (49.3%) dist_goal=2.31
21:16:51 [INFO] [MPC] state=(+2.08,+1.47,-0.02) wp0=(+2.15,+1.65) v=+0.200 ω=+0.004 ok=True iters=7
21:16:51 [INFO] [PROG] s*=2.52/5.07 (49.7%) dist_goal=2.29
21:16:51 [INFO] [MPC] state=(+2.10,+1.47,-0.02) wp0=(+2.17,+1.65) v=+0.200 ω=+0.004 ok=True iters=7
21:16:51 [INFO] [PROG] s*=2.54/5.07 (50.1%) dist_goal=2.27
21:16:51 [INFO] [MPC] state=(+2.12,+1.47,-0.02) wp0=(+2.19,+1.65) v=+0.200 ω=+0.004 ok=True iters=7
21:16:51 [INFO] [PROG] s*=2.56/5.07 (50.5%) dist_goal=2.25
21:16:51 [INFO] [MPC] state=(+2.14,+1.47,-0.02) wp0=(+2.21,+1.65) v=+0.200 ω=+0.044 ok=True iters=7
21:16:51 [INFO] [PROG] s*=2.58/5.07 (50.9%) dist_goal=2.23
21:16:51 [INFO] [MPC] state=(+2.16,+1.47,-0.01) wp0=(+2.23,+1.65) v=+0.200 ω=+0.031 ok=True iters=7
21:16:51 [INFO] [PROG] s*=2.60/5.07 (51.3%) dist_goal=2.21
21:16:51 [INFO] [MPC] state=(+2.18,+1.47,-0.01) wp0=(+2.25,+1.65) v=+0.200 ω=+0.022 ok=True iters=7
21:16:51 [INFO] [PROG] s*=2.62/5.07 (51.7%) dist_goal=2.19
21:16:51 [INFO] [MPC] state=(+2.20,+1.47,-0.01) wp0=(+2.27,+1.65) v=+0.200 ω=+0.015 ok=True iters=7
21:16:51 [INFO] [PROG] s*=2.64/5.07 (52.1%) dist_goal=2.17
21:16:51 [INFO] [MPC] state=(+2.22,+1.47,-0.00) wp0=(+2.29,+1.65) v=+0.200 ω=+0.009 ok=True iters=7
21:16:51 [INFO] [PROG] s*=2.66/5.07 (52.5%) dist_goal=2.15
21:16:51 [INFO] [MPC] state=(+2.24,+1.47,-0.00) wp0=(+2.31,+1.65) v=+0.200 ω=+0.006 ok=True iters=7
21:16:51 [INFO] [PROG] s*=2.68/5.07 (52.9%) dist_goal=2.13
21:16:51 [INFO] [MPC] state=(+2.26,+1.47,-0.00) wp0=(+2.33,+1.65) v=+0.200 ω=+0.076 ok=True iters=7
21:16:51 [INFO] [PROG] s*=2.70/5.07 (53.3%) dist_goal=2.11
21:16:51 [INFO] [MPC] state=(+2.28,+1.47,+0.00) wp0=(+2.35,+1.65) v=+0.200 ω=+0.051 ok=True iters=7
21:16:51 [INFO] [PROG] s*=2.72/5.07 (53.7%) dist_goal=2.09
21:16:51 [INFO] [MPC] state=(+2.30,+1.47,+0.01) wp0=(+2.37,+1.65) v=+0.200 ω=+0.032 ok=True iters=7
21:16:51 [INFO] [PROG] s*=2.74/5.07 (54.1%) dist_goal=2.08
21:16:51 [INFO] [MPC] state=(+2.32,+1.47,+0.01) wp0=(+2.39,+1.65) v=+0.200 ω=+0.018 ok=True iters=7
21:16:51 [INFO] [PROG] s*=2.76/5.07 (54.5%) dist_goal=2.06
21:16:51 [INFO] [MPC] state=(+2.34,+1.47,+0.02) wp0=(+2.41,+1.65) v=+0.200 ω=+0.009 ok=True iters=7
21:16:51 [INFO] [PROG] s*=2.78/5.07 (54.9%) dist_goal=2.04
21:16:51 [INFO] [MPC] state=(+2.36,+1.47,+0.02) wp0=(+2.43,+1.65) v=+0.200 ω=+0.097 ok=True iters=7
21:16:51 [INFO] [PROG] s*=2.80/5.07 (55.3%) dist_goal=2.02
21:16:51 [INFO] [MPC] state=(+2.38,+1.47,+0.03) wp0=(+2.45,+1.65) v=+0.200 ω=+0.069 ok=True iters=7
21:16:51 [INFO] [PROG] s*=2.82/5.07 (55.7%) dist_goal=2.00
21:16:51 [INFO] [MPC] state=(+2.40,+1.47,+0.03) wp0=(+2.47,+1.65) v=+0.200 ω=+0.047 ok=True iters=7
21:16:51 [INFO] [PROG] s*=2.84/5.07 (56.1%) dist_goal=1.98
21:16:51 [INFO] [MPC] state=(+2.42,+1.47,+0.04) wp0=(+2.49,+1.65) v=+0.200 ω=+0.018 ok=True iters=7
21:16:51 [INFO] [PROG] s*=2.86/5.07 (56.5%) dist_goal=1.96
21:16:51 [INFO] [MPC] state=(+2.44,+1.47,+0.04) wp0=(+2.51,+1.65) v=+0.200 ω=-0.004 ok=True iters=7
21:16:51 [INFO] [PROG] s*=2.88/5.07 (56.9%) dist_goal=1.94
21:16:51 [INFO] [MPC] state=(+2.46,+1.47,+0.04) wp0=(+2.53,+1.65) v=+0.200 ω=+0.071 ok=True iters=7
21:16:51 [INFO] [PROG] s*=2.90/5.07 (57.3%) dist_goal=1.92
21:16:51 [INFO] [MPC] state=(+2.48,+1.47,+0.04) wp0=(+2.55,+1.65) v=+0.200 ω=+0.025 ok=True iters=7
21:16:51 [INFO] [PROG] s*=2.92/5.07 (57.7%) dist_goal=1.90
21:16:51 [INFO] [MPC] state=(+2.50,+1.47,+0.05) wp0=(+2.57,+1.65) v=+0.200 ω=-0.011 ok=True iters=7
21:16:51 [INFO] [PROG] s*=2.94/5.07 (58.1%) dist_goal=1.88
21:16:51 [INFO] [MPC] state=(+2.52,+1.47,+0.05) wp0=(+2.59,+1.65) v=+0.200 ω=-0.038 ok=True iters=7
21:16:51 [INFO] [PROG] s*=2.97/5.07 (58.5%) dist_goal=1.86
21:16:51 [INFO] [MPC] state=(+2.54,+1.47,+0.04) wp0=(+2.61,+1.65) v=+0.200 ω=-0.027 ok=True iters=7
21:16:51 [INFO] [PROG] s*=2.99/5.07 (58.8%) dist_goal=1.84
21:16:51 [INFO] [MPC] state=(+2.56,+1.47,+0.04) wp0=(+2.63,+1.65) v=+0.200 ω=-0.003 ok=True iters=7
21:16:51 [INFO] [PROG] s*=3.01/5.07 (59.2%) dist_goal=1.82
21:16:51 [INFO] [MPC] state=(+2.58,+1.48,+0.04) wp0=(+2.65,+1.65) v=+0.200 ω=-0.017 ok=True iters=7
21:16:51 [INFO] [PROG] s*=3.03/5.07 (59.6%) dist_goal=1.81
21:16:51 [INFO] [MPC] state=(+2.60,+1.48,+0.04) wp0=(+2.67,+1.65) v=+0.200 ω=-0.032 ok=True iters=7
21:16:51 [INFO] [PROG] s*=3.05/5.07 (60.0%) dist_goal=1.79
21:16:51 [INFO] [MPC] state=(+2.62,+1.48,+0.04) wp0=(+2.69,+1.65) v=+0.200 ω=-0.031 ok=True iters=7
21:16:51 [INFO] [PROG] s*=3.07/5.07 (60.4%) dist_goal=1.77
21:16:51 [INFO] [MPC] state=(+2.64,+1.48,+0.03) wp0=(+2.71,+1.65) v=+0.200 ω=-0.023 ok=True iters=7
21:16:51 [INFO] [PROG] s*=3.09/5.07 (60.8%) dist_goal=1.75
21:16:51 [INFO] [MPC] state=(+2.66,+1.48,+0.03) wp0=(+2.73,+1.65) v=+0.200 ω=-0.039 ok=True iters=7
21:16:51 [INFO] [PROG] s*=3.10/5.07 (61.2%) dist_goal=1.73
21:16:51 [INFO] [MPC] state=(+2.68,+1.48,+0.03) wp0=(+2.75,+1.65) v=+0.200 ω=-0.677 ok=True iters=8
21:16:51 [INFO] [PROG] s*=3.12/5.07 (61.5%) dist_goal=1.72
21:16:51 [INFO] [MPC] state=(+2.70,+1.48,-0.01) wp0=(+2.77,+1.65) v=+0.200 ω=-1.250 ok=True iters=8
21:16:51 [INFO] [PROG] s*=3.14/5.07 (61.8%) dist_goal=1.70
21:16:51 [INFO] [MPC] state=(+2.72,+1.48,-0.08) wp0=(+2.78,+1.65) v=+0.200 ω=-1.416 ok=True iters=9
21:16:51 [INFO] [PROG] s*=3.15/5.07 (62.1%) dist_goal=1.68
21:16:51 [INFO] [MPC] state=(+2.73,+1.48,-0.16) wp0=(+2.80,+1.65) v=+0.200 ω=-1.288 ok=True iters=9
21:16:51 [INFO] [PROG] s*=3.17/5.07 (62.4%) dist_goal=1.67
21:16:51 [INFO] [MPC] state=(+2.75,+1.47,-0.23) wp0=(+2.81,+1.65) v=+0.200 ω=-1.191 ok=True iters=9
21:16:51 [INFO] [PROG] s*=3.34/5.07 (65.8%) dist_goal=1.65
21:16:51 [INFO] [MPC] state=(+2.76,+1.47,-0.29) wp0=(+2.94,+1.56) v=+0.200 ω=-1.030 ok=True iters=9
21:16:51 [INFO] [PROG] s*=3.35/5.07 (66.1%) dist_goal=1.63
21:16:51 [INFO] [MPC] state=(+2.78,+1.46,-0.35) wp0=(+2.96,+1.55) v=+0.200 ω=+0.373 ok=True iters=7
21:16:51 [INFO] [PROG] s*=3.37/5.07 (66.4%) dist_goal=1.61
21:16:51 [INFO] [MPC] state=(+2.80,+1.46,-0.33) wp0=(+2.98,+1.55) v=+0.200 ω=-0.311 ok=True iters=7
21:16:51 [INFO] [PROG] s*=3.39/5.07 (66.8%) dist_goal=1.59
21:16:51 [INFO] [MPC] state=(+2.82,+1.45,-0.35) wp0=(+2.99,+1.55) v=+0.200 ω=-0.439 ok=True iters=7
21:16:51 [INFO] [PROG] s*=3.39/5.07 (66.9%) dist_goal=1.57
21:16:51 [INFO] [MPC] state=(+2.83,+1.44,-0.38) wp0=(+3.00,+1.55) v=+0.200 ω=-0.505 ok=True iters=7
21:16:51 [INFO] [PROG] s*=3.39/5.07 (66.9%) dist_goal=1.56
21:16:51 [INFO] [MPC] state=(+2.85,+1.44,-0.41) wp0=(+3.00,+1.55) v=+0.200 ω=-0.444 ok=True iters=7
21:16:51 [INFO] [PROG] s*=3.39/5.07 (66.9%) dist_goal=1.54
21:16:51 [INFO] [MPC] state=(+2.87,+1.43,-0.43) wp0=(+3.00,+1.55) v=+0.200 ω=-0.338 ok=True iters=8
21:16:51 [INFO] [PROG] s*=3.39/5.07 (66.9%) dist_goal=1.52
21:16:51 [INFO] [MPC] state=(+2.89,+1.42,-0.45) wp0=(+3.00,+1.55) v=+0.200 ω=-0.261 ok=True iters=8
21:16:52 [INFO] [PROG] s*=3.39/5.07 (66.9%) dist_goal=1.50
21:16:52 [INFO] [MPC] state=(+2.90,+1.41,-0.47) wp0=(+3.00,+1.55) v=+0.200 ω=-0.212 ok=True iters=8
21:16:52 [INFO] [PROG] s*=3.39/5.07 (66.9%) dist_goal=1.48
21:16:52 [INFO] [MPC] state=(+2.92,+1.40,-0.49) wp0=(+3.00,+1.55) v=+0.200 ω=-0.154 ok=True iters=8
21:16:52 [INFO] [PROG] s*=3.40/5.07 (67.1%) dist_goal=1.46
21:16:52 [INFO] [MPC] state=(+2.94,+1.39,-0.50) wp0=(+3.01,+1.55) v=+0.200 ω=-0.110 ok=True iters=9
21:16:52 [INFO] [PROG] s*=3.42/5.07 (67.4%) dist_goal=1.44
21:16:52 [INFO] [MPC] state=(+2.96,+1.38,-0.51) wp0=(+3.03,+1.55) v=+0.200 ω=-0.121 ok=True iters=9
21:16:52 [INFO] [PROG] s*=3.59/5.07 (70.7%) dist_goal=1.42
21:16:52 [INFO] [MPC] state=(+2.98,+1.37,-0.52) wp0=(+3.15,+1.45) v=+0.200 ω=-0.071 ok=True iters=9
21:16:52 [INFO] [PROG] s*=3.60/5.07 (71.0%) dist_goal=1.41
21:16:52 [INFO] [MPC] state=(+2.99,+1.36,-0.53) wp0=(+3.16,+1.45) v=+0.200 ω=+2.025 ok=True iters=8
21:16:52 [INFO] [PROG] s*=3.61/5.07 (71.2%) dist_goal=1.39
21:16:52 [INFO] [MPC] state=(+3.00,+1.36,-0.43) wp0=(+3.18,+1.45) v=+0.200 ω=+1.648 ok=True iters=7
21:16:52 [INFO] [PROG] s*=3.62/5.07 (71.5%) dist_goal=1.38
21:16:52 [INFO] [MPC] state=(+3.02,+1.35,-0.34) wp0=(+3.19,+1.45) v=+0.200 ω=+1.296 ok=True iters=7
21:16:52 [INFO] [PROG] s*=3.64/5.07 (71.7%) dist_goal=1.36
21:16:52 [INFO] [MPC] state=(+3.03,+1.35,-0.27) wp0=(+3.20,+1.45) v=+0.200 ω=+1.029 ok=True iters=7
21:16:52 [INFO] [PROG] s*=3.64/5.07 (71.7%) dist_goal=1.34
21:16:52 [INFO] [MPC] state=(+3.05,+1.34,-0.21) wp0=(+3.20,+1.45) v=+0.200 ω=+0.803 ok=True iters=7
21:16:52 [INFO] [PROG] s*=3.64/5.07 (71.7%) dist_goal=1.33
21:16:52 [INFO] [MPC] state=(+3.06,+1.34,-0.16) wp0=(+3.20,+1.45) v=+0.200 ω=+0.618 ok=True iters=7
21:16:52 [INFO] [PROG] s*=3.64/5.07 (71.7%) dist_goal=1.31
21:16:52 [INFO] [MPC] state=(+3.08,+1.34,-0.13) wp0=(+3.20,+1.45) v=+0.200 ω=+0.482 ok=True iters=7
21:16:52 [INFO] [PROG] s*=3.64/5.07 (71.7%) dist_goal=1.29
21:16:52 [INFO] [MPC] state=(+3.10,+1.33,-0.10) wp0=(+3.20,+1.45) v=+0.200 ω=+0.372 ok=True iters=7
21:16:52 [INFO] [PROG] s*=3.64/5.07 (71.7%) dist_goal=1.27
21:16:52 [INFO] [MPC] state=(+3.12,+1.33,-0.07) wp0=(+3.20,+1.45) v=+0.200 ω=+0.284 ok=True iters=7
21:16:52 [INFO] [PROG] s*=3.64/5.07 (71.8%) dist_goal=1.25
21:16:52 [INFO] [MPC] state=(+3.14,+1.33,-0.05) wp0=(+3.21,+1.45) v=+0.200 ω=+0.209 ok=True iters=7
21:16:52 [INFO] [PROG] s*=3.66/5.07 (72.2%) dist_goal=1.23
21:16:52 [INFO] [MPC] state=(+3.16,+1.33,-0.04) wp0=(+3.23,+1.45) v=+0.200 ω=+0.143 ok=True iters=7
21:16:52 [INFO] [PROG] s*=3.68/5.07 (72.6%) dist_goal=1.21
21:16:52 [INFO] [MPC] state=(+3.18,+1.33,-0.03) wp0=(+3.25,+1.45) v=+0.200 ω=-0.281 ok=True iters=7
21:16:52 [INFO] [PROG] s*=3.70/5.07 (72.9%) dist_goal=1.20
21:16:52 [INFO] [MPC] state=(+3.20,+1.33,-0.05) wp0=(+3.26,+1.45) v=+0.200 ω=-1.003 ok=True iters=8
21:16:52 [INFO] [PROG] s*=3.71/5.07 (73.2%) dist_goal=1.18
21:16:52 [INFO] [MPC] state=(+3.21,+1.33,-0.10) wp0=(+3.28,+1.45) v=+0.200 ω=-1.424 ok=True iters=8
21:16:52 [INFO] [PROG] s*=3.73/5.07 (73.5%) dist_goal=1.17
21:16:52 [INFO] [MPC] state=(+3.23,+1.33,-0.18) wp0=(+3.29,+1.45) v=+0.200 ω=-1.295 ok=True iters=8
21:16:52 [INFO] [PROG] s*=3.74/5.07 (73.8%) dist_goal=1.15
21:16:52 [INFO] [MPC] state=(+3.24,+1.32,-0.25) wp0=(+3.31,+1.45) v=+0.200 ω=-1.218 ok=True iters=8
21:16:52 [INFO] [PROG] s*=3.76/5.07 (74.1%) dist_goal=1.13
21:16:52 [INFO] [MPC] state=(+3.26,+1.32,-0.31) wp0=(+3.32,+1.45) v=+0.200 ω=-1.087 ok=True iters=8
21:16:52 [INFO] [PROG] s*=3.90/5.07 (76.8%) dist_goal=1.12
21:16:52 [INFO] [MPC] state=(+3.27,+1.31,-0.37) wp0=(+3.43,+1.37) v=+0.200 ω=-0.894 ok=True iters=8
21:16:52 [INFO] [PROG] s*=3.91/5.07 (77.1%) dist_goal=1.10
21:16:52 [INFO] [MPC] state=(+3.29,+1.31,-0.42) wp0=(+3.44,+1.36) v=+0.200 ω=+1.264 ok=True iters=7
21:16:52 [INFO] [PROG] s*=3.93/5.07 (77.4%) dist_goal=1.08
21:16:52 [INFO] [MPC] state=(+3.30,+1.30,-0.36) wp0=(+3.45,+1.35) v=+0.200 ω=+0.515 ok=True iters=7
21:16:52 [INFO] [PROG] s*=3.94/5.07 (77.8%) dist_goal=1.06
21:16:52 [INFO] [MPC] state=(+3.32,+1.29,-0.32) wp0=(+3.47,+1.35) v=+0.200 ω=-0.227 ok=True iters=7
21:16:52 [INFO] [PROG] s*=3.96/5.07 (78.1%) dist_goal=1.05
21:16:52 [INFO] [MPC] state=(+3.34,+1.29,-0.34) wp0=(+3.48,+1.35) v=+0.200 ω=-0.640 ok=True iters=7
21:16:52 [INFO] [PROG] s*=3.98/5.07 (78.4%) dist_goal=1.03
21:16:52 [INFO] [MPC] state=(+3.36,+1.28,-0.38) wp0=(+3.50,+1.35) v=+0.200 ω=-0.677 ok=True iters=7
21:16:52 [INFO] [PROG] s*=3.98/5.07 (78.4%) dist_goal=1.01
21:16:52 [INFO] [MPC] state=(+3.37,+1.27,-0.42) wp0=(+3.50,+1.35) v=+0.200 ω=-0.668 ok=True iters=7
21:16:52 [INFO] [PROG] s*=3.98/5.07 (78.4%) dist_goal=0.99
21:16:52 [INFO] [MPC] state=(+3.39,+1.27,-0.45) wp0=(+3.50,+1.35) v=+0.200 ω=-0.549 ok=True iters=7
21:16:52 [INFO] [PROG] s*=3.98/5.07 (78.4%) dist_goal=0.97
21:16:52 [INFO] [MPC] state=(+3.41,+1.26,-0.49) wp0=(+3.50,+1.35) v=+0.200 ω=-0.435 ok=True iters=8
21:16:52 [INFO] [PROG] s*=3.98/5.07 (78.4%) dist_goal=0.95
21:16:52 [INFO] [MPC] state=(+3.42,+1.25,-0.51) wp0=(+3.50,+1.35) v=+0.200 ω=-0.321 ok=True iters=8
21:16:52 [INFO] [PROG] s*=3.99/5.07 (78.6%) dist_goal=0.93
21:16:52 [INFO] [MPC] state=(+3.44,+1.24,-0.53) wp0=(+3.51,+1.35) v=+0.200 ω=-0.257 ok=True iters=8
21:16:52 [INFO] [PROG] s*=4.00/5.07 (78.9%) dist_goal=0.91
21:16:52 [INFO] [MPC] state=(+3.46,+1.23,-0.55) wp0=(+3.53,+1.35) v=+0.200 ω=-0.256 ok=True iters=8
21:16:52 [INFO] [PROG] s*=4.14/5.07 (81.6%) dist_goal=0.90
21:16:52 [INFO] [MPC] state=(+3.48,+1.22,-0.57) wp0=(+3.63,+1.27) v=+0.200 ω=-0.184 ok=True iters=8
21:16:52 [INFO] [PROG] s*=4.15/5.07 (81.8%) dist_goal=0.88
21:16:52 [INFO] [MPC] state=(+3.49,+1.21,-0.58) wp0=(+3.64,+1.26) v=+0.200 ω=+1.845 ok=True iters=8
21:16:52 [INFO] [PROG] s*=4.17/5.07 (82.1%) dist_goal=0.87
21:16:52 [INFO] [MPC] state=(+3.50,+1.20,-0.49) wp0=(+3.65,+1.25) v=+0.200 ω=+1.048 ok=True iters=7
21:16:52 [INFO] [PROG] s*=4.18/5.07 (82.5%) dist_goal=0.85
21:16:52 [INFO] [MPC] state=(+3.52,+1.19,-0.43) wp0=(+3.66,+1.25) v=+0.200 ω=+0.291 ok=True iters=7
21:16:52 [INFO] [PROG] s*=4.20/5.07 (82.8%) dist_goal=0.83
21:16:52 [INFO] [MPC] state=(+3.53,+1.18,-0.40) wp0=(+3.68,+1.25) v=+0.200 ω=-0.321 ok=True iters=7
21:16:52 [INFO] [PROG] s*=4.22/5.07 (83.2%) dist_goal=0.81
21:16:52 [INFO] [MPC] state=(+3.55,+1.18,-0.42) wp0=(+3.70,+1.25) v=+0.200 ω=-0.444 ok=True iters=7
21:16:52 [INFO] [PROG] s*=4.22/5.07 (83.2%) dist_goal=0.79
21:16:52 [INFO] [MPC] state=(+3.57,+1.17,-0.45) wp0=(+3.70,+1.25) v=+0.200 ω=-0.505 ok=True iters=7
21:16:52 [INFO] [PROG] s*=4.22/5.07 (83.2%) dist_goal=0.77
21:16:52 [INFO] [MPC] state=(+3.59,+1.16,-0.48) wp0=(+3.70,+1.25) v=+0.198 ω=-0.400 ok=True iters=7
21:16:52 [INFO] [PROG] s*=4.22/5.07 (83.2%) dist_goal=0.75
21:16:52 [INFO] [MPC] state=(+3.60,+1.15,-0.51) wp0=(+3.70,+1.25) v=+0.193 ω=-0.297 ok=True iters=7
21:16:52 [INFO] [PROG] s*=4.22/5.07 (83.2%) dist_goal=0.74
21:16:52 [INFO] [MPC] state=(+3.62,+1.14,-0.53) wp0=(+3.70,+1.25) v=+0.189 ω=-0.244 ok=True iters=8
21:16:52 [INFO] [PROG] s*=4.22/5.07 (83.2%) dist_goal=0.72
21:16:52 [INFO] [MPC] state=(+3.64,+1.13,-0.55) wp0=(+3.70,+1.25) v=+0.184 ω=-0.168 ok=True iters=8
21:16:52 [INFO] [PROG] s*=4.24/5.07 (83.5%) dist_goal=0.70
21:16:52 [INFO] [MPC] state=(+3.65,+1.12,-0.57) wp0=(+3.72,+1.25) v=+0.179 ω=-0.123 ok=True iters=8
21:16:52 [INFO] [PROG] s*=4.25/5.07 (83.8%) dist_goal=0.68
21:16:52 [INFO] [MPC] state=(+3.67,+1.11,-0.58) wp0=(+3.73,+1.25) v=+0.175 ω=-0.115 ok=True iters=8
21:16:52 [INFO] [PROG] s*=4.39/5.07 (86.6%) dist_goal=0.67
21:16:52 [INFO] [MPC] state=(+3.68,+1.10,-0.59) wp0=(+3.84,+1.16) v=+0.171 ω=-0.103 ok=True iters=8
21:16:52 [INFO] [PROG] s*=4.41/5.07 (86.9%) dist_goal=0.66
21:16:52 [INFO] [MPC] state=(+3.70,+1.09,-0.60) wp0=(+3.85,+1.15) v=+0.167 ω=+1.461 ok=True iters=7
21:16:52 [INFO] [PROG] s*=4.42/5.07 (87.2%) dist_goal=0.64
21:16:52 [INFO] [MPC] state=(+3.71,+1.08,-0.51) wp0=(+3.86,+1.15) v=+0.164 ω=+0.645 ok=True iters=7
21:16:52 [INFO] [PROG] s*=4.44/5.07 (87.5%) dist_goal=0.62
21:16:52 [INFO] [MPC] state=(+3.72,+1.08,-0.44) wp0=(+3.88,+1.15) v=+0.160 ω=-0.125 ok=True iters=8
21:16:52 [INFO] [PROG] s*=4.45/5.07 (87.8%) dist_goal=0.61
21:16:52 [INFO] [MPC] state=(+3.74,+1.07,-0.45) wp0=(+3.89,+1.15) v=+0.156 ω=-0.226 ok=True iters=8
21:16:52 [INFO] [PROG] s*=4.46/5.07 (87.9%) dist_goal=0.59
21:16:52 [INFO] [MPC] state=(+3.75,+1.06,-0.48) wp0=(+3.90,+1.15) v=+0.152 ω=-0.294 ok=True iters=8
21:16:52 [INFO] [PROG] s*=4.46/5.07 (87.9%) dist_goal=0.58
21:16:52 [INFO] [MPC] state=(+3.76,+1.05,-0.51) wp0=(+3.90,+1.15) v=+0.149 ω=-0.272 ok=True iters=8
21:16:52 [INFO] [PROG] s*=4.46/5.07 (87.9%) dist_goal=0.57
21:16:52 [INFO] [MPC] state=(+3.78,+1.05,-0.53) wp0=(+3.90,+1.15) v=+0.145 ω=-0.185 ok=True iters=8
21:16:52 [INFO] [PROG] s*=4.46/5.07 (87.9%) dist_goal=0.55
21:16:52 [INFO] [MPC] state=(+3.79,+1.04,-0.55) wp0=(+3.90,+1.15) v=+0.142 ω=-0.131 ok=True iters=9
21:16:52 [INFO] [PROG] s*=4.46/5.07 (87.9%) dist_goal=0.54
21:16:52 [INFO] [MPC] state=(+3.80,+1.03,-0.57) wp0=(+3.90,+1.15) v=+0.138 ω=-0.095 ok=True iters=9
21:16:52 [INFO] [PROG] s*=4.46/5.07 (87.9%) dist_goal=0.53
21:16:52 [INFO] [MPC] state=(+3.81,+1.02,-0.57) wp0=(+3.90,+1.15) v=+0.135 ω=-0.073 ok=True iters=9
21:16:52 [INFO] [PROG] s*=4.46/5.07 (87.9%) dist_goal=0.52
21:16:52 [INFO] [MPC] state=(+3.83,+1.02,-0.58) wp0=(+3.90,+1.15) v=+0.132 ω=-0.040 ok=True iters=9
21:16:52 [INFO] [PROG] s*=4.46/5.07 (87.9%) dist_goal=0.50
21:16:52 [INFO] [MPC] state=(+3.84,+1.01,-0.59) wp0=(+3.90,+1.15) v=+0.129 ω=-0.041 ok=True iters=7
21:16:52 [INFO] [PROG] s*=4.47/5.07 (88.1%) dist_goal=0.49
21:16:52 [INFO] [MPC] state=(+3.85,+1.00,-0.59) wp0=(+3.91,+1.15) v=+0.126 ω=-0.037 ok=True iters=7
21:16:52 [INFO] [PROG] s*=4.48/5.07 (88.3%) dist_goal=0.48
21:16:52 [INFO] [MPC] state=(+3.86,+0.99,-0.59) wp0=(+3.92,+1.15) v=+0.123 ω=-0.082 ok=True iters=7
21:16:52 [INFO] [PROG] s*=4.63/5.07 (91.3%) dist_goal=0.47
21:16:52 [INFO] [MPC] state=(+3.87,+0.99,-0.60) wp0=(+4.04,+1.06) v=+0.120 ω=-0.040 ok=True iters=7
21:16:52 [INFO] [PROG] s*=4.64/5.07 (91.4%) dist_goal=0.47
21:16:52 [INFO] [MPC] state=(+3.88,+0.98,-0.60) wp0=(+4.04,+1.06) v=+0.118 ω=+2.262 ok=True iters=10
21:16:52 [INFO] [PROG] s*=4.64/5.07 (91.6%) dist_goal=0.46
21:16:52 [INFO] [MPC] state=(+3.89,+0.98,-0.44) wp0=(+4.05,+1.05) v=+0.116 ω=+1.657 ok=True iters=7
21:16:52 [INFO] [PROG] s*=4.65/5.07 (91.7%) dist_goal=0.45
21:16:52 [INFO] [MPC] state=(+3.89,+0.97,-0.30) wp0=(+4.05,+1.05) v=+0.114 ω=+1.147 ok=True iters=7
21:16:52 [INFO] [PROG] s*=4.66/5.07 (91.9%) dist_goal=0.44
21:16:52 [INFO] [MPC] state=(+3.90,+0.97,-0.18) wp0=(+4.06,+1.05) v=+0.112 ω=+0.732 ok=True iters=7
21:16:52 [INFO] [PROG] s*=4.67/5.07 (92.1%) dist_goal=0.43
21:16:52 [INFO] [MPC] state=(+3.91,+0.97,-0.10) wp0=(+4.07,+1.05) v=+0.109 ω=+0.462 ok=True iters=7
21:16:52 [INFO] [PROG] s*=4.68/5.07 (92.2%) dist_goal=0.42
21:16:52 [INFO] [MPC] state=(+3.92,+0.97,-0.06) wp0=(+4.08,+1.05) v=+0.107 ω=+0.310 ok=True iters=7
21:16:52 [INFO] [PROG] s*=4.68/5.07 (92.3%) dist_goal=0.41
21:16:52 [INFO] [MPC] state=(+3.93,+0.97,-0.03) wp0=(+4.08,+1.05) v=+0.104 ω=+0.185 ok=True iters=7
21:16:52 [INFO] [PROG] s*=4.69/5.07 (92.5%) dist_goal=0.40
21:16:52 [INFO] [MPC] state=(+3.94,+0.97,-0.01) wp0=(+4.09,+1.05) v=+0.102 ω=+0.127 ok=True iters=7
21:16:52 [INFO] [PROG] s*=4.70/5.07 (92.6%) dist_goal=0.39
21:16:52 [INFO] [MPC] state=(+3.95,+0.97,-0.00) wp0=(+4.10,+1.05) v=+0.099 ω=+0.078 ok=True iters=7
21:16:52 [INFO] [PROG] s*=4.70/5.07 (92.7%) dist_goal=0.38
21:16:52 [INFO] [MPC] state=(+3.96,+0.97,+0.01) wp0=(+4.10,+1.05) v=+0.097 ω=+0.054 ok=True iters=7
21:16:52 [INFO] [PROG] s*=4.70/5.07 (92.7%) dist_goal=0.37
21:16:52 [INFO] [MPC] state=(+3.97,+0.97,+0.01) wp0=(+4.10,+1.05) v=+0.094 ω=+0.040 ok=True iters=7
21:16:52 [INFO] [PROG] s*=4.70/5.07 (92.7%) dist_goal=0.36
21:16:52 [INFO] [MPC] state=(+3.98,+0.97,+0.02) wp0=(+4.10,+1.05) v=+0.092 ω=+0.023 ok=True iters=7
21:16:52 [INFO] [PROG] s*=4.70/5.07 (92.7%) dist_goal=0.35
21:16:52 [INFO] [MPC] state=(+3.99,+0.97,+0.02) wp0=(+4.10,+1.05) v=+0.090 ω=+0.022 ok=True iters=7
21:16:52 [INFO] [PROG] s*=4.70/5.07 (92.7%) dist_goal=0.34
21:16:52 [INFO] [MPC] state=(+4.00,+0.97,+0.02) wp0=(+4.10,+1.05) v=+0.087 ω=+0.012 ok=True iters=7
21:16:52 [INFO] [PROG] s*=4.70/5.07 (92.7%) dist_goal=0.33
21:16:52 [INFO] [MPC] state=(+4.01,+0.97,+0.02) wp0=(+4.10,+1.05) v=+0.085 ω=+0.004 ok=True iters=7
21:16:52 [INFO] [PROG] s*=4.70/5.07 (92.7%) dist_goal=0.32
21:16:52 [INFO] [MPC] state=(+4.02,+0.97,+0.02) wp0=(+4.10,+1.05) v=+0.083 ω=-0.009 ok=True iters=7
21:16:52 [INFO] [PROG] s*=4.70/5.07 (92.7%) dist_goal=0.32
21:16:52 [INFO] [MPC] state=(+4.03,+0.97,+0.02) wp0=(+4.10,+1.05) v=+0.081 ω=-0.009 ok=True iters=7
21:16:52 [INFO] [PROG] s*=4.70/5.07 (92.7%) dist_goal=0.31
21:16:52 [INFO] [MPC] state=(+4.03,+0.97,+0.02) wp0=(+4.10,+1.05) v=+0.079 ω=-0.009 ok=True iters=7
21:16:52 [INFO] [PROG] s*=4.70/5.07 (92.7%) dist_goal=0.30
21:16:52 [INFO] [MPC] state=(+4.04,+0.97,+0.02) wp0=(+4.10,+1.05) v=+0.077 ω=-0.009 ok=True iters=7
21:16:52 [INFO] [PROG] s*=4.71/5.07 (92.8%) dist_goal=0.29
21:16:52 [INFO] [MPC] state=(+4.05,+0.97,+0.02) wp0=(+4.11,+1.05) v=+0.075 ω=-0.013 ok=True iters=7
21:16:52 [INFO] [PROG] s*=4.72/5.07 (93.0%) dist_goal=0.29
21:16:52 [INFO] [MPC] state=(+4.06,+0.97,+0.02) wp0=(+4.12,+1.05) v=+0.073 ω=-0.013 ok=True iters=7
21:16:52 [INFO] [PROG] s*=4.72/5.07 (93.1%) dist_goal=0.28
21:16:52 [INFO] [MPC] state=(+4.07,+0.97,+0.02) wp0=(+4.12,+1.05) v=+0.071 ω=-0.012 ok=True iters=7
21:16:52 [INFO] [PROG] s*=4.73/5.07 (93.3%) dist_goal=0.27
21:16:52 [INFO] [MPC] state=(+4.07,+0.97,+0.02) wp0=(+4.13,+1.05) v=+0.070 ω=-0.012 ok=True iters=7
21:16:52 [INFO] [PROG] s*=4.74/5.07 (93.4%) dist_goal=0.26
21:16:52 [INFO] [MPC] state=(+4.08,+0.97,+0.02) wp0=(+4.14,+1.05) v=+0.068 ω=-0.011 ok=True iters=7
21:16:52 [INFO] [PROG] s*=4.74/5.07 (93.5%) dist_goal=0.26
21:16:52 [INFO] [MPC] state=(+4.09,+0.97,+0.02) wp0=(+4.14,+1.05) v=+0.066 ω=-0.011 ok=True iters=7
21:16:52 [INFO] [PROG] s*=4.75/5.07 (93.6%) dist_goal=0.25
21:16:52 [INFO] [MPC] state=(+4.09,+0.97,+0.02) wp0=(+4.15,+1.05) v=+0.065 ω=-0.011 ok=True iters=8
21:16:52 [INFO] [PROG] s*=4.76/5.07 (93.8%) dist_goal=0.25
21:16:52 [INFO] [MPC] state=(+4.10,+0.97,+0.02) wp0=(+4.16,+1.05) v=+0.063 ω=-0.020 ok=True iters=8
21:16:52 [INFO] [PROG] s*=4.76/5.07 (93.9%) dist_goal=0.24
21:16:52 [INFO] [MPC] state=(+4.11,+0.97,+0.02) wp0=(+4.16,+1.05) v=+0.061 ω=-0.016 ok=True iters=8
21:16:52 [INFO] [PROG] s*=4.77/5.07 (94.0%) dist_goal=0.23
21:16:52 [INFO] [MPC] state=(+4.11,+0.97,+0.01) wp0=(+4.17,+1.05) v=+0.060 ω=-0.014 ok=True iters=9
21:16:52 [INFO] [PROG] s*=4.77/5.07 (94.1%) dist_goal=0.23
21:16:52 [INFO] [MPC] state=(+4.12,+0.97,+0.01) wp0=(+4.17,+1.05) v=+0.058 ω=-0.012 ok=True iters=9
21:16:52 [INFO] [PROG] s*=4.78/5.07 (94.2%) dist_goal=0.22
21:16:52 [INFO] [MPC] state=(+4.12,+0.97,+0.01) wp0=(+4.18,+1.05) v=+0.057 ω=-0.010 ok=True iters=9
21:16:52 [INFO] [PROG] s*=4.79/5.07 (94.3%) dist_goal=0.22
21:16:52 [INFO] [MPC] state=(+4.13,+0.97,+0.01) wp0=(+4.18,+1.05) v=+0.056 ω=-0.010 ok=True iters=9
21:16:52 [INFO] [PROG] s*=4.79/5.07 (94.4%) dist_goal=0.21
21:16:52 [INFO] [MPC] state=(+4.13,+0.97,+0.01) wp0=(+4.19,+1.05) v=+0.054 ω=-0.279 ok=True iters=10
21:16:52 [INFO] [PROG] s*=4.80/5.07 (94.5%) dist_goal=0.21
21:16:52 [INFO] [MPC] state=(+4.14,+0.97,-0.02) wp0=(+4.19,+1.05) v=+0.053 ω=-0.540 ok=True iters=10
21:16:52 [INFO] [PROG] s*=4.80/5.07 (94.7%) dist_goal=0.20
21:16:52 [INFO] [MPC] state=(+4.14,+0.97,-0.08) wp0=(+4.20,+1.05) v=+0.052 ω=-0.728 ok=True iters=10
21:16:52 [INFO] [PROG] s*=4.81/5.07 (94.8%) dist_goal=0.20
21:16:52 [INFO] [MPC] state=(+4.15,+0.97,-0.15) wp0=(+4.21,+1.05) v=+0.050 ω=-0.870 ok=True iters=10
21:16:52 [INFO] [PROG] s*=4.81/5.07 (94.9%) dist_goal=0.19
21:16:52 [INFO] [MPC] state=(+4.16,+0.97,-0.24) wp0=(+4.21,+1.05) v=+0.049 ω=-1.025 ok=True iters=10
21:16:52 [INFO] [PROG] s*=4.82/5.07 (95.0%) dist_goal=0.18
21:16:52 [INFO] [MPC] state=(+4.16,+0.97,-0.34) wp0=(+4.22,+1.05) v=+0.047 ω=-0.984 ok=True iters=10
21:16:52 [INFO] [PROG] s*=4.82/5.07 (95.1%) dist_goal=0.18
21:16:52 [INFO] [MPC] state=(+4.17,+0.96,-0.44) wp0=(+4.22,+1.05) v=+0.046 ω=-0.736 ok=True iters=9
21:16:52 [INFO] [PROG] s*=4.83/5.07 (95.1%) dist_goal=0.18
21:16:52 [INFO] [MPC] state=(+4.17,+0.96,-0.52) wp0=(+4.22,+1.05) v=+0.045 ω=-0.582 ok=True iters=9
21:16:52 [INFO] [PROG] s*=4.83/5.07 (95.2%) dist_goal=0.17
21:16:52 [INFO] [MPC] state=(+4.17,+0.96,-0.58) wp0=(+4.23,+1.05) v=+0.044 ω=-0.466 ok=True iters=10
21:16:52 [INFO] [PROG] s*=4.83/5.07 (95.3%) dist_goal=0.17
21:16:52 [INFO] [MPC] state=(+4.18,+0.96,-0.63) wp0=(+4.23,+1.05) v=+0.043 ω=-0.388 ok=True iters=10
21:16:52 [INFO] [PROG] s*=4.84/5.07 (95.3%) dist_goal=0.17
21:16:52 [INFO] [MPC] state=(+4.18,+0.95,-0.67) wp0=(+4.23,+1.05) v=+0.030 ω=-0.328 ok=True iters=13
21:16:52 [INFO] [PROG] s*=4.84/5.07 (95.4%) dist_goal=0.16
21:16:52 [INFO] [MPC] state=(+4.18,+0.95,-0.70) wp0=(+4.24,+1.05) v=+0.030 ω=-0.229 ok=True iters=11
21:16:52 [INFO] [PROG] s*=4.84/5.07 (95.4%) dist_goal=0.16
21:16:52 [INFO] [MPC] state=(+4.19,+0.95,-0.72) wp0=(+4.24,+1.05) v=+0.030 ω=-0.151 ok=True iters=11
21:16:52 [INFO] [PROG] s*=4.84/5.07 (95.5%) dist_goal=0.16
21:16:52 [INFO] [MPC] state=(+4.19,+0.95,-0.74) wp0=(+4.24,+1.05) v=+0.030 ω=-0.103 ok=True iters=12
21:16:52 [INFO] [PROG] s*=4.84/5.07 (95.5%) dist_goal=0.16
21:16:52 [INFO] [MPC] state=(+4.19,+0.95,-0.75) wp0=(+4.24,+1.05) v=+0.030 ω=-0.076 ok=True iters=9
21:16:52 [INFO] [PROG] s*=4.85/5.07 (95.5%) dist_goal=0.15
21:16:52 [INFO] [MPC] state=(+4.19,+0.94,-0.76) wp0=(+4.25,+1.05) v=+0.030 ω=-0.052 ok=True iters=9
21:16:52 [INFO] [PROG] s*=4.85/5.07 (95.6%) dist_goal=0.15
21:16:52 [INFO] [MPC] state=(+4.20,+0.94,-0.76) wp0=(+4.25,+1.05) v=+0.030 ω=-0.036 ok=True iters=9
21:16:52 [INFO] [PROG] s*=4.85/5.07 (95.6%) dist_goal=0.15
21:16:52 [INFO] [MPC] state=(+4.20,+0.94,-0.76) wp0=(+4.25,+1.05) v=+0.030 ω=-0.027 ok=True iters=9
21:16:52 [INFO] [PROG] s*=4.85/5.07 (95.7%) dist_goal=0.15
21:16:52 [INFO] [MPC] state=(+4.20,+0.94,-0.77) wp0=(+4.25,+1.05) v=+0.030 ω=-0.018 ok=True iters=10
21:16:52 [INFO] [PROG] s*=4.95/5.07 (97.6%) dist_goal=0.15
21:16:52 [INFO] [MPC] state=(+4.20,+0.94,-0.77) wp0=(+4.32,+0.98) v=+0.030 ω=-0.016 ok=True iters=10
21:16:52 [INFO] [PROG] s*=4.96/5.07 (97.7%) dist_goal=0.14
21:16:52 [INFO] [MPC] state=(+4.20,+0.93,-0.77) wp0=(+4.32,+0.98) v=+0.037 ω=-0.004 ok=True iters=7
21:16:52 [INFO] [PROG] s*=4.96/5.07 (97.8%) dist_goal=0.14
21:16:52 [INFO] [MPC] state=(+4.21,+0.93,-0.77) wp0=(+4.33,+0.97) v=+0.036 ω=-0.005 ok=True iters=9
21:16:52 [INFO] [PROG] s*=4.96/5.07 (97.8%) dist_goal=0.14
21:16:52 [INFO] [MPC] state=(+4.21,+0.93,-0.77) wp0=(+4.33,+0.97) v=+0.036 ω=-0.005 ok=True iters=10
21:16:52 [INFO] [PROG] s*=4.97/5.07 (97.9%) dist_goal=0.14
21:16:52 [INFO] [MPC] state=(+4.21,+0.93,-0.77) wp0=(+4.33,+0.97) v=+0.030 ω=-0.006 ok=True iters=12
21:16:53 [ERROR] Error in step()
Traceback (most recent call last):
  File "/home/max/thesis_proj/pybullet2/crowdnav/env.py", line 712, in step
    theta_ref = _make_theta_ref(path_xy, self._theta_ref_prev, k_strong=3, alpha=0.25)
  File "/home/max/thesis_proj/pybullet2/crowdnav/env.py", line 97, in _make_theta_ref
    if theta_prev is not None and len(theta_prev) == len(ref):
UnboundLocalError: local variable 'ref' referenced before assignment
