07:44:17 [INFO] === New MPC Session Started ===
07:44:17 [DEBUG] matplotlib data path: /home/max/.local/lib/python3.10/site-packages/matplotlib/mpl-data
07:44:17 [DEBUG] CONFIGDIR=/home/max/.config/matplotlib
07:44:17 [DEBUG] interactive is False
07:44:17 [DEBUG] platform is linux
07:44:17 [DEBUG] CACHEDIR=/home/max/.cache/matplotlib
07:44:17 [DEBUG] Using fontManager instance from /home/max/.cache/matplotlib/fontlist-v390.json
07:44:17 [INFO] CrowdNavPyBulletEnv initializing...
07:44:20 [INFO] World ready | grid: (112, 112), res: 0.1, N=10, T=0.1
07:44:21 [INFO] [PROG] s*=0.00/2.94 (0.0%) dist_goal=2.89
07:44:21 [INFO] [MPC] state=(-3.74,+3.75,+4.67) wp0=(-3.75,+3.67) v=+0.200 ω=+0.142 ok=True iters=6
07:44:21 [INFO] [PROG] s*=0.00/2.94 (0.0%) dist_goal=2.87
07:44:21 [INFO] [MPC] state=(-3.74,+3.74,+4.63) wp0=(-3.75,+3.67) v=+0.200 ω=+0.292 ok=True iters=7
07:44:21 [INFO] [PROG] s*=0.02/2.94 (0.6%) dist_goal=2.85
07:44:21 [INFO] [MPC] state=(-3.74,+3.72,+4.63) wp0=(-3.75,+3.65) v=+0.200 ω=+0.279 ok=True iters=7
07:44:21 [INFO] [PROG] s*=0.04/2.94 (1.3%) dist_goal=2.83
07:44:21 [INFO] [MPC] state=(-3.74,+3.70,+4.65) wp0=(-3.75,+3.63) v=+0.200 ω=+0.213 ok=True iters=7
07:44:21 [INFO] [PROG] s*=0.06/2.94 (2.0%) dist_goal=2.81
07:44:21 [INFO] [MPC] state=(-3.74,+3.68,+4.67) wp0=(-3.75,+3.61) v=+0.200 ω=+0.164 ok=True iters=7
07:44:21 [INFO] [PROG] s*=0.08/2.94 (2.6%) dist_goal=2.79
07:44:21 [INFO] [MPC] state=(-3.74,+3.66,+4.68) wp0=(-3.75,+3.59) v=+0.200 ω=+0.119 ok=True iters=7
07:44:21 [INFO] [PROG] s*=0.10/2.94 (3.3%) dist_goal=2.77
07:44:21 [INFO] [MPC] state=(-3.74,+3.64,+4.69) wp0=(-3.75,+3.57) v=+0.200 ω=+0.079 ok=True iters=7
07:44:21 [INFO] [PROG] s*=0.12/2.94 (4.0%) dist_goal=2.75
07:44:21 [INFO] [MPC] state=(-3.74,+3.62,+4.70) wp0=(-3.75,+3.55) v=+0.200 ω=+0.054 ok=True iters=7
07:44:21 [INFO] [PROG] s*=0.14/2.94 (4.7%) dist_goal=2.73
07:44:21 [INFO] [MPC] state=(-3.74,+3.60,+4.70) wp0=(-3.75,+3.53) v=+0.200 ω=+0.037 ok=True iters=7
07:44:21 [INFO] [PROG] s*=0.16/2.94 (5.4%) dist_goal=2.71
07:44:21 [INFO] [MPC] state=(-3.74,+3.58,+4.70) wp0=(-3.75,+3.51) v=+0.200 ω=+0.026 ok=True iters=7
07:44:21 [INFO] [PROG] s*=0.18/2.94 (6.1%) dist_goal=2.69
07:44:21 [INFO] [MPC] state=(-3.74,+3.56,+4.71) wp0=(-3.75,+3.49) v=+0.200 ω=+0.002 ok=True iters=8
07:44:21 [INFO] [PROG] s*=0.20/2.94 (6.8%) dist_goal=2.67
07:44:21 [INFO] [MPC] state=(-3.74,+3.54,+4.71) wp0=(-3.75,+3.47) v=+0.200 ω=+0.017 ok=True iters=7
07:44:21 [INFO] [PROG] s*=0.22/2.94 (7.5%) dist_goal=2.65
07:44:21 [INFO] [MPC] state=(-3.74,+3.52,+4.71) wp0=(-3.75,+3.45) v=+0.200 ω=+0.011 ok=True iters=7
07:44:21 [INFO] [PROG] s*=0.24/2.94 (8.2%) dist_goal=2.63
07:44:21 [INFO] [MPC] state=(-3.74,+3.50,+4.71) wp0=(-3.75,+3.43) v=+0.200 ω=+0.006 ok=True iters=7
07:44:21 [INFO] [PROG] s*=0.26/2.94 (8.8%) dist_goal=2.61
07:44:21 [INFO] [MPC] state=(-3.74,+3.48,+4.71) wp0=(-3.75,+3.41) v=+0.200 ω=+0.003 ok=True iters=7
07:44:21 [INFO] [PROG] s*=0.28/2.94 (9.5%) dist_goal=2.59
07:44:21 [INFO] [MPC] state=(-3.74,+3.46,+4.71) wp0=(-3.75,+3.39) v=+0.200 ω=+0.001 ok=True iters=7
07:44:21 [INFO] [PROG] s*=0.30/2.94 (10.2%) dist_goal=2.57
07:44:21 [INFO] [MPC] state=(-3.74,+3.44,+4.71) wp0=(-3.75,+3.37) v=+0.200 ω=-0.001 ok=True iters=7
07:44:21 [INFO] [PROG] s*=0.32/2.94 (10.9%) dist_goal=2.55
07:44:21 [INFO] [MPC] state=(-3.74,+3.42,+4.71) wp0=(-3.75,+3.35) v=+0.200 ω=-0.002 ok=True iters=7
07:44:21 [INFO] [PROG] s*=0.34/2.94 (11.6%) dist_goal=2.53
07:44:21 [INFO] [MPC] state=(-3.74,+3.40,+4.71) wp0=(-3.75,+3.33) v=+0.200 ω=-0.002 ok=True iters=7
07:44:21 [INFO] [PROG] s*=0.36/2.94 (12.3%) dist_goal=2.51
07:44:21 [INFO] [MPC] state=(-3.74,+3.38,+4.71) wp0=(-3.75,+3.31) v=+0.200 ω=-0.003 ok=True iters=7
07:44:21 [INFO] [PROG] s*=0.38/2.94 (13.0%) dist_goal=2.49
07:44:21 [INFO] [MPC] state=(-3.74,+3.36,+4.71) wp0=(-3.75,+3.29) v=+0.200 ω=-0.003 ok=True iters=7
07:44:21 [INFO] [PROG] s*=0.40/2.94 (13.7%) dist_goal=2.47
07:44:21 [INFO] [MPC] state=(-3.74,+3.34,+4.71) wp0=(-3.75,+3.27) v=+0.200 ω=-0.003 ok=True iters=7
07:44:21 [INFO] [PROG] s*=0.42/2.94 (14.4%) dist_goal=2.45
07:44:21 [INFO] [MPC] state=(-3.74,+3.32,+4.71) wp0=(-3.75,+3.25) v=+0.200 ω=-0.004 ok=True iters=7
07:44:21 [INFO] [PROG] s*=0.44/2.94 (15.0%) dist_goal=2.43
07:44:21 [INFO] [MPC] state=(-3.74,+3.30,+4.71) wp0=(-3.75,+3.23) v=+0.200 ω=-0.004 ok=True iters=7
07:44:21 [INFO] [PROG] s*=0.46/2.94 (15.7%) dist_goal=2.41
07:44:21 [INFO] [MPC] state=(-3.74,+3.28,+4.71) wp0=(-3.75,+3.21) v=+0.200 ω=-0.003 ok=True iters=7
07:44:21 [INFO] [PROG] s*=0.48/2.94 (16.4%) dist_goal=2.39
07:44:21 [INFO] [MPC] state=(-3.74,+3.26,+4.71) wp0=(-3.75,+3.19) v=+0.200 ω=-0.004 ok=True iters=7
07:44:21 [INFO] [PROG] s*=0.50/2.94 (17.1%) dist_goal=2.37
07:44:21 [INFO] [MPC] state=(-3.74,+3.24,+4.71) wp0=(-3.75,+3.17) v=+0.200 ω=-0.004 ok=True iters=7
07:44:21 [INFO] [PROG] s*=0.52/2.94 (17.8%) dist_goal=2.35
07:44:21 [INFO] [MPC] state=(-3.74,+3.22,+4.71) wp0=(-3.75,+3.15) v=+0.200 ω=-0.003 ok=True iters=7
07:44:21 [INFO] [PROG] s*=0.54/2.94 (18.5%) dist_goal=2.33
07:44:21 [INFO] [MPC] state=(-3.74,+3.20,+4.71) wp0=(-3.75,+3.13) v=+0.200 ω=-0.004 ok=True iters=7
07:44:21 [INFO] [PROG] s*=0.56/2.94 (19.2%) dist_goal=2.31
07:44:21 [INFO] [MPC] state=(-3.74,+3.18,+4.71) wp0=(-3.75,+3.11) v=+0.200 ω=-0.004 ok=True iters=7
07:44:21 [INFO] [PROG] s*=0.58/2.94 (19.9%) dist_goal=2.29
07:44:21 [INFO] [MPC] state=(-3.74,+3.16,+4.71) wp0=(-3.75,+3.09) v=+0.200 ω=-0.003 ok=True iters=7
07:44:21 [INFO] [PROG] s*=0.60/2.94 (20.6%) dist_goal=2.27
07:44:21 [INFO] [MPC] state=(-3.74,+3.14,+4.71) wp0=(-3.75,+3.07) v=+0.200 ω=-0.003 ok=True iters=7
07:44:21 [INFO] [PROG] s*=0.62/2.94 (21.2%) dist_goal=2.25
07:44:21 [INFO] [MPC] state=(-3.74,+3.12,+4.71) wp0=(-3.75,+3.05) v=+0.200 ω=-0.003 ok=True iters=7
07:44:21 [INFO] [PROG] s*=0.65/2.94 (21.9%) dist_goal=2.23
07:44:21 [INFO] [MPC] state=(-3.74,+3.10,+4.71) wp0=(-3.75,+3.02) v=+0.200 ω=-0.003 ok=True iters=7
07:44:21 [INFO] [PROG] s*=0.67/2.94 (22.6%) dist_goal=2.21
07:44:21 [INFO] [MPC] state=(-3.74,+3.07,+4.71) wp0=(-3.75,+3.00) v=+0.200 ω=-0.003 ok=True iters=7
07:44:21 [INFO] [PROG] s*=0.69/2.94 (23.3%) dist_goal=2.19
07:44:21 [INFO] [MPC] state=(-3.74,+3.05,+4.71) wp0=(-3.75,+2.98) v=+0.200 ω=-0.003 ok=True iters=7
07:44:21 [INFO] [PROG] s*=0.71/2.94 (24.0%) dist_goal=2.17
07:44:21 [INFO] [MPC] state=(-3.74,+3.03,+4.71) wp0=(-3.75,+2.96) v=+0.200 ω=-0.003 ok=True iters=7
07:44:21 [INFO] [PROG] s*=0.73/2.94 (24.7%) dist_goal=2.15
07:44:21 [INFO] [MPC] state=(-3.74,+3.01,+4.71) wp0=(-3.75,+2.94) v=+0.200 ω=-0.003 ok=True iters=7
07:44:21 [INFO] [PROG] s*=0.75/2.94 (25.4%) dist_goal=2.13
07:44:21 [INFO] [MPC] state=(-3.74,+2.99,+4.71) wp0=(-3.75,+2.92) v=+0.200 ω=-0.003 ok=True iters=7
07:44:21 [INFO] [PROG] s*=0.77/2.94 (26.1%) dist_goal=2.11
07:44:21 [INFO] [MPC] state=(-3.74,+2.97,+4.71) wp0=(-3.75,+2.90) v=+0.200 ω=-0.003 ok=True iters=7
07:44:21 [INFO] [PROG] s*=0.79/2.94 (26.8%) dist_goal=2.09
07:44:21 [INFO] [MPC] state=(-3.74,+2.95,+4.71) wp0=(-3.75,+2.88) v=+0.200 ω=-0.003 ok=True iters=7
07:44:21 [INFO] [PROG] s*=0.81/2.94 (27.4%) dist_goal=2.07
07:44:21 [INFO] [MPC] state=(-3.74,+2.93,+4.71) wp0=(-3.75,+2.86) v=+0.200 ω=-0.004 ok=True iters=7
07:44:21 [INFO] [PROG] s*=0.83/2.94 (28.1%) dist_goal=2.05
07:44:21 [INFO] [MPC] state=(-3.74,+2.91,+4.71) wp0=(-3.75,+2.84) v=+0.200 ω=-0.003 ok=True iters=7
07:44:21 [INFO] [PROG] s*=0.85/2.94 (28.8%) dist_goal=2.03
07:44:21 [INFO] [MPC] state=(-3.74,+2.89,+4.71) wp0=(-3.75,+2.82) v=+0.200 ω=-0.003 ok=True iters=7
07:44:21 [INFO] [PROG] s*=0.87/2.94 (29.5%) dist_goal=2.00
07:44:21 [INFO] [MPC] state=(-3.74,+2.87,+4.71) wp0=(-3.75,+2.80) v=+0.200 ω=-0.003 ok=True iters=7
07:44:21 [INFO] [PROG] s*=0.89/2.94 (30.2%) dist_goal=1.98
07:44:21 [INFO] [MPC] state=(-3.74,+2.85,+4.71) wp0=(-3.75,+2.78) v=+0.200 ω=-0.003 ok=True iters=7
07:44:21 [INFO] [PROG] s*=0.91/2.94 (30.9%) dist_goal=1.96
07:44:21 [INFO] [MPC] state=(-3.74,+2.83,+4.71) wp0=(-3.75,+2.76) v=+0.200 ω=-0.003 ok=True iters=7
07:44:21 [INFO] [PROG] s*=0.93/2.94 (31.6%) dist_goal=1.94
07:44:21 [INFO] [MPC] state=(-3.74,+2.81,+4.71) wp0=(-3.75,+2.74) v=+0.200 ω=-0.004 ok=True iters=7
07:44:21 [INFO] [PROG] s*=0.95/2.94 (32.3%) dist_goal=1.92
07:44:21 [INFO] [MPC] state=(-3.74,+2.79,+4.71) wp0=(-3.75,+2.72) v=+0.200 ω=-0.003 ok=True iters=7
07:44:21 [INFO] [PROG] s*=0.97/2.94 (33.0%) dist_goal=1.90
07:44:21 [INFO] [MPC] state=(-3.74,+2.77,+4.71) wp0=(-3.75,+2.70) v=+0.200 ω=-0.003 ok=True iters=7
07:44:21 [INFO] [PROG] s*=0.99/2.94 (33.6%) dist_goal=1.88
07:44:21 [INFO] [MPC] state=(-3.74,+2.75,+4.71) wp0=(-3.75,+2.68) v=+0.200 ω=-0.003 ok=True iters=7
07:44:21 [INFO] [PROG] s*=1.01/2.94 (34.3%) dist_goal=1.86
07:44:21 [INFO] [MPC] state=(-3.74,+2.73,+4.71) wp0=(-3.75,+2.66) v=+0.200 ω=-0.003 ok=True iters=7
07:44:21 [INFO] [PROG] s*=1.03/2.94 (35.0%) dist_goal=1.84
07:44:21 [INFO] [MPC] state=(-3.74,+2.71,+4.71) wp0=(-3.75,+2.64) v=+0.200 ω=-0.003 ok=True iters=7
07:44:21 [INFO] [PROG] s*=1.05/2.94 (35.7%) dist_goal=1.82
07:44:21 [INFO] [MPC] state=(-3.74,+2.69,+4.71) wp0=(-3.75,+2.62) v=+0.200 ω=-0.003 ok=True iters=7
07:44:21 [INFO] [PROG] s*=1.07/2.94 (36.4%) dist_goal=1.80
07:44:21 [INFO] [MPC] state=(-3.74,+2.67,+4.71) wp0=(-3.75,+2.60) v=+0.200 ω=-0.003 ok=True iters=7
07:44:21 [INFO] [PROG] s*=1.09/2.94 (37.1%) dist_goal=1.78
07:44:21 [INFO] [MPC] state=(-3.74,+2.65,+4.71) wp0=(-3.75,+2.58) v=+0.200 ω=-0.003 ok=True iters=7
07:44:21 [INFO] [PROG] s*=1.11/2.94 (37.8%) dist_goal=1.76
07:44:21 [INFO] [MPC] state=(-3.74,+2.63,+4.71) wp0=(-3.75,+2.56) v=+0.200 ω=-0.003 ok=True iters=7
07:44:21 [INFO] [PROG] s*=1.13/2.94 (38.5%) dist_goal=1.74
07:44:21 [INFO] [MPC] state=(-3.74,+2.61,+4.71) wp0=(-3.75,+2.54) v=+0.200 ω=-0.003 ok=True iters=7
07:44:21 [INFO] [PROG] s*=1.15/2.94 (39.2%) dist_goal=1.72
07:44:21 [INFO] [MPC] state=(-3.74,+2.59,+4.71) wp0=(-3.75,+2.52) v=+0.200 ω=-0.003 ok=True iters=7
07:44:21 [INFO] [PROG] s*=1.17/2.94 (39.8%) dist_goal=1.70
07:44:21 [INFO] [MPC] state=(-3.74,+2.57,+4.71) wp0=(-3.75,+2.50) v=+0.200 ω=-0.003 ok=True iters=7
07:44:21 [INFO] [PROG] s*=1.19/2.94 (40.5%) dist_goal=1.68
07:44:21 [INFO] [MPC] state=(-3.74,+2.55,+4.71) wp0=(-3.75,+2.48) v=+0.200 ω=-0.003 ok=True iters=7
07:44:21 [INFO] [PROG] s*=1.21/2.94 (41.2%) dist_goal=1.66
07:44:21 [INFO] [MPC] state=(-3.74,+2.53,+4.71) wp0=(-3.75,+2.46) v=+0.200 ω=-0.003 ok=True iters=7
07:44:21 [INFO] [PROG] s*=1.23/2.94 (41.9%) dist_goal=1.64
07:44:21 [INFO] [MPC] state=(-3.74,+2.51,+4.71) wp0=(-3.75,+2.44) v=+0.200 ω=-0.003 ok=True iters=7
07:44:21 [INFO] [PROG] s*=1.25/2.94 (42.6%) dist_goal=1.62
07:44:21 [INFO] [MPC] state=(-3.74,+2.49,+4.71) wp0=(-3.75,+2.42) v=+0.200 ω=-0.003 ok=True iters=7
07:44:21 [INFO] [PROG] s*=1.27/2.94 (43.3%) dist_goal=1.60
07:44:21 [INFO] [MPC] state=(-3.74,+2.47,+4.71) wp0=(-3.75,+2.40) v=+0.200 ω=-0.003 ok=True iters=7
07:44:21 [INFO] [PROG] s*=1.29/2.94 (44.0%) dist_goal=1.58
07:44:21 [INFO] [MPC] state=(-3.74,+2.45,+4.71) wp0=(-3.75,+2.38) v=+0.200 ω=-0.003 ok=True iters=7
07:44:21 [INFO] [PROG] s*=1.31/2.94 (44.7%) dist_goal=1.56
07:44:21 [INFO] [MPC] state=(-3.74,+2.43,+4.71) wp0=(-3.75,+2.36) v=+0.200 ω=-0.003 ok=True iters=7
07:44:21 [INFO] [PROG] s*=1.33/2.94 (45.3%) dist_goal=1.54
07:44:21 [INFO] [MPC] state=(-3.74,+2.41,+4.71) wp0=(-3.75,+2.34) v=+0.200 ω=-0.003 ok=True iters=7
07:44:21 [INFO] [PROG] s*=1.35/2.94 (46.0%) dist_goal=1.52
07:44:21 [INFO] [MPC] state=(-3.74,+2.39,+4.71) wp0=(-3.75,+2.32) v=+0.200 ω=-0.003 ok=True iters=7
07:44:21 [INFO] [PROG] s*=1.37/2.94 (46.7%) dist_goal=1.50
07:44:21 [INFO] [MPC] state=(-3.74,+2.37,+4.71) wp0=(-3.75,+2.30) v=+0.200 ω=-0.003 ok=True iters=7
07:44:21 [INFO] [PROG] s*=1.39/2.94 (47.4%) dist_goal=1.48
07:44:21 [INFO] [MPC] state=(-3.74,+2.35,+4.71) wp0=(-3.75,+2.28) v=+0.200 ω=-0.003 ok=True iters=7
07:44:21 [INFO] [PROG] s*=1.41/2.94 (48.1%) dist_goal=1.46
07:44:21 [INFO] [MPC] state=(-3.74,+2.33,+4.71) wp0=(-3.75,+2.26) v=+0.200 ω=-0.003 ok=True iters=7
07:44:21 [INFO] [PROG] s*=1.44/2.94 (48.8%) dist_goal=1.44
07:44:21 [INFO] [MPC] state=(-3.74,+2.31,+4.71) wp0=(-3.75,+2.23) v=+0.200 ω=-0.003 ok=True iters=7
07:44:21 [INFO] [PROG] s*=1.46/2.94 (49.5%) dist_goal=1.42
07:44:21 [INFO] [MPC] state=(-3.74,+2.28,+4.71) wp0=(-3.75,+2.21) v=+0.200 ω=-0.003 ok=True iters=7
07:44:21 [INFO] [PROG] s*=1.48/2.94 (50.2%) dist_goal=1.40
07:44:21 [INFO] [MPC] state=(-3.74,+2.26,+4.71) wp0=(-3.75,+2.19) v=+0.200 ω=-0.003 ok=True iters=7
07:44:21 [INFO] [PROG] s*=1.50/2.94 (50.9%) dist_goal=1.38
07:44:21 [INFO] [MPC] state=(-3.74,+2.24,+4.71) wp0=(-3.75,+2.17) v=+0.200 ω=-0.003 ok=True iters=7
07:44:21 [INFO] [PROG] s*=1.52/2.94 (51.5%) dist_goal=1.36
07:44:21 [INFO] [MPC] state=(-3.74,+2.22,+4.71) wp0=(-3.75,+2.15) v=+0.200 ω=-0.003 ok=True iters=7
07:44:21 [INFO] [PROG] s*=1.54/2.94 (52.2%) dist_goal=1.34
07:44:21 [INFO] [MPC] state=(-3.74,+2.20,+4.71) wp0=(-3.75,+2.13) v=+0.200 ω=-0.003 ok=True iters=7
07:44:21 [INFO] [PROG] s*=1.56/2.94 (52.9%) dist_goal=1.32
07:44:21 [INFO] [MPC] state=(-3.74,+2.18,+4.71) wp0=(-3.75,+2.11) v=+0.200 ω=-0.003 ok=True iters=7
07:44:21 [INFO] [PROG] s*=1.58/2.94 (53.6%) dist_goal=1.30
07:44:21 [INFO] [MPC] state=(-3.74,+2.16,+4.71) wp0=(-3.75,+2.09) v=+0.200 ω=-0.003 ok=True iters=7
07:44:21 [INFO] [PROG] s*=1.60/2.94 (54.3%) dist_goal=1.28
07:44:21 [INFO] [MPC] state=(-3.74,+2.14,+4.71) wp0=(-3.75,+2.07) v=+0.200 ω=-0.003 ok=True iters=7
07:44:21 [INFO] [PROG] s*=1.62/2.94 (55.0%) dist_goal=1.26
07:44:21 [INFO] [MPC] state=(-3.74,+2.12,+4.71) wp0=(-3.75,+2.05) v=+0.200 ω=-0.003 ok=True iters=7
07:44:21 [INFO] [PROG] s*=1.64/2.94 (55.7%) dist_goal=1.24
07:44:21 [INFO] [MPC] state=(-3.74,+2.10,+4.71) wp0=(-3.75,+2.03) v=+0.200 ω=-0.003 ok=True iters=7
07:44:21 [INFO] [PROG] s*=1.66/2.94 (56.4%) dist_goal=1.22
07:44:21 [INFO] [MPC] state=(-3.74,+2.08,+4.71) wp0=(-3.75,+2.01) v=+0.200 ω=-0.003 ok=True iters=7
07:44:21 [INFO] [PROG] s*=1.68/2.94 (57.1%) dist_goal=1.20
07:44:21 [INFO] [MPC] state=(-3.74,+2.06,+4.71) wp0=(-3.75,+1.99) v=+0.200 ω=-0.003 ok=True iters=7
07:44:21 [INFO] [PROG] s*=1.70/2.94 (57.7%) dist_goal=1.18
07:44:21 [INFO] [MPC] state=(-3.74,+2.04,+4.71) wp0=(-3.75,+1.97) v=+0.200 ω=-0.003 ok=True iters=7
07:44:21 [INFO] [PROG] s*=1.72/2.94 (58.4%) dist_goal=1.16
07:44:21 [INFO] [MPC] state=(-3.74,+2.02,+4.71) wp0=(-3.75,+1.95) v=+0.200 ω=-0.003 ok=True iters=7
07:44:21 [INFO] [PROG] s*=1.74/2.94 (59.1%) dist_goal=1.14
07:44:21 [INFO] [MPC] state=(-3.74,+2.00,+4.71) wp0=(-3.75,+1.93) v=+0.200 ω=-0.003 ok=True iters=7
07:44:21 [INFO] [PROG] s*=1.76/2.94 (59.8%) dist_goal=1.12
07:44:21 [INFO] [MPC] state=(-3.74,+1.98,+4.71) wp0=(-3.75,+1.91) v=+0.200 ω=-0.003 ok=True iters=7
07:44:21 [INFO] [PROG] s*=1.78/2.94 (60.5%) dist_goal=1.10
07:44:21 [INFO] [MPC] state=(-3.74,+1.96,+4.71) wp0=(-3.75,+1.89) v=+0.200 ω=-0.003 ok=True iters=7
07:44:21 [INFO] [PROG] s*=1.80/2.94 (61.2%) dist_goal=1.08
07:44:21 [INFO] [MPC] state=(-3.74,+1.94,+4.71) wp0=(-3.75,+1.87) v=+0.200 ω=-0.003 ok=True iters=7
07:44:21 [INFO] [PROG] s*=1.82/2.94 (61.9%) dist_goal=1.06
07:44:21 [INFO] [MPC] state=(-3.74,+1.92,+4.71) wp0=(-3.75,+1.85) v=+0.200 ω=-0.003 ok=True iters=7
07:44:21 [INFO] [PROG] s*=1.84/2.94 (62.6%) dist_goal=1.04
07:44:21 [INFO] [MPC] state=(-3.74,+1.90,+4.71) wp0=(-3.75,+1.83) v=+0.200 ω=-0.003 ok=True iters=7
07:44:21 [INFO] [PROG] s*=1.86/2.94 (63.2%) dist_goal=1.02
07:44:21 [INFO] [MPC] state=(-3.74,+1.88,+4.71) wp0=(-3.75,+1.81) v=+0.200 ω=-0.003 ok=True iters=7
07:44:21 [INFO] [PROG] s*=1.88/2.94 (63.9%) dist_goal=1.00
07:44:21 [INFO] [MPC] state=(-3.74,+1.86,+4.71) wp0=(-3.75,+1.79) v=+0.200 ω=-0.003 ok=True iters=7
07:44:21 [INFO] [PROG] s*=1.90/2.94 (64.6%) dist_goal=0.97
07:44:21 [INFO] [MPC] state=(-3.74,+1.84,+4.71) wp0=(-3.75,+1.77) v=+0.200 ω=-0.003 ok=True iters=7
07:44:21 [INFO] [PROG] s*=1.92/2.94 (65.3%) dist_goal=0.95
07:44:21 [INFO] [MPC] state=(-3.74,+1.82,+4.71) wp0=(-3.75,+1.75) v=+0.200 ω=-0.003 ok=True iters=7
07:44:21 [INFO] [PROG] s*=1.94/2.94 (66.0%) dist_goal=0.93
07:44:21 [INFO] [MPC] state=(-3.74,+1.80,+4.71) wp0=(-3.75,+1.73) v=+0.200 ω=-0.003 ok=True iters=7
07:44:21 [INFO] [PROG] s*=1.96/2.94 (66.7%) dist_goal=0.91
07:44:21 [INFO] [MPC] state=(-3.74,+1.78,+4.71) wp0=(-3.75,+1.71) v=+0.200 ω=-0.003 ok=True iters=7
07:44:21 [INFO] [PROG] s*=1.98/2.94 (67.4%) dist_goal=0.89
07:44:21 [INFO] [MPC] state=(-3.74,+1.76,+4.71) wp0=(-3.75,+1.69) v=+0.200 ω=-0.003 ok=True iters=7
07:44:21 [INFO] [PROG] s*=2.00/2.94 (68.1%) dist_goal=0.87
07:44:21 [INFO] [MPC] state=(-3.74,+1.74,+4.71) wp0=(-3.75,+1.67) v=+0.200 ω=-0.003 ok=True iters=7
07:44:21 [INFO] [PROG] s*=2.02/2.94 (68.8%) dist_goal=0.85
07:44:21 [INFO] [MPC] state=(-3.74,+1.72,+4.71) wp0=(-3.75,+1.65) v=+0.200 ω=-0.003 ok=True iters=7
07:44:21 [INFO] [PROG] s*=2.04/2.94 (69.4%) dist_goal=0.83
07:44:21 [INFO] [MPC] state=(-3.74,+1.70,+4.71) wp0=(-3.75,+1.63) v=+0.200 ω=-0.003 ok=True iters=7
07:44:21 [INFO] [PROG] s*=2.06/2.94 (70.1%) dist_goal=0.81
07:44:21 [INFO] [MPC] state=(-3.74,+1.68,+4.71) wp0=(-3.75,+1.61) v=+0.200 ω=-0.003 ok=True iters=7
07:44:21 [INFO] [PROG] s*=2.08/2.94 (70.8%) dist_goal=0.79
07:44:21 [INFO] [MPC] state=(-3.74,+1.66,+4.71) wp0=(-3.75,+1.59) v=+0.200 ω=-0.003 ok=True iters=7
07:44:21 [INFO] [PROG] s*=2.10/2.94 (71.5%) dist_goal=0.77
07:44:21 [INFO] [MPC] state=(-3.74,+1.64,+4.71) wp0=(-3.75,+1.57) v=+0.198 ω=-0.003 ok=True iters=7
07:44:21 [INFO] [PROG] s*=2.12/2.94 (72.2%) dist_goal=0.75
07:44:21 [INFO] [MPC] state=(-3.74,+1.62,+4.71) wp0=(-3.75,+1.55) v=+0.194 ω=-0.003 ok=True iters=7
07:44:21 [INFO] [PROG] s*=2.14/2.94 (72.8%) dist_goal=0.74
07:44:21 [INFO] [MPC] state=(-3.74,+1.60,+4.71) wp0=(-3.75,+1.53) v=+0.189 ω=-0.003 ok=True iters=7
07:44:21 [INFO] [PROG] s*=2.16/2.94 (73.5%) dist_goal=0.72
07:44:21 [INFO] [MPC] state=(-3.74,+1.58,+4.71) wp0=(-3.75,+1.51) v=+0.184 ω=-0.003 ok=True iters=7
07:44:21 [INFO] [PROG] s*=2.18/2.94 (74.1%) dist_goal=0.70
07:44:21 [INFO] [MPC] state=(-3.74,+1.56,+4.71) wp0=(-3.75,+1.49) v=+0.179 ω=-0.003 ok=True iters=7
07:44:21 [INFO] [PROG] s*=2.20/2.94 (74.7%) dist_goal=0.68
07:44:21 [INFO] [MPC] state=(-3.74,+1.54,+4.71) wp0=(-3.75,+1.47) v=+0.175 ω=-0.003 ok=True iters=7
07:44:21 [INFO] [PROG] s*=2.21/2.94 (75.3%) dist_goal=0.66
07:44:21 [INFO] [MPC] state=(-3.74,+1.52,+4.71) wp0=(-3.75,+1.46) v=+0.170 ω=-0.003 ok=True iters=7
07:44:21 [INFO] [PROG] s*=2.23/2.94 (75.8%) dist_goal=0.65
07:44:21 [INFO] [MPC] state=(-3.74,+1.51,+4.71) wp0=(-3.75,+1.44) v=+0.166 ω=-0.003 ok=True iters=8
07:44:21 [INFO] [PROG] s*=2.25/2.94 (76.4%) dist_goal=0.63
07:44:21 [INFO] [MPC] state=(-3.74,+1.49,+4.71) wp0=(-3.75,+1.42) v=+0.162 ω=-0.003 ok=True iters=8
07:44:21 [INFO] [PROG] s*=2.26/2.94 (76.9%) dist_goal=0.62
07:44:21 [INFO] [MPC] state=(-3.74,+1.47,+4.71) wp0=(-3.75,+1.41) v=+0.158 ω=-0.003 ok=True iters=8
07:44:21 [INFO] [PROG] s*=2.28/2.94 (77.5%) dist_goal=0.60
07:44:21 [INFO] [MPC] state=(-3.74,+1.46,+4.71) wp0=(-3.75,+1.39) v=+0.154 ω=-0.002 ok=True iters=8
07:44:21 [INFO] [PROG] s*=2.29/2.94 (78.0%) dist_goal=0.59
07:44:21 [INFO] [MPC] state=(-3.74,+1.44,+4.71) wp0=(-3.75,+1.38) v=+0.150 ω=-0.002 ok=True iters=8
07:44:21 [INFO] [PROG] s*=2.31/2.94 (78.5%) dist_goal=0.57
07:44:21 [INFO] [MPC] state=(-3.74,+1.43,+4.71) wp0=(-3.75,+1.36) v=+0.146 ω=-0.002 ok=True iters=8
07:44:21 [INFO] [PROG] s*=2.32/2.94 (79.0%) dist_goal=0.56
07:44:21 [INFO] [MPC] state=(-3.74,+1.41,+4.71) wp0=(-3.75,+1.35) v=+0.143 ω=-0.002 ok=True iters=8
07:44:21 [INFO] [PROG] s*=2.34/2.94 (79.5%) dist_goal=0.54
07:44:21 [INFO] [MPC] state=(-3.74,+1.40,+4.71) wp0=(-3.75,+1.33) v=+0.139 ω=-0.004 ok=True iters=8
07:44:21 [INFO] [PROG] s*=2.35/2.94 (79.9%) dist_goal=0.53
07:44:21 [INFO] [MPC] state=(-3.74,+1.38,+4.71) wp0=(-3.75,+1.32) v=+0.136 ω=-0.010 ok=True iters=8
07:44:21 [INFO] [PROG] s*=2.36/2.94 (80.4%) dist_goal=0.52
07:44:21 [INFO] [MPC] state=(-3.74,+1.37,+4.71) wp0=(-3.75,+1.31) v=+0.132 ω=-0.013 ok=True iters=9
07:44:21 [INFO] [PROG] s*=2.38/2.94 (80.8%) dist_goal=0.50
07:44:21 [INFO] [MPC] state=(-3.74,+1.36,+4.71) wp0=(-3.75,+1.29) v=+0.129 ω=-0.015 ok=True iters=7
07:44:21 [INFO] [PROG] s*=2.39/2.94 (81.3%) dist_goal=0.49
07:44:21 [INFO] [MPC] state=(-3.74,+1.34,+4.71) wp0=(-3.75,+1.28) v=+0.126 ω=-0.018 ok=True iters=7
07:44:21 [INFO] [PROG] s*=2.40/2.94 (81.7%) dist_goal=0.48
07:44:21 [INFO] [MPC] state=(-3.74,+1.33,+4.71) wp0=(-3.75,+1.27) v=+0.123 ω=-0.020 ok=True iters=7
07:44:21 [INFO] [PROG] s*=2.41/2.94 (82.1%) dist_goal=0.47
07:44:21 [INFO] [MPC] state=(-3.74,+1.32,+4.71) wp0=(-3.75,+1.26) v=+0.120 ω=-0.020 ok=True iters=7
07:44:21 [INFO] [PROG] s*=2.43/2.94 (82.5%) dist_goal=0.46
07:44:21 [INFO] [MPC] state=(-3.74,+1.31,+4.70) wp0=(-3.75,+1.24) v=+0.117 ω=-0.022 ok=True iters=7
07:44:21 [INFO] [PROG] s*=2.44/2.94 (82.9%) dist_goal=0.44
07:44:21 [INFO] [MPC] state=(-3.74,+1.29,+4.70) wp0=(-3.75,+1.23) v=+0.114 ω=-0.023 ok=True iters=7
07:44:21 [INFO] [PROG] s*=2.45/2.94 (83.3%) dist_goal=0.43
07:44:21 [INFO] [MPC] state=(-3.74,+1.28,+4.70) wp0=(-3.75,+1.22) v=+0.111 ω=-0.023 ok=True iters=7
07:44:21 [INFO] [PROG] s*=2.46/2.94 (83.6%) dist_goal=0.42
07:44:21 [INFO] [MPC] state=(-3.74,+1.27,+4.70) wp0=(-3.75,+1.21) v=+0.108 ω=-0.023 ok=True iters=7
07:44:21 [INFO] [PROG] s*=2.47/2.94 (84.0%) dist_goal=0.41
07:44:21 [INFO] [MPC] state=(-3.74,+1.26,+4.70) wp0=(-3.75,+1.20) v=+0.106 ω=-0.023 ok=True iters=7
07:44:21 [INFO] [PROG] s*=2.48/2.94 (84.3%) dist_goal=0.40
07:44:21 [INFO] [MPC] state=(-3.74,+1.25,+4.69) wp0=(-3.75,+1.19) v=+0.103 ω=-0.016 ok=True iters=7
07:44:21 [INFO] [PROG] s*=2.49/2.94 (84.7%) dist_goal=0.39
07:44:21 [INFO] [MPC] state=(-3.75,+1.24,+4.69) wp0=(-3.75,+1.18) v=+0.101 ω=-0.011 ok=True iters=7
07:44:21 [INFO] [PROG] s*=2.50/2.94 (85.0%) dist_goal=0.38
07:44:21 [INFO] [MPC] state=(-3.75,+1.23,+4.69) wp0=(-3.75,+1.17) v=+0.098 ω=-0.007 ok=True iters=7
07:44:21 [INFO] [PROG] s*=2.51/2.94 (85.4%) dist_goal=0.37
07:44:21 [INFO] [MPC] state=(-3.75,+1.22,+4.69) wp0=(-3.75,+1.16) v=+0.096 ω=-0.004 ok=True iters=7
07:44:21 [INFO] [PROG] s*=2.52/2.94 (85.7%) dist_goal=0.37
07:44:21 [INFO] [MPC] state=(-3.75,+1.21,+4.69) wp0=(-3.75,+1.15) v=+0.094 ω=-0.002 ok=True iters=7
07:44:22 [INFO] [PROG] s*=2.53/2.94 (86.0%) dist_goal=0.36
07:44:22 [INFO] [MPC] state=(-3.75,+1.20,+4.69) wp0=(-3.75,+1.14) v=+0.091 ω=-0.001 ok=True iters=7
07:44:22 [INFO] [PROG] s*=2.54/2.94 (86.3%) dist_goal=0.35
07:44:22 [INFO] [MPC] state=(-3.75,+1.19,+4.69) wp0=(-3.75,+1.13) v=+0.089 ω=-0.000 ok=True iters=7
07:44:22 [INFO] [PROG] s*=2.55/2.94 (86.6%) dist_goal=0.34
07:44:22 [INFO] [MPC] state=(-3.75,+1.18,+4.69) wp0=(-3.75,+1.12) v=+0.087 ω=+0.000 ok=True iters=7
07:44:22 [INFO] [PROG] s*=2.56/2.94 (86.9%) dist_goal=0.33
07:44:22 [INFO] [MPC] state=(-3.75,+1.17,+4.69) wp0=(-3.75,+1.11) v=+0.085 ω=+0.001 ok=True iters=7
07:44:22 [INFO] [PROG] s*=2.56/2.94 (87.2%) dist_goal=0.32
07:44:22 [INFO] [MPC] state=(-3.75,+1.16,+4.69) wp0=(-3.75,+1.11) v=+0.083 ω=+0.000 ok=True iters=7
07:44:22 [INFO] [PROG] s*=2.57/2.94 (87.4%) dist_goal=0.32
07:44:22 [INFO] [MPC] state=(-3.75,+1.16,+4.69) wp0=(-3.75,+1.10) v=+0.081 ω=+0.000 ok=True iters=7
07:44:22 [INFO] [PROG] s*=2.58/2.94 (87.7%) dist_goal=0.31
07:44:22 [INFO] [MPC] state=(-3.75,+1.15,+4.69) wp0=(-3.75,+1.09) v=+0.079 ω=+0.001 ok=True iters=7
07:44:22 [INFO] [PROG] s*=2.59/2.94 (88.0%) dist_goal=0.30
07:44:22 [INFO] [MPC] state=(-3.75,+1.14,+4.69) wp0=(-3.75,+1.08) v=+0.077 ω=+0.001 ok=True iters=7
07:44:22 [INFO] [PROG] s*=2.59/2.94 (88.2%) dist_goal=0.29
07:44:22 [INFO] [MPC] state=(-3.75,+1.13,+4.69) wp0=(-3.75,+1.08) v=+0.075 ω=+0.001 ok=True iters=7
07:44:22 [INFO] [PROG] s*=2.60/2.94 (88.5%) dist_goal=0.29
07:44:22 [INFO] [MPC] state=(-3.75,+1.13,+4.69) wp0=(-3.75,+1.07) v=+0.073 ω=+0.001 ok=True iters=7
07:44:22 [INFO] [PROG] s*=2.61/2.94 (88.7%) dist_goal=0.28
07:44:22 [INFO] [MPC] state=(-3.75,+1.12,+4.69) wp0=(-3.75,+1.06) v=+0.072 ω=+0.001 ok=True iters=7
07:44:22 [INFO] [PROG] s*=2.62/2.94 (88.9%) dist_goal=0.27
07:44:22 [INFO] [MPC] state=(-3.75,+1.11,+4.69) wp0=(-3.75,+1.05) v=+0.070 ω=+0.001 ok=True iters=7
07:44:22 [INFO] [PROG] s*=2.62/2.94 (89.2%) dist_goal=0.27
07:44:22 [INFO] [MPC] state=(-3.75,+1.10,+4.69) wp0=(-3.75,+1.05) v=+0.068 ω=+0.000 ok=True iters=7
07:44:22 [INFO] [PROG] s*=2.63/2.94 (89.4%) dist_goal=0.26
07:44:22 [INFO] [MPC] state=(-3.75,+1.10,+4.69) wp0=(-3.75,+1.04) v=+0.067 ω=+0.000 ok=True iters=7
07:44:22 [INFO] [PROG] s*=2.64/2.94 (89.6%) dist_goal=0.26
07:44:22 [INFO] [MPC] state=(-3.75,+1.09,+4.69) wp0=(-3.75,+1.03) v=+0.065 ω=+0.000 ok=True iters=8
07:44:22 [INFO] [PROG] s*=2.64/2.94 (89.8%) dist_goal=0.25
07:44:22 [INFO] [MPC] state=(-3.75,+1.08,+4.69) wp0=(-3.75,+1.03) v=+0.064 ω=+0.000 ok=True iters=8
07:44:22 [INFO] [PROG] s*=2.65/2.94 (90.0%) dist_goal=0.24
07:44:22 [INFO] [MPC] state=(-3.75,+1.08,+4.69) wp0=(-3.75,+1.02) v=+0.062 ω=+0.000 ok=True iters=8
07:44:22 [INFO] [PROG] s*=2.65/2.94 (90.2%) dist_goal=0.24
07:44:22 [INFO] [MPC] state=(-3.75,+1.07,+4.69) wp0=(-3.75,+1.02) v=+0.061 ω=+0.000 ok=True iters=8
07:44:22 [INFO] [PROG] s*=2.66/2.94 (90.4%) dist_goal=0.23
07:44:22 [INFO] [MPC] state=(-3.75,+1.07,+4.69) wp0=(-3.75,+1.01) v=+0.059 ω=-0.303 ok=True iters=8
07:44:22 [INFO] [PROG] s*=2.67/2.94 (90.7%) dist_goal=0.23
07:44:22 [INFO] [MPC] state=(-3.75,+1.06,+4.66) wp0=(-3.75,+1.00) v=+0.058 ω=-0.562 ok=True iters=8
07:44:22 [INFO] [PROG] s*=2.67/2.94 (90.8%) dist_goal=0.22
07:44:22 [INFO] [MPC] state=(-3.75,+1.05,+4.60) wp0=(-3.75,+1.00) v=+0.057 ω=-0.791 ok=True iters=8
07:44:22 [INFO] [PROG] s*=2.68/2.94 (91.0%) dist_goal=0.22
07:44:22 [INFO] [MPC] state=(-3.75,+1.05,+4.52) wp0=(-3.75,+0.99) v=+0.055 ω=-0.951 ok=True iters=9
07:44:22 [INFO] [PROG] s*=2.68/2.94 (91.2%) dist_goal=0.21
07:44:22 [INFO] [MPC] state=(-3.75,+1.04,+4.42) wp0=(-3.75,+0.99) v=+0.054 ω=-1.033 ok=True iters=9
07:44:22 [INFO] [PROG] s*=2.69/2.94 (91.4%) dist_goal=0.20
07:44:22 [INFO] [MPC] state=(-3.75,+1.04,+4.32) wp0=(-3.75,+0.98) v=+0.052 ω=-0.883 ok=True iters=9
07:44:22 [INFO] [PROG] s*=2.69/2.94 (91.5%) dist_goal=0.20
07:44:22 [INFO] [MPC] state=(-3.76,+1.03,+4.23) wp0=(-3.75,+0.98) v=+0.051 ω=-0.679 ok=True iters=10
07:44:22 [INFO] [PROG] s*=2.70/2.94 (91.7%) dist_goal=0.19
07:44:22 [INFO] [MPC] state=(-3.76,+1.03,+4.16) wp0=(-3.75,+0.97) v=+0.050 ω=-0.539 ok=True iters=10
07:44:22 [INFO] [PROG] s*=2.70/2.94 (91.8%) dist_goal=0.19
07:44:22 [INFO] [MPC] state=(-3.76,+1.02,+4.11) wp0=(-3.75,+0.97) v=+0.048 ω=-0.446 ok=True iters=10
07:44:22 [INFO] [PROG] s*=2.71/2.94 (92.0%) dist_goal=0.18
07:44:22 [INFO] [MPC] state=(-3.77,+1.02,+4.06) wp0=(-3.75,+0.96) v=+0.047 ω=-0.382 ok=True iters=10
07:44:22 [INFO] [PROG] s*=2.71/2.94 (92.1%) dist_goal=0.18
07:44:22 [INFO] [MPC] state=(-3.77,+1.01,+4.02) wp0=(-3.75,+0.96) v=+0.046 ω=-0.272 ok=True iters=10
07:44:22 [INFO] [PROG] s*=2.71/2.94 (92.2%) dist_goal=0.17
07:44:22 [INFO] [MPC] state=(-3.77,+1.01,+4.00) wp0=(-3.75,+0.96) v=+0.045 ω=-0.180 ok=True iters=10
07:44:22 [INFO] [PROG] s*=2.72/2.94 (92.3%) dist_goal=0.17
07:44:22 [INFO] [MPC] state=(-3.78,+1.01,+3.98) wp0=(-3.75,+0.95) v=+0.044 ω=-0.120 ok=True iters=10
07:44:22 [INFO] [PROG] s*=2.72/2.94 (92.4%) dist_goal=0.17
07:44:22 [INFO] [MPC] state=(-3.78,+1.00,+3.97) wp0=(-3.75,+0.95) v=+0.043 ω=-0.080 ok=True iters=10
07:44:22 [INFO] [PROG] s*=2.72/2.94 (92.5%) dist_goal=0.16
07:44:22 [INFO] [MPC] state=(-3.78,+1.00,+3.96) wp0=(-3.75,+0.95) v=+0.042 ω=-0.054 ok=True iters=10
07:44:22 [INFO] [PROG] s*=2.72/2.94 (92.6%) dist_goal=0.16
07:44:22 [INFO] [MPC] state=(-3.78,+1.00,+3.95) wp0=(-3.75,+0.95) v=+0.041 ω=-0.037 ok=True iters=10
07:44:22 [INFO] [PROG] s*=2.73/2.94 (92.7%) dist_goal=0.15
07:44:22 [INFO] [MPC] state=(-3.79,+1.00,+3.95) wp0=(-3.76,+0.94) v=+0.040 ω=-0.026 ok=True iters=11
07:44:22 [INFO] [PROG] s*=2.73/2.94 (92.8%) dist_goal=0.15
07:44:22 [INFO] [MPC] state=(-3.79,+0.99,+3.95) wp0=(-3.76,+0.94) v=+0.039 ω=-0.019 ok=True iters=11
07:44:22 [INFO] [PROG] s*=2.73/2.94 (92.9%) dist_goal=0.15
07:44:22 [INFO] [MPC] state=(-3.79,+0.99,+3.94) wp0=(-3.76,+0.94) v=+0.038 ω=-0.014 ok=True iters=10
07:44:22 [INFO] [PROG] s*=2.74/2.94 (93.0%) dist_goal=0.14
07:44:22 [INFO] [MPC] state=(-3.80,+0.99,+3.94) wp0=(-3.76,+0.94) v=+0.037 ω=-0.011 ok=True iters=10
07:44:22 [INFO] [PROG] s*=2.74/2.94 (93.1%) dist_goal=0.14
07:44:22 [INFO] [MPC] state=(-3.80,+0.98,+3.94) wp0=(-3.76,+0.94) v=+0.036 ω=-0.008 ok=True iters=9
07:44:22 [INFO] [PROG] s*=2.74/2.94 (93.2%) dist_goal=0.14
07:44:22 [INFO] [MPC] state=(-3.80,+0.98,+3.94) wp0=(-3.76,+0.94) v=+0.035 ω=-0.008 ok=True iters=9
07:44:22 [INFO] [PROG] s*=2.74/2.94 (93.3%) dist_goal=0.13
07:44:22 [INFO] [MPC] state=(-3.80,+0.98,+3.94) wp0=(-3.77,+0.93) v=+0.034 ω=-0.006 ok=True iters=9
07:44:22 [INFO] [PROG] s*=2.75/2.94 (93.3%) dist_goal=0.13
07:44:22 [INFO] [MPC] state=(-3.81,+0.98,+3.94) wp0=(-3.77,+0.93) v=+0.034 ω=-0.006 ok=True iters=9
07:44:22 [INFO] [PROG] s*=2.80/2.94 (95.1%) dist_goal=0.13
07:44:22 [INFO] [MPC] state=(-3.81,+0.97,+3.94) wp0=(-3.80,+0.90) v=+0.033 ω=-0.005 ok=True iters=9
07:44:22 [INFO] [PROG] s*=2.80/2.94 (95.2%) dist_goal=0.13
07:44:22 [INFO] [MPC] state=(-3.81,+0.97,+3.94) wp0=(-3.81,+0.89) v=+0.032 ω=-0.005 ok=True iters=9
07:44:22 [INFO] [PROG] s*=2.80/2.94 (95.3%) dist_goal=0.12
07:44:22 [INFO] [MPC] state=(-3.81,+0.97,+3.94) wp0=(-3.81,+0.89) v=+0.031 ω=-0.005 ok=True iters=9
07:44:22 [INFO] [PROG] s*=2.81/2.94 (95.4%) dist_goal=0.12
07:44:22 [INFO] [MPC] state=(-3.81,+0.97,+3.94) wp0=(-3.81,+0.89) v=+0.031 ω=-0.005 ok=True iters=9
07:44:22 [INFO] [PROG] s*=2.81/2.94 (95.5%) dist_goal=0.12
07:44:22 [INFO] [MPC] state=(-3.82,+0.97,+3.94) wp0=(-3.81,+0.89) v=+0.030 ω=-0.004 ok=True iters=5
07:44:22 [INFO] [PROG] s*=2.81/2.94 (95.6%) dist_goal=0.11
07:44:22 [INFO] [MPC] state=(-3.82,+0.96,+3.94) wp0=(-3.82,+0.88) v=+0.030 ω=-0.004 ok=True iters=5
07:44:22 [INFO] [PROG] s*=2.82/2.94 (95.7%) dist_goal=0.11
07:44:22 [INFO] [MPC] state=(-3.82,+0.96,+3.94) wp0=(-3.82,+0.88) v=+0.030 ω=-0.003 ok=True iters=5
07:44:22 [INFO] [PROG] s*=2.82/2.94 (95.8%) dist_goal=0.11
07:44:22 [INFO] [MPC] state=(-3.82,+0.96,+3.94) wp0=(-3.82,+0.88) v=+0.030 ω=-0.003 ok=True iters=5
07:44:22 [INFO] [PROG] s*=2.82/2.94 (95.9%) dist_goal=0.11
07:44:22 [INFO] [MPC] state=(-3.83,+0.96,+3.94) wp0=(-3.82,+0.88) v=+0.030 ω=-0.002 ok=True iters=5
07:44:22 [INFO] [PROG] s*=2.82/2.94 (96.0%) dist_goal=0.10
07:44:22 [INFO] [MPC] state=(-3.83,+0.95,+3.94) wp0=(-3.82,+0.88) v=+0.030 ω=-0.002 ok=True iters=5
07:44:22 [INFO] [PROG] s*=2.83/2.94 (96.1%) dist_goal=0.10
07:44:22 [INFO] [MPC] state=(-3.83,+0.95,+3.94) wp0=(-3.83,+0.87) v=+0.030 ω=-0.002 ok=True iters=5
07:44:22 [INFO] [PROG] s*=2.83/2.94 (96.2%) dist_goal=0.10
07:44:22 [INFO] [MPC] state=(-3.83,+0.95,+3.94) wp0=(-3.83,+0.87) v=+0.030 ω=-0.002 ok=True iters=5
