14:16:25 [INFO] === New MPC Session Started ===
14:16:25 [DEBUG] matplotlib data path: /usr/share/matplotlib/mpl-data
14:16:25 [DEBUG] CONFIGDIR=/home/max/.config/matplotlib
14:16:25 [DEBUG] interactive is False
14:16:25 [DEBUG] platform is linux
14:16:25 [DEBUG] loaded modules: ['sys', 'builtins', '_frozen_importlib', '_imp', '_thread', '_warnings', '_weakref', '_io', 'marshal', 'posix', '_frozen_importlib_external', 'time', 'zipimport', '_codecs', 'codecs', 'encodings.aliases', 'encodings', 'encodings.utf_8', '_signal', '_abc', 'abc', 'io', '__main__', '_stat', 'stat', '_collections_abc', 'genericpath', 'posixpath', 'os.path', 'os', '_sitebuiltins', 'types', 'importlib._bootstrap', 'importlib._bootstrap_external', 'warnings', 'importlib', 'importlib._abc', 'itertools', 'keyword', '_operator', 'operator', 'reprlib', '_collections', 'collections', '_functools', 'functools', 'contextlib', 'importlib.util', 'importlib.machinery', 'mpl_toolkits', 'phply', 'ruamel', 'zope', 'apport_python_hook', 'sitecustomize', 'site', 'crowdnav', 'crowdnav.env', 'gym.error', 'gym.version', 'collections.abc', 'enum', '_sre', 'sre_constants', 'sre_parse', 'sre_compile', '_locale', 'copyreg', 're', 'typing.io', 'typing.re', 'typing', 'numpy._utils._convertions', 'numpy._utils', 'numpy._globals', 'numpy.exceptions', 'numpy.version', 'numpy._distributor_init', 'numpy._utils._inspect', 'math', '_datetime', 'datetime', 'numpy.core._exceptions', 'numpy.dtypes', 'numpy.core._multiarray_umath', 'numpy.core.overrides', 'numpy.core.multiarray', 'numpy.core.umath', 'numbers', 'numpy.core._string_helpers', 'fnmatch', 'ntpath', 'errno', 'urllib', 'ipaddress', 'urllib.parse', 'pathlib', '_struct', 'struct', '_compat_pickle', '_pickle', 'pickle', 'numpy.compat.py3k', 'numpy.compat', 'numpy.core._dtype', 'numpy.core._type_aliases', 'numpy.core.numerictypes', '_contextvars', 'contextvars', 'numpy.core._ufunc_config', 'numpy.core._methods', 'numpy.core.fromnumeric', 'numpy.core.shape_base', 'numpy.core.arrayprint', 'numpy.core._asarray', 'numpy.core.numeric', 'numpy.core.defchararray', 'numpy.core.records', 'numpy.core.memmap', 'numpy.core.function_base', 'numpy.core._machar', 'numpy.core.getlimits', 'numpy.core.einsumfunc', 'numpy.core._multiarray_tests', 'numpy.core._add_newdocs', 'numpy.core._add_newdocs_scalars', 'numpy.core._dtype_ctypes', '_ast', 'ast', '_ctypes', 'ctypes._endian', 'ctypes', 'numpy.core._internal', 'numpy._pytesttester', 'numpy.core', 'numpy.__config__', 'numpy.lib.mixins', 'numpy.lib.ufunclike', 'numpy.lib.type_check', 'numpy.lib.scimath', 'numpy.lib.stride_tricks', 'numpy.lib.twodim_base', 'numpy.linalg._umath_linalg', '__future__', 'numpy._typing._nested_sequence', 'numpy._typing._nbit', 'numpy._typing._char_codes', 'numpy._typing._scalars', 'numpy._typing._shape', 'numpy._typing._dtype_like', 'numpy._typing._array_like', 'numpy._typing', 'numpy.linalg.linalg', 'numpy.linalg', 'numpy.matrixlib.defmatrix', 'numpy.matrixlib', 'numpy.lib.histograms', 'numpy.lib.function_base', 'numpy.lib.index_tricks', 'numpy.lib.nanfunctions', 'numpy.lib.shape_base', 'numpy.lib.polynomial', 'textwrap', 'signal', '_weakrefset', 'threading', 'fcntl', '_posixsubprocess', 'select', 'selectors', 'subprocess', 'platform', 'numpy.lib.utils', 'numpy.lib.arraysetops', 'weakref', 'numpy.lib.format', 'numpy.lib._datasource', 'numpy.lib._iotools', 'numpy.lib.npyio', 'numpy.lib.arrayterator', 'numpy.lib.arraypad', 'numpy.lib._version', 'numpy.lib', 'numpy.fft._pocketfft_internal', 'numpy.fft._pocketfft', 'numpy.fft.helper', 'numpy.fft', 'numpy.polynomial.polyutils', 'numpy.polynomial._polybase', 'numpy.polynomial.polynomial', 'numpy.polynomial.chebyshev', 'numpy.polynomial.legendre', 'numpy.polynomial.hermite', 'numpy.polynomial.hermite_e', 'numpy.polynomial.laguerre', 'numpy.polynomial', 'cython_runtime', '_cython_3_0_8', 'numpy.random._common', 'binascii', 'base64', '_hashlib', '_blake2', 'hashlib', 'hmac', '_bisect', 'bisect', '_random', '_sha512', 'random', 'secrets', 'numpy.random.bit_generator', 'numpy.random._bounded_integers', 'numpy.random._mt19937', 'numpy.random.mtrand', 'numpy.random._philox', 'numpy.random._pcg64', 'numpy.random._sfc64', 'numpy.random._generator', 'numpy.random._pickle', 'numpy.random', 'numpy.ctypeslib', '_opcode', 'opcode', 'dis', 'token', 'tokenize', 'linecache', 'inspect', 'numpy.ma.core', 'numpy.ma.extras', 'numpy.ma', 'numpy', 'gym.utils.colorize', 'gym.utils.ezpickle', 'gym.utils', 'gym.logger', 'gym.utils.seeding', 'gym.spaces.space', 'gym.spaces.box', 'gym.spaces.dict', 'gym.spaces.discrete', 'gym.spaces.multi_discrete', 'gym.spaces.graph', 'gym.spaces.multi_binary', 'gym.spaces.sequence', 'gym.spaces.text', 'gym.spaces.tuple', 'gym.spaces.utils', 'gym.spaces', 'gym.core', 'copy', '_heapq', 'heapq', 'difflib', 'dataclasses', 'cv2.load_config_py3', 'cv2.version', 'numpy._core', 'numpy._core._multiarray_umath', 'cv2.gapi.core', 'cv2.gapi.core.cpu', 'cv2.gapi.core.fluid', 'cv2.gapi.core.ocl', 'cv2.gapi.ie', 'cv2.gapi.ie.detail', 'cv2.gapi.imgproc', 'cv2.gapi.imgproc.fluid', 'cv2.gapi.oak', 'cv2.gapi.onnx', 'cv2.gapi.onnx.ep', 'cv2.gapi.ot', 'cv2.gapi.ot.cpu', 'cv2.gapi.ov', 'cv2.gapi.own', 'cv2.gapi.own.detail', 'cv2.gapi.render', 'cv2.gapi.render.ocv', 'cv2.gapi.streaming', 'cv2.gapi.video', 'cv2.gapi.wip', 'cv2.gapi.wip.draw', 'cv2.gapi.wip.gst', 'cv2.gapi.wip.onevpl', 'cv2.utils.fs', 'cv2.utils.nested', 'cv2.gapi', 'cv2.ogl', 'cv2.data', 'cv2.detail', 'cv2.flann', 'cv2.ml', 'cv2.aruco', 'cv2.qt', 'cv2.utils', 'cv2.typing', 'cv2.samples', 'cv2.barcode', 'cv2.segmentation', 'cv2.ocl', 'cv2.cuda', 'cv2.parallel', 'cv2.dnn', 'cv2.Error', 'cv2.videoio_registry', 'cv2.ipp', 'cv2.fisheye', 'cv2.misc.version', 'cv2.misc', 'cv2.mat_wrapper', 'cv2', 'gym.wrappers.atari_preprocessing', 'gym.wrappers.autoreset', 'gym.wrappers.clip_action', 'gym.wrappers.filter_observation', 'gym.wrappers.flatten_observation', 'gym.wrappers.frame_stack', 'gym.wrappers.gray_scale_observation', 'gym.wrappers.human_rendering', 'gym.wrappers.normalize', 'gym.wrappers.order_enforcing', 'gym.wrappers.record_episode_statistics', 'gym.wrappers.monitoring', '_json', 'json.scanner', 'json.decoder', 'json.encoder', 'json', 'zlib', '_compression', '_bz2', 'bz2', '_lzma', 'lzma', 'shutil', 'tempfile', 'gym.wrappers.monitoring.video_recorder', 'gym.wrappers.record_video', 'gym.wrappers.render_collection', 'gym.wrappers.rescale_action', 'gym.wrappers.resize_observation', 'gym.utils.step_api_compatibility', 'gym.wrappers.step_api_compatibility', 'gym.wrappers.time_aware_observation', 'gym.wrappers.time_limit', 'gym.wrappers.transform_observation', 'gym.wrappers.transform_reward', 'gym.wrappers.vector_list_info', 'gym.wrappers', 'gym.wrappers.compatibility', 'gym.utils.passive_env_checker', 'gym.wrappers.env_checker', '_csv', 'csv', 'email', 'zipfile', 'uu', 'quopri', '_socket', 'array', 'socket', 'locale', 'calendar', 'email._parseaddr', 'email.base64mime', '_string', 'string', 'email.quoprimime', 'email.errors', 'email.encoders', 'email.charset', 'email.utils', 'email.header', 'email._policybase', 'email._encoded_words', 'email.iterators', 'email.message', 'importlib.metadata._functools', 'importlib.metadata._text', 'importlib.metadata._adapters', 'importlib.metadata._meta', 'importlib.metadata._collections', 'importlib.metadata._itertools', 'importlib.abc', 'importlib.metadata', 'gym.envs.registration', 'gym.envs', 'multiprocessing.process', 'multiprocessing.reduction', 'multiprocessing.context', '__mp_main__', 'multiprocessing', 'gym.vector.utils.misc', 'gym.vector.utils.numpy_utils', 'gym.vector.utils.shared_memory', 'gym.vector.utils.spaces', 'gym.vector.utils', 'gym.vector.vector_env', 'gym.vector.async_vector_env', 'gym.vector.sync_vector_env', 'gym.vector', 'gym_notices', 'gym_notices.notices', 'gym', 'pybullet', 'pybullet_data', 'traceback', 'atexit', 'logging', 'crowdnav.logger_setup', 'crowdnav.config', 'crowdnav.kinematics', 'crowdnav.dynamics', 'crowdnav.sensors', 'crowdnav.control', 'crowdnav.control.align', 'crowdnav.control.track', 'crowdnav.planning', 'swig_runtime_data4', 'casadi._casadi', 'casadi.casadi', 'casadi', 'crowdnav.planning.mpc_runner', 'crowdnav.utils2', 'crowdnav.utils2.coord', 'crowdnav.planning.path_mgr', 'crowdnav.utils2.hud', 'crowdnav.mpc', 'crowdnav.world', 'crowdnav.utils', 'matplotlib', 'pprint', 'packaging.__about__', 'packaging', 'packaging._structures', 'packaging.version', 'matplotlib._api.deprecation', 'matplotlib._api', 'matplotlib._version', 'gzip', 'shlex', 'matplotlib._c_internal_utils', 'matplotlib.cbook', 'matplotlib.docstring', 'PIL._version', 'PIL', 'PIL.ImageMode', 'PIL.TiffTags', 'PIL._binary', 'PIL._util', 'PIL._imaging', 'PIL.Image', 'PIL.ImageChops', 'PIL.ImageFile', 'PIL.GimpGradientFile', 'PIL.GimpPaletteFile', 'PIL.ImageColor', 'PIL.PaletteFile', 'PIL.ImagePalette', 'PIL.ImageSequence', 'PIL.PngImagePlugin', 'matplotlib._path', 'matplotlib.bezier', 'matplotlib.path', 'matplotlib.transforms', 'matplotlib.ticker', 'matplotlib.scale', 'matplotlib._color_data', 'matplotlib.colors', 'pyparsing', 'matplotlib.fontconfig_pattern', 'matplotlib._enums', 'cycler', 'matplotlib.rcsetup', 'matplotlib.ft2font', 'dateutil._version', 'dateutil', 'kiwisolver']
14:16:25 [DEBUG] CACHEDIR=/home/max/.cache/matplotlib
14:16:25 [DEBUG] Using fontManager instance from /home/max/.cache/matplotlib/fontlist-v330.json
14:16:26 [DEBUG] Loaded backend TkAgg version unknown.
14:16:26 [INFO] CrowdNavPyBulletEnv initializing...
14:16:31 [INFO] World ready | grid: (112, 112), res: 0.1, N=10, T=0.1
14:16:34 [DEBUG] corner=0.00 vmax_loc=0.20
14:16:34 [INFO] [MPC] state=(+3.75,-0.14,-1.31) wp0=(+3.85,-0.45) v=+0.200 ω=+2.400 wp_prog=0/78 ok=True iters=10
14:16:34 [DEBUG] [MPC IN] path_xy0..1=[[3.8500000000000005, -0.4500000000000002], [3.8500000000000005, -0.5499999999999998]] theta_ref0..2=[-1.5707963267948966, -1.5707963267948966, -1.5707963267948966] weights=[18.0, 7.5, 0.25, 0.5, 0.18, 0.0] vmin_soft=0.080
14:16:34 [DEBUG] corner=0.00 vmax_loc=0.20
14:16:34 [INFO] [MPC] state=(+3.75,-0.15,-1.25) wp0=(+3.85,-0.45) v=+0.200 ω=+2.400 wp_prog=0/78 ok=True iters=7
14:16:34 [DEBUG] [MPC IN] path_xy0..1=[[3.8500000000000005, -0.4500000000000002], [3.8500000000000005, -0.5499999999999998]] theta_ref0..2=[-1.5707963267948966, -1.5707963267948966, -1.5707963267948966] weights=[18.0, 7.5, 0.25, 0.5, 0.18, 0.0] vmin_soft=0.080
14:16:34 [DEBUG] corner=0.00 vmax_loc=0.20
14:16:34 [INFO] [MPC] state=(+3.76,-0.16,-1.12) wp0=(+3.85,-0.45) v=+0.200 ω=+2.400 wp_prog=0/78 ok=True iters=7
14:16:34 [DEBUG] [MPC IN] path_xy0..1=[[3.8500000000000005, -0.4500000000000002], [3.8500000000000005, -0.5499999999999998]] theta_ref0..2=[-1.5707963267948966, -1.5707963267948966, -1.5707963267948966] weights=[18.0, 7.5, 0.25, 0.5, 0.18, 0.0] vmin_soft=0.080
14:16:34 [DEBUG] corner=0.00 vmax_loc=0.20
14:16:34 [INFO] [MPC] state=(+3.76,-0.17,-0.99) wp0=(+3.85,-0.45) v=+0.200 ω=+2.400 wp_prog=0/78 ok=True iters=8
14:16:34 [DEBUG] [MPC IN] path_xy0..1=[[3.8500000000000005, -0.4500000000000002], [3.8500000000000005, -0.5499999999999998]] theta_ref0..2=[-1.5707963267948966, -1.5707963267948966, -1.5707963267948966] weights=[18.0, 7.5, 0.25, 0.5, 0.18, 0.0] vmin_soft=0.080
14:16:34 [DEBUG] corner=0.00 vmax_loc=0.20
14:16:34 [INFO] [MPC] state=(+3.77,-0.17,-0.86) wp0=(+3.85,-0.45) v=+0.200 ω=+2.400 wp_prog=0/78 ok=True iters=10
14:16:34 [DEBUG] [MPC IN] path_xy0..1=[[3.8500000000000005, -0.4500000000000002], [3.8500000000000005, -0.5499999999999998]] theta_ref0..2=[-1.5707963267948966, -1.5707963267948966, -1.5707963267948966] weights=[18.0, 7.5, 0.25, 0.5, 0.18, 0.0] vmin_soft=0.080
14:16:34 [DEBUG] corner=0.00 vmax_loc=0.20
14:16:34 [INFO] [MPC] state=(+3.77,-0.18,-0.73) wp0=(+3.85,-0.45) v=+0.200 ω=+0.443 wp_prog=0/78 ok=True iters=8
14:16:34 [DEBUG] [MPC IN] path_xy0..1=[[3.8500000000000005, -0.4500000000000002], [3.8500000000000005, -0.5499999999999998]] theta_ref0..2=[-1.5707963267948966, -1.5707963267948966, -1.5707963267948966] weights=[18.0, 7.5, 0.25, 0.5, 0.18, 0.0] vmin_soft=0.080
14:16:34 [DEBUG] corner=0.00 vmax_loc=0.20
14:16:34 [INFO] [MPC] state=(+3.79,-0.19,-0.69) wp0=(+3.85,-0.45) v=+0.200 ω=-1.635 wp_prog=0/78 ok=True iters=8
14:16:34 [DEBUG] [MPC IN] path_xy0..1=[[3.8500000000000005, -0.4500000000000002], [3.8500000000000005, -0.5499999999999998]] theta_ref0..2=[-1.5707963267948966, -1.5707963267948966, -1.5707963267948966] weights=[18.0, 7.5, 0.25, 0.5, 0.18, 0.0] vmin_soft=0.080
14:16:34 [DEBUG] corner=0.00 vmax_loc=0.20
14:16:34 [INFO] [MPC] state=(+3.80,-0.20,-0.78) wp0=(+3.85,-0.45) v=+0.200 ω=-1.555 wp_prog=1/78 ok=True iters=7
14:16:34 [DEBUG] [MPC IN] path_xy0..1=[[3.8500000000000005, -0.4500000000000002], [3.8500000000000005, -0.5499999999999998]] theta_ref0..2=[-1.5707963267948966, -1.5707963267948966, -1.5707963267948966] weights=[18.0, 7.5, 0.25, 0.5, 0.18, 0.0] vmin_soft=0.080
14:16:34 [DEBUG] corner=0.00 vmax_loc=0.20
14:16:34 [INFO] [MPC] state=(+3.81,-0.21,-0.86) wp0=(+3.85,-0.65) v=+0.200 ω=-1.755 wp_prog=1/78 ok=True iters=7
14:16:34 [DEBUG] [MPC IN] path_xy0..1=[[3.8500000000000005, -0.6500000000000004], [3.8500000000000005, -0.75]] theta_ref0..2=[-1.5707963267948966, -1.5707963267948966, -1.5707963267948966] weights=[18.0, 7.5, 0.25, 0.5, 0.18, 0.0] vmin_soft=0.080
14:16:34 [DEBUG] corner=0.00 vmax_loc=0.20
14:16:34 [INFO] [MPC] state=(+3.82,-0.22,-0.95) wp0=(+3.85,-0.65) v=+0.200 ω=-1.558 wp_prog=1/78 ok=True iters=7
14:16:34 [DEBUG] [MPC IN] path_xy0..1=[[3.8500000000000005, -0.6500000000000004], [3.8500000000000005, -0.75]] theta_ref0..2=[-1.5707963267948966, -1.5707963267948966, -1.5707963267948966] weights=[18.0, 7.5, 0.25, 0.5, 0.18, 0.0] vmin_soft=0.080
14:16:34 [DEBUG] corner=0.00 vmax_loc=0.20
14:16:34 [INFO] [MPC] state=(+3.82,-0.24,-1.03) wp0=(+3.85,-0.65) v=+0.200 ω=-2.400 wp_prog=1/78 ok=True iters=8
14:16:34 [DEBUG] [MPC IN] path_xy0..1=[[3.8500000000000005, -0.6500000000000004], [3.8500000000000005, -0.75]] theta_ref0..2=[-1.5707963267948966, -1.5707963267948966, -1.5707963267948966] weights=[18.0, 7.5, 0.25, 0.5, 0.18, 0.0] vmin_soft=0.080
14:16:34 [DEBUG] corner=0.00 vmax_loc=0.20
14:16:34 [INFO] [MPC] state=(+3.83,-0.25,-1.16) wp0=(+3.85,-0.65) v=+0.200 ω=-2.400 wp_prog=2/78 ok=True iters=11
14:16:34 [DEBUG] [MPC IN] path_xy0..1=[[3.8500000000000005, -0.6500000000000004], [3.8500000000000005, -0.75]] theta_ref0..2=[-1.5707963267948966, -1.5707963267948966, -1.5707963267948966] weights=[18.0, 7.5, 0.25, 0.5, 0.18, 0.0] vmin_soft=0.080
14:16:34 [DEBUG] corner=0.00 vmax_loc=0.20
14:16:34 [INFO] [MPC] state=(+3.83,-0.26,-1.28) wp0=(+3.85,-0.65) v=+0.200 ω=-2.400 wp_prog=2/78 ok=True iters=8
14:16:34 [DEBUG] [MPC IN] path_xy0..1=[[3.8500000000000005, -0.6500000000000004], [3.8500000000000005, -0.75]] theta_ref0..2=[-1.5707963267948966, -1.5707963267948966, -1.5707963267948966] weights=[18.0, 7.5, 0.25, 0.5, 0.18, 0.0] vmin_soft=0.080
14:16:34 [DEBUG] corner=0.00 vmax_loc=0.20
14:16:34 [INFO] [MPC] state=(+3.84,-0.27,-1.41) wp0=(+3.85,-0.65) v=+0.200 ω=-2.400 wp_prog=2/78 ok=True iters=8
14:16:34 [DEBUG] [MPC IN] path_xy0..1=[[3.8500000000000005, -0.6500000000000004], [3.8500000000000005, -0.75]] theta_ref0..2=[-1.5707963267948966, -1.5707963267948966, -1.5707963267948966] weights=[18.0, 7.5, 0.25, 0.5, 0.18, 0.0] vmin_soft=0.080
14:16:34 [DEBUG] corner=0.00 vmax_loc=0.20
14:16:34 [INFO] [MPC] state=(+3.84,-0.28,-1.53) wp0=(+3.85,-0.65) v=+0.200 ω=-2.400 wp_prog=2/78 ok=True iters=7
14:16:34 [DEBUG] [MPC IN] path_xy0..1=[[3.8500000000000005, -0.6500000000000004], [3.8500000000000005, -0.75]] theta_ref0..2=[-1.5707963267948966, -1.5707963267948966, -1.5707963267948966] weights=[18.0, 7.5, 0.25, 0.5, 0.18, 0.0] vmin_soft=0.080
14:16:34 [DEBUG] corner=0.00 vmax_loc=0.20
14:16:34 [INFO] [MPC] state=(+3.84,-0.29,-1.66) wp0=(+3.85,-0.65) v=+0.200 ω=-2.236 wp_prog=2/78 ok=True iters=8
14:16:34 [DEBUG] [MPC IN] path_xy0..1=[[3.8500000000000005, -0.6500000000000004], [3.8500000000000005, -0.75]] theta_ref0..2=[-1.5707963267948966, -1.5707963267948966, -1.5707963267948966] weights=[18.0, 7.5, 0.25, 0.5, 0.18, 0.0] vmin_soft=0.080
14:16:34 [DEBUG] corner=0.00 vmax_loc=0.20
14:16:34 [INFO] [MPC] state=(+3.84,-0.30,-1.78) wp0=(+3.85,-0.65) v=+0.200 ω=-1.432 wp_prog=2/78 ok=True iters=8
14:16:34 [DEBUG] [MPC IN] path_xy0..1=[[3.8500000000000005, -0.6500000000000004], [3.8500000000000005, -0.75]] theta_ref0..2=[-1.5707963267948966, -1.5707963267948966, -1.5707963267948966] weights=[18.0, 7.5, 0.25, 0.5, 0.18, 0.0] vmin_soft=0.080
14:16:34 [DEBUG] corner=0.00 vmax_loc=0.20
14:16:34 [INFO] [MPC] state=(+3.83,-0.32,-1.86) wp0=(+3.85,-0.65) v=+0.200 ω=+0.316 wp_prog=2/78 ok=True iters=8
14:16:34 [DEBUG] [MPC IN] path_xy0..1=[[3.8500000000000005, -0.6500000000000004], [3.8500000000000005, -0.75]] theta_ref0..2=[-1.5707963267948966, -1.5707963267948966, -1.5707963267948966] weights=[18.0, 7.5, 0.25, 0.5, 0.18, 0.0] vmin_soft=0.080
14:16:34 [DEBUG] corner=0.00 vmax_loc=0.20
14:16:34 [INFO] [MPC] state=(+3.83,-0.33,-1.85) wp0=(+3.85,-0.65) v=+0.200 ω=+1.308 wp_prog=2/78 ok=True iters=7
14:16:34 [DEBUG] [MPC IN] path_xy0..1=[[3.8500000000000005, -0.6500000000000004], [3.8500000000000005, -0.75]] theta_ref0..2=[-1.5707963267948966, -1.5707963267948966, -1.5707963267948966] weights=[18.0, 7.5, 0.25, 0.5, 0.18, 0.0] vmin_soft=0.080
14:16:34 [DEBUG] corner=0.00 vmax_loc=0.20
14:16:34 [INFO] [MPC] state=(+3.82,-0.35,-1.78) wp0=(+3.85,-0.65) v=+0.200 ω=+1.292 wp_prog=3/78 ok=True iters=6
14:16:34 [DEBUG] [MPC IN] path_xy0..1=[[3.8500000000000005, -0.6500000000000004], [3.8500000000000005, -0.75]] theta_ref0..2=[-1.5707963267948966, -1.5707963267948966, -1.5707963267948966] weights=[18.0, 7.5, 0.25, 0.5, 0.18, 0.0] vmin_soft=0.080
14:16:34 [DEBUG] corner=0.00 vmax_loc=0.20
14:16:34 [INFO] [MPC] state=(+3.82,-0.36,-1.71) wp0=(+3.85,-0.85) v=+0.200 ω=+2.117 wp_prog=3/78 ok=True iters=7
14:16:34 [DEBUG] [MPC IN] path_xy0..1=[[3.8500000000000005, -0.8500000000000005], [3.8500000000000005, -0.9500000000000002]] theta_ref0..2=[-1.5707963267948966, -1.5707963267948966, -1.5707963267948966] weights=[18.0, 7.5, 0.25, 0.5, 0.18, 0.0] vmin_soft=0.080
14:16:34 [DEBUG] corner=0.00 vmax_loc=0.20
14:16:34 [INFO] [MPC] state=(+3.82,-0.38,-1.60) wp0=(+3.85,-0.85) v=+0.200 ω=+1.368 wp_prog=3/78 ok=True iters=7
14:16:34 [DEBUG] [MPC IN] path_xy0..1=[[3.8500000000000005, -0.8500000000000005], [3.8500000000000005, -0.9500000000000002]] theta_ref0..2=[-1.5707963267948966, -1.5707963267948966, -1.5707963267948966] weights=[18.0, 7.5, 0.25, 0.5, 0.18, 0.0] vmin_soft=0.080
14:16:34 [DEBUG] corner=0.00 vmax_loc=0.20
14:16:34 [INFO] [MPC] state=(+3.82,-0.39,-1.53) wp0=(+3.85,-0.85) v=+0.200 ω=+1.269 wp_prog=3/78 ok=True iters=6
14:16:34 [DEBUG] [MPC IN] path_xy0..1=[[3.8500000000000005, -0.8500000000000005], [3.8500000000000005, -0.9500000000000002]] theta_ref0..2=[-1.5707963267948966, -1.5707963267948966, -1.5707963267948966] weights=[18.0, 7.5, 0.25, 0.5, 0.18, 0.0] vmin_soft=0.080
14:16:34 [DEBUG] corner=0.00 vmax_loc=0.20
14:16:34 [INFO] [MPC] state=(+3.82,-0.40,-1.47) wp0=(+3.85,-0.85) v=+0.200 ω=+0.552 wp_prog=3/78 ok=True iters=7
14:16:34 [DEBUG] [MPC IN] path_xy0..1=[[3.8500000000000005, -0.8500000000000005], [3.8500000000000005, -0.9500000000000002]] theta_ref0..2=[-1.5707963267948966, -1.5707963267948966, -1.5707963267948966] weights=[18.0, 7.5, 0.25, 0.5, 0.06, 0.0] vmin_soft=0.030
14:16:34 [DEBUG] corner=0.00 vmax_loc=0.20
14:16:34 [INFO] [MPC] state=(+3.82,-0.42,-1.43) wp0=(+3.85,-0.85) v=+0.200 ω=+0.465 wp_prog=3/78 ok=True iters=6
14:16:34 [DEBUG] [MPC IN] path_xy0..1=[[3.8500000000000005, -0.8500000000000005], [3.8500000000000005, -0.9500000000000002]] theta_ref0..2=[-1.5707963267948966, -1.5707963267948966, -1.5707963267948966] weights=[18.0, 7.5, 0.25, 0.5, 0.06, 0.0] vmin_soft=0.030
14:16:34 [DEBUG] corner=0.00 vmax_loc=0.20
14:16:34 [INFO] [MPC] state=(+3.83,-0.44,-1.40) wp0=(+3.85,-0.85) v=+0.200 ω=-0.831 wp_prog=4/78 ok=True iters=8
14:16:34 [DEBUG] [MPC IN] path_xy0..1=[[3.8500000000000005, -0.8500000000000005], [3.8500000000000005, -0.9500000000000002]] theta_ref0..2=[-1.5707963267948966, -1.5707963267948966, -1.5707963267948966] weights=[18.0, 7.5, 0.25, 0.5, 0.06, 0.0] vmin_soft=0.030
14:16:34 [DEBUG] corner=0.00 vmax_loc=0.20
14:16:34 [INFO] [MPC] state=(+3.83,-0.46,-1.45) wp0=(+3.85,-0.85) v=+0.200 ω=-2.014 wp_prog=4/78 ok=True iters=8
14:16:34 [DEBUG] [MPC IN] path_xy0..1=[[3.8500000000000005, -0.8500000000000005], [3.8500000000000005, -0.9500000000000002]] theta_ref0..2=[-1.5707963267948966, -1.5707963267948966, -1.5707963267948966] weights=[18.0, 7.5, 0.25, 0.5, 0.06, 0.0] vmin_soft=0.030
14:16:34 [DEBUG] corner=0.00 vmax_loc=0.20
14:16:34 [INFO] [MPC] state=(+3.83,-0.47,-1.55) wp0=(+3.85,-0.85) v=+0.200 ω=-1.273 wp_prog=4/78 ok=True iters=7
14:16:34 [DEBUG] [MPC IN] path_xy0..1=[[3.8500000000000005, -0.8500000000000005], [3.8500000000000005, -0.9500000000000002]] theta_ref0..2=[-1.5707963267948966, -1.5707963267948966, -1.5707963267948966] weights=[18.0, 7.5, 0.25, 0.5, 0.06, 0.0] vmin_soft=0.030
14:16:34 [DEBUG] corner=0.00 vmax_loc=0.20
14:16:34 [INFO] [MPC] state=(+3.83,-0.48,-1.63) wp0=(+3.85,-0.85) v=+0.200 ω=-0.928 wp_prog=4/78 ok=True iters=7
14:16:34 [DEBUG] [MPC IN] path_xy0..1=[[3.8500000000000005, -0.8500000000000005], [3.8500000000000005, -0.9500000000000002]] theta_ref0..2=[-1.5707963267948966, -1.5707963267948966, -1.5707963267948966] weights=[18.0, 7.5, 0.25, 0.5, 0.06, 0.0] vmin_soft=0.030
14:16:34 [DEBUG] corner=0.00 vmax_loc=0.20
14:16:34 [INFO] [MPC] state=(+3.83,-0.50,-1.69) wp0=(+3.85,-0.85) v=+0.200 ω=+0.462 wp_prog=4/78 ok=True iters=7
14:16:34 [DEBUG] [MPC IN] path_xy0..1=[[3.8500000000000005, -0.8500000000000005], [3.8500000000000005, -0.9500000000000002]] theta_ref0..2=[-1.5707963267948966, -1.5707963267948966, -1.5707963267948966] weights=[18.0, 7.5, 0.25, 0.5, 0.06, 0.0] vmin_soft=0.030
14:16:34 [DEBUG] corner=0.00 vmax_loc=0.20
14:16:34 [INFO] [MPC] state=(+3.83,-0.52,-1.66) wp0=(+3.85,-0.85) v=+0.200 ω=+0.464 wp_prog=4/78 ok=True iters=6
14:16:34 [DEBUG] [MPC IN] path_xy0..1=[[3.8500000000000005, -0.8500000000000005], [3.8500000000000005, -0.9500000000000002]] theta_ref0..2=[-1.5707963267948966, -1.5707963267948966, -1.5707963267948966] weights=[18.0, 7.5, 0.25, 0.5, 0.06, 0.0] vmin_soft=0.030
14:16:34 [DEBUG] corner=0.00 vmax_loc=0.20
14:16:34 [INFO] [MPC] state=(+3.82,-0.54,-1.63) wp0=(+3.85,-0.85) v=+0.200 ω=+0.455 wp_prog=5/78 ok=True iters=6
14:16:34 [DEBUG] [MPC IN] path_xy0..1=[[3.8500000000000005, -0.8500000000000005], [3.8500000000000005, -0.9500000000000002]] theta_ref0..2=[-1.5707963267948966, -1.5707963267948966, -1.5707963267948966] weights=[18.0, 7.5, 0.25, 0.5, 0.06, 0.0] vmin_soft=0.030
14:16:34 [DEBUG] corner=0.00 vmax_loc=0.20
14:16:34 [INFO] [MPC] state=(+3.82,-0.55,-1.61) wp0=(+3.85,-0.95) v=+0.200 ω=+0.440 wp_prog=5/78 ok=True iters=6
14:16:34 [DEBUG] [MPC IN] path_xy0..1=[[3.8500000000000005, -0.9500000000000002], [3.8500000000000005, -1.0500000000000007]] theta_ref0..2=[-1.5707963267948966, -1.5707963267948966, -1.5707963267948966] weights=[18.0, 7.5, 0.25, 0.5, 0.06, 0.0] vmin_soft=0.030
14:16:34 [DEBUG] corner=0.00 vmax_loc=0.20
14:16:34 [INFO] [MPC] state=(+3.82,-0.57,-1.58) wp0=(+3.85,-0.95) v=+0.200 ω=+1.312 wp_prog=5/78 ok=True iters=7
14:16:34 [DEBUG] [MPC IN] path_xy0..1=[[3.8500000000000005, -0.9500000000000002], [3.8500000000000005, -1.0500000000000007]] theta_ref0..2=[-1.5707963267948966, -1.5707963267948966, -1.5707963267948966] weights=[18.0, 7.5, 0.25, 0.5, 0.06, 0.0] vmin_soft=0.030
14:16:34 [DEBUG] corner=0.00 vmax_loc=0.20
14:16:34 [INFO] [MPC] state=(+3.82,-0.59,-1.52) wp0=(+3.85,-0.95) v=+0.200 ω=-0.296 wp_prog=5/78 ok=True iters=7
14:16:34 [DEBUG] [MPC IN] path_xy0..1=[[3.8500000000000005, -0.9500000000000002], [3.8500000000000005, -1.0500000000000007]] theta_ref0..2=[-1.5707963267948966, -1.5707963267948966, -1.5707963267948966] weights=[18.0, 7.5, 0.25, 0.5, 0.06, 0.0] vmin_soft=0.030
14:16:34 [DEBUG] corner=0.00 vmax_loc=0.20
14:16:34 [INFO] [MPC] state=(+3.82,-0.61,-1.53) wp0=(+3.85,-0.95) v=+0.200 ω=-0.300 wp_prog=5/78 ok=True iters=6
14:16:34 [DEBUG] [MPC IN] path_xy0..1=[[3.8500000000000005, -0.9500000000000002], [3.8500000000000005, -1.0500000000000007]] theta_ref0..2=[-1.5707963267948966, -1.5707963267948966, -1.5707963267948966] weights=[18.0, 7.5, 0.25, 0.5, 0.06, 0.0] vmin_soft=0.030
14:16:34 [DEBUG] corner=0.00 vmax_loc=0.20
14:16:34 [INFO] [MPC] state=(+3.82,-0.63,-1.55) wp0=(+3.85,-0.95) v=+0.200 ω=+0.030 wp_prog=5/78 ok=True iters=7
14:16:34 [DEBUG] [MPC IN] path_xy0..1=[[3.8500000000000005, -0.9500000000000002], [3.8500000000000005, -1.0500000000000007]] theta_ref0..2=[-1.5707963267948966, -1.5707963267948966, -1.5707963267948966] weights=[18.0, 7.5, 0.25, 0.5, 0.06, 0.0] vmin_soft=0.030
14:16:34 [DEBUG] corner=0.00 vmax_loc=0.20
14:16:34 [INFO] [MPC] state=(+3.82,-0.65,-1.55) wp0=(+3.85,-0.95) v=+0.200 ω=+0.022 wp_prog=6/78 ok=True iters=6
14:16:34 [DEBUG] [MPC IN] path_xy0..1=[[3.8500000000000005, -0.9500000000000002], [3.8500000000000005, -1.0500000000000007]] theta_ref0..2=[-1.5707963267948966, -1.5707963267948966, -1.5707963267948966] weights=[18.0, 7.5, 0.25, 0.5, 0.06, 0.0] vmin_soft=0.030
14:16:34 [DEBUG] corner=0.00 vmax_loc=0.20
14:16:34 [INFO] [MPC] state=(+3.82,-0.67,-1.55) wp0=(+3.85,-1.05) v=+0.200 ω=+0.009 wp_prog=6/78 ok=True iters=6
14:16:34 [DEBUG] [MPC IN] path_xy0..1=[[3.8500000000000005, -1.0500000000000007], [3.8500000000000005, -1.1500000000000004]] theta_ref0..2=[-1.5707963267948966, -1.5707963267948966, -1.5707963267948966] weights=[18.0, 7.5, 0.25, 0.5, 0.06, 0.0] vmin_soft=0.030
14:16:34 [DEBUG] corner=0.00 vmax_loc=0.20
14:16:34 [INFO] [MPC] state=(+3.83,-0.69,-1.55) wp0=(+3.85,-1.05) v=+0.200 ω=-0.000 wp_prog=6/78 ok=True iters=6
14:16:34 [DEBUG] [MPC IN] path_xy0..1=[[3.8500000000000005, -1.0500000000000007], [3.8500000000000005, -1.1500000000000004]] theta_ref0..2=[-1.5707963267948966, -1.5707963267948966, -1.5707963267948966] weights=[18.0, 7.5, 0.25, 0.5, 0.06, 0.0] vmin_soft=0.030
14:16:34 [DEBUG] corner=0.00 vmax_loc=0.20
14:16:34 [INFO] [MPC] state=(+3.83,-0.71,-1.55) wp0=(+3.85,-1.05) v=+0.200 ω=-0.009 wp_prog=6/78 ok=True iters=6
14:16:34 [DEBUG] [MPC IN] path_xy0..1=[[3.8500000000000005, -1.0500000000000007], [3.8500000000000005, -1.1500000000000004]] theta_ref0..2=[-1.5707963267948966, -1.5707963267948966, -1.5707963267948966] weights=[18.0, 7.5, 0.25, 0.5, 0.06, 0.0] vmin_soft=0.030
14:16:34 [DEBUG] corner=0.00 vmax_loc=0.20
14:16:34 [INFO] [MPC] state=(+3.83,-0.73,-1.55) wp0=(+3.85,-1.05) v=+0.200 ω=-0.016 wp_prog=6/78 ok=True iters=6
14:16:34 [DEBUG] [MPC IN] path_xy0..1=[[3.8500000000000005, -1.0500000000000007], [3.8500000000000005, -1.1500000000000004]] theta_ref0..2=[-1.5707963267948966, -1.5707963267948966, -1.5707963267948966] weights=[18.0, 7.5, 0.25, 0.5, 0.06, 0.0] vmin_soft=0.030
14:16:34 [DEBUG] corner=0.00 vmax_loc=0.20
14:16:34 [INFO] [MPC] state=(+3.83,-0.75,-1.55) wp0=(+3.85,-1.05) v=+0.200 ω=-0.022 wp_prog=7/78 ok=True iters=6
14:16:34 [DEBUG] [MPC IN] path_xy0..1=[[3.8500000000000005, -1.0500000000000007], [3.8500000000000005, -1.1500000000000004]] theta_ref0..2=[-1.5707963267948966, -1.5707963267948966, -1.5707963267948966] weights=[18.0, 7.5, 0.25, 0.5, 0.06, 0.0] vmin_soft=0.030
14:16:35 [DEBUG] corner=0.00 vmax_loc=0.20
14:16:35 [INFO] [MPC] state=(+3.83,-0.77,-1.55) wp0=(+3.85,-1.15) v=+0.200 ω=-0.028 wp_prog=7/78 ok=True iters=6
14:16:35 [DEBUG] [MPC IN] path_xy0..1=[[3.8500000000000005, -1.1500000000000004], [3.8500000000000005, -1.25]] theta_ref0..2=[-1.5707963267948966, -1.5707963267948966, -1.5707963267948966] weights=[18.0, 7.5, 0.25, 0.5, 0.06, 0.0] vmin_soft=0.030
14:16:35 [DEBUG] corner=0.00 vmax_loc=0.20
14:16:35 [INFO] [MPC] state=(+3.83,-0.79,-1.56) wp0=(+3.85,-1.15) v=+0.200 ω=-1.235 wp_prog=7/78 ok=True iters=7
14:16:35 [DEBUG] [MPC IN] path_xy0..1=[[3.8500000000000005, -1.1500000000000004], [3.8500000000000005, -1.25]] theta_ref0..2=[-1.5707963267948966, -1.5707963267948966, -1.5707963267948966] weights=[18.0, 7.5, 0.25, 0.5, 0.06, 0.0] vmin_soft=0.030
14:16:35 [DEBUG] corner=0.00 vmax_loc=0.20
14:16:35 [INFO] [MPC] state=(+3.83,-0.80,-1.62) wp0=(+3.85,-1.15) v=+0.200 ω=+0.387 wp_prog=7/78 ok=True iters=7
14:16:35 [DEBUG] [MPC IN] path_xy0..1=[[3.8500000000000005, -1.1500000000000004], [3.8500000000000005, -1.25]] theta_ref0..2=[-1.5707963267948966, -1.5707963267948966, -1.5707963267948966] weights=[18.0, 7.5, 0.25, 0.5, 0.06, 0.0] vmin_soft=0.030
14:16:35 [DEBUG] corner=0.00 vmax_loc=0.20
14:16:35 [INFO] [MPC] state=(+3.83,-0.82,-1.62) wp0=(+3.85,-1.15) v=+0.200 ω=+0.402 wp_prog=7/78 ok=True iters=6
14:16:35 [DEBUG] [MPC IN] path_xy0..1=[[3.8500000000000005, -1.1500000000000004], [3.8500000000000005, -1.25]] theta_ref0..2=[-1.5707963267948966, -1.5707963267948966, -1.5707963267948966] weights=[18.0, 7.5, 0.25, 0.5, 0.06, 0.0] vmin_soft=0.030
14:16:35 [DEBUG] corner=0.00 vmax_loc=0.20
14:16:35 [INFO] [MPC] state=(+3.82,-0.84,-1.60) wp0=(+3.85,-1.15) v=+0.200 ω=+0.388 wp_prog=8/78 ok=True iters=6
14:16:35 [DEBUG] [MPC IN] path_xy0..1=[[3.8500000000000005, -1.1500000000000004], [3.8500000000000005, -1.25]] theta_ref0..2=[-1.5707963267948966, -1.5707963267948966, -1.5707963267948966] weights=[18.0, 7.5, 0.25, 0.5, 0.06, 0.0] vmin_soft=0.030
14:16:35 [DEBUG] corner=0.00 vmax_loc=0.20
14:16:35 [INFO] [MPC] state=(+3.82,-0.86,-1.58) wp0=(+3.85,-1.35) v=+0.200 ω=+0.052 wp_prog=8/78 ok=True iters=7
14:16:35 [DEBUG] [MPC IN] path_xy0..1=[[3.8500000000000005, -1.3500000000000005], [3.8500000000000005, -1.4500000000000002]] theta_ref0..2=[-1.5707963267948966, -1.5707963267948966, -1.5707963267948966] weights=[18.0, 7.5, 0.25, 0.5, 0.06, 0.0] vmin_soft=0.030
14:16:35 [DEBUG] corner=0.00 vmax_loc=0.20
14:16:35 [INFO] [MPC] state=(+3.82,-0.88,-1.57) wp0=(+3.85,-1.35) v=+0.200 ω=+0.044 wp_prog=8/78 ok=True iters=6
14:16:35 [DEBUG] [MPC IN] path_xy0..1=[[3.8500000000000005, -1.3500000000000005], [3.8500000000000005, -1.4500000000000002]] theta_ref0..2=[-1.5707963267948966, -1.5707963267948966, -1.5707963267948966] weights=[18.0, 7.5, 0.25, 0.5, 0.06, 0.0] vmin_soft=0.030
14:16:35 [DEBUG] corner=0.00 vmax_loc=0.20
14:16:35 [INFO] [MPC] state=(+3.82,-0.90,-1.57) wp0=(+3.85,-1.35) v=+0.200 ω=+0.036 wp_prog=8/78 ok=True iters=6
14:16:35 [DEBUG] [MPC IN] path_xy0..1=[[3.8500000000000005, -1.3500000000000005], [3.8500000000000005, -1.4500000000000002]] theta_ref0..2=[-1.5707963267948966, -1.5707963267948966, -1.5707963267948966] weights=[18.0, 7.5, 0.25, 0.5, 0.06, 0.0] vmin_soft=0.030
14:16:35 [DEBUG] corner=0.00 vmax_loc=0.20
14:16:35 [INFO] [MPC] state=(+3.82,-0.92,-1.56) wp0=(+3.85,-1.35) v=+0.200 ω=+0.027 wp_prog=8/78 ok=True iters=6
14:16:35 [DEBUG] [MPC IN] path_xy0..1=[[3.8500000000000005, -1.3500000000000005], [3.8500000000000005, -1.4500000000000002]] theta_ref0..2=[-1.5707963267948966, -1.5707963267948966, -1.5707963267948966] weights=[18.0, 7.5, 0.25, 0.5, 0.06, 0.0] vmin_soft=0.030
14:16:35 [DEBUG] corner=0.00 vmax_loc=0.20
14:16:35 [INFO] [MPC] state=(+3.82,-0.94,-1.56) wp0=(+3.85,-1.35) v=+0.200 ω=+0.019 wp_prog=9/78 ok=True iters=6
14:16:35 [DEBUG] [MPC IN] path_xy0..1=[[3.8500000000000005, -1.3500000000000005], [3.8500000000000005, -1.4500000000000002]] theta_ref0..2=[-1.5707963267948966, -1.5707963267948966, -1.5707963267948966] weights=[18.0, 7.5, 0.25, 0.5, 0.06, 0.0] vmin_soft=0.030
14:16:35 [DEBUG] corner=0.00 vmax_loc=0.20
14:16:35 [INFO] [MPC] state=(+3.83,-0.96,-1.56) wp0=(+3.85,-1.35) v=+0.200 ω=+0.011 wp_prog=9/78 ok=True iters=6
14:16:35 [DEBUG] [MPC IN] path_xy0..1=[[3.8500000000000005, -1.3500000000000005], [3.8500000000000005, -1.4500000000000002]] theta_ref0..2=[-1.5707963267948966, -1.5707963267948966, -1.5707963267948966] weights=[18.0, 7.5, 0.25, 0.5, 0.06, 0.0] vmin_soft=0.030
14:16:35 [DEBUG] corner=0.00 vmax_loc=0.20
14:16:35 [INFO] [MPC] state=(+3.83,-0.98,-1.56) wp0=(+3.85,-1.35) v=+0.200 ω=+0.004 wp_prog=9/78 ok=True iters=6
14:16:35 [DEBUG] [MPC IN] path_xy0..1=[[3.8500000000000005, -1.3500000000000005], [3.8500000000000005, -1.4500000000000002]] theta_ref0..2=[-1.5707963267948966, -1.5707963267948966, -1.5707963267948966] weights=[18.0, 7.5, 0.25, 0.5, 0.06, 0.0] vmin_soft=0.030
14:16:35 [DEBUG] corner=0.00 vmax_loc=0.20
14:16:35 [INFO] [MPC] state=(+3.83,-1.00,-1.56) wp0=(+3.85,-1.35) v=+0.200 ω=-0.003 wp_prog=9/78 ok=True iters=6
14:16:35 [DEBUG] [MPC IN] path_xy0..1=[[3.8500000000000005, -1.3500000000000005], [3.8500000000000005, -1.4500000000000002]] theta_ref0..2=[-1.5707963267948966, -1.5707963267948966, -1.5707963267948966] weights=[18.0, 7.5, 0.25, 0.5, 0.06, 0.0] vmin_soft=0.030
14:16:35 [DEBUG] corner=0.00 vmax_loc=0.20
14:16:35 [INFO] [MPC] state=(+3.83,-1.02,-1.56) wp0=(+3.85,-1.35) v=+0.200 ω=-0.009 wp_prog=9/78 ok=True iters=6
14:16:35 [DEBUG] [MPC IN] path_xy0..1=[[3.8500000000000005, -1.3500000000000005], [3.8500000000000005, -1.4500000000000002]] theta_ref0..2=[-1.5707963267948966, -1.5707963267948966, -1.5707963267948966] weights=[18.0, 7.5, 0.25, 0.5, 0.06, 0.0] vmin_soft=0.030
14:16:35 [DEBUG] corner=0.00 vmax_loc=0.20
14:16:35 [INFO] [MPC] state=(+3.83,-1.04,-1.56) wp0=(+3.85,-1.35) v=+0.200 ω=-0.014 wp_prog=10/78 ok=True iters=6
14:16:35 [DEBUG] [MPC IN] path_xy0..1=[[3.8500000000000005, -1.3500000000000005], [3.8500000000000005, -1.4500000000000002]] theta_ref0..2=[-1.5707963267948966, -1.5707963267948966, -1.5707963267948966] weights=[18.0, 7.5, 0.25, 0.5, 0.06, 0.0] vmin_soft=0.030
14:16:35 [DEBUG] corner=0.00 vmax_loc=0.20
14:16:35 [INFO] [MPC] state=(+3.83,-1.06,-1.56) wp0=(+3.85,-1.55) v=+0.200 ω=-0.020 wp_prog=10/78 ok=True iters=6
14:16:35 [DEBUG] [MPC IN] path_xy0..1=[[3.8500000000000005, -1.5500000000000007], [3.8500000000000005, -1.6500000000000004]] theta_ref0..2=[-1.5707963267948966, -1.5707963267948966, -1.5707963267948966] weights=[18.0, 7.5, 0.25, 0.5, 0.06, 0.0] vmin_soft=0.030
14:16:35 [DEBUG] corner=0.00 vmax_loc=0.20
14:16:35 [INFO] [MPC] state=(+3.83,-1.08,-1.56) wp0=(+3.85,-1.55) v=+0.200 ω=-0.022 wp_prog=10/78 ok=True iters=6
14:16:35 [DEBUG] [MPC IN] path_xy0..1=[[3.8500000000000005, -1.5500000000000007], [3.8500000000000005, -1.6500000000000004]] theta_ref0..2=[-1.5707963267948966, -1.5707963267948966, -1.5707963267948966] weights=[18.0, 7.5, 0.25, 0.5, 0.06, 0.0] vmin_soft=0.030
14:16:35 [DEBUG] corner=0.00 vmax_loc=0.20
14:16:35 [INFO] [MPC] state=(+3.83,-1.10,-1.56) wp0=(+3.85,-1.55) v=+0.200 ω=-1.208 wp_prog=10/78 ok=True iters=7
14:16:35 [DEBUG] [MPC IN] path_xy0..1=[[3.8500000000000005, -1.5500000000000007], [3.8500000000000005, -1.6500000000000004]] theta_ref0..2=[-1.5707963267948966, -1.5707963267948966, -1.5707963267948966] weights=[18.0, 7.5, 0.25, 0.5, 0.06, 0.0] vmin_soft=0.030
14:16:35 [DEBUG] corner=0.00 vmax_loc=0.20
14:16:35 [INFO] [MPC] state=(+3.83,-1.12,-1.63) wp0=(+3.85,-1.55) v=+0.200 ω=+0.397 wp_prog=10/78 ok=True iters=7
14:16:35 [DEBUG] [MPC IN] path_xy0..1=[[3.8500000000000005, -1.5500000000000007], [3.8500000000000005, -1.6500000000000004]] theta_ref0..2=[-1.5707963267948966, -1.5707963267948966, -1.5707963267948966] weights=[18.0, 7.5, 0.25, 0.5, 0.06, 0.0] vmin_soft=0.030
14:16:35 [DEBUG] corner=0.00 vmax_loc=0.20
14:16:35 [INFO] [MPC] state=(+3.83,-1.14,-1.62) wp0=(+3.85,-1.55) v=+0.200 ω=+0.400 wp_prog=11/78 ok=True iters=6
14:16:35 [DEBUG] [MPC IN] path_xy0..1=[[3.8500000000000005, -1.5500000000000007], [3.8500000000000005, -1.6500000000000004]] theta_ref0..2=[-1.5707963267948966, -1.5707963267948966, -1.5707963267948966] weights=[18.0, 7.5, 0.25, 0.5, 0.06, 0.0] vmin_soft=0.030
14:16:35 [DEBUG] corner=0.00 vmax_loc=0.20
14:16:35 [INFO] [MPC] state=(+3.82,-1.15,-1.60) wp0=(+3.85,-1.55) v=+0.200 ω=+0.386 wp_prog=11/78 ok=True iters=6
14:16:35 [DEBUG] [MPC IN] path_xy0..1=[[3.8500000000000005, -1.5500000000000007], [3.8500000000000005, -1.6500000000000004]] theta_ref0..2=[-1.5707963267948966, -1.5707963267948966, -1.5707963267948966] weights=[18.0, 7.5, 0.25, 0.5, 0.06, 0.0] vmin_soft=0.030
14:16:35 [DEBUG] corner=0.00 vmax_loc=0.20
14:16:35 [INFO] [MPC] state=(+3.82,-1.17,-1.57) wp0=(+3.85,-1.55) v=+0.200 ω=+0.050 wp_prog=11/78 ok=True iters=7
14:16:35 [DEBUG] [MPC IN] path_xy0..1=[[3.8500000000000005, -1.5500000000000007], [3.8500000000000005, -1.6500000000000004]] theta_ref0..2=[-1.5707963267948966, -1.5707963267948966, -1.5707963267948966] weights=[18.0, 7.5, 0.25, 0.5, 0.06, 0.0] vmin_soft=0.030
14:16:35 [DEBUG] corner=0.00 vmax_loc=0.20
14:16:35 [INFO] [MPC] state=(+3.82,-1.19,-1.57) wp0=(+3.85,-1.55) v=+0.200 ω=+0.044 wp_prog=11/78 ok=True iters=6
14:16:35 [DEBUG] [MPC IN] path_xy0..1=[[3.8500000000000005, -1.5500000000000007], [3.8500000000000005, -1.6500000000000004]] theta_ref0..2=[-1.5707963267948966, -1.5707963267948966, -1.5707963267948966] weights=[18.0, 7.5, 0.25, 0.5, 0.06, 0.0] vmin_soft=0.030
14:16:35 [DEBUG] corner=0.00 vmax_loc=0.20
14:16:35 [INFO] [MPC] state=(+3.82,-1.21,-1.57) wp0=(+3.85,-1.55) v=+0.200 ω=+0.037 wp_prog=11/78 ok=True iters=6
14:16:35 [DEBUG] [MPC IN] path_xy0..1=[[3.8500000000000005, -1.5500000000000007], [3.8500000000000005, -1.6500000000000004]] theta_ref0..2=[-1.5707963267948966, -1.5707963267948966, -1.5707963267948966] weights=[18.0, 7.5, 0.25, 0.5, 0.06, 0.0] vmin_soft=0.030
14:16:35 [DEBUG] corner=0.00 vmax_loc=0.20
14:16:35 [INFO] [MPC] state=(+3.82,-1.23,-1.56) wp0=(+3.85,-1.55) v=+0.200 ω=+0.029 wp_prog=12/78 ok=True iters=6
14:16:35 [DEBUG] [MPC IN] path_xy0..1=[[3.8500000000000005, -1.5500000000000007], [3.8500000000000005, -1.6500000000000004]] theta_ref0..2=[-1.5707963267948966, -1.5707963267948966, -1.5707963267948966] weights=[18.0, 7.5, 0.25, 0.5, 0.06, 0.0] vmin_soft=0.030
14:16:35 [DEBUG] corner=0.00 vmax_loc=0.20
14:16:35 [INFO] [MPC] state=(+3.82,-1.25,-1.56) wp0=(+3.85,-1.65) v=+0.200 ω=+0.019 wp_prog=12/78 ok=True iters=6
14:16:35 [DEBUG] [MPC IN] path_xy0..1=[[3.8500000000000005, -1.6500000000000004], [3.8500000000000005, -1.7500000000000004]] theta_ref0..2=[-1.5707963267948966, -1.5707963267948966, -1.5707963267948966] weights=[18.0, 7.5, 0.25, 0.5, 0.06, 0.0] vmin_soft=0.030
14:16:35 [DEBUG] corner=0.00 vmax_loc=0.20
14:16:35 [INFO] [MPC] state=(+3.83,-1.27,-1.56) wp0=(+3.85,-1.65) v=+0.200 ω=+0.011 wp_prog=12/78 ok=True iters=6
14:16:35 [DEBUG] [MPC IN] path_xy0..1=[[3.8500000000000005, -1.6500000000000004], [3.8500000000000005, -1.7500000000000004]] theta_ref0..2=[-1.5707963267948966, -1.5707963267948966, -1.5707963267948966] weights=[18.0, 7.5, 0.25, 0.5, 0.06, 0.0] vmin_soft=0.030
14:16:35 [DEBUG] corner=0.00 vmax_loc=0.20
14:16:35 [INFO] [MPC] state=(+3.83,-1.29,-1.56) wp0=(+3.85,-1.65) v=+0.200 ω=+0.003 wp_prog=12/78 ok=True iters=6
14:16:35 [DEBUG] [MPC IN] path_xy0..1=[[3.8500000000000005, -1.6500000000000004], [3.8500000000000005, -1.7500000000000004]] theta_ref0..2=[-1.5707963267948966, -1.5707963267948966, -1.5707963267948966] weights=[18.0, 7.5, 0.25, 0.5, 0.06, 0.0] vmin_soft=0.030
14:16:35 [DEBUG] corner=0.00 vmax_loc=0.20
14:16:35 [INFO] [MPC] state=(+3.83,-1.31,-1.56) wp0=(+3.85,-1.65) v=+0.200 ω=-0.004 wp_prog=12/78 ok=True iters=6
14:16:35 [DEBUG] [MPC IN] path_xy0..1=[[3.8500000000000005, -1.6500000000000004], [3.8500000000000005, -1.7500000000000004]] theta_ref0..2=[-1.5707963267948966, -1.5707963267948966, -1.5707963267948966] weights=[18.0, 7.5, 0.25, 0.5, 0.06, 0.0] vmin_soft=0.030
14:16:35 [DEBUG] corner=0.00 vmax_loc=0.20
14:16:35 [INFO] [MPC] state=(+3.83,-1.33,-1.56) wp0=(+3.85,-1.65) v=+0.200 ω=-0.010 wp_prog=13/78 ok=True iters=6
14:16:35 [DEBUG] [MPC IN] path_xy0..1=[[3.8500000000000005, -1.6500000000000004], [3.8500000000000005, -1.7500000000000004]] theta_ref0..2=[-1.5707963267948966, -1.5707963267948966, -1.5707963267948966] weights=[18.0, 7.5, 0.25, 0.5, 0.06, 0.0] vmin_soft=0.030
14:16:35 [DEBUG] corner=0.00 vmax_loc=0.20
