21:36:21 [INFO] === New MPC Session Started ===
21:36:21 [DEBUG] matplotlib data path: /usr/share/matplotlib/mpl-data
21:36:21 [DEBUG] CONFIGDIR=/home/max/.config/matplotlib
21:36:21 [DEBUG] interactive is False
21:36:21 [DEBUG] platform is linux
21:36:21 [DEBUG] loaded modules: ['sys', 'builtins', '_frozen_importlib', '_imp', '_thread', '_warnings', '_weakref', '_io', 'marshal', 'posix', '_frozen_importlib_external', 'time', 'zipimport', '_codecs', 'codecs', 'encodings.aliases', 'encodings', 'encodings.utf_8', '_signal', '_abc', 'abc', 'io', '__main__', '_stat', 'stat', '_collections_abc', 'genericpath', 'posixpath', 'os.path', 'os', '_sitebuiltins', 'types', 'importlib._bootstrap', 'importlib._bootstrap_external', 'warnings', 'importlib', 'importlib._abc', 'itertools', 'keyword', '_operator', 'operator', 'reprlib', '_collections', 'collections', '_functools', 'functools', 'contextlib', 'importlib.util', 'importlib.machinery', 'mpl_toolkits', 'phply', 'ruamel', 'zope', 'apport_python_hook', 'sitecustomize', 'site', 'crowdnav', 'crowdnav.env', 'gym.error', 'gym.version', 'collections.abc', 'enum', '_sre', 'sre_constants', 'sre_parse', 'sre_compile', '_locale', 'copyreg', 're', 'typing.io', 'typing.re', 'typing', 'numpy._utils._convertions', 'numpy._utils', 'numpy._globals', 'numpy.exceptions', 'numpy.version', 'numpy._distributor_init', 'numpy._utils._inspect', 'math', '_datetime', 'datetime', 'numpy.core._exceptions', 'numpy.dtypes', 'numpy.core._multiarray_umath', 'numpy.core.overrides', 'numpy.core.multiarray', 'numpy.core.umath', 'numbers', 'numpy.core._string_helpers', 'fnmatch', 'ntpath', 'errno', 'urllib', 'ipaddress', 'urllib.parse', 'pathlib', '_struct', 'struct', '_compat_pickle', '_pickle', 'pickle', 'numpy.compat.py3k', 'numpy.compat', 'numpy.core._dtype', 'numpy.core._type_aliases', 'numpy.core.numerictypes', '_contextvars', 'contextvars', 'numpy.core._ufunc_config', 'numpy.core._methods', 'numpy.core.fromnumeric', 'numpy.core.shape_base', 'numpy.core.arrayprint', 'numpy.core._asarray', 'numpy.core.numeric', 'numpy.core.defchararray', 'numpy.core.records', 'numpy.core.memmap', 'numpy.core.function_base', 'numpy.core._machar', 'numpy.core.getlimits', 'numpy.core.einsumfunc', 'numpy.core._multiarray_tests', 'numpy.core._add_newdocs', 'numpy.core._add_newdocs_scalars', 'numpy.core._dtype_ctypes', '_ast', 'ast', '_ctypes', 'ctypes._endian', 'ctypes', 'numpy.core._internal', 'numpy._pytesttester', 'numpy.core', 'numpy.__config__', 'numpy.lib.mixins', 'numpy.lib.ufunclike', 'numpy.lib.type_check', 'numpy.lib.scimath', 'numpy.lib.stride_tricks', 'numpy.lib.twodim_base', 'numpy.linalg._umath_linalg', '__future__', 'numpy._typing._nested_sequence', 'numpy._typing._nbit', 'numpy._typing._char_codes', 'numpy._typing._scalars', 'numpy._typing._shape', 'numpy._typing._dtype_like', 'numpy._typing._array_like', 'numpy._typing', 'numpy.linalg.linalg', 'numpy.linalg', 'numpy.matrixlib.defmatrix', 'numpy.matrixlib', 'numpy.lib.histograms', 'numpy.lib.function_base', 'numpy.lib.index_tricks', 'numpy.lib.nanfunctions', 'numpy.lib.shape_base', 'numpy.lib.polynomial', 'textwrap', 'signal', '_weakrefset', 'threading', 'fcntl', '_posixsubprocess', 'select', 'selectors', 'subprocess', 'platform', 'numpy.lib.utils', 'numpy.lib.arraysetops', 'weakref', 'numpy.lib.format', 'numpy.lib._datasource', 'numpy.lib._iotools', 'numpy.lib.npyio', 'numpy.lib.arrayterator', 'numpy.lib.arraypad', 'numpy.lib._version', 'numpy.lib', 'numpy.fft._pocketfft_internal', 'numpy.fft._pocketfft', 'numpy.fft.helper', 'numpy.fft', 'numpy.polynomial.polyutils', 'numpy.polynomial._polybase', 'numpy.polynomial.polynomial', 'numpy.polynomial.chebyshev', 'numpy.polynomial.legendre', 'numpy.polynomial.hermite', 'numpy.polynomial.hermite_e', 'numpy.polynomial.laguerre', 'numpy.polynomial', 'cython_runtime', '_cython_3_0_8', 'numpy.random._common', 'binascii', 'base64', '_hashlib', '_blake2', 'hashlib', 'hmac', '_bisect', 'bisect', '_random', '_sha512', 'random', 'secrets', 'numpy.random.bit_generator', 'numpy.random._bounded_integers', 'numpy.random._mt19937', 'numpy.random.mtrand', 'numpy.random._philox', 'numpy.random._pcg64', 'numpy.random._sfc64', 'numpy.random._generator', 'numpy.random._pickle', 'numpy.random', 'numpy.ctypeslib', '_opcode', 'opcode', 'dis', 'token', 'tokenize', 'linecache', 'inspect', 'numpy.ma.core', 'numpy.ma.extras', 'numpy.ma', 'numpy', 'gym.utils.colorize', 'gym.utils.ezpickle', 'gym.utils', 'gym.logger', 'gym.utils.seeding', 'gym.spaces.space', 'gym.spaces.box', 'gym.spaces.dict', 'gym.spaces.discrete', 'gym.spaces.multi_discrete', 'gym.spaces.graph', 'gym.spaces.multi_binary', 'gym.spaces.sequence', 'gym.spaces.text', 'gym.spaces.tuple', 'gym.spaces.utils', 'gym.spaces', 'gym.core', 'copy', '_heapq', 'heapq', 'difflib', 'dataclasses', 'cv2.load_config_py3', 'cv2.version', 'numpy._core', 'numpy._core._multiarray_umath', 'cv2.gapi.core', 'cv2.gapi.core.cpu', 'cv2.gapi.core.fluid', 'cv2.gapi.core.ocl', 'cv2.gapi.ie', 'cv2.gapi.ie.detail', 'cv2.gapi.imgproc', 'cv2.gapi.imgproc.fluid', 'cv2.gapi.oak', 'cv2.gapi.onnx', 'cv2.gapi.onnx.ep', 'cv2.gapi.ot', 'cv2.gapi.ot.cpu', 'cv2.gapi.ov', 'cv2.gapi.own', 'cv2.gapi.own.detail', 'cv2.gapi.render', 'cv2.gapi.render.ocv', 'cv2.gapi.streaming', 'cv2.gapi.video', 'cv2.gapi.wip', 'cv2.gapi.wip.draw', 'cv2.gapi.wip.gst', 'cv2.gapi.wip.onevpl', 'cv2.utils.fs', 'cv2.utils.nested', 'cv2.gapi', 'cv2.ogl', 'cv2.data', 'cv2.detail', 'cv2.flann', 'cv2.ml', 'cv2.aruco', 'cv2.qt', 'cv2.utils', 'cv2.typing', 'cv2.samples', 'cv2.barcode', 'cv2.segmentation', 'cv2.ocl', 'cv2.cuda', 'cv2.parallel', 'cv2.dnn', 'cv2.Error', 'cv2.videoio_registry', 'cv2.ipp', 'cv2.fisheye', 'cv2.misc.version', 'cv2.misc', 'cv2.mat_wrapper', 'cv2', 'gym.wrappers.atari_preprocessing', 'gym.wrappers.autoreset', 'gym.wrappers.clip_action', 'gym.wrappers.filter_observation', 'gym.wrappers.flatten_observation', 'gym.wrappers.frame_stack', 'gym.wrappers.gray_scale_observation', 'gym.wrappers.human_rendering', 'gym.wrappers.normalize', 'gym.wrappers.order_enforcing', 'gym.wrappers.record_episode_statistics', 'gym.wrappers.monitoring', '_json', 'json.scanner', 'json.decoder', 'json.encoder', 'json', 'zlib', '_compression', '_bz2', 'bz2', '_lzma', 'lzma', 'shutil', 'tempfile', 'gym.wrappers.monitoring.video_recorder', 'gym.wrappers.record_video', 'gym.wrappers.render_collection', 'gym.wrappers.rescale_action', 'gym.wrappers.resize_observation', 'gym.utils.step_api_compatibility', 'gym.wrappers.step_api_compatibility', 'gym.wrappers.time_aware_observation', 'gym.wrappers.time_limit', 'gym.wrappers.transform_observation', 'gym.wrappers.transform_reward', 'gym.wrappers.vector_list_info', 'gym.wrappers', 'gym.wrappers.compatibility', 'gym.utils.passive_env_checker', 'gym.wrappers.env_checker', '_csv', 'csv', 'email', 'zipfile', 'uu', 'quopri', '_socket', 'array', 'socket', 'locale', 'calendar', 'email._parseaddr', 'email.base64mime', '_string', 'string', 'email.quoprimime', 'email.errors', 'email.encoders', 'email.charset', 'email.utils', 'email.header', 'email._policybase', 'email._encoded_words', 'email.iterators', 'email.message', 'importlib.metadata._functools', 'importlib.metadata._text', 'importlib.metadata._adapters', 'importlib.metadata._meta', 'importlib.metadata._collections', 'importlib.metadata._itertools', 'importlib.abc', 'importlib.metadata', 'gym.envs.registration', 'gym.envs', 'multiprocessing.process', 'multiprocessing.reduction', 'multiprocessing.context', '__mp_main__', 'multiprocessing', 'gym.vector.utils.misc', 'gym.vector.utils.numpy_utils', 'gym.vector.utils.shared_memory', 'gym.vector.utils.spaces', 'gym.vector.utils', 'gym.vector.vector_env', 'gym.vector.async_vector_env', 'gym.vector.sync_vector_env', 'gym.vector', 'gym_notices', 'gym_notices.notices', 'gym', 'pybullet', 'pybullet_data', 'traceback', 'atexit', 'logging', 'crowdnav.logger_setup', 'crowdnav.config', 'crowdnav.kinematics', 'crowdnav.dynamics', 'crowdnav.sensors', 'crowdnav.control', 'crowdnav.control.align', 'crowdnav.control.track', 'crowdnav.planning', 'swig_runtime_data4', 'casadi._casadi', 'casadi.casadi', 'casadi', 'crowdnav.planning.mpc_runner', 'crowdnav.planning.path_mgr', 'crowdnav.utils2', 'crowdnav.utils2.coord', 'crowdnav.planning.path_math', 'crowdnav.utils', 'matplotlib', 'pprint', 'packaging.__about__', 'packaging', 'packaging._structures', 'packaging.version', 'matplotlib._api.deprecation', 'matplotlib._api', 'matplotlib._version', 'gzip', 'shlex', 'matplotlib._c_internal_utils', 'matplotlib.cbook', 'matplotlib.docstring', 'PIL._version', 'PIL', 'PIL.ImageMode', 'PIL.TiffTags', 'PIL._binary', 'PIL._util', 'PIL._imaging', 'PIL.Image', 'PIL.ImageChops', 'PIL.ImageFile', 'PIL.GimpGradientFile', 'PIL.GimpPaletteFile', 'PIL.ImageColor', 'PIL.PaletteFile', 'PIL.ImagePalette', 'PIL.ImageSequence', 'PIL.PngImagePlugin', 'matplotlib._path', 'matplotlib.bezier', 'matplotlib.path', 'matplotlib.transforms', 'matplotlib.ticker', 'matplotlib.scale', 'matplotlib._color_data', 'matplotlib.colors', 'pyparsing', 'matplotlib.fontconfig_pattern', 'matplotlib._enums', 'cycler', 'matplotlib.rcsetup', 'matplotlib.ft2font', 'dateutil._version', 'dateutil', 'kiwisolver']
21:36:21 [DEBUG] CACHEDIR=/home/max/.cache/matplotlib
21:36:21 [DEBUG] Using fontManager instance from /home/max/.cache/matplotlib/fontlist-v330.json
21:36:21 [DEBUG] Loaded backend TkAgg version unknown.
21:36:21 [INFO] CrowdNavPyBulletEnv initializing...
21:36:24 [INFO] World ready | grid: (112, 112), res: 0.1, N=10, T=0.1
21:36:25 [INFO] [PROG] s*=0.07/5.84 (1.2%) dist_goal=4.11
21:36:25 [INFO] [MPC] state=(-3.46,+0.15,-0.06) wp0=(-3.40,+0.15) v=+0.200 ω=-2.400 ok=True iters=10
21:36:25 [INFO] [PROG] s*=0.08/5.84 (1.3%) dist_goal=4.11
21:36:25 [INFO] [MPC] state=(-3.45,+0.15,-0.17) wp0=(-3.39,+0.15) v=+0.200 ω=-2.400 ok=True iters=8
21:36:25 [INFO] [PROG] s*=0.09/5.84 (1.5%) dist_goal=4.11
21:36:25 [INFO] [MPC] state=(-3.44,+0.15,-0.30) wp0=(-3.38,+0.15) v=+0.200 ω=-2.400 ok=True iters=8
21:36:25 [INFO] [PROG] s*=0.10/5.84 (1.7%) dist_goal=4.11
21:36:25 [INFO] [MPC] state=(-3.43,+0.15,-0.42) wp0=(-3.37,+0.15) v=+0.200 ω=-2.338 ok=True iters=10
21:36:25 [INFO] [PROG] s*=0.11/5.84 (1.9%) dist_goal=4.12
21:36:25 [INFO] [MPC] state=(-3.42,+0.14,-0.54) wp0=(-3.36,+0.15) v=+0.200 ω=-1.844 ok=True iters=7
21:36:25 [INFO] [PROG] s*=0.12/5.84 (2.1%) dist_goal=4.12
21:36:25 [INFO] [MPC] state=(-3.41,+0.13,-0.64) wp0=(-3.35,+0.15) v=+0.200 ω=-1.318 ok=True iters=6
21:36:25 [INFO] [PROG] s*=0.14/5.84 (2.3%) dist_goal=4.13
21:36:25 [INFO] [MPC] state=(-3.40,+0.12,-0.71) wp0=(-3.33,+0.15) v=+0.200 ω=-0.807 ok=True iters=6
21:36:25 [INFO] [PROG] s*=0.15/5.84 (2.6%) dist_goal=4.14
21:36:25 [INFO] [MPC] state=(-3.38,+0.11,-0.76) wp0=(-3.32,+0.15) v=+0.200 ω=-0.352 ok=True iters=7
21:36:25 [INFO] [PROG] s*=0.16/5.84 (2.8%) dist_goal=4.15
21:36:25 [INFO] [MPC] state=(-3.37,+0.10,-0.78) wp0=(-3.31,+0.15) v=+0.200 ω=+0.357 ok=True iters=7
21:36:25 [INFO] [PROG] s*=0.18/5.84 (3.0%) dist_goal=4.15
21:36:25 [INFO] [MPC] state=(-3.36,+0.08,-0.76) wp0=(-3.29,+0.15) v=+0.200 ω=+0.524 ok=True iters=7
21:36:25 [INFO] [PROG] s*=0.19/5.84 (3.3%) dist_goal=4.16
21:36:25 [INFO] [MPC] state=(-3.34,+0.07,-0.73) wp0=(-3.28,+0.15) v=+0.200 ω=+0.636 ok=True iters=7
21:36:25 [INFO] [PROG] s*=0.21/5.84 (3.5%) dist_goal=4.17
21:36:25 [INFO] [MPC] state=(-3.33,+0.06,-0.69) wp0=(-3.26,+0.15) v=+0.200 ω=+0.703 ok=True iters=7
21:36:25 [INFO] [PROG] s*=0.22/5.84 (3.7%) dist_goal=4.17
21:36:25 [INFO] [MPC] state=(-3.31,+0.05,-0.65) wp0=(-3.25,+0.15) v=+0.200 ω=+1.220 ok=True iters=7
21:36:25 [INFO] [PROG] s*=0.23/5.84 (4.0%) dist_goal=4.18
21:36:25 [INFO] [MPC] state=(-3.30,+0.04,-0.58) wp0=(-3.24,+0.15) v=+0.200 ω=+1.095 ok=True iters=7
21:36:25 [INFO] [PROG] s*=0.24/5.84 (4.2%) dist_goal=4.18
21:36:25 [INFO] [MPC] state=(-3.29,+0.03,-0.52) wp0=(-3.23,+0.15) v=+0.200 ω=+1.060 ok=True iters=7
21:36:25 [INFO] [PROG] s*=0.26/5.84 (4.4%) dist_goal=4.18
21:36:25 [INFO] [MPC] state=(-3.28,+0.02,-0.46) wp0=(-3.21,+0.15) v=+0.200 ω=+1.023 ok=True iters=8
21:36:25 [INFO] [PROG] s*=0.27/5.84 (4.7%) dist_goal=4.19
21:36:25 [INFO] [MPC] state=(-3.26,+0.02,-0.40) wp0=(-3.20,+0.15) v=+0.200 ω=+0.897 ok=True iters=8
21:36:25 [INFO] [PROG] s*=0.29/5.84 (5.0%) dist_goal=4.19
21:36:25 [INFO] [MPC] state=(-3.25,+0.01,-0.35) wp0=(-3.18,+0.15) v=+0.200 ω=+1.170 ok=True iters=8
21:36:25 [INFO] [PROG] s*=0.30/5.84 (5.2%) dist_goal=4.19
21:36:25 [INFO] [MPC] state=(-3.23,+0.01,-0.29) wp0=(-3.17,+0.15) v=+0.200 ω=+1.093 ok=True iters=8
21:36:25 [INFO] [PROG] s*=0.32/5.84 (5.5%) dist_goal=4.19
21:36:25 [INFO] [MPC] state=(-3.22,+0.00,-0.22) wp0=(-3.15,+0.15) v=+0.200 ω=+1.305 ok=True iters=8
21:36:25 [INFO] [PROG] s*=0.33/5.84 (5.7%) dist_goal=4.18
21:36:25 [INFO] [MPC] state=(-3.20,-0.00,-0.15) wp0=(-3.14,+0.15) v=+0.200 ω=+1.024 ok=True iters=8
21:36:25 [INFO] [PROG] s*=0.35/5.84 (6.0%) dist_goal=4.18
21:36:25 [INFO] [MPC] state=(-3.19,-0.00,-0.10) wp0=(-3.12,+0.15) v=+0.200 ω=+0.764 ok=True iters=8
21:36:25 [INFO] [PROG] s*=0.37/5.84 (6.3%) dist_goal=4.18
21:36:25 [INFO] [MPC] state=(-3.17,-0.00,-0.05) wp0=(-3.10,+0.15) v=+0.200 ω=+0.684 ok=True iters=8
21:36:25 [INFO] [PROG] s*=0.39/5.84 (6.6%) dist_goal=4.17
21:36:25 [INFO] [MPC] state=(-3.15,-0.01,-0.02) wp0=(-3.08,+0.15) v=+0.200 ω=+0.902 ok=True iters=8
21:36:25 [INFO] [PROG] s*=0.40/5.84 (6.9%) dist_goal=4.17
21:36:25 [INFO] [MPC] state=(-3.13,-0.01,+0.03) wp0=(-3.07,+0.15) v=+0.200 ω=+0.793 ok=True iters=8
21:36:25 [INFO] [PROG] s*=0.42/5.84 (7.2%) dist_goal=4.16
21:36:25 [INFO] [MPC] state=(-3.12,-0.00,+0.07) wp0=(-3.05,+0.15) v=+0.200 ω=+0.083 ok=True iters=8
21:36:25 [INFO] [PROG] s*=0.44/5.84 (7.6%) dist_goal=4.16
21:36:25 [INFO] [MPC] state=(-3.10,-0.00,+0.08) wp0=(-3.03,+0.15) v=+0.200 ω=+0.034 ok=True iters=8
21:36:25 [INFO] [PROG] s*=0.46/5.84 (7.9%) dist_goal=4.15
21:36:25 [INFO] [MPC] state=(-3.08,-0.00,+0.08) wp0=(-3.01,+0.15) v=+0.200 ω=-0.000 ok=True iters=8
21:36:25 [INFO] [PROG] s*=0.48/5.84 (8.2%) dist_goal=4.14
21:36:25 [INFO] [MPC] state=(-3.06,-0.00,+0.08) wp0=(-2.99,+0.15) v=+0.200 ω=-0.027 ok=True iters=8
21:36:25 [INFO] [PROG] s*=0.50/5.84 (8.6%) dist_goal=4.14
21:36:25 [INFO] [MPC] state=(-3.04,+0.00,+0.08) wp0=(-2.97,+0.15) v=+0.200 ω=-0.047 ok=True iters=8
21:36:25 [INFO] [PROG] s*=0.52/5.84 (8.9%) dist_goal=4.13
21:36:25 [INFO] [MPC] state=(-3.02,+0.00,+0.07) wp0=(-2.95,+0.15) v=+0.200 ω=-0.061 ok=True iters=8
21:36:25 [INFO] [PROG] s*=0.54/5.84 (9.3%) dist_goal=4.13
21:36:25 [INFO] [MPC] state=(-3.00,+0.00,+0.07) wp0=(-2.93,+0.15) v=+0.200 ω=-0.071 ok=True iters=8
21:36:25 [INFO] [PROG] s*=0.56/5.84 (9.6%) dist_goal=4.12
21:36:25 [INFO] [MPC] state=(-2.98,+0.01,+0.06) wp0=(-2.91,+0.15) v=+0.200 ω=-0.553 ok=True iters=8
21:36:25 [INFO] [PROG] s*=0.58/5.84 (9.9%) dist_goal=4.12
21:36:25 [INFO] [MPC] state=(-2.96,+0.01,+0.03) wp0=(-2.89,+0.15) v=+0.200 ω=-0.297 ok=True iters=8
21:36:25 [INFO] [PROG] s*=0.60/5.84 (10.3%) dist_goal=4.12
21:36:25 [INFO] [MPC] state=(-2.94,+0.01,-0.00) wp0=(-2.87,+0.15) v=+0.200 ω=-0.235 ok=True iters=8
21:36:25 [INFO] [PROG] s*=0.62/5.84 (10.6%) dist_goal=4.11
21:36:25 [INFO] [MPC] state=(-2.92,+0.01,-0.02) wp0=(-2.85,+0.15) v=+0.200 ω=-0.192 ok=True iters=8
21:36:25 [INFO] [PROG] s*=0.64/5.84 (11.0%) dist_goal=4.11
21:36:25 [INFO] [MPC] state=(-2.90,+0.01,-0.04) wp0=(-2.83,+0.15) v=+0.200 ω=-0.143 ok=True iters=8
21:36:25 [INFO] [PROG] s*=0.66/5.84 (11.3%) dist_goal=4.11
21:36:25 [INFO] [MPC] state=(-2.88,+0.01,-0.05) wp0=(-2.81,+0.15) v=+0.200 ω=-0.099 ok=True iters=8
21:36:25 [INFO] [PROG] s*=0.68/5.84 (11.6%) dist_goal=4.11
21:36:25 [INFO] [MPC] state=(-2.86,+0.00,-0.06) wp0=(-2.79,+0.15) v=+0.200 ω=+0.547 ok=True iters=8
21:36:25 [INFO] [PROG] s*=0.70/5.84 (12.0%) dist_goal=4.10
21:36:25 [INFO] [MPC] state=(-2.84,+0.00,-0.03) wp0=(-2.77,+0.15) v=+0.200 ω=-0.117 ok=True iters=8
21:36:25 [INFO] [PROG] s*=0.72/5.84 (12.3%) dist_goal=4.10
21:36:25 [INFO] [MPC] state=(-2.82,+0.00,-0.04) wp0=(-2.75,+0.15) v=+0.200 ω=+0.527 ok=True iters=8
21:36:25 [INFO] [PROG] s*=0.74/5.84 (12.6%) dist_goal=4.10
21:36:25 [INFO] [MPC] state=(-2.80,+0.00,-0.01) wp0=(-2.73,+0.15) v=+0.200 ω=+0.303 ok=True iters=8
21:36:25 [INFO] [PROG] s*=0.76/5.84 (12.9%) dist_goal=4.09
21:36:25 [INFO] [MPC] state=(-2.78,+0.00,+0.00) wp0=(-2.71,+0.15) v=+0.200 ω=+0.262 ok=True iters=8
21:36:25 [INFO] [PROG] s*=0.77/5.84 (13.3%) dist_goal=4.09
21:36:25 [INFO] [MPC] state=(-2.76,+0.00,+0.02) wp0=(-2.70,+0.15) v=+0.200 ω=+0.212 ok=True iters=8
21:36:25 [INFO] [PROG] s*=0.79/5.84 (13.6%) dist_goal=4.09
21:36:25 [INFO] [MPC] state=(-2.75,+0.00,+0.03) wp0=(-2.68,+0.15) v=+0.200 ω=+0.032 ok=True iters=8
21:36:25 [INFO] [PROG] s*=0.82/5.84 (14.0%) dist_goal=4.08
21:36:25 [INFO] [MPC] state=(-2.73,+0.00,+0.04) wp0=(-2.65,+0.15) v=+0.200 ω=+0.013 ok=True iters=7
21:36:25 [INFO] [PROG] s*=0.83/5.84 (14.3%) dist_goal=4.08
21:36:25 [INFO] [MPC] state=(-2.70,+0.00,+0.04) wp0=(-2.64,+0.15) v=+0.200 ω=-0.290 ok=True iters=7
21:36:25 [INFO] [PROG] s*=0.85/5.84 (14.6%) dist_goal=4.08
21:36:25 [INFO] [MPC] state=(-2.69,+0.01,+0.01) wp0=(-2.62,+0.15) v=+0.200 ω=-0.241 ok=True iters=7
21:36:25 [INFO] [PROG] s*=0.87/5.84 (15.0%) dist_goal=4.08
21:36:25 [INFO] [MPC] state=(-2.67,+0.01,-0.00) wp0=(-2.60,+0.15) v=+0.200 ω=-0.200 ok=True iters=7
21:36:25 [INFO] [PROG] s*=0.89/5.84 (15.3%) dist_goal=4.07
21:36:25 [INFO] [MPC] state=(-2.65,+0.00,-0.02) wp0=(-2.58,+0.15) v=+0.200 ω=-0.157 ok=True iters=7
21:36:25 [INFO] [PROG] s*=0.91/5.84 (15.7%) dist_goal=4.07
21:36:25 [INFO] [MPC] state=(-2.63,+0.00,-0.03) wp0=(-2.56,+0.15) v=+0.200 ω=-0.117 ok=True iters=7
21:36:25 [INFO] [PROG] s*=0.93/5.84 (16.0%) dist_goal=4.07
21:36:25 [INFO] [MPC] state=(-2.61,+0.00,-0.04) wp0=(-2.54,+0.15) v=+0.200 ω=+0.527 ok=True iters=7
21:36:25 [INFO] [PROG] s*=0.95/5.84 (16.3%) dist_goal=4.07
21:36:25 [INFO] [MPC] state=(-2.59,+0.00,-0.02) wp0=(-2.52,+0.15) v=+0.200 ω=-0.134 ok=True iters=7
21:36:25 [INFO] [PROG] s*=0.97/5.84 (16.6%) dist_goal=4.07
21:36:25 [INFO] [MPC] state=(-2.57,+0.00,-0.03) wp0=(-2.50,+0.15) v=+0.200 ω=+0.510 ok=True iters=7
21:36:25 [INFO] [PROG] s*=0.99/5.84 (16.9%) dist_goal=4.07
21:36:25 [INFO] [MPC] state=(-2.55,+0.00,-0.00) wp0=(-2.48,+0.15) v=+0.200 ω=+0.282 ok=True iters=7
21:36:25 [INFO] [PROG] s*=1.01/5.84 (17.3%) dist_goal=4.06
21:36:25 [INFO] [MPC] state=(-2.53,+0.00,+0.01) wp0=(-2.46,+0.15) v=+0.200 ω=+0.238 ok=True iters=7
21:36:25 [INFO] [PROG] s*=1.03/5.84 (17.6%) dist_goal=4.06
21:36:25 [INFO] [MPC] state=(-2.51,+0.00,+0.03) wp0=(-2.44,+0.15) v=+0.200 ω=+0.047 ok=True iters=7
21:36:25 [INFO] [PROG] s*=1.05/5.84 (18.0%) dist_goal=4.06
21:36:25 [INFO] [MPC] state=(-2.49,+0.00,+0.03) wp0=(-2.42,+0.15) v=+0.200 ω=+0.025 ok=True iters=7
21:36:25 [INFO] [PROG] s*=1.07/5.84 (18.3%) dist_goal=4.06
21:36:25 [INFO] [MPC] state=(-2.47,+0.00,+0.04) wp0=(-2.40,+0.15) v=+0.200 ω=-0.281 ok=True iters=7
21:36:25 [INFO] [PROG] s*=1.09/5.84 (18.6%) dist_goal=4.05
21:36:25 [INFO] [MPC] state=(-2.45,+0.00,+0.02) wp0=(-2.38,+0.15) v=+0.200 ω=-0.242 ok=True iters=7
21:36:25 [INFO] [PROG] s*=1.11/5.84 (19.0%) dist_goal=4.05
21:36:25 [INFO] [MPC] state=(-2.43,+0.00,-0.00) wp0=(-2.36,+0.15) v=+0.200 ω=-0.204 ok=True iters=7
21:36:25 [INFO] [PROG] s*=1.13/5.84 (19.3%) dist_goal=4.05
21:36:25 [INFO] [MPC] state=(-2.41,+0.00,-0.02) wp0=(-2.34,+0.15) v=+0.200 ω=-0.153 ok=True iters=7
21:36:25 [INFO] [PROG] s*=1.15/5.84 (19.7%) dist_goal=4.05
21:36:25 [INFO] [MPC] state=(-2.39,+0.00,-0.03) wp0=(-2.32,+0.15) v=+0.200 ω=-0.117 ok=True iters=7
21:36:25 [INFO] [PROG] s*=1.17/5.84 (20.0%) dist_goal=4.05
21:36:25 [INFO] [MPC] state=(-2.37,+0.00,-0.04) wp0=(-2.30,+0.15) v=+0.200 ω=+0.527 ok=True iters=7
21:36:25 [INFO] [PROG] s*=1.19/5.84 (20.3%) dist_goal=4.05
21:36:25 [INFO] [MPC] state=(-2.35,+0.00,-0.01) wp0=(-2.28,+0.15) v=+0.200 ω=-0.139 ok=True iters=7
21:36:25 [INFO] [PROG] s*=1.21/5.84 (20.6%) dist_goal=4.05
21:36:25 [INFO] [MPC] state=(-2.33,+0.00,-0.03) wp0=(-2.26,+0.15) v=+0.200 ω=+0.507 ok=True iters=7
21:36:25 [INFO] [PROG] s*=1.22/5.84 (21.0%) dist_goal=4.05
21:36:25 [INFO] [MPC] state=(-2.31,+0.00,-0.00) wp0=(-2.25,+0.15) v=+0.200 ω=+0.278 ok=True iters=7
21:36:25 [INFO] [PROG] s*=1.24/5.84 (21.3%) dist_goal=4.05
21:36:25 [INFO] [MPC] state=(-2.30,+0.00,+0.02) wp0=(-2.23,+0.15) v=+0.200 ω=+0.237 ok=True iters=7
21:36:25 [INFO] [PROG] s*=1.26/5.84 (21.6%) dist_goal=4.05
21:36:25 [INFO] [MPC] state=(-2.28,+0.00,+0.03) wp0=(-2.21,+0.15) v=+0.200 ω=+0.058 ok=True iters=7
21:36:25 [INFO] [PROG] s*=1.28/5.84 (22.0%) dist_goal=4.05
21:36:25 [INFO] [MPC] state=(-2.26,+0.00,+0.04) wp0=(-2.19,+0.15) v=+0.200 ω=+0.043 ok=True iters=7
21:36:25 [INFO] [PROG] s*=1.30/5.84 (22.3%) dist_goal=4.05
21:36:25 [INFO] [MPC] state=(-2.24,+0.00,+0.04) wp0=(-2.17,+0.15) v=+0.200 ω=+0.036 ok=True iters=7
21:36:25 [INFO] [PROG] s*=1.32/5.84 (22.7%) dist_goal=4.04
21:36:25 [INFO] [MPC] state=(-2.22,+0.01,+0.05) wp0=(-2.15,+0.15) v=+0.200 ω=-0.260 ok=True iters=8
21:36:25 [INFO] [PROG] s*=1.34/5.84 (23.0%) dist_goal=4.04
21:36:25 [INFO] [MPC] state=(-2.20,+0.01,+0.03) wp0=(-2.13,+0.15) v=+0.200 ω=-0.210 ok=True iters=8
21:36:25 [INFO] [PROG] s*=1.36/5.84 (23.3%) dist_goal=4.04
21:36:25 [INFO] [MPC] state=(-2.18,+0.01,+0.01) wp0=(-2.11,+0.15) v=+0.200 ω=+0.318 ok=True iters=8
21:36:25 [INFO] [PROG] s*=1.38/5.84 (23.7%) dist_goal=4.04
21:36:25 [INFO] [MPC] state=(-2.16,+0.01,+0.03) wp0=(-2.09,+0.15) v=+0.200 ω=+0.299 ok=True iters=8
21:36:25 [INFO] [PROG] s*=1.40/5.84 (24.0%) dist_goal=4.04
21:36:25 [INFO] [MPC] state=(-2.14,+0.01,+0.05) wp0=(-2.07,+0.15) v=+0.200 ω=+0.130 ok=True iters=8
21:36:25 [INFO] [PROG] s*=1.42/5.84 (24.3%) dist_goal=4.04
21:36:25 [INFO] [MPC] state=(-2.12,+0.01,+0.06) wp0=(-2.05,+0.15) v=+0.200 ω=+0.354 ok=True iters=8
21:36:26 [INFO] [PROG] s*=1.44/5.84 (24.7%) dist_goal=4.04
21:36:26 [INFO] [MPC] state=(-2.10,+0.01,+0.08) wp0=(-2.03,+0.15) v=+0.200 ω=+0.181 ok=True iters=8
21:36:26 [INFO] [PROG] s*=1.46/5.84 (25.0%) dist_goal=4.04
21:36:26 [INFO] [MPC] state=(-2.08,+0.01,+0.09) wp0=(-2.01,+0.15) v=+0.200 ω=+0.183 ok=True iters=9
21:36:26 [INFO] [PROG] s*=1.48/5.84 (25.3%) dist_goal=4.04
21:36:26 [INFO] [MPC] state=(-2.06,+0.01,+0.11) wp0=(-1.99,+0.15) v=+0.200 ω=-0.094 ok=True iters=9
21:36:26 [INFO] [PROG] s*=1.50/5.84 (25.7%) dist_goal=4.03
21:36:26 [INFO] [MPC] state=(-2.04,+0.02,+0.10) wp0=(-1.97,+0.15) v=+0.200 ω=+0.322 ok=True iters=10
21:36:26 [INFO] [PROG] s*=1.52/5.84 (26.0%) dist_goal=4.03
21:36:26 [INFO] [MPC] state=(-2.02,+0.02,+0.12) wp0=(-1.95,+0.15) v=+0.200 ω=+0.898 ok=True iters=8
21:36:26 [INFO] [PROG] s*=1.53/5.84 (26.2%) dist_goal=4.03
21:36:26 [INFO] [MPC] state=(-2.00,+0.02,+0.17) wp0=(-1.94,+0.15) v=+0.200 ω=+1.726 ok=True iters=7
21:36:26 [INFO] [PROG] s*=1.54/5.84 (26.4%) dist_goal=4.03
21:36:26 [INFO] [MPC] state=(-1.99,+0.02,+0.26) wp0=(-1.93,+0.15) v=+0.200 ω=+2.044 ok=True iters=7
21:36:26 [INFO] [PROG] s*=1.55/5.84 (26.6%) dist_goal=4.02
21:36:26 [INFO] [MPC] state=(-1.98,+0.03,+0.37) wp0=(-1.92,+0.15) v=+0.200 ω=+1.719 ok=True iters=7
21:36:26 [INFO] [PROG] s*=1.56/5.84 (26.8%) dist_goal=4.02
21:36:26 [INFO] [MPC] state=(-1.97,+0.03,+0.46) wp0=(-1.91,+0.15) v=+0.200 ω=+1.752 ok=True iters=7
21:36:26 [INFO] [PROG] s*=1.57/5.84 (26.9%) dist_goal=4.01
21:36:26 [INFO] [MPC] state=(-1.96,+0.04,+0.56) wp0=(-1.90,+0.15) v=+0.200 ω=+1.676 ok=True iters=8
21:36:26 [INFO] [PROG] s*=1.58/5.84 (27.1%) dist_goal=4.00
21:36:26 [INFO] [MPC] state=(-1.95,+0.05,+0.65) wp0=(-1.89,+0.15) v=+0.200 ω=+1.609 ok=True iters=8
21:36:26 [INFO] [PROG] s*=1.60/5.84 (27.3%) dist_goal=3.99
21:36:26 [INFO] [MPC] state=(-1.94,+0.05,+0.74) wp0=(-1.87,+0.15) v=+0.200 ω=+1.252 ok=True iters=8
21:36:26 [INFO] [PROG] s*=1.61/5.84 (27.5%) dist_goal=3.98
21:36:26 [INFO] [MPC] state=(-1.92,+0.07,+0.80) wp0=(-1.86,+0.15) v=+0.200 ω=+1.157 ok=True iters=8
21:36:26 [INFO] [PROG] s*=1.62/5.84 (27.7%) dist_goal=3.97
21:36:26 [INFO] [MPC] state=(-1.91,+0.08,+0.87) wp0=(-1.85,+0.15) v=+0.200 ω=+0.947 ok=True iters=7
21:36:26 [INFO] [PROG] s*=1.63/5.84 (27.8%) dist_goal=3.95
21:36:26 [INFO] [MPC] state=(-1.90,+0.09,+0.92) wp0=(-1.85,+0.16) v=+0.200 ω=+0.771 ok=True iters=7
21:36:26 [INFO] [PROG] s*=1.64/5.84 (28.0%) dist_goal=3.94
21:36:26 [INFO] [MPC] state=(-1.89,+0.10,+0.97) wp0=(-1.85,+0.17) v=+0.200 ω=+0.464 ok=True iters=7
21:36:26 [INFO] [PROG] s*=1.65/5.84 (28.2%) dist_goal=3.92
21:36:26 [INFO] [MPC] state=(-1.88,+0.12,+1.00) wp0=(-1.85,+0.18) v=+0.200 ω=+0.357 ok=True iters=7
21:36:26 [INFO] [PROG] s*=1.66/5.84 (28.4%) dist_goal=3.91
21:36:26 [INFO] [MPC] state=(-1.87,+0.14,+1.02) wp0=(-1.85,+0.19) v=+0.200 ω=+0.490 ok=True iters=7
21:36:26 [INFO] [PROG] s*=1.69/5.84 (28.9%) dist_goal=3.89
21:36:26 [INFO] [MPC] state=(-1.86,+0.15,+1.05) wp0=(-1.85,+0.22) v=+0.200 ω=+0.218 ok=True iters=7
21:36:26 [INFO] [PROG] s*=1.71/5.84 (29.2%) dist_goal=3.88
21:36:26 [INFO] [MPC] state=(-1.85,+0.17,+1.07) wp0=(-1.85,+0.24) v=+0.200 ω=+0.430 ok=True iters=7
21:36:26 [INFO] [PROG] s*=1.72/5.84 (29.5%) dist_goal=3.86
21:36:26 [INFO] [MPC] state=(-1.85,+0.19,+1.09) wp0=(-1.85,+0.25) v=+0.200 ω=+0.364 ok=True iters=7
21:36:26 [INFO] [PROG] s*=1.74/5.84 (29.8%) dist_goal=3.84
21:36:26 [INFO] [MPC] state=(-1.84,+0.20,+1.12) wp0=(-1.85,+0.27) v=+0.200 ω=+0.329 ok=True iters=7
21:36:26 [INFO] [PROG] s*=1.76/5.84 (30.1%) dist_goal=3.83
21:36:26 [INFO] [MPC] state=(-1.83,+0.22,+1.14) wp0=(-1.85,+0.29) v=+0.200 ω=+0.326 ok=True iters=7
21:36:26 [INFO] [PROG] s*=1.77/5.84 (30.4%) dist_goal=3.81
21:36:26 [INFO] [MPC] state=(-1.82,+0.24,+1.16) wp0=(-1.85,+0.30) v=+0.200 ω=+0.299 ok=True iters=7
21:36:26 [INFO] [PROG] s*=1.79/5.84 (30.7%) dist_goal=3.79
21:36:26 [INFO] [MPC] state=(-1.81,+0.25,+1.18) wp0=(-1.85,+0.32) v=+0.200 ω=+0.242 ok=True iters=7
21:36:26 [INFO] [PROG] s*=1.81/5.84 (31.0%) dist_goal=3.78
21:36:26 [INFO] [MPC] state=(-1.81,+0.27,+1.20) wp0=(-1.85,+0.34) v=+0.200 ω=+0.289 ok=True iters=7
21:36:26 [INFO] [PROG] s*=1.83/5.84 (31.3%) dist_goal=3.76
21:36:26 [INFO] [MPC] state=(-1.80,+0.29,+1.22) wp0=(-1.85,+0.36) v=+0.200 ω=+0.270 ok=True iters=7
21:36:26 [INFO] [PROG] s*=1.85/5.84 (31.6%) dist_goal=3.74
21:36:26 [INFO] [MPC] state=(-1.79,+0.31,+1.24) wp0=(-1.85,+0.38) v=+0.200 ω=+0.290 ok=True iters=7
21:36:26 [INFO] [PROG] s*=1.87/5.84 (32.0%) dist_goal=3.72
21:36:26 [INFO] [MPC] state=(-1.79,+0.33,+1.26) wp0=(-1.85,+0.40) v=+0.200 ω=-0.017 ok=True iters=7
21:36:26 [INFO] [PROG] s*=1.89/5.84 (32.3%) dist_goal=3.70
21:36:26 [INFO] [MPC] state=(-1.78,+0.35,+1.26) wp0=(-1.85,+0.42) v=+0.200 ω=+0.402 ok=True iters=7
21:36:26 [INFO] [PROG] s*=1.90/5.84 (32.6%) dist_goal=3.69
21:36:26 [INFO] [MPC] state=(-1.77,+0.37,+1.28) wp0=(-1.85,+0.43) v=+0.200 ω=+0.393 ok=True iters=7
21:36:26 [INFO] [PROG] s*=1.92/5.84 (32.9%) dist_goal=3.67
21:36:26 [INFO] [MPC] state=(-1.77,+0.38,+1.31) wp0=(-1.85,+0.45) v=+0.200 ω=+0.381 ok=True iters=7
21:36:26 [INFO] [PROG] s*=1.94/5.84 (33.2%) dist_goal=3.65
21:36:26 [INFO] [MPC] state=(-1.76,+0.40,+1.33) wp0=(-1.85,+0.47) v=+0.200 ω=+0.046 ok=True iters=7
21:36:26 [INFO] [PROG] s*=1.96/5.84 (33.6%) dist_goal=3.63
21:36:26 [INFO] [MPC] state=(-1.76,+0.42,+1.34) wp0=(-1.85,+0.49) v=+0.200 ω=+0.090 ok=True iters=7
21:36:26 [INFO] [PROG] s*=1.98/5.84 (33.9%) dist_goal=3.61
21:36:26 [INFO] [MPC] state=(-1.75,+0.44,+1.35) wp0=(-1.85,+0.51) v=+0.200 ω=+0.121 ok=True iters=7
21:36:26 [INFO] [PROG] s*=2.00/5.84 (34.2%) dist_goal=3.59
21:36:26 [INFO] [MPC] state=(-1.75,+0.46,+1.36) wp0=(-1.85,+0.53) v=+0.200 ω=+0.142 ok=True iters=7
21:36:26 [INFO] [PROG] s*=2.02/5.84 (34.6%) dist_goal=3.57
21:36:26 [INFO] [MPC] state=(-1.75,+0.48,+1.37) wp0=(-1.85,+0.55) v=+0.200 ω=+0.291 ok=True iters=7
21:36:26 [INFO] [PROG] s*=2.04/5.84 (34.9%) dist_goal=3.56
21:36:26 [INFO] [MPC] state=(-1.74,+0.50,+1.39) wp0=(-1.85,+0.57) v=+0.200 ω=+0.278 ok=True iters=7
21:36:26 [INFO] [PROG] s*=2.06/5.84 (35.2%) dist_goal=3.54
21:36:26 [INFO] [MPC] state=(-1.74,+0.52,+1.41) wp0=(-1.85,+0.59) v=+0.200 ω=+0.488 ok=True iters=7
21:36:26 [INFO] [PROG] s*=2.08/5.84 (35.5%) dist_goal=3.52
21:36:26 [INFO] [MPC] state=(-1.74,+0.54,+1.44) wp0=(-1.85,+0.61) v=+0.200 ω=+0.436 ok=True iters=7
21:36:26 [INFO] [PROG] s*=2.09/5.84 (35.8%) dist_goal=3.50
21:36:26 [INFO] [MPC] state=(-1.73,+0.56,+1.47) wp0=(-1.85,+0.62) v=+0.200 ω=+0.387 ok=True iters=7
21:36:26 [INFO] [PROG] s*=2.11/5.84 (36.2%) dist_goal=3.48
21:36:26 [INFO] [MPC] state=(-1.73,+0.57,+1.49) wp0=(-1.85,+0.64) v=+0.200 ω=+0.210 ok=True iters=7
21:36:26 [INFO] [PROG] s*=2.13/5.84 (36.5%) dist_goal=3.46
21:36:26 [INFO] [MPC] state=(-1.73,+0.59,+1.51) wp0=(-1.85,+0.66) v=+0.200 ω=+0.535 ok=True iters=7
21:36:26 [INFO] [PROG] s*=2.15/5.84 (36.8%) dist_goal=3.44
21:36:26 [INFO] [MPC] state=(-1.73,+0.61,+1.54) wp0=(-1.85,+0.68) v=+0.200 ω=+0.030 ok=True iters=7
21:36:26 [INFO] [PROG] s*=2.17/5.84 (37.2%) dist_goal=3.43
21:36:26 [INFO] [MPC] state=(-1.73,+0.63,+1.54) wp0=(-1.85,+0.70) v=+0.200 ω=+0.468 ok=True iters=7
21:36:26 [INFO] [PROG] s*=2.19/5.84 (37.5%) dist_goal=3.41
21:36:26 [INFO] [MPC] state=(-1.73,+0.65,+1.56) wp0=(-1.85,+0.72) v=+0.200 ω=-0.036 ok=True iters=7
21:36:26 [INFO] [PROG] s*=2.21/5.84 (37.8%) dist_goal=3.39
21:36:26 [INFO] [MPC] state=(-1.73,+0.67,+1.56) wp0=(-1.85,+0.74) v=+0.200 ω=+0.300 ok=True iters=7
21:36:26 [INFO] [PROG] s*=2.23/5.84 (38.2%) dist_goal=3.37
21:36:26 [INFO] [MPC] state=(-1.73,+0.69,+1.58) wp0=(-1.85,+0.76) v=+0.200 ω=+0.241 ok=True iters=7
21:36:26 [INFO] [PROG] s*=2.25/5.84 (38.5%) dist_goal=3.35
21:36:26 [INFO] [MPC] state=(-1.73,+0.71,+1.59) wp0=(-1.85,+0.78) v=+0.200 ω=+0.197 ok=True iters=7
21:36:26 [INFO] [PROG] s*=2.27/5.84 (38.8%) dist_goal=3.33
21:36:26 [INFO] [MPC] state=(-1.73,+0.73,+1.61) wp0=(-1.85,+0.80) v=+0.200 ω=+0.053 ok=True iters=7
21:36:26 [INFO] [PROG] s*=2.29/5.84 (39.2%) dist_goal=3.31
21:36:26 [INFO] [MPC] state=(-1.73,+0.75,+1.61) wp0=(-1.85,+0.82) v=+0.200 ω=+0.027 ok=True iters=7
21:36:26 [INFO] [PROG] s*=2.31/5.84 (39.5%) dist_goal=3.29
21:36:26 [INFO] [MPC] state=(-1.73,+0.77,+1.62) wp0=(-1.85,+0.84) v=+0.200 ω=+0.008 ok=True iters=7
21:36:26 [INFO] [PROG] s*=2.33/5.84 (39.9%) dist_goal=3.27
21:36:26 [INFO] [MPC] state=(-1.73,+0.79,+1.62) wp0=(-1.85,+0.86) v=+0.200 ω=-0.228 ok=True iters=7
21:36:26 [INFO] [PROG] s*=2.35/5.84 (40.2%) dist_goal=3.25
21:36:26 [INFO] [MPC] state=(-1.73,+0.81,+1.60) wp0=(-1.85,+0.88) v=+0.200 ω=-0.192 ok=True iters=7
21:36:26 [INFO] [PROG] s*=2.37/5.84 (40.6%) dist_goal=3.23
21:36:26 [INFO] [MPC] state=(-1.73,+0.83,+1.58) wp0=(-1.85,+0.90) v=+0.200 ω=-0.151 ok=True iters=7
21:36:26 [INFO] [PROG] s*=2.39/5.84 (40.9%) dist_goal=3.21
21:36:26 [INFO] [MPC] state=(-1.73,+0.85,+1.57) wp0=(-1.85,+0.92) v=+0.200 ω=-0.110 ok=True iters=7
21:36:26 [INFO] [PROG] s*=2.41/5.84 (41.2%) dist_goal=3.19
21:36:26 [INFO] [MPC] state=(-1.73,+0.87,+1.56) wp0=(-1.85,+0.94) v=+0.200 ω=-0.080 ok=True iters=7
21:36:26 [INFO] [PROG] s*=2.43/5.84 (41.6%) dist_goal=3.17
21:36:26 [INFO] [MPC] state=(-1.73,+0.89,+1.55) wp0=(-1.85,+0.96) v=+0.200 ω=-0.055 ok=True iters=7
21:36:26 [INFO] [PROG] s*=2.45/5.84 (41.9%) dist_goal=3.15
21:36:26 [INFO] [MPC] state=(-1.73,+0.91,+1.55) wp0=(-1.85,+0.98) v=+0.200 ω=-0.035 ok=True iters=7
21:36:26 [INFO] [PROG] s*=2.47/5.84 (42.3%) dist_goal=3.13
21:36:26 [INFO] [MPC] state=(-1.73,+0.93,+1.54) wp0=(-1.85,+1.00) v=+0.200 ω=+0.420 ok=True iters=7
21:36:26 [INFO] [PROG] s*=2.49/5.84 (42.6%) dist_goal=3.11
21:36:26 [INFO] [MPC] state=(-1.73,+0.95,+1.57) wp0=(-1.85,+1.02) v=+0.200 ω=+0.359 ok=True iters=7
21:36:26 [INFO] [PROG] s*=2.51/5.84 (42.9%) dist_goal=3.09
21:36:26 [INFO] [MPC] state=(-1.73,+0.97,+1.59) wp0=(-1.85,+1.04) v=+0.200 ω=+0.305 ok=True iters=7
21:36:26 [INFO] [PROG] s*=2.53/5.84 (43.2%) dist_goal=3.07
21:36:26 [INFO] [MPC] state=(-1.73,+0.99,+1.60) wp0=(-1.85,+1.06) v=+0.200 ω=+0.158 ok=True iters=7
21:36:26 [INFO] [PROG] s*=2.54/5.84 (43.6%) dist_goal=3.05
21:36:26 [INFO] [MPC] state=(-1.73,+1.01,+1.61) wp0=(-1.85,+1.07) v=+0.200 ω=+0.551 ok=True iters=7
21:36:26 [INFO] [PROG] s*=2.56/5.84 (43.9%) dist_goal=3.04
21:36:26 [INFO] [MPC] state=(-1.73,+1.02,+1.64) wp0=(-1.85,+1.09) v=+0.200 ω=+0.455 ok=True iters=7
21:36:26 [INFO] [PROG] s*=2.58/5.84 (44.2%) dist_goal=3.02
21:36:26 [INFO] [MPC] state=(-1.74,+1.04,+1.67) wp0=(-1.85,+1.11) v=+0.200 ω=+0.364 ok=True iters=7
21:36:26 [INFO] [PROG] s*=2.60/5.84 (44.5%) dist_goal=3.00
21:36:26 [INFO] [MPC] state=(-1.74,+1.06,+1.69) wp0=(-1.85,+1.13) v=+0.200 ω=+0.186 ok=True iters=7
21:36:26 [INFO] [PROG] s*=2.62/5.84 (44.9%) dist_goal=2.98
21:36:26 [INFO] [MPC] state=(-1.74,+1.08,+1.71) wp0=(-1.85,+1.15) v=+0.200 ω=+0.123 ok=True iters=7
21:36:26 [INFO] [PROG] s*=2.64/5.84 (45.2%) dist_goal=2.96
21:36:26 [INFO] [MPC] state=(-1.74,+1.10,+1.72) wp0=(-1.85,+1.17) v=+0.200 ω=+0.091 ok=True iters=7
21:36:26 [INFO] [PROG] s*=2.66/5.84 (45.5%) dist_goal=2.94
21:36:26 [INFO] [MPC] state=(-1.75,+1.12,+1.73) wp0=(-1.85,+1.19) v=+0.200 ω=+0.386 ok=True iters=7
21:36:26 [INFO] [PROG] s*=2.68/5.84 (45.9%) dist_goal=2.92
21:36:26 [INFO] [MPC] state=(-1.75,+1.14,+1.75) wp0=(-1.85,+1.21) v=+0.200 ω=+0.183 ok=True iters=7
21:36:26 [INFO] [PROG] s*=2.70/5.84 (46.2%) dist_goal=2.90
21:36:26 [INFO] [MPC] state=(-1.75,+1.16,+1.77) wp0=(-1.85,+1.23) v=+0.200 ω=+0.113 ok=True iters=7
21:36:26 [INFO] [PROG] s*=2.72/5.84 (46.5%) dist_goal=2.88
21:36:26 [INFO] [MPC] state=(-1.76,+1.18,+1.78) wp0=(-1.85,+1.25) v=+0.200 ω=-0.075 ok=True iters=7
21:36:26 [INFO] [PROG] s*=2.74/5.84 (46.9%) dist_goal=2.86
21:36:26 [INFO] [MPC] state=(-1.76,+1.20,+1.77) wp0=(-1.85,+1.27) v=+0.200 ω=-0.042 ok=True iters=7
21:36:26 [INFO] [PROG] s*=2.76/5.84 (47.2%) dist_goal=2.84
21:36:26 [INFO] [MPC] state=(-1.76,+1.22,+1.76) wp0=(-1.85,+1.29) v=+0.200 ω=+0.102 ok=True iters=7
21:36:26 [INFO] [PROG] s*=2.78/5.84 (47.6%) dist_goal=2.82
21:36:26 [INFO] [MPC] state=(-1.77,+1.24,+1.77) wp0=(-1.85,+1.31) v=+0.200 ω=+0.053 ok=True iters=7
21:36:26 [INFO] [PROG] s*=2.80/5.84 (47.9%) dist_goal=2.80
21:36:26 [INFO] [MPC] state=(-1.77,+1.26,+1.78) wp0=(-1.85,+1.33) v=+0.200 ω=+0.027 ok=True iters=7
21:36:26 [INFO] [PROG] s*=2.82/5.84 (48.2%) dist_goal=2.78
21:36:26 [INFO] [MPC] state=(-1.78,+1.28,+1.78) wp0=(-1.85,+1.35) v=+0.200 ω=+0.005 ok=True iters=7
21:36:26 [INFO] [PROG] s*=2.84/5.84 (48.6%) dist_goal=2.76
21:36:26 [INFO] [MPC] state=(-1.78,+1.30,+1.78) wp0=(-1.85,+1.37) v=+0.200 ω=-0.002 ok=True iters=7
21:36:26 [INFO] [PROG] s*=2.86/5.84 (48.9%) dist_goal=2.74
21:36:26 [INFO] [MPC] state=(-1.79,+1.32,+1.78) wp0=(-1.85,+1.39) v=+0.200 ω=-0.261 ok=True iters=7
21:36:26 [INFO] [PROG] s*=2.88/5.84 (49.3%) dist_goal=2.72
21:36:26 [INFO] [MPC] state=(-1.79,+1.34,+1.76) wp0=(-1.85,+1.41) v=+0.200 ω=-0.222 ok=True iters=7
21:36:26 [INFO] [PROG] s*=2.90/5.84 (49.6%) dist_goal=2.70
21:36:26 [INFO] [MPC] state=(-1.79,+1.36,+1.75) wp0=(-1.85,+1.43) v=+0.200 ω=-0.323 ok=True iters=7
21:36:26 [INFO] [PROG] s*=2.92/5.84 (49.9%) dist_goal=2.68
21:36:26 [INFO] [MPC] state=(-1.80,+1.38,+1.73) wp0=(-1.85,+1.45) v=+0.200 ω=-0.322 ok=True iters=7
21:36:26 [INFO] [PROG] s*=2.93/5.84 (50.2%) dist_goal=2.66
21:36:26 [INFO] [MPC] state=(-1.80,+1.40,+1.71) wp0=(-1.85,+1.46) v=+0.200 ω=-0.442 ok=True iters=7
21:36:26 [INFO] [PROG] s*=2.95/5.84 (50.6%) dist_goal=2.64
21:36:26 [INFO] [MPC] state=(-1.80,+1.41,+1.68) wp0=(-1.85,+1.48) v=+0.200 ω=-0.296 ok=True iters=7
21:36:26 [INFO] [PROG] s*=2.97/5.84 (50.9%) dist_goal=2.62
21:36:26 [INFO] [MPC] state=(-1.80,+1.43,+1.66) wp0=(-1.85,+1.50) v=+0.200 ω=-0.385 ok=True iters=7
21:36:26 [INFO] [PROG] s*=2.99/5.84 (51.2%) dist_goal=2.60
21:36:26 [INFO] [MPC] state=(-1.81,+1.45,+1.63) wp0=(-1.85,+1.52) v=+0.200 ω=-0.398 ok=True iters=7
21:36:26 [INFO] [PROG] s*=3.01/5.84 (51.6%) dist_goal=2.58
21:36:26 [INFO] [MPC] state=(-1.81,+1.47,+1.61) wp0=(-1.85,+1.54) v=+0.200 ω=-0.397 ok=True iters=7
21:36:26 [INFO] [PROG] s*=3.03/5.84 (51.9%) dist_goal=2.56
21:36:26 [INFO] [MPC] state=(-1.81,+1.49,+1.58) wp0=(-1.85,+1.56) v=+0.200 ω=-0.611 ok=True iters=7
21:36:26 [INFO] [PROG] s*=3.05/5.84 (52.2%) dist_goal=2.55
21:36:26 [INFO] [MPC] state=(-1.81,+1.51,+1.54) wp0=(-1.85,+1.58) v=+0.200 ω=-0.541 ok=True iters=7
21:36:26 [INFO] [PROG] s*=3.07/5.84 (52.5%) dist_goal=2.53
21:36:26 [INFO] [MPC] state=(-1.81,+1.53,+1.50) wp0=(-1.85,+1.60) v=+0.200 ω=-0.442 ok=True iters=7
21:36:26 [INFO] [PROG] s*=3.09/5.84 (52.8%) dist_goal=2.51
21:36:26 [INFO] [MPC] state=(-1.80,+1.55,+1.47) wp0=(-1.85,+1.62) v=+0.200 ω=-0.439 ok=True iters=7
21:36:26 [INFO] [PROG] s*=3.10/5.84 (53.1%) dist_goal=2.49
21:36:26 [INFO] [MPC] state=(-1.80,+1.57,+1.45) wp0=(-1.85,+1.63) v=+0.200 ω=-0.543 ok=True iters=7
21:36:26 [INFO] [PROG] s*=3.12/5.84 (53.5%) dist_goal=2.47
21:36:26 [INFO] [MPC] state=(-1.80,+1.58,+1.42) wp0=(-1.85,+1.65) v=+0.200 ω=-0.178 ok=True iters=7
21:36:26 [INFO] [PROG] s*=3.14/5.84 (53.8%) dist_goal=2.45
21:36:26 [INFO] [MPC] state=(-1.80,+1.60,+1.40) wp0=(-1.85,+1.67) v=+0.200 ω=-0.338 ok=True iters=7
21:36:26 [INFO] [PROG] s*=3.16/5.84 (54.1%) dist_goal=2.43
21:36:26 [INFO] [MPC] state=(-1.79,+1.62,+1.38) wp0=(-1.85,+1.69) v=+0.200 ω=-0.329 ok=True iters=7
21:36:26 [INFO] [PROG] s*=3.18/5.84 (54.5%) dist_goal=2.42
21:36:26 [INFO] [MPC] state=(-1.79,+1.64,+1.36) wp0=(-1.85,+1.71) v=+0.200 ω=-0.120 ok=True iters=7
21:36:26 [INFO] [PROG] s*=3.20/5.84 (54.8%) dist_goal=2.40
21:36:26 [INFO] [MPC] state=(-1.78,+1.66,+1.35) wp0=(-1.85,+1.73) v=+0.200 ω=-0.047 ok=True iters=7
21:36:26 [INFO] [PROG] s*=3.22/5.84 (55.2%) dist_goal=2.38
21:36:26 [INFO] [MPC] state=(-1.78,+1.68,+1.34) wp0=(-1.85,+1.75) v=+0.200 ω=+0.044 ok=True iters=7
21:36:26 [INFO] [PROG] s*=3.24/5.84 (55.5%) dist_goal=2.36
21:36:26 [INFO] [MPC] state=(-1.78,+1.70,+1.35) wp0=(-1.85,+1.77) v=+0.200 ω=-0.250 ok=True iters=7
21:36:26 [INFO] [PROG] s*=3.26/5.84 (55.8%) dist_goal=2.34
21:36:26 [INFO] [MPC] state=(-1.77,+1.72,+1.33) wp0=(-1.85,+1.79) v=+0.200 ω=-0.120 ok=True iters=7
21:36:26 [INFO] [PROG] s*=3.28/5.84 (56.1%) dist_goal=2.32
21:36:26 [INFO] [MPC] state=(-1.77,+1.74,+1.32) wp0=(-1.85,+1.81) v=+0.200 ω=+0.374 ok=True iters=7
21:36:26 [INFO] [PROG] s*=3.30/5.84 (56.5%) dist_goal=2.30
21:36:26 [INFO] [MPC] state=(-1.76,+1.76,+1.34) wp0=(-1.85,+1.83) v=+0.200 ω=+0.036 ok=True iters=7
21:36:26 [INFO] [PROG] s*=3.32/5.84 (56.8%) dist_goal=2.29
21:36:26 [INFO] [MPC] state=(-1.76,+1.78,+1.35) wp0=(-1.85,+1.85) v=+0.200 ω=+0.083 ok=True iters=7
21:36:26 [INFO] [PROG] s*=3.34/5.84 (57.2%) dist_goal=2.27
21:36:26 [INFO] [MPC] state=(-1.75,+1.80,+1.36) wp0=(-1.85,+1.87) v=+0.200 ω=+0.113 ok=True iters=7
21:36:26 [INFO] [PROG] s*=3.36/5.84 (57.5%) dist_goal=2.25
21:36:26 [INFO] [MPC] state=(-1.75,+1.82,+1.37) wp0=(-1.85,+1.89) v=+0.200 ω=+0.134 ok=True iters=7
21:36:26 [INFO] [PROG] s*=3.38/5.84 (57.8%) dist_goal=2.23
21:36:26 [INFO] [MPC] state=(-1.74,+1.84,+1.38) wp0=(-1.85,+1.91) v=+0.200 ω=+0.283 ok=True iters=7
21:36:26 [INFO] [PROG] s*=3.40/5.84 (58.1%) dist_goal=2.21
21:36:26 [INFO] [MPC] state=(-1.74,+1.86,+1.40) wp0=(-1.85,+1.93) v=+0.200 ω=+0.494 ok=True iters=7
21:36:26 [INFO] [PROG] s*=3.41/5.84 (58.4%) dist_goal=2.20
21:36:26 [INFO] [MPC] state=(-1.74,+1.88,+1.43) wp0=(-1.85,+1.94) v=+0.200 ω=+0.446 ok=True iters=7
21:36:26 [INFO] [PROG] s*=3.43/5.84 (58.8%) dist_goal=2.18
21:36:26 [INFO] [MPC] state=(-1.73,+1.89,+1.46) wp0=(-1.85,+1.96) v=+0.200 ω=+0.398 ok=True iters=7
21:36:26 [INFO] [PROG] s*=3.45/5.84 (59.1%) dist_goal=2.16
21:36:26 [INFO] [MPC] state=(-1.73,+1.91,+1.48) wp0=(-1.85,+1.98) v=+0.200 ω=+0.226 ok=True iters=7
21:36:26 [INFO] [PROG] s*=3.47/5.84 (59.4%) dist_goal=2.14
21:36:26 [INFO] [MPC] state=(-1.73,+1.93,+1.50) wp0=(-1.85,+2.00) v=+0.200 ω=+0.198 ok=True iters=7
21:36:26 [INFO] [PROG] s*=3.49/5.84 (59.7%) dist_goal=2.12
21:36:26 [INFO] [MPC] state=(-1.73,+1.95,+1.51) wp0=(-1.85,+2.02) v=+0.200 ω=+0.525 ok=True iters=7
21:36:26 [INFO] [PROG] s*=3.51/5.84 (60.1%) dist_goal=2.10
21:36:26 [INFO] [MPC] state=(-1.73,+1.97,+1.54) wp0=(-1.85,+2.04) v=+0.200 ω=+0.017 ok=True iters=7
21:36:26 [INFO] [PROG] s*=3.53/5.84 (60.4%) dist_goal=2.08
21:36:26 [INFO] [MPC] state=(-1.73,+1.99,+1.54) wp0=(-1.85,+2.06) v=+0.200 ω=+0.018 ok=True iters=7
21:36:26 [INFO] [PROG] s*=3.55/5.84 (60.8%) dist_goal=2.06
21:36:26 [INFO] [MPC] state=(-1.73,+2.01,+1.54) wp0=(-1.85,+2.08) v=+0.200 ω=+0.458 ok=True iters=7
21:36:26 [INFO] [PROG] s*=3.57/5.84 (61.1%) dist_goal=2.05
21:36:26 [INFO] [MPC] state=(-1.73,+2.03,+1.57) wp0=(-1.85,+2.10) v=+0.200 ω=+0.282 ok=True iters=7
21:36:26 [INFO] [PROG] s*=3.59/5.84 (61.4%) dist_goal=2.03
21:36:26 [INFO] [MPC] state=(-1.73,+2.05,+1.59) wp0=(-1.85,+2.12) v=+0.200 ω=+0.224 ok=True iters=7
21:36:26 [INFO] [PROG] s*=3.61/5.84 (61.8%) dist_goal=2.01
21:36:26 [INFO] [MPC] state=(-1.73,+2.07,+1.60) wp0=(-1.85,+2.14) v=+0.200 ω=+0.084 ok=True iters=7
21:36:26 [INFO] [PROG] s*=3.63/5.84 (62.1%) dist_goal=1.99
21:36:26 [INFO] [MPC] state=(-1.73,+2.09,+1.61) wp0=(-1.85,+2.16) v=+0.200 ω=+0.054 ok=True iters=7
21:36:26 [INFO] [PROG] s*=3.65/5.84 (62.4%) dist_goal=1.97
21:36:26 [INFO] [MPC] state=(-1.73,+2.11,+1.61) wp0=(-1.85,+2.18) v=+0.200 ω=+0.029 ok=True iters=7
21:36:26 [INFO] [PROG] s*=3.67/5.84 (62.8%) dist_goal=1.95
21:36:26 [INFO] [MPC] state=(-1.73,+2.13,+1.62) wp0=(-1.85,+2.20) v=+0.200 ω=+0.009 ok=True iters=7
21:36:26 [INFO] [PROG] s*=3.69/5.84 (63.1%) dist_goal=1.93
21:36:26 [INFO] [MPC] state=(-1.73,+2.15,+1.62) wp0=(-1.85,+2.22) v=+0.200 ω=-0.227 ok=True iters=7
21:36:26 [INFO] [PROG] s*=3.71/5.84 (63.5%) dist_goal=1.91
21:36:26 [INFO] [MPC] state=(-1.73,+2.17,+1.60) wp0=(-1.85,+2.24) v=+0.200 ω=-0.192 ok=True iters=7
21:36:26 [INFO] [PROG] s*=3.73/5.84 (63.8%) dist_goal=1.89
21:36:26 [INFO] [MPC] state=(-1.73,+2.19,+1.58) wp0=(-1.85,+2.26) v=+0.200 ω=-0.151 ok=True iters=7
21:36:26 [INFO] [PROG] s*=3.75/5.84 (64.2%) dist_goal=1.87
21:36:26 [INFO] [MPC] state=(-1.73,+2.21,+1.57) wp0=(-1.85,+2.28) v=+0.200 ω=-0.110 ok=True iters=7
21:36:26 [INFO] [PROG] s*=3.77/5.84 (64.5%) dist_goal=1.85
21:36:26 [INFO] [MPC] state=(-1.73,+2.23,+1.56) wp0=(-1.85,+2.30) v=+0.200 ω=-0.080 ok=True iters=7
21:36:26 [INFO] [PROG] s*=3.79/5.84 (64.9%) dist_goal=1.83
21:36:26 [INFO] [MPC] state=(-1.73,+2.25,+1.55) wp0=(-1.85,+2.32) v=+0.200 ω=-0.055 ok=True iters=7
21:36:26 [INFO] [PROG] s*=3.81/5.84 (65.2%) dist_goal=1.81
21:36:26 [INFO] [MPC] state=(-1.73,+2.27,+1.55) wp0=(-1.85,+2.34) v=+0.200 ω=-0.035 ok=True iters=7
21:36:26 [INFO] [PROG] s*=3.83/5.84 (65.5%) dist_goal=1.79
21:36:26 [INFO] [MPC] state=(-1.73,+2.29,+1.54) wp0=(-1.85,+2.36) v=+0.200 ω=+0.420 ok=True iters=7
21:36:26 [INFO] [PROG] s*=3.85/5.84 (65.8%) dist_goal=1.77
21:36:26 [INFO] [MPC] state=(-1.73,+2.31,+1.57) wp0=(-1.85,+2.38) v=+0.200 ω=+0.359 ok=True iters=7
21:36:26 [INFO] [PROG] s*=3.87/5.84 (66.2%) dist_goal=1.76
21:36:26 [INFO] [MPC] state=(-1.73,+2.33,+1.59) wp0=(-1.85,+2.40) v=+0.200 ω=+0.306 ok=True iters=7
21:36:26 [INFO] [PROG] s*=3.89/5.84 (66.5%) dist_goal=1.74
21:36:26 [INFO] [MPC] state=(-1.73,+2.35,+1.60) wp0=(-1.85,+2.42) v=+0.200 ω=+0.156 ok=True iters=7
21:36:26 [INFO] [PROG] s*=3.90/5.84 (66.8%) dist_goal=1.72
21:36:26 [INFO] [MPC] state=(-1.73,+2.37,+1.61) wp0=(-1.85,+2.43) v=+0.200 ω=+0.546 ok=True iters=7
21:36:26 [INFO] [PROG] s*=3.92/5.84 (67.1%) dist_goal=1.70
21:36:26 [INFO] [MPC] state=(-1.73,+2.38,+1.65) wp0=(-1.85,+2.45) v=+0.200 ω=+0.452 ok=True iters=7
21:36:26 [INFO] [PROG] s*=3.94/5.84 (67.5%) dist_goal=1.68
21:36:26 [INFO] [MPC] state=(-1.74,+2.40,+1.67) wp0=(-1.85,+2.47) v=+0.200 ω=+0.362 ok=True iters=7
21:36:26 [INFO] [PROG] s*=3.96/5.84 (67.8%) dist_goal=1.66
21:36:26 [INFO] [MPC] state=(-1.74,+2.42,+1.69) wp0=(-1.85,+2.49) v=+0.200 ω=+0.177 ok=True iters=7
21:36:26 [INFO] [PROG] s*=3.98/5.84 (68.1%) dist_goal=1.64
21:36:26 [INFO] [MPC] state=(-1.74,+2.44,+1.71) wp0=(-1.85,+2.51) v=+0.200 ω=+0.115 ok=True iters=7
21:36:26 [INFO] [PROG] s*=4.00/5.84 (68.5%) dist_goal=1.62
21:36:26 [INFO] [MPC] state=(-1.74,+2.46,+1.72) wp0=(-1.85,+2.53) v=+0.200 ω=+0.434 ok=True iters=7
21:36:26 [INFO] [PROG] s*=4.02/5.84 (68.8%) dist_goal=1.60
21:36:26 [INFO] [MPC] state=(-1.75,+2.48,+1.75) wp0=(-1.85,+2.55) v=+0.200 ω=+0.327 ok=True iters=7
21:36:26 [INFO] [PROG] s*=4.04/5.84 (69.1%) dist_goal=1.58
21:36:26 [INFO] [MPC] state=(-1.75,+2.50,+1.77) wp0=(-1.85,+2.57) v=+0.200 ω=+0.134 ok=True iters=7
21:36:26 [INFO] [PROG] s*=4.06/5.84 (69.5%) dist_goal=1.56
21:36:26 [INFO] [MPC] state=(-1.75,+2.52,+1.78) wp0=(-1.85,+2.59) v=+0.200 ω=+0.066 ok=True iters=7
21:36:26 [INFO] [PROG] s*=4.08/5.84 (69.8%) dist_goal=1.54
21:36:26 [INFO] [MPC] state=(-1.76,+2.54,+1.79) wp0=(-1.85,+2.61) v=+0.200 ω=-0.101 ok=True iters=7
21:36:26 [INFO] [PROG] s*=4.10/5.84 (70.1%) dist_goal=1.52
21:36:26 [INFO] [MPC] state=(-1.76,+2.56,+1.78) wp0=(-1.85,+2.63) v=+0.200 ω=+0.092 ok=True iters=7
21:36:26 [INFO] [PROG] s*=4.12/5.84 (70.5%) dist_goal=1.50
21:36:26 [INFO] [MPC] state=(-1.77,+2.58,+1.79) wp0=(-1.85,+2.65) v=+0.200 ω=+0.031 ok=True iters=7
21:36:26 [INFO] [PROG] s*=4.14/5.84 (70.8%) dist_goal=1.48
21:36:26 [INFO] [MPC] state=(-1.77,+2.60,+1.79) wp0=(-1.85,+2.67) v=+0.200 ω=+0.003 ok=True iters=7
21:36:26 [INFO] [PROG] s*=4.16/5.84 (71.2%) dist_goal=1.46
21:36:26 [INFO] [MPC] state=(-1.78,+2.62,+1.79) wp0=(-1.85,+2.69) v=+0.200 ω=-0.009 ok=True iters=7
21:36:26 [INFO] [PROG] s*=4.18/5.84 (71.5%) dist_goal=1.44
21:36:26 [INFO] [MPC] state=(-1.78,+2.64,+1.79) wp0=(-1.85,+2.71) v=+0.200 ω=-0.021 ok=True iters=7
21:36:26 [INFO] [PROG] s*=4.20/5.84 (71.8%) dist_goal=1.42
21:36:26 [INFO] [MPC] state=(-1.78,+2.66,+1.79) wp0=(-1.85,+2.73) v=+0.200 ω=-0.019 ok=True iters=7
21:36:26 [INFO] [PROG] s*=4.22/5.84 (72.2%) dist_goal=1.40
21:36:26 [INFO] [MPC] state=(-1.79,+2.68,+1.78) wp0=(-1.85,+2.75) v=+0.200 ω=-0.290 ok=True iters=7
21:36:26 [INFO] [PROG] s*=4.24/5.84 (72.5%) dist_goal=1.38
21:36:26 [INFO] [MPC] state=(-1.79,+2.70,+1.76) wp0=(-1.85,+2.77) v=+0.200 ω=-0.119 ok=True iters=7
21:36:26 [INFO] [PROG] s*=4.25/5.84 (72.8%) dist_goal=1.36
21:36:26 [INFO] [MPC] state=(-1.80,+2.72,+1.75) wp0=(-1.85,+2.78) v=+0.200 ω=-0.375 ok=True iters=7
21:36:26 [INFO] [PROG] s*=4.27/5.84 (73.2%) dist_goal=1.34
21:36:26 [INFO] [MPC] state=(-1.80,+2.73,+1.73) wp0=(-1.85,+2.80) v=+0.200 ω=-0.373 ok=True iters=7
21:36:26 [INFO] [PROG] s*=4.29/5.84 (73.5%) dist_goal=1.32
21:36:26 [INFO] [MPC] state=(-1.80,+2.75,+1.70) wp0=(-1.85,+2.82) v=+0.200 ω=-0.485 ok=True iters=7
21:36:26 [INFO] [PROG] s*=4.31/5.84 (73.8%) dist_goal=1.30
21:36:26 [INFO] [MPC] state=(-1.80,+2.77,+1.67) wp0=(-1.85,+2.84) v=+0.200 ω=-0.160 ok=True iters=7
21:36:26 [INFO] [PROG] s*=4.33/5.84 (74.1%) dist_goal=1.29
21:36:26 [INFO] [MPC] state=(-1.81,+2.79,+1.66) wp0=(-1.85,+2.86) v=+0.200 ω=-0.474 ok=True iters=7
21:36:26 [INFO] [PROG] s*=4.35/5.84 (74.5%) dist_goal=1.27
21:36:26 [INFO] [MPC] state=(-1.81,+2.81,+1.63) wp0=(-1.85,+2.88) v=+0.200 ω=-0.448 ok=True iters=7
21:36:26 [INFO] [PROG] s*=4.37/5.84 (74.8%) dist_goal=1.25
21:36:26 [INFO] [MPC] state=(-1.81,+2.83,+1.60) wp0=(-1.85,+2.90) v=+0.200 ω=-0.737 ok=True iters=7
21:36:26 [INFO] [PROG] s*=4.39/5.84 (75.1%) dist_goal=1.23
21:36:26 [INFO] [MPC] state=(-1.81,+2.85,+1.56) wp0=(-1.85,+2.92) v=+0.200 ω=-0.585 ok=True iters=7
21:36:26 [INFO] [PROG] s*=4.40/5.84 (75.4%) dist_goal=1.21
21:36:26 [INFO] [MPC] state=(-1.81,+2.87,+1.52) wp0=(-1.85,+2.93) v=+0.200 ω=-0.497 ok=True iters=7
21:36:26 [INFO] [PROG] s*=4.42/5.84 (75.7%) dist_goal=1.20
21:36:26 [INFO] [MPC] state=(-1.81,+2.88,+1.49) wp0=(-1.85,+2.95) v=+0.200 ω=-0.440 ok=True iters=7
21:36:26 [INFO] [PROG] s*=4.44/5.84 (76.0%) dist_goal=1.18
21:36:26 [INFO] [MPC] state=(-1.81,+2.90,+1.46) wp0=(-1.85,+2.97) v=+0.200 ω=-0.592 ok=True iters=7
21:36:26 [INFO] [PROG] s*=4.46/5.84 (76.4%) dist_goal=1.16
21:36:26 [INFO] [MPC] state=(-1.80,+2.92,+1.43) wp0=(-1.85,+2.99) v=+0.200 ω=-0.516 ok=True iters=7
21:36:26 [INFO] [PROG] s*=4.48/5.84 (76.7%) dist_goal=1.15
21:36:26 [INFO] [MPC] state=(-1.80,+2.94,+1.39) wp0=(-1.85,+3.01) v=+0.200 ω=-0.086 ok=True iters=7
21:36:26 [INFO] [PROG] s*=4.50/5.84 (77.0%) dist_goal=1.13
21:36:26 [INFO] [MPC] state=(-1.80,+2.96,+1.38) wp0=(-1.85,+3.03) v=+0.200 ω=-0.346 ok=True iters=7
21:36:26 [INFO] [PROG] s*=4.52/5.84 (77.4%) dist_goal=1.11
21:36:26 [INFO] [MPC] state=(-1.79,+2.98,+1.36) wp0=(-1.85,+3.05) v=+0.200 ω=-0.182 ok=True iters=7
21:36:27 [INFO] [PROG] s*=4.54/5.84 (77.7%) dist_goal=1.09
21:36:27 [INFO] [MPC] state=(-1.79,+3.00,+1.35) wp0=(-1.85,+3.07) v=+0.200 ω=-0.087 ok=True iters=7
21:36:27 [INFO] [PROG] s*=4.56/5.84 (78.0%) dist_goal=1.08
21:36:27 [INFO] [MPC] state=(-1.78,+3.02,+1.34) wp0=(-1.85,+3.09) v=+0.200 ω=+0.014 ok=True iters=7
21:36:27 [INFO] [PROG] s*=4.58/5.84 (78.4%) dist_goal=1.06
21:36:27 [INFO] [MPC] state=(-1.78,+3.04,+1.34) wp0=(-1.85,+3.11) v=+0.200 ω=+0.080 ok=True iters=7
21:36:27 [INFO] [PROG] s*=4.60/5.84 (78.7%) dist_goal=1.04
21:36:27 [INFO] [MPC] state=(-1.77,+3.06,+1.35) wp0=(-1.85,+3.13) v=+0.200 ω=-0.230 ok=True iters=7
21:36:27 [INFO] [PROG] s*=4.62/5.84 (79.0%) dist_goal=1.03
21:36:27 [INFO] [MPC] state=(-1.77,+3.08,+1.33) wp0=(-1.85,+3.15) v=+0.200 ω=-0.103 ok=True iters=7
21:36:27 [INFO] [PROG] s*=4.64/5.84 (79.4%) dist_goal=1.01
21:36:27 [INFO] [MPC] state=(-1.76,+3.10,+1.32) wp0=(-1.85,+3.17) v=+0.200 ω=+0.067 ok=True iters=7
21:36:27 [INFO] [PROG] s*=4.66/5.84 (79.7%) dist_goal=1.00
21:36:27 [INFO] [MPC] state=(-1.76,+3.12,+1.33) wp0=(-1.85,+3.19) v=+0.200 ω=+0.110 ok=True iters=7
21:36:27 [INFO] [PROG] s*=4.68/5.84 (80.0%) dist_goal=0.98
21:36:27 [INFO] [MPC] state=(-1.75,+3.14,+1.34) wp0=(-1.85,+3.21) v=+0.200 ω=+0.139 ok=True iters=7
21:36:27 [INFO] [PROG] s*=4.70/5.84 (80.4%) dist_goal=0.96
21:36:27 [INFO] [MPC] state=(-1.75,+3.16,+1.35) wp0=(-1.85,+3.23) v=+0.200 ω=+0.157 ok=True iters=7
21:36:27 [INFO] [PROG] s*=4.71/5.84 (80.7%) dist_goal=0.95
21:36:27 [INFO] [MPC] state=(-1.75,+3.18,+1.36) wp0=(-1.85,+3.24) v=+0.200 ω=+0.303 ok=True iters=7
21:36:27 [INFO] [PROG] s*=4.73/5.84 (81.0%) dist_goal=0.93
21:36:27 [INFO] [MPC] state=(-1.74,+3.19,+1.38) wp0=(-1.85,+3.26) v=+0.200 ω=+0.292 ok=True iters=7
21:36:27 [INFO] [PROG] s*=4.75/5.84 (81.3%) dist_goal=0.92
21:36:27 [INFO] [MPC] state=(-1.74,+3.21,+1.40) wp0=(-1.85,+3.28) v=+0.200 ω=+0.503 ok=True iters=7
21:36:27 [INFO] [PROG] s*=4.77/5.84 (81.7%) dist_goal=0.90
21:36:27 [INFO] [MPC] state=(-1.74,+3.23,+1.43) wp0=(-1.85,+3.30) v=+0.200 ω=+0.455 ok=True iters=7
21:36:27 [INFO] [PROG] s*=4.79/5.84 (82.0%) dist_goal=0.89
21:36:27 [INFO] [MPC] state=(-1.73,+3.25,+1.46) wp0=(-1.85,+3.32) v=+0.200 ω=+0.406 ok=True iters=7
21:36:27 [INFO] [PROG] s*=4.81/5.84 (82.3%) dist_goal=0.87
21:36:27 [INFO] [MPC] state=(-1.73,+3.27,+1.49) wp0=(-1.85,+3.34) v=+0.200 ω=+0.580 ok=True iters=7
21:36:27 [INFO] [PROG] s*=4.83/5.84 (82.6%) dist_goal=0.86
21:36:27 [INFO] [MPC] state=(-1.73,+3.29,+1.52) wp0=(-1.85,+3.36) v=+0.200 ω=+0.504 ok=True iters=7
21:36:27 [INFO] [PROG] s*=4.85/5.84 (82.9%) dist_goal=0.84
21:36:27 [INFO] [MPC] state=(-1.73,+3.31,+1.55) wp0=(-1.85,+3.38) v=+0.200 ω=-0.003 ok=True iters=7
21:36:27 [INFO] [PROG] s*=4.87/5.84 (83.3%) dist_goal=0.82
21:36:27 [INFO] [MPC] state=(-1.73,+3.33,+1.55) wp0=(-1.85,+3.40) v=+0.200 ω=+0.002 ok=True iters=7
21:36:27 [INFO] [PROG] s*=4.89/5.84 (83.6%) dist_goal=0.80
21:36:27 [INFO] [MPC] state=(-1.73,+3.35,+1.55) wp0=(-1.85,+3.42) v=+0.200 ω=+0.007 ok=True iters=7
21:36:27 [INFO] [PROG] s*=4.90/5.84 (84.0%) dist_goal=0.79
21:36:27 [INFO] [MPC] state=(-1.73,+3.37,+1.55) wp0=(-1.85,+3.43) v=+0.200 ω=+0.341 ok=True iters=7
21:36:27 [INFO] [PROG] s*=4.92/5.84 (84.3%) dist_goal=0.77
21:36:27 [INFO] [MPC] state=(-1.73,+3.38,+1.57) wp0=(-1.85,+3.45) v=+0.197 ω=+0.286 ok=True iters=7
21:36:27 [INFO] [PROG] s*=4.94/5.84 (84.6%) dist_goal=0.76
21:36:27 [INFO] [MPC] state=(-1.73,+3.40,+1.59) wp0=(-1.85,+3.47) v=+0.193 ω=+0.223 ok=True iters=7
21:36:27 [INFO] [PROG] s*=4.96/5.84 (84.9%) dist_goal=0.74
21:36:27 [INFO] [MPC] state=(-1.73,+3.42,+1.60) wp0=(-1.85,+3.49) v=+0.189 ω=+0.111 ok=True iters=8
21:36:27 [INFO] [PROG] s*=4.98/5.84 (85.3%) dist_goal=0.72
21:36:27 [INFO] [MPC] state=(-1.73,+3.44,+1.61) wp0=(-1.85,+3.51) v=+0.185 ω=+0.033 ok=True iters=7
21:36:27 [INFO] [PROG] s*=5.00/5.84 (85.6%) dist_goal=0.71
21:36:27 [INFO] [MPC] state=(-1.73,+3.46,+1.62) wp0=(-1.85,+3.53) v=+0.181 ω=+0.011 ok=True iters=7
21:36:27 [INFO] [PROG] s*=5.02/5.84 (85.9%) dist_goal=0.69
21:36:27 [INFO] [MPC] state=(-1.73,+3.48,+1.62) wp0=(-1.85,+3.55) v=+0.177 ω=-0.004 ok=True iters=7
21:36:27 [INFO] [PROG] s*=5.03/5.84 (86.2%) dist_goal=0.68
21:36:27 [INFO] [MPC] state=(-1.73,+3.50,+1.62) wp0=(-1.85,+3.56) v=+0.173 ω=-0.234 ok=True iters=8
21:36:27 [INFO] [PROG] s*=5.05/5.84 (86.5%) dist_goal=0.67
21:36:27 [INFO] [MPC] state=(-1.73,+3.51,+1.59) wp0=(-1.85,+3.58) v=+0.170 ω=-0.162 ok=True iters=8
21:36:27 [INFO] [PROG] s*=5.07/5.84 (86.8%) dist_goal=0.65
21:36:27 [INFO] [MPC] state=(-1.73,+3.53,+1.57) wp0=(-1.85,+3.60) v=+0.166 ω=-0.100 ok=True iters=8
21:36:27 [INFO] [PROG] s*=5.08/5.84 (87.0%) dist_goal=0.64
21:36:27 [INFO] [MPC] state=(-1.73,+3.55,+1.56) wp0=(-1.85,+3.61) v=+0.163 ω=+0.178 ok=True iters=8
21:36:27 [INFO] [PROG] s*=5.10/5.84 (87.3%) dist_goal=0.63
21:36:27 [INFO] [MPC] state=(-1.73,+3.56,+1.58) wp0=(-1.85,+3.63) v=+0.160 ω=-0.092 ok=True iters=8
21:36:27 [INFO] [PROG] s*=5.12/5.84 (87.6%) dist_goal=0.62
21:36:27 [INFO] [MPC] state=(-1.73,+3.58,+1.57) wp0=(-1.85,+3.65) v=+0.157 ω=-0.052 ok=True iters=8
21:36:27 [INFO] [PROG] s*=5.13/5.84 (87.9%) dist_goal=0.60
21:36:27 [INFO] [MPC] state=(-1.73,+3.60,+1.57) wp0=(-1.85,+3.66) v=+0.154 ω=-0.021 ok=True iters=8
21:36:27 [INFO] [PROG] s*=5.15/5.84 (88.1%) dist_goal=0.59
21:36:27 [INFO] [MPC] state=(-1.73,+3.61,+1.56) wp0=(-1.85,+3.68) v=+0.151 ω=+0.003 ok=True iters=9
21:36:27 [INFO] [PROG] s*=5.16/5.84 (88.4%) dist_goal=0.58
21:36:27 [INFO] [MPC] state=(-1.73,+3.63,+1.56) wp0=(-1.85,+3.69) v=+0.149 ω=+0.400 ok=True iters=9
21:36:27 [INFO] [PROG] s*=5.18/5.84 (88.6%) dist_goal=0.57
21:36:27 [INFO] [MPC] state=(-1.73,+3.64,+1.60) wp0=(-1.85,+3.71) v=+0.146 ω=+0.242 ok=True iters=9
21:36:27 [INFO] [PROG] s*=5.19/5.84 (88.9%) dist_goal=0.56
21:36:27 [INFO] [MPC] state=(-1.73,+3.66,+1.62) wp0=(-1.85,+3.72) v=+0.143 ω=+0.197 ok=True iters=9
21:36:27 [INFO] [PROG] s*=5.21/5.84 (89.1%) dist_goal=0.55
21:36:27 [INFO] [MPC] state=(-1.73,+3.67,+1.64) wp0=(-1.85,+3.74) v=+0.141 ω=+0.151 ok=True iters=9
21:36:27 [INFO] [PROG] s*=5.22/5.84 (89.3%) dist_goal=0.54
21:36:27 [INFO] [MPC] state=(-1.73,+3.69,+1.66) wp0=(-1.85,+3.75) v=+0.138 ω=+0.117 ok=True iters=9
21:36:27 [INFO] [PROG] s*=5.23/5.84 (89.6%) dist_goal=0.53
21:36:27 [INFO] [MPC] state=(-1.74,+3.70,+1.67) wp0=(-1.85,+3.76) v=+0.136 ω=+0.093 ok=True iters=9
21:36:27 [INFO] [PROG] s*=5.25/5.84 (89.8%) dist_goal=0.52
21:36:27 [INFO] [MPC] state=(-1.74,+3.71,+1.68) wp0=(-1.85,+3.78) v=+0.133 ω=+0.069 ok=True iters=9
21:36:27 [INFO] [PROG] s*=5.26/5.84 (90.0%) dist_goal=0.51
21:36:27 [INFO] [MPC] state=(-1.74,+3.73,+1.68) wp0=(-1.85,+3.79) v=+0.131 ω=+0.050 ok=True iters=8
21:36:27 [INFO] [PROG] s*=5.27/5.84 (90.2%) dist_goal=0.51
21:36:27 [INFO] [MPC] state=(-1.74,+3.74,+1.69) wp0=(-1.85,+3.80) v=+0.129 ω=+0.319 ok=True iters=7
21:36:27 [INFO] [PROG] s*=5.28/5.84 (90.5%) dist_goal=0.50
21:36:27 [INFO] [MPC] state=(-1.74,+3.75,+1.72) wp0=(-1.85,+3.81) v=+0.126 ω=+0.235 ok=True iters=7
21:36:27 [INFO] [PROG] s*=5.30/5.84 (90.7%) dist_goal=0.49
21:36:27 [INFO] [MPC] state=(-1.74,+3.76,+1.74) wp0=(-1.85,+3.83) v=+0.124 ω=+0.165 ok=True iters=8
21:36:27 [INFO] [PROG] s*=5.31/5.84 (90.9%) dist_goal=0.48
21:36:27 [INFO] [MPC] state=(-1.75,+3.78,+1.76) wp0=(-1.85,+3.84) v=+0.122 ω=+0.652 ok=True iters=7
21:36:27 [INFO] [PROG] s*=5.32/5.84 (91.0%) dist_goal=0.47
21:36:27 [INFO] [MPC] state=(-1.75,+3.79,+1.83) wp0=(-1.85,+3.85) v=+0.120 ω=+1.186 ok=True iters=7
21:36:27 [INFO] [PROG] s*=5.33/5.84 (91.2%) dist_goal=0.46
21:36:27 [INFO] [MPC] state=(-1.75,+3.80,+1.94) wp0=(-1.85,+3.86) v=+0.118 ω=+1.875 ok=True iters=7
21:36:27 [INFO] [PROG] s*=5.33/5.84 (91.3%) dist_goal=0.46
21:36:27 [INFO] [MPC] state=(-1.76,+3.81,+2.09) wp0=(-1.85,+3.86) v=+0.116 ω=+1.778 ok=True iters=7
21:36:27 [INFO] [PROG] s*=5.34/5.84 (91.4%) dist_goal=0.45
21:36:27 [INFO] [MPC] state=(-1.76,+3.81,+2.24) wp0=(-1.85,+3.87) v=+0.114 ω=+1.403 ok=True iters=8
21:36:27 [INFO] [PROG] s*=5.35/5.84 (91.5%) dist_goal=0.44
21:36:27 [INFO] [MPC] state=(-1.77,+3.82,+2.37) wp0=(-1.85,+3.88) v=+0.112 ω=+1.077 ok=True iters=8
21:36:27 [INFO] [PROG] s*=5.35/5.84 (91.6%) dist_goal=0.43
21:36:27 [INFO] [MPC] state=(-1.78,+3.83,+2.48) wp0=(-1.85,+3.88) v=+0.109 ω=+0.708 ok=True iters=9
21:36:27 [INFO] [PROG] s*=5.36/5.84 (91.7%) dist_goal=0.42
21:36:27 [INFO] [MPC] state=(-1.78,+3.83,+2.56) wp0=(-1.85,+3.89) v=+0.107 ω=+0.554 ok=True iters=10
21:36:27 [INFO] [PROG] s*=5.36/5.84 (91.8%) dist_goal=0.41
21:36:27 [INFO] [MPC] state=(-1.79,+3.84,+2.61) wp0=(-1.85,+3.89) v=+0.104 ω=+0.647 ok=True iters=12
21:36:27 [INFO] [PROG] s*=5.37/5.84 (91.9%) dist_goal=0.40
21:36:27 [INFO] [MPC] state=(-1.80,+3.84,+2.68) wp0=(-1.85,+3.90) v=+0.102 ω=+1.058 ok=True iters=11
21:36:27 [INFO] [PROG] s*=5.37/5.84 (91.9%) dist_goal=0.39
21:36:27 [INFO] [MPC] state=(-1.81,+3.85,+2.79) wp0=(-1.85,+3.90) v=+0.030 ω=+0.783 ok=True iters=11
21:36:27 [INFO] [PROG] s*=5.37/5.84 (91.9%) dist_goal=0.39
21:36:27 [INFO] [MPC] state=(-1.81,+3.85,+2.87) wp0=(-1.85,+3.90) v=+0.030 ω=+0.491 ok=True iters=11
21:36:27 [INFO] [PROG] s*=5.37/5.84 (91.9%) dist_goal=0.39
21:36:27 [INFO] [MPC] state=(-1.81,+3.85,+2.92) wp0=(-1.85,+3.90) v=+0.030 ω=+0.332 ok=True iters=10
21:36:27 [INFO] [PROG] s*=5.37/5.84 (91.9%) dist_goal=0.39
21:36:27 [INFO] [MPC] state=(-1.82,+3.85,+2.96) wp0=(-1.85,+3.90) v=+0.030 ω=+0.222 ok=True iters=11
21:36:27 [INFO] [PROG] s*=5.37/5.84 (91.9%) dist_goal=0.38
21:36:27 [INFO] [MPC] state=(-1.82,+3.85,+2.98) wp0=(-1.85,+3.90) v=+0.030 ω=+0.145 ok=True iters=11
21:36:27 [INFO] [PROG] s*=5.37/5.84 (91.9%) dist_goal=0.38
21:36:27 [INFO] [MPC] state=(-1.82,+3.85,+2.99) wp0=(-1.85,+3.90) v=+0.030 ω=+0.095 ok=True iters=9
21:36:27 [INFO] [PROG] s*=5.37/5.84 (91.9%) dist_goal=0.38
21:36:27 [INFO] [MPC] state=(-1.83,+3.85,+3.00) wp0=(-1.85,+3.90) v=+0.030 ω=+0.062 ok=True iters=10
21:36:27 [INFO] [PROG] s*=5.37/5.84 (91.9%) dist_goal=0.38
21:36:27 [INFO] [MPC] state=(-1.83,+3.85,+3.01) wp0=(-1.85,+3.90) v=+0.030 ω=+0.041 ok=True iters=14
21:36:27 [INFO] [PROG] s*=5.37/5.84 (91.9%) dist_goal=0.37
21:36:27 [INFO] [MPC] state=(-1.83,+3.85,+3.01) wp0=(-1.85,+3.90) v=+0.030 ω=+0.029 ok=True iters=10
21:36:27 [INFO] [PROG] s*=5.37/5.84 (91.9%) dist_goal=0.37
21:36:27 [INFO] [MPC] state=(-1.83,+3.85,+3.02) wp0=(-1.85,+3.90) v=+0.030 ω=+0.019 ok=True iters=10
21:36:27 [INFO] [PROG] s*=5.37/5.84 (91.9%) dist_goal=0.37
21:36:27 [INFO] [MPC] state=(-1.84,+3.85,+3.02) wp0=(-1.85,+3.90) v=+0.030 ω=+0.014 ok=True iters=9
21:36:27 [INFO] [PROG] s*=5.37/5.84 (92.0%) dist_goal=0.37
21:36:27 [INFO] [MPC] state=(-1.84,+3.85,+3.02) wp0=(-1.85,+3.90) v=+0.030 ω=+0.009 ok=True iters=9
21:36:27 [INFO] [PROG] s*=5.37/5.84 (92.0%) dist_goal=0.36
21:36:27 [INFO] [MPC] state=(-1.84,+3.85,+3.02) wp0=(-1.85,+3.90) v=+0.030 ω=+0.006 ok=True iters=9
21:36:27 [INFO] [PROG] s*=5.37/5.84 (92.0%) dist_goal=0.36
21:36:27 [INFO] [MPC] state=(-1.84,+3.85,+3.02) wp0=(-1.85,+3.90) v=+0.030 ω=+0.006 ok=True iters=9
21:36:27 [INFO] [PROG] s*=5.37/5.84 (92.0%) dist_goal=0.36
21:36:27 [INFO] [MPC] state=(-1.85,+3.85,+3.02) wp0=(-1.85,+3.90) v=+0.030 ω=+0.003 ok=True iters=8
21:36:27 [INFO] [PROG] s*=5.37/5.84 (92.0%) dist_goal=0.36
21:36:27 [INFO] [MPC] state=(-1.85,+3.85,+3.02) wp0=(-1.85,+3.90) v=+0.030 ω=+0.000 ok=True iters=8
21:36:27 [INFO] [PROG] s*=5.37/5.84 (92.0%) dist_goal=0.35
21:36:27 [INFO] [MPC] state=(-1.85,+3.85,+3.02) wp0=(-1.85,+3.90) v=+0.030 ω=-0.001 ok=True iters=8
21:36:27 [INFO] [PROG] s*=5.37/5.84 (92.0%) dist_goal=0.35
21:36:27 [INFO] [MPC] state=(-1.86,+3.85,+3.02) wp0=(-1.85,+3.90) v=+0.030 ω=-0.003 ok=True iters=8
21:36:27 [INFO] [PROG] s*=5.37/5.84 (92.0%) dist_goal=0.35
21:36:27 [INFO] [MPC] state=(-1.86,+3.85,+3.02) wp0=(-1.85,+3.90) v=+0.030 ω=-0.027 ok=True iters=8
21:36:27 [INFO] [PROG] s*=5.37/5.84 (92.0%) dist_goal=0.35
21:36:27 [INFO] [MPC] state=(-1.86,+3.85,+3.02) wp0=(-1.85,+3.90) v=+0.030 ω=-0.020 ok=True iters=8
21:36:27 [INFO] [PROG] s*=5.37/5.84 (92.0%) dist_goal=0.34
21:36:27 [INFO] [MPC] state=(-1.86,+3.85,+3.02) wp0=(-1.85,+3.90) v=+0.030 ω=-0.017 ok=True iters=8
21:36:27 [INFO] [PROG] s*=5.38/5.84 (92.0%) dist_goal=0.34
21:36:27 [INFO] [MPC] state=(-1.87,+3.85,+3.02) wp0=(-1.85,+3.91) v=+0.030 ω=-0.015 ok=True iters=8
21:36:27 [INFO] [PROG] s*=5.38/5.84 (92.0%) dist_goal=0.34
21:36:27 [INFO] [MPC] state=(-1.87,+3.86,+3.01) wp0=(-1.85,+3.91) v=+0.030 ω=-0.015 ok=True iters=8
21:36:27 [INFO] [PROG] s*=5.38/5.84 (92.0%) dist_goal=0.34
21:36:27 [INFO] [MPC] state=(-1.87,+3.86,+3.01) wp0=(-1.85,+3.91) v=+0.030 ω=-0.015 ok=True iters=8
21:36:27 [INFO] [PROG] s*=5.38/5.84 (92.0%) dist_goal=0.33
21:36:27 [INFO] [MPC] state=(-1.88,+3.86,+3.01) wp0=(-1.85,+3.91) v=+0.030 ω=-0.015 ok=True iters=8
21:36:27 [INFO] [PROG] s*=5.38/5.84 (92.0%) dist_goal=0.33
21:36:27 [INFO] [MPC] state=(-1.88,+3.86,+3.01) wp0=(-1.85,+3.91) v=+0.030 ω=-0.017 ok=True iters=8
21:36:27 [INFO] [PROG] s*=5.38/5.84 (92.1%) dist_goal=0.33
21:36:27 [INFO] [MPC] state=(-1.88,+3.86,+3.01) wp0=(-1.85,+3.91) v=+0.030 ω=-0.018 ok=True iters=8
21:36:27 [INFO] [PROG] s*=5.38/5.84 (92.1%) dist_goal=0.33
21:36:27 [INFO] [MPC] state=(-1.88,+3.86,+3.01) wp0=(-1.85,+3.91) v=+0.030 ω=-0.020 ok=True iters=8
21:36:27 [INFO] [PROG] s*=5.38/5.84 (92.1%) dist_goal=0.32
21:36:27 [INFO] [MPC] state=(-1.89,+3.86,+3.00) wp0=(-1.85,+3.91) v=+0.030 ω=-0.025 ok=True iters=8
21:36:27 [INFO] [PROG] s*=5.38/5.84 (92.1%) dist_goal=0.32
21:36:27 [INFO] [MPC] state=(-1.89,+3.86,+3.00) wp0=(-1.85,+3.91) v=+0.030 ω=-0.031 ok=True iters=8
21:36:27 [INFO] [PROG] s*=5.38/5.84 (92.1%) dist_goal=0.32
21:36:27 [INFO] [MPC] state=(-1.89,+3.86,+3.00) wp0=(-1.85,+3.91) v=+0.030 ω=-0.038 ok=True iters=8
21:36:27 [INFO] [PROG] s*=5.38/5.84 (92.1%) dist_goal=0.32
21:36:27 [INFO] [MPC] state=(-1.90,+3.86,+3.00) wp0=(-1.85,+3.91) v=+0.030 ω=-0.036 ok=True iters=8
21:36:27 [INFO] [PROG] s*=5.38/5.84 (92.1%) dist_goal=0.31
21:36:27 [INFO] [MPC] state=(-1.90,+3.86,+2.99) wp0=(-1.85,+3.91) v=+0.030 ω=-0.033 ok=True iters=8
21:36:27 [INFO] [PROG] s*=5.38/5.84 (92.1%) dist_goal=0.31
21:36:27 [INFO] [MPC] state=(-1.90,+3.86,+2.99) wp0=(-1.85,+3.91) v=+0.030 ω=-0.032 ok=True iters=8
21:36:27 [INFO] [PROG] s*=5.38/5.84 (92.1%) dist_goal=0.31
21:36:27 [INFO] [MPC] state=(-1.90,+3.86,+2.99) wp0=(-1.85,+3.91) v=+0.030 ω=-0.032 ok=True iters=8
21:36:27 [INFO] [PROG] s*=5.38/5.84 (92.1%) dist_goal=0.31
21:36:27 [INFO] [MPC] state=(-1.91,+3.86,+2.98) wp0=(-1.85,+3.91) v=+0.030 ω=-0.034 ok=True iters=8
21:36:27 [INFO] [PROG] s*=5.38/5.84 (92.1%) dist_goal=0.30
21:36:27 [INFO] [MPC] state=(-1.91,+3.86,+2.98) wp0=(-1.85,+3.91) v=+0.030 ω=-0.036 ok=True iters=8
21:36:27 [INFO] [PROG] s*=5.38/5.84 (92.1%) dist_goal=0.30
21:36:27 [INFO] [MPC] state=(-1.91,+3.86,+2.98) wp0=(-1.85,+3.91) v=+0.030 ω=-0.039 ok=True iters=8
21:36:27 [INFO] [PROG] s*=5.38/5.84 (92.1%) dist_goal=0.30
21:36:27 [INFO] [MPC] state=(-1.92,+3.86,+2.97) wp0=(-1.85,+3.91) v=+0.030 ω=-0.024 ok=True iters=8
21:36:27 [INFO] [PROG] s*=5.38/5.84 (92.2%) dist_goal=0.29
21:36:27 [INFO] [MPC] state=(-1.92,+3.86,+2.97) wp0=(-1.85,+3.91) v=+0.030 ω=-0.034 ok=True iters=8
21:36:27 [INFO] [PROG] s*=5.38/5.84 (92.2%) dist_goal=0.29
21:36:27 [INFO] [MPC] state=(-1.92,+3.86,+2.97) wp0=(-1.85,+3.91) v=+0.030 ω=-0.043 ok=True iters=8
21:36:27 [INFO] [PROG] s*=5.38/5.84 (92.2%) dist_goal=0.29
21:36:27 [INFO] [MPC] state=(-1.92,+3.86,+2.96) wp0=(-1.85,+3.91) v=+0.030 ω=-0.078 ok=True iters=8
21:36:27 [INFO] [PROG] s*=5.39/5.84 (92.2%) dist_goal=0.29
21:36:27 [INFO] [MPC] state=(-1.93,+3.86,+2.95) wp0=(-1.85,+3.92) v=+0.030 ω=-0.079 ok=True iters=8
21:36:27 [INFO] [PROG] s*=5.39/5.84 (92.2%) dist_goal=0.28
21:36:27 [INFO] [MPC] state=(-1.93,+3.87,+2.95) wp0=(-1.85,+3.92) v=+0.030 ω=-0.066 ok=True iters=8
21:36:27 [INFO] [PROG] s*=5.56/5.84 (95.1%) dist_goal=0.28
21:36:27 [INFO] [MPC] state=(-1.93,+3.87,+2.94) wp0=(-1.99,+3.95) v=+0.030 ω=-0.054 ok=True iters=8
21:36:27 [INFO] [PROG] s*=5.56/5.84 (95.2%) dist_goal=0.28
21:36:27 [INFO] [MPC] state=(-1.94,+3.87,+2.93) wp0=(-1.99,+3.95) v=+0.030 ω=-0.483 ok=True iters=9
21:36:27 [INFO] [PROG] s*=5.56/5.84 (95.2%) dist_goal=0.28
21:36:27 [INFO] [MPC] state=(-1.94,+3.87,+2.89) wp0=(-1.99,+3.95) v=+0.030 ω=-0.565 ok=True iters=10
21:36:27 [INFO] [PROG] s*=5.57/5.84 (95.3%) dist_goal=0.27
21:36:27 [INFO] [MPC] state=(-1.94,+3.87,+2.83) wp0=(-2.00,+3.95) v=+0.030 ω=-0.630 ok=True iters=11
21:36:27 [INFO] [PROG] s*=5.57/5.84 (95.3%) dist_goal=0.27
21:36:27 [INFO] [MPC] state=(-1.95,+3.87,+2.76) wp0=(-2.00,+3.95) v=+0.030 ω=-1.447 ok=True iters=12
21:36:27 [INFO] [PROG] s*=5.57/5.84 (95.4%) dist_goal=0.26
21:36:27 [INFO] [MPC] state=(-1.95,+3.87,+2.62) wp0=(-2.00,+3.95) v=+0.030 ω=-1.375 ok=True iters=10
21:36:27 [INFO] [PROG] s*=5.58/5.84 (95.5%) dist_goal=0.26
21:36:27 [INFO] [MPC] state=(-1.95,+3.87,+2.48) wp0=(-2.01,+3.95) v=+0.066 ω=-1.054 ok=True iters=10
21:36:27 [INFO] [PROG] s*=5.58/5.84 (95.6%) dist_goal=0.25
21:36:27 [INFO] [MPC] state=(-1.96,+3.88,+2.37) wp0=(-2.01,+3.95) v=+0.064 ω=-0.919 ok=True iters=9
21:36:27 [INFO] [PROG] s*=5.59/5.84 (95.6%) dist_goal=0.24
21:36:27 [INFO] [MPC] state=(-1.96,+3.88,+2.28) wp0=(-2.02,+3.95) v=+0.063 ω=-0.692 ok=True iters=9
21:36:27 [INFO] [PROG] s*=5.59/5.84 (95.7%) dist_goal=0.24
21:36:27 [INFO] [MPC] state=(-1.97,+3.89,+2.21) wp0=(-2.02,+3.95) v=+0.061 ω=-0.464 ok=True iters=8
21:36:27 [INFO] [PROG] s*=5.59/5.84 (95.8%) dist_goal=0.23
21:36:27 [INFO] [MPC] state=(-1.97,+3.89,+2.16) wp0=(-2.02,+3.95) v=+0.059 ω=-0.310 ok=True iters=8
21:36:27 [INFO] [PROG] s*=5.60/5.84 (95.8%) dist_goal=0.23
21:36:27 [INFO] [MPC] state=(-1.97,+3.90,+2.13) wp0=(-2.03,+3.95) v=+0.058 ω=-0.175 ok=True iters=8
21:36:27 [INFO] [PROG] s*=5.60/5.84 (95.9%) dist_goal=0.22
21:36:27 [INFO] [MPC] state=(-1.98,+3.91,+2.11) wp0=(-2.03,+3.95) v=+0.056 ω=-0.135 ok=True iters=8
21:36:27 [INFO] [PROG] s*=5.60/5.84 (95.9%) dist_goal=0.21
21:36:27 [INFO] [MPC] state=(-1.98,+3.91,+2.10) wp0=(-2.03,+3.95) v=+0.055 ω=-0.103 ok=True iters=8
21:36:27 [INFO] [PROG] s*=5.61/5.84 (96.0%) dist_goal=0.21
21:36:27 [INFO] [MPC] state=(-1.98,+3.91,+2.09) wp0=(-2.04,+3.95) v=+0.054 ω=-0.077 ok=True iters=8
21:36:27 [INFO] [PROG] s*=5.61/5.84 (96.0%) dist_goal=0.20
21:36:27 [INFO] [MPC] state=(-1.99,+3.92,+2.08) wp0=(-2.04,+3.95) v=+0.052 ω=+0.053 ok=True iters=8
21:36:27 [INFO] [PROG] s*=5.61/5.84 (96.1%) dist_goal=0.20
21:36:27 [INFO] [MPC] state=(-1.99,+3.92,+2.09) wp0=(-2.04,+3.95) v=+0.051 ω=+0.080 ok=True iters=8
21:36:27 [INFO] [PROG] s*=5.61/5.84 (96.1%) dist_goal=0.20
21:36:27 [INFO] [MPC] state=(-1.99,+3.93,+2.09) wp0=(-2.04,+3.95) v=+0.050 ω=+0.093 ok=True iters=8
21:36:27 [INFO] [PROG] s*=5.62/5.84 (96.1%) dist_goal=0.19
21:36:27 [INFO] [MPC] state=(-1.99,+3.93,+2.10) wp0=(-2.05,+3.95) v=+0.049 ω=+0.096 ok=True iters=8
21:36:27 [INFO] [PROG] s*=5.62/5.84 (96.2%) dist_goal=0.19
21:36:27 [INFO] [MPC] state=(-2.00,+3.94,+2.11) wp0=(-2.05,+3.95) v=+0.048 ω=+0.097 ok=True iters=8
21:36:27 [INFO] [PROG] s*=5.62/5.84 (96.2%) dist_goal=0.18
21:36:27 [INFO] [MPC] state=(-2.00,+3.94,+2.12) wp0=(-2.05,+3.95) v=+0.047 ω=+0.094 ok=True iters=8
21:36:27 [INFO] [PROG] s*=5.62/5.84 (96.3%) dist_goal=0.18
21:36:27 [INFO] [MPC] state=(-2.00,+3.94,+2.13) wp0=(-2.05,+3.95) v=+0.046 ω=+0.091 ok=True iters=8
21:36:27 [INFO] [PROG] s*=5.63/5.84 (96.3%) dist_goal=0.17
21:36:27 [INFO] [MPC] state=(-2.00,+3.95,+2.14) wp0=(-2.05,+3.95) v=+0.045 ω=+0.088 ok=True iters=8
21:36:27 [INFO] [PROG] s*=5.63/5.84 (96.4%) dist_goal=0.17
21:36:27 [INFO] [MPC] state=(-2.01,+3.95,+2.15) wp0=(-2.06,+3.96) v=+0.043 ω=+0.096 ok=True iters=8
21:36:27 [INFO] [PROG] s*=5.63/5.84 (96.4%) dist_goal=0.17
21:36:27 [INFO] [MPC] state=(-2.01,+3.96,+2.16) wp0=(-2.06,+3.96) v=+0.042 ω=+0.121 ok=True iters=9
21:36:27 [INFO] [PROG] s*=5.63/5.84 (96.4%) dist_goal=0.16
21:36:27 [INFO] [MPC] state=(-2.01,+3.96,+2.17) wp0=(-2.06,+3.96) v=+0.042 ω=+0.102 ok=True iters=9
21:36:27 [INFO] [PROG] s*=5.64/5.84 (96.5%) dist_goal=0.16
21:36:27 [INFO] [MPC] state=(-2.01,+3.96,+2.18) wp0=(-2.06,+3.96) v=+0.041 ω=+0.087 ok=True iters=9
21:36:27 [INFO] [PROG] s*=5.64/5.84 (96.5%) dist_goal=0.15
21:36:27 [INFO] [MPC] state=(-2.02,+3.97,+2.19) wp0=(-2.06,+3.96) v=+0.040 ω=+0.070 ok=True iters=9
21:36:27 [INFO] [PROG] s*=5.64/5.84 (96.6%) dist_goal=0.15
21:36:27 [INFO] [MPC] state=(-2.02,+3.97,+2.20) wp0=(-2.06,+3.96) v=+0.039 ω=+0.064 ok=True iters=9
21:36:27 [INFO] [PROG] s*=5.64/5.84 (96.6%) dist_goal=0.15
21:36:27 [INFO] [MPC] state=(-2.02,+3.97,+2.21) wp0=(-2.07,+3.97) v=+0.038 ω=+0.057 ok=True iters=9
21:36:27 [INFO] [PROG] s*=5.64/5.84 (96.6%) dist_goal=0.14
21:36:27 [INFO] [MPC] state=(-2.02,+3.97,+2.21) wp0=(-2.07,+3.97) v=+0.037 ω=+0.053 ok=True iters=9
21:36:27 [INFO] [PROG] s*=5.65/5.84 (96.7%) dist_goal=0.14
21:36:27 [INFO] [MPC] state=(-2.02,+3.98,+2.22) wp0=(-2.07,+3.97) v=+0.036 ω=+0.049 ok=True iters=9
21:36:27 [INFO] [PROG] s*=5.65/5.84 (96.7%) dist_goal=0.14
21:36:27 [INFO] [MPC] state=(-2.03,+3.98,+2.22) wp0=(-2.07,+3.97) v=+0.035 ω=+0.041 ok=True iters=9
21:36:27 [INFO] [PROG] s*=5.65/5.84 (96.7%) dist_goal=0.13
21:36:27 [INFO] [MPC] state=(-2.03,+3.98,+2.23) wp0=(-2.07,+3.97) v=+0.034 ω=+0.045 ok=True iters=9
21:36:27 [INFO] [PROG] s*=5.65/5.84 (96.8%) dist_goal=0.13
21:36:27 [INFO] [MPC] state=(-2.03,+3.99,+2.23) wp0=(-2.07,+3.97) v=+0.034 ω=+0.045 ok=True iters=10
21:36:27 [INFO] [PROG] s*=5.69/5.84 (97.4%) dist_goal=0.13
21:36:27 [INFO] [MPC] state=(-2.03,+3.99,+2.24) wp0=(-2.10,+4.00) v=+0.033 ω=+0.047 ok=True iters=10
21:36:27 [INFO] [PROG] s*=5.69/5.84 (97.4%) dist_goal=0.13
21:36:27 [INFO] [MPC] state=(-2.04,+3.99,+2.24) wp0=(-2.10,+4.00) v=+0.032 ω=+0.045 ok=True iters=10
21:36:27 [INFO] [PROG] s*=5.69/5.84 (97.5%) dist_goal=0.12
21:36:27 [INFO] [MPC] state=(-2.04,+3.99,+2.25) wp0=(-2.10,+4.00) v=+0.031 ω=+0.063 ok=True iters=10
21:36:27 [INFO] [PROG] s*=5.70/5.84 (97.5%) dist_goal=0.12
21:36:27 [INFO] [MPC] state=(-2.04,+4.00,+2.25) wp0=(-2.11,+4.01) v=+0.031 ω=+0.060 ok=True iters=10
21:36:27 [INFO] [PROG] s*=5.70/5.84 (97.6%) dist_goal=0.12
21:36:27 [INFO] [MPC] state=(-2.04,+4.00,+2.26) wp0=(-2.11,+4.01) v=+0.030 ω=+0.056 ok=True iters=10
21:36:27 [INFO] [PROG] s*=5.70/5.84 (97.6%) dist_goal=0.11
21:36:27 [INFO] [MPC] state=(-2.04,+4.00,+2.26) wp0=(-2.11,+4.01) v=+0.030 ω=+0.044 ok=True iters=10
21:36:27 [INFO] [PROG] s*=5.71/5.84 (97.7%) dist_goal=0.11
21:36:27 [INFO] [MPC] state=(-2.05,+4.00,+2.27) wp0=(-2.11,+4.01) v=+0.030 ω=+0.035 ok=True iters=10
21:36:27 [INFO] [PROG] s*=5.71/5.84 (97.7%) dist_goal=0.11
21:36:27 [INFO] [MPC] state=(-2.05,+4.00,+2.27) wp0=(-2.11,+4.01) v=+0.030 ω=+0.029 ok=True iters=10
21:36:27 [INFO] [PROG] s*=5.71/5.84 (97.8%) dist_goal=0.11
21:36:27 [INFO] [MPC] state=(-2.05,+4.01,+2.28) wp0=(-2.12,+4.02) v=+0.030 ω=+0.027 ok=True iters=11
21:36:27 [INFO] [PROG] s*=5.72/5.84 (97.8%) dist_goal=0.10
21:36:27 [INFO] [MPC] state=(-2.05,+4.01,+2.28) wp0=(-2.12,+4.02) v=+0.030 ω=+0.023 ok=True iters=10
21:36:27 [INFO] [PROG] s*=5.72/5.84 (97.9%) dist_goal=0.10
21:36:27 [INFO] [MPC] state=(-2.05,+4.01,+2.28) wp0=(-2.12,+4.02) v=+0.030 ω=+0.023 ok=True iters=10
21:36:27 [INFO] [PROG] s*=5.72/5.84 (97.9%) dist_goal=0.10
21:36:27 [INFO] [MPC] state=(-2.06,+4.01,+2.28) wp0=(-2.12,+4.02) v=+0.030 ω=+0.022 ok=True iters=11
